9.421390958322745091e-01	4.079724883170703364e+00	0.000000000000000000e+00
8.916751403430293044e-01	2.937943799072507023e+00	0.000000000000000000e+00
5.186710719379775680e-01	3.808316840339604603e+00	0.000000000000000000e+00
1.443372715698039155e-01	4.502048210244765869e+00	0.000000000000000000e+00
7.740640336440073321e-01	3.636280714103094613e+00	0.000000000000000000e+00
6.747511074370549089e-03	5.169767132722475012e+00	0.000000000000000000e+00
8.527787045076342665e-01	2.629059685867581209e+00	0.000000000000000000e+00
6.989336292339008994e-01	3.206368960490114883e+00	0.000000000000000000e+00
4.085175032272216900e-01	3.826532819318829493e+00	0.000000000000000000e+00
5.087428554590565088e-01	3.964847391911237029e+00	0.000000000000000000e+00
9.358082524690859438e-01	4.191716086148485232e+00	0.000000000000000000e+00
8.126656905996169078e-01	3.530687655421538729e+00	0.000000000000000000e+00
1.925190387533699532e-01	4.770491700256156875e+00	0.000000000000000000e+00
2.171900991191837438e-01	4.071743500067858790e+00	0.000000000000000000e+00
9.464436630273733719e-01	4.334715569554062675e+00	0.000000000000000000e+00
1.551790823553489407e-02	4.024794488159855632e+00	0.000000000000000000e+00
3.653349461409731713e-01	5.171079622066553583e+00	0.000000000000000000e+00
3.534085248915580513e-01	4.955401409507628863e+00	0.000000000000000000e+00
8.209426817933025422e-01	2.855087359092763233e+00	0.000000000000000000e+00
1.083708855953656736e-01	4.580310276614949494e+00	0.000000000000000000e+00
6.561612912792178509e-01	2.699545953555668287e+00	0.000000000000000000e+00
7.054258474897371345e-01	3.615044407669415705e+00	0.000000000000000000e+00
3.074311413097470247e-01	4.184435147872023641e+00	0.000000000000000000e+00
7.105036634380186289e-01	4.322309945158304245e+00	0.000000000000000000e+00
7.959090580056675801e-01	3.787718478318903959e+00	0.000000000000000000e+00
4.383883684748766107e-01	3.773155431228544021e+00	0.000000000000000000e+00
5.753695050694630497e-01	3.773267710562856703e+00	0.000000000000000000e+00
3.388092958730510862e-01	4.743772167903190784e+00	0.000000000000000000e+00
3.142776285283191973e-01	4.454274590111301002e+00	0.000000000000000000e+00
1.405158065904286158e-01	4.791651008029164771e+00	0.000000000000000000e+00
7.658537135039987787e-01	4.615555426354579716e+00	0.000000000000000000e+00
6.086572491251797112e-01	3.489063947917454556e+00	0.000000000000000000e+00
7.480285426246409131e-01	4.822121506081701980e+00	0.000000000000000000e+00
7.712198200338503673e-01	3.602500969242356188e+00	0.000000000000000000e+00
4.122610227896406077e-02	5.098240581807356619e+00	0.000000000000000000e+00
1.778378866226422161e-01	4.071338985615834183e+00	0.000000000000000000e+00
1.426387764240227840e-01	4.562557374448828362e+00	0.000000000000000000e+00
6.803647468425284561e-01	2.973217699418014170e+00	0.000000000000000000e+00
6.261633315733717842e-01	3.255786606220570700e+00	0.000000000000000000e+00
4.008768883575617448e-01	3.729406864303951963e+00	0.000000000000000000e+00
8.480951572348716105e-01	3.110583893812823408e+00	0.000000000000000000e+00
3.906021134483629309e-01	3.856034282849020833e+00	0.000000000000000000e+00
9.354910719424758270e-01	3.710748158876491676e+00	0.000000000000000000e+00
4.672997641454849083e-01	3.459388298225384517e+00	0.000000000000000000e+00
4.475149563490571358e-01	3.318435776093644485e+00	0.000000000000000000e+00
1.847248594486783357e-02	4.943223513767954991e+00	0.000000000000000000e+00
1.851761257820617734e-01	4.142870757276359228e+00	0.000000000000000000e+00
3.452139089700339003e-01	4.573790178734958189e+00	0.000000000000000000e+00
7.391309397991493446e-01	3.280283221607995348e+00	0.000000000000000000e+00
2.912763174934568378e-01	4.409357755135561163e+00	0.000000000000000000e+00
4.792587270910546593e-01	3.495377210500637322e+00	0.000000000000000000e+00
4.214731758022783881e-01	3.850134786778783624e+00	0.000000000000000000e+00
9.153190426840537297e-01	3.654520719483379754e+00	0.000000000000000000e+00
7.659202605499000338e-01	4.569665797248126715e+00	0.000000000000000000e+00
2.842734618798676838e-01	3.620296355815324496e+00	0.000000000000000000e+00
6.189317571811185914e-01	3.631806525819884168e+00	0.000000000000000000e+00
9.150165951946062082e-01	3.837617004384974440e+00	0.000000000000000000e+00
8.928653893486755422e-01	3.244485674099141903e+00	0.000000000000000000e+00
4.410446435037571611e-01	3.546328002063109608e+00	0.000000000000000000e+00
4.971179055867632757e-01	2.549731040401876481e+00	0.000000000000000000e+00
4.771830504188958599e-01	3.223127328428982086e+00	0.000000000000000000e+00
8.643203211731014246e-01	2.779892991364986798e+00	0.000000000000000000e+00
9.181871506825913798e-01	3.785293273899950073e+00	0.000000000000000000e+00
4.891103444216265972e-01	3.043526045826134396e+00	0.000000000000000000e+00
5.399339609936152362e-01	4.363986257356641474e+00	0.000000000000000000e+00
5.731249668238361794e-01	3.964688441402760333e+00	0.000000000000000000e+00
8.137133729867321863e-01	2.921098475474985356e+00	0.000000000000000000e+00
3.809997022915935228e-01	3.590452572154062771e+00	0.000000000000000000e+00
6.992888805090494708e-01	3.045038766822714571e+00	0.000000000000000000e+00
7.454573728197452231e-01	4.229711149886318466e+00	0.000000000000000000e+00
5.316353725939397812e-01	3.953652724227764814e+00	0.000000000000000000e+00
6.506083499024134520e-01	2.086507209334068413e+00	0.000000000000000000e+00
3.769997832817574279e-01	4.796780443273956251e+00	0.000000000000000000e+00
1.375144688366564116e-01	4.540599079818282036e+00	0.000000000000000000e+00
5.582332928869968569e-01	4.552119259451458788e+00	0.000000000000000000e+00
1.927083251690818733e-01	4.030672326912129400e+00	0.000000000000000000e+00
8.872133245434740134e-01	2.877333370394019596e+00	0.000000000000000000e+00
8.882306102488617405e-01	3.070448699218944366e+00	0.000000000000000000e+00
7.556140002777964604e-01	3.895909865882842826e+00	0.000000000000000000e+00
2.593766468452334273e-01	4.251509042637528601e+00	0.000000000000000000e+00
2.883447294220923274e-01	3.993971508852614427e+00	0.000000000000000000e+00
6.124923610257816398e-01	3.158374000131599857e+00	0.000000000000000000e+00
8.469602549511312528e-02	4.762396312830711409e+00	0.000000000000000000e+00
7.315666406436671654e-02	3.755973220190397477e+00	0.000000000000000000e+00
8.869326218922469751e-01	2.865290098260306006e+00	0.000000000000000000e+00
7.059151470056709288e-01	4.017573475679520278e+00	0.000000000000000000e+00
3.292307119201465238e-01	4.363465043693592449e+00	0.000000000000000000e+00
4.278575876055942251e-01	4.341203937865095064e+00	0.000000000000000000e+00
9.410829946317386119e-01	4.465021269337709597e+00	0.000000000000000000e+00
2.288824855731168562e-01	3.592754850895261143e+00	0.000000000000000000e+00
9.633240370123552498e-01	4.985196717841978931e+00	0.000000000000000000e+00
8.162456987335934278e-01	3.022171938666104118e+00	0.000000000000000000e+00
5.146211663824814542e-01	4.136409078219563717e+00	0.000000000000000000e+00
7.038605263438413306e-01	2.750770387188465005e+00	0.000000000000000000e+00
2.566615610289760818e-01	3.966627439860087811e+00	0.000000000000000000e+00
9.759094033855044703e-01	3.529878273625564056e+00	0.000000000000000000e+00
4.996450989888986394e-01	3.930885431172786326e+00	0.000000000000000000e+00
6.445725323464112089e-01	3.440810996938143962e+00	0.000000000000000000e+00
7.339588744419999200e-01	3.787939855303575687e+00	0.000000000000000000e+00
9.518232522007109564e-01	4.225810000754004925e+00	0.000000000000000000e+00
8.372451699103939937e-01	3.778841368439886494e+00	0.000000000000000000e+00
1.462214297138058061e-01	4.681783002460692344e+00	0.000000000000000000e+00
4.238250009575005306e-01	3.923349753728324174e+00	0.000000000000000000e+00
9.339128133202703186e-01	4.107820813493567869e+00	0.000000000000000000e+00
9.946384485908515982e-01	4.208974813069185750e+00	0.000000000000000000e+00
4.540610077850785187e-01	4.293027190155134676e+00	0.000000000000000000e+00
4.794561594615783795e-01	3.438119363730566036e+00	0.000000000000000000e+00
2.044224016339604155e-01	5.066566702078046269e+00	0.000000000000000000e+00
3.962068657150366047e-01	3.395432163371353340e+00	0.000000000000000000e+00
6.132863664668102288e-01	3.102955031004790865e+00	0.000000000000000000e+00
3.203736532335688114e-01	4.679892154939646609e+00	0.000000000000000000e+00
5.072356445026358074e-01	3.687816414804894194e+00	0.000000000000000000e+00
9.554722108066124875e-01	4.448715106979140188e+00	0.000000000000000000e+00
8.451776091016124370e-01	2.323449016776634846e+00	0.000000000000000000e+00
9.040281208388062373e-01	2.598966519247234430e+00	0.000000000000000000e+00
4.535680304695625109e-01	3.032586155690540686e+00	0.000000000000000000e+00
5.629526138452233264e-01	4.088507976377553810e+00	0.000000000000000000e+00
1.545075816671093172e-01	5.263497652330781484e+00	0.000000000000000000e+00
3.036733336511868719e-01	3.637928851057189217e+00	0.000000000000000000e+00
1.875436117129475333e-01	4.764446397933633115e+00	0.000000000000000000e+00
1.775539125878966562e-02	5.102931642400845291e+00	0.000000000000000000e+00
2.434267676015861026e-01	5.215108133997743423e+00	0.000000000000000000e+00
2.300281031190154479e-02	5.076320573745872977e+00	0.000000000000000000e+00
7.242070276182072108e-01	3.315682704906048883e+00	0.000000000000000000e+00
7.746872139238977217e-01	4.105798433492411803e+00	0.000000000000000000e+00
4.458985476270390658e-01	3.756390323878323834e+00	0.000000000000000000e+00
5.203703984111818226e-01	3.535022254932003172e+00	0.000000000000000000e+00
8.423832972475250314e-01	2.145232666021537060e+00	0.000000000000000000e+00
2.915223107309000694e-01	3.817847178901518923e+00	0.000000000000000000e+00
2.836700429076506325e-01	4.054866265797427261e+00	0.000000000000000000e+00
2.315740460360148356e-01	4.055716316832684853e+00	0.000000000000000000e+00
1.790061630091861478e-01	4.775730599734806070e+00	0.000000000000000000e+00
8.424096277601733629e-02	4.336485490014788446e+00	0.000000000000000000e+00
6.275697207481586437e-01	3.155024483498305443e+00	0.000000000000000000e+00
2.703191847072341503e-01	4.905098123023080348e+00	0.000000000000000000e+00
4.896925410185104521e-01	4.166594564242674714e+00	0.000000000000000000e+00
6.393361238635004717e-01	3.033790345021034174e+00	0.000000000000000000e+00
1.453132875380886979e-01	5.144382690176139583e+00	0.000000000000000000e+00
4.375981998395178652e-01	3.667015663641975731e+00	0.000000000000000000e+00
9.470364054546626109e-01	3.799912144789823643e+00	0.000000000000000000e+00
8.024329043677402851e-02	5.255665480234500642e+00	0.000000000000000000e+00
2.956111785699241379e-01	4.340189638928461768e+00	0.000000000000000000e+00
8.765233956572910934e-01	3.078513148754706386e+00	0.000000000000000000e+00
8.859919918356810031e-01	3.698889806879942732e+00	0.000000000000000000e+00
6.432753151691625870e-01	3.318135216883614014e+00	0.000000000000000000e+00
3.777595349983614570e-01	3.826477334891873472e+00	0.000000000000000000e+00
4.767401454222148782e-01	2.508841970766780616e+00	0.000000000000000000e+00
3.710646172190285030e-01	4.337748335812775302e+00	0.000000000000000000e+00
5.901419664748974725e-01	4.627281557759674868e+00	0.000000000000000000e+00
8.106743723404100654e-01	3.108214424476996030e+00	0.000000000000000000e+00
3.358581060444075783e-01	4.272477882556080075e+00	0.000000000000000000e+00
3.213965884922094229e-01	4.367414464362415316e+00	0.000000000000000000e+00
5.090192250306040389e-01	4.486365558852275726e+00	0.000000000000000000e+00
1.436185624431182140e-01	4.503630370845624675e+00	0.000000000000000000e+00
3.406053569696023686e-01	4.849815204228061560e+00	0.000000000000000000e+00
2.239254268324448738e-01	4.809240350758657634e+00	0.000000000000000000e+00
3.457247198922238640e-01	3.888927874105254645e+00	0.000000000000000000e+00
8.688780103378994646e-01	2.143895090982140594e+00	0.000000000000000000e+00
5.030333211110431524e-01	3.634721281519169178e+00	0.000000000000000000e+00
8.438037668240165878e-01	2.540741425152231781e+00	0.000000000000000000e+00
6.676726799298449144e-01	2.102738426345386102e+00	0.000000000000000000e+00
2.047499165463028126e-01	4.647445581684820581e+00	0.000000000000000000e+00
9.862045997807785680e-01	2.469331830763821234e+00	0.000000000000000000e+00
5.327192244634770812e-01	3.648300847964891069e+00	0.000000000000000000e+00
6.735034573242965061e-01	2.883426767200945484e+00	0.000000000000000000e+00
6.465663208733942735e-01	3.453515724642189255e+00	0.000000000000000000e+00
7.369239587126830138e-02	5.154185281437712263e+00	0.000000000000000000e+00
4.177019566614608159e-01	3.584253568023994863e+00	0.000000000000000000e+00
1.186779580775334519e-01	5.481191870244846776e+00	0.000000000000000000e+00
9.941099090458259679e-01	3.103581104910646982e+00	0.000000000000000000e+00
5.139864120882667864e-01	4.233043354349940834e+00	0.000000000000000000e+00
7.254406901439739430e-01	4.078154499791269316e+00	0.000000000000000000e+00
5.297230978391715972e-01	4.288829017511424979e+00	0.000000000000000000e+00
5.536137391443211042e-01	4.235239076268837444e+00	0.000000000000000000e+00
4.089989384087755475e-01	4.374531328241344497e+00	0.000000000000000000e+00
3.423433218847466986e-01	4.006731303949816692e+00	0.000000000000000000e+00
9.584799757354964811e-01	4.058161197142567289e+00	0.000000000000000000e+00
7.803400330498050375e-01	3.919616257347107613e+00	0.000000000000000000e+00
7.889724409404268446e-01	3.788602803328447788e+00	0.000000000000000000e+00
2.889356018488021816e-01	3.915625869988505592e+00	0.000000000000000000e+00
7.389412181380384803e-01	4.288977376859678614e+00	0.000000000000000000e+00
3.419924972546241060e-01	4.573336152808417765e+00	0.000000000000000000e+00
3.417925347656493029e-01	4.649464080563426194e+00	0.000000000000000000e+00
9.345766106601778311e-01	4.170477215668195292e+00	0.000000000000000000e+00
8.833235555922829274e-01	3.224450331706438799e+00	0.000000000000000000e+00
2.596823111080105440e-01	3.592437473891648470e+00	0.000000000000000000e+00
3.396955304679852850e-01	4.345052100728954869e+00	0.000000000000000000e+00
3.677215588126497847e-01	4.661684358005280693e+00	0.000000000000000000e+00
4.164017157376559419e-01	3.027719548304595776e+00	0.000000000000000000e+00
3.229141452126899070e-01	3.833964780253561688e+00	0.000000000000000000e+00
1.023938188026429774e-01	5.037837103724972287e+00	0.000000000000000000e+00
9.895477882219037014e-01	3.522863592744591266e+00	0.000000000000000000e+00
1.436602497626744412e-01	5.055496616925446496e+00	0.000000000000000000e+00
2.465843620311135576e-01	4.430655332058015539e+00	0.000000000000000000e+00
1.555290509363147500e-01	4.267271946046451880e+00	0.000000000000000000e+00
1.039728727237930750e-01	4.665199681720594072e+00	0.000000000000000000e+00
3.735758403273173878e-01	4.496853993599470023e+00	0.000000000000000000e+00
2.382540083117538066e-01	3.926774079638780002e+00	0.000000000000000000e+00
4.607430501851501603e-01	3.308951475421655797e+00	0.000000000000000000e+00
5.672619009878457907e-01	3.446704633644312565e+00	0.000000000000000000e+00
