0.000000000000000000e+00	2.479590552654046931e+00	0.000000000000000000e+00
0.000000000000000000e+00	2.429045904604473893e+00	0.000000000000000000e+00
1.335565653197815818e-02	1.947635989586272487e+00	0.000000000000000000e+00
1.335565653197815818e-02	1.947635989586272487e+00	0.000000000000000000e+00
1.335565653197815818e-02	1.947635989586272487e+00	0.000000000000000000e+00
4.216238489301758763e-02	1.838060213355465100e+00	0.000000000000000000e+00
5.246616794131488126e-02	1.815586615488529398e+00	0.000000000000000000e+00
5.761345672207886237e-02	1.621327140945334477e+00	0.000000000000000000e+00
5.761345672207886237e-02	1.621327140945334477e+00	0.000000000000000000e+00
5.761345672207886237e-02	1.621327140945334477e+00	0.000000000000000000e+00
5.761345672207886237e-02	1.621327140945334477e+00	0.000000000000000000e+00
5.761345672207886237e-02	1.621327140945334477e+00	0.000000000000000000e+00
5.761345672207886237e-02	1.621327140945334477e+00	0.000000000000000000e+00
9.987409843462052850e-02	1.589659205950067378e+00	0.000000000000000000e+00
1.078890327908910152e-01	1.557176305762144830e+00	0.000000000000000000e+00
1.052173880054675242e-01	1.555687137839903089e+00	0.000000000000000000e+00
1.052173880054675242e-01	1.555687137839903089e+00	0.000000000000000000e+00
1.052173880054675242e-01	1.555687137839903089e+00	0.000000000000000000e+00
1.052173880054675242e-01	1.555687137839903089e+00	0.000000000000000000e+00
1.052173880054675242e-01	1.555687137839903089e+00	0.000000000000000000e+00
1.052173880054675242e-01	1.555687137839903089e+00	0.000000000000000000e+00
1.052173880054675242e-01	1.555687137839903089e+00	0.000000000000000000e+00
1.052173880054675242e-01	1.555687137839903089e+00	0.000000000000000000e+00
1.052173880054675242e-01	1.555687137839903089e+00	0.000000000000000000e+00
1.052173880054675242e-01	1.555687137839903089e+00	0.000000000000000000e+00
1.078890327908910152e-01	1.557176305762144830e+00	0.000000000000000000e+00
2.105598898519345230e-01	1.273797114322945179e+00	0.000000000000000000e+00
2.105598898519345230e-01	1.273797114322945179e+00	0.000000000000000000e+00
2.105598898519345230e-01	1.273797114322945179e+00	0.000000000000000000e+00
2.105598898519345230e-01	1.273797114322945179e+00	0.000000000000000000e+00
2.105598898519345230e-01	1.273797114322945179e+00	0.000000000000000000e+00
2.105598898519345230e-01	1.273797114322945179e+00	0.000000000000000000e+00
2.105598898519345230e-01	1.273797114322945179e+00	0.000000000000000000e+00
2.206160525253189064e-01	1.242117587754805408e+00	0.000000000000000000e+00
2.206160525253189064e-01	1.242117587754805408e+00	0.000000000000000000e+00
2.235391749392234562e-01	1.200958701047294630e+00	0.000000000000000000e+00
2.235391749392234562e-01	1.200958701047294630e+00	0.000000000000000000e+00
2.357909569353796031e-01	1.098991093222435378e+00	0.000000000000000000e+00
2.357909569353796031e-01	1.098991093222435378e+00	0.000000000000000000e+00
2.357909569353796031e-01	1.098991093222435378e+00	0.000000000000000000e+00
2.357909569353796031e-01	1.098991093222435378e+00	0.000000000000000000e+00
2.416372017631887026e-01	1.055854194562172665e+00	0.000000000000000000e+00
2.416372017631887026e-01	1.055854194562172665e+00	0.000000000000000000e+00
2.474834465909978021e-01	1.018503374887240964e+00	0.000000000000000000e+00
2.474834465909978021e-01	1.018503374887240964e+00	0.000000000000000000e+00
2.502312482568058716e-01	1.009716877342240471e+00	0.000000000000000000e+00
2.502312482568058716e-01	1.009716877342240471e+00	0.000000000000000000e+00
2.502312482568058716e-01	1.009716877342240471e+00	0.000000000000000000e+00
2.511471821454085429e-01	9.740495695861017822e-01	0.000000000000000000e+00
2.566427854770247374e-01	9.694582059946301733e-01	0.000000000000000000e+00
2.566427854770247374e-01	9.694582059946301733e-01	0.000000000000000000e+00
2.566427854770247374e-01	9.694582059946301733e-01	0.000000000000000000e+00
2.566427854770247374e-01	9.694582059946301733e-01	0.000000000000000000e+00
2.566427854770247374e-01	9.669808375633985875e-01	0.000000000000000000e+00
2.566427854770247374e-01	9.669808375633985875e-01	0.000000000000000000e+00
2.566427854770247374e-01	9.669808375633985875e-01	0.000000000000000000e+00
2.566427854770247374e-01	9.669808375633985875e-01	0.000000000000000000e+00
2.566427854770247374e-01	9.669808375633985875e-01	0.000000000000000000e+00
2.566427854770247374e-01	9.669808375633985875e-01	0.000000000000000000e+00
2.566427854770247374e-01	9.669808375633985875e-01	0.000000000000000000e+00
2.566427854770247374e-01	9.669808375633985875e-01	0.000000000000000000e+00
2.566427854770247374e-01	9.669808375633985875e-01	0.000000000000000000e+00
2.566427854770247374e-01	9.669808375633985875e-01	0.000000000000000000e+00
2.566427854770247374e-01	9.669808375633985875e-01	0.000000000000000000e+00
2.566427854770247374e-01	9.669808375633985875e-01	0.000000000000000000e+00
2.566427854770247374e-01	9.669808375633985875e-01	0.000000000000000000e+00
2.566427854770247374e-01	9.669808375633985875e-01	0.000000000000000000e+00
2.566427854770247374e-01	9.669808375633985875e-01	0.000000000000000000e+00
2.566427854770247374e-01	9.669808375633985875e-01	0.000000000000000000e+00
2.566427854770247374e-01	9.752003602395302728e-01	0.000000000000000000e+00
4.466831253422050008e-01	5.184269634171464469e-01	0.000000000000000000e+00
4.466831253422050008e-01	6.658999150867371819e-01	0.000000000000000000e+00
4.466831253422050008e-01	6.658999150867371819e-01	0.000000000000000000e+00
4.466831253422050008e-01	6.658999150867371819e-01	0.000000000000000000e+00
4.466831253422050008e-01	6.532354564126215957e-01	0.000000000000000000e+00
4.466831253422050008e-01	6.532354564126215957e-01	0.000000000000000000e+00
4.466831253422050008e-01	6.532354564126215957e-01	0.000000000000000000e+00
4.466831253422050008e-01	6.532354564126215957e-01	0.000000000000000000e+00
4.466831253422050008e-01	6.532354564126215957e-01	0.000000000000000000e+00
4.466831253422050008e-01	6.532354564126215957e-01	0.000000000000000000e+00
4.466831253422050008e-01	6.532354564126215957e-01	0.000000000000000000e+00
4.466831253422050008e-01	6.532354564126215957e-01	0.000000000000000000e+00
4.466831253422050008e-01	6.532354564126215957e-01	0.000000000000000000e+00
4.466831253422050008e-01	6.532354564126215957e-01	0.000000000000000000e+00
4.466831253422050008e-01	6.532354564126215957e-01	0.000000000000000000e+00
4.466831253422050008e-01	6.532354564126215957e-01	0.000000000000000000e+00
4.466831253422050008e-01	6.532354564126215957e-01	0.000000000000000000e+00
4.466831253422050008e-01	6.532354564126215957e-01	0.000000000000000000e+00
4.466831253422050008e-01	6.532354564126215957e-01	0.000000000000000000e+00
4.466831253422050008e-01	5.599154373739706481e-01	0.000000000000000000e+00
4.466831253422050008e-01	5.599154373739706481e-01	0.000000000000000000e+00
4.466831253422050008e-01	5.599154373739706481e-01	0.000000000000000000e+00
4.466831253422050008e-01	5.599154373739706481e-01	0.000000000000000000e+00
4.466831253422050008e-01	5.599154373739706481e-01	0.000000000000000000e+00
4.466831253422050008e-01	5.599154373739706481e-01	0.000000000000000000e+00
4.466831253422050008e-01	5.599154373739706481e-01	0.000000000000000000e+00
4.466831253422050008e-01	5.599154373739706481e-01	0.000000000000000000e+00
4.466831253422050008e-01	5.599154373739706481e-01	0.000000000000000000e+00
4.466831253422050008e-01	5.599154373739706481e-01	0.000000000000000000e+00
4.466831253422050008e-01	5.599154373739706481e-01	0.000000000000000000e+00
4.466831253422050008e-01	5.599154373739706481e-01	0.000000000000000000e+00
4.466831253422050008e-01	5.599154373739706481e-01	0.000000000000000000e+00
4.466831253422050008e-01	5.265708145764400605e-01	0.000000000000000000e+00
4.466831253422050008e-01	5.265708145764400605e-01	0.000000000000000000e+00
4.466831253422050008e-01	5.265708145764400605e-01	0.000000000000000000e+00
4.466831253422050008e-01	5.265708145764400605e-01	0.000000000000000000e+00
4.466831253422050008e-01	5.265708145764400605e-01	0.000000000000000000e+00
4.466831253422050008e-01	5.265708145764400605e-01	0.000000000000000000e+00
4.466831253422050008e-01	5.265708145764400605e-01	0.000000000000000000e+00
4.466831253422050008e-01	5.265708145764400605e-01	0.000000000000000000e+00
4.466831253422050008e-01	5.265708145764400605e-01	0.000000000000000000e+00
4.466831253422050008e-01	5.265708145764400605e-01	0.000000000000000000e+00
4.466831253422050008e-01	5.265708145764400605e-01	0.000000000000000000e+00
4.466831253422050008e-01	5.265708145764400605e-01	0.000000000000000000e+00
4.466831253422050008e-01	5.265708145764400605e-01	0.000000000000000000e+00
4.466831253422050008e-01	5.265708145764400605e-01	0.000000000000000000e+00
4.466831253422050008e-01	5.268681975638731529e-01	0.000000000000000000e+00
4.466831253422050008e-01	5.268681975638731529e-01	0.000000000000000000e+00
4.466831253422050008e-01	5.268681975638731529e-01	0.000000000000000000e+00
4.466831253422050008e-01	5.268681975638731529e-01	0.000000000000000000e+00
4.466831253422050008e-01	5.268681975638731529e-01	0.000000000000000000e+00
4.466831253422050008e-01	5.363704455366384849e-01	0.000000000000000000e+00
4.466831253422050008e-01	5.363704455366384849e-01	0.000000000000000000e+00
4.466831253422050008e-01	5.363704455366384849e-01	0.000000000000000000e+00
6.406655853657062805e-01	4.541516523184753740e-01	0.000000000000000000e+00
6.406655853657062805e-01	4.541516523184753740e-01	0.000000000000000000e+00
6.406655853657062805e-01	4.640008178668439953e-01	0.000000000000000000e+00
6.406655853657062805e-01	4.640008178668439953e-01	0.000000000000000000e+00
6.406655853657062805e-01	4.640008178668439953e-01	0.000000000000000000e+00
6.406655853657062805e-01	4.492309911398046918e-01	0.000000000000000000e+00
6.406655853657062805e-01	4.492309911398046918e-01	0.000000000000000000e+00
6.406655853657062805e-01	4.492309911398046918e-01	0.000000000000000000e+00
6.406655853657062805e-01	4.492309911398046918e-01	0.000000000000000000e+00
6.406655853657062805e-01	4.492309911398046918e-01	0.000000000000000000e+00
6.406655853657062805e-01	4.492309911398046918e-01	0.000000000000000000e+00
6.406655853657062805e-01	4.492309911398046918e-01	0.000000000000000000e+00
6.406655853657062805e-01	4.492309911398046918e-01	0.000000000000000000e+00
6.406655853657062805e-01	4.492309911398046918e-01	0.000000000000000000e+00
6.406655853657062805e-01	4.492309911398046918e-01	0.000000000000000000e+00
6.406655853657062805e-01	4.492309911398046918e-01	0.000000000000000000e+00
6.406655853657062805e-01	4.492309911398046918e-01	0.000000000000000000e+00
6.406655853657062805e-01	4.492309911398046918e-01	0.000000000000000000e+00
6.406655853657062805e-01	4.492309911398046918e-01	0.000000000000000000e+00
6.406655853657062805e-01	4.492309911398046918e-01	0.000000000000000000e+00
6.406655853657062805e-01	4.541516523184753740e-01	0.000000000000000000e+00
6.406655853657062805e-01	4.541516523184753740e-01	0.000000000000000000e+00
8.337408096685307024e-01	4.261322401723643405e-01	0.000000000000000000e+00
8.337408096685307024e-01	4.261322401723643405e-01	0.000000000000000000e+00
8.337408096685307024e-01	3.420812577810110056e-01	0.000000000000000000e+00
8.337408096685307024e-01	3.420812577810110056e-01	0.000000000000000000e+00
8.337408096685307024e-01	3.910433415495301324e-01	0.000000000000000000e+00
8.337408096685307024e-01	3.910433415495301324e-01	0.000000000000000000e+00
8.337408096685307024e-01	3.910433415495301324e-01	0.000000000000000000e+00
8.337408096685307024e-01	3.910433415495301324e-01	0.000000000000000000e+00
8.337408096685307024e-01	3.910433415495301324e-01	0.000000000000000000e+00
8.337408096685307024e-01	3.602312947954587341e-01	0.000000000000000000e+00
8.337408096685307024e-01	3.602312947954587341e-01	0.000000000000000000e+00
8.337408096685307024e-01	3.602312947954587341e-01	0.000000000000000000e+00
8.337408096685307024e-01	2.525342959213858762e-01	0.000000000000000000e+00
8.337408096685307024e-01	2.525342959213858762e-01	0.000000000000000000e+00
8.337408096685307024e-01	2.525342959213858762e-01	0.000000000000000000e+00
8.337408096685307024e-01	2.525342959213858762e-01	0.000000000000000000e+00
8.337408096685307024e-01	2.525342959213858762e-01	0.000000000000000000e+00
8.337408096685307024e-01	2.525342959213858762e-01	0.000000000000000000e+00
8.337408096685307024e-01	2.525342959213858762e-01	0.000000000000000000e+00
8.337408096685307024e-01	2.525342959213858762e-01	0.000000000000000000e+00
8.337408096685307024e-01	2.525342959213858762e-01	0.000000000000000000e+00
8.337408096685307024e-01	2.525342959213858762e-01	0.000000000000000000e+00
8.337408096685307024e-01	2.525342959213858762e-01	0.000000000000000000e+00
8.337408096685307024e-01	2.525342959213858762e-01	0.000000000000000000e+00
8.337408096685307024e-01	2.525342959213858762e-01	0.000000000000000000e+00
8.337408096685307024e-01	2.525342959213858762e-01	0.000000000000000000e+00
8.337408096685307024e-01	2.525342959213858762e-01	0.000000000000000000e+00
8.337408096685307024e-01	2.176602501906113318e-01	0.000000000000000000e+00
8.337408096685307024e-01	2.176602501906113318e-01	0.000000000000000000e+00
8.337408096685307024e-01	2.176602501906113318e-01	0.000000000000000000e+00
8.337408096685307024e-01	2.176602501906113318e-01	0.000000000000000000e+00
8.337408096685307024e-01	2.176602501906113318e-01	0.000000000000000000e+00
8.337408096685307024e-01	2.176602501906113318e-01	0.000000000000000000e+00
8.337408096685307024e-01	2.176602501906113318e-01	0.000000000000000000e+00
8.337408096685307024e-01	2.176602501906113318e-01	0.000000000000000000e+00
8.337408096685307024e-01	2.176602501906113318e-01	0.000000000000000000e+00
8.337408096685307024e-01	2.176602501906113318e-01	0.000000000000000000e+00
8.337408096685307024e-01	2.176602501906113318e-01	0.000000000000000000e+00
8.358576930167767038e-01	1.874960019425601088e-01	0.000000000000000000e+00
8.358576930167767038e-01	1.874960019425601088e-01	0.000000000000000000e+00
8.358576930167767038e-01	1.874960019425601088e-01	0.000000000000000000e+00
8.358576930167767038e-01	1.874960019425601088e-01	0.000000000000000000e+00
8.358576930167767038e-01	1.874960019425601088e-01	0.000000000000000000e+00
8.358576930167767038e-01	1.874960019425601088e-01	0.000000000000000000e+00
8.358576930167767038e-01	1.874960019425601088e-01	0.000000000000000000e+00
8.358576930167767038e-01	1.874960019425601088e-01	0.000000000000000000e+00
8.358576930167767038e-01	1.874960019425601088e-01	0.000000000000000000e+00
8.358576930167767038e-01	2.135841887974141151e-01	0.000000000000000000e+00
8.358576930167767038e-01	2.135841887974141151e-01	0.000000000000000000e+00
8.358576930167767038e-01	2.135841887974141151e-01	0.000000000000000000e+00
8.358576930167767038e-01	2.135841887974141151e-01	0.000000000000000000e+00
8.358576930167767038e-01	2.135841887974141151e-01	0.000000000000000000e+00
8.358576930167767038e-01	2.135841887974141151e-01	0.000000000000000000e+00
8.358576930167767038e-01	2.135841887974141151e-01	0.000000000000000000e+00
