1.379949014021066706e-02	2.457552418718543130e+00	0.000000000000000000e+00
1.379949014021066706e-02	2.457552418718543130e+00	0.000000000000000000e+00
1.379949014021066706e-02	2.457552418718543130e+00	0.000000000000000000e+00
1.379949014021066706e-02	2.457552418718543130e+00	0.000000000000000000e+00
1.379949014021066706e-02	2.457552418718543130e+00	0.000000000000000000e+00
3.684435209772279896e-02	2.378291914576076582e+00	0.000000000000000000e+00
4.681093211372189256e-02	2.243428569891307234e+00	0.000000000000000000e+00
5.725546535919164709e-02	2.199703522335824335e+00	0.000000000000000000e+00
5.725546535919164709e-02	2.198091109945408572e+00	0.000000000000000000e+00
5.725546535919164709e-02	2.198091109945408572e+00	0.000000000000000000e+00
7.607006389978852867e-02	2.072130455911872726e+00	0.000000000000000000e+00
7.814453185013116310e-02	2.062114247490285823e+00	0.000000000000000000e+00
8.839075223898057443e-02	1.985847871736860615e+00	0.000000000000000000e+00
8.839075223898057443e-02	1.963372461856014217e+00	0.000000000000000000e+00
9.455109640857659037e-02	1.962343376090492253e+00	0.000000000000000000e+00
9.455109640857659037e-02	1.962343376090492253e+00	0.000000000000000000e+00
9.455109640857659037e-02	1.962343376090492253e+00	0.000000000000000000e+00
9.455109640857659037e-02	1.962343376090492253e+00	0.000000000000000000e+00
9.455109640857659037e-02	1.962343376090492253e+00	0.000000000000000000e+00
9.455109640857659037e-02	1.962343376090492253e+00	0.000000000000000000e+00
9.455109640857659037e-02	1.962343376090492253e+00	0.000000000000000000e+00
8.839075223898057443e-02	1.985847871736860615e+00	0.000000000000000000e+00
1.162354281791457000e-01	2.056398967414707624e+00	0.000000000000000000e+00
1.162354281791457000e-01	2.056398967414707624e+00	0.000000000000000000e+00
1.162354281791457000e-01	2.056398967414707624e+00	0.000000000000000000e+00
1.162354281791457000e-01	2.056398967414707624e+00	0.000000000000000000e+00
1.162354281791457000e-01	2.056398967414707624e+00	0.000000000000000000e+00
1.162354281791457000e-01	2.056398967414707624e+00	0.000000000000000000e+00
2.254794135144892187e-01	1.710978853047145254e+00	0.000000000000000000e+00
2.254794135144892187e-01	1.710978853047145254e+00	0.000000000000000000e+00
2.254794135144892187e-01	1.710978853047145254e+00	0.000000000000000000e+00
2.254794135144892187e-01	1.710978853047145254e+00	0.000000000000000000e+00
2.254794135144892187e-01	1.710978853047145254e+00	0.000000000000000000e+00
2.254794135144892187e-01	1.710978853047145254e+00	0.000000000000000000e+00
2.254794135144892187e-01	1.710978853047145254e+00	0.000000000000000000e+00
2.254794135144892187e-01	1.693159158242737661e+00	0.000000000000000000e+00
2.305081171661893524e-01	1.661539354048556572e+00	0.000000000000000000e+00
2.305081171661893524e-01	1.609297604031671103e+00	0.000000000000000000e+00
2.305081171661893524e-01	1.609297604031671103e+00	0.000000000000000000e+00
2.305081171661893524e-01	1.572093139512738214e+00	0.000000000000000000e+00
2.305081171661893524e-01	1.572093139512738214e+00	0.000000000000000000e+00
2.305081171661893524e-01	1.572093139512738214e+00	0.000000000000000000e+00
2.426595174330043458e-01	1.488122541460016768e+00	0.000000000000000000e+00
2.426595174330043458e-01	1.488122541460016768e+00	0.000000000000000000e+00
2.426595174330043458e-01	1.488122541460016768e+00	0.000000000000000000e+00
2.426595174330043458e-01	1.488122541460016768e+00	0.000000000000000000e+00
2.426595174330043458e-01	1.488122541460016768e+00	0.000000000000000000e+00
2.548109176998193393e-01	1.393446960257523015e+00	0.000000000000000000e+00
2.548109176998193393e-01	1.393446960257523015e+00	0.000000000000000000e+00
2.548109176998193393e-01	1.393446960257523015e+00	0.000000000000000000e+00
2.548109176998193393e-01	1.393446960257523015e+00	0.000000000000000000e+00
2.548109176998193393e-01	1.393446960257523015e+00	0.000000000000000000e+00
2.548109176998193393e-01	1.393446960257523015e+00	0.000000000000000000e+00
2.548109176998193393e-01	1.393446960257523015e+00	0.000000000000000000e+00
2.548109176998193393e-01	1.393446960257523015e+00	0.000000000000000000e+00
2.548109176998193393e-01	1.393446960257523015e+00	0.000000000000000000e+00
2.548109176998193393e-01	1.393446960257523015e+00	0.000000000000000000e+00
2.548109176998193393e-01	1.393446960257523015e+00	0.000000000000000000e+00
2.548109176998193393e-01	1.393446960257523015e+00	0.000000000000000000e+00
2.548109176998193393e-01	1.393446960257523015e+00	0.000000000000000000e+00
2.548109176998193393e-01	1.393446960257523015e+00	0.000000000000000000e+00
2.548109176998193393e-01	1.393446960257523015e+00	0.000000000000000000e+00
2.548109176998193393e-01	1.395768611393568337e+00	0.000000000000000000e+00
2.548109176998193393e-01	1.395768611393568337e+00	0.000000000000000000e+00
2.548109176998193393e-01	1.395768611393568337e+00	0.000000000000000000e+00
2.548109176998193393e-01	1.395768611393568337e+00	0.000000000000000000e+00
2.548109176998193393e-01	1.395768611393568337e+00	0.000000000000000000e+00
2.548109176998193393e-01	1.395768611393568337e+00	0.000000000000000000e+00
2.548109176998193393e-01	1.395768611393568337e+00	0.000000000000000000e+00
2.548109176998193393e-01	1.395768611393568337e+00	0.000000000000000000e+00
2.548109176998193393e-01	1.395768611393568337e+00	0.000000000000000000e+00
2.548109176998193393e-01	1.395768611393568337e+00	0.000000000000000000e+00
4.466831253422050008e-01	1.324797099919230670e+00	0.000000000000000000e+00
4.466831253422050008e-01	1.310882453432493433e+00	0.000000000000000000e+00
4.466831253422050008e-01	1.310882453432493433e+00	0.000000000000000000e+00
4.466831253422050008e-01	1.310882453432493433e+00	0.000000000000000000e+00
4.466831253422050008e-01	1.310882453432493433e+00	0.000000000000000000e+00
4.466831253422050008e-01	1.310882453432493433e+00	0.000000000000000000e+00
4.466831253422050008e-01	1.310882453432493433e+00	0.000000000000000000e+00
4.466831253422050008e-01	1.310882453432493433e+00	0.000000000000000000e+00
4.466831253422050008e-01	1.310882453432493433e+00	0.000000000000000000e+00
4.466831253422050008e-01	1.310882453432493433e+00	0.000000000000000000e+00
4.466831253422050008e-01	1.310882453432493433e+00	0.000000000000000000e+00
4.466831253422050008e-01	1.310882453432493433e+00	0.000000000000000000e+00
4.466831253422050008e-01	1.310882453432493433e+00	0.000000000000000000e+00
4.466831253422050008e-01	1.310882453432493433e+00	0.000000000000000000e+00
4.466831253422050008e-01	1.310882453432493433e+00	0.000000000000000000e+00
4.466831253422050008e-01	1.310882453432493433e+00	0.000000000000000000e+00
4.508893792807178724e-01	1.407702521313505928e+00	0.000000000000000000e+00
6.179824854421984703e-01	1.255879627221100359e+00	0.000000000000000000e+00
6.179824854421984703e-01	1.255879627221100359e+00	0.000000000000000000e+00
6.179824854421984703e-01	1.255879627221100359e+00	0.000000000000000000e+00
6.179824854421984703e-01	1.255879627221100359e+00	0.000000000000000000e+00
6.179824854421984703e-01	1.255879627221100359e+00	0.000000000000000000e+00
6.179824854421984703e-01	1.255879627221100359e+00	0.000000000000000000e+00
6.179824854421984703e-01	1.255879627221100359e+00	0.000000000000000000e+00
6.179824854421984703e-01	1.255879627221100359e+00	0.000000000000000000e+00
6.179824854421984703e-01	1.255879627221100359e+00	0.000000000000000000e+00
6.179824854421984703e-01	1.255879627221100359e+00	0.000000000000000000e+00
6.208446403642442490e-01	1.255113358936672086e+00	0.000000000000000000e+00
6.208446403642442490e-01	1.255113358936672086e+00	0.000000000000000000e+00
6.237067952862900277e-01	1.223342011506909133e+00	0.000000000000000000e+00
6.237067952862900277e-01	1.223342011506909133e+00	0.000000000000000000e+00
6.237067952862900277e-01	1.223342011506909133e+00	0.000000000000000000e+00
6.265689502083358065e-01	1.182184314758245591e+00	0.000000000000000000e+00
6.265689502083358065e-01	1.182184314758245591e+00	0.000000000000000000e+00
6.265689502083358065e-01	1.182184314758245591e+00	0.000000000000000000e+00
6.265689502083358065e-01	1.182184314758245591e+00	0.000000000000000000e+00
6.265689502083358065e-01	1.182184314758245591e+00	0.000000000000000000e+00
6.265689502083358065e-01	1.182184314758245591e+00	0.000000000000000000e+00
6.265689502083358065e-01	1.182184314758245591e+00	0.000000000000000000e+00
6.265689502083358065e-01	1.182184314758245591e+00	0.000000000000000000e+00
6.265689502083358065e-01	1.182184314758245591e+00	0.000000000000000000e+00
6.265689502083358065e-01	1.182184314758245591e+00	0.000000000000000000e+00
6.265689502083358065e-01	1.176811149225540420e+00	0.000000000000000000e+00
6.265689502083358065e-01	1.176811149225540420e+00	0.000000000000000000e+00
6.265689502083358065e-01	1.176811149225540420e+00	0.000000000000000000e+00
6.265689502083358065e-01	1.176811149225540420e+00	0.000000000000000000e+00
6.265689502083358065e-01	1.176811149225540420e+00	0.000000000000000000e+00
6.265689502083358065e-01	1.176811149225540420e+00	0.000000000000000000e+00
6.265689502083358065e-01	1.176811149225540420e+00	0.000000000000000000e+00
6.265689502083358065e-01	1.176811149225540420e+00	0.000000000000000000e+00
8.362516645637194657e-01	7.937086643158688393e-01	0.000000000000000000e+00
8.362516645637194657e-01	7.937086643158688393e-01	0.000000000000000000e+00
8.362516645637194657e-01	7.937086643158688393e-01	0.000000000000000000e+00
8.362516645637194657e-01	7.937086643158688393e-01	0.000000000000000000e+00
8.362516645637194657e-01	7.937086643158688393e-01	0.000000000000000000e+00
8.362516645637194657e-01	7.937086643158688393e-01	0.000000000000000000e+00
8.362516645637194657e-01	7.937086643158688393e-01	0.000000000000000000e+00
8.362516645637194657e-01	7.937086643158688393e-01	0.000000000000000000e+00
8.362516645637194657e-01	8.111741183669557431e-01	0.000000000000000000e+00
8.362516645637194657e-01	8.111741183669557431e-01	0.000000000000000000e+00
8.362516645637194657e-01	8.111741183669557431e-01	0.000000000000000000e+00
8.362516645637194657e-01	8.111741183669557431e-01	0.000000000000000000e+00
8.362516645637194657e-01	8.416315349504602805e-01	0.000000000000000000e+00
8.362516645637194657e-01	8.416315349504602805e-01	0.000000000000000000e+00
8.362516645637194657e-01	8.416315349504602805e-01	0.000000000000000000e+00
8.362516645637194657e-01	8.416315349504602805e-01	0.000000000000000000e+00
8.362516645637194657e-01	8.416315349504602805e-01	0.000000000000000000e+00
8.362516645637194657e-01	8.416315349504602805e-01	0.000000000000000000e+00
8.362516645637194657e-01	8.416315349504602805e-01	0.000000000000000000e+00
8.362516645637194657e-01	8.416315349504602805e-01	0.000000000000000000e+00
8.362516645637194657e-01	8.416315349504602805e-01	0.000000000000000000e+00
8.362516645637194657e-01	8.416315349504602805e-01	0.000000000000000000e+00
8.362516645637194657e-01	8.002222796692493034e-01	0.000000000000000000e+00
8.362516645637194657e-01	8.002222796692493034e-01	0.000000000000000000e+00
8.362516645637194657e-01	8.002222796692493034e-01	0.000000000000000000e+00
8.362516645637194657e-01	8.002222796692493034e-01	0.000000000000000000e+00
8.362516645637194657e-01	8.002222796692493034e-01	0.000000000000000000e+00
8.362516645637194657e-01	8.002222796692493034e-01	0.000000000000000000e+00
8.362516645637194657e-01	8.002222796692493034e-01	0.000000000000000000e+00
8.362516645637194657e-01	8.002222796692493034e-01	0.000000000000000000e+00
8.362516645637194657e-01	8.002222796692493034e-01	0.000000000000000000e+00
8.362516645637194657e-01	8.002222796692493034e-01	0.000000000000000000e+00
8.362516645637194657e-01	8.002222796692493034e-01	0.000000000000000000e+00
8.362516645637194657e-01	8.002222796692493034e-01	0.000000000000000000e+00
8.362516645637194657e-01	8.002222796692493034e-01	0.000000000000000000e+00
8.362516645637194657e-01	8.002222796692493034e-01	0.000000000000000000e+00
8.362516645637194657e-01	8.002222796692493034e-01	0.000000000000000000e+00
8.362516645637194657e-01	7.947021952236271725e-01	0.000000000000000000e+00
8.362516645637194657e-01	7.947021952236271725e-01	0.000000000000000000e+00
8.354164122571576812e-01	6.011148924187604825e-01	0.000000000000000000e+00
8.354164122571576812e-01	6.011148924187604825e-01	0.000000000000000000e+00
8.354164122571576812e-01	6.011148924187604825e-01	0.000000000000000000e+00
8.354164122571576812e-01	6.011148924187604825e-01	0.000000000000000000e+00
8.354164122571576812e-01	6.011148924187604825e-01	0.000000000000000000e+00
8.354164122571576812e-01	6.011148924187604825e-01	0.000000000000000000e+00
8.354164122571576812e-01	6.011148924187604825e-01	0.000000000000000000e+00
8.354164122571576812e-01	6.011148924187604825e-01	0.000000000000000000e+00
8.354164122571576812e-01	6.011148924187604825e-01	0.000000000000000000e+00
8.354164122571576812e-01	6.011148924187604825e-01	0.000000000000000000e+00
8.354164122571576812e-01	6.011148924187604825e-01	0.000000000000000000e+00
8.354164122571576812e-01	6.011148924187604825e-01	0.000000000000000000e+00
8.354164122571576812e-01	6.011148924187604825e-01	0.000000000000000000e+00
8.354164122571576812e-01	6.011148924187604825e-01	0.000000000000000000e+00
8.354164122571576812e-01	6.011148924187604825e-01	0.000000000000000000e+00
8.354164122571576812e-01	6.514220899221168093e-01	0.000000000000000000e+00
8.354164122571576812e-01	6.514220899221168093e-01	0.000000000000000000e+00
8.354164122571576812e-01	6.514220899221168093e-01	0.000000000000000000e+00
8.354164122571576812e-01	6.514220899221168093e-01	0.000000000000000000e+00
8.354164122571576812e-01	6.514220899221168093e-01	0.000000000000000000e+00
8.354164122571576812e-01	6.514220899221168093e-01	0.000000000000000000e+00
8.358340384104385734e-01	6.716922835116124757e-01	0.000000000000000000e+00
8.362516645637194657e-01	6.909355985924852117e-01	0.000000000000000000e+00
8.362516645637194657e-01	6.909355985924852117e-01	0.000000000000000000e+00
8.375439785924636560e-01	6.733263143087776514e-01	0.000000000000000000e+00
8.375439785924636560e-01	6.733263143087776514e-01	0.000000000000000000e+00
8.375439785924636560e-01	6.733263143087776514e-01	0.000000000000000000e+00
8.375439785924636560e-01	6.733263143087776514e-01	0.000000000000000000e+00
8.375439785924636560e-01	6.700943545569851834e-01	0.000000000000000000e+00
8.375439785924636560e-01	6.700943545569851834e-01	0.000000000000000000e+00
8.375439785924636560e-01	6.700943545569851834e-01	0.000000000000000000e+00
8.375439785924636560e-01	6.700943545569851834e-01	0.000000000000000000e+00
8.375439785924636560e-01	6.700943545569851834e-01	0.000000000000000000e+00
8.375439785924636560e-01	6.700943545569851834e-01	0.000000000000000000e+00
8.375439785924636560e-01	6.700943545569851834e-01	0.000000000000000000e+00
8.375439785924636560e-01	6.700943545569851834e-01	0.000000000000000000e+00
8.375439785924636560e-01	6.700943545569851834e-01	0.000000000000000000e+00
8.375439785924636560e-01	6.700943545569851834e-01	0.000000000000000000e+00
8.375439785924636560e-01	6.700943545569851834e-01	0.000000000000000000e+00
