0.000000000000000000e+00	1.514523350505198707e+00	0.000000000000000000e+00
0.000000000000000000e+00	1.514523350505198707e+00	0.000000000000000000e+00
1.335565653197815818e-02	1.377579486985166968e+00	0.000000000000000000e+00
2.580970271906424252e-02	1.308620975129812347e+00	0.000000000000000000e+00
3.158592064016124690e-02	1.206047265203592733e+00	0.000000000000000000e+00
3.158592064016124690e-02	1.206047265203592733e+00	0.000000000000000000e+00
3.158592064016124690e-02	1.206047265203592733e+00	0.000000000000000000e+00
5.484624668572776057e-02	1.115208369770441577e+00	0.000000000000000000e+00
5.484624668572776057e-02	1.069303018193769717e+00	0.000000000000000000e+00
5.484624668572776057e-02	1.069303018193769717e+00	0.000000000000000000e+00
6.977495428938139399e-02	1.036842745943050259e+00	0.000000000000000000e+00
7.975433905989992578e-02	1.034795602169225059e+00	0.000000000000000000e+00
7.975433905989992578e-02	1.034795602169225059e+00	0.000000000000000000e+00
7.975433905989992578e-02	1.034795602169225059e+00	0.000000000000000000e+00
7.975433905989992578e-02	1.034795602169225059e+00	0.000000000000000000e+00
7.975433905989992578e-02	1.034795602169225059e+00	0.000000000000000000e+00
7.975433905989992578e-02	1.034795602169225059e+00	0.000000000000000000e+00
7.975433905989992578e-02	1.018708457794292643e+00	0.000000000000000000e+00
7.975433905989992578e-02	1.018708457794292643e+00	0.000000000000000000e+00
7.975433905989992578e-02	1.018708457794292643e+00	0.000000000000000000e+00
7.975433905989992578e-02	1.018708457794292643e+00	0.000000000000000000e+00
7.975433905989992578e-02	1.018708457794292643e+00	0.000000000000000000e+00
7.975433905989992578e-02	1.018708457794292643e+00	0.000000000000000000e+00
7.975433905989992578e-02	1.018708457794292643e+00	0.000000000000000000e+00
7.975433905989992578e-02	1.018708457794292643e+00	0.000000000000000000e+00
2.042040674763208608e-01	7.736661885556236351e-01	0.000000000000000000e+00
2.042040674763208608e-01	7.736661885556236351e-01	0.000000000000000000e+00
2.042040674763208608e-01	7.736661885556236351e-01	0.000000000000000000e+00
2.042040674763208608e-01	7.736661885556236351e-01	0.000000000000000000e+00
2.042040674763208608e-01	7.736661885556236351e-01	0.000000000000000000e+00
2.042040674763208608e-01	7.736661885556236351e-01	0.000000000000000000e+00
2.042040674763208608e-01	6.958340532283084912e-01	0.000000000000000000e+00
2.042040674763208608e-01	6.958340532283084912e-01	0.000000000000000000e+00
2.042040674763208608e-01	6.958340532283084912e-01	0.000000000000000000e+00
2.318322204573750323e-01	5.432425685211940136e-01	0.000000000000000000e+00
2.239084946606229032e-01	6.459645331954637637e-01	0.000000000000000000e+00
2.318322204573750323e-01	5.432425685211940136e-01	0.000000000000000000e+00
2.318322204573750323e-01	5.432425685211940136e-01	0.000000000000000000e+00
2.318322204573750323e-01	5.432425685211940136e-01	0.000000000000000000e+00
2.318322204573750323e-01	5.432425685211940136e-01	0.000000000000000000e+00
2.318322204573750323e-01	5.432425685211940136e-01	0.000000000000000000e+00
2.457511842554804260e-01	4.144682035855295488e-01	0.000000000000000000e+00
2.397559462541271613e-01	4.443353807200404737e-01	0.000000000000000000e+00
2.397559462541271613e-01	4.443353807200404737e-01	0.000000000000000000e+00
2.457511842554804260e-01	4.144682035855295488e-01	0.000000000000000000e+00
2.457511842554804260e-01	3.879266495911233847e-01	0.000000000000000000e+00
2.457511842554804260e-01	3.879266495911233847e-01	0.000000000000000000e+00
2.457511842554804260e-01	3.879266495911233847e-01	0.000000000000000000e+00
2.457511842554804260e-01	3.879266495911233847e-01	0.000000000000000000e+00
2.457511842554804260e-01	3.879266495911233847e-01	0.000000000000000000e+00
2.457511842554804260e-01	3.879266495911233847e-01	0.000000000000000000e+00
2.457511842554804260e-01	3.879266495911233847e-01	0.000000000000000000e+00
2.457511842554804260e-01	3.845580248579261728e-01	0.000000000000000000e+00
2.457511842554804260e-01	3.845580248579261728e-01	0.000000000000000000e+00
2.457511842554804260e-01	3.845580248579261728e-01	0.000000000000000000e+00
2.457511842554804260e-01	3.845580248579261728e-01	0.000000000000000000e+00
2.457511842554804260e-01	3.845580248579261728e-01	0.000000000000000000e+00
2.457511842554804260e-01	3.845580248579261728e-01	0.000000000000000000e+00
2.457511842554804260e-01	3.845580248579261728e-01	0.000000000000000000e+00
2.457511842554804260e-01	3.845580248579261728e-01	0.000000000000000000e+00
2.457511842554804260e-01	3.845580248579261728e-01	0.000000000000000000e+00
2.457511842554804260e-01	3.845580248579261728e-01	0.000000000000000000e+00
2.457511842554804260e-01	3.845580248579261728e-01	0.000000000000000000e+00
2.457511842554804260e-01	3.845580248579261728e-01	0.000000000000000000e+00
2.457511842554804260e-01	3.845580248579261728e-01	0.000000000000000000e+00
2.457511842554804260e-01	3.845580248579261728e-01	0.000000000000000000e+00
2.457511842554804260e-01	3.845580248579261728e-01	0.000000000000000000e+00
2.457511842554804260e-01	3.845580248579261728e-01	0.000000000000000000e+00
2.457511842554804260e-01	3.845580248579261728e-01	0.000000000000000000e+00
2.457511842554804260e-01	3.845580248579261728e-01	0.000000000000000000e+00
2.457511842554804260e-01	3.845580248579261728e-01	0.000000000000000000e+00
4.374351466372138342e-01	1.726622664063943435e-01	0.000000000000000000e+00
4.374351466372138342e-01	1.726622664063943435e-01	0.000000000000000000e+00
4.374351466372138342e-01	1.726622664063943435e-01	0.000000000000000000e+00
4.374351466372138342e-01	1.726622664063943435e-01	0.000000000000000000e+00
4.374351466372138342e-01	1.726622664063943435e-01	0.000000000000000000e+00
4.374351466372138342e-01	1.726622664063943435e-01	0.000000000000000000e+00
4.374351466372138342e-01	1.726622664063943435e-01	0.000000000000000000e+00
4.374351466372138342e-01	1.726622664063943435e-01	0.000000000000000000e+00
4.374351466372138342e-01	1.726622664063943435e-01	0.000000000000000000e+00
4.374351466372138342e-01	1.726622664063943435e-01	0.000000000000000000e+00
4.374351466372138342e-01	1.726622664063943435e-01	0.000000000000000000e+00
4.374351466372138342e-01	1.726622664063943435e-01	0.000000000000000000e+00
4.374351466372138342e-01	1.726622664063943435e-01	0.000000000000000000e+00
4.374351466372138342e-01	1.633071614065869925e-01	0.000000000000000000e+00
4.374351466372138342e-01	1.633071614065869925e-01	0.000000000000000000e+00
4.466831253422050008e-01	9.560192755290916611e-02	0.000000000000000000e+00
4.466831253422050008e-01	9.560192755290916611e-02	0.000000000000000000e+00
4.466831253422050008e-01	9.560192755290916611e-02	0.000000000000000000e+00
4.466831253422050008e-01	9.560192755290916611e-02	0.000000000000000000e+00
4.466831253422050008e-01	9.560192755290916611e-02	0.000000000000000000e+00
4.466831253422050008e-01	9.560192755290916611e-02	0.000000000000000000e+00
4.466831253422050008e-01	9.501621259364009808e-02	0.000000000000000000e+00
4.466831253422050008e-01	9.096179771376901313e-02	0.000000000000000000e+00
4.466831253422050008e-01	9.096179771376901313e-02	0.000000000000000000e+00
4.466831253422050008e-01	9.096179771376901313e-02	0.000000000000000000e+00
4.466831253422050008e-01	9.096179771376901313e-02	0.000000000000000000e+00
4.466831253422050008e-01	9.096179771376901313e-02	0.000000000000000000e+00
4.466831253422050008e-01	8.664276942454046671e-02	0.000000000000000000e+00
4.466831253422050008e-01	8.014382745257686569e-02	0.000000000000000000e+00
4.466831253422050008e-01	8.014382745257686569e-02	0.000000000000000000e+00
4.466831253422050008e-01	8.014382745257686569e-02	0.000000000000000000e+00
4.466831253422050008e-01	8.014382745257686569e-02	0.000000000000000000e+00
4.466831253422050008e-01	8.014382745257686569e-02	0.000000000000000000e+00
4.466831253422050008e-01	8.014382745257686569e-02	0.000000000000000000e+00
4.466831253422050008e-01	8.014382745257686569e-02	0.000000000000000000e+00
4.466831253422050008e-01	8.014382745257686569e-02	0.000000000000000000e+00
4.466831253422050008e-01	8.014382745257686569e-02	0.000000000000000000e+00
4.466831253422050008e-01	8.014382745257686569e-02	0.000000000000000000e+00
4.466831253422050008e-01	8.014382745257686569e-02	0.000000000000000000e+00
4.466831253422050008e-01	8.014382745257686569e-02	0.000000000000000000e+00
4.466831253422050008e-01	8.014382745257686569e-02	0.000000000000000000e+00
4.466831253422050008e-01	8.014382745257686569e-02	0.000000000000000000e+00
4.466831253422050008e-01	8.014382745257686569e-02	0.000000000000000000e+00
4.466831253422050008e-01	8.014382745257686569e-02	0.000000000000000000e+00
4.466831253422050008e-01	8.304451419807148960e-02	0.000000000000000000e+00
4.466831253422050008e-01	8.304451419807148960e-02	0.000000000000000000e+00
6.330502228014892596e-01	-1.602438209851832218e-01	0.000000000000000000e+00
6.330502228014892596e-01	-8.847460689447761428e-02	0.000000000000000000e+00
6.330502228014892596e-01	-8.847460689447761428e-02	0.000000000000000000e+00
6.330502228014892596e-01	-8.847460689447761428e-02	0.000000000000000000e+00
6.330502228014892596e-01	-8.847460689447761428e-02	0.000000000000000000e+00
6.330502228014892596e-01	-8.847460689447761428e-02	0.000000000000000000e+00
6.330502228014892596e-01	-8.847460689447761428e-02	0.000000000000000000e+00
6.330502228014892596e-01	-8.847460689447761428e-02	0.000000000000000000e+00
6.330502228014892596e-01	-8.847460689447761428e-02	0.000000000000000000e+00
6.330502228014892596e-01	-8.847460689447761428e-02	0.000000000000000000e+00
6.330502228014892596e-01	-8.847460689447761428e-02	0.000000000000000000e+00
6.330502228014892596e-01	-8.847460689447761428e-02	0.000000000000000000e+00
6.330502228014892596e-01	-1.170013576422610918e-01	0.000000000000000000e+00
6.330502228014892596e-01	-1.170013576422610918e-01	0.000000000000000000e+00
6.330502228014892596e-01	-1.170013576422610918e-01	0.000000000000000000e+00
6.330502228014892596e-01	-1.170013576422610918e-01	0.000000000000000000e+00
6.330502228014892596e-01	-1.170013576422610918e-01	0.000000000000000000e+00
6.444732666478147909e-01	-2.144891198688963496e-01	0.000000000000000000e+00
6.444732666478147909e-01	-2.144891198688963496e-01	0.000000000000000000e+00
6.444732666478147909e-01	-2.144891198688963496e-01	0.000000000000000000e+00
6.444732666478147909e-01	-2.144891198688963496e-01	0.000000000000000000e+00
6.444732666478147909e-01	-2.144891198688963496e-01	0.000000000000000000e+00
6.444732666478147909e-01	-2.144891198688963496e-01	0.000000000000000000e+00
6.444732666478147909e-01	-2.144891198688963496e-01	0.000000000000000000e+00
6.444732666478147909e-01	-2.144891198688963496e-01	0.000000000000000000e+00
6.444732666478147909e-01	-2.144891198688963496e-01	0.000000000000000000e+00
6.444732666478147909e-01	-2.144891198688963496e-01	0.000000000000000000e+00
6.444732666478147909e-01	-2.144891198688963496e-01	0.000000000000000000e+00
6.444732666478147909e-01	-2.144891198688963496e-01	0.000000000000000000e+00
6.444732666478147909e-01	-2.144891198688963496e-01	0.000000000000000000e+00
6.444732666478147909e-01	-2.144891198688963496e-01	0.000000000000000000e+00
6.406655853657062805e-01	-1.655223070040808819e-01	0.000000000000000000e+00
6.406655853657062805e-01	-1.655223070040808819e-01	0.000000000000000000e+00
6.406655853657062805e-01	-1.655223070040808819e-01	0.000000000000000000e+00
8.299354844504801543e-01	-3.218245239521111412e-01	0.000000000000000000e+00
8.299354844504801543e-01	-2.688310366898223336e-01	0.000000000000000000e+00
8.299354844504801543e-01	-2.688310366898223336e-01	0.000000000000000000e+00
8.299354844504801543e-01	-2.688310366898223336e-01	0.000000000000000000e+00
8.299354844504801543e-01	-2.688310366898223336e-01	0.000000000000000000e+00
8.299354844504801543e-01	-2.688310366898223336e-01	0.000000000000000000e+00
8.299354844504801543e-01	-2.688310366898223336e-01	0.000000000000000000e+00
8.299354844504801543e-01	-2.688310366898223336e-01	0.000000000000000000e+00
8.299354844504801543e-01	-2.688310366898223336e-01	0.000000000000000000e+00
8.299354844504801543e-01	-2.688310366898223336e-01	0.000000000000000000e+00
8.299354844504801543e-01	-2.375829544735001408e-01	0.000000000000000000e+00
8.299354844504801543e-01	-2.688310366898223336e-01	0.000000000000000000e+00
8.299354844504801543e-01	-2.688310366898223336e-01	0.000000000000000000e+00
8.299354844504801543e-01	-2.688310366898223336e-01	0.000000000000000000e+00
8.299354844504801543e-01	-2.688310366898223336e-01	0.000000000000000000e+00
8.299354844504801543e-01	-2.688310366898223336e-01	0.000000000000000000e+00
8.299354844504801543e-01	-2.825528430426624271e-01	0.000000000000000000e+00
8.299354844504801543e-01	-2.570129452977530926e-01	0.000000000000000000e+00
8.299354844504801543e-01	-2.570129452977530926e-01	0.000000000000000000e+00
8.299354844504801543e-01	-2.570129452977530926e-01	0.000000000000000000e+00
8.299354844504801543e-01	-2.570129452977530926e-01	0.000000000000000000e+00
8.299354844504801543e-01	-2.570129452977530926e-01	0.000000000000000000e+00
8.303631668536242127e-01	-2.983533605838589176e-01	0.000000000000000000e+00
8.303631668536242127e-01	-2.983533605838589176e-01	0.000000000000000000e+00
8.303631668536242127e-01	-2.983533605838589176e-01	0.000000000000000000e+00
8.303631668536242127e-01	-2.983533605838589176e-01	0.000000000000000000e+00
8.303631668536242127e-01	-2.983533605838589176e-01	0.000000000000000000e+00
8.303631668536242127e-01	-2.983533605838589176e-01	0.000000000000000000e+00
8.303631668536242127e-01	-2.983533605838589176e-01	0.000000000000000000e+00
8.303631668536242127e-01	-2.983533605838589176e-01	0.000000000000000000e+00
8.303631668536242127e-01	-2.983533605838589176e-01	0.000000000000000000e+00
8.401340648331470096e-01	-4.288229034351764835e-01	0.000000000000000000e+00
8.401340648331470096e-01	-4.288229034351764835e-01	0.000000000000000000e+00
8.401340648331470096e-01	-4.288229034351764835e-01	0.000000000000000000e+00
8.401340648331470096e-01	-4.288229034351764835e-01	0.000000000000000000e+00
8.401340648331470096e-01	-4.288229034351764835e-01	0.000000000000000000e+00
8.401340648331470096e-01	-4.288229034351764835e-01	0.000000000000000000e+00
8.401340648331470096e-01	-4.288229034351764835e-01	0.000000000000000000e+00
8.401340648331470096e-01	-4.288229034351764835e-01	0.000000000000000000e+00
8.401340648331470096e-01	-4.288229034351764835e-01	0.000000000000000000e+00
8.401340648331470096e-01	-4.288229034351764835e-01	0.000000000000000000e+00
8.401340648331470096e-01	-4.288229034351764835e-01	0.000000000000000000e+00
8.401340648331470096e-01	-4.288229034351764835e-01	0.000000000000000000e+00
8.401340648331470096e-01	-4.288229034351764835e-01	0.000000000000000000e+00
8.401340648331470096e-01	-4.288229034351764835e-01	0.000000000000000000e+00
8.401340648331470096e-01	-4.288229034351764835e-01	0.000000000000000000e+00
8.401340648331470096e-01	-4.288229034351764835e-01	0.000000000000000000e+00
8.401340648331470096e-01	-4.288229034351764835e-01	0.000000000000000000e+00
8.401340648331470096e-01	-4.321160245542853273e-01	0.000000000000000000e+00
