0.000000000000000000e+00	1.137562915208106817e+00	0.000000000000000000e+00
5.510322907127586378e-03	1.014190586636776192e+00	0.000000000000000000e+00
1.261900771578785066e-02	9.432536517432559275e-01	0.000000000000000000e+00
2.380569105156584223e-02	9.120984238731464355e-01	0.000000000000000000e+00
2.909057819506394998e-02	8.452606858458012740e-01	0.000000000000000000e+00
3.835098014909781722e-02	8.012088003198488684e-01	0.000000000000000000e+00
4.387645330638211688e-02	7.817241874018741044e-01	0.000000000000000000e+00
4.779793646118848938e-02	7.684566404176672583e-01	0.000000000000000000e+00
5.838728220825502996e-02	7.317157340298764412e-01	0.000000000000000000e+00
6.576864795036570233e-02	7.169302602023711612e-01	0.000000000000000000e+00
6.576864795036570233e-02	7.169302602023711612e-01	0.000000000000000000e+00
7.681959426493431553e-02	6.983583040154717203e-01	0.000000000000000000e+00
8.787054057950291486e-02	6.913580879542340352e-01	0.000000000000000000e+00
8.787054057950291486e-02	6.913580879542340352e-01	0.000000000000000000e+00
8.787054057950291486e-02	6.913580879542340352e-01	0.000000000000000000e+00
8.787054057950291486e-02	6.913580879542340352e-01	0.000000000000000000e+00
8.787054057950291486e-02	6.913580879542340352e-01	0.000000000000000000e+00
8.787054057950291486e-02	6.913580879542340352e-01	0.000000000000000000e+00
8.787054057950291486e-02	6.913580879542340352e-01	0.000000000000000000e+00
8.787054057950291486e-02	6.913580879542340352e-01	0.000000000000000000e+00
8.787054057950291486e-02	6.913580879542340352e-01	0.000000000000000000e+00
8.787054057950291486e-02	6.913580879542340352e-01	0.000000000000000000e+00
8.787054057950291486e-02	6.913580879542340352e-01	0.000000000000000000e+00
8.787054057950291486e-02	6.913580879542340352e-01	0.000000000000000000e+00
1.898188262590192465e-01	6.576811635540088519e-01	0.000000000000000000e+00
1.898188262590192465e-01	6.417221918439380834e-01	0.000000000000000000e+00
2.001638022481771750e-01	5.744837913443765487e-01	0.000000000000000000e+00
2.001638022481771750e-01	5.744837913443765487e-01	0.000000000000000000e+00
2.062532445430533545e-01	5.420762837002653933e-01	0.000000000000000000e+00
2.126347514953687845e-01	4.953032737959848775e-01	0.000000000000000000e+00
2.123794923329584139e-01	4.938848199462966271e-01	0.000000000000000000e+00
2.184741469724406082e-01	4.383107930697812682e-01	0.000000000000000000e+00
2.208519606373858246e-01	4.344347699009213915e-01	0.000000000000000000e+00
2.248240607743332009e-01	3.947860128780187883e-01	0.000000000000000000e+00
2.265757025241491585e-01	3.665051580185346158e-01	0.000000000000000000e+00
2.291289504519997688e-01	3.619035104602431052e-01	0.000000000000000000e+00
2.339167861513816726e-01	3.242227991325471459e-01	0.000000000000000000e+00
2.368668726362525012e-01	3.000768209613715043e-01	0.000000000000000000e+00
2.376635121201752243e-01	2.981380543327162846e-01	0.000000000000000000e+00
2.413814460318098876e-01	2.833734871728376126e-01	0.000000000000000000e+00
2.488173138550791030e-01	2.577504398445248923e-01	0.000000000000000000e+00
2.488173138550791030e-01	2.570154694665563455e-01	0.000000000000000000e+00
2.543942147225310424e-01	2.468413182776220960e-01	0.000000000000000000e+00
2.599711155899829818e-01	2.445614440809755485e-01	0.000000000000000000e+00
2.599711155899829818e-01	2.445614440809755485e-01	0.000000000000000000e+00
2.599711155899829818e-01	2.445614440809755485e-01	0.000000000000000000e+00
2.599711155899829818e-01	2.445614440809755485e-01	0.000000000000000000e+00
2.599711155899829818e-01	2.445614440809755485e-01	0.000000000000000000e+00
2.599711155899829818e-01	2.445614440809755485e-01	0.000000000000000000e+00
2.599711155899829818e-01	2.445614440809755485e-01	0.000000000000000000e+00
2.599711155899829818e-01	2.445614440809755485e-01	0.000000000000000000e+00
2.599711155899829818e-01	2.445614440809755485e-01	0.000000000000000000e+00
2.599711155899829818e-01	2.445614440809755485e-01	0.000000000000000000e+00
2.599711155899829818e-01	2.445614440809755485e-01	0.000000000000000000e+00
2.599711155899829818e-01	2.445614440809755485e-01	0.000000000000000000e+00
2.599711155899829818e-01	2.445614440809755485e-01	0.000000000000000000e+00
2.599711155899829818e-01	2.445614440809755485e-01	0.000000000000000000e+00
2.599711155899829818e-01	2.445614440809755485e-01	0.000000000000000000e+00
2.599711155899829818e-01	2.445614440809755485e-01	0.000000000000000000e+00
2.599711155899829818e-01	2.445614440809755485e-01	0.000000000000000000e+00
4.144455516929408390e-01	1.884392382860472503e-01	0.000000000000000000e+00
4.144455516929408390e-01	1.884392382860472503e-01	0.000000000000000000e+00
4.144455516929408390e-01	1.884392382860472503e-01	0.000000000000000000e+00
4.157557049760746137e-01	1.769473069587782499e-01	0.000000000000000000e+00
4.173424421249581906e-01	1.522887355976563495e-01	0.000000000000000000e+00
4.184331569278725294e-01	1.388753093610058664e-01	0.000000000000000000e+00
4.202393325569755422e-01	1.154957271853911671e-01	0.000000000000000000e+00
4.202393325569755422e-01	1.064325185102647509e-01	0.000000000000000000e+00
4.229920043613728531e-01	8.476465654885667611e-02	0.000000000000000000e+00
4.237912996305597813e-01	7.545450492946662036e-02	0.000000000000000000e+00
4.252927107190065392e-01	4.932930840191333821e-02	0.000000000000000000e+00
4.252927107190065392e-01	4.932930840191333821e-02	0.000000000000000000e+00
4.273432667041440203e-01	3.393561949444429821e-02	0.000000000000000000e+00
4.343336941159691711e-01	-1.986807818911936682e-02	0.000000000000000000e+00
4.343336941159691711e-01	-1.986807818911936682e-02	0.000000000000000000e+00
4.309984976514910082e-01	-2.619955165012416692e-03	0.000000000000000000e+00
4.343336941159691711e-01	-1.986807818911936682e-02	0.000000000000000000e+00
4.360152909197418936e-01	-3.287404263432164991e-02	0.000000000000000000e+00
4.373058340821676104e-01	-4.807764201852535169e-02	0.000000000000000000e+00
4.374378541805347131e-01	-5.144408368730087056e-02	0.000000000000000000e+00
4.408010477880801581e-01	-6.883425626860285862e-02	0.000000000000000000e+00
4.408010477880801581e-01	-7.230023891247848444e-02	0.000000000000000000e+00
4.441642413956255475e-01	-9.366513752385130509e-02	0.000000000000000000e+00
4.441642413956255475e-01	-9.511665375075838147e-02	0.000000000000000000e+00
4.500527944110020440e-01	-1.115216449492649059e-01	0.000000000000000000e+00
4.500527944110020440e-01	-1.122232900279186707e-01	0.000000000000000000e+00
4.534329507922530977e-01	-1.224331142033572295e-01	0.000000000000000000e+00
4.534329507922530977e-01	-1.224331142033572295e-01	0.000000000000000000e+00
4.534329507922530977e-01	-1.224331142033572295e-01	0.000000000000000000e+00
4.534329507922530977e-01	-1.224331142033572295e-01	0.000000000000000000e+00
4.534329507922530977e-01	-1.224331142033572295e-01	0.000000000000000000e+00
4.534329507922530977e-01	-1.224331142033572295e-01	0.000000000000000000e+00
4.534329507922530977e-01	-1.224331142033572295e-01	0.000000000000000000e+00
4.534329507922530977e-01	-1.224331142033572295e-01	0.000000000000000000e+00
4.534329507922530977e-01	-1.224331142033572295e-01	0.000000000000000000e+00
4.534329507922530977e-01	-1.224331142033572295e-01	0.000000000000000000e+00
4.534329507922530977e-01	-1.224331142033572295e-01	0.000000000000000000e+00
4.534329507922530977e-01	-1.224331142033572295e-01	0.000000000000000000e+00
4.534329507922530977e-01	-1.224331142033572295e-01	0.000000000000000000e+00
4.534329507922530977e-01	-1.224331142033572295e-01	0.000000000000000000e+00
4.534329507922530977e-01	-1.223038779534332543e-01	0.000000000000000000e+00
4.534329507922530977e-01	-1.223038779534332543e-01	0.000000000000000000e+00
6.197711860641061943e-01	-1.369076528299348061e-01	0.000000000000000000e+00
6.219628809175352657e-01	-1.772136228772536737e-01	0.000000000000000000e+00
6.219628809175352657e-01	-1.772136228772536737e-01	0.000000000000000000e+00
6.219628809175352657e-01	-1.772136228772536737e-01	0.000000000000000000e+00
6.219628809175352657e-01	-1.772136228772536737e-01	0.000000000000000000e+00
6.219628809175352657e-01	-1.812846224996865485e-01	0.000000000000000000e+00
6.263462706243934086e-01	-2.275588183223611893e-01	0.000000000000000000e+00
6.263462706243934086e-01	-2.275588183223611893e-01	0.000000000000000000e+00
6.263462706243934086e-01	-2.275588183223611893e-01	0.000000000000000000e+00
6.263462706243934086e-01	-2.275588183223611893e-01	0.000000000000000000e+00
6.263462706243934086e-01	-2.324663922292534157e-01	0.000000000000000000e+00
6.280181750268269969e-01	-2.492214375070651855e-01	0.000000000000000000e+00
6.282261847525516529e-01	-2.536956577942879876e-01	0.000000000000000000e+00
6.300539795176206548e-01	-2.686167419040187410e-01	0.000000000000000000e+00
6.300539795176206548e-01	-2.686167419040187410e-01	0.000000000000000000e+00
6.314388713617881121e-01	-2.812900139616092976e-01	0.000000000000000000e+00
6.314388713617881121e-01	-2.853571816680642859e-01	0.000000000000000000e+00
6.331876632943156391e-01	-2.955018995560285133e-01	0.000000000000000000e+00
6.338001321758948148e-01	-3.049795538817106078e-01	0.000000000000000000e+00
6.343875155838925028e-01	-3.233776813632815439e-01	0.000000000000000000e+00
6.343875155838925028e-01	-3.233776813632815439e-01	0.000000000000000000e+00
6.389213077848754363e-01	-3.246292056052464958e-01	0.000000000000000000e+00
6.397619671203289560e-01	-3.358248564382783075e-01	0.000000000000000000e+00
6.421953051746995822e-01	-3.545965326541034024e-01	0.000000000000000000e+00
6.421953051746995822e-01	-3.545965326541034024e-01	0.000000000000000000e+00
6.423219573746714595e-01	-3.628311108913506167e-01	0.000000000000000000e+00
6.423219573746714595e-01	-3.628311108913506167e-01	0.000000000000000000e+00
6.445294667032708258e-01	-3.724409715859582359e-01	0.000000000000000000e+00
6.445294667032708258e-01	-3.775757355430747753e-01	0.000000000000000000e+00
6.447827711032145803e-01	-3.855574608355323840e-01	0.000000000000000000e+00
6.457304856206553811e-01	-4.001515556889410075e-01	0.000000000000000000e+00
6.457304856206553811e-01	-4.001515556889410075e-01	0.000000000000000000e+00
6.480058712554525036e-01	-4.107162230336030562e-01	0.000000000000000000e+00
6.493335423728089362e-01	-4.170615341675469878e-01	0.000000000000000000e+00
6.517355802075779359e-01	-4.357950840988035757e-01	0.000000000000000000e+00
6.517355802075779359e-01	-4.357950840988035757e-01	0.000000000000000000e+00
6.517355802075779359e-01	-4.357950840988035757e-01	0.000000000000000000e+00
6.517355802075779359e-01	-4.357950840988035757e-01	0.000000000000000000e+00
6.517355802075779359e-01	-4.357950840988035757e-01	0.000000000000000000e+00
6.517355802075779359e-01	-4.357950840988035757e-01	0.000000000000000000e+00
6.517355802075779359e-01	-4.357950840988035757e-01	0.000000000000000000e+00
6.517355802075779359e-01	-4.357950840988035757e-01	0.000000000000000000e+00
6.517355802075779359e-01	-4.357950840988035757e-01	0.000000000000000000e+00
6.517355802075779359e-01	-4.357950840988035757e-01	0.000000000000000000e+00
6.517355802075779359e-01	-4.357950840988035757e-01	0.000000000000000000e+00
6.517355802075779359e-01	-4.357950840988035757e-01	0.000000000000000000e+00
6.517355802075779359e-01	-4.357950840988035757e-01	0.000000000000000000e+00
8.360600815693475241e-01	-4.871779459010489033e-01	0.000000000000000000e+00
8.360600815693475241e-01	-4.871779459010489033e-01	0.000000000000000000e+00
8.360600815693475241e-01	-4.871779459010489033e-01	0.000000000000000000e+00
8.360600815693475241e-01	-4.871779459010489033e-01	0.000000000000000000e+00
8.360600815693475241e-01	-4.871779459010489033e-01	0.000000000000000000e+00
8.360600815693475241e-01	-4.871779459010489033e-01	0.000000000000000000e+00
8.360600815693475241e-01	-4.871779459010489033e-01	0.000000000000000000e+00
8.360600815693475241e-01	-5.510428546783985304e-01	0.000000000000000000e+00
8.360600815693475241e-01	-5.510428546783985304e-01	0.000000000000000000e+00
8.360600815693475241e-01	-5.454971367220448064e-01	0.000000000000000000e+00
8.360600815693475241e-01	-5.454971367220448064e-01	0.000000000000000000e+00
8.360600815693475241e-01	-5.392242921329996053e-01	0.000000000000000000e+00
8.360600815693475241e-01	-5.392242921329996053e-01	0.000000000000000000e+00
8.360600815693475241e-01	-5.392242921329996053e-01	0.000000000000000000e+00
8.360600815693475241e-01	-5.392242921329996053e-01	0.000000000000000000e+00
8.360600815693475241e-01	-5.454971367220448064e-01	0.000000000000000000e+00
8.360600815693475241e-01	-5.520775649289996201e-01	0.000000000000000000e+00
8.360600815693475241e-01	-5.554208531863019660e-01	0.000000000000000000e+00
8.360600815693475241e-01	-5.674174497856119270e-01	0.000000000000000000e+00
8.360600815693475241e-01	-5.674174497856119270e-01	0.000000000000000000e+00
8.360600815693475241e-01	-5.814004737869929995e-01	0.000000000000000000e+00
8.360600815693475241e-01	-5.814004737869929995e-01	0.000000000000000000e+00
8.373582980070299886e-01	-6.428992376288805710e-01	0.000000000000000000e+00
8.373582980070299886e-01	-6.428992376288805710e-01	0.000000000000000000e+00
8.373582980070299886e-01	-6.428992376288805710e-01	0.000000000000000000e+00
8.373582980070299886e-01	-6.428992376288805710e-01	0.000000000000000000e+00
8.373582980070299886e-01	-6.428992376288805710e-01	0.000000000000000000e+00
8.373582980070299886e-01	-6.428992376288805710e-01	0.000000000000000000e+00
8.373582980070299886e-01	-6.428992376288805710e-01	0.000000000000000000e+00
8.373582980070299886e-01	-6.428992376288805710e-01	0.000000000000000000e+00
8.373582980070299886e-01	-6.428992376288805710e-01	0.000000000000000000e+00
8.373582980070299886e-01	-6.379365917873949243e-01	0.000000000000000000e+00
8.373582980070299886e-01	-6.379365917873949243e-01	0.000000000000000000e+00
8.396183403542883950e-01	-6.546514730878276733e-01	0.000000000000000000e+00
8.377298030111903770e-01	-6.492500600229363927e-01	0.000000000000000000e+00
8.396183403542883950e-01	-6.546514730878276733e-01	0.000000000000000000e+00
8.396183403542883950e-01	-6.640314545212522290e-01	0.000000000000000000e+00
8.396183403542883950e-01	-6.640314545212522290e-01	0.000000000000000000e+00
8.406255602706071972e-01	-6.668129413358669932e-01	0.000000000000000000e+00
8.409086821537432588e-01	-6.872117985857362221e-01	0.000000000000000000e+00
8.409086821537432588e-01	-6.872117985857362221e-01	0.000000000000000000e+00
8.409086821537432588e-01	-6.872117985857362221e-01	0.000000000000000000e+00
8.418845851660059498e-01	-6.925480998746685879e-01	0.000000000000000000e+00
8.418845851660059498e-01	-6.925480998746685879e-01	0.000000000000000000e+00
8.420418045596020917e-01	-6.967191269698165268e-01	0.000000000000000000e+00
8.433954150404845418e-01	-7.059452426912700140e-01	0.000000000000000000e+00
8.444026349568034551e-01	-7.108259102128674511e-01	0.000000000000000000e+00
8.444026349568034551e-01	-7.108259102128674511e-01	0.000000000000000000e+00
8.444026349568034551e-01	-7.108259102128674511e-01	0.000000000000000000e+00
8.454098548731223683e-01	-7.190229101383159849e-01	0.000000000000000000e+00
8.454098548731223683e-01	-7.193467536719064803e-01	0.000000000000000000e+00
