8.045672898445122012e-02	3.209095164948509105e+00	0.000000000000000000e+00
8.045672898445122012e-02	3.209095164948509105e+00	0.000000000000000000e+00
8.045672898445122012e-02	3.209095164948509105e+00	0.000000000000000000e+00
8.045672898445122012e-02	3.209095164948509105e+00	0.000000000000000000e+00
8.045672898445122012e-02	3.209095164948509105e+00	0.000000000000000000e+00
8.045672898445122012e-02	3.209095164948509105e+00	0.000000000000000000e+00
8.045672898445122012e-02	3.209095164948509105e+00	0.000000000000000000e+00
5.455351203218956196e-02	3.318426042333181059e+00	0.000000000000000000e+00
8.045672898445122012e-02	3.209095164948509105e+00	0.000000000000000000e+00
8.045672898445122012e-02	3.209095164948509105e+00	0.000000000000000000e+00
1.037094473567565095e-01	3.176577201822846863e+00	0.000000000000000000e+00
1.037094473567565095e-01	3.176577201822846863e+00	0.000000000000000000e+00
1.037094473567565095e-01	3.176577201822846863e+00	0.000000000000000000e+00
1.037094473567565095e-01	3.176577201822846863e+00	0.000000000000000000e+00
1.037094473567565095e-01	3.176577201822846863e+00	0.000000000000000000e+00
1.555158812612798258e-01	3.162814967437004743e+00	0.000000000000000000e+00
1.555158812612798258e-01	3.162814967437004743e+00	0.000000000000000000e+00
1.555158812612798258e-01	3.162814967437004743e+00	0.000000000000000000e+00
1.555158812612798258e-01	3.162814967437004743e+00	0.000000000000000000e+00
2.020213180058904046e-01	2.808194200474516400e+00	0.000000000000000000e+00
2.020213180058904046e-01	2.808194200474516400e+00	0.000000000000000000e+00
2.020213180058904046e-01	2.808194200474516400e+00	0.000000000000000000e+00
2.020213180058904046e-01	2.808194200474516400e+00	0.000000000000000000e+00
2.020213180058904046e-01	2.808194200474516400e+00	0.000000000000000000e+00
2.020213180058904046e-01	2.808194200474516400e+00	0.000000000000000000e+00
2.020213180058904046e-01	2.808194200474516400e+00	0.000000000000000000e+00
2.020213180058904046e-01	2.808194200474516400e+00	0.000000000000000000e+00
2.476001966623687378e-01	2.545388901644555002e+00	0.000000000000000000e+00
2.476001966623687378e-01	2.545388901644555002e+00	0.000000000000000000e+00
2.476001966623687378e-01	2.545388901644555002e+00	0.000000000000000000e+00
2.476001966623687378e-01	2.545388901644555002e+00	0.000000000000000000e+00
2.476001966623687378e-01	2.545388901644555002e+00	0.000000000000000000e+00
2.476001966623687378e-01	2.545388901644555002e+00	0.000000000000000000e+00
2.703896359906078906e-01	2.437948696664029580e+00	0.000000000000000000e+00
2.703896359906078906e-01	2.437948696664029580e+00	0.000000000000000000e+00
2.703896359906078906e-01	2.437948696664029580e+00	0.000000000000000000e+00
2.703896359906078906e-01	2.437948696664029580e+00	0.000000000000000000e+00
2.703896359906078906e-01	2.437948696664029580e+00	0.000000000000000000e+00
2.703896359906078906e-01	2.437948696664029580e+00	0.000000000000000000e+00
2.703896359906078906e-01	2.437948696664029580e+00	0.000000000000000000e+00
2.703896359906078906e-01	2.437948696664029580e+00	0.000000000000000000e+00
2.703896359906078906e-01	2.437948696664029580e+00	0.000000000000000000e+00
2.703896359906078906e-01	2.559921863090178551e+00	0.000000000000000000e+00
2.476001966623687378e-01	2.574943022735354692e+00	0.000000000000000000e+00
2.476001966623687378e-01	2.574943022735354692e+00	0.000000000000000000e+00
2.476001966623687378e-01	2.591881519065552641e+00	0.000000000000000000e+00
2.476001966623687378e-01	2.591881519065552641e+00	0.000000000000000000e+00
2.476001966623687378e-01	2.591881519065552641e+00	0.000000000000000000e+00
2.476001966623687378e-01	2.591881519065552641e+00	0.000000000000000000e+00
2.476001966623687378e-01	2.594277838189161578e+00	0.000000000000000000e+00
4.713148491940580831e-01	2.028345650097817199e+00	0.000000000000000000e+00
4.703882911059258376e-01	2.070243787656663947e+00	0.000000000000000000e+00
4.713148491940580831e-01	2.133698186871785030e+00	0.000000000000000000e+00
4.713148491940580831e-01	2.133698186871785030e+00	0.000000000000000000e+00
4.713148491940580831e-01	2.133698186871785030e+00	0.000000000000000000e+00
4.713148491940580831e-01	2.133698186871785030e+00	0.000000000000000000e+00
4.713148491940580831e-01	2.133698186871785030e+00	0.000000000000000000e+00
4.713148491940580831e-01	2.133698186871785030e+00	0.000000000000000000e+00
4.713148491940580831e-01	2.133698186871785030e+00	0.000000000000000000e+00
4.713148491940580831e-01	2.133698186871785030e+00	0.000000000000000000e+00
4.713148491940580831e-01	2.133698186871785030e+00	0.000000000000000000e+00
4.713148491940580831e-01	2.133698186871785030e+00	0.000000000000000000e+00
4.713148491940580831e-01	2.133698186871785030e+00	0.000000000000000000e+00
4.713148491940580831e-01	2.133698186871785030e+00	0.000000000000000000e+00
4.713148491940580831e-01	2.133698186871785030e+00	0.000000000000000000e+00
4.713148491940580831e-01	2.133698186871785030e+00	0.000000000000000000e+00
4.722414072821903841e-01	2.145090502188132131e+00	0.000000000000000000e+00
4.722414072821903841e-01	2.145090502188132131e+00	0.000000000000000000e+00
4.722414072821903841e-01	2.145090502188132131e+00	0.000000000000000000e+00
4.722414072821903841e-01	2.145090502188132131e+00	0.000000000000000000e+00
4.722414072821903841e-01	2.145090502188132131e+00	0.000000000000000000e+00
4.722414072821903841e-01	2.145090502188132131e+00	0.000000000000000000e+00
4.722414072821903841e-01	2.145090502188132131e+00	0.000000000000000000e+00
4.722414072821903841e-01	2.145090502188132131e+00	0.000000000000000000e+00
4.722414072821903841e-01	2.145090502188132131e+00	0.000000000000000000e+00
4.722414072821903841e-01	2.145090502188132131e+00	0.000000000000000000e+00
4.722414072821903841e-01	2.145090502188132131e+00	0.000000000000000000e+00
4.722414072821903841e-01	2.145090502188132131e+00	0.000000000000000000e+00
6.368787786087124481e-01	1.810374157581231769e+00	0.000000000000000000e+00
6.368787786087124481e-01	1.810374157581231769e+00	0.000000000000000000e+00
6.363556974430214508e-01	1.867813398825060256e+00	0.000000000000000000e+00
6.363556974430214508e-01	1.867813398825060256e+00	0.000000000000000000e+00
6.363556974430214508e-01	1.867813398825060256e+00	0.000000000000000000e+00
6.363556974430214508e-01	1.867813398825060256e+00	0.000000000000000000e+00
6.363556974430214508e-01	1.867813398825060256e+00	0.000000000000000000e+00
6.363556974430214508e-01	1.867813398825060256e+00	0.000000000000000000e+00
6.363556974430214508e-01	1.867813398825060256e+00	0.000000000000000000e+00
6.363556974430214508e-01	1.867813398825060256e+00	0.000000000000000000e+00
6.363556974430214508e-01	1.867813398825060256e+00	0.000000000000000000e+00
6.363556974430214508e-01	1.867813398825060256e+00	0.000000000000000000e+00
6.363556974430214508e-01	1.867813398825060256e+00	0.000000000000000000e+00
6.363556974430214508e-01	1.867813398825060256e+00	0.000000000000000000e+00
6.363556974430214508e-01	1.867813398825060256e+00	0.000000000000000000e+00
6.363556974430214508e-01	1.867813398825060256e+00	0.000000000000000000e+00
6.363556974430214508e-01	1.867813398825060256e+00	0.000000000000000000e+00
6.365300578315851165e-01	1.858514775577718270e+00	0.000000000000000000e+00
6.386223824943491056e-01	1.718568619036449974e+00	0.000000000000000000e+00
6.386223824943491056e-01	1.718568619036449974e+00	0.000000000000000000e+00
6.386223824943491056e-01	1.718568619036449974e+00	0.000000000000000000e+00
6.386223824943491056e-01	1.718568619036449974e+00	0.000000000000000000e+00
6.386223824943491056e-01	1.718568619036449974e+00	0.000000000000000000e+00
6.386223824943491056e-01	1.718568619036449974e+00	0.000000000000000000e+00
6.386223824943491056e-01	1.718568619036449974e+00	0.000000000000000000e+00
6.386223824943491056e-01	1.718568619036449974e+00	0.000000000000000000e+00
6.386223824943491056e-01	1.718568619036449974e+00	0.000000000000000000e+00
6.386223824943491056e-01	1.718568619036449974e+00	0.000000000000000000e+00
6.386223824943491056e-01	1.718568619036449974e+00	0.000000000000000000e+00
6.386223824943491056e-01	1.718568619036449974e+00	0.000000000000000000e+00
6.400172656028585427e-01	1.726740744413865380e+00	0.000000000000000000e+00
6.400172656028585427e-01	1.726740744413865380e+00	0.000000000000000000e+00
6.400172656028585427e-01	1.726740744413865380e+00	0.000000000000000000e+00
6.400172656028585427e-01	1.726740744413865380e+00	0.000000000000000000e+00
6.400172656028585427e-01	1.726740744413865380e+00	0.000000000000000000e+00
6.400172656028585427e-01	1.726740744413865380e+00	0.000000000000000000e+00
6.400172656028585427e-01	1.726740744413865380e+00	0.000000000000000000e+00
6.400172656028585427e-01	1.726740744413865380e+00	0.000000000000000000e+00
6.400172656028585427e-01	1.726740744413865380e+00	0.000000000000000000e+00
6.400172656028585427e-01	1.726740744413865380e+00	0.000000000000000000e+00
6.400172656028585427e-01	1.726740744413865380e+00	0.000000000000000000e+00
6.400172656028585427e-01	1.726740744413865380e+00	0.000000000000000000e+00
8.362516645637194657e-01	1.362992274206091814e+00	0.000000000000000000e+00
8.362516645637194657e-01	1.362992274206091814e+00	0.000000000000000000e+00
8.362516645637194657e-01	1.362992274206091814e+00	0.000000000000000000e+00
8.362516645637194657e-01	1.362992274206091814e+00	0.000000000000000000e+00
8.362516645637194657e-01	1.362992274206091814e+00	0.000000000000000000e+00
8.362516645637194657e-01	1.362992274206091814e+00	0.000000000000000000e+00
8.362516645637194657e-01	1.362992274206091814e+00	0.000000000000000000e+00
8.362516645637194657e-01	1.524539309681219423e+00	0.000000000000000000e+00
8.362516645637194657e-01	1.524539309681219423e+00	0.000000000000000000e+00
8.362516645637194657e-01	1.524539309681219423e+00	0.000000000000000000e+00
8.362516645637194657e-01	1.524539309681219423e+00	0.000000000000000000e+00
8.362516645637194657e-01	1.524539309681219423e+00	0.000000000000000000e+00
8.362516645637194657e-01	1.524539309681219423e+00	0.000000000000000000e+00
8.362516645637194657e-01	1.524539309681219423e+00	0.000000000000000000e+00
8.362516645637194657e-01	1.524539309681219423e+00	0.000000000000000000e+00
8.362516645637194657e-01	1.540453068815564652e+00	0.000000000000000000e+00
8.362516645637194657e-01	1.540453068815564652e+00	0.000000000000000000e+00
8.362516645637194657e-01	1.540453068815564652e+00	0.000000000000000000e+00
8.387547401833752581e-01	1.538854370206424127e+00	0.000000000000000000e+00
8.387547401833752581e-01	1.472749472438588336e+00	0.000000000000000000e+00
8.387547401833752581e-01	1.472749472438588336e+00	0.000000000000000000e+00
8.387547401833752581e-01	1.472749472438588336e+00	0.000000000000000000e+00
8.387547401833752581e-01	1.472749472438588336e+00	0.000000000000000000e+00
8.387547401833752581e-01	1.472749472438588336e+00	0.000000000000000000e+00
8.387547401833752581e-01	1.472749472438588336e+00	0.000000000000000000e+00
8.387547401833752581e-01	1.472749472438588336e+00	0.000000000000000000e+00
8.393805090882892062e-01	1.374516304608018213e+00	0.000000000000000000e+00
8.393805090882892062e-01	1.374516304608018213e+00	0.000000000000000000e+00
8.393805090882892062e-01	1.374516304608018213e+00	0.000000000000000000e+00
8.393805090882892062e-01	1.359612318532910313e+00	0.000000000000000000e+00
8.393805090882892062e-01	1.359612318532910313e+00	0.000000000000000000e+00
8.393805090882892062e-01	1.359612318532910313e+00	0.000000000000000000e+00
8.393805090882892062e-01	1.359612318532910313e+00	0.000000000000000000e+00
8.393805090882892062e-01	1.359612318532910313e+00	0.000000000000000000e+00
8.393805090882892062e-01	1.359612318532910313e+00	0.000000000000000000e+00
8.393805090882892062e-01	1.359612318532910313e+00	0.000000000000000000e+00
8.393805090882892062e-01	1.359612318532910313e+00	0.000000000000000000e+00
8.393805090882892062e-01	1.359612318532910313e+00	0.000000000000000000e+00
8.393805090882892062e-01	1.359612318532910313e+00	0.000000000000000000e+00
8.393805090882892062e-01	1.359612318532910313e+00	0.000000000000000000e+00
8.393805090882892062e-01	1.359612318532910313e+00	0.000000000000000000e+00
8.393805090882892062e-01	1.359612318532910313e+00	0.000000000000000000e+00
8.406320468981169913e-01	1.241513374855631735e+00	0.000000000000000000e+00
8.406320468981169913e-01	1.241513374855631735e+00	0.000000000000000000e+00
8.406320468981169913e-01	1.241513374855631735e+00	0.000000000000000000e+00
8.406320468981169913e-01	1.241513374855631735e+00	0.000000000000000000e+00
8.406320468981169913e-01	1.241513374855631735e+00	0.000000000000000000e+00
8.406320468981169913e-01	1.241513374855631735e+00	0.000000000000000000e+00
8.406320468981169913e-01	1.241513374855631735e+00	0.000000000000000000e+00
8.406320468981169913e-01	1.312852961915424999e+00	0.000000000000000000e+00
8.409449313505739099e-01	1.239367800039538725e+00	0.000000000000000000e+00
8.409449313505739099e-01	1.239367800039538725e+00	0.000000000000000000e+00
8.406320468981169913e-01	1.298030478306446689e+00	0.000000000000000000e+00
8.409449313505739099e-01	1.239367800039538725e+00	0.000000000000000000e+00
8.409449313505739099e-01	1.239367800039538725e+00	0.000000000000000000e+00
8.409449313505739099e-01	1.239367800039538725e+00	0.000000000000000000e+00
8.409449313505739099e-01	1.239367800039538725e+00	0.000000000000000000e+00
8.409449313505739099e-01	1.239367800039538725e+00	0.000000000000000000e+00
8.409449313505739099e-01	1.239367800039538725e+00	0.000000000000000000e+00
8.409449313505739099e-01	1.239367800039538725e+00	0.000000000000000000e+00
8.409449313505739099e-01	1.239367800039538725e+00	0.000000000000000000e+00
8.409449313505739099e-01	1.237893631862904575e+00	0.000000000000000000e+00
8.409449313505739099e-01	1.237893631862904575e+00	0.000000000000000000e+00
8.412578158030309394e-01	1.167603493542865856e+00	0.000000000000000000e+00
8.412578158030309394e-01	1.167603493542865856e+00	0.000000000000000000e+00
8.412578158030309394e-01	1.169310562270682308e+00	0.000000000000000000e+00
8.412578158030309394e-01	1.169310562270682308e+00	0.000000000000000000e+00
8.412578158030309394e-01	1.169310562270682308e+00	0.000000000000000000e+00
8.412578158030309394e-01	1.169310562270682308e+00	0.000000000000000000e+00
8.412578158030309394e-01	1.169310562270682308e+00	0.000000000000000000e+00
8.412578158030309394e-01	1.169310562270682308e+00	0.000000000000000000e+00
8.412578158030309394e-01	1.169310562270682308e+00	0.000000000000000000e+00
8.412578158030309394e-01	1.169310562270682308e+00	0.000000000000000000e+00
8.412578158030309394e-01	1.169310562270682308e+00	0.000000000000000000e+00
8.412578158030309394e-01	1.169310562270682308e+00	0.000000000000000000e+00
8.412578158030309394e-01	1.169310562270682308e+00	0.000000000000000000e+00
8.412578158030309394e-01	1.169310562270682308e+00	0.000000000000000000e+00
8.412578158030309394e-01	1.169310562270682308e+00	0.000000000000000000e+00
8.412578158030309394e-01	1.169310562270682308e+00	0.000000000000000000e+00
8.412578158030309394e-01	1.169310562270682308e+00	0.000000000000000000e+00
