0.000000000000000000e+00	3.501683853625101150e+00	0.000000000000000000e+00
0.000000000000000000e+00	3.452504470039266860e+00	0.000000000000000000e+00
4.837803824941563219e-02	3.253454371205627194e+00	0.000000000000000000e+00
7.511534789574039750e-02	2.963019212239175193e+00	0.000000000000000000e+00
7.511534789574039750e-02	2.963019212239175193e+00	0.000000000000000000e+00
9.910567755179258698e-02	2.681897878103812083e+00	0.000000000000000000e+00
9.910567755179258698e-02	2.681897878103812083e+00	0.000000000000000000e+00
1.508169394417010201e-01	2.658590113168745273e+00	0.000000000000000000e+00
1.772941384538157528e-01	2.570902782145886079e+00	0.000000000000000000e+00
1.858494726516463635e-01	2.395900267757792967e+00	0.000000000000000000e+00
1.858494726516463635e-01	2.347598225207163658e+00	0.000000000000000000e+00
2.085938395217452057e-01	2.185861456842005168e+00	0.000000000000000000e+00
2.128715066206605111e-01	2.132083604560865986e+00	0.000000000000000000e+00
2.128715066206605111e-01	2.097369958492243391e+00	0.000000000000000000e+00
2.313382063918440201e-01	1.955197759960930703e+00	0.000000000000000000e+00
2.313382063918440201e-01	1.933559665254022342e+00	0.000000000000000000e+00
2.313382063918440201e-01	1.933559665254022342e+00	0.000000000000000000e+00
2.313382063918440201e-01	1.933559665254022342e+00	0.000000000000000000e+00
2.313382063918440201e-01	1.933559665254022342e+00	0.000000000000000000e+00
2.313382063918440201e-01	1.933559665254022342e+00	0.000000000000000000e+00
2.313382063918440201e-01	1.933559665254022342e+00	0.000000000000000000e+00
2.313382063918440201e-01	1.933559665254022342e+00	0.000000000000000000e+00
2.313382063918440201e-01	1.933559665254022342e+00	0.000000000000000000e+00
2.313382063918440201e-01	1.933559665254022342e+00	0.000000000000000000e+00
2.313382063918440201e-01	1.933559665254022342e+00	0.000000000000000000e+00
2.313382063918440201e-01	1.933559665254022342e+00	0.000000000000000000e+00
4.666430887621640933e-01	1.447939173872010876e+00	0.000000000000000000e+00
4.666430887621640933e-01	1.447939173872010876e+00	0.000000000000000000e+00
4.666430887621640933e-01	1.447939173872010876e+00	0.000000000000000000e+00
4.666430887621640933e-01	1.447939173872010876e+00	0.000000000000000000e+00
4.666430887621640933e-01	1.447939173872010876e+00	0.000000000000000000e+00
4.666430887621640933e-01	1.410491687150711826e+00	0.000000000000000000e+00
4.666430887621640933e-01	1.410491687150711826e+00	0.000000000000000000e+00
4.666430887621640933e-01	1.410491687150711826e+00	0.000000000000000000e+00
4.666430887621640933e-01	1.410491687150711826e+00	0.000000000000000000e+00
4.666430887621640933e-01	1.410491687150711826e+00	0.000000000000000000e+00
4.666430887621640933e-01	1.410491687150711826e+00	0.000000000000000000e+00
4.666430887621640933e-01	1.395856961582800038e+00	0.000000000000000000e+00
4.693192750635719612e-01	1.381100025050131741e+00	0.000000000000000000e+00
4.693192750635719612e-01	1.381100025050131741e+00	0.000000000000000000e+00
4.693192750635719612e-01	1.381100025050131741e+00	0.000000000000000000e+00
4.693192750635719612e-01	1.381100025050131741e+00	0.000000000000000000e+00
4.693192750635719612e-01	1.381100025050131741e+00	0.000000000000000000e+00
4.693192750635719612e-01	1.381100025050131741e+00	0.000000000000000000e+00
6.368924867144745150e-01	1.044270446630340743e+00	0.000000000000000000e+00
6.368924867144745150e-01	1.044270446630340743e+00	0.000000000000000000e+00
6.368924867144745150e-01	1.044270446630340743e+00	0.000000000000000000e+00
6.368924867144745150e-01	1.044270446630340743e+00	0.000000000000000000e+00
6.324731604512328076e-01	1.080312013234845381e+00	0.000000000000000000e+00
6.324731604512328076e-01	1.080312013234845381e+00	0.000000000000000000e+00
6.324731604512328076e-01	1.080312013234845381e+00	0.000000000000000000e+00
6.324731604512328076e-01	1.080312013234845381e+00	0.000000000000000000e+00
6.324731604512328076e-01	1.080312013234845381e+00	0.000000000000000000e+00
6.324731604512328076e-01	1.080312013234845381e+00	0.000000000000000000e+00
6.324731604512328076e-01	1.080312013234845381e+00	0.000000000000000000e+00
6.324731604512328076e-01	1.080312013234845381e+00	0.000000000000000000e+00
6.324731604512328076e-01	1.080312013234845381e+00	0.000000000000000000e+00
6.324731604512328076e-01	9.979125387167135930e-01	0.000000000000000000e+00
6.324731604512328076e-01	1.046020741637481599e+00	0.000000000000000000e+00
6.324731604512328076e-01	1.046020741637481599e+00	0.000000000000000000e+00
6.324731604512328076e-01	9.979125387167135930e-01	0.000000000000000000e+00
6.324731604512328076e-01	9.979125387167135930e-01	0.000000000000000000e+00
6.324731604512328076e-01	9.979125387167135930e-01	0.000000000000000000e+00
6.440265419679933601e-01	9.104713424802541866e-01	0.000000000000000000e+00
6.440265419679933601e-01	9.104713424802541866e-01	0.000000000000000000e+00
6.440265419679933601e-01	9.104713424802541866e-01	0.000000000000000000e+00
6.440265419679933601e-01	9.104713424802541866e-01	0.000000000000000000e+00
6.440265419679933601e-01	9.104713424802541866e-01	0.000000000000000000e+00
6.440265419679933601e-01	9.104713424802541866e-01	0.000000000000000000e+00
6.449735404529737259e-01	9.043349197493404379e-01	0.000000000000000000e+00
6.468675374229343467e-01	8.683588873465415414e-01	0.000000000000000000e+00
6.468675374229343467e-01	8.683588873465415414e-01	0.000000000000000000e+00
6.468675374229343467e-01	8.683588873465415414e-01	0.000000000000000000e+00
6.487615343928949674e-01	8.594040385693062500e-01	0.000000000000000000e+00
6.487615343928949674e-01	8.594040385693062500e-01	0.000000000000000000e+00
6.487615343928949674e-01	8.594040385693062500e-01	0.000000000000000000e+00
8.315119196289808556e-01	7.369027524203539681e-01	0.000000000000000000e+00
8.315119196289808556e-01	7.369027524203539681e-01	0.000000000000000000e+00
8.315119196289808556e-01	7.369027524203539681e-01	0.000000000000000000e+00
8.315119196289808556e-01	7.369027524203539681e-01	0.000000000000000000e+00
8.315119196289808556e-01	7.369027524203539681e-01	0.000000000000000000e+00
8.315119196289808556e-01	7.369027524203539681e-01	0.000000000000000000e+00
8.315119196289808556e-01	7.369027524203539681e-01	0.000000000000000000e+00
8.315119196289808556e-01	7.369027524203539681e-01	0.000000000000000000e+00
8.315119196289808556e-01	6.790450231466508280e-01	0.000000000000000000e+00
8.315119196289808556e-01	6.790450231466508280e-01	0.000000000000000000e+00
8.315119196289808556e-01	6.790450231466508280e-01	0.000000000000000000e+00
8.315119196289808556e-01	6.790450231466508280e-01	0.000000000000000000e+00
8.315119196289808556e-01	6.790450231466508280e-01	0.000000000000000000e+00
8.315119196289808556e-01	6.790450231466508280e-01	0.000000000000000000e+00
8.315119196289808556e-01	6.790450231466508280e-01	0.000000000000000000e+00
8.525615918566074036e-01	5.979168367577740728e-01	0.000000000000000000e+00
8.525615918566074036e-01	5.979168367577740728e-01	0.000000000000000000e+00
8.525615918566074036e-01	5.979168367577740728e-01	0.000000000000000000e+00
8.525615918566074036e-01	5.979168367577740728e-01	0.000000000000000000e+00
8.525615918566074036e-01	5.979168367577740728e-01	0.000000000000000000e+00
8.525615918566074036e-01	5.979168367577740728e-01	0.000000000000000000e+00
8.525615918566074036e-01	5.979168367577740728e-01	0.000000000000000000e+00
8.525615918566074036e-01	5.979168367577740728e-01	0.000000000000000000e+00
8.525615918566074036e-01	5.979168367577740728e-01	0.000000000000000000e+00
