0.000000000000000000e+00	1.671688728602159113e+00	0.000000000000000000e+00
1.245505188596685367e-02	1.611986998573443408e+00	0.000000000000000000e+00
2.762271902029354506e-02	1.464245622670453661e+00	0.000000000000000000e+00
5.388913041640717300e-02	1.341563391628337820e+00	0.000000000000000000e+00
5.388913041640717300e-02	1.341563391628337820e+00	0.000000000000000000e+00
8.015554181252079746e-02	1.235978192391006925e+00	0.000000000000000000e+00
8.015554181252079746e-02	1.235978192391006925e+00	0.000000000000000000e+00
8.015554181252079746e-02	1.235978192391006925e+00	0.000000000000000000e+00
8.015554181252079746e-02	1.235978192391006925e+00	0.000000000000000000e+00
8.015554181252079746e-02	1.235978192391006925e+00	0.000000000000000000e+00
1.820763341269616975e-01	1.221264220389691513e+00	0.000000000000000000e+00
1.942121379360673972e-01	1.179921362842510035e+00	0.000000000000000000e+00
2.025326911546830311e-01	1.045461333132107207e+00	0.000000000000000000e+00
2.106245765947623305e-01	1.018940406808139576e+00	0.000000000000000000e+00
2.159171647113358183e-01	9.482124638082172208e-01	0.000000000000000000e+00
2.237458217010801498e-01	8.408106044773437926e-01	0.000000000000000000e+00
2.328642776790052493e-01	8.334871752592686311e-01	0.000000000000000000e+00
2.362439318649029452e-01	7.481054755872897921e-01	0.000000000000000000e+00
2.487420420287257128e-01	7.136824717483390979e-01	0.000000000000000000e+00
2.487420420287257128e-01	7.072853945971595557e-01	0.000000000000000000e+00
2.487420420287257128e-01	7.060484322541611402e-01	0.000000000000000000e+00
2.487420420287257128e-01	7.060484322541611402e-01	0.000000000000000000e+00
2.487420420287257128e-01	7.058339330031053738e-01	0.000000000000000000e+00
2.487420420287257128e-01	7.058339330031053738e-01	0.000000000000000000e+00
2.487420420287257128e-01	7.058339330031053738e-01	0.000000000000000000e+00
2.487420420287257128e-01	7.058339330031053738e-01	0.000000000000000000e+00
2.487420420287257128e-01	7.058339330031053738e-01	0.000000000000000000e+00
2.487420420287257128e-01	7.058339330031053738e-01	0.000000000000000000e+00
2.487420420287257128e-01	7.058339330031053738e-01	0.000000000000000000e+00
4.427459032120626414e-01	3.489620192289583089e-01	0.000000000000000000e+00
4.427459032120626414e-01	3.489620192289583089e-01	0.000000000000000000e+00
4.427459032120626414e-01	3.489620192289583089e-01	0.000000000000000000e+00
4.427459032120626414e-01	3.489620192289583089e-01	0.000000000000000000e+00
4.427459032120626414e-01	3.489620192289583089e-01	0.000000000000000000e+00
4.427459032120626414e-01	3.167358709525978089e-01	0.000000000000000000e+00
4.427459032120626414e-01	3.167358709525978089e-01	0.000000000000000000e+00
4.427459032120626414e-01	3.167358709525978089e-01	0.000000000000000000e+00
4.427459032120626414e-01	3.167358709525978089e-01	0.000000000000000000e+00
4.427459032120626414e-01	3.167358709525978089e-01	0.000000000000000000e+00
4.427459032120626414e-01	2.949493707316802604e-01	0.000000000000000000e+00
4.452379727523584907e-01	2.634108001842725977e-01	0.000000000000000000e+00
4.452379727523584907e-01	2.416437855033061188e-01	0.000000000000000000e+00
4.471070249075803638e-01	2.096551020653601716e-01	0.000000000000000000e+00
4.474185336001173519e-01	1.900709631348386219e-01	0.000000000000000000e+00
4.471070249075803638e-01	2.096551020653601716e-01	0.000000000000000000e+00
4.471070249075803638e-01	2.096551020653601716e-01	0.000000000000000000e+00
4.471070249075803638e-01	2.096551020653601716e-01	0.000000000000000000e+00
4.471070249075803638e-01	2.096551020653601716e-01	0.000000000000000000e+00
4.471070249075803638e-01	2.154470214824412699e-01	0.000000000000000000e+00
4.471070249075803638e-01	2.154470214824412699e-01	0.000000000000000000e+00
4.471070249075803638e-01	2.154470214824412699e-01	0.000000000000000000e+00
6.241815847215081980e-01	1.458352445749913628e-01	0.000000000000000000e+00
6.241815847215081980e-01	1.458352445749913628e-01	0.000000000000000000e+00
6.241815847215081980e-01	1.458352445749913628e-01	0.000000000000000000e+00
6.273575665569740556e-01	1.077934943223163577e-01	0.000000000000000000e+00
6.273575665569740556e-01	1.077934943223163577e-01	0.000000000000000000e+00
6.337095302279056597e-01	7.230796193145618000e-02	0.000000000000000000e+00
6.337095302279056597e-01	7.230796193145618000e-02	0.000000000000000000e+00
6.352975211456386440e-01	6.053337120432998597e-02	0.000000000000000000e+00
6.370367492936317433e-01	5.501212357366750891e-03	0.000000000000000000e+00
6.370367492936317433e-01	5.501212357366750891e-03	0.000000000000000000e+00
6.370367492936317433e-01	5.501212357366750891e-03	0.000000000000000000e+00
6.412713917409194053e-01	-1.187471559473505210e-02	0.000000000000000000e+00
6.430862385040426732e-01	-3.116810759212711515e-02	0.000000000000000000e+00
6.430862385040426732e-01	-3.116810759212711515e-02	0.000000000000000000e+00
6.485307787934126988e-01	-4.797624036645761758e-02	0.000000000000000000e+00
6.494382021749742773e-01	-5.737324974027595281e-02	0.000000000000000000e+00
6.494382021749742773e-01	-5.737324974027595281e-02	0.000000000000000000e+00
6.494382021749742773e-01	-5.737324974027595281e-02	0.000000000000000000e+00
6.494382021749742773e-01	-5.737324974027595281e-02	0.000000000000000000e+00
6.485307787934126988e-01	-4.797624036645761758e-02	0.000000000000000000e+00
8.438483406909310647e-01	-1.762249305112009445e-01	0.000000000000000000e+00
8.438483406909310647e-01	-1.762249305112009445e-01	0.000000000000000000e+00
8.438483406909310647e-01	-1.762249305112009445e-01	0.000000000000000000e+00
8.436032400404007703e-01	-1.665829900316638801e-01	0.000000000000000000e+00
8.436032400404007703e-01	-1.665829900316638801e-01	0.000000000000000000e+00
8.436032400404007703e-01	-1.665829900316638801e-01	0.000000000000000000e+00
8.436032400404007703e-01	-1.665829900316638801e-01	0.000000000000000000e+00
8.436032400404007703e-01	-1.665829900316638801e-01	0.000000000000000000e+00
8.436032400404007703e-01	-1.745061160704930170e-01	0.000000000000000000e+00
8.436032400404007703e-01	-1.966695146420430473e-01	0.000000000000000000e+00
8.438483406909310647e-01	-2.658988201008964936e-01	0.000000000000000000e+00
8.438483406909310647e-01	-2.658988201008964936e-01	0.000000000000000000e+00
8.438483406909310647e-01	-2.732150706070711199e-01	0.000000000000000000e+00
8.438483406909310647e-01	-2.732150706070711199e-01	0.000000000000000000e+00
8.438483406909310647e-01	-2.732150706070711199e-01	0.000000000000000000e+00
8.438483406909310647e-01	-2.732150706070711199e-01	0.000000000000000000e+00
8.438483406909310647e-01	-2.732150706070711199e-01	0.000000000000000000e+00
8.451205078109542690e-01	-2.957779327641931189e-01	0.000000000000000000e+00
8.451205078109542690e-01	-2.957779327641931189e-01	0.000000000000000000e+00
8.451205078109542690e-01	-2.957779327641931189e-01	0.000000000000000000e+00
8.451205078109542690e-01	-2.957779327641931189e-01	0.000000000000000000e+00
8.451205078109542690e-01	-2.957779327641931189e-01	0.000000000000000000e+00
8.451205078109542690e-01	-2.957779327641931189e-01	0.000000000000000000e+00
8.451205078109542690e-01	-2.957779327641931189e-01	0.000000000000000000e+00
8.451205078109542690e-01	-2.957779327641931189e-01	0.000000000000000000e+00
8.451205078109542690e-01	-2.957779327641931189e-01	0.000000000000000000e+00
8.451205078109542690e-01	-2.957779327641931189e-01	0.000000000000000000e+00
8.451205078109542690e-01	-2.957779327641931189e-01	0.000000000000000000e+00
8.451205078109542690e-01	-2.957779327641931189e-01	0.000000000000000000e+00
