0.000000000000000000e+00	1.565505453085451304e+00	0.000000000000000000e+00
1.448951332223673283e-02	1.405365143348772605e+00	0.000000000000000000e+00
3.418932186932195638e-02	1.264567290167682545e+00	0.000000000000000000e+00
4.403922614286456122e-02	1.141051935441526499e+00	0.000000000000000000e+00
5.904112410312850612e-02	1.023531258620328011e+00	0.000000000000000000e+00
8.015554181252079746e-02	9.781224684176133000e-01	0.000000000000000000e+00
8.015554181252079746e-02	9.781224684176133000e-01	0.000000000000000000e+00
7.404302206339245795e-02	9.767046621740944623e-01	0.000000000000000000e+00
7.404302206339245795e-02	9.767046621740944623e-01	0.000000000000000000e+00
7.404302206339245795e-02	9.767046621740944623e-01	0.000000000000000000e+00
7.404302206339245795e-02	9.767046621740944623e-01	0.000000000000000000e+00
7.404302206339245795e-02	9.767046621740944623e-01	0.000000000000000000e+00
1.966739981490836509e-01	8.560540042191021604e-01	0.000000000000000000e+00
1.966739981490836509e-01	8.560540042191021604e-01	0.000000000000000000e+00
2.177515489463823228e-01	7.501813874807485849e-01	0.000000000000000000e+00
2.259753376501182076e-01	6.404368063177151571e-01	0.000000000000000000e+00
2.299765884446390019e-01	6.139778743069932432e-01	0.000000000000000000e+00
2.375365158042919700e-01	5.646731985594120040e-01	0.000000000000000000e+00
2.375365158042919700e-01	5.438864856232591416e-01	0.000000000000000000e+00
2.539840932117637395e-01	5.142912683475875379e-01	0.000000000000000000e+00
2.539840932117637395e-01	5.142912683475875379e-01	0.000000000000000000e+00
2.539840932117637395e-01	5.142912683475875379e-01	0.000000000000000000e+00
2.539840932117637395e-01	5.082590836997351591e-01	0.000000000000000000e+00
2.539840932117637395e-01	5.082590836997351591e-01	0.000000000000000000e+00
2.539840932117637395e-01	5.082590836997351591e-01	0.000000000000000000e+00
2.539840932117637395e-01	5.082590836997351591e-01	0.000000000000000000e+00
2.539840932117637395e-01	5.082590836997351591e-01	0.000000000000000000e+00
2.539840932117637395e-01	5.082590836997351591e-01	0.000000000000000000e+00
2.539840932117637395e-01	5.082590836997351591e-01	0.000000000000000000e+00
4.186467623849046693e-01	3.750673916258838170e-01	0.000000000000000000e+00
4.186467623849046693e-01	3.750673916258838170e-01	0.000000000000000000e+00
4.186467623849046693e-01	3.750673916258838170e-01	0.000000000000000000e+00
4.225288681555434134e-01	3.261164266498373654e-01	0.000000000000000000e+00
4.304262574008493880e-01	2.682184244247468041e-01	0.000000000000000000e+00
4.323673102861687600e-01	2.486772815890545829e-01	0.000000000000000000e+00
4.343083631714881321e-01	2.180262095301180314e-01	0.000000000000000000e+00
4.343083631714881321e-01	2.139653056922845853e-01	0.000000000000000000e+00
4.381904689421268762e-01	1.760813483139340163e-01	0.000000000000000000e+00
4.410070176549149568e-01	1.256170832509173607e-01	0.000000000000000000e+00
4.410070176549149568e-01	1.256170832509173607e-01	0.000000000000000000e+00
4.435671854438821837e-01	9.612744028907645177e-02	0.000000000000000000e+00
4.446489517911259015e-01	7.614939832744328785e-02	0.000000000000000000e+00
4.507956527258173418e-01	4.888923909447067534e-02	0.000000000000000000e+00
4.537963653939007802e-01	4.609638280893900431e-02	0.000000000000000000e+00
4.537963653939007802e-01	4.609638280893900431e-02	0.000000000000000000e+00
4.507956527258173418e-01	4.888923909447067534e-02	0.000000000000000000e+00
4.507956527258173418e-01	4.545057814881784536e-02	0.000000000000000000e+00
4.507956527258173418e-01	4.545057814881784536e-02	0.000000000000000000e+00
4.507956527258173418e-01	4.545057814881784536e-02	0.000000000000000000e+00
4.507956527258173418e-01	4.545057814881784536e-02	0.000000000000000000e+00
4.507956527258173418e-01	4.545057814881784536e-02	0.000000000000000000e+00
6.205188080511421234e-01	1.240304436815005407e-02	0.000000000000000000e+00
6.246057578907537877e-01	-1.815220072336552054e-02	0.000000000000000000e+00
6.246057578907537877e-01	-1.815220072336552054e-02	0.000000000000000000e+00
6.246057578907537877e-01	-3.308552814982477358e-02	0.000000000000000000e+00
6.286927077303654521e-01	-7.000575281705576081e-02	0.000000000000000000e+00
6.286927077303654521e-01	-9.495830641301006292e-02	0.000000000000000000e+00
6.286927077303654521e-01	-9.495830641301006292e-02	0.000000000000000000e+00
6.342444728529081921e-01	-1.948855719768409767e-01	0.000000000000000000e+00
6.342444728529081921e-01	-2.116993685265408376e-01	0.000000000000000000e+00
6.342444728529081921e-01	-2.038171127580756525e-01	0.000000000000000000e+00
6.342444728529081921e-01	-2.038171127580756525e-01	0.000000000000000000e+00
6.342444728529081921e-01	-2.038171127580756525e-01	0.000000000000000000e+00
6.342444728529081921e-01	-2.038171127580756525e-01	0.000000000000000000e+00
6.342444728529081921e-01	-2.116993685265408376e-01	0.000000000000000000e+00
6.452361259476793176e-01	-2.626448457473678499e-01	0.000000000000000000e+00
6.452361259476793176e-01	-2.626448457473678499e-01	0.000000000000000000e+00
6.452361259476793176e-01	-2.626448457473678499e-01	0.000000000000000000e+00
6.452361259476793176e-01	-2.626448457473678499e-01	0.000000000000000000e+00
6.452361259476793176e-01	-2.673153975138687355e-01	0.000000000000000000e+00
6.452361259476793176e-01	-2.673153975138687355e-01	0.000000000000000000e+00
6.452361259476793176e-01	-2.673153975138687355e-01	0.000000000000000000e+00
6.452361259476793176e-01	-2.673153975138687355e-01	0.000000000000000000e+00
6.452361259476793176e-01	-2.673153975138687355e-01	0.000000000000000000e+00
8.391164010512974780e-01	-4.216622696584527152e-01	0.000000000000000000e+00
8.391164010512974780e-01	-4.216622696584527152e-01	0.000000000000000000e+00
8.391164010512974780e-01	-4.216622696584527152e-01	0.000000000000000000e+00
8.391164010512974780e-01	-4.216622696584527152e-01	0.000000000000000000e+00
8.391164010512974780e-01	-4.216622696584527152e-01	0.000000000000000000e+00
8.391164010512974780e-01	-4.216622696584527152e-01	0.000000000000000000e+00
8.391164010512974780e-01	-4.216622696584527152e-01	0.000000000000000000e+00
8.391164010512974780e-01	-4.216622696584527152e-01	0.000000000000000000e+00
8.391164010512974780e-01	-4.216622696584527152e-01	0.000000000000000000e+00
8.389773590686837590e-01	-4.602094268727421333e-01	0.000000000000000000e+00
8.389773590686837590e-01	-4.602094268727421333e-01	0.000000000000000000e+00
8.389773590686837590e-01	-4.602094268727421333e-01	0.000000000000000000e+00
8.389773590686837590e-01	-4.602094268727421333e-01	0.000000000000000000e+00
8.389773590686837590e-01	-4.816630809298729776e-01	0.000000000000000000e+00
8.389773590686837590e-01	-4.816630809298729776e-01	0.000000000000000000e+00
8.389773590686837590e-01	-4.816630809298729776e-01	0.000000000000000000e+00
8.389773590686837590e-01	-4.816630809298729776e-01	0.000000000000000000e+00
8.397420899730595467e-01	-5.076053394580088973e-01	0.000000000000000000e+00
8.397420899730595467e-01	-5.076053394580088973e-01	0.000000000000000000e+00
8.397420899730595467e-01	-5.076053394580088973e-01	0.000000000000000000e+00
8.405068208774353344e-01	-5.174414251856777058e-01	0.000000000000000000e+00
8.408891863296232838e-01	-5.331376714711960618e-01	0.000000000000000000e+00
8.408891863296232838e-01	-5.331376714711960618e-01	0.000000000000000000e+00
8.412715517818111222e-01	-5.562961467524575321e-01	0.000000000000000000e+00
8.412715517818111222e-01	-5.562961467524575321e-01	0.000000000000000000e+00
8.412715517818111222e-01	-5.562961467524575321e-01	0.000000000000000000e+00
