0.000000000000000000e+00	1.512231533626364754e+00	0.000000000000000000e+00
1.448951332223673283e-02	1.429899871691974189e+00	0.000000000000000000e+00
3.418932186932195638e-02	1.289075166532377859e+00	0.000000000000000000e+00
4.403922614286456122e-02	1.141051935441526499e+00	0.000000000000000000e+00
6.209738397769268281e-02	1.055928359149850726e+00	0.000000000000000000e+00
8.015554181252079746e-02	1.012086935524718623e+00	0.000000000000000000e+00
8.015554181252079746e-02	1.012086935524718623e+00	0.000000000000000000e+00
8.015554181252079746e-02	1.012086935524718623e+00	0.000000000000000000e+00
8.015554181252079746e-02	1.012086935524718623e+00	0.000000000000000000e+00
8.015554181252079746e-02	1.012086935524718623e+00	0.000000000000000000e+00
8.015554181252079746e-02	1.012086935524718623e+00	0.000000000000000000e+00
8.015554181252079746e-02	1.012086935524718623e+00	0.000000000000000000e+00
1.966739981490836509e-01	9.432226288064701203e-01	0.000000000000000000e+00
2.064208020760791573e-01	8.783269609692189173e-01	0.000000000000000000e+00
2.177515489463823228e-01	7.428721427814299894e-01	0.000000000000000000e+00
2.177515489463823228e-01	7.428721427814299894e-01	0.000000000000000000e+00
2.299765884446390019e-01	6.570348843569907560e-01	0.000000000000000000e+00
2.362439318649029452e-01	6.191615478908724102e-01	0.000000000000000000e+00
2.375365158042919700e-01	5.777444328172303134e-01	0.000000000000000000e+00
2.619865948008053280e-01	5.244287008091811364e-01	0.000000000000000000e+00
2.619865948008053280e-01	5.224224537869363028e-01	0.000000000000000000e+00
2.619865948008053280e-01	5.224224537869363028e-01	0.000000000000000000e+00
2.619865948008053280e-01	5.209572713075085737e-01	0.000000000000000000e+00
2.619865948008053280e-01	5.209572713075085737e-01	0.000000000000000000e+00
2.619865948008053280e-01	5.209572713075085737e-01	0.000000000000000000e+00
2.619865948008053280e-01	5.209572713075085737e-01	0.000000000000000000e+00
2.619865948008053280e-01	5.209572713075085737e-01	0.000000000000000000e+00
2.619865948008053280e-01	5.209572713075085737e-01	0.000000000000000000e+00
2.619865948008053280e-01	5.209572713075085737e-01	0.000000000000000000e+00
4.186467623849046693e-01	4.674452068327296650e-01	0.000000000000000000e+00
4.265441516302106995e-01	3.485373348423437823e-01	0.000000000000000000e+00
4.265441516302106995e-01	3.485373348423437823e-01	0.000000000000000000e+00
4.265441516302106995e-01	3.485373348423437823e-01	0.000000000000000000e+00
4.265441516302106995e-01	3.280745512447800771e-01	0.000000000000000000e+00
4.283947574045945395e-01	2.895873719892308462e-01	0.000000000000000000e+00
4.435671854438821837e-01	1.312441931173963239e-01	0.000000000000000000e+00
4.435671854438821837e-01	1.312441931173963239e-01	0.000000000000000000e+00
4.435671854438821837e-01	1.312441931173963239e-01	0.000000000000000000e+00
4.435671854438821837e-01	1.312441931173963239e-01	0.000000000000000000e+00
4.435671854438821837e-01	1.312441931173963239e-01	0.000000000000000000e+00
4.450617961749987472e-01	1.134404057466467108e-01	0.000000000000000000e+00
4.475158800665351988e-01	7.203403400744595730e-02	0.000000000000000000e+00
4.475158800665351988e-01	7.203403400744595730e-02	0.000000000000000000e+00
4.484753532269550313e-01	6.681320811773912294e-02	0.000000000000000000e+00
4.484753532269550313e-01	6.681320811773912294e-02	0.000000000000000000e+00
4.484753532269550313e-01	6.681320811773912294e-02	0.000000000000000000e+00
4.484753532269550313e-01	6.681320811773912294e-02	0.000000000000000000e+00
4.489550898071649199e-01	7.606026102561407043e-02	0.000000000000000000e+00
4.489550898071649199e-01	7.606026102561407043e-02	0.000000000000000000e+00
4.489550898071649199e-01	7.606026102561407043e-02	0.000000000000000000e+00
4.489550898071649199e-01	7.606026102561407043e-02	0.000000000000000000e+00
6.205188080511421234e-01	2.418258356924970695e-02	0.000000000000000000e+00
6.205188080511421234e-01	2.418258356924970695e-02	0.000000000000000000e+00
6.225622829709479555e-01	7.145258153527589765e-03	0.000000000000000000e+00
6.246057578907537877e-01	-3.308552814982477358e-02	0.000000000000000000e+00
6.246057578907537877e-01	-3.308552814982477358e-02	0.000000000000000000e+00
6.286927077303654521e-01	-9.600429479285042811e-02	0.000000000000000000e+00
6.286927077303654521e-01	-9.600429479285042811e-02	0.000000000000000000e+00
6.286927077303654521e-01	-9.600429479285042811e-02	0.000000000000000000e+00
6.296692512523195395e-01	-1.141727725414137390e-01	0.000000000000000000e+00
6.347327446138852913e-01	-1.605867835623643325e-01	0.000000000000000000e+00
6.347327446138852913e-01	-1.605867835623643325e-01	0.000000000000000000e+00
6.347327446138852913e-01	-1.605867835623643325e-01	0.000000000000000000e+00
6.351102469191052258e-01	-1.702703759733321665e-01	0.000000000000000000e+00
6.422827907182850904e-01	-2.314106854342269648e-01	0.000000000000000000e+00
6.422827907182850904e-01	-2.314106854342269648e-01	0.000000000000000000e+00
6.422827907182850904e-01	-2.314106854342269648e-01	0.000000000000000000e+00
6.422827907182850904e-01	-2.314106854342269648e-01	0.000000000000000000e+00
6.422827907182850904e-01	-2.376740696293070942e-01	0.000000000000000000e+00
6.430377953287250703e-01	-2.516539533041908250e-01	0.000000000000000000e+00
6.430377953287250703e-01	-2.516539533041908250e-01	0.000000000000000000e+00
6.430377953287250703e-01	-2.516539533041908250e-01	0.000000000000000000e+00
6.430377953287250703e-01	-2.516539533041908250e-01	0.000000000000000000e+00
6.430377953287250703e-01	-2.516539533041908250e-01	0.000000000000000000e+00
6.430377953287250703e-01	-2.516539533041908250e-01	0.000000000000000000e+00
8.416191567383457528e-01	-5.050305729689537060e-01	0.000000000000000000e+00
8.416191567383457528e-01	-5.050305729689537060e-01	0.000000000000000000e+00
8.416191567383457528e-01	-5.050305729689537060e-01	0.000000000000000000e+00
8.416191567383457528e-01	-4.621298727855582822e-01	0.000000000000000000e+00
8.416191567383457528e-01	-4.621298727855582822e-01	0.000000000000000000e+00
8.416191567383457528e-01	-4.621298727855582822e-01	0.000000000000000000e+00
8.416191567383457528e-01	-4.621298727855582822e-01	0.000000000000000000e+00
8.416191567383457528e-01	-4.621298727855582822e-01	0.000000000000000000e+00
8.416191567383457528e-01	-4.621298727855582822e-01	0.000000000000000000e+00
8.420740823311980705e-01	-4.936236746456742486e-01	0.000000000000000000e+00
8.393944850165250271e-01	-4.192073380897854973e-01	0.000000000000000000e+00
8.393944850165250271e-01	-4.192073380897854973e-01	0.000000000000000000e+00
8.393944850165250271e-01	-4.192073380897854973e-01	0.000000000000000000e+00
8.429839335169027059e-01	-4.640918856886225852e-01	0.000000000000000000e+00
8.429839335169027059e-01	-4.640918856886225852e-01	0.000000000000000000e+00
8.429839335169027059e-01	-4.650186250859527082e-01	0.000000000000000000e+00
8.429839335169027059e-01	-4.650186250859527082e-01	0.000000000000000000e+00
8.429839335169027059e-01	-4.650186250859527082e-01	0.000000000000000000e+00
8.429839335169027059e-01	-4.650186250859527082e-01	0.000000000000000000e+00
8.429839335169027059e-01	-4.650186250859527082e-01	0.000000000000000000e+00
8.429839335169027059e-01	-4.650186250859527082e-01	0.000000000000000000e+00
8.429839335169027059e-01	-4.653970132538825522e-01	0.000000000000000000e+00
8.429839335169027059e-01	-4.653970132538825522e-01	0.000000000000000000e+00
8.429839335169027059e-01	-4.653970132538825522e-01	0.000000000000000000e+00
8.429839335169027059e-01	-4.653970132538825522e-01	0.000000000000000000e+00
