0.000000000000000000e+00	1.555755214357936733e+00	0.000000000000000000e+00
1.448951332223673283e-02	1.512120157407703003e+00	0.000000000000000000e+00
3.418932186932195638e-02	1.289075166532377859e+00	0.000000000000000000e+00
4.403922614286456122e-02	1.222954093355463234e+00	0.000000000000000000e+00
6.209738397769268281e-02	1.134140795731652940e+00	0.000000000000000000e+00
8.015554181252079746e-02	1.091873877987618258e+00	0.000000000000000000e+00
8.015554181252079746e-02	1.091873877987618258e+00	0.000000000000000000e+00
8.015554181252079746e-02	1.091873877987618258e+00	0.000000000000000000e+00
8.015554181252079746e-02	1.091873877987618258e+00	0.000000000000000000e+00
8.015554181252079746e-02	1.091873877987618258e+00	0.000000000000000000e+00
8.716404960684126513e-02	1.110046556879579205e+00	0.000000000000000000e+00
8.716404960684126513e-02	1.110046556879579205e+00	0.000000000000000000e+00
1.966739981490836509e-01	9.662642446504159377e-01	0.000000000000000000e+00
2.064208020760791573e-01	8.783269609692189173e-01	0.000000000000000000e+00
2.177515489463823228e-01	7.696059512508320877e-01	0.000000000000000000e+00
2.177515489463823228e-01	7.696059512508320877e-01	0.000000000000000000e+00
2.373896159855926891e-01	6.306090495192697709e-01	0.000000000000000000e+00
2.362439318649029452e-01	6.353363775257158119e-01	0.000000000000000000e+00
2.373896159855926891e-01	6.246179899382331424e-01	0.000000000000000000e+00
2.502609474535438805e-01	6.097380665052577475e-01	0.000000000000000000e+00
2.619865948008053280e-01	5.813977303819752862e-01	0.000000000000000000e+00
2.619865948008053280e-01	5.795656992583609890e-01	0.000000000000000000e+00
2.619865948008053280e-01	5.795656992583609890e-01	0.000000000000000000e+00
2.619865948008053280e-01	5.795656992583609890e-01	0.000000000000000000e+00
2.619865948008053280e-01	5.723118279426550048e-01	0.000000000000000000e+00
2.619865948008053280e-01	5.723118279426550048e-01	0.000000000000000000e+00
2.619865948008053280e-01	5.723118279426550048e-01	0.000000000000000000e+00
2.619865948008053280e-01	5.723118279426550048e-01	0.000000000000000000e+00
2.619865948008053280e-01	5.723118279426550048e-01	0.000000000000000000e+00
4.186467623849046693e-01	4.835402882577284900e-01	0.000000000000000000e+00
4.186467623849046693e-01	4.835402882577284900e-01	0.000000000000000000e+00
4.265441516302106995e-01	3.280745512447800771e-01	0.000000000000000000e+00
4.265441516302106995e-01	3.280745512447800771e-01	0.000000000000000000e+00
4.265441516302106995e-01	3.280745512447800771e-01	0.000000000000000000e+00
4.265441516302106995e-01	3.280745512447800771e-01	0.000000000000000000e+00
4.283947574045945395e-01	2.943303339365185289e-01	0.000000000000000000e+00
4.283947574045945395e-01	2.795070250821695690e-01	0.000000000000000000e+00
4.316613418191164175e-01	2.658956373767432657e-01	0.000000000000000000e+00
4.475158800665351988e-01	1.699801519032200225e-01	0.000000000000000000e+00
4.475158800665351988e-01	1.699801519032200225e-01	0.000000000000000000e+00
4.475158800665351988e-01	1.699801519032200225e-01	0.000000000000000000e+00
4.475158800665351988e-01	1.410308239718096879e-01	0.000000000000000000e+00
4.475158800665351988e-01	1.410308239718096879e-01	0.000000000000000000e+00
4.513537727082144735e-01	8.419298302988637017e-02	0.000000000000000000e+00
4.513537727082144735e-01	8.419298302988637017e-02	0.000000000000000000e+00
4.513537727082144735e-01	8.419298302988637017e-02	0.000000000000000000e+00
4.513537727082144735e-01	8.419298302988637017e-02	0.000000000000000000e+00
4.513537727082144735e-01	8.419298302988637017e-02	0.000000000000000000e+00
4.513537727082144735e-01	8.419298302988637017e-02	0.000000000000000000e+00
4.513537727082144735e-01	8.419298302988637017e-02	0.000000000000000000e+00
4.513537727082144735e-01	8.419298302988637017e-02	0.000000000000000000e+00
4.513537727082144735e-01	8.419298302988637017e-02	0.000000000000000000e+00
6.205188080511421234e-01	6.445366503114047241e-02	0.000000000000000000e+00
6.205188080511421234e-01	6.445366503114047241e-02	0.000000000000000000e+00
6.205188080511421234e-01	4.154011164936506628e-02	0.000000000000000000e+00
6.221327928678259678e-01	3.685695416921826173e-02	0.000000000000000000e+00
6.302027169512454119e-01	-6.678752288024804307e-02	0.000000000000000000e+00
6.302027169512454119e-01	-6.678752288024804307e-02	0.000000000000000000e+00
6.269747473178776120e-01	-2.969919175158237945e-02	0.000000000000000000e+00
6.286927077303654521e-01	-6.950246751480991525e-02	0.000000000000000000e+00
6.286927077303654521e-01	-6.950246751480991525e-02	0.000000000000000000e+00
6.302027169512454119e-01	-8.854591488022706125e-02	0.000000000000000000e+00
6.302027169512454119e-01	-8.854591488022706125e-02	0.000000000000000000e+00
6.347327446138852913e-01	-1.358480949817225392e-01	0.000000000000000000e+00
6.347327446138852913e-01	-1.358480949817225392e-01	0.000000000000000000e+00
6.347327446138852913e-01	-1.358480949817225392e-01	0.000000000000000000e+00
6.362427538347652511e-01	-1.527168719485584580e-01	0.000000000000000000e+00
6.369977584452052310e-01	-1.651348016952513820e-01	0.000000000000000000e+00
6.392627722765251708e-01	-1.837491814358937769e-01	0.000000000000000000e+00
6.392627722765251708e-01	-1.837491814358937769e-01	0.000000000000000000e+00
6.392627722765251708e-01	-1.837491814358937769e-01	0.000000000000000000e+00
6.392627722765251708e-01	-1.837491814358937769e-01	0.000000000000000000e+00
6.392627722765251708e-01	-1.837491814358937769e-01	0.000000000000000000e+00
6.392627722765251708e-01	-1.837491814358937769e-01	0.000000000000000000e+00
6.392627722765251708e-01	-1.837491814358937769e-01	0.000000000000000000e+00
8.420740823311980705e-01	-3.230512639580036538e-01	0.000000000000000000e+00
8.420740823311980705e-01	-3.230512639580036538e-01	0.000000000000000000e+00
8.420740823311980705e-01	-3.230512639580036538e-01	0.000000000000000000e+00
8.420740823311980705e-01	-3.230512639580036538e-01	0.000000000000000000e+00
8.420740823311980705e-01	-3.230512639580036538e-01	0.000000000000000000e+00
8.420740823311980705e-01	-3.230512639580036538e-01	0.000000000000000000e+00
8.420740823311980705e-01	-3.230512639580036538e-01	0.000000000000000000e+00
8.420740823311980705e-01	-3.230512639580036538e-01	0.000000000000000000e+00
8.420740823311980705e-01	-3.230512639580036538e-01	0.000000000000000000e+00
8.427564707204765471e-01	-3.333870447266417125e-01	0.000000000000000000e+00
8.427564707204765471e-01	-3.333870447266417125e-01	0.000000000000000000e+00
8.429839335169027059e-01	-4.451068533709942598e-01	0.000000000000000000e+00
8.429839335169027059e-01	-4.451068533709942598e-01	0.000000000000000000e+00
8.429839335169027059e-01	-4.451068533709942598e-01	0.000000000000000000e+00
8.429839335169027059e-01	-4.635557651934775203e-01	0.000000000000000000e+00
8.429839335169027059e-01	-4.635557651934775203e-01	0.000000000000000000e+00
8.429839335169027059e-01	-4.635557651934775203e-01	0.000000000000000000e+00
8.429839335169027059e-01	-4.635557651934775203e-01	0.000000000000000000e+00
8.429839335169027059e-01	-4.635557651934775203e-01	0.000000000000000000e+00
8.429839335169027059e-01	-4.635557651934775203e-01	0.000000000000000000e+00
8.429839335169027059e-01	-4.635557651934775203e-01	0.000000000000000000e+00
8.429839335169027059e-01	-4.635557651934775203e-01	0.000000000000000000e+00
8.429839335169027059e-01	-4.635557651934775203e-01	0.000000000000000000e+00
8.429839335169027059e-01	-4.635557651934775203e-01	0.000000000000000000e+00
8.429839335169027059e-01	-4.651857237583865712e-01	0.000000000000000000e+00
