0.000000000000000000e+00	1.611551684028964093e+00	0.000000000000000000e+00
1.448951332223673283e-02	1.405365143348772605e+00	0.000000000000000000e+00
3.418932186932195638e-02	1.264567290167682545e+00	0.000000000000000000e+00
4.403922614286456122e-02	1.141051935441526499e+00	0.000000000000000000e+00
6.209738397769268281e-02	1.055928359149850726e+00	0.000000000000000000e+00
8.015554181252079746e-02	9.781224684176133000e-01	0.000000000000000000e+00
8.015554181252079746e-02	9.781224684176133000e-01	0.000000000000000000e+00
8.015554181252079746e-02	9.781224684176133000e-01	0.000000000000000000e+00
8.015554181252079746e-02	9.781224684176133000e-01	0.000000000000000000e+00
8.015554181252079746e-02	9.781224684176133000e-01	0.000000000000000000e+00
8.015554181252079746e-02	9.781224684176133000e-01	0.000000000000000000e+00
8.015554181252079746e-02	9.881433643371120290e-01	0.000000000000000000e+00
1.966739981490836509e-01	9.432226288064701203e-01	0.000000000000000000e+00
2.064208020760791573e-01	8.783269609692189173e-01	0.000000000000000000e+00
2.177515489463823228e-01	7.501813874807485849e-01	0.000000000000000000e+00
2.177515489463823228e-01	7.428721427814299894e-01	0.000000000000000000e+00
2.299765884446390019e-01	6.084139480687984491e-01	0.000000000000000000e+00
2.375365158042919700e-01	5.967359439998511927e-01	0.000000000000000000e+00
2.375365158042919700e-01	5.438864856232591416e-01	0.000000000000000000e+00
2.459815916227221511e-01	5.341189011714440049e-01	0.000000000000000000e+00
2.619865948008053280e-01	5.164581756639785581e-01	0.000000000000000000e+00
2.619865948008053280e-01	5.164581756639785581e-01	0.000000000000000000e+00
2.619865948008053280e-01	5.146636091686940251e-01	0.000000000000000000e+00
2.619865948008053280e-01	5.146636091686940251e-01	0.000000000000000000e+00
2.619865948008053280e-01	5.146636091686940251e-01	0.000000000000000000e+00
2.619865948008053280e-01	5.146636091686940251e-01	0.000000000000000000e+00
2.619865948008053280e-01	5.146636091686940251e-01	0.000000000000000000e+00
2.619865948008053280e-01	5.146636091686940251e-01	0.000000000000000000e+00
2.619865948008053280e-01	5.146636091686940251e-01	0.000000000000000000e+00
4.186467623849046693e-01	4.534941690513909496e-01	0.000000000000000000e+00
4.265441516302106995e-01	4.000984800704067701e-01	0.000000000000000000e+00
4.265441516302106995e-01	3.459150351541413482e-01	0.000000000000000000e+00
4.265441516302106995e-01	3.459150351541413482e-01	0.000000000000000000e+00
4.304262574008493880e-01	3.205372585202757030e-01	0.000000000000000000e+00
4.343083631714881321e-01	2.139653056922845853e-01	0.000000000000000000e+00
4.343083631714881321e-01	2.139653056922845853e-01	0.000000000000000000e+00
4.343083631714881321e-01	2.139653056922845853e-01	0.000000000000000000e+00
4.381904689421268762e-01	1.760813483139340163e-01	0.000000000000000000e+00
4.410070176549149568e-01	1.462218318001990980e-01	0.000000000000000000e+00
4.435671854438821837e-01	1.156136967377875274e-01	0.000000000000000000e+00
4.446489517911259015e-01	7.614939832744328785e-02	0.000000000000000000e+00
4.446489517911259015e-01	7.614939832744328785e-02	0.000000000000000000e+00
4.501821317529332012e-01	6.008028360116726002e-02	0.000000000000000000e+00
4.537963653939007802e-01	4.609638280893900431e-02	0.000000000000000000e+00
4.537963653939007802e-01	4.609638280893900431e-02	0.000000000000000000e+00
4.507956527258173418e-01	5.094583185657951957e-02	0.000000000000000000e+00
4.507956527258173418e-01	5.094583185657951957e-02	0.000000000000000000e+00
4.507956527258173418e-01	5.094583185657951957e-02	0.000000000000000000e+00
4.507956527258173418e-01	5.094583185657951957e-02	0.000000000000000000e+00
4.507956527258173418e-01	5.094583185657951957e-02	0.000000000000000000e+00
4.507956527258173418e-01	5.094583185657951957e-02	0.000000000000000000e+00
6.205188080511421234e-01	3.343617815320173298e-02	0.000000000000000000e+00
6.205188080511421234e-01	2.418258356924970695e-02	0.000000000000000000e+00
6.286927077303654521e-01	-1.058490498268374602e-01	0.000000000000000000e+00
6.246057578907537877e-01	-3.308552814982477358e-02	0.000000000000000000e+00
6.286927077303654521e-01	-1.058490498268374602e-01	0.000000000000000000e+00
6.286927077303654521e-01	-9.300632894431179465e-02	0.000000000000000000e+00
6.286927077303654521e-01	-9.300632894431179465e-02	0.000000000000000000e+00
6.286927077303654521e-01	-1.058490498268374602e-01	0.000000000000000000e+00
6.296692512523195395e-01	-1.141727725414137390e-01	0.000000000000000000e+00
6.347327446138852913e-01	-1.587770718301171891e-01	0.000000000000000000e+00
6.347327446138852913e-01	-1.587770718301171891e-01	0.000000000000000000e+00
6.372644912946681117e-01	-2.030882626720741935e-01	0.000000000000000000e+00
6.385077676660851909e-01	-2.039121152214561916e-01	0.000000000000000000e+00
6.385077676660851909e-01	-2.039121152214561916e-01	0.000000000000000000e+00
6.419052884130651560e-01	-2.181688459122098356e-01	0.000000000000000000e+00
6.422827907182850904e-01	-2.314106854342269648e-01	0.000000000000000000e+00
6.430377953287250703e-01	-2.458405111449449565e-01	0.000000000000000000e+00
6.430377953287250703e-01	-2.571374530387816049e-01	0.000000000000000000e+00
6.430377953287250703e-01	-2.573829183917422103e-01	0.000000000000000000e+00
6.430377953287250703e-01	-2.573829183917422103e-01	0.000000000000000000e+00
6.430377953287250703e-01	-2.573829183917422103e-01	0.000000000000000000e+00
6.430377953287250703e-01	-2.573829183917422103e-01	0.000000000000000000e+00
6.430377953287250703e-01	-2.573829183917422103e-01	0.000000000000000000e+00
6.430377953287250703e-01	-2.573829183917422103e-01	0.000000000000000000e+00
8.399506529469802363e-01	-4.023719469838938356e-01	0.000000000000000000e+00
8.399506529469802363e-01	-4.023719469838938356e-01	0.000000000000000000e+00
8.399506529469802363e-01	-4.023719469838938356e-01	0.000000000000000000e+00
8.399506529469802363e-01	-4.023719469838938356e-01	0.000000000000000000e+00
8.399506529469802363e-01	-4.023719469838938356e-01	0.000000000000000000e+00
8.399506529469802363e-01	-4.023719469838938356e-01	0.000000000000000000e+00
8.399506529469802363e-01	-4.023719469838938356e-01	0.000000000000000000e+00
8.399506529469802363e-01	-4.023719469838938356e-01	0.000000000000000000e+00
8.399506529469802363e-01	-4.023719469838938356e-01	0.000000000000000000e+00
8.399506529469802363e-01	-4.023719469838938356e-01	0.000000000000000000e+00
8.393944850165250271e-01	-4.192073380897854973e-01	0.000000000000000000e+00
8.393944850165250271e-01	-4.192073380897854973e-01	0.000000000000000000e+00
8.405068208774353344e-01	-4.541669788565124710e-01	0.000000000000000000e+00
8.405068208774353344e-01	-4.541669788565124710e-01	0.000000000000000000e+00
8.405068208774353344e-01	-4.541669788565124710e-01	0.000000000000000000e+00
8.405068208774353344e-01	-4.788003835696066357e-01	0.000000000000000000e+00
8.405068208774353344e-01	-4.788003835696066357e-01	0.000000000000000000e+00
8.405068208774353344e-01	-4.788003835696066357e-01	0.000000000000000000e+00
8.429839335169027059e-01	-4.975210043520944536e-01	0.000000000000000000e+00
8.429839335169027059e-01	-4.975210043520944536e-01	0.000000000000000000e+00
8.429839335169027059e-01	-4.975210043520944536e-01	0.000000000000000000e+00
8.429839335169027059e-01	-4.835298254039105403e-01	0.000000000000000000e+00
8.429839335169027059e-01	-4.835298254039105403e-01	0.000000000000000000e+00
8.429839335169027059e-01	-4.835298254039105403e-01	0.000000000000000000e+00
8.429839335169027059e-01	-4.835298254039105403e-01	0.000000000000000000e+00
