0.000000000000000000e+00	1.243187324959989848e+00	0.000000000000000000e+00
1.460303409721174991e-02	1.104251001501810325e+00	0.000000000000000000e+00
2.949141128250068120e-02	1.058652742907326916e+00	0.000000000000000000e+00
4.426626769281459539e-02	1.007832265636374292e+00	0.000000000000000000e+00
5.915464487810352667e-02	9.070664956268620349e-01	0.000000000000000000e+00
7.404302206339245795e-02	8.206095843687990499e-01	0.000000000000000000e+00
7.404302206339245795e-02	8.206095843687990499e-01	0.000000000000000000e+00
7.404302206339245795e-02	8.206095843687990499e-01	0.000000000000000000e+00
7.404302206339245795e-02	8.206095843687990499e-01	0.000000000000000000e+00
7.404302206339245795e-02	8.206095843687990499e-01	0.000000000000000000e+00
7.404302206339245795e-02	8.206095843687990499e-01	0.000000000000000000e+00
7.404302206339245795e-02	8.226217436751843692e-01	0.000000000000000000e+00
7.404302206339245795e-02	8.226217436751843692e-01	0.000000000000000000e+00
2.021438214105711617e-01	6.407320732579225853e-01	0.000000000000000000e+00
2.021438214105711617e-01	6.407320732579225853e-01	0.000000000000000000e+00
2.146809895582476591e-01	6.154608731707330582e-01	0.000000000000000000e+00
2.236638097904755651e-01	5.051823518160787341e-01	0.000000000000000000e+00
2.274648016799612482e-01	4.531091467558872043e-01	0.000000000000000000e+00
2.274648016799612482e-01	4.531091467558872043e-01	0.000000000000000000e+00
2.528084312429096370e-01	4.096356728683842596e-01	0.000000000000000000e+00
2.629027946607986888e-01	3.856416920860256670e-01	0.000000000000000000e+00
2.629027946607986888e-01	3.856416920860256670e-01	0.000000000000000000e+00
2.629027946607986888e-01	3.856416920860256670e-01	0.000000000000000000e+00
2.629027946607986888e-01	3.856416920860256670e-01	0.000000000000000000e+00
2.629027946607986888e-01	3.856416920860256670e-01	0.000000000000000000e+00
2.629027946607986888e-01	3.856416920860256670e-01	0.000000000000000000e+00
2.629027946607986888e-01	3.856416920860256670e-01	0.000000000000000000e+00
2.629027946607986888e-01	3.856416920860256670e-01	0.000000000000000000e+00
2.629027946607986888e-01	3.856416920860256670e-01	0.000000000000000000e+00
4.186467623849046693e-01	2.450835514063485487e-01	0.000000000000000000e+00
4.186467623849046693e-01	2.450835514063485487e-01	0.000000000000000000e+00
4.186467623849046693e-01	2.450835514063485487e-01	0.000000000000000000e+00
4.186467623849046693e-01	2.450835514063485487e-01	0.000000000000000000e+00
4.243213638639419250e-01	2.011593676316701940e-01	0.000000000000000000e+00
4.269475604468026542e-01	1.739074278375291882e-01	0.000000000000000000e+00
4.283662108165620097e-01	1.432321164917195189e-01	0.000000000000000000e+00
4.324052486002466500e-01	1.149374880648470626e-01	0.000000000000000000e+00
4.333273739619409315e-01	9.881449919347043420e-02	0.000000000000000000e+00
4.352483585087006390e-01	6.378151310549105835e-02	0.000000000000000000e+00
4.398853602300006882e-01	3.626784623726891227e-02	0.000000000000000000e+00
4.398853602300006882e-01	1.957485548732107450e-02	0.000000000000000000e+00
4.414821833526815231e-01	8.055837990144413228e-04	0.000000000000000000e+00
4.537963653939007802e-01	-3.392233994272880748e-02	0.000000000000000000e+00
4.537963653939007802e-01	-3.608555414809978823e-02	0.000000000000000000e+00
4.537963653939007802e-01	-3.608555414809978823e-02	0.000000000000000000e+00
4.537963653939007802e-01	-3.608555414809978823e-02	0.000000000000000000e+00
4.537963653939007802e-01	-3.608555414809978823e-02	0.000000000000000000e+00
4.537963653939007802e-01	-3.608555414809978823e-02	0.000000000000000000e+00
4.537963653939007802e-01	-3.608555414809978823e-02	0.000000000000000000e+00
4.537963653939007802e-01	-3.608555414809978823e-02	0.000000000000000000e+00
4.537963653939007802e-01	-3.608555414809978823e-02	0.000000000000000000e+00
6.202785367948197015e-01	-6.742669228471452614e-02	0.000000000000000000e+00
6.202785367948197015e-01	-6.742669228471452614e-02	0.000000000000000000e+00
6.221953653029841380e-01	-9.348302746384168360e-02	0.000000000000000000e+00
6.234732509750937623e-01	-1.211937874701164986e-01	0.000000000000000000e+00
6.260290223193130110e-01	-1.511877568402890670e-01	0.000000000000000000e+00
6.260290223193130110e-01	-1.511877568402890670e-01	0.000000000000000000e+00
6.311405650077513974e-01	-1.865256908386951351e-01	0.000000000000000000e+00
6.311405650077513974e-01	-1.865256908386951351e-01	0.000000000000000000e+00
6.323321004091654318e-01	-2.226409929385185227e-01	0.000000000000000000e+00
6.323321004091654318e-01	-2.226409929385185227e-01	0.000000000000000000e+00
6.356637818561794440e-01	-2.613232598361027725e-01	0.000000000000000000e+00
6.356637818561794440e-01	-2.613232598361027725e-01	0.000000000000000000e+00
6.383805542656834087e-01	-2.862971224267643056e-01	0.000000000000000000e+00
6.383805542656834087e-01	-2.862971224267643056e-01	0.000000000000000000e+00
6.401869987046073796e-01	-2.983540513028110630e-01	0.000000000000000000e+00
6.401869987046073796e-01	-3.204565138995491558e-01	0.000000000000000000e+00
6.459400336280554100e-01	-3.315517001327203395e-01	0.000000000000000000e+00
6.516930685515035515e-01	-3.794116780781028875e-01	0.000000000000000000e+00
6.516930685515035515e-01	-3.794116780781028875e-01	0.000000000000000000e+00
6.516930685515035515e-01	-3.794116780781028875e-01	0.000000000000000000e+00
6.516930685515035515e-01	-3.794116780781028875e-01	0.000000000000000000e+00
6.516930685515035515e-01	-3.941874202893223544e-01	0.000000000000000000e+00
6.516930685515035515e-01	-3.951142618381572325e-01	0.000000000000000000e+00
6.516930685515035515e-01	-3.951142618381572325e-01	0.000000000000000000e+00
6.516930685515035515e-01	-3.951142618381572325e-01	0.000000000000000000e+00
6.516930685515035515e-01	-3.951142618381572325e-01	0.000000000000000000e+00
6.516930685515035515e-01	-3.951142618381572325e-01	0.000000000000000000e+00
8.389773590686837590e-01	-5.862230365972167512e-01	0.000000000000000000e+00
8.389773590686837590e-01	-5.862230365972167512e-01	0.000000000000000000e+00
8.389773590686837590e-01	-5.862230365972167512e-01	0.000000000000000000e+00
8.381170368012610394e-01	-5.680066750017011001e-01	0.000000000000000000e+00
8.381170368012610394e-01	-5.680066750017011001e-01	0.000000000000000000e+00
8.381170368012610394e-01	-5.700512777340989157e-01	0.000000000000000000e+00
8.381170368012610394e-01	-5.700512777340989157e-01	0.000000000000000000e+00
8.381170368012610394e-01	-5.571612482256420584e-01	0.000000000000000000e+00
8.381170368012610394e-01	-5.571612482256420584e-01	0.000000000000000000e+00
8.381170368012610394e-01	-5.571612482256420584e-01	0.000000000000000000e+00
8.381170368012610394e-01	-5.571612482256420584e-01	0.000000000000000000e+00
8.381170368012610394e-01	-5.571612482256420584e-01	0.000000000000000000e+00
8.381170368012610394e-01	-5.571612482256420584e-01	0.000000000000000000e+00
8.381170368012610394e-01	-5.571612482256420584e-01	0.000000000000000000e+00
8.381170368012610394e-01	-5.700512777340989157e-01	0.000000000000000000e+00
8.385471979349723437e-01	-5.857602520907737587e-01	0.000000000000000000e+00
8.385471979349723437e-01	-5.857602520907737587e-01	0.000000000000000000e+00
8.406980036035293091e-01	-6.042656755066003749e-01	0.000000000000000000e+00
8.406980036035293091e-01	-6.042656755066003749e-01	0.000000000000000000e+00
8.424186481383748593e-01	-6.146995049474567319e-01	0.000000000000000000e+00
8.424186481383748593e-01	-6.163004959936221328e-01	0.000000000000000000e+00
8.424186481383748593e-01	-6.163004959936221328e-01	0.000000000000000000e+00
