0.000000000000000000e+00	1.318117669454918595e+00	0.000000000000000000e+00
0.000000000000000000e+00	1.318117669454918595e+00	0.000000000000000000e+00
2.949141128250068120e-02	1.166089137626373118e+00	0.000000000000000000e+00
4.426626769281459539e-02	1.048020435276118656e+00	0.000000000000000000e+00
5.915464487810352667e-02	1.007232118461869108e+00	0.000000000000000000e+00
7.404302206339245795e-02	9.292673484614532020e-01	0.000000000000000000e+00
7.404302206339245795e-02	9.292673484614532020e-01	0.000000000000000000e+00
7.404302206339245795e-02	9.292673484614532020e-01	0.000000000000000000e+00
7.404302206339245795e-02	9.292673484614532020e-01	0.000000000000000000e+00
7.404302206339245795e-02	9.292673484614532020e-01	0.000000000000000000e+00
7.404302206339245795e-02	9.292673484614532020e-01	0.000000000000000000e+00
7.404302206339245795e-02	9.292673484614532020e-01	0.000000000000000000e+00
1.966739981490836509e-01	8.560540042191021604e-01	0.000000000000000000e+00
2.013215409132989575e-01	8.445447203813551962e-01	0.000000000000000000e+00
2.177515489463823228e-01	7.480469154072381111e-01	0.000000000000000000e+00
2.198628179009898820e-01	6.490821988463197911e-01	0.000000000000000000e+00
2.259753376501182354e-01	6.015021124691798393e-01	0.000000000000000000e+00
2.375365158042919700e-01	5.646731985594120040e-01	0.000000000000000000e+00
2.427593664121372452e-01	5.282919066799504071e-01	0.000000000000000000e+00
2.479822170199825482e-01	4.776083295929805517e-01	0.000000000000000000e+00
2.479822170199825482e-01	4.776083295929805517e-01	0.000000000000000000e+00
2.479822170199825482e-01	4.776083295929805517e-01	0.000000000000000000e+00
2.479822170199825482e-01	4.776083295929805517e-01	0.000000000000000000e+00
2.479822170199825482e-01	4.776083295929805517e-01	0.000000000000000000e+00
2.479822170199825482e-01	4.997200144803649602e-01	0.000000000000000000e+00
2.539840932117637395e-01	5.041402315594191164e-01	0.000000000000000000e+00
2.539840932117637395e-01	5.041402315594191164e-01	0.000000000000000000e+00
2.539840932117637395e-01	5.041402315594191164e-01	0.000000000000000000e+00
4.122883566773472008e-01	4.348858324617433380e-01	0.000000000000000000e+00
4.186467623849046693e-01	3.221076438872191861e-01	0.000000000000000000e+00
4.186467623849046693e-01	3.221076438872191861e-01	0.000000000000000000e+00
4.186467623849046693e-01	3.200257191869829154e-01	0.000000000000000000e+00
4.269475604468026542e-01	2.418259308734030943e-01	0.000000000000000000e+00
4.269475604468026542e-01	2.418259308734030943e-01	0.000000000000000000e+00
4.269475604468026542e-01	2.387686285542363618e-01	0.000000000000000000e+00
4.293891421061754587e-01	1.967773289215881682e-01	0.000000000000000000e+00
4.313635738000195508e-01	1.733320350873756854e-01	0.000000000000000000e+00
4.352483585087006390e-01	1.372603710191083182e-01	0.000000000000000000e+00
4.352483585087006390e-01	9.994744709162099727e-02	0.000000000000000000e+00
4.384525954688728855e-01	9.703276065081517521e-02	0.000000000000000000e+00
4.435671854438821837e-01	7.065207037249873756e-02	0.000000000000000000e+00
4.537963653939007802e-01	-1.027187791836912077e-02	0.000000000000000000e+00
4.537963653939007802e-01	-1.027187791836912077e-02	0.000000000000000000e+00
4.537963653939007802e-01	-1.027187791836912077e-02	0.000000000000000000e+00
4.537963653939007802e-01	-1.027187791836912077e-02	0.000000000000000000e+00
4.537963653939007802e-01	-1.027187791836912077e-02	0.000000000000000000e+00
4.537963653939007802e-01	-1.027187791836912077e-02	0.000000000000000000e+00
4.537963653939007802e-01	-1.027187791836912077e-02	0.000000000000000000e+00
4.537963653939007802e-01	-1.027187791836912077e-02	0.000000000000000000e+00
4.537963653939007802e-01	-1.027187791836912077e-02	0.000000000000000000e+00
4.537963653939007802e-01	-1.027187791836912077e-02	0.000000000000000000e+00
4.537963653939007802e-01	-3.019898525878701723e-03	0.000000000000000000e+00
6.246057578907537877e-01	-4.258287329297688606e-02	0.000000000000000000e+00
6.246057578907537877e-01	-4.258287329297688606e-02	0.000000000000000000e+00
6.256274953506566483e-01	-7.176180133334400524e-02	0.000000000000000000e+00
6.256274953506566483e-01	-1.077724491751763936e-01	0.000000000000000000e+00
6.270154366312923333e-01	-1.076200277960058932e-01	0.000000000000000000e+00
6.294251153718309899e-01	-1.183527254128303591e-01	0.000000000000000000e+00
6.342444728529081921e-01	-1.481966751165244844e-01	0.000000000000000000e+00
6.342444728529081921e-01	-1.635678540796842440e-01	0.000000000000000000e+00
6.342444728529081921e-01	-1.847620906513574579e-01	0.000000000000000000e+00
6.342444728529081921e-01	-1.847620906513574579e-01	0.000000000000000000e+00
6.342444728529081921e-01	-2.038171127580756525e-01	0.000000000000000000e+00
6.383663427634473919e-01	-2.548070753463141380e-01	0.000000000000000000e+00
6.383663427634473919e-01	-2.548070753463141380e-01	0.000000000000000000e+00
6.383663427634473919e-01	-2.548070753463141380e-01	0.000000000000000000e+00
6.418012343555633548e-01	-2.965767667301329458e-01	0.000000000000000000e+00
6.418012343555633548e-01	-2.965767667301329458e-01	0.000000000000000000e+00
6.418012343555633548e-01	-2.965767667301329458e-01	0.000000000000000000e+00
6.452361259476793176e-01	-3.093681040588596165e-01	0.000000000000000000e+00
6.452361259476793176e-01	-3.098552407655786323e-01	0.000000000000000000e+00
6.516930685515035515e-01	-3.307104584458099295e-01	0.000000000000000000e+00
6.516930685515035515e-01	-3.307104584458099295e-01	0.000000000000000000e+00
6.516930685515035515e-01	-3.307104584458099295e-01	0.000000000000000000e+00
6.516930685515035515e-01	-3.307104584458099295e-01	0.000000000000000000e+00
6.516930685515035515e-01	-3.307104584458099295e-01	0.000000000000000000e+00
8.389773590686837590e-01	-4.933784376679785644e-01	0.000000000000000000e+00
8.389773590686837590e-01	-4.933784376679785644e-01	0.000000000000000000e+00
8.389773590686837590e-01	-4.933784376679785644e-01	0.000000000000000000e+00
8.389773590686837590e-01	-4.933784376679785644e-01	0.000000000000000000e+00
8.389773590686837590e-01	-5.113843257001625675e-01	0.000000000000000000e+00
8.389773590686837590e-01	-5.035269047964917588e-01	0.000000000000000000e+00
8.389773590686837590e-01	-5.035269047964917588e-01	0.000000000000000000e+00
8.389773590686837590e-01	-5.035269047964917588e-01	0.000000000000000000e+00
8.389773590686837590e-01	-5.035269047964917588e-01	0.000000000000000000e+00
8.389773590686837590e-01	-5.035269047964917588e-01	0.000000000000000000e+00
8.389773590686837590e-01	-5.035269047964917588e-01	0.000000000000000000e+00
8.389773590686837590e-01	-5.035269047964917588e-01	0.000000000000000000e+00
8.389773590686837590e-01	-5.035269047964917588e-01	0.000000000000000000e+00
8.389773590686837590e-01	-5.035269047964917588e-01	0.000000000000000000e+00
8.389773590686837590e-01	-5.631198154863313876e-01	0.000000000000000000e+00
8.389773590686837590e-01	-5.631198154863313876e-01	0.000000000000000000e+00
8.389773590686837590e-01	-5.631198154863313876e-01	0.000000000000000000e+00
8.389773590686837590e-01	-5.631198154863313876e-01	0.000000000000000000e+00
8.389773590686837590e-01	-5.631198154863313876e-01	0.000000000000000000e+00
8.389773590686837590e-01	-5.631198154863313876e-01	0.000000000000000000e+00
8.389773590686837590e-01	-5.631198154863313876e-01	0.000000000000000000e+00
8.389773590686837590e-01	-5.631198154863313876e-01	0.000000000000000000e+00
8.424186481383748593e-01	-5.783322752493909036e-01	0.000000000000000000e+00
8.424186481383748593e-01	-5.783322752493909036e-01	0.000000000000000000e+00
