0.000000000000000000e+00	5.153913478863541009e+00	0.000000000000000000e+00
0.000000000000000000e+00	5.153913478863541009e+00	0.000000000000000000e+00
6.927339525637038475e-02	4.324855418937725737e+00	0.000000000000000000e+00
9.675607649883126438e-02	4.269930239940460837e+00	0.000000000000000000e+00
9.675607649883126438e-02	4.115350423308758998e+00	0.000000000000000000e+00
1.492122000174986030e-01	3.939128718684747454e+00	0.000000000000000000e+00
1.741856422937050619e-01	3.704602490304925055e+00	0.000000000000000000e+00
1.741856422937050619e-01	3.405322190279480132e+00	0.000000000000000000e+00
1.741856422937050619e-01	3.405322190279480132e+00	0.000000000000000000e+00
2.329684203708842216e-01	3.047684705128181459e+00	0.000000000000000000e+00
2.329684203708842216e-01	3.047684705128181459e+00	0.000000000000000000e+00
2.329684203708842216e-01	2.929816673630813995e+00	0.000000000000000000e+00
2.329684203708842216e-01	2.929816673630813995e+00	0.000000000000000000e+00
2.329684203708842216e-01	2.929816673630813995e+00	0.000000000000000000e+00
2.329684203708842216e-01	2.929816673630813995e+00	0.000000000000000000e+00
2.329684203708842216e-01	2.929816673630813995e+00	0.000000000000000000e+00
2.329684203708842216e-01	2.929816673630813995e+00	0.000000000000000000e+00
2.329684203708842216e-01	2.929816673630813995e+00	0.000000000000000000e+00
2.329684203708842216e-01	2.929816673630813995e+00	0.000000000000000000e+00
2.329684203708842216e-01	2.929816673630813995e+00	0.000000000000000000e+00
4.719954613649798847e-01	2.413653617807537621e+00	0.000000000000000000e+00
4.719954613649798847e-01	2.445778114129497638e+00	0.000000000000000000e+00
4.719954613649798847e-01	2.445778114129497638e+00	0.000000000000000000e+00
4.719954613649798847e-01	2.445778114129497638e+00	0.000000000000000000e+00
4.719954613649798847e-01	2.445778114129497638e+00	0.000000000000000000e+00
4.719954613649798847e-01	2.413653617807537621e+00	0.000000000000000000e+00
4.719954613649798847e-01	2.230066106300203188e+00	0.000000000000000000e+00
4.719954613649798847e-01	2.230066106300203188e+00	0.000000000000000000e+00
4.719954613649798847e-01	2.230066106300203188e+00	0.000000000000000000e+00
4.719954613649798847e-01	2.230066106300203188e+00	0.000000000000000000e+00
4.719954613649798847e-01	2.230066106300203188e+00	0.000000000000000000e+00
4.719954613649798847e-01	2.230066106300203188e+00	0.000000000000000000e+00
4.719954613649798847e-01	2.230066106300203188e+00	0.000000000000000000e+00
4.719954613649798847e-01	2.230066106300203188e+00	0.000000000000000000e+00
4.719954613649798847e-01	2.230066106300203188e+00	0.000000000000000000e+00
6.487615343928949674e-01	1.477038614032214703e+00	0.000000000000000000e+00
6.487615343928949674e-01	1.477038614032214703e+00	0.000000000000000000e+00
6.487615343928949674e-01	1.485410085723973372e+00	0.000000000000000000e+00
6.487615343928949674e-01	1.485410085723973372e+00	0.000000000000000000e+00
6.487615343928949674e-01	1.485410085723973372e+00	0.000000000000000000e+00
6.487615343928949674e-01	1.485410085723973372e+00	0.000000000000000000e+00
6.487615343928949674e-01	1.490305707627763931e+00	0.000000000000000000e+00
6.487615343928949674e-01	1.490305707627763931e+00	0.000000000000000000e+00
6.487615343928949674e-01	1.490305707627763931e+00	0.000000000000000000e+00
6.487615343928949674e-01	1.490305707627763931e+00	0.000000000000000000e+00
6.487615343928949674e-01	1.490305707627763931e+00	0.000000000000000000e+00
6.487615343928949674e-01	1.490305707627763931e+00	0.000000000000000000e+00
6.487615343928949674e-01	1.490305707627763931e+00	0.000000000000000000e+00
6.487615343928949674e-01	1.490305707627763931e+00	0.000000000000000000e+00
6.487615343928949674e-01	1.490305707627763931e+00	0.000000000000000000e+00
6.487615343928949674e-01	1.490305707627763931e+00	0.000000000000000000e+00
6.487615343928949674e-01	1.538940699223529940e+00	0.000000000000000000e+00
6.487615343928949674e-01	1.538940699223529940e+00	0.000000000000000000e+00
6.487615343928949674e-01	1.538940699223529940e+00	0.000000000000000000e+00
6.487615343928949674e-01	1.538940699223529940e+00	0.000000000000000000e+00
6.487615343928949674e-01	1.538940699223529940e+00	0.000000000000000000e+00
6.487615343928949674e-01	1.447678864294773771e+00	0.000000000000000000e+00
6.487615343928949674e-01	1.447678864294773771e+00	0.000000000000000000e+00
6.487615343928949674e-01	1.447678864294773771e+00	0.000000000000000000e+00
6.487615343928949674e-01	1.447678864294773771e+00	0.000000000000000000e+00
6.487615343928949674e-01	1.447678864294773771e+00	0.000000000000000000e+00
6.487615343928949674e-01	1.417320204273600170e+00	0.000000000000000000e+00
6.487615343928949674e-01	1.417320204273600170e+00	0.000000000000000000e+00
6.487615343928949674e-01	1.370627735708271233e+00	0.000000000000000000e+00
6.487615343928949674e-01	1.370627735708271233e+00	0.000000000000000000e+00
6.487615343928949674e-01	1.370627735708271233e+00	0.000000000000000000e+00
6.487615343928949674e-01	1.370627735708271233e+00	0.000000000000000000e+00
6.487615343928949674e-01	1.370627735708271233e+00	0.000000000000000000e+00
6.487615343928949674e-01	1.370627735708271233e+00	0.000000000000000000e+00
6.487615343928949674e-01	1.370627735708271233e+00	0.000000000000000000e+00
6.487615343928949674e-01	1.370627735708271233e+00	0.000000000000000000e+00
6.487615343928949674e-01	1.370627735708271233e+00	0.000000000000000000e+00
8.421250623654135126e-01	1.047586290610058812e+00	0.000000000000000000e+00
8.421250623654135126e-01	1.047586290610058812e+00	0.000000000000000000e+00
8.421250623654135126e-01	1.033571252763051840e+00	0.000000000000000000e+00
8.421250623654135126e-01	1.033571252763051840e+00	0.000000000000000000e+00
8.421250623654135126e-01	1.033571252763051840e+00	0.000000000000000000e+00
8.421250623654135126e-01	1.033571252763051840e+00	0.000000000000000000e+00
8.421250623654135126e-01	1.033571252763051840e+00	0.000000000000000000e+00
8.390987521806922977e-01	1.204739047956242093e+00	0.000000000000000000e+00
8.390987521806922977e-01	1.204739047956242093e+00	0.000000000000000000e+00
8.390987521806922977e-01	1.204739047956242093e+00	0.000000000000000000e+00
8.390987521806922977e-01	1.204739047956242093e+00	0.000000000000000000e+00
8.401075222422660360e-01	1.183518363615570834e+00	0.000000000000000000e+00
8.401075222422660360e-01	1.183518363615570834e+00	0.000000000000000000e+00
8.421250623654135126e-01	1.033148924803329871e+00	0.000000000000000000e+00
8.421250623654135126e-01	1.033148924803329871e+00	0.000000000000000000e+00
8.401075222422660360e-01	1.183518363615570834e+00	0.000000000000000000e+00
8.401075222422660360e-01	1.183518363615570834e+00	0.000000000000000000e+00
8.401075222422660360e-01	1.183518363615570834e+00	0.000000000000000000e+00
8.501952228580036408e-01	1.153218461950709317e+00	0.000000000000000000e+00
8.501952228580036408e-01	1.153218461950709317e+00	0.000000000000000000e+00
8.501952228580036408e-01	1.153218461950709317e+00	0.000000000000000000e+00
8.501952228580036408e-01	1.153218461950709317e+00	0.000000000000000000e+00
8.501952228580036408e-01	1.153218461950709317e+00	0.000000000000000000e+00
8.501952228580036408e-01	1.153218461950709317e+00	0.000000000000000000e+00
8.501952228580036408e-01	1.153218461950709317e+00	0.000000000000000000e+00
8.501952228580036408e-01	1.153218461950709317e+00	0.000000000000000000e+00
8.501952228580036408e-01	1.153218461950709317e+00	0.000000000000000000e+00
8.501952228580036408e-01	1.153218461950709317e+00	0.000000000000000000e+00
