0.000000000000000000e+00	1.077380347647059589e+00	0.000000000000000000e+00
1.520089312518554947e-02	9.203820015131469745e-01	0.000000000000000000e+00
1.520089312518554947e-02	9.203820015131469745e-01	0.000000000000000000e+00
4.107031466238619810e-02	8.664917946527378456e-01	0.000000000000000000e+00
5.764992519105949925e-02	7.787930912464207100e-01	0.000000000000000000e+00
7.404302206339245795e-02	7.577308642790931970e-01	0.000000000000000000e+00
8.703948074316454619e-02	7.254382086816331121e-01	0.000000000000000000e+00
1.034325776154975118e-01	7.216818816954666538e-01	0.000000000000000000e+00
1.034325776154975118e-01	7.216818816954666538e-01	0.000000000000000000e+00
1.034325776154975118e-01	7.216818816954666538e-01	0.000000000000000000e+00
1.034325776154975118e-01	7.238969265844521495e-01	0.000000000000000000e+00
1.034325776154975118e-01	7.238969265844521495e-01	0.000000000000000000e+00
1.034325776154975118e-01	7.238969265844521495e-01	0.000000000000000000e+00
2.021438214105711617e-01	6.043639817762732624e-01	0.000000000000000000e+00
2.084627418311395253e-01	5.846672924221066880e-01	0.000000000000000000e+00
2.148043115452661911e-01	5.212354828908213333e-01	0.000000000000000000e+00
2.236638097904755651e-01	4.412174819607176390e-01	0.000000000000000000e+00
2.277994925834076478e-01	4.152291538461828080e-01	0.000000000000000000e+00
2.392037342419419677e-01	3.687653073334808407e-01	0.000000000000000000e+00
2.406004982139829385e-01	3.474937502100243214e-01	0.000000000000000000e+00
2.469875860513491006e-01	3.157704480981921580e-01	0.000000000000000000e+00
2.534015038445582291e-01	3.075786751702921373e-01	0.000000000000000000e+00
2.534015038445582291e-01	3.075786751702921373e-01	0.000000000000000000e+00
2.534015038445582291e-01	3.075786751702921373e-01	0.000000000000000000e+00
2.534015038445582291e-01	3.075786751702921373e-01	0.000000000000000000e+00
2.534015038445582291e-01	3.075786751702921373e-01	0.000000000000000000e+00
2.534015038445582291e-01	3.075786751702921373e-01	0.000000000000000000e+00
2.534015038445582291e-01	3.075786751702921373e-01	0.000000000000000000e+00
2.534015038445582291e-01	3.076529400394384939e-01	0.000000000000000000e+00
2.534015038445582291e-01	3.076529400394384939e-01	0.000000000000000000e+00
4.157032451107833815e-01	2.389318607662589966e-01	0.000000000000000000e+00
4.157032451107833815e-01	2.337975655023957211e-01	0.000000000000000000e+00
4.192448924365883567e-01	1.782169306157872501e-01	0.000000000000000000e+00
4.232229387699107948e-01	1.315525672156599157e-01	0.000000000000000000e+00
4.232229387699107948e-01	1.311303051214880444e-01	0.000000000000000000e+00
4.269827855994745014e-01	9.466942641889806997e-02	0.000000000000000000e+00
4.291274197804207935e-01	7.912638318005851823e-02	0.000000000000000000e+00
4.350319007909307922e-01	1.739785581135635736e-02	0.000000000000000000e+00
4.350319007909307922e-01	1.739785581135635736e-02	0.000000000000000000e+00
4.393607511821966960e-01	-5.740700262450206155e-03	0.000000000000000000e+00
4.409363818014407910e-01	-3.648809393515620170e-02	0.000000000000000000e+00
4.468408628119507342e-01	-7.246190516245516744e-02	0.000000000000000000e+00
4.468408628119507342e-01	-7.246190516245516744e-02	0.000000000000000000e+00
4.527324954820275416e-01	-8.277938494921732726e-02	0.000000000000000000e+00
4.527324954820275416e-01	-8.277938494921732726e-02	0.000000000000000000e+00
4.527324954820275416e-01	-8.277938494921732726e-02	0.000000000000000000e+00
4.527324954820275416e-01	-8.277938494921732726e-02	0.000000000000000000e+00
4.527324954820275416e-01	-8.277938494921732726e-02	0.000000000000000000e+00
4.527324954820275416e-01	-8.277938494921732726e-02	0.000000000000000000e+00
4.527324954820275416e-01	-8.277938494921732726e-02	0.000000000000000000e+00
4.527324954820275416e-01	-8.277938494921732726e-02	0.000000000000000000e+00
6.204455035065282731e-01	-1.138022213682670369e-01	0.000000000000000000e+00
6.220944732824329471e-01	-1.346239728785633138e-01	0.000000000000000000e+00
6.234732509750937623e-01	-1.562630786659347237e-01	0.000000000000000000e+00
6.234732509750937623e-01	-1.608499359938656004e-01	0.000000000000000000e+00
6.267711905269031103e-01	-1.989418767330525806e-01	0.000000000000000000e+00
6.267711905269031103e-01	-1.989418767330525806e-01	0.000000000000000000e+00
6.286528302991895023e-01	-2.488994777383957135e-01	0.000000000000000000e+00
6.286528302991895023e-01	-2.488994777383957135e-01	0.000000000000000000e+00
6.295287459122247409e-01	-2.536383483855881860e-01	0.000000000000000000e+00
6.316805777677549916e-01	-2.840327450105329388e-01	0.000000000000000000e+00
6.316805777677549916e-01	-2.907541765453195981e-01	0.000000000000000000e+00
6.355641090127983617e-01	-3.216540132206135438e-01	0.000000000000000000e+00
6.344245044536556133e-01	-3.229006100104093724e-01	0.000000000000000000e+00
6.383080356986989834e-01	-3.531439989366326193e-01	0.000000000000000000e+00
6.383080356986989834e-01	-3.531439989366326193e-01	0.000000000000000000e+00
6.427613692233137277e-01	-3.825732668984445084e-01	0.000000000000000000e+00
6.427613692233137277e-01	-3.825732668984445084e-01	0.000000000000000000e+00
6.460750981887857236e-01	-3.966819272487853154e-01	0.000000000000000000e+00
6.468948221392121223e-01	-3.990922389681303417e-01	0.000000000000000000e+00
6.543420040205825128e-01	-4.202301221746154725e-01	0.000000000000000000e+00
6.543420040205825128e-01	-4.202301221746154725e-01	0.000000000000000000e+00
6.543420040205825128e-01	-4.202301221746154725e-01	0.000000000000000000e+00
6.543420040205825128e-01	-4.202301221746154725e-01	0.000000000000000000e+00
6.543420040205825128e-01	-4.202301221746154725e-01	0.000000000000000000e+00
6.543420040205825128e-01	-4.202301221746154725e-01	0.000000000000000000e+00
8.312008523233076485e-01	-4.998967080093916215e-01	0.000000000000000000e+00
8.312008523233076485e-01	-5.079614889077481710e-01	0.000000000000000000e+00
8.312008523233076485e-01	-5.079614889077481710e-01	0.000000000000000000e+00
8.312008523233076485e-01	-5.079614889077481710e-01	0.000000000000000000e+00
8.312008523233076485e-01	-5.079614889077481710e-01	0.000000000000000000e+00
8.312008523233076485e-01	-5.079614889077481710e-01	0.000000000000000000e+00
8.312008523233076485e-01	-5.079614889077481710e-01	0.000000000000000000e+00
8.335885826787915454e-01	-5.553648213477773155e-01	0.000000000000000000e+00
8.335885826787915454e-01	-5.553648213477773155e-01	0.000000000000000000e+00
8.335885826787915454e-01	-5.553648213477773155e-01	0.000000000000000000e+00
8.335885826787915454e-01	-5.553648213477773155e-01	0.000000000000000000e+00
8.335885826787915454e-01	-5.711293266312645889e-01	0.000000000000000000e+00
8.362848300525267398e-01	-5.881770797355597713e-01	0.000000000000000000e+00
8.362848300525267398e-01	-5.881770797355597713e-01	0.000000000000000000e+00
8.362848300525267398e-01	-6.014008513981171644e-01	0.000000000000000000e+00
8.372751479715501155e-01	-6.139067951564600722e-01	0.000000000000000000e+00
8.391184306179293451e-01	-6.298294234305323869e-01	0.000000000000000000e+00
8.391184306179293451e-01	-6.298294234305323869e-01	0.000000000000000000e+00
8.409617132643085746e-01	-6.556767947164928723e-01	0.000000000000000000e+00
8.409617132643085746e-01	-6.556767947164928723e-01	0.000000000000000000e+00
8.409617132643085746e-01	-6.556767947164928723e-01	0.000000000000000000e+00
8.416219252103241955e-01	-6.644488176797291867e-01	0.000000000000000000e+00
8.429423491023553261e-01	-6.798681859840388642e-01	0.000000000000000000e+00
8.429423491023553261e-01	-6.798681859840388642e-01	0.000000000000000000e+00
