0.000000000000000000e+00	1.077632763354822387e+00	0.000000000000000000e+00
1.520089312518554947e-02	8.944720498756353333e-01	0.000000000000000000e+00
2.725749157193997629e-02	8.381699863194386202e-01	0.000000000000000000e+00
4.262395240935696467e-02	7.906709182837791117e-01	0.000000000000000000e+00
5.931673537034151678e-02	7.131643713357612713e-01	0.000000000000000000e+00
7.129907196056091412e-02	6.907882050400924179e-01	0.000000000000000000e+00
7.964546344105319364e-02	6.842379378617371444e-01	0.000000000000000000e+00
7.964546344105319364e-02	6.842379378617371444e-01	0.000000000000000000e+00
7.964546344105319364e-02	6.842379378617371444e-01	0.000000000000000000e+00
7.964546344105319364e-02	6.842379378617371444e-01	0.000000000000000000e+00
7.964546344105319364e-02	6.842379378617371444e-01	0.000000000000000000e+00
7.964546344105319364e-02	6.842379378617371444e-01	0.000000000000000000e+00
1.934371731945732920e-01	6.637680664649366902e-01	0.000000000000000000e+00
2.021438214105711617e-01	5.792065928050535994e-01	0.000000000000000000e+00
2.084038087299785458e-01	5.073836488539055223e-01	0.000000000000000000e+00
2.153778058757805924e-01	4.682346810989591601e-01	0.000000000000000000e+00
2.233582207018383059e-01	4.017254566310704544e-01	0.000000000000000000e+00
2.312174130485647461e-01	3.580639790881317563e-01	0.000000000000000000e+00
2.384654272180166956e-01	3.142991424766021780e-01	0.000000000000000000e+00
2.384654272180166956e-01	3.142991424766021780e-01	0.000000000000000000e+00
2.534259509716492165e-01	2.665312968727124865e-01	0.000000000000000000e+00
2.609795542297383975e-01	2.652227001490086167e-01	0.000000000000000000e+00
2.609795542297383975e-01	2.652227001490086167e-01	0.000000000000000000e+00
2.609795542297383975e-01	2.652227001490086167e-01	0.000000000000000000e+00
2.609795542297383975e-01	2.652227001490086167e-01	0.000000000000000000e+00
2.609795542297383975e-01	2.652227001490086167e-01	0.000000000000000000e+00
2.609795542297383975e-01	2.652227001490086167e-01	0.000000000000000000e+00
2.609795542297383975e-01	2.652227001490086167e-01	0.000000000000000000e+00
2.609795542297383975e-01	2.654128415693257637e-01	0.000000000000000000e+00
4.137571440044603976e-01	2.532313019952776578e-01	0.000000000000000000e+00
4.137571440044603976e-01	2.149857616402275351e-01	0.000000000000000000e+00
4.185594311638350384e-01	1.646509413817759115e-01	0.000000000000000000e+00
4.226850177607746062e-01	1.056382056093580629e-01	0.000000000000000000e+00
4.226850177607746062e-01	1.056382056093580629e-01	0.000000000000000000e+00
4.292597751635030545e-01	7.614861453672018554e-02	0.000000000000000000e+00
4.318405765417699382e-01	3.649654985794174161e-02	0.000000000000000000e+00
4.318405765417699382e-01	1.812821397542950866e-02	0.000000000000000000e+00
4.351578320037964298e-01	-1.244491899178918996e-02	0.000000000000000000e+00
4.409363818014407910e-01	-3.028590723748802657e-02	0.000000000000000000e+00
4.435769367010321540e-01	-6.498455508075158538e-02	0.000000000000000000e+00
4.475708927254937741e-01	-8.148320175511732100e-02	0.000000000000000000e+00
4.553132968602944253e-01	-9.466188619181882535e-02	0.000000000000000000e+00
4.553132968602944253e-01	-9.466188619181882535e-02	0.000000000000000000e+00
4.553132968602944253e-01	-9.466188619181882535e-02	0.000000000000000000e+00
4.553132968602944253e-01	-9.466188619181882535e-02	0.000000000000000000e+00
4.553132968602944253e-01	-9.466188619181882535e-02	0.000000000000000000e+00
4.553132968602944253e-01	-9.466188619181882535e-02	0.000000000000000000e+00
4.553132968602944253e-01	-9.466188619181882535e-02	0.000000000000000000e+00
4.553132968602944253e-01	-9.466188619181882535e-02	0.000000000000000000e+00
6.197360624283165809e-01	-1.099414345222015782e-01	0.000000000000000000e+00
6.220944732824329471e-01	-1.457975950586838654e-01	0.000000000000000000e+00
6.239602871956028141e-01	-1.743878679727362824e-01	0.000000000000000000e+00
6.239602871956028141e-01	-1.805468399318818362e-01	0.000000000000000000e+00
6.251124204449032273e-01	-1.949064620966219630e-01	0.000000000000000000e+00
6.275723491012284994e-01	-2.315950054319800000e-01	0.000000000000000000e+00
6.293185970936843177e-01	-2.591336009338558455e-01	0.000000000000000000e+00
6.293185970936843177e-01	-2.591336009338558455e-01	0.000000000000000000e+00
6.317142307600263074e-01	-2.902046703625235646e-01	0.000000000000000000e+00
6.317142307600263074e-01	-2.902046703625235646e-01	0.000000000000000000e+00
6.349593016992494121e-01	-3.170563070208037848e-01	0.000000000000000000e+00
6.367145737509577463e-01	-3.296917462357387696e-01	0.000000000000000000e+00
6.375279147868284646e-01	-3.416878919265062264e-01	0.000000000000000000e+00
6.419098572612345066e-01	-3.646740352962449250e-01	0.000000000000000000e+00
6.471051407715111559e-01	-4.225308980651553137e-01	0.000000000000000000e+00
6.439141033014699200e-01	-3.899679050254158397e-01	0.000000000000000000e+00
6.471051407715111559e-01	-4.225308980651553137e-01	0.000000000000000000e+00
6.471051407715111559e-01	-4.225308980651553137e-01	0.000000000000000000e+00
6.531178788922173961e-01	-4.396836629691183163e-01	0.000000000000000000e+00
6.531178788922173961e-01	-4.396836629691183163e-01	0.000000000000000000e+00
6.531178788922173961e-01	-4.396836629691183163e-01	0.000000000000000000e+00
6.531178788922173961e-01	-4.396836629691183163e-01	0.000000000000000000e+00
6.531178788922173961e-01	-4.396836629691183163e-01	0.000000000000000000e+00
6.531178788922173961e-01	-4.396836629691183163e-01	0.000000000000000000e+00
8.283011440446312879e-01	-5.072760524898320966e-01	0.000000000000000000e+00
8.283011440446312879e-01	-5.072760524898320966e-01	0.000000000000000000e+00
8.283011440446312879e-01	-5.072760524898320966e-01	0.000000000000000000e+00
8.283011440446312879e-01	-5.072760524898320966e-01	0.000000000000000000e+00
8.283011440446312879e-01	-5.072760524898320966e-01	0.000000000000000000e+00
8.286409013331499374e-01	-5.238428688530747390e-01	0.000000000000000000e+00
8.303396877757436290e-01	-5.555454020332138976e-01	0.000000000000000000e+00
8.303396877757436290e-01	-5.555454020332138976e-01	0.000000000000000000e+00
8.334095634329092839e-01	-5.727121660307242790e-01	0.000000000000000000e+00
8.334095634329092839e-01	-5.727121660307242790e-01	0.000000000000000000e+00
8.334095634329092839e-01	-5.883750287154035918e-01	0.000000000000000000e+00
8.346432800969806332e-01	-6.143167674715414028e-01	0.000000000000000000e+00
8.339637655199432231e-01	-6.068522556563350490e-01	0.000000000000000000e+00
8.361276217410589240e-01	-6.195278245434012732e-01	0.000000000000000000e+00
8.361276217410589240e-01	-6.364245884733733538e-01	0.000000000000000000e+00
8.361276217410589240e-01	-6.364245884733733538e-01	0.000000000000000000e+00
8.491771004335884054e-01	-7.272793053295597554e-01	0.000000000000000000e+00
8.433692338171105973e-01	-7.128353345703766220e-01	0.000000000000000000e+00
8.433692338171105973e-01	-7.128353345703766220e-01	0.000000000000000000e+00
8.415682032263640533e-01	-6.827532114942284069e-01	0.000000000000000000e+00
8.433692338171105973e-01	-7.128353345703766220e-01	0.000000000000000000e+00
8.433692338171105973e-01	-7.128353345703766220e-01	0.000000000000000000e+00
8.433692338171105973e-01	-7.128353345703766220e-01	0.000000000000000000e+00
8.482839612754314862e-01	-7.328421101120118353e-01	0.000000000000000000e+00
8.482839612754314862e-01	-7.328421101120118353e-01	0.000000000000000000e+00
8.482839612754314862e-01	-7.328421101120118353e-01	0.000000000000000000e+00
8.491771004335884054e-01	-7.414127628434141748e-01	0.000000000000000000e+00
