0.000000000000000000e+00	1.019590414035858705e+00	0.000000000000000000e+00
1.520089312518554947e-02	8.927694821941318803e-01	0.000000000000000000e+00
2.619398593455660867e-02	8.267386978196082925e-01	0.000000000000000000e+00
4.464759506384764765e-02	7.556118758457786022e-01	0.000000000000000000e+00
5.931673537034151678e-02	7.065997248427554611e-01	0.000000000000000000e+00
7.196223302234469599e-02	6.821206791494068833e-01	0.000000000000000000e+00
7.964546344105319364e-02	6.784408486430968388e-01	0.000000000000000000e+00
7.964546344105319364e-02	6.784408486430968388e-01	0.000000000000000000e+00
7.964546344105319364e-02	6.784408486430968388e-01	0.000000000000000000e+00
7.964546344105319364e-02	6.784408486430968388e-01	0.000000000000000000e+00
7.964546344105319364e-02	6.784408486430968388e-01	0.000000000000000000e+00
7.964546344105319364e-02	6.784408486430968388e-01	0.000000000000000000e+00
1.934371731945732920e-01	6.279275807920713381e-01	0.000000000000000000e+00
1.982142252372079416e-01	5.718057920202620492e-01	0.000000000000000000e+00
2.084038087299785458e-01	4.974328128415149153e-01	0.000000000000000000e+00
2.153778058757805924e-01	4.595321660157089538e-01	0.000000000000000000e+00
2.233582207018383059e-01	4.033333246920005610e-01	0.000000000000000000e+00
2.306648033761931338e-01	3.652624267775718692e-01	0.000000000000000000e+00
2.383981976185164942e-01	3.116123446450723700e-01	0.000000000000000000e+00
2.419554816818040854e-01	2.969368789881030590e-01	0.000000000000000000e+00
2.534259509716492165e-01	2.583192801703009245e-01	0.000000000000000000e+00
2.609795542297383975e-01	2.496004787591754870e-01	0.000000000000000000e+00
2.609795542297383975e-01	2.496004787591754870e-01	0.000000000000000000e+00
2.609795542297383975e-01	2.496004787591754870e-01	0.000000000000000000e+00
2.609795542297383975e-01	2.496004787591754870e-01	0.000000000000000000e+00
2.609795542297383975e-01	2.496004787591754870e-01	0.000000000000000000e+00
2.609795542297383975e-01	2.510317593846288498e-01	0.000000000000000000e+00
2.609795542297383975e-01	2.510317593846288498e-01	0.000000000000000000e+00
2.612404255671783027e-01	2.512991162158464409e-01	0.000000000000000000e+00
2.612404255671783027e-01	2.512991162158464409e-01	0.000000000000000000e+00
4.137571440044603976e-01	2.100492455723221852e-01	0.000000000000000000e+00
4.173348457609405981e-01	1.716271931988277988e-01	0.000000000000000000e+00
4.202845953083648722e-01	1.382129900347700002e-01	0.000000000000000000e+00
4.226850177607746062e-01	1.033795785383245236e-01	0.000000000000000000e+00
4.265158255802378728e-01	5.896592699761645656e-02	0.000000000000000000e+00
4.291010826808651091e-01	3.743819372806261869e-02	0.000000000000000000e+00
4.310635644220742746e-01	1.260753795089973595e-02	0.000000000000000000e+00
4.341765911331918470e-01	-1.646832055585398594e-02	0.000000000000000000e+00
4.397057346336318284e-01	-4.390620228945094072e-02	0.000000000000000000e+00
4.406248773984282607e-01	-7.293460770159956863e-02	0.000000000000000000e+00
4.441285735512263688e-01	-8.979948437101184511e-02	0.000000000000000000e+00
4.475708927254937741e-01	-1.031982359991302639e-01	0.000000000000000000e+00
4.540266481808957755e-01	-1.141657271870461232e-01	0.000000000000000000e+00
4.540266481808957755e-01	-1.141657271870461232e-01	0.000000000000000000e+00
4.540266481808957755e-01	-1.141657271870461232e-01	0.000000000000000000e+00
4.540266481808957755e-01	-1.141657271870461232e-01	0.000000000000000000e+00
4.540266481808957755e-01	-1.141657271870461232e-01	0.000000000000000000e+00
4.540266481808957755e-01	-1.141657271870461232e-01	0.000000000000000000e+00
4.540266481808957755e-01	-1.141657271870461232e-01	0.000000000000000000e+00
4.540266481808957755e-01	-1.141657271870461232e-01	0.000000000000000000e+00
6.208966564492619522e-01	-1.438814546904794711e-01	0.000000000000000000e+00
6.220944732824329471e-01	-1.567977271925869998e-01	0.000000000000000000e+00
6.239602871956028141e-01	-1.823772712212682889e-01	0.000000000000000000e+00
6.250784812926503120e-01	-2.014435914134747596e-01	0.000000000000000000e+00
6.267281306990408751e-01	-2.208688262734232466e-01	0.000000000000000000e+00
6.275723491012284994e-01	-2.405600845718836867e-01	0.000000000000000000e+00
6.281298537200248333e-01	-2.593924216065187083e-01	0.000000000000000000e+00
6.317142307600263074e-01	-2.927222317750008962e-01	0.000000000000000000e+00
6.347319209788222505e-01	-3.219731542885010400e-01	0.000000000000000000e+00
6.343457961258660571e-01	-3.164855753510685821e-01	0.000000000000000000e+00
6.362981057678884778e-01	-3.303041744302268601e-01	0.000000000000000000e+00
6.362981057678884778e-01	-3.511677468126235269e-01	0.000000000000000000e+00
6.396179197573034214e-01	-3.765553024525598036e-01	0.000000000000000000e+00
6.409077342411167999e-01	-3.874536384840914782e-01	0.000000000000000000e+00
6.419098572612345066e-01	-3.995868208046327030e-01	0.000000000000000000e+00
6.439141033014699200e-01	-4.081424589783015922e-01	0.000000000000000000e+00
6.458708049203729651e-01	-4.201591295418883321e-01	0.000000000000000000e+00
6.500874239699863111e-01	-4.426757770185267282e-01	0.000000000000000000e+00
6.511475832665893915e-01	-4.460374258018164895e-01	0.000000000000000000e+00
6.519427027390416463e-01	-4.477573455468372710e-01	0.000000000000000000e+00
6.519427027390416463e-01	-4.477573455468372710e-01	0.000000000000000000e+00
6.519427027390416463e-01	-4.477573455468372710e-01	0.000000000000000000e+00
6.519427027390416463e-01	-4.477573455468372710e-01	0.000000000000000000e+00
8.257824922411689528e-01	-4.876628062229856897e-01	0.000000000000000000e+00
8.257824922411689528e-01	-4.876628062229856897e-01	0.000000000000000000e+00
8.257824922411689528e-01	-4.876628062229856897e-01	0.000000000000000000e+00
8.261800519773950802e-01	-4.935497184915699775e-01	0.000000000000000000e+00
8.272390905034510133e-01	-5.169679588455642349e-01	0.000000000000000000e+00
8.282951140143827162e-01	-5.207353539183926516e-01	0.000000000000000000e+00
8.282981290295070576e-01	-5.334874206358626303e-01	0.000000000000000000e+00
8.295722188614522707e-01	-5.550862066918149651e-01	0.000000000000000000e+00
8.306860640801398965e-01	-5.648031924221544875e-01	0.000000000000000000e+00
8.308553537387702859e-01	-5.703287985054337206e-01	0.000000000000000000e+00
8.322603180691283686e-01	-5.843300304709091453e-01	0.000000000000000000e+00
8.327553469481240311e-01	-5.980660354922594513e-01	0.000000000000000000e+00
8.336070706735314584e-01	-6.109579689069295494e-01	0.000000000000000000e+00
8.340354668103178160e-01	-6.183853963721439584e-01	0.000000000000000000e+00
8.361276217410589240e-01	-6.362176552387605044e-01	0.000000000000000000e+00
8.361276217410589240e-01	-6.422996619017681263e-01	0.000000000000000000e+00
8.373165773874361451e-01	-6.551368196888025519e-01	0.000000000000000000e+00
8.385055330338133661e-01	-6.707674131952429120e-01	0.000000000000000000e+00
8.385055330338133661e-01	-6.707674131952429120e-01	0.000000000000000000e+00
8.398016899688831582e-01	-6.845480641242456255e-01	0.000000000000000000e+00
8.408834443265676972e-01	-6.969655800958007852e-01	0.000000000000000000e+00
8.413627438480284493e-01	-6.981813053879796227e-01	0.000000000000000000e+00
8.422016468595910910e-01	-7.076264915934983302e-01	0.000000000000000000e+00
8.442530280211985039e-01	-7.232649726292624814e-01	0.000000000000000000e+00
8.474966169822399920e-01	-7.366185600113293042e-01	0.000000000000000000e+00
8.474966169822399920e-01	-7.366185600113293042e-01	0.000000000000000000e+00
8.479160684880213683e-01	-7.428671616203664785e-01	0.000000000000000000e+00
