0.000000000000000000e+00	1.043268269437642282e+00	0.000000000000000000e+00
1.520089312518554947e-02	8.927694821941318803e-01	0.000000000000000000e+00
2.619398593455660867e-02	8.267386978196082925e-01	0.000000000000000000e+00
4.464759506384764765e-02	7.598345251251780175e-01	0.000000000000000000e+00
5.931673537034151678e-02	7.090508698210158389e-01	0.000000000000000000e+00
7.196223302234469599e-02	6.829328459212385960e-01	0.000000000000000000e+00
7.964546344105319364e-02	6.784408486430968388e-01	0.000000000000000000e+00
7.964546344105319364e-02	6.784408486430968388e-01	0.000000000000000000e+00
7.964546344105319364e-02	6.784408486430968388e-01	0.000000000000000000e+00
7.964546344105319364e-02	6.784408486430968388e-01	0.000000000000000000e+00
7.964546344105319364e-02	6.784408486430968388e-01	0.000000000000000000e+00
7.964546344105319364e-02	6.784408486430968388e-01	0.000000000000000000e+00
1.934371731945732920e-01	6.432519258707949383e-01	0.000000000000000000e+00
1.982142252372079416e-01	5.718057920202620492e-01	0.000000000000000000e+00
2.084038087299785458e-01	5.147679110482531462e-01	0.000000000000000000e+00
2.153778058757805924e-01	4.636176638206255252e-01	0.000000000000000000e+00
2.233582207018383059e-01	4.033333246920005610e-01	0.000000000000000000e+00
2.306648033761931338e-01	3.595073407181883507e-01	0.000000000000000000e+00
2.383981976185164942e-01	3.286482777625037155e-01	0.000000000000000000e+00
2.419554816818040854e-01	2.969368789881030590e-01	0.000000000000000000e+00
2.534259509716492165e-01	2.599657788825865401e-01	0.000000000000000000e+00
2.609795542297383975e-01	2.579320894775693485e-01	0.000000000000000000e+00
2.609795542297383975e-01	2.579320894775693485e-01	0.000000000000000000e+00
2.609795542297383975e-01	2.579320894775693485e-01	0.000000000000000000e+00
2.609795542297383975e-01	2.579320894775693485e-01	0.000000000000000000e+00
2.609795542297383975e-01	2.579320894775693485e-01	0.000000000000000000e+00
2.609795542297383975e-01	2.579320894775693485e-01	0.000000000000000000e+00
2.609795542297383975e-01	2.579320894775693485e-01	0.000000000000000000e+00
2.609795542297383975e-01	2.579320894775693485e-01	0.000000000000000000e+00
4.132354013295805872e-01	2.346484618204029982e-01	0.000000000000000000e+00
4.137571440044603976e-01	2.100492455723221852e-01	0.000000000000000000e+00
4.184007386811970930e-01	1.682418153221384716e-01	0.000000000000000000e+00
4.196566430993089458e-01	1.392900445056223790e-01	0.000000000000000000e+00
4.226850177607746062e-01	1.033795785383245236e-01	0.000000000000000000e+00
4.265158255802378728e-01	6.330401891658528346e-02	0.000000000000000000e+00
4.291010826808651091e-01	3.494480566732699467e-02	0.000000000000000000e+00
4.299873178025419573e-01	1.312898049652799250e-02	0.000000000000000000e+00
4.351578320037964298e-01	-1.367449609792935686e-02	0.000000000000000000e+00
4.397057346336318284e-01	-4.390620228945094072e-02	0.000000000000000000e+00
4.415440201632246930e-01	-6.422290091258400779e-02	0.000000000000000000e+00
4.475708927254937741e-01	-1.008987306568446818e-01	0.000000000000000000e+00
4.475708927254937741e-01	-1.031982359991302639e-01	0.000000000000000000e+00
4.544555310740286402e-01	-1.138683064246679838e-01	0.000000000000000000e+00
4.544555310740286402e-01	-1.138683064246679838e-01	0.000000000000000000e+00
4.544555310740286402e-01	-1.138683064246679838e-01	0.000000000000000000e+00
4.557421797534273455e-01	-1.136427694088505136e-01	0.000000000000000000e+00
4.557421797534273455e-01	-1.136427694088505136e-01	0.000000000000000000e+00
4.557421797534273455e-01	-1.136427694088505136e-01	0.000000000000000000e+00
4.553132968602944253e-01	-1.134662900069050157e-01	0.000000000000000000e+00
4.553132968602944253e-01	-1.134662900069050157e-01	0.000000000000000000e+00
6.208966564492619522e-01	-1.438814546904794711e-01	0.000000000000000000e+00
6.220944732824329471e-01	-1.567977271925869998e-01	0.000000000000000000e+00
6.239602871956028141e-01	-1.823772712212682889e-01	0.000000000000000000e+00
6.250784812926503120e-01	-2.014435914134747596e-01	0.000000000000000000e+00
6.275723491012284994e-01	-2.394849516810242662e-01	0.000000000000000000e+00
6.275723491012284994e-01	-2.405600845718836867e-01	0.000000000000000000e+00
6.291293516878855296e-01	-2.692618615656617864e-01	0.000000000000000000e+00
6.317142307600263074e-01	-2.937749426478977743e-01	0.000000000000000000e+00
6.317142307600263074e-01	-2.937749426478977743e-01	0.000000000000000000e+00
6.343457961258660571e-01	-3.138691692432789004e-01	0.000000000000000000e+00
6.362981057678884778e-01	-3.303041744302268601e-01	0.000000000000000000e+00
6.362981057678884778e-01	-3.511677468126235269e-01	0.000000000000000000e+00
6.419098572612345066e-01	-3.867990479176206531e-01	0.000000000000000000e+00
6.419098572612345066e-01	-3.867990479176206531e-01	0.000000000000000000e+00
6.419098572612345066e-01	-3.912458649549788725e-01	0.000000000000000000e+00
6.439141033014699200e-01	-4.184782582956641517e-01	0.000000000000000000e+00
6.458708049203729651e-01	-4.201591295418883321e-01	0.000000000000000000e+00
6.500874239699863111e-01	-4.339749883238951389e-01	0.000000000000000000e+00
6.511475832665893915e-01	-4.450067700414973015e-01	0.000000000000000000e+00
6.516776629148909317e-01	-4.461765357080528793e-01	0.000000000000000000e+00
6.516776629148909317e-01	-4.461765357080528793e-01	0.000000000000000000e+00
6.516776629148909317e-01	-4.461765357080528793e-01	0.000000000000000000e+00
6.516776629148909317e-01	-4.461765357080528793e-01	0.000000000000000000e+00
8.262475252378975732e-01	-4.639134284474946690e-01	0.000000000000000000e+00
8.261800519773950802e-01	-4.772802598307788746e-01	0.000000000000000000e+00
8.261800519773950802e-01	-4.772802598307788746e-01	0.000000000000000000e+00
8.268860776614324060e-01	-5.017613281149388982e-01	0.000000000000000000e+00
8.273080712715157325e-01	-5.163034796729164544e-01	0.000000000000000000e+00
8.282951140143827162e-01	-5.207353539183926516e-01	0.000000000000000000e+00
8.282981290295070576e-01	-5.334874206358626303e-01	0.000000000000000000e+00
8.295722188614522707e-01	-5.457604749362366947e-01	0.000000000000000000e+00
8.306860640801398965e-01	-5.588912242093575511e-01	0.000000000000000000e+00
8.308553537387702859e-01	-5.703287985054337206e-01	0.000000000000000000e+00
8.322603180691283686e-01	-5.841033335830504436e-01	0.000000000000000000e+00
8.327553469481240311e-01	-5.980660354922594513e-01	0.000000000000000000e+00
8.339637655199432231e-01	-6.090783669922016363e-01	0.000000000000000000e+00
8.340692310796200548e-01	-6.171997848834860356e-01	0.000000000000000000e+00
8.361276217410589240e-01	-6.308670758293808412e-01	0.000000000000000000e+00
8.361276217410589240e-01	-6.396087582143478167e-01	0.000000000000000000e+00
8.378244367370135670e-01	-6.479753532330352339e-01	0.000000000000000000e+00
8.385766961729110847e-01	-6.650684281553684851e-01	0.000000000000000000e+00
8.385766961729110847e-01	-6.759809063277614216e-01	0.000000000000000000e+00
8.398016899688831582e-01	-6.845480641242456255e-01	0.000000000000000000e+00
8.408834443265676972e-01	-6.969655800958007852e-01	0.000000000000000000e+00
8.408834443265676972e-01	-6.969655800958007852e-01	0.000000000000000000e+00
8.422016468595910910e-01	-7.076264915934983302e-01	0.000000000000000000e+00
8.442530280211985039e-01	-7.232649726292624814e-01	0.000000000000000000e+00
8.467271128416442583e-01	-7.248962040390213302e-01	0.000000000000000000e+00
8.482839612754314862e-01	-7.337160365936226114e-01	0.000000000000000000e+00
8.491771004335884054e-01	-7.415535522315637174e-01	0.000000000000000000e+00
