0.000000000000000000e+00	1.019590414035858705e+00	0.000000000000000000e+00
1.520089312518554947e-02	8.869757686511041683e-01	0.000000000000000000e+00
2.619398593455660867e-02	8.267386978196082925e-01	0.000000000000000000e+00
4.464759506384764765e-02	7.556118758457786022e-01	0.000000000000000000e+00
5.931673537034151678e-02	7.065997248427554611e-01	0.000000000000000000e+00
7.196223302234469599e-02	6.813131367822709006e-01	0.000000000000000000e+00
8.118903758699021200e-02	6.735447528260204431e-01	0.000000000000000000e+00
8.118903758699021200e-02	6.735447528260204431e-01	0.000000000000000000e+00
8.118903758699021200e-02	6.735447528260204431e-01	0.000000000000000000e+00
8.118903758699021200e-02	6.735447528260204431e-01	0.000000000000000000e+00
8.118903758699021200e-02	6.735447528260204431e-01	0.000000000000000000e+00
8.118903758699021200e-02	6.735447528260204431e-01	0.000000000000000000e+00
1.934371731945732920e-01	6.387073950387618382e-01	0.000000000000000000e+00
1.982142252372079416e-01	5.693303570501522248e-01	0.000000000000000000e+00
2.084038087299785458e-01	5.002761444713297312e-01	0.000000000000000000e+00
2.153778058757805924e-01	4.632196101199228533e-01	0.000000000000000000e+00
2.233582207018383059e-01	4.016445218269437678e-01	0.000000000000000000e+00
2.306648033761931338e-01	3.652624267775718692e-01	0.000000000000000000e+00
2.383981976185164942e-01	3.236179767118865236e-01	0.000000000000000000e+00
2.419554816818040854e-01	2.912654083094959323e-01	0.000000000000000000e+00
2.496888759241274458e-01	2.555323349736318694e-01	0.000000000000000000e+00
2.609795542297383975e-01	2.492053789751587922e-01	0.000000000000000000e+00
2.609795542297383975e-01	2.492053789751587922e-01	0.000000000000000000e+00
2.609795542297383975e-01	2.492053789751587922e-01	0.000000000000000000e+00
2.609795542297383975e-01	2.492053789751587922e-01	0.000000000000000000e+00
2.609795542297383975e-01	2.492053789751587922e-01	0.000000000000000000e+00
2.609795542297383975e-01	2.492053789751587922e-01	0.000000000000000000e+00
2.609795542297383975e-01	2.492053789751587922e-01	0.000000000000000000e+00
2.609795542297383975e-01	2.492053789751587922e-01	0.000000000000000000e+00
2.609795542297383975e-01	2.492053789751587922e-01	0.000000000000000000e+00
4.142641450746489817e-01	2.058154976449134976e-01	0.000000000000000000e+00
4.173348457609405981e-01	1.634758577686355185e-01	0.000000000000000000e+00
4.202845953083648722e-01	1.382129900347700002e-01	0.000000000000000000e+00
4.226850177607746062e-01	1.033795785383245236e-01	0.000000000000000000e+00
4.265158255802378728e-01	6.389121361381382147e-02	0.000000000000000000e+00
4.291010826808651091e-01	3.743819372806261869e-02	0.000000000000000000e+00
4.310635644220742746e-01	5.589156311002881072e-03	0.000000000000000000e+00
4.341765911331918470e-01	-2.340149593307261008e-02	0.000000000000000000e+00
4.397057346336318284e-01	-4.390620228945094072e-02	0.000000000000000000e+00
4.406248773984282607e-01	-7.087551205639400220e-02	0.000000000000000000e+00
4.441285735512263688e-01	-9.584674052236637209e-02	0.000000000000000000e+00
4.475708927254937741e-01	-1.031982359991302639e-01	0.000000000000000000e+00
4.540266481808957755e-01	-1.149107262732807638e-01	0.000000000000000000e+00
4.540266481808957755e-01	-1.149107262732807638e-01	0.000000000000000000e+00
4.540266481808957755e-01	-1.149107262732807638e-01	0.000000000000000000e+00
4.540266481808957755e-01	-1.149107262732807638e-01	0.000000000000000000e+00
4.540266481808957755e-01	-1.149107262732807638e-01	0.000000000000000000e+00
4.540266481808957755e-01	-1.149107262732807638e-01	0.000000000000000000e+00
4.540266481808957755e-01	-1.149107262732807638e-01	0.000000000000000000e+00
4.540266481808957755e-01	-1.148332949073005010e-01	0.000000000000000000e+00
6.208966564492619522e-01	-1.531958946066231397e-01	0.000000000000000000e+00
6.208966564492619522e-01	-1.582171888545597649e-01	0.000000000000000000e+00
6.239602871956028141e-01	-1.894241359634752098e-01	0.000000000000000000e+00
6.250784812926503120e-01	-2.014435914134747596e-01	0.000000000000000000e+00
6.267281306990408751e-01	-2.384925153107556595e-01	0.000000000000000000e+00
6.275723491012284994e-01	-2.405600845718836867e-01	0.000000000000000000e+00
6.281298537200248333e-01	-2.593924216065187083e-01	0.000000000000000000e+00
6.308902238349165525e-01	-2.835493057756509616e-01	0.000000000000000000e+00
6.343457961258660571e-01	-3.149641176581753910e-01	0.000000000000000000e+00
6.343457961258660571e-01	-3.149641176581753910e-01	0.000000000000000000e+00
6.361235806533148684e-01	-3.298201363971019484e-01	0.000000000000000000e+00
6.362981057678884778e-01	-3.466134520091553317e-01	0.000000000000000000e+00
6.388348273627703078e-01	-3.649533041929075572e-01	0.000000000000000000e+00
6.406566374924118623e-01	-3.808276361086463946e-01	0.000000000000000000e+00
6.410844553441307214e-01	-3.918863726703593064e-01	0.000000000000000000e+00
6.432733159016110758e-01	-4.124285625746554884e-01	0.000000000000000000e+00
6.458708049203729651e-01	-4.201591295418883321e-01	0.000000000000000000e+00
6.476383930322664462e-01	-4.425455501328727226e-01	0.000000000000000000e+00
6.511475832665893915e-01	-4.460374258018164895e-01	0.000000000000000000e+00
6.519427027390416463e-01	-4.504766724478949658e-01	0.000000000000000000e+00
6.519427027390416463e-01	-4.504766724478949658e-01	0.000000000000000000e+00
6.519427027390416463e-01	-4.504766724478949658e-01	0.000000000000000000e+00
6.519427027390416463e-01	-4.504766724478949658e-01	0.000000000000000000e+00
6.519427027390416463e-01	-4.504766724478949658e-01	0.000000000000000000e+00
8.257824922411689528e-01	-4.909162689186206685e-01	0.000000000000000000e+00
8.257824922411689528e-01	-4.909162689186206685e-01	0.000000000000000000e+00
8.261800519773950802e-01	-4.935497184915699775e-01	0.000000000000000000e+00
8.272390905034510133e-01	-5.169679588455642349e-01	0.000000000000000000e+00
8.280749152875367392e-01	-5.260533439723065197e-01	0.000000000000000000e+00
8.282981290295070576e-01	-5.334874206358626303e-01	0.000000000000000000e+00
8.295713568630838086e-01	-5.487477294467829614e-01	0.000000000000000000e+00
8.295722188614522707e-01	-5.617256277978917023e-01	0.000000000000000000e+00
8.321137979479618085e-01	-5.955597597533062171e-01	0.000000000000000000e+00
8.321137979479618085e-01	-5.955597597533062171e-01	0.000000000000000000e+00
8.321137979479618085e-01	-5.955597597533062171e-01	0.000000000000000000e+00
8.327553469481240311e-01	-6.109183423061138596e-01	0.000000000000000000e+00
8.340354668103178160e-01	-6.183853963721439584e-01	0.000000000000000000e+00
8.360334793871115888e-01	-6.545315397071868047e-01	0.000000000000000000e+00
8.360334793871115888e-01	-6.545315397071868047e-01	0.000000000000000000e+00
8.360334793871115888e-01	-6.545315397071868047e-01	0.000000000000000000e+00
8.373165773874361451e-01	-6.600840494257727009e-01	0.000000000000000000e+00
8.385055330338133661e-01	-6.774812442774090782e-01	0.000000000000000000e+00
8.390896954317194067e-01	-6.807198713471470652e-01	0.000000000000000000e+00
8.406737185736770090e-01	-6.937146375480874871e-01	0.000000000000000000e+00
8.413627438480284493e-01	-6.984988929987505646e-01	0.000000000000000000e+00
8.422016468595910910e-01	-7.100101549746882235e-01	0.000000000000000000e+00
8.436302522666986325e-01	-7.224055543851765071e-01	0.000000000000000000e+00
8.442530280211985039e-01	-7.285860642776904594e-01	0.000000000000000000e+00
8.474966169822399920e-01	-7.395448238197475099e-01	0.000000000000000000e+00
8.479160684880213683e-01	-7.428671616203664785e-01	0.000000000000000000e+00
