0.000000000000000000e+00	4.179908873571946515e+00	0.000000000000000000e+00
0.000000000000000000e+00	4.119694194089376538e+00	0.000000000000000000e+00
4.837803824941563219e-02	3.686535782110274440e+00	0.000000000000000000e+00
7.256705737412344481e-02	3.477013667531397179e+00	0.000000000000000000e+00
9.675607649883126438e-02	3.155226568386536812e+00	0.000000000000000000e+00
9.675607649883126438e-02	3.155226568386536812e+00	0.000000000000000000e+00
9.675607649883126438e-02	3.155226568386536812e+00	0.000000000000000000e+00
1.553272768347146449e-01	2.909725599353001346e+00	0.000000000000000000e+00
1.553272768347146449e-01	2.909725599353001346e+00	0.000000000000000000e+00
1.553272768347146449e-01	2.909725599353001346e+00	0.000000000000000000e+00
2.081563879165145292e-01	2.809930511740406089e+00	0.000000000000000000e+00
2.081563879165145292e-01	2.809930511740406089e+00	0.000000000000000000e+00
2.593829759117841638e-01	2.492901876006964113e+00	0.000000000000000000e+00
2.593829759117841638e-01	2.492901876006964113e+00	0.000000000000000000e+00
2.593829759117841638e-01	2.492901876006964113e+00	0.000000000000000000e+00
2.593829759117841638e-01	2.492901876006964113e+00	0.000000000000000000e+00
2.593829759117841638e-01	2.492901876006964113e+00	0.000000000000000000e+00
2.593829759117841638e-01	2.492901876006964113e+00	0.000000000000000000e+00
2.593829759117841638e-01	2.492901876006964113e+00	0.000000000000000000e+00
2.593829759117841638e-01	2.492901876006964113e+00	0.000000000000000000e+00
2.593829759117841638e-01	2.492901876006964113e+00	0.000000000000000000e+00
2.593829759117841638e-01	2.492901876006964113e+00	0.000000000000000000e+00
2.593829759117841638e-01	2.492901876006964113e+00	0.000000000000000000e+00
4.719954613649798847e-01	2.078750411911230334e+00	0.000000000000000000e+00
4.719954613649798847e-01	2.078750411911230334e+00	0.000000000000000000e+00
4.719954613649798847e-01	2.078750411911230334e+00	0.000000000000000000e+00
4.719954613649798847e-01	2.078750411911230334e+00	0.000000000000000000e+00
4.719954613649798847e-01	2.078750411911230334e+00	0.000000000000000000e+00
4.719954613649798847e-01	2.078750411911230334e+00	0.000000000000000000e+00
4.719954613649798847e-01	2.078750411911230334e+00	0.000000000000000000e+00
4.719954613649798847e-01	2.078750411911230334e+00	0.000000000000000000e+00
4.719954613649798847e-01	2.078750411911230334e+00	0.000000000000000000e+00
4.719954613649798847e-01	2.081272955395869317e+00	0.000000000000000000e+00
4.719954613649798847e-01	2.081272955395869317e+00	0.000000000000000000e+00
4.719954613649798847e-01	2.086117838463937169e+00	0.000000000000000000e+00
4.719954613649798847e-01	2.086117838463937169e+00	0.000000000000000000e+00
6.487615343928949674e-01	1.508260815016524203e+00	0.000000000000000000e+00
6.487615343928949674e-01	1.508260815016524203e+00	0.000000000000000000e+00
6.487615343928949674e-01	1.508260815016524203e+00	0.000000000000000000e+00
6.487615343928949674e-01	1.508260815016524203e+00	0.000000000000000000e+00
6.487615343928949674e-01	1.508260815016524203e+00	0.000000000000000000e+00
6.487615343928949674e-01	1.508260815016524203e+00	0.000000000000000000e+00
6.487615343928949674e-01	1.508260815016524203e+00	0.000000000000000000e+00
6.487615343928949674e-01	1.508260815016524203e+00	0.000000000000000000e+00
6.487615343928949674e-01	1.300727461938583573e+00	0.000000000000000000e+00
6.487615343928949674e-01	1.300727461938583573e+00	0.000000000000000000e+00
6.487615343928949674e-01	1.300727461938583573e+00	0.000000000000000000e+00
6.487615343928949674e-01	1.300727461938583573e+00	0.000000000000000000e+00
6.487615343928949674e-01	1.300727461938583573e+00	0.000000000000000000e+00
6.487615343928949674e-01	1.305222016045590960e+00	0.000000000000000000e+00
6.487615343928949674e-01	1.305222016045590960e+00	0.000000000000000000e+00
6.487615343928949674e-01	1.305222016045590960e+00	0.000000000000000000e+00
6.487615343928949674e-01	1.305222016045590960e+00	0.000000000000000000e+00
6.487615343928949674e-01	1.305222016045590960e+00	0.000000000000000000e+00
6.487615343928949674e-01	1.305222016045590960e+00	0.000000000000000000e+00
6.487615343928949674e-01	1.305222016045590960e+00	0.000000000000000000e+00
6.487615343928949674e-01	1.305222016045590960e+00	0.000000000000000000e+00
6.487615343928949674e-01	1.305222016045590960e+00	0.000000000000000000e+00
6.487615343928949674e-01	1.305222016045590960e+00	0.000000000000000000e+00
6.487615343928949674e-01	1.259403183283235750e+00	0.000000000000000000e+00
6.487615343928949674e-01	1.259403183283235750e+00	0.000000000000000000e+00
6.487615343928949674e-01	1.259403183283235750e+00	0.000000000000000000e+00
6.487615343928949674e-01	1.259403183283235750e+00	0.000000000000000000e+00
6.487615343928949674e-01	1.259403183283235750e+00	0.000000000000000000e+00
6.487615343928949674e-01	1.259403183283235750e+00	0.000000000000000000e+00
6.487615343928949674e-01	1.244992170318883318e+00	0.000000000000000000e+00
6.487615343928949674e-01	1.259403183283235750e+00	0.000000000000000000e+00
6.487615343928949674e-01	1.259403183283235750e+00	0.000000000000000000e+00
8.349375756767005718e-01	1.085700842314663683e+00	0.000000000000000000e+00
8.349375756767005718e-01	1.085700842314663683e+00	0.000000000000000000e+00
8.349375756767005718e-01	1.085700842314663683e+00	0.000000000000000000e+00
8.349375756767005718e-01	1.083276139631012214e+00	0.000000000000000000e+00
8.349375756767005718e-01	1.083276139631012214e+00	0.000000000000000000e+00
8.349375756767005718e-01	1.083276139631012214e+00	0.000000000000000000e+00
8.349375756767005718e-01	1.083276139631012214e+00	0.000000000000000000e+00
8.349375756767005718e-01	1.083276139631012214e+00	0.000000000000000000e+00
8.349375756767005718e-01	1.083276139631012214e+00	0.000000000000000000e+00
8.349375756767005718e-01	1.083276139631012214e+00	0.000000000000000000e+00
8.349375756767005718e-01	1.083276139631012214e+00	0.000000000000000000e+00
8.349375756767005718e-01	1.083276139631012214e+00	0.000000000000000000e+00
8.474211051886757495e-01	8.815457731875058212e-01	0.000000000000000000e+00
8.474211051886757495e-01	8.815457731875058212e-01	0.000000000000000000e+00
8.474211051886757495e-01	8.815457731875058212e-01	0.000000000000000000e+00
8.474211051886757495e-01	8.815457731875058212e-01	0.000000000000000000e+00
8.474211051886757495e-01	8.815457731875058212e-01	0.000000000000000000e+00
8.474211051886757495e-01	8.815457731875058212e-01	0.000000000000000000e+00
8.474211051886757495e-01	8.815457731875058212e-01	0.000000000000000000e+00
8.474211051886757495e-01	8.815457731875058212e-01	0.000000000000000000e+00
8.474211051886757495e-01	8.815457731875058212e-01	0.000000000000000000e+00
8.474211051886757495e-01	8.815457731875058212e-01	0.000000000000000000e+00
8.474211051886757495e-01	8.357245764751705108e-01	0.000000000000000000e+00
8.474211051886757495e-01	8.357245764751705108e-01	0.000000000000000000e+00
8.474211051886757495e-01	8.357245764751705108e-01	0.000000000000000000e+00
8.474211051886757495e-01	8.357245764751705108e-01	0.000000000000000000e+00
8.474211051886757495e-01	8.357245764751705108e-01	0.000000000000000000e+00
8.474211051886757495e-01	8.357245764751705108e-01	0.000000000000000000e+00
8.474211051886757495e-01	8.357245764751705108e-01	0.000000000000000000e+00
8.474211051886757495e-01	8.357245764751705108e-01	0.000000000000000000e+00
8.474211051886757495e-01	8.357245764751705108e-01	0.000000000000000000e+00
8.474211051886757495e-01	8.357245764751705108e-01	0.000000000000000000e+00
