0.000000000000000000e+00	1.072117338733606928e+00	0.000000000000000000e+00
1.520089312518554947e-02	8.796322401160763249e-01	0.000000000000000000e+00
2.619398593455660867e-02	8.267386978196082925e-01	0.000000000000000000e+00
4.464759506384764765e-02	7.478734368527780729e-01	0.000000000000000000e+00
5.931673537034151678e-02	7.063685322600264938e-01	0.000000000000000000e+00
7.562143293598233562e-02	6.785957748690002456e-01	0.000000000000000000e+00
8.118903758699021200e-02	6.735447528260204431e-01	0.000000000000000000e+00
8.118903758699021200e-02	6.726068430838589851e-01	0.000000000000000000e+00
8.118903758699021200e-02	6.726068430838589851e-01	0.000000000000000000e+00
8.118903758699021200e-02	6.726068430838589851e-01	0.000000000000000000e+00
8.118903758699021200e-02	6.726068430838589851e-01	0.000000000000000000e+00
8.118903758699021200e-02	6.726068430838589851e-01	0.000000000000000000e+00
1.934371731945732920e-01	6.417813216289893763e-01	0.000000000000000000e+00
1.982142252372079416e-01	5.692885818102585427e-01	0.000000000000000000e+00
2.084038087299785458e-01	4.989416534777749712e-01	0.000000000000000000e+00
2.153778058757805924e-01	4.461455027139213936e-01	0.000000000000000000e+00
2.220090639444555758e-01	3.994396817413871648e-01	0.000000000000000000e+00
2.297754823603712360e-01	3.401771098423321815e-01	0.000000000000000000e+00
2.383981976185164942e-01	3.155975764681026030e-01	0.000000000000000000e+00
2.419554816818040854e-01	2.912654083094959323e-01	0.000000000000000000e+00
2.531109125373781632e-01	2.516903809161373795e-01	0.000000000000000000e+00
2.592009121980946018e-01	2.467172575194175876e-01	0.000000000000000000e+00
2.592009121980946018e-01	2.467172575194175876e-01	0.000000000000000000e+00
2.592009121980946018e-01	2.467172575194175876e-01	0.000000000000000000e+00
2.592009121980946018e-01	2.467172575194175876e-01	0.000000000000000000e+00
2.592009121980946018e-01	2.467172575194175876e-01	0.000000000000000000e+00
2.592009121980946018e-01	2.467172575194175876e-01	0.000000000000000000e+00
2.592009121980946018e-01	2.467172575194175876e-01	0.000000000000000000e+00
2.592009121980946018e-01	2.467172575194175876e-01	0.000000000000000000e+00
4.119454336304256281e-01	2.265229346081645279e-01	0.000000000000000000e+00
4.157508845442979828e-01	1.729040613214239408e-01	0.000000000000000000e+00
4.192179511525362945e-01	1.583083148929720629e-01	0.000000000000000000e+00
4.226488967533715835e-01	1.086859559427701544e-01	0.000000000000000000e+00
4.226850177607746062e-01	9.003138935689213029e-02	0.000000000000000000e+00
4.281144201994556697e-01	5.321594425202807316e-02	0.000000000000000000e+00
4.347186018140162811e-01	-1.650841388934790738e-02	0.000000000000000000e+00
4.347186018140162811e-01	-1.650841388934790738e-02	0.000000000000000000e+00
4.360126017369089779e-01	-4.271365128450972659e-02	0.000000000000000000e+00
4.406248773984282607e-01	-5.234833757557248723e-02	0.000000000000000000e+00
4.441285735512263688e-01	-8.192887968740408811e-02	0.000000000000000000e+00
4.464347113819859825e-01	-1.048926250719491998e-01	0.000000000000000000e+00
4.540266481808957755e-01	-1.177340314718722525e-01	0.000000000000000000e+00
4.540266481808957755e-01	-1.177340314718722525e-01	0.000000000000000000e+00
4.540266481808957755e-01	-1.177340314718722525e-01	0.000000000000000000e+00
4.540266481808957755e-01	-1.177340314718722525e-01	0.000000000000000000e+00
4.540266481808957755e-01	-1.177340314718722525e-01	0.000000000000000000e+00
4.540266481808957755e-01	-1.177340314718722525e-01	0.000000000000000000e+00
4.540266481808957755e-01	-1.177340314718722525e-01	0.000000000000000000e+00
4.540266481808957755e-01	-1.177340314718722525e-01	0.000000000000000000e+00
6.200718317460667262e-01	-1.388582036797698649e-01	0.000000000000000000e+00
6.208966564492619522e-01	-1.577717788448970149e-01	0.000000000000000000e+00
6.254839499199140729e-01	-1.993727157584421761e-01	0.000000000000000000e+00
6.254839499199140729e-01	-1.993727157584421761e-01	0.000000000000000000e+00
6.285889654858451969e-01	-2.630898119840893168e-01	0.000000000000000000e+00
6.266792535127053698e-01	-2.401003649989049415e-01	0.000000000000000000e+00
6.285889654858451969e-01	-2.630898119840893168e-01	0.000000000000000000e+00
6.294858658127477913e-01	-2.759672611691794675e-01	0.000000000000000000e+00
6.304880862261179608e-01	-2.945331161792698049e-01	0.000000000000000000e+00
6.328892846445675069e-01	-3.194493479829244031e-01	0.000000000000000000e+00
6.347604624787225314e-01	-3.377296236821024644e-01	0.000000000000000000e+00
6.360978984637370992e-01	-3.502616717493471921e-01	0.000000000000000000e+00
6.379721797579778197e-01	-3.742486084616645226e-01	0.000000000000000000e+00
6.385025092446524608e-01	-3.829409557501851635e-01	0.000000000000000000e+00
6.399173224100167534e-01	-3.985473230537885381e-01	0.000000000000000000e+00
6.418624650620556871e-01	-4.172038353456026805e-01	0.000000000000000000e+00
6.449391280452422270e-01	-4.308044702337932019e-01	0.000000000000000000e+00
6.494208323141795747e-01	-4.496094713762646689e-01	0.000000000000000000e+00
6.494208323141795747e-01	-4.496094713762646689e-01	0.000000000000000000e+00
6.530889142622255950e-01	-4.522999446519089806e-01	0.000000000000000000e+00
6.530889142622255950e-01	-4.522999446519089806e-01	0.000000000000000000e+00
6.530889142622255950e-01	-4.522999446519089806e-01	0.000000000000000000e+00
6.530889142622255950e-01	-4.522999446519089806e-01	0.000000000000000000e+00
6.530889142622255950e-01	-4.522999446519089806e-01	0.000000000000000000e+00
8.250541931100279225e-01	-4.688269247974485854e-01	0.000000000000000000e+00
8.257824922411689528e-01	-4.867033906365273443e-01	0.000000000000000000e+00
8.260740255361230799e-01	-4.978884649762227443e-01	0.000000000000000000e+00
8.270938579622182374e-01	-5.216855242630541456e-01	0.000000000000000000e+00
8.278371417505165919e-01	-5.271470476765784952e-01	0.000000000000000000e+00
8.284382288815178574e-01	-5.361669567951932169e-01	0.000000000000000000e+00
8.292396783895195078e-01	-5.540468234668003422e-01	0.000000000000000000e+00
8.301140112212597177e-01	-5.660450308086469873e-01	0.000000000000000000e+00
8.308425774055228086e-01	-5.762223151155906331e-01	0.000000000000000000e+00
8.321137979479618085e-01	-6.003152621055659610e-01	0.000000000000000000e+00
8.321137979479618085e-01	-6.003152621055659610e-01	0.000000000000000000e+00
8.333590941117456907e-01	-6.192600313274886359e-01	0.000000000000000000e+00
8.333527242758848042e-01	-6.222776574041313236e-01	0.000000000000000000e+00
8.346043902755294619e-01	-6.375382386888813757e-01	0.000000000000000000e+00
8.366478094393592357e-01	-6.469724264614690190e-01	0.000000000000000000e+00
8.376254744296316446e-01	-6.668376934840151149e-01	0.000000000000000000e+00
8.376254744296316446e-01	-6.668376934840151149e-01	0.000000000000000000e+00
8.396374236879751152e-01	-6.859812735919147419e-01	0.000000000000000000e+00
8.489243931990673175e-01	-7.469714427561294778e-01	0.000000000000000000e+00
8.409778012435884520e-01	-6.990223010252500924e-01	0.000000000000000000e+00
8.489243931990673175e-01	-7.469714427561294778e-01	0.000000000000000000e+00
8.441492700345472056e-01	-7.323410048918274073e-01	0.000000000000000000e+00
8.441492700345472056e-01	-7.323410048918274073e-01	0.000000000000000000e+00
8.465847291299251065e-01	-7.434137987276038251e-01	0.000000000000000000e+00
8.489243931990673175e-01	-7.469714427561294778e-01	0.000000000000000000e+00
8.481445051760199139e-01	-7.557606599636474964e-01	0.000000000000000000e+00
8.489243931990673175e-01	-7.628366168353947208e-01	0.000000000000000000e+00
