0.000000000000000000e+00	1.634561693862867315e+00	0.000000000000000000e+00
0.000000000000000000e+00	1.634561693862867315e+00	0.000000000000000000e+00
1.277090510694489645e-02	1.420521475110372744e+00	0.000000000000000000e+00
1.277090510694489645e-02	1.420521475110372744e+00	0.000000000000000000e+00
1.277090510694489645e-02	1.420521475110372744e+00	0.000000000000000000e+00
1.277090510694489645e-02	1.420521475110372744e+00	0.000000000000000000e+00
1.277090510694489645e-02	1.420521475110372744e+00	0.000000000000000000e+00
1.277090510694489645e-02	1.420521475110372744e+00	0.000000000000000000e+00
1.277090510694489645e-02	1.420521475110372744e+00	0.000000000000000000e+00
7.757137925635397557e-02	1.251689482839265288e+00	0.000000000000000000e+00
8.890272519866146417e-02	1.163361325761624432e+00	0.000000000000000000e+00
8.890272519866146417e-02	1.142515761771455862e+00	0.000000000000000000e+00
8.890272519866146417e-02	1.142515761771455862e+00	0.000000000000000000e+00
8.890272519866146417e-02	1.142515761771455862e+00	0.000000000000000000e+00
8.890272519866146417e-02	1.142515761771455862e+00	0.000000000000000000e+00
8.890272519866146417e-02	1.142947857874129891e+00	0.000000000000000000e+00
8.890272519866146417e-02	1.142947857874129891e+00	0.000000000000000000e+00
8.890272519866146417e-02	1.142947857874129891e+00	0.000000000000000000e+00
8.890272519866146417e-02	1.142947857874129891e+00	0.000000000000000000e+00
8.890272519866146417e-02	1.142947857874129891e+00	0.000000000000000000e+00
8.890272519866146417e-02	1.142947857874129891e+00	0.000000000000000000e+00
1.853184392398624092e-01	1.117967504375036780e+00	0.000000000000000000e+00
1.853184392398624092e-01	1.116410999141487892e+00	0.000000000000000000e+00
1.853184392398624092e-01	1.101765218122021439e+00	0.000000000000000000e+00
1.853184392398624092e-01	1.101765218122021439e+00	0.000000000000000000e+00
2.085471810462935505e-01	9.147182666434247045e-01	0.000000000000000000e+00
2.085471810462935505e-01	9.147182666434247045e-01	0.000000000000000000e+00
2.085471810462935505e-01	9.147182666434247045e-01	0.000000000000000000e+00
2.085471810462935505e-01	9.140717514874286964e-01	0.000000000000000000e+00
2.298762014189914549e-01	7.873705355080479196e-01	0.000000000000000000e+00
2.298762014189914549e-01	7.873705355080479196e-01	0.000000000000000000e+00
2.298762014189914549e-01	7.873705355080479196e-01	0.000000000000000000e+00
2.298762014189914549e-01	7.642196908514629072e-01	0.000000000000000000e+00
2.412125557921214747e-01	6.754876887944484265e-01	0.000000000000000000e+00
2.412125557921214747e-01	6.754876887944484265e-01	0.000000000000000000e+00
2.412125557921214747e-01	6.754876887944484265e-01	0.000000000000000000e+00
2.412125557921214747e-01	6.754876887944484265e-01	0.000000000000000000e+00
2.412125557921214747e-01	6.754876887944484265e-01	0.000000000000000000e+00
2.644115421764535734e-01	6.449544572871709347e-01	0.000000000000000000e+00
2.644115421764535734e-01	6.289010623960678004e-01	0.000000000000000000e+00
2.644115421764535734e-01	6.289010623960678004e-01	0.000000000000000000e+00
2.644115421764535734e-01	6.399752907160772830e-01	0.000000000000000000e+00
2.644115421764535734e-01	6.399752907160772830e-01	0.000000000000000000e+00
2.644115421764535734e-01	6.399752907160772830e-01	0.000000000000000000e+00
2.644115421764535734e-01	6.399752907160772830e-01	0.000000000000000000e+00
2.644115421764535734e-01	6.399752907160772830e-01	0.000000000000000000e+00
2.644115421764535734e-01	6.363239586606673770e-01	0.000000000000000000e+00
2.644115421764535734e-01	6.363239586606673770e-01	0.000000000000000000e+00
2.644115421764535734e-01	6.363239586606673770e-01	0.000000000000000000e+00
2.644115421764535734e-01	6.363239586606673770e-01	0.000000000000000000e+00
2.644115421764535734e-01	6.363239586606673770e-01	0.000000000000000000e+00
2.644115421764535734e-01	6.363239586606673770e-01	0.000000000000000000e+00
2.644115421764535734e-01	6.363239586606673770e-01	0.000000000000000000e+00
2.644115421764535734e-01	6.272429237981689276e-01	0.000000000000000000e+00
2.644115421764535734e-01	6.272429237981689276e-01	0.000000000000000000e+00
2.644115421764535734e-01	6.272429237981689276e-01	0.000000000000000000e+00
2.644115421764535734e-01	6.272429237981689276e-01	0.000000000000000000e+00
2.644115421764535734e-01	6.272429237981689276e-01	0.000000000000000000e+00
2.644115421764535734e-01	6.272429237981689276e-01	0.000000000000000000e+00
4.501208836777198519e-01	2.515767574626487924e-01	0.000000000000000000e+00
4.501208836777198519e-01	2.515767574626487924e-01	0.000000000000000000e+00
4.501208836777198519e-01	2.515767574626487924e-01	0.000000000000000000e+00
4.501208836777198519e-01	2.515767574626487924e-01	0.000000000000000000e+00
4.501208836777198519e-01	2.515767574626487924e-01	0.000000000000000000e+00
4.501208836777198519e-01	2.515767574626487924e-01	0.000000000000000000e+00
4.501208836777198519e-01	2.167918312737389108e-01	0.000000000000000000e+00
4.501208836777198519e-01	2.167918312737389108e-01	0.000000000000000000e+00
4.501208836777198519e-01	2.167918312737389108e-01	0.000000000000000000e+00
4.501208836777198519e-01	2.167918312737389108e-01	0.000000000000000000e+00
4.501208836777198519e-01	2.167918312737389108e-01	0.000000000000000000e+00
4.501208836777198519e-01	2.167918312737389108e-01	0.000000000000000000e+00
4.501208836777198519e-01	2.167918312737389108e-01	0.000000000000000000e+00
4.501208836777198519e-01	2.167918312737389108e-01	0.000000000000000000e+00
4.501208836777198519e-01	2.167918312737389108e-01	0.000000000000000000e+00
4.501208836777198519e-01	2.167918312737389108e-01	0.000000000000000000e+00
4.501208836777198519e-01	2.167918312737389108e-01	0.000000000000000000e+00
4.501208836777198519e-01	2.167918312737389108e-01	0.000000000000000000e+00
4.501208836777198519e-01	2.167918312737389108e-01	0.000000000000000000e+00
4.501208836777198519e-01	2.167918312737389108e-01	0.000000000000000000e+00
4.501208836777198519e-01	2.167918312737389108e-01	0.000000000000000000e+00
4.501208836777198519e-01	2.012876716018597023e-01	0.000000000000000000e+00
4.501208836777198519e-01	2.012876716018597023e-01	0.000000000000000000e+00
4.501208836777198519e-01	2.012876716018597023e-01	0.000000000000000000e+00
4.501208836777198519e-01	2.012876716018597023e-01	0.000000000000000000e+00
4.501208836777198519e-01	2.012876716018597023e-01	0.000000000000000000e+00
4.501208836777198519e-01	2.012876716018597023e-01	0.000000000000000000e+00
4.501208836777198519e-01	2.012876716018597023e-01	0.000000000000000000e+00
4.501208836777198519e-01	2.012876716018597023e-01	0.000000000000000000e+00
4.501208836777198519e-01	2.012876716018597023e-01	0.000000000000000000e+00
4.501208836777198519e-01	2.012876716018597023e-01	0.000000000000000000e+00
4.501208836777198519e-01	2.012876716018597023e-01	0.000000000000000000e+00
4.501208836777198519e-01	2.012876716018597023e-01	0.000000000000000000e+00
4.501208836777198519e-01	2.012876716018597023e-01	0.000000000000000000e+00
4.501208836777198519e-01	2.012876716018597023e-01	0.000000000000000000e+00
4.501208836777198519e-01	2.012876716018597023e-01	0.000000000000000000e+00
4.501208836777198519e-01	2.059972612820228088e-01	0.000000000000000000e+00
4.501208836777198519e-01	2.059972612820228088e-01	0.000000000000000000e+00
4.501208836777198519e-01	2.059972612820228088e-01	0.000000000000000000e+00
6.284758204716112129e-01	1.976152218842719757e-02	0.000000000000000000e+00
6.284758204716112129e-01	1.976152218842719757e-02	0.000000000000000000e+00
6.284758204716112129e-01	1.976152218842719757e-02	0.000000000000000000e+00
6.284758204716112129e-01	1.976152218842719757e-02	0.000000000000000000e+00
6.284758204716112129e-01	1.976152218842719757e-02	0.000000000000000000e+00
6.284758204716112129e-01	1.976152218842719757e-02	0.000000000000000000e+00
6.284758204716112129e-01	1.976152218842719757e-02	0.000000000000000000e+00
6.284758204716112129e-01	1.976152218842719757e-02	0.000000000000000000e+00
6.284758204716112129e-01	1.976152218842719757e-02	0.000000000000000000e+00
6.284758204716112129e-01	1.976152218842719757e-02	0.000000000000000000e+00
6.284758204716112129e-01	9.526099389447487825e-03	0.000000000000000000e+00
6.284758204716112129e-01	9.526099389447487825e-03	0.000000000000000000e+00
6.284758204716112129e-01	9.526099389447487825e-03	0.000000000000000000e+00
6.284758204716112129e-01	9.526099389447487825e-03	0.000000000000000000e+00
6.284758204716112129e-01	9.526099389447487825e-03	0.000000000000000000e+00
6.284758204716112129e-01	2.760128412921605823e-02	0.000000000000000000e+00
6.323271065943802949e-01	-2.721839478472156543e-02	0.000000000000000000e+00
6.323271065943802949e-01	-2.721839478472156543e-02	0.000000000000000000e+00
6.323271065943802949e-01	-2.721839478472156543e-02	0.000000000000000000e+00
6.323271065943802949e-01	-2.721839478472156543e-02	0.000000000000000000e+00
6.323271065943802949e-01	-3.939042976430983528e-02	0.000000000000000000e+00
6.323271065943802949e-01	-3.939042976430983528e-02	0.000000000000000000e+00
6.323271065943802949e-01	-3.939042976430983528e-02	0.000000000000000000e+00
6.323271065943802949e-01	-3.939042976430983528e-02	0.000000000000000000e+00
6.323271065943802949e-01	-3.939042976430983528e-02	0.000000000000000000e+00
6.323271065943802949e-01	-3.939042976430983528e-02	0.000000000000000000e+00
6.323271065943802949e-01	-3.939042976430983528e-02	0.000000000000000000e+00
6.323271065943802949e-01	-3.939042976430983528e-02	0.000000000000000000e+00
6.323271065943802949e-01	-3.939042976430983528e-02	0.000000000000000000e+00
6.323271065943802949e-01	-3.939042976430983528e-02	0.000000000000000000e+00
6.323271065943802949e-01	-3.939042976430983528e-02	0.000000000000000000e+00
6.323271065943802949e-01	-3.939042976430983528e-02	0.000000000000000000e+00
6.323271065943802949e-01	-3.939042976430983528e-02	0.000000000000000000e+00
6.323271065943802949e-01	-3.939042976430983528e-02	0.000000000000000000e+00
6.323271065943802949e-01	-3.939042976430983528e-02	0.000000000000000000e+00
8.377807004280020120e-01	-3.077365343437026279e-01	0.000000000000000000e+00
8.377807004280020120e-01	-3.077365343437026279e-01	0.000000000000000000e+00
8.377807004280020120e-01	-3.077365343437026279e-01	0.000000000000000000e+00
8.377807004280020120e-01	-3.077365343437026279e-01	0.000000000000000000e+00
8.377807004280020120e-01	-2.858586375670932878e-01	0.000000000000000000e+00
8.377807004280020120e-01	-3.003651034509429718e-01	0.000000000000000000e+00
8.377807004280020120e-01	-3.003651034509429718e-01	0.000000000000000000e+00
8.377807004280020120e-01	-3.003651034509429718e-01	0.000000000000000000e+00
8.377807004280020120e-01	-3.003651034509429718e-01	0.000000000000000000e+00
8.377807004280020120e-01	-3.003651034509429718e-01	0.000000000000000000e+00
8.377807004280020120e-01	-3.003651034509429718e-01	0.000000000000000000e+00
8.377807004280020120e-01	-3.003651034509429718e-01	0.000000000000000000e+00
8.377807004280020120e-01	-3.003651034509429718e-01	0.000000000000000000e+00
8.377807004280020120e-01	-3.003651034509429718e-01	0.000000000000000000e+00
8.377807004280020120e-01	-3.003651034509429718e-01	0.000000000000000000e+00
8.377807004280020120e-01	-3.003651034509429718e-01	0.000000000000000000e+00
8.377807004280020120e-01	-3.003651034509429718e-01	0.000000000000000000e+00
8.377807004280020120e-01	-3.003651034509429718e-01	0.000000000000000000e+00
8.377807004280020120e-01	-3.003651034509429718e-01	0.000000000000000000e+00
8.377807004280020120e-01	-3.018448275540526193e-01	0.000000000000000000e+00
8.377807004280020120e-01	-3.018448275540526193e-01	0.000000000000000000e+00
8.377807004280020120e-01	-3.018448275540526193e-01	0.000000000000000000e+00
8.377807004280020120e-01	-3.018448275540526193e-01	0.000000000000000000e+00
8.377807004280020120e-01	-3.018448275540526193e-01	0.000000000000000000e+00
8.377807004280020120e-01	-3.018448275540526193e-01	0.000000000000000000e+00
8.377807004280020120e-01	-3.018448275540526193e-01	0.000000000000000000e+00
8.377807004280020120e-01	-3.018448275540526193e-01	0.000000000000000000e+00
8.377807004280020120e-01	-3.018448275540526193e-01	0.000000000000000000e+00
8.377807004280020120e-01	-3.018448275540526193e-01	0.000000000000000000e+00
8.377807004280020120e-01	-3.018448275540526193e-01	0.000000000000000000e+00
8.377807004280020120e-01	-3.018448275540526193e-01	0.000000000000000000e+00
8.377807004280020120e-01	-3.018448275540526193e-01	0.000000000000000000e+00
8.377807004280020120e-01	-3.018448275540526193e-01	0.000000000000000000e+00
8.377807004280020120e-01	-3.018448275540526193e-01	0.000000000000000000e+00
8.377807004280020120e-01	-3.173281643827670639e-01	0.000000000000000000e+00
8.377807004280020120e-01	-3.173281643827670639e-01	0.000000000000000000e+00
8.377807004280020120e-01	-3.173281643827670639e-01	0.000000000000000000e+00
8.377807004280020120e-01	-3.173281643827670639e-01	0.000000000000000000e+00
8.377807004280020120e-01	-3.173281643827670639e-01	0.000000000000000000e+00
8.377807004280020120e-01	-3.248421116437746337e-01	0.000000000000000000e+00
8.377807004280020120e-01	-3.248421116437746337e-01	0.000000000000000000e+00
8.377807004280020120e-01	-3.391266364748227735e-01	0.000000000000000000e+00
8.377807004280020120e-01	-3.391266364748227735e-01	0.000000000000000000e+00
8.472898964201261984e-01	-3.765379733798875916e-01	0.000000000000000000e+00
8.472898964201261984e-01	-4.191850170516105423e-01	0.000000000000000000e+00
8.472898964201261984e-01	-4.191850170516105423e-01	0.000000000000000000e+00
8.472898964201261984e-01	-4.191850170516105423e-01	0.000000000000000000e+00
8.472898964201261984e-01	-4.191850170516105423e-01	0.000000000000000000e+00
8.472898964201261984e-01	-4.191850170516105423e-01	0.000000000000000000e+00
8.472898964201261984e-01	-4.191850170516105423e-01	0.000000000000000000e+00
8.472898964201261984e-01	-4.191850170516105423e-01	0.000000000000000000e+00
8.472898964201261984e-01	-4.508954657314278025e-01	0.000000000000000000e+00
8.472898964201261984e-01	-4.508954657314278025e-01	0.000000000000000000e+00
8.472898964201261984e-01	-4.508954657314278025e-01	0.000000000000000000e+00
8.472898964201261984e-01	-4.508954657314278025e-01	0.000000000000000000e+00
8.472898964201261984e-01	-4.508954657314278025e-01	0.000000000000000000e+00
8.472898964201261984e-01	-4.508954657314278025e-01	0.000000000000000000e+00
8.472898964201261984e-01	-4.508954657314278025e-01	0.000000000000000000e+00
8.472898964201261984e-01	-4.508954657314278025e-01	0.000000000000000000e+00
8.472898964201261984e-01	-4.508954657314278025e-01	0.000000000000000000e+00
8.472898964201261984e-01	-4.508954657314278025e-01	0.000000000000000000e+00
8.472898964201261984e-01	-4.508954657314278025e-01	0.000000000000000000e+00
8.472898964201261984e-01	-4.508954657314278025e-01	0.000000000000000000e+00
8.472898964201261984e-01	-4.508954657314278025e-01	0.000000000000000000e+00
8.472898964201261984e-01	-4.508954657314278025e-01	0.000000000000000000e+00
8.472898964201261984e-01	-4.508954657314278025e-01	0.000000000000000000e+00
8.472898964201261984e-01	-4.508954657314278025e-01	0.000000000000000000e+00
