0.000000000000000000e+00	1.000000000000000000e+00	0.000000000000000000e+00
0.000000000000000000e+00	1.000000000000000000e+00	0.000000000000000000e+00
1.277090510694489645e-02	8.827705827410595729e-01	0.000000000000000000e+00
1.277090510694489645e-02	8.827705827410595729e-01	0.000000000000000000e+00
3.285566492335689065e-02	8.097447010831276826e-01	0.000000000000000000e+00
3.743279613761452129e-02	7.727051433751382925e-01	0.000000000000000000e+00
3.743279613761452129e-02	7.727051433751382925e-01	0.000000000000000000e+00
5.490399188147405962e-02	7.121475013374378715e-01	0.000000000000000000e+00
5.490399188147405962e-02	7.121475013374378715e-01	0.000000000000000000e+00
5.490399188147405962e-02	7.121475013374378715e-01	0.000000000000000000e+00
5.490399188147405962e-02	7.121475013374378715e-01	0.000000000000000000e+00
8.095116773443476743e-02	6.698768473100316090e-01	0.000000000000000000e+00
8.095116773443476743e-02	6.698768473100316090e-01	0.000000000000000000e+00
8.095116773443476743e-02	6.698768473100316090e-01	0.000000000000000000e+00
8.095116773443476743e-02	6.698768473100316090e-01	0.000000000000000000e+00
8.095116773443476743e-02	6.698768473100316090e-01	0.000000000000000000e+00
8.095116773443476743e-02	6.698768473100316090e-01	0.000000000000000000e+00
8.095116773443476743e-02	6.698768473100316090e-01	0.000000000000000000e+00
8.095116773443476743e-02	6.698768473100316090e-01	0.000000000000000000e+00
8.095116773443476743e-02	6.698768473100316090e-01	0.000000000000000000e+00
8.095116773443476743e-02	6.698768473100316090e-01	0.000000000000000000e+00
8.095116773443476743e-02	6.698768473100316090e-01	0.000000000000000000e+00
8.095116773443476743e-02	6.698768473100316090e-01	0.000000000000000000e+00
8.095116773443476743e-02	6.698768473100316090e-01	0.000000000000000000e+00
1.913368630474007459e-01	6.140131455221539136e-01	0.000000000000000000e+00
1.913368630474007459e-01	6.140131455221539136e-01	0.000000000000000000e+00
1.913368630474007459e-01	6.140131455221539136e-01	0.000000000000000000e+00
2.085471810462935505e-01	4.997391978661664402e-01	0.000000000000000000e+00
2.085471810462935505e-01	4.997391978661664402e-01	0.000000000000000000e+00
2.085471810462935505e-01	4.880022565770270604e-01	0.000000000000000000e+00
2.085471810462935505e-01	4.880022565770270604e-01	0.000000000000000000e+00
2.085471810462935505e-01	4.880022565770270604e-01	0.000000000000000000e+00
2.298762014189914549e-01	3.351985022337760078e-01	0.000000000000000000e+00
2.298762014189914549e-01	3.351985022337760078e-01	0.000000000000000000e+00
2.298762014189914549e-01	3.351985022337760078e-01	0.000000000000000000e+00
2.298762014189914549e-01	3.351985022337760078e-01	0.000000000000000000e+00
2.298762014189914549e-01	3.351985022337760078e-01	0.000000000000000000e+00
2.412125557921214747e-01	2.774606401481656826e-01	0.000000000000000000e+00
2.412125557921214747e-01	2.774606401481656826e-01	0.000000000000000000e+00
2.412125557921214747e-01	2.774606401481656826e-01	0.000000000000000000e+00
2.577297895232646963e-01	2.422587907390115480e-01	0.000000000000000000e+00
2.577297895232646963e-01	2.422587907390115480e-01	0.000000000000000000e+00
2.577297895232646963e-01	2.422587907390115480e-01	0.000000000000000000e+00
2.577297895232646963e-01	2.422587907390115480e-01	0.000000000000000000e+00
2.577297895232646963e-01	2.422587907390115480e-01	0.000000000000000000e+00
2.577297895232646963e-01	2.422587907390115480e-01	0.000000000000000000e+00
2.577297895232646963e-01	2.422587907390115480e-01	0.000000000000000000e+00
2.577297895232646963e-01	2.422587907390115480e-01	0.000000000000000000e+00
2.577297895232646963e-01	2.422587907390115480e-01	0.000000000000000000e+00
2.577297895232646963e-01	2.422587907390115480e-01	0.000000000000000000e+00
2.577297895232646963e-01	2.422587907390115480e-01	0.000000000000000000e+00
2.577297895232646963e-01	2.422587907390115480e-01	0.000000000000000000e+00
2.577297895232646963e-01	2.422587907390115480e-01	0.000000000000000000e+00
2.577297895232646963e-01	2.422587907390115480e-01	0.000000000000000000e+00
2.577297895232646963e-01	2.422587907390115480e-01	0.000000000000000000e+00
2.577297895232646963e-01	2.422587907390115480e-01	0.000000000000000000e+00
2.577297895232646963e-01	2.422587907390115480e-01	0.000000000000000000e+00
2.577297895232646963e-01	2.422587907390115480e-01	0.000000000000000000e+00
2.577297895232646963e-01	2.422587907390115480e-01	0.000000000000000000e+00
2.577297895232646963e-01	2.422587907390115480e-01	0.000000000000000000e+00
4.190784541780110950e-01	1.381176485640377427e-01	0.000000000000000000e+00
4.190784541780110950e-01	1.381176485640377427e-01	0.000000000000000000e+00
4.190784541780110950e-01	1.381176485640377427e-01	0.000000000000000000e+00
4.190784541780110950e-01	1.381176485640377427e-01	0.000000000000000000e+00
4.190784541780110950e-01	1.213453865289511047e-01	0.000000000000000000e+00
4.190784541780110950e-01	1.204678501408064650e-01	0.000000000000000000e+00
4.266316208489020489e-01	6.034806316379937724e-02	0.000000000000000000e+00
4.266316208489020489e-01	6.025908934923754345e-02	0.000000000000000000e+00
4.266316208489020489e-01	6.025908934923754345e-02	0.000000000000000000e+00
4.266316208489020489e-01	4.503084017094034774e-02	0.000000000000000000e+00
4.266316208489020489e-01	3.302815297552802454e-02	0.000000000000000000e+00
4.332678457873699873e-01	-2.959143472348282899e-02	0.000000000000000000e+00
4.332678457873699873e-01	-2.959143472348282899e-02	0.000000000000000000e+00
4.332678457873699873e-01	-2.959143472348282899e-02	0.000000000000000000e+00
4.332678457873699873e-01	-2.959143472348282899e-02	0.000000000000000000e+00
4.332678457873699873e-01	-3.300532045424287020e-02	0.000000000000000000e+00
4.391832341016957408e-01	-7.663964933863670614e-02	0.000000000000000000e+00
4.391832341016957408e-01	-7.663964933863670614e-02	0.000000000000000000e+00
4.391832341016957408e-01	-7.663964933863670614e-02	0.000000000000000000e+00
4.391832341016957408e-01	-7.677759801046074584e-02	0.000000000000000000e+00
4.501208836777198519e-01	-1.210281263616493908e-01	0.000000000000000000e+00
4.501208836777198519e-01	-9.940502067184982249e-02	0.000000000000000000e+00
4.501208836777198519e-01	-1.210281263616493908e-01	0.000000000000000000e+00
4.501208836777198519e-01	-1.210281263616493908e-01	0.000000000000000000e+00
4.501208836777198519e-01	-1.210281263616493908e-01	0.000000000000000000e+00
4.501208836777198519e-01	-1.210281263616493908e-01	0.000000000000000000e+00
4.501208836777198519e-01	-1.210281263616493908e-01	0.000000000000000000e+00
4.501208836777198519e-01	-1.210281263616493908e-01	0.000000000000000000e+00
4.501208836777198519e-01	-1.210281263616493908e-01	0.000000000000000000e+00
4.501208836777198519e-01	-1.210281263616493908e-01	0.000000000000000000e+00
4.501208836777198519e-01	-1.210281263616493908e-01	0.000000000000000000e+00
4.501208836777198519e-01	-1.210281263616493908e-01	0.000000000000000000e+00
4.501208836777198519e-01	-1.210281263616493908e-01	0.000000000000000000e+00
4.501208836777198519e-01	-1.210281263616493908e-01	0.000000000000000000e+00
4.501208836777198519e-01	-1.210281263616493908e-01	0.000000000000000000e+00
4.501208836777198519e-01	-1.210281263616493908e-01	0.000000000000000000e+00
4.501208836777198519e-01	-1.210281263616493908e-01	0.000000000000000000e+00
4.501208836777198519e-01	-1.210281263616493908e-01	0.000000000000000000e+00
4.501208836777198519e-01	-1.210281263616493908e-01	0.000000000000000000e+00
4.501208836777198519e-01	-1.210281263616493908e-01	0.000000000000000000e+00
6.284758204716112129e-01	-2.790840028315173527e-01	0.000000000000000000e+00
6.284758204716112129e-01	-2.566316057595195432e-01	0.000000000000000000e+00
6.284758204716112129e-01	-2.468323031060082606e-01	0.000000000000000000e+00
6.284758204716112129e-01	-2.468323031060082606e-01	0.000000000000000000e+00
6.284758204716112129e-01	-2.468323031060082606e-01	0.000000000000000000e+00
6.284758204716112129e-01	-2.468323031060082606e-01	0.000000000000000000e+00
6.284758204716112129e-01	-2.468323031060082606e-01	0.000000000000000000e+00
6.284758204716112129e-01	-2.468323031060082606e-01	0.000000000000000000e+00
6.284758204716112129e-01	-2.468323031060082606e-01	0.000000000000000000e+00
6.284758204716112129e-01	-2.468323031060082606e-01	0.000000000000000000e+00
6.284758204716112129e-01	-2.468323031060082606e-01	0.000000000000000000e+00
6.284758204716112129e-01	-2.566316057595195432e-01	0.000000000000000000e+00
6.284758204716112129e-01	-2.800749705688639901e-01	0.000000000000000000e+00
6.284758204716112129e-01	-2.800749705688639901e-01	0.000000000000000000e+00
6.323271065943802949e-01	-3.186288309115509199e-01	0.000000000000000000e+00
6.323271065943802949e-01	-3.186288309115509199e-01	0.000000000000000000e+00
6.323271065943802949e-01	-3.186288309115509199e-01	0.000000000000000000e+00
6.323271065943802949e-01	-3.186288309115509199e-01	0.000000000000000000e+00
6.323271065943802949e-01	-3.186288309115509199e-01	0.000000000000000000e+00
6.323271065943802949e-01	-3.286790465848664078e-01	0.000000000000000000e+00
6.397923370328135739e-01	-4.032051169738106733e-01	0.000000000000000000e+00
6.397923370328135739e-01	-4.032051169738106733e-01	0.000000000000000000e+00
6.397923370328135739e-01	-4.032051169738106733e-01	0.000000000000000000e+00
6.397923370328135739e-01	-4.032051169738106733e-01	0.000000000000000000e+00
6.397923370328135739e-01	-4.032051169738106733e-01	0.000000000000000000e+00
6.397923370328135739e-01	-4.032051169738106733e-01	0.000000000000000000e+00
6.397923370328135739e-01	-4.032051169738106733e-01	0.000000000000000000e+00
6.397923370328135739e-01	-4.032051169738106733e-01	0.000000000000000000e+00
6.397923370328135739e-01	-4.032051169738106733e-01	0.000000000000000000e+00
6.397923370328135739e-01	-4.032051169738106733e-01	0.000000000000000000e+00
6.397923370328135739e-01	-4.032051169738106733e-01	0.000000000000000000e+00
6.397923370328135739e-01	-4.032051169738106733e-01	0.000000000000000000e+00
6.397923370328135739e-01	-4.032051169738106733e-01	0.000000000000000000e+00
6.397923370328135739e-01	-4.003432578434394928e-01	0.000000000000000000e+00
6.397923370328135739e-01	-4.003432578434394928e-01	0.000000000000000000e+00
6.397923370328135739e-01	-3.980827155258657712e-01	0.000000000000000000e+00
6.397923370328135739e-01	-3.980827155258657712e-01	0.000000000000000000e+00
6.397923370328135739e-01	-3.980827155258657712e-01	0.000000000000000000e+00
6.397923370328135739e-01	-3.980827155258657712e-01	0.000000000000000000e+00
6.397923370328135739e-01	-3.980827155258657712e-01	0.000000000000000000e+00
8.377807004280020120e-01	-6.578458058095144612e-01	0.000000000000000000e+00
8.377807004280020120e-01	-6.578458058095144612e-01	0.000000000000000000e+00
8.377807004280020120e-01	-6.578458058095144612e-01	0.000000000000000000e+00
8.377807004280020120e-01	-6.578458058095144612e-01	0.000000000000000000e+00
8.377807004280020120e-01	-6.578458058095144612e-01	0.000000000000000000e+00
8.377807004280020120e-01	-6.578458058095144612e-01	0.000000000000000000e+00
8.377807004280020120e-01	-6.578458058095144612e-01	0.000000000000000000e+00
8.377807004280020120e-01	-6.578458058095144612e-01	0.000000000000000000e+00
8.377807004280020120e-01	-6.578458058095144612e-01	0.000000000000000000e+00
8.377807004280020120e-01	-6.578458058095144612e-01	0.000000000000000000e+00
8.377807004280020120e-01	-6.578458058095144612e-01	0.000000000000000000e+00
8.377807004280020120e-01	-6.578458058095144612e-01	0.000000000000000000e+00
8.377807004280020120e-01	-6.578458058095144612e-01	0.000000000000000000e+00
8.377807004280020120e-01	-6.556873478642809561e-01	0.000000000000000000e+00
8.377807004280020120e-01	-6.583328026946734246e-01	0.000000000000000000e+00
8.377807004280020120e-01	-6.583328026946734246e-01	0.000000000000000000e+00
8.377807004280020120e-01	-6.583328026946734246e-01	0.000000000000000000e+00
8.377807004280020120e-01	-6.583328026946734246e-01	0.000000000000000000e+00
8.377807004280020120e-01	-6.583328026946734246e-01	0.000000000000000000e+00
8.377807004280020120e-01	-6.583328026946734246e-01	0.000000000000000000e+00
8.377807004280020120e-01	-6.583328026946734246e-01	0.000000000000000000e+00
8.377807004280020120e-01	-6.583328026946734246e-01	0.000000000000000000e+00
8.377807004280020120e-01	-6.583328026946734246e-01	0.000000000000000000e+00
8.377807004280020120e-01	-6.583328026946734246e-01	0.000000000000000000e+00
8.377807004280020120e-01	-6.583328026946734246e-01	0.000000000000000000e+00
8.377807004280020120e-01	-6.418553980724251984e-01	0.000000000000000000e+00
8.377807004280020120e-01	-6.418553980724251984e-01	0.000000000000000000e+00
8.377807004280020120e-01	-6.418553980724251984e-01	0.000000000000000000e+00
8.377807004280020120e-01	-6.418553980724251984e-01	0.000000000000000000e+00
8.377807004280020120e-01	-6.418553980724251984e-01	0.000000000000000000e+00
8.377807004280020120e-01	-6.418553980724251984e-01	0.000000000000000000e+00
8.377807004280020120e-01	-6.418553980724251984e-01	0.000000000000000000e+00
8.377807004280020120e-01	-6.418553980724251984e-01	0.000000000000000000e+00
8.377807004280020120e-01	-6.418553980724251984e-01	0.000000000000000000e+00
8.377807004280020120e-01	-6.418553980724251984e-01	0.000000000000000000e+00
8.377807004280020120e-01	-6.418553980724251984e-01	0.000000000000000000e+00
8.377807004280020120e-01	-6.531322291138086378e-01	0.000000000000000000e+00
8.377807004280020120e-01	-6.531322291138086378e-01	0.000000000000000000e+00
8.377807004280020120e-01	-6.531322291138086378e-01	0.000000000000000000e+00
8.377807004280020120e-01	-6.600076318932415198e-01	0.000000000000000000e+00
8.377807004280020120e-01	-6.747329485681237138e-01	0.000000000000000000e+00
8.377807004280020120e-01	-6.747329485681237138e-01	0.000000000000000000e+00
8.377807004280020120e-01	-6.747329485681237138e-01	0.000000000000000000e+00
8.377807004280020120e-01	-6.802893848049247350e-01	0.000000000000000000e+00
8.472898964201261984e-01	-7.284570767872368124e-01	0.000000000000000000e+00
8.472898964201261984e-01	-7.471256400767661843e-01	0.000000000000000000e+00
8.472898964201261984e-01	-7.471256400767661843e-01	0.000000000000000000e+00
8.472898964201261984e-01	-7.471256400767661843e-01	0.000000000000000000e+00
8.472898964201261984e-01	-7.471256400767661843e-01	0.000000000000000000e+00
8.472898964201261984e-01	-7.471256400767661843e-01	0.000000000000000000e+00
8.472898964201261984e-01	-7.471256400767661843e-01	0.000000000000000000e+00
8.472898964201261984e-01	-7.471256400767661843e-01	0.000000000000000000e+00
8.472898964201261984e-01	-7.471256400767661843e-01	0.000000000000000000e+00
8.472898964201261984e-01	-7.471256400767661843e-01	0.000000000000000000e+00
8.472898964201261984e-01	-7.471256400767661843e-01	0.000000000000000000e+00
8.472898964201261984e-01	-7.471256400767661843e-01	0.000000000000000000e+00
8.472898964201261984e-01	-7.471256400767661843e-01	0.000000000000000000e+00
8.472898964201261984e-01	-7.471256400767661843e-01	0.000000000000000000e+00
8.472898964201261984e-01	-7.471256400767661843e-01	0.000000000000000000e+00
8.472898964201261984e-01	-7.471256400767661843e-01	0.000000000000000000e+00
