0.000000000000000000e+00	1.000812356197614328e+00	0.000000000000000000e+00
0.000000000000000000e+00	1.000812356197614328e+00	0.000000000000000000e+00
1.277090510694489645e-02	8.827705827410595729e-01	0.000000000000000000e+00
1.277090510694489645e-02	8.827705827410595729e-01	0.000000000000000000e+00
3.285566492335689065e-02	8.586404846477302399e-01	0.000000000000000000e+00
3.743279613761452129e-02	8.396289453420745508e-01	0.000000000000000000e+00
3.743279613761452129e-02	8.396289453420745508e-01	0.000000000000000000e+00
5.490399188147405962e-02	7.432126643267233934e-01	0.000000000000000000e+00
5.490399188147405962e-02	7.121475013374378715e-01	0.000000000000000000e+00
5.490399188147405962e-02	7.121475013374378715e-01	0.000000000000000000e+00
5.490399188147405962e-02	7.121475013374378715e-01	0.000000000000000000e+00
8.095116773443476743e-02	6.705736615057740213e-01	0.000000000000000000e+00
8.095116773443476743e-02	6.705736615057740213e-01	0.000000000000000000e+00
8.095116773443476743e-02	6.705736615057740213e-01	0.000000000000000000e+00
8.095116773443476743e-02	6.705736615057740213e-01	0.000000000000000000e+00
8.095116773443476743e-02	6.705736615057740213e-01	0.000000000000000000e+00
8.095116773443476743e-02	6.705736615057740213e-01	0.000000000000000000e+00
8.095116773443476743e-02	6.705736615057740213e-01	0.000000000000000000e+00
8.095116773443476743e-02	6.705736615057740213e-01	0.000000000000000000e+00
8.095116773443476743e-02	6.705736615057740213e-01	0.000000000000000000e+00
8.095116773443476743e-02	6.705736615057740213e-01	0.000000000000000000e+00
8.095116773443476743e-02	6.705736615057740213e-01	0.000000000000000000e+00
8.095116773443476743e-02	6.705736615057740213e-01	0.000000000000000000e+00
8.095116773443476743e-02	6.705736615057740213e-01	0.000000000000000000e+00
1.913368630474007459e-01	6.161052515990862455e-01	0.000000000000000000e+00
1.913368630474007459e-01	6.161052515990862455e-01	0.000000000000000000e+00
1.913368630474007459e-01	6.161052515990862455e-01	0.000000000000000000e+00
2.085471810462935505e-01	4.944048046210343106e-01	0.000000000000000000e+00
2.085471810462935505e-01	4.944048046210343106e-01	0.000000000000000000e+00
2.085471810462935505e-01	4.880022565770270604e-01	0.000000000000000000e+00
2.085471810462935505e-01	4.880022565770270604e-01	0.000000000000000000e+00
2.085471810462935505e-01	4.880022565770270604e-01	0.000000000000000000e+00
2.298762014189914549e-01	3.415069104226619023e-01	0.000000000000000000e+00
2.298762014189914549e-01	3.415069104226619023e-01	0.000000000000000000e+00
2.298762014189914549e-01	3.415069104226619023e-01	0.000000000000000000e+00
2.298762014189914549e-01	3.351985022337760078e-01	0.000000000000000000e+00
2.298762014189914549e-01	3.351985022337760078e-01	0.000000000000000000e+00
2.412125557921214747e-01	2.986666540914906798e-01	0.000000000000000000e+00
2.412125557921214747e-01	2.774606401481656826e-01	0.000000000000000000e+00
2.412125557921214747e-01	2.774606401481656826e-01	0.000000000000000000e+00
2.577297895232646963e-01	2.428275389898668368e-01	0.000000000000000000e+00
2.577297895232646963e-01	2.428275389898668368e-01	0.000000000000000000e+00
2.577297895232646963e-01	2.428275389898668368e-01	0.000000000000000000e+00
2.577297895232646963e-01	2.428275389898668368e-01	0.000000000000000000e+00
2.577297895232646963e-01	2.428275389898668368e-01	0.000000000000000000e+00
2.577297895232646963e-01	2.428275389898668368e-01	0.000000000000000000e+00
2.577297895232646963e-01	2.428275389898668368e-01	0.000000000000000000e+00
2.577297895232646963e-01	2.428275389898668368e-01	0.000000000000000000e+00
2.577297895232646963e-01	2.428275389898668368e-01	0.000000000000000000e+00
2.577297895232646963e-01	2.428275389898668368e-01	0.000000000000000000e+00
2.577297895232646963e-01	2.428275389898668368e-01	0.000000000000000000e+00
2.577297895232646963e-01	2.428275389898668368e-01	0.000000000000000000e+00
2.577297895232646963e-01	2.428275389898668368e-01	0.000000000000000000e+00
2.577297895232646963e-01	2.428275389898668368e-01	0.000000000000000000e+00
2.577297895232646963e-01	2.428275389898668368e-01	0.000000000000000000e+00
2.577297895232646963e-01	2.428275389898668368e-01	0.000000000000000000e+00
2.577297895232646963e-01	2.428275389898668368e-01	0.000000000000000000e+00
2.577297895232646963e-01	2.428275389898668368e-01	0.000000000000000000e+00
2.577297895232646963e-01	2.428275389898668368e-01	0.000000000000000000e+00
4.190784541780110950e-01	1.371871373133435323e-01	0.000000000000000000e+00
4.190784541780110950e-01	1.371871373133435323e-01	0.000000000000000000e+00
4.190784541780110950e-01	1.371871373133435323e-01	0.000000000000000000e+00
4.190784541780110950e-01	1.371871373133435323e-01	0.000000000000000000e+00
4.190784541780110950e-01	1.371871373133435323e-01	0.000000000000000000e+00
4.190784541780110950e-01	1.280779290073757182e-01	0.000000000000000000e+00
4.190784541780110950e-01	1.204678501408064650e-01	0.000000000000000000e+00
4.266316208489020489e-01	4.252440262720041941e-02	0.000000000000000000e+00
4.266316208489020489e-01	4.252440262720041941e-02	0.000000000000000000e+00
4.266316208489020489e-01	4.252440262720041941e-02	0.000000000000000000e+00
4.266316208489020489e-01	4.252440262720041941e-02	0.000000000000000000e+00
4.266316208489020489e-01	3.982312178269190733e-02	0.000000000000000000e+00
4.332678457873699873e-01	-5.064524040420669568e-04	0.000000000000000000e+00
4.332678457873699873e-01	-5.064524040420669568e-04	0.000000000000000000e+00
4.332678457873699873e-01	-2.331353295419876306e-02	0.000000000000000000e+00
4.332678457873699873e-01	-2.331353295419876306e-02	0.000000000000000000e+00
4.332678457873699873e-01	-2.817342895976027162e-02	0.000000000000000000e+00
4.391832341016957408e-01	-6.917693784369144394e-02	0.000000000000000000e+00
4.391832341016957408e-01	-6.917693784369144394e-02	0.000000000000000000e+00
4.391832341016957408e-01	-7.038087557715758114e-02	0.000000000000000000e+00
4.391832341016957408e-01	-7.585622249202651768e-02	0.000000000000000000e+00
4.501208836777198519e-01	-1.042603210409587117e-01	0.000000000000000000e+00
4.501208836777198519e-01	-1.042603210409587117e-01	0.000000000000000000e+00
4.501208836777198519e-01	-1.108619656930501934e-01	0.000000000000000000e+00
4.501208836777198519e-01	-1.210281263616493908e-01	0.000000000000000000e+00
4.501208836777198519e-01	-1.210281263616493908e-01	0.000000000000000000e+00
4.501208836777198519e-01	-1.210281263616493908e-01	0.000000000000000000e+00
4.501208836777198519e-01	-1.210281263616493908e-01	0.000000000000000000e+00
4.501208836777198519e-01	-1.210281263616493908e-01	0.000000000000000000e+00
4.501208836777198519e-01	-1.167754972462910906e-01	0.000000000000000000e+00
4.501208836777198519e-01	-1.167754972462910906e-01	0.000000000000000000e+00
4.501208836777198519e-01	-1.167754972462910906e-01	0.000000000000000000e+00
4.501208836777198519e-01	-1.167754972462910906e-01	0.000000000000000000e+00
4.501208836777198519e-01	-1.167754972462910906e-01	0.000000000000000000e+00
4.501208836777198519e-01	-1.167754972462910906e-01	0.000000000000000000e+00
4.501208836777198519e-01	-1.167754972462910906e-01	0.000000000000000000e+00
4.501208836777198519e-01	-1.167754972462910906e-01	0.000000000000000000e+00
4.501208836777198519e-01	-1.167754972462910906e-01	0.000000000000000000e+00
4.501208836777198519e-01	-1.167754972462910906e-01	0.000000000000000000e+00
4.501208836777198519e-01	-1.167754972462910906e-01	0.000000000000000000e+00
6.284758204716112129e-01	-2.648450216483244080e-01	0.000000000000000000e+00
6.284758204716112129e-01	-2.648450216483244080e-01	0.000000000000000000e+00
6.284758204716112129e-01	-2.619259108452806628e-01	0.000000000000000000e+00
6.284758204716112129e-01	-2.619259108452806628e-01	0.000000000000000000e+00
6.284758204716112129e-01	-2.619259108452806628e-01	0.000000000000000000e+00
6.284758204716112129e-01	-2.619259108452806628e-01	0.000000000000000000e+00
6.284758204716112129e-01	-2.619259108452806628e-01	0.000000000000000000e+00
6.284758204716112129e-01	-2.619259108452806628e-01	0.000000000000000000e+00
6.284758204716112129e-01	-2.619259108452806628e-01	0.000000000000000000e+00
6.284758204716112129e-01	-2.619259108452806628e-01	0.000000000000000000e+00
6.284758204716112129e-01	-2.619259108452806628e-01	0.000000000000000000e+00
6.284758204716112129e-01	-2.619259108452806628e-01	0.000000000000000000e+00
6.284758204716112129e-01	-2.619259108452806628e-01	0.000000000000000000e+00
6.284758204716112129e-01	-2.699950166895576098e-01	0.000000000000000000e+00
6.284758204716112129e-01	-2.718747813465410834e-01	0.000000000000000000e+00
6.323271065943802949e-01	-3.002219474086083584e-01	0.000000000000000000e+00
6.323271065943802949e-01	-3.002219474086083584e-01	0.000000000000000000e+00
6.323271065943802949e-01	-3.002219474086083584e-01	0.000000000000000000e+00
6.323271065943802949e-01	-3.119016625336507031e-01	0.000000000000000000e+00
6.397923370328135739e-01	-3.748559257798370625e-01	0.000000000000000000e+00
6.323271065943802949e-01	-3.286790465848664078e-01	0.000000000000000000e+00
6.397923370328135739e-01	-3.748559257798370625e-01	0.000000000000000000e+00
6.397923370328135739e-01	-3.937623222055938177e-01	0.000000000000000000e+00
6.397923370328135739e-01	-3.937623222055938177e-01	0.000000000000000000e+00
6.397923370328135739e-01	-3.937623222055938177e-01	0.000000000000000000e+00
6.397923370328135739e-01	-3.937623222055938177e-01	0.000000000000000000e+00
6.397923370328135739e-01	-3.937623222055938177e-01	0.000000000000000000e+00
6.397923370328135739e-01	-3.937623222055938177e-01	0.000000000000000000e+00
6.397923370328135739e-01	-3.899843710274276121e-01	0.000000000000000000e+00
6.397923370328135739e-01	-3.937623222055938177e-01	0.000000000000000000e+00
6.397923370328135739e-01	-3.937623222055938177e-01	0.000000000000000000e+00
6.397923370328135739e-01	-3.937623222055938177e-01	0.000000000000000000e+00
6.397923370328135739e-01	-3.937623222055938177e-01	0.000000000000000000e+00
6.397923370328135739e-01	-3.937623222055938177e-01	0.000000000000000000e+00
6.397923370328135739e-01	-3.937623222055938177e-01	0.000000000000000000e+00
6.397923370328135739e-01	-3.974254882993227267e-01	0.000000000000000000e+00
6.397923370328135739e-01	-3.974254882993227267e-01	0.000000000000000000e+00
6.397923370328135739e-01	-3.974254882993227267e-01	0.000000000000000000e+00
6.397923370328135739e-01	-3.974254882993227267e-01	0.000000000000000000e+00
6.397923370328135739e-01	-3.974254882993227267e-01	0.000000000000000000e+00
6.397923370328135739e-01	-3.974254882993227267e-01	0.000000000000000000e+00
8.377807004280020120e-01	-6.443777807715040939e-01	0.000000000000000000e+00
8.377807004280020120e-01	-6.505019260488692501e-01	0.000000000000000000e+00
8.377807004280020120e-01	-6.505019260488692501e-01	0.000000000000000000e+00
8.377807004280020120e-01	-6.505019260488692501e-01	0.000000000000000000e+00
8.377807004280020120e-01	-6.505019260488692501e-01	0.000000000000000000e+00
8.377807004280020120e-01	-6.505019260488692501e-01	0.000000000000000000e+00
8.377807004280020120e-01	-6.505019260488692501e-01	0.000000000000000000e+00
8.377807004280020120e-01	-6.505019260488692501e-01	0.000000000000000000e+00
8.377807004280020120e-01	-6.505019260488692501e-01	0.000000000000000000e+00
8.377807004280020120e-01	-6.505019260488692501e-01	0.000000000000000000e+00
8.377807004280020120e-01	-6.505019260488692501e-01	0.000000000000000000e+00
8.377807004280020120e-01	-6.505019260488692501e-01	0.000000000000000000e+00
8.377807004280020120e-01	-6.505019260488692501e-01	0.000000000000000000e+00
8.377807004280020120e-01	-6.505019260488692501e-01	0.000000000000000000e+00
8.377807004280020120e-01	-6.505019260488692501e-01	0.000000000000000000e+00
8.377807004280020120e-01	-6.505019260488692501e-01	0.000000000000000000e+00
8.377807004280020120e-01	-6.443159240451529213e-01	0.000000000000000000e+00
8.377807004280020120e-01	-6.443159240451529213e-01	0.000000000000000000e+00
8.377807004280020120e-01	-6.443159240451529213e-01	0.000000000000000000e+00
8.377807004280020120e-01	-6.443159240451529213e-01	0.000000000000000000e+00
8.377807004280020120e-01	-6.522054041992219053e-01	0.000000000000000000e+00
8.377807004280020120e-01	-6.522054041992219053e-01	0.000000000000000000e+00
8.377807004280020120e-01	-6.522054041992219053e-01	0.000000000000000000e+00
8.377807004280020120e-01	-6.522054041992219053e-01	0.000000000000000000e+00
8.377807004280020120e-01	-6.522054041992219053e-01	0.000000000000000000e+00
8.377807004280020120e-01	-6.522054041992219053e-01	0.000000000000000000e+00
8.377807004280020120e-01	-6.522054041992219053e-01	0.000000000000000000e+00
8.377807004280020120e-01	-6.522054041992219053e-01	0.000000000000000000e+00
8.377807004280020120e-01	-6.522054041992219053e-01	0.000000000000000000e+00
8.377807004280020120e-01	-6.522054041992219053e-01	0.000000000000000000e+00
8.377807004280020120e-01	-6.522054041992219053e-01	0.000000000000000000e+00
8.377807004280020120e-01	-6.522054041992219053e-01	0.000000000000000000e+00
8.377807004280020120e-01	-6.522054041992219053e-01	0.000000000000000000e+00
8.377807004280020120e-01	-6.522054041992219053e-01	0.000000000000000000e+00
8.377807004280020120e-01	-6.522054041992219053e-01	0.000000000000000000e+00
8.377807004280020120e-01	-6.599217746681080854e-01	0.000000000000000000e+00
8.377807004280020120e-01	-6.599217746681080854e-01	0.000000000000000000e+00
8.377807004280020120e-01	-6.599217746681080854e-01	0.000000000000000000e+00
8.377807004280020120e-01	-6.599217746681080854e-01	0.000000000000000000e+00
8.377807004280020120e-01	-6.679405381666698727e-01	0.000000000000000000e+00
8.377807004280020120e-01	-6.679405381666698727e-01	0.000000000000000000e+00
8.377807004280020120e-01	-6.679405381666698727e-01	0.000000000000000000e+00
8.472898964201261984e-01	-7.393453344231112334e-01	0.000000000000000000e+00
8.472898964201261984e-01	-7.393453344231112334e-01	0.000000000000000000e+00
8.472898964201261984e-01	-7.393453344231112334e-01	0.000000000000000000e+00
8.472898964201261984e-01	-7.393453344231112334e-01	0.000000000000000000e+00
8.472898964201261984e-01	-7.393453344231112334e-01	0.000000000000000000e+00
8.472898964201261984e-01	-7.393453344231112334e-01	0.000000000000000000e+00
8.472898964201261984e-01	-7.393453344231112334e-01	0.000000000000000000e+00
8.472898964201261984e-01	-7.393453344231112334e-01	0.000000000000000000e+00
8.472898964201261984e-01	-7.393453344231112334e-01	0.000000000000000000e+00
8.472898964201261984e-01	-7.393453344231112334e-01	0.000000000000000000e+00
8.472898964201261984e-01	-7.393453344231112334e-01	0.000000000000000000e+00
8.472898964201261984e-01	-7.393453344231112334e-01	0.000000000000000000e+00
8.472898964201261984e-01	-7.393453344231112334e-01	0.000000000000000000e+00
8.472898964201261984e-01	-7.439693275577876630e-01	0.000000000000000000e+00
8.472898964201261984e-01	-7.439693275577876630e-01	0.000000000000000000e+00
8.472898964201261984e-01	-7.439693275577876630e-01	0.000000000000000000e+00
8.472898964201261984e-01	-7.471256400767661843e-01	0.000000000000000000e+00
8.472898964201261984e-01	-7.471256400767661843e-01	0.000000000000000000e+00
