0.000000000000000000e+00	1.000812356197614328e+00	0.000000000000000000e+00
0.000000000000000000e+00	1.000812356197614328e+00	0.000000000000000000e+00
1.277090510694489645e-02	8.827705827410595729e-01	0.000000000000000000e+00
1.277090510694489645e-02	8.827705827410595729e-01	0.000000000000000000e+00
3.285566492335689065e-02	8.097447010831276826e-01	0.000000000000000000e+00
3.743279613761452129e-02	7.727051433751382925e-01	0.000000000000000000e+00
3.743279613761452129e-02	7.727051433751382925e-01	0.000000000000000000e+00
5.490399188147405962e-02	7.121475013374378715e-01	0.000000000000000000e+00
5.490399188147405962e-02	7.121475013374378715e-01	0.000000000000000000e+00
5.490399188147405962e-02	7.121475013374378715e-01	0.000000000000000000e+00
5.490399188147405962e-02	7.121475013374378715e-01	0.000000000000000000e+00
8.095116773443476743e-02	6.698768473100316090e-01	0.000000000000000000e+00
8.095116773443476743e-02	6.698768473100316090e-01	0.000000000000000000e+00
8.095116773443476743e-02	6.698768473100316090e-01	0.000000000000000000e+00
8.095116773443476743e-02	6.698768473100316090e-01	0.000000000000000000e+00
8.095116773443476743e-02	6.698768473100316090e-01	0.000000000000000000e+00
8.095116773443476743e-02	6.698768473100316090e-01	0.000000000000000000e+00
8.095116773443476743e-02	6.698768473100316090e-01	0.000000000000000000e+00
8.095116773443476743e-02	6.698768473100316090e-01	0.000000000000000000e+00
8.095116773443476743e-02	6.698768473100316090e-01	0.000000000000000000e+00
8.095116773443476743e-02	6.698768473100316090e-01	0.000000000000000000e+00
8.095116773443476743e-02	6.698768473100316090e-01	0.000000000000000000e+00
8.095116773443476743e-02	6.698768473100316090e-01	0.000000000000000000e+00
8.095116773443476743e-02	6.698768473100316090e-01	0.000000000000000000e+00
1.913368630474007459e-01	6.342172148621163519e-01	0.000000000000000000e+00
1.913368630474007459e-01	6.161052515990862455e-01	0.000000000000000000e+00
1.913368630474007459e-01	6.161052515990862455e-01	0.000000000000000000e+00
2.085471810462935505e-01	4.880122279762786897e-01	0.000000000000000000e+00
2.085471810462935505e-01	4.880122279762786897e-01	0.000000000000000000e+00
2.085471810462935505e-01	4.880022565770270604e-01	0.000000000000000000e+00
2.085471810462935505e-01	4.880022565770270604e-01	0.000000000000000000e+00
2.085471810462935505e-01	4.880022565770270604e-01	0.000000000000000000e+00
2.298762014189914549e-01	3.517836028196660858e-01	0.000000000000000000e+00
2.298762014189914549e-01	3.517836028196660858e-01	0.000000000000000000e+00
2.298762014189914549e-01	3.517836028196660858e-01	0.000000000000000000e+00
2.298762014189914549e-01	3.351985022337760078e-01	0.000000000000000000e+00
2.298762014189914549e-01	3.351985022337760078e-01	0.000000000000000000e+00
2.412125557921214747e-01	2.986666540914906798e-01	0.000000000000000000e+00
2.412125557921214747e-01	2.774606401481656826e-01	0.000000000000000000e+00
2.412125557921214747e-01	2.774606401481656826e-01	0.000000000000000000e+00
2.577297895232646963e-01	2.512423761869541639e-01	0.000000000000000000e+00
2.577297895232646963e-01	2.422587907390115480e-01	0.000000000000000000e+00
2.577297895232646963e-01	2.422587907390115480e-01	0.000000000000000000e+00
2.577297895232646963e-01	2.422587907390115480e-01	0.000000000000000000e+00
2.577297895232646963e-01	2.422587907390115480e-01	0.000000000000000000e+00
2.577297895232646963e-01	2.422587907390115480e-01	0.000000000000000000e+00
2.577297895232646963e-01	2.422587907390115480e-01	0.000000000000000000e+00
2.577297895232646963e-01	2.422587907390115480e-01	0.000000000000000000e+00
2.577297895232646963e-01	2.422587907390115480e-01	0.000000000000000000e+00
2.577297895232646963e-01	2.422587907390115480e-01	0.000000000000000000e+00
2.577297895232646963e-01	2.422587907390115480e-01	0.000000000000000000e+00
2.577297895232646963e-01	2.422587907390115480e-01	0.000000000000000000e+00
2.577297895232646963e-01	2.422587907390115480e-01	0.000000000000000000e+00
2.577297895232646963e-01	2.422587907390115480e-01	0.000000000000000000e+00
2.577297895232646963e-01	2.422587907390115480e-01	0.000000000000000000e+00
2.577297895232646963e-01	2.422587907390115480e-01	0.000000000000000000e+00
2.577297895232646963e-01	2.422587907390115480e-01	0.000000000000000000e+00
2.577297895232646963e-01	2.422587907390115480e-01	0.000000000000000000e+00
2.577297895232646963e-01	2.422587907390115480e-01	0.000000000000000000e+00
2.577297895232646963e-01	2.422587907390115480e-01	0.000000000000000000e+00
4.190784541780110950e-01	1.513067651752444676e-01	0.000000000000000000e+00
4.190784541780110950e-01	1.513067651752444676e-01	0.000000000000000000e+00
4.190784541780110950e-01	1.513067651752444676e-01	0.000000000000000000e+00
4.190784541780110950e-01	1.513067651752444676e-01	0.000000000000000000e+00
4.190784541780110950e-01	1.213453865289511047e-01	0.000000000000000000e+00
4.190784541780110950e-01	1.204678501408064650e-01	0.000000000000000000e+00
4.266316208489020489e-01	4.621268847631519738e-02	0.000000000000000000e+00
4.266316208489020489e-01	4.621268847631519738e-02	0.000000000000000000e+00
4.266316208489020489e-01	4.621268847631519738e-02	0.000000000000000000e+00
4.266316208489020489e-01	4.621268847631519738e-02	0.000000000000000000e+00
4.266316208489020489e-01	3.982312178269190733e-02	0.000000000000000000e+00
4.332678457873699873e-01	-5.846625439952691725e-03	0.000000000000000000e+00
4.332678457873699873e-01	-5.846625439952691725e-03	0.000000000000000000e+00
4.332678457873699873e-01	-5.846625439952691725e-03	0.000000000000000000e+00
4.332678457873699873e-01	-3.008314738778392061e-02	0.000000000000000000e+00
4.332678457873699873e-01	-3.008314738778392061e-02	0.000000000000000000e+00
4.391832341016957408e-01	-4.610005752803959106e-02	0.000000000000000000e+00
4.391832341016957408e-01	-6.085506187163396835e-02	0.000000000000000000e+00
4.391832341016957408e-01	-7.318235129007588657e-02	0.000000000000000000e+00
4.391832341016957408e-01	-7.585622249202651768e-02	0.000000000000000000e+00
4.501208836777198519e-01	-1.140137268620095151e-01	0.000000000000000000e+00
4.501208836777198519e-01	-1.140137268620095151e-01	0.000000000000000000e+00
4.501208836777198519e-01	-1.140137268620095151e-01	0.000000000000000000e+00
4.501208836777198519e-01	-1.210281263616493908e-01	0.000000000000000000e+00
4.501208836777198519e-01	-1.210281263616493908e-01	0.000000000000000000e+00
4.501208836777198519e-01	-1.210281263616493908e-01	0.000000000000000000e+00
4.501208836777198519e-01	-1.210281263616493908e-01	0.000000000000000000e+00
4.501208836777198519e-01	-1.210281263616493908e-01	0.000000000000000000e+00
4.501208836777198519e-01	-1.167754972462910906e-01	0.000000000000000000e+00
4.501208836777198519e-01	-1.167754972462910906e-01	0.000000000000000000e+00
4.501208836777198519e-01	-1.167754972462910906e-01	0.000000000000000000e+00
4.501208836777198519e-01	-1.167754972462910906e-01	0.000000000000000000e+00
4.501208836777198519e-01	-1.167754972462910906e-01	0.000000000000000000e+00
4.501208836777198519e-01	-1.167754972462910906e-01	0.000000000000000000e+00
4.501208836777198519e-01	-1.167754972462910906e-01	0.000000000000000000e+00
4.501208836777198519e-01	-1.167754972462910906e-01	0.000000000000000000e+00
4.501208836777198519e-01	-1.167754972462910906e-01	0.000000000000000000e+00
4.501208836777198519e-01	-1.167754972462910906e-01	0.000000000000000000e+00
4.501208836777198519e-01	-1.167754972462910906e-01	0.000000000000000000e+00
6.284758204716112129e-01	-2.691253197389223972e-01	0.000000000000000000e+00
6.284758204716112129e-01	-2.691253197389223972e-01	0.000000000000000000e+00
6.284758204716112129e-01	-2.691253197389223972e-01	0.000000000000000000e+00
6.284758204716112129e-01	-2.691253197389223972e-01	0.000000000000000000e+00
6.284758204716112129e-01	-2.667750126984887449e-01	0.000000000000000000e+00
6.284758204716112129e-01	-2.667750126984887449e-01	0.000000000000000000e+00
6.284758204716112129e-01	-2.667750126984887449e-01	0.000000000000000000e+00
6.284758204716112129e-01	-2.667750126984887449e-01	0.000000000000000000e+00
6.284758204716112129e-01	-2.667750126984887449e-01	0.000000000000000000e+00
6.284758204716112129e-01	-2.667750126984887449e-01	0.000000000000000000e+00
6.284758204716112129e-01	-2.667750126984887449e-01	0.000000000000000000e+00
6.284758204716112129e-01	-2.667750126984887449e-01	0.000000000000000000e+00
6.284758204716112129e-01	-2.667750126984887449e-01	0.000000000000000000e+00
6.284758204716112129e-01	-2.667750126984887449e-01	0.000000000000000000e+00
6.284758204716112129e-01	-2.718747813465410834e-01	0.000000000000000000e+00
6.323271065943802949e-01	-2.982961155221669491e-01	0.000000000000000000e+00
6.323271065943802949e-01	-2.982961155221669491e-01	0.000000000000000000e+00
6.323271065943802949e-01	-3.158980476214744426e-01	0.000000000000000000e+00
6.323271065943802949e-01	-3.158980476214744426e-01	0.000000000000000000e+00
6.323271065943802949e-01	-3.191937627047278792e-01	0.000000000000000000e+00
6.323271065943802949e-01	-3.286790465848664078e-01	0.000000000000000000e+00
6.397923370328135739e-01	-3.653975604630141927e-01	0.000000000000000000e+00
6.397923370328135739e-01	-3.653975604630141927e-01	0.000000000000000000e+00
6.397923370328135739e-01	-3.653975604630141927e-01	0.000000000000000000e+00
6.397923370328135739e-01	-3.653975604630141927e-01	0.000000000000000000e+00
6.397923370328135739e-01	-3.653975604630141927e-01	0.000000000000000000e+00
6.397923370328135739e-01	-3.980827155258657712e-01	0.000000000000000000e+00
6.397923370328135739e-01	-3.980827155258657712e-01	0.000000000000000000e+00
6.397923370328135739e-01	-3.980827155258657712e-01	0.000000000000000000e+00
6.397923370328135739e-01	-3.980827155258657712e-01	0.000000000000000000e+00
6.397923370328135739e-01	-3.980827155258657712e-01	0.000000000000000000e+00
6.397923370328135739e-01	-3.980827155258657712e-01	0.000000000000000000e+00
6.397923370328135739e-01	-3.980827155258657712e-01	0.000000000000000000e+00
6.397923370328135739e-01	-3.980827155258657712e-01	0.000000000000000000e+00
6.397923370328135739e-01	-3.980827155258657712e-01	0.000000000000000000e+00
6.397923370328135739e-01	-3.980827155258657712e-01	0.000000000000000000e+00
6.397923370328135739e-01	-3.974254882993227267e-01	0.000000000000000000e+00
6.397923370328135739e-01	-3.974254882993227267e-01	0.000000000000000000e+00
6.397923370328135739e-01	-3.974254882993227267e-01	0.000000000000000000e+00
6.397923370328135739e-01	-3.974254882993227267e-01	0.000000000000000000e+00
6.397923370328135739e-01	-3.974254882993227267e-01	0.000000000000000000e+00
8.377807004280020120e-01	-6.451205763131023785e-01	0.000000000000000000e+00
8.377807004280020120e-01	-6.451205763131023785e-01	0.000000000000000000e+00
8.377807004280020120e-01	-6.451205763131023785e-01	0.000000000000000000e+00
8.377807004280020120e-01	-6.451205763131023785e-01	0.000000000000000000e+00
8.377807004280020120e-01	-6.451205763131023785e-01	0.000000000000000000e+00
8.377807004280020120e-01	-6.451205763131023785e-01	0.000000000000000000e+00
8.377807004280020120e-01	-6.451205763131023785e-01	0.000000000000000000e+00
8.377807004280020120e-01	-6.451205763131023785e-01	0.000000000000000000e+00
8.377807004280020120e-01	-6.451205763131023785e-01	0.000000000000000000e+00
8.377807004280020120e-01	-6.451205763131023785e-01	0.000000000000000000e+00
8.377807004280020120e-01	-6.160140888135482440e-01	0.000000000000000000e+00
8.377807004280020120e-01	-6.160140888135482440e-01	0.000000000000000000e+00
8.377807004280020120e-01	-6.160140888135482440e-01	0.000000000000000000e+00
8.377807004280020120e-01	-6.160140888135482440e-01	0.000000000000000000e+00
8.377807004280020120e-01	-6.160140888135482440e-01	0.000000000000000000e+00
8.377807004280020120e-01	-6.160140888135482440e-01	0.000000000000000000e+00
8.377807004280020120e-01	-6.160140888135482440e-01	0.000000000000000000e+00
8.377807004280020120e-01	-6.160140888135482440e-01	0.000000000000000000e+00
8.377807004280020120e-01	-6.160140888135482440e-01	0.000000000000000000e+00
8.377807004280020120e-01	-6.160140888135482440e-01	0.000000000000000000e+00
8.377807004280020120e-01	-6.160140888135482440e-01	0.000000000000000000e+00
8.377807004280020120e-01	-6.160140888135482440e-01	0.000000000000000000e+00
8.377807004280020120e-01	-6.573747372541973721e-01	0.000000000000000000e+00
8.377807004280020120e-01	-6.573747372541973721e-01	0.000000000000000000e+00
8.377807004280020120e-01	-6.573747372541973721e-01	0.000000000000000000e+00
8.377807004280020120e-01	-6.573747372541973721e-01	0.000000000000000000e+00
8.377807004280020120e-01	-6.681899347288284829e-01	0.000000000000000000e+00
8.377807004280020120e-01	-6.600829010719024836e-01	0.000000000000000000e+00
8.377807004280020120e-01	-6.600829010719024836e-01	0.000000000000000000e+00
8.377807004280020120e-01	-6.566495288162182975e-01	0.000000000000000000e+00
8.377807004280020120e-01	-6.566495288162182975e-01	0.000000000000000000e+00
8.377807004280020120e-01	-6.566495288162182975e-01	0.000000000000000000e+00
8.377807004280020120e-01	-6.566495288162182975e-01	0.000000000000000000e+00
8.377807004280020120e-01	-6.566495288162182975e-01	0.000000000000000000e+00
8.377807004280020120e-01	-6.566495288162182975e-01	0.000000000000000000e+00
8.377807004280020120e-01	-6.566495288162182975e-01	0.000000000000000000e+00
8.377807004280020120e-01	-6.566495288162182975e-01	0.000000000000000000e+00
8.377807004280020120e-01	-6.566495288162182975e-01	0.000000000000000000e+00
8.377807004280020120e-01	-6.566495288162182975e-01	0.000000000000000000e+00
8.377807004280020120e-01	-6.780243519236012206e-01	0.000000000000000000e+00
8.377807004280020120e-01	-6.780243519236012206e-01	0.000000000000000000e+00
8.377807004280020120e-01	-6.780243519236012206e-01	0.000000000000000000e+00
8.377807004280020120e-01	-6.780243519236012206e-01	0.000000000000000000e+00
8.377807004280020120e-01	-6.780243519236012206e-01	0.000000000000000000e+00
8.472898964201261984e-01	-7.459942499973885033e-01	0.000000000000000000e+00
8.472898964201261984e-01	-7.459942499973885033e-01	0.000000000000000000e+00
8.472898964201261984e-01	-7.459942499973885033e-01	0.000000000000000000e+00
8.472898964201261984e-01	-7.459942499973885033e-01	0.000000000000000000e+00
8.472898964201261984e-01	-7.459942499973885033e-01	0.000000000000000000e+00
8.472898964201261984e-01	-7.459942499973885033e-01	0.000000000000000000e+00
8.472898964201261984e-01	-7.459942499973885033e-01	0.000000000000000000e+00
8.472898964201261984e-01	-7.459942499973885033e-01	0.000000000000000000e+00
8.472898964201261984e-01	-7.459942499973885033e-01	0.000000000000000000e+00
8.472898964201261984e-01	-7.459942499973885033e-01	0.000000000000000000e+00
8.472898964201261984e-01	-7.459942499973885033e-01	0.000000000000000000e+00
8.472898964201261984e-01	-7.459942499973885033e-01	0.000000000000000000e+00
8.472898964201261984e-01	-7.459942499973885033e-01	0.000000000000000000e+00
8.472898964201261984e-01	-7.459942499973885033e-01	0.000000000000000000e+00
8.472898964201261984e-01	-7.471256400767661843e-01	0.000000000000000000e+00
8.472898964201261984e-01	-7.471256400767661843e-01	0.000000000000000000e+00
