1.135872868259257817e-02	5.587256520577666308e+00	0.000000000000000000e+00
1.277090510694489645e-02	3.977132480223706246e+00	0.000000000000000000e+00
1.277090510694489645e-02	3.977132480223706246e+00	0.000000000000000000e+00
1.277090510694489645e-02	3.977132480223706246e+00	0.000000000000000000e+00
6.173861832292593110e-02	3.138704905230883746e+00	0.000000000000000000e+00
6.173861832292593110e-02	3.138704905230883746e+00	0.000000000000000000e+00
6.173861832292593110e-02	3.138704905230883746e+00	0.000000000000000000e+00
6.173861832292593110e-02	3.138704905230883746e+00	0.000000000000000000e+00
6.173861832292593110e-02	3.138704905230883746e+00	0.000000000000000000e+00
6.173861832292593110e-02	3.138704905230883746e+00	0.000000000000000000e+00
6.173861832292593110e-02	3.138704905230883746e+00	0.000000000000000000e+00
6.173861832292593110e-02	3.119812855020688502e+00	0.000000000000000000e+00
6.173861832292593110e-02	3.119812855020688502e+00	0.000000000000000000e+00
6.173861832292593110e-02	3.119812855020688502e+00	0.000000000000000000e+00
6.173861832292593110e-02	3.119812855020688502e+00	0.000000000000000000e+00
6.173861832292593110e-02	3.119812855020688502e+00	0.000000000000000000e+00
6.173861832292593110e-02	3.119812855020688502e+00	0.000000000000000000e+00
6.173861832292593110e-02	3.119812855020688502e+00	0.000000000000000000e+00
6.173861832292593110e-02	3.119812855020688502e+00	0.000000000000000000e+00
6.173861832292593110e-02	3.119812855020688502e+00	0.000000000000000000e+00
6.173861832292593110e-02	3.119812855020688502e+00	0.000000000000000000e+00
2.757167540659489213e-01	2.444534915223380622e+00	0.000000000000000000e+00
2.757167540659489213e-01	2.444534915223380622e+00	0.000000000000000000e+00
2.757167540659489213e-01	2.444534915223380622e+00	0.000000000000000000e+00
2.757167540659489213e-01	2.530432671160779190e+00	0.000000000000000000e+00
2.757167540659489213e-01	2.413309735715407189e+00	0.000000000000000000e+00
2.757167540659489213e-01	2.414006731951218843e+00	0.000000000000000000e+00
2.757167540659489213e-01	2.414006731951218843e+00	0.000000000000000000e+00
2.757167540659489213e-01	2.413309735715407189e+00	0.000000000000000000e+00
2.757167540659489213e-01	2.413309735715407189e+00	0.000000000000000000e+00
2.757167540659489213e-01	2.413309735715407189e+00	0.000000000000000000e+00
2.757167540659489213e-01	2.413309735715407189e+00	0.000000000000000000e+00
2.757167540659489213e-01	2.413309735715407189e+00	0.000000000000000000e+00
2.757167540659489213e-01	2.413309735715407189e+00	0.000000000000000000e+00
2.757167540659489213e-01	2.413309735715407189e+00	0.000000000000000000e+00
2.757167540659489213e-01	2.413309735715407189e+00	0.000000000000000000e+00
2.757167540659489213e-01	2.413309735715407189e+00	0.000000000000000000e+00
2.757167540659489213e-01	2.413309735715407189e+00	0.000000000000000000e+00
2.757167540659489213e-01	2.413309735715407189e+00	0.000000000000000000e+00
2.757167540659489213e-01	2.413309735715407189e+00	0.000000000000000000e+00
2.757167540659489213e-01	2.414006731951218843e+00	0.000000000000000000e+00
2.757167540659489213e-01	2.428004367317997403e+00	0.000000000000000000e+00
2.757167540659489213e-01	2.428004367317997403e+00	0.000000000000000000e+00
4.645066619188140677e-01	2.106737469513956462e+00	0.000000000000000000e+00
4.645066619188140677e-01	2.106737469513956462e+00	0.000000000000000000e+00
4.645066619188140677e-01	2.106737469513956462e+00	0.000000000000000000e+00
4.645066619188140677e-01	2.106737469513956462e+00	0.000000000000000000e+00
4.645066619188140677e-01	1.938785886213350906e+00	0.000000000000000000e+00
4.645066619188140677e-01	1.938785886213350906e+00	0.000000000000000000e+00
4.645066619188140677e-01	1.938785886213350906e+00	0.000000000000000000e+00
4.645066619188140677e-01	1.938785886213350906e+00	0.000000000000000000e+00
4.645066619188140677e-01	1.938785886213350906e+00	0.000000000000000000e+00
4.645066619188140677e-01	1.593876486087360433e+00	0.000000000000000000e+00
4.645066619188140677e-01	1.593876486087360433e+00	0.000000000000000000e+00
4.645066619188140677e-01	1.593876486087360433e+00	0.000000000000000000e+00
4.645066619188140677e-01	1.593876486087360433e+00	0.000000000000000000e+00
4.645066619188140677e-01	1.593876486087360433e+00	0.000000000000000000e+00
4.645066619188140677e-01	1.593876486087360433e+00	0.000000000000000000e+00
4.645066619188140677e-01	1.593876486087360433e+00	0.000000000000000000e+00
4.645066619188140677e-01	1.593876486087360433e+00	0.000000000000000000e+00
4.645066619188140677e-01	1.593876486087360433e+00	0.000000000000000000e+00
4.645066619188140677e-01	1.530055541347876691e+00	0.000000000000000000e+00
4.645066619188140677e-01	1.530055541347876691e+00	0.000000000000000000e+00
4.645066619188140677e-01	1.530055541347876691e+00	0.000000000000000000e+00
4.645066619188140677e-01	1.493373189595163630e+00	0.000000000000000000e+00
4.645066619188140677e-01	1.493373189595163630e+00	0.000000000000000000e+00
4.645066619188140677e-01	1.493373189595163630e+00	0.000000000000000000e+00
4.645066619188140677e-01	1.493373189595163630e+00	0.000000000000000000e+00
4.645066619188140677e-01	1.493373189595163630e+00	0.000000000000000000e+00
4.645066619188140677e-01	1.493373189595163630e+00	0.000000000000000000e+00
4.645066619188140677e-01	1.493373189595163630e+00	0.000000000000000000e+00
4.645066619188140677e-01	1.493373189595163630e+00	0.000000000000000000e+00
4.645066619188140677e-01	1.493373189595163630e+00	0.000000000000000000e+00
4.645066619188140677e-01	1.493373189595163630e+00	0.000000000000000000e+00
4.645066619188140677e-01	1.493373189595163630e+00	0.000000000000000000e+00
4.645066619188140677e-01	1.493373189595163630e+00	0.000000000000000000e+00
4.645066619188140677e-01	1.493373189595163630e+00	0.000000000000000000e+00
4.645066619188140677e-01	1.493373189595163630e+00	0.000000000000000000e+00
4.645066619188140677e-01	1.493373189595163630e+00	0.000000000000000000e+00
4.645066619188140677e-01	1.500197936307657853e+00	0.000000000000000000e+00
4.645066619188140677e-01	1.500197936307657853e+00	0.000000000000000000e+00
4.645066619188140677e-01	1.500197936307657853e+00	0.000000000000000000e+00
4.645066619188140677e-01	1.500197936307657853e+00	0.000000000000000000e+00
4.645066619188140677e-01	1.500197936307657853e+00	0.000000000000000000e+00
6.284758204716112129e-01	1.374837873056091730e+00	0.000000000000000000e+00
6.284758204716112129e-01	1.374837873056091730e+00	0.000000000000000000e+00
6.284758204716112129e-01	1.378678974835691795e+00	0.000000000000000000e+00
6.284758204716112129e-01	1.378678974835691795e+00	0.000000000000000000e+00
6.284758204716112129e-01	1.378678974835691795e+00	0.000000000000000000e+00
6.284758204716112129e-01	1.378678974835691795e+00	0.000000000000000000e+00
6.284758204716112129e-01	1.378678974835691795e+00	0.000000000000000000e+00
6.284758204716112129e-01	1.378678974835691795e+00	0.000000000000000000e+00
6.284758204716112129e-01	1.320399619551440917e+00	0.000000000000000000e+00
6.284758204716112129e-01	1.320399619551440917e+00	0.000000000000000000e+00
6.284758204716112129e-01	1.320399619551440917e+00	0.000000000000000000e+00
6.284758204716112129e-01	1.320399619551440917e+00	0.000000000000000000e+00
6.284758204716112129e-01	1.320399619551440917e+00	0.000000000000000000e+00
6.284758204716112129e-01	1.312474793995268563e+00	0.000000000000000000e+00
6.284758204716112129e-01	1.312474793995268563e+00	0.000000000000000000e+00
6.284758204716112129e-01	1.312474793995268563e+00	0.000000000000000000e+00
6.284758204716112129e-01	1.312474793995268563e+00	0.000000000000000000e+00
6.284758204716112129e-01	1.317494398919192511e+00	0.000000000000000000e+00
6.284758204716112129e-01	1.317494398919192511e+00	0.000000000000000000e+00
6.284758204716112129e-01	1.312474793995268563e+00	0.000000000000000000e+00
6.284758204716112129e-01	1.312474793995268563e+00	0.000000000000000000e+00
6.284758204716112129e-01	1.312474793995268563e+00	0.000000000000000000e+00
6.284758204716112129e-01	1.312474793995268563e+00	0.000000000000000000e+00
6.284758204716112129e-01	1.312474793995268563e+00	0.000000000000000000e+00
6.284758204716112129e-01	1.312474793995268563e+00	0.000000000000000000e+00
6.284758204716112129e-01	1.299539769680426726e+00	0.000000000000000000e+00
6.284758204716112129e-01	1.299539769680426726e+00	0.000000000000000000e+00
6.284758204716112129e-01	1.299539769680426726e+00	0.000000000000000000e+00
6.284758204716112129e-01	1.299539769680426726e+00	0.000000000000000000e+00
6.284758204716112129e-01	1.299539769680426726e+00	0.000000000000000000e+00
6.284758204716112129e-01	1.299539769680426726e+00	0.000000000000000000e+00
6.284758204716112129e-01	1.299539769680426726e+00	0.000000000000000000e+00
6.284758204716112129e-01	1.299539769680426726e+00	0.000000000000000000e+00
6.284758204716112129e-01	1.299539769680426726e+00	0.000000000000000000e+00
6.284758204716112129e-01	1.299539769680426726e+00	0.000000000000000000e+00
8.472898964201261984e-01	9.574668076210922640e-01	0.000000000000000000e+00
8.472898964201261984e-01	9.574668076210922640e-01	0.000000000000000000e+00
8.472898964201261984e-01	9.574668076210922640e-01	0.000000000000000000e+00
8.472898964201261984e-01	9.574668076210922640e-01	0.000000000000000000e+00
8.472898964201261984e-01	9.574668076210922640e-01	0.000000000000000000e+00
8.472898964201261984e-01	9.574668076210922640e-01	0.000000000000000000e+00
8.472898964201261984e-01	9.574668076210922640e-01	0.000000000000000000e+00
8.472898964201261984e-01	9.574668076210922640e-01	0.000000000000000000e+00
8.472898964201261984e-01	9.574668076210922640e-01	0.000000000000000000e+00
8.472898964201261984e-01	9.574668076210922640e-01	0.000000000000000000e+00
8.472898964201261984e-01	9.574668076210922640e-01	0.000000000000000000e+00
8.472898964201261984e-01	9.574668076210922640e-01	0.000000000000000000e+00
8.472898964201261984e-01	9.574668076210922640e-01	0.000000000000000000e+00
8.472898964201261984e-01	9.655745074094334024e-01	0.000000000000000000e+00
8.472898964201261984e-01	9.655745074094334024e-01	0.000000000000000000e+00
8.472898964201261984e-01	9.655745074094334024e-01	0.000000000000000000e+00
8.472898964201261984e-01	9.655745074094334024e-01	0.000000000000000000e+00
8.472898964201261984e-01	9.655745074094334024e-01	0.000000000000000000e+00
8.472898964201261984e-01	9.023957304529810486e-01	0.000000000000000000e+00
8.472898964201261984e-01	9.023957304529810486e-01	0.000000000000000000e+00
8.472898964201261984e-01	9.023957304529810486e-01	0.000000000000000000e+00
8.472898964201261984e-01	9.023957304529810486e-01	0.000000000000000000e+00
8.472898964201261984e-01	8.904995590585860210e-01	0.000000000000000000e+00
8.472898964201261984e-01	8.904995590585860210e-01	0.000000000000000000e+00
8.472898964201261984e-01	8.904995590585860210e-01	0.000000000000000000e+00
8.472898964201261984e-01	8.904995590585860210e-01	0.000000000000000000e+00
8.472898964201261984e-01	8.904995590585860210e-01	0.000000000000000000e+00
8.472898964201261984e-01	8.904995590585860210e-01	0.000000000000000000e+00
8.472898964201261984e-01	8.904995590585860210e-01	0.000000000000000000e+00
8.472898964201261984e-01	8.904995590585860210e-01	0.000000000000000000e+00
8.472898964201261984e-01	8.904995590585860210e-01	0.000000000000000000e+00
8.472898964201261984e-01	8.904995590585860210e-01	0.000000000000000000e+00
8.472898964201261984e-01	8.904995590585860210e-01	0.000000000000000000e+00
8.472898964201261984e-01	8.904995590585860210e-01	0.000000000000000000e+00
8.472898964201261984e-01	8.904995590585860210e-01	0.000000000000000000e+00
8.472898964201261984e-01	8.904995590585860210e-01	0.000000000000000000e+00
8.472898964201261984e-01	8.904995590585860210e-01	0.000000000000000000e+00
8.472898964201261984e-01	8.823529383451615971e-01	0.000000000000000000e+00
8.472898964201261984e-01	8.823529383451615971e-01	0.000000000000000000e+00
8.472898964201261984e-01	8.823529383451615971e-01	0.000000000000000000e+00
8.472898964201261984e-01	8.770705185504815704e-01	0.000000000000000000e+00
8.472898964201261984e-01	8.770705185504815704e-01	0.000000000000000000e+00
8.472898964201261984e-01	8.770705185504815704e-01	0.000000000000000000e+00
8.472898964201261984e-01	8.770705185504815704e-01	0.000000000000000000e+00
8.472898964201261984e-01	8.770705185504815704e-01	0.000000000000000000e+00
8.472898964201261984e-01	8.770705185504815704e-01	0.000000000000000000e+00
8.472898964201261984e-01	8.770705185504815704e-01	0.000000000000000000e+00
8.472898964201261984e-01	8.770705185504815704e-01	0.000000000000000000e+00
8.472898964201261984e-01	8.770705185504815704e-01	0.000000000000000000e+00
8.472898964201261984e-01	8.770705185504815704e-01	0.000000000000000000e+00
8.472898964201261984e-01	8.770705185504815704e-01	0.000000000000000000e+00
8.472898964201261984e-01	8.192759835571399307e-01	0.000000000000000000e+00
8.472898964201261984e-01	8.083339384069219147e-01	0.000000000000000000e+00
8.472898964201261984e-01	8.083339384069219147e-01	0.000000000000000000e+00
8.472898964201261984e-01	8.083339384069219147e-01	0.000000000000000000e+00
8.472898964201261984e-01	8.083339384069219147e-01	0.000000000000000000e+00
8.472898964201261984e-01	8.083339384069219147e-01	0.000000000000000000e+00
8.472898964201261984e-01	8.083339384069219147e-01	0.000000000000000000e+00
8.472898964201261984e-01	8.083339384069219147e-01	0.000000000000000000e+00
8.472898964201261984e-01	8.083339384069219147e-01	0.000000000000000000e+00
8.472898964201261984e-01	8.083339384069219147e-01	0.000000000000000000e+00
8.472898964201261984e-01	8.083339384069219147e-01	0.000000000000000000e+00
8.472898964201261984e-01	8.083339384069219147e-01	0.000000000000000000e+00
8.472898964201261984e-01	8.083339384069219147e-01	0.000000000000000000e+00
8.472898964201261984e-01	8.029490352560242350e-01	0.000000000000000000e+00
8.472898964201261984e-01	8.029490352560242350e-01	0.000000000000000000e+00
8.472898964201261984e-01	8.029490352560242350e-01	0.000000000000000000e+00
8.472898964201261984e-01	8.029490352560242350e-01	0.000000000000000000e+00
8.472898964201261984e-01	8.029490352560242350e-01	0.000000000000000000e+00
8.472898964201261984e-01	8.029490352560242350e-01	0.000000000000000000e+00
8.472898964201261984e-01	8.216992635556958913e-01	0.000000000000000000e+00
8.472898964201261984e-01	8.216992635556958913e-01	0.000000000000000000e+00
8.472898964201261984e-01	8.216992635556958913e-01	0.000000000000000000e+00
8.472898964201261984e-01	8.216992635556958913e-01	0.000000000000000000e+00
8.472898964201261984e-01	8.216992635556958913e-01	0.000000000000000000e+00
8.472898964201261984e-01	8.216992635556958913e-01	0.000000000000000000e+00
8.472898964201261984e-01	8.216992635556958913e-01	0.000000000000000000e+00
8.472898964201261984e-01	8.216992635556958913e-01	0.000000000000000000e+00
8.472898964201261984e-01	8.216992635556958913e-01	0.000000000000000000e+00
8.472898964201261984e-01	8.216992635556958913e-01	0.000000000000000000e+00
8.472898964201261984e-01	8.216992635556958913e-01	0.000000000000000000e+00
