1.135872868259257817e-02	5.587256520577666308e+00	0.000000000000000000e+00
1.277090510694489645e-02	2.726848145211539176e+00	0.000000000000000000e+00
1.277090510694489645e-02	2.726848145211539176e+00	0.000000000000000000e+00
1.277090510694489645e-02	2.726848145211539176e+00	0.000000000000000000e+00
1.277090510694489645e-02	2.726848145211539176e+00	0.000000000000000000e+00
1.277090510694489645e-02	2.726848145211539176e+00	0.000000000000000000e+00
1.277090510694489645e-02	2.726848145211539176e+00	0.000000000000000000e+00
8.890272519866146417e-02	2.391450725055265902e+00	0.000000000000000000e+00
8.890272519866146417e-02	2.315305581917805000e+00	0.000000000000000000e+00
8.890272519866146417e-02	2.315305581917805000e+00	0.000000000000000000e+00
8.890272519866146417e-02	2.315305581917805000e+00	0.000000000000000000e+00
8.890272519866146417e-02	2.315305581917805000e+00	0.000000000000000000e+00
8.890272519866146417e-02	2.315305581917805000e+00	0.000000000000000000e+00
8.890272519866146417e-02	2.315305581917805000e+00	0.000000000000000000e+00
8.890272519866146417e-02	2.315305581917805000e+00	0.000000000000000000e+00
8.890272519866146417e-02	2.311467699985056523e+00	0.000000000000000000e+00
8.890272519866146417e-02	2.311467699985056523e+00	0.000000000000000000e+00
8.890272519866146417e-02	2.311467699985056523e+00	0.000000000000000000e+00
8.890272519866146417e-02	2.311467699985056523e+00	0.000000000000000000e+00
8.890272519866146417e-02	2.311467699985056523e+00	0.000000000000000000e+00
8.890272519866146417e-02	2.311467699985056523e+00	0.000000000000000000e+00
8.890272519866146417e-02	2.311467699985056523e+00	0.000000000000000000e+00
8.890272519866146417e-02	2.311467699985056523e+00	0.000000000000000000e+00
8.890272519866146417e-02	2.311467699985056523e+00	0.000000000000000000e+00
2.757167540659489213e-01	1.514345562409568524e+00	0.000000000000000000e+00
2.757167540659489213e-01	1.514345562409568524e+00	0.000000000000000000e+00
2.757167540659489213e-01	1.514345562409568524e+00	0.000000000000000000e+00
2.757167540659489213e-01	1.514345562409568524e+00	0.000000000000000000e+00
2.757167540659489213e-01	1.514345562409568524e+00	0.000000000000000000e+00
2.757167540659489213e-01	1.514345562409568524e+00	0.000000000000000000e+00
2.757167540659489213e-01	1.514345562409568524e+00	0.000000000000000000e+00
2.757167540659489213e-01	1.514345562409568524e+00	0.000000000000000000e+00
2.757167540659489213e-01	1.514345562409568524e+00	0.000000000000000000e+00
2.757167540659489213e-01	1.514345562409568524e+00	0.000000000000000000e+00
2.757167540659489213e-01	1.521888298483926816e+00	0.000000000000000000e+00
2.757167540659489213e-01	1.512144956594402956e+00	0.000000000000000000e+00
2.757167540659489213e-01	1.512144956594402956e+00	0.000000000000000000e+00
2.757167540659489213e-01	1.512144956594402956e+00	0.000000000000000000e+00
2.757167540659489213e-01	1.512144956594402956e+00	0.000000000000000000e+00
2.757167540659489213e-01	1.512144956594402956e+00	0.000000000000000000e+00
2.757167540659489213e-01	1.502641390031723256e+00	0.000000000000000000e+00
2.757167540659489213e-01	1.502641390031723256e+00	0.000000000000000000e+00
2.757167540659489213e-01	1.502641390031723256e+00	0.000000000000000000e+00
2.757167540659489213e-01	1.502641390031723256e+00	0.000000000000000000e+00
2.757167540659489213e-01	1.502641390031723256e+00	0.000000000000000000e+00
2.757167540659489213e-01	1.502641390031723256e+00	0.000000000000000000e+00
2.757167540659489213e-01	1.502641390031723256e+00	0.000000000000000000e+00
2.757167540659489213e-01	1.502641390031723256e+00	0.000000000000000000e+00
2.757167540659489213e-01	1.502641390031723256e+00	0.000000000000000000e+00
2.757167540659489213e-01	1.502641390031723256e+00	0.000000000000000000e+00
2.757167540659489213e-01	1.502641390031723256e+00	0.000000000000000000e+00
2.757167540659489213e-01	1.502641390031723256e+00	0.000000000000000000e+00
2.757167540659489213e-01	1.502641390031723256e+00	0.000000000000000000e+00
2.757167540659489213e-01	1.502641390031723256e+00	0.000000000000000000e+00
2.757167540659489213e-01	1.502641390031723256e+00	0.000000000000000000e+00
4.645066619188140677e-01	1.098906564548950637e+00	0.000000000000000000e+00
4.645066619188140677e-01	1.098906564548950637e+00	0.000000000000000000e+00
4.645066619188140677e-01	1.098906564548950637e+00	0.000000000000000000e+00
4.645066619188140677e-01	1.098906564548950637e+00	0.000000000000000000e+00
4.645066619188140677e-01	1.098906564548950637e+00	0.000000000000000000e+00
4.645066619188140677e-01	1.098906564548950637e+00	0.000000000000000000e+00
4.645066619188140677e-01	1.098906564548950637e+00	0.000000000000000000e+00
4.645066619188140677e-01	1.098906564548950637e+00	0.000000000000000000e+00
4.645066619188140677e-01	1.098906564548950637e+00	0.000000000000000000e+00
4.645066619188140677e-01	1.281605954932152125e+00	0.000000000000000000e+00
4.645066619188140677e-01	1.281605954932152125e+00	0.000000000000000000e+00
4.645066619188140677e-01	1.281605954932152125e+00	0.000000000000000000e+00
4.645066619188140677e-01	1.281605954932152125e+00	0.000000000000000000e+00
4.645066619188140677e-01	1.111865322011355239e+00	0.000000000000000000e+00
4.645066619188140677e-01	1.111865322011355239e+00	0.000000000000000000e+00
4.645066619188140677e-01	1.111865322011355239e+00	0.000000000000000000e+00
4.645066619188140677e-01	1.111865322011355239e+00	0.000000000000000000e+00
4.645066619188140677e-01	1.111865322011355239e+00	0.000000000000000000e+00
4.645066619188140677e-01	1.111865322011355239e+00	0.000000000000000000e+00
4.645066619188140677e-01	1.111865322011355239e+00	0.000000000000000000e+00
4.645066619188140677e-01	1.072613647009303950e+00	0.000000000000000000e+00
4.645066619188140677e-01	1.072613647009303950e+00	0.000000000000000000e+00
4.645066619188140677e-01	1.072613647009303950e+00	0.000000000000000000e+00
4.645066619188140677e-01	1.072613647009303950e+00	0.000000000000000000e+00
4.645066619188140677e-01	1.072613647009303950e+00	0.000000000000000000e+00
4.645066619188140677e-01	1.069176262423532142e+00	0.000000000000000000e+00
4.645066619188140677e-01	1.069176262423532142e+00	0.000000000000000000e+00
4.645066619188140677e-01	1.069176262423532142e+00	0.000000000000000000e+00
4.645066619188140677e-01	1.069176262423532142e+00	0.000000000000000000e+00
4.645066619188140677e-01	1.069176262423532142e+00	0.000000000000000000e+00
4.645066619188140677e-01	1.069176262423532142e+00	0.000000000000000000e+00
4.645066619188140677e-01	1.069176262423532142e+00	0.000000000000000000e+00
4.645066619188140677e-01	1.069176262423532142e+00	0.000000000000000000e+00
4.645066619188140677e-01	1.069176262423532142e+00	0.000000000000000000e+00
4.645066619188140677e-01	1.069176262423532142e+00	0.000000000000000000e+00
4.645066619188140677e-01	1.069176262423532142e+00	0.000000000000000000e+00
4.645066619188140677e-01	1.069176262423532142e+00	0.000000000000000000e+00
4.645066619188140677e-01	1.069176262423532142e+00	0.000000000000000000e+00
4.645066619188140677e-01	1.069176262423532142e+00	0.000000000000000000e+00
4.645066619188140677e-01	1.069176262423532142e+00	0.000000000000000000e+00
4.645066619188140677e-01	1.074313883512979961e+00	0.000000000000000000e+00
4.645066619188140677e-01	1.074313883512979961e+00	0.000000000000000000e+00
6.284758204716112129e-01	8.539010237306169371e-01	0.000000000000000000e+00
6.284758204716112129e-01	8.539010237306169371e-01	0.000000000000000000e+00
6.284758204716112129e-01	8.539010237306169371e-01	0.000000000000000000e+00
6.284758204716112129e-01	8.539010237306169371e-01	0.000000000000000000e+00
6.284758204716112129e-01	8.250686425122908396e-01	0.000000000000000000e+00
6.284758204716112129e-01	8.250686425122908396e-01	0.000000000000000000e+00
6.284758204716112129e-01	8.250686425122908396e-01	0.000000000000000000e+00
6.284758204716112129e-01	8.250686425122908396e-01	0.000000000000000000e+00
6.284758204716112129e-01	8.250686425122908396e-01	0.000000000000000000e+00
6.284758204716112129e-01	8.250686425122908396e-01	0.000000000000000000e+00
6.284758204716112129e-01	8.250686425122908396e-01	0.000000000000000000e+00
6.284758204716112129e-01	8.250686425122908396e-01	0.000000000000000000e+00
6.284758204716112129e-01	8.250686425122908396e-01	0.000000000000000000e+00
6.284758204716112129e-01	8.250686425122908396e-01	0.000000000000000000e+00
6.284758204716112129e-01	8.250686425122908396e-01	0.000000000000000000e+00
6.284758204716112129e-01	8.250686425122908396e-01	0.000000000000000000e+00
6.284758204716112129e-01	8.250686425122908396e-01	0.000000000000000000e+00
6.284758204716112129e-01	8.250686425122908396e-01	0.000000000000000000e+00
6.284758204716112129e-01	7.827956298098165400e-01	0.000000000000000000e+00
6.284758204716112129e-01	7.827956298098165400e-01	0.000000000000000000e+00
6.284758204716112129e-01	7.827956298098165400e-01	0.000000000000000000e+00
6.284758204716112129e-01	7.827956298098165400e-01	0.000000000000000000e+00
6.284758204716112129e-01	7.807336339650703394e-01	0.000000000000000000e+00
6.284758204716112129e-01	7.807336339650703394e-01	0.000000000000000000e+00
6.284758204716112129e-01	7.807336339650703394e-01	0.000000000000000000e+00
6.284758204716112129e-01	7.807336339650703394e-01	0.000000000000000000e+00
6.284758204716112129e-01	7.807336339650703394e-01	0.000000000000000000e+00
6.284758204716112129e-01	7.807336339650703394e-01	0.000000000000000000e+00
6.284758204716112129e-01	7.807336339650703394e-01	0.000000000000000000e+00
6.709215856867200012e-01	7.781477905142678564e-01	0.000000000000000000e+00
6.709215856867200012e-01	7.781477905142678564e-01	0.000000000000000000e+00
8.377807004280020120e-01	3.700312600598598678e-01	0.000000000000000000e+00
8.377807004280020120e-01	3.700312600598598678e-01	0.000000000000000000e+00
8.377807004280020120e-01	3.700312600598598678e-01	0.000000000000000000e+00
8.377807004280020120e-01	3.700312600598598678e-01	0.000000000000000000e+00
8.377807004280020120e-01	3.700312600598598678e-01	0.000000000000000000e+00
8.377807004280020120e-01	3.700312600598598678e-01	0.000000000000000000e+00
8.377807004280020120e-01	3.700312600598598678e-01	0.000000000000000000e+00
8.377807004280020120e-01	3.700312600598598678e-01	0.000000000000000000e+00
8.377807004280020120e-01	3.700312600598598678e-01	0.000000000000000000e+00
8.377807004280020120e-01	3.700312600598598678e-01	0.000000000000000000e+00
8.377807004280020120e-01	3.700312600598598678e-01	0.000000000000000000e+00
8.377807004280020120e-01	3.700312600598598678e-01	0.000000000000000000e+00
8.377807004280020120e-01	3.700312600598598678e-01	0.000000000000000000e+00
8.377807004280020120e-01	3.700312600598598678e-01	0.000000000000000000e+00
8.377807004280020120e-01	3.700312600598598678e-01	0.000000000000000000e+00
8.377807004280020120e-01	3.541600764468085805e-01	0.000000000000000000e+00
8.377807004280020120e-01	3.069863540045164041e-01	0.000000000000000000e+00
8.377807004280020120e-01	3.069863540045164041e-01	0.000000000000000000e+00
8.377807004280020120e-01	3.069863540045164041e-01	0.000000000000000000e+00
8.377807004280020120e-01	3.069863540045164041e-01	0.000000000000000000e+00
8.377807004280020120e-01	3.069863540045164041e-01	0.000000000000000000e+00
8.377807004280020120e-01	3.069863540045164041e-01	0.000000000000000000e+00
8.377807004280020120e-01	3.069863540045164041e-01	0.000000000000000000e+00
8.377807004280020120e-01	3.069863540045164041e-01	0.000000000000000000e+00
8.472898964201261984e-01	4.154362334851214866e-01	0.000000000000000000e+00
8.472898964201261984e-01	4.154362334851214866e-01	0.000000000000000000e+00
8.472898964201261984e-01	4.154362334851214866e-01	0.000000000000000000e+00
8.472898964201261984e-01	4.154362334851214866e-01	0.000000000000000000e+00
8.472898964201261984e-01	4.154362334851214866e-01	0.000000000000000000e+00
8.472898964201261984e-01	4.154362334851214866e-01	0.000000000000000000e+00
8.472898964201261984e-01	4.154362334851214866e-01	0.000000000000000000e+00
8.472898964201261984e-01	4.154362334851214866e-01	0.000000000000000000e+00
8.472898964201261984e-01	4.154362334851214866e-01	0.000000000000000000e+00
8.472898964201261984e-01	4.154362334851214866e-01	0.000000000000000000e+00
8.472898964201261984e-01	4.154362334851214866e-01	0.000000000000000000e+00
8.472898964201261984e-01	4.154362334851214866e-01	0.000000000000000000e+00
8.472898964201261984e-01	3.858766668172030623e-01	0.000000000000000000e+00
8.472898964201261984e-01	3.858766668172030623e-01	0.000000000000000000e+00
8.472898964201261984e-01	3.858766668172030623e-01	0.000000000000000000e+00
8.472898964201261984e-01	3.858766668172030623e-01	0.000000000000000000e+00
8.472898964201261984e-01	4.102492072576828241e-01	0.000000000000000000e+00
8.472898964201261984e-01	4.102492072576828241e-01	0.000000000000000000e+00
8.472898964201261984e-01	4.102492072576828241e-01	0.000000000000000000e+00
8.472898964201261984e-01	4.102492072576828241e-01	0.000000000000000000e+00
8.472898964201261984e-01	4.102492072576828241e-01	0.000000000000000000e+00
8.472898964201261984e-01	4.102492072576828241e-01	0.000000000000000000e+00
8.472898964201261984e-01	4.102492072576828241e-01	0.000000000000000000e+00
8.472898964201261984e-01	4.102492072576828241e-01	0.000000000000000000e+00
8.472898964201261984e-01	4.102492072576828241e-01	0.000000000000000000e+00
8.472898964201261984e-01	4.102492072576828241e-01	0.000000000000000000e+00
8.472898964201261984e-01	3.991436024213498857e-01	0.000000000000000000e+00
8.472898964201261984e-01	3.991436024213498857e-01	0.000000000000000000e+00
8.472898964201261984e-01	3.991436024213498857e-01	0.000000000000000000e+00
8.472898964201261984e-01	4.102492072576828241e-01	0.000000000000000000e+00
8.472898964201261984e-01	4.102492072576828241e-01	0.000000000000000000e+00
8.472898964201261984e-01	4.692805860249411598e-01	0.000000000000000000e+00
8.472898964201261984e-01	4.692805860249411598e-01	0.000000000000000000e+00
8.472898964201261984e-01	4.663785077498491805e-01	0.000000000000000000e+00
8.472898964201261984e-01	4.663785077498491805e-01	0.000000000000000000e+00
8.472898964201261984e-01	4.663785077498491805e-01	0.000000000000000000e+00
8.472898964201261984e-01	4.663785077498491805e-01	0.000000000000000000e+00
8.472898964201261984e-01	4.663785077498491805e-01	0.000000000000000000e+00
8.472898964201261984e-01	4.663785077498491805e-01	0.000000000000000000e+00
8.472898964201261984e-01	4.663785077498491805e-01	0.000000000000000000e+00
8.472898964201261984e-01	4.663785077498491805e-01	0.000000000000000000e+00
8.472898964201261984e-01	4.663785077498491805e-01	0.000000000000000000e+00
8.472898964201261984e-01	4.663785077498491805e-01	0.000000000000000000e+00
8.472898964201261984e-01	4.663785077498491805e-01	0.000000000000000000e+00
8.472898964201261984e-01	4.663785077498491805e-01	0.000000000000000000e+00
8.472898964201261984e-01	4.663785077498491805e-01	0.000000000000000000e+00
8.472898964201261984e-01	4.663785077498491805e-01	0.000000000000000000e+00
8.472898964201261984e-01	4.663785077498491805e-01	0.000000000000000000e+00
