1.517658320721852749e-02	2.010566906893853645e+00	0.000000000000000000e+00
1.517658320721852749e-02	1.999578896288491725e+00	0.000000000000000000e+00
4.182254028973322879e-02	1.822321390640154748e+00	0.000000000000000000e+00
4.182254028973322879e-02	1.822321390640154748e+00	0.000000000000000000e+00
4.182254028973322879e-02	1.822321390640154748e+00	0.000000000000000000e+00
9.296494087304413290e-02	1.685151533210113239e+00	0.000000000000000000e+00
9.296494087304413290e-02	1.685151533210113239e+00	0.000000000000000000e+00
9.296494087304413290e-02	1.685151533210113239e+00	0.000000000000000000e+00
9.296494087304413290e-02	1.685151533210113239e+00	0.000000000000000000e+00
9.296494087304413290e-02	1.685151533210113239e+00	0.000000000000000000e+00
9.296494087304413290e-02	1.685151533210113239e+00	0.000000000000000000e+00
9.296494087304413290e-02	1.685151533210113239e+00	0.000000000000000000e+00
9.296494087304413290e-02	1.690000495479154541e+00	0.000000000000000000e+00
9.296494087304413290e-02	1.690000495479154541e+00	0.000000000000000000e+00
9.296494087304413290e-02	1.690000495479154541e+00	0.000000000000000000e+00
9.296494087304413290e-02	1.690000495479154541e+00	0.000000000000000000e+00
9.296494087304413290e-02	1.690000495479154541e+00	0.000000000000000000e+00
9.296494087304413290e-02	1.690000495479154541e+00	0.000000000000000000e+00
3.908137065399903687e-01	1.422980179117010469e+00	0.000000000000000000e+00
3.908137065399903687e-01	1.422980179117010469e+00	0.000000000000000000e+00
3.908137065399903687e-01	1.422980179117010469e+00	0.000000000000000000e+00
4.036513347417487463e-01	1.254101516035569741e+00	0.000000000000000000e+00
4.036513347417487463e-01	1.254101516035569741e+00	0.000000000000000000e+00
4.036513347417487463e-01	1.254101516035569741e+00	0.000000000000000000e+00
4.036513347417487463e-01	1.221966298191209832e+00	0.000000000000000000e+00
4.036513347417487463e-01	1.221966298191209832e+00	0.000000000000000000e+00
4.036513347417487463e-01	1.134810463552924142e+00	0.000000000000000000e+00
4.036513347417487463e-01	1.134810463552924142e+00	0.000000000000000000e+00
4.036513347417487463e-01	1.134810463552924142e+00	0.000000000000000000e+00
4.036513347417487463e-01	1.134810463552924142e+00	0.000000000000000000e+00
4.036513347417487463e-01	1.134810463552924142e+00	0.000000000000000000e+00
4.036513347417487463e-01	1.134810463552924142e+00	0.000000000000000000e+00
4.036513347417487463e-01	1.134810463552924142e+00	0.000000000000000000e+00
6.010528810996123017e-01	9.604783061639633468e-01	0.000000000000000000e+00
6.010528810996123017e-01	9.604783061639633468e-01	0.000000000000000000e+00
6.010528810996123017e-01	9.604783061639633468e-01	0.000000000000000000e+00
6.251936157303169539e-01	6.385043152638956165e-01	0.000000000000000000e+00
6.251936157303169539e-01	6.385043152638956165e-01	0.000000000000000000e+00
6.251936157303169539e-01	6.155079982367596125e-01	0.000000000000000000e+00
6.251936157303169539e-01	6.155079982367596125e-01	0.000000000000000000e+00
6.251936157303169539e-01	6.241124007375649096e-01	0.000000000000000000e+00
6.251936157303169539e-01	6.241124007375649096e-01	0.000000000000000000e+00
6.251936157303169539e-01	6.241124007375649096e-01	0.000000000000000000e+00
6.251936157303169539e-01	6.241124007375649096e-01	0.000000000000000000e+00
6.251936157303169539e-01	6.241124007375649096e-01	0.000000000000000000e+00
6.251936157303169539e-01	6.241124007375649096e-01	0.000000000000000000e+00
6.251936157303169539e-01	6.241124007375649096e-01	0.000000000000000000e+00
6.251936157303169539e-01	5.621112236561360831e-01	0.000000000000000000e+00
6.251936157303169539e-01	5.621112236561360831e-01	0.000000000000000000e+00
6.348581956692647132e-01	4.943621629171379706e-01	0.000000000000000000e+00
6.348581956692647132e-01	4.943621629171379706e-01	0.000000000000000000e+00
6.348581956692647132e-01	4.943621629171379706e-01	0.000000000000000000e+00
6.348581956692647132e-01	4.141451832486691687e-01	0.000000000000000000e+00
6.348581956692647132e-01	4.141451832486691687e-01	0.000000000000000000e+00
6.348581956692647132e-01	4.141451832486691687e-01	0.000000000000000000e+00
6.348581956692647132e-01	4.141451832486691687e-01	0.000000000000000000e+00
6.348581956692647132e-01	4.141451832486691687e-01	0.000000000000000000e+00
6.497836082554480086e-01	3.035882985415018220e-01	0.000000000000000000e+00
6.497836082554480086e-01	3.035882985415018220e-01	0.000000000000000000e+00
6.497836082554480086e-01	3.035882985415018220e-01	0.000000000000000000e+00
6.497836082554480086e-01	3.035882985415018220e-01	0.000000000000000000e+00
6.497836082554480086e-01	3.035882985415018220e-01	0.000000000000000000e+00
6.497836082554480086e-01	2.821512871237328857e-01	0.000000000000000000e+00
6.497836082554480086e-01	2.821512871237328857e-01	0.000000000000000000e+00
6.497836082554480086e-01	2.821512871237328857e-01	0.000000000000000000e+00
6.497836082554480086e-01	2.821512871237328857e-01	0.000000000000000000e+00
6.497836082554480086e-01	2.745586663199395816e-01	0.000000000000000000e+00
6.497836082554480086e-01	2.745586663199395816e-01	0.000000000000000000e+00
6.497836082554480086e-01	2.745586663199395816e-01	0.000000000000000000e+00
8.451657149245972445e-01	-1.020061431478931219e-01	0.000000000000000000e+00
8.451657149245972445e-01	-1.020061431478931219e-01	0.000000000000000000e+00
8.451657149245972445e-01	-1.020061431478931219e-01	0.000000000000000000e+00
8.451657149245972445e-01	-1.020061431478931219e-01	0.000000000000000000e+00
8.451657149245972445e-01	-1.020061431478931219e-01	0.000000000000000000e+00
8.451657149245972445e-01	-1.020061431478931219e-01	0.000000000000000000e+00
8.451657149245972445e-01	-1.020061431478931219e-01	0.000000000000000000e+00
8.451657149245972445e-01	-1.020061431478931219e-01	0.000000000000000000e+00
8.451657149245972445e-01	-7.862258935325029674e-02	0.000000000000000000e+00
8.451657149245972445e-01	8.229163342508918899e-02	0.000000000000000000e+00
8.451657149245972445e-01	8.302410739246322835e-02	0.000000000000000000e+00
8.451657149245972445e-01	8.302410739246322835e-02	0.000000000000000000e+00
8.451657149245972445e-01	8.302410739246322835e-02	0.000000000000000000e+00
8.451657149245972445e-01	8.229163342508918899e-02	0.000000000000000000e+00
8.451657149245972445e-01	8.229163342508918899e-02	0.000000000000000000e+00
8.451657149245972445e-01	3.500791940976305527e-02	0.000000000000000000e+00
8.451657149245972445e-01	3.500791940976305527e-02	0.000000000000000000e+00
8.451657149245972445e-01	3.500791940976305527e-02	0.000000000000000000e+00
8.451657149245972445e-01	3.500791940976305527e-02	0.000000000000000000e+00
8.451657149245972445e-01	-9.042609625894523773e-03	0.000000000000000000e+00
8.451657149245972445e-01	-9.042609625894523773e-03	0.000000000000000000e+00
8.451657149245972445e-01	-9.042609625894523773e-03	0.000000000000000000e+00
8.451657149245972445e-01	-2.981200508178925498e-02	0.000000000000000000e+00
8.451657149245972445e-01	-2.981200508178925498e-02	0.000000000000000000e+00
8.451657149245972445e-01	-2.981200508178925498e-02	0.000000000000000000e+00
8.451657149245972445e-01	-2.981200508178925498e-02	0.000000000000000000e+00
8.451657149245972445e-01	-2.981200508178925498e-02	0.000000000000000000e+00
8.451657149245972445e-01	-2.981200508178925498e-02	0.000000000000000000e+00
8.451657149245972445e-01	-2.981200508178925498e-02	0.000000000000000000e+00
8.451657149245972445e-01	-2.981200508178925498e-02	0.000000000000000000e+00
8.451657149245972445e-01	-2.981200508178925498e-02	0.000000000000000000e+00
