1.517658320721852749e-02	1.803216693146976191e+00	0.000000000000000000e+00
1.517658320721852749e-02	1.731707503555141914e+00	0.000000000000000000e+00
1.517658320721852749e-02	1.731707503555141914e+00	0.000000000000000000e+00
4.182254028973322879e-02	1.683616930313599269e+00	0.000000000000000000e+00
6.481098729876917652e-02	1.492724271908726141e+00	0.000000000000000000e+00
9.296494087304413290e-02	1.421160804175786385e+00	0.000000000000000000e+00
9.296494087304413290e-02	1.421160804175786385e+00	0.000000000000000000e+00
9.296494087304413290e-02	1.411954107935684322e+00	0.000000000000000000e+00
9.296494087304413290e-02	1.387963596284167656e+00	0.000000000000000000e+00
9.296494087304413290e-02	1.387963596284167656e+00	0.000000000000000000e+00
9.296494087304413290e-02	1.387963596284167656e+00	0.000000000000000000e+00
9.296494087304413290e-02	1.387963596284167656e+00	0.000000000000000000e+00
9.296494087304413290e-02	1.387963596284167656e+00	0.000000000000000000e+00
9.296494087304413290e-02	1.387963596284167656e+00	0.000000000000000000e+00
9.296494087304413290e-02	1.387963596284167656e+00	0.000000000000000000e+00
9.296494087304413290e-02	1.387963596284167656e+00	0.000000000000000000e+00
9.296494087304413290e-02	1.387963596284167656e+00	0.000000000000000000e+00
9.296494087304413290e-02	1.387963596284167656e+00	0.000000000000000000e+00
9.296494087304413290e-02	1.387963596284167656e+00	0.000000000000000000e+00
3.908137065399903687e-01	1.147742388201242969e+00	0.000000000000000000e+00
3.908137065399903687e-01	1.147742388201242969e+00	0.000000000000000000e+00
3.908137065399903687e-01	1.147742388201242969e+00	0.000000000000000000e+00
3.908137065399903687e-01	1.099090004748095817e+00	0.000000000000000000e+00
4.036513347417487463e-01	1.024219717413958008e+00	0.000000000000000000e+00
4.036513347417487463e-01	1.024219717413958008e+00	0.000000000000000000e+00
4.036513347417487463e-01	1.024219717413958008e+00	0.000000000000000000e+00
4.036513347417487463e-01	1.024219717413958008e+00	0.000000000000000000e+00
4.036513347417487463e-01	1.024219717413958008e+00	0.000000000000000000e+00
4.036513347417487463e-01	1.024219717413958008e+00	0.000000000000000000e+00
4.036513347417487463e-01	1.012899807383638606e+00	0.000000000000000000e+00
4.036513347417487463e-01	1.012899807383638606e+00	0.000000000000000000e+00
4.036513347417487463e-01	1.012899807383638606e+00	0.000000000000000000e+00
6.010528810996123017e-01	8.296352308235978024e-01	0.000000000000000000e+00
6.010528810996123017e-01	8.296352308235978024e-01	0.000000000000000000e+00
6.010528810996123017e-01	8.296352308235978024e-01	0.000000000000000000e+00
6.010528810996123017e-01	8.296352308235978024e-01	0.000000000000000000e+00
6.010528810996123017e-01	8.232814566603384732e-01	0.000000000000000000e+00
6.251936157303169539e-01	3.809812473629886620e-01	0.000000000000000000e+00
6.251936157303169539e-01	3.809812473629886620e-01	0.000000000000000000e+00
6.251936157303169539e-01	3.809812473629886620e-01	0.000000000000000000e+00
6.251936157303169539e-01	3.809812473629886620e-01	0.000000000000000000e+00
6.251936157303169539e-01	3.809812473629886620e-01	0.000000000000000000e+00
6.251936157303169539e-01	3.809812473629886620e-01	0.000000000000000000e+00
6.251936157303169539e-01	3.442679384860963809e-01	0.000000000000000000e+00
6.251936157303169539e-01	3.442679384860963809e-01	0.000000000000000000e+00
6.251936157303169539e-01	3.442679384860963809e-01	0.000000000000000000e+00
6.251936157303169539e-01	3.034078699694374714e-01	0.000000000000000000e+00
6.251936157303169539e-01	3.034078699694374714e-01	0.000000000000000000e+00
6.251936157303169539e-01	3.034078699694374714e-01	0.000000000000000000e+00
6.251936157303169539e-01	3.034078699694374714e-01	0.000000000000000000e+00
6.251936157303169539e-01	3.034078699694374714e-01	0.000000000000000000e+00
6.251936157303169539e-01	3.034078699694374714e-01	0.000000000000000000e+00
6.251936157303169539e-01	2.830362624436486563e-01	0.000000000000000000e+00
6.251936157303169539e-01	2.830362624436486563e-01	0.000000000000000000e+00
6.251936157303169539e-01	2.830362624436486563e-01	0.000000000000000000e+00
6.497836082554480086e-01	1.105539173504216932e-01	0.000000000000000000e+00
6.497836082554480086e-01	1.105539173504216932e-01	0.000000000000000000e+00
6.497836082554480086e-01	9.570295118407026735e-02	0.000000000000000000e+00
6.497836082554480086e-01	9.570295118407026735e-02	0.000000000000000000e+00
6.348581956692647132e-01	1.771214075729885817e-01	0.000000000000000000e+00
6.497836082554480086e-01	1.045492632492781987e-01	0.000000000000000000e+00
6.497836082554480086e-01	1.045492632492781987e-01	0.000000000000000000e+00
6.497836082554480086e-01	1.045492632492781987e-01	0.000000000000000000e+00
6.497836082554480086e-01	1.045492632492781987e-01	0.000000000000000000e+00
6.497836082554480086e-01	8.908525805815829812e-02	0.000000000000000000e+00
6.497836082554480086e-01	6.587477231964426749e-02	0.000000000000000000e+00
6.497836082554480086e-01	6.587477231964426749e-02	0.000000000000000000e+00
6.497836082554480086e-01	6.352090326580211999e-02	0.000000000000000000e+00
6.497836082554480086e-01	6.352090326580211999e-02	0.000000000000000000e+00
6.497836082554480086e-01	6.352090326580211999e-02	0.000000000000000000e+00
6.497836082554480086e-01	5.495729132905945863e-02	0.000000000000000000e+00
6.497836082554480086e-01	5.495729132905945863e-02	0.000000000000000000e+00
8.451657149245972445e-01	-2.430400155239086923e-01	0.000000000000000000e+00
8.451657149245972445e-01	-2.430400155239086923e-01	0.000000000000000000e+00
8.451657149245972445e-01	-2.324740951359599017e-01	0.000000000000000000e+00
8.451657149245972445e-01	-2.324740951359599017e-01	0.000000000000000000e+00
8.451657149245972445e-01	-2.324740951359599017e-01	0.000000000000000000e+00
8.451657149245972445e-01	-2.324740951359599017e-01	0.000000000000000000e+00
8.451657149245972445e-01	-2.324740951359599017e-01	0.000000000000000000e+00
8.451657149245972445e-01	-2.324740951359599017e-01	0.000000000000000000e+00
8.451657149245972445e-01	-2.324740951359599017e-01	0.000000000000000000e+00
8.451657149245972445e-01	-2.324740951359599017e-01	0.000000000000000000e+00
8.451657149245972445e-01	-1.969839176219923826e-01	0.000000000000000000e+00
8.451657149245972445e-01	-1.969839176219923826e-01	0.000000000000000000e+00
8.451657149245972445e-01	-1.969839176219923826e-01	0.000000000000000000e+00
8.451657149245972445e-01	-1.969839176219923826e-01	0.000000000000000000e+00
8.451657149245972445e-01	-1.969839176219923826e-01	0.000000000000000000e+00
8.451657149245972445e-01	-1.969839176219923826e-01	0.000000000000000000e+00
8.451657149245972445e-01	-1.865132623090074993e-01	0.000000000000000000e+00
8.451657149245972445e-01	-1.865132623090074993e-01	0.000000000000000000e+00
8.451657149245972445e-01	-1.865132623090074993e-01	0.000000000000000000e+00
8.451657149245972445e-01	-2.049527276275759091e-01	0.000000000000000000e+00
8.451657149245972445e-01	-2.354017177567844232e-01	0.000000000000000000e+00
8.451657149245972445e-01	-2.354017177567844232e-01	0.000000000000000000e+00
8.451657149245972445e-01	-2.354017177567844232e-01	0.000000000000000000e+00
8.451657149245972445e-01	-2.354017177567844232e-01	0.000000000000000000e+00
8.451657149245972445e-01	-2.354017177567844232e-01	0.000000000000000000e+00
8.451657149245972445e-01	-2.354017177567844232e-01	0.000000000000000000e+00
8.451657149245972445e-01	-2.354017177567844232e-01	0.000000000000000000e+00
8.451657149245972445e-01	-2.354017177567844232e-01	0.000000000000000000e+00
