1.517658320721852749e-02	1.450322673158777720e+00	0.000000000000000000e+00
1.517658320721852749e-02	1.440895459491972064e+00	0.000000000000000000e+00
1.517658320721852749e-02	1.440895459491972064e+00	0.000000000000000000e+00
4.182254028973322879e-02	1.329336388070800234e+00	0.000000000000000000e+00
6.481098729876917652e-02	1.212646509460655553e+00	0.000000000000000000e+00
6.481098729876917652e-02	1.212646509460655553e+00	0.000000000000000000e+00
9.296494087304413290e-02	1.186897774759512192e+00	0.000000000000000000e+00
9.296494087304413290e-02	1.186897774759512192e+00	0.000000000000000000e+00
9.296494087304413290e-02	1.186897774759512192e+00	0.000000000000000000e+00
9.296494087304413290e-02	1.186897774759512192e+00	0.000000000000000000e+00
9.296494087304413290e-02	1.186897774759512192e+00	0.000000000000000000e+00
9.296494087304413290e-02	1.186897774759512192e+00	0.000000000000000000e+00
9.296494087304413290e-02	1.186897774759512192e+00	0.000000000000000000e+00
9.296494087304413290e-02	1.186897774759512192e+00	0.000000000000000000e+00
9.296494087304413290e-02	1.186897774759512192e+00	0.000000000000000000e+00
9.296494087304413290e-02	1.186897774759512192e+00	0.000000000000000000e+00
9.296494087304413290e-02	1.186897774759512192e+00	0.000000000000000000e+00
9.296494087304413290e-02	1.186897774759512192e+00	0.000000000000000000e+00
9.296494087304413290e-02	1.186897774759512192e+00	0.000000000000000000e+00
3.908137065399903687e-01	9.437390673172389999e-01	0.000000000000000000e+00
3.908137065399903687e-01	9.437390673172389999e-01	0.000000000000000000e+00
3.908137065399903687e-01	9.437390673172389999e-01	0.000000000000000000e+00
3.908137065399903687e-01	9.009796923293119653e-01	0.000000000000000000e+00
4.029928736677778067e-01	7.421272761529194018e-01	0.000000000000000000e+00
4.029928736677778067e-01	7.421272761529194018e-01	0.000000000000000000e+00
4.036513347417487463e-01	7.335955986116028393e-01	0.000000000000000000e+00
4.160760562998238044e-01	5.723174182265344800e-01	0.000000000000000000e+00
4.160760562998238044e-01	5.723174182265344800e-01	0.000000000000000000e+00
4.160760562998238044e-01	5.650349137257659748e-01	0.000000000000000000e+00
4.160760562998238044e-01	5.650349137257659748e-01	0.000000000000000000e+00
4.160760562998238044e-01	5.643298282235251762e-01	0.000000000000000000e+00
4.160760562998238044e-01	5.643298282235251762e-01	0.000000000000000000e+00
4.160760562998238044e-01	5.643298282235251762e-01	0.000000000000000000e+00
4.160760562998238044e-01	5.643298282235251762e-01	0.000000000000000000e+00
4.160760562998238044e-01	5.643298282235251762e-01	0.000000000000000000e+00
4.160760562998238044e-01	5.643298282235251762e-01	0.000000000000000000e+00
4.160760562998238044e-01	5.643298282235251762e-01	0.000000000000000000e+00
6.148912228416208992e-01	3.250408085507198730e-01	0.000000000000000000e+00
6.148912228416208992e-01	3.250408085507198730e-01	0.000000000000000000e+00
6.148912228416208992e-01	3.250408085507198730e-01	0.000000000000000000e+00
6.148912228416208992e-01	3.250408085507198730e-01	0.000000000000000000e+00
6.148912228416208992e-01	3.100263883732306547e-01	0.000000000000000000e+00
6.148912228416208992e-01	3.100263883732306547e-01	0.000000000000000000e+00
6.148912228416208992e-01	3.100263883732306547e-01	0.000000000000000000e+00
6.148912228416208992e-01	3.100263883732306547e-01	0.000000000000000000e+00
6.251936157303169539e-01	1.440557789994109661e-01	0.000000000000000000e+00
6.251936157303169539e-01	1.440557789994109661e-01	0.000000000000000000e+00
6.251936157303169539e-01	1.440557789994109661e-01	0.000000000000000000e+00
6.251936157303169539e-01	1.306264629690187251e-01	0.000000000000000000e+00
6.251936157303169539e-01	1.625129741908592773e-01	0.000000000000000000e+00
6.251936157303169539e-01	1.306264629690187251e-01	0.000000000000000000e+00
6.251936157303169539e-01	1.306264629690187251e-01	0.000000000000000000e+00
6.473622110633788784e-01	-5.341229143085685777e-02	0.000000000000000000e+00
6.473622110633788784e-01	-5.341229143085685777e-02	0.000000000000000000e+00
6.473622110633788784e-01	-5.341229143085685777e-02	0.000000000000000000e+00
6.473622110633788784e-01	-5.341229143085685777e-02	0.000000000000000000e+00
6.473622110633788784e-01	-5.341229143085685777e-02	0.000000000000000000e+00
6.473622110633788784e-01	-5.341229143085685777e-02	0.000000000000000000e+00
6.473622110633788784e-01	-6.259922939405672404e-02	0.000000000000000000e+00
6.473622110633788784e-01	-6.259922939405672404e-02	0.000000000000000000e+00
6.473622110633788784e-01	-6.259922939405672404e-02	0.000000000000000000e+00
6.473622110633788784e-01	-1.076825804246167584e-01	0.000000000000000000e+00
6.473622110633788784e-01	-1.025257157169118111e-01	0.000000000000000000e+00
6.473622110633788784e-01	-1.025257157169118111e-01	0.000000000000000000e+00
6.473622110633788784e-01	-1.091647990079175345e-01	0.000000000000000000e+00
6.473622110633788784e-01	-1.091647990079175345e-01	0.000000000000000000e+00
6.473622110633788784e-01	-1.091647990079175345e-01	0.000000000000000000e+00
6.473622110633788784e-01	-1.091647990079175345e-01	0.000000000000000000e+00
6.473622110633788784e-01	-1.091647990079175345e-01	0.000000000000000000e+00
6.473622110633788784e-01	-1.091647990079175345e-01	0.000000000000000000e+00
8.451657149245972445e-01	-3.896962142928075412e-01	0.000000000000000000e+00
8.451657149245972445e-01	-3.896962142928075412e-01	0.000000000000000000e+00
8.451657149245972445e-01	-4.254261207127994493e-01	0.000000000000000000e+00
8.451657149245972445e-01	-4.254261207127994493e-01	0.000000000000000000e+00
8.451657149245972445e-01	-4.245829231700559148e-01	0.000000000000000000e+00
8.451657149245972445e-01	-4.245829231700559148e-01	0.000000000000000000e+00
8.451657149245972445e-01	-4.245829231700559148e-01	0.000000000000000000e+00
8.451657149245972445e-01	-4.245829231700559148e-01	0.000000000000000000e+00
8.451657149245972445e-01	-4.245829231700559148e-01	0.000000000000000000e+00
8.451657149245972445e-01	-4.245829231700559148e-01	0.000000000000000000e+00
8.451657149245972445e-01	-4.245829231700559148e-01	0.000000000000000000e+00
8.451657149245972445e-01	-4.245829231700559148e-01	0.000000000000000000e+00
8.451657149245972445e-01	-4.724399329262750635e-01	0.000000000000000000e+00
8.451657149245972445e-01	-4.059534656653877027e-01	0.000000000000000000e+00
8.451657149245972445e-01	-4.059534656653877027e-01	0.000000000000000000e+00
8.451657149245972445e-01	-4.059534656653877027e-01	0.000000000000000000e+00
8.451657149245972445e-01	-4.319651133228174511e-01	0.000000000000000000e+00
8.451657149245972445e-01	-4.319651133228174511e-01	0.000000000000000000e+00
8.451657149245972445e-01	-4.319651133228174511e-01	0.000000000000000000e+00
8.451657149245972445e-01	-4.319651133228174511e-01	0.000000000000000000e+00
8.451657149245972445e-01	-4.319651133228174511e-01	0.000000000000000000e+00
8.451657149245972445e-01	-4.319651133228174511e-01	0.000000000000000000e+00
8.451657149245972445e-01	-4.319651133228174511e-01	0.000000000000000000e+00
8.451657149245972445e-01	-4.319651133228174511e-01	0.000000000000000000e+00
8.451657149245972445e-01	-4.286892862599125387e-01	0.000000000000000000e+00
8.451657149245972445e-01	-4.286892862599125387e-01	0.000000000000000000e+00
8.451657149245972445e-01	-4.286892862599125387e-01	0.000000000000000000e+00
8.451657149245972445e-01	-4.286892862599125387e-01	0.000000000000000000e+00
8.451657149245972445e-01	-4.286892862599125387e-01	0.000000000000000000e+00
8.451657149245972445e-01	-4.286892862599125387e-01	0.000000000000000000e+00
