1.517658320721852749e-02	1.421307450336971590e+00	0.000000000000000000e+00
1.517658320721852749e-02	1.417585523931648606e+00	0.000000000000000000e+00
1.517658320721852749e-02	1.417585523931648606e+00	0.000000000000000000e+00
4.182254028973322879e-02	1.329336388070800234e+00	0.000000000000000000e+00
6.481098729876917652e-02	1.212646509460655553e+00	0.000000000000000000e+00
6.481098729876917652e-02	1.212646509460655553e+00	0.000000000000000000e+00
9.296494087304413290e-02	1.186897774759512192e+00	0.000000000000000000e+00
9.296494087304413290e-02	1.186897774759512192e+00	0.000000000000000000e+00
9.296494087304413290e-02	1.186897774759512192e+00	0.000000000000000000e+00
9.296494087304413290e-02	1.186897774759512192e+00	0.000000000000000000e+00
9.296494087304413290e-02	1.186897774759512192e+00	0.000000000000000000e+00
9.296494087304413290e-02	1.186897774759512192e+00	0.000000000000000000e+00
9.296494087304413290e-02	1.186897774759512192e+00	0.000000000000000000e+00
9.296494087304413290e-02	1.186897774759512192e+00	0.000000000000000000e+00
9.296494087304413290e-02	1.186897774759512192e+00	0.000000000000000000e+00
9.296494087304413290e-02	1.186897774759512192e+00	0.000000000000000000e+00
9.296494087304413290e-02	1.107071975554972054e+00	0.000000000000000000e+00
9.296494087304413290e-02	1.107071975554972054e+00	0.000000000000000000e+00
9.296494087304413290e-02	1.107071975554972054e+00	0.000000000000000000e+00
9.296494087304413290e-02	1.107071975554972054e+00	0.000000000000000000e+00
3.908137065399903687e-01	8.311409503454676440e-01	0.000000000000000000e+00
3.908137065399903687e-01	8.431396466067407891e-01	0.000000000000000000e+00
3.908137065399903687e-01	8.431396466067407891e-01	0.000000000000000000e+00
3.908137065399903687e-01	8.281641301690463308e-01	0.000000000000000000e+00
4.029928736677778067e-01	7.521779547902334162e-01	0.000000000000000000e+00
4.036513347417487463e-01	7.140503619884861486e-01	0.000000000000000000e+00
4.160760562998238044e-01	5.844464486059217645e-01	0.000000000000000000e+00
4.160760562998238044e-01	5.844464486059217645e-01	0.000000000000000000e+00
4.160760562998238044e-01	5.623704555299705588e-01	0.000000000000000000e+00
4.160760562998238044e-01	5.623704555299705588e-01	0.000000000000000000e+00
4.160760562998238044e-01	5.623704555299705588e-01	0.000000000000000000e+00
4.160760562998238044e-01	5.623704555299705588e-01	0.000000000000000000e+00
4.160760562998238044e-01	5.623704555299705588e-01	0.000000000000000000e+00
4.160760562998238044e-01	5.623704555299705588e-01	0.000000000000000000e+00
4.160760562998238044e-01	5.623704555299705588e-01	0.000000000000000000e+00
4.160760562998238044e-01	5.623704555299705588e-01	0.000000000000000000e+00
4.160760562998238044e-01	5.623704555299705588e-01	0.000000000000000000e+00
6.148912228416208992e-01	3.331115780562136641e-01	0.000000000000000000e+00
6.148912228416208992e-01	3.694247373377628207e-01	0.000000000000000000e+00
6.148912228416208992e-01	3.694247373377628207e-01	0.000000000000000000e+00
6.148912228416208992e-01	3.694247373377628207e-01	0.000000000000000000e+00
6.148912228416208992e-01	3.694247373377628207e-01	0.000000000000000000e+00
6.148912228416208992e-01	3.505104765646928633e-01	0.000000000000000000e+00
6.148912228416208992e-01	3.100263883732306547e-01	0.000000000000000000e+00
6.251936157303169539e-01	1.634371534631335887e-01	0.000000000000000000e+00
6.251936157303169539e-01	1.634371534631335887e-01	0.000000000000000000e+00
6.251936157303169539e-01	1.634371534631335887e-01	0.000000000000000000e+00
6.251936157303169539e-01	1.634371534631335887e-01	0.000000000000000000e+00
6.251936157303169539e-01	1.021592266284446215e-01	0.000000000000000000e+00
6.251936157303169539e-01	1.564596539112931284e-01	0.000000000000000000e+00
6.251936157303169539e-01	1.021592266284446215e-01	0.000000000000000000e+00
6.251936157303169539e-01	1.021592266284446215e-01	0.000000000000000000e+00
6.251936157303169539e-01	9.648270688872080669e-02	0.000000000000000000e+00
6.473622110633788784e-01	-8.064282267339516197e-02	0.000000000000000000e+00
6.473622110633788784e-01	-8.064282267339516197e-02	0.000000000000000000e+00
6.473622110633788784e-01	-8.064282267339516197e-02	0.000000000000000000e+00
6.473622110633788784e-01	-8.064282267339516197e-02	0.000000000000000000e+00
6.473622110633788784e-01	-1.167470109826781316e-01	0.000000000000000000e+00
6.473622110633788784e-01	-1.167470109826781316e-01	0.000000000000000000e+00
6.473622110633788784e-01	-1.167470109826781316e-01	0.000000000000000000e+00
6.473622110633788784e-01	-1.103091698711586993e-01	0.000000000000000000e+00
6.473622110633788784e-01	-1.103091698711586993e-01	0.000000000000000000e+00
6.473622110633788784e-01	-1.103091698711586993e-01	0.000000000000000000e+00
6.473622110633788784e-01	-1.042473134624522513e-01	0.000000000000000000e+00
6.473622110633788784e-01	-1.195250666438113368e-01	0.000000000000000000e+00
6.473622110633788784e-01	-1.195250666438113368e-01	0.000000000000000000e+00
6.473622110633788784e-01	-1.195250666438113368e-01	0.000000000000000000e+00
6.473622110633788784e-01	-1.137111014453782848e-01	0.000000000000000000e+00
6.473622110633788784e-01	-1.137111014453782848e-01	0.000000000000000000e+00
6.473622110633788784e-01	-1.112434015036193324e-01	0.000000000000000000e+00
8.451657149245972445e-01	-4.398498771370689120e-01	0.000000000000000000e+00
8.451657149245972445e-01	-4.398498771370689120e-01	0.000000000000000000e+00
8.451657149245972445e-01	-4.398498771370689120e-01	0.000000000000000000e+00
8.451657149245972445e-01	-4.398498771370689120e-01	0.000000000000000000e+00
8.451657149245972445e-01	-4.398498771370689120e-01	0.000000000000000000e+00
8.451657149245972445e-01	-4.398498771370689120e-01	0.000000000000000000e+00
8.451657149245972445e-01	-4.398498771370689120e-01	0.000000000000000000e+00
8.451657149245972445e-01	-4.375092939401012959e-01	0.000000000000000000e+00
8.451657149245972445e-01	-4.375092939401012959e-01	0.000000000000000000e+00
8.451657149245972445e-01	-4.134094699615762925e-01	0.000000000000000000e+00
8.451657149245972445e-01	-4.134094699615762925e-01	0.000000000000000000e+00
8.451657149245972445e-01	-4.241657149797684601e-01	0.000000000000000000e+00
8.451657149245972445e-01	-4.241657149797684601e-01	0.000000000000000000e+00
8.451657149245972445e-01	-4.241657149797684601e-01	0.000000000000000000e+00
8.451657149245972445e-01	-4.241657149797684601e-01	0.000000000000000000e+00
8.451657149245972445e-01	-4.241657149797684601e-01	0.000000000000000000e+00
8.451657149245972445e-01	-4.310409199670616753e-01	0.000000000000000000e+00
8.451657149245972445e-01	-4.310409199670616753e-01	0.000000000000000000e+00
8.451657149245972445e-01	-4.401572844515584393e-01	0.000000000000000000e+00
8.451657149245972445e-01	-4.401572844515584393e-01	0.000000000000000000e+00
8.451657149245972445e-01	-4.401572844515584393e-01	0.000000000000000000e+00
8.451657149245972445e-01	-4.401572844515584393e-01	0.000000000000000000e+00
8.451657149245972445e-01	-4.401572844515584393e-01	0.000000000000000000e+00
8.451657149245972445e-01	-4.401572844515584393e-01	0.000000000000000000e+00
8.451657149245972445e-01	-4.401572844515584393e-01	0.000000000000000000e+00
8.451657149245972445e-01	-4.401572844515584393e-01	0.000000000000000000e+00
8.451657149245972445e-01	-4.381352444651253064e-01	0.000000000000000000e+00
8.451657149245972445e-01	-4.381352444651253064e-01	0.000000000000000000e+00
8.451657149245972445e-01	-4.346444494570408379e-01	0.000000000000000000e+00
8.451657149245972445e-01	-4.346444494570408379e-01	0.000000000000000000e+00
