1.517658320721852749e-02	1.066468787372516713e+00	0.000000000000000000e+00
1.517658320721852749e-02	1.066468787372516713e+00	0.000000000000000000e+00
3.173444335268375827e-02	9.096071734422086497e-01	0.000000000000000000e+00
3.173444335268375827e-02	9.096071734422086497e-01	0.000000000000000000e+00
5.697742507496714875e-02	8.060303894969789162e-01	0.000000000000000000e+00
5.697742507496714875e-02	8.060303894969789162e-01	0.000000000000000000e+00
5.697742507496714875e-02	8.060303894969789162e-01	0.000000000000000000e+00
9.296494087304413290e-02	7.683699243860638850e-01	0.000000000000000000e+00
9.296494087304413290e-02	7.683620212579176378e-01	0.000000000000000000e+00
9.296494087304413290e-02	7.683620212579176378e-01	0.000000000000000000e+00
9.296494087304413290e-02	7.683620212579176378e-01	0.000000000000000000e+00
9.296494087304413290e-02	7.683620212579176378e-01	0.000000000000000000e+00
9.296494087304413290e-02	7.683620212579176378e-01	0.000000000000000000e+00
9.296494087304413290e-02	7.683620212579176378e-01	0.000000000000000000e+00
9.296494087304413290e-02	7.683620212579176378e-01	0.000000000000000000e+00
9.296494087304413290e-02	7.683620212579176378e-01	0.000000000000000000e+00
9.296494087304413290e-02	7.613987647445636942e-01	0.000000000000000000e+00
9.296494087304413290e-02	7.613987647445636942e-01	0.000000000000000000e+00
9.296494087304413290e-02	7.613987647445636942e-01	0.000000000000000000e+00
9.296494087304413290e-02	7.613987647445636942e-01	0.000000000000000000e+00
9.296494087304413290e-02	7.613987647445636942e-01	0.000000000000000000e+00
9.296494087304413290e-02	7.613987647445636942e-01	0.000000000000000000e+00
3.893787381915845836e-01	6.112355749237199376e-01	0.000000000000000000e+00
3.893787381915845836e-01	6.112355749237199376e-01	0.000000000000000000e+00
3.893787381915845836e-01	5.908760733898414941e-01	0.000000000000000000e+00
4.029928736677778067e-01	4.455472351357188110e-01	0.000000000000000000e+00
4.029928736677778067e-01	4.367330589341718583e-01	0.000000000000000000e+00
4.029928736677778067e-01	4.367330589341718583e-01	0.000000000000000000e+00
4.029928736677778067e-01	4.234266150399006445e-01	0.000000000000000000e+00
4.160760562998238044e-01	2.266017157791579695e-01	0.000000000000000000e+00
4.160760562998238044e-01	2.266017157791579695e-01	0.000000000000000000e+00
4.160760562998238044e-01	2.266017157791579695e-01	0.000000000000000000e+00
4.160760562998238044e-01	2.266017157791579695e-01	0.000000000000000000e+00
4.160760562998238044e-01	2.266017157791579695e-01	0.000000000000000000e+00
4.160760562998238044e-01	2.266017157791579695e-01	0.000000000000000000e+00
4.526759560062445509e-01	-3.902191951189080965e-02	0.000000000000000000e+00
4.526759560062445509e-01	-3.902191951189080965e-02	0.000000000000000000e+00
4.526759560062445509e-01	-3.902191951189080965e-02	0.000000000000000000e+00
4.526759560062445509e-01	-3.902191951189080965e-02	0.000000000000000000e+00
4.526759560062445509e-01	-3.902191951189080965e-02	0.000000000000000000e+00
4.526759560062445509e-01	-3.902191951189080965e-02	0.000000000000000000e+00
4.526759560062445509e-01	-3.902191951189080965e-02	0.000000000000000000e+00
6.148912228416208992e-01	2.572849655202116143e-02	0.000000000000000000e+00
6.148912228416208992e-01	2.572849655202116143e-02	0.000000000000000000e+00
6.148912228416208992e-01	2.572849655202116143e-02	0.000000000000000000e+00
6.148912228416208992e-01	2.572849655202116143e-02	0.000000000000000000e+00
6.148912228416208992e-01	2.572849655202116143e-02	0.000000000000000000e+00
6.148912228416208992e-01	3.865892849764913236e-02	0.000000000000000000e+00
6.148912228416208992e-01	2.572849655202116143e-02	0.000000000000000000e+00
6.148912228416208992e-01	1.692399831249124728e-02	0.000000000000000000e+00
6.251936157303169539e-01	-9.620085545290288365e-02	0.000000000000000000e+00
6.251936157303169539e-01	-9.620085545290288365e-02	0.000000000000000000e+00
6.251936157303169539e-01	-9.620085545290288365e-02	0.000000000000000000e+00
6.251936157303169539e-01	-9.620085545290288365e-02	0.000000000000000000e+00
6.251936157303169539e-01	-1.422409870760649453e-01	0.000000000000000000e+00
6.251936157303169539e-01	-1.422409870760649453e-01	0.000000000000000000e+00
6.251936157303169539e-01	-1.422409870760649453e-01	0.000000000000000000e+00
6.473622110633788784e-01	-3.016610788298389467e-01	0.000000000000000000e+00
6.473622110633788784e-01	-3.016610788298389467e-01	0.000000000000000000e+00
6.473622110633788784e-01	-3.016610788298389467e-01	0.000000000000000000e+00
6.473622110633788784e-01	-3.016610788298389467e-01	0.000000000000000000e+00
6.473622110633788784e-01	-3.016610788298389467e-01	0.000000000000000000e+00
6.473622110633788784e-01	-3.016610788298389467e-01	0.000000000000000000e+00
6.473622110633788784e-01	-3.037212604497036561e-01	0.000000000000000000e+00
6.473622110633788784e-01	-3.037212604497036561e-01	0.000000000000000000e+00
6.473622110633788784e-01	-3.037212604497036561e-01	0.000000000000000000e+00
6.473622110633788784e-01	-3.037212604497036561e-01	0.000000000000000000e+00
6.473622110633788784e-01	-3.114160720947750649e-01	0.000000000000000000e+00
6.473622110633788784e-01	-3.126780885431816315e-01	0.000000000000000000e+00
6.473622110633788784e-01	-3.126780885431816315e-01	0.000000000000000000e+00
6.473622110633788784e-01	-3.126780885431816315e-01	0.000000000000000000e+00
6.473622110633788784e-01	-3.126780885431816315e-01	0.000000000000000000e+00
8.352471665926599620e-01	-5.344840228600196141e-01	0.000000000000000000e+00
8.352471665926599620e-01	-5.344840228600196141e-01	0.000000000000000000e+00
8.352471665926599620e-01	-5.344840228600196141e-01	0.000000000000000000e+00
8.352471665926599620e-01	-5.344840228600196141e-01	0.000000000000000000e+00
8.352471665926599620e-01	-5.302850615506307097e-01	0.000000000000000000e+00
8.352471665926599620e-01	-5.302850615506307097e-01	0.000000000000000000e+00
8.352471665926599620e-01	-5.302850615506307097e-01	0.000000000000000000e+00
8.352471665926599620e-01	-5.302850615506307097e-01	0.000000000000000000e+00
8.352471665926599620e-01	-5.302850615506307097e-01	0.000000000000000000e+00
8.352471665926599620e-01	-5.302850615506307097e-01	0.000000000000000000e+00
8.352471665926599620e-01	-5.302850615506307097e-01	0.000000000000000000e+00
8.352471665926599620e-01	-5.302850615506307097e-01	0.000000000000000000e+00
8.352471665926599620e-01	-5.153200790107732576e-01	0.000000000000000000e+00
8.352471665926599620e-01	-5.153200790107732576e-01	0.000000000000000000e+00
8.352471665926599620e-01	-5.190198889096406809e-01	0.000000000000000000e+00
8.352471665926599620e-01	-5.190198889096406809e-01	0.000000000000000000e+00
8.352471665926599620e-01	-5.190198889096406809e-01	0.000000000000000000e+00
8.352471665926599620e-01	-5.253547882412782366e-01	0.000000000000000000e+00
8.439104712919642814e-01	-5.971499041388621531e-01	0.000000000000000000e+00
8.439104712919642814e-01	-5.971499041388621531e-01	0.000000000000000000e+00
8.439104712919642814e-01	-5.843172285927415999e-01	0.000000000000000000e+00
8.439104712919642814e-01	-5.843172285927415999e-01	0.000000000000000000e+00
8.439104712919642814e-01	-5.843172285927415999e-01	0.000000000000000000e+00
8.439104712919642814e-01	-5.843172285927415999e-01	0.000000000000000000e+00
8.439104712919642814e-01	-5.971499041388621531e-01	0.000000000000000000e+00
8.439104712919642814e-01	-6.076475001622948513e-01	0.000000000000000000e+00
8.439104712919642814e-01	-6.081452091524374159e-01	0.000000000000000000e+00
8.439104712919642814e-01	-6.081452091524374159e-01	0.000000000000000000e+00
