1.517658320721852749e-02	9.459209395453184177e-01	0.000000000000000000e+00
1.517658320721852749e-02	9.350849476353695344e-01	0.000000000000000000e+00
3.173444335268375827e-02	8.585739999132965261e-01	0.000000000000000000e+00
3.173444335268375827e-02	8.585739999132965261e-01	0.000000000000000000e+00
5.697742507496714875e-02	7.669861027662751018e-01	0.000000000000000000e+00
7.406518429213493349e-02	7.341210889223651614e-01	0.000000000000000000e+00
8.402542272502497300e-02	7.292603475300608595e-01	0.000000000000000000e+00
8.402542272502497300e-02	7.292603475300608595e-01	0.000000000000000000e+00
8.402542272502497300e-02	7.292603475300608595e-01	0.000000000000000000e+00
8.402542272502497300e-02	7.292603475300608595e-01	0.000000000000000000e+00
8.402542272502497300e-02	7.292603475300608595e-01	0.000000000000000000e+00
8.402542272502497300e-02	7.292603475300608595e-01	0.000000000000000000e+00
8.402542272502497300e-02	7.292603475300608595e-01	0.000000000000000000e+00
8.402542272502497300e-02	7.292603475300608595e-01	0.000000000000000000e+00
8.402542272502497300e-02	7.292603475300608595e-01	0.000000000000000000e+00
8.402542272502497300e-02	7.292603475300608595e-01	0.000000000000000000e+00
8.402542272502497300e-02	7.292603475300608595e-01	0.000000000000000000e+00
8.402542272502497300e-02	7.196259037027341599e-01	0.000000000000000000e+00
8.402542272502497300e-02	7.196259037027341599e-01	0.000000000000000000e+00
8.402542272502497300e-02	7.196259037027341599e-01	0.000000000000000000e+00
8.402542272502497300e-02	7.196259037027341599e-01	0.000000000000000000e+00
8.402542272502497300e-02	7.196259037027341599e-01	0.000000000000000000e+00
3.893787381915845836e-01	5.516714831426182686e-01	0.000000000000000000e+00
3.893787381915845836e-01	5.516714831426182686e-01	0.000000000000000000e+00
4.002455871198813409e-01	4.414658736646283055e-01	0.000000000000000000e+00
4.002455871198813409e-01	4.414658736646283055e-01	0.000000000000000000e+00
4.002455871198813409e-01	4.183148137202417072e-01	0.000000000000000000e+00
4.029928736677778067e-01	3.719143929610428390e-01	0.000000000000000000e+00
4.160760562998238044e-01	2.279183114822771195e-01	0.000000000000000000e+00
4.160760562998238044e-01	2.279183114822771195e-01	0.000000000000000000e+00
4.160760562998238044e-01	2.279183114822771195e-01	0.000000000000000000e+00
4.160760562998238044e-01	2.101590997682536155e-01	0.000000000000000000e+00
4.160760562998238044e-01	2.101590997682536155e-01	0.000000000000000000e+00
4.492638499957409826e-01	-4.277517848310132681e-02	0.000000000000000000e+00
4.492638499957409826e-01	-4.277517848310132681e-02	0.000000000000000000e+00
4.492638499957409826e-01	-4.277517848310132681e-02	0.000000000000000000e+00
4.492638499957409826e-01	-4.277517848310132681e-02	0.000000000000000000e+00
4.492638499957409826e-01	-4.277517848310132681e-02	0.000000000000000000e+00
4.492638499957409826e-01	-7.023681874384903046e-02	0.000000000000000000e+00
4.492638499957409826e-01	-7.023681874384903046e-02	0.000000000000000000e+00
4.492638499957409826e-01	-7.445573041281068616e-02	0.000000000000000000e+00
4.492638499957409826e-01	-7.445573041281068616e-02	0.000000000000000000e+00
4.526759560062445509e-01	-1.000357141469977867e-01	0.000000000000000000e+00
4.526759560062445509e-01	-1.000357141469977867e-01	0.000000000000000000e+00
4.526759560062445509e-01	-1.000357141469977867e-01	0.000000000000000000e+00
4.526759560062445509e-01	-1.000357141469977867e-01	0.000000000000000000e+00
4.526759560062445509e-01	-1.000357141469977867e-01	0.000000000000000000e+00
4.526759560062445509e-01	-1.000357141469977867e-01	0.000000000000000000e+00
4.526759560062445509e-01	-1.000357141469977867e-01	0.000000000000000000e+00
4.526759560062445509e-01	-9.974420984052508043e-02	0.000000000000000000e+00
4.526759560062445509e-01	-9.974420984052508043e-02	0.000000000000000000e+00
6.251936157303169539e-01	-2.131712910783654102e-01	0.000000000000000000e+00
6.251936157303169539e-01	-2.131712910783654102e-01	0.000000000000000000e+00
6.251936157303169539e-01	-2.131712910783654102e-01	0.000000000000000000e+00
6.251936157303169539e-01	-2.131712910783654102e-01	0.000000000000000000e+00
6.251936157303169539e-01	-2.131712910783654102e-01	0.000000000000000000e+00
6.251936157303169539e-01	-2.144518136906778949e-01	0.000000000000000000e+00
6.401341155754725065e-01	-3.904320949001838237e-01	0.000000000000000000e+00
6.401341155754725065e-01	-3.375811851821789444e-01	0.000000000000000000e+00
6.401341155754725065e-01	-3.308201992005435077e-01	0.000000000000000000e+00
6.401341155754725065e-01	-3.308201992005435077e-01	0.000000000000000000e+00
6.401341155754725065e-01	-3.308201992005435077e-01	0.000000000000000000e+00
6.401341155754725065e-01	-3.308201992005435077e-01	0.000000000000000000e+00
6.401341155754725065e-01	-3.459613350547235955e-01	0.000000000000000000e+00
6.472056296105486162e-01	-3.991875188218214077e-01	0.000000000000000000e+00
6.401341155754725065e-01	-3.681197028435180263e-01	0.000000000000000000e+00
6.472056296105486162e-01	-3.991875188218214077e-01	0.000000000000000000e+00
6.472056296105486162e-01	-3.991875188218214077e-01	0.000000000000000000e+00
6.472056296105486162e-01	-4.063469601489206884e-01	0.000000000000000000e+00
6.472056296105486162e-01	-4.130022954252433598e-01	0.000000000000000000e+00
6.472056296105486162e-01	-4.130022954252433598e-01	0.000000000000000000e+00
6.472056296105486162e-01	-4.130022954252433598e-01	0.000000000000000000e+00
6.472056296105486162e-01	-4.130022954252433598e-01	0.000000000000000000e+00
6.472056296105486162e-01	-4.130022954252433598e-01	0.000000000000000000e+00
6.472056296105486162e-01	-4.130022954252433598e-01	0.000000000000000000e+00
8.352471665926599620e-01	-6.240632802278009983e-01	0.000000000000000000e+00
8.352471665926599620e-01	-6.109686149342481443e-01	0.000000000000000000e+00
8.352471665926599620e-01	-6.109686149342481443e-01	0.000000000000000000e+00
8.352471665926599620e-01	-6.109686149342481443e-01	0.000000000000000000e+00
8.352471665926599620e-01	-6.052619142958637344e-01	0.000000000000000000e+00
8.352471665926599620e-01	-6.052619142958637344e-01	0.000000000000000000e+00
8.352471665926599620e-01	-6.052619142958637344e-01	0.000000000000000000e+00
8.352471665926599620e-01	-6.052619142958637344e-01	0.000000000000000000e+00
8.352471665926599620e-01	-6.052619142958637344e-01	0.000000000000000000e+00
8.352471665926599620e-01	-6.052619142958637344e-01	0.000000000000000000e+00
8.352471665926599620e-01	-6.052619142958637344e-01	0.000000000000000000e+00
8.352471665926599620e-01	-6.052619142958637344e-01	0.000000000000000000e+00
8.352471665926599620e-01	-6.052619142958637344e-01	0.000000000000000000e+00
8.352471665926599620e-01	-6.052619142958637344e-01	0.000000000000000000e+00
8.439104712919642814e-01	-7.024235337804182189e-01	0.000000000000000000e+00
8.439104712919642814e-01	-7.024235337804182189e-01	0.000000000000000000e+00
8.439104712919642814e-01	-7.024235337804182189e-01	0.000000000000000000e+00
8.439104712919642814e-01	-7.024235337804182189e-01	0.000000000000000000e+00
8.439104712919642814e-01	-7.024235337804182189e-01	0.000000000000000000e+00
8.439104712919642814e-01	-7.024235337804182189e-01	0.000000000000000000e+00
8.439104712919642814e-01	-7.024235337804182189e-01	0.000000000000000000e+00
8.439104712919642814e-01	-6.897066832502362077e-01	0.000000000000000000e+00
8.439104712919642814e-01	-6.897066832502362077e-01	0.000000000000000000e+00
8.439104712919642814e-01	-6.897066832502362077e-01	0.000000000000000000e+00
8.439104712919642814e-01	-6.916360527303537786e-01	0.000000000000000000e+00
