0.000000000000000000e+00	1.000268394653442972e+00	0.000000000000000000e+00
1.517658320721852749e-02	8.786389512949850378e-01	0.000000000000000000e+00
3.173444335268375827e-02	7.954513665305255055e-01	0.000000000000000000e+00
4.165246343496577242e-02	7.559232808139658699e-01	0.000000000000000000e+00
5.697742507496714875e-02	7.153762209709728648e-01	0.000000000000000000e+00
5.697742507496714875e-02	7.153762209709728648e-01	0.000000000000000000e+00
8.402542272502497300e-02	6.699373724368870020e-01	0.000000000000000000e+00
8.402542272502497300e-02	6.699373724368870020e-01	0.000000000000000000e+00
8.402542272502497300e-02	6.699373724368870020e-01	0.000000000000000000e+00
8.402542272502497300e-02	6.699373724368870020e-01	0.000000000000000000e+00
8.402542272502497300e-02	6.699373724368870020e-01	0.000000000000000000e+00
8.402542272502497300e-02	6.699373724368870020e-01	0.000000000000000000e+00
8.402542272502497300e-02	6.699373724368870020e-01	0.000000000000000000e+00
8.402542272502497300e-02	6.699373724368870020e-01	0.000000000000000000e+00
8.402542272502497300e-02	6.699373724368870020e-01	0.000000000000000000e+00
8.402542272502497300e-02	6.699373724368870020e-01	0.000000000000000000e+00
8.402542272502497300e-02	6.699373724368870020e-01	0.000000000000000000e+00
8.402542272502497300e-02	6.724006578897521180e-01	0.000000000000000000e+00
8.402542272502497300e-02	6.724006578897521180e-01	0.000000000000000000e+00
8.402542272502497300e-02	6.724006578897521180e-01	0.000000000000000000e+00
8.402542272502497300e-02	6.724006578897521180e-01	0.000000000000000000e+00
8.402542272502497300e-02	6.749095433217621176e-01	0.000000000000000000e+00
3.893787381915845836e-01	5.063076201171771151e-01	0.000000000000000000e+00
3.893787381915845836e-01	5.063076201171771151e-01	0.000000000000000000e+00
3.893787381915845836e-01	5.046653090267528841e-01	0.000000000000000000e+00
4.002455871198813409e-01	3.670256842422037202e-01	0.000000000000000000e+00
4.002455871198813409e-01	3.670256842422037202e-01	0.000000000000000000e+00
4.029928736677778067e-01	3.557775836369936884e-01	0.000000000000000000e+00
4.160760562998238044e-01	1.561999747755206669e-01	0.000000000000000000e+00
4.160760562998238044e-01	1.561999747755206669e-01	0.000000000000000000e+00
4.160760562998238044e-01	1.561999747755206669e-01	0.000000000000000000e+00
4.160760562998238044e-01	1.561999747755206669e-01	0.000000000000000000e+00
4.160760562998238044e-01	1.561999747755206669e-01	0.000000000000000000e+00
4.160760562998238044e-01	1.561999747755206669e-01	0.000000000000000000e+00
4.492638499957409826e-01	-9.343393041342107352e-02	0.000000000000000000e+00
4.492638499957409826e-01	-9.343393041342107352e-02	0.000000000000000000e+00
4.492638499957409826e-01	-9.343393041342107352e-02	0.000000000000000000e+00
4.492638499957409826e-01	-9.343393041342107352e-02	0.000000000000000000e+00
4.492638499957409826e-01	-9.343393041342107352e-02	0.000000000000000000e+00
4.492638499957409826e-01	-9.343393041342107352e-02	0.000000000000000000e+00
4.492638499957409826e-01	-9.343393041342107352e-02	0.000000000000000000e+00
4.526759560062445509e-01	-1.043976743835500487e-01	0.000000000000000000e+00
4.526759560062445509e-01	-1.043976743835500487e-01	0.000000000000000000e+00
4.526759560062445509e-01	-1.043976743835500487e-01	0.000000000000000000e+00
4.526759560062445509e-01	-1.043976743835500487e-01	0.000000000000000000e+00
4.526759560062445509e-01	-1.043976743835500487e-01	0.000000000000000000e+00
4.526759560062445509e-01	-1.043976743835500487e-01	0.000000000000000000e+00
4.526759560062445509e-01	-1.043976743835500487e-01	0.000000000000000000e+00
4.526759560062445509e-01	-1.043976743835500487e-01	0.000000000000000000e+00
4.526759560062445509e-01	-1.114697726117775539e-01	0.000000000000000000e+00
6.251936157303169539e-01	-1.838148118366944583e-01	0.000000000000000000e+00
6.251936157303169539e-01	-1.838148118366944583e-01	0.000000000000000000e+00
6.251936157303169539e-01	-1.838148118366944583e-01	0.000000000000000000e+00
6.251936157303169539e-01	-2.038701017388290238e-01	0.000000000000000000e+00
6.251936157303169539e-01	-2.322433747289512074e-01	0.000000000000000000e+00
6.401341155754725065e-01	-4.011766169975168328e-01	0.000000000000000000e+00
6.401341155754725065e-01	-4.011766169975168328e-01	0.000000000000000000e+00
6.401341155754725065e-01	-4.011766169975168328e-01	0.000000000000000000e+00
6.401341155754725065e-01	-4.011766169975168328e-01	0.000000000000000000e+00
6.401341155754725065e-01	-4.011766169975168328e-01	0.000000000000000000e+00
6.401341155754725065e-01	-3.867173933461032775e-01	0.000000000000000000e+00
6.401341155754725065e-01	-3.867173933461032775e-01	0.000000000000000000e+00
6.401341155754725065e-01	-3.867173933461032775e-01	0.000000000000000000e+00
6.401341155754725065e-01	-3.880017945774267285e-01	0.000000000000000000e+00
6.401341155754725065e-01	-3.880017945774267285e-01	0.000000000000000000e+00
6.472056296105486162e-01	-4.386276204718432270e-01	0.000000000000000000e+00
6.472056296105486162e-01	-4.386276204718432270e-01	0.000000000000000000e+00
6.472056296105486162e-01	-4.386276204718432270e-01	0.000000000000000000e+00
6.472056296105486162e-01	-4.420842218153060443e-01	0.000000000000000000e+00
6.472056296105486162e-01	-4.420842218153060443e-01	0.000000000000000000e+00
6.472056296105486162e-01	-4.420842218153060443e-01	0.000000000000000000e+00
6.472056296105486162e-01	-4.420842218153060443e-01	0.000000000000000000e+00
6.472056296105486162e-01	-4.420842218153060443e-01	0.000000000000000000e+00
8.352471665926599620e-01	-6.485029038196014062e-01	0.000000000000000000e+00
8.352471665926599620e-01	-6.485029038196014062e-01	0.000000000000000000e+00
8.352471665926599620e-01	-6.485029038196014062e-01	0.000000000000000000e+00
8.352471665926599620e-01	-6.485029038196014062e-01	0.000000000000000000e+00
8.352471665926599620e-01	-6.485029038196014062e-01	0.000000000000000000e+00
8.352471665926599620e-01	-6.485029038196014062e-01	0.000000000000000000e+00
8.352471665926599620e-01	-6.532522059615328835e-01	0.000000000000000000e+00
8.352471665926599620e-01	-6.532522059615328835e-01	0.000000000000000000e+00
8.352471665926599620e-01	-6.532522059615328835e-01	0.000000000000000000e+00
8.352471665926599620e-01	-6.532522059615328835e-01	0.000000000000000000e+00
8.352471665926599620e-01	-6.532522059615328835e-01	0.000000000000000000e+00
8.352471665926599620e-01	-6.532522059615328835e-01	0.000000000000000000e+00
8.352471665926599620e-01	-6.532522059615328835e-01	0.000000000000000000e+00
8.352471665926599620e-01	-6.532522059615328835e-01	0.000000000000000000e+00
8.352471665926599620e-01	-6.507310083659832989e-01	0.000000000000000000e+00
8.352471665926599620e-01	-6.498352319092461915e-01	0.000000000000000000e+00
8.352471665926599620e-01	-6.498352319092461915e-01	0.000000000000000000e+00
8.439104712919642814e-01	-7.358370913605062347e-01	0.000000000000000000e+00
8.439104712919642814e-01	-7.358370913605062347e-01	0.000000000000000000e+00
8.439104712919642814e-01	-7.358370913605062347e-01	0.000000000000000000e+00
8.439104712919642814e-01	-7.358370913605062347e-01	0.000000000000000000e+00
8.439104712919642814e-01	-7.358370913605062347e-01	0.000000000000000000e+00
8.439104712919642814e-01	-7.358370913605062347e-01	0.000000000000000000e+00
8.439104712919642814e-01	-7.358370913605062347e-01	0.000000000000000000e+00
8.439104712919642814e-01	-7.358370913605062347e-01	0.000000000000000000e+00
8.439104712919642814e-01	-7.411611814199022819e-01	0.000000000000000000e+00
8.439104712919642814e-01	-7.411611814199022819e-01	0.000000000000000000e+00
