0.000000000000000000e+00	1.019750475825152769e+00	0.000000000000000000e+00
1.517658320721852749e-02	8.786389512949850378e-01	0.000000000000000000e+00
3.173444335268375827e-02	7.954513665305255055e-01	0.000000000000000000e+00
4.165246343496577242e-02	7.559232808139658699e-01	0.000000000000000000e+00
5.697742507496714875e-02	7.153762209709728648e-01	0.000000000000000000e+00
5.697742507496714875e-02	7.153762209709728648e-01	0.000000000000000000e+00
8.402542272502497300e-02	6.699373724368870020e-01	0.000000000000000000e+00
8.402542272502497300e-02	6.699373724368870020e-01	0.000000000000000000e+00
8.402542272502497300e-02	6.699373724368870020e-01	0.000000000000000000e+00
8.402542272502497300e-02	6.699373724368870020e-01	0.000000000000000000e+00
8.402542272502497300e-02	6.699373724368870020e-01	0.000000000000000000e+00
8.402542272502497300e-02	6.699373724368870020e-01	0.000000000000000000e+00
8.402542272502497300e-02	6.699373724368870020e-01	0.000000000000000000e+00
8.402542272502497300e-02	6.699373724368870020e-01	0.000000000000000000e+00
8.402542272502497300e-02	6.713099556587922567e-01	0.000000000000000000e+00
8.402542272502497300e-02	6.713099556587922567e-01	0.000000000000000000e+00
8.402542272502497300e-02	6.762045193474067739e-01	0.000000000000000000e+00
8.402542272502497300e-02	6.762045193474067739e-01	0.000000000000000000e+00
8.402542272502497300e-02	6.762045193474067739e-01	0.000000000000000000e+00
8.402542272502497300e-02	6.777257072322429021e-01	0.000000000000000000e+00
8.402542272502497300e-02	6.777257072322429021e-01	0.000000000000000000e+00
8.402542272502497300e-02	6.777257072322429021e-01	0.000000000000000000e+00
3.893787381915845836e-01	5.133767996096080255e-01	0.000000000000000000e+00
3.893787381915845836e-01	5.177340883193346510e-01	0.000000000000000000e+00
3.893787381915845836e-01	5.162818602886676267e-01	0.000000000000000000e+00
4.002455871198813409e-01	3.676283937760523313e-01	0.000000000000000000e+00
4.002455871198813409e-01	3.676283937760523313e-01	0.000000000000000000e+00
4.029928736677778067e-01	3.557775836369936884e-01	0.000000000000000000e+00
4.160760562998238044e-01	1.773155603848867723e-01	0.000000000000000000e+00
4.160760562998238044e-01	1.773155603848867723e-01	0.000000000000000000e+00
4.160760562998238044e-01	1.773155603848867723e-01	0.000000000000000000e+00
4.160760562998238044e-01	1.773155603848867723e-01	0.000000000000000000e+00
4.160760562998238044e-01	1.773155603848867723e-01	0.000000000000000000e+00
4.492638499957409826e-01	-6.460326290002658955e-02	0.000000000000000000e+00
4.492638499957409826e-01	-6.460326290002658955e-02	0.000000000000000000e+00
4.492638499957409826e-01	-6.460326290002658955e-02	0.000000000000000000e+00
4.492638499957409826e-01	-6.460326290002658955e-02	0.000000000000000000e+00
4.492638499957409826e-01	-8.633023409572965212e-02	0.000000000000000000e+00
4.492638499957409826e-01	-8.633023409572965212e-02	0.000000000000000000e+00
4.492638499957409826e-01	-8.633023409572965212e-02	0.000000000000000000e+00
4.492638499957409826e-01	-8.633023409572965212e-02	0.000000000000000000e+00
4.492638499957409826e-01	-9.519829585461528354e-02	0.000000000000000000e+00
4.526759560062445509e-01	-1.043976743835500487e-01	0.000000000000000000e+00
4.526759560062445509e-01	-1.043976743835500487e-01	0.000000000000000000e+00
4.526759560062445509e-01	-1.043976743835500487e-01	0.000000000000000000e+00
4.526759560062445509e-01	-1.043976743835500487e-01	0.000000000000000000e+00
4.526759560062445509e-01	-1.043976743835500487e-01	0.000000000000000000e+00
4.526759560062445509e-01	-1.043976743835500487e-01	0.000000000000000000e+00
4.526759560062445509e-01	-1.043976743835500487e-01	0.000000000000000000e+00
4.526759560062445509e-01	-1.114697726117775539e-01	0.000000000000000000e+00
6.251936157303169539e-01	-2.322433747289512074e-01	0.000000000000000000e+00
6.251936157303169539e-01	-2.322433747289512074e-01	0.000000000000000000e+00
6.251936157303169539e-01	-2.322433747289512074e-01	0.000000000000000000e+00
6.251936157303169539e-01	-2.322433747289512074e-01	0.000000000000000000e+00
6.251936157303169539e-01	-2.322433747289512074e-01	0.000000000000000000e+00
6.251936157303169539e-01	-2.273850056268010289e-01	0.000000000000000000e+00
6.401341155754725065e-01	-3.807901627171615955e-01	0.000000000000000000e+00
6.401341155754725065e-01	-3.752384078866337624e-01	0.000000000000000000e+00
6.401341155754725065e-01	-3.752384078866337624e-01	0.000000000000000000e+00
6.401341155754725065e-01	-3.752384078866337624e-01	0.000000000000000000e+00
6.401341155754725065e-01	-3.752384078866337624e-01	0.000000000000000000e+00
6.401341155754725065e-01	-3.752384078866337624e-01	0.000000000000000000e+00
6.401341155754725065e-01	-3.752384078866337624e-01	0.000000000000000000e+00
6.401341155754725065e-01	-3.752384078866337624e-01	0.000000000000000000e+00
6.472056296105486162e-01	-4.151193151022151140e-01	0.000000000000000000e+00
6.472056296105486162e-01	-4.151193151022151140e-01	0.000000000000000000e+00
6.472056296105486162e-01	-4.151193151022151140e-01	0.000000000000000000e+00
6.472056296105486162e-01	-4.420842218153060443e-01	0.000000000000000000e+00
6.472056296105486162e-01	-4.420842218153060443e-01	0.000000000000000000e+00
6.472056296105486162e-01	-4.420842218153060443e-01	0.000000000000000000e+00
6.472056296105486162e-01	-4.420842218153060443e-01	0.000000000000000000e+00
6.472056296105486162e-01	-4.420842218153060443e-01	0.000000000000000000e+00
6.472056296105486162e-01	-4.420842218153060443e-01	0.000000000000000000e+00
6.472056296105486162e-01	-4.420842218153060443e-01	0.000000000000000000e+00
8.352471665926599620e-01	-6.419821285707452141e-01	0.000000000000000000e+00
8.352471665926599620e-01	-6.397247594901990242e-01	0.000000000000000000e+00
8.352471665926599620e-01	-6.397247594901990242e-01	0.000000000000000000e+00
8.352471665926599620e-01	-6.397247594901990242e-01	0.000000000000000000e+00
8.352471665926599620e-01	-6.397247594901990242e-01	0.000000000000000000e+00
8.352471665926599620e-01	-6.397247594901990242e-01	0.000000000000000000e+00
8.352471665926599620e-01	-6.363292736735016719e-01	0.000000000000000000e+00
8.352471665926599620e-01	-6.363292736735016719e-01	0.000000000000000000e+00
8.352471665926599620e-01	-6.363292736735016719e-01	0.000000000000000000e+00
8.352471665926599620e-01	-6.363292736735016719e-01	0.000000000000000000e+00
8.352471665926599620e-01	-6.214515047530202452e-01	0.000000000000000000e+00
8.352471665926599620e-01	-6.214515047530202452e-01	0.000000000000000000e+00
8.352471665926599620e-01	-6.511901431464329759e-01	0.000000000000000000e+00
8.352471665926599620e-01	-6.511901431464329759e-01	0.000000000000000000e+00
8.352471665926599620e-01	-6.511901431464329759e-01	0.000000000000000000e+00
8.352471665926599620e-01	-6.511901431464329759e-01	0.000000000000000000e+00
8.352471665926599620e-01	-6.511901431464329759e-01	0.000000000000000000e+00
8.439104712919642814e-01	-7.150316141896118083e-01	0.000000000000000000e+00
8.439104712919642814e-01	-7.150316141896118083e-01	0.000000000000000000e+00
8.439104712919642814e-01	-7.150316141896118083e-01	0.000000000000000000e+00
8.439104712919642814e-01	-7.150316141896118083e-01	0.000000000000000000e+00
8.439104712919642814e-01	-7.150316141896118083e-01	0.000000000000000000e+00
8.439104712919642814e-01	-7.150316141896118083e-01	0.000000000000000000e+00
8.439104712919642814e-01	-7.175971084799689370e-01	0.000000000000000000e+00
8.439104712919642814e-01	-7.182543741620789346e-01	0.000000000000000000e+00
8.439104712919642814e-01	-7.182543741620789346e-01	0.000000000000000000e+00
