0.000000000000000000e+00	1.013127775780828577e+00	0.000000000000000000e+00
1.517658320721852749e-02	8.698417899452837165e-01	0.000000000000000000e+00
3.173444335268375827e-02	7.952068764048871863e-01	0.000000000000000000e+00
4.626958963976546962e-02	7.389441199317409170e-01	0.000000000000000000e+00
5.697742507496714875e-02	7.056865297672524351e-01	0.000000000000000000e+00
7.621587364420609467e-02	6.721324096057184061e-01	0.000000000000000000e+00
8.402542272502497300e-02	6.697078751392859797e-01	0.000000000000000000e+00
8.402542272502497300e-02	6.697078751392859797e-01	0.000000000000000000e+00
8.402542272502497300e-02	6.697078751392859797e-01	0.000000000000000000e+00
8.402542272502497300e-02	6.697078751392859797e-01	0.000000000000000000e+00
8.402542272502497300e-02	6.697078751392859797e-01	0.000000000000000000e+00
8.402542272502497300e-02	6.697078751392859797e-01	0.000000000000000000e+00
8.402542272502497300e-02	6.697078751392859797e-01	0.000000000000000000e+00
1.971843125617332437e-01	5.733652766644433685e-01	0.000000000000000000e+00
1.971843125617332437e-01	5.733652766644433685e-01	0.000000000000000000e+00
2.205526071040337099e-01	3.976541562024860088e-01	0.000000000000000000e+00
2.205526071040337099e-01	3.976541562024860088e-01	0.000000000000000000e+00
2.205526071040337099e-01	3.976541562024860088e-01	0.000000000000000000e+00
2.205526071040337099e-01	3.976541562024860088e-01	0.000000000000000000e+00
2.205526071040337099e-01	3.976541562024860088e-01	0.000000000000000000e+00
2.205526071040337099e-01	3.976541562024860088e-01	0.000000000000000000e+00
2.205526071040337099e-01	3.976541562024860088e-01	0.000000000000000000e+00
2.205526071040337099e-01	3.976541562024860088e-01	0.000000000000000000e+00
2.205526071040337099e-01	3.976541562024860088e-01	0.000000000000000000e+00
2.205526071040337099e-01	3.976541562024860088e-01	0.000000000000000000e+00
2.205526071040337099e-01	3.976541562024860088e-01	0.000000000000000000e+00
4.002455871198813409e-01	3.689133781650832944e-01	0.000000000000000000e+00
4.029928736677778067e-01	3.307166634513443171e-01	0.000000000000000000e+00
4.160760562998238044e-01	1.671378735282270656e-01	0.000000000000000000e+00
4.160760562998238044e-01	1.671378735282270656e-01	0.000000000000000000e+00
4.160760562998238044e-01	1.671378735282270656e-01	0.000000000000000000e+00
4.160760562998238044e-01	1.582526318509992203e-01	0.000000000000000000e+00
4.226127270408088221e-01	8.081072376404122015e-02	0.000000000000000000e+00
4.226127270408088221e-01	8.081072376404122015e-02	0.000000000000000000e+00
4.236016560194170721e-01	6.306477514431146902e-02	0.000000000000000000e+00
4.263733311628751799e-01	3.281274474988943313e-02	0.000000000000000000e+00
4.290147527713289444e-01	8.736772201914396949e-03	0.000000000000000000e+00
4.402565459020507110e-01	-6.988040154309797802e-02	0.000000000000000000e+00
4.402565459020507110e-01	-6.988040154309797802e-02	0.000000000000000000e+00
4.402565459020507110e-01	-7.554310888217026509e-02	0.000000000000000000e+00
4.492638499957409826e-01	-1.095649163233219092e-01	0.000000000000000000e+00
4.492638499957409826e-01	-1.118721234773751572e-01	0.000000000000000000e+00
4.526759560062445509e-01	-1.238892608819474606e-01	0.000000000000000000e+00
4.526759560062445509e-01	-1.238892608819474606e-01	0.000000000000000000e+00
4.526759560062445509e-01	-1.238892608819474606e-01	0.000000000000000000e+00
4.526759560062445509e-01	-1.238892608819474606e-01	0.000000000000000000e+00
4.526759560062445509e-01	-1.238892608819474606e-01	0.000000000000000000e+00
4.526759560062445509e-01	-1.238892608819474606e-01	0.000000000000000000e+00
4.526759560062445509e-01	-1.238892608819474606e-01	0.000000000000000000e+00
4.526759560062445509e-01	-1.238892608819474606e-01	0.000000000000000000e+00
6.251936157303169539e-01	-2.170951996881763379e-01	0.000000000000000000e+00
6.251936157303169539e-01	-2.170951996881763379e-01	0.000000000000000000e+00
6.251936157303169539e-01	-2.247448786524175179e-01	0.000000000000000000e+00
6.251936157303169539e-01	-2.247448786524175179e-01	0.000000000000000000e+00
6.251936157303169539e-01	-2.344122034628298157e-01	0.000000000000000000e+00
6.401341155754725065e-01	-3.945430566851398924e-01	0.000000000000000000e+00
6.401341155754725065e-01	-3.945430566851398924e-01	0.000000000000000000e+00
6.401341155754725065e-01	-3.983883115013280851e-01	0.000000000000000000e+00
6.401341155754725065e-01	-3.983883115013280851e-01	0.000000000000000000e+00
6.401341155754725065e-01	-3.943785754985908998e-01	0.000000000000000000e+00
6.401341155754725065e-01	-3.943785754985908998e-01	0.000000000000000000e+00
6.401341155754725065e-01	-3.943785754985908998e-01	0.000000000000000000e+00
6.401341155754725065e-01	-3.943785754985908998e-01	0.000000000000000000e+00
6.401341155754725065e-01	-3.943785754985908998e-01	0.000000000000000000e+00
6.401341155754725065e-01	-4.008349266214062401e-01	0.000000000000000000e+00
6.514432816121092928e-01	-4.575895494443770750e-01	0.000000000000000000e+00
6.472056296105486162e-01	-4.492042387525689850e-01	0.000000000000000000e+00
6.472056296105486162e-01	-4.492042387525689850e-01	0.000000000000000000e+00
6.514432816121092928e-01	-4.575895494443770750e-01	0.000000000000000000e+00
6.514432816121092928e-01	-4.578941091102229910e-01	0.000000000000000000e+00
6.514432816121092928e-01	-4.578941091102229910e-01	0.000000000000000000e+00
6.514432816121092928e-01	-4.578941091102229910e-01	0.000000000000000000e+00
6.514432816121092928e-01	-4.578941091102229910e-01	0.000000000000000000e+00
6.514432816121092928e-01	-4.578941091102229910e-01	0.000000000000000000e+00
8.352471665926599620e-01	-6.420348455770419349e-01	0.000000000000000000e+00
8.352471665926599620e-01	-6.420348455770419349e-01	0.000000000000000000e+00
8.352471665926599620e-01	-6.420348455770419349e-01	0.000000000000000000e+00
8.352471665926599620e-01	-6.420348455770419349e-01	0.000000000000000000e+00
8.352471665926599620e-01	-6.420348455770419349e-01	0.000000000000000000e+00
8.352471665926599620e-01	-6.420348455770419349e-01	0.000000000000000000e+00
8.352471665926599620e-01	-6.208350193491368740e-01	0.000000000000000000e+00
8.352471665926599620e-01	-6.208350193491368740e-01	0.000000000000000000e+00
8.352471665926599620e-01	-6.208350193491368740e-01	0.000000000000000000e+00
8.352471665926599620e-01	-6.208350193491368740e-01	0.000000000000000000e+00
8.352471665926599620e-01	-6.123408812157599135e-01	0.000000000000000000e+00
8.352471665926599620e-01	-6.123408812157599135e-01	0.000000000000000000e+00
8.352471665926599620e-01	-6.295909192025263001e-01	0.000000000000000000e+00
8.352471665926599620e-01	-6.308356869433541236e-01	0.000000000000000000e+00
8.352471665926599620e-01	-6.504903691940615573e-01	0.000000000000000000e+00
8.352471665926599620e-01	-6.544571265602789900e-01	0.000000000000000000e+00
8.410162527995311832e-01	-7.060265038761874834e-01	0.000000000000000000e+00
8.410162527995311832e-01	-7.060265038761874834e-01	0.000000000000000000e+00
8.410162527995311832e-01	-7.060265038761874834e-01	0.000000000000000000e+00
8.410162527995311832e-01	-7.060265038761874834e-01	0.000000000000000000e+00
8.464291919600384073e-01	-7.560272629195473604e-01	0.000000000000000000e+00
8.464291919600384073e-01	-7.560272629195473604e-01	0.000000000000000000e+00
8.464291919600384073e-01	-7.560272629195473604e-01	0.000000000000000000e+00
8.464291919600384073e-01	-7.560272629195473604e-01	0.000000000000000000e+00
8.464291919600384073e-01	-7.560272629195473604e-01	0.000000000000000000e+00
8.464291919600384073e-01	-7.560272629195473604e-01	0.000000000000000000e+00
