0.000000000000000000e+00	1.013127775780828577e+00	0.000000000000000000e+00
1.517658320721852749e-02	8.698417899452837165e-01	0.000000000000000000e+00
3.173444335268375827e-02	7.952068764048871863e-01	0.000000000000000000e+00
4.626958963976546962e-02	7.389441199317409170e-01	0.000000000000000000e+00
5.697742507496714875e-02	7.056865297672524351e-01	0.000000000000000000e+00
7.621587364420609467e-02	6.721324096057184061e-01	0.000000000000000000e+00
8.402542272502497300e-02	6.697078751392859797e-01	0.000000000000000000e+00
8.402542272502497300e-02	6.697078751392859797e-01	0.000000000000000000e+00
8.402542272502497300e-02	6.697078751392859797e-01	0.000000000000000000e+00
8.402542272502497300e-02	6.697078751392859797e-01	0.000000000000000000e+00
8.402542272502497300e-02	6.697078751392859797e-01	0.000000000000000000e+00
8.402542272502497300e-02	6.697078751392859797e-01	0.000000000000000000e+00
8.402542272502497300e-02	6.697078751392859797e-01	0.000000000000000000e+00
1.971843125617332437e-01	5.733652766644433685e-01	0.000000000000000000e+00
1.971843125617332437e-01	5.733652766644433685e-01	0.000000000000000000e+00
2.205526071040337099e-01	3.989147265080307814e-01	0.000000000000000000e+00
2.205526071040337099e-01	3.976541562024860088e-01	0.000000000000000000e+00
2.286500477327324532e-01	3.427089708273668434e-01	0.000000000000000000e+00
2.286500477327324532e-01	3.427089708273668434e-01	0.000000000000000000e+00
2.286500477327324532e-01	3.427089708273668434e-01	0.000000000000000000e+00
2.286500477327324532e-01	3.427089708273668434e-01	0.000000000000000000e+00
2.286500477327324532e-01	3.427089708273668434e-01	0.000000000000000000e+00
2.286500477327324532e-01	3.427089708273668434e-01	0.000000000000000000e+00
2.286500477327324532e-01	3.427089708273668434e-01	0.000000000000000000e+00
2.286500477327324532e-01	3.436039438070674912e-01	0.000000000000000000e+00
2.286500477327324532e-01	3.436039438070674912e-01	0.000000000000000000e+00
2.286500477327324532e-01	3.436039438070674912e-01	0.000000000000000000e+00
4.029928736677778067e-01	3.273476460496710927e-01	0.000000000000000000e+00
4.160760562998238044e-01	1.787507770986312972e-01	0.000000000000000000e+00
4.160760562998238044e-01	1.787507770986312972e-01	0.000000000000000000e+00
4.160760562998238044e-01	1.787507770986312972e-01	0.000000000000000000e+00
4.160760562998238044e-01	1.544405132682892257e-01	0.000000000000000000e+00
4.226127270408088221e-01	7.440065341385720954e-02	0.000000000000000000e+00
4.226127270408088221e-01	7.440065341385720954e-02	0.000000000000000000e+00
4.263733311628751799e-01	3.360495961844907342e-02	0.000000000000000000e+00
4.290147527713289444e-01	9.892085869667567241e-03	0.000000000000000000e+00
4.290147527713289444e-01	6.688860987432568468e-03	0.000000000000000000e+00
4.402565459020507110e-01	-8.126275778931074667e-02	0.000000000000000000e+00
4.402565459020507110e-01	-8.126275778931074667e-02	0.000000000000000000e+00
4.402565459020507110e-01	-8.126275778931074667e-02	0.000000000000000000e+00
4.492638499957409826e-01	-1.173782358400453085e-01	0.000000000000000000e+00
4.492638499957409826e-01	-1.194151857081356405e-01	0.000000000000000000e+00
4.526759560062445509e-01	-1.238892608819474606e-01	0.000000000000000000e+00
4.526759560062445509e-01	-1.238892608819474606e-01	0.000000000000000000e+00
4.526759560062445509e-01	-1.238892608819474606e-01	0.000000000000000000e+00
4.526759560062445509e-01	-1.238892608819474606e-01	0.000000000000000000e+00
4.526759560062445509e-01	-1.238892608819474606e-01	0.000000000000000000e+00
4.526759560062445509e-01	-1.238892608819474606e-01	0.000000000000000000e+00
4.526759560062445509e-01	-1.238892608819474606e-01	0.000000000000000000e+00
4.526759560062445509e-01	-1.238892608819474606e-01	0.000000000000000000e+00
6.251936157303169539e-01	-2.126981164311821382e-01	0.000000000000000000e+00
6.251936157303169539e-01	-2.126981164311821382e-01	0.000000000000000000e+00
6.251936157303169539e-01	-2.126981164311821382e-01	0.000000000000000000e+00
6.251936157303169539e-01	-2.352596539173702483e-01	0.000000000000000000e+00
6.251936157303169539e-01	-2.354513048463152680e-01	0.000000000000000000e+00
6.401341155754725065e-01	-3.940272865923066248e-01	0.000000000000000000e+00
6.401341155754725065e-01	-3.940272865923066248e-01	0.000000000000000000e+00
6.401341155754725065e-01	-3.940272865923066248e-01	0.000000000000000000e+00
6.401341155754725065e-01	-3.940272865923066248e-01	0.000000000000000000e+00
6.401341155754725065e-01	-3.940272865923066248e-01	0.000000000000000000e+00
6.401341155754725065e-01	-3.940272865923066248e-01	0.000000000000000000e+00
6.401341155754725065e-01	-3.940272865923066248e-01	0.000000000000000000e+00
6.401341155754725065e-01	-4.048871559924446251e-01	0.000000000000000000e+00
6.401341155754725065e-01	-4.048871559924446251e-01	0.000000000000000000e+00
6.401341155754725065e-01	-4.097155889497672288e-01	0.000000000000000000e+00
6.472056296105486162e-01	-4.443934807617567762e-01	0.000000000000000000e+00
6.472056296105486162e-01	-4.443934807617567762e-01	0.000000000000000000e+00
6.472056296105486162e-01	-4.492042387525689850e-01	0.000000000000000000e+00
6.514432816121092928e-01	-4.578941091102229910e-01	0.000000000000000000e+00
6.514432816121092928e-01	-4.578941091102229910e-01	0.000000000000000000e+00
6.514432816121092928e-01	-4.578941091102229910e-01	0.000000000000000000e+00
6.514432816121092928e-01	-4.578941091102229910e-01	0.000000000000000000e+00
6.514432816121092928e-01	-4.578941091102229910e-01	0.000000000000000000e+00
8.352471665926599620e-01	-6.204485204457206304e-01	0.000000000000000000e+00
8.352471665926599620e-01	-6.204485204457206304e-01	0.000000000000000000e+00
8.352471665926599620e-01	-6.204485204457206304e-01	0.000000000000000000e+00
8.352471665926599620e-01	-6.204485204457206304e-01	0.000000000000000000e+00
8.352471665926599620e-01	-6.204485204457206304e-01	0.000000000000000000e+00
8.352471665926599620e-01	-6.204485204457206304e-01	0.000000000000000000e+00
8.352471665926599620e-01	-6.204485204457206304e-01	0.000000000000000000e+00
8.352471665926599620e-01	-6.197474935642585114e-01	0.000000000000000000e+00
8.352471665926599620e-01	-6.197474935642585114e-01	0.000000000000000000e+00
8.352471665926599620e-01	-6.197474935642585114e-01	0.000000000000000000e+00
8.352471665926599620e-01	-6.197474935642585114e-01	0.000000000000000000e+00
8.352471665926599620e-01	-6.197474935642585114e-01	0.000000000000000000e+00
8.352471665926599620e-01	-6.197474935642585114e-01	0.000000000000000000e+00
8.352471665926599620e-01	-6.343434078870142656e-01	0.000000000000000000e+00
8.352471665926599620e-01	-6.500456898453897958e-01	0.000000000000000000e+00
8.352471665926599620e-01	-6.558720186518963713e-01	0.000000000000000000e+00
8.410162527995311832e-01	-6.810530092771599486e-01	0.000000000000000000e+00
8.410162527995311832e-01	-6.810530092771599486e-01	0.000000000000000000e+00
8.410162527995311832e-01	-7.042348550329294854e-01	0.000000000000000000e+00
8.410162527995311832e-01	-7.042348550329294854e-01	0.000000000000000000e+00
8.410162527995311832e-01	-7.042348550329294854e-01	0.000000000000000000e+00
8.410162527995311832e-01	-7.120021711506543394e-01	0.000000000000000000e+00
8.464291919600384073e-01	-7.554413121860188429e-01	0.000000000000000000e+00
8.464291919600384073e-01	-7.554413121860188429e-01	0.000000000000000000e+00
8.464291919600384073e-01	-7.554413121860188429e-01	0.000000000000000000e+00
8.464291919600384073e-01	-7.554413121860188429e-01	0.000000000000000000e+00
8.464291919600384073e-01	-7.560272629195473604e-01	0.000000000000000000e+00
