0.000000000000000000e+00	2.488681800243928599e+00	0.000000000000000000e+00
0.000000000000000000e+00	2.196389745932566306e+00	0.000000000000000000e+00
3.677698388075197056e-02	1.811989583923734992e+00	0.000000000000000000e+00
5.315967389982308167e-02	1.421189075384664546e+00	0.000000000000000000e+00
5.315967389982308167e-02	1.421189075384664546e+00	0.000000000000000000e+00
5.964007107366833121e-02	1.376723851729543924e+00	0.000000000000000000e+00
5.964007107366833121e-02	1.376723851729543924e+00	0.000000000000000000e+00
5.964007107366833121e-02	1.376723851729543924e+00	0.000000000000000000e+00
5.964007107366833121e-02	1.376723851729543924e+00	0.000000000000000000e+00
5.964007107366833121e-02	1.376723851729543924e+00	0.000000000000000000e+00
5.964007107366833121e-02	1.376723851729543924e+00	0.000000000000000000e+00
5.964007107366833121e-02	1.376723851729543924e+00	0.000000000000000000e+00
5.964007107366833121e-02	1.376723851729543924e+00	0.000000000000000000e+00
2.027314357618996143e-01	1.144853384388933693e+00	0.000000000000000000e+00
2.027314357618996143e-01	1.144853384388933693e+00	0.000000000000000000e+00
2.027314357618996143e-01	1.144853384388933693e+00	0.000000000000000000e+00
2.027314357618996143e-01	1.144853384388933693e+00	0.000000000000000000e+00
2.027314357618996143e-01	1.144853384388933693e+00	0.000000000000000000e+00
2.426622797837499901e-01	8.843810474449393944e-01	0.000000000000000000e+00
2.426622797837499901e-01	8.843810474449393944e-01	0.000000000000000000e+00
2.426622797837499901e-01	8.843810474449393944e-01	0.000000000000000000e+00
2.426622797837499901e-01	8.843810474449393944e-01	0.000000000000000000e+00
2.426622797837499901e-01	8.843810474449393944e-01	0.000000000000000000e+00
2.426622797837499901e-01	8.843810474449393944e-01	0.000000000000000000e+00
2.426622797837499901e-01	8.843810474449393944e-01	0.000000000000000000e+00
2.426622797837499901e-01	9.160723345143279017e-01	0.000000000000000000e+00
2.426622797837499901e-01	9.160723345143279017e-01	0.000000000000000000e+00
2.426622797837499901e-01	9.160723345143279017e-01	0.000000000000000000e+00
2.426622797837499901e-01	9.160723345143279017e-01	0.000000000000000000e+00
2.426622797837499901e-01	9.160723345143279017e-01	0.000000000000000000e+00
2.426622797837499901e-01	9.413408818239625830e-01	0.000000000000000000e+00
4.231266238843469085e-01	8.855317178371211462e-01	0.000000000000000000e+00
4.231266238843469085e-01	8.855317178371211462e-01	0.000000000000000000e+00
4.231266238843469085e-01	8.652685761797627162e-01	0.000000000000000000e+00
4.360502277420744144e-01	7.449951743082281475e-01	0.000000000000000000e+00
4.360502277420744144e-01	7.449951743082281475e-01	0.000000000000000000e+00
4.360502277420744144e-01	7.449951743082281475e-01	0.000000000000000000e+00
4.360502277420744144e-01	7.383902340739402215e-01	0.000000000000000000e+00
4.365643138840757387e-01	5.767199588469473781e-01	0.000000000000000000e+00
4.365643138840757387e-01	5.767199588469473781e-01	0.000000000000000000e+00
4.365643138840757387e-01	5.767199588469473781e-01	0.000000000000000000e+00
4.365643138840757387e-01	5.767199588469473781e-01	0.000000000000000000e+00
4.365643138840757387e-01	5.767199588469473781e-01	0.000000000000000000e+00
4.365643138840757387e-01	5.767199588469473781e-01	0.000000000000000000e+00
4.376267334599311387e-01	5.452927027274839800e-01	0.000000000000000000e+00
4.376267334599311387e-01	5.337730265343526570e-01	0.000000000000000000e+00
4.392203628237142388e-01	5.315642927845996013e-01	0.000000000000000000e+00
4.392203628237142388e-01	5.315642927845996013e-01	0.000000000000000000e+00
4.392203628237142388e-01	5.315642927845996013e-01	0.000000000000000000e+00
4.392203628237142388e-01	5.315642927845996013e-01	0.000000000000000000e+00
4.392203628237142388e-01	5.315642927845996013e-01	0.000000000000000000e+00
4.392203628237142388e-01	5.315642927845996013e-01	0.000000000000000000e+00
4.392203628237142388e-01	5.315642927845996013e-01	0.000000000000000000e+00
4.392203628237142388e-01	5.315642927845996013e-01	0.000000000000000000e+00
4.392203628237142388e-01	5.315642927845996013e-01	0.000000000000000000e+00
6.354362782368877527e-01	4.465069859819442710e-01	0.000000000000000000e+00
6.354362782368877527e-01	4.465069859819442710e-01	0.000000000000000000e+00
6.354362782368877527e-01	4.465069859819442710e-01	0.000000000000000000e+00
6.354362782368877527e-01	4.465069859819442710e-01	0.000000000000000000e+00
6.354362782368877527e-01	3.478603106566256487e-01	0.000000000000000000e+00
6.354362782368877527e-01	3.478603106566256487e-01	0.000000000000000000e+00
6.354362782368877527e-01	3.478603106566256487e-01	0.000000000000000000e+00
6.354362782368877527e-01	3.478603106566256487e-01	0.000000000000000000e+00
6.354362782368877527e-01	3.478603106566256487e-01	0.000000000000000000e+00
6.354362782368877527e-01	3.478603106566256487e-01	0.000000000000000000e+00
6.354362782368877527e-01	2.523167866685490646e-01	0.000000000000000000e+00
6.354362782368877527e-01	2.523167866685490646e-01	0.000000000000000000e+00
6.354362782368877527e-01	2.523167866685490646e-01	0.000000000000000000e+00
6.354362782368877527e-01	2.523167866685490646e-01	0.000000000000000000e+00
6.354362782368877527e-01	2.523167866685490646e-01	0.000000000000000000e+00
6.354362782368877527e-01	2.523167866685490646e-01	0.000000000000000000e+00
6.354362782368877527e-01	2.523167866685490646e-01	0.000000000000000000e+00
6.354362782368877527e-01	2.361053317921648353e-01	0.000000000000000000e+00
6.471483003955150748e-01	1.658208611827957923e-01	0.000000000000000000e+00
6.471483003955150748e-01	1.658208611827957923e-01	0.000000000000000000e+00
6.471483003955150748e-01	1.658208611827957923e-01	0.000000000000000000e+00
6.471483003955150748e-01	1.658208611827957923e-01	0.000000000000000000e+00
6.471483003955150748e-01	1.658208611827957923e-01	0.000000000000000000e+00
6.471483003955150748e-01	1.658208611827957923e-01	0.000000000000000000e+00
6.471483003955150748e-01	1.658208611827957923e-01	0.000000000000000000e+00
6.471483003955150748e-01	1.658208611827957923e-01	0.000000000000000000e+00
6.471483003955150748e-01	1.658208611827957923e-01	0.000000000000000000e+00
8.424803335585622222e-01	7.892910103179892611e-02	0.000000000000000000e+00
8.424803335585622222e-01	7.892910103179892611e-02	0.000000000000000000e+00
8.424803335585622222e-01	7.892910103179892611e-02	0.000000000000000000e+00
8.424803335585622222e-01	5.211696588085679149e-02	0.000000000000000000e+00
8.424803335585622222e-01	5.211696588085679149e-02	0.000000000000000000e+00
8.424803335585622222e-01	5.211696588085679149e-02	0.000000000000000000e+00
8.424803335585622222e-01	5.211696588085679149e-02	0.000000000000000000e+00
8.424803335585622222e-01	5.211696588085679149e-02	0.000000000000000000e+00
8.424803335585622222e-01	5.211696588085679149e-02	0.000000000000000000e+00
8.424803335585622222e-01	5.211696588085679149e-02	0.000000000000000000e+00
8.424803335585622222e-01	5.211696588085679149e-02	0.000000000000000000e+00
8.424803335585622222e-01	5.211696588085679149e-02	0.000000000000000000e+00
8.424803335585622222e-01	5.211696588085679149e-02	0.000000000000000000e+00
8.424803335585622222e-01	3.260351148376271907e-02	0.000000000000000000e+00
8.424803335585622222e-01	3.260351148376271907e-02	0.000000000000000000e+00
8.424803335585622222e-01	2.759567172327046305e-02	0.000000000000000000e+00
8.424803335585622222e-01	2.759567172327046305e-02	0.000000000000000000e+00
8.424803335585622222e-01	2.759567172327046305e-02	0.000000000000000000e+00
