0.000000000000000000e+00	2.128898447113238390e+00	0.000000000000000000e+00
0.000000000000000000e+00	1.849244860334689822e+00	0.000000000000000000e+00
3.577408292009953694e-02	1.499596012079852825e+00	0.000000000000000000e+00
5.315967389982308167e-02	1.383429003711552197e+00	0.000000000000000000e+00
5.315967389982308167e-02	1.369901318865748507e+00	0.000000000000000000e+00
7.442052840646229406e-02	1.197222258710623155e+00	0.000000000000000000e+00
7.442052840646229406e-02	1.197222258710623155e+00	0.000000000000000000e+00
7.442052840646229406e-02	1.197222258710623155e+00	0.000000000000000000e+00
7.442052840646229406e-02	1.197222258710623155e+00	0.000000000000000000e+00
7.442052840646229406e-02	1.197222258710623155e+00	0.000000000000000000e+00
7.442052840646229406e-02	1.197222258710623155e+00	0.000000000000000000e+00
7.442052840646229406e-02	1.197222258710623155e+00	0.000000000000000000e+00
7.442052840646229406e-02	1.197222258710623155e+00	0.000000000000000000e+00
2.101216644282966062e-01	1.087491827039269721e+00	0.000000000000000000e+00
2.101216644282966062e-01	1.087491827039269721e+00	0.000000000000000000e+00
2.263919721060232981e-01	9.487053658097418518e-01	0.000000000000000000e+00
2.263919721060232981e-01	9.487053658097418518e-01	0.000000000000000000e+00
2.426622797837499901e-01	8.729914642883813691e-01	0.000000000000000000e+00
2.426622797837499901e-01	8.501934302948980227e-01	0.000000000000000000e+00
2.426622797837499901e-01	8.450909425130066488e-01	0.000000000000000000e+00
2.426622797837499901e-01	8.450909425130066488e-01	0.000000000000000000e+00
2.426622797837499901e-01	8.450909425130066488e-01	0.000000000000000000e+00
2.426622797837499901e-01	8.450909425130066488e-01	0.000000000000000000e+00
2.426622797837499901e-01	8.450909425130066488e-01	0.000000000000000000e+00
2.426622797837499901e-01	8.450909425130066488e-01	0.000000000000000000e+00
2.426622797837499901e-01	8.450909425130066488e-01	0.000000000000000000e+00
2.426622797837499901e-01	8.450909425130066488e-01	0.000000000000000000e+00
2.426622797837499901e-01	8.450909425130066488e-01	0.000000000000000000e+00
2.426622797837499901e-01	8.450909425130066488e-01	0.000000000000000000e+00
4.345722771793468775e-01	5.536195058684948433e-01	0.000000000000000000e+00
4.345722771793468775e-01	5.536195058684948433e-01	0.000000000000000000e+00
4.345722771793468775e-01	5.536195058684948433e-01	0.000000000000000000e+00
4.345722771793468775e-01	5.536195058684948433e-01	0.000000000000000000e+00
4.345722771793468775e-01	3.970121578201629697e-01	0.000000000000000000e+00
4.345722771793468775e-01	3.970121578201629697e-01	0.000000000000000000e+00
4.345722771793468775e-01	3.970121578201629697e-01	0.000000000000000000e+00
4.345722771793468775e-01	3.970121578201629697e-01	0.000000000000000000e+00
4.345722771793468775e-01	3.970121578201629697e-01	0.000000000000000000e+00
4.345722771793468775e-01	3.970121578201629697e-01	0.000000000000000000e+00
4.345722771793468775e-01	3.970121578201629697e-01	0.000000000000000000e+00
4.345722771793468775e-01	3.872856581251967190e-01	0.000000000000000000e+00
4.408697167392534033e-01	3.562432371880397963e-01	0.000000000000000000e+00
4.408697167392534033e-01	3.484271902547634858e-01	0.000000000000000000e+00
4.408697167392534033e-01	3.484271902547634858e-01	0.000000000000000000e+00
4.408697167392534033e-01	3.484271902547634858e-01	0.000000000000000000e+00
4.408697167392534033e-01	3.484271902547634858e-01	0.000000000000000000e+00
4.408697167392534033e-01	3.484271902547634858e-01	0.000000000000000000e+00
4.408697167392534033e-01	3.484271902547634858e-01	0.000000000000000000e+00
4.408697167392534033e-01	3.484271902547634858e-01	0.000000000000000000e+00
4.408697167392534033e-01	3.484271902547634858e-01	0.000000000000000000e+00
4.408697167392534033e-01	3.484271902547634858e-01	0.000000000000000000e+00
4.408697167392534033e-01	3.484271902547634858e-01	0.000000000000000000e+00
6.354362782368877527e-01	3.204792375113112990e-01	0.000000000000000000e+00
6.354362782368877527e-01	1.116277907128657571e-01	0.000000000000000000e+00
6.354362782368877527e-01	1.116277907128657571e-01	0.000000000000000000e+00
6.354362782368877527e-01	1.116277907128657571e-01	0.000000000000000000e+00
6.354362782368877527e-01	1.116277907128657571e-01	0.000000000000000000e+00
6.354362782368877527e-01	1.116277907128657571e-01	0.000000000000000000e+00
6.354362782368877527e-01	1.116277907128657571e-01	0.000000000000000000e+00
6.354362782368877527e-01	1.116277907128657571e-01	0.000000000000000000e+00
6.354362782368877527e-01	1.116277907128657571e-01	0.000000000000000000e+00
6.354362782368877527e-01	1.116277907128657571e-01	0.000000000000000000e+00
6.354362782368877527e-01	1.116277907128657571e-01	0.000000000000000000e+00
6.354362782368877527e-01	1.116277907128657571e-01	0.000000000000000000e+00
6.354362782368877527e-01	9.844262267737156902e-02	0.000000000000000000e+00
6.354362782368877527e-01	9.844262267737156902e-02	0.000000000000000000e+00
6.354362782368877527e-01	9.295914208113813249e-02	0.000000000000000000e+00
8.501793986433084926e-01	-1.082918237918874434e-02	0.000000000000000000e+00
8.501793986433084926e-01	-1.082918237918874434e-02	0.000000000000000000e+00
8.501793986433084926e-01	-1.082918237918874434e-02	0.000000000000000000e+00
8.501793986433084926e-01	-1.082918237918874434e-02	0.000000000000000000e+00
8.501793986433084926e-01	-1.082918237918874434e-02	0.000000000000000000e+00
8.501793986433084926e-01	-1.082918237918874434e-02	0.000000000000000000e+00
8.501793986433084926e-01	-1.082918237918874434e-02	0.000000000000000000e+00
8.501793986433084926e-01	-1.082918237918874434e-02	0.000000000000000000e+00
8.501793986433084926e-01	-1.082918237918874434e-02	0.000000000000000000e+00
8.501793986433084926e-01	-8.898052626669197829e-02	0.000000000000000000e+00
8.501793986433084926e-01	-8.898052626669197829e-02	0.000000000000000000e+00
8.501793986433084926e-01	-8.898052626669197829e-02	0.000000000000000000e+00
8.501793986433084926e-01	-8.898052626669197829e-02	0.000000000000000000e+00
8.501793986433084926e-01	-8.898052626669197829e-02	0.000000000000000000e+00
8.501793986433084926e-01	-8.898052626669197829e-02	0.000000000000000000e+00
8.501793986433084926e-01	-8.898052626669197829e-02	0.000000000000000000e+00
8.501793986433084926e-01	-8.898052626669197829e-02	0.000000000000000000e+00
8.501793986433084926e-01	-1.578397454140194889e-01	0.000000000000000000e+00
8.501793986433084926e-01	-1.578397454140194889e-01	0.000000000000000000e+00
8.501793986433084926e-01	-1.578397454140194889e-01	0.000000000000000000e+00
8.501793986433084926e-01	-1.578397454140194889e-01	0.000000000000000000e+00
8.501793986433084926e-01	-1.578397454140194889e-01	0.000000000000000000e+00
8.501793986433084926e-01	-1.578397454140194889e-01	0.000000000000000000e+00
8.501793986433084926e-01	-1.578397454140194889e-01	0.000000000000000000e+00
8.501793986433084926e-01	-1.578397454140194889e-01	0.000000000000000000e+00
8.501793986433084926e-01	-1.578397454140194889e-01	0.000000000000000000e+00
8.501793986433084926e-01	-1.578397454140194889e-01	0.000000000000000000e+00
8.501793986433084926e-01	-1.578397454140194889e-01	0.000000000000000000e+00
8.501793986433084926e-01	-1.578397454140194889e-01	0.000000000000000000e+00
8.501793986433084926e-01	-1.578397454140194889e-01	0.000000000000000000e+00
8.501793986433084926e-01	-1.578397454140194889e-01	0.000000000000000000e+00
8.501793986433084926e-01	-1.578397454140194889e-01	0.000000000000000000e+00
8.501793986433084926e-01	-1.578397454140194889e-01	0.000000000000000000e+00
