0.000000000000000000e+00	1.490734739722006097e+00	0.000000000000000000e+00
1.326103714477101791e-02	1.235227225284000641e+00	0.000000000000000000e+00
1.326103714477101791e-02	1.235227225284000641e+00	0.000000000000000000e+00
1.326103714477101791e-02	1.235227225284000641e+00	0.000000000000000000e+00
5.351755273553785580e-02	1.079947608866059117e+00	0.000000000000000000e+00
5.351755273553785580e-02	1.079947608866059117e+00	0.000000000000000000e+00
5.351755273553785580e-02	1.079947608866059117e+00	0.000000000000000000e+00
9.380585327915851035e-02	1.041258068231012190e+00	0.000000000000000000e+00
9.380585327915851035e-02	1.041258068231012190e+00	0.000000000000000000e+00
9.380585327915851035e-02	1.041258068231012190e+00	0.000000000000000000e+00
9.380585327915851035e-02	1.041258068231012190e+00	0.000000000000000000e+00
9.380585327915851035e-02	1.041258068231012190e+00	0.000000000000000000e+00
9.380585327915851035e-02	1.041258068231012190e+00	0.000000000000000000e+00
1.977522458605114331e-01	9.542627490781113719e-01	0.000000000000000000e+00
1.977522458605114331e-01	9.542627490781113719e-01	0.000000000000000000e+00
2.161626495586967123e-01	8.039424842671800686e-01	0.000000000000000000e+00
2.202072628221307116e-01	7.226272299981465475e-01	0.000000000000000000e+00
2.202072628221307116e-01	7.226272299981465475e-01	0.000000000000000000e+00
2.314347713029403508e-01	6.489966674136418145e-01	0.000000000000000000e+00
2.314347713029403508e-01	6.426567200484687437e-01	0.000000000000000000e+00
2.374057722345438992e-01	6.034723448536378765e-01	0.000000000000000000e+00
2.426622797837499901e-01	5.806295577528164387e-01	0.000000000000000000e+00
2.533200875649093131e-01	5.504702666217934359e-01	0.000000000000000000e+00
2.559483413395123863e-01	5.480828839220505122e-01	0.000000000000000000e+00
2.559483413395123863e-01	5.480828839220505122e-01	0.000000000000000000e+00
2.559483413395123863e-01	5.480828839220505122e-01	0.000000000000000000e+00
2.559483413395123863e-01	5.480828839220505122e-01	0.000000000000000000e+00
2.559483413395123863e-01	5.480828839220505122e-01	0.000000000000000000e+00
2.559483413395123863e-01	5.482193373809498560e-01	0.000000000000000000e+00
2.559483413395123863e-01	5.482193373809498560e-01	0.000000000000000000e+00
2.559483413395123863e-01	5.482193373809498560e-01	0.000000000000000000e+00
2.559483413395123863e-01	5.482193373809498560e-01	0.000000000000000000e+00
2.559483413395123863e-01	5.482193373809498560e-01	0.000000000000000000e+00
4.293296887508281090e-01	3.425516451832307796e-01	0.000000000000000000e+00
4.293296887508281090e-01	3.425516451832307796e-01	0.000000000000000000e+00
4.293296887508281090e-01	3.425516451832307796e-01	0.000000000000000000e+00
4.293296887508281090e-01	3.425516451832307796e-01	0.000000000000000000e+00
4.293296887508281090e-01	3.425516451832307796e-01	0.000000000000000000e+00
4.293296887508281090e-01	3.425516451832307796e-01	0.000000000000000000e+00
4.342406780816511214e-01	2.949795998604761715e-01	0.000000000000000000e+00
4.342406780816511214e-01	2.949795998604761715e-01	0.000000000000000000e+00
4.407810663252155758e-01	2.396598418257583629e-01	0.000000000000000000e+00
4.407810663252155758e-01	2.396598418257583629e-01	0.000000000000000000e+00
4.407810663252155758e-01	2.376222243429707282e-01	0.000000000000000000e+00
4.472751532746956360e-01	2.200124070641467644e-01	0.000000000000000000e+00
4.562478855366294272e-01	2.028429808243294441e-01	0.000000000000000000e+00
4.562478855366294272e-01	1.824921498960970223e-01	0.000000000000000000e+00
4.562478855366294272e-01	1.824921498960970223e-01	0.000000000000000000e+00
4.562478855366294272e-01	1.824921498960970223e-01	0.000000000000000000e+00
4.562478855366294272e-01	1.824921498960970223e-01	0.000000000000000000e+00
4.562478855366294272e-01	1.824921498960970223e-01	0.000000000000000000e+00
4.562478855366294272e-01	1.824921498960970223e-01	0.000000000000000000e+00
4.562478855366294272e-01	1.824921498960970223e-01	0.000000000000000000e+00
4.562478855366294272e-01	1.824921498960970223e-01	0.000000000000000000e+00
4.562478855366294272e-01	1.824921498960970223e-01	0.000000000000000000e+00
6.313019920315019462e-01	4.107840640759580220e-02	0.000000000000000000e+00
6.313019920315019462e-01	4.107840640759580220e-02	0.000000000000000000e+00
6.313019920315019462e-01	4.107840640759580220e-02	0.000000000000000000e+00
6.313019920315019462e-01	4.107840640759580220e-02	0.000000000000000000e+00
6.313019920315019462e-01	4.107840640759580220e-02	0.000000000000000000e+00
6.313019920315019462e-01	4.107840640759580220e-02	0.000000000000000000e+00
6.313019920315019462e-01	4.107840640759580220e-02	0.000000000000000000e+00
6.340410165425942601e-01	5.274034860734052969e-03	0.000000000000000000e+00
6.340410165425942601e-01	2.017928909468519674e-02	0.000000000000000000e+00
6.346490608947641388e-01	5.419095149175640232e-03	0.000000000000000000e+00
6.370416659494378964e-01	-1.642813932231952656e-02	0.000000000000000000e+00
6.423153771915132149e-01	-2.172318041258394089e-02	0.000000000000000000e+00
6.439505228838962037e-01	-2.941177636534395706e-02	0.000000000000000000e+00
6.526439405208583899e-01	-3.878965748111355694e-02	0.000000000000000000e+00
6.526439405208583899e-01	-3.878965748111355694e-02	0.000000000000000000e+00
6.526439405208583899e-01	-3.878965748111355694e-02	0.000000000000000000e+00
6.526439405208583899e-01	-3.878965748111355694e-02	0.000000000000000000e+00
6.526439405208583899e-01	-3.878965748111355694e-02	0.000000000000000000e+00
6.526439405208583899e-01	-3.878965748111355694e-02	0.000000000000000000e+00
8.501793986433084926e-01	-1.443233894464267808e-01	0.000000000000000000e+00
8.501793986433084926e-01	-1.443233894464267808e-01	0.000000000000000000e+00
8.501793986433084926e-01	-1.443233894464267808e-01	0.000000000000000000e+00
8.501793986433084926e-01	-1.443233894464267808e-01	0.000000000000000000e+00
8.501793986433084926e-01	-1.443233894464267808e-01	0.000000000000000000e+00
8.501793986433084926e-01	-1.443233894464267808e-01	0.000000000000000000e+00
8.501793986433084926e-01	-1.443233894464267808e-01	0.000000000000000000e+00
8.501793986433084926e-01	-1.911612874784685834e-01	0.000000000000000000e+00
8.501793986433084926e-01	-1.911612874784685834e-01	0.000000000000000000e+00
8.501793986433084926e-01	-2.977842272475555441e-01	0.000000000000000000e+00
8.501793986433084926e-01	-2.977842272475555441e-01	0.000000000000000000e+00
8.501793986433084926e-01	-2.977842272475555441e-01	0.000000000000000000e+00
8.501793986433084926e-01	-2.977842272475555441e-01	0.000000000000000000e+00
8.501793986433084926e-01	-2.977842272475555441e-01	0.000000000000000000e+00
8.501793986433084926e-01	-2.977842272475555441e-01	0.000000000000000000e+00
8.501793986433084926e-01	-2.977842272475555441e-01	0.000000000000000000e+00
8.501793986433084926e-01	-2.977842272475555441e-01	0.000000000000000000e+00
8.501793986433084926e-01	-2.977842272475555441e-01	0.000000000000000000e+00
8.501793986433084926e-01	-2.977842272475555441e-01	0.000000000000000000e+00
8.501793986433084926e-01	-2.977842272475555441e-01	0.000000000000000000e+00
8.501793986433084926e-01	-2.977842272475555441e-01	0.000000000000000000e+00
8.501793986433084926e-01	-3.111145297314280578e-01	0.000000000000000000e+00
8.501793986433084926e-01	-3.278975451154037546e-01	0.000000000000000000e+00
8.501793986433084926e-01	-3.278975451154037546e-01	0.000000000000000000e+00
8.501793986433084926e-01	-3.306904270990092543e-01	0.000000000000000000e+00
8.501793986433084926e-01	-3.278975451154037546e-01	0.000000000000000000e+00
