0.000000000000000000e+00	1.309341560698783269e+00	0.000000000000000000e+00
1.326103714477101791e-02	1.235227225284000641e+00	0.000000000000000000e+00
3.338929494015444033e-02	1.109148007926924917e+00	0.000000000000000000e+00
3.338929494015444033e-02	1.109148007926924917e+00	0.000000000000000000e+00
5.351755273553785580e-02	1.067606068578149658e+00	0.000000000000000000e+00
6.378343935446409430e-02	9.479922679449929168e-01	0.000000000000000000e+00
6.378343935446409430e-02	9.479922679449929168e-01	0.000000000000000000e+00
6.378343935446409430e-02	9.479922679449929168e-01	0.000000000000000000e+00
6.378343935446409430e-02	9.479922679449929168e-01	0.000000000000000000e+00
6.378343935446409430e-02	9.479922679449929168e-01	0.000000000000000000e+00
6.378343935446409430e-02	9.479922679449929168e-01	0.000000000000000000e+00
6.378343935446409430e-02	9.479922679449929168e-01	0.000000000000000000e+00
6.378343935446409430e-02	9.479922679449929168e-01	0.000000000000000000e+00
1.977522458605114331e-01	8.414557287776325278e-01	0.000000000000000000e+00
2.110297062492335896e-01	7.520678242568720195e-01	0.000000000000000000e+00
2.110297062492335896e-01	7.483198604040554036e-01	0.000000000000000000e+00
2.261962078743302851e-01	6.221794065465861001e-01	0.000000000000000000e+00
2.261962078743302851e-01	6.221794065465861001e-01	0.000000000000000000e+00
2.494463795831266262e-01	4.688846619598316390e-01	0.000000000000000000e+00
2.473179496104181974e-01	5.382300787803475650e-01	0.000000000000000000e+00
2.494463795831266262e-01	4.688846619598316390e-01	0.000000000000000000e+00
2.494463795831266262e-01	4.688846619598316390e-01	0.000000000000000000e+00
2.494463795831266262e-01	4.688846619598316390e-01	0.000000000000000000e+00
2.494463795831266262e-01	4.688846619598316390e-01	0.000000000000000000e+00
2.494463795831266262e-01	4.688846619598316390e-01	0.000000000000000000e+00
2.494463795831266262e-01	4.688846619598316390e-01	0.000000000000000000e+00
2.494463795831266262e-01	4.688846619598316390e-01	0.000000000000000000e+00
2.494463795831266262e-01	4.688846619598316390e-01	0.000000000000000000e+00
2.494463795831266262e-01	4.688846619598316390e-01	0.000000000000000000e+00
2.494463795831266262e-01	4.688846619598316390e-01	0.000000000000000000e+00
2.494463795831266262e-01	4.688846619598316390e-01	0.000000000000000000e+00
4.362316752833836908e-01	2.600681619443102055e-01	0.000000000000000000e+00
4.362316752833836908e-01	2.600681619443102055e-01	0.000000000000000000e+00
4.362316752833836908e-01	2.600681619443102055e-01	0.000000000000000000e+00
4.293296887508281090e-01	2.994432684974289716e-01	0.000000000000000000e+00
4.362316752833836908e-01	2.600681619443102055e-01	0.000000000000000000e+00
4.362316752833836908e-01	2.374380672801641168e-01	0.000000000000000000e+00
4.362316752833836908e-01	1.919658642933396442e-01	0.000000000000000000e+00
4.362316752833836908e-01	1.919658642933396442e-01	0.000000000000000000e+00
4.486088991519414648e-01	1.275378818096547795e-01	0.000000000000000000e+00
4.486088991519414648e-01	1.275378818096547795e-01	0.000000000000000000e+00
4.486088991519414648e-01	9.297538599616415878e-02	0.000000000000000000e+00
4.486088991519414648e-01	9.297538599616415878e-02	0.000000000000000000e+00
4.486088991519414648e-01	6.301911790978240169e-02	0.000000000000000000e+00
4.486088991519414648e-01	6.301911790978240169e-02	0.000000000000000000e+00
4.486088991519414648e-01	6.301911790978240169e-02	0.000000000000000000e+00
4.486088991519414648e-01	6.301911790978240169e-02	0.000000000000000000e+00
4.486088991519414648e-01	6.301911790978240169e-02	0.000000000000000000e+00
4.486088991519414648e-01	6.301911790978240169e-02	0.000000000000000000e+00
4.486088991519414648e-01	6.301911790978240169e-02	0.000000000000000000e+00
4.486088991519414648e-01	6.301911790978240169e-02	0.000000000000000000e+00
4.486088991519414648e-01	6.301911790978240169e-02	0.000000000000000000e+00
4.486088991519414648e-01	6.301911790978240169e-02	0.000000000000000000e+00
6.369595902567696255e-01	-2.357808957689525031e-01	0.000000000000000000e+00
6.369595902567696255e-01	-2.357808957689525031e-01	0.000000000000000000e+00
6.369595902567696255e-01	-2.357808957689525031e-01	0.000000000000000000e+00
6.369595902567696255e-01	-2.357808957689525031e-01	0.000000000000000000e+00
6.369595902567696255e-01	-2.357808957689525031e-01	0.000000000000000000e+00
6.369595902567696255e-01	-2.357808957689525031e-01	0.000000000000000000e+00
6.369595902567696255e-01	-2.357808957689525031e-01	0.000000000000000000e+00
6.369595902567696255e-01	-2.357808957689525031e-01	0.000000000000000000e+00
6.369595902567696255e-01	-2.357808957689525031e-01	0.000000000000000000e+00
6.369595902567696255e-01	-2.357808957689525031e-01	0.000000000000000000e+00
6.369595902567696255e-01	-2.357808957689525031e-01	0.000000000000000000e+00
6.369595902567696255e-01	-2.357808957689525031e-01	0.000000000000000000e+00
6.369595902567696255e-01	-2.357808957689525031e-01	0.000000000000000000e+00
6.369595902567696255e-01	-2.200543478562760336e-01	0.000000000000000000e+00
6.369595902567696255e-01	-2.200543478562760336e-01	0.000000000000000000e+00
6.369595902567696255e-01	-2.200543478562760336e-01	0.000000000000000000e+00
6.369595902567696255e-01	-2.263315081494907677e-01	0.000000000000000000e+00
6.369595902567696255e-01	-2.263315081494907677e-01	0.000000000000000000e+00
6.369595902567696255e-01	-2.200543478562760336e-01	0.000000000000000000e+00
8.420023934289813106e-01	-2.944424431932782249e-01	0.000000000000000000e+00
8.420023934289813106e-01	-2.944424431932782249e-01	0.000000000000000000e+00
8.420023934289813106e-01	-2.944424431932782249e-01	0.000000000000000000e+00
8.420023934289813106e-01	-2.944424431932782249e-01	0.000000000000000000e+00
8.420023934289813106e-01	-2.944424431932782249e-01	0.000000000000000000e+00
8.420023934289813106e-01	-2.944424431932782249e-01	0.000000000000000000e+00
8.420023934289813106e-01	-2.944424431932782249e-01	0.000000000000000000e+00
8.417667718176670144e-01	-3.847499410089809668e-01	0.000000000000000000e+00
8.417667718176670144e-01	-3.847499410089809668e-01	0.000000000000000000e+00
8.417667718176670144e-01	-3.847499410089809668e-01	0.000000000000000000e+00
8.417667718176670144e-01	-3.847499410089809668e-01	0.000000000000000000e+00
8.417667718176670144e-01	-3.847499410089809668e-01	0.000000000000000000e+00
8.417667718176670144e-01	-3.847499410089809668e-01	0.000000000000000000e+00
8.417667718176670144e-01	-3.847499410089809668e-01	0.000000000000000000e+00
8.417667718176670144e-01	-3.847499410089809668e-01	0.000000000000000000e+00
8.420023934289813106e-01	-4.828975875138535878e-01	0.000000000000000000e+00
8.420023934289813106e-01	-4.828975875138535878e-01	0.000000000000000000e+00
8.420023934289813106e-01	-4.828975875138535878e-01	0.000000000000000000e+00
8.420023934289813106e-01	-4.828975875138535878e-01	0.000000000000000000e+00
8.420023934289813106e-01	-4.828975875138535878e-01	0.000000000000000000e+00
8.420023934289813106e-01	-4.828975875138535878e-01	0.000000000000000000e+00
8.427290692366455893e-01	-5.096685601321360171e-01	0.000000000000000000e+00
8.427290692366455893e-01	-5.096685601321360171e-01	0.000000000000000000e+00
8.427290692366455893e-01	-5.096685601321360171e-01	0.000000000000000000e+00
8.427290692366455893e-01	-5.096685601321360171e-01	0.000000000000000000e+00
8.427290692366455893e-01	-5.096685601321360171e-01	0.000000000000000000e+00
8.427290692366455893e-01	-5.096685601321360171e-01	0.000000000000000000e+00
8.427290692366455893e-01	-5.096685601321360171e-01	0.000000000000000000e+00
