0.000000000000000000e+00	1.340096816436658234e+00	0.000000000000000000e+00
1.326103714477101791e-02	1.235227225284000641e+00	0.000000000000000000e+00
3.338929494015444033e-02	1.109148007926924917e+00	0.000000000000000000e+00
4.628018580856830405e-02	1.023890999192204720e+00	0.000000000000000000e+00
6.378343935446409430e-02	9.758134853316334789e-01	0.000000000000000000e+00
6.940826167409241965e-02	9.439783932442273873e-01	0.000000000000000000e+00
6.940826167409241965e-02	9.439783932442273873e-01	0.000000000000000000e+00
6.940826167409241965e-02	9.439783932442273873e-01	0.000000000000000000e+00
6.940826167409241965e-02	9.439783932442273873e-01	0.000000000000000000e+00
6.940826167409241965e-02	9.439783932442273873e-01	0.000000000000000000e+00
6.940826167409241965e-02	9.439783932442273873e-01	0.000000000000000000e+00
6.940826167409241965e-02	9.439783932442273873e-01	0.000000000000000000e+00
6.940826167409241965e-02	9.439783932442273873e-01	0.000000000000000000e+00
2.110297062492335896e-01	7.566871872060668691e-01	0.000000000000000000e+00
2.110297062492335896e-01	7.520678242568720195e-01	0.000000000000000000e+00
2.222793508884902403e-01	6.923131743424556506e-01	0.000000000000000000e+00
2.261962078743302851e-01	6.034504182906492709e-01	0.000000000000000000e+00
2.261962078743302851e-01	6.034504182906492709e-01	0.000000000000000000e+00
2.480765060005390710e-01	4.987285428739107740e-01	0.000000000000000000e+00
2.484899028219776651e-01	4.907486466986012985e-01	0.000000000000000000e+00
2.480765060005390710e-01	4.739895821663968611e-01	0.000000000000000000e+00
2.494463795831266262e-01	4.688846619598316390e-01	0.000000000000000000e+00
2.494463795831266262e-01	4.688846619598316390e-01	0.000000000000000000e+00
2.494463795831266262e-01	4.688846619598316390e-01	0.000000000000000000e+00
2.494463795831266262e-01	4.688846619598316390e-01	0.000000000000000000e+00
2.494463795831266262e-01	4.688846619598316390e-01	0.000000000000000000e+00
2.494463795831266262e-01	4.688846619598316390e-01	0.000000000000000000e+00
2.494463795831266262e-01	4.688846619598316390e-01	0.000000000000000000e+00
2.494463795831266262e-01	4.688846619598316390e-01	0.000000000000000000e+00
2.494463795831266262e-01	4.688846619598316390e-01	0.000000000000000000e+00
4.302711545997334741e-01	2.329613723686217441e-01	0.000000000000000000e+00
4.293296887508281090e-01	3.304853269284298567e-01	0.000000000000000000e+00
4.293296887508281090e-01	3.304853269284298567e-01	0.000000000000000000e+00
4.302711545997334741e-01	2.329613723686217441e-01	0.000000000000000000e+00
4.248624842141426328e-01	2.289880747976193176e-01	0.000000000000000000e+00
4.248624842141426328e-01	2.289880747976193176e-01	0.000000000000000000e+00
4.410884953709151568e-01	1.222619451769724336e-01	0.000000000000000000e+00
4.410884953709151568e-01	1.222619451769724336e-01	0.000000000000000000e+00
4.410884953709151568e-01	1.222619451769724336e-01	0.000000000000000000e+00
4.410884953709151568e-01	1.222619451769724336e-01	0.000000000000000000e+00
4.432876319023454359e-01	4.859491616215255022e-02	0.000000000000000000e+00
4.432876319023454359e-01	4.859491616215255022e-02	0.000000000000000000e+00
4.432876319023454359e-01	4.859491616215255022e-02	0.000000000000000000e+00
4.432876319023454359e-01	4.859491616215255022e-02	0.000000000000000000e+00
4.432876319023454359e-01	4.859491616215255022e-02	0.000000000000000000e+00
4.486088991519414648e-01	5.777381032529952526e-02	0.000000000000000000e+00
4.486088991519414648e-01	5.777381032529952526e-02	0.000000000000000000e+00
4.486088991519414648e-01	5.777381032529952526e-02	0.000000000000000000e+00
4.486088991519414648e-01	5.777381032529952526e-02	0.000000000000000000e+00
4.486088991519414648e-01	5.777381032529952526e-02	0.000000000000000000e+00
4.486088991519414648e-01	5.777381032529952526e-02	0.000000000000000000e+00
6.369595902567696255e-01	-1.099239905468827119e-02	0.000000000000000000e+00
6.369595902567696255e-01	-1.099239905468827119e-02	0.000000000000000000e+00
6.369595902567696255e-01	-1.099239905468827119e-02	0.000000000000000000e+00
6.369595902567696255e-01	-1.943080221378296057e-01	0.000000000000000000e+00
6.369595902567696255e-01	-1.943080221378296057e-01	0.000000000000000000e+00
6.369595902567696255e-01	-1.943080221378296057e-01	0.000000000000000000e+00
6.369595902567696255e-01	-1.943080221378296057e-01	0.000000000000000000e+00
6.369595902567696255e-01	-1.943080221378296057e-01	0.000000000000000000e+00
6.369595902567696255e-01	-1.943080221378296057e-01	0.000000000000000000e+00
6.369595902567696255e-01	-1.943080221378296057e-01	0.000000000000000000e+00
6.369595902567696255e-01	-1.943080221378296057e-01	0.000000000000000000e+00
6.369595902567696255e-01	-1.943080221378296057e-01	0.000000000000000000e+00
6.369595902567696255e-01	-1.943080221378296057e-01	0.000000000000000000e+00
6.369595902567696255e-01	-2.141402643376839887e-01	0.000000000000000000e+00
6.437197909608769475e-01	-2.231285235034679848e-01	0.000000000000000000e+00
6.437197909608769475e-01	-2.300895053347157826e-01	0.000000000000000000e+00
6.437197909608769475e-01	-2.300895053347157826e-01	0.000000000000000000e+00
6.437197909608769475e-01	-2.300895053347157826e-01	0.000000000000000000e+00
6.437197909608769475e-01	-2.300895053347157826e-01	0.000000000000000000e+00
6.437197909608769475e-01	-2.300895053347157826e-01	0.000000000000000000e+00
8.272064349154140128e-01	-2.410981835293417586e-01	0.000000000000000000e+00
8.272064349154140128e-01	-2.563824572533864310e-01	0.000000000000000000e+00
8.272064349154140128e-01	-2.731927782223684820e-01	0.000000000000000000e+00
8.272064349154140128e-01	-2.731927782223684820e-01	0.000000000000000000e+00
8.407268363236285458e-01	-4.189089446983658149e-01	0.000000000000000000e+00
8.407268363236285458e-01	-4.189089446983658149e-01	0.000000000000000000e+00
8.407268363236285458e-01	-3.299238762539615788e-01	0.000000000000000000e+00
8.407268363236285458e-01	-4.189089446983658149e-01	0.000000000000000000e+00
8.407268363236285458e-01	-4.189089446983658149e-01	0.000000000000000000e+00
8.407268363236285458e-01	-4.189089446983658149e-01	0.000000000000000000e+00
8.407268363236285458e-01	-4.189089446983658149e-01	0.000000000000000000e+00
8.407268363236285458e-01	-4.189089446983658149e-01	0.000000000000000000e+00
8.407268363236285458e-01	-4.821165544229789046e-01	0.000000000000000000e+00
8.407268363236285458e-01	-4.885258316742205897e-01	0.000000000000000000e+00
8.397257198671199685e-01	-4.202114289973929995e-01	0.000000000000000000e+00
8.405134162040635015e-01	-4.521052472389200938e-01	0.000000000000000000e+00
8.405134162040635015e-01	-4.521052472389200938e-01	0.000000000000000000e+00
8.405134162040635015e-01	-4.521052472389200938e-01	0.000000000000000000e+00
8.407268363236285458e-01	-4.885258316742205897e-01	0.000000000000000000e+00
8.407268363236285458e-01	-4.885258316742205897e-01	0.000000000000000000e+00
8.407268363236285458e-01	-4.885258316742205897e-01	0.000000000000000000e+00
8.427290692366455893e-01	-5.173584809935354301e-01	0.000000000000000000e+00
8.427290692366455893e-01	-5.173584809935354301e-01	0.000000000000000000e+00
8.427290692366455893e-01	-5.173584809935354301e-01	0.000000000000000000e+00
8.427290692366455893e-01	-5.173584809935354301e-01	0.000000000000000000e+00
8.427290692366455893e-01	-5.173584809935354301e-01	0.000000000000000000e+00
8.427290692366455893e-01	-5.173584809935354301e-01	0.000000000000000000e+00
8.427290692366455893e-01	-5.173584809935354301e-01	0.000000000000000000e+00
8.427290692366455893e-01	-5.173584809935354301e-01	0.000000000000000000e+00
