0.000000000000000000e+00	1.514441360301881367e+00	0.000000000000000000e+00
6.583221968631453036e-03	1.103496954022703758e+00	0.000000000000000000e+00
2.881130398522337502e-02	9.109707423732092968e-01	0.000000000000000000e+00
4.628018580856830405e-02	9.011274451814929032e-01	0.000000000000000000e+00
4.628018580856830405e-02	9.011274451814929032e-01	0.000000000000000000e+00
7.585793588065450899e-02	8.239167666093305531e-01	0.000000000000000000e+00
7.585793588065450899e-02	8.239167666093305531e-01	0.000000000000000000e+00
1.027656200782307849e-01	8.115971693952366284e-01	0.000000000000000000e+00
1.027656200782307849e-01	8.115971693952366284e-01	0.000000000000000000e+00
1.027656200782307849e-01	8.115971693952366284e-01	0.000000000000000000e+00
1.027656200782307849e-01	8.115971693952366284e-01	0.000000000000000000e+00
1.817906447229391265e-01	7.878342902686082949e-01	0.000000000000000000e+00
1.929621167205571863e-01	7.583150198948920284e-01	0.000000000000000000e+00
1.985471585615396772e-01	6.868919593305968796e-01	0.000000000000000000e+00
2.100414857184828565e-01	6.006643721087691068e-01	0.000000000000000000e+00
2.142683663979236264e-01	5.701840530479914682e-01	0.000000000000000000e+00
2.270341665553608224e-01	4.842999445983014462e-01	0.000000000000000000e+00
2.270341665553608224e-01	4.519175350811595604e-01	0.000000000000000000e+00
2.359369487038403546e-01	4.041870268597705373e-01	0.000000000000000000e+00
2.490090851457875121e-01	3.714608667284156618e-01	0.000000000000000000e+00
2.509317684587394903e-01	3.421936871247528433e-01	0.000000000000000000e+00
2.563340580092630661e-01	3.344567495495875953e-01	0.000000000000000000e+00
2.563340580092630661e-01	3.344567495495875953e-01	0.000000000000000000e+00
2.563340580092630661e-01	3.344567495495875953e-01	0.000000000000000000e+00
2.563340580092630661e-01	3.344567495495875953e-01	0.000000000000000000e+00
2.563340580092630661e-01	3.344567495495875953e-01	0.000000000000000000e+00
2.563340580092630661e-01	3.344567495495875953e-01	0.000000000000000000e+00
2.563340580092630661e-01	3.344567495495875953e-01	0.000000000000000000e+00
2.563340580092630661e-01	3.344567495495875953e-01	0.000000000000000000e+00
2.563340580092630661e-01	3.344567495495875953e-01	0.000000000000000000e+00
4.108091075604704545e-01	2.994019158628953847e-01	0.000000000000000000e+00
4.162995964304490593e-01	2.448152919845760223e-01	0.000000000000000000e+00
4.213223264541877677e-01	1.828393831718475859e-01	0.000000000000000000e+00
4.213223264541877677e-01	1.828393831718475859e-01	0.000000000000000000e+00
4.278086369588037230e-01	1.247454584751238327e-01	0.000000000000000000e+00
4.329692211963768744e-01	3.925163845461063228e-02	0.000000000000000000e+00
4.327781987031453226e-01	8.403610187459080449e-02	0.000000000000000000e+00
4.329692211963768744e-01	3.925163845461063228e-02	0.000000000000000000e+00
4.329692211963768744e-01	3.205835036803626054e-02	0.000000000000000000e+00
4.411508216878499145e-01	-1.334667600180817169e-02	0.000000000000000000e+00
4.411508216878499145e-01	-1.334667600180817169e-02	0.000000000000000000e+00
4.501939833951831837e-01	-3.963022424153479772e-02	0.000000000000000000e+00
4.505707281130795216e-01	-6.773767443285516610e-02	0.000000000000000000e+00
4.501939833951831837e-01	-6.875085848854600723e-02	0.000000000000000000e+00
4.505707281130795216e-01	-7.074267678619403088e-02	0.000000000000000000e+00
4.505707281130795216e-01	-7.074267678619403088e-02	0.000000000000000000e+00
4.505707281130795216e-01	-7.074267678619403088e-02	0.000000000000000000e+00
4.505707281130795216e-01	-7.074267678619403088e-02	0.000000000000000000e+00
4.505707281130795216e-01	-7.074267678619403088e-02	0.000000000000000000e+00
4.505707281130795216e-01	-7.074267678619403088e-02	0.000000000000000000e+00
4.505707281130795216e-01	-7.074267678619403088e-02	0.000000000000000000e+00
6.299462312260156738e-01	-2.177073561827025661e-01	0.000000000000000000e+00
6.299462312260156738e-01	-2.177073561827025661e-01	0.000000000000000000e+00
6.299462312260156738e-01	-2.177073561827025661e-01	0.000000000000000000e+00
6.299462312260156738e-01	-2.177073561827025661e-01	0.000000000000000000e+00
6.299462312260156738e-01	-2.177073561827025661e-01	0.000000000000000000e+00
6.299462312260156738e-01	-2.177073561827025661e-01	0.000000000000000000e+00
6.299462312260156738e-01	-2.177073561827025661e-01	0.000000000000000000e+00
6.299462312260156738e-01	-2.361454086513712913e-01	0.000000000000000000e+00
6.333144525845174622e-01	-2.436577509407216735e-01	0.000000000000000000e+00
6.403660087449187799e-01	-3.372680906980646820e-01	0.000000000000000000e+00
6.352441732521385553e-01	-2.783443648539546400e-01	0.000000000000000000e+00
6.403660087449187799e-01	-3.372680906980646820e-01	0.000000000000000000e+00
6.403660087449187799e-01	-3.372680906980646820e-01	0.000000000000000000e+00
6.403660087449187799e-01	-3.372680906980646820e-01	0.000000000000000000e+00
6.403660087449187799e-01	-3.372680906980646820e-01	0.000000000000000000e+00
6.496860009712884798e-01	-3.848289955455837519e-01	0.000000000000000000e+00
6.496860009712884798e-01	-3.848289955455837519e-01	0.000000000000000000e+00
6.465562848832681064e-01	-3.810481157743369485e-01	0.000000000000000000e+00
6.496860009712884798e-01	-3.848289955455837519e-01	0.000000000000000000e+00
6.465562848832681064e-01	-3.856657952386361443e-01	0.000000000000000000e+00
6.505910118054430979e-01	-3.933027396565882960e-01	0.000000000000000000e+00
6.505910118054430979e-01	-3.933027396565882960e-01	0.000000000000000000e+00
6.505910118054430979e-01	-3.933027396565882960e-01	0.000000000000000000e+00
6.505910118054430979e-01	-3.933027396565882960e-01	0.000000000000000000e+00
8.379880752118519238e-01	-5.962200441197393896e-01	0.000000000000000000e+00
8.379880752118519238e-01	-5.962200441197393896e-01	0.000000000000000000e+00
8.271459557714821997e-01	-4.602406976207047973e-01	0.000000000000000000e+00
8.271459557714821997e-01	-4.602406976207047973e-01	0.000000000000000000e+00
8.271459557714821997e-01	-4.602406976207047973e-01	0.000000000000000000e+00
8.379880752118519238e-01	-5.962200441197393896e-01	0.000000000000000000e+00
8.379880752118519238e-01	-5.962200441197393896e-01	0.000000000000000000e+00
8.379880752118519238e-01	-5.962200441197393896e-01	0.000000000000000000e+00
8.372025316948059626e-01	-5.956764575388113769e-01	0.000000000000000000e+00
8.372025316948059626e-01	-5.956764575388113769e-01	0.000000000000000000e+00
8.372025316948059626e-01	-5.956764575388113769e-01	0.000000000000000000e+00
8.372025316948059626e-01	-5.956764575388113769e-01	0.000000000000000000e+00
8.372025316948059626e-01	-5.956764575388113769e-01	0.000000000000000000e+00
8.372025316948059626e-01	-5.956764575388113769e-01	0.000000000000000000e+00
8.372025316948059626e-01	-5.956764575388113769e-01	0.000000000000000000e+00
8.372025316948059626e-01	-5.956764575388113769e-01	0.000000000000000000e+00
8.379880752118519238e-01	-6.138389817264452430e-01	0.000000000000000000e+00
8.379880752118519238e-01	-6.138389817264452430e-01	0.000000000000000000e+00
8.423788310005120294e-01	-6.423387892494430984e-01	0.000000000000000000e+00
8.423788310005120294e-01	-6.423387892494430984e-01	0.000000000000000000e+00
8.423788310005120294e-01	-6.423387892494430984e-01	0.000000000000000000e+00
8.434456693806912098e-01	-6.491111646377575317e-01	0.000000000000000000e+00
8.454294905017349926e-01	-6.689758780467477406e-01	0.000000000000000000e+00
8.454294905017349926e-01	-6.689758780467477406e-01	0.000000000000000000e+00
8.491501981466764715e-01	-6.703723820486180429e-01	0.000000000000000000e+00
