0.000000000000000000e+00	3.878523599450842241e+00	0.000000000000000000e+00
2.821450679264130013e-02	3.368962763001124738e+00	0.000000000000000000e+00
4.006236917398132980e-02	2.949374575938609855e+00	0.000000000000000000e+00
4.006236917398132980e-02	2.949374575938609855e+00	0.000000000000000000e+00
4.006236917398132980e-02	2.949374575938609855e+00	0.000000000000000000e+00
1.024648100484926994e-01	2.798761175320350514e+00	0.000000000000000000e+00
1.024648100484926994e-01	2.798761175320350514e+00	0.000000000000000000e+00
1.024648100484926994e-01	2.798761175320350514e+00	0.000000000000000000e+00
1.024648100484926994e-01	2.798761175320350514e+00	0.000000000000000000e+00
1.858252690029950083e-01	2.673413519268503347e+00	0.000000000000000000e+00
1.858252690029950083e-01	2.673413519268503347e+00	0.000000000000000000e+00
2.272696917975154385e-01	2.281877799542270768e+00	0.000000000000000000e+00
2.272696917975154385e-01	2.281877799542270768e+00	0.000000000000000000e+00
2.272696917975154385e-01	2.281877799542270768e+00	0.000000000000000000e+00
2.272696917975154385e-01	2.209079046207987673e+00	0.000000000000000000e+00
2.448594812443398439e-01	2.110558987269630205e+00	0.000000000000000000e+00
2.448594812443398439e-01	2.110558987269630205e+00	0.000000000000000000e+00
2.533421391349753304e-01	2.067283766251463817e+00	0.000000000000000000e+00
2.533421391349753304e-01	2.067283766251463817e+00	0.000000000000000000e+00
2.533421391349753304e-01	2.051646463146321153e+00	0.000000000000000000e+00
2.533421391349753304e-01	2.051646463146321153e+00	0.000000000000000000e+00
2.533421391349753304e-01	2.051646463146321153e+00	0.000000000000000000e+00
2.533421391349753304e-01	2.051646463146321153e+00	0.000000000000000000e+00
2.533421391349753304e-01	2.051646463146321153e+00	0.000000000000000000e+00
2.533421391349753304e-01	2.051646463146321153e+00	0.000000000000000000e+00
2.533421391349753304e-01	2.051646463146321153e+00	0.000000000000000000e+00
2.533421391349753304e-01	2.051646463146321153e+00	0.000000000000000000e+00
4.620983329817687224e-01	1.814426927728859384e+00	0.000000000000000000e+00
4.620983329817687224e-01	1.814426927728859384e+00	0.000000000000000000e+00
4.620983329817687224e-01	1.814426927728859384e+00	0.000000000000000000e+00
4.620983329817687224e-01	1.814426927728859384e+00	0.000000000000000000e+00
4.620983329817687224e-01	1.814426927728859384e+00	0.000000000000000000e+00
4.620983329817687224e-01	1.594923860502215573e+00	0.000000000000000000e+00
4.620983329817687224e-01	1.716457503472021751e+00	0.000000000000000000e+00
4.620983329817687224e-01	1.594923860502215573e+00	0.000000000000000000e+00
4.620983329817687224e-01	1.594923860502215573e+00	0.000000000000000000e+00
4.620983329817687224e-01	1.594923860502215573e+00	0.000000000000000000e+00
4.620983329817687224e-01	1.594923860502215573e+00	0.000000000000000000e+00
4.620983329817687224e-01	1.594923860502215573e+00	0.000000000000000000e+00
4.620983329817687224e-01	1.594923860502215573e+00	0.000000000000000000e+00
4.620983329817687224e-01	1.486346122644030210e+00	0.000000000000000000e+00
4.620983329817687224e-01	1.446559076913500386e+00	0.000000000000000000e+00
4.620983329817687224e-01	1.446559076913500386e+00	0.000000000000000000e+00
4.620983329817687224e-01	1.446559076913500386e+00	0.000000000000000000e+00
4.620983329817687224e-01	1.446559076913500386e+00	0.000000000000000000e+00
4.620983329817687224e-01	1.446559076913500386e+00	0.000000000000000000e+00
4.620983329817687224e-01	1.446559076913500386e+00	0.000000000000000000e+00
4.620983329817687224e-01	1.446559076913500386e+00	0.000000000000000000e+00
4.620983329817687224e-01	1.446559076913500386e+00	0.000000000000000000e+00
4.620983329817687224e-01	1.446559076913500386e+00	0.000000000000000000e+00
6.355321199694032863e-01	1.192741033277354923e+00	0.000000000000000000e+00
6.355321199694032863e-01	1.192741033277354923e+00	0.000000000000000000e+00
6.355321199694032863e-01	1.192741033277354923e+00	0.000000000000000000e+00
6.355321199694032863e-01	1.192741033277354923e+00	0.000000000000000000e+00
6.355321199694032863e-01	1.192741033277354923e+00	0.000000000000000000e+00
6.355321199694032863e-01	1.192741033277354923e+00	0.000000000000000000e+00
6.355321199694032863e-01	1.192741033277354923e+00	0.000000000000000000e+00
6.355321199694032863e-01	1.192741033277354923e+00	0.000000000000000000e+00
6.355321199694032863e-01	1.192741033277354923e+00	0.000000000000000000e+00
6.355321199694032863e-01	1.192741033277354923e+00	0.000000000000000000e+00
6.355321199694032863e-01	1.192741033277354923e+00	0.000000000000000000e+00
6.355321199694032863e-01	1.164057524041733682e+00	0.000000000000000000e+00
8.326294344922484658e-01	1.223297936721531975e+00	0.000000000000000000e+00
8.326294344922484658e-01	1.109158564591449680e+00	0.000000000000000000e+00
8.326294344922484658e-01	1.109158564591449680e+00	0.000000000000000000e+00
8.326294344922484658e-01	1.109158564591449680e+00	0.000000000000000000e+00
8.326294344922484658e-01	1.132401431194572705e+00	0.000000000000000000e+00
8.326294344922484658e-01	1.132401431194572705e+00	0.000000000000000000e+00
8.326294344922484658e-01	1.132401431194572705e+00	0.000000000000000000e+00
8.326294344922484658e-01	1.132401431194572705e+00	0.000000000000000000e+00
8.326294344922484658e-01	1.132401431194572705e+00	0.000000000000000000e+00
8.326294344922484658e-01	1.132401431194572705e+00	0.000000000000000000e+00
8.326294344922484658e-01	1.109158564591449680e+00	0.000000000000000000e+00
8.326294344922484658e-01	1.109158564591449680e+00	0.000000000000000000e+00
8.326294344922484658e-01	1.001959511823992566e+00	0.000000000000000000e+00
8.326294344922484658e-01	1.001959511823992566e+00	0.000000000000000000e+00
8.326294344922484658e-01	1.001959511823992566e+00	0.000000000000000000e+00
8.326294344922484658e-01	1.001959511823992566e+00	0.000000000000000000e+00
8.326294344922484658e-01	1.001959511823992566e+00	0.000000000000000000e+00
8.326294344922484658e-01	1.001959511823992566e+00	0.000000000000000000e+00
8.326294344922484658e-01	1.001959511823992566e+00	0.000000000000000000e+00
8.326294344922484658e-01	1.001959511823992566e+00	0.000000000000000000e+00
8.326294344922484658e-01	9.380376552855168582e-01	0.000000000000000000e+00
8.326294344922484658e-01	9.380376552855168582e-01	0.000000000000000000e+00
8.326294344922484658e-01	9.380376552855168582e-01	0.000000000000000000e+00
8.326294344922484658e-01	9.380376552855168582e-01	0.000000000000000000e+00
8.326294344922484658e-01	9.380376552855168582e-01	0.000000000000000000e+00
8.326294344922484658e-01	9.120588411730597977e-01	0.000000000000000000e+00
8.326294344922484658e-01	9.120588411730597977e-01	0.000000000000000000e+00
8.398086218068689934e-01	8.549198415958226827e-01	0.000000000000000000e+00
8.398086218068689934e-01	8.549198415958226827e-01	0.000000000000000000e+00
8.398086218068689934e-01	8.549198415958226827e-01	0.000000000000000000e+00
8.398086218068689934e-01	8.549198415958226827e-01	0.000000000000000000e+00
8.398086218068689934e-01	8.549198415958226827e-01	0.000000000000000000e+00
8.398086218068689934e-01	8.891023944937944679e-01	0.000000000000000000e+00
8.398086218068689934e-01	8.891023944937944679e-01	0.000000000000000000e+00
8.398086218068689934e-01	8.891023944937944679e-01	0.000000000000000000e+00
8.398086218068689934e-01	8.891023944937944679e-01	0.000000000000000000e+00
8.398086218068689934e-01	8.891023944937944679e-01	0.000000000000000000e+00
8.398086218068689934e-01	8.891023944937944679e-01	0.000000000000000000e+00
