0.000000000000000000e+00	1.151558957927657945e+00	0.000000000000000000e+00
1.574622305779267706e-02	9.722163748283563223e-01	0.000000000000000000e+00
2.881130398522337502e-02	9.109707423732092968e-01	0.000000000000000000e+00
4.628018580856830405e-02	8.747410498845887838e-01	0.000000000000000000e+00
4.981866312673812608e-02	8.364358568717968900e-01	0.000000000000000000e+00
8.019347292007227013e-02	7.439804844643689297e-01	0.000000000000000000e+00
8.019347292007227013e-02	7.439804844643689297e-01	0.000000000000000000e+00
8.019347292007227013e-02	7.439804844643689297e-01	0.000000000000000000e+00
8.019347292007227013e-02	7.439804844643689297e-01	0.000000000000000000e+00
8.019347292007227013e-02	7.439804844643689297e-01	0.000000000000000000e+00
8.019347292007227013e-02	7.439804844643689297e-01	0.000000000000000000e+00
8.019347292007227013e-02	7.439804844643689297e-01	0.000000000000000000e+00
1.963507806100511788e-01	7.037061021349093615e-01	0.000000000000000000e+00
2.062236679298244946e-01	6.204384991658651316e-01	0.000000000000000000e+00
2.130816072100140401e-01	5.625017423139698769e-01	0.000000000000000000e+00
2.252131222971838764e-01	4.742810111347278701e-01	0.000000000000000000e+00
2.270341665553608224e-01	4.613810517611651174e-01	0.000000000000000000e+00
2.270341665553608224e-01	4.519175350811595604e-01	0.000000000000000000e+00
2.435208710708921531e-01	3.560244310769477005e-01	0.000000000000000000e+00
2.486603919549853492e-01	3.450356735794307128e-01	0.000000000000000000e+00
2.537642975672164680e-01	3.246038978171871259e-01	0.000000000000000000e+00
2.537642975672164680e-01	3.246038978171871259e-01	0.000000000000000000e+00
2.537642975672164680e-01	3.246038978171871259e-01	0.000000000000000000e+00
2.493182297363475408e-01	2.985856035672454500e-01	0.000000000000000000e+00
2.493182297363475408e-01	2.985856035672454500e-01	0.000000000000000000e+00
2.493182297363475408e-01	2.985856035672454500e-01	0.000000000000000000e+00
2.493182297363475408e-01	2.985856035672454500e-01	0.000000000000000000e+00
2.493182297363475408e-01	2.985856035672454500e-01	0.000000000000000000e+00
2.493182297363475408e-01	2.985856035672454500e-01	0.000000000000000000e+00
4.119690976357875956e-01	2.909899691397077048e-01	0.000000000000000000e+00
4.195394037957994038e-01	2.063563818543111827e-01	0.000000000000000000e+00
4.195394037957994038e-01	1.993647012196878565e-01	0.000000000000000000e+00
4.278086369588037230e-01	1.475423773578352082e-01	0.000000000000000000e+00
4.278086369588037230e-01	1.315936010432216807e-01	0.000000000000000000e+00
4.327781987031453226e-01	7.737476834294403083e-02	0.000000000000000000e+00
4.327781987031453226e-01	7.393584333748907944e-02	0.000000000000000000e+00
4.350932568683031354e-01	2.770155992593224033e-03	0.000000000000000000e+00
4.350932568683031354e-01	2.770155992593224033e-03	0.000000000000000000e+00
4.411508216878499145e-01	-2.088496278610273496e-02	0.000000000000000000e+00
4.480507915081508585e-01	-4.858214127725814929e-02	0.000000000000000000e+00
4.489477379743421759e-01	-6.689842221330326300e-02	0.000000000000000000e+00
4.505707281130795216e-01	-7.021109112456927481e-02	0.000000000000000000e+00
4.505707281130795216e-01	-7.021109112456927481e-02	0.000000000000000000e+00
4.505707281130795216e-01	-7.021109112456927481e-02	0.000000000000000000e+00
4.505707281130795216e-01	-7.074267678619403088e-02	0.000000000000000000e+00
4.505707281130795216e-01	-7.074267678619403088e-02	0.000000000000000000e+00
4.505707281130795216e-01	-7.074267678619403088e-02	0.000000000000000000e+00
4.505707281130795216e-01	-7.074267678619403088e-02	0.000000000000000000e+00
4.505707281130795216e-01	-7.074267678619403088e-02	0.000000000000000000e+00
6.261560647535960866e-01	-1.541938808543880102e-01	0.000000000000000000e+00
6.261560647535960866e-01	-1.541938808543880102e-01	0.000000000000000000e+00
6.261560647535960866e-01	-1.541938808543880102e-01	0.000000000000000000e+00
6.261560647535960866e-01	-1.541938808543880102e-01	0.000000000000000000e+00
6.278757186103213206e-01	-1.811686060218201111e-01	0.000000000000000000e+00
6.299462312260156738e-01	-2.415963520262507103e-01	0.000000000000000000e+00
6.299462312260156738e-01	-2.415963520262507103e-01	0.000000000000000000e+00
6.299462312260156738e-01	-2.415963520262507103e-01	0.000000000000000000e+00
6.310065615936146788e-01	-2.549700286552120110e-01	0.000000000000000000e+00
6.346539557156480882e-01	-2.710467851712262677e-01	0.000000000000000000e+00
6.346539557156480882e-01	-3.008481898469635984e-01	0.000000000000000000e+00
6.353228884419500622e-01	-3.070502929216661903e-01	0.000000000000000000e+00
6.403660087449187799e-01	-3.335868433810795786e-01	0.000000000000000000e+00
6.403660087449187799e-01	-3.411783223164485124e-01	0.000000000000000000e+00
6.430202942186437065e-01	-3.574462939884291424e-01	0.000000000000000000e+00
6.430202942186437065e-01	-3.674194394061422453e-01	0.000000000000000000e+00
6.465562848832681064e-01	-3.831458723705555292e-01	0.000000000000000000e+00
6.485990803384977799e-01	-3.960212375694916465e-01	0.000000000000000000e+00
6.485990803384977799e-01	-3.960212375694916465e-01	0.000000000000000000e+00
6.485990803384977799e-01	-3.960212375694916465e-01	0.000000000000000000e+00
6.485990803384977799e-01	-3.960212375694916465e-01	0.000000000000000000e+00
6.485990803384977799e-01	-3.960212375694916465e-01	0.000000000000000000e+00
6.485990803384977799e-01	-3.960212375694916465e-01	0.000000000000000000e+00
8.303533505257068015e-01	-4.810366670386850285e-01	0.000000000000000000e+00
8.303533505257068015e-01	-4.810366670386850285e-01	0.000000000000000000e+00
8.303533505257068015e-01	-4.810366670386850285e-01	0.000000000000000000e+00
8.303533505257068015e-01	-4.810366670386850285e-01	0.000000000000000000e+00
8.303533505257068015e-01	-4.810366670386850285e-01	0.000000000000000000e+00
8.303533505257068015e-01	-4.810366670386850285e-01	0.000000000000000000e+00
8.303533505257068015e-01	-5.345907787306137804e-01	0.000000000000000000e+00
8.303533505257068015e-01	-5.345907787306137804e-01	0.000000000000000000e+00
8.303533505257068015e-01	-5.345907787306137804e-01	0.000000000000000000e+00
8.303533505257068015e-01	-5.345907787306137804e-01	0.000000000000000000e+00
8.341347138995631738e-01	-5.813652896623044963e-01	0.000000000000000000e+00
8.341347138995631738e-01	-5.813652896623044963e-01	0.000000000000000000e+00
8.341347138995631738e-01	-5.813652896623044963e-01	0.000000000000000000e+00
8.341347138995631738e-01	-5.813652896623044963e-01	0.000000000000000000e+00
8.354793551828295639e-01	-5.971055880606189747e-01	0.000000000000000000e+00
8.379160772734196572e-01	-6.276601513171781166e-01	0.000000000000000000e+00
8.379160772734196572e-01	-6.276601513171781166e-01	0.000000000000000000e+00
8.379160772734196572e-01	-6.276601513171781166e-01	0.000000000000000000e+00
8.398394506979756091e-01	-6.411646487583616549e-01	0.000000000000000000e+00
8.412895743498647327e-01	-6.617131127552555725e-01	0.000000000000000000e+00
8.412895743498647327e-01	-6.617131127552555725e-01	0.000000000000000000e+00
8.412895743498647327e-01	-6.758144556347721599e-01	0.000000000000000000e+00
8.412895743498647327e-01	-6.758144556347721599e-01	0.000000000000000000e+00
8.462642087400744639e-01	-6.902403905428280417e-01	0.000000000000000000e+00
8.462642087400744639e-01	-6.959390460338997775e-01	0.000000000000000000e+00
8.511558608717570973e-01	-7.147387083752615444e-01	0.000000000000000000e+00
8.511558608717570973e-01	-7.147387083752615444e-01	0.000000000000000000e+00
8.529460045481551678e-01	-7.180079590342037799e-01	0.000000000000000000e+00
