0.000000000000000000e+00	1.514441360301881367e+00	0.000000000000000000e+00
6.583221968631453036e-03	1.103496954022703758e+00	0.000000000000000000e+00
2.881130398522337502e-02	9.529270670206811955e-01	0.000000000000000000e+00
4.628018580856830405e-02	9.168687416112776267e-01	0.000000000000000000e+00
4.628018580856830405e-02	9.168687416112776267e-01	0.000000000000000000e+00
7.585793588065450899e-02	8.239167666093305531e-01	0.000000000000000000e+00
7.585793588065450899e-02	8.239167666093305531e-01	0.000000000000000000e+00
1.027656200782307849e-01	8.119680739059368380e-01	0.000000000000000000e+00
1.027656200782307849e-01	8.119680739059368380e-01	0.000000000000000000e+00
1.027656200782307849e-01	8.119680739059368380e-01	0.000000000000000000e+00
1.027656200782307849e-01	8.119680739059368380e-01	0.000000000000000000e+00
1.817906447229391265e-01	7.878342902686082949e-01	0.000000000000000000e+00
1.929621167205571863e-01	7.583150198948920284e-01	0.000000000000000000e+00
1.985471585615396772e-01	6.868919593305968796e-01	0.000000000000000000e+00
2.100414857184828565e-01	6.006643721087691068e-01	0.000000000000000000e+00
2.142683663979236264e-01	5.701840530479914682e-01	0.000000000000000000e+00
2.270341665553608224e-01	4.842999445983014462e-01	0.000000000000000000e+00
2.270341665553608224e-01	4.519175350811595604e-01	0.000000000000000000e+00
2.359369487038403546e-01	4.041870268597705373e-01	0.000000000000000000e+00
2.416841122823119581e-01	3.819183562437434287e-01	0.000000000000000000e+00
2.468047710185677923e-01	3.610929228026932281e-01	0.000000000000000000e+00
2.563340580092630661e-01	3.373039780674400578e-01	0.000000000000000000e+00
2.563340580092630661e-01	3.373039780674400578e-01	0.000000000000000000e+00
2.563340580092630661e-01	3.373039780674400578e-01	0.000000000000000000e+00
2.563340580092630661e-01	3.373039780674400578e-01	0.000000000000000000e+00
2.563340580092630661e-01	3.373039780674400578e-01	0.000000000000000000e+00
2.563340580092630661e-01	3.373039780674400578e-01	0.000000000000000000e+00
2.563340580092630661e-01	3.373039780674400578e-01	0.000000000000000000e+00
2.563340580092630661e-01	3.373039780674400578e-01	0.000000000000000000e+00
2.563340580092630661e-01	3.373039780674400578e-01	0.000000000000000000e+00
4.108091075604704545e-01	2.994019158628953847e-01	0.000000000000000000e+00
4.162995964304490593e-01	2.448152919845760223e-01	0.000000000000000000e+00
4.213223264541877677e-01	2.325036766593220061e-01	0.000000000000000000e+00
4.213223264541877677e-01	2.040793567722229418e-01	0.000000000000000000e+00
4.275017697354739354e-01	1.514384863439950657e-01	0.000000000000000000e+00
4.285835923552725468e-01	1.253120765165013362e-01	0.000000000000000000e+00
4.327781987031453226e-01	8.403610187459080449e-02	0.000000000000000000e+00
4.327781987031453226e-01	6.375972846932831395e-02	0.000000000000000000e+00
4.329692211963768744e-01	4.027938779896431815e-02	0.000000000000000000e+00
4.365107367770321156e-01	2.390372827483904297e-02	0.000000000000000000e+00
4.411508216878499145e-01	-1.133016859447352927e-02	0.000000000000000000e+00
4.412905582914438685e-01	-2.538583583106460498e-02	0.000000000000000000e+00
4.501939833951831837e-01	-5.313937199192748928e-02	0.000000000000000000e+00
4.501939833951831837e-01	-6.875085848854600723e-02	0.000000000000000000e+00
4.505707281130795216e-01	-7.074267678619403088e-02	0.000000000000000000e+00
4.505707281130795216e-01	-7.074267678619403088e-02	0.000000000000000000e+00
4.505707281130795216e-01	-7.074267678619403088e-02	0.000000000000000000e+00
4.505707281130795216e-01	-7.074267678619403088e-02	0.000000000000000000e+00
4.505707281130795216e-01	-7.074267678619403088e-02	0.000000000000000000e+00
4.505707281130795216e-01	-7.074267678619403088e-02	0.000000000000000000e+00
4.505707281130795216e-01	-7.074267678619403088e-02	0.000000000000000000e+00
4.505707281130795216e-01	-7.074267678619403088e-02	0.000000000000000000e+00
6.299462312260156738e-01	-1.375845154881393528e-01	0.000000000000000000e+00
6.299462312260156738e-01	-1.375845154881393528e-01	0.000000000000000000e+00
6.299462312260156738e-01	-1.375845154881393528e-01	0.000000000000000000e+00
6.299462312260156738e-01	-1.837867387876157277e-01	0.000000000000000000e+00
6.299462312260156738e-01	-1.837867387876157277e-01	0.000000000000000000e+00
6.299462312260156738e-01	-1.950088334095386178e-01	0.000000000000000000e+00
6.299462312260156738e-01	-2.065368666498401673e-01	0.000000000000000000e+00
6.299462312260156738e-01	-2.285223645586880459e-01	0.000000000000000000e+00
6.347874130769024514e-01	-2.526142728556360351e-01	0.000000000000000000e+00
6.352441732521385553e-01	-3.037242100016367963e-01	0.000000000000000000e+00
6.352441732521385553e-01	-3.037242100016367963e-01	0.000000000000000000e+00
6.352441732521385553e-01	-3.037242100016367963e-01	0.000000000000000000e+00
6.352441732521385553e-01	-3.037242100016367963e-01	0.000000000000000000e+00
6.403660087449187799e-01	-3.203811935237433350e-01	0.000000000000000000e+00
6.442254500801609662e-01	-3.491326970248243566e-01	0.000000000000000000e+00
6.442254500801609662e-01	-3.491326970248243566e-01	0.000000000000000000e+00
6.465562848832681064e-01	-3.711554879882595914e-01	0.000000000000000000e+00
6.465562848832681064e-01	-3.711554879882595914e-01	0.000000000000000000e+00
6.465562848832681064e-01	-3.856657952386361443e-01	0.000000000000000000e+00
6.465562848832681064e-01	-3.856657952386361443e-01	0.000000000000000000e+00
6.465562848832681064e-01	-3.856657952386361443e-01	0.000000000000000000e+00
6.465562848832681064e-01	-3.856657952386361443e-01	0.000000000000000000e+00
6.465562848832681064e-01	-3.856657952386361443e-01	0.000000000000000000e+00
6.465562848832681064e-01	-3.856657952386361443e-01	0.000000000000000000e+00
8.262731903358537799e-01	-4.039166459641323481e-01	0.000000000000000000e+00
8.271459557714821997e-01	-4.284282517897896603e-01	0.000000000000000000e+00
8.271459557714821997e-01	-4.284282517897896603e-01	0.000000000000000000e+00
8.303409333589091279e-01	-4.943574595816476736e-01	0.000000000000000000e+00
8.303409333589091279e-01	-4.943574595816476736e-01	0.000000000000000000e+00
8.303409333589091279e-01	-4.943574595816476736e-01	0.000000000000000000e+00
8.303409333589091279e-01	-4.943574595816476736e-01	0.000000000000000000e+00
8.303409333589091279e-01	-4.943574595816476736e-01	0.000000000000000000e+00
8.308782764011426458e-01	-5.050343780675184968e-01	0.000000000000000000e+00
8.319041150786820049e-01	-5.138035951474483332e-01	0.000000000000000000e+00
8.325131428197729555e-01	-5.249808109067624073e-01	0.000000000000000000e+00
8.338481291219059788e-01	-5.378314774944579213e-01	0.000000000000000000e+00
8.342052000069246631e-01	-5.586573331362244543e-01	0.000000000000000000e+00
8.342052000069246631e-01	-5.586573331362244543e-01	0.000000000000000000e+00
8.356491190151070780e-01	-5.676665667503981716e-01	0.000000000000000000e+00
8.370367720030078562e-01	-5.861836549315360134e-01	0.000000000000000000e+00
8.370367720030078562e-01	-5.861836549315360134e-01	0.000000000000000000e+00
8.408449429684363707e-01	-6.196036096862302944e-01	0.000000000000000000e+00
8.408449429684363707e-01	-6.196036096862302944e-01	0.000000000000000000e+00
8.408449429684363707e-01	-6.196036096862302944e-01	0.000000000000000000e+00
8.454294905017349926e-01	-6.484915068996955911e-01	0.000000000000000000e+00
8.454294905017349926e-01	-6.484915068996955911e-01	0.000000000000000000e+00
8.454294905017349926e-01	-6.484915068996955911e-01	0.000000000000000000e+00
8.488801405431537495e-01	-6.492625875918286438e-01	0.000000000000000000e+00
