0.000000000000000000e+00	1.155764171885833580e+00	0.000000000000000000e+00
1.574622305779267706e-02	9.295007081397297366e-01	0.000000000000000000e+00
2.881130398522337502e-02	8.701454645046841074e-01	0.000000000000000000e+00
4.542304616681633322e-02	8.472431078303483964e-01	0.000000000000000000e+00
4.981866312673812608e-02	8.191893452560861100e-01	0.000000000000000000e+00
7.598258650967344707e-02	7.766371127274841468e-01	0.000000000000000000e+00
8.019347292007227013e-02	7.439804844643689297e-01	0.000000000000000000e+00
8.019347292007227013e-02	7.439804844643689297e-01	0.000000000000000000e+00
8.019347292007227013e-02	7.439804844643689297e-01	0.000000000000000000e+00
8.019347292007227013e-02	7.439804844643689297e-01	0.000000000000000000e+00
8.019347292007227013e-02	7.439804844643689297e-01	0.000000000000000000e+00
8.019347292007227013e-02	7.439804844643689297e-01	0.000000000000000000e+00
1.963507806100511788e-01	6.835033928751164112e-01	0.000000000000000000e+00
2.032638517366648356e-01	6.413405325371385191e-01	0.000000000000000000e+00
2.130816072100140401e-01	5.481503165535962507e-01	0.000000000000000000e+00
2.214768470943838385e-01	4.876306321177789060e-01	0.000000000000000000e+00
2.270341665553608224e-01	4.613810517611651174e-01	0.000000000000000000e+00
2.409452280252491474e-01	3.332790506061755753e-01	0.000000000000000000e+00
2.409452280252491474e-01	3.332790506061755753e-01	0.000000000000000000e+00
2.446656107644283318e-01	3.243300356434251075e-01	0.000000000000000000e+00
2.537642975672164680e-01	3.002441024899332733e-01	0.000000000000000000e+00
2.537642975672164680e-01	3.002441024899332733e-01	0.000000000000000000e+00
2.537642975672164680e-01	3.002441024899332733e-01	0.000000000000000000e+00
2.493182297363475408e-01	2.985856035672454500e-01	0.000000000000000000e+00
2.493182297363475408e-01	2.985856035672454500e-01	0.000000000000000000e+00
2.493182297363475408e-01	2.985856035672454500e-01	0.000000000000000000e+00
2.493182297363475408e-01	2.985856035672454500e-01	0.000000000000000000e+00
2.493182297363475408e-01	2.985856035672454500e-01	0.000000000000000000e+00
2.493182297363475408e-01	2.985856035672454500e-01	0.000000000000000000e+00
4.119690976357875956e-01	2.861268012006675798e-01	0.000000000000000000e+00
4.195394037957994038e-01	1.571435147624785089e-01	0.000000000000000000e+00
4.195394037957994038e-01	1.571435147624785089e-01	0.000000000000000000e+00
4.195394037957994038e-01	1.571435147624785089e-01	0.000000000000000000e+00
4.278086369588037230e-01	1.315936010432216807e-01	0.000000000000000000e+00
4.327781987031453226e-01	9.874856013514528297e-02	0.000000000000000000e+00
4.327781987031453226e-01	7.393584333748907944e-02	0.000000000000000000e+00
4.346797926037668236e-01	1.666619929293468652e-02	0.000000000000000000e+00
4.346797926037668236e-01	3.345543982301271441e-03	0.000000000000000000e+00
4.411508216878499145e-01	-1.231983394955337568e-02	0.000000000000000000e+00
4.480507915081508585e-01	-4.858214127725814929e-02	0.000000000000000000e+00
4.489477379743421759e-01	-7.054702838737299253e-02	0.000000000000000000e+00
4.489477379743421759e-01	-7.054702838737299253e-02	0.000000000000000000e+00
4.489477379743421759e-01	-7.054702838737299253e-02	0.000000000000000000e+00
4.489477379743421759e-01	-7.054702838737299253e-02	0.000000000000000000e+00
4.505707281130795216e-01	-7.074267678619403088e-02	0.000000000000000000e+00
4.505707281130795216e-01	-7.074267678619403088e-02	0.000000000000000000e+00
4.505707281130795216e-01	-7.074267678619403088e-02	0.000000000000000000e+00
4.505707281130795216e-01	-7.074267678619403088e-02	0.000000000000000000e+00
4.505707281130795216e-01	-7.074267678619403088e-02	0.000000000000000000e+00
6.252962378252334696e-01	-1.248411531006020231e-01	0.000000000000000000e+00
6.252962378252334696e-01	-1.248411531006020231e-01	0.000000000000000000e+00
6.252962378252334696e-01	-1.405738250727686101e-01	0.000000000000000000e+00
6.261560647535960866e-01	-1.541938808543880102e-01	0.000000000000000000e+00
6.271841989946876916e-01	-2.032041875549218668e-01	0.000000000000000000e+00
6.271841989946876916e-01	-2.032041875549218668e-01	0.000000000000000000e+00
6.278757186103213206e-01	-2.281002472236567657e-01	0.000000000000000000e+00
6.286984810311526672e-01	-2.391736113903580041e-01	0.000000000000000000e+00
6.310065615936146788e-01	-2.549700286552120110e-01	0.000000000000000000e+00
6.341357685463453464e-01	-2.888001370334343232e-01	0.000000000000000000e+00
6.341357685463453464e-01	-2.888001370334343232e-01	0.000000000000000000e+00
6.353228884419500622e-01	-3.293164402686940551e-01	0.000000000000000000e+00
6.353228884419500622e-01	-3.293164402686940551e-01	0.000000000000000000e+00
6.403660087449187799e-01	-3.411783223164485124e-01	0.000000000000000000e+00
6.427696116005977567e-01	-3.555602452805785574e-01	0.000000000000000000e+00
6.430202942186437065e-01	-3.674194394061422453e-01	0.000000000000000000e+00
6.465562848832681064e-01	-3.831458723705555292e-01	0.000000000000000000e+00
6.485990803384977799e-01	-3.960212375694916465e-01	0.000000000000000000e+00
6.485990803384977799e-01	-3.960212375694916465e-01	0.000000000000000000e+00
6.485990803384977799e-01	-3.960212375694916465e-01	0.000000000000000000e+00
6.485990803384977799e-01	-3.960212375694916465e-01	0.000000000000000000e+00
6.485990803384977799e-01	-3.960212375694916465e-01	0.000000000000000000e+00
6.485990803384977799e-01	-3.960212375694916465e-01	0.000000000000000000e+00
8.303533505257068015e-01	-5.126654563952872667e-01	0.000000000000000000e+00
8.303533505257068015e-01	-5.126654563952872667e-01	0.000000000000000000e+00
8.303533505257068015e-01	-5.126654563952872667e-01	0.000000000000000000e+00
8.303533505257068015e-01	-5.126654563952872667e-01	0.000000000000000000e+00
8.303533505257068015e-01	-5.126654563952872667e-01	0.000000000000000000e+00
8.303533505257068015e-01	-5.126654563952872667e-01	0.000000000000000000e+00
8.303533505257068015e-01	-5.126654563952872667e-01	0.000000000000000000e+00
8.303533505257068015e-01	-5.126654563952872667e-01	0.000000000000000000e+00
8.303533505257068015e-01	-5.344875086740944470e-01	0.000000000000000000e+00
8.303533505257068015e-01	-5.344875086740944470e-01	0.000000000000000000e+00
8.341347138995631738e-01	-5.753442939208250895e-01	0.000000000000000000e+00
8.341347138995631738e-01	-5.753442939208250895e-01	0.000000000000000000e+00
8.341347138995631738e-01	-5.753442939208250895e-01	0.000000000000000000e+00
8.341347138995631738e-01	-5.953239157832594941e-01	0.000000000000000000e+00
8.341347138995631738e-01	-5.953239157832594941e-01	0.000000000000000000e+00
8.357332838960965793e-01	-6.098045028984453442e-01	0.000000000000000000e+00
8.379160772734196572e-01	-6.320917552751552648e-01	0.000000000000000000e+00
8.379160772734196572e-01	-6.320917552751552648e-01	0.000000000000000000e+00
8.379563177468768442e-01	-6.410324617601296238e-01	0.000000000000000000e+00
8.400941782282084214e-01	-6.519252404960973468e-01	0.000000000000000000e+00
8.412895743498647327e-01	-6.774323675737584649e-01	0.000000000000000000e+00
8.412895743498647327e-01	-6.774323675737584649e-01	0.000000000000000000e+00
8.412895743498647327e-01	-6.774323675737584649e-01	0.000000000000000000e+00
8.462642087400744639e-01	-7.002017226670900207e-01	0.000000000000000000e+00
8.462642087400744639e-01	-7.002017226670900207e-01	0.000000000000000000e+00
8.462642087400744639e-01	-7.067491890812105382e-01	0.000000000000000000e+00
8.511558608717570973e-01	-7.147387083752615444e-01	0.000000000000000000e+00
8.529460045481551678e-01	-7.180079590342037799e-01	0.000000000000000000e+00
