0.000000000000000000e+00	1.054819934965110617e+00	0.000000000000000000e+00
1.574622305779267706e-02	9.193054570151192317e-01	0.000000000000000000e+00
2.881130398522337502e-02	8.701454645046841074e-01	0.000000000000000000e+00
4.542304616681633322e-02	8.419868172163369469e-01	0.000000000000000000e+00
6.216947684027238769e-02	7.457068993943194446e-01	0.000000000000000000e+00
7.007836363882095909e-02	7.448036194222141804e-01	0.000000000000000000e+00
9.140014753187691854e-02	7.235739852387189641e-01	0.000000000000000000e+00
9.140014753187691854e-02	7.235739852387189641e-01	0.000000000000000000e+00
9.140014753187691854e-02	7.235739852387189641e-01	0.000000000000000000e+00
9.140014753187691854e-02	7.235739852387189641e-01	0.000000000000000000e+00
9.140014753187691854e-02	7.235739852387189641e-01	0.000000000000000000e+00
9.140014753187691854e-02	7.235739852387189641e-01	0.000000000000000000e+00
1.944412134446028839e-01	6.921892821342598978e-01	0.000000000000000000e+00
2.032638517366648356e-01	6.016489502855231208e-01	0.000000000000000000e+00
2.112836196929075705e-01	5.240722650688658391e-01	0.000000000000000000e+00
2.181247709675344371e-01	4.897225486690993113e-01	0.000000000000000000e+00
2.234627132634324220e-01	4.422471233915509781e-01	0.000000000000000000e+00
2.350493614164304024e-01	3.626937684297658615e-01	0.000000000000000000e+00
2.350493614164304024e-01	3.626937684297658615e-01	0.000000000000000000e+00
2.466981262511173112e-01	3.071676880816036626e-01	0.000000000000000000e+00
2.542350964299286975e-01	2.951315785771638778e-01	0.000000000000000000e+00
2.542350964299286975e-01	2.951315785771638778e-01	0.000000000000000000e+00
2.542350964299286975e-01	2.951315785771638778e-01	0.000000000000000000e+00
2.542350964299286975e-01	2.951315785771638778e-01	0.000000000000000000e+00
2.542350964299286975e-01	2.951315785771638778e-01	0.000000000000000000e+00
2.542350964299286975e-01	2.951315785771638778e-01	0.000000000000000000e+00
2.542350964299286975e-01	2.951315785771638778e-01	0.000000000000000000e+00
2.542350964299286975e-01	2.951315785771638778e-01	0.000000000000000000e+00
2.495216800673473456e-01	2.968703787021985674e-01	0.000000000000000000e+00
4.195394037957994038e-01	1.975437856146372573e-01	0.000000000000000000e+00
4.195394037957994038e-01	1.975437856146372573e-01	0.000000000000000000e+00
4.195394037957994038e-01	1.604891067780299940e-01	0.000000000000000000e+00
4.220717322356881684e-01	1.415672793834576726e-01	0.000000000000000000e+00
4.273147940127041688e-01	7.215849747856761809e-02	0.000000000000000000e+00
4.273147940127041688e-01	7.215849747856761809e-02	0.000000000000000000e+00
4.312799936400336098e-01	2.923032492598938090e-02	0.000000000000000000e+00
4.337354087637413369e-01	2.097655744345631665e-02	0.000000000000000000e+00
4.395457596729526739e-01	-4.017535347490535508e-02	0.000000000000000000e+00
4.395457596729526739e-01	-4.017535347490535508e-02	0.000000000000000000e+00
4.468358515951316168e-01	-5.929432756399979215e-02	0.000000000000000000e+00
4.505707281130795216e-01	-8.441927874854154856e-02	0.000000000000000000e+00
4.505707281130795216e-01	-8.780137657296767373e-02	0.000000000000000000e+00
4.505707281130795216e-01	-8.780137657296767373e-02	0.000000000000000000e+00
4.505707281130795216e-01	-8.780137657296767373e-02	0.000000000000000000e+00
4.505707281130795216e-01	-8.780137657296767373e-02	0.000000000000000000e+00
4.505707281130795216e-01	-8.780137657296767373e-02	0.000000000000000000e+00
4.505707281130795216e-01	-8.780137657296767373e-02	0.000000000000000000e+00
4.505707281130795216e-01	-8.780137657296767373e-02	0.000000000000000000e+00
4.505707281130795216e-01	-8.780137657296767373e-02	0.000000000000000000e+00
6.213709545934551493e-01	-1.255122446938803371e-01	0.000000000000000000e+00
6.213709545934551493e-01	-1.324857884880834280e-01	0.000000000000000000e+00
6.246780846237256490e-01	-1.892173716139811390e-01	0.000000000000000000e+00
6.246780846237256490e-01	-1.892173716139811390e-01	0.000000000000000000e+00
6.256631132904025838e-01	-2.036681477169823562e-01	0.000000000000000000e+00
6.286984810311526672e-01	-2.286852545185796004e-01	0.000000000000000000e+00
6.322773733509436944e-01	-2.937104554813808610e-01	0.000000000000000000e+00
6.322773733509436944e-01	-2.937104554813808610e-01	0.000000000000000000e+00
6.322773733509436944e-01	-2.937104554813808610e-01	0.000000000000000000e+00
6.322773733509436944e-01	-2.937104554813808610e-01	0.000000000000000000e+00
6.347692165126528341e-01	-3.124627472142579299e-01	0.000000000000000000e+00
6.369713491760259361e-01	-3.321856150920858841e-01	0.000000000000000000e+00
6.412323295737673012e-01	-3.628596119924224483e-01	0.000000000000000000e+00
6.412323295737673012e-01	-3.628596119924224483e-01	0.000000000000000000e+00
6.439822483448119916e-01	-3.825016522293198107e-01	0.000000000000000000e+00
6.455675186690911227e-01	-3.948990156179250643e-01	0.000000000000000000e+00
6.477077754810394161e-01	-4.050704054134591781e-01	0.000000000000000000e+00
6.512464028912439140e-01	-4.195887946922770562e-01	0.000000000000000000e+00
6.512464028912439140e-01	-4.195887946922770562e-01	0.000000000000000000e+00
6.512464028912439140e-01	-4.195887946922770562e-01	0.000000000000000000e+00
6.545638135465633445e-01	-4.188893984293284301e-01	0.000000000000000000e+00
6.545638135465633445e-01	-4.188893984293284301e-01	0.000000000000000000e+00
6.545638135465633445e-01	-4.188893984293284301e-01	0.000000000000000000e+00
8.266667472241953085e-01	-4.842491453483955821e-01	0.000000000000000000e+00
8.266667472241953085e-01	-4.842491453483955821e-01	0.000000000000000000e+00
8.266667472241953085e-01	-4.842491453483955821e-01	0.000000000000000000e+00
8.266667472241953085e-01	-4.842491453483955821e-01	0.000000000000000000e+00
8.266667472241953085e-01	-4.882665487176703345e-01	0.000000000000000000e+00
8.287999134700356763e-01	-5.021014027576563565e-01	0.000000000000000000e+00
8.287999134700356763e-01	-5.163481870286684705e-01	0.000000000000000000e+00
8.293226786522790439e-01	-5.299825009566613288e-01	0.000000000000000000e+00
8.312133603392072301e-01	-5.462303281527779442e-01	0.000000000000000000e+00
8.341347138995631738e-01	-5.741505239266414540e-01	0.000000000000000000e+00
8.341347138995631738e-01	-5.741505239266414540e-01	0.000000000000000000e+00
8.341347138995631738e-01	-5.858540777188270265e-01	0.000000000000000000e+00
8.355246867179807468e-01	-5.983061802392548589e-01	0.000000000000000000e+00
8.362879084515882910e-01	-6.151379489990294047e-01	0.000000000000000000e+00
8.362879084515882910e-01	-6.151379489990294047e-01	0.000000000000000000e+00
8.367455614093719518e-01	-6.280124652589648138e-01	0.000000000000000000e+00
8.388835567262227233e-01	-6.473723909904057772e-01	0.000000000000000000e+00
8.388835567262227233e-01	-6.473723909904057772e-01	0.000000000000000000e+00
8.395265993630346424e-01	-6.603063476780179908e-01	0.000000000000000000e+00
8.412895743498647327e-01	-6.692980829178386548e-01	0.000000000000000000e+00
8.412895743498647327e-01	-6.772814169980658772e-01	0.000000000000000000e+00
8.418474403288466190e-01	-6.856379952461824079e-01	0.000000000000000000e+00
8.459127837358595414e-01	-6.996209541168683099e-01	0.000000000000000000e+00
8.482765289488790605e-01	-7.154273275088796069e-01	0.000000000000000000e+00
8.482765289488790605e-01	-7.154273275088796069e-01	0.000000000000000000e+00
8.487402200971910782e-01	-7.274944899143130916e-01	0.000000000000000000e+00
8.514874613913313572e-01	-7.339227450899782346e-01	0.000000000000000000e+00
8.514874613913313572e-01	-7.375509415374126299e-01	0.000000000000000000e+00
