0.000000000000000000e+00	1.355188706439084845e+00	0.000000000000000000e+00
1.574622305779267706e-02	9.053013250919005328e-01	0.000000000000000000e+00
2.881130398522337502e-02	8.701454645046841074e-01	0.000000000000000000e+00
3.966235957101624243e-02	8.244466701539286957e-01	0.000000000000000000e+00
6.216947684027238769e-02	7.457068993943194446e-01	0.000000000000000000e+00
7.007836363882095909e-02	7.448036194222141804e-01	0.000000000000000000e+00
9.140014753187691854e-02	7.216646800408426099e-01	0.000000000000000000e+00
9.140014753187691854e-02	7.216646800408426099e-01	0.000000000000000000e+00
9.140014753187691854e-02	7.216646800408426099e-01	0.000000000000000000e+00
9.140014753187691854e-02	7.216646800408426099e-01	0.000000000000000000e+00
9.140014753187691854e-02	7.216646800408426099e-01	0.000000000000000000e+00
9.140014753187691854e-02	7.216646800408426099e-01	0.000000000000000000e+00
1.943345278372802243e-01	6.568689679284628324e-01	0.000000000000000000e+00
2.024051085997366495e-01	5.936007306923316573e-01	0.000000000000000000e+00
2.112836196929075705e-01	5.204949551800983620e-01	0.000000000000000000e+00
2.181247709675344371e-01	4.863236577139882222e-01	0.000000000000000000e+00
2.234627132634324220e-01	4.238827209599397849e-01	0.000000000000000000e+00
2.314705599340020903e-01	3.622408503355827314e-01	0.000000000000000000e+00
2.350493614164304024e-01	3.466055998745092848e-01	0.000000000000000000e+00
2.466981262511173112e-01	2.880683611509357034e-01	0.000000000000000000e+00
2.586457806166178597e-01	2.801162700094399494e-01	0.000000000000000000e+00
2.586457806166178597e-01	2.756250985958527133e-01	0.000000000000000000e+00
2.586457806166178597e-01	2.756250985958527133e-01	0.000000000000000000e+00
2.586457806166178597e-01	2.756250985958527133e-01	0.000000000000000000e+00
2.586457806166178597e-01	2.756250985958527133e-01	0.000000000000000000e+00
2.586457806166178597e-01	2.756250985958527133e-01	0.000000000000000000e+00
2.586457806166178597e-01	2.756250985958527133e-01	0.000000000000000000e+00
2.586457806166178597e-01	2.756250985958527133e-01	0.000000000000000000e+00
2.586457806166178597e-01	2.756250985958527133e-01	0.000000000000000000e+00
4.195394037957994038e-01	1.399123008355956932e-01	0.000000000000000000e+00
4.195394037957994038e-01	1.399123008355956932e-01	0.000000000000000000e+00
4.195394037957994038e-01	1.399123008355956932e-01	0.000000000000000000e+00
4.195394037957994038e-01	1.399123008355956932e-01	0.000000000000000000e+00
4.237317135999974504e-01	1.076553230325159177e-01	0.000000000000000000e+00
4.273147940127041688e-01	5.387024388667846497e-02	0.000000000000000000e+00
4.312799936400336098e-01	3.559850684393688763e-02	0.000000000000000000e+00
4.320661689335337785e-01	1.288756321298036023e-02	0.000000000000000000e+00
4.348137940119627953e-01	-7.373614978604618037e-03	0.000000000000000000e+00
4.395457596729526739e-01	-3.339175383639100825e-02	0.000000000000000000e+00
4.434534426479367353e-01	-6.673789131452544099e-02	0.000000000000000000e+00
4.459202554192602252e-01	-8.159123863255510201e-02	0.000000000000000000e+00
4.510515494255723512e-01	-9.574835242128282298e-02	0.000000000000000000e+00
4.510515494255723512e-01	-9.574835242128282298e-02	0.000000000000000000e+00
4.510515494255723512e-01	-9.574835242128282298e-02	0.000000000000000000e+00
4.510515494255723512e-01	-9.574835242128282298e-02	0.000000000000000000e+00
4.510515494255723512e-01	-9.574835242128282298e-02	0.000000000000000000e+00
4.510515494255723512e-01	-9.574835242128282298e-02	0.000000000000000000e+00
4.510515494255723512e-01	-9.574835242128282298e-02	0.000000000000000000e+00
4.510515494255723512e-01	-9.574835242128282298e-02	0.000000000000000000e+00
6.213709545934551493e-01	-1.053804099130707383e-01	0.000000000000000000e+00
6.213709545934551493e-01	-1.324857884880834280e-01	0.000000000000000000e+00
6.231604007533506628e-01	-1.720029839142073746e-01	0.000000000000000000e+00
6.246780846237256490e-01	-1.915561881408370248e-01	0.000000000000000000e+00
6.256631132904025838e-01	-2.036681477169823562e-01	0.000000000000000000e+00
6.273844037852216449e-01	-2.204405878638168170e-01	0.000000000000000000e+00
6.286984810311526672e-01	-2.413195717549582731e-01	0.000000000000000000e+00
6.322773733509436944e-01	-2.892754391235300426e-01	0.000000000000000000e+00
6.322773733509436944e-01	-2.892754391235300426e-01	0.000000000000000000e+00
6.322773733509436944e-01	-2.913880332747569857e-01	0.000000000000000000e+00
6.347692165126528341e-01	-3.093005162332398417e-01	0.000000000000000000e+00
6.369713491760259361e-01	-3.321856150920858841e-01	0.000000000000000000e+00
6.371938793018862013e-01	-3.404730870178719337e-01	0.000000000000000000e+00
6.404869968286626136e-01	-3.676371774742294707e-01	0.000000000000000000e+00
6.412323295737673012e-01	-3.745395311057537202e-01	0.000000000000000000e+00
6.435145697406866594e-01	-3.944426960216643741e-01	0.000000000000000000e+00
6.477077754810394161e-01	-4.050704054134591781e-01	0.000000000000000000e+00
6.512464028912439140e-01	-4.174280015067945993e-01	0.000000000000000000e+00
6.538874803045718886e-01	-4.277161997321410891e-01	0.000000000000000000e+00
6.538874803045718886e-01	-4.278183397616110439e-01	0.000000000000000000e+00
6.538874803045718886e-01	-4.278183397616110439e-01	0.000000000000000000e+00
6.538874803045718886e-01	-4.278183397616110439e-01	0.000000000000000000e+00
6.538874803045718886e-01	-4.278183397616110439e-01	0.000000000000000000e+00
8.247075261325196305e-01	-4.374767436658522080e-01	0.000000000000000000e+00
8.260717386850315869e-01	-4.819569691462488592e-01	0.000000000000000000e+00
8.260717386850315869e-01	-4.819569691462488592e-01	0.000000000000000000e+00
8.260717386850315869e-01	-4.819569691462488592e-01	0.000000000000000000e+00
8.266667472241953085e-01	-4.879049877145139602e-01	0.000000000000000000e+00
8.284849084568866040e-01	-5.170726470007400710e-01	0.000000000000000000e+00
8.284849084568866040e-01	-5.170726470007400710e-01	0.000000000000000000e+00
8.293226786522790439e-01	-5.299825009566613288e-01	0.000000000000000000e+00
8.302728252162884237e-01	-5.428435964680170533e-01	0.000000000000000000e+00
8.307902442141713584e-01	-5.565900134825948475e-01	0.000000000000000000e+00
8.319993109791395947e-01	-5.776810931878009203e-01	0.000000000000000000e+00
8.325452257216616747e-01	-5.790890973834935673e-01	0.000000000000000000e+00
8.341347138995631738e-01	-6.072978221249256681e-01	0.000000000000000000e+00
8.341347138995631738e-01	-6.072978221249256681e-01	0.000000000000000000e+00
8.350871400420540880e-01	-6.154445382907801632e-01	0.000000000000000000e+00
8.369976757719368443e-01	-6.352629018017117435e-01	0.000000000000000000e+00
8.369976757719368443e-01	-6.352629018017117435e-01	0.000000000000000000e+00
8.370209322364298155e-01	-6.458997696646637809e-01	0.000000000000000000e+00
8.381174003474237688e-01	-6.575478399947718433e-01	0.000000000000000000e+00
8.388124629157172052e-01	-6.654092367620003667e-01	0.000000000000000000e+00
8.399071505732964571e-01	-6.747734298360679173e-01	0.000000000000000000e+00
8.412895743498647327e-01	-6.862025251908635548e-01	0.000000000000000000e+00
8.418474403288466190e-01	-6.939211334971087108e-01	0.000000000000000000e+00
8.444158005512509835e-01	-7.035957078520466146e-01	0.000000000000000000e+00
8.461106622616726414e-01	-7.157758150322138802e-01	0.000000000000000000e+00
8.461106622616726414e-01	-7.237289657500485252e-01	0.000000000000000000e+00
8.509019499767290773e-01	-7.324484815497876999e-01	0.000000000000000000e+00
8.509019499767290773e-01	-7.383359325606634327e-01	0.000000000000000000e+00
