0.000000000000000000e+00	1.286278862850331883e+00	0.000000000000000000e+00
1.574622305779267706e-02	9.053013250919005328e-01	0.000000000000000000e+00
3.160143783707085319e-02	8.345524393641635674e-01	0.000000000000000000e+00
4.626551762193366335e-02	7.745751608349011885e-01	0.000000000000000000e+00
6.216947684027238769e-02	7.302158034244737861e-01	0.000000000000000000e+00
7.678481218607464964e-02	7.009545563375115806e-01	0.000000000000000000e+00
7.678481218607464964e-02	7.000837249450715394e-01	0.000000000000000000e+00
7.678481218607464964e-02	7.000837249450715394e-01	0.000000000000000000e+00
7.678481218607464964e-02	7.000837249450715394e-01	0.000000000000000000e+00
7.678481218607464964e-02	7.000837249450715394e-01	0.000000000000000000e+00
7.678481218607464964e-02	7.000837249450715394e-01	0.000000000000000000e+00
7.678481218607464964e-02	7.000837249450715394e-01	0.000000000000000000e+00
1.918827920384876540e-01	6.473473401024754104e-01	0.000000000000000000e+00
2.016361441099918939e-01	5.841465230843172485e-01	0.000000000000000000e+00
2.097819158398352979e-01	5.182654350997716319e-01	0.000000000000000000e+00
2.167416019423372420e-01	4.702832883432238598e-01	0.000000000000000000e+00
2.234627132634324220e-01	4.034723334628783631e-01	0.000000000000000000e+00
2.314705599340020903e-01	3.723002365200094865e-01	0.000000000000000000e+00
2.380890489424062340e-01	3.300181630357719165e-01	0.000000000000000000e+00
2.404084269026928733e-01	2.959599752461634647e-01	0.000000000000000000e+00
2.539960372440007719e-01	2.568937693942071609e-01	0.000000000000000000e+00
2.539960372440007719e-01	2.560346017709190791e-01	0.000000000000000000e+00
2.539960372440007719e-01	2.560346017709190791e-01	0.000000000000000000e+00
2.539960372440007719e-01	2.560346017709190791e-01	0.000000000000000000e+00
2.539960372440007719e-01	2.560346017709190791e-01	0.000000000000000000e+00
2.539960372440007719e-01	2.560346017709190791e-01	0.000000000000000000e+00
2.539960372440007719e-01	2.560346017709190791e-01	0.000000000000000000e+00
2.539960372440007719e-01	2.560346017709190791e-01	0.000000000000000000e+00
2.539960372440007719e-01	2.560346017709190791e-01	0.000000000000000000e+00
2.539960372440007719e-01	2.560346017709190791e-01	0.000000000000000000e+00
4.140669103736951406e-01	2.092837990594735298e-01	0.000000000000000000e+00
4.180835693761211225e-01	1.451749709221289431e-01	0.000000000000000000e+00
4.195394037957994038e-01	1.399123008355956932e-01	0.000000000000000000e+00
4.223724002284282575e-01	9.858582654065561890e-02	0.000000000000000000e+00
4.244210322388844436e-01	7.192450815165638001e-02	0.000000000000000000e+00
4.270462065191178991e-01	4.425414183935238999e-02	0.000000000000000000e+00
4.320661689335337785e-01	1.440453524821528990e-02	0.000000000000000000e+00
4.361462668866977754e-01	-2.844258806866330203e-02	0.000000000000000000e+00
4.384149838562633739e-01	-4.481931847612910524e-02	0.000000000000000000e+00
4.392118040295648895e-01	-6.149509666894636961e-02	0.000000000000000000e+00
4.459202554192602252e-01	-8.297898385056802495e-02	0.000000000000000000e+00
4.510515494255723512e-01	-1.036244552812513736e-01	0.000000000000000000e+00
4.510515494255723512e-01	-1.069508478247650496e-01	0.000000000000000000e+00
4.510515494255723512e-01	-1.069508478247650496e-01	0.000000000000000000e+00
4.510515494255723512e-01	-1.069508478247650496e-01	0.000000000000000000e+00
4.510515494255723512e-01	-1.069508478247650496e-01	0.000000000000000000e+00
4.510515494255723512e-01	-1.069508478247650496e-01	0.000000000000000000e+00
4.510515494255723512e-01	-1.069508478247650496e-01	0.000000000000000000e+00
4.510515494255723512e-01	-1.069508478247650496e-01	0.000000000000000000e+00
6.206605428162793592e-01	-1.383736036420916971e-01	0.000000000000000000e+00
6.206605428162793592e-01	-1.383736036420916971e-01	0.000000000000000000e+00
6.231604007533506628e-01	-1.590522388844466950e-01	0.000000000000000000e+00
6.246780846237256490e-01	-1.841144380917708878e-01	0.000000000000000000e+00
6.246780846237256490e-01	-1.979780281190983426e-01	0.000000000000000000e+00
6.273844037852216449e-01	-2.309017314905432994e-01	0.000000000000000000e+00
6.286984810311526672e-01	-2.554215115986724349e-01	0.000000000000000000e+00
6.286984810311526672e-01	-2.563030066963543629e-01	0.000000000000000000e+00
6.309823415463176044e-01	-2.765038496592365780e-01	0.000000000000000000e+00
6.345338924552655913e-01	-3.023371525695725537e-01	0.000000000000000000e+00
6.350034891334973564e-01	-3.152941614321718156e-01	0.000000000000000000e+00
6.369713491760259361e-01	-3.293516414618871124e-01	0.000000000000000000e+00
6.377136301729139367e-01	-3.688645192688177477e-01	0.000000000000000000e+00
6.377136301729139367e-01	-3.688645192688177477e-01	0.000000000000000000e+00
6.412323295737673012e-01	-3.859399375962010437e-01	0.000000000000000000e+00
6.432222542596234272e-01	-4.053619445230099427e-01	0.000000000000000000e+00
6.432222542596234272e-01	-4.053619445230099427e-01	0.000000000000000000e+00
6.499169399580407847e-01	-4.227841584639172590e-01	0.000000000000000000e+00
6.538874803045718886e-01	-4.286423304516249755e-01	0.000000000000000000e+00
6.538874803045718886e-01	-4.293051876372601106e-01	0.000000000000000000e+00
6.538874803045718886e-01	-4.293051876372601106e-01	0.000000000000000000e+00
6.538874803045718886e-01	-4.293051876372601106e-01	0.000000000000000000e+00
6.538874803045718886e-01	-4.293051876372601106e-01	0.000000000000000000e+00
8.247075261325196305e-01	-4.316709847023585400e-01	0.000000000000000000e+00
8.255179914200528879e-01	-4.481679237371326563e-01	0.000000000000000000e+00
8.260717386850315869e-01	-4.659499479234344710e-01	0.000000000000000000e+00
8.260717386850315869e-01	-4.798405928268335563e-01	0.000000000000000000e+00
8.272750837804466739e-01	-4.994320221087004685e-01	0.000000000000000000e+00
8.272750837804466739e-01	-5.039555682861944774e-01	0.000000000000000000e+00
8.284849084568866040e-01	-5.194583273900914566e-01	0.000000000000000000e+00
8.294240732443594055e-01	-5.421403555499039184e-01	0.000000000000000000e+00
8.305584234636531615e-01	-5.455903887192186108e-01	0.000000000000000000e+00
8.307902442141713584e-01	-5.677816990289162868e-01	0.000000000000000000e+00
8.316743987981577435e-01	-5.739823509345008956e-01	0.000000000000000000e+00
8.324273775659345453e-01	-5.846997498871416843e-01	0.000000000000000000e+00
8.336596406175584839e-01	-6.024387526446584040e-01	0.000000000000000000e+00
8.344840992412294600e-01	-6.186144828489442693e-01	0.000000000000000000e+00
8.344840992412294600e-01	-6.186144828489442693e-01	0.000000000000000000e+00
8.360326541093574537e-01	-6.298893068564384023e-01	0.000000000000000000e+00
8.366272069476090589e-01	-6.373584968459969913e-01	0.000000000000000000e+00
8.373765324310911140e-01	-6.470833550719211624e-01	0.000000000000000000e+00
8.381174003474237688e-01	-6.575478399947718433e-01	0.000000000000000000e+00
8.388124629157172052e-01	-6.702729819769763786e-01	0.000000000000000000e+00
8.407297924908717635e-01	-6.775964368295738227e-01	0.000000000000000000e+00
8.412895743498647327e-01	-6.862025251908635548e-01	0.000000000000000000e+00
8.418465409031202773e-01	-7.048510874062835496e-01	0.000000000000000000e+00
8.418465409031202773e-01	-7.048510874062835496e-01	0.000000000000000000e+00
8.438777016349414684e-01	-7.153981457214303452e-01	0.000000000000000000e+00
8.451873379927712371e-01	-7.250656221763059905e-01	0.000000000000000000e+00
8.461106622616726414e-01	-7.392462232363486985e-01	0.000000000000000000e+00
8.488914299912713179e-01	-7.402594161001292417e-01	0.000000000000000000e+00
