0.000000000000000000e+00	3.709890928670096066e+00	0.000000000000000000e+00
0.000000000000000000e+00	3.709890928670096066e+00	0.000000000000000000e+00
4.865291664009526590e-02	3.218028965756544846e+00	0.000000000000000000e+00
8.742421154766111258e-02	3.136421080726071065e+00	0.000000000000000000e+00
1.061011780790425962e-01	2.855175330814293311e+00	0.000000000000000000e+00
1.061011780790425962e-01	2.855175330814293311e+00	0.000000000000000000e+00
1.061011780790425962e-01	2.855175330814293311e+00	0.000000000000000000e+00
1.709071083407840974e-01	2.794944507621971663e+00	0.000000000000000000e+00
1.931778856821886603e-01	2.716684432145088923e+00	0.000000000000000000e+00
2.114913237709734328e-01	2.432326675318779330e+00	0.000000000000000000e+00
2.114913237709734328e-01	2.362909130076176201e+00	0.000000000000000000e+00
2.271813437274823322e-01	2.188911814919340504e+00	0.000000000000000000e+00
2.424126782185338502e-01	2.046404913773570033e+00	0.000000000000000000e+00
2.518688170443444396e-01	1.998270176564664657e+00	0.000000000000000000e+00
2.634064087454552894e-01	1.957544535802131058e+00	0.000000000000000000e+00
2.634064087454552894e-01	1.957544535802131058e+00	0.000000000000000000e+00
2.634064087454552894e-01	1.957544535802131058e+00	0.000000000000000000e+00
2.634064087454552894e-01	1.957544535802131058e+00	0.000000000000000000e+00
2.634064087454552894e-01	1.957544535802131058e+00	0.000000000000000000e+00
2.634064087454552894e-01	1.971261602835220117e+00	0.000000000000000000e+00
2.634064087454552894e-01	1.971261602835220117e+00	0.000000000000000000e+00
2.518688170443444396e-01	2.002018289712066412e+00	0.000000000000000000e+00
4.534177925007191745e-01	1.863483886527341760e+00	0.000000000000000000e+00
4.534177925007191745e-01	1.634146147977482810e+00	0.000000000000000000e+00
4.534177925007191745e-01	1.634146147977482810e+00	0.000000000000000000e+00
4.534177925007191745e-01	1.634146147977482810e+00	0.000000000000000000e+00
4.534177925007191745e-01	1.634146147977482810e+00	0.000000000000000000e+00
4.534177925007191745e-01	1.634146147977482810e+00	0.000000000000000000e+00
4.534177925007191745e-01	1.634146147977482810e+00	0.000000000000000000e+00
4.534177925007191745e-01	1.634146147977482810e+00	0.000000000000000000e+00
4.534177925007191745e-01	1.634146147977482810e+00	0.000000000000000000e+00
4.534177925007191745e-01	1.634146147977482810e+00	0.000000000000000000e+00
6.426769126867299953e-01	1.413115499524211005e+00	0.000000000000000000e+00
6.426769126867299953e-01	1.413115499524211005e+00	0.000000000000000000e+00
6.426769126867299953e-01	1.413115499524211005e+00	0.000000000000000000e+00
6.426769126867299953e-01	1.413115499524211005e+00	0.000000000000000000e+00
6.426769126867299953e-01	1.413115499524211005e+00	0.000000000000000000e+00
6.426769126867299953e-01	1.413115499524211005e+00	0.000000000000000000e+00
6.426769126867299953e-01	1.369726004549691734e+00	0.000000000000000000e+00
6.455251111464486158e-01	1.304288118073576808e+00	0.000000000000000000e+00
6.578289132792761729e-01	1.262790879026199020e+00	0.000000000000000000e+00
6.578289132792761729e-01	1.262790879026199020e+00	0.000000000000000000e+00
6.578289132792761729e-01	1.242885215671567511e+00	0.000000000000000000e+00
6.578289132792761729e-01	1.183890139027162558e+00	0.000000000000000000e+00
6.578289132792761729e-01	1.145073236093465230e+00	0.000000000000000000e+00
6.578289132792761729e-01	1.145073236093465230e+00	0.000000000000000000e+00
6.578289132792761729e-01	1.145073236093465230e+00	0.000000000000000000e+00
6.578289132792761729e-01	1.145073236093465230e+00	0.000000000000000000e+00
6.578289132792761729e-01	1.145073236093465230e+00	0.000000000000000000e+00
6.578289132792761729e-01	1.145073236093465230e+00	0.000000000000000000e+00
6.578289132792761729e-01	1.145073236093465230e+00	0.000000000000000000e+00
6.578289132792761729e-01	1.145073236093465230e+00	0.000000000000000000e+00
8.452453351317096297e-01	9.599530348692578707e-01	0.000000000000000000e+00
8.452453351317096297e-01	9.599530348692578707e-01	0.000000000000000000e+00
8.452453351317096297e-01	9.599530348692578707e-01	0.000000000000000000e+00
8.452453351317096297e-01	8.800172225384439439e-01	0.000000000000000000e+00
8.452453351317096297e-01	8.800172225384439439e-01	0.000000000000000000e+00
8.452453351317096297e-01	8.800172225384439439e-01	0.000000000000000000e+00
8.452453351317096297e-01	8.800172225384439439e-01	0.000000000000000000e+00
8.452453351317096297e-01	8.800172225384439439e-01	0.000000000000000000e+00
8.452453351317096297e-01	8.800172225384439439e-01	0.000000000000000000e+00
8.452453351317096297e-01	8.800172225384439439e-01	0.000000000000000000e+00
8.499591476735121054e-01	7.114686336719461268e-01	0.000000000000000000e+00
8.499591476735121054e-01	7.114686336719461268e-01	0.000000000000000000e+00
8.499591476735121054e-01	7.114686336719461268e-01	0.000000000000000000e+00
8.499591476735121054e-01	7.114686336719461268e-01	0.000000000000000000e+00
8.499591476735121054e-01	7.114686336719461268e-01	0.000000000000000000e+00
8.521027007899514283e-01	6.543028373180831414e-01	0.000000000000000000e+00
8.521027007899514283e-01	6.543028373180831414e-01	0.000000000000000000e+00
8.521027007899514283e-01	6.543028373180831414e-01	0.000000000000000000e+00
8.521027007899514283e-01	6.543028373180831414e-01	0.000000000000000000e+00
8.521027007899514283e-01	6.543028373180831414e-01	0.000000000000000000e+00
8.521027007899514283e-01	6.543028373180831414e-01	0.000000000000000000e+00
8.521027007899514283e-01	6.543028373180831414e-01	0.000000000000000000e+00
8.557406099959492529e-01	5.463414025642038263e-01	0.000000000000000000e+00
8.557406099959492529e-01	5.463414025642038263e-01	0.000000000000000000e+00
8.557406099959492529e-01	5.463414025642038263e-01	0.000000000000000000e+00
8.557406099959492529e-01	5.005199318712690859e-01	0.000000000000000000e+00
8.557406099959492529e-01	5.005199318712690859e-01	0.000000000000000000e+00
8.557406099959492529e-01	5.238143011953301231e-01	0.000000000000000000e+00
8.557406099959492529e-01	5.238143011953301231e-01	0.000000000000000000e+00
8.557406099959492529e-01	5.238143011953301231e-01	0.000000000000000000e+00
8.557406099959492529e-01	5.238143011953301231e-01	0.000000000000000000e+00
8.557406099959492529e-01	4.754491608637737010e-01	0.000000000000000000e+00
8.557406099959492529e-01	4.754491608637737010e-01	0.000000000000000000e+00
8.557406099959492529e-01	4.754491608637737010e-01	0.000000000000000000e+00
8.557406099959492529e-01	4.754491608637737010e-01	0.000000000000000000e+00
8.557406099959492529e-01	4.595404149900809143e-01	0.000000000000000000e+00
8.557406099959492529e-01	4.584514017596136304e-01	0.000000000000000000e+00
8.557406099959492529e-01	4.584514017596136304e-01	0.000000000000000000e+00
8.557406099959492529e-01	4.584514017596136304e-01	0.000000000000000000e+00
8.557406099959492529e-01	4.584514017596136304e-01	0.000000000000000000e+00
8.557406099959492529e-01	4.537183792034869545e-01	0.000000000000000000e+00
8.557406099959492529e-01	4.537183792034869545e-01	0.000000000000000000e+00
8.557406099959492529e-01	4.537183792034869545e-01	0.000000000000000000e+00
8.557406099959492529e-01	4.537183792034869545e-01	0.000000000000000000e+00
8.557406099959492529e-01	4.537183792034869545e-01	0.000000000000000000e+00
8.557406099959492529e-01	4.537183792034869545e-01	0.000000000000000000e+00
8.557406099959492529e-01	4.537183792034869545e-01	0.000000000000000000e+00
8.557406099959492529e-01	4.537183792034869545e-01	0.000000000000000000e+00
