0.000000000000000000e+00	3.524205675483921052e+00	0.000000000000000000e+00
1.037572697875062400e-02	2.881078080923357820e+00	0.000000000000000000e+00
3.809033370588146838e-02	2.498679407974550237e+00	0.000000000000000000e+00
3.809033370588146838e-02	2.498679407974550237e+00	0.000000000000000000e+00
7.095199210671206125e-02	2.354508611509290361e+00	0.000000000000000000e+00
9.395068340866706558e-02	2.310479837718851126e+00	0.000000000000000000e+00
1.215011461343587507e-01	2.102530965669812790e+00	0.000000000000000000e+00
1.215011461343587507e-01	2.102530965669812790e+00	0.000000000000000000e+00
1.602537058286521987e-01	2.059844259842486647e+00	0.000000000000000000e+00
1.602537058286521987e-01	2.059844259842486647e+00	0.000000000000000000e+00
1.804030093974599014e-01	1.969120957380547488e+00	0.000000000000000000e+00
1.965298839349019777e-01	1.883388032181678939e+00	0.000000000000000000e+00
1.965298839349019777e-01	1.883388032181678939e+00	0.000000000000000000e+00
2.179173782977315010e-01	1.688222005275189286e+00	0.000000000000000000e+00
2.262480428922054310e-01	1.621376714380754480e+00	0.000000000000000000e+00
2.329173544617177682e-01	1.579681077568847014e+00	0.000000000000000000e+00
2.424504722916388244e-01	1.545283576877825249e+00	0.000000000000000000e+00
2.491465722913072112e-01	1.510193480449450787e+00	0.000000000000000000e+00
2.579502746514786837e-01	1.493108112499263118e+00	0.000000000000000000e+00
2.579502746514786837e-01	1.493108112499263118e+00	0.000000000000000000e+00
2.579502746514786837e-01	1.493108112499263118e+00	0.000000000000000000e+00
2.491465722913072112e-01	1.510193480449450787e+00	0.000000000000000000e+00
2.491465722913072112e-01	1.510193480449450787e+00	0.000000000000000000e+00
2.491465722913072112e-01	1.510193480449450787e+00	0.000000000000000000e+00
2.491465722913072112e-01	1.510193480449450787e+00	0.000000000000000000e+00
2.491465722913072112e-01	1.527843919625154312e+00	0.000000000000000000e+00
4.261037824608265301e-01	1.385358714134639735e+00	0.000000000000000000e+00
4.261037824608265301e-01	1.385358714134639735e+00	0.000000000000000000e+00
4.210220990403154007e-01	1.367082212661925755e+00	0.000000000000000000e+00
4.320538889394808790e-01	1.246323496108712847e+00	0.000000000000000000e+00
4.272775034989165777e-01	1.240621327746325386e+00	0.000000000000000000e+00
4.272775034989165777e-01	1.240621327746325386e+00	0.000000000000000000e+00
4.320538889394808790e-01	1.218242937440190188e+00	0.000000000000000000e+00
4.402755491357641660e-01	1.160010787922873154e+00	0.000000000000000000e+00
4.472866801111991530e-01	1.096959145378834100e+00	0.000000000000000000e+00
4.472866801111991530e-01	1.072883854455149777e+00	0.000000000000000000e+00
4.472866801111991530e-01	1.072883854455149777e+00	0.000000000000000000e+00
4.472866801111991530e-01	1.072883854455149777e+00	0.000000000000000000e+00
4.472866801111991530e-01	1.072883854455149777e+00	0.000000000000000000e+00
4.472866801111991530e-01	1.071477102233800327e+00	0.000000000000000000e+00
4.472866801111991530e-01	1.071477102233800327e+00	0.000000000000000000e+00
4.472866801111991530e-01	1.071477102233800327e+00	0.000000000000000000e+00
4.472866801111991530e-01	1.071477102233800327e+00	0.000000000000000000e+00
4.472866801111991530e-01	1.071477102233800327e+00	0.000000000000000000e+00
4.472866801111991530e-01	1.071477102233800327e+00	0.000000000000000000e+00
6.498555637145233543e-01	7.885144257915034371e-01	0.000000000000000000e+00
6.498555637145233543e-01	8.125748075840969475e-01	0.000000000000000000e+00
6.498555637145233543e-01	8.125748075840969475e-01	0.000000000000000000e+00
6.498555637145233543e-01	8.125748075840969475e-01	0.000000000000000000e+00
6.498555637145233543e-01	8.125748075840969475e-01	0.000000000000000000e+00
6.498555637145233543e-01	8.125748075840969475e-01	0.000000000000000000e+00
6.498555637145233543e-01	8.125748075840969475e-01	0.000000000000000000e+00
6.498555637145233543e-01	8.125748075840969475e-01	0.000000000000000000e+00
6.498555637145233543e-01	8.125748075840969475e-01	0.000000000000000000e+00
6.498555637145233543e-01	8.178412126908825019e-01	0.000000000000000000e+00
6.498555637145233543e-01	7.223785723154130256e-01	0.000000000000000000e+00
6.498555637145233543e-01	7.223785723154130256e-01	0.000000000000000000e+00
6.498555637145233543e-01	7.223785723154130256e-01	0.000000000000000000e+00
6.498555637145233543e-01	7.223785723154130256e-01	0.000000000000000000e+00
6.498555637145233543e-01	7.223785723154130256e-01	0.000000000000000000e+00
6.498555637145233543e-01	7.223785723154130256e-01	0.000000000000000000e+00
6.498555637145233543e-01	7.223785723154130256e-01	0.000000000000000000e+00
6.498555637145233543e-01	7.223785723154130256e-01	0.000000000000000000e+00
8.365616900209965623e-01	3.537324117256626099e-01	0.000000000000000000e+00
8.365616900209965623e-01	3.537324117256626099e-01	0.000000000000000000e+00
8.365616900209965623e-01	3.537324117256626099e-01	0.000000000000000000e+00
8.365616900209965623e-01	3.537324117256626099e-01	0.000000000000000000e+00
8.365616900209965623e-01	3.537324117256626099e-01	0.000000000000000000e+00
8.365616900209965623e-01	3.537324117256626099e-01	0.000000000000000000e+00
8.365616900209965623e-01	3.537324117256626099e-01	0.000000000000000000e+00
8.374122386896714065e-01	6.330288297663790864e-01	0.000000000000000000e+00
8.374604197945690887e-01	5.906634794291834023e-01	0.000000000000000000e+00
8.374604197945690887e-01	5.906634794291834023e-01	0.000000000000000000e+00
8.374604197945690887e-01	5.612771015010079578e-01	0.000000000000000000e+00
8.374604197945690887e-01	5.612771015010079578e-01	0.000000000000000000e+00
8.374604197945690887e-01	5.612771015010079578e-01	0.000000000000000000e+00
8.374604197945690887e-01	5.612771015010079578e-01	0.000000000000000000e+00
8.379543604978472171e-01	5.531639098073277694e-01	0.000000000000000000e+00
8.402009009102496817e-01	5.270671608361994220e-01	0.000000000000000000e+00
8.402009009102496817e-01	5.270671608361994220e-01	0.000000000000000000e+00
8.404010205269474287e-01	4.660894204437630584e-01	0.000000000000000000e+00
8.404010205269474287e-01	4.518026985594825740e-01	0.000000000000000000e+00
8.404010205269474287e-01	4.518026985594825740e-01	0.000000000000000000e+00
8.404010205269474287e-01	4.518026985594825740e-01	0.000000000000000000e+00
8.404010205269474287e-01	4.518026985594825740e-01	0.000000000000000000e+00
8.404010205269474287e-01	4.518026985594825740e-01	0.000000000000000000e+00
8.557406099959492529e-01	2.794334093150517284e-01	0.000000000000000000e+00
8.557406099959492529e-01	2.794334093150517284e-01	0.000000000000000000e+00
8.557406099959492529e-01	2.794334093150517284e-01	0.000000000000000000e+00
8.557406099959492529e-01	2.794334093150517284e-01	0.000000000000000000e+00
8.557406099959492529e-01	2.794334093150517284e-01	0.000000000000000000e+00
8.557406099959492529e-01	2.794334093150517284e-01	0.000000000000000000e+00
8.557406099959492529e-01	2.794334093150517284e-01	0.000000000000000000e+00
8.557406099959492529e-01	2.794334093150517284e-01	0.000000000000000000e+00
8.557406099959492529e-01	3.186042751163878362e-01	0.000000000000000000e+00
8.557406099959492529e-01	3.128742853546557234e-01	0.000000000000000000e+00
8.557406099959492529e-01	3.128742853546557234e-01	0.000000000000000000e+00
8.557406099959492529e-01	3.128742853546557234e-01	0.000000000000000000e+00
8.557406099959492529e-01	3.173324869333015719e-01	0.000000000000000000e+00
8.557406099959492529e-01	3.173324869333015719e-01	0.000000000000000000e+00
