0.000000000000000000e+00	3.525456328081547408e+00	0.000000000000000000e+00
1.037572697875062400e-02	2.881078080923357820e+00	0.000000000000000000e+00
3.809033370588146838e-02	2.427615422487176211e+00	0.000000000000000000e+00
3.809033370588146838e-02	2.427615422487176211e+00	0.000000000000000000e+00
7.095199210671206125e-02	2.354508611509290361e+00	0.000000000000000000e+00
9.395068340866706558e-02	2.269939632161766863e+00	0.000000000000000000e+00
1.215011461343587507e-01	2.135099389269936587e+00	0.000000000000000000e+00
1.215011461343587507e-01	2.102530965669812790e+00	0.000000000000000000e+00
1.602537058286521987e-01	2.059844259842486647e+00	0.000000000000000000e+00
1.602537058286521987e-01	2.059844259842486647e+00	0.000000000000000000e+00
1.804030093974599014e-01	1.969120957380547488e+00	0.000000000000000000e+00
1.965298839349019777e-01	1.883388032181678939e+00	0.000000000000000000e+00
1.965298839349019777e-01	1.883388032181678939e+00	0.000000000000000000e+00
2.179173782977315010e-01	1.688222005275189286e+00	0.000000000000000000e+00
2.212520340824876697e-01	1.608173082894849726e+00	0.000000000000000000e+00
2.329173544617177682e-01	1.579681077568847014e+00	0.000000000000000000e+00
2.424504722916388244e-01	1.545283576877825249e+00	0.000000000000000000e+00
2.491465722913072112e-01	1.510193480449450787e+00	0.000000000000000000e+00
2.579502746514786837e-01	1.493108112499263118e+00	0.000000000000000000e+00
2.579502746514786837e-01	1.493108112499263118e+00	0.000000000000000000e+00
2.579502746514786837e-01	1.493108112499263118e+00	0.000000000000000000e+00
2.600243223325781061e-01	1.497130767896398318e+00	0.000000000000000000e+00
2.600243223325781061e-01	1.497130767896398318e+00	0.000000000000000000e+00
2.618588631009146628e-01	1.506455602389253468e+00	0.000000000000000000e+00
2.491465722913072112e-01	1.510193480449450787e+00	0.000000000000000000e+00
2.657120797928257949e-01	1.522608209107976451e+00	0.000000000000000000e+00
4.261037824608265301e-01	1.354837053247299528e+00	0.000000000000000000e+00
4.261037824608265301e-01	1.354837053247299528e+00	0.000000000000000000e+00
4.261037824608265301e-01	1.354837053247299528e+00	0.000000000000000000e+00
4.272775034989165777e-01	1.155593598821619494e+00	0.000000000000000000e+00
4.272775034989165777e-01	1.155593598821619494e+00	0.000000000000000000e+00
4.272775034989165777e-01	1.155593598821619494e+00	0.000000000000000000e+00
4.272775034989165777e-01	1.155593598821619494e+00	0.000000000000000000e+00
4.362197702666869570e-01	1.111373138141321881e+00	0.000000000000000000e+00
4.362197702666869570e-01	1.111373138141321881e+00	0.000000000000000000e+00
4.402755491357641660e-01	1.084536145509847671e+00	0.000000000000000000e+00
4.472866801111991530e-01	1.048940740607062327e+00	0.000000000000000000e+00
4.472866801111991530e-01	1.048940740607062327e+00	0.000000000000000000e+00
4.472866801111991530e-01	1.048940740607062327e+00	0.000000000000000000e+00
4.472866801111991530e-01	1.048940740607062327e+00	0.000000000000000000e+00
4.472866801111991530e-01	1.048940740607062327e+00	0.000000000000000000e+00
4.472866801111991530e-01	1.048940740607062327e+00	0.000000000000000000e+00
4.472866801111991530e-01	1.048940740607062327e+00	0.000000000000000000e+00
4.472866801111991530e-01	1.048940740607062327e+00	0.000000000000000000e+00
4.472866801111991530e-01	1.071477102233800327e+00	0.000000000000000000e+00
6.498555637145233543e-01	1.001952817356695613e+00	0.000000000000000000e+00
6.498555637145233543e-01	1.001952817356695613e+00	0.000000000000000000e+00
6.498555637145233543e-01	8.032330413080107645e-01	0.000000000000000000e+00
6.498555637145233543e-01	8.032330413080107645e-01	0.000000000000000000e+00
6.498555637145233543e-01	8.032330413080107645e-01	0.000000000000000000e+00
6.498555637145233543e-01	8.032330413080107645e-01	0.000000000000000000e+00
6.498555637145233543e-01	8.032330413080107645e-01	0.000000000000000000e+00
6.498555637145233543e-01	8.032330413080107645e-01	0.000000000000000000e+00
6.498555637145233543e-01	8.032330413080107645e-01	0.000000000000000000e+00
6.498555637145233543e-01	8.032330413080107645e-01	0.000000000000000000e+00
6.498555637145233543e-01	7.952061582526052108e-01	0.000000000000000000e+00
6.498555637145233543e-01	7.223165024652663524e-01	0.000000000000000000e+00
6.498555637145233543e-01	7.223165024652663524e-01	0.000000000000000000e+00
6.498555637145233543e-01	7.223165024652663524e-01	0.000000000000000000e+00
6.498555637145233543e-01	7.223165024652663524e-01	0.000000000000000000e+00
6.498555637145233543e-01	7.223165024652663524e-01	0.000000000000000000e+00
6.498555637145233543e-01	7.223165024652663524e-01	0.000000000000000000e+00
6.498555637145233543e-01	7.223165024652663524e-01	0.000000000000000000e+00
6.498555637145233543e-01	7.473153362366923291e-01	0.000000000000000000e+00
8.365616900209965623e-01	4.096728015046949833e-01	0.000000000000000000e+00
8.365616900209965623e-01	4.096728015046949833e-01	0.000000000000000000e+00
8.365616900209965623e-01	4.096728015046949833e-01	0.000000000000000000e+00
8.365616900209965623e-01	4.644793730792790565e-01	0.000000000000000000e+00
8.365616900209965623e-01	4.644793730792790565e-01	0.000000000000000000e+00
8.365616900209965623e-01	4.644793730792790565e-01	0.000000000000000000e+00
8.365616900209965623e-01	4.644793730792790565e-01	0.000000000000000000e+00
8.365616900209965623e-01	4.644793730792790565e-01	0.000000000000000000e+00
8.365616900209965623e-01	4.543289951036827423e-01	0.000000000000000000e+00
8.365616900209965623e-01	4.543289951036827423e-01	0.000000000000000000e+00
8.365616900209965623e-01	4.543289951036827423e-01	0.000000000000000000e+00
8.365616900209965623e-01	4.543289951036827423e-01	0.000000000000000000e+00
8.365616900209965623e-01	4.543289951036827423e-01	0.000000000000000000e+00
8.365616900209965623e-01	4.543289951036827423e-01	0.000000000000000000e+00
8.365616900209965623e-01	4.543289951036827423e-01	0.000000000000000000e+00
8.365616900209965623e-01	4.543289951036827423e-01	0.000000000000000000e+00
8.403009607185984997e-01	4.194532170302229246e-01	0.000000000000000000e+00
8.403009607185984997e-01	4.194532170302229246e-01	0.000000000000000000e+00
8.403009607185984997e-01	4.194532170302229246e-01	0.000000000000000000e+00
8.403009607185984997e-01	4.194532170302229246e-01	0.000000000000000000e+00
8.557406099959492529e-01	2.814875371766084600e-01	0.000000000000000000e+00
8.557406099959492529e-01	2.814875371766084600e-01	0.000000000000000000e+00
8.557406099959492529e-01	2.844277134698280918e-01	0.000000000000000000e+00
8.557406099959492529e-01	2.844277134698280918e-01	0.000000000000000000e+00
8.557406099959492529e-01	3.014505436791606319e-01	0.000000000000000000e+00
8.557406099959492529e-01	3.014505436791606319e-01	0.000000000000000000e+00
8.557406099959492529e-01	3.014505436791606319e-01	0.000000000000000000e+00
8.557406099959492529e-01	3.014505436791606319e-01	0.000000000000000000e+00
8.557406099959492529e-01	3.014505436791606319e-01	0.000000000000000000e+00
8.557406099959492529e-01	3.014505436791606319e-01	0.000000000000000000e+00
8.557406099959492529e-01	3.014505436791606319e-01	0.000000000000000000e+00
8.557406099959492529e-01	3.014505436791606319e-01	0.000000000000000000e+00
8.557406099959492529e-01	2.869326376851297766e-01	0.000000000000000000e+00
8.557406099959492529e-01	2.869326376851297766e-01	0.000000000000000000e+00
8.557406099959492529e-01	2.814016879178113384e-01	0.000000000000000000e+00
8.557406099959492529e-01	2.869326376851297766e-01	0.000000000000000000e+00
