0.000000000000000000e+00	2.633467956363174878e+00	0.000000000000000000e+00
1.807612443316779921e-02	2.294289980359633052e+00	0.000000000000000000e+00
3.809033370588146838e-02	2.201138890355172961e+00	0.000000000000000000e+00
3.809033370588146838e-02	2.201138890355172961e+00	0.000000000000000000e+00
3.809033370588146838e-02	2.201138890355172961e+00	0.000000000000000000e+00
3.809033370588146838e-02	2.201138890355172961e+00	0.000000000000000000e+00
1.215011461343587507e-01	2.135099389269936587e+00	0.000000000000000000e+00
1.215011461343587507e-01	2.102530965669812790e+00	0.000000000000000000e+00
1.602537058286521987e-01	2.059844259842486647e+00	0.000000000000000000e+00
1.794207948258853547e-01	1.928664171718628362e+00	0.000000000000000000e+00
1.890171859925070252e-01	1.843344483656847110e+00	0.000000000000000000e+00
1.890171859925070252e-01	1.789102301906720482e+00	0.000000000000000000e+00
2.064681547784272264e-01	1.634823465843977530e+00	0.000000000000000000e+00
2.221767537696261452e-01	1.529769999283616233e+00	0.000000000000000000e+00
2.221767537696261452e-01	1.529769999283616233e+00	0.000000000000000000e+00
2.579502746514786837e-01	1.408372580496097815e+00	0.000000000000000000e+00
2.579502746514786837e-01	1.404778131052776047e+00	0.000000000000000000e+00
2.579502746514786837e-01	1.404778131052776047e+00	0.000000000000000000e+00
2.579502746514786837e-01	1.404778131052776047e+00	0.000000000000000000e+00
2.579502746514786837e-01	1.249819211787888129e+00	0.000000000000000000e+00
2.579502746514786837e-01	1.249819211787888129e+00	0.000000000000000000e+00
2.579502746514786837e-01	1.249819211787888129e+00	0.000000000000000000e+00
2.579502746514786837e-01	1.249819211787888129e+00	0.000000000000000000e+00
2.579502746514786837e-01	1.249819211787888129e+00	0.000000000000000000e+00
2.579502746514786837e-01	1.249819211787888129e+00	0.000000000000000000e+00
2.579502746514786837e-01	1.249819211787888129e+00	0.000000000000000000e+00
2.579502746514786837e-01	1.249819211787888129e+00	0.000000000000000000e+00
4.386557796333862003e-01	1.137277577733692535e+00	0.000000000000000000e+00
4.386557796333862003e-01	1.137277577733692535e+00	0.000000000000000000e+00
4.386557796333862003e-01	1.047483520322328276e+00	0.000000000000000000e+00
4.386557796333862003e-01	9.995241636269253105e-01	0.000000000000000000e+00
4.386557796333862003e-01	9.995241636269253105e-01	0.000000000000000000e+00
4.386557796333862003e-01	9.995241636269253105e-01	0.000000000000000000e+00
4.386557796333862003e-01	9.995241636269253105e-01	0.000000000000000000e+00
4.523691967701803929e-01	8.953925112944144393e-01	0.000000000000000000e+00
4.523691967701803929e-01	8.953925112944144393e-01	0.000000000000000000e+00
4.523691967701803929e-01	8.953925112944144393e-01	0.000000000000000000e+00
4.523691967701803929e-01	8.953925112944144393e-01	0.000000000000000000e+00
4.523691967701803929e-01	8.953925112944144393e-01	0.000000000000000000e+00
4.523691967701803929e-01	8.953925112944144393e-01	0.000000000000000000e+00
4.523691967701803929e-01	8.953925112944144393e-01	0.000000000000000000e+00
4.523691967701803929e-01	8.953925112944144393e-01	0.000000000000000000e+00
4.516021303501056572e-01	8.986204241918372970e-01	0.000000000000000000e+00
4.516021303501056572e-01	8.986204241918372970e-01	0.000000000000000000e+00
4.516021303501056572e-01	8.986204241918372970e-01	0.000000000000000000e+00
4.516021303501056572e-01	8.986204241918372970e-01	0.000000000000000000e+00
6.498555637145233543e-01	5.858683190466135171e-01	0.000000000000000000e+00
6.498555637145233543e-01	5.858683190466135171e-01	0.000000000000000000e+00
6.498555637145233543e-01	5.858683190466135171e-01	0.000000000000000000e+00
6.498555637145233543e-01	5.858683190466135171e-01	0.000000000000000000e+00
6.498555637145233543e-01	5.858683190466135171e-01	0.000000000000000000e+00
6.498555637145233543e-01	5.858683190466135171e-01	0.000000000000000000e+00
6.498555637145233543e-01	5.858683190466135171e-01	0.000000000000000000e+00
6.498555637145233543e-01	5.858683190466135171e-01	0.000000000000000000e+00
6.498555637145233543e-01	4.399874116534676083e-01	0.000000000000000000e+00
6.498555637145233543e-01	4.228608038162736671e-01	0.000000000000000000e+00
6.498555637145233543e-01	4.228608038162736671e-01	0.000000000000000000e+00
6.498555637145233543e-01	4.228608038162736671e-01	0.000000000000000000e+00
6.498555637145233543e-01	4.228608038162736671e-01	0.000000000000000000e+00
6.498555637145233543e-01	4.228608038162736671e-01	0.000000000000000000e+00
6.498555637145233543e-01	4.228608038162736671e-01	0.000000000000000000e+00
6.498555637145233543e-01	4.228608038162736671e-01	0.000000000000000000e+00
6.498555637145233543e-01	4.064206735027890427e-01	0.000000000000000000e+00
6.498555637145233543e-01	4.064206735027890427e-01	0.000000000000000000e+00
6.498555637145233543e-01	4.064206735027890427e-01	0.000000000000000000e+00
6.498555637145233543e-01	4.064206735027890427e-01	0.000000000000000000e+00
6.498555637145233543e-01	4.064206735027890427e-01	0.000000000000000000e+00
6.498555637145233543e-01	4.064206735027890427e-01	0.000000000000000000e+00
8.279259350777455895e-01	3.837045503439692196e-01	0.000000000000000000e+00
8.279259350777455895e-01	3.837045503439692196e-01	0.000000000000000000e+00
8.279259350777455895e-01	3.837045503439692196e-01	0.000000000000000000e+00
8.279259350777455895e-01	3.837045503439692196e-01	0.000000000000000000e+00
8.339963560392017472e-01	3.667050302857570165e-01	0.000000000000000000e+00
8.339963560392017472e-01	3.667050302857570165e-01	0.000000000000000000e+00
8.486248584908674397e-01	3.003920071252261792e-01	0.000000000000000000e+00
8.486248584908674397e-01	3.003920071252261792e-01	0.000000000000000000e+00
8.486248584908674397e-01	2.815157490272644433e-02	0.000000000000000000e+00
8.486248584908674397e-01	2.815157490272644433e-02	0.000000000000000000e+00
8.486248584908674397e-01	2.815157490272644433e-02	0.000000000000000000e+00
8.485166945064048782e-01	3.941415331316135140e-02	0.000000000000000000e+00
8.485166945064048782e-01	3.941415331316135140e-02	0.000000000000000000e+00
8.485166945064048782e-01	3.941415331316135140e-02	0.000000000000000000e+00
8.485166945064048782e-01	3.941415331316135140e-02	0.000000000000000000e+00
8.485166945064048782e-01	3.941415331316135140e-02	0.000000000000000000e+00
8.485166945064048782e-01	3.941415331316135140e-02	0.000000000000000000e+00
8.485166945064048782e-01	3.941415331316135140e-02	0.000000000000000000e+00
8.485166945064048782e-01	3.941415331316135140e-02	0.000000000000000000e+00
8.506570211955601923e-01	1.746412886208127679e-01	0.000000000000000000e+00
8.506570211955601923e-01	1.746412886208127679e-01	0.000000000000000000e+00
8.506570211955601923e-01	1.746412886208127679e-01	0.000000000000000000e+00
8.506570211955601923e-01	1.746412886208127679e-01	0.000000000000000000e+00
8.538709746471482287e-01	2.044931298667848063e-01	0.000000000000000000e+00
8.538709746471482287e-01	1.927946952974691208e-01	0.000000000000000000e+00
8.538709746471482287e-01	1.927946952974691208e-01	0.000000000000000000e+00
8.538709746471482287e-01	1.927946952974691208e-01	0.000000000000000000e+00
8.538709746471482287e-01	1.927946952974691208e-01	0.000000000000000000e+00
8.538709746471482287e-01	1.927946952974691208e-01	0.000000000000000000e+00
8.538709746471482287e-01	1.927946952974691208e-01	0.000000000000000000e+00
8.538709746471482287e-01	1.927946952974691208e-01	0.000000000000000000e+00
8.538709746471482287e-01	1.927946952974691208e-01	0.000000000000000000e+00
