0.000000000000000000e+00	2.392238273245423485e+00	0.000000000000000000e+00
1.434097503102194603e-02	2.008580599184995652e+00	0.000000000000000000e+00
4.060556953318636420e-02	1.886140430118901090e+00	0.000000000000000000e+00
5.754991363963014167e-02	1.817633935424537661e+00	0.000000000000000000e+00
7.550448462799493055e-02	1.695357414026834153e+00	0.000000000000000000e+00
7.550448462799493055e-02	1.695357414026834153e+00	0.000000000000000000e+00
9.345905561635971248e-02	1.622574980773620945e+00	0.000000000000000000e+00
9.345905561635971248e-02	1.622574980773620945e+00	0.000000000000000000e+00
9.345905561635971248e-02	1.622574980773620945e+00	0.000000000000000000e+00
9.345905561635971248e-02	1.622574980773620945e+00	0.000000000000000000e+00
1.981469811560538641e-01	1.588488413168747559e+00	0.000000000000000000e+00
2.046156250086790807e-01	1.453653000142150820e+00	0.000000000000000000e+00
2.116894544653721566e-01	1.353506655791822055e+00	0.000000000000000000e+00
2.298104551914728066e-01	1.312164121816991047e+00	0.000000000000000000e+00
2.298104551914728066e-01	1.181304409194936733e+00	0.000000000000000000e+00
2.524082238683912349e-01	7.978899784559975172e-01	0.000000000000000000e+00
2.524082238683912349e-01	7.978899784559975172e-01	0.000000000000000000e+00
2.524082238683912349e-01	7.978899784559975172e-01	0.000000000000000000e+00
2.524082238683912349e-01	7.978899784559975172e-01	0.000000000000000000e+00
2.524082238683912349e-01	7.978899784559975172e-01	0.000000000000000000e+00
2.581569751086486009e-01	7.179472143308425203e-01	0.000000000000000000e+00
2.589574999536653488e-01	7.274399069606705126e-01	0.000000000000000000e+00
2.589574999536653488e-01	7.274399069606705126e-01	0.000000000000000000e+00
2.589574999536653488e-01	7.274399069606705126e-01	0.000000000000000000e+00
2.589574999536653488e-01	7.274399069606705126e-01	0.000000000000000000e+00
2.589574999536653488e-01	7.274399069606705126e-01	0.000000000000000000e+00
2.589574999536653488e-01	7.274399069606705126e-01	0.000000000000000000e+00
2.589574999536653488e-01	7.274399069606705126e-01	0.000000000000000000e+00
2.589574999536653488e-01	7.274399069606705126e-01	0.000000000000000000e+00
4.153591949452805077e-01	7.876592590148057127e-01	0.000000000000000000e+00
4.436499226416317221e-01	6.032183486213166246e-01	0.000000000000000000e+00
4.436499226416317221e-01	6.032183486213166246e-01	0.000000000000000000e+00
4.436499226416317221e-01	6.032183486213166246e-01	0.000000000000000000e+00
4.436499226416317221e-01	6.032183486213166246e-01	0.000000000000000000e+00
4.436499226416317221e-01	6.032183486213166246e-01	0.000000000000000000e+00
4.436499226416317221e-01	5.692853445406548252e-01	0.000000000000000000e+00
4.451698746394698314e-01	5.300385276776987675e-01	0.000000000000000000e+00
4.452135161864019253e-01	5.178684864451281733e-01	0.000000000000000000e+00
4.471964773032540696e-01	4.958328442434521421e-01	0.000000000000000000e+00
4.474855327041081243e-01	4.782483567727032758e-01	0.000000000000000000e+00
4.502002664029318701e-01	4.146434422141465070e-01	0.000000000000000000e+00
4.513770321080660120e-01	3.785330390748956608e-01	0.000000000000000000e+00
4.502002664029318701e-01	3.744689331518805120e-01	0.000000000000000000e+00
4.502002664029318701e-01	3.744689331518805120e-01	0.000000000000000000e+00
4.513770321080660120e-01	3.785330390748956608e-01	0.000000000000000000e+00
4.513770321080660120e-01	3.785330390748956608e-01	0.000000000000000000e+00
4.513770321080660120e-01	3.785330390748956608e-01	0.000000000000000000e+00
4.513770321080660120e-01	3.785330390748956608e-01	0.000000000000000000e+00
4.513770321080660120e-01	3.968204971915283985e-01	0.000000000000000000e+00
4.513770321080660120e-01	3.968204971915283985e-01	0.000000000000000000e+00
4.513770321080660120e-01	3.968204971915283985e-01	0.000000000000000000e+00
6.498555637145233543e-01	1.200198810076101574e-01	0.000000000000000000e+00
6.498555637145233543e-01	1.279386381543265727e-01	0.000000000000000000e+00
6.498555637145233543e-01	1.279386381543265727e-01	0.000000000000000000e+00
6.498555637145233543e-01	1.279386381543265727e-01	0.000000000000000000e+00
6.498555637145233543e-01	1.279386381543265727e-01	0.000000000000000000e+00
6.498555637145233543e-01	1.279386381543265727e-01	0.000000000000000000e+00
6.498555637145233543e-01	1.279386381543265727e-01	0.000000000000000000e+00
6.498555637145233543e-01	1.279386381543265727e-01	0.000000000000000000e+00
6.498555637145233543e-01	1.279386381543265727e-01	0.000000000000000000e+00
6.498555637145233543e-01	1.279386381543265727e-01	0.000000000000000000e+00
6.498555637145233543e-01	1.279386381543265727e-01	0.000000000000000000e+00
6.498555637145233543e-01	1.279386381543265727e-01	0.000000000000000000e+00
6.498555637145233543e-01	1.382100060199418223e-01	0.000000000000000000e+00
6.498555637145233543e-01	1.382100060199418223e-01	0.000000000000000000e+00
6.498555637145233543e-01	1.382100060199418223e-01	0.000000000000000000e+00
6.498555637145233543e-01	1.382100060199418223e-01	0.000000000000000000e+00
6.498555637145233543e-01	1.592129870886535015e-01	0.000000000000000000e+00
8.342500452140697575e-01	3.906917362337050670e-02	0.000000000000000000e+00
8.342327260233425301e-01	7.505480029181238466e-02	0.000000000000000000e+00
8.342327260233425301e-01	7.505480029181238466e-02	0.000000000000000000e+00
8.342327260233425301e-01	7.505480029181238466e-02	0.000000000000000000e+00
8.342327260233425301e-01	7.505480029181238466e-02	0.000000000000000000e+00
8.342500452140697575e-01	3.906917362337050670e-02	0.000000000000000000e+00
8.342500452140697575e-01	3.906917362337050670e-02	0.000000000000000000e+00
8.342500452140697575e-01	1.876663474054028613e-02	0.000000000000000000e+00
8.344732947632370612e-01	-2.805343592511393494e-02	0.000000000000000000e+00
8.344732947632370612e-01	-2.805343592511393494e-02	0.000000000000000000e+00
8.344732947632370612e-01	-2.805343592511393494e-02	0.000000000000000000e+00
8.344732947632370612e-01	-2.805343592511393494e-02	0.000000000000000000e+00
8.344732947632370612e-01	-2.805343592511393494e-02	0.000000000000000000e+00
8.355648326551038396e-01	-9.387277897362199253e-02	0.000000000000000000e+00
8.355648326551038396e-01	-9.387277897362199253e-02	0.000000000000000000e+00
8.355648326551038396e-01	-9.387277897362199253e-02	0.000000000000000000e+00
8.355648326551038396e-01	-9.387277897362199253e-02	0.000000000000000000e+00
8.355648326551038396e-01	-9.387277897362199253e-02	0.000000000000000000e+00
8.355648326551038396e-01	-9.387277897362199253e-02	0.000000000000000000e+00
8.355648326551038396e-01	-9.387277897362199253e-02	0.000000000000000000e+00
8.470267921122619503e-01	-2.339187838890047499e-01	0.000000000000000000e+00
8.470267921122619503e-01	-2.339187838890047499e-01	0.000000000000000000e+00
8.470267921122619503e-01	-2.339187838890047499e-01	0.000000000000000000e+00
8.470267921122619503e-01	-2.339187838890047499e-01	0.000000000000000000e+00
8.470267921122619503e-01	-2.359605641258955833e-01	0.000000000000000000e+00
8.470267921122619503e-01	-2.359605641258955833e-01	0.000000000000000000e+00
8.470267921122619503e-01	-2.359605641258955833e-01	0.000000000000000000e+00
8.470267921122619503e-01	-2.359605641258955833e-01	0.000000000000000000e+00
8.470267921122619503e-01	-2.359605641258955833e-01	0.000000000000000000e+00
8.470267921122619503e-01	-2.359605641258955833e-01	0.000000000000000000e+00
8.470267921122619503e-01	-2.359605641258955833e-01	0.000000000000000000e+00
8.470267921122619503e-01	-2.359605641258955833e-01	0.000000000000000000e+00
