0.000000000000000000e+00	2.497520268812668753e+00	0.000000000000000000e+00
9.980990951207260875e-03	1.829958538649718358e+00	0.000000000000000000e+00
2.891974766738526770e-02	1.663793348528664451e+00	0.000000000000000000e+00
4.076700276047382637e-02	1.619472203194617377e+00	0.000000000000000000e+00
6.021500370902788113e-02	1.594671703209407543e+00	0.000000000000000000e+00
7.970831215104344503e-02	1.562143067199648572e+00	0.000000000000000000e+00
9.885618070774389310e-02	1.549775899316312433e+00	0.000000000000000000e+00
8.394644020154090613e-02	1.498096623445730691e+00	0.000000000000000000e+00
8.394644020154090613e-02	1.498096623445730691e+00	0.000000000000000000e+00
8.394644020154090613e-02	1.498096623445730691e+00	0.000000000000000000e+00
8.394644020154090613e-02	1.498096623445730691e+00	0.000000000000000000e+00
2.095041108113225026e-01	1.242253402169143151e+00	0.000000000000000000e+00
2.095041108113225026e-01	1.242253402169143151e+00	0.000000000000000000e+00
2.204468063158435409e-01	1.172556758044787317e+00	0.000000000000000000e+00
2.248279935743948965e-01	1.007532395988703477e+00	0.000000000000000000e+00
2.248279935743948965e-01	1.007532395988703477e+00	0.000000000000000000e+00
2.294839755636086942e-01	9.000953127677572274e-01	0.000000000000000000e+00
2.311635228800275610e-01	8.906906799802463137e-01	0.000000000000000000e+00
2.491335858257541780e-01	8.000906513668472053e-01	0.000000000000000000e+00
2.491335858257541780e-01	8.000906513668472053e-01	0.000000000000000000e+00
2.556828619110282919e-01	7.444886364543976676e-01	0.000000000000000000e+00
2.564409640550604497e-01	6.642196008638857618e-01	0.000000000000000000e+00
2.584209407365690714e-01	6.427470031925478500e-01	0.000000000000000000e+00
2.584209407365690714e-01	6.427470031925478500e-01	0.000000000000000000e+00
2.700580199897785194e-01	6.245805314170261857e-01	0.000000000000000000e+00
2.700580199897785194e-01	6.245805314170261857e-01	0.000000000000000000e+00
2.700580199897785194e-01	6.245805314170261857e-01	0.000000000000000000e+00
2.700580199897785194e-01	6.245805314170261857e-01	0.000000000000000000e+00
2.700580199897785194e-01	6.245805314170261857e-01	0.000000000000000000e+00
2.700580199897785194e-01	6.376458729430558581e-01	0.000000000000000000e+00
2.700580199897785194e-01	6.444381092360510488e-01	0.000000000000000000e+00
2.700580199897785194e-01	7.016725944188908493e-01	0.000000000000000000e+00
4.326655032026979764e-01	5.702049192203454409e-01	0.000000000000000000e+00
4.326655032026979764e-01	5.702049192203454409e-01	0.000000000000000000e+00
4.326655032026979764e-01	5.702049192203454409e-01	0.000000000000000000e+00
4.367884376374695510e-01	5.205273828293516258e-01	0.000000000000000000e+00
4.367884376374695510e-01	5.205273828293516258e-01	0.000000000000000000e+00
4.401268197316237085e-01	3.851397200636555995e-01	0.000000000000000000e+00
4.401268197316237085e-01	3.851397200636555995e-01	0.000000000000000000e+00
4.401268197316237085e-01	3.851397200636555995e-01	0.000000000000000000e+00
4.401268197316237085e-01	3.851397200636555995e-01	0.000000000000000000e+00
4.401268197316237085e-01	3.851397200636555995e-01	0.000000000000000000e+00
4.440302898389629771e-01	3.333522149963319414e-01	0.000000000000000000e+00
4.440302898389629771e-01	3.333522149963319414e-01	0.000000000000000000e+00
4.460675092356961025e-01	2.840890705419438222e-01	0.000000000000000000e+00
4.460675092356961025e-01	2.840890705419438222e-01	0.000000000000000000e+00
4.460675092356961025e-01	2.840890705419438222e-01	0.000000000000000000e+00
4.460675092356961025e-01	2.840890705419438222e-01	0.000000000000000000e+00
4.460675092356961025e-01	2.840890705419438222e-01	0.000000000000000000e+00
4.479337599463021902e-01	3.068152490461845683e-01	0.000000000000000000e+00
4.479337599463021902e-01	3.068152490461845683e-01	0.000000000000000000e+00
4.479337599463021902e-01	3.233949523295026052e-01	0.000000000000000000e+00
4.479337599463021902e-01	3.233949523295026052e-01	0.000000000000000000e+00
6.498555637145233543e-01	2.794464741876793723e-01	0.000000000000000000e+00
6.498555637145233543e-01	1.934893247630343760e-01	0.000000000000000000e+00
6.498555637145233543e-01	2.394449764483197463e-01	0.000000000000000000e+00
6.498555637145233543e-01	2.394449764483197463e-01	0.000000000000000000e+00
6.498555637145233543e-01	1.934893247630343760e-01	0.000000000000000000e+00
6.498555637145233543e-01	1.934893247630343760e-01	0.000000000000000000e+00
6.498555637145233543e-01	1.934893247630343760e-01	0.000000000000000000e+00
6.498555637145233543e-01	1.379880256540640115e-01	0.000000000000000000e+00
6.498555637145233543e-01	1.379880256540640115e-01	0.000000000000000000e+00
6.498555637145233543e-01	1.138555301290135463e-01	0.000000000000000000e+00
6.498555637145233543e-01	1.138555301290135463e-01	0.000000000000000000e+00
6.498555637145233543e-01	1.115127133532110987e-01	0.000000000000000000e+00
6.498555637145233543e-01	1.055761222069174637e-01	0.000000000000000000e+00
6.498555637145233543e-01	1.055761222069174637e-01	0.000000000000000000e+00
6.498555637145233543e-01	1.055761222069174637e-01	0.000000000000000000e+00
6.498555637145233543e-01	1.055761222069174637e-01	0.000000000000000000e+00
6.498555637145233543e-01	1.055761222069174637e-01	0.000000000000000000e+00
8.338114536779503982e-01	-3.008552298808089484e-02	0.000000000000000000e+00
8.338114536779503982e-01	-5.811817975140923936e-02	0.000000000000000000e+00
8.338114536779503982e-01	-5.811817975140923936e-02	0.000000000000000000e+00
8.338114536779503982e-01	-5.811817975140923936e-02	0.000000000000000000e+00
8.338114536779503982e-01	-5.811817975140923936e-02	0.000000000000000000e+00
8.338114536779503982e-01	-5.811817975140923936e-02	0.000000000000000000e+00
8.338114536779503982e-01	-5.811817975140923936e-02	0.000000000000000000e+00
8.338114536779503982e-01	-5.811817975140923936e-02	0.000000000000000000e+00
8.338114536779503982e-01	-5.811817975140923936e-02	0.000000000000000000e+00
8.338114536779503982e-01	-5.735196173092304422e-02	0.000000000000000000e+00
8.347134192707666989e-01	-4.363659077254204016e-02	0.000000000000000000e+00
8.351048410984479586e-01	-1.303767032418421401e-01	0.000000000000000000e+00
8.351048410984479586e-01	-1.303767032418421401e-01	0.000000000000000000e+00
8.351048410984479586e-01	-1.303767032418421401e-01	0.000000000000000000e+00
8.351048410984479586e-01	-1.303767032418421401e-01	0.000000000000000000e+00
8.351048410984479586e-01	-1.303767032418421401e-01	0.000000000000000000e+00
8.355648326551038396e-01	-1.328158553560515598e-01	0.000000000000000000e+00
8.355648326551038396e-01	-1.328158553560515598e-01	0.000000000000000000e+00
8.438624731060612172e-01	-1.910135250274579699e-01	0.000000000000000000e+00
8.438624731060612172e-01	-1.910135250274579699e-01	0.000000000000000000e+00
8.438624731060612172e-01	-1.910135250274579699e-01	0.000000000000000000e+00
8.438624731060612172e-01	-1.910135250274579699e-01	0.000000000000000000e+00
8.438624731060612172e-01	-1.910135250274579699e-01	0.000000000000000000e+00
8.438624731060612172e-01	-1.910135250274579699e-01	0.000000000000000000e+00
8.452098468516492380e-01	-2.050500756407258041e-01	0.000000000000000000e+00
8.468094014430795902e-01	-2.329565523340520750e-01	0.000000000000000000e+00
8.468094014430795902e-01	-2.329565523340520750e-01	0.000000000000000000e+00
8.468094014430795902e-01	-2.329565523340520750e-01	0.000000000000000000e+00
8.470267921122619503e-01	-2.389245339345693331e-01	0.000000000000000000e+00
8.470267921122619503e-01	-2.389245339345693331e-01	0.000000000000000000e+00
