0.000000000000000000e+00	2.201608806070911584e+00	0.000000000000000000e+00
9.980990951207260875e-03	1.829958538649718358e+00	0.000000000000000000e+00
3.818675652240506591e-02	1.611502162837791019e+00	0.000000000000000000e+00
5.340756818806180473e-02	1.333099690807134641e+00	0.000000000000000000e+00
5.636839150063079062e-02	1.254314474654655731e+00	0.000000000000000000e+00
5.636839150063079062e-02	1.254314474654655731e+00	0.000000000000000000e+00
8.953974254738704397e-02	1.195108758822179151e+00	0.000000000000000000e+00
8.953974254738704397e-02	1.142276389437010931e+00	0.000000000000000000e+00
8.953974254738704397e-02	1.142276389437010931e+00	0.000000000000000000e+00
8.953974254738704397e-02	1.142276389437010931e+00	0.000000000000000000e+00
8.953974254738704397e-02	1.142276389437010931e+00	0.000000000000000000e+00
8.953974254738704397e-02	1.142276389437010931e+00	0.000000000000000000e+00
2.087066170681730615e-01	1.060902948749786523e+00	0.000000000000000000e+00
2.095041108113225026e-01	9.731918050917959251e-01	0.000000000000000000e+00
2.095041108113225026e-01	9.534201100025844200e-01	0.000000000000000000e+00
2.257842561594020914e-01	7.555171678146327396e-01	0.000000000000000000e+00
2.257842561594020914e-01	7.555171678146327396e-01	0.000000000000000000e+00
2.257842561594020914e-01	7.461322324669041883e-01	0.000000000000000000e+00
2.373531007461064934e-01	6.700044312430085691e-01	0.000000000000000000e+00
2.452089657964873770e-01	6.336996356808092257e-01	0.000000000000000000e+00
2.475111195222147176e-01	5.421471617405475563e-01	0.000000000000000000e+00
2.503389581791845009e-01	5.329060780700464184e-01	0.000000000000000000e+00
2.536966281400399037e-01	5.157216890378533147e-01	0.000000000000000000e+00
2.610891847003561361e-01	4.819280294904605411e-01	0.000000000000000000e+00
2.610891847003561361e-01	4.819280294904605411e-01	0.000000000000000000e+00
2.610891847003561361e-01	4.819280294904605411e-01	0.000000000000000000e+00
2.610891847003561361e-01	4.819280294904605411e-01	0.000000000000000000e+00
2.610891847003561361e-01	4.819280294904605411e-01	0.000000000000000000e+00
2.610891847003561361e-01	4.819280294904605411e-01	0.000000000000000000e+00
2.610891847003561361e-01	4.819280294904605411e-01	0.000000000000000000e+00
2.576082041129928446e-01	5.050978745766634415e-01	0.000000000000000000e+00
2.576082041129928446e-01	5.050978745766634415e-01	0.000000000000000000e+00
4.271487649594337688e-01	4.420988545342580678e-01	0.000000000000000000e+00
4.271487649594337688e-01	4.420988545342580678e-01	0.000000000000000000e+00
4.271487649594337688e-01	4.073955030159890911e-01	0.000000000000000000e+00
4.327397914223000130e-01	3.751605650818843896e-01	0.000000000000000000e+00
4.373485971625382662e-01	2.890304527396529433e-01	0.000000000000000000e+00
4.373485971625382662e-01	2.890304527396529433e-01	0.000000000000000000e+00
4.373485971625382662e-01	2.890304527396529433e-01	0.000000000000000000e+00
4.373485971625382662e-01	2.763825752970959782e-01	0.000000000000000000e+00
4.418367917442097559e-01	2.520223917072222930e-01	0.000000000000000000e+00
4.443723665097300546e-01	2.243138709672063136e-01	0.000000000000000000e+00
4.522189957099191360e-01	2.093278372525250730e-01	0.000000000000000000e+00
4.522189957099191360e-01	1.942564768170262635e-01	0.000000000000000000e+00
4.522189957099191360e-01	1.942564768170262635e-01	0.000000000000000000e+00
4.522189957099191360e-01	1.942564768170262635e-01	0.000000000000000000e+00
4.522189957099191360e-01	1.942564768170262635e-01	0.000000000000000000e+00
4.522189957099191360e-01	1.942564768170262635e-01	0.000000000000000000e+00
4.522189957099191360e-01	1.942564768170262635e-01	0.000000000000000000e+00
4.522189957099191360e-01	1.942564768170262635e-01	0.000000000000000000e+00
4.522189957099191360e-01	1.982605904679504982e-01	0.000000000000000000e+00
4.522189957099191360e-01	1.982605904679504982e-01	0.000000000000000000e+00
6.471659293871230290e-01	-1.261446337621286926e-02	0.000000000000000000e+00
6.471659293871230290e-01	-1.261446337621286926e-02	0.000000000000000000e+00
6.471659293871230290e-01	-1.261446337621286926e-02	0.000000000000000000e+00
6.471659293871230290e-01	-1.261446337621286926e-02	0.000000000000000000e+00
6.471659293871230290e-01	-1.261446337621286926e-02	0.000000000000000000e+00
6.471659293871230290e-01	-1.261446337621286926e-02	0.000000000000000000e+00
6.484611018010301153e-01	9.958900011763940213e-03	0.000000000000000000e+00
6.484611018010301153e-01	9.958900011763940213e-03	0.000000000000000000e+00
6.484611018010301153e-01	9.958900011763940213e-03	0.000000000000000000e+00
6.487502356296227513e-01	-1.497402388152674624e-01	0.000000000000000000e+00
6.487502356296227513e-01	-1.497402388152674624e-01	0.000000000000000000e+00
6.487502356296227513e-01	-1.497402388152674624e-01	0.000000000000000000e+00
6.487502356296227513e-01	-1.497402388152674624e-01	0.000000000000000000e+00
6.487502356296227513e-01	-1.497402388152674624e-01	0.000000000000000000e+00
6.487502356296227513e-01	-1.497402388152674624e-01	0.000000000000000000e+00
6.487502356296227513e-01	-1.497402388152674624e-01	0.000000000000000000e+00
6.487502356296227513e-01	-1.497402388152674624e-01	0.000000000000000000e+00
6.487502356296227513e-01	-1.673267528833685125e-01	0.000000000000000000e+00
6.487502356296227513e-01	-1.673267528833685125e-01	0.000000000000000000e+00
6.487502356296227513e-01	-1.673267528833685125e-01	0.000000000000000000e+00
6.488610753374693951e-01	-1.577841562710551038e-01	0.000000000000000000e+00
6.492554257558322828e-01	-1.584929762492992000e-01	0.000000000000000000e+00
6.492554257558322828e-01	-1.584929762492992000e-01	0.000000000000000000e+00
6.488610753374693951e-01	-1.577841562710551038e-01	0.000000000000000000e+00
6.488610753374693951e-01	-1.577841562710551038e-01	0.000000000000000000e+00
8.291440924486236375e-01	-1.610073319810366721e-01	0.000000000000000000e+00
8.291440924486236375e-01	-1.989452367014778178e-01	0.000000000000000000e+00
8.291440924486236375e-01	-1.989452367014778178e-01	0.000000000000000000e+00
8.291440924486236375e-01	-1.989452367014778178e-01	0.000000000000000000e+00
8.368655526671338052e-01	-2.348379373478809151e-01	0.000000000000000000e+00
8.368655526671338052e-01	-2.348379373478809151e-01	0.000000000000000000e+00
8.368655526671338052e-01	-2.348379373478809151e-01	0.000000000000000000e+00
8.368972175343872832e-01	-2.690928542751579444e-01	0.000000000000000000e+00
8.368972175343872832e-01	-2.690928542751579444e-01	0.000000000000000000e+00
8.368972175343872832e-01	-2.690928542751579444e-01	0.000000000000000000e+00
8.398889363767984007e-01	-2.846651726276757111e-01	0.000000000000000000e+00
8.399778460663491764e-01	-3.060791506931357930e-01	0.000000000000000000e+00
8.399778460663491764e-01	-3.060791506931357930e-01	0.000000000000000000e+00
8.399778460663491764e-01	-3.446593630273551701e-01	0.000000000000000000e+00
8.399778460663491764e-01	-3.446593630273551701e-01	0.000000000000000000e+00
8.399778460663491764e-01	-3.446593630273551701e-01	0.000000000000000000e+00
8.399778460663491764e-01	-3.446593630273551701e-01	0.000000000000000000e+00
8.410027899546183017e-01	-3.566677645350945225e-01	0.000000000000000000e+00
8.435130334298290844e-01	-3.771512248284950020e-01	0.000000000000000000e+00
8.435130334298290844e-01	-3.771512248284950020e-01	0.000000000000000000e+00
8.435130334298290844e-01	-3.823734444289157430e-01	0.000000000000000000e+00
8.448157742443362928e-01	-3.889230369445487723e-01	0.000000000000000000e+00
8.481103972251793355e-01	-3.956215237722142675e-01	0.000000000000000000e+00
