0.000000000000000000e+00	2.201608806070911584e+00	0.000000000000000000e+00
9.980990951207260875e-03	1.829958538649718358e+00	0.000000000000000000e+00
3.818675652240506591e-02	1.611502162837791019e+00	0.000000000000000000e+00
5.340756818806180473e-02	1.333099690807134641e+00	0.000000000000000000e+00
5.636839150063079062e-02	1.254314474654655731e+00	0.000000000000000000e+00
7.295406702400891730e-02	1.195866448477118871e+00	0.000000000000000000e+00
8.953974254738704397e-02	1.195108758822179151e+00	0.000000000000000000e+00
1.101810615058641807e-01	1.077823490215735314e+00	0.000000000000000000e+00
1.101810615058641807e-01	1.077823490215735314e+00	0.000000000000000000e+00
1.101810615058641807e-01	1.058184921341896567e+00	0.000000000000000000e+00
1.101810615058641807e-01	1.058184921341896567e+00	0.000000000000000000e+00
1.101810615058641807e-01	1.058184921341896567e+00	0.000000000000000000e+00
1.101810615058641807e-01	1.058184921341896567e+00	0.000000000000000000e+00
2.087066170681730615e-01	9.795502729372598250e-01	0.000000000000000000e+00
2.095041108113225026e-01	9.534201100025844200e-01	0.000000000000000000e+00
2.257842561594020914e-01	7.702635712845735672e-01	0.000000000000000000e+00
2.257842561594020914e-01	7.702635712845735672e-01	0.000000000000000000e+00
2.257842561594020914e-01	7.461322324669041883e-01	0.000000000000000000e+00
2.373531007461064934e-01	6.700044312430085691e-01	0.000000000000000000e+00
2.452089657964873770e-01	6.336996356808092257e-01	0.000000000000000000e+00
2.475111195222147176e-01	5.610204668530247574e-01	0.000000000000000000e+00
2.503389581791845009e-01	5.113616868078955102e-01	0.000000000000000000e+00
2.503389581791845009e-01	5.113616868078955102e-01	0.000000000000000000e+00
2.648179984989268987e-01	4.785266472732865872e-01	0.000000000000000000e+00
2.648179984989268987e-01	4.785266472732865872e-01	0.000000000000000000e+00
2.648179984989268987e-01	4.785266472732865872e-01	0.000000000000000000e+00
2.648179984989268987e-01	4.785266472732865872e-01	0.000000000000000000e+00
2.648179984989268987e-01	4.785266472732865872e-01	0.000000000000000000e+00
2.648179984989268987e-01	4.785266472732865872e-01	0.000000000000000000e+00
2.648179984989268987e-01	4.812892651574498526e-01	0.000000000000000000e+00
2.648179984989268987e-01	4.812892651574498526e-01	0.000000000000000000e+00
2.648179984989268987e-01	4.812892651574498526e-01	0.000000000000000000e+00
2.648179984989268987e-01	4.812892651574498526e-01	0.000000000000000000e+00
4.262560004549889592e-01	4.250366717982589915e-01	0.000000000000000000e+00
4.271487649594337688e-01	4.073955030159890911e-01	0.000000000000000000e+00
4.327397914223000130e-01	3.751605650818843896e-01	0.000000000000000000e+00
4.364961521625959073e-01	3.360816269336571738e-01	0.000000000000000000e+00
4.364961521625959073e-01	3.360816269336571738e-01	0.000000000000000000e+00
4.373485971625382662e-01	2.700886882805437206e-01	0.000000000000000000e+00
4.373485971625382662e-01	2.700886882805437206e-01	0.000000000000000000e+00
4.418367917442097559e-01	2.520223917072222930e-01	0.000000000000000000e+00
4.443723665097300546e-01	2.243138709672063136e-01	0.000000000000000000e+00
4.522189957099191360e-01	2.092724789348258396e-01	0.000000000000000000e+00
4.522189957099191360e-01	1.917452055768636143e-01	0.000000000000000000e+00
4.522189957099191360e-01	1.917452055768636143e-01	0.000000000000000000e+00
4.522189957099191360e-01	1.917452055768636143e-01	0.000000000000000000e+00
4.522189957099191360e-01	1.917452055768636143e-01	0.000000000000000000e+00
4.522189957099191360e-01	1.917452055768636143e-01	0.000000000000000000e+00
4.522189957099191360e-01	1.917452055768636143e-01	0.000000000000000000e+00
4.522189957099191360e-01	1.917452055768636143e-01	0.000000000000000000e+00
4.522189957099191360e-01	1.917452055768636143e-01	0.000000000000000000e+00
4.522189957099191360e-01	1.982605904679504982e-01	0.000000000000000000e+00
6.471659293871230290e-01	3.958367956839415822e-03	0.000000000000000000e+00
6.471659293871230290e-01	3.958367956839415822e-03	0.000000000000000000e+00
6.471659293871230290e-01	-3.337096156693971066e-03	0.000000000000000000e+00
6.471659293871230290e-01	-3.337096156693971066e-03	0.000000000000000000e+00
6.471659293871230290e-01	-3.337096156693971066e-03	0.000000000000000000e+00
6.471659293871230290e-01	-3.337096156693971066e-03	0.000000000000000000e+00
6.471659293871230290e-01	-3.337096156693971066e-03	0.000000000000000000e+00
6.471659293871230290e-01	-3.337096156693971066e-03	0.000000000000000000e+00
6.471659293871230290e-01	-3.337096156693971066e-03	0.000000000000000000e+00
6.471659293871230290e-01	-3.337096156693971066e-03	0.000000000000000000e+00
6.487502356296227513e-01	-1.490790661099636039e-01	0.000000000000000000e+00
6.487502356296227513e-01	-1.490790661099636039e-01	0.000000000000000000e+00
6.487502356296227513e-01	-1.490790661099636039e-01	0.000000000000000000e+00
6.487502356296227513e-01	-1.490790661099636039e-01	0.000000000000000000e+00
6.487502356296227513e-01	-1.490790661099636039e-01	0.000000000000000000e+00
6.487502356296227513e-01	-1.490790661099636039e-01	0.000000000000000000e+00
6.487502356296227513e-01	-1.490790661099636039e-01	0.000000000000000000e+00
6.487502356296227513e-01	-1.490790661099636039e-01	0.000000000000000000e+00
6.487502356296227513e-01	-1.482855986597489961e-01	0.000000000000000000e+00
6.487502356296227513e-01	-1.482855986597489961e-01	0.000000000000000000e+00
6.488610753374693951e-01	-1.578987205986031039e-01	0.000000000000000000e+00
6.489984698077686520e-01	-1.665530743842081052e-01	0.000000000000000000e+00
6.492554257558322828e-01	-1.584929762492992000e-01	0.000000000000000000e+00
6.488610753374693951e-01	-1.578987205986031039e-01	0.000000000000000000e+00
6.488610753374693951e-01	-1.578987205986031039e-01	0.000000000000000000e+00
8.291440924486236375e-01	-1.610073319810366721e-01	0.000000000000000000e+00
8.291440924486236375e-01	-1.989452367014778178e-01	0.000000000000000000e+00
8.291440924486236375e-01	-1.989452367014778178e-01	0.000000000000000000e+00
8.291440924486236375e-01	-1.989452367014778178e-01	0.000000000000000000e+00
8.368655526671338052e-01	-2.118697614905365734e-01	0.000000000000000000e+00
8.368655526671338052e-01	-2.348379373478809151e-01	0.000000000000000000e+00
8.368655526671338052e-01	-2.348379373478809151e-01	0.000000000000000000e+00
8.359097134237783999e-01	-2.671567730536356655e-01	0.000000000000000000e+00
8.359097134237783999e-01	-2.671567730536356655e-01	0.000000000000000000e+00
8.368972175343872832e-01	-2.690928542751579444e-01	0.000000000000000000e+00
8.398889363767984007e-01	-2.846651726276757111e-01	0.000000000000000000e+00
8.387227243287438405e-01	-3.041628347567180146e-01	0.000000000000000000e+00
8.387227243287438405e-01	-3.041628347567180146e-01	0.000000000000000000e+00
8.399778460663491764e-01	-3.198047718588838406e-01	0.000000000000000000e+00
8.399778460663491764e-01	-3.446593630273551701e-01	0.000000000000000000e+00
8.399778460663491764e-01	-3.446593630273551701e-01	0.000000000000000000e+00
8.399778460663491764e-01	-3.446593630273551701e-01	0.000000000000000000e+00
8.410027899546183017e-01	-3.566677645350945225e-01	0.000000000000000000e+00
8.435130334298290844e-01	-3.771512248284950020e-01	0.000000000000000000e+00
8.435130334298290844e-01	-3.771512248284950020e-01	0.000000000000000000e+00
8.435130334298290844e-01	-3.823734444289157430e-01	0.000000000000000000e+00
8.448157742443362928e-01	-3.889230369445487723e-01	0.000000000000000000e+00
8.481103972251793355e-01	-3.956215237722142675e-01	0.000000000000000000e+00
