0.000000000000000000e+00	1.375451369077531627e+00	0.000000000000000000e+00
3.126603927412541228e-03	1.336458621404389424e+00	0.000000000000000000e+00
3.126603927412541228e-03	1.336458621404389424e+00	0.000000000000000000e+00
5.340756818806180473e-02	1.231752002258897472e+00	0.000000000000000000e+00
5.966077604288688718e-02	1.074355673898413244e+00	0.000000000000000000e+00
7.615820676719146920e-02	1.013042890589795686e+00	0.000000000000000000e+00
8.659107464417030442e-02	9.319492814256462587e-01	0.000000000000000000e+00
8.659107464417030442e-02	9.314648113751399228e-01	0.000000000000000000e+00
8.659107464417030442e-02	9.239793089236504331e-01	0.000000000000000000e+00
8.659107464417030442e-02	9.239793089236504331e-01	0.000000000000000000e+00
8.659107464417030442e-02	9.239793089236504331e-01	0.000000000000000000e+00
8.124203129384754973e-02	9.009634278322495859e-01	0.000000000000000000e+00
1.937740182456557658e-01	8.931441047906150121e-01	0.000000000000000000e+00
2.021838590039125583e-01	8.224906951904461527e-01	0.000000000000000000e+00
2.129104727350604742e-01	7.207536757877847089e-01	0.000000000000000000e+00
2.152272457079515977e-01	6.898513608353608051e-01	0.000000000000000000e+00
2.266589476053982311e-01	6.216024122375551908e-01	0.000000000000000000e+00
2.300504968030435138e-01	5.547786470213554866e-01	0.000000000000000000e+00
2.300504968030435138e-01	5.547786470213554866e-01	0.000000000000000000e+00
2.416797014371525332e-01	4.930629558262227263e-01	0.000000000000000000e+00
2.447870027552693506e-01	4.410062206689341902e-01	0.000000000000000000e+00
2.526635804588553413e-01	4.214559189457240951e-01	0.000000000000000000e+00
2.648179984989268987e-01	4.094668997316666670e-01	0.000000000000000000e+00
2.648179984989268987e-01	4.094668997316666670e-01	0.000000000000000000e+00
2.648179984989268987e-01	4.094668997316666670e-01	0.000000000000000000e+00
2.648179984989268987e-01	4.094668997316666670e-01	0.000000000000000000e+00
2.648179984989268987e-01	4.094668997316666670e-01	0.000000000000000000e+00
2.648179984989268987e-01	4.094668997316666670e-01	0.000000000000000000e+00
2.648179984989268987e-01	4.094668997316666670e-01	0.000000000000000000e+00
2.648179984989268987e-01	4.094668997316666670e-01	0.000000000000000000e+00
2.648179984989268987e-01	4.094668997316666670e-01	0.000000000000000000e+00
4.260380169493637181e-01	3.983163810331429300e-01	0.000000000000000000e+00
4.260380169493637181e-01	2.580901932327506754e-01	0.000000000000000000e+00
4.260380169493637181e-01	2.580901932327506754e-01	0.000000000000000000e+00
4.260380169493637181e-01	2.580901932327506754e-01	0.000000000000000000e+00
4.260380169493637181e-01	2.580901932327506754e-01	0.000000000000000000e+00
4.260380169493637181e-01	2.452484279774970743e-01	0.000000000000000000e+00
4.318168510047736830e-01	1.963402221318368002e-01	0.000000000000000000e+00
4.399487492058237748e-01	1.432234597715203728e-01	0.000000000000000000e+00
4.399487492058237748e-01	1.432234597715203728e-01	0.000000000000000000e+00
4.424835167141881742e-01	1.288407727031755934e-01	0.000000000000000000e+00
4.424835167141881742e-01	1.288407727031755934e-01	0.000000000000000000e+00
4.424835167141881742e-01	1.288407727031755934e-01	0.000000000000000000e+00
4.424835167141881742e-01	1.288407727031755934e-01	0.000000000000000000e+00
4.424835167141881742e-01	1.288407727031755934e-01	0.000000000000000000e+00
4.424835167141881742e-01	1.288407727031755934e-01	0.000000000000000000e+00
4.424835167141881742e-01	1.288407727031755934e-01	0.000000000000000000e+00
4.424835167141881742e-01	1.288407727031755934e-01	0.000000000000000000e+00
4.411958438198146371e-01	1.368336979532329134e-01	0.000000000000000000e+00
6.414187838380803752e-01	-4.866257241299170450e-02	0.000000000000000000e+00
6.414187838380803752e-01	-4.866257241299170450e-02	0.000000000000000000e+00
6.414187838380803752e-01	-4.866257241299170450e-02	0.000000000000000000e+00
6.414187838380803752e-01	-4.866257241299170450e-02	0.000000000000000000e+00
6.414187838380803752e-01	-4.866257241299170450e-02	0.000000000000000000e+00
6.414187838380803752e-01	-5.913718802484693726e-02	0.000000000000000000e+00
6.414187838380803752e-01	-5.913718802484693726e-02	0.000000000000000000e+00
6.414187838380803752e-01	-5.913718802484693726e-02	0.000000000000000000e+00
6.414187838380803752e-01	-5.913718802484693726e-02	0.000000000000000000e+00
6.439996741293102511e-01	-8.175660869643426587e-02	0.000000000000000000e+00
6.439996741293102511e-01	-8.175660869643426587e-02	0.000000000000000000e+00
6.439996741293102511e-01	-1.256614354069360839e-01	0.000000000000000000e+00
6.439996741293102511e-01	-1.256614354069360839e-01	0.000000000000000000e+00
6.458068605815684426e-01	-1.315322098213446977e-01	0.000000000000000000e+00
6.451411351743605582e-01	-1.703035709136832554e-01	0.000000000000000000e+00
6.451411351743605582e-01	-1.703035709136832554e-01	0.000000000000000000e+00
6.452011667213017887e-01	-1.935597833517836153e-01	0.000000000000000000e+00
6.452011667213017887e-01	-1.935597833517836153e-01	0.000000000000000000e+00
6.474273455271629674e-01	-2.331792453765217932e-01	0.000000000000000000e+00
6.474273455271629674e-01	-2.331792453765217932e-01	0.000000000000000000e+00
6.472505144877409577e-01	-2.345053439279012053e-01	0.000000000000000000e+00
6.479585604394468845e-01	-2.437101865153849800e-01	0.000000000000000000e+00
6.500597017016531698e-01	-2.479304011549271491e-01	0.000000000000000000e+00
6.500597017016531698e-01	-2.479304011549271491e-01	0.000000000000000000e+00
6.500597017016531698e-01	-2.479304011549271491e-01	0.000000000000000000e+00
6.500597017016531698e-01	-2.479304011549271491e-01	0.000000000000000000e+00
6.487502356296227513e-01	-2.656186010081740823e-01	0.000000000000000000e+00
6.487502356296227513e-01	-2.656186010081740823e-01	0.000000000000000000e+00
8.340208002122694309e-01	-3.863805717100653458e-01	0.000000000000000000e+00
8.340208002122694309e-01	-3.863805717100653458e-01	0.000000000000000000e+00
8.340208002122694309e-01	-3.863805717100653458e-01	0.000000000000000000e+00
8.340208002122694309e-01	-3.863805717100653458e-01	0.000000000000000000e+00
8.340208002122694309e-01	-3.863805717100653458e-01	0.000000000000000000e+00
8.340208002122694309e-01	-3.863805717100653458e-01	0.000000000000000000e+00
8.340208002122694309e-01	-3.863805717100653458e-01	0.000000000000000000e+00
8.340208002122694309e-01	-4.395489328426837594e-01	0.000000000000000000e+00
8.340208002122694309e-01	-4.395489328426837594e-01	0.000000000000000000e+00
8.340208002122694309e-01	-4.395489328426837594e-01	0.000000000000000000e+00
8.340208002122694309e-01	-4.395489328426837594e-01	0.000000000000000000e+00
8.340208002122694309e-01	-4.395489328426837594e-01	0.000000000000000000e+00
8.340208002122694309e-01	-4.395489328426837594e-01	0.000000000000000000e+00
8.340208002122694309e-01	-4.395489328426837594e-01	0.000000000000000000e+00
8.340208002122694309e-01	-4.395489328426837594e-01	0.000000000000000000e+00
8.455701732962616068e-01	-5.306117246813100152e-01	0.000000000000000000e+00
8.455701732962616068e-01	-5.306117246813100152e-01	0.000000000000000000e+00
8.455701732962616068e-01	-5.306117246813100152e-01	0.000000000000000000e+00
8.455701732962616068e-01	-5.306117246813100152e-01	0.000000000000000000e+00
8.455701732962616068e-01	-5.306117246813100152e-01	0.000000000000000000e+00
8.455701732962616068e-01	-5.306117246813100152e-01	0.000000000000000000e+00
8.455701732962616068e-01	-5.306117246813100152e-01	0.000000000000000000e+00
8.455701732962616068e-01	-5.306117246813100152e-01	0.000000000000000000e+00
