0.000000000000000000e+00	4.239519798066043066e+00	0.000000000000000000e+00
0.000000000000000000e+00	4.239519798066043066e+00	0.000000000000000000e+00
4.865291664009526590e-02	3.410266610723942993e+00	0.000000000000000000e+00
4.865291664009526590e-02	3.410266610723942993e+00	0.000000000000000000e+00
1.056338986547326608e-01	3.167413110219662986e+00	0.000000000000000000e+00
1.056338986547326608e-01	3.167413110219662986e+00	0.000000000000000000e+00
1.056338986547326608e-01	3.167413110219662986e+00	0.000000000000000000e+00
1.056338986547326608e-01	3.167413110219662986e+00	0.000000000000000000e+00
1.854178325945834982e-01	3.076340458898280783e+00	0.000000000000000000e+00
2.428713636839912038e-01	2.549148401644108386e+00	0.000000000000000000e+00
2.428713636839912038e-01	2.549148401644108386e+00	0.000000000000000000e+00
2.522538167199809278e-01	2.676520307923965447e+00	0.000000000000000000e+00
2.522538167199809278e-01	2.636683722112528105e+00	0.000000000000000000e+00
2.522538167199809278e-01	2.636683722112528105e+00	0.000000000000000000e+00
2.522538167199809278e-01	2.636683722112528105e+00	0.000000000000000000e+00
2.522538167199809278e-01	2.636683722112528105e+00	0.000000000000000000e+00
2.522538167199809278e-01	2.676520307923965447e+00	0.000000000000000000e+00
2.522538167199809278e-01	2.676520307923965447e+00	0.000000000000000000e+00
2.522538167199809278e-01	2.676520307923965447e+00	0.000000000000000000e+00
4.534177925007191745e-01	2.174501713788765667e+00	0.000000000000000000e+00
4.534177925007191745e-01	2.174501713788765667e+00	0.000000000000000000e+00
4.534177925007191745e-01	2.113695293464127101e+00	0.000000000000000000e+00
4.534177925007191745e-01	2.113659353283707798e+00	0.000000000000000000e+00
4.534177925007191745e-01	2.113659353283707798e+00	0.000000000000000000e+00
4.534177925007191745e-01	2.113659353283707798e+00	0.000000000000000000e+00
4.534177925007191745e-01	2.113659353283707798e+00	0.000000000000000000e+00
4.534177925007191745e-01	2.113659353283707798e+00	0.000000000000000000e+00
4.534177925007191745e-01	2.113659353283707798e+00	0.000000000000000000e+00
4.534177925007191745e-01	2.113659353283707798e+00	0.000000000000000000e+00
4.534177925007191745e-01	2.113659353283707798e+00	0.000000000000000000e+00
4.534177925007191745e-01	2.116056869679945773e+00	0.000000000000000000e+00
4.534177925007191745e-01	2.116056869679945773e+00	0.000000000000000000e+00
6.450948330187654678e-01	1.906423345330503949e+00	0.000000000000000000e+00
6.450948330187654678e-01	1.906423345330503949e+00	0.000000000000000000e+00
6.450948330187654678e-01	1.906423345330503949e+00	0.000000000000000000e+00
6.450948330187654678e-01	1.906423345330503949e+00	0.000000000000000000e+00
6.453079839014385088e-01	1.880536995697365876e+00	0.000000000000000000e+00
6.453079839014385088e-01	1.880536995697365876e+00	0.000000000000000000e+00
6.453079839014385088e-01	1.880536995697365876e+00	0.000000000000000000e+00
6.453079839014385088e-01	1.880536995697365876e+00	0.000000000000000000e+00
6.335956939814162414e-01	1.831822263788016381e+00	0.000000000000000000e+00
6.382432591533064858e-01	1.789681699648265178e+00	0.000000000000000000e+00
6.366940707626763674e-01	1.722716412247833118e+00	0.000000000000000000e+00
6.366940707626763674e-01	1.722716412247833118e+00	0.000000000000000000e+00
6.335956939814162414e-01	1.713737309782023654e+00	0.000000000000000000e+00
6.335956939814162414e-01	1.713737309782023654e+00	0.000000000000000000e+00
6.335956939814162414e-01	1.713737309782023654e+00	0.000000000000000000e+00
6.344367638244995389e-01	1.711391295061247986e+00	0.000000000000000000e+00
6.344367638244995389e-01	1.711391295061247986e+00	0.000000000000000000e+00
6.344367638244995389e-01	1.711391295061247986e+00	0.000000000000000000e+00
6.446217653075719811e-01	1.692732230161713369e+00	0.000000000000000000e+00
6.446217653075719811e-01	1.692732230161713369e+00	0.000000000000000000e+00
6.446217653075719811e-01	1.692732230161713369e+00	0.000000000000000000e+00
6.446217653075719811e-01	1.692732230161713369e+00	0.000000000000000000e+00
6.446217653075719811e-01	1.689474199830631740e+00	0.000000000000000000e+00
6.446217653075719811e-01	1.689474199830631740e+00	0.000000000000000000e+00
6.446217653075719811e-01	1.689474199830631740e+00	0.000000000000000000e+00
6.446217653075719811e-01	1.689474199830631740e+00	0.000000000000000000e+00
6.446217653075719811e-01	1.689474199830631740e+00	0.000000000000000000e+00
6.446217653075719811e-01	1.689474199830631740e+00	0.000000000000000000e+00
6.446217653075719811e-01	1.689474199830631740e+00	0.000000000000000000e+00
6.446217653075719811e-01	1.689474199830631740e+00	0.000000000000000000e+00
8.557406099959492529e-01	1.061587192121834278e+00	0.000000000000000000e+00
8.557406099959492529e-01	1.061587192121834278e+00	0.000000000000000000e+00
8.557406099959492529e-01	1.053588421200332359e+00	0.000000000000000000e+00
8.557406099959492529e-01	1.053588421200332359e+00	0.000000000000000000e+00
8.557406099959492529e-01	9.781489345060897511e-01	0.000000000000000000e+00
8.557406099959492529e-01	9.781489345060897511e-01	0.000000000000000000e+00
8.557406099959492529e-01	9.781489345060897511e-01	0.000000000000000000e+00
8.557406099959492529e-01	9.781489345060897511e-01	0.000000000000000000e+00
8.557406099959492529e-01	9.781489345060897511e-01	0.000000000000000000e+00
8.557406099959492529e-01	9.761947767713459179e-01	0.000000000000000000e+00
8.557406099959492529e-01	7.540111710247341392e-01	0.000000000000000000e+00
8.557406099959492529e-01	7.540111710247341392e-01	0.000000000000000000e+00
8.557406099959492529e-01	7.540111710247341392e-01	0.000000000000000000e+00
8.557406099959492529e-01	7.540111710247341392e-01	0.000000000000000000e+00
8.557406099959492529e-01	7.540111710247341392e-01	0.000000000000000000e+00
8.557406099959492529e-01	7.540111710247341392e-01	0.000000000000000000e+00
8.557406099959492529e-01	7.540111710247341392e-01	0.000000000000000000e+00
8.557406099959492529e-01	7.540111710247341392e-01	0.000000000000000000e+00
8.557406099959492529e-01	7.572016227284076306e-01	0.000000000000000000e+00
8.557406099959492529e-01	7.572016227284076306e-01	0.000000000000000000e+00
8.557406099959492529e-01	7.259583624345989916e-01	0.000000000000000000e+00
8.557406099959492529e-01	7.259583624345989916e-01	0.000000000000000000e+00
8.557406099959492529e-01	6.815452082046318250e-01	0.000000000000000000e+00
8.557406099959492529e-01	6.815452082046318250e-01	0.000000000000000000e+00
8.557406099959492529e-01	6.815452082046318250e-01	0.000000000000000000e+00
8.557406099959492529e-01	6.815452082046318250e-01	0.000000000000000000e+00
8.557406099959492529e-01	6.815452082046318250e-01	0.000000000000000000e+00
8.557406099959492529e-01	6.815452082046318250e-01	0.000000000000000000e+00
8.557406099959492529e-01	6.815452082046318250e-01	0.000000000000000000e+00
8.557406099959492529e-01	6.815452082046318250e-01	0.000000000000000000e+00
8.557406099959492529e-01	8.045346874849185204e-01	0.000000000000000000e+00
8.557406099959492529e-01	8.045346874849185204e-01	0.000000000000000000e+00
8.557406099959492529e-01	8.138436268415266683e-01	0.000000000000000000e+00
8.557406099959492529e-01	8.138436268415266683e-01	0.000000000000000000e+00
8.557406099959492529e-01	8.138436268415266683e-01	0.000000000000000000e+00
8.557406099959492529e-01	8.138436268415266683e-01	0.000000000000000000e+00
8.557406099959492529e-01	8.138436268415266683e-01	0.000000000000000000e+00
8.557406099959492529e-01	9.132661786868070397e-01	0.000000000000000000e+00
