0.000000000000000000e+00	1.446175879314164137e+00	0.000000000000000000e+00
3.126603927412541228e-03	1.097298311803305060e+00	0.000000000000000000e+00
2.985970566945413823e-02	9.987346560274825702e-01	0.000000000000000000e+00
2.985970566945413823e-02	9.987346560274825702e-01	0.000000000000000000e+00
5.260551382608077975e-02	9.935219039625384774e-01	0.000000000000000000e+00
6.735138173576743492e-02	9.545656087637599541e-01	0.000000000000000000e+00
8.659107464417030442e-02	8.864883631901733230e-01	0.000000000000000000e+00
8.659107464417030442e-02	8.831879461933782594e-01	0.000000000000000000e+00
8.659107464417030442e-02	8.831879461933782594e-01	0.000000000000000000e+00
8.659107464417030442e-02	8.831879461933782594e-01	0.000000000000000000e+00
8.659107464417030442e-02	8.831879461933782594e-01	0.000000000000000000e+00
8.659107464417030442e-02	8.831879461933782594e-01	0.000000000000000000e+00
1.898040274301334984e-01	8.365263015813411140e-01	0.000000000000000000e+00
2.021838590039125583e-01	7.622039153930387778e-01	0.000000000000000000e+00
2.129104727350604742e-01	7.078360875426191745e-01	0.000000000000000000e+00
2.152272457079515977e-01	6.876208690114652411e-01	0.000000000000000000e+00
2.261067562238643081e-01	5.463589524486283100e-01	0.000000000000000000e+00
2.261067562238643081e-01	5.293462642494802806e-01	0.000000000000000000e+00
2.300504968030435138e-01	4.873484928855375542e-01	0.000000000000000000e+00
2.447870027552693506e-01	4.354370511607838501e-01	0.000000000000000000e+00
2.447870027552693506e-01	4.294629781213922248e-01	0.000000000000000000e+00
2.648179984989268987e-01	4.073642849542966626e-01	0.000000000000000000e+00
2.648179984989268987e-01	4.066981919601442841e-01	0.000000000000000000e+00
2.648179984989268987e-01	4.066981919601442841e-01	0.000000000000000000e+00
2.648179984989268987e-01	4.066981919601442841e-01	0.000000000000000000e+00
2.648179984989268987e-01	4.066981919601442841e-01	0.000000000000000000e+00
2.648179984989268987e-01	4.066981919601442841e-01	0.000000000000000000e+00
2.648179984989268987e-01	4.066981919601442841e-01	0.000000000000000000e+00
2.648179984989268987e-01	4.066981919601442841e-01	0.000000000000000000e+00
2.648179984989268987e-01	4.066981919601442841e-01	0.000000000000000000e+00
4.253208638638946715e-01	2.879922570631409662e-01	0.000000000000000000e+00
4.253208638638946715e-01	2.879922570631409662e-01	0.000000000000000000e+00
4.253208638638946715e-01	2.879922570631409662e-01	0.000000000000000000e+00
4.253208638638946715e-01	2.772434500913921740e-01	0.000000000000000000e+00
4.289616113924983321e-01	2.175337631199079913e-01	0.000000000000000000e+00
4.289616113924983321e-01	2.093145153689815741e-01	0.000000000000000000e+00
4.328958551015286149e-01	1.831405271369777044e-01	0.000000000000000000e+00
4.349737836988921691e-01	1.460265984741734024e-01	0.000000000000000000e+00
4.408069678423771065e-01	1.334198092476178987e-01	0.000000000000000000e+00
4.471487832852692468e-01	9.529971171518387962e-02	0.000000000000000000e+00
4.534905987281613871e-01	9.456502601499532090e-02	0.000000000000000000e+00
4.534905987281613871e-01	9.456502601499532090e-02	0.000000000000000000e+00
4.534905987281613871e-01	9.456502601499532090e-02	0.000000000000000000e+00
4.534905987281613871e-01	9.456502601499532090e-02	0.000000000000000000e+00
4.534905987281613871e-01	9.456502601499532090e-02	0.000000000000000000e+00
4.534905987281613871e-01	9.456502601499532090e-02	0.000000000000000000e+00
4.534905987281613871e-01	9.456502601499532090e-02	0.000000000000000000e+00
4.534905987281613871e-01	9.456502601499532090e-02	0.000000000000000000e+00
4.534905987281613871e-01	9.456502601499532090e-02	0.000000000000000000e+00
6.379259865231358129e-01	5.897763553342549869e-02	0.000000000000000000e+00
6.379259865231358129e-01	-1.906913910050506700e-01	0.000000000000000000e+00
6.379259865231358129e-01	-1.906913910050506700e-01	0.000000000000000000e+00
6.379259865231358129e-01	-1.906913910050506700e-01	0.000000000000000000e+00
6.379259865231358129e-01	-1.906913910050506700e-01	0.000000000000000000e+00
6.379259865231358129e-01	-1.906913910050506700e-01	0.000000000000000000e+00
6.379259865231358129e-01	-1.643156854333452099e-01	0.000000000000000000e+00
6.379259865231358129e-01	-1.643156854333452099e-01	0.000000000000000000e+00
6.379259865231358129e-01	-1.643156854333452099e-01	0.000000000000000000e+00
6.379259865231358129e-01	-1.643156854333452099e-01	0.000000000000000000e+00
6.379259865231358129e-01	-1.643156854333452099e-01	0.000000000000000000e+00
6.379259865231358129e-01	-1.643156854333452099e-01	0.000000000000000000e+00
6.405158613873450646e-01	-1.925721343266391106e-01	0.000000000000000000e+00
6.405158613873450646e-01	-1.925721343266391106e-01	0.000000000000000000e+00
6.494593072253502797e-01	-2.275170464436024886e-01	0.000000000000000000e+00
6.493751708873555240e-01	-2.406187625199158464e-01	0.000000000000000000e+00
6.493751708873555240e-01	-2.406187625199158464e-01	0.000000000000000000e+00
6.493751708873555240e-01	-2.406187625199158464e-01	0.000000000000000000e+00
6.495858973538914949e-01	-2.567955241294348490e-01	0.000000000000000000e+00
6.495858973538914949e-01	-2.567955241294348490e-01	0.000000000000000000e+00
6.495858973538914949e-01	-2.567955241294348490e-01	0.000000000000000000e+00
6.495858973538914949e-01	-2.567955241294348490e-01	0.000000000000000000e+00
6.495858973538914949e-01	-2.567955241294348490e-01	0.000000000000000000e+00
8.338476025267653746e-01	-3.946866414935982226e-01	0.000000000000000000e+00
8.338476025267653746e-01	-3.946866414935982226e-01	0.000000000000000000e+00
8.338476025267653746e-01	-3.946866414935982226e-01	0.000000000000000000e+00
8.338476025267653746e-01	-3.946866414935982226e-01	0.000000000000000000e+00
8.338476025267653746e-01	-3.946866414935982226e-01	0.000000000000000000e+00
8.338476025267653746e-01	-3.946866414935982226e-01	0.000000000000000000e+00
8.316881256576760251e-01	-3.549051850411993336e-01	0.000000000000000000e+00
8.316707767712522292e-01	-3.884432493267438447e-01	0.000000000000000000e+00
8.316707767712522292e-01	-3.884432493267438447e-01	0.000000000000000000e+00
8.316881256576760251e-01	-3.940682198797859082e-01	0.000000000000000000e+00
8.316881256576760251e-01	-4.089736603565981010e-01	0.000000000000000000e+00
8.316707767712522292e-01	-4.152150965238906588e-01	0.000000000000000000e+00
8.316881256576760251e-01	-4.348483232750151029e-01	0.000000000000000000e+00
8.316881256576760251e-01	-4.348483232750151029e-01	0.000000000000000000e+00
8.338660505865381767e-01	-4.421218290730437595e-01	0.000000000000000000e+00
8.354646166720111067e-01	-4.766701717298045815e-01	0.000000000000000000e+00
8.455701732962616068e-01	-5.854352503328107415e-01	0.000000000000000000e+00
8.455701732962616068e-01	-5.854352503328107415e-01	0.000000000000000000e+00
8.455701732962616068e-01	-5.854352503328107415e-01	0.000000000000000000e+00
8.455701732962616068e-01	-5.854352503328107415e-01	0.000000000000000000e+00
8.455701732962616068e-01	-5.854352503328107415e-01	0.000000000000000000e+00
8.455701732962616068e-01	-5.854352503328107415e-01	0.000000000000000000e+00
8.455701732962616068e-01	-5.854352503328107415e-01	0.000000000000000000e+00
8.455701732962616068e-01	-5.854352503328107415e-01	0.000000000000000000e+00
8.455701732962616068e-01	-5.747862916560541047e-01	0.000000000000000000e+00
8.455701732962616068e-01	-5.747862916560541047e-01	0.000000000000000000e+00
8.455701732962616068e-01	-5.759994261289113071e-01	0.000000000000000000e+00
8.455701732962616068e-01	-5.676377821172164939e-01	0.000000000000000000e+00
