0.000000000000000000e+00	2.322848716809226666e+00	0.000000000000000000e+00
3.126603927412541228e-03	1.336458621404389424e+00	0.000000000000000000e+00
3.098697098449346848e-02	1.134437819412831949e+00	0.000000000000000000e+00
3.098697098449346848e-02	1.134437819412831949e+00	0.000000000000000000e+00
5.966077604288688718e-02	1.045511488286558377e+00	0.000000000000000000e+00
7.615820676719146920e-02	1.013042890589795686e+00	0.000000000000000000e+00
8.659107464417030442e-02	9.119749625835215090e-01	0.000000000000000000e+00
8.659107464417030442e-02	9.119749625835215090e-01	0.000000000000000000e+00
8.659107464417030442e-02	9.119749625835215090e-01	0.000000000000000000e+00
8.659107464417030442e-02	9.119749625835215090e-01	0.000000000000000000e+00
8.659107464417030442e-02	9.119749625835215090e-01	0.000000000000000000e+00
8.124203129384754973e-02	9.009634278322495859e-01	0.000000000000000000e+00
1.898040274301334984e-01	8.365263015813411140e-01	0.000000000000000000e+00
2.021838590039125583e-01	7.622039153930387778e-01	0.000000000000000000e+00
2.129104727350604742e-01	7.207536757877847089e-01	0.000000000000000000e+00
2.152272457079515977e-01	6.898513608353608051e-01	0.000000000000000000e+00
2.266589476053982311e-01	6.212252428330152787e-01	0.000000000000000000e+00
2.300504968030435138e-01	5.399252393804799821e-01	0.000000000000000000e+00
2.300504968030435138e-01	5.141580796361018280e-01	0.000000000000000000e+00
2.416797014371525332e-01	4.930629558262227263e-01	0.000000000000000000e+00
2.447870027552693506e-01	4.294629781213922248e-01	0.000000000000000000e+00
2.522973796711465155e-01	4.210390321557895277e-01	0.000000000000000000e+00
2.648179984989268987e-01	4.094668997316666670e-01	0.000000000000000000e+00
2.648179984989268987e-01	4.079549282616831696e-01	0.000000000000000000e+00
2.648179984989268987e-01	4.068377999439701243e-01	0.000000000000000000e+00
2.648179984989268987e-01	4.068377999439701243e-01	0.000000000000000000e+00
2.648179984989268987e-01	4.067659869852028875e-01	0.000000000000000000e+00
2.648179984989268987e-01	4.067659869852028875e-01	0.000000000000000000e+00
2.648179984989268987e-01	4.067659869852028875e-01	0.000000000000000000e+00
2.648179984989268987e-01	4.067659869852028875e-01	0.000000000000000000e+00
2.648179984989268987e-01	4.067659869852028875e-01	0.000000000000000000e+00
4.260380169493637181e-01	2.562723468097698465e-01	0.000000000000000000e+00
4.254718268293221084e-01	2.529354850527315013e-01	0.000000000000000000e+00
4.254718268293221084e-01	2.529354850527315013e-01	0.000000000000000000e+00
4.254718268293221084e-01	2.529354850527315013e-01	0.000000000000000000e+00
4.286229503963608356e-01	2.287028293602252071e-01	0.000000000000000000e+00
4.287910070993165013e-01	2.109295582573028349e-01	0.000000000000000000e+00
4.328958551015286149e-01	1.627428353336064504e-01	0.000000000000000000e+00
4.328958551015286149e-01	1.627428353336064504e-01	0.000000000000000000e+00
4.399487492058237748e-01	1.342814784547580464e-01	0.000000000000000000e+00
4.424835167141881742e-01	1.266043084518664319e-01	0.000000000000000000e+00
4.424835167141881742e-01	1.266043084518664319e-01	0.000000000000000000e+00
4.424835167141881742e-01	1.266043084518664319e-01	0.000000000000000000e+00
4.424835167141881742e-01	1.266043084518664319e-01	0.000000000000000000e+00
4.424835167141881742e-01	1.266043084518664319e-01	0.000000000000000000e+00
4.424835167141881742e-01	1.266043084518664319e-01	0.000000000000000000e+00
4.424835167141881742e-01	1.266043084518664319e-01	0.000000000000000000e+00
4.424835167141881742e-01	1.282984447013313656e-01	0.000000000000000000e+00
4.424835167141881742e-01	1.288407727031755934e-01	0.000000000000000000e+00
6.401283386924654373e-01	-7.825064143952788209e-02	0.000000000000000000e+00
6.401283386924654373e-01	-7.825064143952788209e-02	0.000000000000000000e+00
6.401283386924654373e-01	-7.825064143952788209e-02	0.000000000000000000e+00
6.401283386924654373e-01	-7.825064143952788209e-02	0.000000000000000000e+00
6.401283386924654373e-01	-7.825064143952788209e-02	0.000000000000000000e+00
6.401283386924654373e-01	-7.825064143952788209e-02	0.000000000000000000e+00
6.426456424911581866e-01	-9.438758756146291284e-02	0.000000000000000000e+00
6.414187838380803752e-01	-5.913718802484693726e-02	0.000000000000000000e+00
6.426456424911581866e-01	-9.438758756146291284e-02	0.000000000000000000e+00
6.426456424911581866e-01	-9.438758756146291284e-02	0.000000000000000000e+00
6.418866144136659013e-01	-1.326434431022169846e-01	0.000000000000000000e+00
6.418866144136659013e-01	-1.326434431022169846e-01	0.000000000000000000e+00
6.432901061404227017e-01	-1.595434241516437701e-01	0.000000000000000000e+00
6.432901061404227017e-01	-1.595434241516437701e-01	0.000000000000000000e+00
6.432901061404227017e-01	-1.761004534238413688e-01	0.000000000000000000e+00
6.451411351743605582e-01	-1.946272585198678406e-01	0.000000000000000000e+00
6.491057170966904044e-01	-2.358067674111776757e-01	0.000000000000000000e+00
6.491057170966904044e-01	-2.358067674111776757e-01	0.000000000000000000e+00
6.474273455271629674e-01	-2.331792453765217932e-01	0.000000000000000000e+00
6.491057170966904044e-01	-2.418017072482089858e-01	0.000000000000000000e+00
6.495858973538914949e-01	-2.567555523815745477e-01	0.000000000000000000e+00
6.495858973538914949e-01	-2.567555523815745477e-01	0.000000000000000000e+00
6.495858973538914949e-01	-2.567555523815745477e-01	0.000000000000000000e+00
6.495858973538914949e-01	-2.567555523815745477e-01	0.000000000000000000e+00
6.495858973538914949e-01	-2.567555523815745477e-01	0.000000000000000000e+00
8.340208002122694309e-01	-4.502012881974095104e-01	0.000000000000000000e+00
8.340208002122694309e-01	-4.502012881974095104e-01	0.000000000000000000e+00
8.340208002122694309e-01	-4.502012881974095104e-01	0.000000000000000000e+00
8.340208002122694309e-01	-4.502012881974095104e-01	0.000000000000000000e+00
8.340208002122694309e-01	-4.502012881974095104e-01	0.000000000000000000e+00
8.340208002122694309e-01	-4.502012881974095104e-01	0.000000000000000000e+00
8.340208002122694309e-01	-4.502012881974095104e-01	0.000000000000000000e+00
8.340208002122694309e-01	-4.502012881974095104e-01	0.000000000000000000e+00
8.340208002122694309e-01	-4.070331809724576644e-01	0.000000000000000000e+00
8.340208002122694309e-01	-4.070331809724576644e-01	0.000000000000000000e+00
8.340208002122694309e-01	-4.070331809724576644e-01	0.000000000000000000e+00
8.340208002122694309e-01	-4.070331809724576644e-01	0.000000000000000000e+00
8.340208002122694309e-01	-4.241404436781208154e-01	0.000000000000000000e+00
8.340208002122694309e-01	-4.358610977591084179e-01	0.000000000000000000e+00
8.455701732962616068e-01	-5.231708870888678309e-01	0.000000000000000000e+00
8.374768665145543300e-01	-4.731123032452138055e-01	0.000000000000000000e+00
8.374768665145543300e-01	-4.731123032452138055e-01	0.000000000000000000e+00
8.374768665145543300e-01	-4.731123032452138055e-01	0.000000000000000000e+00
8.455701732962616068e-01	-5.444114553494077136e-01	0.000000000000000000e+00
8.374768665145543300e-01	-5.324193904034683067e-01	0.000000000000000000e+00
8.455701732962616068e-01	-5.444114553494077136e-01	0.000000000000000000e+00
8.455701732962616068e-01	-5.444114553494077136e-01	0.000000000000000000e+00
8.455701732962616068e-01	-5.353320774103469404e-01	0.000000000000000000e+00
8.455701732962616068e-01	-5.353320774103469404e-01	0.000000000000000000e+00
8.455701732962616068e-01	-5.353320774103469404e-01	0.000000000000000000e+00
8.455701732962616068e-01	-5.359145340140065716e-01	0.000000000000000000e+00
