0.000000000000000000e+00	1.198994790819780221e+00	0.000000000000000000e+00
3.126603927412541228e-03	1.074031894662049291e+00	0.000000000000000000e+00
2.985970566945413823e-02	9.473928422977774266e-01	0.000000000000000000e+00
4.234204576669938630e-02	9.055150134671455797e-01	0.000000000000000000e+00
5.563093585367553939e-02	8.372321887394841289e-01	0.000000000000000000e+00
7.058079812240011797e-02	7.897565323985425989e-01	0.000000000000000000e+00
8.557693035628829992e-02	7.838348354208922730e-01	0.000000000000000000e+00
8.557693035628829992e-02	7.837256042958086200e-01	0.000000000000000000e+00
8.557693035628829992e-02	7.837256042958086200e-01	0.000000000000000000e+00
8.557693035628829992e-02	7.837256042958086200e-01	0.000000000000000000e+00
8.557693035628829992e-02	7.837256042958086200e-01	0.000000000000000000e+00
8.557693035628829992e-02	7.837256042958086200e-01	0.000000000000000000e+00
1.898040274301334984e-01	7.734822491743721384e-01	0.000000000000000000e+00
1.898040274301334984e-01	7.218647706051374291e-01	0.000000000000000000e+00
2.089211029593540381e-01	6.571369993110867114e-01	0.000000000000000000e+00
2.183294780566344129e-01	5.761198453345344195e-01	0.000000000000000000e+00
2.250749695907649506e-01	5.008112135303467438e-01	0.000000000000000000e+00
2.250749695907649506e-01	4.796631228708439498e-01	0.000000000000000000e+00
2.342029166045001276e-01	4.048177089083315194e-01	0.000000000000000000e+00
2.342029166045001276e-01	4.048177089083315194e-01	0.000000000000000000e+00
2.533757802147689753e-01	3.670338431183027827e-01	0.000000000000000000e+00
2.533757802147689753e-01	3.180014848487494605e-01	0.000000000000000000e+00
2.533757802147689753e-01	3.180014848487494605e-01	0.000000000000000000e+00
2.560549349628669091e-01	3.567287515115179497e-01	0.000000000000000000e+00
2.560549349628669091e-01	3.516481947628984361e-01	0.000000000000000000e+00
2.560549349628669091e-01	3.516481947628984361e-01	0.000000000000000000e+00
2.560549349628669091e-01	3.516481947628984361e-01	0.000000000000000000e+00
2.560549349628669091e-01	3.516481947628984361e-01	0.000000000000000000e+00
2.560549349628669091e-01	3.516481947628984361e-01	0.000000000000000000e+00
2.560549349628669091e-01	3.516481947628984361e-01	0.000000000000000000e+00
2.560549349628669091e-01	3.516481947628984361e-01	0.000000000000000000e+00
4.212722782398067300e-01	2.776307087576981303e-01	0.000000000000000000e+00
4.212722782398067300e-01	2.776307087576981303e-01	0.000000000000000000e+00
4.236505978688547835e-01	2.567833330811724046e-01	0.000000000000000000e+00
4.285891809320107049e-01	2.110128255616564863e-01	0.000000000000000000e+00
4.289616113924983321e-01	1.767933755269732454e-01	0.000000000000000000e+00
4.316386401523495397e-01	9.872627338061988611e-02	0.000000000000000000e+00
4.316386401523495397e-01	9.872627338061988611e-02	0.000000000000000000e+00
4.316386401523495397e-01	9.872627338061988611e-02	0.000000000000000000e+00
4.400929531466232225e-01	8.115061797774422714e-02	0.000000000000000000e+00
4.450386393152269138e-01	1.979169904415774631e-02	0.000000000000000000e+00
4.485472661408968498e-01	1.360986704276180050e-02	0.000000000000000000e+00
4.485472661408968498e-01	1.360986704276180050e-02	0.000000000000000000e+00
4.485472661408968498e-01	1.360986704276180050e-02	0.000000000000000000e+00
4.485472661408968498e-01	1.360986704276180050e-02	0.000000000000000000e+00
4.485472661408968498e-01	1.360986704276180050e-02	0.000000000000000000e+00
4.485472661408968498e-01	1.360986704276180050e-02	0.000000000000000000e+00
4.450386393152269138e-01	1.979169904415774631e-02	0.000000000000000000e+00
4.562680616444724224e-01	3.310161395346304658e-02	0.000000000000000000e+00
4.506914424337999381e-01	4.555518417277652082e-02	0.000000000000000000e+00
6.338718830593179643e-01	1.563188737933751335e-02	0.000000000000000000e+00
6.338718830593179643e-01	-5.117768923574330525e-02	0.000000000000000000e+00
6.338718830593179643e-01	-5.117768923574330525e-02	0.000000000000000000e+00
6.338718830593179643e-01	-5.117768923574330525e-02	0.000000000000000000e+00
6.343497824864848811e-01	-9.962770508622974253e-02	0.000000000000000000e+00
6.329181118450541987e-01	-1.071489969130975245e-01	0.000000000000000000e+00
6.343497824864848811e-01	-1.284099271560442401e-01	0.000000000000000000e+00
6.343497824864848811e-01	-1.336137077217188218e-01	0.000000000000000000e+00
6.343497824864848811e-01	-1.760959235267913481e-01	0.000000000000000000e+00
6.343497824864848811e-01	-1.760959235267913481e-01	0.000000000000000000e+00
6.372131237693461348e-01	-2.195169800889803791e-01	0.000000000000000000e+00
6.372131237693461348e-01	-2.195169800889803791e-01	0.000000000000000000e+00
6.372131237693461348e-01	-2.195169800889803791e-01	0.000000000000000000e+00
6.400764650522073884e-01	-2.350786943142790797e-01	0.000000000000000000e+00
6.400764650522073884e-01	-2.606856160049346172e-01	0.000000000000000000e+00
6.400764650522073884e-01	-2.620066691761843702e-01	0.000000000000000000e+00
6.426800892225839057e-01	-2.759719118721621900e-01	0.000000000000000000e+00
6.513724370226716687e-01	-2.889687454728003813e-01	0.000000000000000000e+00
6.513724370226716687e-01	-2.889687454728003813e-01	0.000000000000000000e+00
6.513724370226716687e-01	-2.889687454728003813e-01	0.000000000000000000e+00
6.513724370226716687e-01	-2.889687454728003813e-01	0.000000000000000000e+00
6.513724370226716687e-01	-2.889687454728003813e-01	0.000000000000000000e+00
8.287437823030711082e-01	-2.983540665151778737e-01	0.000000000000000000e+00
8.287437823030711082e-01	-3.717993419541879563e-01	0.000000000000000000e+00
8.287437823030711082e-01	-4.123132159260635143e-01	0.000000000000000000e+00
8.287437823030711082e-01	-4.123132159260635143e-01	0.000000000000000000e+00
8.287437823030711082e-01	-4.123132159260635143e-01	0.000000000000000000e+00
8.287437823030711082e-01	-4.123132159260635143e-01	0.000000000000000000e+00
8.287437823030711082e-01	-4.123132159260635143e-01	0.000000000000000000e+00
8.287437823030711082e-01	-4.123132159260635143e-01	0.000000000000000000e+00
8.300799855923612913e-01	-4.285172614532994917e-01	0.000000000000000000e+00
8.300799855923612913e-01	-4.285172614532994917e-01	0.000000000000000000e+00
8.287437823030711082e-01	-4.331727892730343754e-01	0.000000000000000000e+00
8.298679327808389239e-01	-4.563419650628308122e-01	0.000000000000000000e+00
8.298679327808389239e-01	-4.563419650628308122e-01	0.000000000000000000e+00
8.309920832586066286e-01	-4.617078040881357759e-01	0.000000000000000000e+00
8.356428498864290066e-01	-5.097843016079799394e-01	0.000000000000000000e+00
8.356428498864290066e-01	-5.097843016079799394e-01	0.000000000000000000e+00
8.356428498864290066e-01	-5.097843016079799394e-01	0.000000000000000000e+00
8.356428498864290066e-01	-5.097843016079799394e-01	0.000000000000000000e+00
8.356653249193534139e-01	-5.235406785706497867e-01	0.000000000000000000e+00
8.356350243660974897e-01	-5.337518621820090958e-01	0.000000000000000000e+00
8.455701732962616068e-01	-6.196825717355604057e-01	0.000000000000000000e+00
8.455701732962616068e-01	-6.196825717355604057e-01	0.000000000000000000e+00
8.455701732962616068e-01	-6.196825717355604057e-01	0.000000000000000000e+00
8.455701732962616068e-01	-6.196825717355604057e-01	0.000000000000000000e+00
8.455701732962616068e-01	-6.196825717355604057e-01	0.000000000000000000e+00
8.455701732962616068e-01	-6.196825717355604057e-01	0.000000000000000000e+00
8.455701732962616068e-01	-6.196825717355604057e-01	0.000000000000000000e+00
8.455701732962616068e-01	-6.196825717355604057e-01	0.000000000000000000e+00
