3.614538620916903783e-02	3.306752629392204046e+00	0.000000000000000000e+00
0.000000000000000000e+00	3.728143589371960331e+00	0.000000000000000000e+00
5.399050159770889257e-02	3.144764021153078293e+00	0.000000000000000000e+00
7.183561698624875425e-02	2.610419979074543040e+00	0.000000000000000000e+00
7.183561698624875425e-02	2.610419979074543040e+00	0.000000000000000000e+00
7.183561698624875425e-02	2.610419979074543040e+00	0.000000000000000000e+00
7.183561698624875425e-02	2.610419979074543040e+00	0.000000000000000000e+00
1.781760556635179626e-01	2.391508645024641666e+00	0.000000000000000000e+00
1.781760556635179626e-01	2.391508645024641666e+00	0.000000000000000000e+00
2.077338510841027774e-01	2.219492958941825300e+00	0.000000000000000000e+00
2.077338510841027774e-01	2.219492958941825300e+00	0.000000000000000000e+00
2.285905451484399054e-01	2.183902563311476364e+00	0.000000000000000000e+00
2.322357171945156340e-01	2.036339572549489940e+00	0.000000000000000000e+00
2.322357171945156340e-01	2.009914169676787488e+00	0.000000000000000000e+00
2.532082993872361576e-01	1.916324314545024388e+00	0.000000000000000000e+00
2.584514449354162746e-01	1.849706135632603221e+00	0.000000000000000000e+00
2.584514449354162746e-01	1.849706135632603221e+00	0.000000000000000000e+00
2.584514449354162746e-01	1.849706135632603221e+00	0.000000000000000000e+00
2.584514449354162746e-01	1.849706135632603221e+00	0.000000000000000000e+00
2.610730177095063054e-01	1.865336198453675598e+00	0.000000000000000000e+00
2.610730177095063054e-01	1.865336198453675598e+00	0.000000000000000000e+00
2.610730177095063054e-01	1.865336198453675598e+00	0.000000000000000000e+00
2.610730177095063054e-01	1.865336198453675598e+00	0.000000000000000000e+00
4.199628886984084764e-01	1.717426306026719862e+00	0.000000000000000000e+00
4.199628886984084764e-01	1.717426306026719862e+00	0.000000000000000000e+00
4.252060342465886489e-01	1.483820217199687264e+00	0.000000000000000000e+00
4.252060342465886489e-01	1.483820217199687264e+00	0.000000000000000000e+00
4.252060342465886489e-01	1.483820217199687264e+00	0.000000000000000000e+00
4.252060342465886489e-01	1.483820217199687264e+00	0.000000000000000000e+00
4.278276070206787352e-01	1.399238458347532132e+00	0.000000000000000000e+00
4.278276070206787352e-01	1.399238458347532132e+00	0.000000000000000000e+00
4.459870375902957318e-01	1.438079589576222173e+00	0.000000000000000000e+00
4.469065740019090294e-01	1.362712295513902827e+00	0.000000000000000000e+00
4.582166120853757851e-01	1.357920510663437996e+00	0.000000000000000000e+00
4.586763802911824617e-01	1.330506688450789010e+00	0.000000000000000000e+00
4.586763802911824617e-01	1.329910740597711971e+00	0.000000000000000000e+00
4.586763802911824617e-01	1.321542885632062125e+00	0.000000000000000000e+00
4.586763802911824617e-01	1.321542885632062125e+00	0.000000000000000000e+00
4.586763802911824617e-01	1.303340821082999312e+00	0.000000000000000000e+00
4.586763802911824617e-01	1.303340821082999312e+00	0.000000000000000000e+00
4.586763802911824617e-01	1.303340821082999312e+00	0.000000000000000000e+00
4.586763802911824617e-01	1.303340821082999312e+00	0.000000000000000000e+00
6.253459162194948684e-01	1.138284525401350278e+00	0.000000000000000000e+00
6.253459162194948684e-01	1.138284525401350278e+00	0.000000000000000000e+00
6.253459162194948684e-01	1.138284525401350278e+00	0.000000000000000000e+00
6.253459162194948684e-01	1.138284525401350278e+00	0.000000000000000000e+00
6.253459162194948684e-01	1.138284525401350278e+00	0.000000000000000000e+00
6.400985403562093889e-01	1.045116506410682655e+00	0.000000000000000000e+00
6.400985403562093889e-01	1.045116506410682655e+00	0.000000000000000000e+00
6.400985403562093889e-01	1.045116506410682655e+00	0.000000000000000000e+00
6.400985403562093889e-01	1.045116506410682655e+00	0.000000000000000000e+00
6.400985403562093889e-01	1.030564048931985388e+00	0.000000000000000000e+00
6.400985403562093889e-01	9.324796415041479714e-01	0.000000000000000000e+00
6.400985403562093889e-01	9.324796415041479714e-01	0.000000000000000000e+00
6.400985403562093889e-01	9.324796415041479714e-01	0.000000000000000000e+00
6.400985403562093889e-01	9.197206715542601829e-01	0.000000000000000000e+00
6.400985403562093889e-01	9.197206715542601829e-01	0.000000000000000000e+00
6.400985403562093889e-01	9.197206715542601829e-01	0.000000000000000000e+00
6.400985403562093889e-01	9.197206715542601829e-01	0.000000000000000000e+00
6.400985403562093889e-01	9.197206715542601829e-01	0.000000000000000000e+00
6.400985403562093889e-01	9.197206715542601829e-01	0.000000000000000000e+00
6.400985403562093889e-01	9.197206715542601829e-01	0.000000000000000000e+00
6.400985403562093889e-01	9.197206715542601829e-01	0.000000000000000000e+00
6.400985403562093889e-01	9.268104694632092189e-01	0.000000000000000000e+00
8.239870400720368249e-01	8.216415742514266984e-01	0.000000000000000000e+00
8.239870400720368249e-01	8.216415742514266984e-01	0.000000000000000000e+00
8.239870400720368249e-01	8.216415742514266984e-01	0.000000000000000000e+00
8.239870400720368249e-01	8.216415742514266984e-01	0.000000000000000000e+00
8.255466266694969635e-01	8.037048351801089341e-01	0.000000000000000000e+00
8.274842209369470680e-01	6.847781347026723475e-01	0.000000000000000000e+00
8.274842209369470680e-01	6.847781347026723475e-01	0.000000000000000000e+00
8.274842209369470680e-01	6.847781347026723475e-01	0.000000000000000000e+00
8.274842209369470680e-01	6.847781347026723475e-01	0.000000000000000000e+00
8.274842209369470680e-01	6.847781347026723475e-01	0.000000000000000000e+00
8.274842209369470680e-01	6.847781347026723475e-01	0.000000000000000000e+00
8.294218152043972836e-01	6.323759105396945523e-01	0.000000000000000000e+00
8.294218152043972836e-01	6.323759105396945523e-01	0.000000000000000000e+00
8.294218152043972836e-01	6.323759105396945523e-01	0.000000000000000000e+00
8.294218152043972836e-01	6.323759105396945523e-01	0.000000000000000000e+00
8.294218152043972836e-01	6.323759105396945523e-01	0.000000000000000000e+00
8.294218152043972836e-01	6.360975049690071881e-01	0.000000000000000000e+00
8.294218152043972836e-01	6.230785653129772284e-01	0.000000000000000000e+00
8.294218152043972836e-01	6.230785653129772284e-01	0.000000000000000000e+00
8.294218152043972836e-01	6.230785653129772284e-01	0.000000000000000000e+00
8.416688120058877232e-01	4.993183007984181021e-01	0.000000000000000000e+00
8.416688120058877232e-01	4.993183007984181021e-01	0.000000000000000000e+00
8.416688120058877232e-01	4.736866313118185956e-01	0.000000000000000000e+00
8.416688120058877232e-01	4.736866313118185956e-01	0.000000000000000000e+00
8.416688120058877232e-01	4.736866313118185956e-01	0.000000000000000000e+00
8.416688120058877232e-01	4.736866313118185956e-01	0.000000000000000000e+00
8.416688120058877232e-01	4.736866313118185956e-01	0.000000000000000000e+00
8.416688120058877232e-01	4.736866313118185956e-01	0.000000000000000000e+00
8.416688120058877232e-01	4.736866313118185956e-01	0.000000000000000000e+00
8.416688120058877232e-01	4.736866313118185956e-01	0.000000000000000000e+00
8.416688120058877232e-01	4.425214305731404729e-01	0.000000000000000000e+00
8.416688120058877232e-01	4.425214305731404729e-01	0.000000000000000000e+00
8.416688120058877232e-01	4.425214305731404729e-01	0.000000000000000000e+00
8.416688120058877232e-01	4.425214305731404729e-01	0.000000000000000000e+00
8.416688120058877232e-01	4.618314100367078012e-01	0.000000000000000000e+00
8.416688120058877232e-01	4.618314100367078012e-01	0.000000000000000000e+00
