0.000000000000000000e+00	1.180731554881679912e+00	0.000000000000000000e+00
1.288424214267113940e-02	1.049383904404707968e+00	0.000000000000000000e+00
2.454022719550946752e-02	9.706957553840536157e-01	0.000000000000000000e+00
3.796921791058535667e-02	8.938685873477961730e-01	0.000000000000000000e+00
5.950818235402445533e-02	8.158777022515159016e-01	0.000000000000000000e+00
7.116416740686279385e-02	7.587116658356699572e-01	0.000000000000000000e+00
8.282015245970111850e-02	7.444007626965631896e-01	0.000000000000000000e+00
8.282015245970111850e-02	7.444007626965631896e-01	0.000000000000000000e+00
8.282015245970111850e-02	7.444007626965631896e-01	0.000000000000000000e+00
8.282015245970111850e-02	7.444007626965631896e-01	0.000000000000000000e+00
8.282015245970111850e-02	7.444007626965631896e-01	0.000000000000000000e+00
8.282015245970111850e-02	7.444007626965631896e-01	0.000000000000000000e+00
8.282015245970111850e-02	7.444007626965631896e-01	0.000000000000000000e+00
1.985366991781963852e-01	6.857673860769174512e-01	0.000000000000000000e+00
2.032397558389894554e-01	6.221522908530605633e-01	0.000000000000000000e+00
2.119334904856005064e-01	5.734528675742331938e-01	0.000000000000000000e+00
2.147484043062202197e-01	5.201792903293249726e-01	0.000000000000000000e+00
2.209834144696991021e-01	4.666549690492463598e-01	0.000000000000000000e+00
2.253302817930046276e-01	4.311027645460465685e-01	0.000000000000000000e+00
2.373023157504585701e-01	3.707869523689884539e-01	0.000000000000000000e+00
2.373023157504585701e-01	3.629046639937638652e-01	0.000000000000000000e+00
2.534431223624742380e-01	3.032638095922488009e-01	0.000000000000000000e+00
2.534431223624742380e-01	2.920593632229293579e-01	0.000000000000000000e+00
2.580551397324774565e-01	2.859466017931961979e-01	0.000000000000000000e+00
2.580551397324774565e-01	2.859466017931961979e-01	0.000000000000000000e+00
2.580551397324774565e-01	2.859466017931961979e-01	0.000000000000000000e+00
2.580551397324774565e-01	2.859466017931961979e-01	0.000000000000000000e+00
2.580551397324774565e-01	2.859466017931961979e-01	0.000000000000000000e+00
2.580551397324774565e-01	2.859466017931961979e-01	0.000000000000000000e+00
2.580551397324774565e-01	2.859466017931961979e-01	0.000000000000000000e+00
2.580551397324774565e-01	2.859466017931961979e-01	0.000000000000000000e+00
2.580551397324774565e-01	2.859466017931961979e-01	0.000000000000000000e+00
4.141402775620566246e-01	2.301065988615369207e-01	0.000000000000000000e+00
4.141402775620566246e-01	2.301065988615369207e-01	0.000000000000000000e+00
4.205444624923755370e-01	1.721415427769046602e-01	0.000000000000000000e+00
4.205444624923755370e-01	1.721415427769046602e-01	0.000000000000000000e+00
4.237465549575349932e-01	1.354174348628054414e-01	0.000000000000000000e+00
4.280363106367450765e-01	1.113832853656106514e-01	0.000000000000000000e+00
4.301768386779935560e-01	9.556114165036595776e-02	0.000000000000000000e+00
4.316314398912912687e-01	6.433595809922205977e-02	0.000000000000000000e+00
4.359952435311843510e-01	3.118009756256295839e-02	0.000000000000000000e+00
4.389044459577797763e-01	-6.179902876887999850e-03	0.000000000000000000e+00
4.389044459577797763e-01	-6.179902876887999850e-03	0.000000000000000000e+00
4.418136483843752016e-01	-1.797858871466521610e-02	0.000000000000000000e+00
4.476320532375660521e-01	-4.399201736145459674e-02	0.000000000000000000e+00
4.476320532375660521e-01	-5.635178911482700836e-02	0.000000000000000000e+00
4.554328193564183835e-01	-7.100616136935421208e-02	0.000000000000000000e+00
4.554328193564183835e-01	-7.695694852601796254e-02	0.000000000000000000e+00
4.554328193564183835e-01	-7.695694852601796254e-02	0.000000000000000000e+00
4.554328193564183835e-01	-7.894969896474619830e-02	0.000000000000000000e+00
4.554328193564183835e-01	-7.894969896474619830e-02	0.000000000000000000e+00
4.554328193564183835e-01	-7.894969896474619830e-02	0.000000000000000000e+00
4.554328193564183835e-01	-7.894969896474619830e-02	0.000000000000000000e+00
4.554328193564183835e-01	-7.894969896474619830e-02	0.000000000000000000e+00
4.554328193564183835e-01	-7.894969896474619830e-02	0.000000000000000000e+00
6.229765738488606264e-01	-1.040498415306318203e-01	0.000000000000000000e+00
6.242765449440907943e-01	-1.405985399085008247e-01	0.000000000000000000e+00
6.242765449440907943e-01	-1.405985399085008247e-01	0.000000000000000000e+00
6.253998785991145004e-01	-1.558734050500976409e-01	0.000000000000000000e+00
6.268764871345511303e-01	-1.733184469256958682e-01	0.000000000000000000e+00
6.279998207895748363e-01	-1.899285517881788565e-01	0.000000000000000000e+00
6.297572627387673094e-01	-2.074679203655196147e-01	0.000000000000000000e+00
6.350008115637428840e-01	-2.458573654295851674e-01	0.000000000000000000e+00
6.350008115637428840e-01	-2.458573654295851674e-01	0.000000000000000000e+00
6.350008115637428840e-01	-2.576634623588340833e-01	0.000000000000000000e+00
6.358795325383390651e-01	-2.642153328753578667e-01	0.000000000000000000e+00
6.367516386563584208e-01	-2.804556989793915434e-01	0.000000000000000000e+00
6.381305815917454050e-01	-3.079290444652362790e-01	0.000000000000000000e+00
6.381305815917454050e-01	-3.079290444652362790e-01	0.000000000000000000e+00
6.395095245271322781e-01	-3.252974864124459908e-01	0.000000000000000000e+00
6.408884674625192623e-01	-3.349743639843454912e-01	0.000000000000000000e+00
6.422674103979062465e-01	-3.413823932790012727e-01	0.000000000000000000e+00
6.429568818655997386e-01	-3.441453012243708698e-01	0.000000000000000000e+00
6.429568818655997386e-01	-3.441453012243708698e-01	0.000000000000000000e+00
6.429568818655997386e-01	-3.441453012243708698e-01	0.000000000000000000e+00
6.407291289251213495e-01	-3.365001720320188738e-01	0.000000000000000000e+00
8.249290351979592373e-01	-3.708450719138515761e-01	0.000000000000000000e+00
8.249290351979592373e-01	-3.708450719138515761e-01	0.000000000000000000e+00
8.249290351979592373e-01	-3.827636601270227312e-01	0.000000000000000000e+00
8.280055981435290313e-01	-3.960458227167339418e-01	0.000000000000000000e+00
8.280055981435290313e-01	-4.056707235386048382e-01	0.000000000000000000e+00
8.280055981435290313e-01	-4.126565328843148639e-01	0.000000000000000000e+00
8.298456123239721371e-01	-4.336151257000461223e-01	0.000000000000000000e+00
8.298456123239721371e-01	-4.347612569734202737e-01	0.000000000000000000e+00
8.309784983183696738e-01	-4.594924661571707647e-01	0.000000000000000000e+00
8.309784983183696738e-01	-4.594924661571707647e-01	0.000000000000000000e+00
8.328185124988127797e-01	-4.845367458478260225e-01	0.000000000000000000e+00
8.328185124988127797e-01	-4.845367458478260225e-01	0.000000000000000000e+00
8.349917284423139519e-01	-4.903817201232741896e-01	0.000000000000000000e+00
8.353249302053720182e-01	-5.117413694472210395e-01	0.000000000000000000e+00
8.353249302053720182e-01	-5.117413694472210395e-01	0.000000000000000000e+00
8.357914126736533111e-01	-5.220323855725957918e-01	0.000000000000000000e+00
8.367243776102160080e-01	-5.309111048614294504e-01	0.000000000000000000e+00
8.367243776102160080e-01	-5.404763275406423428e-01	0.000000000000000000e+00
8.379683308589660484e-01	-5.646979251671218059e-01	0.000000000000000000e+00
8.379683308589660484e-01	-5.646979251671218059e-01	0.000000000000000000e+00
8.388235487174817706e-01	-5.746577888907099529e-01	0.000000000000000000e+00
8.404562373564663513e-01	-5.873975800378211654e-01	0.000000000000000000e+00
8.404562373564663513e-01	-5.873975800378211654e-01	0.000000000000000000e+00
8.417001906052165028e-01	-5.939708620775084880e-01	0.000000000000000000e+00
