0.000000000000000000e+00	1.184975646388473525e+00	0.000000000000000000e+00
1.288424214267113940e-02	1.054122572392670376e+00	0.000000000000000000e+00
2.454022719550946752e-02	9.706957553840536157e-01	0.000000000000000000e+00
3.974222357282292117e-02	9.176257464292325583e-01	0.000000000000000000e+00
5.950818235402445533e-02	8.255364398036941775e-01	0.000000000000000000e+00
5.950818235402445533e-02	8.255364398036941775e-01	0.000000000000000000e+00
8.282015245970111850e-02	7.705678474497202890e-01	0.000000000000000000e+00
8.282015245970111850e-02	7.705678474497202890e-01	0.000000000000000000e+00
8.282015245970111850e-02	7.705678474497202890e-01	0.000000000000000000e+00
8.282015245970111850e-02	7.705678474497202890e-01	0.000000000000000000e+00
8.282015245970111850e-02	7.705678474497202890e-01	0.000000000000000000e+00
8.282015245970111850e-02	7.705678474497202890e-01	0.000000000000000000e+00
8.282015245970111850e-02	7.705678474497202890e-01	0.000000000000000000e+00
1.985366991781963852e-01	6.651677760828689223e-01	0.000000000000000000e+00
2.032397558389894554e-01	6.022717805893260667e-01	0.000000000000000000e+00
2.119334904856005064e-01	5.957589870695083611e-01	0.000000000000000000e+00
2.142850188159970415e-01	5.216525001747034374e-01	0.000000000000000000e+00
2.209834144696991021e-01	4.789490929522310925e-01	0.000000000000000000e+00
2.253302817930046276e-01	4.539223552996252131e-01	0.000000000000000000e+00
2.373023157504585701e-01	3.739475660191473594e-01	0.000000000000000000e+00
2.373023157504585701e-01	3.663716118318459669e-01	0.000000000000000000e+00
2.452836717220945317e-01	3.608517948109128959e-01	0.000000000000000000e+00
2.626671571024806751e-01	3.244199061229841030e-01	0.000000000000000000e+00
2.626671571024806751e-01	2.924711520260309672e-01	0.000000000000000000e+00
2.626671571024806751e-01	2.924711520260309672e-01	0.000000000000000000e+00
2.626671571024806751e-01	2.924711520260309672e-01	0.000000000000000000e+00
2.626671571024806751e-01	2.924711520260309672e-01	0.000000000000000000e+00
2.626671571024806751e-01	2.924711520260309672e-01	0.000000000000000000e+00
2.626671571024806751e-01	2.924711520260309672e-01	0.000000000000000000e+00
2.626671571024806751e-01	2.924711520260309672e-01	0.000000000000000000e+00
2.626671571024806751e-01	2.924711520260309672e-01	0.000000000000000000e+00
2.626671571024806751e-01	3.051175563941493363e-01	0.000000000000000000e+00
4.141402775620566246e-01	2.715745937265816590e-01	0.000000000000000000e+00
4.216147265129998045e-01	2.198966566838385372e-01	0.000000000000000000e+00
4.221498585233118828e-01	2.134628966561602503e-01	0.000000000000000000e+00
4.216147265129998045e-01	1.756536314430351964e-01	0.000000000000000000e+00
4.237552545542482285e-01	1.527562398546105649e-01	0.000000000000000000e+00
4.280363106367450765e-01	1.282014917391049169e-01	0.000000000000000000e+00
4.301768386779935560e-01	9.787266976982908484e-02	0.000000000000000000e+00
4.301768386779935560e-01	7.713133259510188133e-02	0.000000000000000000e+00
4.370655075518086186e-01	4.454126462528897046e-02	0.000000000000000000e+00
4.418136483843752016e-01	-1.989883101162209095e-02	0.000000000000000000e+00
4.418136483843752016e-01	-1.797858871466521610e-02	0.000000000000000000e+00
4.418136483843752016e-01	-1.797858871466521610e-02	0.000000000000000000e+00
4.476320532375660521e-01	-4.985795879419162996e-02	0.000000000000000000e+00
4.476320532375660521e-01	-5.389120674019904494e-02	0.000000000000000000e+00
4.528325639834676064e-01	-6.857508726729776016e-02	0.000000000000000000e+00
4.528325639834676064e-01	-6.857508726729776016e-02	0.000000000000000000e+00
4.528325639834676064e-01	-6.857508726729776016e-02	0.000000000000000000e+00
4.528325639834676064e-01	-6.857508726729776016e-02	0.000000000000000000e+00
4.528325639834676064e-01	-6.857508726729776016e-02	0.000000000000000000e+00
4.528325639834676064e-01	-6.857508726729776016e-02	0.000000000000000000e+00
4.528325639834676064e-01	-6.292948323326352789e-02	0.000000000000000000e+00
4.528325639834676064e-01	-6.292948323326352789e-02	0.000000000000000000e+00
6.242765449440907943e-01	-1.024425189398551206e-01	0.000000000000000000e+00
6.242765449440907943e-01	-1.024425189398551206e-01	0.000000000000000000e+00
6.253998785991145004e-01	-1.512137780719693403e-01	0.000000000000000000e+00
6.253998785991145004e-01	-1.512137780719693403e-01	0.000000000000000000e+00
6.253998785991145004e-01	-1.512137780719693403e-01	0.000000000000000000e+00
6.279998207895748363e-01	-1.899285517881788565e-01	0.000000000000000000e+00
6.279998207895748363e-01	-1.899285517881788565e-01	0.000000000000000000e+00
6.297572627387673094e-01	-2.015898164620479327e-01	0.000000000000000000e+00
6.297572627387673094e-01	-2.142914817694831497e-01	0.000000000000000000e+00
6.358795325383390651e-01	-2.404566194434335780e-01	0.000000000000000000e+00
6.381305815917454050e-01	-3.038748282861392092e-01	0.000000000000000000e+00
6.381305815917454050e-01	-3.038748282861392092e-01	0.000000000000000000e+00
6.381305815917454050e-01	-3.038748282861392092e-01	0.000000000000000000e+00
6.381305815917454050e-01	-3.038748282861392092e-01	0.000000000000000000e+00
6.381305815917454050e-01	-3.038748282861392092e-01	0.000000000000000000e+00
6.395095245271322781e-01	-3.252974864124459908e-01	0.000000000000000000e+00
6.408884674625192623e-01	-3.296135721607579838e-01	0.000000000000000000e+00
6.408884674625192623e-01	-3.296135721607579838e-01	0.000000000000000000e+00
6.408884674625192623e-01	-3.296135721607579838e-01	0.000000000000000000e+00
6.408884674625192623e-01	-3.296135721607579838e-01	0.000000000000000000e+00
6.408884674625192623e-01	-3.296135721607579838e-01	0.000000000000000000e+00
6.408884674625192623e-01	-3.296135721607579838e-01	0.000000000000000000e+00
8.249290351979592373e-01	-3.480429029736777369e-01	0.000000000000000000e+00
8.264469543407794161e-01	-3.692827753874309837e-01	0.000000000000000000e+00
8.264469543407794161e-01	-3.692827753874309837e-01	0.000000000000000000e+00
8.287127263295746005e-01	-3.879655863906724123e-01	0.000000000000000000e+00
8.309784983183696738e-01	-4.643109188828050682e-01	0.000000000000000000e+00
8.309784983183696738e-01	-4.643109188828050682e-01	0.000000000000000000e+00
8.309784983183696738e-01	-4.643109188828050682e-01	0.000000000000000000e+00
8.309784983183696738e-01	-4.643109188828050682e-01	0.000000000000000000e+00
8.309784983183696738e-01	-4.643109188828050682e-01	0.000000000000000000e+00
8.309784983183696738e-01	-4.571906385391875105e-01	0.000000000000000000e+00
8.373463542345909172e-01	-5.493779938332464807e-01	0.000000000000000000e+00
8.373463542345909172e-01	-5.493779938332464807e-01	0.000000000000000000e+00
8.364133892980283314e-01	-5.153529386744636342e-01	0.000000000000000000e+00
8.364133892980283314e-01	-5.153529386744636342e-01	0.000000000000000000e+00
8.361024009858408768e-01	-5.268087865842993045e-01	0.000000000000000000e+00
8.357914126736533111e-01	-5.315187865333407258e-01	0.000000000000000000e+00
8.357914126736533111e-01	-5.315187865333407258e-01	0.000000000000000000e+00
8.367243776102158970e-01	-5.446267452560044076e-01	0.000000000000000000e+00
8.379683308589660484e-01	-5.495973962637766830e-01	0.000000000000000000e+00
8.379683308589660484e-01	-5.590339377590030079e-01	0.000000000000000000e+00
8.404562373564663513e-01	-5.772238159543298108e-01	0.000000000000000000e+00
8.404562373564663513e-01	-5.772238159543298108e-01	0.000000000000000000e+00
8.404562373564663513e-01	-5.856184526314029970e-01	0.000000000000000000e+00
8.417001906052165028e-01	-5.925097896699142996e-01	0.000000000000000000e+00
