0.000000000000000000e+00	1.039329360665371293e+00	0.000000000000000000e+00
1.221696254740847407e-02	9.211864626726027350e-01	0.000000000000000000e+00
3.152709683924979217e-02	8.328462016229191134e-01	0.000000000000000000e+00
4.336116134678610901e-02	7.810967647657047763e-01	0.000000000000000000e+00
5.596102193406674030e-02	7.318569905999698921e-01	0.000000000000000000e+00
7.038792122050201161e-02	7.005602755403032011e-01	0.000000000000000000e+00
8.558061658668160432e-02	6.844823039449411395e-01	0.000000000000000000e+00
8.558061658668160432e-02	6.844823039449411395e-01	0.000000000000000000e+00
8.558061658668160432e-02	6.844823039449411395e-01	0.000000000000000000e+00
8.558061658668160432e-02	6.844823039449411395e-01	0.000000000000000000e+00
8.558061658668160432e-02	6.844823039449411395e-01	0.000000000000000000e+00
8.558061658668160432e-02	6.844823039449411395e-01	0.000000000000000000e+00
1.885798066067302381e-01	6.619690459939374660e-01	0.000000000000000000e+00
1.986935117738111711e-01	5.766510877472148522e-01	0.000000000000000000e+00
2.063588344523111240e-01	5.371550477529698497e-01	0.000000000000000000e+00
2.123147070434081018e-01	4.840033761376855148e-01	0.000000000000000000e+00
2.236715487433848515e-01	3.890472077535593320e-01	0.000000000000000000e+00
2.304821463781833168e-01	3.434125519340449628e-01	0.000000000000000000e+00
2.304821463781833168e-01	3.367018871307564942e-01	0.000000000000000000e+00
2.394076116692944733e-01	2.946435173749943903e-01	0.000000000000000000e+00
2.479493751911108490e-01	2.640475744498240740e-01	0.000000000000000000e+00
2.545712341870490225e-01	2.464400569491773940e-01	0.000000000000000000e+00
2.545712341870490225e-01	2.464400569491773940e-01	0.000000000000000000e+00
2.545712341870490225e-01	2.464400569491773940e-01	0.000000000000000000e+00
2.545712341870490225e-01	2.464400569491773940e-01	0.000000000000000000e+00
2.545712341870490225e-01	2.464400569491773940e-01	0.000000000000000000e+00
2.545712341870490225e-01	2.464400569491773940e-01	0.000000000000000000e+00
2.545712341870490225e-01	2.464400569491773940e-01	0.000000000000000000e+00
2.545712341870490225e-01	2.464400569491773940e-01	0.000000000000000000e+00
2.545712341870490225e-01	2.464400569491773940e-01	0.000000000000000000e+00
4.125832145821224373e-01	2.205771370686089583e-01	0.000000000000000000e+00
4.157633154209591231e-01	1.860507276229854123e-01	0.000000000000000000e+00
4.189434162597958089e-01	1.477356031930262548e-01	0.000000000000000000e+00
4.218621526699384838e-01	9.167253152961178653e-02	0.000000000000000000e+00
4.244686759641866924e-01	6.622648389882415665e-02	0.000000000000000000e+00
4.270751992584349011e-01	4.775400516564532599e-02	0.000000000000000000e+00
4.279588033252340051e-01	2.822879391729725060e-02	0.000000000000000000e+00
4.315049709669864786e-01	3.155997391860470951e-03	0.000000000000000000e+00
4.359663101931562923e-01	-4.171409398765202337e-02	0.000000000000000000e+00
4.364081122265558443e-01	-5.028119624158108175e-02	0.000000000000000000e+00
4.412387984687999309e-01	-8.137123907439297588e-02	0.000000000000000000e+00
4.453307906788954718e-01	-9.820906886778837941e-02	0.000000000000000000e+00
4.542534691312350437e-01	-1.200286749090751504e-01	0.000000000000000000e+00
4.542534691312350437e-01	-1.207088693285961745e-01	0.000000000000000000e+00
4.542534691312350437e-01	-1.207088693285961745e-01	0.000000000000000000e+00
4.542534691312350437e-01	-1.207088693285961745e-01	0.000000000000000000e+00
4.542534691312350437e-01	-1.207088693285961745e-01	0.000000000000000000e+00
4.542534691312350437e-01	-1.227645794156431436e-01	0.000000000000000000e+00
4.542534691312350437e-01	-1.227645794156431436e-01	0.000000000000000000e+00
4.542534691312350437e-01	-1.227645794156431436e-01	0.000000000000000000e+00
4.542534691312350437e-01	-1.227645794156431436e-01	0.000000000000000000e+00
6.232596929243926498e-01	-1.486302558364747395e-01	0.000000000000000000e+00
6.232596929243926498e-01	-1.694374732715986376e-01	0.000000000000000000e+00
6.232596929243926498e-01	-1.904086049944286874e-01	0.000000000000000000e+00
6.280331689983984500e-01	-2.383557631974635715e-01	0.000000000000000000e+00
6.280331689983984500e-01	-2.383557631974635715e-01	0.000000000000000000e+00
6.280331689983984500e-01	-2.438685693039097380e-01	0.000000000000000000e+00
6.299227445429663730e-01	-2.630714391660531892e-01	0.000000000000000000e+00
6.306641506079717630e-01	-2.890386630960273262e-01	0.000000000000000000e+00
6.323142895295822408e-01	-3.012495666587456933e-01	0.000000000000000000e+00
6.325047955577745018e-01	-3.139365308408081368e-01	0.000000000000000000e+00
6.339644284511927186e-01	-3.289405803459328759e-01	0.000000000000000000e+00
6.365233002294082842e-01	-3.462601428243042845e-01	0.000000000000000000e+00
6.402045901290138730e-01	-3.696928497219000853e-01	0.000000000000000000e+00
6.408936226866420727e-01	-3.772631006202682435e-01	0.000000000000000000e+00
6.419673859638238556e-01	-3.903407638789906930e-01	0.000000000000000000e+00
6.453465719796389610e-01	-4.044061444048661080e-01	0.000000000000000000e+00
6.491917786805644353e-01	-4.323666070477736878e-01	0.000000000000000000e+00
6.485314040270697689e-01	-4.339401665340550385e-01	0.000000000000000000e+00
6.491917786805644353e-01	-4.469334116893427522e-01	0.000000000000000000e+00
6.521049440112691720e-01	-4.501279727062145186e-01	0.000000000000000000e+00
6.521049440112691720e-01	-4.501279727062145186e-01	0.000000000000000000e+00
6.521049440112691720e-01	-4.501279727062145186e-01	0.000000000000000000e+00
6.521049440112691720e-01	-4.501279727062145186e-01	0.000000000000000000e+00
6.521049440112691720e-01	-4.501279727062145186e-01	0.000000000000000000e+00
8.256609673809869321e-01	-4.837322213249697911e-01	0.000000000000000000e+00
8.256609673809869321e-01	-4.837322213249697911e-01	0.000000000000000000e+00
8.266515293612288762e-01	-4.933490795851670496e-01	0.000000000000000000e+00
8.269817166879762649e-01	-5.047742057096049617e-01	0.000000000000000000e+00
8.298741634890656194e-01	-5.216614928222690351e-01	0.000000000000000000e+00
8.298741634890656194e-01	-5.347366308565556503e-01	0.000000000000000000e+00
8.298741634890656194e-01	-5.399732890374163707e-01	0.000000000000000000e+00
8.310632805072912799e-01	-5.522841409569307913e-01	0.000000000000000000e+00
8.339235890105907156e-01	-5.905076158869206893e-01	0.000000000000000000e+00
8.339235890105907156e-01	-5.905076158869206893e-01	0.000000000000000000e+00
8.339235890105907156e-01	-5.905076158869206893e-01	0.000000000000000000e+00
8.339235890105907156e-01	-6.016255680477249346e-01	0.000000000000000000e+00
8.355947804956644909e-01	-6.169236598105012348e-01	0.000000000000000000e+00
8.371374187895788133e-01	-6.360889457475268349e-01	0.000000000000000000e+00
8.371374187895788133e-01	-6.360889457475268349e-01	0.000000000000000000e+00
8.371374187895788133e-01	-6.405139779584677617e-01	0.000000000000000000e+00
8.408333230354152477e-01	-6.694901405226084679e-01	0.000000000000000000e+00
8.408333230354152477e-01	-6.694901405226084679e-01	0.000000000000000000e+00
8.408333230354152477e-01	-6.735357027714224953e-01	0.000000000000000000e+00
8.426812751583334649e-01	-6.809474900948327969e-01	0.000000000000000000e+00
8.445292272812516821e-01	-6.983919689339476156e-01	0.000000000000000000e+00
8.445292272812516821e-01	-6.989946785841782972e-01	0.000000000000000000e+00
8.482251315270881165e-01	-7.176899322395579039e-01	0.000000000000000000e+00
8.519210357729245509e-01	-7.181509903144348561e-01	0.000000000000000000e+00
8.519210357729245509e-01	-7.222884889681222553e-01	0.000000000000000000e+00
