0.000000000000000000e+00	2.054653046804894245e+00	0.000000000000000000e+00
8.311504080693719876e-03	1.919530698961953163e+00	0.000000000000000000e+00
3.294302956038014374e-02	1.661074795645189450e+00	0.000000000000000000e+00
5.073694976481126634e-02	1.567250381830214589e+00	0.000000000000000000e+00
6.511206733161473137e-02	1.503202392474691118e+00	0.000000000000000000e+00
6.511206733161473137e-02	1.503202392474691118e+00	0.000000000000000000e+00
9.316239544892880586e-02	1.491971724198392080e+00	0.000000000000000000e+00
9.316239544892880586e-02	1.490289001679260039e+00	0.000000000000000000e+00
9.316239544892880586e-02	1.490289001679260039e+00	0.000000000000000000e+00
9.316239544892880586e-02	1.490289001679260039e+00	0.000000000000000000e+00
9.316239544892880586e-02	1.490289001679260039e+00	0.000000000000000000e+00
1.935035922422411181e-01	1.440921773479266310e+00	0.000000000000000000e+00
2.067104746866768039e-01	1.347619775002476317e+00	0.000000000000000000e+00
2.229650992336746074e-01	1.283045753342391126e+00	0.000000000000000000e+00
2.249969273020493432e-01	1.197334686651890134e+00	0.000000000000000000e+00
2.371878957122976472e-01	1.116441690152857547e+00	0.000000000000000000e+00
2.392197237806724108e-01	1.081053432913914092e+00	0.000000000000000000e+00
2.514106921909207149e-01	9.711574550983317344e-01	0.000000000000000000e+00
2.514106921909207149e-01	9.711574550983317344e-01	0.000000000000000000e+00
2.514106921909207149e-01	9.711574550983317344e-01	0.000000000000000000e+00
2.514106921909207149e-01	9.711574550983317344e-01	0.000000000000000000e+00
2.514106921909207149e-01	9.819638845123667137e-01	0.000000000000000000e+00
2.514106921909207149e-01	9.819638845123667137e-01	0.000000000000000000e+00
2.514106921909207149e-01	9.819638845123667137e-01	0.000000000000000000e+00
2.514106921909207149e-01	9.819638845123667137e-01	0.000000000000000000e+00
2.514106921909207149e-01	9.915326510602286980e-01	0.000000000000000000e+00
4.189322096132371831e-01	8.314064941138102904e-01	0.000000000000000000e+00
4.189322096132371831e-01	8.314064941138102904e-01	0.000000000000000000e+00
4.189322096132371831e-01	8.314064941138102904e-01	0.000000000000000000e+00
4.189322096132371831e-01	8.090470054920863019e-01	0.000000000000000000e+00
4.322568295078438316e-01	6.309384299760396608e-01	0.000000000000000000e+00
4.322568295078438316e-01	6.309384299760396608e-01	0.000000000000000000e+00
4.322568295078438316e-01	6.309384299760396608e-01	0.000000000000000000e+00
4.322568295078438316e-01	6.309384299760396608e-01	0.000000000000000000e+00
4.322568295078438316e-01	6.309384299760396608e-01	0.000000000000000000e+00
4.333080573727665086e-01	5.365874738658465981e-01	0.000000000000000000e+00
4.333080573727665086e-01	5.365874738658465981e-01	0.000000000000000000e+00
4.333080573727665086e-01	5.365874738658465981e-01	0.000000000000000000e+00
4.343592852376891855e-01	4.442915034814594599e-01	0.000000000000000000e+00
4.343592852376891855e-01	4.442915034814594599e-01	0.000000000000000000e+00
4.343592852376891855e-01	4.442915034814594599e-01	0.000000000000000000e+00
4.369402703870622906e-01	3.908588758764507398e-01	0.000000000000000000e+00
4.369402703870622906e-01	3.908588758764507398e-01	0.000000000000000000e+00
4.392330031989288841e-01	3.737858198483817729e-01	0.000000000000000000e+00
4.392330031989288841e-01	3.638363269320181725e-01	0.000000000000000000e+00
4.392330031989288841e-01	3.638363269320181725e-01	0.000000000000000000e+00
4.392330031989288841e-01	3.627124824033798878e-01	0.000000000000000000e+00
4.392330031989288841e-01	3.625143292479410251e-01	0.000000000000000000e+00
4.392330031989288841e-01	3.625143292479410251e-01	0.000000000000000000e+00
4.392330031989288841e-01	3.625143292479410251e-01	0.000000000000000000e+00
4.392330031989288841e-01	3.625143292479410251e-01	0.000000000000000000e+00
4.392330031989288841e-01	3.625143292479410251e-01	0.000000000000000000e+00
4.392330031989288841e-01	3.625143292479410251e-01	0.000000000000000000e+00
4.392330031989288841e-01	3.625143292479410251e-01	0.000000000000000000e+00
6.398624269989385827e-01	1.864139460434492135e-01	0.000000000000000000e+00
6.398624269989385827e-01	1.864139460434492135e-01	0.000000000000000000e+00
6.398624269989385827e-01	1.864139460434492135e-01	0.000000000000000000e+00
6.398624269989385827e-01	1.864139460434492135e-01	0.000000000000000000e+00
6.398624269989385827e-01	1.864139460434492135e-01	0.000000000000000000e+00
6.398624269989385827e-01	1.864139460434492135e-01	0.000000000000000000e+00
6.398624269989385827e-01	1.864139460434492135e-01	0.000000000000000000e+00
6.398624269989385827e-01	1.864139460434492135e-01	0.000000000000000000e+00
6.398624269989385827e-01	1.690748079741633547e-01	0.000000000000000000e+00
6.398624269989385827e-01	1.690748079741633547e-01	0.000000000000000000e+00
6.416096658427423716e-01	1.084165338837404652e-01	0.000000000000000000e+00
6.416096658427423716e-01	1.084165338837404652e-01	0.000000000000000000e+00
6.416096658427423716e-01	1.084165338837404652e-01	0.000000000000000000e+00
6.416096658427423716e-01	6.574188848566855925e-02	0.000000000000000000e+00
6.416096658427423716e-01	6.574188848566855925e-02	0.000000000000000000e+00
6.416096658427423716e-01	6.574188848566855925e-02	0.000000000000000000e+00
6.416096658427423716e-01	6.574188848566855925e-02	0.000000000000000000e+00
6.416096658427423716e-01	6.574188848566855925e-02	0.000000000000000000e+00
6.416096658427423716e-01	6.574188848566855925e-02	0.000000000000000000e+00
6.416096658427423716e-01	6.574188848566855925e-02	0.000000000000000000e+00
6.416096658427423716e-01	6.574188848566855925e-02	0.000000000000000000e+00
8.405358797155861872e-01	-1.270365205979000212e-01	0.000000000000000000e+00
8.405358797155861872e-01	-1.270365205979000212e-01	0.000000000000000000e+00
8.405358797155861872e-01	-1.270365205979000212e-01	0.000000000000000000e+00
8.405358797155861872e-01	-1.270365205979000212e-01	0.000000000000000000e+00
8.405358797155861872e-01	-1.270365205979000212e-01	0.000000000000000000e+00
8.405358797155861872e-01	-1.270365205979000212e-01	0.000000000000000000e+00
8.401321928609422063e-01	-3.624863345658382863e-02	0.000000000000000000e+00
8.401321928609422063e-01	-3.624863345658382863e-02	0.000000000000000000e+00
8.401321928609422063e-01	-3.624863345658382863e-02	0.000000000000000000e+00
8.405358797155861872e-01	-4.549168235664964588e-02	0.000000000000000000e+00
8.413432534248742600e-01	-5.557892348489172629e-02	0.000000000000000000e+00
8.413432534248742600e-01	-7.767098979641726131e-02	0.000000000000000000e+00
8.413432534248742600e-01	-7.767098979641726131e-02	0.000000000000000000e+00
8.421506271341623329e-01	-8.957617272457087110e-02	0.000000000000000000e+00
8.428234385585691157e-01	-1.241864267875530115e-01	0.000000000000000000e+00
8.426888762736877148e-01	-1.297891276032580588e-01	0.000000000000000000e+00
8.426888762736877148e-01	-1.297891276032580588e-01	0.000000000000000000e+00
8.426888762736877148e-01	-1.297891276032580588e-01	0.000000000000000000e+00
8.426888762736877148e-01	-1.297891276032580588e-01	0.000000000000000000e+00
8.426888762736877148e-01	-1.297891276032580588e-01	0.000000000000000000e+00
8.426888762736877148e-01	-1.297891276032580588e-01	0.000000000000000000e+00
8.426888762736877148e-01	-1.297891276032580588e-01	0.000000000000000000e+00
8.426888762736877148e-01	-1.297891276032580588e-01	0.000000000000000000e+00
8.426888762736877148e-01	-1.297891276032580588e-01	0.000000000000000000e+00
8.426888762736877148e-01	-1.287008819403153981e-01	0.000000000000000000e+00
