0.000000000000000000e+00	1.613693667489165318e+00	0.000000000000000000e+00
1.757162558009612782e-02	1.413161805608197374e+00	0.000000000000000000e+00
3.563236559714220292e-02	1.321899560129862206e+00	0.000000000000000000e+00
5.312480456811264490e-02	1.193062043455148435e+00	0.000000000000000000e+00
6.630352375318473990e-02	1.164095862597001929e+00	0.000000000000000000e+00
7.889328885345492370e-02	8.657973630112996144e-01	0.000000000000000000e+00
7.889328885345492370e-02	8.657973630112996144e-01	0.000000000000000000e+00
9.042466814039301637e-02	8.654119216924670566e-01	0.000000000000000000e+00
9.042466814039301637e-02	8.654119216924670566e-01	0.000000000000000000e+00
9.042466814039301637e-02	8.654119216924670566e-01	0.000000000000000000e+00
9.042466814039301637e-02	8.654119216924670566e-01	0.000000000000000000e+00
9.042466814039301637e-02	8.654119216924670566e-01	0.000000000000000000e+00
9.042466814039301637e-02	8.654119216924670566e-01	0.000000000000000000e+00
9.042466814039301637e-02	8.654119216924670566e-01	0.000000000000000000e+00
2.213396038071866190e-01	7.471855902695012652e-01	0.000000000000000000e+00
2.249472380891414103e-01	5.255114624036830717e-01	0.000000000000000000e+00
2.249472380891414103e-01	5.255114624036830717e-01	0.000000000000000000e+00
2.249472380891414103e-01	5.357461386805457693e-01	0.000000000000000000e+00
2.249472380891414103e-01	5.109169376427228348e-01	0.000000000000000000e+00
2.487817978219821202e-01	4.655254135983202257e-01	0.000000000000000000e+00
2.487817978219821202e-01	4.655254135983202257e-01	0.000000000000000000e+00
2.556767445987340182e-01	4.179655206149219815e-01	0.000000000000000000e+00
2.568408610661747637e-01	4.012668709193962235e-01	0.000000000000000000e+00
2.568408610661747637e-01	3.977194224145432777e-01	0.000000000000000000e+00
2.568408610661747637e-01	3.977194224145432777e-01	0.000000000000000000e+00
2.568408610661747637e-01	3.977194224145432777e-01	0.000000000000000000e+00
2.568408610661747637e-01	3.977194224145432777e-01	0.000000000000000000e+00
2.568408610661747637e-01	3.977194224145432777e-01	0.000000000000000000e+00
2.568408610661747637e-01	3.977194224145432777e-01	0.000000000000000000e+00
2.568408610661747637e-01	3.977194224145432777e-01	0.000000000000000000e+00
2.568408610661747637e-01	3.977194224145432777e-01	0.000000000000000000e+00
4.165750232806340048e-01	3.220923231038950174e-01	0.000000000000000000e+00
4.165750232806340048e-01	3.220923231038950174e-01	0.000000000000000000e+00
4.165750232806340048e-01	3.220923231038950174e-01	0.000000000000000000e+00
4.327850744231144242e-01	2.214174399853425235e-01	0.000000000000000000e+00
4.327850744231144242e-01	2.214174399853425235e-01	0.000000000000000000e+00
4.327850744231144242e-01	2.214174399853425235e-01	0.000000000000000000e+00
4.368959969821105127e-01	1.631956398293238075e-01	0.000000000000000000e+00
4.368959969821105127e-01	1.631956398293238075e-01	0.000000000000000000e+00
4.432404870955928278e-01	1.508486030738601935e-01	0.000000000000000000e+00
4.495849772090751983e-01	5.715221910094978736e-02	0.000000000000000000e+00
4.495849772090751983e-01	5.715221910094978736e-02	0.000000000000000000e+00
4.495849772090751983e-01	5.715221910094978736e-02	0.000000000000000000e+00
4.495849772090751983e-01	5.715221910094978736e-02	0.000000000000000000e+00
4.552170422226045066e-01	3.896875449752530696e-02	0.000000000000000000e+00
4.552170422226045066e-01	3.896875449752530696e-02	0.000000000000000000e+00
4.552170422226045066e-01	3.413203448769572268e-02	0.000000000000000000e+00
4.552170422226045066e-01	3.413203448769572268e-02	0.000000000000000000e+00
4.552170422226045066e-01	3.413203448769572268e-02	0.000000000000000000e+00
4.552170422226045066e-01	3.413203448769572268e-02	0.000000000000000000e+00
4.552170422226045066e-01	3.413203448769572268e-02	0.000000000000000000e+00
4.552170422226045066e-01	3.413203448769572268e-02	0.000000000000000000e+00
4.552170422226045066e-01	3.413203448769572268e-02	0.000000000000000000e+00
6.242765449440907943e-01	1.695889609099788739e-02	0.000000000000000000e+00
6.254944822317967112e-01	-1.372841208238041386e-02	0.000000000000000000e+00
6.279303568072085451e-01	-5.769785441343351640e-02	0.000000000000000000e+00
6.279303568072085451e-01	-5.769785441343351640e-02	0.000000000000000000e+00
6.303662313826203789e-01	-7.422395534000851558e-02	0.000000000000000000e+00
6.328021059580321017e-01	-1.024197601496030646e-01	0.000000000000000000e+00
6.328021059580321017e-01	-1.024197601496030646e-01	0.000000000000000000e+00
6.328021059580321017e-01	-1.395286977670317785e-01	0.000000000000000000e+00
6.328021059580321017e-01	-1.396824003514233470e-01	0.000000000000000000e+00
6.376738551088556584e-01	-1.650617340570713631e-01	0.000000000000000000e+00
6.376738551088556584e-01	-1.650617340570713631e-01	0.000000000000000000e+00
6.376738551088556584e-01	-1.826002198884407735e-01	0.000000000000000000e+00
6.376738551088556584e-01	-1.826002198884407735e-01	0.000000000000000000e+00
6.376738551088556584e-01	-1.826002198884407735e-01	0.000000000000000000e+00
6.376738551088556584e-01	-1.825614727876345711e-01	0.000000000000000000e+00
6.376738551088556584e-01	-1.825614727876345711e-01	0.000000000000000000e+00
6.376738551088556584e-01	-1.825614727876345711e-01	0.000000000000000000e+00
6.376738551088556584e-01	-1.805772606317399831e-01	0.000000000000000000e+00
8.336796539442272724e-01	-3.620354199862799716e-01	0.000000000000000000e+00
8.336796539442272724e-01	-3.620354199862799716e-01	0.000000000000000000e+00
8.336796539442272724e-01	-3.620354199862799716e-01	0.000000000000000000e+00
8.336796539442272724e-01	-3.216108890499125850e-01	0.000000000000000000e+00
8.336796539442272724e-01	-3.216108890499125850e-01	0.000000000000000000e+00
8.336796539442272724e-01	-3.404204520292972713e-01	0.000000000000000000e+00
8.336796539442272724e-01	-3.404204520292972713e-01	0.000000000000000000e+00
8.336796539442272724e-01	-3.404204520292972713e-01	0.000000000000000000e+00
8.336796539442272724e-01	-3.404204520292972713e-01	0.000000000000000000e+00
8.336796539442272724e-01	-3.404204520292972713e-01	0.000000000000000000e+00
8.336796539442272724e-01	-3.404204520292972713e-01	0.000000000000000000e+00
8.336796539442272724e-01	-3.550877397443523154e-01	0.000000000000000000e+00
8.336796539442272724e-01	-3.700099413428871720e-01	0.000000000000000000e+00
8.367125304364182448e-01	-4.200659629535993256e-01	0.000000000000000000e+00
8.367125304364182448e-01	-4.200659629535993256e-01	0.000000000000000000e+00
8.367125304364182448e-01	-4.200659629535993256e-01	0.000000000000000000e+00
8.367125304364182448e-01	-4.410602340914893116e-01	0.000000000000000000e+00
8.367125304364182448e-01	-4.410602340914893116e-01	0.000000000000000000e+00
8.367125304364182448e-01	-4.410602340914893116e-01	0.000000000000000000e+00
8.367125304364182448e-01	-4.410602340914893116e-01	0.000000000000000000e+00
8.397454069286091061e-01	-4.841876822929150337e-01	0.000000000000000000e+00
8.397454069286091061e-01	-5.153484968160915169e-01	0.000000000000000000e+00
8.397454069286091061e-01	-5.153484968160915169e-01	0.000000000000000000e+00
8.397454069286091061e-01	-5.153484968160915169e-01	0.000000000000000000e+00
8.397454069286091061e-01	-5.153484968160915169e-01	0.000000000000000000e+00
8.397454069286091061e-01	-5.153484968160915169e-01	0.000000000000000000e+00
8.397454069286091061e-01	-5.153484968160915169e-01	0.000000000000000000e+00
8.397454069286091061e-01	-5.153484968160915169e-01	0.000000000000000000e+00
8.397454069286091061e-01	-5.153484968160915169e-01	0.000000000000000000e+00
