3.614538620916903783e-02	3.174665348453149960e+00	0.000000000000000000e+00
8.202822590742883668e-04	3.433516228451073182e+00	0.000000000000000000e+00
5.399050159770889257e-02	3.036723104581152910e+00	0.000000000000000000e+00
7.183561698624875425e-02	2.610419979074543040e+00	0.000000000000000000e+00
7.183561698624875425e-02	2.610419979074543040e+00	0.000000000000000000e+00
9.842072665556605982e-02	2.586177327397016334e+00	0.000000000000000000e+00
1.250058363248833515e-01	2.488990747633796019e+00	0.000000000000000000e+00
1.250058363248833515e-01	2.488990747633796019e+00	0.000000000000000000e+00
1.648835008288593307e-01	2.451573424025265791e+00	0.000000000000000000e+00
1.648835008288593307e-01	2.451573424025265791e+00	0.000000000000000000e+00
2.077338510841027774e-01	2.219434455433817899e+00	0.000000000000000000e+00
2.138593176117060124e-01	2.160083780335510628e+00	0.000000000000000000e+00
2.199847841393092196e-01	2.084363575194900342e+00	0.000000000000000000e+00
2.315803240009931263e-01	1.992756339490962425e+00	0.000000000000000000e+00
2.532082993872361576e-01	1.921350360428149884e+00	0.000000000000000000e+00
2.532082993872361576e-01	1.858412789703187018e+00	0.000000000000000000e+00
2.547333184780921078e-01	1.827155824262347794e+00	0.000000000000000000e+00
2.547333184780921078e-01	1.827155824262347794e+00	0.000000000000000000e+00
2.547333184780921078e-01	1.737933305792117578e+00	0.000000000000000000e+00
2.547333184780921078e-01	1.737933305792117578e+00	0.000000000000000000e+00
2.547333184780921078e-01	1.737933305792117578e+00	0.000000000000000000e+00
2.547333184780921078e-01	1.737933305792117578e+00	0.000000000000000000e+00
2.547333184780921078e-01	1.737933305792117578e+00	0.000000000000000000e+00
2.547333184780921078e-01	1.737933305792117578e+00	0.000000000000000000e+00
4.173413159243183901e-01	1.675653397159791114e+00	0.000000000000000000e+00
4.173413159243183901e-01	1.663457121059543686e+00	0.000000000000000000e+00
4.252060342465886489e-01	1.511634187014581521e+00	0.000000000000000000e+00
4.252060342465886489e-01	1.511634187014581521e+00	0.000000000000000000e+00
4.252060342465886489e-01	1.511634187014581521e+00	0.000000000000000000e+00
4.252060342465886489e-01	1.462704398185315613e+00	0.000000000000000000e+00
4.278276070206787352e-01	1.416866724319303827e+00	0.000000000000000000e+00
4.278276070206787352e-01	1.416866724319303827e+00	0.000000000000000000e+00
4.469065740019090294e-01	1.210051021711932684e+00	0.000000000000000000e+00
4.469065740019090294e-01	1.210051021711932684e+00	0.000000000000000000e+00
4.469065740019090294e-01	1.210051021711932684e+00	0.000000000000000000e+00
4.469065740019090294e-01	1.210051021711932684e+00	0.000000000000000000e+00
4.586763802911824617e-01	1.311223183256224223e+00	0.000000000000000000e+00
4.586763802911824617e-01	1.311223183256224223e+00	0.000000000000000000e+00
4.586763802911824617e-01	1.303340821082999312e+00	0.000000000000000000e+00
4.586763802911824617e-01	1.303340821082999312e+00	0.000000000000000000e+00
4.586763802911824617e-01	1.303340821082999312e+00	0.000000000000000000e+00
4.586763802911824617e-01	1.303340821082999312e+00	0.000000000000000000e+00
6.253459162194948684e-01	9.527126200629366659e-01	0.000000000000000000e+00
6.253459162194948684e-01	9.527126200629366659e-01	0.000000000000000000e+00
6.253459162194948684e-01	9.527126200629366659e-01	0.000000000000000000e+00
6.253459162194948684e-01	9.527126200629366659e-01	0.000000000000000000e+00
6.253459162194948684e-01	9.527126200629366659e-01	0.000000000000000000e+00
6.253459162194948684e-01	9.527126200629366659e-01	0.000000000000000000e+00
6.253459162194948684e-01	9.527126200629366659e-01	0.000000000000000000e+00
6.253459162194948684e-01	9.325123539881009505e-01	0.000000000000000000e+00
6.253459162194948684e-01	9.325123539881009505e-01	0.000000000000000000e+00
6.400985403562093889e-01	8.921671615015581702e-01	0.000000000000000000e+00
6.400985403562093889e-01	8.921671615015581702e-01	0.000000000000000000e+00
6.400985403562093889e-01	8.921671615015581702e-01	0.000000000000000000e+00
6.400985403562093889e-01	9.163958248704718867e-01	0.000000000000000000e+00
6.400985403562093889e-01	9.163958248704718867e-01	0.000000000000000000e+00
6.400985403562093889e-01	9.163958248704718867e-01	0.000000000000000000e+00
6.400985403562093889e-01	9.163958248704718867e-01	0.000000000000000000e+00
6.400985403562093889e-01	9.163958248704718867e-01	0.000000000000000000e+00
6.400985403562093889e-01	9.163958248704718867e-01	0.000000000000000000e+00
6.400985403562093889e-01	9.189591098190655893e-01	0.000000000000000000e+00
6.400985403562093889e-01	9.189591098190655893e-01	0.000000000000000000e+00
6.400985403562093889e-01	9.189591098190655893e-01	0.000000000000000000e+00
8.239870400720368249e-01	7.962177758743061995e-01	0.000000000000000000e+00
8.239870400720368249e-01	7.870684208116155434e-01	0.000000000000000000e+00
8.239870400720368249e-01	7.870684208116155434e-01	0.000000000000000000e+00
8.239870400720368249e-01	7.870684208116155434e-01	0.000000000000000000e+00
8.239870400720368249e-01	7.870684208116155434e-01	0.000000000000000000e+00
8.239870400720368249e-01	7.870684208116155434e-01	0.000000000000000000e+00
8.239870400720368249e-01	7.870684208116155434e-01	0.000000000000000000e+00
8.274842209369470680e-01	7.132853691779720284e-01	0.000000000000000000e+00
8.274842209369470680e-01	7.132853691779720284e-01	0.000000000000000000e+00
8.274842209369470680e-01	6.713183069824129046e-01	0.000000000000000000e+00
8.274842209369470680e-01	6.713183069824129046e-01	0.000000000000000000e+00
8.274842209369470680e-01	6.347450766479886264e-01	0.000000000000000000e+00
8.274842209369470680e-01	6.347450766479886264e-01	0.000000000000000000e+00
8.274842209369470680e-01	6.347450766479886264e-01	0.000000000000000000e+00
8.274842209369470680e-01	6.347450766479886264e-01	0.000000000000000000e+00
8.274842209369470680e-01	6.347450766479886264e-01	0.000000000000000000e+00
8.274842209369470680e-01	6.347450766479886264e-01	0.000000000000000000e+00
8.274842209369470680e-01	6.347450766479886264e-01	0.000000000000000000e+00
8.294218152043972836e-01	6.204332662479297156e-01	0.000000000000000000e+00
8.416688120058877232e-01	4.554484548333837535e-01	0.000000000000000000e+00
8.416688120058877232e-01	4.554484548333837535e-01	0.000000000000000000e+00
8.416688120058877232e-01	4.554484548333837535e-01	0.000000000000000000e+00
8.416688120058877232e-01	4.554484548333837535e-01	0.000000000000000000e+00
8.416688120058877232e-01	4.440915367985834306e-01	0.000000000000000000e+00
8.416688120058877232e-01	4.440915367985834306e-01	0.000000000000000000e+00
8.416688120058877232e-01	4.279716491222787522e-01	0.000000000000000000e+00
8.416688120058877232e-01	4.279716491222787522e-01	0.000000000000000000e+00
8.416688120058877232e-01	4.279716491222787522e-01	0.000000000000000000e+00
8.416688120058877232e-01	4.279716491222787522e-01	0.000000000000000000e+00
8.416688120058877232e-01	4.279716491222787522e-01	0.000000000000000000e+00
8.416688120058877232e-01	4.279716491222787522e-01	0.000000000000000000e+00
8.416688120058877232e-01	4.279716491222787522e-01	0.000000000000000000e+00
8.416688120058877232e-01	4.279716491222787522e-01	0.000000000000000000e+00
8.416688120058877232e-01	4.667559330821450803e-01	0.000000000000000000e+00
8.416688120058877232e-01	4.425214305731404729e-01	0.000000000000000000e+00
8.416688120058877232e-01	4.614470716672617323e-01	0.000000000000000000e+00
8.416688120058877232e-01	4.614470716672617323e-01	0.000000000000000000e+00
