0.000000000000000000e+00	1.704976865414670861e+00	0.000000000000000000e+00
1.757162558009612782e-02	1.440763162250346952e+00	0.000000000000000000e+00
3.563236559714220292e-02	1.342017015201390828e+00	0.000000000000000000e+00
5.312480456811264490e-02	1.193062043455148435e+00	0.000000000000000000e+00
6.630352375318473990e-02	1.164095862597001929e+00	0.000000000000000000e+00
7.289288334572079087e-02	1.121188589826149551e+00	0.000000000000000000e+00
7.289288334572079087e-02	1.121188589826149551e+00	0.000000000000000000e+00
7.289288334572079087e-02	1.121188589826149551e+00	0.000000000000000000e+00
7.289288334572079087e-02	1.121188589826149551e+00	0.000000000000000000e+00
7.289288334572079087e-02	1.121188589826149551e+00	0.000000000000000000e+00
7.948224293825684184e-02	1.124239899662668796e+00	0.000000000000000000e+00
8.826805572830490054e-02	1.131122956347858866e+00	0.000000000000000000e+00
8.826805572830490054e-02	1.131122956347858866e+00	0.000000000000000000e+00
2.177319695252318277e-01	8.205478238630805610e-01	0.000000000000000000e+00
2.177319695252318277e-01	8.205478238630805610e-01	0.000000000000000000e+00
2.275770880849790900e-01	7.820021574208111392e-01	0.000000000000000000e+00
2.249472380891414103e-01	6.388881079320841705e-01	0.000000000000000000e+00
2.249472380891414103e-01	6.388881079320841705e-01	0.000000000000000000e+00
2.302069380808167420e-01	6.085195632138188371e-01	0.000000000000000000e+00
2.351294973606903871e-01	5.467847162465211408e-01	0.000000000000000000e+00
2.400520566405640044e-01	4.993263443780852628e-01	0.000000000000000000e+00
2.556767445987340182e-01	4.472181379559403425e-01	0.000000000000000000e+00
2.556767445987340182e-01	4.472181379559403425e-01	0.000000000000000000e+00
2.556767445987340182e-01	4.472181379559403425e-01	0.000000000000000000e+00
2.556767445987340182e-01	4.472181379559403425e-01	0.000000000000000000e+00
2.556767445987340182e-01	4.472181379559403425e-01	0.000000000000000000e+00
2.556767445987340182e-01	4.472181379559403425e-01	0.000000000000000000e+00
2.556767445987340182e-01	4.472181379559403425e-01	0.000000000000000000e+00
2.556767445987340182e-01	4.472181379559403425e-01	0.000000000000000000e+00
2.556767445987340182e-01	4.584464685542670725e-01	0.000000000000000000e+00
2.556767445987340182e-01	4.584464685542670725e-01	0.000000000000000000e+00
4.165750232806340048e-01	3.568771051870838207e-01	0.000000000000000000e+00
4.165750232806340048e-01	3.568771051870838207e-01	0.000000000000000000e+00
4.165750232806340048e-01	3.568771051870838207e-01	0.000000000000000000e+00
4.165750232806340048e-01	3.523204082107899149e-01	0.000000000000000000e+00
4.225316691089180399e-01	2.818562950001520240e-01	0.000000000000000000e+00
4.225316691089180399e-01	2.818562950001520240e-01	0.000000000000000000e+00
4.403490371213941712e-01	1.862917370549238283e-01	0.000000000000000000e+00
4.290014079455613527e-01	2.286034359341370392e-01	0.000000000000000000e+00
4.403490371213941712e-01	1.862917370549238283e-01	0.000000000000000000e+00
4.403490371213941712e-01	1.862917370549238283e-01	0.000000000000000000e+00
4.383208471820163599e-01	1.651377256462744081e-01	0.000000000000000000e+00
4.533396872180947557e-01	8.342630327993237616e-02	0.000000000000000000e+00
4.533396872180947557e-01	8.342630327993237616e-02	0.000000000000000000e+00
4.513114972787169998e-01	8.858941302584069644e-02	0.000000000000000000e+00
4.533396872180947557e-01	8.342630327993237616e-02	0.000000000000000000e+00
4.533396872180947557e-01	7.643114706446250961e-02	0.000000000000000000e+00
4.533396872180947557e-01	7.643114706446250961e-02	0.000000000000000000e+00
4.533396872180947557e-01	7.643114706446250961e-02	0.000000000000000000e+00
4.533396872180947557e-01	7.643114706446250961e-02	0.000000000000000000e+00
4.513114972787169998e-01	8.246625596534568059e-02	0.000000000000000000e+00
4.513114972787169998e-01	8.246625596534568059e-02	0.000000000000000000e+00
4.513114972787169998e-01	8.246625596534568059e-02	0.000000000000000000e+00
6.284374042920529702e-01	-4.031327041814115192e-02	0.000000000000000000e+00
6.284374042920529702e-01	-4.031327041814115192e-02	0.000000000000000000e+00
6.284374042920529702e-01	-4.031327041814115192e-02	0.000000000000000000e+00
6.284374042920529702e-01	-4.031327041814115192e-02	0.000000000000000000e+00
6.284374042920529702e-01	-4.031327041814115192e-02	0.000000000000000000e+00
6.284374042920529702e-01	-4.031327041814115192e-02	0.000000000000000000e+00
6.294514992617418203e-01	-9.076462766812030958e-02	0.000000000000000000e+00
6.294514992617418203e-01	-5.587822014078582672e-02	0.000000000000000000e+00
6.294514992617418203e-01	-5.587822014078582672e-02	0.000000000000000000e+00
6.376738551088556584e-01	-1.273971639094966801e-01	0.000000000000000000e+00
6.376738551088556584e-01	-1.273971639094966801e-01	0.000000000000000000e+00
6.376738551088556584e-01	-1.273971639094966801e-01	0.000000000000000000e+00
6.376738551088556584e-01	-1.273971639094966801e-01	0.000000000000000000e+00
6.376738551088556584e-01	-1.273971639094966801e-01	0.000000000000000000e+00
6.376738551088556584e-01	-1.273971639094966801e-01	0.000000000000000000e+00
6.376738551088556584e-01	-1.273971639094966801e-01	0.000000000000000000e+00
6.376738551088556584e-01	-1.273971639094966801e-01	0.000000000000000000e+00
6.376738551088556584e-01	-1.248093046360968517e-01	0.000000000000000000e+00
8.336796539442272724e-01	-3.878459218676734710e-01	0.000000000000000000e+00
8.336796539442272724e-01	-3.878459218676734710e-01	0.000000000000000000e+00
8.336796539442272724e-01	-3.878459218676734710e-01	0.000000000000000000e+00
8.336796539442272724e-01	-3.878459218676734710e-01	0.000000000000000000e+00
8.336796539442272724e-01	-3.878459218676734710e-01	0.000000000000000000e+00
8.336796539442272724e-01	-3.878459218676734710e-01	0.000000000000000000e+00
8.336796539442272724e-01	-3.878459218676734710e-01	0.000000000000000000e+00
8.336796539442272724e-01	-3.878459218676734710e-01	0.000000000000000000e+00
8.347825181232058078e-01	-2.654190474560418900e-01	0.000000000000000000e+00
8.347825181232058078e-01	-2.729403719770416847e-01	0.000000000000000000e+00
8.398832649509813120e-01	-3.536917603946078126e-01	0.000000000000000000e+00
8.398832649509813120e-01	-3.536917603946078126e-01	0.000000000000000000e+00
8.398832649509813120e-01	-3.536917603946078126e-01	0.000000000000000000e+00
8.398832649509813120e-01	-3.536917603946078126e-01	0.000000000000000000e+00
8.398832649509813120e-01	-3.536917603946078126e-01	0.000000000000000000e+00
8.398832649509813120e-01	-3.536917603946078126e-01	0.000000000000000000e+00
8.402968390180982627e-01	-3.766581528439928994e-01	0.000000000000000000e+00
8.458111599129909397e-01	-4.324790501157060874e-01	0.000000000000000000e+00
8.458111599129909397e-01	-4.324790501157060874e-01	0.000000000000000000e+00
8.458111599129909397e-01	-4.324790501157060874e-01	0.000000000000000000e+00
8.458111599129909397e-01	-4.324790501157060874e-01	0.000000000000000000e+00
8.458111599129909397e-01	-4.512417426225941997e-01	0.000000000000000000e+00
8.458111599129909397e-01	-4.512417426225941997e-01	0.000000000000000000e+00
8.458111599129909397e-01	-4.512417426225941997e-01	0.000000000000000000e+00
8.458111599129909397e-01	-4.512417426225941997e-01	0.000000000000000000e+00
8.458111599129909397e-01	-4.512417426225941997e-01	0.000000000000000000e+00
8.458111599129909397e-01	-4.663723364147512873e-01	0.000000000000000000e+00
8.458111599129909397e-01	-4.663723364147512873e-01	0.000000000000000000e+00
8.458111599129909397e-01	-4.663723364147512873e-01	0.000000000000000000e+00
