0.000000000000000000e+00	1.055773602578510495e+00	0.000000000000000000e+00
1.221696254740847407e-02	9.211864626726027350e-01	0.000000000000000000e+00
3.093728009073598226e-02	8.268869901523204780e-01	0.000000000000000000e+00
4.336116134678610901e-02	7.795760197446618411e-01	0.000000000000000000e+00
6.073285407458135082e-02	7.154940269987456469e-01	0.000000000000000000e+00
7.038792122050201161e-02	7.005602755403032011e-01	0.000000000000000000e+00
8.558061658668160432e-02	6.834098913025731248e-01	0.000000000000000000e+00
8.558061658668160432e-02	6.834098913025731248e-01	0.000000000000000000e+00
8.558061658668160432e-02	6.834038893453244778e-01	0.000000000000000000e+00
8.558061658668160432e-02	6.834038893453244778e-01	0.000000000000000000e+00
8.558061658668160432e-02	6.834038893453244778e-01	0.000000000000000000e+00
8.558061658668160432e-02	6.834038893453244778e-01	0.000000000000000000e+00
1.885798066067302381e-01	6.592026549798561952e-01	0.000000000000000000e+00
1.986935117738111711e-01	5.766510877472148522e-01	0.000000000000000000e+00
2.063588344523111240e-01	5.371550477529698497e-01	0.000000000000000000e+00
2.123147070434081018e-01	4.710047183615603261e-01	0.000000000000000000e+00
2.206936124478363626e-01	4.036640054396639088e-01	0.000000000000000000e+00
2.273630677648615928e-01	3.660290655225676426e-01	0.000000000000000000e+00
2.341651093704084641e-01	3.299109839391339283e-01	0.000000000000000000e+00
2.409671509759553354e-01	2.849193163904584214e-01	0.000000000000000000e+00
2.479493751911108490e-01	2.565045764690027652e-01	0.000000000000000000e+00
2.545712341870490225e-01	2.449692011012583881e-01	0.000000000000000000e+00
2.545712341870490225e-01	2.449692011012583881e-01	0.000000000000000000e+00
2.545712341870490225e-01	2.434988314268776155e-01	0.000000000000000000e+00
2.545712341870490225e-01	2.434988314268776155e-01	0.000000000000000000e+00
2.545712341870490225e-01	2.434988314268776155e-01	0.000000000000000000e+00
2.545712341870490225e-01	2.434988314268776155e-01	0.000000000000000000e+00
2.545712341870490225e-01	2.434988314268776155e-01	0.000000000000000000e+00
2.545712341870490225e-01	2.434988314268776155e-01	0.000000000000000000e+00
2.545712341870490225e-01	2.434988314268776155e-01	0.000000000000000000e+00
4.125832145821224373e-01	2.137661112248691597e-01	0.000000000000000000e+00
4.149151146274556168e-01	1.798616316690545003e-01	0.000000000000000000e+00
4.189434162597958089e-01	1.438958693940454170e-01	0.000000000000000000e+00
4.207072748738092116e-01	1.139903979031175740e-01	0.000000000000000000e+00
4.236072163504621679e-01	7.440245416542992651e-02	0.000000000000000000e+00
4.270751992584349011e-01	3.615294796096701901e-02	0.000000000000000000e+00
4.280914655657994117e-01	2.266155143226729340e-02	0.000000000000000000e+00
4.314586166604371664e-01	-5.056307893724322315e-03	0.000000000000000000e+00
4.359663101931562923e-01	-3.491674577973152838e-02	0.000000000000000000e+00
4.364081122265558443e-01	-5.049618634163916681e-02	0.000000000000000000e+00
4.412387984687999309e-01	-8.137123907439297588e-02	0.000000000000000000e+00
4.453307906788954718e-01	-9.793881264008000298e-02	0.000000000000000000e+00
4.542534691312350437e-01	-1.241871908485541742e-01	0.000000000000000000e+00
4.542534691312350437e-01	-1.241871908485541742e-01	0.000000000000000000e+00
4.542534691312350437e-01	-1.241871908485541742e-01	0.000000000000000000e+00
4.542534691312350437e-01	-1.241871908485541742e-01	0.000000000000000000e+00
4.542534691312350437e-01	-1.241871908485541742e-01	0.000000000000000000e+00
4.542534691312350437e-01	-1.241871908485541742e-01	0.000000000000000000e+00
4.542534691312350437e-01	-1.241871908485541742e-01	0.000000000000000000e+00
4.542534691312350437e-01	-1.241871908485541742e-01	0.000000000000000000e+00
4.542534691312350437e-01	-1.241871908485541742e-01	0.000000000000000000e+00
6.232596929243926498e-01	-1.849208351138822704e-01	0.000000000000000000e+00
6.232596929243926498e-01	-1.849208351138822704e-01	0.000000000000000000e+00
6.232596929243926498e-01	-1.849208351138822704e-01	0.000000000000000000e+00
6.256464309613956054e-01	-2.089604640955695369e-01	0.000000000000000000e+00
6.280331689983984500e-01	-2.411184666923137376e-01	0.000000000000000000e+00
6.280331689983984500e-01	-2.431074868040778714e-01	0.000000000000000000e+00
6.297193628356878570e-01	-2.709197230248495125e-01	0.000000000000000000e+00
6.305852968949726689e-01	-2.808528672902896872e-01	0.000000000000000000e+00
6.323142895295822408e-01	-2.995997412101315538e-01	0.000000000000000000e+00
6.325047955577745018e-01	-3.139365308408081368e-01	0.000000000000000000e+00
6.339644284511927186e-01	-3.317138004344030722e-01	0.000000000000000000e+00
6.365233002294082842e-01	-3.447733259228942249e-01	0.000000000000000000e+00
6.365233002294082842e-01	-3.587480367172477536e-01	0.000000000000000000e+00
6.405145596372103789e-01	-3.916837178022762878e-01	0.000000000000000000e+00
6.405145596372103789e-01	-3.916837178022762878e-01	0.000000000000000000e+00
6.425101893411113707e-01	-4.076722447051752130e-01	0.000000000000000000e+00
6.445058190450123625e-01	-4.172473792598985209e-01	0.000000000000000000e+00
6.485314040270697689e-01	-4.413212669312330250e-01	0.000000000000000000e+00
6.491917786805644353e-01	-4.448455178010016220e-01	0.000000000000000000e+00
6.521049440112691720e-01	-4.501279727062145186e-01	0.000000000000000000e+00
6.521049440112691720e-01	-4.501279727062145186e-01	0.000000000000000000e+00
6.521049440112691720e-01	-4.501279727062145186e-01	0.000000000000000000e+00
6.521049440112691720e-01	-4.501279727062145186e-01	0.000000000000000000e+00
6.521049440112691720e-01	-4.501279727062145186e-01	0.000000000000000000e+00
8.256609673809869321e-01	-4.767984869283644622e-01	0.000000000000000000e+00
8.256609673809869321e-01	-4.767984869283644622e-01	0.000000000000000000e+00
8.259086078760473626e-01	-4.905524258831912010e-01	0.000000000000000000e+00
8.269817166879762649e-01	-5.047742057096049617e-01	0.000000000000000000e+00
8.288311001237055331e-01	-5.311180351040890590e-01	0.000000000000000000e+00
8.288311001237055331e-01	-5.311180351040890590e-01	0.000000000000000000e+00
8.298741634890656194e-01	-5.481509069756840269e-01	0.000000000000000000e+00
8.303912388793259769e-01	-5.636304103247232744e-01	0.000000000000000000e+00
8.303912388793259769e-01	-5.636304103247232744e-01	0.000000000000000000e+00
8.324773656100461494e-01	-5.912835060737434700e-01	0.000000000000000000e+00
8.324773656100461494e-01	-5.912835060737434700e-01	0.000000000000000000e+00
8.339235890105907156e-01	-6.016255680477249346e-01	0.000000000000000000e+00
8.354066836525545492e-01	-6.088601177174184365e-01	0.000000000000000000e+00
8.371374187895788133e-01	-6.197661051038404478e-01	0.000000000000000000e+00
8.371374187895788133e-01	-6.393993623477794985e-01	0.000000000000000000e+00
8.371374187895788133e-01	-6.405139779584677617e-01	0.000000000000000000e+00
8.391025878983909836e-01	-6.551074364888757051e-01	0.000000000000000000e+00
8.397566900594541917e-01	-6.628704789472005254e-01	0.000000000000000000e+00
8.408333230354152477e-01	-6.735357027714224953e-01	0.000000000000000000e+00
8.426812751583334649e-01	-6.837635481046960839e-01	0.000000000000000000e+00
8.426812751583334649e-01	-7.013749019776946980e-01	0.000000000000000000e+00
8.445292272812516821e-01	-7.043614801090760658e-01	0.000000000000000000e+00
8.459915198306913187e-01	-7.077139656609849894e-01	0.000000000000000000e+00
8.470142772573348022e-01	-7.159906961640177814e-01	0.000000000000000000e+00
8.519210357729245509e-01	-7.222884889681222553e-01	0.000000000000000000e+00
