0.000000000000000000e+00	1.032888159252817628e+00	0.000000000000000000e+00
1.165598505283833158e-02	1.032369649724163896e+00	0.000000000000000000e+00
3.152709683924979217e-02	9.062594786595828955e-01	0.000000000000000000e+00
4.379721043700452593e-02	8.112274020960164034e-01	0.000000000000000000e+00
5.373276633021025622e-02	7.836734239254501411e-01	0.000000000000000000e+00
6.922064236822751682e-02	7.192929913590050406e-01	0.000000000000000000e+00
8.558061658668160432e-02	7.086135019856127926e-01	0.000000000000000000e+00
8.558061658668160432e-02	7.086135019856127926e-01	0.000000000000000000e+00
8.558061658668160432e-02	7.086135019856127926e-01	0.000000000000000000e+00
8.558061658668160432e-02	7.086135019856127926e-01	0.000000000000000000e+00
8.558061658668160432e-02	7.086135019856127926e-01	0.000000000000000000e+00
8.558061658668160432e-02	7.086135019856127926e-01	0.000000000000000000e+00
8.558061658668160432e-02	7.086135019856127926e-01	0.000000000000000000e+00
1.920872967092462358e-01	6.527131748255936561e-01	0.000000000000000000e+00
2.032397558389894554e-01	5.818611092928492878e-01	0.000000000000000000e+00
2.110120267300319430e-01	5.280540960552434493e-01	0.000000000000000000e+00
2.147484043062202197e-01	5.031883775879522069e-01	0.000000000000000000e+00
2.242439891515399519e-01	4.208454810182166717e-01	0.000000000000000000e+00
2.270675531919798262e-01	3.907069325773674939e-01	0.000000000000000000e+00
2.384761202444151684e-01	3.433251131835509673e-01	0.000000000000000000e+00
2.409979368437649427e-01	3.222854241109747719e-01	0.000000000000000000e+00
2.475679165626076539e-01	2.793833904618033270e-01	0.000000000000000000e+00
2.557491310474758750e-01	2.674467592304244912e-01	0.000000000000000000e+00
2.557491310474758750e-01	2.645295698156093778e-01	0.000000000000000000e+00
2.557491310474758750e-01	2.645194103034894106e-01	0.000000000000000000e+00
2.557491310474758750e-01	2.645194103034894106e-01	0.000000000000000000e+00
2.557491310474758750e-01	2.645194103034894106e-01	0.000000000000000000e+00
2.557491310474758750e-01	2.645194103034894106e-01	0.000000000000000000e+00
2.557491310474758750e-01	2.645194103034894106e-01	0.000000000000000000e+00
2.557491310474758750e-01	2.645194103034894106e-01	0.000000000000000000e+00
2.557491310474758750e-01	2.645194103034894106e-01	0.000000000000000000e+00
2.557491310474758750e-01	2.645194103034894106e-01	0.000000000000000000e+00
4.141402775620566246e-01	2.330099619280292800e-01	0.000000000000000000e+00
4.189434162597958089e-01	1.768667217471865949e-01	0.000000000000000000e+00
4.189434162597958089e-01	1.742111056510320666e-01	0.000000000000000000e+00
4.205444624923755370e-01	1.440566771774399180e-01	0.000000000000000000e+00
4.252961901265956413e-01	1.028388353948436057e-01	0.000000000000000000e+00
4.270639914651183644e-01	7.326943313528366808e-02	0.000000000000000000e+00
4.305995941421637552e-01	4.949431266967870002e-02	0.000000000000000000e+00
4.341351968192092015e-01	-2.300975421196645165e-02	0.000000000000000000e+00
4.341351968192092015e-01	-2.300975421196645165e-02	0.000000000000000000e+00
4.341351968192092015e-01	-2.300975421196645165e-02	0.000000000000000000e+00
4.398294903017564983e-01	-3.830294278198032726e-02	0.000000000000000000e+00
4.461685111818026739e-01	-5.091192462015604880e-02	0.000000000000000000e+00
4.490156579230762945e-01	-7.899398904103897834e-02	0.000000000000000000e+00
4.507615949924625443e-01	-1.064582376651110746e-01	0.000000000000000000e+00
4.525075320618487940e-01	-1.083396429686895451e-01	0.000000000000000000e+00
4.525075320618487940e-01	-1.152315550276317296e-01	0.000000000000000000e+00
4.525075320618487940e-01	-1.152315550276317296e-01	0.000000000000000000e+00
4.525075320618487940e-01	-1.152315550276317296e-01	0.000000000000000000e+00
4.525075320618487940e-01	-1.152315550276317296e-01	0.000000000000000000e+00
4.525075320618487940e-01	-1.152315550276317296e-01	0.000000000000000000e+00
4.525075320618487940e-01	-1.152315550276317296e-01	0.000000000000000000e+00
4.525075320618487940e-01	-1.152315550276317296e-01	0.000000000000000000e+00
4.525075320618487940e-01	-1.152315550276317296e-01	0.000000000000000000e+00
6.225980899966759852e-01	-1.773598484373130613e-01	0.000000000000000000e+00
6.225980899966759852e-01	-1.773598484373130613e-01	0.000000000000000000e+00
6.225980899966759852e-01	-1.773598484373130613e-01	0.000000000000000000e+00
6.265533552884251511e-01	-2.065370556162323401e-01	0.000000000000000000e+00
6.265533552884251511e-01	-2.150804405850111900e-01	0.000000000000000000e+00
6.322604526664046265e-01	-2.692157438352624776e-01	0.000000000000000000e+00
6.322604526664046265e-01	-2.692157438352624776e-01	0.000000000000000000e+00
6.322604526664046265e-01	-2.692157438352624776e-01	0.000000000000000000e+00
6.322604526664046265e-01	-2.692157438352624776e-01	0.000000000000000000e+00
6.438767639166971257e-01	-3.653106608706964686e-01	0.000000000000000000e+00
6.438767639166971257e-01	-3.653106608706964686e-01	0.000000000000000000e+00
6.438767639166971257e-01	-3.653106608706964686e-01	0.000000000000000000e+00
6.438767639166971257e-01	-3.653106608706964686e-01	0.000000000000000000e+00
6.438767639166971257e-01	-3.653106608706964686e-01	0.000000000000000000e+00
6.438767639166971257e-01	-3.653106608706964686e-01	0.000000000000000000e+00
6.438767639166971257e-01	-3.720116171270330674e-01	0.000000000000000000e+00
6.438767639166971257e-01	-3.814577071368817074e-01	0.000000000000000000e+00
6.466126637334760341e-01	-3.997498042426814724e-01	0.000000000000000000e+00
6.475246303390689295e-01	-4.049047811889548432e-01	0.000000000000000000e+00
6.475246303390689295e-01	-4.076661076484724977e-01	0.000000000000000000e+00
6.475246303390689295e-01	-4.084552381528524512e-01	0.000000000000000000e+00
6.475246303390689295e-01	-4.084552381528524512e-01	0.000000000000000000e+00
6.475246303390689295e-01	-4.076661076484724977e-01	0.000000000000000000e+00
8.277530358349334261e-01	-5.059513430330848660e-01	0.000000000000000000e+00
8.277530358349334261e-01	-5.059513430330848660e-01	0.000000000000000000e+00
8.277530358349334261e-01	-5.059513430330848660e-01	0.000000000000000000e+00
8.277530358349334261e-01	-5.059513430330848660e-01	0.000000000000000000e+00
8.277530358349334261e-01	-5.059513430330848660e-01	0.000000000000000000e+00
8.277530358349334261e-01	-5.059513430330848660e-01	0.000000000000000000e+00
8.277530358349334261e-01	-5.059513430330848660e-01	0.000000000000000000e+00
8.277530358349334261e-01	-5.059513430330848660e-01	0.000000000000000000e+00
8.344010762545177595e-01	-5.659289682205486116e-01	0.000000000000000000e+00
8.344010762545177595e-01	-5.659289682205486116e-01	0.000000000000000000e+00
8.344010762545177595e-01	-5.659289682205486116e-01	0.000000000000000000e+00
8.344010762545177595e-01	-5.659289682205486116e-01	0.000000000000000000e+00
8.344010762545177595e-01	-5.659289682205486116e-01	0.000000000000000000e+00
8.344010762545177595e-01	-5.659289682205486116e-01	0.000000000000000000e+00
8.344010762545177595e-01	-5.699243466809578162e-01	0.000000000000000000e+00
8.376935261757355589e-01	-6.154333134055276489e-01	0.000000000000000000e+00
8.376935261757355589e-01	-6.154333134055276489e-01	0.000000000000000000e+00
8.376935261757355589e-01	-6.154333134055276489e-01	0.000000000000000000e+00
8.409859760969533582e-01	-6.234770335162593824e-01	0.000000000000000000e+00
8.409859760969533582e-01	-6.234770335162593824e-01	0.000000000000000000e+00
8.409859760969533582e-01	-6.253594079273121498e-01	0.000000000000000000e+00
8.409859760969533582e-01	-6.270044094138698121e-01	0.000000000000000000e+00
