0.000000000000000000e+00	1.189901706836182127e+00	0.000000000000000000e+00
1.288424214267113940e-02	1.054122572392670376e+00	0.000000000000000000e+00
2.454022719550946752e-02	9.706957553840536157e-01	0.000000000000000000e+00
3.796921791058535667e-02	8.938685873477961730e-01	0.000000000000000000e+00
5.950818235402445533e-02	8.158777022515159016e-01	0.000000000000000000e+00
7.116416740686279385e-02	7.796714821660172268e-01	0.000000000000000000e+00
8.282015245970111850e-02	7.494436222382361290e-01	0.000000000000000000e+00
8.282015245970111850e-02	7.494436222382361290e-01	0.000000000000000000e+00
8.282015245970111850e-02	7.494436222382361290e-01	0.000000000000000000e+00
8.282015245970111850e-02	7.494436222382361290e-01	0.000000000000000000e+00
8.282015245970111850e-02	7.494436222382361290e-01	0.000000000000000000e+00
8.282015245970111850e-02	7.494436222382361290e-01	0.000000000000000000e+00
8.282015245970111850e-02	7.494436222382361290e-01	0.000000000000000000e+00
1.985366991781963852e-01	6.821232954493221534e-01	0.000000000000000000e+00
2.032397558389894554e-01	6.221522908530605633e-01	0.000000000000000000e+00
2.119334904856005064e-01	5.726281896051559350e-01	0.000000000000000000e+00
2.147484043062202197e-01	5.201792903293249726e-01	0.000000000000000000e+00
2.209834144696991021e-01	4.789490929522310925e-01	0.000000000000000000e+00
2.253302817930046276e-01	4.311027645460465685e-01	0.000000000000000000e+00
2.373023157504585701e-01	3.756792664569431062e-01	0.000000000000000000e+00
2.373023157504585701e-01	3.663716118318459669e-01	0.000000000000000000e+00
2.534431223624742380e-01	3.150645178197131746e-01	0.000000000000000000e+00
2.534431223624742380e-01	2.920593632229293579e-01	0.000000000000000000e+00
2.580551397324774565e-01	2.859466017931961979e-01	0.000000000000000000e+00
2.580551397324774565e-01	2.859466017931961979e-01	0.000000000000000000e+00
2.580551397324774565e-01	2.859466017931961979e-01	0.000000000000000000e+00
2.580551397324774565e-01	2.859466017931961979e-01	0.000000000000000000e+00
2.580551397324774565e-01	2.859466017931961979e-01	0.000000000000000000e+00
2.580551397324774565e-01	2.859466017931961979e-01	0.000000000000000000e+00
2.580551397324774565e-01	2.859466017931961979e-01	0.000000000000000000e+00
2.580551397324774565e-01	2.859466017931961979e-01	0.000000000000000000e+00
2.580551397324774565e-01	2.859466017931961979e-01	0.000000000000000000e+00
4.141402775620566246e-01	2.715745937265816590e-01	0.000000000000000000e+00
4.205444624923755370e-01	1.716210531217685631e-01	0.000000000000000000e+00
4.205444624923755370e-01	1.716210531217685631e-01	0.000000000000000000e+00
4.205444624923755370e-01	1.716210531217685631e-01	0.000000000000000000e+00
4.237465549575349932e-01	1.354174348628054414e-01	0.000000000000000000e+00
4.280363106367450765e-01	1.220363335606091115e-01	0.000000000000000000e+00
4.301768386779935560e-01	9.556114165036595776e-02	0.000000000000000000e+00
4.301768386779935560e-01	7.713133259510188133e-02	0.000000000000000000e+00
4.359952435311843510e-01	4.186377747834411217e-02	0.000000000000000000e+00
4.418136483843752016e-01	-1.359814313309787304e-02	0.000000000000000000e+00
4.389044459577797763e-01	-7.754270793038539958e-03	0.000000000000000000e+00
4.418136483843752016e-01	-1.797858871466521610e-02	0.000000000000000000e+00
4.476320532375660521e-01	-5.023537728850051981e-02	0.000000000000000000e+00
4.486232338703968203e-01	-6.020527907965581710e-02	0.000000000000000000e+00
4.554328193564183835e-01	-7.002613665216857186e-02	0.000000000000000000e+00
4.554328193564183835e-01	-7.363724609877043970e-02	0.000000000000000000e+00
4.554328193564183835e-01	-7.363724609877043970e-02	0.000000000000000000e+00
4.554328193564183835e-01	-7.651419756077484924e-02	0.000000000000000000e+00
4.554328193564183835e-01	-7.651419756077484924e-02	0.000000000000000000e+00
4.554328193564183835e-01	-7.651419756077484924e-02	0.000000000000000000e+00
4.554328193564183835e-01	-7.651419756077484924e-02	0.000000000000000000e+00
4.554328193564183835e-01	-7.651419756077484924e-02	0.000000000000000000e+00
4.554328193564183835e-01	-7.651419756077484924e-02	0.000000000000000000e+00
6.242765449440907943e-01	-1.364556245203914497e-01	0.000000000000000000e+00
6.242765449440907943e-01	-1.364556245203914497e-01	0.000000000000000000e+00
6.242765449440907943e-01	-1.364556245203914497e-01	0.000000000000000000e+00
6.253998785991145004e-01	-1.512137780719693403e-01	0.000000000000000000e+00
6.279998207895748363e-01	-1.843546265285593011e-01	0.000000000000000000e+00
6.279998207895748363e-01	-1.899285517881788565e-01	0.000000000000000000e+00
6.297572627387673094e-01	-2.074679203655196147e-01	0.000000000000000000e+00
6.350008115637428840e-01	-2.576634623588340833e-01	0.000000000000000000e+00
6.350008115637428840e-01	-2.576634623588340833e-01	0.000000000000000000e+00
6.350008115637428840e-01	-2.576634623588340833e-01	0.000000000000000000e+00
6.358795325383390651e-01	-2.642153328753578667e-01	0.000000000000000000e+00
6.367582535129352461e-01	-2.759545856412429221e-01	0.000000000000000000e+00
6.381305815917454050e-01	-2.922425998907954847e-01	0.000000000000000000e+00
6.381305815917454050e-01	-3.101512614847978244e-01	0.000000000000000000e+00
6.395095245271322781e-01	-3.252974864124459908e-01	0.000000000000000000e+00
6.408884674625192623e-01	-3.349743639843454912e-01	0.000000000000000000e+00
6.422674103979062465e-01	-3.413823932790012727e-01	0.000000000000000000e+00
6.422674103979062465e-01	-3.413823932790012727e-01	0.000000000000000000e+00
6.422674103979062465e-01	-3.413823932790012727e-01	0.000000000000000000e+00
6.422674103979062465e-01	-3.413823932790012727e-01	0.000000000000000000e+00
8.249290351979592373e-01	-3.708450719138515761e-01	0.000000000000000000e+00
8.249290351979592373e-01	-3.708450719138515761e-01	0.000000000000000000e+00
8.249290351979592373e-01	-3.708450719138515761e-01	0.000000000000000000e+00
8.249290351979592373e-01	-3.827636601270227312e-01	0.000000000000000000e+00
8.280055981435290313e-01	-4.126565328843148639e-01	0.000000000000000000e+00
8.280055981435290313e-01	-4.126565328843148639e-01	0.000000000000000000e+00
8.280055981435290313e-01	-4.126565328843148639e-01	0.000000000000000000e+00
8.298456123239721371e-01	-4.336151257000461223e-01	0.000000000000000000e+00
8.298456123239721371e-01	-4.347612569734202737e-01	0.000000000000000000e+00
8.309784983183696738e-01	-4.594924661571707647e-01	0.000000000000000000e+00
8.309784983183696738e-01	-4.594924661571707647e-01	0.000000000000000000e+00
8.328185124988127797e-01	-4.862146764047169945e-01	0.000000000000000000e+00
8.328185124988127797e-01	-4.862146764047169945e-01	0.000000000000000000e+00
8.357914126736533111e-01	-5.226550285984490340e-01	0.000000000000000000e+00
8.357914126736533111e-01	-5.226550285984490340e-01	0.000000000000000000e+00
8.357914126736533111e-01	-5.226550285984490340e-01	0.000000000000000000e+00
8.357914126736533111e-01	-5.226550285984490340e-01	0.000000000000000000e+00
8.381238250150599978e-01	-5.322252538236809105e-01	0.000000000000000000e+00
8.367243776102160080e-01	-5.404763275406423428e-01	0.000000000000000000e+00
8.392122841077163109e-01	-5.584858208730705265e-01	0.000000000000000000e+00
8.379683308589660484e-01	-5.650117395313101198e-01	0.000000000000000000e+00
8.392900311857631745e-01	-5.731780548977393197e-01	0.000000000000000000e+00
8.404562373564663513e-01	-5.847804419052387015e-01	0.000000000000000000e+00
8.404562373564663513e-01	-5.856184526314029970e-01	0.000000000000000000e+00
8.417001906052165028e-01	-5.939708620775084880e-01	0.000000000000000000e+00
