0.000000000000000000e+00	2.073475478071372446e+00	0.000000000000000000e+00
8.311504080693719876e-03	1.919530698961953163e+00	0.000000000000000000e+00
8.311504080693719876e-03	1.919530698961953163e+00	0.000000000000000000e+00
5.073694976481126634e-02	1.661772058950455877e+00	0.000000000000000000e+00
5.073694976481126634e-02	1.661772058950455877e+00	0.000000000000000000e+00
8.106767034493828072e-02	1.615863887792672315e+00	0.000000000000000000e+00
9.316239544892880586e-02	1.524034734022884585e+00	0.000000000000000000e+00
9.316239544892880586e-02	1.524034734022884585e+00	0.000000000000000000e+00
9.316239544892880586e-02	1.524034734022884585e+00	0.000000000000000000e+00
9.316239544892880586e-02	1.524034734022884585e+00	0.000000000000000000e+00
9.316239544892880586e-02	1.524034734022884585e+00	0.000000000000000000e+00
9.316239544892880586e-02	1.524034734022884585e+00	0.000000000000000000e+00
2.067104746866768039e-01	1.392461301810422380e+00	0.000000000000000000e+00
2.067104746866768039e-01	1.392461301810422380e+00	0.000000000000000000e+00
2.229650992336746074e-01	1.269536420608512461e+00	0.000000000000000000e+00
2.229650992336746074e-01	1.269536420608512461e+00	0.000000000000000000e+00
2.392197237806724108e-01	1.187918012654288979e+00	0.000000000000000000e+00
2.554743483276701865e-01	1.081711794605406451e+00	0.000000000000000000e+00
2.554743483276701865e-01	1.081711794605406451e+00	0.000000000000000000e+00
2.554743483276701865e-01	1.081711794605406451e+00	0.000000000000000000e+00
2.554743483276701865e-01	1.081711794605406451e+00	0.000000000000000000e+00
2.554743483276701865e-01	1.081711794605406451e+00	0.000000000000000000e+00
2.554743483276701865e-01	1.081711794605406451e+00	0.000000000000000000e+00
2.554743483276701865e-01	1.081711794605406451e+00	0.000000000000000000e+00
2.554743483276701865e-01	1.102735298402375497e+00	0.000000000000000000e+00
2.554743483276701865e-01	1.102735298402375497e+00	0.000000000000000000e+00
4.115530750517857328e-01	1.042779842977153759e+00	0.000000000000000000e+00
4.115530750517857328e-01	1.042779842977153759e+00	0.000000000000000000e+00
4.189322096132371831e-01	9.596808983696559769e-01	0.000000000000000000e+00
4.189322096132371831e-01	9.596808983696559769e-01	0.000000000000000000e+00
4.336904787361400837e-01	8.755523989009005303e-01	0.000000000000000000e+00
4.336904787361400837e-01	8.755523989009005303e-01	0.000000000000000000e+00
4.336904787361400837e-01	8.451856216823480095e-01	0.000000000000000000e+00
4.336904787361400837e-01	8.041708223580321668e-01	0.000000000000000000e+00
4.392330031989288841e-01	6.133969111287057574e-01	0.000000000000000000e+00
4.392330031989288841e-01	6.133969111287057574e-01	0.000000000000000000e+00
4.392330031989288841e-01	6.133969111287057574e-01	0.000000000000000000e+00
4.392330031989288841e-01	6.133969111287057574e-01	0.000000000000000000e+00
4.392330031989288841e-01	6.133969111287057574e-01	0.000000000000000000e+00
4.392330031989288841e-01	5.743653140422697589e-01	0.000000000000000000e+00
4.392330031989288841e-01	5.743653140422697589e-01	0.000000000000000000e+00
4.392330031989288841e-01	4.666715872658509512e-01	0.000000000000000000e+00
4.392330031989288841e-01	4.666715872658509512e-01	0.000000000000000000e+00
4.392330031989288841e-01	4.666715872658509512e-01	0.000000000000000000e+00
4.392330031989288841e-01	4.666715872658509512e-01	0.000000000000000000e+00
4.392330031989288841e-01	4.666715872658509512e-01	0.000000000000000000e+00
4.392330031989288841e-01	4.666715872658509512e-01	0.000000000000000000e+00
4.392330031989288841e-01	4.666715872658509512e-01	0.000000000000000000e+00
4.392330031989288841e-01	4.666715872658509512e-01	0.000000000000000000e+00
4.392330031989288841e-01	4.669188970338747913e-01	0.000000000000000000e+00
4.392330031989288841e-01	4.669188970338747913e-01	0.000000000000000000e+00
4.392330031989288841e-01	4.669188970338747913e-01	0.000000000000000000e+00
4.392330031989288841e-01	4.742393317650214213e-01	0.000000000000000000e+00
4.392330031989288841e-01	4.742393317650214213e-01	0.000000000000000000e+00
6.400985403562093889e-01	3.324667465247257425e-01	0.000000000000000000e+00
6.400985403562093889e-01	3.324667465247257425e-01	0.000000000000000000e+00
6.400985403562093889e-01	3.324667465247257425e-01	0.000000000000000000e+00
6.400985403562093889e-01	3.324667465247257425e-01	0.000000000000000000e+00
6.400985403562093889e-01	3.254516534133705119e-01	0.000000000000000000e+00
6.400985403562093889e-01	3.254516534133705119e-01	0.000000000000000000e+00
6.400985403562093889e-01	3.254516534133705119e-01	0.000000000000000000e+00
6.400985403562093889e-01	3.254516534133705119e-01	0.000000000000000000e+00
6.416096658427423716e-01	2.660551033704763868e-01	0.000000000000000000e+00
6.416096658427423716e-01	2.660551033704763868e-01	0.000000000000000000e+00
6.416096658427423716e-01	2.660551033704763868e-01	0.000000000000000000e+00
6.416096658427423716e-01	2.660551033704763868e-01	0.000000000000000000e+00
6.416096658427423716e-01	2.314953015272004644e-01	0.000000000000000000e+00
6.416096658427423716e-01	2.314953015272004644e-01	0.000000000000000000e+00
6.431207913292754652e-01	2.168464455943251434e-01	0.000000000000000000e+00
6.431207913292754652e-01	2.168464455943251434e-01	0.000000000000000000e+00
6.431207913292754652e-01	2.168464455943251434e-01	0.000000000000000000e+00
6.431207913292754652e-01	2.168464455943251434e-01	0.000000000000000000e+00
6.453874795590750502e-01	2.194724386625210300e-01	0.000000000000000000e+00
6.453874795590750502e-01	2.194724386625210300e-01	0.000000000000000000e+00
6.453874795590750502e-01	2.194724386625210300e-01	0.000000000000000000e+00
6.453874795590750502e-01	2.194724386625210300e-01	0.000000000000000000e+00
8.467115333611658912e-01	-3.859498161685931406e-03	0.000000000000000000e+00
8.467115333611658912e-01	-3.859498161685931406e-03	0.000000000000000000e+00
8.467115333611658912e-01	-3.859498161685931406e-03	0.000000000000000000e+00
8.467115333611658912e-01	-3.859498161685931406e-03	0.000000000000000000e+00
8.467115333611658912e-01	-3.859498161685931406e-03	0.000000000000000000e+00
8.426888762736877148e-01	2.646423128646712211e-02	0.000000000000000000e+00
8.426888762736877148e-01	2.646423128646712211e-02	0.000000000000000000e+00
8.426888762736877148e-01	1.262624317010872365e-03	0.000000000000000000e+00
8.426888762736877148e-01	1.262624317010872365e-03	0.000000000000000000e+00
8.426888762736877148e-01	1.262624317010872365e-03	0.000000000000000000e+00
8.426888762736877148e-01	1.262624317010872365e-03	0.000000000000000000e+00
8.426888762736877148e-01	1.262624317010872365e-03	0.000000000000000000e+00
8.426888762736877148e-01	-3.626809175175824303e-03	0.000000000000000000e+00
8.426888762736877148e-01	-3.626809175175824303e-03	0.000000000000000000e+00
8.426888762736877148e-01	-3.626809175175824303e-03	0.000000000000000000e+00
8.426888762736877148e-01	-3.626809175175824303e-03	0.000000000000000000e+00
8.426888762736877148e-01	-3.626809175175824303e-03	0.000000000000000000e+00
8.426888762736877148e-01	-3.626809175175824303e-03	0.000000000000000000e+00
8.426888762736877148e-01	-3.626809175175824303e-03	0.000000000000000000e+00
8.426888762736877148e-01	-3.626809175175824303e-03	0.000000000000000000e+00
8.426888762736877148e-01	-3.626809175175824303e-03	0.000000000000000000e+00
8.426888762736877148e-01	-3.626809175175824303e-03	0.000000000000000000e+00
8.502851376511518788e-01	-1.147450901533998225e-03	0.000000000000000000e+00
8.502851376511518788e-01	-1.147450901533998225e-03	0.000000000000000000e+00
