0.000000000000000000e+00	1.223448565892214734e+00	0.000000000000000000e+00
1.288424214267113940e-02	1.071432461559690408e+00	0.000000000000000000e+00
3.226934864210161125e-02	9.767127252213788635e-01	0.000000000000000000e+00
4.012307585459398696e-02	9.495779244646123107e-01	0.000000000000000000e+00
5.950818235402445533e-02	8.671626130494781703e-01	0.000000000000000000e+00
7.312759920998587737e-02	8.534794031093121403e-01	0.000000000000000000e+00
7.889328885345492370e-02	8.309959848271222249e-01	0.000000000000000000e+00
7.889328885345492370e-02	8.309959848271222249e-01	0.000000000000000000e+00
7.889328885345492370e-02	8.309959848271222249e-01	0.000000000000000000e+00
7.889328885345492370e-02	8.309959848271222249e-01	0.000000000000000000e+00
7.889328885345492370e-02	8.309959848271222249e-01	0.000000000000000000e+00
7.889328885345492370e-02	8.309959848271222249e-01	0.000000000000000000e+00
7.889328885345492370e-02	8.309959848271222249e-01	0.000000000000000000e+00
7.889328885345492370e-02	8.309959848271222249e-01	0.000000000000000000e+00
2.119334904856005064e-01	6.424488100482028674e-01	0.000000000000000000e+00
2.119334904856005064e-01	6.424488100482028674e-01	0.000000000000000000e+00
2.119334904856005064e-01	6.040411372207824536e-01	0.000000000000000000e+00
2.213396038071866190e-01	5.458678441479797305e-01	0.000000000000000000e+00
2.249472380891414103e-01	5.109169376427228348e-01	0.000000000000000000e+00
2.437594647323136632e-01	4.155654399784834974e-01	0.000000000000000000e+00
2.437594647323136632e-01	4.155654399784834974e-01	0.000000000000000000e+00
2.437594647323136632e-01	3.968876130111410605e-01	0.000000000000000000e+00
2.580358931406621648e-01	3.645958360773531859e-01	0.000000000000000000e+00
2.580358931406621648e-01	3.634365913291310313e-01	0.000000000000000000e+00
2.580358931406621648e-01	3.634365913291310313e-01	0.000000000000000000e+00
2.580358931406621648e-01	3.634365913291310313e-01	0.000000000000000000e+00
2.580358931406621648e-01	3.634365913291310313e-01	0.000000000000000000e+00
2.580358931406621648e-01	3.634365913291310313e-01	0.000000000000000000e+00
2.580358931406621648e-01	3.634365913291310313e-01	0.000000000000000000e+00
2.580358931406621648e-01	3.634365913291310313e-01	0.000000000000000000e+00
2.580358931406621648e-01	3.634365913291310313e-01	0.000000000000000000e+00
2.580358931406621648e-01	3.663055764278169701e-01	0.000000000000000000e+00
4.165750232806340048e-01	2.837246507154095321e-01	0.000000000000000000e+00
4.165750232806340048e-01	2.837246507154095321e-01	0.000000000000000000e+00
4.246800488518742145e-01	2.289621643912709836e-01	0.000000000000000000e+00
4.246800488518742145e-01	2.289621643912709836e-01	0.000000000000000000e+00
4.327850744231144242e-01	2.057528998776791129e-01	0.000000000000000000e+00
4.327850744231144242e-01	1.874692512311525172e-01	0.000000000000000000e+00
4.348405357026124962e-01	1.525271545655972338e-01	0.000000000000000000e+00
4.368959969821105127e-01	1.362912307614685126e-01	0.000000000000000000e+00
4.390405113991027175e-01	7.685229078491580268e-02	0.000000000000000000e+00
4.390405113991027175e-01	7.685229078491580268e-02	0.000000000000000000e+00
4.495849772090751983e-01	5.186754748513403707e-02	0.000000000000000000e+00
4.495849772090751983e-01	5.186754748513403707e-02	0.000000000000000000e+00
4.552170422226045066e-01	2.367857235146322500e-02	0.000000000000000000e+00
4.580330747293691607e-01	8.618606383193080575e-03	0.000000000000000000e+00
4.580330747293691607e-01	8.618606383193080575e-03	0.000000000000000000e+00
4.580330747293691607e-01	8.618606383193080575e-03	0.000000000000000000e+00
4.580330747293691607e-01	8.618606383193080575e-03	0.000000000000000000e+00
4.580330747293691607e-01	8.618606383193080575e-03	0.000000000000000000e+00
4.552170422226045066e-01	1.978956484924263362e-02	0.000000000000000000e+00
4.552170422226045066e-01	1.978956484924263362e-02	0.000000000000000000e+00
4.552170422226045066e-01	1.978956484924263362e-02	0.000000000000000000e+00
6.218406703686789605e-01	-1.017483496697985969e-02	0.000000000000000000e+00
6.218406703686789605e-01	-2.818033922505825198e-02	0.000000000000000000e+00
6.242765449440907943e-01	-6.635848538639727012e-02	0.000000000000000000e+00
6.242765449440907943e-01	-6.635848538639727012e-02	0.000000000000000000e+00
6.297572627387673094e-01	-1.118817436414498989e-01	0.000000000000000000e+00
6.297572627387673094e-01	-1.118817436414498989e-01	0.000000000000000000e+00
6.297572627387673094e-01	-1.118817436414498989e-01	0.000000000000000000e+00
6.328021059580319907e-01	-1.298984840225809179e-01	0.000000000000000000e+00
6.376738551088556584e-01	-1.932010006178779826e-01	0.000000000000000000e+00
6.376738551088556584e-01	-1.932010006178779826e-01	0.000000000000000000e+00
6.376738551088556584e-01	-1.932010006178779826e-01	0.000000000000000000e+00
6.376738551088556584e-01	-2.026407779843903967e-01	0.000000000000000000e+00
6.400628543986306429e-01	-2.248194396108584292e-01	0.000000000000000000e+00
6.400628543986306429e-01	-2.248194396108584292e-01	0.000000000000000000e+00
6.400628543986306429e-01	-2.248194396108584292e-01	0.000000000000000000e+00
6.400628543986306429e-01	-2.248194396108584292e-01	0.000000000000000000e+00
6.400628543986306429e-01	-2.248194396108584292e-01	0.000000000000000000e+00
6.400628543986306429e-01	-2.248194396108584292e-01	0.000000000000000000e+00
6.400628543986306429e-01	-2.248194396108584292e-01	0.000000000000000000e+00
8.321632156981317863e-01	-3.907513446982314731e-01	0.000000000000000000e+00
8.321632156981317863e-01	-3.907513446982314731e-01	0.000000000000000000e+00
8.321632156981317863e-01	-3.907513446982314731e-01	0.000000000000000000e+00
8.321632156981317863e-01	-3.907513446982314731e-01	0.000000000000000000e+00
8.321632156981317863e-01	-3.907513446982314731e-01	0.000000000000000000e+00
8.321632156981317863e-01	-3.907513446982314731e-01	0.000000000000000000e+00
8.321632156981317863e-01	-3.907513446982314731e-01	0.000000000000000000e+00
8.321632156981317863e-01	-3.907513446982314731e-01	0.000000000000000000e+00
8.321632156981317863e-01	-3.686009121711939507e-01	0.000000000000000000e+00
8.321632156981317863e-01	-3.686009121711939507e-01	0.000000000000000000e+00
8.321632156981317863e-01	-3.686009121711939507e-01	0.000000000000000000e+00
8.362386434845133776e-01	-4.012755394971746492e-01	0.000000000000000000e+00
8.362386434845133776e-01	-4.012755394971746492e-01	0.000000000000000000e+00
8.363334208748943732e-01	-4.092382232332859027e-01	0.000000000000000000e+00
8.367125304364182448e-01	-4.259210367397339714e-01	0.000000000000000000e+00
8.367125304364182448e-01	-4.259210367397339714e-01	0.000000000000000000e+00
8.369020852171802360e-01	-4.815248113376831007e-01	0.000000000000000000e+00
8.369020852171802360e-01	-4.815248113376831007e-01	0.000000000000000000e+00
8.369020852171802360e-01	-4.815248113376831007e-01	0.000000000000000000e+00
8.369020852171802360e-01	-4.815248113376831007e-01	0.000000000000000000e+00
8.369020852171802360e-01	-4.815248113376831007e-01	0.000000000000000000e+00
8.373759721690852142e-01	-4.972609763947427597e-01	0.000000000000000000e+00
8.397454069286091061e-01	-5.439862122204991435e-01	0.000000000000000000e+00
8.397454069286091061e-01	-5.439862122204991435e-01	0.000000000000000000e+00
8.397454069286091061e-01	-5.439862122204991435e-01	0.000000000000000000e+00
8.397454069286091061e-01	-5.439862122204991435e-01	0.000000000000000000e+00
8.397454069286091061e-01	-5.439862122204991435e-01	0.000000000000000000e+00
8.397454069286091061e-01	-5.439862122204991435e-01	0.000000000000000000e+00
