0.000000000000000000e+00	1.728817617769422110e+00	0.000000000000000000e+00
1.296137309322464154e-02	1.616374378030703607e+00	0.000000000000000000e+00
3.837070317048799084e-02	1.472343951113101346e+00	0.000000000000000000e+00
4.627903031280866664e-02	1.291188399380465812e+00	0.000000000000000000e+00
4.627903031280866664e-02	1.291188399380465812e+00	0.000000000000000000e+00
7.000401173977069402e-02	1.246223706490396044e+00	0.000000000000000000e+00
7.000401173977069402e-02	1.246223706490396044e+00	0.000000000000000000e+00
7.000401173977069402e-02	1.246223706490396044e+00	0.000000000000000000e+00
1.283847553487131032e-01	1.244911024357314933e+00	0.000000000000000000e+00
1.283847553487131032e-01	1.244911024357314933e+00	0.000000000000000000e+00
1.283847553487131032e-01	1.244911024357314933e+00	0.000000000000000000e+00
1.867654989576555125e-01	1.100041582777134819e+00	0.000000000000000000e+00
1.946012121585603549e-01	1.032369079795324662e+00	0.000000000000000000e+00
1.946012121585603549e-01	1.032369079795324662e+00	0.000000000000000000e+00
2.094839872118074986e-01	8.746703657244871977e-01	0.000000000000000000e+00
2.094839872118074986e-01	8.746703657244871977e-01	0.000000000000000000e+00
2.243667622650546700e-01	7.068902290692690160e-01	0.000000000000000000e+00
2.243667622650546700e-01	7.068902290692690160e-01	0.000000000000000000e+00
2.243667622650546700e-01	7.068902290692690160e-01	0.000000000000000000e+00
2.243667622650546700e-01	7.068902290692690160e-01	0.000000000000000000e+00
2.243667622650546700e-01	7.068902290692690160e-01	0.000000000000000000e+00
2.669866312358550875e-01	5.688954928370177910e-01	0.000000000000000000e+00
2.669866312358550875e-01	5.688954928370177910e-01	0.000000000000000000e+00
2.669866312358550875e-01	5.688954928370177910e-01	0.000000000000000000e+00
2.669866312358550875e-01	5.688954928370177910e-01	0.000000000000000000e+00
2.669866312358550875e-01	6.384008131452670876e-01	0.000000000000000000e+00
2.669866312358550875e-01	6.503145119382373052e-01	0.000000000000000000e+00
2.669866312358550875e-01	6.506340233312415400e-01	0.000000000000000000e+00
2.669866312358550875e-01	6.506340233312415400e-01	0.000000000000000000e+00
2.669866312358550875e-01	6.506340233312415400e-01	0.000000000000000000e+00
4.126910232550483615e-01	5.802247394087148846e-01	0.000000000000000000e+00
4.126910232550483615e-01	5.802247394087148846e-01	0.000000000000000000e+00
4.183895289492727265e-01	5.300609613289936073e-01	0.000000000000000000e+00
4.203545309127982854e-01	4.901804242735720019e-01	0.000000000000000000e+00
4.216080267569989881e-01	4.735799717611525739e-01	0.000000000000000000e+00
4.241862847416733029e-01	4.284470219643202182e-01	0.000000000000000000e+00
4.273912906484479413e-01	3.959737756864493696e-01	0.000000000000000000e+00
4.290050368526283631e-01	3.679985412496682984e-01	0.000000000000000000e+00
4.296199571536991613e-01	3.458308296436303775e-01	0.000000000000000000e+00
4.322088740189299894e-01	3.003108514714322719e-01	0.000000000000000000e+00
4.322088740189299894e-01	3.003108514714322719e-01	0.000000000000000000e+00
4.322088740189299894e-01	2.486145465802733767e-01	0.000000000000000000e+00
4.322088740189299894e-01	2.486145465802733767e-01	0.000000000000000000e+00
4.407131348161971163e-01	1.832077520928492853e-01	0.000000000000000000e+00
4.407131348161971163e-01	1.832077520928492853e-01	0.000000000000000000e+00
4.407131348161971163e-01	1.832077520928492853e-01	0.000000000000000000e+00
4.407131348161971163e-01	1.832077520928492853e-01	0.000000000000000000e+00
4.492173956134641877e-01	1.220952680826418446e-01	0.000000000000000000e+00
4.492173956134641877e-01	1.220952680826418446e-01	0.000000000000000000e+00
4.492173956134641877e-01	1.220952680826418446e-01	0.000000000000000000e+00
4.492173956134641877e-01	1.070714186369660648e-01	0.000000000000000000e+00
4.492173956134641877e-01	1.070714186369660648e-01	0.000000000000000000e+00
4.492173956134641877e-01	1.070714186369660648e-01	0.000000000000000000e+00
4.492173956134641877e-01	1.070714186369660648e-01	0.000000000000000000e+00
4.492173956134641877e-01	1.070714186369660648e-01	0.000000000000000000e+00
4.492173956134641877e-01	1.070714186369660648e-01	0.000000000000000000e+00
4.492173956134641877e-01	1.070714186369660648e-01	0.000000000000000000e+00
4.492173956134641877e-01	1.070714186369660648e-01	0.000000000000000000e+00
6.364304987273865510e-01	-9.465003680803206476e-02	0.000000000000000000e+00
6.364304987273865510e-01	-9.465003680803206476e-02	0.000000000000000000e+00
6.364304987273865510e-01	-9.465003680803206476e-02	0.000000000000000000e+00
6.364304987273865510e-01	-9.465003680803206476e-02	0.000000000000000000e+00
6.364304987273865510e-01	-9.465003680803206476e-02	0.000000000000000000e+00
6.364304987273865510e-01	-9.465003680803206476e-02	0.000000000000000000e+00
6.364304987273865510e-01	-1.146363608347720220e-01	0.000000000000000000e+00
6.364304987273865510e-01	-1.146363608347720220e-01	0.000000000000000000e+00
6.364304987273865510e-01	-1.146363608347720220e-01	0.000000000000000000e+00
6.364304987273865510e-01	-1.146363608347720220e-01	0.000000000000000000e+00
6.364304987273865510e-01	-1.146363608347720220e-01	0.000000000000000000e+00
6.364304987273865510e-01	-1.146363608347720220e-01	0.000000000000000000e+00
6.364304987273865510e-01	-1.146363608347720220e-01	0.000000000000000000e+00
6.364304987273865510e-01	-1.146363608347720220e-01	0.000000000000000000e+00
6.364304987273865510e-01	-1.021483789359097644e-01	0.000000000000000000e+00
6.364304987273865510e-01	-1.247921662212691241e-01	0.000000000000000000e+00
6.364304987273865510e-01	-1.247921662212691241e-01	0.000000000000000000e+00
6.364304987273865510e-01	-1.025303201142242909e-01	0.000000000000000000e+00
6.364304987273865510e-01	-1.025303201142242909e-01	0.000000000000000000e+00
6.364304987273865510e-01	-1.021483789359097644e-01	0.000000000000000000e+00
8.266605774057385059e-01	-1.138859065577193241e-01	0.000000000000000000e+00
8.266605774057385059e-01	-1.397793729949695640e-01	0.000000000000000000e+00
8.266605774057385059e-01	-1.397793729949695640e-01	0.000000000000000000e+00
8.285180784936707621e-01	-1.520443101841686406e-01	0.000000000000000000e+00
8.303755795816031293e-01	-2.106368829621911853e-01	0.000000000000000000e+00
8.303755795816031293e-01	-1.913831218960469482e-01	0.000000000000000000e+00
8.303755795816031293e-01	-1.913831218960469482e-01	0.000000000000000000e+00
8.303755795816031293e-01	-2.106368829621911853e-01	0.000000000000000000e+00
8.303755795816031293e-01	-2.106368829621911853e-01	0.000000000000000000e+00
8.359480828454000090e-01	-2.847557235802093967e-01	0.000000000000000000e+00
8.359480828454000090e-01	-2.847557235802093967e-01	0.000000000000000000e+00
8.359480828454000090e-01	-2.847557235802093967e-01	0.000000000000000000e+00
8.359480828454000090e-01	-2.847557235802093967e-01	0.000000000000000000e+00
8.359480828454000090e-01	-2.636827870597597823e-01	0.000000000000000000e+00
8.359480828454000090e-01	-2.653851084679607064e-01	0.000000000000000000e+00
8.387343344772983933e-01	-2.988803076762299726e-01	0.000000000000000000e+00
8.387343344772983933e-01	-2.988803076762299726e-01	0.000000000000000000e+00
8.387343344772983933e-01	-2.988803076762299726e-01	0.000000000000000000e+00
8.415205861091967776e-01	-3.030504089048317029e-01	0.000000000000000000e+00
8.424493366531629057e-01	-3.212596713317243391e-01	0.000000000000000000e+00
8.424493366531629057e-01	-3.212596713317243391e-01	0.000000000000000000e+00
8.424493366531629057e-01	-3.289327974319409265e-01	0.000000000000000000e+00
