0.000000000000000000e+00	3.964193108847771541e+00	0.000000000000000000e+00
2.313434610798774382e-02	3.401351683442356499e+00	0.000000000000000000e+00
3.597032279680091593e-02	3.216592682168006423e+00	0.000000000000000000e+00
5.481900264509728671e-02	3.076665114090322728e+00	0.000000000000000000e+00
8.883253115723960258e-02	2.981240144273397785e+00	0.000000000000000000e+00
1.228460596693819323e-01	2.959696809793147754e+00	0.000000000000000000e+00
1.228460596693819323e-01	2.959696809793147754e+00	0.000000000000000000e+00
1.228460596693819323e-01	2.959696809793147754e+00	0.000000000000000000e+00
1.985434594414472453e-01	2.889962176253851656e+00	0.000000000000000000e+00
2.159447811695439645e-01	2.573345159373743307e+00	0.000000000000000000e+00
2.159447811695439645e-01	2.573345159373743307e+00	0.000000000000000000e+00
2.442826797810346839e-01	2.493901816303343733e+00	0.000000000000000000e+00
2.562894077144587390e-01	2.367738157185696579e+00	0.000000000000000000e+00
2.595556418500720719e-01	2.136006442936045246e+00	0.000000000000000000e+00
2.595556418500720719e-01	2.128389136346995336e+00	0.000000000000000000e+00
2.595556418500720719e-01	2.128389136346995336e+00	0.000000000000000000e+00
2.595556418500720719e-01	2.128389136346995336e+00	0.000000000000000000e+00
2.595556418500720719e-01	2.128389136346995336e+00	0.000000000000000000e+00
2.595556418500720719e-01	2.128389136346995336e+00	0.000000000000000000e+00
2.595556418500720719e-01	2.128389136346995336e+00	0.000000000000000000e+00
2.595556418500720719e-01	2.128389136346995336e+00	0.000000000000000000e+00
2.595556418500720719e-01	2.128389136346995336e+00	0.000000000000000000e+00
4.295830335190162219e-01	2.052631499046564834e+00	0.000000000000000000e+00
4.339380123665006472e-01	1.918749650637369353e+00	0.000000000000000000e+00
4.339380123665006472e-01	1.918749650637369353e+00	0.000000000000000000e+00
4.404704806377273130e-01	1.568694718053749160e+00	0.000000000000000000e+00
4.404704806377273130e-01	1.568694718053749160e+00	0.000000000000000000e+00
4.404704806377273130e-01	1.568694718053749160e+00	0.000000000000000000e+00
4.404704806377273130e-01	1.568694718053749160e+00	0.000000000000000000e+00
4.404704806377273130e-01	1.568694718053749160e+00	0.000000000000000000e+00
4.426479700614694979e-01	1.553956967776012554e+00	0.000000000000000000e+00
4.426479700614694979e-01	1.544982490372058814e+00	0.000000000000000000e+00
4.426479700614694979e-01	1.553956967776012554e+00	0.000000000000000000e+00
4.426479700614694979e-01	1.553956967776012554e+00	0.000000000000000000e+00
4.426479700614694979e-01	1.553956967776012554e+00	0.000000000000000000e+00
4.426479700614694979e-01	1.553956967776012554e+00	0.000000000000000000e+00
4.426479700614694979e-01	1.553956967776012554e+00	0.000000000000000000e+00
6.176209391862748088e-01	1.582483448716397234e+00	0.000000000000000000e+00
6.176220373917533646e-01	1.530120475875265562e+00	0.000000000000000000e+00
6.176227695287390684e-01	1.417787301602452477e+00	0.000000000000000000e+00
6.176227695287390684e-01	1.417787301602452477e+00	0.000000000000000000e+00
6.176227695287390684e-01	1.417787301602452477e+00	0.000000000000000000e+00
6.176227695287390684e-01	1.417787301602452477e+00	0.000000000000000000e+00
6.176227695287390684e-01	1.417787301602452477e+00	0.000000000000000000e+00
6.176227695287390684e-01	1.417787301602452477e+00	0.000000000000000000e+00
6.176227695287390684e-01	1.417787301602452477e+00	0.000000000000000000e+00
6.176227695287390684e-01	1.417787301602452477e+00	0.000000000000000000e+00
6.176227695287390684e-01	1.417787301602452477e+00	0.000000000000000000e+00
6.176227695287390684e-01	1.417787301602452477e+00	0.000000000000000000e+00
8.452605467443781162e-01	9.444345725948252168e-01	0.000000000000000000e+00
8.452605467443781162e-01	9.444345725948252168e-01	0.000000000000000000e+00
8.452605467443781162e-01	9.444345725948252168e-01	0.000000000000000000e+00
8.452605467443781162e-01	9.444345725948252168e-01	0.000000000000000000e+00
8.452605467443781162e-01	9.444345725948252168e-01	0.000000000000000000e+00
8.452605467443781162e-01	9.444345725948252168e-01	0.000000000000000000e+00
8.452604552272549032e-01	9.746075485652161419e-01	0.000000000000000000e+00
8.452604552272549032e-01	9.746075485652161419e-01	0.000000000000000000e+00
8.452561081639022866e-01	9.752039554949591960e-01	0.000000000000000000e+00
8.452561081639022866e-01	9.752039554949591960e-01	0.000000000000000000e+00
8.452561081639022866e-01	9.752039554949591960e-01	0.000000000000000000e+00
8.452561081639022866e-01	9.752039554949591960e-01	0.000000000000000000e+00
8.452561081639022866e-01	9.752039554949591960e-01	0.000000000000000000e+00
8.452519441347960960e-01	8.977522678170463122e-01	0.000000000000000000e+00
8.452519441347960960e-01	8.977522678170463122e-01	0.000000000000000000e+00
8.452519441347960960e-01	8.977522678170463122e-01	0.000000000000000000e+00
8.452519441347960960e-01	8.977522678170463122e-01	0.000000000000000000e+00
8.452519441347960960e-01	8.977522678170463122e-01	0.000000000000000000e+00
8.452519441347960960e-01	8.977522678170463122e-01	0.000000000000000000e+00
8.452519441347960960e-01	8.977522678170463122e-01	0.000000000000000000e+00
8.452519441347960960e-01	8.977522678170463122e-01	0.000000000000000000e+00
8.452519441347960960e-01	8.954912666537254706e-01	0.000000000000000000e+00
8.452769283094332398e-01	8.234304018923714885e-01	0.000000000000000000e+00
8.452769283094332398e-01	8.234304018923714885e-01	0.000000000000000000e+00
8.452769283094332398e-01	8.234304018923714885e-01	0.000000000000000000e+00
8.452769283094332398e-01	8.234304018923714885e-01	0.000000000000000000e+00
8.452769283094332398e-01	8.234304018923714885e-01	0.000000000000000000e+00
8.452769283094332398e-01	8.210532171412432412e-01	0.000000000000000000e+00
8.452769283094332398e-01	8.234304018923714885e-01	0.000000000000000000e+00
8.452769283094332398e-01	8.234304018923714885e-01	0.000000000000000000e+00
8.523816103852406290e-01	7.602408560031546081e-01	0.000000000000000000e+00
8.523816103852406290e-01	7.602408560031546081e-01	0.000000000000000000e+00
8.523816103852406290e-01	7.602408560031546081e-01	0.000000000000000000e+00
8.523816103852406290e-01	7.602408560031546081e-01	0.000000000000000000e+00
8.523816103852406290e-01	7.602408560031546081e-01	0.000000000000000000e+00
8.523816103852406290e-01	7.602408560031546081e-01	0.000000000000000000e+00
8.523816103852406290e-01	7.602408560031546081e-01	0.000000000000000000e+00
8.523816103852406290e-01	7.602408560031546081e-01	0.000000000000000000e+00
8.523816103852406290e-01	8.417012086633075540e-01	0.000000000000000000e+00
8.523816103852406290e-01	8.417012086633075540e-01	0.000000000000000000e+00
8.523816103852406290e-01	8.615020544415648018e-01	0.000000000000000000e+00
8.523816103852406290e-01	8.615020544415648018e-01	0.000000000000000000e+00
8.523816103852406290e-01	8.615020544415648018e-01	0.000000000000000000e+00
8.488264933279328073e-01	8.994387335862246147e-01	0.000000000000000000e+00
8.488264933279328073e-01	8.994387335862246147e-01	0.000000000000000000e+00
8.488264933279328073e-01	8.994387335862246147e-01	0.000000000000000000e+00
8.488264933279328073e-01	8.994387335862246147e-01	0.000000000000000000e+00
8.488264933279328073e-01	8.994387335862246147e-01	0.000000000000000000e+00
8.488264933279328073e-01	8.994387335862246147e-01	0.000000000000000000e+00
8.488264933279328073e-01	8.994387335862246147e-01	0.000000000000000000e+00
8.488264933279328073e-01	8.994387335862246147e-01	0.000000000000000000e+00
