7.309200352679638690e-02	4.152052789864081994e+00	0.000000000000000000e+00
1.988013383979558846e-02	4.501002405650489813e+00	0.000000000000000000e+00
1.988013383979558846e-02	4.501002405650489813e+00	0.000000000000000000e+00
7.309200352679638690e-02	4.152052789864081994e+00	0.000000000000000000e+00
7.309200352679638690e-02	4.152052789864081994e+00	0.000000000000000000e+00
7.309200352679638690e-02	4.152052789864081994e+00	0.000000000000000000e+00
7.309200352679638690e-02	4.152052789864081994e+00	0.000000000000000000e+00
7.309200352679638690e-02	4.152052789864081994e+00	0.000000000000000000e+00
1.703488517124777113e-01	4.161267811356034407e+00	0.000000000000000000e+00
1.703488517124777113e-01	4.161267811356034407e+00	0.000000000000000000e+00
1.703488517124777113e-01	4.161267811356034407e+00	0.000000000000000000e+00
2.584388087098387632e-01	3.584229545724592736e+00	0.000000000000000000e+00
2.584388087098387632e-01	3.584229545724592736e+00	0.000000000000000000e+00
2.584388087098387632e-01	3.584229545724592736e+00	0.000000000000000000e+00
2.584388087098387632e-01	3.555954161717383766e+00	0.000000000000000000e+00
2.584388087098387632e-01	3.555954161717383766e+00	0.000000000000000000e+00
2.584388087098387632e-01	3.557304977552936620e+00	0.000000000000000000e+00
2.584388087098387632e-01	3.584229545724592736e+00	0.000000000000000000e+00
2.584388087098387632e-01	3.587963246373647941e+00	0.000000000000000000e+00
4.328361892836091740e-01	3.583141453520521047e+00	0.000000000000000000e+00
4.328361892836091740e-01	3.583141453520521047e+00	0.000000000000000000e+00
4.513579277564383485e-01	2.964797450950926283e+00	0.000000000000000000e+00
4.513579277564383485e-01	2.964797450950926283e+00	0.000000000000000000e+00
4.513579277564383485e-01	2.964797450950926283e+00	0.000000000000000000e+00
4.513579277564383485e-01	2.964797450950926283e+00	0.000000000000000000e+00
4.513579277564383485e-01	2.964797450950926283e+00	0.000000000000000000e+00
4.513579277564383485e-01	2.964797450950926283e+00	0.000000000000000000e+00
4.513579277564383485e-01	2.968367475306575631e+00	0.000000000000000000e+00
4.513579277564383485e-01	2.968367475306575631e+00	0.000000000000000000e+00
4.513579277564383485e-01	2.968367475306575631e+00	0.000000000000000000e+00
4.513579277564383485e-01	2.968367475306575631e+00	0.000000000000000000e+00
4.513579277564383485e-01	2.968367475306575631e+00	0.000000000000000000e+00
6.176213052547676607e-01	2.787510819941256379e+00	0.000000000000000000e+00
6.176213052547676607e-01	2.787510819941256379e+00	0.000000000000000000e+00
6.176213052547676607e-01	2.787510819941256379e+00	0.000000000000000000e+00
6.176213052547676607e-01	2.787510819941256379e+00	0.000000000000000000e+00
6.176213052547676607e-01	2.787510819941256379e+00	0.000000000000000000e+00
6.176213052547676607e-01	2.787510819941256379e+00	0.000000000000000000e+00
2.666359236072325944e-01	3.061555813762372402e+00	0.000000000000000000e+00
2.666359236072325944e-01	3.061555813762372402e+00	0.000000000000000000e+00
2.475484007422558974e-01	2.700500042297448111e+00	0.000000000000000000e+00
2.475484007422558974e-01	2.700500042297448111e+00	0.000000000000000000e+00
2.475484007422558974e-01	2.700500042297448111e+00	0.000000000000000000e+00
2.475484007422558974e-01	2.700500042297448111e+00	0.000000000000000000e+00
2.475484007422558974e-01	2.700500042297448111e+00	0.000000000000000000e+00
2.475484007422558974e-01	2.700500042297448111e+00	0.000000000000000000e+00
2.475484007422558974e-01	2.700500042297448111e+00	0.000000000000000000e+00
2.475484007422558974e-01	2.700500042297448111e+00	0.000000000000000000e+00
2.666359236072325944e-01	2.806016318474542359e+00	0.000000000000000000e+00
2.666359236072325944e-01	2.806016318474542359e+00	0.000000000000000000e+00
8.456712206830898637e-01	2.386825122067160798e+00	0.000000000000000000e+00
8.456712206830898637e-01	2.386825122067160798e+00	0.000000000000000000e+00
8.456712206830898637e-01	2.386825122067160798e+00	0.000000000000000000e+00
8.456712206830898637e-01	2.386825122067160798e+00	0.000000000000000000e+00
8.456712206830898637e-01	2.533199501059140601e+00	0.000000000000000000e+00
8.456712206830898637e-01	2.386825122067160798e+00	0.000000000000000000e+00
8.456712206830898637e-01	2.386825122067160798e+00	0.000000000000000000e+00
8.456712206830898637e-01	2.386825122067160798e+00	0.000000000000000000e+00
8.456712206830898637e-01	2.502090975006516338e+00	0.000000000000000000e+00
8.456712206830898637e-01	2.482426136962380347e+00	0.000000000000000000e+00
8.456712206830898637e-01	2.482426136962380347e+00	0.000000000000000000e+00
8.456712206830898637e-01	2.482426136962380347e+00	0.000000000000000000e+00
8.456712206830898637e-01	2.482426136962380347e+00	0.000000000000000000e+00
8.456712206830898637e-01	2.482426136962380347e+00	0.000000000000000000e+00
8.456712206830898637e-01	2.482426136962380347e+00	0.000000000000000000e+00
8.456712206830898637e-01	2.482426136962380347e+00	0.000000000000000000e+00
8.456712206830898637e-01	2.482426136962380347e+00	0.000000000000000000e+00
1.000000000000000000e+00	2.540279248025704817e+00	0.000000000000000000e+00
1.000000000000000000e+00	2.540279248025704817e+00	0.000000000000000000e+00
1.000000000000000000e+00	2.540279248025704817e+00	0.000000000000000000e+00
1.000000000000000000e+00	2.540279248025704817e+00	0.000000000000000000e+00
8.173822703971256320e-01	2.458248972124594811e+00	0.000000000000000000e+00
1.000000000000000000e+00	2.540279248025704817e+00	0.000000000000000000e+00
1.000000000000000000e+00	2.540279248025704817e+00	0.000000000000000000e+00
8.307981840887579406e-01	2.136447378554356291e+00	0.000000000000000000e+00
8.307981840887579406e-01	2.136447378554356291e+00	0.000000000000000000e+00
8.307981840887579406e-01	2.136447378554356291e+00	0.000000000000000000e+00
8.307981840887579406e-01	2.136447378554356291e+00	0.000000000000000000e+00
8.307981840887579406e-01	2.136447378554356291e+00	0.000000000000000000e+00
8.518506348236800640e-01	1.854738375312119381e+00	0.000000000000000000e+00
8.518506348236800640e-01	1.854738375312119381e+00	0.000000000000000000e+00
8.518506348236800640e-01	1.854738375312119381e+00	0.000000000000000000e+00
8.518506348236800640e-01	1.854738375312119381e+00	0.000000000000000000e+00
8.459626551359196167e-01	1.901265651825880587e+00	0.000000000000000000e+00
8.459626551359196167e-01	1.901265651825880587e+00	0.000000000000000000e+00
8.459626551359196167e-01	1.901265651825880587e+00	0.000000000000000000e+00
8.459626551359196167e-01	1.901265651825880587e+00	0.000000000000000000e+00
8.459626551359196167e-01	1.901265651825880587e+00	0.000000000000000000e+00
8.459626551359196167e-01	1.901265651825880587e+00	0.000000000000000000e+00
8.459626551359196167e-01	1.901265651825880587e+00	0.000000000000000000e+00
8.459626551359196167e-01	1.901265651825880587e+00	0.000000000000000000e+00
8.409078314535324283e-01	2.099994936133694257e+00	0.000000000000000000e+00
8.593733283008569979e-01	2.040409082218759718e+00	0.000000000000000000e+00
6.627701487994948071e-01	2.290135847044470818e+00	0.000000000000000000e+00
6.627701487994948071e-01	2.290135847044470818e+00	0.000000000000000000e+00
6.627701487994948071e-01	2.290135847044470818e+00	0.000000000000000000e+00
6.627701487994948071e-01	2.290135847044470818e+00	0.000000000000000000e+00
6.627701487994948071e-01	2.290135847044470818e+00	0.000000000000000000e+00
6.627701487994948071e-01	2.297652924279222741e+00	0.000000000000000000e+00
6.627701487994948071e-01	2.297652924279222741e+00	0.000000000000000000e+00
