0.000000000000000000e+00	1.406313860311670494e+00	0.000000000000000000e+00
7.279868553285551158e-03	1.139334652708430262e+00	0.000000000000000000e+00
2.038363194919953769e-02	1.109176647904243307e+00	0.000000000000000000e+00
4.531050988207652175e-02	9.820183820528990415e-01	0.000000000000000000e+00
5.456804511839749572e-02	8.882008417242627241e-01	0.000000000000000000e+00
6.542519628871421022e-02	8.492399298613080294e-01	0.000000000000000000e+00
7.628234745903092473e-02	7.786522779919256010e-01	0.000000000000000000e+00
7.628234745903092473e-02	7.643991798007155891e-01	0.000000000000000000e+00
7.628234745903092473e-02	7.643991798007155891e-01	0.000000000000000000e+00
7.628234745903092473e-02	7.643991798007155891e-01	0.000000000000000000e+00
7.628234745903092473e-02	7.643991798007155891e-01	0.000000000000000000e+00
7.628234745903092473e-02	7.643991798007155891e-01	0.000000000000000000e+00
7.628234745903092473e-02	7.643991798007155891e-01	0.000000000000000000e+00
1.946012121585603549e-01	7.096916947130600395e-01	0.000000000000000000e+00
2.064787589858487482e-01	6.465748867576004422e-01	0.000000000000000000e+00
2.113981029324613070e-01	6.108623765549656692e-01	0.000000000000000000e+00
2.171960536572656031e-01	5.419193643217695699e-01	0.000000000000000000e+00
2.239959744702497701e-01	4.967892259746524153e-01	0.000000000000000000e+00
2.299347478838939807e-01	4.593845077549174039e-01	0.000000000000000000e+00
2.355918759198583623e-01	4.239830246695741600e-01	0.000000000000000000e+00
2.400725405336506801e-01	3.878662243118028985e-01	0.000000000000000000e+00
2.484091144924316652e-01	3.759544961412542019e-01	0.000000000000000000e+00
2.609447076873251392e-01	3.472204883101425166e-01	0.000000000000000000e+00
2.609447076873251392e-01	3.472204883101425166e-01	0.000000000000000000e+00
2.609447076873251392e-01	3.472204883101425166e-01	0.000000000000000000e+00
2.609447076873251392e-01	3.472204883101425166e-01	0.000000000000000000e+00
2.609447076873251392e-01	3.476061716789930478e-01	0.000000000000000000e+00
2.609447076873251392e-01	3.479949253012238897e-01	0.000000000000000000e+00
2.609447076873251392e-01	3.479949253012238897e-01	0.000000000000000000e+00
2.609447076873251392e-01	3.479949253012238897e-01	0.000000000000000000e+00
2.609447076873251392e-01	3.479949253012238897e-01	0.000000000000000000e+00
4.129128708426648697e-01	3.181303163404026746e-01	0.000000000000000000e+00
4.166440054435660012e-01	2.514159162055256136e-01	0.000000000000000000e+00
4.166440054435660012e-01	2.514159162055256136e-01	0.000000000000000000e+00
4.251241724088546947e-01	1.401893706483842983e-01	0.000000000000000000e+00
4.223775321608205235e-01	1.844853153184745909e-01	0.000000000000000000e+00
4.251241724088546392e-01	1.549925150052653966e-01	0.000000000000000000e+00
4.251241724088546947e-01	1.401893706483842983e-01	0.000000000000000000e+00
4.312730728125137025e-01	8.311290976260150842e-02	0.000000000000000000e+00
4.312730728125137025e-01	8.311290976260150842e-02	0.000000000000000000e+00
4.367663533085819894e-01	3.581763491112741754e-02	0.000000000000000000e+00
4.367663533085819894e-01	3.581763491112741754e-02	0.000000000000000000e+00
4.383035784094967413e-01	1.977701973457722529e-02	0.000000000000000000e+00
4.418188312079882607e-01	-2.274892819484332016e-02	0.000000000000000000e+00
4.418188312079882607e-01	-2.274892819484332016e-02	0.000000000000000000e+00
4.447031818423579086e-01	-3.802007408654059506e-02	0.000000000000000000e+00
4.507324057263015216e-01	-7.873041559098047093e-02	0.000000000000000000e+00
4.507324057263015216e-01	-7.873041559098047093e-02	0.000000000000000000e+00
4.507324057263015216e-01	-7.873041559098047093e-02	0.000000000000000000e+00
4.507324057263015216e-01	-7.873041559098047093e-02	0.000000000000000000e+00
4.507324057263015216e-01	-7.873041559098047093e-02	0.000000000000000000e+00
4.507324057263015216e-01	-7.873041559098047093e-02	0.000000000000000000e+00
4.507324057263015216e-01	-7.873041559098047093e-02	0.000000000000000000e+00
4.507324057263015216e-01	-7.873041559098047093e-02	0.000000000000000000e+00
4.507324057263015216e-01	-7.117573586839757993e-02	0.000000000000000000e+00
4.507324057263015216e-01	-7.117573586839757993e-02	0.000000000000000000e+00
6.279364785495065160e-01	-1.800025005582100157e-01	0.000000000000000000e+00
6.279364785495065160e-01	-1.800025005582100157e-01	0.000000000000000000e+00
6.279364785495065160e-01	-1.800025005582100157e-01	0.000000000000000000e+00
6.279364785495065160e-01	-1.800025005582100157e-01	0.000000000000000000e+00
6.279364785495065160e-01	-1.800025005582100157e-01	0.000000000000000000e+00
6.279364785495065160e-01	-1.800025005582100157e-01	0.000000000000000000e+00
6.306426753407969876e-01	-2.104908690184190134e-01	0.000000000000000000e+00
6.315429471473742451e-01	-2.127789960498479849e-01	0.000000000000000000e+00
6.338879589417221183e-01	-2.266947804009211975e-01	0.000000000000000000e+00
6.346746943601282442e-01	-2.589536739778754426e-01	0.000000000000000000e+00
6.346746943601282442e-01	-2.589536739778754426e-01	0.000000000000000000e+00
6.357771369099548542e-01	-2.807057345293228479e-01	0.000000000000000000e+00
6.390068039816521051e-01	-3.137521819377857568e-01	0.000000000000000000e+00
6.390068039816521051e-01	-3.137521819377857568e-01	0.000000000000000000e+00
6.390068039816521051e-01	-3.137521819377857568e-01	0.000000000000000000e+00
6.414041522523317163e-01	-3.363819589144148026e-01	0.000000000000000000e+00
6.414041522523317163e-01	-3.363819589144148026e-01	0.000000000000000000e+00
6.452973107820410004e-01	-3.479356830491228680e-01	0.000000000000000000e+00
6.473131092575279411e-01	-3.568144038401324658e-01	0.000000000000000000e+00
6.487869719619667741e-01	-3.767260268200873230e-01	0.000000000000000000e+00
6.487869719619667741e-01	-3.767260268200873230e-01	0.000000000000000000e+00
6.502608346664057182e-01	-3.872268048898085957e-01	0.000000000000000000e+00
6.502608346664057182e-01	-3.926284271634959411e-01	0.000000000000000000e+00
6.502608346664057182e-01	-3.926284271634959411e-01	0.000000000000000000e+00
6.502608346664057182e-01	-3.926284271634959411e-01	0.000000000000000000e+00
6.502608346664057182e-01	-3.926284271634959411e-01	0.000000000000000000e+00
8.329272903878613965e-01	-4.892029040448095389e-01	0.000000000000000000e+00
8.329272903878613965e-01	-4.892029040448095389e-01	0.000000000000000000e+00
8.329272903878613965e-01	-4.892029040448095389e-01	0.000000000000000000e+00
8.329272903878613965e-01	-4.892029040448095389e-01	0.000000000000000000e+00
8.329272903878613965e-01	-4.892029040448095389e-01	0.000000000000000000e+00
8.329272903878613965e-01	-4.892029040448095389e-01	0.000000000000000000e+00
8.329272903878613965e-01	-4.892029040448095389e-01	0.000000000000000000e+00
8.329272903878613965e-01	-4.906210536795875266e-01	0.000000000000000000e+00
8.329272903878613965e-01	-4.906210536795875266e-01	0.000000000000000000e+00
8.349271176440000719e-01	-5.204812543669975478e-01	0.000000000000000000e+00
8.349271176440000719e-01	-5.204812543669975478e-01	0.000000000000000000e+00
8.349271176440000719e-01	-5.204812543669975478e-01	0.000000000000000000e+00
8.359095644131109282e-01	-5.296846197533339184e-01	0.000000000000000000e+00
8.373416054663911368e-01	-5.456016838317117035e-01	0.000000000000000000e+00
8.373416054663911368e-01	-5.533537700185944264e-01	0.000000000000000000e+00
8.393064990046129603e-01	-5.665884131387628475e-01	0.000000000000000000e+00
8.393064990046129603e-01	-5.665884131387628475e-01	0.000000000000000000e+00
8.410382695806728481e-01	-5.678790280883182495e-01	0.000000000000000000e+00
