0.000000000000000000e+00	4.283432033746455758e+00	0.000000000000000000e+00
2.740950132254864335e-02	3.946246313908114978e+00	0.000000000000000000e+00
5.481900264509728671e-02	3.721820346384372868e+00	0.000000000000000000e+00
5.481900264509728671e-02	3.704871151734192569e+00	0.000000000000000000e+00
5.481900264509728671e-02	3.704871151734192569e+00	0.000000000000000000e+00
5.481900264509728671e-02	3.704871151734192569e+00	0.000000000000000000e+00
5.481900264509728671e-02	3.704871151734192569e+00	0.000000000000000000e+00
5.481900264509728671e-02	3.704871151734192569e+00	0.000000000000000000e+00
5.481900264509728671e-02	3.704871151734192569e+00	0.000000000000000000e+00
2.584388087098387632e-01	3.259878305561081824e+00	0.000000000000000000e+00
2.584388087098387632e-01	3.259878305561081824e+00	0.000000000000000000e+00
2.584388087098387632e-01	3.136512651123627204e+00	0.000000000000000000e+00
2.584388087098387632e-01	3.136512651123627204e+00	0.000000000000000000e+00
2.584388087098387632e-01	3.100523949693447356e+00	0.000000000000000000e+00
2.584388087098387632e-01	3.100523949693447356e+00	0.000000000000000000e+00
2.584388087098387632e-01	3.100523949693447356e+00	0.000000000000000000e+00
2.584388087098387632e-01	3.100523949693447356e+00	0.000000000000000000e+00
2.584388087098387632e-01	3.100523949693447356e+00	0.000000000000000000e+00
2.584388087098387632e-01	3.113043331494940169e+00	0.000000000000000000e+00
4.165180969765629460e-01	2.649923521604476750e+00	0.000000000000000000e+00
4.165180969765629460e-01	2.649923521604476750e+00	0.000000000000000000e+00
4.165180969765629460e-01	2.649923521604476750e+00	0.000000000000000000e+00
4.165180969765629460e-01	2.649923521604476750e+00	0.000000000000000000e+00
4.165180969765629460e-01	2.646006076438599308e+00	0.000000000000000000e+00
4.165180969765629460e-01	2.649923521604476750e+00	0.000000000000000000e+00
4.513579277564383485e-01	2.161097313064649139e+00	0.000000000000000000e+00
4.513579277564383485e-01	2.161097313064649139e+00	0.000000000000000000e+00
4.513579277564383485e-01	2.161097313064649139e+00	0.000000000000000000e+00
4.513579277564383485e-01	2.161097313064649139e+00	0.000000000000000000e+00
4.513579277564383485e-01	2.282922374214054084e+00	0.000000000000000000e+00
4.513579277564383485e-01	2.296623872410208822e+00	0.000000000000000000e+00
4.513579277564383485e-01	2.161097313064649139e+00	0.000000000000000000e+00
4.513579277564383485e-01	2.119498102325232836e+00	0.000000000000000000e+00
4.513579277564383485e-01	2.119498102325232836e+00	0.000000000000000000e+00
4.513579277564383485e-01	2.119498102325232836e+00	0.000000000000000000e+00
4.513579277564383485e-01	2.119498102325232836e+00	0.000000000000000000e+00
4.513579277564383485e-01	2.119498102325232836e+00	0.000000000000000000e+00
4.513579277564383485e-01	2.119498102325232836e+00	0.000000000000000000e+00
4.513579277564383485e-01	2.119498102325232836e+00	0.000000000000000000e+00
4.513579277564383485e-01	2.119498102325232836e+00	0.000000000000000000e+00
4.513579277564383485e-01	2.119498102325232836e+00	0.000000000000000000e+00
4.513579277564383485e-01	2.119498102325232836e+00	0.000000000000000000e+00
4.513579277564383485e-01	2.129100118263572483e+00	0.000000000000000000e+00
6.176213052547676607e-01	1.954703081790353902e+00	0.000000000000000000e+00
6.176213052547676607e-01	1.954703081790353902e+00	0.000000000000000000e+00
6.176213052547676607e-01	1.954703081790353902e+00	0.000000000000000000e+00
6.176213052547676607e-01	1.954703081790353902e+00	0.000000000000000000e+00
6.176213052547676607e-01	1.954703081790353902e+00	0.000000000000000000e+00
6.176213052547676607e-01	1.954703081790353902e+00	0.000000000000000000e+00
6.176213052547676607e-01	1.954703081790353902e+00	0.000000000000000000e+00
6.176213052547676607e-01	1.954703081790353902e+00	0.000000000000000000e+00
6.176213052547676607e-01	1.990605482551787819e+00	0.000000000000000000e+00
8.456712206830898637e-01	1.110673289346491899e+00	0.000000000000000000e+00
8.456712206830898637e-01	1.110673289346491899e+00	0.000000000000000000e+00
8.456712206830898637e-01	1.110673289346491899e+00	0.000000000000000000e+00
8.456712206830898637e-01	1.110673289346491899e+00	0.000000000000000000e+00
8.456712206830898637e-01	1.110673289346491899e+00	0.000000000000000000e+00
8.456712206830898637e-01	1.377199543576122398e+00	0.000000000000000000e+00
8.456712206830898637e-01	1.377199543576122398e+00	0.000000000000000000e+00
8.456712206830898637e-01	1.377199543576122398e+00	0.000000000000000000e+00
8.456712206830898637e-01	1.377199543576122398e+00	0.000000000000000000e+00
8.456712206830898637e-01	1.377199543576122398e+00	0.000000000000000000e+00
8.456712206830898637e-01	1.377199543576122398e+00	0.000000000000000000e+00
8.456712206830898637e-01	1.377199543576122398e+00	0.000000000000000000e+00
8.456712206830898637e-01	1.377199543576122398e+00	0.000000000000000000e+00
8.456712206830898637e-01	1.485344739551138105e+00	0.000000000000000000e+00
8.456712206830898637e-01	1.485344739551138105e+00	0.000000000000000000e+00
8.456712206830898637e-01	1.379796847172036545e+00	0.000000000000000000e+00
8.456712206830898637e-01	1.379796847172036545e+00	0.000000000000000000e+00
8.456712206830898637e-01	1.432515785019372823e+00	0.000000000000000000e+00
8.456712206830898637e-01	1.432515785019372823e+00	0.000000000000000000e+00
8.456712206830898637e-01	1.432515785019372823e+00	0.000000000000000000e+00
8.456712206830898637e-01	1.379796847172036545e+00	0.000000000000000000e+00
8.456712206830898637e-01	1.379796847172036545e+00	0.000000000000000000e+00
8.456712206830898637e-01	1.379796847172036545e+00	0.000000000000000000e+00
8.456712206830898637e-01	1.358328073193159513e+00	0.000000000000000000e+00
8.456712206830898637e-01	1.358328073193159513e+00	0.000000000000000000e+00
8.456712206830898637e-01	1.358328073193159513e+00	0.000000000000000000e+00
8.456712206830898637e-01	1.358328073193159513e+00	0.000000000000000000e+00
8.458169379095047402e-01	1.350595088932468935e+00	0.000000000000000000e+00
8.458169379095047402e-01	1.407949246424436529e+00	0.000000000000000000e+00
8.458169379095047402e-01	1.407949246424436529e+00	0.000000000000000000e+00
8.458169379095047402e-01	1.407949246424436529e+00	0.000000000000000000e+00
8.458169379095047402e-01	1.407949246424436529e+00	0.000000000000000000e+00
8.458169379095047402e-01	1.407949246424436529e+00	0.000000000000000000e+00
8.478555483765914946e-01	1.430981026668431300e+00	0.000000000000000000e+00
8.478555483765914946e-01	1.430981026668431300e+00	0.000000000000000000e+00
8.457896159295519301e-01	1.518727870077615449e+00	0.000000000000000000e+00
8.453804885984009809e-01	1.457357655713723554e+00	0.000000000000000000e+00
8.453804885984009809e-01	1.457357655713723554e+00	0.000000000000000000e+00
8.453804885984009809e-01	1.457357655713723554e+00	0.000000000000000000e+00
8.453804885984009809e-01	1.457357655713723554e+00	0.000000000000000000e+00
8.453804885984009809e-01	1.457357655713723554e+00	0.000000000000000000e+00
8.453804885984009809e-01	1.457357655713723554e+00	0.000000000000000000e+00
8.453804885984009809e-01	1.457357655713723554e+00	0.000000000000000000e+00
8.453804885984009809e-01	1.457357655713723554e+00	0.000000000000000000e+00
8.456260352339055597e-01	1.468149482356519542e+00	0.000000000000000000e+00
8.456260352339055597e-01	1.468149482356519542e+00	0.000000000000000000e+00
8.448893953273917123e-01	1.593203607760302898e+00	0.000000000000000000e+00
8.448893953273917123e-01	1.593203607760302898e+00	0.000000000000000000e+00
