0.000000000000000000e+00	4.136304291096259078e+00	0.000000000000000000e+00
2.740950132254864335e-02	3.946246313908114978e+00	0.000000000000000000e+00
3.777592901647905399e-02	3.644492718818899135e+00	0.000000000000000000e+00
5.481900264509728671e-02	3.534579411559352291e+00	0.000000000000000000e+00
5.481900264509728671e-02	3.534579411559352291e+00	0.000000000000000000e+00
5.481900264509728671e-02	3.534579411559352291e+00	0.000000000000000000e+00
1.566289056774680111e-01	3.357601268808263928e+00	0.000000000000000000e+00
1.566289056774680111e-01	3.297697303333964935e+00	0.000000000000000000e+00
1.566289056774680111e-01	3.297697303333964935e+00	0.000000000000000000e+00
2.159447811695439645e-01	2.817855263877781624e+00	0.000000000000000000e+00
2.159447811695439645e-01	2.817855263877781624e+00	0.000000000000000000e+00
2.159447811695439645e-01	2.817855263877781624e+00	0.000000000000000000e+00
2.159447811695439645e-01	2.817855263877781624e+00	0.000000000000000000e+00
2.159447811695439645e-01	2.817855263877781624e+00	0.000000000000000000e+00
2.159447811695439645e-01	2.817855263877781624e+00	0.000000000000000000e+00
2.584388087098387632e-01	2.841500337249366570e+00	0.000000000000000000e+00
2.584388087098387632e-01	2.837556584131068593e+00	0.000000000000000000e+00
2.584388087098387632e-01	2.837556584131068593e+00	0.000000000000000000e+00
2.584388087098387632e-01	2.837556584131068593e+00	0.000000000000000000e+00
4.165180969765629460e-01	2.290328653433681527e+00	0.000000000000000000e+00
4.165180969765629460e-01	2.290328653433681527e+00	0.000000000000000000e+00
4.165180969765629460e-01	2.364921697349341656e+00	0.000000000000000000e+00
4.165180969765629460e-01	2.364921697349341656e+00	0.000000000000000000e+00
4.165180969765629460e-01	2.364921697349341656e+00	0.000000000000000000e+00
4.165180969765629460e-01	2.290328653433681527e+00	0.000000000000000000e+00
4.165180969765629460e-01	2.290328653433681527e+00	0.000000000000000000e+00
4.513579277564383485e-01	2.044436154470223865e+00	0.000000000000000000e+00
4.513579277564383485e-01	2.044436154470223865e+00	0.000000000000000000e+00
4.513579277564383485e-01	2.044436154470223865e+00	0.000000000000000000e+00
4.513579277564383485e-01	2.042921177089813689e+00	0.000000000000000000e+00
4.513579277564383485e-01	2.022088800448802459e+00	0.000000000000000000e+00
4.513579277564383485e-01	1.919127220717796289e+00	0.000000000000000000e+00
4.513579277564383485e-01	2.022088800448802459e+00	0.000000000000000000e+00
4.513579277564383485e-01	2.022088800448802459e+00	0.000000000000000000e+00
4.513579277564383485e-01	2.042921177089813689e+00	0.000000000000000000e+00
4.513579277564383485e-01	2.042921177089813689e+00	0.000000000000000000e+00
4.513579277564383485e-01	2.042921177089813689e+00	0.000000000000000000e+00
6.176213052547676607e-01	1.833159827716785317e+00	0.000000000000000000e+00
6.176213052547676607e-01	1.883168197611232886e+00	0.000000000000000000e+00
6.176213052547676607e-01	1.883168197611232886e+00	0.000000000000000000e+00
6.176213052547676607e-01	1.883168197611232886e+00	0.000000000000000000e+00
6.176213052547676607e-01	1.856574050009132559e+00	0.000000000000000000e+00
6.176213052547676607e-01	1.832810535901030047e+00	0.000000000000000000e+00
6.176213052547676607e-01	1.833159827716785317e+00	0.000000000000000000e+00
6.176213052547676607e-01	1.856574050009132559e+00	0.000000000000000000e+00
6.176213052547676607e-01	1.856574050009132559e+00	0.000000000000000000e+00
6.176213052547676607e-01	1.856574050009132559e+00	0.000000000000000000e+00
6.176213052547676607e-01	1.856574050009132559e+00	0.000000000000000000e+00
6.176213052547676607e-01	1.882581785590126122e+00	0.000000000000000000e+00
8.456712206830898637e-01	1.180634844347848933e+00	0.000000000000000000e+00
8.456712206830898637e-01	1.180634844347848933e+00	0.000000000000000000e+00
8.456712206830898637e-01	1.136622983151550192e+00	0.000000000000000000e+00
8.456712206830898637e-01	1.136622983151550192e+00	0.000000000000000000e+00
8.456712206830898637e-01	1.136622983151550192e+00	0.000000000000000000e+00
8.456712206830898637e-01	1.136622983151550192e+00	0.000000000000000000e+00
8.454712984768574247e-01	1.155075749633704296e+00	0.000000000000000000e+00
8.454712984768574247e-01	1.155075749633704296e+00	0.000000000000000000e+00
8.454712984768574247e-01	1.155075749633704296e+00	0.000000000000000000e+00
8.454712984768574247e-01	1.155075749633704296e+00	0.000000000000000000e+00
8.454712984768574247e-01	1.155075749633704296e+00	0.000000000000000000e+00
8.454712984768574247e-01	1.155075749633704296e+00	0.000000000000000000e+00
8.454712984768574247e-01	1.155075749633704296e+00	0.000000000000000000e+00
8.454712984768574247e-01	1.155075749633704296e+00	0.000000000000000000e+00
8.454712984768574247e-01	1.318853612786172524e+00	0.000000000000000000e+00
8.454712984768574247e-01	1.318853612786172524e+00	0.000000000000000000e+00
8.454712984768574247e-01	1.318853612786172524e+00	0.000000000000000000e+00
8.454712984768574247e-01	1.318853612786172524e+00	0.000000000000000000e+00
8.452713762706249856e-01	1.097933482330706534e+00	0.000000000000000000e+00
8.452713762706249856e-01	1.097933482330706534e+00	0.000000000000000000e+00
8.452713762706249856e-01	1.110361920350815046e+00	0.000000000000000000e+00
8.452713762706249856e-01	1.110361920350815046e+00	0.000000000000000000e+00
8.452713762706249856e-01	1.110361920350815046e+00	0.000000000000000000e+00
8.452713762706249856e-01	1.110361920350815046e+00	0.000000000000000000e+00
8.452713762706249856e-01	1.110361920350815046e+00	0.000000000000000000e+00
8.452713762706249856e-01	1.140250650225724360e+00	0.000000000000000000e+00
8.452713762706249856e-01	1.140250650225724360e+00	0.000000000000000000e+00
8.452713762706249856e-01	1.140250650225724360e+00	0.000000000000000000e+00
8.452713762706249856e-01	1.140250650225724360e+00	0.000000000000000000e+00
8.452713762706249856e-01	1.140250650225724360e+00	0.000000000000000000e+00
8.452713762706249856e-01	1.140250650225724360e+00	0.000000000000000000e+00
8.452713762706249856e-01	1.140250650225724360e+00	0.000000000000000000e+00
8.452713762706249856e-01	1.140250650225724360e+00	0.000000000000000000e+00
8.452713762706249856e-01	1.152167219133278797e+00	0.000000000000000000e+00
8.452713762706249856e-01	1.152167219133278797e+00	0.000000000000000000e+00
8.452713762706249856e-01	1.117703625084748076e+00	0.000000000000000000e+00
8.452713762706249856e-01	1.117703625084748076e+00	0.000000000000000000e+00
8.452713762706249856e-01	1.117703625084748076e+00	0.000000000000000000e+00
8.452713762706249856e-01	1.117703625084748076e+00	0.000000000000000000e+00
8.452713762706249856e-01	1.105043206477758888e+00	0.000000000000000000e+00
8.452713762706249856e-01	1.105043206477758888e+00	0.000000000000000000e+00
8.452713762706249856e-01	1.105043206477758888e+00	0.000000000000000000e+00
8.452713762706249856e-01	1.105043206477758888e+00	0.000000000000000000e+00
8.452713762706249856e-01	1.105043206477758888e+00	0.000000000000000000e+00
8.452713762706249856e-01	1.105043206477758888e+00	0.000000000000000000e+00
8.452713762706249856e-01	1.105043206477758888e+00	0.000000000000000000e+00
8.452713762706249856e-01	1.105043206477758888e+00	0.000000000000000000e+00
8.526193364444331069e-01	1.105491744569418788e+00	0.000000000000000000e+00
8.526193364444331069e-01	1.105491744569418788e+00	0.000000000000000000e+00
8.526193364444331069e-01	1.105491744569418788e+00	0.000000000000000000e+00
8.526193364444331069e-01	1.105491744569418788e+00	0.000000000000000000e+00
