0.000000000000000000e+00	1.031176328505028605e+00	0.000000000000000000e+00
1.507178622432509864e-02	8.966601236005310449e-01	0.000000000000000000e+00
3.060528061735291391e-02	8.195575311589065048e-01	0.000000000000000000e+00
4.613877501038073092e-02	7.526638533467313597e-01	0.000000000000000000e+00
6.074885306600311119e-02	7.070930642375221620e-01	0.000000000000000000e+00
7.628234745903092473e-02	6.821123184046791188e-01	0.000000000000000000e+00
7.628234745903092473e-02	6.821123184046791188e-01	0.000000000000000000e+00
7.628234745903092473e-02	6.821123184046791188e-01	0.000000000000000000e+00
7.628234745903092473e-02	6.821123184046791188e-01	0.000000000000000000e+00
7.628234745903092473e-02	6.821123184046791188e-01	0.000000000000000000e+00
7.628234745903092473e-02	6.821123184046791188e-01	0.000000000000000000e+00
7.628234745903092473e-02	6.821123184046791188e-01	0.000000000000000000e+00
1.918378885234531539e-01	6.342156623347220412e-01	0.000000000000000000e+00
1.976591647736258839e-01	5.784440341964690591e-01	0.000000000000000000e+00
2.062437646589058149e-01	5.386859546979327895e-01	0.000000000000000000e+00
2.158474052616876360e-01	4.704344688636500349e-01	0.000000000000000000e+00
2.214297329567789241e-01	4.114926105829564973e-01	0.000000000000000000e+00
2.266358189542697354e-01	3.661361651516412130e-01	0.000000000000000000e+00
2.356901450090651273e-01	3.141306675552502092e-01	0.000000000000000000e+00
2.434895397200816380e-01	2.715862804022460830e-01	0.000000000000000000e+00
2.536566396911960064e-01	2.496119242233340585e-01	0.000000000000000000e+00
2.551371744884027293e-01	2.473997171052760291e-01	0.000000000000000000e+00
2.551371744884027293e-01	2.473997171052760291e-01	0.000000000000000000e+00
2.551371744884027293e-01	2.473997171052760291e-01	0.000000000000000000e+00
2.551371744884027293e-01	2.474517515554548741e-01	0.000000000000000000e+00
2.551371744884027293e-01	2.474517515554548741e-01	0.000000000000000000e+00
2.551371744884027293e-01	2.474517515554548741e-01	0.000000000000000000e+00
2.551371744884027293e-01	2.474517515554548741e-01	0.000000000000000000e+00
2.551371744884027293e-01	2.474517515554548741e-01	0.000000000000000000e+00
2.551371744884027293e-01	2.474517515554548741e-01	0.000000000000000000e+00
4.138080720113740396e-01	1.993783725097662829e-01	0.000000000000000000e+00
4.186642585485444434e-01	1.592944363082744730e-01	0.000000000000000000e+00
4.190185216257597545e-01	1.307909992546342215e-01	0.000000000000000000e+00
4.223020384956171491e-01	9.190363245810213855e-02	0.000000000000000000e+00
4.256008856360797843e-01	6.266237154888647243e-02	0.000000000000000000e+00
4.291306330939668734e-01	2.015413874288697962e-02	0.000000000000000000e+00
4.318289865691844476e-01	-4.683261610606061567e-03	0.000000000000000000e+00
4.332998319096246220e-01	-1.749513069124359818e-02	0.000000000000000000e+00
4.386965388600597704e-01	-6.755358092819184479e-02	0.000000000000000000e+00
4.386965388600597704e-01	-6.869217886832185149e-02	0.000000000000000000e+00
4.454300549729257597e-01	-9.781534588246980355e-02	0.000000000000000000e+00
4.494771228159616938e-01	-1.149454995012697545e-01	0.000000000000000000e+00
4.535241906589976280e-01	-1.226611057454828485e-01	0.000000000000000000e+00
4.535241906589976280e-01	-1.226611057454828485e-01	0.000000000000000000e+00
4.535241906589976280e-01	-1.226611057454828485e-01	0.000000000000000000e+00
4.535241906589976280e-01	-1.226611057454828485e-01	0.000000000000000000e+00
4.535241906589976280e-01	-1.226611057454828485e-01	0.000000000000000000e+00
4.535241906589976280e-01	-1.226611057454828485e-01	0.000000000000000000e+00
4.535241906589976280e-01	-1.226611057454828485e-01	0.000000000000000000e+00
4.535241906589976280e-01	-1.226611057454828485e-01	0.000000000000000000e+00
6.199128962840367851e-01	-1.436075008163063826e-01	0.000000000000000000e+00
6.215537561852646498e-01	-1.684454842977959887e-01	0.000000000000000000e+00
6.219979538921689421e-01	-1.818839107499494734e-01	0.000000000000000000e+00
6.263258429990594678e-01	-2.114209982083754824e-01	0.000000000000000000e+00
6.260248572002942158e-01	-2.414511081774075307e-01	0.000000000000000000e+00
6.296075628015151970e-01	-2.679862021167616071e-01	0.000000000000000000e+00
6.296075628015151970e-01	-2.679862021167616071e-01	0.000000000000000000e+00
6.296075628015151970e-01	-2.817728296929798426e-01	0.000000000000000000e+00
6.321404586050530794e-01	-3.094152118470173685e-01	0.000000000000000000e+00
6.321404586050530794e-01	-3.198090776521432255e-01	0.000000000000000000e+00
6.343282718066901582e-01	-3.413455954163395201e-01	0.000000000000000000e+00
6.352239482069953480e-01	-3.497451514673813322e-01	0.000000000000000000e+00
6.376486616841525734e-01	-3.670906960362168570e-01	0.000000000000000000e+00
6.400090161867399985e-01	-3.838651421889245352e-01	0.000000000000000000e+00
6.462978588359582499e-01	-4.201972786989569553e-01	0.000000000000000000e+00
6.462978588359582499e-01	-4.201972786989569553e-01	0.000000000000000000e+00
6.476509273599569960e-01	-4.246651324312680220e-01	0.000000000000000000e+00
6.507953486845661217e-01	-4.323182821320675218e-01	0.000000000000000000e+00
6.507953486845661217e-01	-4.323182821320675218e-01	0.000000000000000000e+00
6.507953486845661217e-01	-4.323182821320675218e-01	0.000000000000000000e+00
6.507953486845661217e-01	-4.323182821320675218e-01	0.000000000000000000e+00
6.507953486845661217e-01	-4.323182821320675218e-01	0.000000000000000000e+00
8.248624507151960383e-01	-4.374375603359608178e-01	0.000000000000000000e+00
8.252258570474761967e-01	-4.626017373765574647e-01	0.000000000000000000e+00
8.255892633797563551e-01	-4.701663861151247348e-01	0.000000000000000000e+00
8.281006153505992007e-01	-4.913878126172679384e-01	0.000000000000000000e+00
8.281006153505992007e-01	-4.949068492070800018e-01	0.000000000000000000e+00
8.287215100793758893e-01	-5.122771189050426832e-01	0.000000000000000000e+00
8.312197018804075022e-01	-5.585077712752878343e-01	0.000000000000000000e+00
8.295542406797197232e-01	-5.363011911179971225e-01	0.000000000000000000e+00
8.312197018804075022e-01	-5.585077712752878343e-01	0.000000000000000000e+00
8.316696939631644803e-01	-5.610879212437113184e-01	0.000000000000000000e+00
8.318512912865874132e-01	-5.763795590593413509e-01	0.000000000000000000e+00
8.334693525435192818e-01	-5.973836222021214892e-01	0.000000000000000000e+00
8.334693525435192818e-01	-5.973836222021214892e-01	0.000000000000000000e+00
8.337851472466092373e-01	-6.083722889271748757e-01	0.000000000000000000e+00
8.346851314121230825e-01	-6.202152758279810829e-01	0.000000000000000000e+00
8.353858272225188619e-01	-6.306127097592211239e-01	0.000000000000000000e+00
8.362514675458612157e-01	-6.414384448895720237e-01	0.000000000000000000e+00
8.376528591666527745e-01	-6.623235546370452864e-01	0.000000000000000000e+00
8.376528591666527745e-01	-6.623235546370452864e-01	0.000000000000000000e+00
8.387424618326410064e-01	-6.805621624063293851e-01	0.000000000000000000e+00
8.400848356237333725e-01	-6.918412648254216313e-01	0.000000000000000000e+00
8.400848356237333725e-01	-6.918412648254216313e-01	0.000000000000000000e+00
8.424782531304195743e-01	-7.060973072407371598e-01	0.000000000000000000e+00
8.433246139785648410e-01	-7.117547592227081443e-01	0.000000000000000000e+00
8.441709748267098856e-01	-7.215979776077064978e-01	0.000000000000000000e+00
8.475564182192905083e-01	-7.438230420663519693e-01	0.000000000000000000e+00
8.475564182192905083e-01	-7.438230420663519693e-01	0.000000000000000000e+00
8.475564182192905083e-01	-7.453351662917669929e-01	0.000000000000000000e+00
