0.000000000000000000e+00	1.277339991580969558e+00	0.000000000000000000e+00
1.270844413844390841e-02	1.035982052738940506e+00	0.000000000000000000e+00
1.270844413844390841e-02	1.035982052738940506e+00	0.000000000000000000e+00
4.531050988207652175e-02	9.820183820528990415e-01	0.000000000000000000e+00
5.456804511839749572e-02	8.882008417242627241e-01	0.000000000000000000e+00
6.542519628871421022e-02	8.492399298613080294e-01	0.000000000000000000e+00
7.628234745903092473e-02	7.608965520459362031e-01	0.000000000000000000e+00
7.628234745903092473e-02	7.608965520459362031e-01	0.000000000000000000e+00
7.628234745903092473e-02	7.608965520459362031e-01	0.000000000000000000e+00
7.628234745903092473e-02	7.608965520459362031e-01	0.000000000000000000e+00
7.628234745903092473e-02	7.608965520459362031e-01	0.000000000000000000e+00
7.628234745903092473e-02	7.608965520459362031e-01	0.000000000000000000e+00
7.628234745903092473e-02	7.608965520459362031e-01	0.000000000000000000e+00
1.946012121585603549e-01	7.096916947130600395e-01	0.000000000000000000e+00
2.064787589858487482e-01	6.309646670429787108e-01	0.000000000000000000e+00
2.113981029324613070e-01	6.108623765549656692e-01	0.000000000000000000e+00
2.171960536572656031e-01	5.419193643217695699e-01	0.000000000000000000e+00
2.239959744702497701e-01	4.927427658189925674e-01	0.000000000000000000e+00
2.299347478838939807e-01	4.593845077549174039e-01	0.000000000000000000e+00
2.355918759198583623e-01	4.151703790085749524e-01	0.000000000000000000e+00
2.400725405336506801e-01	3.878662243118028985e-01	0.000000000000000000e+00
2.484091144924316652e-01	3.759544961412542019e-01	0.000000000000000000e+00
2.609447076873251392e-01	3.414977284245405698e-01	0.000000000000000000e+00
2.609447076873251392e-01	3.414977284245405698e-01	0.000000000000000000e+00
2.609447076873251392e-01	3.414977284245405698e-01	0.000000000000000000e+00
2.609447076873251392e-01	3.414977284245405698e-01	0.000000000000000000e+00
2.609447076873251392e-01	3.414592096671536514e-01	0.000000000000000000e+00
2.609447076873251392e-01	3.414592096671536514e-01	0.000000000000000000e+00
2.609447076873251392e-01	3.414592096671536514e-01	0.000000000000000000e+00
2.609447076873251392e-01	3.414592096671536514e-01	0.000000000000000000e+00
2.609447076873251392e-01	3.414592096671536514e-01	0.000000000000000000e+00
4.129128708426648697e-01	3.217202172990946685e-01	0.000000000000000000e+00
4.166440054435660012e-01	2.514159162055256136e-01	0.000000000000000000e+00
4.166440054435660012e-01	2.514159162055256136e-01	0.000000000000000000e+00
4.208840889262103202e-01	1.992109539912733651e-01	0.000000000000000000e+00
4.223775321608205235e-01	1.844853153184745909e-01	0.000000000000000000e+00
4.251241724088546392e-01	1.549925150052653966e-01	0.000000000000000000e+00
4.251241724088546947e-01	1.401893706483842983e-01	0.000000000000000000e+00
4.295719427347012842e-01	9.560419213978894881e-02	0.000000000000000000e+00
4.312730728125137025e-01	8.311290976260150842e-02	0.000000000000000000e+00
4.367663533085819894e-01	2.926865745088009022e-02	0.000000000000000000e+00
4.367663533085819894e-01	2.926865745088009022e-02	0.000000000000000000e+00
4.383035784094967413e-01	1.977701973457722529e-02	0.000000000000000000e+00
4.418188312079882607e-01	-3.135270422371588817e-02	0.000000000000000000e+00
4.418188312079882607e-01	-3.135270422371588817e-02	0.000000000000000000e+00
4.472294207920610720e-01	-6.007700997537190890e-02	0.000000000000000000e+00
4.472294207920610720e-01	-6.007700997537190890e-02	0.000000000000000000e+00
4.507324057263015216e-01	-8.477362706772931245e-02	0.000000000000000000e+00
4.507324057263015216e-01	-8.477362706772931245e-02	0.000000000000000000e+00
4.507324057263015216e-01	-8.477362706772931245e-02	0.000000000000000000e+00
4.507324057263015216e-01	-7.873041559098047093e-02	0.000000000000000000e+00
4.507324057263015216e-01	-7.873041559098047093e-02	0.000000000000000000e+00
4.507324057263015216e-01	-7.873041559098047093e-02	0.000000000000000000e+00
4.507324057263015216e-01	-7.873041559098047093e-02	0.000000000000000000e+00
4.507324057263015216e-01	-7.117573586839757993e-02	0.000000000000000000e+00
6.279364785495065160e-01	-1.805575806499638281e-01	0.000000000000000000e+00
6.279364785495065160e-01	-1.805575806499638281e-01	0.000000000000000000e+00
6.279364785495065160e-01	-1.805575806499638281e-01	0.000000000000000000e+00
6.279364785495065160e-01	-1.805575806499638281e-01	0.000000000000000000e+00
6.279364785495065160e-01	-1.805575806499638281e-01	0.000000000000000000e+00
6.279364785495065160e-01	-1.805575806499638281e-01	0.000000000000000000e+00
6.301898487517290093e-01	-2.165479612079342364e-01	0.000000000000000000e+00
6.301898487517290093e-01	-2.165479612079342364e-01	0.000000000000000000e+00
6.301898487517290093e-01	-2.165479612079342364e-01	0.000000000000000000e+00
6.313165338528402559e-01	-2.364149557565883575e-01	0.000000000000000000e+00
6.341234730852149948e-01	-2.527639317441648936e-01	0.000000000000000000e+00
6.341234730852149948e-01	-2.588504621943905626e-01	0.000000000000000000e+00
6.353221472205548004e-01	-2.838313202622683162e-01	0.000000000000000000e+00
6.366896223196278903e-01	-2.839361203562590918e-01	0.000000000000000000e+00
6.390068039816521051e-01	-3.140545906708822055e-01	0.000000000000000000e+00
6.390068039816521051e-01	-3.140545906708822055e-01	0.000000000000000000e+00
6.414041522523317163e-01	-3.287708816444835369e-01	0.000000000000000000e+00
6.414041522523317163e-01	-3.363819589144148026e-01	0.000000000000000000e+00
6.452973107820410004e-01	-3.838270099733553931e-01	0.000000000000000000e+00
6.452973107820410004e-01	-3.838270099733553931e-01	0.000000000000000000e+00
6.452973107820410004e-01	-3.838270099733553931e-01	0.000000000000000000e+00
6.452973107820410004e-01	-3.838270099733553931e-01	0.000000000000000000e+00
6.487869719619667741e-01	-3.986043738140209736e-01	0.000000000000000000e+00
6.487869719619667741e-01	-3.986043738140209736e-01	0.000000000000000000e+00
6.487869719619667741e-01	-3.986043738140209736e-01	0.000000000000000000e+00
6.495239033141861906e-01	-3.985199595686877982e-01	0.000000000000000000e+00
6.495239033141861906e-01	-3.985199595686877982e-01	0.000000000000000000e+00
8.329272903878613965e-01	-4.728400023005227548e-01	0.000000000000000000e+00
8.329272903878613965e-01	-4.728400023005227548e-01	0.000000000000000000e+00
8.329272903878613965e-01	-4.728400023005227548e-01	0.000000000000000000e+00
8.329272903878613965e-01	-4.728400023005227548e-01	0.000000000000000000e+00
8.329272903878613965e-01	-4.728400023005227548e-01	0.000000000000000000e+00
8.329272903878613965e-01	-5.181937755746535146e-01	0.000000000000000000e+00
8.329272903878613965e-01	-5.181937755746535146e-01	0.000000000000000000e+00
8.329272903878613965e-01	-5.181937755746535146e-01	0.000000000000000000e+00
8.329272903878613965e-01	-5.181937755746535146e-01	0.000000000000000000e+00
8.337481988842707636e-01	-5.035073200350488332e-01	0.000000000000000000e+00
8.345691073806800198e-01	-5.115133676159754339e-01	0.000000000000000000e+00
8.356431381706401762e-01	-5.224697639426706397e-01	0.000000000000000000e+00
8.359095644131109282e-01	-5.329076033209534380e-01	0.000000000000000000e+00
8.373416054663911368e-01	-5.456016838317117035e-01	0.000000000000000000e+00
8.373416054663911368e-01	-5.533537700185944264e-01	0.000000000000000000e+00
8.383240522355019930e-01	-5.609894540396020979e-01	0.000000000000000000e+00
8.393064990046129603e-01	-5.665884131387628475e-01	0.000000000000000000e+00
8.400225195312530646e-01	-5.748104862553278238e-01	0.000000000000000000e+00
