0.000000000000000000e+00	1.096536350037435437e+00	0.000000000000000000e+00
1.599520256173053712e-02	9.270385450463368704e-01	0.000000000000000000e+00
3.060528061735291391e-02	8.517778707805403471e-01	0.000000000000000000e+00
4.706219134778617114e-02	7.973974590117365313e-01	0.000000000000000000e+00
6.074885306600311119e-02	7.329368144603484181e-01	0.000000000000000000e+00
7.628234745903092473e-02	7.112544749606065642e-01	0.000000000000000000e+00
7.993486697293651633e-02	7.070388397178434259e-01	0.000000000000000000e+00
7.993486697293651633e-02	7.070388397178434259e-01	0.000000000000000000e+00
7.993486697293651633e-02	7.070388397178434259e-01	0.000000000000000000e+00
7.993486697293651633e-02	7.070388397178434259e-01	0.000000000000000000e+00
7.993486697293651633e-02	7.070388397178434259e-01	0.000000000000000000e+00
7.993486697293651633e-02	7.070388397178434259e-01	0.000000000000000000e+00
1.946012121585603549e-01	6.530722039907266296e-01	0.000000000000000000e+00
1.946012121585603549e-01	6.363273240142500731e-01	0.000000000000000000e+00
2.062437646589058149e-01	5.598585414527709192e-01	0.000000000000000000e+00
2.184658465492861357e-01	5.196848190275176194e-01	0.000000000000000000e+00
2.271934305329078863e-01	3.889851313677812339e-01	0.000000000000000000e+00
2.309776931346838869e-01	3.981078905680149882e-01	0.000000000000000000e+00
2.353414851264947760e-01	3.686092284232161398e-01	0.000000000000000000e+00
2.434895397200816380e-01	3.143367271265137264e-01	0.000000000000000000e+00
2.546887843946262775e-01	2.775692588430922481e-01	0.000000000000000000e+00
2.546887843946262775e-01	2.775692588430922481e-01	0.000000000000000000e+00
2.546887843946262775e-01	2.775692588430922481e-01	0.000000000000000000e+00
2.546887843946262775e-01	2.769455897462155258e-01	0.000000000000000000e+00
2.546887843946262775e-01	2.736386660558728368e-01	0.000000000000000000e+00
2.546887843946262775e-01	2.736386660558728368e-01	0.000000000000000000e+00
2.546887843946262775e-01	2.736386660558728368e-01	0.000000000000000000e+00
2.546887843946262775e-01	2.736386660558728368e-01	0.000000000000000000e+00
2.546887843946262775e-01	2.736386660558728368e-01	0.000000000000000000e+00
2.546887843946262775e-01	2.736386660558728368e-01	0.000000000000000000e+00
4.151918798584705028e-01	2.102448867149712131e-01	0.000000000000000000e+00
4.151918798584705028e-01	1.945432929617256224e-01	0.000000000000000000e+00
4.190185216257597545e-01	1.586491494727182983e-01	0.000000000000000000e+00
4.216844388294362922e-01	1.227297969841481956e-01	0.000000000000000000e+00
4.263120740637772466e-01	9.358362536669213860e-02	0.000000000000000000e+00
4.284530056210493765e-01	6.330755987460479073e-02	0.000000000000000000e+00
4.294810312882658687e-01	3.722913786373662631e-02	0.000000000000000000e+00
4.336261945358318437e-01	8.217152987448140752e-03	0.000000000000000000e+00
4.372729707548406175e-01	-1.532441642578810485e-02	0.000000000000000000e+00
4.409403150078865519e-01	-4.477846663608936462e-02	0.000000000000000000e+00
4.436108852038179173e-01	-9.097087289086691619e-02	0.000000000000000000e+00
4.436108852038179173e-01	-9.097087289086691619e-02	0.000000000000000000e+00
4.489520255956805928e-01	-1.101215029431567710e-01	0.000000000000000000e+00
4.542931659875433237e-01	-1.156080629419569544e-01	0.000000000000000000e+00
4.542931659875433237e-01	-1.156080629419569544e-01	0.000000000000000000e+00
4.542931659875433237e-01	-1.156080629419569544e-01	0.000000000000000000e+00
4.542931659875433237e-01	-1.156080629419569544e-01	0.000000000000000000e+00
4.542931659875433237e-01	-1.156080629419569544e-01	0.000000000000000000e+00
4.542931659875433237e-01	-1.151274038519318477e-01	0.000000000000000000e+00
4.542931659875433237e-01	-1.151274038519318477e-01	0.000000000000000000e+00
4.542931659875433237e-01	-1.151274038519318477e-01	0.000000000000000000e+00
6.308624252414407607e-01	-2.463308206179175841e-01	0.000000000000000000e+00
6.308624252414407607e-01	-2.463708054921853186e-01	0.000000000000000000e+00
6.308624252414407607e-01	-2.463708054921853186e-01	0.000000000000000000e+00
6.308624252414407607e-01	-2.463708054921853186e-01	0.000000000000000000e+00
6.308624252414407607e-01	-2.463708054921853186e-01	0.000000000000000000e+00
6.308624252414407607e-01	-2.463708054921853186e-01	0.000000000000000000e+00
6.318667940360616075e-01	-2.600844923142041076e-01	0.000000000000000000e+00
6.318667940360616075e-01	-2.831064979664060233e-01	0.000000000000000000e+00
6.325363732324753574e-01	-2.937536245960893910e-01	0.000000000000000000e+00
6.338755316253029681e-01	-3.025245962099959995e-01	0.000000000000000000e+00
6.352146900181305789e-01	-3.181182632239625274e-01	0.000000000000000000e+00
6.438520629932776851e-01	-3.686951019026146192e-01	0.000000000000000000e+00
6.438520629932776851e-01	-3.686951019026146192e-01	0.000000000000000000e+00
6.438520629932776851e-01	-3.686951019026146192e-01	0.000000000000000000e+00
6.444556273393409196e-01	-3.907424831506242646e-01	0.000000000000000000e+00
6.444556273393409196e-01	-3.989260776594350522e-01	0.000000000000000000e+00
6.455621619737901273e-01	-4.070709563258693708e-01	0.000000000000000000e+00
6.455621619737901273e-01	-4.070709563258693708e-01	0.000000000000000000e+00
6.455621619737901273e-01	-4.070709563258693708e-01	0.000000000000000000e+00
6.452603798007585656e-01	-4.060314734782241031e-01	0.000000000000000000e+00
6.452603798007585656e-01	-4.060314734782241031e-01	0.000000000000000000e+00
8.307689834395937112e-01	-5.173918211008394774e-01	0.000000000000000000e+00
8.307689834395937112e-01	-5.173918211008394774e-01	0.000000000000000000e+00
8.307689834395937112e-01	-5.173918211008394774e-01	0.000000000000000000e+00
8.307689834395937112e-01	-5.173918211008394774e-01	0.000000000000000000e+00
8.307689834395937112e-01	-5.173918211008394774e-01	0.000000000000000000e+00
8.307689834395937112e-01	-5.173918211008394774e-01	0.000000000000000000e+00
8.296120855730471089e-01	-5.071072756148108374e-01	0.000000000000000000e+00
8.307689834395937112e-01	-5.173918211008394774e-01	0.000000000000000000e+00
8.307689834395937112e-01	-5.214459314045810645e-01	0.000000000000000000e+00
8.312317425862123521e-01	-5.337823998887394339e-01	0.000000000000000000e+00
8.321572608794496340e-01	-5.546008156584381066e-01	0.000000000000000000e+00
8.330827791726869158e-01	-5.693916724564249687e-01	0.000000000000000000e+00
8.330827791726869158e-01	-5.701843162509798724e-01	0.000000000000000000e+00
8.340082974659241977e-01	-5.858462881540381639e-01	0.000000000000000000e+00
8.362078561284769229e-01	-6.231840822714953543e-01	0.000000000000000000e+00
8.362078561284769229e-01	-6.231840822714953543e-01	0.000000000000000000e+00
8.362078561284769229e-01	-6.231840822714953543e-01	0.000000000000000000e+00
8.362078561284769229e-01	-6.273972883069488526e-01	0.000000000000000000e+00
8.381189166824499770e-01	-6.445161279945766930e-01	0.000000000000000000e+00
8.403204122998214620e-01	-6.464084583457938571e-01	0.000000000000000000e+00
8.411878435803792353e-01	-6.760894653256653841e-01	0.000000000000000000e+00
8.411878435803792353e-01	-6.760894653256653841e-01	0.000000000000000000e+00
8.411878435803792353e-01	-6.760894653256653841e-01	0.000000000000000000e+00
8.411878435803792353e-01	-6.863233623407865025e-01	0.000000000000000000e+00
8.426981059100511207e-01	-6.939341012660280583e-01	0.000000000000000000e+00
8.442083682397230060e-01	-7.114790177318440767e-01	0.000000000000000000e+00
8.442083682397230060e-01	-7.114790177318440767e-01	0.000000000000000000e+00
8.442083682397230060e-01	-7.186887557257282122e-01	0.000000000000000000e+00
