0.000000000000000000e+00	1.005808575450961362e+00	0.000000000000000000e+00
1.650609940339602816e-02	8.717201110518837393e-01	0.000000000000000000e+00
3.124196387972064115e-02	8.080775267992122979e-01	0.000000000000000000e+00
4.144042528142129200e-02	7.596588596844852104e-01	0.000000000000000000e+00
5.935714064980628091e-02	7.094254680304381555e-01	0.000000000000000000e+00
7.462613341261734035e-02	6.797611381278374498e-01	0.000000000000000000e+00
7.875349198772996218e-02	6.750781404345895798e-01	0.000000000000000000e+00
7.875349198772996218e-02	6.750781404345895798e-01	0.000000000000000000e+00
7.875349198772996218e-02	6.750781404345895798e-01	0.000000000000000000e+00
7.875349198772996218e-02	6.747650735123419397e-01	0.000000000000000000e+00
7.875349198772996218e-02	6.747650735123419397e-01	0.000000000000000000e+00
7.875349198772996218e-02	6.747650735123419397e-01	0.000000000000000000e+00
7.875349198772996218e-02	6.747650735123419397e-01	0.000000000000000000e+00
1.993960503471417511e-01	5.651814726648266562e-01	0.000000000000000000e+00
2.066293399311232015e-01	5.117855066865304448e-01	0.000000000000000000e+00
2.142736822238457961e-01	4.516289213492904464e-01	0.000000000000000000e+00
2.220368324930067361e-01	4.030591229466579106e-01	0.000000000000000000e+00
2.286833863689282376e-01	3.465350745182081971e-01	0.000000000000000000e+00
2.348506494373355791e-01	3.146789218213488781e-01	0.000000000000000000e+00
2.421121827085984668e-01	2.745004565736539615e-01	0.000000000000000000e+00
2.531243053173713453e-01	2.455498352112255867e-01	0.000000000000000000e+00
2.577295194539798162e-01	2.434156225793721318e-01	0.000000000000000000e+00
2.577295194539798162e-01	2.434140697416794785e-01	0.000000000000000000e+00
2.577295194539798162e-01	2.434140697416794785e-01	0.000000000000000000e+00
2.577295194539798162e-01	2.434140697416794785e-01	0.000000000000000000e+00
2.577295194539798162e-01	2.434140697416794785e-01	0.000000000000000000e+00
2.577295194539798162e-01	2.434140697416794785e-01	0.000000000000000000e+00
2.577295194539798162e-01	2.434140697416794785e-01	0.000000000000000000e+00
2.577295194539798162e-01	2.434140697416794785e-01	0.000000000000000000e+00
2.577295194539798162e-01	2.434140697416794785e-01	0.000000000000000000e+00
4.130985054726051264e-01	1.944593540656132102e-01	0.000000000000000000e+00
4.156871748278382350e-01	1.609611783017322328e-01	0.000000000000000000e+00
4.205763993018056812e-01	1.110655256065232327e-01	0.000000000000000000e+00
4.227239231805854369e-01	8.903714421065428430e-02	0.000000000000000000e+00
4.253006472655799786e-01	5.086592542596678201e-02	0.000000000000000000e+00
4.271720021780995302e-01	3.602844976123744519e-02	0.000000000000000000e+00
4.304303785743036070e-01	6.214196663309188781e-03	0.000000000000000000e+00
4.356812607821518579e-01	-3.119398138536562740e-02	0.000000000000000000e+00
4.390370712162151579e-01	-4.836624280663995995e-02	0.000000000000000000e+00
4.415158209280247714e-01	-7.643040223922541176e-02	0.000000000000000000e+00
4.447333180672534692e-01	-9.911841263053007556e-02	0.000000000000000000e+00
4.526487242635330310e-01	-1.192938880039763616e-01	0.000000000000000000e+00
4.526487242635330310e-01	-1.192938880039763616e-01	0.000000000000000000e+00
4.526487242635330310e-01	-1.192938880039763616e-01	0.000000000000000000e+00
4.526487242635330310e-01	-1.192938880039763616e-01	0.000000000000000000e+00
4.526487242635330310e-01	-1.192938880039763616e-01	0.000000000000000000e+00
4.526487242635330310e-01	-1.192938880039763616e-01	0.000000000000000000e+00
4.526487242635330310e-01	-1.192938880039763616e-01	0.000000000000000000e+00
4.526487242635330310e-01	-1.192036293259521318e-01	0.000000000000000000e+00
6.226768378416225325e-01	-1.817583333620036989e-01	0.000000000000000000e+00
6.226768378416225325e-01	-1.817583333620036989e-01	0.000000000000000000e+00
6.226768378416225325e-01	-1.817583333620036989e-01	0.000000000000000000e+00
6.258239055603919132e-01	-2.251633856920095267e-01	0.000000000000000000e+00
6.258239055603919132e-01	-2.251633856920095267e-01	0.000000000000000000e+00
6.266066380965091831e-01	-2.383465765788678747e-01	0.000000000000000000e+00
6.288118039890189248e-01	-2.730873244467887373e-01	0.000000000000000000e+00
6.288118039890189248e-01	-2.730873244467887373e-01	0.000000000000000000e+00
6.316566707018040905e-01	-3.016603557712314587e-01	0.000000000000000000e+00
6.316566707018040905e-01	-3.087333103453864802e-01	0.000000000000000000e+00
6.351778777036372059e-01	-3.449562505181363314e-01	0.000000000000000000e+00
6.351778777036372059e-01	-3.449562505181363314e-01	0.000000000000000000e+00
6.397793656828854036e-01	-3.869765100626567089e-01	0.000000000000000000e+00
6.397793656828854036e-01	-3.869765100626567089e-01	0.000000000000000000e+00
6.408596466603004860e-01	-3.913231990006496575e-01	0.000000000000000000e+00
6.487845932413698335e-01	-4.348870595230939773e-01	0.000000000000000000e+00
6.447363734940156910e-01	-4.255777296383667085e-01	0.000000000000000000e+00
6.487845932413698335e-01	-4.348870595230939773e-01	0.000000000000000000e+00
6.487845932413698335e-01	-4.467136671086694988e-01	0.000000000000000000e+00
6.528328129887240872e-01	-4.525881725822177293e-01	0.000000000000000000e+00
6.528328129887240872e-01	-4.525881725822177293e-01	0.000000000000000000e+00
6.528328129887240872e-01	-4.525881725822177293e-01	0.000000000000000000e+00
6.528328129887240872e-01	-4.525881725822177293e-01	0.000000000000000000e+00
6.528328129887240872e-01	-4.518042793494858600e-01	0.000000000000000000e+00
8.247680450742298497e-01	-4.692290974521888258e-01	0.000000000000000000e+00
8.270516215436872764e-01	-5.110825560897265252e-01	0.000000000000000000e+00
8.263903322221052283e-01	-4.987968979766848610e-01	0.000000000000000000e+00
8.270516215436872764e-01	-5.110825560897265252e-01	0.000000000000000000e+00
8.276819747091896939e-01	-5.213853860650184968e-01	0.000000000000000000e+00
8.280126193699806070e-01	-5.308912904664718768e-01	0.000000000000000000e+00
8.288237629439183518e-01	-5.480984099557620892e-01	0.000000000000000000e+00
8.325728758388515338e-01	-6.006447915755294131e-01	0.000000000000000000e+00
8.325728758388515338e-01	-6.006447915755294131e-01	0.000000000000000000e+00
8.325728758388515338e-01	-6.006447915755294131e-01	0.000000000000000000e+00
8.325728758388515338e-01	-6.006447915755294131e-01	0.000000000000000000e+00
8.360761082474221784e-01	-6.526483211810486518e-01	0.000000000000000000e+00
8.360761082474221784e-01	-6.526483211810486518e-01	0.000000000000000000e+00
8.360761082474221784e-01	-6.526483211810486518e-01	0.000000000000000000e+00
8.360761082474221784e-01	-6.526483211810486518e-01	0.000000000000000000e+00
8.360761082474221784e-01	-6.526483211810486518e-01	0.000000000000000000e+00
8.381592973384323075e-01	-6.769718164869819033e-01	0.000000000000000000e+00
8.381592973384323075e-01	-6.769718164869819033e-01	0.000000000000000000e+00
8.422368679552902915e-01	-6.996701444124323599e-01	0.000000000000000000e+00
8.407430301589324806e-01	-6.964127317461794586e-01	0.000000000000000000e+00
8.414561731538603429e-01	-7.123846386353444027e-01	0.000000000000000000e+00
8.426698598782781380e-01	-7.158662767269029503e-01	0.000000000000000000e+00
8.459702542143228143e-01	-7.391319421208598639e-01	0.000000000000000000e+00
8.459702542143228143e-01	-7.391319421208598639e-01	0.000000000000000000e+00
8.459702542143228143e-01	-7.391319421208598639e-01	0.000000000000000000e+00
8.492706485503673797e-01	-7.552536788332543383e-01	0.000000000000000000e+00
8.492706485503673797e-01	-7.566145004471181990e-01	0.000000000000000000e+00
