0.000000000000000000e+00	1.026209689940349890e+00	0.000000000000000000e+00
1.650609940339602816e-02	8.966190758478935763e-01	0.000000000000000000e+00
3.124196387972064115e-02	8.364085500160864939e-01	0.000000000000000000e+00
4.042489759381928671e-02	7.839629821287982248e-01	0.000000000000000000e+00
6.036606274118594406e-02	7.197864643021334441e-01	0.000000000000000000e+00
7.462613341261734035e-02	6.850516512765985055e-01	0.000000000000000000e+00
7.645775855920530772e-02	6.804872411830263923e-01	0.000000000000000000e+00
7.645775855920530772e-02	6.804872411830263923e-01	0.000000000000000000e+00
7.645775855920530772e-02	6.804872411830263923e-01	0.000000000000000000e+00
7.645775855920530772e-02	6.804872411830263923e-01	0.000000000000000000e+00
7.645775855920530772e-02	6.804872411830263923e-01	0.000000000000000000e+00
7.645775855920530772e-02	6.804872411830263923e-01	0.000000000000000000e+00
7.645775855920530772e-02	6.804872411830263923e-01	0.000000000000000000e+00
1.993960503471417511e-01	5.774257827913885643e-01	0.000000000000000000e+00
2.075702533250438075e-01	5.238454685342959216e-01	0.000000000000000000e+00
2.142736822238457961e-01	4.613587277548898413e-01	0.000000000000000000e+00
2.220368324930067361e-01	3.975302243797472768e-01	0.000000000000000000e+00
2.291788920457699663e-01	3.585147126215175728e-01	0.000000000000000000e+00
2.348506494373355791e-01	3.146789218213488781e-01	0.000000000000000000e+00
2.415134181825846493e-01	2.847489416035089427e-01	0.000000000000000000e+00
2.481761869278337196e-01	2.630455859894821335e-01	0.000000000000000000e+00
2.577295194539798162e-01	2.499278230691323877e-01	0.000000000000000000e+00
2.577295194539798162e-01	2.499278230691323877e-01	0.000000000000000000e+00
2.577295194539798162e-01	2.499278230691323877e-01	0.000000000000000000e+00
2.577295194539798162e-01	2.499278230691323877e-01	0.000000000000000000e+00
2.577295194539798162e-01	2.499278230691323877e-01	0.000000000000000000e+00
2.577295194539798162e-01	2.499278230691323877e-01	0.000000000000000000e+00
2.577295194539798162e-01	2.499278230691323877e-01	0.000000000000000000e+00
2.577295194539798162e-01	2.499278230691323877e-01	0.000000000000000000e+00
2.577295194539798162e-01	2.499278230691323877e-01	0.000000000000000000e+00
4.130985054726051264e-01	2.006077549139277105e-01	0.000000000000000000e+00
4.156871748278382350e-01	1.725976203486712934e-01	0.000000000000000000e+00
4.178380181876371613e-01	1.402599320924799442e-01	0.000000000000000000e+00
4.213245704728581509e-01	1.066515319223725611e-01	0.000000000000000000e+00
4.243609462409119182e-01	6.400029468579453151e-02	0.000000000000000000e+00
4.292823203884621464e-01	2.437805880959542995e-02	0.000000000000000000e+00
4.304336977770194528e-01	1.611874855078225879e-02	0.000000000000000000e+00
4.347353844966173053e-01	-2.438645600557253629e-02	0.000000000000000000e+00
4.390370712162151579e-01	-5.983190143513967413e-02	0.000000000000000000e+00
4.415158209280247714e-01	-6.480862535909827360e-02	0.000000000000000000e+00
4.492077258633263570e-01	-8.604418763695266537e-02	0.000000000000000000e+00
4.542930531868819566e-01	-1.083257110600312351e-01	0.000000000000000000e+00
4.542930531868819566e-01	-1.083257110600312351e-01	0.000000000000000000e+00
4.542930531868819566e-01	-1.083257110600312351e-01	0.000000000000000000e+00
4.542930531868819566e-01	-1.083257110600312351e-01	0.000000000000000000e+00
4.542930531868819566e-01	-1.083257110600312351e-01	0.000000000000000000e+00
4.542930531868819566e-01	-1.083257110600312351e-01	0.000000000000000000e+00
4.542930531868819566e-01	-1.083257110600312351e-01	0.000000000000000000e+00
4.542930531868819566e-01	-1.083257110600312351e-01	0.000000000000000000e+00
4.542930531868819566e-01	-1.067260254333702446e-01	0.000000000000000000e+00
6.204686412371891446e-01	-1.422253254539925793e-01	0.000000000000000000e+00
6.250784369341878532e-01	-1.949367275993438287e-01	0.000000000000000000e+00
6.250784369341878532e-01	-1.949367275993438287e-01	0.000000000000000000e+00
6.250784369341878532e-01	-1.993491175435086471e-01	0.000000000000000000e+00
6.281257081591442581e-01	-2.282295679670968414e-01	0.000000000000000000e+00
6.281257081591442581e-01	-2.395191569761459249e-01	0.000000000000000000e+00
6.294142408993811388e-01	-2.590703966765951494e-01	0.000000000000000000e+00
6.317115055748956376e-01	-2.933605007986226920e-01	0.000000000000000000e+00
6.323557719450140224e-01	-3.032874056528488405e-01	0.000000000000000000e+00
6.323557719450140224e-01	-3.120668377185479847e-01	0.000000000000000000e+00
6.397793656828854036e-01	-3.829549074795191022e-01	0.000000000000000000e+00
6.367982991697598294e-01	-3.623081155024950317e-01	0.000000000000000000e+00
6.367982991697598294e-01	-3.623081155024950317e-01	0.000000000000000000e+00
6.397793656828854036e-01	-3.829549074795191022e-01	0.000000000000000000e+00
6.415365173946019350e-01	-4.085383373831934506e-01	0.000000000000000000e+00
6.415365173946019350e-01	-4.085383373831934506e-01	0.000000000000000000e+00
6.460852502702388866e-01	-4.167169784198810900e-01	0.000000000000000000e+00
6.531757988160020734e-01	-4.329226107463112760e-01	0.000000000000000000e+00
6.531757988160020734e-01	-4.414517803889376757e-01	0.000000000000000000e+00
6.531757988160020734e-01	-4.414517803889376757e-01	0.000000000000000000e+00
6.531757988160020734e-01	-4.361225273836635830e-01	0.000000000000000000e+00
6.531757988160020734e-01	-4.361225273836635830e-01	0.000000000000000000e+00
6.531757988160020734e-01	-4.329226107463112760e-01	0.000000000000000000e+00
8.252184134559531481e-01	-4.522970116203883784e-01	0.000000000000000000e+00
8.270309974396341524e-01	-4.773016136042803614e-01	0.000000000000000000e+00
8.270309974396341524e-01	-4.773016136042803614e-01	0.000000000000000000e+00
8.280116564053663364e-01	-5.079637667099079490e-01	0.000000000000000000e+00
8.280116564053663364e-01	-5.079637667099079490e-01	0.000000000000000000e+00
8.296349065178560966e-01	-5.245113434527644003e-01	0.000000000000000000e+00
8.301221811135184314e-01	-5.381118875282967506e-01	0.000000000000000000e+00
8.322993368738722531e-01	-5.565327013423668756e-01	0.000000000000000000e+00
8.322993368738722531e-01	-5.614878723744899380e-01	0.000000000000000000e+00
8.322993368738722531e-01	-5.698911166348733515e-01	0.000000000000000000e+00
8.336663653875582281e-01	-5.894847632367475887e-01	0.000000000000000000e+00
8.343498796444012156e-01	-5.985678099399122098e-01	0.000000000000000000e+00
8.350333939012442031e-01	-6.043383921546250370e-01	0.000000000000000000e+00
8.365482230717479206e-01	-6.245360459012139209e-01	0.000000000000000000e+00
8.365482230717479206e-01	-6.245360459012139209e-01	0.000000000000000000e+00
8.387616899773566725e-01	-6.546747054420171130e-01	0.000000000000000000e+00
8.375810561961434253e-01	-6.494259635913353090e-01	0.000000000000000000e+00
8.387616899773566725e-01	-6.712298956746436396e-01	0.000000000000000000e+00
8.387616899773566725e-01	-6.712298956746436396e-01	0.000000000000000000e+00
8.450419779522995167e-01	-7.221084764162438718e-01	0.000000000000000000e+00
8.414343369620337354e-01	-6.967492184061220284e-01	0.000000000000000000e+00
8.450419779522995167e-01	-7.221084764162438718e-01	0.000000000000000000e+00
8.450419779522995167e-01	-7.221084764162438718e-01	0.000000000000000000e+00
8.450419779522995167e-01	-7.221084764162438718e-01	0.000000000000000000e+00
8.498624830204810632e-01	-7.418358201126309392e-01	0.000000000000000000e+00
8.498624830204810632e-01	-7.418358201126309392e-01	0.000000000000000000e+00
8.498624830204810632e-01	-7.418358201126309392e-01	0.000000000000000000e+00
