0.000000000000000000e+00	1.064718426399229756e+00	0.000000000000000000e+00
9.376064067680330016e-03	9.598740935555304388e-01	0.000000000000000000e+00
3.307358902630861547e-02	8.524305588759207852e-01	0.000000000000000000e+00
4.843659473436551233e-02	8.005892541379734384e-01	0.000000000000000000e+00
5.578790330187618357e-02	7.664046036368317161e-01	0.000000000000000000e+00
7.279450826602935909e-02	7.384950745160714369e-01	0.000000000000000000e+00
8.749712540105070158e-02	6.937214431846004947e-01	0.000000000000000000e+00
8.749712540105070158e-02	6.937214431846004947e-01	0.000000000000000000e+00
8.749712540105070158e-02	6.937214431846004947e-01	0.000000000000000000e+00
8.749712540105070158e-02	6.937214431846004947e-01	0.000000000000000000e+00
8.749712540105070158e-02	6.937214431846004947e-01	0.000000000000000000e+00
8.749712540105070158e-02	6.937214431846004947e-01	0.000000000000000000e+00
8.749712540105070158e-02	6.937214431846004947e-01	0.000000000000000000e+00
1.993960503471417511e-01	5.845587545775501326e-01	0.000000000000000000e+00
2.075702533250438075e-01	5.465202784787788204e-01	0.000000000000000000e+00
2.149223508854636588e-01	4.572392772625368251e-01	0.000000000000000000e+00
2.220368324930067361e-01	4.067588077020385939e-01	0.000000000000000000e+00
2.252973169111894824e-01	3.742256705515583093e-01	0.000000000000000000e+00
2.348506494373355791e-01	3.169770992307308632e-01	0.000000000000000000e+00
2.386228544016876230e-01	2.972960447039192933e-01	0.000000000000000000e+00
2.481761869278337196e-01	2.630455859894821335e-01	0.000000000000000000e+00
2.577295194539798162e-01	2.523514729689878555e-01	0.000000000000000000e+00
2.577295194539798162e-01	2.523514729689878555e-01	0.000000000000000000e+00
2.577295194539798162e-01	2.523514729689878555e-01	0.000000000000000000e+00
2.577295194539798162e-01	2.523514729689878555e-01	0.000000000000000000e+00
2.577295194539798162e-01	2.523514729689878555e-01	0.000000000000000000e+00
2.577295194539798162e-01	2.523514729689878555e-01	0.000000000000000000e+00
2.577295194539798162e-01	2.523514729689878555e-01	0.000000000000000000e+00
2.577295194539798162e-01	2.523514729689878555e-01	0.000000000000000000e+00
2.577295194539798162e-01	2.523514729689878555e-01	0.000000000000000000e+00
4.130985054726051264e-01	2.063479335145132765e-01	0.000000000000000000e+00
4.148819208108478485e-01	1.794841353504312287e-01	0.000000000000000000e+00
4.195602984433015603e-01	1.317349923506082043e-01	0.000000000000000000e+00
4.243609462409119182e-01	1.093541240645086038e-01	0.000000000000000000e+00
4.265581040572095639e-01	8.100344089439037720e-02	0.000000000000000000e+00
4.304336977770194528e-01	4.050706005405865784e-02	0.000000000000000000e+00
4.304336977770194528e-01	3.010039568421116543e-02	0.000000000000000000e+00
4.340795717925959307e-01	-6.077078400251164974e-05	0.000000000000000000e+00
4.361692800698165895e-01	-1.984703318045908174e-02	0.000000000000000000e+00
4.390370712162151579e-01	-4.924072550265769926e-02	0.000000000000000000e+00
4.458175076476226240e-01	-8.113423615187788374e-02	0.000000000000000000e+00
4.492077258633263570e-01	-9.091690533268717567e-02	0.000000000000000000e+00
4.492077258633263570e-01	-9.091690533268717567e-02	0.000000000000000000e+00
4.492077258633263570e-01	-9.091690533268717567e-02	0.000000000000000000e+00
4.458175076476226240e-01	-8.113423615187788374e-02	0.000000000000000000e+00
4.458175076476226240e-01	-8.113423615187788374e-02	0.000000000000000000e+00
4.458175076476226240e-01	-8.113423615187788374e-02	0.000000000000000000e+00
4.419048623626137262e-01	-6.969885724760011003e-02	0.000000000000000000e+00
4.419048623626137262e-01	-6.969885724760011003e-02	0.000000000000000000e+00
6.223348230978789086e-01	-1.447773605863137691e-01	0.000000000000000000e+00
6.223348230978789086e-01	-1.447773605863137691e-01	0.000000000000000000e+00
6.223348230978789086e-01	-1.447773605863137691e-01	0.000000000000000000e+00
6.231961143080938514e-01	-1.724975933819714036e-01	0.000000000000000000e+00
6.256228560982444176e-01	-2.040438246851449533e-01	0.000000000000000000e+00
6.256228560982444176e-01	-2.100447999055965742e-01	0.000000000000000000e+00
6.324107944030955553e-01	-2.944928846635465614e-01	0.000000000000000000e+00
6.324107944030955553e-01	-2.944928846635465614e-01	0.000000000000000000e+00
6.306285602200440987e-01	-2.867832511301341980e-01	0.000000000000000000e+00
6.306285602200440987e-01	-2.867832511301341980e-01	0.000000000000000000e+00
6.347844105863399422e-01	-3.208255120703298879e-01	0.000000000000000000e+00
6.347844105863399422e-01	-3.208255120703298879e-01	0.000000000000000000e+00
6.390886877917836273e-01	-3.529421845390600110e-01	0.000000000000000000e+00
6.390886877917836273e-01	-3.529421845390600110e-01	0.000000000000000000e+00
6.439843469974202428e-01	-3.863522434198659594e-01	0.000000000000000000e+00
6.439843469974202428e-01	-3.863522434198659594e-01	0.000000000000000000e+00
6.460852502702388866e-01	-3.948233867770109540e-01	0.000000000000000000e+00
6.481861535430575305e-01	-4.125483684033058873e-01	0.000000000000000000e+00
6.481861535430575305e-01	-4.138498515880982831e-01	0.000000000000000000e+00
6.481861535430575305e-01	-4.138498515880982831e-01	0.000000000000000000e+00
6.481861535430575305e-01	-4.138498515880982831e-01	0.000000000000000000e+00
6.481861535430575305e-01	-4.138498515880982831e-01	0.000000000000000000e+00
6.481861535430575305e-01	-4.138498515880982831e-01	0.000000000000000000e+00
8.256716707315194803e-01	-4.399081723955915457e-01	0.000000000000000000e+00
8.256716707315194803e-01	-4.399081723955915457e-01	0.000000000000000000e+00
8.256716707315194803e-01	-4.508215193143315647e-01	0.000000000000000000e+00
8.274505356504369136e-01	-4.731179745527618330e-01	0.000000000000000000e+00
8.310927857094729809e-01	-5.316506513250680577e-01	0.000000000000000000e+00
8.310927857094729809e-01	-5.316506513250680577e-01	0.000000000000000000e+00
8.310927857094729809e-01	-5.316506513250680577e-01	0.000000000000000000e+00
8.310927857094729809e-01	-5.316506513250680577e-01	0.000000000000000000e+00
8.310927857094729809e-01	-5.361853235848913490e-01	0.000000000000000000e+00
8.312419647758405583e-01	-5.475420214864058499e-01	0.000000000000000000e+00
8.330630898053585920e-01	-5.738352803536027613e-01	0.000000000000000000e+00
8.330630898053585920e-01	-5.738352803536027613e-01	0.000000000000000000e+00
8.350333939012442031e-01	-6.000497451208588462e-01	0.000000000000000000e+00
8.350333939012442031e-01	-6.000497451208588462e-01	0.000000000000000000e+00
8.366729561553841732e-01	-6.204684658325192448e-01	0.000000000000000000e+00
8.366729561553841732e-01	-6.204684658325192448e-01	0.000000000000000000e+00
8.376581082033269787e-01	-6.274977342988933282e-01	0.000000000000000000e+00
8.376581082033269787e-01	-6.364166402300711622e-01	0.000000000000000000e+00
8.398472100264838813e-01	-6.653050761196112051e-01	0.000000000000000000e+00
8.398472100264838813e-01	-6.653050761196112051e-01	0.000000000000000000e+00
8.409417609380622771e-01	-6.773577740979082051e-01	0.000000000000000000e+00
8.499542622515450230e-01	-7.281657266412037144e-01	0.000000000000000000e+00
8.413569738334207848e-01	-6.857622652401983432e-01	0.000000000000000000e+00
8.465240586891487062e-01	-6.975133512809631453e-01	0.000000000000000000e+00
8.499542622515450230e-01	-7.281657266412037144e-01	0.000000000000000000e+00
8.499542622515450230e-01	-7.281657266412037144e-01	0.000000000000000000e+00
8.499542622515450230e-01	-7.281657266412037144e-01	0.000000000000000000e+00
8.499542622515450230e-01	-7.302914440542933594e-01	0.000000000000000000e+00
