0.000000000000000000e+00	1.032559617210533354e+00	0.000000000000000000e+00
1.650609940339602816e-02	8.697102485106429359e-01	0.000000000000000000e+00
3.124196387972064115e-02	8.068647993723759848e-01	0.000000000000000000e+00
4.144042528142129200e-02	7.596588596844852104e-01	0.000000000000000000e+00
5.935714064980628091e-02	7.074292008518793251e-01	0.000000000000000000e+00
7.462613341261734035e-02	6.797461556289554618e-01	0.000000000000000000e+00
7.875349198772996218e-02	6.729345400112709541e-01	0.000000000000000000e+00
7.875349198772996218e-02	6.729345400112709541e-01	0.000000000000000000e+00
7.875349198772996218e-02	6.729345400112709541e-01	0.000000000000000000e+00
7.875349198772996218e-02	6.729345400112709541e-01	0.000000000000000000e+00
7.875349198772996218e-02	6.729345400112709541e-01	0.000000000000000000e+00
8.207676892569071292e-02	6.721490246201938801e-01	0.000000000000000000e+00
8.207676892569071292e-02	6.721490246201938801e-01	0.000000000000000000e+00
1.993960503471417511e-01	5.615909098922943210e-01	0.000000000000000000e+00
2.066293399311232015e-01	5.117855066865304448e-01	0.000000000000000000e+00
2.142736822238457961e-01	4.461299825497125893e-01	0.000000000000000000e+00
2.220368324930067361e-01	4.030591229466579106e-01	0.000000000000000000e+00
2.286833863689282376e-01	3.465350745182081971e-01	0.000000000000000000e+00
2.348506494373355791e-01	3.114028894807475689e-01	0.000000000000000000e+00
2.426593178100262538e-01	2.733181938671239153e-01	0.000000000000000000e+00
2.531243053173713453e-01	2.455498352112255867e-01	0.000000000000000000e+00
2.577295194539798162e-01	2.423561790410623251e-01	0.000000000000000000e+00
2.577295194539798162e-01	2.423561790410623251e-01	0.000000000000000000e+00
2.577295194539798162e-01	2.423561790410623251e-01	0.000000000000000000e+00
2.577295194539798162e-01	2.423561790410623251e-01	0.000000000000000000e+00
2.577295194539798162e-01	2.423561790410623251e-01	0.000000000000000000e+00
2.577295194539798162e-01	2.423561790410623251e-01	0.000000000000000000e+00
2.577295194539798162e-01	2.423561790410623251e-01	0.000000000000000000e+00
2.577295194539798162e-01	2.423561790410623251e-01	0.000000000000000000e+00
4.130985054726051264e-01	1.928174510317404999e-01	0.000000000000000000e+00
4.130985054726051264e-01	1.928174510317404999e-01	0.000000000000000000e+00
4.179052416914760260e-01	1.365997294539974816e-01	0.000000000000000000e+00
4.205763993018056812e-01	1.014661912667774585e-01	0.000000000000000000e+00
4.227239231805854369e-01	7.762406245119703174e-02	0.000000000000000000e+00
4.253006472655799786e-01	5.086592542596678201e-02	0.000000000000000000e+00
4.282179273385164353e-01	2.667656671102259722e-02	0.000000000000000000e+00
4.318283032529556253e-01	-1.478532240222616041e-02	0.000000000000000000e+00
4.344418859262470511e-01	-3.207051687724762207e-02	0.000000000000000000e+00
4.390370712162151579e-01	-6.753858425960786172e-02	0.000000000000000000e+00
4.415158209280247714e-01	-7.643040223922541176e-02	0.000000000000000000e+00
4.447333180672534692e-01	-1.012091346917151913e-01	0.000000000000000000e+00
4.526487242635330310e-01	-1.189611739582314420e-01	0.000000000000000000e+00
4.526487242635330310e-01	-1.201561721504724733e-01	0.000000000000000000e+00
4.526487242635330310e-01	-1.201561721504724733e-01	0.000000000000000000e+00
4.526487242635330310e-01	-1.201561721504724733e-01	0.000000000000000000e+00
4.526487242635330310e-01	-1.201561721504724733e-01	0.000000000000000000e+00
4.526487242635330310e-01	-1.201561721504724733e-01	0.000000000000000000e+00
4.526487242635330310e-01	-1.201561721504724733e-01	0.000000000000000000e+00
4.526487242635330310e-01	-1.201561721504724733e-01	0.000000000000000000e+00
6.211033039822377866e-01	-1.531008553060374255e-01	0.000000000000000000e+00
6.211033039822377866e-01	-1.531008553060374255e-01	0.000000000000000000e+00
6.226768378416225325e-01	-1.861744912683099273e-01	0.000000000000000000e+00
6.250371386306995403e-01	-2.108990258022116482e-01	0.000000000000000000e+00
6.250371386306995403e-01	-2.182467361431140451e-01	0.000000000000000000e+00
6.266066380965091831e-01	-2.383465765788678747e-01	0.000000000000000000e+00
6.285891876281058943e-01	-2.559637369077479851e-01	0.000000000000000000e+00
6.288118039890189248e-01	-2.759634401390429481e-01	0.000000000000000000e+00
6.316566707018040905e-01	-3.065093929807793383e-01	0.000000000000000000e+00
6.327618432991031217e-01	-3.124815396617039442e-01	0.000000000000000000e+00
6.351778777036372059e-01	-3.434029003681926540e-01	0.000000000000000000e+00
6.351778777036372059e-01	-3.513498763681694448e-01	0.000000000000000000e+00
6.371528973586793043e-01	-3.689904939046648180e-01	0.000000000000000000e+00
6.386270025708465914e-01	-3.843436935205583049e-01	0.000000000000000000e+00
6.397793656828854036e-01	-3.923766502519632771e-01	0.000000000000000000e+00
6.418034755565624749e-01	-4.112278881555465060e-01	0.000000000000000000e+00
6.447363734940156910e-01	-4.244578568094278803e-01	0.000000000000000000e+00
6.487845932413698335e-01	-4.487303936755126510e-01	0.000000000000000000e+00
6.487845932413698335e-01	-4.487303936755126510e-01	0.000000000000000000e+00
6.528328129887240872e-01	-4.526744985314813952e-01	0.000000000000000000e+00
6.528328129887240872e-01	-4.526744985314813952e-01	0.000000000000000000e+00
6.528328129887240872e-01	-4.526744985314813952e-01	0.000000000000000000e+00
6.528328129887240872e-01	-4.526744985314813952e-01	0.000000000000000000e+00
6.528328129887240872e-01	-4.526744985314813952e-01	0.000000000000000000e+00
8.247680450742298497e-01	-4.657304586520720213e-01	0.000000000000000000e+00
8.263903322221052283e-01	-4.811576135765853746e-01	0.000000000000000000e+00
8.263903322221052283e-01	-4.987968979766848610e-01	0.000000000000000000e+00
8.270516215436872764e-01	-5.125925385444543014e-01	0.000000000000000000e+00
8.276819747091896939e-01	-5.223678732351938470e-01	0.000000000000000000e+00
8.284931182831273278e-01	-5.393053807919525600e-01	0.000000000000000000e+00
8.288237629439183518e-01	-5.480984099557620892e-01	0.000000000000000000e+00
8.325728758388515338e-01	-5.849338876238430185e-01	0.000000000000000000e+00
8.325728758388515338e-01	-5.849338876238430185e-01	0.000000000000000000e+00
8.325728758388515338e-01	-5.874903755502337566e-01	0.000000000000000000e+00
8.325728758388515338e-01	-6.030827149304106571e-01	0.000000000000000000e+00
8.342031093823556454e-01	-6.181035301936254056e-01	0.000000000000000000e+00
8.342031093823556454e-01	-6.228815712051707365e-01	0.000000000000000000e+00
8.343244920431368561e-01	-6.319580416759154051e-01	0.000000000000000000e+00
8.360761082474221784e-01	-6.476656935303856111e-01	0.000000000000000000e+00
8.371177027929272985e-01	-6.604946530560898976e-01	0.000000000000000000e+00
8.371177027929272985e-01	-6.662054355948237028e-01	0.000000000000000000e+00
8.382223231990657553e-01	-6.765484831264567678e-01	0.000000000000000000e+00
8.404927582941874586e-01	-6.912341444566983961e-01	0.000000000000000000e+00
8.407430301589324806e-01	-6.953890816530458041e-01	0.000000000000000000e+00
8.414561731538603429e-01	-7.105658248343985628e-01	0.000000000000000000e+00
8.426698598782781380e-01	-7.173086473658435436e-01	0.000000000000000000e+00
8.469604582037766338e-01	-7.365018830744581857e-01	0.000000000000000000e+00
8.469604582037766338e-01	-7.365018830744581857e-01	0.000000000000000000e+00
8.469604582037766338e-01	-7.408898978269726765e-01	0.000000000000000000e+00
8.492706485503673797e-01	-7.522937545111130220e-01	0.000000000000000000e+00
8.525710428864119450e-01	-7.579759978013367316e-01	0.000000000000000000e+00
