0.000000000000000000e+00	1.046616190458798501e+00	0.000000000000000000e+00
1.650609940339602816e-02	8.874477304936183586e-01	0.000000000000000000e+00
3.124196387972064115e-02	8.302199654616032598e-01	0.000000000000000000e+00
4.042489759381928671e-02	7.835253233078857127e-01	0.000000000000000000e+00
5.935714064980628091e-02	7.124528138914743014e-01	0.000000000000000000e+00
7.462613341261734035e-02	6.850516512765985055e-01	0.000000000000000000e+00
7.875349198772996218e-02	6.794480607468570410e-01	0.000000000000000000e+00
7.875349198772996218e-02	6.794480607468570410e-01	0.000000000000000000e+00
7.875349198772996218e-02	6.794480607468570410e-01	0.000000000000000000e+00
7.875349198772996218e-02	6.794480607468570410e-01	0.000000000000000000e+00
7.875349198772996218e-02	6.794480607468570410e-01	0.000000000000000000e+00
7.875349198772996218e-02	6.794480607468570410e-01	0.000000000000000000e+00
7.875349198772996218e-02	6.794480607468570410e-01	0.000000000000000000e+00
1.993960503471417511e-01	5.701078018078954424e-01	0.000000000000000000e+00
2.075702533250438075e-01	5.093730157401455960e-01	0.000000000000000000e+00
2.142736822238457961e-01	4.544684113455130237e-01	0.000000000000000000e+00
2.220368324930067361e-01	3.983462298964298154e-01	0.000000000000000000e+00
2.286833863689282376e-01	3.519116474812454265e-01	0.000000000000000000e+00
2.348506494373355791e-01	3.146789218213488781e-01	0.000000000000000000e+00
2.432064529114540408e-01	2.829489757756939450e-01	0.000000000000000000e+00
2.481761869278337196e-01	2.630455859894821335e-01	0.000000000000000000e+00
2.577295194539798162e-01	2.449908607067589061e-01	0.000000000000000000e+00
2.577295194539798162e-01	2.449908607067589061e-01	0.000000000000000000e+00
2.577295194539798162e-01	2.449908607067589061e-01	0.000000000000000000e+00
2.577295194539798162e-01	2.449908607067589061e-01	0.000000000000000000e+00
2.577295194539798162e-01	2.449908607067589061e-01	0.000000000000000000e+00
2.577295194539798162e-01	2.449908607067589061e-01	0.000000000000000000e+00
2.577295194539798162e-01	2.449908607067589061e-01	0.000000000000000000e+00
2.577295194539798162e-01	2.449908607067589061e-01	0.000000000000000000e+00
2.577295194539798162e-01	2.477747469233489430e-01	0.000000000000000000e+00
4.130985054726051264e-01	2.011433190192588039e-01	0.000000000000000000e+00
4.156871748278382350e-01	1.671223405947711571e-01	0.000000000000000000e+00
4.178380181876371613e-01	1.402599320924799442e-01	0.000000000000000000e+00
4.230956352893678329e-01	8.712820898786050039e-02	0.000000000000000000e+00
4.243609462409119182e-01	6.717902938339777308e-02	0.000000000000000000e+00
4.292823203884621464e-01	2.887450748596201086e-02	0.000000000000000000e+00
4.304336977770194528e-01	1.611874855078225879e-02	0.000000000000000000e+00
4.347353844966173053e-01	-2.438645600557253629e-02	0.000000000000000000e+00
4.390370712162151579e-01	-5.006310452297305785e-02	0.000000000000000000e+00
4.415158209280247714e-01	-6.480862535909827360e-02	0.000000000000000000e+00
4.492077258633263570e-01	-9.249355250232572934e-02	0.000000000000000000e+00
4.517503895251041568e-01	-1.073520259403102362e-01	0.000000000000000000e+00
4.542930531868819566e-01	-1.083257110600312351e-01	0.000000000000000000e+00
4.542930531868819566e-01	-1.083257110600312351e-01	0.000000000000000000e+00
4.542930531868819566e-01	-1.083257110600312351e-01	0.000000000000000000e+00
4.542930531868819566e-01	-1.083257110600312351e-01	0.000000000000000000e+00
4.542930531868819566e-01	-1.083257110600312351e-01	0.000000000000000000e+00
4.542930531868819566e-01	-1.083257110600312351e-01	0.000000000000000000e+00
4.542930531868819566e-01	-1.083257110600312351e-01	0.000000000000000000e+00
4.542930531868819566e-01	-1.083257110600312351e-01	0.000000000000000000e+00
6.204686412371891446e-01	-1.422253254539925793e-01	0.000000000000000000e+00
6.250784369341878532e-01	-1.935637327656831719e-01	0.000000000000000000e+00
6.250784369341878532e-01	-1.935637327656831719e-01	0.000000000000000000e+00
6.250784369341878532e-01	-2.032109497976316015e-01	0.000000000000000000e+00
6.281257081591442581e-01	-2.457463212232735561e-01	0.000000000000000000e+00
6.281257081591442581e-01	-2.457463212232735561e-01	0.000000000000000000e+00
6.294142408993811388e-01	-2.651382306125700805e-01	0.000000000000000000e+00
6.311797221707110550e-01	-2.845459349535255367e-01	0.000000000000000000e+00
6.316566707018040905e-01	-2.950894944470687786e-01	0.000000000000000000e+00
6.338779343141769385e-01	-3.235109560813962393e-01	0.000000000000000000e+00
6.351466993206674738e-01	-3.402948242629402764e-01	0.000000000000000000e+00
6.364761659847006925e-01	-3.554615243001479907e-01	0.000000000000000000e+00
6.367982991697598294e-01	-3.623081155024950317e-01	0.000000000000000000e+00
6.397793656828854036e-01	-3.829549074795191022e-01	0.000000000000000000e+00
6.408596466603004860e-01	-3.967521940919319090e-01	0.000000000000000000e+00
6.415365173946019350e-01	-4.085383373831934506e-01	0.000000000000000000e+00
6.449870489928809514e-01	-4.258834494499771361e-01	0.000000000000000000e+00
6.531757988160020734e-01	-4.386042166649571916e-01	0.000000000000000000e+00
6.531757988160020734e-01	-4.419855268315334706e-01	0.000000000000000000e+00
6.531757988160020734e-01	-4.419855268315334706e-01	0.000000000000000000e+00
6.531757988160020734e-01	-4.419855268315334706e-01	0.000000000000000000e+00
6.531757988160020734e-01	-4.419855268315334706e-01	0.000000000000000000e+00
6.531757988160020734e-01	-4.386042166649571916e-01	0.000000000000000000e+00
8.252184134559531481e-01	-4.572299383271637985e-01	0.000000000000000000e+00
8.270309974396341524e-01	-4.903812158216285244e-01	0.000000000000000000e+00
8.270309974396341524e-01	-4.903812158216285244e-01	0.000000000000000000e+00
8.270309974396341524e-01	-4.940307443600687187e-01	0.000000000000000000e+00
8.280116564053663364e-01	-5.108153631777269110e-01	0.000000000000000000e+00
8.296349065178560966e-01	-5.340438609342929022e-01	0.000000000000000000e+00
8.296349065178560966e-01	-5.340438609342929022e-01	0.000000000000000000e+00
8.309671216958641748e-01	-5.547287393372936082e-01	0.000000000000000000e+00
8.309671216958641748e-01	-5.655418879805285126e-01	0.000000000000000000e+00
8.322993368738722531e-01	-5.843547320164567127e-01	0.000000000000000000e+00
8.322993368738722531e-01	-5.843547320164567127e-01	0.000000000000000000e+00
8.343089849530429536e-01	-5.962556407740501330e-01	0.000000000000000000e+00
8.343089849530429536e-01	-6.076358565731629913e-01	0.000000000000000000e+00
8.353751510296656413e-01	-6.217551825843441460e-01	0.000000000000000000e+00
8.363186330322137652e-01	-6.323147905730776008e-01	0.000000000000000000e+00
8.363186330322137652e-01	-6.390397771003958338e-01	0.000000000000000000e+00
8.368350495944114620e-01	-6.519932530710358387e-01	0.000000000000000000e+00
8.387616899773566725e-01	-6.721022532640302805e-01	0.000000000000000000e+00
8.387616899773566725e-01	-6.721022532640302805e-01	0.000000000000000000e+00
8.391961032221287864e-01	-6.793747385395688676e-01	0.000000000000000000e+00
8.414343369620337354e-01	-6.920672467535594619e-01	0.000000000000000000e+00
8.414343369620337354e-01	-6.972822301200822803e-01	0.000000000000000000e+00
8.432381574571665706e-01	-7.094086010981264234e-01	0.000000000000000000e+00
8.432381574571665706e-01	-7.166961456124749663e-01	0.000000000000000000e+00
8.498624830204810632e-01	-7.303791745242105282e-01	0.000000000000000000e+00
8.498624830204810632e-01	-7.406170089733484785e-01	0.000000000000000000e+00
8.498624830204810632e-01	-7.418358201126309392e-01	0.000000000000000000e+00
