0.000000000000000000e+00	1.705738398246178011e+00	0.000000000000000000e+00
1.147897297426801050e-02	1.555303539314740080e+00	0.000000000000000000e+00
2.464946231439510069e-02	1.438559629824470720e+00	0.000000000000000000e+00
5.099044099464928453e-02	1.344284915934001123e+00	0.000000000000000000e+00
5.099044099464928453e-02	1.344284915934001123e+00	0.000000000000000000e+00
5.099044099464928453e-02	1.344284915934001123e+00	0.000000000000000000e+00
1.036723983551576522e-01	1.283988857141112883e+00	0.000000000000000000e+00
1.036723983551576522e-01	1.272560737979572920e+00	0.000000000000000000e+00
1.036723983551576522e-01	1.272560737979572920e+00	0.000000000000000000e+00
1.036723983551576522e-01	1.272560737979572920e+00	0.000000000000000000e+00
1.172886938674574386e-01	1.281007020794051376e+00	0.000000000000000000e+00
1.765969573402367265e-01	1.252637438310881812e+00	0.000000000000000000e+00
1.995712657565161530e-01	1.145282976667613584e+00	0.000000000000000000e+00
2.225455741727955794e-01	1.069430361404517971e+00	0.000000000000000000e+00
2.225455741727955794e-01	9.422191757694585723e-01	0.000000000000000000e+00
2.225455741727955794e-01	9.422191757694585723e-01	0.000000000000000000e+00
2.225455741727955794e-01	9.422191757694585723e-01	0.000000000000000000e+00
2.386197040340362618e-01	7.096439225416963925e-01	0.000000000000000000e+00
2.386197040340362618e-01	7.096439225416963925e-01	0.000000000000000000e+00
2.386197040340362618e-01	7.096439225416963925e-01	0.000000000000000000e+00
2.386197040340362618e-01	7.096439225416963925e-01	0.000000000000000000e+00
2.570040913353929257e-01	6.931797158512370549e-01	0.000000000000000000e+00
2.570040913353929257e-01	6.931797158512370549e-01	0.000000000000000000e+00
2.570040913353929257e-01	6.809479685611916633e-01	0.000000000000000000e+00
2.570040913353929257e-01	6.809479685611916633e-01	0.000000000000000000e+00
2.570040913353929257e-01	6.809479685611916633e-01	0.000000000000000000e+00
2.570040913353929257e-01	6.809479685611916633e-01	0.000000000000000000e+00
2.570040913353929257e-01	6.809479685611916633e-01	0.000000000000000000e+00
2.570040913353929257e-01	6.809479685611916633e-01	0.000000000000000000e+00
4.193207203436323249e-01	4.970569175842657894e-01	0.000000000000000000e+00
4.193207203436323249e-01	4.970569175842657894e-01	0.000000000000000000e+00
4.193207203436323249e-01	4.970569175842657894e-01	0.000000000000000000e+00
4.193207203436323249e-01	4.970569175842657894e-01	0.000000000000000000e+00
4.193207203436323249e-01	4.970569175842657894e-01	0.000000000000000000e+00
4.238678375356509931e-01	4.754643663974482681e-01	0.000000000000000000e+00
4.238678375356509931e-01	4.754643663974482681e-01	0.000000000000000000e+00
4.238678375356509931e-01	4.634646884010083512e-01	0.000000000000000000e+00
4.267973072760791187e-01	4.343899767918685262e-01	0.000000000000000000e+00
4.355857164973636064e-01	3.765563810780782616e-01	0.000000000000000000e+00
4.355857164973636064e-01	3.765563810780782616e-01	0.000000000000000000e+00
4.355857164973636064e-01	3.137575057314728744e-01	0.000000000000000000e+00
4.355857164973636064e-01	3.137575057314728744e-01	0.000000000000000000e+00
4.355857164973636064e-01	3.137575057314728744e-01	0.000000000000000000e+00
4.339643806441969565e-01	2.598987155405522165e-01	0.000000000000000000e+00
4.339643806441969565e-01	2.598987155405522165e-01	0.000000000000000000e+00
4.414446559782199131e-01	2.522460804271848267e-01	0.000000000000000000e+00
4.414446559782199131e-01	2.522460804271848267e-01	0.000000000000000000e+00
4.414446559782199131e-01	2.510230884453453215e-01	0.000000000000000000e+00
4.339643806441969565e-01	2.598987155405522165e-01	0.000000000000000000e+00
4.339643806441969565e-01	2.598987155405522165e-01	0.000000000000000000e+00
4.339643806441969565e-01	2.598987155405522165e-01	0.000000000000000000e+00
4.505462671654094642e-01	2.774073279175515716e-01	0.000000000000000000e+00
4.505462671654094642e-01	2.774073279175515716e-01	0.000000000000000000e+00
4.505462671654094642e-01	2.774073279175515716e-01	0.000000000000000000e+00
4.505462671654094642e-01	2.774073279175515716e-01	0.000000000000000000e+00
6.488696543678613704e-01	5.118367285243591996e-02	0.000000000000000000e+00
6.488696543678613704e-01	5.118367285243591996e-02	0.000000000000000000e+00
6.488696543678613704e-01	6.133622912426966306e-02	0.000000000000000000e+00
6.488696543678613704e-01	6.133622912426966306e-02	0.000000000000000000e+00
6.488696543678613704e-01	5.214484538223804200e-02	0.000000000000000000e+00
6.488696543678613704e-01	5.214484538223804200e-02	0.000000000000000000e+00
6.488696543678613704e-01	5.214484538223804200e-02	0.000000000000000000e+00
6.488696543678613704e-01	5.214484538223804200e-02	0.000000000000000000e+00
6.488696543678613704e-01	5.214484538223804200e-02	0.000000000000000000e+00
6.488696543678613704e-01	5.214484538223804200e-02	0.000000000000000000e+00
6.488696543678613704e-01	4.533590861340698608e-02	0.000000000000000000e+00
6.488696543678613704e-01	4.533590861340698608e-02	0.000000000000000000e+00
6.488696543678613704e-01	7.842614676469507329e-02	0.000000000000000000e+00
6.488696543678613704e-01	7.842614676469507329e-02	0.000000000000000000e+00
8.294587217262179291e-01	-9.366825976452484992e-02	0.000000000000000000e+00
8.294587217262179291e-01	-9.366825976452484992e-02	0.000000000000000000e+00
8.266406453629240314e-01	-1.106243073873830196e-01	0.000000000000000000e+00
8.266406453629240314e-01	-1.106243073873830196e-01	0.000000000000000000e+00
8.266406453629240314e-01	-1.106243073873830196e-01	0.000000000000000000e+00
8.266406453629240314e-01	-1.106243073873830196e-01	0.000000000000000000e+00
8.266406453629240314e-01	-1.106243073873830196e-01	0.000000000000000000e+00
8.266406453629240314e-01	-1.009864230178848105e-01	0.000000000000000000e+00
8.266406453629240314e-01	-1.009864230178848105e-01	0.000000000000000000e+00
8.266406453629240314e-01	-1.009864230178848105e-01	0.000000000000000000e+00
8.266406453629240314e-01	-1.009864230178848105e-01	0.000000000000000000e+00
8.266406453629240314e-01	-1.009864230178848105e-01	0.000000000000000000e+00
8.387121067997203028e-01	-3.261128226120928453e-01	0.000000000000000000e+00
8.387121067997203028e-01	-3.261128226120928453e-01	0.000000000000000000e+00
8.387121067997203028e-01	-3.261128226120928453e-01	0.000000000000000000e+00
8.387121067997203028e-01	-3.261128226120928453e-01	0.000000000000000000e+00
8.387121067997203028e-01	-3.261128226120928453e-01	0.000000000000000000e+00
8.387121067997203028e-01	-3.261128226120928453e-01	0.000000000000000000e+00
8.369735920283352115e-01	-2.409760572098375020e-01	0.000000000000000000e+00
8.369735920283352115e-01	-2.409760572098375020e-01	0.000000000000000000e+00
8.387121067997203028e-01	-3.365841631509935983e-01	0.000000000000000000e+00
8.387121067997203028e-01	-3.365841631509935983e-01	0.000000000000000000e+00
8.387121067997203028e-01	-2.838645892184853969e-01	0.000000000000000000e+00
8.404225810102767813e-01	-2.559716489082460855e-01	0.000000000000000000e+00
8.404225810102767813e-01	-2.559716489082460855e-01	0.000000000000000000e+00
8.421330552208332598e-01	-2.000308493833919121e-01	0.000000000000000000e+00
8.421330552208332598e-01	-2.000308493833919121e-01	0.000000000000000000e+00
8.421330552208332598e-01	-2.000308493833919121e-01	0.000000000000000000e+00
8.421330552208332598e-01	-2.000308493833919121e-01	0.000000000000000000e+00
8.465073827101254889e-01	-1.862512925826173560e-01	0.000000000000000000e+00
8.465073827101254889e-01	-1.862512925826173560e-01	0.000000000000000000e+00
