0.000000000000000000e+00	1.174903925328520726e+00	0.000000000000000000e+00
1.608362603395163334e-02	1.030666999258871064e+00	0.000000000000000000e+00
3.307358902630861547e-02	9.290063700865612839e-01	0.000000000000000000e+00
4.648871295885122212e-02	8.930705223340845711e-01	0.000000000000000000e+00
5.809189113100801660e-02	8.096188478009146428e-01	0.000000000000000000e+00
7.299315268585471195e-02	7.841070472781976886e-01	0.000000000000000000e+00
8.749712540105070158e-02	7.488955171301826530e-01	0.000000000000000000e+00
8.749712540105070158e-02	7.388982604475805571e-01	0.000000000000000000e+00
8.749712540105070158e-02	7.388982604475805571e-01	0.000000000000000000e+00
8.749712540105070158e-02	7.388982604475805571e-01	0.000000000000000000e+00
8.749712540105070158e-02	7.388982604475805571e-01	0.000000000000000000e+00
8.749712540105070158e-02	7.388982604475805571e-01	0.000000000000000000e+00
8.749712540105070158e-02	7.388982604475805571e-01	0.000000000000000000e+00
1.998632027821280466e-01	6.137681576348744672e-01	0.000000000000000000e+00
2.075702533250438075e-01	5.825674200331651953e-01	0.000000000000000000e+00
2.152773038679595685e-01	4.852024558563852175e-01	0.000000000000000000e+00
2.220368324930067361e-01	4.436956037887315740e-01	0.000000000000000000e+00
2.292701220769882142e-01	3.811926411315652574e-01	0.000000000000000000e+00
2.365034116609696646e-01	3.721943488905448683e-01	0.000000000000000000e+00
2.442104622038854256e-01	3.111587201592689866e-01	0.000000000000000000e+00
2.471164655574747404e-01	2.992935051066827334e-01	0.000000000000000000e+00
2.577295194539798162e-01	2.655539165740420926e-01	0.000000000000000000e+00
2.577295194539798162e-01	2.629910595646693938e-01	0.000000000000000000e+00
2.577295194539798162e-01	2.629910595646693938e-01	0.000000000000000000e+00
2.577295194539798162e-01	2.629910595646693938e-01	0.000000000000000000e+00
2.577295194539798162e-01	2.629910595646693938e-01	0.000000000000000000e+00
2.577295194539798162e-01	2.629910595646693938e-01	0.000000000000000000e+00
2.577295194539798162e-01	2.629910595646693938e-01	0.000000000000000000e+00
2.577295194539798162e-01	2.629910595646693938e-01	0.000000000000000000e+00
2.577295194539798162e-01	2.629910595646693938e-01	0.000000000000000000e+00
2.577295194539798162e-01	2.629910595646693938e-01	0.000000000000000000e+00
4.148819208108478485e-01	2.106741886999140279e-01	0.000000000000000000e+00
4.172334601488077443e-01	1.760317223225159877e-01	0.000000000000000000e+00
4.304336977770194528e-01	4.941609412603015922e-02	0.000000000000000000e+00
4.304336977770194528e-01	4.941609412603015922e-02	0.000000000000000000e+00
4.285366576388333626e-01	7.114158131937364793e-02	0.000000000000000000e+00
4.304336977770194528e-01	4.941609412603015922e-02	0.000000000000000000e+00
4.350972547833936721e-01	8.670789972924955805e-03	0.000000000000000000e+00
4.350972547833936721e-01	8.670789972924955805e-03	0.000000000000000000e+00
4.382589883470372483e-01	-3.575052622177166822e-02	0.000000000000000000e+00
4.431201537011392189e-01	-3.944630781370984940e-02	0.000000000000000000e+00
4.431201537011392189e-01	-3.944630781370984940e-02	0.000000000000000000e+00
4.431201537011392189e-01	-3.944630781370984940e-02	0.000000000000000000e+00
4.382589883470372483e-01	-3.575686398239256991e-02	0.000000000000000000e+00
4.382589883470372483e-01	-3.575686398239256991e-02	0.000000000000000000e+00
4.382589883470372483e-01	-3.575686398239256991e-02	0.000000000000000000e+00
4.382589883470372483e-01	-3.575686398239256991e-02	0.000000000000000000e+00
4.382589883470372483e-01	-3.575686398239256991e-02	0.000000000000000000e+00
4.382589883470372483e-01	-3.575686398239256991e-02	0.000000000000000000e+00
6.219543016726916118e-01	-1.357002367339145699e-01	0.000000000000000000e+00
6.195331994867034897e-01	-9.760134926207909845e-02	0.000000000000000000e+00
6.219543016726916118e-01	-1.357002367339145699e-01	0.000000000000000000e+00
6.273709744880926475e-01	-1.993856325765596960e-01	0.000000000000000000e+00
6.241115990383135914e-01	-1.638003261811584454e-01	0.000000000000000000e+00
6.273709744880926475e-01	-1.993856325765596960e-01	0.000000000000000000e+00
6.273709744880926475e-01	-2.077699881270870241e-01	0.000000000000000000e+00
6.320938565135305609e-01	-2.372955612992803109e-01	0.000000000000000000e+00
6.297920766740807696e-01	-2.496035134744400696e-01	0.000000000000000000e+00
6.297920766740807696e-01	-2.496035134744400696e-01	0.000000000000000000e+00
6.322131788600688918e-01	-2.734099743391731896e-01	0.000000000000000000e+00
6.414202982178680568e-01	-3.480371631459330817e-01	0.000000000000000000e+00
6.368167385389684743e-01	-3.063461037344724081e-01	0.000000000000000000e+00
6.414202982178680568e-01	-3.480371631459330817e-01	0.000000000000000000e+00
6.414202982178680568e-01	-3.480371631459330817e-01	0.000000000000000000e+00
6.414202982178680568e-01	-3.480371631459330817e-01	0.000000000000000000e+00
6.446830983445578367e-01	-3.549966719766951551e-01	0.000000000000000000e+00
6.489069187584874943e-01	-3.682291710707937260e-01	0.000000000000000000e+00
6.494178785057567183e-01	-3.758328419868225967e-01	0.000000000000000000e+00
6.494178785057567183e-01	-3.758328419868225967e-01	0.000000000000000000e+00
6.494178785057567183e-01	-3.758328419868225967e-01	0.000000000000000000e+00
6.494178785057567183e-01	-3.758328419868225967e-01	0.000000000000000000e+00
8.292294005693542358e-01	-4.656814700264398366e-01	0.000000000000000000e+00
8.292294005693542358e-01	-4.428142529498544366e-01	0.000000000000000000e+00
8.292294005693542358e-01	-4.428142529498544366e-01	0.000000000000000000e+00
8.292294005693542358e-01	-4.428142529498544366e-01	0.000000000000000000e+00
8.292294005693542358e-01	-4.428142529498544366e-01	0.000000000000000000e+00
8.292294005693542358e-01	-4.656814700264398366e-01	0.000000000000000000e+00
8.301248106154445194e-01	-4.875652978730230513e-01	0.000000000000000000e+00
8.280818158339735557e-01	-4.713809233034699786e-01	0.000000000000000000e+00
8.306538184523530877e-01	-4.982411413986052029e-01	0.000000000000000000e+00
8.301248106154445194e-01	-4.995034590415305398e-01	0.000000000000000000e+00
8.363268315260206087e-01	-5.760598089019234314e-01	0.000000000000000000e+00
8.363268315260206087e-01	-5.760598089019234314e-01	0.000000000000000000e+00
8.357978236891120405e-01	-5.745247524217851343e-01	0.000000000000000000e+00
8.363268315260206087e-01	-5.760598089019234314e-01	0.000000000000000000e+00
8.357978236891120405e-01	-5.745247524217851343e-01	0.000000000000000000e+00
8.409349183393213245e-01	-6.245560287485734108e-01	0.000000000000000000e+00
8.409349183393213245e-01	-6.245560287485734108e-01	0.000000000000000000e+00
8.409349183393213245e-01	-6.245560287485734108e-01	0.000000000000000000e+00
8.409349183393213245e-01	-6.245560287485734108e-01	0.000000000000000000e+00
8.409349183393213245e-01	-6.245560287485734108e-01	0.000000000000000000e+00
8.409349183393213245e-01	-6.365137594379792763e-01	0.000000000000000000e+00
8.435536396522046454e-01	-6.465362908635760020e-01	0.000000000000000000e+00
8.435536396522046454e-01	-6.718200209549635149e-01	0.000000000000000000e+00
8.435536396522046454e-01	-6.718200209549635149e-01	0.000000000000000000e+00
8.435536396522046454e-01	-6.718200209549635149e-01	0.000000000000000000e+00
8.480169778077182308e-01	-7.043687744140506579e-01	0.000000000000000000e+00
8.480169778077182308e-01	-7.043687744140506579e-01	0.000000000000000000e+00
8.480169778077182308e-01	-7.043687744140506579e-01	0.000000000000000000e+00
8.480169778077182308e-01	-7.043687744140506579e-01	0.000000000000000000e+00
