0.000000000000000000e+00	1.600232122930911327e+00	0.000000000000000000e+00
1.147897297426801050e-02	1.413441003904652105e+00	0.000000000000000000e+00
2.464946231439510069e-02	1.374331096290588583e+00	0.000000000000000000e+00
3.663753091397797812e-02	1.273678508037678458e+00	0.000000000000000000e+00
6.445548705420335589e-02	1.151366140103666780e+00	0.000000000000000000e+00
7.783632143738204723e-02	1.089243309898107581e+00	0.000000000000000000e+00
7.783632143738204723e-02	1.089243309898107581e+00	0.000000000000000000e+00
7.783632143738204723e-02	1.089243309898107581e+00	0.000000000000000000e+00
7.783632143738204723e-02	1.089243309898107581e+00	0.000000000000000000e+00
8.720709767463721840e-02	1.112721724066230156e+00	0.000000000000000000e+00
8.720709767463721840e-02	1.112721724066230156e+00	0.000000000000000000e+00
8.720709767463721840e-02	1.112721724066230156e+00	0.000000000000000000e+00
1.995712657565161530e-01	1.038943457206845000e+00	0.000000000000000000e+00
1.995712657565161530e-01	1.024608417209400990e+00	0.000000000000000000e+00
2.162289932948158189e-01	8.885521796620873269e-01	0.000000000000000000e+00
2.234201001647469487e-01	7.440236774606420189e-01	0.000000000000000000e+00
2.351787359287551005e-01	6.090252670914058086e-01	0.000000000000000000e+00
2.351787359287551005e-01	6.090252670914058086e-01	0.000000000000000000e+00
2.351787359287551005e-01	6.090252670914058086e-01	0.000000000000000000e+00
2.351787359287551005e-01	6.090252670914058086e-01	0.000000000000000000e+00
2.351787359287551005e-01	6.090252670914058086e-01	0.000000000000000000e+00
2.570040913353929257e-01	5.542094795356019565e-01	0.000000000000000000e+00
2.570040913353929257e-01	5.542094795356019565e-01	0.000000000000000000e+00
2.570040913353929257e-01	5.542094795356019565e-01	0.000000000000000000e+00
2.570040913353929257e-01	5.542094795356019565e-01	0.000000000000000000e+00
2.570040913353929257e-01	5.617282399193991305e-01	0.000000000000000000e+00
2.570040913353929257e-01	5.623363611043150634e-01	0.000000000000000000e+00
2.570040913353929257e-01	5.673806983801756854e-01	0.000000000000000000e+00
2.570040913353929257e-01	5.673806983801756854e-01	0.000000000000000000e+00
2.547305327393836194e-01	5.617824379447819982e-01	0.000000000000000000e+00
2.547305327393836194e-01	5.617824379447819982e-01	0.000000000000000000e+00
4.193207203436323249e-01	5.222472145381317210e-01	0.000000000000000000e+00
4.193207203436323249e-01	4.782359778104598447e-01	0.000000000000000000e+00
4.238678375356509931e-01	3.912294071375661542e-01	0.000000000000000000e+00
4.238678375356509931e-01	3.912294071375661542e-01	0.000000000000000000e+00
4.256524660580096042e-01	2.928423984277162551e-01	0.000000000000000000e+00
4.256524660580096042e-01	2.928423984277162551e-01	0.000000000000000000e+00
4.256524660580096042e-01	2.928423984277162551e-01	0.000000000000000000e+00
4.256524660580096042e-01	2.791522104507840885e-01	0.000000000000000000e+00
4.256524660580096042e-01	2.791522104507840885e-01	0.000000000000000000e+00
4.407726209936713713e-01	2.183473363190397143e-01	0.000000000000000000e+00
4.407726209936713713e-01	2.183473363190397143e-01	0.000000000000000000e+00
4.407726209936713713e-01	1.823579532202132258e-01	0.000000000000000000e+00
4.411086384859456144e-01	1.681557313680807908e-01	0.000000000000000000e+00
4.411086384859456144e-01	1.391663915372844118e-01	0.000000000000000000e+00
4.411086384859456144e-01	1.391663915372844118e-01	0.000000000000000000e+00
4.412766472320827638e-01	1.386602325025240445e-01	0.000000000000000000e+00
4.412766472320827638e-01	1.386602325025240445e-01	0.000000000000000000e+00
4.412766472320827638e-01	1.386602325025240445e-01	0.000000000000000000e+00
4.412766472320827638e-01	1.386602325025240445e-01	0.000000000000000000e+00
4.412766472320827638e-01	1.386602325025240445e-01	0.000000000000000000e+00
4.412766472320827638e-01	1.386602325025240445e-01	0.000000000000000000e+00
4.412766472320827638e-01	1.386602325025240445e-01	0.000000000000000000e+00
4.412766472320827638e-01	1.386602325025240445e-01	0.000000000000000000e+00
6.392929646616486439e-01	-7.076895340784268573e-03	0.000000000000000000e+00
6.392929646616486439e-01	-7.076895340784268573e-03	0.000000000000000000e+00
6.392929646616486439e-01	-7.076895340784268573e-03	0.000000000000000000e+00
6.392929646616486439e-01	-3.196622057476113110e-02	0.000000000000000000e+00
6.392929646616486439e-01	-3.196622057476113110e-02	0.000000000000000000e+00
6.392929646616486439e-01	-2.756716453198660224e-02	0.000000000000000000e+00
6.392929646616486439e-01	-2.756716453198660224e-02	0.000000000000000000e+00
6.392929646616486439e-01	-2.756716453198660224e-02	0.000000000000000000e+00
6.392929646616486439e-01	-2.756716453198660224e-02	0.000000000000000000e+00
6.392929646616486439e-01	-3.196622057476113110e-02	0.000000000000000000e+00
6.420215187120220657e-01	-5.941379270126660728e-02	0.000000000000000000e+00
6.420215187120220657e-01	-6.374665854412901733e-02	0.000000000000000000e+00
6.445895695829617633e-01	-9.517756238273532288e-02	0.000000000000000000e+00
6.445895695829617633e-01	-9.517756238273532288e-02	0.000000000000000000e+00
6.450175780614517684e-01	-1.245866727737305335e-01	0.000000000000000000e+00
6.450175780614517684e-01	-1.245866727737305335e-01	0.000000000000000000e+00
6.450175780614517684e-01	-1.245866727737305335e-01	0.000000000000000000e+00
6.450175780614517684e-01	-1.245866727737305335e-01	0.000000000000000000e+00
6.450175780614517684e-01	-1.075139899964422663e-01	0.000000000000000000e+00
6.450175780614517684e-01	-1.075139899964422663e-01	0.000000000000000000e+00
8.266406453629240314e-01	-2.034929168094485874e-01	0.000000000000000000e+00
8.266406453629240314e-01	-2.034929168094485874e-01	0.000000000000000000e+00
8.266406453629240314e-01	-2.034929168094485874e-01	0.000000000000000000e+00
8.266406453629240314e-01	-2.034929168094485874e-01	0.000000000000000000e+00
8.266406453629240314e-01	-2.034929168094485874e-01	0.000000000000000000e+00
8.266406453629240314e-01	-2.034929168094485874e-01	0.000000000000000000e+00
8.278658864310135534e-01	-2.279652337576556220e-01	0.000000000000000000e+00
8.278658864310135534e-01	-2.279652337576556220e-01	0.000000000000000000e+00
8.278658864310135534e-01	-2.279652337576556220e-01	0.000000000000000000e+00
8.315416096352818975e-01	-2.398267566591725797e-01	0.000000000000000000e+00
8.332919540182667228e-01	-2.640987491014476496e-01	0.000000000000000000e+00
8.332919540182667228e-01	-2.640987491014476496e-01	0.000000000000000000e+00
8.343421606480576624e-01	-2.851990042009832638e-01	0.000000000000000000e+00
8.343421606480576624e-01	-2.851990042009832638e-01	0.000000000000000000e+00
8.347407528389013676e-01	-3.190927705740569942e-01	0.000000000000000000e+00
8.347407528389013676e-01	-3.190927705740569942e-01	0.000000000000000000e+00
8.347407528389013676e-01	-3.190927705740569942e-01	0.000000000000000000e+00
8.366366671646265907e-01	-3.319924007220321216e-01	0.000000000000000000e+00
8.374338515463140009e-01	-3.503241913036897470e-01	0.000000000000000000e+00
8.374338515463140009e-01	-3.503241913036897470e-01	0.000000000000000000e+00
8.374338515463140009e-01	-3.531961321954076305e-01	0.000000000000000000e+00
8.378324437371577060e-01	-3.756951220625934229e-01	0.000000000000000000e+00
8.378324437371577060e-01	-3.756951220625934229e-01	0.000000000000000000e+00
8.383913928852410047e-01	-3.768788114266357625e-01	0.000000000000000000e+00
8.383913928852410047e-01	-3.768788114266357625e-01	0.000000000000000000e+00
8.383913928852410047e-01	-3.768788114266357625e-01	0.000000000000000000e+00
