0.000000000000000000e+00	3.640608816997809694e+00	0.000000000000000000e+00
2.438782164556611842e-02	3.271072571253336392e+00	0.000000000000000000e+00
5.497049623040614619e-02	2.755524406937852611e+00	0.000000000000000000e+00
5.497049623040614619e-02	2.755524406937852611e+00	0.000000000000000000e+00
9.206325202675859354e-02	2.339210694695041504e+00	0.000000000000000000e+00
9.206325202675859354e-02	2.302681987130464236e+00	0.000000000000000000e+00
1.076220256266117864e-01	2.193262023043906606e+00	0.000000000000000000e+00
1.076220256266117864e-01	2.193262023043906606e+00	0.000000000000000000e+00
1.076220256266117864e-01	2.193262023043906606e+00	0.000000000000000000e+00
1.076220256266117864e-01	2.279331672962383148e+00	0.000000000000000000e+00
1.076220256266117864e-01	2.293216238097765647e+00	0.000000000000000000e+00
2.024272361524483976e-01	2.273797787319340458e+00	0.000000000000000000e+00
2.284369982454383941e-01	1.480837576140001666e+00	0.000000000000000000e+00
2.024272361524483976e-01	2.032586326771539387e+00	0.000000000000000000e+00
2.284369982454383941e-01	1.520636715849841059e+00	0.000000000000000000e+00
2.284369982454383941e-01	1.520636715849841059e+00	0.000000000000000000e+00
2.284369982454383941e-01	1.520636715849841059e+00	0.000000000000000000e+00
2.284369982454383941e-01	1.520636715849841059e+00	0.000000000000000000e+00
2.284369982454383941e-01	1.520636715849841059e+00	0.000000000000000000e+00
2.284369982454383941e-01	1.520636715849841059e+00	0.000000000000000000e+00
2.449555419961030878e-01	1.443410558560303425e+00	0.000000000000000000e+00
2.449555419961030878e-01	1.443410558560303425e+00	0.000000000000000000e+00
2.449555419961030878e-01	1.443410558560303425e+00	0.000000000000000000e+00
2.614740857467677815e-01	1.340657164117943667e+00	0.000000000000000000e+00
2.614740857467677815e-01	1.340657164117943667e+00	0.000000000000000000e+00
2.614740857467677815e-01	1.337377528689129180e+00	0.000000000000000000e+00
2.614740857467677815e-01	1.337377528689129180e+00	0.000000000000000000e+00
2.614740857467677815e-01	1.337377528689129180e+00	0.000000000000000000e+00
2.614740857467677815e-01	1.337377528689129180e+00	0.000000000000000000e+00
2.614740857467677815e-01	1.337377528689129180e+00	0.000000000000000000e+00
2.614740857467677815e-01	1.337377528689129180e+00	0.000000000000000000e+00
2.614740857467677815e-01	1.387776137115133146e+00	0.000000000000000000e+00
2.614740857467677815e-01	1.387776137115133146e+00	0.000000000000000000e+00
2.614740857467677815e-01	1.387776137115133146e+00	0.000000000000000000e+00
4.137400707584901194e-01	1.141030764919529483e+00	0.000000000000000000e+00
4.137400707584901194e-01	1.141030764919529483e+00	0.000000000000000000e+00
4.137400707584901194e-01	1.141030764919529483e+00	0.000000000000000000e+00
4.137400707584901194e-01	1.141030764919529483e+00	0.000000000000000000e+00
4.137400707584901194e-01	1.141030764919529483e+00	0.000000000000000000e+00
4.137400707584901194e-01	1.141030764919529483e+00	0.000000000000000000e+00
4.137400707584901194e-01	1.141030764919529483e+00	0.000000000000000000e+00
4.137400707584901194e-01	1.141030764919529483e+00	0.000000000000000000e+00
4.454296610204324103e-01	8.230723807797178937e-01	0.000000000000000000e+00
4.454296610204324103e-01	9.444595789183485302e-01	0.000000000000000000e+00
4.454296610204324103e-01	1.089496480296359371e+00	0.000000000000000000e+00
4.454296610204324103e-01	9.444595789183485302e-01	0.000000000000000000e+00
4.454296610204324103e-01	9.444595789183485302e-01	0.000000000000000000e+00
4.454296610204324103e-01	9.444595789183485302e-01	0.000000000000000000e+00
4.454296610204324103e-01	9.416776477149105817e-01	0.000000000000000000e+00
4.454296610204324103e-01	9.416776477149105817e-01	0.000000000000000000e+00
4.454296610204324103e-01	1.089496480296359371e+00	0.000000000000000000e+00
4.454296610204324103e-01	1.089496480296359371e+00	0.000000000000000000e+00
6.453939109129911422e-01	9.140198085184264576e-01	0.000000000000000000e+00
6.453939109129911422e-01	9.140198085184264576e-01	0.000000000000000000e+00
6.453939109129911422e-01	9.140198085184264576e-01	0.000000000000000000e+00
6.453939109129911422e-01	9.140198085184264576e-01	0.000000000000000000e+00
6.453939109129911422e-01	9.140198085184264576e-01	0.000000000000000000e+00
6.453939109129911422e-01	9.140198085184264576e-01	0.000000000000000000e+00
6.453939109129911422e-01	9.140198085184264576e-01	0.000000000000000000e+00
6.453939109129911422e-01	9.140198085184264576e-01	0.000000000000000000e+00
6.453939109129911422e-01	9.096559098774368302e-01	0.000000000000000000e+00
6.453939109129911422e-01	9.096559098774368302e-01	0.000000000000000000e+00
6.453939109129911422e-01	9.096559098774368302e-01	0.000000000000000000e+00
6.485879010717930937e-01	9.094829682654728131e-01	0.000000000000000000e+00
6.501848961511940139e-01	7.646204348270005946e-01	0.000000000000000000e+00
6.501848961511940139e-01	7.646204348270005946e-01	0.000000000000000000e+00
6.501848961511940139e-01	7.646204348270005946e-01	0.000000000000000000e+00
6.501848961511940139e-01	7.646204348270005946e-01	0.000000000000000000e+00
6.501848961511940139e-01	7.646204348270005946e-01	0.000000000000000000e+00
6.501848961511940139e-01	7.646204348270005946e-01	0.000000000000000000e+00
6.501848961511940139e-01	7.646204348270005946e-01	0.000000000000000000e+00
6.501848961511940139e-01	7.646204348270005946e-01	0.000000000000000000e+00
6.605653641673003840e-01	8.013725145675172357e-01	0.000000000000000000e+00
6.605653641673003840e-01	8.013725145675172357e-01	0.000000000000000000e+00
6.605653641673003840e-01	8.013725145675172357e-01	0.000000000000000000e+00
6.605653641673003840e-01	8.013725145675172357e-01	0.000000000000000000e+00
8.292849787790513849e-01	6.925010288543830272e-01	0.000000000000000000e+00
8.292849787790513849e-01	6.925010288543830272e-01	0.000000000000000000e+00
8.292849787790513849e-01	6.925010288543830272e-01	0.000000000000000000e+00
8.292849787790513849e-01	6.925010288543830272e-01	0.000000000000000000e+00
8.292849787790513849e-01	6.925010288543830272e-01	0.000000000000000000e+00
8.292849787790513849e-01	6.925010288543830272e-01	0.000000000000000000e+00
8.292849787790513849e-01	5.545384006333454741e-01	0.000000000000000000e+00
8.292849787790513849e-01	5.545384006333454741e-01	0.000000000000000000e+00
8.292849787790513849e-01	5.545384006333454741e-01	0.000000000000000000e+00
8.292849787790513849e-01	5.545384006333454741e-01	0.000000000000000000e+00
8.292849787790513849e-01	5.545384006333454741e-01	0.000000000000000000e+00
8.292849787790513849e-01	5.545384006333454741e-01	0.000000000000000000e+00
8.292849787790513849e-01	5.545384006333454741e-01	0.000000000000000000e+00
8.292849787790513849e-01	7.098919526056994833e-01	0.000000000000000000e+00
8.292849787790513849e-01	7.098919526056994833e-01	0.000000000000000000e+00
8.292849787790513849e-01	8.115805996001185241e-01	0.000000000000000000e+00
8.292849787790513849e-01	7.993425113255780978e-01	0.000000000000000000e+00
8.292849787790513849e-01	7.993425113255780978e-01	0.000000000000000000e+00
8.292849787790513849e-01	7.993425113255780978e-01	0.000000000000000000e+00
8.292849787790513849e-01	7.993425113255780978e-01	0.000000000000000000e+00
8.292849787790513849e-01	7.993425113255780978e-01	0.000000000000000000e+00
8.292849787790513849e-01	7.993425113255780978e-01	0.000000000000000000e+00
8.292849787790513849e-01	7.993425113255780978e-01	0.000000000000000000e+00
8.292849787790513849e-01	7.993425113255780978e-01	0.000000000000000000e+00
