0.000000000000000000e+00	1.181255873997964168e+00	0.000000000000000000e+00
1.608362603395163334e-02	1.086904081612334982e+00	0.000000000000000000e+00
3.307358902630861547e-02	9.337156902739353059e-01	0.000000000000000000e+00
4.648871295885122212e-02	9.281962966475844068e-01	0.000000000000000000e+00
5.809189113100801660e-02	8.348042982642061016e-01	0.000000000000000000e+00
7.299315268585471195e-02	7.841070472781976886e-01	0.000000000000000000e+00
8.749712540105070158e-02	7.533790489806245771e-01	0.000000000000000000e+00
8.749712540105070158e-02	7.533790489806245771e-01	0.000000000000000000e+00
8.749712540105070158e-02	7.533790489806245771e-01	0.000000000000000000e+00
8.749712540105070158e-02	7.533790489806245771e-01	0.000000000000000000e+00
8.749712540105070158e-02	7.563197398055082621e-01	0.000000000000000000e+00
8.749712540105070158e-02	7.563854541421737299e-01	0.000000000000000000e+00
8.749712540105070158e-02	7.563854541421737299e-01	0.000000000000000000e+00
1.998632027821280466e-01	6.544760532124875851e-01	0.000000000000000000e+00
2.075702533250438075e-01	5.825674200331651953e-01	0.000000000000000000e+00
2.152773038679595685e-01	4.971113615323427548e-01	0.000000000000000000e+00
2.152773038679595685e-01	4.870503990501002245e-01	0.000000000000000000e+00
2.326498863895117841e-01	4.479419649271115800e-01	0.000000000000000000e+00
2.365034116609696646e-01	3.694164046011237379e-01	0.000000000000000000e+00
2.365034116609696924e-01	3.309895563341199720e-01	0.000000000000000000e+00
2.471164655574747404e-01	3.174194712268591512e-01	0.000000000000000000e+00
2.577295194539798162e-01	2.638357441727077757e-01	0.000000000000000000e+00
2.577295194539798162e-01	2.633015869521547758e-01	0.000000000000000000e+00
2.577295194539798162e-01	2.633015869521547758e-01	0.000000000000000000e+00
2.577295194539798162e-01	2.633015869521547758e-01	0.000000000000000000e+00
2.577295194539798162e-01	2.633015869521547758e-01	0.000000000000000000e+00
2.577295194539798162e-01	2.633015869521547758e-01	0.000000000000000000e+00
2.577295194539798162e-01	2.633015869521547758e-01	0.000000000000000000e+00
2.577295194539798162e-01	2.633015869521547758e-01	0.000000000000000000e+00
2.577295194539798162e-01	2.633015869521547758e-01	0.000000000000000000e+00
2.577295194539798162e-01	2.633015869521547758e-01	0.000000000000000000e+00
4.172334601488077443e-01	1.860932704434565821e-01	0.000000000000000000e+00
4.172334601488077443e-01	1.860932704434565821e-01	0.000000000000000000e+00
4.199209336779047286e-01	1.582328489034817987e-01	0.000000000000000000e+00
4.246240123538244648e-01	1.347927734990363169e-01	0.000000000000000000e+00
4.317774345415679726e-01	5.881480923453991094e-02	0.000000000000000000e+00
4.317774345415679726e-01	5.881480923453991094e-02	0.000000000000000000e+00
4.364409915479421365e-01	3.050138936077794599e-02	0.000000000000000000e+00
4.364409915479421365e-01	-8.859222701255713150e-03	0.000000000000000000e+00
4.364409915479421365e-01	-8.859222701255713150e-03	0.000000000000000000e+00
4.382589883470372483e-01	-3.455296655157126529e-02	0.000000000000000000e+00
4.382589883470372483e-01	-3.455296655157126529e-02	0.000000000000000000e+00
4.382589883470372483e-01	-3.455296655157126529e-02	0.000000000000000000e+00
4.382589883470372483e-01	-3.455296655157126529e-02	0.000000000000000000e+00
4.382589883470372483e-01	-3.455296655157126529e-02	0.000000000000000000e+00
4.382589883470372483e-01	-3.455296655157126529e-02	0.000000000000000000e+00
4.382589883470372483e-01	-3.455296655157126529e-02	0.000000000000000000e+00
4.382589883470372483e-01	-3.455296655157126529e-02	0.000000000000000000e+00
4.382589883470372483e-01	-3.455296655157126529e-02	0.000000000000000000e+00
6.219543016726916118e-01	-1.316662470085662728e-01	0.000000000000000000e+00
6.219543016726916118e-01	-1.316662470085662728e-01	0.000000000000000000e+00
6.219543016726916118e-01	-1.316662470085662728e-01	0.000000000000000000e+00
6.219543016726916118e-01	-1.316662470085662728e-01	0.000000000000000000e+00
6.241115990383135914e-01	-1.635597588441112804e-01	0.000000000000000000e+00
6.241115990383135914e-01	-1.635597588441112804e-01	0.000000000000000000e+00
6.273709744880926475e-01	-1.955510977302937770e-01	0.000000000000000000e+00
6.284261937695574396e-01	-2.008690390360345635e-01	0.000000000000000000e+00
6.327407885008012878e-01	-2.282450027326032860e-01	0.000000000000000000e+00
6.327407885008012878e-01	-2.554667784162854005e-01	0.000000000000000000e+00
6.327407885008012878e-01	-2.554667784162854005e-01	0.000000000000000000e+00
6.347884572093385191e-01	-2.896651392980355011e-01	0.000000000000000000e+00
6.347884572093385191e-01	-2.896651392980355011e-01	0.000000000000000000e+00
6.388837946264129819e-01	-3.123587142614736023e-01	0.000000000000000000e+00
6.388837946264129819e-01	-3.123587142614736023e-01	0.000000000000000000e+00
6.446830983445578367e-01	-3.401704573436565848e-01	0.000000000000000000e+00
6.446830983445578367e-01	-3.456561128386004267e-01	0.000000000000000000e+00
6.512086985979372855e-01	-3.619525949151354283e-01	0.000000000000000000e+00
6.512086985979372855e-01	-3.619525949151354283e-01	0.000000000000000000e+00
6.494178785057567183e-01	-3.633187350852752351e-01	0.000000000000000000e+00
6.494178785057567183e-01	-3.633187350852752351e-01	0.000000000000000000e+00
6.494178785057567183e-01	-3.633187350852752351e-01	0.000000000000000000e+00
6.494178785057567183e-01	-3.633187350852752351e-01	0.000000000000000000e+00
8.303893145338987480e-01	-4.629766812740997994e-01	0.000000000000000000e+00
8.303893145338987480e-01	-4.629766812740997994e-01	0.000000000000000000e+00
8.301248106154445194e-01	-4.533493251714456607e-01	0.000000000000000000e+00
8.301248106154445194e-01	-4.533493251714456607e-01	0.000000000000000000e+00
8.301248106154445194e-01	-4.533493251714456607e-01	0.000000000000000000e+00
8.301248106154445194e-01	-4.533493251714456607e-01	0.000000000000000000e+00
8.301248106154445194e-01	-4.995034590415305398e-01	0.000000000000000000e+00
8.301248106154445194e-01	-4.995034590415305398e-01	0.000000000000000000e+00
8.301248106154445194e-01	-4.995034590415305398e-01	0.000000000000000000e+00
8.301248106154445194e-01	-4.995034590415305398e-01	0.000000000000000000e+00
8.306538184523530877e-01	-5.089568078926856032e-01	0.000000000000000000e+00
8.327698497999873606e-01	-5.243934319785126252e-01	0.000000000000000000e+00
8.327698497999873606e-01	-5.456272473298168224e-01	0.000000000000000000e+00
8.327698497999873606e-01	-5.456272473298168224e-01	0.000000000000000000e+00
8.334514959355430186e-01	-5.605423987411720654e-01	0.000000000000000000e+00
8.341686885415823260e-01	-5.667029055336403331e-01	0.000000000000000000e+00
8.351911577449157020e-01	-5.792461622346902761e-01	0.000000000000000000e+00
8.386704813636611799e-01	-5.906914616783747185e-01	0.000000000000000000e+00
8.386704813636611799e-01	-6.017650532397903484e-01	0.000000000000000000e+00
8.386704813636611799e-01	-6.135947271992466812e-01	0.000000000000000000e+00
8.452020524613430563e-01	-6.432957047857494892e-01	0.000000000000000000e+00
8.452020524613430563e-01	-6.432957047857494892e-01	0.000000000000000000e+00
8.452020524613430563e-01	-6.432957047857494892e-01	0.000000000000000000e+00
8.457650375306180468e-01	-6.540939932414903124e-01	0.000000000000000000e+00
8.468910076691681388e-01	-6.638366764680608823e-01	0.000000000000000000e+00
8.468910076691681388e-01	-6.638366764680608823e-01	0.000000000000000000e+00
8.480169778077182308e-01	-6.801874660606405110e-01	0.000000000000000000e+00
8.480169778077182308e-01	-6.801874660606405110e-01	0.000000000000000000e+00
