0.000000000000000000e+00	1.453361562143579588e+00	0.000000000000000000e+00
1.608362603395163334e-02	1.254075523442490958e+00	0.000000000000000000e+00
2.248777893523627378e-02	1.076434995126448912e+00	0.000000000000000000e+00
4.140071881065816861e-02	1.003561585777699827e+00	0.000000000000000000e+00
5.646452641746770723e-02	9.015244587354076522e-01	0.000000000000000000e+00
6.540165283427312737e-02	8.862672815899040879e-01	0.000000000000000000e+00
8.940258685788807225e-02	8.549649477614689186e-01	0.000000000000000000e+00
8.940258685788807225e-02	8.549649477614689186e-01	0.000000000000000000e+00
8.940258685788807225e-02	8.549649477614689186e-01	0.000000000000000000e+00
8.940258685788807225e-02	8.549649477614689186e-01	0.000000000000000000e+00
8.940258685788807225e-02	8.549649477614689186e-01	0.000000000000000000e+00
8.940258685788807225e-02	8.549649477614689186e-01	0.000000000000000000e+00
8.940258685788807225e-02	8.549649477614689186e-01	0.000000000000000000e+00
1.969398413527643221e-01	8.227885916630031105e-01	0.000000000000000000e+00
2.188625563421432996e-01	6.713306407717209989e-01	0.000000000000000000e+00
2.188625563421432996e-01	6.713306407717209989e-01	0.000000000000000000e+00
2.188625563421432996e-01	6.415747319166703599e-01	0.000000000000000000e+00
2.289071684532370532e-01	5.650153805180370137e-01	0.000000000000000000e+00
2.329458195962366973e-01	5.378801417477859781e-01	0.000000000000000000e+00
2.389517805643307791e-01	4.746720960913656251e-01	0.000000000000000000e+00
2.389517805643307791e-01	4.639154700015301613e-01	0.000000000000000000e+00
2.577295194539798162e-01	3.823479979354995617e-01	0.000000000000000000e+00
2.577295194539798162e-01	3.697870328772308590e-01	0.000000000000000000e+00
2.577295194539798162e-01	3.615153881802014024e-01	0.000000000000000000e+00
2.577295194539798162e-01	3.277690603629437316e-01	0.000000000000000000e+00
2.577295194539798162e-01	3.277690603629437316e-01	0.000000000000000000e+00
2.577295194539798162e-01	3.155291606493154100e-01	0.000000000000000000e+00
2.577295194539798162e-01	3.155291606493154100e-01	0.000000000000000000e+00
2.577295194539798162e-01	3.155291606493154100e-01	0.000000000000000000e+00
2.577295194539798162e-01	3.123282521533319311e-01	0.000000000000000000e+00
2.577295194539798162e-01	3.123282521533319311e-01	0.000000000000000000e+00
2.577295194539798162e-01	3.123282521533319311e-01	0.000000000000000000e+00
2.577295194539798162e-01	3.123282521533319311e-01	0.000000000000000000e+00
2.577295194539798162e-01	3.123282521533319311e-01	0.000000000000000000e+00
4.256120540924630546e-01	1.164510121893034406e-01	0.000000000000000000e+00
4.256120540924630546e-01	1.146846383332204566e-01	0.000000000000000000e+00
4.256120540924630546e-01	1.146846383332204566e-01	0.000000000000000000e+00
4.256120540924630546e-01	1.146846383332204566e-01	0.000000000000000000e+00
4.256120540924630546e-01	1.146846383332204566e-01	0.000000000000000000e+00
4.256120540924630546e-01	1.146846383332204566e-01	0.000000000000000000e+00
4.324074642396707469e-01	3.916590287281730698e-02	0.000000000000000000e+00
4.324074642396707469e-01	3.916590287281730698e-02	0.000000000000000000e+00
4.324074642396707469e-01	3.916590287281730698e-02	0.000000000000000000e+00
4.324074642396707469e-01	3.916590287281730698e-02	0.000000000000000000e+00
4.344881324342236284e-01	3.369853016418430935e-02	0.000000000000000000e+00
4.357296014961223873e-01	2.182659428258923104e-02	0.000000000000000000e+00
4.357296014961223873e-01	2.138424862203730167e-02	0.000000000000000000e+00
4.357296014961223873e-01	1.990724344176707933e-02	0.000000000000000000e+00
4.357296014961223873e-01	1.990724344176707933e-02	0.000000000000000000e+00
4.357296014961223873e-01	1.990724344176707933e-02	0.000000000000000000e+00
4.357296014961223873e-01	1.990724344176707933e-02	0.000000000000000000e+00
4.357296014961223873e-01	1.990724344176707933e-02	0.000000000000000000e+00
4.357296014961223873e-01	1.990724344176707933e-02	0.000000000000000000e+00
6.317977015631388582e-01	-1.395853701983199302e-01	0.000000000000000000e+00
6.317977015631388582e-01	-1.395853701983199302e-01	0.000000000000000000e+00
6.317977015631388582e-01	-1.395853701983199302e-01	0.000000000000000000e+00
6.317977015631388582e-01	-1.395853701983199302e-01	0.000000000000000000e+00
6.317977015631388582e-01	-1.464786278672046138e-01	0.000000000000000000e+00
6.317977015631388582e-01	-1.464786278672046138e-01	0.000000000000000000e+00
6.317977015631388582e-01	-1.464786278672046138e-01	0.000000000000000000e+00
6.317977015631388582e-01	-1.464786278672046138e-01	0.000000000000000000e+00
6.317977015631388582e-01	-1.464786278672046138e-01	0.000000000000000000e+00
6.317977015631388582e-01	-1.484844257823421110e-01	0.000000000000000000e+00
6.317977015631388582e-01	-1.484844257823421110e-01	0.000000000000000000e+00
6.362245457857786946e-01	-1.959025932980631712e-01	0.000000000000000000e+00
6.362245457857786946e-01	-1.959025932980631712e-01	0.000000000000000000e+00
6.362245457857786946e-01	-1.959025932980631712e-01	0.000000000000000000e+00
6.384682959819019121e-01	-2.195728558246535234e-01	0.000000000000000000e+00
6.384682959819019121e-01	-2.195728558246535234e-01	0.000000000000000000e+00
6.384682959819019121e-01	-2.277222773903868625e-01	0.000000000000000000e+00
6.401056165017893207e-01	-2.406832192667607284e-01	0.000000000000000000e+00
6.417429370216768403e-01	-2.517509558780502976e-01	0.000000000000000000e+00
6.433802575415643599e-01	-2.645585247996672384e-01	0.000000000000000000e+00
6.466548985813391770e-01	-2.835745399411533918e-01	0.000000000000000000e+00
6.466548985813391770e-01	-2.835745399411533918e-01	0.000000000000000000e+00
6.450175780614517684e-01	-2.742021845771565602e-01	0.000000000000000000e+00
6.450175780614517684e-01	-2.742021845771565602e-01	0.000000000000000000e+00
6.450175780614517684e-01	-2.742021845771565602e-01	0.000000000000000000e+00
8.257982921286124434e-01	-2.920800943065265387e-01	0.000000000000000000e+00
8.257982921286124434e-01	-3.178346046315606577e-01	0.000000000000000000e+00
8.343877505760142199e-01	-4.641071650243528413e-01	0.000000000000000000e+00
8.274086527743349517e-01	-3.748135201312534637e-01	0.000000000000000000e+00
8.274086527743349517e-01	-3.748135201312534637e-01	0.000000000000000000e+00
8.274086527743349517e-01	-3.748135201312534637e-01	0.000000000000000000e+00
8.343877505760142199e-01	-4.641071650243528413e-01	0.000000000000000000e+00
8.343877505760142199e-01	-4.641071650243528413e-01	0.000000000000000000e+00
8.335825702531529657e-01	-4.049012882866694363e-01	0.000000000000000000e+00
8.368997665855684165e-01	-4.767681607870218885e-01	0.000000000000000000e+00
8.368997665855684165e-01	-4.835538962363518101e-01	0.000000000000000000e+00
8.368997665855684165e-01	-4.835538962363518101e-01	0.000000000000000000e+00
8.368997665855684165e-01	-4.835538962363518101e-01	0.000000000000000000e+00
8.368997665855684165e-01	-4.835538962363518101e-01	0.000000000000000000e+00
8.359291436960251120e-01	-4.753675062392739847e-01	0.000000000000000000e+00
8.359291436960251120e-01	-4.753675062392739847e-01	0.000000000000000000e+00
8.407822581437416343e-01	-5.214176388059670320e-01	0.000000000000000000e+00
8.407822581437416343e-01	-5.214176388059670320e-01	0.000000000000000000e+00
8.407822581437416343e-01	-5.214176388059670320e-01	0.000000000000000000e+00
8.407822581437416343e-01	-5.214176388059670320e-01	0.000000000000000000e+00
8.407822581437416343e-01	-5.214176388059670320e-01	0.000000000000000000e+00
8.427235039228282432e-01	-5.288628609520074075e-01	0.000000000000000000e+00
