0.000000000000000000e+00	1.648196941632356971e+00	0.000000000000000000e+00
1.147897297426801050e-02	1.539439364567545487e+00	0.000000000000000000e+00
2.464946231439510069e-02	1.438559629824470720e+00	0.000000000000000000e+00
5.099044099464928453e-02	1.344284915934001123e+00	0.000000000000000000e+00
5.099044099464928453e-02	1.344284915934001123e+00	0.000000000000000000e+00
5.099044099464928453e-02	1.344284915934001123e+00	0.000000000000000000e+00
9.584982492736550397e-02	1.267843370903848133e+00	0.000000000000000000e+00
9.584982492736550397e-02	1.267843370903848133e+00	0.000000000000000000e+00
9.584982492736550397e-02	1.267843370903848133e+00	0.000000000000000000e+00
9.584982492736550397e-02	1.267843370903848133e+00	0.000000000000000000e+00
9.584982492736550397e-02	1.267843370903848133e+00	0.000000000000000000e+00
1.995712657565161530e-01	1.108827722471796395e+00	0.000000000000000000e+00
1.995712657565161530e-01	1.108827722471796395e+00	0.000000000000000000e+00
2.225455741727955794e-01	9.663901917899603289e-01	0.000000000000000000e+00
2.225455741727955794e-01	9.422191757694585723e-01	0.000000000000000000e+00
2.225455741727955794e-01	9.422191757694585723e-01	0.000000000000000000e+00
2.397748327540942526e-01	7.320332202351056416e-01	0.000000000000000000e+00
2.386197040340362618e-01	7.096439225416963925e-01	0.000000000000000000e+00
2.386197040340362618e-01	7.096439225416963925e-01	0.000000000000000000e+00
2.570040913353929257e-01	6.779374271452032197e-01	0.000000000000000000e+00
2.570040913353929257e-01	6.779374271452032197e-01	0.000000000000000000e+00
2.570040913353929257e-01	6.779374271452032197e-01	0.000000000000000000e+00
2.570040913353929257e-01	6.779374271452032197e-01	0.000000000000000000e+00
2.570040913353929257e-01	6.779374271452032197e-01	0.000000000000000000e+00
2.570040913353929257e-01	6.803687287665846073e-01	0.000000000000000000e+00
2.570040913353929257e-01	6.803687287665846073e-01	0.000000000000000000e+00
2.570040913353929257e-01	6.803687287665846073e-01	0.000000000000000000e+00
2.570040913353929257e-01	6.809479685611916633e-01	0.000000000000000000e+00
4.193207203436323249e-01	5.233298119468372533e-01	0.000000000000000000e+00
4.193207203436323249e-01	5.233298119468372533e-01	0.000000000000000000e+00
4.193207203436323249e-01	5.233298119468372533e-01	0.000000000000000000e+00
4.193207203436323249e-01	5.233298119468372533e-01	0.000000000000000000e+00
4.238678375356509931e-01	4.452604271705070116e-01	0.000000000000000000e+00
4.238678375356509931e-01	4.452604271705070116e-01	0.000000000000000000e+00
4.238678375356509931e-01	4.452604271705070116e-01	0.000000000000000000e+00
4.238678375356509931e-01	4.452604271705070116e-01	0.000000000000000000e+00
4.414446559782199131e-01	2.096959778743679448e-01	0.000000000000000000e+00
4.414446559782199131e-01	2.096959778743679448e-01	0.000000000000000000e+00
4.414446559782199131e-01	2.096959778743679448e-01	0.000000000000000000e+00
4.414446559782199131e-01	2.096959778743679448e-01	0.000000000000000000e+00
4.414446559782199131e-01	2.096959778743679448e-01	0.000000000000000000e+00
4.414446559782199131e-01	2.096959778743679448e-01	0.000000000000000000e+00
4.414446559782199131e-01	2.075565202276463683e-01	0.000000000000000000e+00
4.414446559782199131e-01	2.075565202276463683e-01	0.000000000000000000e+00
4.414446559782199131e-01	2.075565202276463683e-01	0.000000000000000000e+00
4.414446559782199131e-01	2.075565202276463683e-01	0.000000000000000000e+00
4.414446559782199131e-01	2.075565202276463683e-01	0.000000000000000000e+00
4.414446559782199131e-01	2.036461847710363815e-01	0.000000000000000000e+00
4.414446559782199131e-01	2.036461847710363815e-01	0.000000000000000000e+00
4.414446559782199131e-01	2.036461847710363815e-01	0.000000000000000000e+00
4.414446559782199131e-01	2.036461847710363815e-01	0.000000000000000000e+00
4.414446559782199131e-01	2.036461847710363815e-01	0.000000000000000000e+00
6.488696543678613704e-01	-5.820812660608180866e-02	0.000000000000000000e+00
6.488696543678613704e-01	-5.820812660608180866e-02	0.000000000000000000e+00
6.488696543678613704e-01	-5.820812660608180866e-02	0.000000000000000000e+00
6.488696543678613704e-01	-5.820812660608180866e-02	0.000000000000000000e+00
6.488696543678613704e-01	-5.820812660608180866e-02	0.000000000000000000e+00
6.488696543678613704e-01	-5.375805010710830306e-02	0.000000000000000000e+00
6.488696543678613704e-01	-5.375805010710830306e-02	0.000000000000000000e+00
6.488696543678613704e-01	-5.375805010710830306e-02	0.000000000000000000e+00
6.488696543678613704e-01	-5.375805010710830306e-02	0.000000000000000000e+00
6.488696543678613704e-01	-5.375805010710830306e-02	0.000000000000000000e+00
6.488696543678613704e-01	-5.375805010710830306e-02	0.000000000000000000e+00
6.488696543678613704e-01	-7.079033248543993573e-02	0.000000000000000000e+00
6.488696543678613704e-01	-7.079033248543993573e-02	0.000000000000000000e+00
6.488696543678613704e-01	-7.079033248543993573e-02	0.000000000000000000e+00
6.488696543678613704e-01	-7.079033248543993573e-02	0.000000000000000000e+00
6.488696543678613704e-01	-7.079033248543993573e-02	0.000000000000000000e+00
6.488696543678613704e-01	-7.079033248543993573e-02	0.000000000000000000e+00
6.488696543678613704e-01	-6.022965958762374616e-02	0.000000000000000000e+00
6.488696543678613704e-01	-6.022965958762374616e-02	0.000000000000000000e+00
8.266406453629240314e-01	-8.635837068090736202e-02	0.000000000000000000e+00
8.266406453629240314e-01	-8.635837068090736202e-02	0.000000000000000000e+00
8.266406453629240314e-01	-1.106243073873830196e-01	0.000000000000000000e+00
8.266406453629240314e-01	-1.106243073873830196e-01	0.000000000000000000e+00
8.322417473884758943e-01	-2.020845779005225884e-01	0.000000000000000000e+00
8.322417473884758943e-01	-2.020845779005225884e-01	0.000000000000000000e+00
8.322417473884758943e-01	-2.084735991642459041e-01	0.000000000000000000e+00
8.322417473884758943e-01	-2.084735991642459041e-01	0.000000000000000000e+00
8.322417473884758943e-01	-2.084735991642459041e-01	0.000000000000000000e+00
8.322417473884758943e-01	-2.084735991642459041e-01	0.000000000000000000e+00
8.322417473884758943e-01	-2.084735991642459041e-01	0.000000000000000000e+00
8.378428494140277571e-01	-3.065677906495655192e-01	0.000000000000000000e+00
8.378428494140277571e-01	-3.065677906495655192e-01	0.000000000000000000e+00
8.378428494140277571e-01	-3.065677906495655192e-01	0.000000000000000000e+00
8.378428494140277571e-01	-3.065677906495655192e-01	0.000000000000000000e+00
8.378428494140277571e-01	-3.065677906495655192e-01	0.000000000000000000e+00
8.387121067997203028e-01	-3.962429434370109971e-01	0.000000000000000000e+00
8.387121067997203028e-01	-3.962429434370109971e-01	0.000000000000000000e+00
8.387121067997203028e-01	-3.962429434370109971e-01	0.000000000000000000e+00
8.387121067997203028e-01	-3.962429434370109971e-01	0.000000000000000000e+00
8.387121067997203028e-01	-3.962429434370109971e-01	0.000000000000000000e+00
8.387121067997203028e-01	-3.517238242401077852e-01	0.000000000000000000e+00
8.387121067997203028e-01	-3.517238242401077852e-01	0.000000000000000000e+00
8.387121067997203028e-01	-3.517238242401077852e-01	0.000000000000000000e+00
8.387121067997203028e-01	-3.609425784561716144e-01	0.000000000000000000e+00
8.395673439049985420e-01	-2.832273345914491092e-01	0.000000000000000000e+00
8.395673439049985420e-01	-2.832273345914491092e-01	0.000000000000000000e+00
8.395673439049985420e-01	-2.832273345914491092e-01	0.000000000000000000e+00
8.395673439049985420e-01	-2.802040447949413760e-01	0.000000000000000000e+00
