0.000000000000000000e+00	1.367932418602049838e+00	0.000000000000000000e+00
1.608362603395163334e-02	1.124548256083303555e+00	0.000000000000000000e+00
3.307358902630861547e-02	9.726397095808566595e-01	0.000000000000000000e+00
4.648871295885122212e-02	9.323089743581258748e-01	0.000000000000000000e+00
5.848917997065870150e-02	8.495918060365439395e-01	0.000000000000000000e+00
7.009235814281550292e-02	8.106116666500254864e-01	0.000000000000000000e+00
8.169553631497229740e-02	7.983257580043959800e-01	0.000000000000000000e+00
8.169553631497229740e-02	7.983257580043959800e-01	0.000000000000000000e+00
8.169553631497229740e-02	7.983257580043959800e-01	0.000000000000000000e+00
8.169553631497229740e-02	7.983257580043959800e-01	0.000000000000000000e+00
8.169553631497229740e-02	7.983257580043959800e-01	0.000000000000000000e+00
8.169553631497229740e-02	7.983257580043959800e-01	0.000000000000000000e+00
8.169553631497229740e-02	7.984180789469385031e-01	0.000000000000000000e+00
1.998632027821280188e-01	6.965426132887885258e-01	0.000000000000000000e+00
2.075702533250438075e-01	6.039972581706538612e-01	0.000000000000000000e+00
2.152773038679595685e-01	5.412881279709802484e-01	0.000000000000000000e+00
2.152773038679595685e-01	5.185724938585658528e-01	0.000000000000000000e+00
2.326498863895117841e-01	4.479419649271115800e-01	0.000000000000000000e+00
2.365034116609696646e-01	3.829295662357939389e-01	0.000000000000000000e+00
2.365034116609696924e-01	3.666176696872966434e-01	0.000000000000000000e+00
2.471164655574747404e-01	3.314723216402566952e-01	0.000000000000000000e+00
2.577295194539798162e-01	2.786035527825141411e-01	0.000000000000000000e+00
2.577295194539798162e-01	2.786035527825141411e-01	0.000000000000000000e+00
2.577295194539798162e-01	2.773371573281938063e-01	0.000000000000000000e+00
2.577295194539798162e-01	2.773371573281938063e-01	0.000000000000000000e+00
2.577295194539798162e-01	2.773371573281938063e-01	0.000000000000000000e+00
2.577295194539798162e-01	2.773371573281938063e-01	0.000000000000000000e+00
2.577295194539798162e-01	2.773371573281938063e-01	0.000000000000000000e+00
2.577295194539798162e-01	2.773371573281938063e-01	0.000000000000000000e+00
2.577295194539798162e-01	2.773371573281938063e-01	0.000000000000000000e+00
2.577295194539798162e-01	2.773371573281938063e-01	0.000000000000000000e+00
2.577295194539798162e-01	2.816204994406678597e-01	0.000000000000000000e+00
4.199209336779047286e-01	1.837891016618528051e-01	0.000000000000000000e+00
4.227664938851838916e-01	1.712072085813686750e-01	0.000000000000000000e+00
4.306708277942927210e-01	6.350209367181752773e-02	0.000000000000000000e+00
4.306708277942927210e-01	6.350209367181752773e-02	0.000000000000000000e+00
4.306708277942927210e-01	6.350209367181752773e-02	0.000000000000000000e+00
4.306708277942927210e-01	6.350209367181752773e-02	0.000000000000000000e+00
4.357296014961223873e-01	-6.246338677054175462e-03	0.000000000000000000e+00
4.357296014961223873e-01	-6.246338677054175462e-03	0.000000000000000000e+00
4.357296014961223873e-01	-6.748654719700162077e-03	0.000000000000000000e+00
4.357296014961223873e-01	-6.748654719700162077e-03	0.000000000000000000e+00
4.357296014961223873e-01	-6.748654719700162077e-03	0.000000000000000000e+00
4.357296014961223873e-01	-6.748654719700162077e-03	0.000000000000000000e+00
4.357296014961223873e-01	-6.748654719700162077e-03	0.000000000000000000e+00
4.357296014961223873e-01	-6.748654719700162077e-03	0.000000000000000000e+00
4.357296014961223873e-01	-6.748654719700162077e-03	0.000000000000000000e+00
4.357296014961223873e-01	-6.748654719700162077e-03	0.000000000000000000e+00
4.357296014961223873e-01	-6.748654719700162077e-03	0.000000000000000000e+00
6.295650921664392996e-01	-1.070138055663830134e-01	0.000000000000000000e+00
6.295650921664392996e-01	-1.070138055663830134e-01	0.000000000000000000e+00
6.295650921664392996e-01	-1.070138055663830134e-01	0.000000000000000000e+00
6.295650921664392996e-01	-1.070138055663830134e-01	0.000000000000000000e+00
6.302579709447253542e-01	-1.188035380499923716e-01	0.000000000000000000e+00
6.311818093157735010e-01	-1.352772369888275705e-01	0.000000000000000000e+00
6.339533275231324927e-01	-2.180319853687606724e-01	0.000000000000000000e+00
6.339533275231324927e-01	-2.180319853687606724e-01	0.000000000000000000e+00
6.339533275231324927e-01	-2.180319853687606724e-01	0.000000000000000000e+00
6.339533275231324927e-01	-2.180319853687606724e-01	0.000000000000000000e+00
6.367248457304914844e-01	-2.289919378484795986e-01	0.000000000000000000e+00
6.372403055919861892e-01	-2.516481159651758892e-01	0.000000000000000000e+00
6.389306878834204451e-01	-2.633843973317840925e-01	0.000000000000000000e+00
6.455785083906481203e-01	-3.340643335264533720e-01	0.000000000000000000e+00
6.455785083906481203e-01	-3.340643335264533720e-01	0.000000000000000000e+00
6.455785083906481203e-01	-3.340643335264533720e-01	0.000000000000000000e+00
6.455785083906481203e-01	-3.340643335264533720e-01	0.000000000000000000e+00
6.457073733560217965e-01	-3.402066562376163672e-01	0.000000000000000000e+00
6.458362383213954727e-01	-3.515919950308599162e-01	0.000000000000000000e+00
6.458362383213954727e-01	-3.515919950308599162e-01	0.000000000000000000e+00
6.458362383213954727e-01	-3.515919950308599162e-01	0.000000000000000000e+00
6.458362383213954727e-01	-3.528016546449743163e-01	0.000000000000000000e+00
6.458362383213954727e-01	-3.528016546449743163e-01	0.000000000000000000e+00
6.458362383213954727e-01	-3.528016546449743163e-01	0.000000000000000000e+00
8.306538184523530877e-01	-4.917263115282298758e-01	0.000000000000000000e+00
8.306538184523530877e-01	-4.917263115282298758e-01	0.000000000000000000e+00
8.306538184523530877e-01	-4.917263115282298758e-01	0.000000000000000000e+00
8.306538184523530877e-01	-4.917263115282298758e-01	0.000000000000000000e+00
8.306538184523530877e-01	-4.917263115282298758e-01	0.000000000000000000e+00
8.306538184523530877e-01	-4.917263115282298758e-01	0.000000000000000000e+00
8.306538184523530877e-01	-4.917263115282298758e-01	0.000000000000000000e+00
8.306538184523530877e-01	-4.714071190508345999e-01	0.000000000000000000e+00
8.306538184523530877e-01	-4.874003112307387919e-01	0.000000000000000000e+00
8.306538184523530877e-01	-5.111250455011686622e-01	0.000000000000000000e+00
8.306538184523530877e-01	-5.111250455011686622e-01	0.000000000000000000e+00
8.348858811476216335e-01	-5.674536567368305695e-01	0.000000000000000000e+00
8.348858811476216335e-01	-5.674536567368305695e-01	0.000000000000000000e+00
8.348858811476216335e-01	-5.674536567368305695e-01	0.000000000000000000e+00
8.348858811476216335e-01	-5.674536567368305695e-01	0.000000000000000000e+00
8.348858811476216335e-01	-5.674536567368305695e-01	0.000000000000000000e+00
8.391179438428900683e-01	-6.026441794699822774e-01	0.000000000000000000e+00
8.391179438428900683e-01	-5.989070862631500347e-01	0.000000000000000000e+00
8.391179438428900683e-01	-5.989070862631500347e-01	0.000000000000000000e+00
8.391179438428900683e-01	-5.989070862631500347e-01	0.000000000000000000e+00
8.391179438428900683e-01	-6.081846884028646594e-01	0.000000000000000000e+00
8.480169778077182308e-01	-6.597028601924228575e-01	0.000000000000000000e+00
8.480169778077182308e-01	-6.597028601924228575e-01	0.000000000000000000e+00
8.480169778077182308e-01	-6.597028601924228575e-01	0.000000000000000000e+00
8.480169778077182308e-01	-6.597028601924228575e-01	0.000000000000000000e+00
8.480169778077182308e-01	-6.597028601924228575e-01	0.000000000000000000e+00
8.524664947901323675e-01	-6.599760560130967235e-01	0.000000000000000000e+00
