0.000000000000000000e+00	4.612413620096251776e+00	0.000000000000000000e+00
0.000000000000000000e+00	4.612413620096251776e+00	0.000000000000000000e+00
0.000000000000000000e+00	4.609242384203529497e+00	0.000000000000000000e+00
0.000000000000000000e+00	4.609242384203529497e+00	0.000000000000000000e+00
0.000000000000000000e+00	4.609242384203529497e+00	0.000000000000000000e+00
0.000000000000000000e+00	4.609242384203529497e+00	0.000000000000000000e+00
0.000000000000000000e+00	4.609242384203529497e+00	0.000000000000000000e+00
2.519303025546189012e-01	4.125504076690483579e+00	0.000000000000000000e+00
2.519303025546189012e-01	4.125504076690483579e+00	0.000000000000000000e+00
2.519303025546189012e-01	4.099523835992691545e+00	0.000000000000000000e+00
2.519303025546189012e-01	4.099523835992691545e+00	0.000000000000000000e+00
2.519303025546189012e-01	4.125504076690483579e+00	0.000000000000000000e+00
2.519303025546189012e-01	4.289750363953790391e+00	0.000000000000000000e+00
4.289531272917094240e-01	3.437597883205201210e+00	0.000000000000000000e+00
4.289531272917094240e-01	3.437597883205201210e+00	0.000000000000000000e+00
4.289531272917094240e-01	3.437597883205201210e+00	0.000000000000000000e+00
4.289531272917094240e-01	3.437597883205201210e+00	0.000000000000000000e+00
4.289531272917094240e-01	3.437597883205201210e+00	0.000000000000000000e+00
4.289531272917094240e-01	3.437597883205201210e+00	0.000000000000000000e+00
4.289531272917094240e-01	3.437597883205201210e+00	0.000000000000000000e+00
4.289531272917094240e-01	3.437597883205201210e+00	0.000000000000000000e+00
4.289531272917094240e-01	3.437597883205201210e+00	0.000000000000000000e+00
4.289531272917094240e-01	3.437597883205201210e+00	0.000000000000000000e+00
6.411114881814730104e-01	2.660997788636996653e+00	0.000000000000000000e+00
6.411114881814730104e-01	2.574126404586108752e+00	0.000000000000000000e+00
6.411114881814730104e-01	2.574126404586108752e+00	0.000000000000000000e+00
6.411114881814730104e-01	2.574126404586108752e+00	0.000000000000000000e+00
6.411114881814730104e-01	2.574126404586108752e+00	0.000000000000000000e+00
6.411114881814730104e-01	2.574126404586108752e+00	0.000000000000000000e+00
6.411114881814730104e-01	2.574126404586108752e+00	0.000000000000000000e+00
6.411114881814730104e-01	2.574126404586108752e+00	0.000000000000000000e+00
6.411114881814730104e-01	2.574126404586108752e+00	0.000000000000000000e+00
6.411114881814730104e-01	2.434285701654431922e+00	0.000000000000000000e+00
6.411114881814730104e-01	2.434285701654431922e+00	0.000000000000000000e+00
6.411114881814730104e-01	2.434285701654431922e+00	0.000000000000000000e+00
6.411114881814730104e-01	2.434285701654431922e+00	0.000000000000000000e+00
6.411114881814730104e-01	2.334147011583482811e+00	0.000000000000000000e+00
6.425691328810396730e-01	2.289276199768224274e+00	0.000000000000000000e+00
6.440267775806062245e-01	2.285788038801356503e+00	0.000000000000000000e+00
6.454844222801727760e-01	2.096957720324624130e+00	0.000000000000000000e+00
6.454844222801727760e-01	2.096957720324624130e+00	0.000000000000000000e+00
6.454844222801727760e-01	2.096957720324624130e+00	0.000000000000000000e+00
6.454844222801727760e-01	2.096957720324624130e+00	0.000000000000000000e+00
6.454844222801727760e-01	2.096957720324624130e+00	0.000000000000000000e+00
6.454844222801727760e-01	2.096957720324624130e+00	0.000000000000000000e+00
6.454844222801727760e-01	2.096957720324624130e+00	0.000000000000000000e+00
6.454844222801727760e-01	2.098637852824118522e+00	0.000000000000000000e+00
6.454844222801727760e-01	2.098637852824118522e+00	0.000000000000000000e+00
6.454844222801727760e-01	2.098637852824118522e+00	0.000000000000000000e+00
6.454844222801727760e-01	2.101165022295290008e+00	0.000000000000000000e+00
8.436927389056158022e-01	1.885320526792767515e+00	0.000000000000000000e+00
8.436927389056158022e-01	1.885320526792767515e+00	0.000000000000000000e+00
8.436927389056158022e-01	1.812487661017436524e+00	0.000000000000000000e+00
8.436927389056158022e-01	1.812487661017436524e+00	0.000000000000000000e+00
8.436927389056158022e-01	1.812487661017436524e+00	0.000000000000000000e+00
8.436927389056158022e-01	1.812487661017436524e+00	0.000000000000000000e+00
8.436927389056158022e-01	1.812487661017436524e+00	0.000000000000000000e+00
8.436927389056158022e-01	1.812487661017436524e+00	0.000000000000000000e+00
8.436927389056158022e-01	1.812487661017436524e+00	0.000000000000000000e+00
8.436927389056158022e-01	1.812487661017436524e+00	0.000000000000000000e+00
8.436927389056158022e-01	1.686141760916658683e+00	0.000000000000000000e+00
8.436927389056158022e-01	1.686141760916658683e+00	0.000000000000000000e+00
8.436927389056158022e-01	1.686141760916658683e+00	0.000000000000000000e+00
8.436927389056158022e-01	1.686141760916658683e+00	0.000000000000000000e+00
8.414689118932983103e-01	1.442056430481605700e+00	0.000000000000000000e+00
8.414689118932983103e-01	1.442056430481605700e+00	0.000000000000000000e+00
8.414689118932983103e-01	1.442056430481605700e+00	0.000000000000000000e+00
8.414689118932983103e-01	1.331257263594541884e+00	0.000000000000000000e+00
8.414689118932983103e-01	1.331257263594541884e+00	0.000000000000000000e+00
8.414689118932983103e-01	1.331257263594541884e+00	0.000000000000000000e+00
8.414689118932983103e-01	1.331257263594541884e+00	0.000000000000000000e+00
8.414689118932983103e-01	1.331257263594541884e+00	0.000000000000000000e+00
8.414689118932983103e-01	1.331257263594541884e+00	0.000000000000000000e+00
8.414689118932983103e-01	1.331257263594541884e+00	0.000000000000000000e+00
8.414689118932983103e-01	1.331257263594541884e+00	0.000000000000000000e+00
8.414689118932983103e-01	1.331257263594541884e+00	0.000000000000000000e+00
8.414689118932983103e-01	1.332379761157127529e+00	0.000000000000000000e+00
8.414689118932983103e-01	1.332379761157127529e+00	0.000000000000000000e+00
8.414689118932983103e-01	1.332379761157127529e+00	0.000000000000000000e+00
8.414689118932983103e-01	1.332379761157127529e+00	0.000000000000000000e+00
8.414689118932983103e-01	1.332379761157127529e+00	0.000000000000000000e+00
8.414689118932983103e-01	1.294362182186315380e+00	0.000000000000000000e+00
8.414689118932983103e-01	1.294362182186315380e+00	0.000000000000000000e+00
8.395701042776098078e-01	1.342843079896470115e+00	0.000000000000000000e+00
8.395701042776098078e-01	1.342843079896470115e+00	0.000000000000000000e+00
8.395701042776098078e-01	1.342843079896470115e+00	0.000000000000000000e+00
8.395701042776098078e-01	1.342843079896470115e+00	0.000000000000000000e+00
8.395701042776098078e-01	1.342843079896470115e+00	0.000000000000000000e+00
8.395701042776098078e-01	1.342843079896470115e+00	0.000000000000000000e+00
8.395701042776098078e-01	1.342843079896470115e+00	0.000000000000000000e+00
8.395701042776098078e-01	1.342843079896470115e+00	0.000000000000000000e+00
8.395701042776098078e-01	1.344953757648176706e+00	0.000000000000000000e+00
8.452665271246753154e-01	1.432362596634236818e+00	0.000000000000000000e+00
8.452665271246753154e-01	1.432362596634236818e+00	0.000000000000000000e+00
8.452665271246753154e-01	1.432362596634236818e+00	0.000000000000000000e+00
8.452665271246753154e-01	1.432362596634236818e+00	0.000000000000000000e+00
8.452665271246753154e-01	1.432362596634236818e+00	0.000000000000000000e+00
8.452665271246753154e-01	1.432362596634236818e+00	0.000000000000000000e+00
8.452665271246753154e-01	1.500342527828074868e+00	0.000000000000000000e+00
8.452665271246753154e-01	1.500342527828074868e+00	0.000000000000000000e+00
