0.000000000000000000e+00	1.020635611619913563e+00	0.000000000000000000e+00
1.459478597901429919e-02	8.907810421208484097e-01	0.000000000000000000e+00
3.205416104289189605e-02	8.085948591254306095e-01	0.000000000000000000e+00
4.497993678872728995e-02	7.595193417312697814e-01	0.000000000000000000e+00
5.842346411338782131e-02	7.116510509332351075e-01	0.000000000000000000e+00
7.134923985922321521e-02	6.865415677301692776e-01	0.000000000000000000e+00
8.427501560505860911e-02	6.794172330716564678e-01	0.000000000000000000e+00
8.427501560505860911e-02	6.794172330716564678e-01	0.000000000000000000e+00
8.427501560505860911e-02	6.794172330716564678e-01	0.000000000000000000e+00
8.427501560505860911e-02	6.794172330716564678e-01	0.000000000000000000e+00
8.427501560505860911e-02	6.794172330716564678e-01	0.000000000000000000e+00
8.427501560505860911e-02	6.794172330716564678e-01	0.000000000000000000e+00
1.907373140985352267e-01	6.584454851136170017e-01	0.000000000000000000e+00
1.981171044678844972e-01	5.834549961562983666e-01	0.000000000000000000e+00
2.031102388008821091e-01	5.390986548463237993e-01	0.000000000000000000e+00
2.121422046844637921e-01	4.706482518468410592e-01	0.000000000000000000e+00
2.184227835899031911e-01	4.273798346053036545e-01	0.000000000000000000e+00
2.258930606001656738e-01	3.700079629013359739e-01	0.000000000000000000e+00
2.311604392340406988e-01	3.357941791468277981e-01	0.000000000000000000e+00
2.395314248883819164e-01	2.881381888635318744e-01	0.000000000000000000e+00
2.461009932545656920e-01	2.626042837642572070e-01	0.000000000000000000e+00
2.576342056340131248e-01	2.438616815315547970e-01	0.000000000000000000e+00
2.576342056340131248e-01	2.433292700004003606e-01	0.000000000000000000e+00
2.576342056340131248e-01	2.432531964891672394e-01	0.000000000000000000e+00
2.576342056340131248e-01	2.432531964891672394e-01	0.000000000000000000e+00
2.576342056340131248e-01	2.432531964891672394e-01	0.000000000000000000e+00
2.576342056340131248e-01	2.432531964891672394e-01	0.000000000000000000e+00
2.576342056340131248e-01	2.432531964891672394e-01	0.000000000000000000e+00
2.576342056340131248e-01	2.432531964891672394e-01	0.000000000000000000e+00
2.576342056340131248e-01	2.432531964891672394e-01	0.000000000000000000e+00
4.128451171900993644e-01	2.226040486778898264e-01	0.000000000000000000e+00
4.148710015663951145e-01	1.864518526755937489e-01	0.000000000000000000e+00
4.176660614595354426e-01	1.523608735755552501e-01	0.000000000000000000e+00
4.233904257683060446e-01	1.169580354636691744e-01	0.000000000000000000e+00
4.233904257683060446e-01	7.752740654829136380e-02	0.000000000000000000e+00
4.259008272307859277e-01	5.819441878032277637e-02	0.000000000000000000e+00
4.308657021564420431e-01	2.996029765369638206e-02	0.000000000000000000e+00
4.318516074191673937e-01	-1.711921975451316004e-03	0.000000000000000000e+00
4.348196563697180883e-01	-2.547236531634569992e-02	0.000000000000000000e+00
4.378023876075488596e-01	-5.250693194104696926e-02	0.000000000000000000e+00
4.420767114591477864e-01	-7.660318296980646313e-02	0.000000000000000000e+00
4.447126809346651499e-01	-9.582730521618262887e-02	0.000000000000000000e+00
4.500796729256479889e-01	-1.122988480016747503e-01	0.000000000000000000e+00
4.554466649166307723e-01	-1.164871378682231923e-01	0.000000000000000000e+00
4.554466649166307723e-01	-1.164871378682231923e-01	0.000000000000000000e+00
4.554466649166307723e-01	-1.164871378682231923e-01	0.000000000000000000e+00
4.554466649166307723e-01	-1.164871378682231923e-01	0.000000000000000000e+00
4.554466649166307723e-01	-1.164871378682231923e-01	0.000000000000000000e+00
4.554466649166307723e-01	-1.164871378682231923e-01	0.000000000000000000e+00
4.554466649166307723e-01	-1.164871378682231923e-01	0.000000000000000000e+00
6.215999220481794874e-01	-1.628596474377047576e-01	0.000000000000000000e+00
6.215999220481794874e-01	-1.628596474377047576e-01	0.000000000000000000e+00
6.215999220481794874e-01	-1.628596474377047576e-01	0.000000000000000000e+00
6.254384508307040402e-01	-2.061510828104946291e-01	0.000000000000000000e+00
6.254384508307040402e-01	-2.061510828104946291e-01	0.000000000000000000e+00
6.269937701557809495e-01	-2.272029307898534023e-01	0.000000000000000000e+00
6.280182475659299435e-01	-2.442560685479227001e-01	0.000000000000000000e+00
6.290784617753402141e-01	-2.669177524707838089e-01	0.000000000000000000e+00
6.365963405879331294e-01	-3.597086435769859536e-01	0.000000000000000000e+00
6.311631533948993678e-01	-2.956527205247913570e-01	0.000000000000000000e+00
6.324948779200654236e-01	-3.151277076146721257e-01	0.000000000000000000e+00
6.365963405879331294e-01	-3.549636471104193336e-01	0.000000000000000000e+00
6.365963405879331294e-01	-3.549636471104193336e-01	0.000000000000000000e+00
6.369781080192498113e-01	-3.672348850478855953e-01	0.000000000000000000e+00
6.386619146064888008e-01	-3.793243575130226808e-01	0.000000000000000000e+00
6.446662813273505988e-01	-4.219342002331500918e-01	0.000000000000000000e+00
6.446662813273505988e-01	-4.219342002331500918e-01	0.000000000000000000e+00
6.446662813273505988e-01	-4.219342002331500918e-01	0.000000000000000000e+00
6.513591727210643612e-01	-4.412047179544217324e-01	0.000000000000000000e+00
6.513591727210643612e-01	-4.412047179544217324e-01	0.000000000000000000e+00
6.513591727210643612e-01	-4.459700744894751212e-01	0.000000000000000000e+00
6.513591727210643612e-01	-4.459700744894751212e-01	0.000000000000000000e+00
6.513591727210643612e-01	-4.459700744894751212e-01	0.000000000000000000e+00
6.513591727210643612e-01	-4.459700744894751212e-01	0.000000000000000000e+00
8.278085121613685260e-01	-5.286456546006070845e-01	0.000000000000000000e+00
8.278085121613685260e-01	-5.286456546006070845e-01	0.000000000000000000e+00
8.278085121613685260e-01	-5.286456546006070845e-01	0.000000000000000000e+00
8.278085121613685260e-01	-5.286456546006070845e-01	0.000000000000000000e+00
8.278085121613685260e-01	-5.286456546006070845e-01	0.000000000000000000e+00
8.278085121613685260e-01	-5.322219895675709411e-01	0.000000000000000000e+00
8.278085121613685260e-01	-5.322219895675709411e-01	0.000000000000000000e+00
8.305210222953858246e-01	-5.634938371023636705e-01	0.000000000000000000e+00
8.305210222953858246e-01	-5.634938371023636705e-01	0.000000000000000000e+00
8.320016758032731108e-01	-5.741338520771752663e-01	0.000000000000000000e+00
8.326786996513803052e-01	-5.807284042143215919e-01	0.000000000000000000e+00
8.367560040005208588e-01	-6.454389450862469957e-01	0.000000000000000000e+00
8.367560040005208588e-01	-6.412483445015010330e-01	0.000000000000000000e+00
8.351270884207966372e-01	-6.216003216309674562e-01	0.000000000000000000e+00
8.367560040005208588e-01	-6.412483445015010330e-01	0.000000000000000000e+00
8.367560040005208588e-01	-6.412483445015010330e-01	0.000000000000000000e+00
8.367560040005208588e-01	-6.454389450862469957e-01	0.000000000000000000e+00
8.367560040005208588e-01	-6.531028168564834147e-01	0.000000000000000000e+00
8.506151807032344969e-01	-7.202574797605724166e-01	0.000000000000000000e+00
8.506151807032344969e-01	-7.202574797605724166e-01	0.000000000000000000e+00
8.506151807032344969e-01	-7.202574797605724166e-01	0.000000000000000000e+00
8.506151807032344969e-01	-7.202574797605724166e-01	0.000000000000000000e+00
8.506151807032344969e-01	-7.202574797605724166e-01	0.000000000000000000e+00
8.506151807032344969e-01	-7.202574797605724166e-01	0.000000000000000000e+00
8.506151807032344969e-01	-7.202574797605724166e-01	0.000000000000000000e+00
8.506151807032344969e-01	-7.267294803511442636e-01	0.000000000000000000e+00
