0.000000000000000000e+00	1.761170516755521387e+00	0.000000000000000000e+00
1.395558935896938635e-02	1.579342940163553699e+00	0.000000000000000000e+00
1.395558935896938635e-02	1.579342940163553699e+00	0.000000000000000000e+00
3.460765024587007105e-02	1.407340743717457210e+00	0.000000000000000000e+00
4.906369667682786151e-02	1.298793095714090517e+00	0.000000000000000000e+00
4.906369667682786151e-02	1.298793095714090517e+00	0.000000000000000000e+00
4.906369667682786151e-02	1.298793095714090517e+00	0.000000000000000000e+00
9.325575876771879935e-02	1.245768287366403992e+00	0.000000000000000000e+00
9.325575876771879935e-02	1.245768287366403992e+00	0.000000000000000000e+00
9.325575876771879935e-02	1.245768287366403992e+00	0.000000000000000000e+00
9.325575876771879935e-02	1.245768287366403992e+00	0.000000000000000000e+00
9.325575876771879935e-02	1.245768287366403992e+00	0.000000000000000000e+00
9.325575876771879935e-02	1.245768287366403992e+00	0.000000000000000000e+00
1.788845359982506600e-01	1.236882041493387430e+00	0.000000000000000000e+00
1.788845359982506600e-01	1.236882041493387430e+00	0.000000000000000000e+00
1.788845359982506600e-01	1.236882041493387430e+00	0.000000000000000000e+00
2.180371049809205486e-01	1.004171240506779084e+00	0.000000000000000000e+00
2.180371049809205486e-01	1.004171240506779084e+00	0.000000000000000000e+00
2.180371049809205486e-01	1.004171240506779084e+00	0.000000000000000000e+00
2.208095915724397340e-01	7.631102870300126018e-01	0.000000000000000000e+00
2.208095915724397340e-01	7.631102870300126018e-01	0.000000000000000000e+00
2.142434043052919845e-01	8.064920141724044589e-01	0.000000000000000000e+00
2.142434043052919845e-01	8.064920141724044589e-01	0.000000000000000000e+00
2.208095915724397340e-01	7.631102870300126018e-01	0.000000000000000000e+00
2.250411103749207498e-01	7.196148393955584810e-01	0.000000000000000000e+00
2.386188508549700882e-01	7.234867451838770114e-01	0.000000000000000000e+00
2.386188508549700882e-01	7.179907725955642084e-01	0.000000000000000000e+00
2.443018540495115187e-01	6.763061571167101604e-01	0.000000000000000000e+00
2.443018540495115187e-01	6.763061571167101604e-01	0.000000000000000000e+00
2.443018540495115187e-01	6.763061571167101604e-01	0.000000000000000000e+00
2.443018540495115187e-01	6.763061571167101604e-01	0.000000000000000000e+00
2.443018540495115187e-01	6.763061571167101604e-01	0.000000000000000000e+00
2.443018540495115187e-01	6.763061571167101604e-01	0.000000000000000000e+00
2.443018540495115187e-01	6.763061571167101604e-01	0.000000000000000000e+00
2.443018540495115187e-01	6.763061571167101604e-01	0.000000000000000000e+00
2.443018540495115187e-01	6.763061571167101604e-01	0.000000000000000000e+00
2.443018540495115187e-01	6.763061571167101604e-01	0.000000000000000000e+00
2.443018540495115187e-01	6.801926278883182464e-01	0.000000000000000000e+00
2.443018540495115187e-01	6.961521589745233163e-01	0.000000000000000000e+00
4.129150565788214378e-01	6.299507429340722720e-01	0.000000000000000000e+00
4.129150565788214378e-01	6.299507429340722720e-01	0.000000000000000000e+00
4.135323169702692647e-01	6.177599179882615754e-01	0.000000000000000000e+00
4.153840981446126346e-01	5.369048048754141433e-01	0.000000000000000000e+00
4.153840981446126346e-01	5.369048048754141433e-01	0.000000000000000000e+00
4.153840981446126346e-01	5.188667610613978409e-01	0.000000000000000000e+00
4.153840981446126346e-01	5.188667610613978409e-01	0.000000000000000000e+00
4.153840981446126346e-01	5.188667610613978409e-01	0.000000000000000000e+00
4.166186189275082330e-01	5.131950483407936581e-01	0.000000000000000000e+00
4.386832736650294606e-01	2.876584427762480800e-01	0.000000000000000000e+00
4.386832736650294606e-01	2.876584427762480800e-01	0.000000000000000000e+00
4.386832736650294606e-01	2.876584427762480800e-01	0.000000000000000000e+00
4.386832736650294606e-01	2.876584427762480800e-01	0.000000000000000000e+00
4.386832736650294606e-01	2.876584427762480800e-01	0.000000000000000000e+00
4.386832736650294606e-01	2.876584427762480800e-01	0.000000000000000000e+00
4.386832736650294606e-01	2.876584427762480800e-01	0.000000000000000000e+00
4.386832736650294606e-01	2.783110740876554856e-01	0.000000000000000000e+00
4.386832736650294606e-01	2.783110740876554856e-01	0.000000000000000000e+00
4.468863324442268192e-01	3.752304973439756219e-01	0.000000000000000000e+00
4.468863324442268192e-01	3.752304973439756219e-01	0.000000000000000000e+00
4.468863324442268192e-01	3.752304973439756219e-01	0.000000000000000000e+00
4.468863324442268192e-01	3.752304973439756219e-01	0.000000000000000000e+00
4.468863324442268192e-01	3.752304973439756219e-01	0.000000000000000000e+00
4.468863324442268192e-01	3.752304973439756219e-01	0.000000000000000000e+00
4.468863324442268192e-01	3.789376987859943702e-01	0.000000000000000000e+00
4.468863324442268192e-01	3.789376987859943702e-01	0.000000000000000000e+00
6.296698281182468993e-01	3.330676119307769967e-01	0.000000000000000000e+00
6.296698281182468993e-01	2.058920764833070682e-01	0.000000000000000000e+00
6.296698281182468993e-01	2.058920764833070682e-01	0.000000000000000000e+00
6.296698281182468993e-01	2.058920764833070682e-01	0.000000000000000000e+00
6.296698281182468993e-01	2.058920764833070682e-01	0.000000000000000000e+00
6.296698281182468993e-01	2.058920764833070682e-01	0.000000000000000000e+00
6.296698281182468993e-01	2.058920764833070682e-01	0.000000000000000000e+00
6.296698281182468993e-01	2.058920764833070682e-01	0.000000000000000000e+00
6.296698281182468993e-01	2.058920764833070682e-01	0.000000000000000000e+00
6.373612884558201852e-01	2.217932309403354840e-01	0.000000000000000000e+00
6.435144567258789250e-01	2.614128004039651954e-01	0.000000000000000000e+00
6.435144567258789250e-01	2.503778449058757793e-01	0.000000000000000000e+00
6.435144567258789250e-01	2.038201192043638255e-01	0.000000000000000000e+00
6.435144567258789250e-01	2.038201192043638255e-01	0.000000000000000000e+00
6.435144567258789250e-01	2.038201192043638255e-01	0.000000000000000000e+00
6.435144567258789250e-01	2.038201192043638255e-01	0.000000000000000000e+00
6.435144567258789250e-01	2.038201192043638255e-01	0.000000000000000000e+00
6.435144567258789250e-01	2.038201192043638255e-01	0.000000000000000000e+00
6.435144567258789250e-01	2.038201192043638255e-01	0.000000000000000000e+00
6.435144567258789250e-01	2.038201192043638255e-01	0.000000000000000000e+00
6.435144567258789250e-01	2.038201192043638255e-01	0.000000000000000000e+00
8.242049909490685167e-01	1.650550333284466209e-01	0.000000000000000000e+00
8.258970850769273842e-01	1.087998100196927442e-01	0.000000000000000000e+00
8.258970850769273842e-01	1.087998100196927442e-01	0.000000000000000000e+00
8.258970850769273842e-01	1.087998100196927442e-01	0.000000000000000000e+00
8.258970850769273842e-01	1.087998100196927442e-01	0.000000000000000000e+00
8.258970850769273842e-01	1.087998100196927442e-01	0.000000000000000000e+00
8.272783864057917658e-01	1.000589303883174380e-01	0.000000000000000000e+00
8.276237117380078612e-01	7.052414312275309682e-02	0.000000000000000000e+00
8.272783864057917658e-01	8.172760478915755411e-02	0.000000000000000000e+00
8.276237117380078612e-01	7.052414312275309682e-02	0.000000000000000000e+00
8.276237117380078612e-01	6.258819037781339356e-02	0.000000000000000000e+00
8.272783864057917658e-01	5.749960731923117047e-02	0.000000000000000000e+00
8.272783864057917658e-01	5.749960731923117047e-02	0.000000000000000000e+00
8.272783864057917658e-01	5.749960731923117047e-02	0.000000000000000000e+00
