0.000000000000000000e+00	3.532837444674191474e+00	0.000000000000000000e+00
2.853897958626542414e-02	3.249104413782483380e+00	0.000000000000000000e+00
3.591975016892027389e-02	2.943334991720069738e+00	0.000000000000000000e+00
7.282360308219452960e-02	2.762829483409209974e+00	0.000000000000000000e+00
7.282360308219452960e-02	2.762829483409209974e+00	0.000000000000000000e+00
7.282360308219452960e-02	2.762829483409209974e+00	0.000000000000000000e+00
9.252502607452960104e-02	2.696153728575094277e+00	0.000000000000000000e+00
9.252502607452960104e-02	2.696153728575094277e+00	0.000000000000000000e+00
9.252502607452960104e-02	2.696153728575094277e+00	0.000000000000000000e+00
9.252502607452960104e-02	2.696153728575094277e+00	0.000000000000000000e+00
2.189628606187605797e-01	2.307736251356439894e+00	0.000000000000000000e+00
2.204390147352915386e-01	2.275539998100066352e+00	0.000000000000000000e+00
2.381528641336631835e-01	2.137524511712139752e+00	0.000000000000000000e+00
2.381528641336631835e-01	2.137524511712139752e+00	0.000000000000000000e+00
2.558667135320348285e-01	2.061104631861369274e+00	0.000000000000000000e+00
2.558667135320348285e-01	2.061104631861369274e+00	0.000000000000000000e+00
2.558667135320348285e-01	2.040258217397648455e+00	0.000000000000000000e+00
2.558667135320348285e-01	2.040258217397648455e+00	0.000000000000000000e+00
2.558667135320348285e-01	2.040258217397648455e+00	0.000000000000000000e+00
2.558667135320348285e-01	2.040258217397648455e+00	0.000000000000000000e+00
2.558667135320348285e-01	2.040258217397648455e+00	0.000000000000000000e+00
2.558667135320348285e-01	2.040258217397648455e+00	0.000000000000000000e+00
4.289531272917094240e-01	1.691232927854469548e+00	0.000000000000000000e+00
4.289531272917094240e-01	1.691232927854469548e+00	0.000000000000000000e+00
4.289531272917094240e-01	1.691232927854469548e+00	0.000000000000000000e+00
4.289531272917094240e-01	1.691232927854469548e+00	0.000000000000000000e+00
4.289531272917094240e-01	1.700947573715711370e+00	0.000000000000000000e+00
4.289531272917094240e-01	1.691232927854469548e+00	0.000000000000000000e+00
4.289531272917094240e-01	1.691232927854469548e+00	0.000000000000000000e+00
4.289531272917094240e-01	1.696515897678361862e+00	0.000000000000000000e+00
4.289531272917094240e-01	1.696515897678361862e+00	0.000000000000000000e+00
4.289531272917094240e-01	1.696515897678361862e+00	0.000000000000000000e+00
4.289531272917094240e-01	1.696515897678361862e+00	0.000000000000000000e+00
4.289531272917094240e-01	1.696515897678361862e+00	0.000000000000000000e+00
4.289531272917094240e-01	1.702437984268041715e+00	0.000000000000000000e+00
6.198589207038449622e-01	1.389212063878300540e+00	0.000000000000000000e+00
6.198589207038449622e-01	1.389212063878300540e+00	0.000000000000000000e+00
6.198589207038449622e-01	1.389212063878300540e+00	0.000000000000000000e+00
6.198589207038449622e-01	1.389212063878300540e+00	0.000000000000000000e+00
6.198589207038449622e-01	1.389212063878300540e+00	0.000000000000000000e+00
6.198589207038449622e-01	1.389212063878300540e+00	0.000000000000000000e+00
6.198589207038449622e-01	1.389212063878300540e+00	0.000000000000000000e+00
6.198589207038449622e-01	1.353981854484676894e+00	0.000000000000000000e+00
6.198589207038449622e-01	1.338908220843208152e+00	0.000000000000000000e+00
6.198589207038449622e-01	1.292906350811444671e+00	0.000000000000000000e+00
6.407907967448434050e-01	1.118976780073614119e+00	0.000000000000000000e+00
6.303248587243441836e-01	1.210061508098207117e+00	0.000000000000000000e+00
6.303248587243441836e-01	1.210061508098207117e+00	0.000000000000000000e+00
6.407907967448434050e-01	1.178416969921564528e+00	0.000000000000000000e+00
6.407907967448434050e-01	1.118976780073614119e+00	0.000000000000000000e+00
6.407907967448434050e-01	1.118976780073614119e+00	0.000000000000000000e+00
6.407907967448434050e-01	1.118976780073614119e+00	0.000000000000000000e+00
6.462823942006885591e-01	7.151245759878342989e-01	0.000000000000000000e+00
6.462823942006885591e-01	7.151245759878342989e-01	0.000000000000000000e+00
6.462823942006885591e-01	7.151245759878342989e-01	0.000000000000000000e+00
6.462823942006885591e-01	7.151245759878342989e-01	0.000000000000000000e+00
6.462823942006885591e-01	7.151245759878342989e-01	0.000000000000000000e+00
6.462823942006885591e-01	7.151245759878342989e-01	0.000000000000000000e+00
6.462823942006885591e-01	7.151245759878342989e-01	0.000000000000000000e+00
6.462823942006885591e-01	7.151245759878342989e-01	0.000000000000000000e+00
6.493514704782400448e-01	9.010224139263008913e-01	0.000000000000000000e+00
6.493514704782400448e-01	9.010224139263008913e-01	0.000000000000000000e+00
6.524205467557915306e-01	9.575780446560590020e-01	0.000000000000000000e+00
6.524205467557915306e-01	9.575780446560590020e-01	0.000000000000000000e+00
6.524205467557915306e-01	9.575780446560590020e-01	0.000000000000000000e+00
6.524205467557915306e-01	9.575780446560590020e-01	0.000000000000000000e+00
8.371612966473737094e-01	6.919536665589449687e-01	0.000000000000000000e+00
8.371612966473737094e-01	6.919536665589449687e-01	0.000000000000000000e+00
8.371612966473737094e-01	6.919536665589449687e-01	0.000000000000000000e+00
8.371612966473737094e-01	6.919536665589449687e-01	0.000000000000000000e+00
8.371612966473737094e-01	6.919536665589449687e-01	0.000000000000000000e+00
8.371612966473737094e-01	6.919536665589449687e-01	0.000000000000000000e+00
8.370737129951624222e-01	5.700329874954810361e-01	0.000000000000000000e+00
8.370737129951624222e-01	5.700329874954810361e-01	0.000000000000000000e+00
8.370737129951624222e-01	5.700329874954810361e-01	0.000000000000000000e+00
8.370737129951624222e-01	5.700329874954810361e-01	0.000000000000000000e+00
8.369861293429512461e-01	5.526612918806239616e-01	0.000000000000000000e+00
8.369861293429512461e-01	5.526612918806239616e-01	0.000000000000000000e+00
8.369861293429512461e-01	5.526612918806239616e-01	0.000000000000000000e+00
8.369861293429512461e-01	5.526612918806239616e-01	0.000000000000000000e+00
8.369861293429512461e-01	5.526612918806239616e-01	0.000000000000000000e+00
8.366082650147275146e-01	6.394870475409996091e-01	0.000000000000000000e+00
8.366082650147275146e-01	6.394870475409996091e-01	0.000000000000000000e+00
8.366082650147275146e-01	5.972276263226923287e-01	0.000000000000000000e+00
8.366082650147275146e-01	5.972276263226923287e-01	0.000000000000000000e+00
8.366082650147275146e-01	5.972276263226923287e-01	0.000000000000000000e+00
8.366082650147275146e-01	5.972276263226923287e-01	0.000000000000000000e+00
8.366082650147275146e-01	5.972276263226923287e-01	0.000000000000000000e+00
8.366082650147275146e-01	5.972276263226923287e-01	0.000000000000000000e+00
8.366082650147275146e-01	5.972276263226923287e-01	0.000000000000000000e+00
8.366082650147275146e-01	5.972276263226923287e-01	0.000000000000000000e+00
8.366082650147275146e-01	5.789396763711532889e-01	0.000000000000000000e+00
8.366082650147275146e-01	5.789396763711532889e-01	0.000000000000000000e+00
8.422727770488974697e-01	5.612010887114761148e-01	0.000000000000000000e+00
8.422727770488974697e-01	5.612010887114761148e-01	0.000000000000000000e+00
8.422727770488974697e-01	5.528722889484796177e-01	0.000000000000000000e+00
8.422727770488974697e-01	5.253959124994030949e-01	0.000000000000000000e+00
8.422727770488974697e-01	5.253959124994030949e-01	0.000000000000000000e+00
8.422727770488974697e-01	5.253959124994030949e-01	0.000000000000000000e+00
8.422727770488974697e-01	5.213911610867544288e-01	0.000000000000000000e+00
