0.000000000000000000e+00	1.056573242803015678e+00	0.000000000000000000e+00
1.459478597901429919e-02	9.258434701748168294e-01	0.000000000000000000e+00
2.563991216026680411e-02	8.649933157736502398e-01	0.000000000000000000e+00
4.436490722931693553e-02	7.762150148791888693e-01	0.000000000000000000e+00
5.625759482754331964e-02	7.527861714115577918e-01	0.000000000000000000e+00
7.328746706264568922e-02	7.168874876349660141e-01	0.000000000000000000e+00
7.939035403804703406e-02	7.015287680286644845e-01	0.000000000000000000e+00
7.939035403804703406e-02	7.015287680286644845e-01	0.000000000000000000e+00
7.939035403804703406e-02	7.015287680286644845e-01	0.000000000000000000e+00
7.939035403804703406e-02	7.015287680286644845e-01	0.000000000000000000e+00
7.939035403804703406e-02	7.015287680286644845e-01	0.000000000000000000e+00
7.939035403804703406e-02	7.015287680286644845e-01	0.000000000000000000e+00
7.939035403804703406e-02	7.015287680286644845e-01	0.000000000000000000e+00
1.957315487782514130e-01	6.145928267854584570e-01	0.000000000000000000e+00
2.031102388008821091e-01	5.596335066479787290e-01	0.000000000000000000e+00
2.094046417141289806e-01	5.166566568988930630e-01	0.000000000000000000e+00
2.188095195182662156e-01	4.481143828121089134e-01	0.000000000000000000e+00
2.235674760029809915e-01	4.084170135037933358e-01	0.000000000000000000e+00
2.335668995635276080e-01	3.413940688588905092e-01	0.000000000000000000e+00
2.411496682012757575e-01	3.032895341355279495e-01	0.000000000000000000e+00
2.439368036738680523e-01	2.925205421643285453e-01	0.000000000000000000e+00
2.538985505539735898e-01	2.696756165580444509e-01	0.000000000000000000e+00
2.538985505539735898e-01	2.696756165580444509e-01	0.000000000000000000e+00
2.538985505539735898e-01	2.696756165580444509e-01	0.000000000000000000e+00
2.538985505539735898e-01	2.696756165580444509e-01	0.000000000000000000e+00
2.538985505539735898e-01	2.696756165580444509e-01	0.000000000000000000e+00
2.538985505539735898e-01	2.696756165580444509e-01	0.000000000000000000e+00
2.538985505539735898e-01	2.696756165580444509e-01	0.000000000000000000e+00
2.538985505539735898e-01	2.696756165580444509e-01	0.000000000000000000e+00
2.538985505539735898e-01	2.696756165580444509e-01	0.000000000000000000e+00
2.538985505539735898e-01	2.696756165580444509e-01	0.000000000000000000e+00
4.200422183995253800e-01	1.306461996756857757e-01	0.000000000000000000e+00
4.183751865758206234e-01	1.679751269063063102e-01	0.000000000000000000e+00
4.200422183995253800e-01	1.306461996756857757e-01	0.000000000000000000e+00
4.231197917261019237e-01	1.053726941105499471e-01	0.000000000000000000e+00
4.269026358041144165e-01	7.423094263325197284e-02	0.000000000000000000e+00
4.292749383792550666e-01	5.574984957498521632e-02	0.000000000000000000e+00
4.354300850324082095e-01	-7.285781802628983096e-03	0.000000000000000000e+00
4.354300850324082095e-01	-7.285781802628983096e-03	0.000000000000000000e+00
4.378023876075488596e-01	-2.667202007970290167e-02	0.000000000000000000e+00
4.406051088206549560e-01	-3.161161149278942512e-02	0.000000000000000000e+00
4.441626756460758663e-01	-7.514700384598303751e-02	0.000000000000000000e+00
4.467501875401991840e-01	-8.312754742494522786e-02	0.000000000000000000e+00
4.545127232225693037e-01	-9.439270989158614344e-02	0.000000000000000000e+00
4.545127232225693037e-01	-9.439270989158614344e-02	0.000000000000000000e+00
4.545127232225693037e-01	-9.439270989158614344e-02	0.000000000000000000e+00
4.545127232225693037e-01	-9.439270989158614344e-02	0.000000000000000000e+00
4.545127232225693037e-01	-9.439270989158614344e-02	0.000000000000000000e+00
4.545127232225693037e-01	-9.439270989158614344e-02	0.000000000000000000e+00
4.545127232225693037e-01	-9.439270989158614344e-02	0.000000000000000000e+00
4.545127232225693037e-01	-8.684585812923301118e-02	0.000000000000000000e+00
6.232098370931489217e-01	-1.544893821022170488e-01	0.000000000000000000e+00
6.232098370931489217e-01	-1.313449123865635670e-01	0.000000000000000000e+00
6.246559990133386808e-01	-1.733664594981105811e-01	0.000000000000000000e+00
6.246559990133386808e-01	-1.733664594981105811e-01	0.000000000000000000e+00
6.270935622858043734e-01	-1.919478781721908334e-01	0.000000000000000000e+00
6.275483228537181990e-01	-2.098382725240659497e-01	0.000000000000000000e+00
6.292218650578647043e-01	-2.293477641963899138e-01	0.000000000000000000e+00
6.304406466940974951e-01	-2.493690301330656889e-01	0.000000000000000000e+00
6.323825092904251655e-01	-2.747314348801098149e-01	0.000000000000000000e+00
6.327148354994567292e-01	-2.762945059908450962e-01	0.000000000000000000e+00
6.376090574907135045e-01	-3.260987108953861680e-01	0.000000000000000000e+00
6.376090574907135045e-01	-3.260987108953861680e-01	0.000000000000000000e+00
6.376090574907135045e-01	-3.260987108953861680e-01	0.000000000000000000e+00
6.399985277562522112e-01	-3.424902901069826755e-01	0.000000000000000000e+00
6.421574351014320836e-01	-3.610925402448095234e-01	0.000000000000000000e+00
6.452647944599068097e-01	-3.854954750573939548e-01	0.000000000000000000e+00
6.452647944599068097e-01	-3.854954750573939548e-01	0.000000000000000000e+00
6.483721538183815358e-01	-3.912582358053855458e-01	0.000000000000000000e+00
6.545868725353309880e-01	-4.150113045739474149e-01	0.000000000000000000e+00
6.545868725353309880e-01	-4.150113045739474149e-01	0.000000000000000000e+00
6.545868725353309880e-01	-4.150113045739474149e-01	0.000000000000000000e+00
6.545868725353309880e-01	-4.150113045739474149e-01	0.000000000000000000e+00
6.545868725353309880e-01	-4.150113045739474149e-01	0.000000000000000000e+00
6.545868725353309880e-01	-4.150113045739474149e-01	0.000000000000000000e+00
8.420271132552066273e-01	-6.059680976609732594e-01	0.000000000000000000e+00
8.420271132552066273e-01	-6.059680976609732594e-01	0.000000000000000000e+00
8.420271132552066273e-01	-6.059680976609732594e-01	0.000000000000000000e+00
8.420271132552066273e-01	-6.059680976609732594e-01	0.000000000000000000e+00
8.420271132552066273e-01	-6.059680976609732594e-01	0.000000000000000000e+00
8.420271132552066273e-01	-6.073493308555454329e-01	0.000000000000000000e+00
8.420271132552066273e-01	-6.078571510262973376e-01	0.000000000000000000e+00
8.420271132552066273e-01	-6.078571510262973376e-01	0.000000000000000000e+00
8.420271132552066273e-01	-6.078571510262973376e-01	0.000000000000000000e+00
8.420271132552066273e-01	-6.078571510262973376e-01	0.000000000000000000e+00
8.420271132552066273e-01	-6.078571510262973376e-01	0.000000000000000000e+00
8.400260723390982065e-01	-6.052262756472946981e-01	0.000000000000000000e+00
8.400260723390982065e-01	-6.052262756472946981e-01	0.000000000000000000e+00
8.400260723390982065e-01	-6.052262756472946981e-01	0.000000000000000000e+00
8.400260723390982065e-01	-6.052262756472946981e-01	0.000000000000000000e+00
8.400260723390982065e-01	-6.052262756472946981e-01	0.000000000000000000e+00
8.420271132552066273e-01	-6.285840584297794909e-01	0.000000000000000000e+00
8.420271132552066273e-01	-6.285840584297794909e-01	0.000000000000000000e+00
8.420271132552066273e-01	-6.389441767625128055e-01	0.000000000000000000e+00
8.460291950874235800e-01	-6.473818524150490861e-01	0.000000000000000000e+00
8.500312769196405327e-01	-6.749912293735597091e-01	0.000000000000000000e+00
8.500312769196405327e-01	-6.749912293735597091e-01	0.000000000000000000e+00
8.500312769196405327e-01	-6.749912293735597091e-01	0.000000000000000000e+00
8.500312769196405327e-01	-6.749912293735597091e-01	0.000000000000000000e+00
8.500312769196405327e-01	-6.749912293735597091e-01	0.000000000000000000e+00
