0.000000000000000000e+00	3.159702543592987301e+00	0.000000000000000000e+00
1.854237032905261401e-02	2.646079101469928752e+00	0.000000000000000000e+00
4.154214045859150328e-02	2.578507703198003487e+00	0.000000000000000000e+00
6.008451078764412423e-02	2.242527318703866790e+00	0.000000000000000000e+00
6.008451078764412423e-02	2.242527318703866790e+00	0.000000000000000000e+00
8.308428091718300657e-02	2.195263151944292446e+00	0.000000000000000000e+00
8.308428091718300657e-02	2.195263151944292446e+00	0.000000000000000000e+00
8.308428091718300657e-02	2.195263151944292446e+00	0.000000000000000000e+00
8.308428091718300657e-02	2.195263151944292446e+00	0.000000000000000000e+00
8.308428091718300657e-02	2.195263151944292446e+00	0.000000000000000000e+00
1.841016669805558836e-01	2.054355499739956681e+00	0.000000000000000000e+00
1.841016669805558836e-01	2.054355499739956681e+00	0.000000000000000000e+00
2.153279834693875017e-01	1.964899224286194457e+00	0.000000000000000000e+00
2.217554423170057798e-01	1.745656204395355404e+00	0.000000000000000000e+00
2.217554423170057798e-01	1.745656204395355404e+00	0.000000000000000000e+00
2.346103600122423360e-01	1.692633932341675695e+00	0.000000000000000000e+00
2.384950700367641785e-01	1.673003517520042172e+00	0.000000000000000000e+00
2.384950700367641785e-01	1.658204857041457370e+00	0.000000000000000000e+00
2.384950700367641785e-01	1.658204857041457370e+00	0.000000000000000000e+00
2.384950700367641785e-01	1.658204857041457370e+00	0.000000000000000000e+00
2.384950700367641785e-01	1.658204857041457370e+00	0.000000000000000000e+00
2.384950700367641785e-01	1.658204857041457370e+00	0.000000000000000000e+00
2.384950700367641785e-01	1.658204857041457370e+00	0.000000000000000000e+00
2.384950700367641785e-01	1.658204857041457370e+00	0.000000000000000000e+00
4.028426047958243439e-01	1.619998646481242588e+00	0.000000000000000000e+00
4.080647092950013821e-01	1.495480784221798976e+00	0.000000000000000000e+00
4.080647092950013821e-01	1.495480784221798976e+00	0.000000000000000000e+00
4.080647092950013821e-01	1.449709916053892433e+00	0.000000000000000000e+00
4.132868137941784203e-01	1.304031709300794484e+00	0.000000000000000000e+00
4.132868137941784203e-01	1.304031709300794484e+00	0.000000000000000000e+00
4.132868137941784203e-01	1.304031709300794484e+00	0.000000000000000000e+00
4.185089182933554031e-01	1.267088600711242075e+00	0.000000000000000000e+00
4.289531272917094240e-01	1.110762764825886428e+00	0.000000000000000000e+00
4.289531272917094240e-01	1.110762764825886428e+00	0.000000000000000000e+00
4.289531272917094240e-01	1.110762764825886428e+00	0.000000000000000000e+00
4.289531272917094240e-01	1.110762764825886428e+00	0.000000000000000000e+00
4.289531272917094240e-01	1.110762764825886428e+00	0.000000000000000000e+00
4.289531272917094240e-01	1.145883370050831962e+00	0.000000000000000000e+00
4.289531272917094240e-01	1.145883370050831962e+00	0.000000000000000000e+00
4.289531272917094240e-01	1.145883370050831962e+00	0.000000000000000000e+00
4.289531272917094240e-01	1.145883370050831962e+00	0.000000000000000000e+00
4.289531272917094240e-01	1.145883370050831962e+00	0.000000000000000000e+00
4.289531272917094240e-01	1.145883370050831962e+00	0.000000000000000000e+00
4.289531272917094240e-01	1.145883370050831962e+00	0.000000000000000000e+00
6.163614489159467968e-01	1.027194812322018036e+00	0.000000000000000000e+00
6.163614489159467968e-01	1.027194812322018036e+00	0.000000000000000000e+00
6.163614489159467968e-01	1.027194812322018036e+00	0.000000000000000000e+00
6.163614489159467968e-01	1.027194812322018036e+00	0.000000000000000000e+00
6.163614489159467968e-01	9.312819891788579607e-01	0.000000000000000000e+00
6.163614489159467968e-01	9.312819891788579607e-01	0.000000000000000000e+00
6.163614489159467968e-01	9.312819891788579607e-01	0.000000000000000000e+00
6.207332886508194481e-01	9.276742689394470442e-01	0.000000000000000000e+00
6.213890646110503679e-01	9.152538873293074584e-01	0.000000000000000000e+00
6.233563924917431276e-01	8.459098217971551259e-01	0.000000000000000000e+00
6.233563924917431276e-01	8.459098217971551259e-01	0.000000000000000000e+00
6.233563924917431276e-01	8.459098217971551259e-01	0.000000000000000000e+00
6.246618686756417738e-01	8.368737089448783362e-01	0.000000000000000000e+00
6.259673448595405310e-01	7.875961741620028933e-01	0.000000000000000000e+00
6.259673448595405310e-01	7.875961741620028933e-01	0.000000000000000000e+00
6.272728210434392881e-01	7.815539570015044291e-01	0.000000000000000000e+00
6.285782972273379343e-01	6.965850387680132538e-01	0.000000000000000000e+00
6.285782972273379343e-01	6.965850387680132538e-01	0.000000000000000000e+00
6.285782972273379343e-01	6.965850387680132538e-01	0.000000000000000000e+00
6.285782972273379343e-01	6.965850387680132538e-01	0.000000000000000000e+00
6.285782972273379343e-01	6.965850387680132538e-01	0.000000000000000000e+00
6.285782972273379343e-01	6.889044214161738067e-01	0.000000000000000000e+00
6.371205244603058704e-01	6.384290427820811242e-01	0.000000000000000000e+00
6.328494108438218468e-01	6.414304690282436328e-01	0.000000000000000000e+00
6.328494108438218468e-01	6.414304690282436328e-01	0.000000000000000000e+00
6.371205244603058704e-01	6.284543233215026392e-01	0.000000000000000000e+00
6.371205244603058704e-01	6.284543233215026392e-01	0.000000000000000000e+00
6.371205244603058704e-01	6.284543233215026392e-01	0.000000000000000000e+00
6.371205244603058704e-01	6.284543233215026392e-01	0.000000000000000000e+00
6.371205244603058704e-01	6.284543233215026392e-01	0.000000000000000000e+00
6.371205244603058704e-01	6.284543233215026392e-01	0.000000000000000000e+00
8.291787292732856196e-01	5.530536656545896879e-01	0.000000000000000000e+00
8.291787292732856196e-01	5.530536656545896879e-01	0.000000000000000000e+00
8.291787292732856196e-01	5.530536656545896879e-01	0.000000000000000000e+00
8.291787292732856196e-01	5.530536656545896879e-01	0.000000000000000000e+00
8.291787292732856196e-01	5.530536656545896879e-01	0.000000000000000000e+00
8.291787292732856196e-01	5.530536656545896879e-01	0.000000000000000000e+00
8.291787292732856196e-01	5.417946582003817513e-01	0.000000000000000000e+00
8.347110325109985407e-01	4.661257246122159636e-01	0.000000000000000000e+00
8.347110325109985407e-01	4.661257246122159636e-01	0.000000000000000000e+00
8.347110325109985407e-01	4.604915242395731245e-01	0.000000000000000000e+00
8.347110325109985407e-01	4.604915242395731245e-01	0.000000000000000000e+00
8.347110325109985407e-01	4.604915242395731245e-01	0.000000000000000000e+00
8.347110325109985407e-01	4.604915242395731245e-01	0.000000000000000000e+00
8.347110325109985407e-01	4.604915242395731245e-01	0.000000000000000000e+00
8.356150234961703394e-01	4.258268575027636671e-01	0.000000000000000000e+00
8.356150234961703394e-01	4.258268575027636671e-01	0.000000000000000000e+00
8.356150234961703394e-01	4.258268575027636671e-01	0.000000000000000000e+00
8.373679274264526073e-01	4.176527903941342212e-01	0.000000000000000000e+00
8.373954664464833275e-01	3.834557283282554185e-01	0.000000000000000000e+00
8.382719184116244060e-01	3.841542955922881419e-01	0.000000000000000000e+00
8.382719184116244060e-01	3.841542955922881419e-01	0.000000000000000000e+00
8.382719184116244060e-01	3.841542955922881419e-01	0.000000000000000000e+00
8.389361421404879504e-01	3.695403219091449865e-01	0.000000000000000000e+00
8.389361421404879504e-01	3.695403219091449865e-01	0.000000000000000000e+00
8.389361421404879504e-01	3.695403219091449865e-01	0.000000000000000000e+00
