0.000000000000000000e+00	3.742285247029303985e+00	0.000000000000000000e+00
2.853897958626542414e-02	3.369708460262781813e+00	0.000000000000000000e+00
5.707795917253084828e-02	3.216733089654366218e+00	0.000000000000000000e+00
7.282360308219452960e-02	2.822735870746481357e+00	0.000000000000000000e+00
7.282360308219452960e-02	2.822735870746481357e+00	0.000000000000000000e+00
7.282360308219452960e-02	2.822735870746481357e+00	0.000000000000000000e+00
7.282360308219452960e-02	2.822735870746481357e+00	0.000000000000000000e+00
7.282360308219452960e-02	2.822735870746481357e+00	0.000000000000000000e+00
7.282360308219452960e-02	2.822735870746481357e+00	0.000000000000000000e+00
2.204390147352915386e-01	2.596770943260028108e+00	0.000000000000000000e+00
2.204390147352915386e-01	2.596770943260028108e+00	0.000000000000000000e+00
2.440574805997870744e-01	2.470572948924189216e+00	0.000000000000000000e+00
2.558667135320348285e-01	2.314209615465924408e+00	0.000000000000000000e+00
2.558667135320348285e-01	2.314209615465924408e+00	0.000000000000000000e+00
2.558667135320348285e-01	2.314209615465924408e+00	0.000000000000000000e+00
2.558667135320348285e-01	2.314209615465924408e+00	0.000000000000000000e+00
2.558667135320348285e-01	2.314209615465924408e+00	0.000000000000000000e+00
2.558667135320348285e-01	2.314209615465924408e+00	0.000000000000000000e+00
2.558667135320348285e-01	2.340487462646627215e+00	0.000000000000000000e+00
4.289531272917094240e-01	1.894463989453894825e+00	0.000000000000000000e+00
4.289531272917094240e-01	1.894463989453894825e+00	0.000000000000000000e+00
4.289531272917094240e-01	1.894463989453894825e+00	0.000000000000000000e+00
4.289531272917094240e-01	1.814255345761905502e+00	0.000000000000000000e+00
4.289531272917094240e-01	1.814255345761905502e+00	0.000000000000000000e+00
4.289531272917094240e-01	1.814255345761905502e+00	0.000000000000000000e+00
4.289531272917094240e-01	1.814255345761905502e+00	0.000000000000000000e+00
4.289531272917094240e-01	1.781714086484146531e+00	0.000000000000000000e+00
4.289531272917094240e-01	1.781714086484146531e+00	0.000000000000000000e+00
4.289531272917094240e-01	1.781714086484146531e+00	0.000000000000000000e+00
4.289531272917094240e-01	1.781714086484146531e+00	0.000000000000000000e+00
4.289531272917094240e-01	1.781714086484146531e+00	0.000000000000000000e+00
4.289531272917094240e-01	1.781714086484146531e+00	0.000000000000000000e+00
4.289531272917094240e-01	1.781714086484146531e+00	0.000000000000000000e+00
4.289531272917094240e-01	1.781714086484146531e+00	0.000000000000000000e+00
6.198589207038449622e-01	1.324871340210644677e+00	0.000000000000000000e+00
6.198589207038449622e-01	1.324871340210644677e+00	0.000000000000000000e+00
6.198589207038449622e-01	1.333956160410563418e+00	0.000000000000000000e+00
6.198589207038449622e-01	1.333956160410563418e+00	0.000000000000000000e+00
6.198589207038449622e-01	1.333956160410563418e+00	0.000000000000000000e+00
6.198589207038449622e-01	1.392339802654995351e+00	0.000000000000000000e+00
6.198589207038449622e-01	1.392339802654995351e+00	0.000000000000000000e+00
6.198589207038449622e-01	1.392339802654995351e+00	0.000000000000000000e+00
6.198589207038449622e-01	1.333956160410563418e+00	0.000000000000000000e+00
6.198589207038449622e-01	1.333956160410563418e+00	0.000000000000000000e+00
6.198589207038449622e-01	1.292906350811444671e+00	0.000000000000000000e+00
6.198589207038449622e-01	1.292906350811444671e+00	0.000000000000000000e+00
6.407907967448434050e-01	1.035889067465510793e+00	0.000000000000000000e+00
6.407907967448434050e-01	1.035889067465510793e+00	0.000000000000000000e+00
6.407907967448434050e-01	1.199996049825575506e+00	0.000000000000000000e+00
6.407907967448434050e-01	1.199996049825575506e+00	0.000000000000000000e+00
6.462823942006885591e-01	1.085090698415083654e+00	0.000000000000000000e+00
6.462823942006885591e-01	1.085090698415083654e+00	0.000000000000000000e+00
6.462823942006885591e-01	1.085090698415083654e+00	0.000000000000000000e+00
6.462823942006885591e-01	1.085090698415083654e+00	0.000000000000000000e+00
6.462823942006885591e-01	1.085090698415083654e+00	0.000000000000000000e+00
6.462823942006885591e-01	1.036794933255364759e+00	0.000000000000000000e+00
6.462823942006885591e-01	1.036794933255364759e+00	0.000000000000000000e+00
6.462823942006885591e-01	1.036794933255364759e+00	0.000000000000000000e+00
6.462823942006885591e-01	1.036794933255364759e+00	0.000000000000000000e+00
6.462823942006885591e-01	1.036794933255364759e+00	0.000000000000000000e+00
6.462823942006885591e-01	1.036794933255364759e+00	0.000000000000000000e+00
6.462823942006885591e-01	1.036794933255364759e+00	0.000000000000000000e+00
6.462823942006885591e-01	1.036794933255364759e+00	0.000000000000000000e+00
8.377418579993988201e-01	6.711530915116712404e-01	0.000000000000000000e+00
8.377418579993988201e-01	6.711530915116712404e-01	0.000000000000000000e+00
8.377418579993988201e-01	6.711530915116712404e-01	0.000000000000000000e+00
8.377418579993988201e-01	6.711530915116712404e-01	0.000000000000000000e+00
8.377418579993988201e-01	6.711530915116712404e-01	0.000000000000000000e+00
8.377418579993988201e-01	6.711530915116712404e-01	0.000000000000000000e+00
8.377418579993988201e-01	6.711530915116712404e-01	0.000000000000000000e+00
8.377418579993988201e-01	6.595242167678911915e-01	0.000000000000000000e+00
8.377418579993988201e-01	6.328517161354344500e-01	0.000000000000000000e+00
8.377418579993988201e-01	6.328517161354344500e-01	0.000000000000000000e+00
8.377418579993988201e-01	6.328517161354344500e-01	0.000000000000000000e+00
8.377418579993988201e-01	6.328517161354344500e-01	0.000000000000000000e+00
8.377418579993988201e-01	6.328517161354344500e-01	0.000000000000000000e+00
8.377418579993988201e-01	6.328517161354344500e-01	0.000000000000000000e+00
8.377418579993988201e-01	6.883856345759400419e-01	0.000000000000000000e+00
8.377418579993988201e-01	6.883856345759400419e-01	0.000000000000000000e+00
8.377418579993988201e-01	6.883856345759400419e-01	0.000000000000000000e+00
8.377418579993988201e-01	6.883856345759400419e-01	0.000000000000000000e+00
8.377418579993988201e-01	6.883856345759400419e-01	0.000000000000000000e+00
8.377418579993988201e-01	6.883856345759400419e-01	0.000000000000000000e+00
8.377418579993988201e-01	6.883856345759400419e-01	0.000000000000000000e+00
8.377418579993988201e-01	6.883856345759400419e-01	0.000000000000000000e+00
8.377418579993988201e-01	6.667154474616485693e-01	0.000000000000000000e+00
8.377418579993988201e-01	6.667154474616485693e-01	0.000000000000000000e+00
8.379044032224649552e-01	6.427103455846183699e-01	0.000000000000000000e+00
8.379044032224649552e-01	6.427103455846183699e-01	0.000000000000000000e+00
8.384497314236282195e-01	6.104731657269562017e-01	0.000000000000000000e+00
8.384497314236282195e-01	6.104731657269562017e-01	0.000000000000000000e+00
8.384497314236282195e-01	6.104731657269562017e-01	0.000000000000000000e+00
8.384497314236282195e-01	6.104731657269562017e-01	0.000000000000000000e+00
8.389950596247914838e-01	5.981321693735925926e-01	0.000000000000000000e+00
8.397676079097726731e-01	5.614821734548330889e-01	0.000000000000000000e+00
8.397676079097726731e-01	5.614821734548330889e-01	0.000000000000000000e+00
8.397676079097726731e-01	5.614821734548330889e-01	0.000000000000000000e+00
8.397676079097726731e-01	5.614821734548330889e-01	0.000000000000000000e+00
8.404492681612267813e-01	5.472911324573743741e-01	0.000000000000000000e+00
8.404492681612267813e-01	5.472911324573743741e-01	0.000000000000000000e+00
