0.000000000000000000e+00	1.047451760994758230e+00	0.000000000000000000e+00
1.459478597901429919e-02	8.951837460102548549e-01	0.000000000000000000e+00
3.205416104289189605e-02	8.145410803772263897e-01	0.000000000000000000e+00
4.497993678872728995e-02	7.603652429232274912e-01	0.000000000000000000e+00
5.842346411338782131e-02	7.124813194805786898e-01	0.000000000000000000e+00
7.134923985922321521e-02	6.964303974224296256e-01	0.000000000000000000e+00
8.427501560505860911e-02	6.808532767292393428e-01	0.000000000000000000e+00
8.427501560505860911e-02	6.808532767292393428e-01	0.000000000000000000e+00
8.427501560505860911e-02	6.808532767292393428e-01	0.000000000000000000e+00
8.427501560505860911e-02	6.808532767292393428e-01	0.000000000000000000e+00
8.427501560505860911e-02	6.808532767292393428e-01	0.000000000000000000e+00
8.427501560505860911e-02	6.815075935256681428e-01	0.000000000000000000e+00
1.907373140985352267e-01	6.563694610414794184e-01	0.000000000000000000e+00
1.981171044678844972e-01	5.824536722323369053e-01	0.000000000000000000e+00
2.031102388008821091e-01	5.470965287295916912e-01	0.000000000000000000e+00
2.121422046844637921e-01	4.749621928356034251e-01	0.000000000000000000e+00
2.188095195182662156e-01	4.300062960049283456e-01	0.000000000000000000e+00
2.253938330443169824e-01	3.732861146217392734e-01	0.000000000000000000e+00
2.311604392340406988e-01	3.357941791468277981e-01	0.000000000000000000e+00
2.395314248883819164e-01	2.904312582880645977e-01	0.000000000000000000e+00
2.461009932545656920e-01	2.626042837642572070e-01	0.000000000000000000e+00
2.576342056340131248e-01	2.444076514686324975e-01	0.000000000000000000e+00
2.576342056340131248e-01	2.444076514686324975e-01	0.000000000000000000e+00
2.576342056340131248e-01	2.444076514686324975e-01	0.000000000000000000e+00
2.576342056340131248e-01	2.444076514686324975e-01	0.000000000000000000e+00
2.576342056340131248e-01	2.444076514686324975e-01	0.000000000000000000e+00
2.576342056340131248e-01	2.444076514686324975e-01	0.000000000000000000e+00
2.576342056340131248e-01	2.444076514686324975e-01	0.000000000000000000e+00
2.576342056340131248e-01	2.444076514686324975e-01	0.000000000000000000e+00
2.576342056340131248e-01	2.444117831932577367e-01	0.000000000000000000e+00
4.144520986132447238e-01	2.119408236284756053e-01	0.000000000000000000e+00
4.144520986132447238e-01	1.922607439352142233e-01	0.000000000000000000e+00
4.176660614595354426e-01	1.508244225593548260e-01	0.000000000000000000e+00
4.200422183995253800e-01	1.221282633882958962e-01	0.000000000000000000e+00
4.259008272307859277e-01	6.229769603574367154e-02	0.000000000000000000e+00
4.259008272307859277e-01	6.045598891947264603e-02	0.000000000000000000e+00
4.295477174186833613e-01	3.220247361384261098e-02	0.000000000000000000e+00
4.321039270784667319e-01	-4.428541111696361610e-03	0.000000000000000000e+00
4.348196563697180883e-01	-2.547236531634569992e-02	0.000000000000000000e+00
4.378023876075488596e-01	-5.157640284232425237e-02	0.000000000000000000e+00
4.423273511608949993e-01	-6.710547229932888047e-02	0.000000000000000000e+00
4.447126809346651499e-01	-8.957196783274549989e-02	0.000000000000000000e+00
4.518686702559755464e-01	-1.120065285889892126e-01	0.000000000000000000e+00
4.554466649166307723e-01	-1.139059646967889444e-01	0.000000000000000000e+00
4.554466649166307723e-01	-1.139059646967889444e-01	0.000000000000000000e+00
4.554466649166307723e-01	-1.139059646967889444e-01	0.000000000000000000e+00
4.554466649166307723e-01	-1.139059646967889444e-01	0.000000000000000000e+00
4.554466649166307723e-01	-1.139059646967889444e-01	0.000000000000000000e+00
4.554466649166307723e-01	-1.139059646967889444e-01	0.000000000000000000e+00
4.554466649166307723e-01	-1.139059646967889444e-01	0.000000000000000000e+00
4.554466649166307723e-01	-1.139059646967889444e-01	0.000000000000000000e+00
6.215999220481794874e-01	-1.583175048653221173e-01	0.000000000000000000e+00
6.215999220481794874e-01	-1.583175048653221173e-01	0.000000000000000000e+00
6.232098370931489217e-01	-1.911507177758670906e-01	0.000000000000000000e+00
6.254384508307040402e-01	-2.004562633268459626e-01	0.000000000000000000e+00
6.269937701557809495e-01	-2.240425462076528762e-01	0.000000000000000000e+00
6.276670645682591587e-01	-2.397569728738629391e-01	0.000000000000000000e+00
6.311631533948993678e-01	-2.820738920333227262e-01	0.000000000000000000e+00
6.311631533948993678e-01	-2.820738920333227262e-01	0.000000000000000000e+00
6.311631533948993678e-01	-2.923317776879607033e-01	0.000000000000000000e+00
6.345307665693773469e-01	-3.179292776982939328e-01	0.000000000000000000e+00
6.352349306935232143e-01	-3.239522742393968757e-01	0.000000000000000000e+00
6.366432589418148380e-01	-3.397146715798206040e-01	0.000000000000000000e+00
6.400389639521926188e-01	-3.933233334262960512e-01	0.000000000000000000e+00
6.400389639521926188e-01	-3.933233334262960512e-01	0.000000000000000000e+00
6.400389639521926188e-01	-3.933233334262960512e-01	0.000000000000000000e+00
6.421478989018092332e-01	-4.028295595154678943e-01	0.000000000000000000e+00
6.427930626436002548e-01	-4.106671845366558493e-01	0.000000000000000000e+00
6.481010849659631923e-01	-4.319161141736403975e-01	0.000000000000000000e+00
6.513591727210643612e-01	-4.373270413122871680e-01	0.000000000000000000e+00
6.526817076883406621e-01	-4.448637687106043459e-01	0.000000000000000000e+00
6.526817076883406621e-01	-4.448637687106043459e-01	0.000000000000000000e+00
6.526817076883406621e-01	-4.448637687106043459e-01	0.000000000000000000e+00
6.526817076883406621e-01	-4.448637687106043459e-01	0.000000000000000000e+00
6.526817076883406621e-01	-4.448637687106043459e-01	0.000000000000000000e+00
8.317439244101307860e-01	-5.029116044068022706e-01	0.000000000000000000e+00
8.312992966726623356e-01	-5.510014878436012564e-01	0.000000000000000000e+00
8.312992966726623356e-01	-5.510014878436012564e-01	0.000000000000000000e+00
8.312992966726623356e-01	-5.510014878436012564e-01	0.000000000000000000e+00
8.312992966726623356e-01	-5.510014878436012564e-01	0.000000000000000000e+00
8.312992966726623356e-01	-5.510014878436012564e-01	0.000000000000000000e+00
8.312992966726623356e-01	-5.510014878436012564e-01	0.000000000000000000e+00
8.312992966726623356e-01	-5.510014878436012564e-01	0.000000000000000000e+00
8.332233049575624717e-01	-5.835641718879567286e-01	0.000000000000000000e+00
8.332233049575624717e-01	-5.835641718879567286e-01	0.000000000000000000e+00
8.335694060826210894e-01	-5.868023813910038244e-01	0.000000000000000000e+00
8.362062682335013042e-01	-6.222703061546739356e-01	0.000000000000000000e+00
8.362062682335013042e-01	-6.222703061546739356e-01	0.000000000000000000e+00
8.362062682335013042e-01	-6.222703061546739356e-01	0.000000000000000000e+00
8.367560040005208588e-01	-6.293610272910465930e-01	0.000000000000000000e+00
8.373062339086729811e-01	-6.364347722980008282e-01	0.000000000000000000e+00
8.389559353508642126e-01	-6.468130244490409853e-01	0.000000000000000000e+00
8.406387682224748525e-01	-6.700346763076631129e-01	0.000000000000000000e+00
8.406387682224748525e-01	-6.700346763076631129e-01	0.000000000000000000e+00
8.413691782323138302e-01	-6.772224551190194619e-01	0.000000000000000000e+00
8.439870313240429578e-01	-6.877643006368600043e-01	0.000000000000000000e+00
8.445821532921322650e-01	-6.932777853421506764e-01	0.000000000000000000e+00
8.458744744059332188e-01	-7.008272017821897126e-01	0.000000000000000000e+00
8.476408733057443357e-01	-7.137309584774418347e-01	0.000000000000000000e+00
8.500884355590898611e-01	-7.171697756896470155e-01	0.000000000000000000e+00
