0.000000000000000000e+00	1.081100585785580437e+00	0.000000000000000000e+00
1.459478597901429919e-02	9.085592999511575840e-01	0.000000000000000000e+00
2.563991216026680411e-02	8.428814749831039510e-01	0.000000000000000000e+00
4.559496634813764437e-02	7.643637619857539534e-01	0.000000000000000000e+00
5.861802007455826219e-02	7.300723619298373768e-01	0.000000000000000000e+00
6.933688908245387583e-02	7.040232099968208868e-01	0.000000000000000000e+00
8.427501560505860911e-02	6.861816232618941358e-01	0.000000000000000000e+00
8.427501560505860911e-02	6.861816232618941358e-01	0.000000000000000000e+00
8.427501560505860911e-02	6.861816232618941358e-01	0.000000000000000000e+00
8.427501560505860911e-02	6.861816232618941358e-01	0.000000000000000000e+00
8.427501560505860911e-02	6.861816232618941358e-01	0.000000000000000000e+00
8.427501560505860911e-02	6.862280216513616526e-01	0.000000000000000000e+00
1.907373140985352267e-01	6.733478938212118514e-01	0.000000000000000000e+00
1.981171044678844972e-01	5.870970275161148111e-01	0.000000000000000000e+00
2.031102388008821091e-01	5.470965287295916912e-01	0.000000000000000000e+00
2.161903948937816955e-01	4.663095131532488669e-01	0.000000000000000000e+00
2.188095195182662156e-01	4.300062960049283456e-01	0.000000000000000000e+00
2.263750587292252259e-01	3.766691248112674084e-01	0.000000000000000000e+00
2.319486562506337668e-01	3.367751262164308534e-01	0.000000000000000000e+00
2.395314248883819164e-01	2.920517712464584803e-01	0.000000000000000000e+00
2.444950689016455736e-01	2.744083411051040367e-01	0.000000000000000000e+00
2.576342056340131248e-01	2.506102302846449081e-01	0.000000000000000000e+00
2.576342056340131248e-01	2.506102302846449081e-01	0.000000000000000000e+00
2.576342056340131248e-01	2.506102302846449081e-01	0.000000000000000000e+00
2.576342056340131248e-01	2.506102302846449081e-01	0.000000000000000000e+00
2.576342056340131248e-01	2.506102302846449081e-01	0.000000000000000000e+00
2.576342056340131248e-01	2.506102302846449081e-01	0.000000000000000000e+00
2.576342056340131248e-01	2.540782015966578933e-01	0.000000000000000000e+00
2.576342056340131248e-01	2.540782015966578933e-01	0.000000000000000000e+00
2.576342056340131248e-01	2.540782015966578933e-01	0.000000000000000000e+00
4.144520986132447238e-01	2.187014082774393631e-01	0.000000000000000000e+00
4.157223962315531041e-01	1.992275169221109365e-01	0.000000000000000000e+00
4.181507963605191058e-01	1.498588565822784879e-01	0.000000000000000000e+00
4.200422183995253800e-01	1.221282633882958962e-01	0.000000000000000000e+00
4.231197917261019237e-01	1.011811832383338328e-01	0.000000000000000000e+00
4.259008272307859277e-01	6.328770668149746870e-02	0.000000000000000000e+00
4.283292273597519850e-01	4.663163669626397417e-02	0.000000000000000000e+00
4.329429594865533693e-01	5.169663415330598595e-03	0.000000000000000000e+00
4.360418545436069993e-01	-8.806306774819867844e-03	0.000000000000000000e+00
4.378023876075488596e-01	-3.395047898354695143e-02	0.000000000000000000e+00
4.423273511608949993e-01	-7.292728210260450428e-02	0.000000000000000000e+00
4.448355289317622030e-01	-8.575324952714069582e-02	0.000000000000000000e+00
4.470980107084352451e-01	-9.976008617410814239e-02	0.000000000000000000e+00
4.518686702559755464e-01	-1.094394013389681092e-01	0.000000000000000000e+00
4.518686702559755464e-01	-1.094394013389681092e-01	0.000000000000000000e+00
4.518686702559755464e-01	-1.094394013389681092e-01	0.000000000000000000e+00
4.518686702559755464e-01	-1.094394013389681092e-01	0.000000000000000000e+00
4.518686702559755464e-01	-1.094394013389681092e-01	0.000000000000000000e+00
4.518686702559755464e-01	-1.094394013389681092e-01	0.000000000000000000e+00
4.518686702559755464e-01	-1.094394013389681092e-01	0.000000000000000000e+00
4.518686702559755464e-01	-1.094394013389681092e-01	0.000000000000000000e+00
6.215999220481794874e-01	-1.507920083755827367e-01	0.000000000000000000e+00
6.223718219566659604e-01	-1.495981363136300035e-01	0.000000000000000000e+00
6.232098370931489217e-01	-1.808155432949888619e-01	0.000000000000000000e+00
6.247979590599708200e-01	-1.914916557790550533e-01	0.000000000000000000e+00
6.305579631546951447e-01	-2.803835854181451759e-01	0.000000000000000000e+00
6.305579631546951447e-01	-2.803835854181451759e-01	0.000000000000000000e+00
6.305579631546951447e-01	-2.803835854181451759e-01	0.000000000000000000e+00
6.288910296589853566e-01	-2.655348569563412697e-01	0.000000000000000000e+00
6.305579631546951447e-01	-2.813230128146632092e-01	0.000000000000000000e+00
6.313959782911781060e-01	-3.024868749047464611e-01	0.000000000000000000e+00
6.352349306935232143e-01	-3.391077101597694266e-01	0.000000000000000000e+00
6.352349306935232143e-01	-3.391077101597694266e-01	0.000000000000000000e+00
6.388236518751658766e-01	-3.583822774359257113e-01	0.000000000000000000e+00
6.388236518751658766e-01	-3.637133278833719618e-01	0.000000000000000000e+00
6.407431280763384862e-01	-3.819588383292778500e-01	0.000000000000000000e+00
6.434704338690855341e-01	-4.069235538583940714e-01	0.000000000000000000e+00
6.434704338690855341e-01	-4.069235538583940714e-01	0.000000000000000000e+00
6.452647944599068097e-01	-4.151631590799884641e-01	0.000000000000000000e+00
6.487605737381908488e-01	-4.325766683774621146e-01	0.000000000000000000e+00
6.522563530164748880e-01	-4.381094651222157133e-01	0.000000000000000000e+00
6.522563530164748880e-01	-4.381094651222157133e-01	0.000000000000000000e+00
6.522563530164748880e-01	-4.381094651222157133e-01	0.000000000000000000e+00
6.522563530164748880e-01	-4.381094651222157133e-01	0.000000000000000000e+00
6.522563530164748880e-01	-4.381094651222157133e-01	0.000000000000000000e+00
8.342435843817244123e-01	-4.930495681816958187e-01	0.000000000000000000e+00
8.317439244101307860e-01	-5.187819946896711221e-01	0.000000000000000000e+00
8.317439244101307860e-01	-5.187819946896711221e-01	0.000000000000000000e+00
8.317439244101307860e-01	-5.187819946896711221e-01	0.000000000000000000e+00
8.317439244101307860e-01	-5.187819946896711221e-01	0.000000000000000000e+00
8.317439244101307860e-01	-5.187819946896711221e-01	0.000000000000000000e+00
8.325771444006619948e-01	-5.317686680520103959e-01	0.000000000000000000e+00
8.342435843817244123e-01	-5.418484479066851822e-01	0.000000000000000000e+00
8.342435843817244123e-01	-5.561430694856371870e-01	0.000000000000000000e+00
8.345505372676136346e-01	-5.597400001850825202e-01	0.000000000000000000e+00
8.360853016970598572e-01	-5.713326007391693606e-01	0.000000000000000000e+00
8.375764643438492474e-01	-6.015644024923435529e-01	0.000000000000000000e+00
8.375764643438492474e-01	-6.015644024923435529e-01	0.000000000000000000e+00
8.392429043249116649e-01	-6.053482240184263619e-01	0.000000000000000000e+00
8.398950990570905883e-01	-6.329698869946444040e-01	0.000000000000000000e+00
8.398950990570905883e-01	-6.329698869946444040e-01	0.000000000000000000e+00
8.409093443059740824e-01	-6.415327115803541869e-01	0.000000000000000000e+00
8.415615390381530059e-01	-6.478807829236521432e-01	0.000000000000000000e+00
8.427457487990531737e-01	-6.625344640147839970e-01	0.000000000000000000e+00
8.427457487990531737e-01	-6.665217018215867650e-01	0.000000000000000000e+00
8.432777638277744181e-01	-6.747480033528090448e-01	0.000000000000000000e+00
8.445821532921322650e-01	-6.850809301529957596e-01	0.000000000000000000e+00
8.445821532921322650e-01	-6.917172353804841300e-01	0.000000000000000000e+00
8.476408733057443357e-01	-7.036394484860382104e-01	0.000000000000000000e+00
8.488631888262774261e-01	-7.087012409509687583e-01	0.000000000000000000e+00
