0.000000000000000000e+00	4.023391299217610850e+00	0.000000000000000000e+00
0.000000000000000000e+00	4.023391299217610850e+00	0.000000000000000000e+00
6.298257563865472530e-02	3.776634609214225780e+00	0.000000000000000000e+00
9.053745248056616068e-02	3.114028856402178302e+00	0.000000000000000000e+00
1.023466854128139286e-01	2.839892926511202731e+00	0.000000000000000000e+00
1.023466854128139286e-01	2.839892926511202731e+00	0.000000000000000000e+00
1.023466854128139286e-01	2.839892926511202731e+00	0.000000000000000000e+00
1.023466854128139286e-01	2.839892926511202731e+00	0.000000000000000000e+00
1.023466854128139286e-01	2.839892926511202731e+00	0.000000000000000000e+00
2.204390147352915386e-01	2.828835360613821237e+00	0.000000000000000000e+00
2.440574805997870467e-01	2.522742803922956689e+00	0.000000000000000000e+00
2.440574805997870467e-01	2.522742803922956689e+00	0.000000000000000000e+00
2.558667135320348285e-01	2.513781187334036993e+00	0.000000000000000000e+00
2.558667135320348285e-01	2.506562368914365013e+00	0.000000000000000000e+00
2.558667135320348285e-01	2.506562368914365013e+00	0.000000000000000000e+00
2.558667135320348285e-01	2.506562368914365013e+00	0.000000000000000000e+00
2.558667135320348285e-01	2.506562368914365013e+00	0.000000000000000000e+00
2.558667135320348285e-01	2.506562368914365013e+00	0.000000000000000000e+00
4.289531272917094240e-01	2.105852156484991689e+00	0.000000000000000000e+00
4.289531272917094240e-01	2.105852156484991689e+00	0.000000000000000000e+00
4.289531272917094240e-01	2.105852156484991689e+00	0.000000000000000000e+00
4.289531272917094240e-01	2.024244374348497466e+00	0.000000000000000000e+00
4.289531272917094240e-01	2.024244374348497466e+00	0.000000000000000000e+00
4.289531272917094240e-01	2.024244374348497466e+00	0.000000000000000000e+00
4.289531272917094240e-01	2.024244374348497466e+00	0.000000000000000000e+00
4.289531272917094240e-01	2.024244374348497466e+00	0.000000000000000000e+00
4.289531272917094240e-01	2.024244374348497466e+00	0.000000000000000000e+00
4.289531272917094240e-01	2.038885231132339992e+00	0.000000000000000000e+00
4.289531272917094240e-01	2.038885231132339992e+00	0.000000000000000000e+00
4.289531272917094240e-01	1.873204841828844724e+00	0.000000000000000000e+00
4.289531272917094240e-01	1.873204841828844724e+00	0.000000000000000000e+00
4.289531272917094240e-01	1.873204841828844724e+00	0.000000000000000000e+00
6.198589207038449622e-01	1.571362893422317608e+00	0.000000000000000000e+00
6.198589207038449622e-01	1.571362893422317608e+00	0.000000000000000000e+00
6.198589207038449622e-01	1.571362893422317608e+00	0.000000000000000000e+00
6.198589207038449622e-01	1.571362893422317608e+00	0.000000000000000000e+00
6.198589207038449622e-01	1.571362893422317608e+00	0.000000000000000000e+00
6.198589207038449622e-01	1.571362893422317608e+00	0.000000000000000000e+00
6.275790599964216065e-01	1.508449512050254349e+00	0.000000000000000000e+00
6.275790599964216065e-01	1.508449512050254349e+00	0.000000000000000000e+00
6.295090948195658509e-01	1.468794483566973064e+00	0.000000000000000000e+00
6.314391296427099842e-01	1.465979419407196893e+00	0.000000000000000000e+00
6.407907967448434050e-01	1.402711410249731339e+00	0.000000000000000000e+00
6.407907967448434050e-01	1.394604259721510475e+00	0.000000000000000000e+00
6.454666302959101154e-01	1.352689203960297792e+00	0.000000000000000000e+00
6.462823942006885591e-01	1.342431555729371562e+00	0.000000000000000000e+00
6.462823942006885591e-01	1.342431555729371562e+00	0.000000000000000000e+00
6.462823942006885591e-01	1.342431555729371562e+00	0.000000000000000000e+00
6.462823942006885591e-01	1.342431555729371562e+00	0.000000000000000000e+00
6.462823942006885591e-01	1.342431555729371562e+00	0.000000000000000000e+00
6.462823942006885591e-01	1.342431555729371562e+00	0.000000000000000000e+00
6.462823942006885591e-01	1.342431555729371562e+00	0.000000000000000000e+00
8.389469825148208049e-01	7.999603700698942887e-01	0.000000000000000000e+00
8.389469825148208049e-01	7.999603700698942887e-01	0.000000000000000000e+00
8.389469825148208049e-01	7.999603700698942887e-01	0.000000000000000000e+00
8.389469825148208049e-01	7.999603700698942887e-01	0.000000000000000000e+00
8.389469825148208049e-01	7.999603700698942887e-01	0.000000000000000000e+00
8.389469825148208049e-01	7.999603700698942887e-01	0.000000000000000000e+00
8.389469825148208049e-01	7.999603700698942887e-01	0.000000000000000000e+00
8.389181362488383753e-01	7.460585614646175756e-01	0.000000000000000000e+00
8.389181362488383753e-01	7.460585614646175756e-01	0.000000000000000000e+00
8.389181362488383753e-01	7.460585614646175756e-01	0.000000000000000000e+00
8.389181362488383753e-01	7.445481714705403098e-01	0.000000000000000000e+00
8.389181362488383753e-01	7.445481714705403098e-01	0.000000000000000000e+00
8.389181362488383753e-01	7.406504166838204783e-01	0.000000000000000000e+00
8.389181362488383753e-01	7.406504166838204783e-01	0.000000000000000000e+00
8.389181362488383753e-01	7.406504166838204783e-01	0.000000000000000000e+00
8.389181362488383753e-01	7.513271142548189063e-01	0.000000000000000000e+00
8.389181362488383753e-01	7.513271142548189063e-01	0.000000000000000000e+00
8.389181362488383753e-01	7.513271142548189063e-01	0.000000000000000000e+00
8.389181362488383753e-01	7.513271142548189063e-01	0.000000000000000000e+00
8.389181362488383753e-01	7.513271142548189063e-01	0.000000000000000000e+00
8.389181362488383753e-01	7.513271142548189063e-01	0.000000000000000000e+00
8.389181362488383753e-01	7.513271142548189063e-01	0.000000000000000000e+00
8.389181362488383753e-01	7.513271142548189063e-01	0.000000000000000000e+00
8.389181362488383753e-01	7.566657683255549882e-01	0.000000000000000000e+00
8.389181362488383753e-01	7.566657683255549882e-01	0.000000000000000000e+00
8.389181362488383753e-01	7.629189312987106897e-01	0.000000000000000000e+00
8.389181362488383753e-01	7.629189312987106897e-01	0.000000000000000000e+00
8.389181362488383753e-01	7.629189312987106897e-01	0.000000000000000000e+00
8.389950596247914838e-01	7.522945600030173097e-01	0.000000000000000000e+00
8.389950596247914838e-01	6.787266499000597086e-01	0.000000000000000000e+00
8.389950596247914838e-01	6.787266499000597086e-01	0.000000000000000000e+00
8.389950596247914838e-01	6.787266499000597086e-01	0.000000000000000000e+00
8.389950596247914838e-01	6.787266499000597086e-01	0.000000000000000000e+00
8.389950596247914838e-01	6.787266499000597086e-01	0.000000000000000000e+00
8.389950596247914838e-01	6.787266499000597086e-01	0.000000000000000000e+00
8.404492681612267813e-01	6.137416295616331396e-01	0.000000000000000000e+00
8.404492681612267813e-01	6.137416295616331396e-01	0.000000000000000000e+00
8.404492681612267813e-01	6.137416295616331396e-01	0.000000000000000000e+00
8.404492681612267813e-01	6.137416295616331396e-01	0.000000000000000000e+00
8.404492681612267813e-01	6.137416295616331396e-01	0.000000000000000000e+00
8.404492681612267813e-01	6.137416295616331396e-01	0.000000000000000000e+00
8.404492681612267813e-01	6.137416295616331396e-01	0.000000000000000000e+00
8.410854843959171268e-01	5.935319100457526753e-01	0.000000000000000000e+00
8.410854843959171268e-01	5.935319100457526753e-01	0.000000000000000000e+00
8.413581484964987034e-01	5.790491387615156471e-01	0.000000000000000000e+00
8.413581484964987034e-01	5.720127410314400640e-01	0.000000000000000000e+00
8.415399245635530878e-01	5.616613683262876577e-01	0.000000000000000000e+00
8.415399245635530878e-01	5.616613683262876577e-01	0.000000000000000000e+00
