0.000000000000000000e+00	1.474483187944044094e+00	0.000000000000000000e+00
1.395558935896938635e-02	1.324560249241136134e+00	0.000000000000000000e+00
2.696766563138239259e-02	1.293962480971303286e+00	0.000000000000000000e+00
4.065945798943750022e-02	1.037404057008997738e+00	0.000000000000000000e+00
5.201518010266061032e-02	1.002740368866195331e+00	0.000000000000000000e+00
6.077232397299384831e-02	9.961574773667789540e-01	0.000000000000000000e+00
7.672283653111777735e-02	9.778451404489441057e-01	0.000000000000000000e+00
9.024469986776235964e-02	9.287137064830998101e-01	0.000000000000000000e+00
9.024469986776235964e-02	9.287137064830998101e-01	0.000000000000000000e+00
9.024469986776235964e-02	9.287137064830998101e-01	0.000000000000000000e+00
9.024469986776235964e-02	9.287137064830998101e-01	0.000000000000000000e+00
9.024469986776235964e-02	9.287137064830998101e-01	0.000000000000000000e+00
9.024469986776235964e-02	9.287137064830998101e-01	0.000000000000000000e+00
9.024469986776235964e-02	9.287137064830998101e-01	0.000000000000000000e+00
9.024469986776235964e-02	9.287137064830998101e-01	0.000000000000000000e+00
2.132890184268559364e-01	7.726650071937557485e-01	0.000000000000000000e+00
2.132890184268559364e-01	7.726650071937557485e-01	0.000000000000000000e+00
2.132890184268559364e-01	7.302818521474649938e-01	0.000000000000000000e+00
2.132890184268559364e-01	7.249246930911342757e-01	0.000000000000000000e+00
2.300598474827625084e-01	6.007940987455744342e-01	0.000000000000000000e+00
2.300598474827625084e-01	6.007940987455744342e-01	0.000000000000000000e+00
2.300598474827625084e-01	6.007940987455744342e-01	0.000000000000000000e+00
2.417614854117905443e-01	5.515548180155334101e-01	0.000000000000000000e+00
2.468306765386690804e-01	5.451674733358641278e-01	0.000000000000000000e+00
2.534631233408185524e-01	5.191180044325139908e-01	0.000000000000000000e+00
2.534631233408185524e-01	5.191180044325139908e-01	0.000000000000000000e+00
2.534631233408185524e-01	5.191180044325139908e-01	0.000000000000000000e+00
2.534631233408185524e-01	5.191180044325139908e-01	0.000000000000000000e+00
2.534631233408185524e-01	5.191180044325139908e-01	0.000000000000000000e+00
2.534631233408185524e-01	5.191180044325139908e-01	0.000000000000000000e+00
2.534631233408185524e-01	5.191180044325139908e-01	0.000000000000000000e+00
2.534631233408185524e-01	5.191180044325139908e-01	0.000000000000000000e+00
2.534631233408185524e-01	5.214853332801083763e-01	0.000000000000000000e+00
2.534631233408185524e-01	5.214853332801083763e-01	0.000000000000000000e+00
2.534631233408185524e-01	5.214853332801083763e-01	0.000000000000000000e+00
4.182825883288643354e-01	4.231126294371270191e-01	0.000000000000000000e+00
4.182825883288643354e-01	4.231126294371270191e-01	0.000000000000000000e+00
4.202728831081353755e-01	3.833461779902535005e-01	0.000000000000000000e+00
4.202728831081353755e-01	3.525669656659244366e-01	0.000000000000000000e+00
4.202728831081353755e-01	3.525669656659244366e-01	0.000000000000000000e+00
4.227035187896830970e-01	2.565149772603797507e-01	0.000000000000000000e+00
4.227035187896830970e-01	2.565149772603797507e-01	0.000000000000000000e+00
4.227035187896830970e-01	2.565149772603797507e-01	0.000000000000000000e+00
4.236839625344765436e-01	2.382009554642943450e-01	0.000000000000000000e+00
4.315627762632130993e-01	1.430075310790486220e-01	0.000000000000000000e+00
4.315627762632130993e-01	1.430075310790486220e-01	0.000000000000000000e+00
4.256448500240634369e-01	1.751048727122925253e-01	0.000000000000000000e+00
4.256448500240634369e-01	1.751048727122925253e-01	0.000000000000000000e+00
4.315627762632130993e-01	1.430075310790486220e-01	0.000000000000000000e+00
4.315627762632130993e-01	1.260291310953080002e-01	0.000000000000000000e+00
4.325432200080065459e-01	1.211554970958314825e-01	0.000000000000000000e+00
4.459215913584212987e-01	4.345526714865032003e-02	0.000000000000000000e+00
4.459215913584212987e-01	4.345526714865032003e-02	0.000000000000000000e+00
4.459215913584212987e-01	4.345526714865032003e-02	0.000000000000000000e+00
4.459215913584212987e-01	4.345526714865032003e-02	0.000000000000000000e+00
4.493707763503928532e-01	3.788545924019936367e-02	0.000000000000000000e+00
4.493707763503928532e-01	3.788545924019936367e-02	0.000000000000000000e+00
4.493707763503928532e-01	6.329281360674554602e-02	0.000000000000000000e+00
4.493707763503928532e-01	6.329281360674554602e-02	0.000000000000000000e+00
4.493707763503928532e-01	6.258901925286153300e-02	0.000000000000000000e+00
4.493707763503928532e-01	6.258901925286153300e-02	0.000000000000000000e+00
4.493707763503928532e-01	6.258901925286153300e-02	0.000000000000000000e+00
4.493707763503928532e-01	6.258901925286153300e-02	0.000000000000000000e+00
4.493707763503928532e-01	6.258901925286153300e-02	0.000000000000000000e+00
6.442665613844111849e-01	-1.319871919652287340e-01	0.000000000000000000e+00
6.442665613844111849e-01	-1.319871919652287340e-01	0.000000000000000000e+00
6.442665613844111849e-01	-1.319871919652287340e-01	0.000000000000000000e+00
6.442665613844111849e-01	-1.315781232084925478e-01	0.000000000000000000e+00
6.442665613844111849e-01	-1.315781232084925478e-01	0.000000000000000000e+00
6.442665613844111849e-01	-1.315781232084925478e-01	0.000000000000000000e+00
6.442665613844111849e-01	-1.315781232084925478e-01	0.000000000000000000e+00
6.442665613844111849e-01	-1.315781232084925478e-01	0.000000000000000000e+00
6.442665613844111849e-01	-1.315781232084925478e-01	0.000000000000000000e+00
6.442665613844111849e-01	-1.315781232084925478e-01	0.000000000000000000e+00
6.442665613844111849e-01	-1.315781232084925478e-01	0.000000000000000000e+00
6.442665613844111849e-01	-1.319166615254415975e-01	0.000000000000000000e+00
6.442665613844111849e-01	-1.319166615254415975e-01	0.000000000000000000e+00
6.442665613844111849e-01	-1.319166615254415975e-01	0.000000000000000000e+00
6.442665613844111849e-01	-1.319166615254415975e-01	0.000000000000000000e+00
6.442665613844111849e-01	-1.319166615254415975e-01	0.000000000000000000e+00
6.442665613844111849e-01	-1.300965417224735909e-01	0.000000000000000000e+00
6.442665613844111849e-01	-1.300965417224735909e-01	0.000000000000000000e+00
6.491450640398900296e-01	-1.413894861642390477e-01	0.000000000000000000e+00
8.272783864057917658e-01	-1.538058523955148638e-01	0.000000000000000000e+00
8.272783864057917658e-01	-1.538058523955148638e-01	0.000000000000000000e+00
8.272783864057917658e-01	-1.757904179893165220e-01	0.000000000000000000e+00
8.272783864057917658e-01	-2.038134562584186515e-01	0.000000000000000000e+00
8.272783864057917658e-01	-2.038134562584186515e-01	0.000000000000000000e+00
8.272783864057917658e-01	-2.038134562584186515e-01	0.000000000000000000e+00
8.272783864057917658e-01	-2.190546103944739642e-01	0.000000000000000000e+00
8.272783864057917658e-01	-2.504996784815734512e-01	0.000000000000000000e+00
8.272783864057917658e-01	-2.504996784815734512e-01	0.000000000000000000e+00
8.272783864057917658e-01	-2.504996784815734512e-01	0.000000000000000000e+00
8.272783864057917658e-01	-2.504996784815734512e-01	0.000000000000000000e+00
8.272783864057917658e-01	-2.504996784815734512e-01	0.000000000000000000e+00
8.272783864057917658e-01	-2.504996784815734512e-01	0.000000000000000000e+00
8.272783864057917658e-01	-2.504996784815734512e-01	0.000000000000000000e+00
8.272783864057917658e-01	-2.504996784815734512e-01	0.000000000000000000e+00
8.272783864057917658e-01	-2.575674120170899917e-01	0.000000000000000000e+00
8.272783864057917658e-01	-2.654203909121038429e-01	0.000000000000000000e+00
