0.000000000000000000e+00	1.069311104608552832e+00	0.000000000000000000e+00
1.374722456204041654e-02	9.352756756160111040e-01	0.000000000000000000e+00
2.563991216026680411e-02	8.649933157736502398e-01	0.000000000000000000e+00
4.436490722931693553e-02	7.841155451309061997e-01	0.000000000000000000e+00
5.625759482754331964e-02	7.527861714115577918e-01	0.000000000000000000e+00
6.846336877834600931e-02	7.247832996395635607e-01	0.000000000000000000e+00
7.939035403804703406e-02	7.015287680286644845e-01	0.000000000000000000e+00
7.939035403804703406e-02	7.015287680286644845e-01	0.000000000000000000e+00
7.939035403804703406e-02	7.015287680286644845e-01	0.000000000000000000e+00
7.939035403804703406e-02	7.015287680286644845e-01	0.000000000000000000e+00
7.939035403804703406e-02	7.015287680286644845e-01	0.000000000000000000e+00
7.939035403804703406e-02	7.015287680286644845e-01	0.000000000000000000e+00
7.939035403804703406e-02	7.015287680286644845e-01	0.000000000000000000e+00
1.980697112975853269e-01	6.101047451750920558e-01	0.000000000000000000e+00
2.031102388008821091e-01	5.601552050812017569e-01	0.000000000000000000e+00
2.094046417141289806e-01	5.166566568988930630e-01	0.000000000000000000e+00
2.188095195182662156e-01	4.481143828121089134e-01	0.000000000000000000e+00
2.235674760029809915e-01	4.084170135037933358e-01	0.000000000000000000e+00
2.335668995635276080e-01	3.408901080457623634e-01	0.000000000000000000e+00
2.439368036738680523e-01	2.925205421643285453e-01	0.000000000000000000e+00
2.439368036738680523e-01	2.925205421643285453e-01	0.000000000000000000e+00
2.538985505539735898e-01	2.728075665495240942e-01	0.000000000000000000e+00
2.538985505539735898e-01	2.728075665495240942e-01	0.000000000000000000e+00
2.538985505539735898e-01	2.728075665495240942e-01	0.000000000000000000e+00
2.538985505539735898e-01	2.728075665495240942e-01	0.000000000000000000e+00
2.538985505539735898e-01	2.728075665495240942e-01	0.000000000000000000e+00
2.538985505539735898e-01	2.728075665495240942e-01	0.000000000000000000e+00
2.538985505539735898e-01	2.728075665495240942e-01	0.000000000000000000e+00
2.538985505539735898e-01	2.728075665495240942e-01	0.000000000000000000e+00
2.538985505539735898e-01	2.736955803095826867e-01	0.000000000000000000e+00
2.538985505539735898e-01	2.736955803095826867e-01	0.000000000000000000e+00
4.231197917261019237e-01	1.132369075463148522e-01	0.000000000000000000e+00
4.183751865758206234e-01	1.679751269063063102e-01	0.000000000000000000e+00
4.231197917261019237e-01	1.284307568366218621e-01	0.000000000000000000e+00
4.231197917261019237e-01	1.132369075463148522e-01	0.000000000000000000e+00
4.231197917261019237e-01	1.132369075463148522e-01	0.000000000000000000e+00
4.354300850324082095e-01	7.853251668482523137e-03	0.000000000000000000e+00
4.354300850324082095e-01	7.853251668482523137e-03	0.000000000000000000e+00
4.354300850324082095e-01	7.853251668482523137e-03	0.000000000000000000e+00
4.441626756460758663e-01	-2.239859971717636164e-02	0.000000000000000000e+00
4.406051088206549560e-01	-3.161161149278942512e-02	0.000000000000000000e+00
4.441626756460758663e-01	-6.787071549564095696e-02	0.000000000000000000e+00
4.545127232225693037e-01	-8.383801016731652622e-02	0.000000000000000000e+00
4.545127232225693037e-01	-8.865518958285918683e-02	0.000000000000000000e+00
4.545127232225693037e-01	-8.865518958285918683e-02	0.000000000000000000e+00
4.545127232225693037e-01	-8.865518958285918683e-02	0.000000000000000000e+00
4.545127232225693037e-01	-8.865518958285918683e-02	0.000000000000000000e+00
4.545127232225693037e-01	-8.865518958285918683e-02	0.000000000000000000e+00
4.545127232225693037e-01	-8.468396870101865814e-02	0.000000000000000000e+00
4.545127232225693037e-01	-8.468396870101865814e-02	0.000000000000000000e+00
4.545127232225693037e-01	-8.468396870101865814e-02	0.000000000000000000e+00
6.232098370931489217e-01	-1.104288333566524477e-01	0.000000000000000000e+00
6.232098370931489217e-01	-1.313449123865635670e-01	0.000000000000000000e+00
6.246559990133386808e-01	-1.578679690037848304e-01	0.000000000000000000e+00
6.246559990133386808e-01	-1.739764452247272997e-01	0.000000000000000000e+00
6.270935622858043734e-01	-1.919478781721908334e-01	0.000000000000000000e+00
6.275483228537181990e-01	-2.098382725240659497e-01	0.000000000000000000e+00
6.292218650578647043e-01	-2.293477641963899138e-01	0.000000000000000000e+00
6.376090574907135045e-01	-3.243509001663597013e-01	0.000000000000000000e+00
6.304406466940974951e-01	-2.560910576178530573e-01	0.000000000000000000e+00
6.376090574907135045e-01	-3.243509001663597013e-01	0.000000000000000000e+00
6.376090574907135045e-01	-3.243509001663597013e-01	0.000000000000000000e+00
6.376090574907135045e-01	-3.243509001663597013e-01	0.000000000000000000e+00
6.376090574907135045e-01	-3.243509001663597013e-01	0.000000000000000000e+00
6.399985277562522112e-01	-3.424902901069826755e-01	0.000000000000000000e+00
6.467058127121505517e-01	-3.535277506102220135e-01	0.000000000000000000e+00
6.467058127121505517e-01	-3.725384254583105070e-01	0.000000000000000000e+00
6.545868725353309880e-01	-3.804594691733090839e-01	0.000000000000000000e+00
6.545868725353309880e-01	-4.115379220376829128e-01	0.000000000000000000e+00
6.545868725353309880e-01	-4.115379220376829128e-01	0.000000000000000000e+00
6.545868725353309880e-01	-4.115379220376829128e-01	0.000000000000000000e+00
6.545868725353309880e-01	-4.115379220376829128e-01	0.000000000000000000e+00
6.550899189070233941e-01	-4.128549112077294359e-01	0.000000000000000000e+00
6.550899189070233941e-01	-4.128549112077294359e-01	0.000000000000000000e+00
6.550899189070233941e-01	-4.128549112077294359e-01	0.000000000000000000e+00
8.420271132552066273e-01	-6.328288687424582504e-01	0.000000000000000000e+00
8.420271132552066273e-01	-6.328288687424582504e-01	0.000000000000000000e+00
8.420271132552066273e-01	-6.328288687424582504e-01	0.000000000000000000e+00
8.420271132552066273e-01	-6.232764699393146257e-01	0.000000000000000000e+00
8.420271132552066273e-01	-6.232764699393146257e-01	0.000000000000000000e+00
8.420271132552066273e-01	-6.232764699393146257e-01	0.000000000000000000e+00
8.420271132552066273e-01	-6.232764699393146257e-01	0.000000000000000000e+00
8.420271132552066273e-01	-6.232764699393146257e-01	0.000000000000000000e+00
8.420271132552066273e-01	-6.232764699393146257e-01	0.000000000000000000e+00
8.420271132552066273e-01	-6.021845041719633418e-01	0.000000000000000000e+00
8.420271132552066273e-01	-6.021845041719633418e-01	0.000000000000000000e+00
8.420271132552066273e-01	-6.021845041719633418e-01	0.000000000000000000e+00
8.420271132552066273e-01	-6.021845041719633418e-01	0.000000000000000000e+00
8.420271132552066273e-01	-6.021845041719633418e-01	0.000000000000000000e+00
8.420271132552066273e-01	-6.021845041719633418e-01	0.000000000000000000e+00
8.420271132552066273e-01	-6.070246186186144532e-01	0.000000000000000000e+00
8.420271132552066273e-01	-6.331597150771163252e-01	0.000000000000000000e+00
8.420271132552066273e-01	-6.331597150771163252e-01	0.000000000000000000e+00
8.420271132552066273e-01	-6.331597150771163252e-01	0.000000000000000000e+00
8.500312769196405327e-01	-6.630841249138206273e-01	0.000000000000000000e+00
8.500312769196405327e-01	-6.630841249138206273e-01	0.000000000000000000e+00
8.500312769196405327e-01	-6.630841249138206273e-01	0.000000000000000000e+00
8.500312769196405327e-01	-6.630841249138206273e-01	0.000000000000000000e+00
8.500312769196405327e-01	-6.630841249138206273e-01	0.000000000000000000e+00
8.500312769196405327e-01	-6.630841249138206273e-01	0.000000000000000000e+00
