0.000000000000000000e+00	4.532478175795268349e+00	0.000000000000000000e+00
3.149128781932736265e-02	4.032496410016943145e+00	0.000000000000000000e+00
6.298257563865472530e-02	3.827927477836173153e+00	0.000000000000000000e+00
7.872821954831840663e-02	3.771673279963933201e+00	0.000000000000000000e+00
1.180923293224776099e-01	3.733915028046551399e+00	0.000000000000000000e+00
1.180923293224776099e-01	3.733915028046551399e+00	0.000000000000000000e+00
1.732020830063004946e-01	3.700897367355749701e+00	0.000000000000000000e+00
1.928841378933801032e-01	3.489351322218996909e+00	0.000000000000000000e+00
2.204390147352915386e-01	3.289014664518754127e+00	0.000000000000000000e+00
2.361846586449552199e-01	3.187276589885851052e+00	0.000000000000000000e+00
2.519303025546189012e-01	2.918138326711925856e+00	0.000000000000000000e+00
2.519303025546189012e-01	2.918138326711925856e+00	0.000000000000000000e+00
2.519303025546189012e-01	2.918138326711925856e+00	0.000000000000000000e+00
2.519303025546189012e-01	2.918138326711925856e+00	0.000000000000000000e+00
2.519303025546189012e-01	2.918138326711925856e+00	0.000000000000000000e+00
2.519303025546189012e-01	2.918138326711925856e+00	0.000000000000000000e+00
4.289531272917094240e-01	2.330309974784078975e+00	0.000000000000000000e+00
4.289531272917094240e-01	2.330309974784078975e+00	0.000000000000000000e+00
4.289531272917094240e-01	2.365704356205988734e+00	0.000000000000000000e+00
4.289531272917094240e-01	2.365704356205988734e+00	0.000000000000000000e+00
4.289531272917094240e-01	2.365704356205988734e+00	0.000000000000000000e+00
4.289531272917094240e-01	2.330309974784078975e+00	0.000000000000000000e+00
4.289531272917094240e-01	2.330309974784078975e+00	0.000000000000000000e+00
4.289531272917094240e-01	2.365704356205988734e+00	0.000000000000000000e+00
4.289531272917094240e-01	2.365704356205988734e+00	0.000000000000000000e+00
4.289531272917094240e-01	2.365704356205988734e+00	0.000000000000000000e+00
6.276634815174656490e-01	2.043836433223406690e+00	0.000000000000000000e+00
6.276634815174656490e-01	2.043836433223406690e+00	0.000000000000000000e+00
6.276634815174656490e-01	2.043836433223406690e+00	0.000000000000000000e+00
6.276634815174656490e-01	2.043836433223406690e+00	0.000000000000000000e+00
6.276634815174656490e-01	2.043836433223406690e+00	0.000000000000000000e+00
6.276634815174656490e-01	2.043836433223406690e+00	0.000000000000000000e+00
6.276634815174656490e-01	2.043836433223406690e+00	0.000000000000000000e+00
6.302898774399533499e-01	1.926832960530160177e+00	0.000000000000000000e+00
6.302898774399533499e-01	1.926832960530160177e+00	0.000000000000000000e+00
6.277385742683883052e-01	1.844627925600985208e+00	0.000000000000000000e+00
6.313234975476619271e-01	1.799413166182201484e+00	0.000000000000000000e+00
6.364932273433472343e-01	1.691377207407305461e+00	0.000000000000000000e+00
6.364932273433472343e-01	1.691377207407305461e+00	0.000000000000000000e+00
6.364932273433472343e-01	1.691377207407305461e+00	0.000000000000000000e+00
6.374102236754881634e-01	1.611734114380274807e+00	0.000000000000000000e+00
6.374102236754881634e-01	1.611734114380274807e+00	0.000000000000000000e+00
6.540025334932652035e-01	1.550670499864671648e+00	0.000000000000000000e+00
6.540025334932652035e-01	1.550670499864671648e+00	0.000000000000000000e+00
6.540025334932652035e-01	1.550670499864671648e+00	0.000000000000000000e+00
6.540025334932652035e-01	1.550670499864671648e+00	0.000000000000000000e+00
6.540025334932652035e-01	1.550670499864671648e+00	0.000000000000000000e+00
6.540025334932652035e-01	1.550670499864671648e+00	0.000000000000000000e+00
6.540025334932652035e-01	1.550670499864671648e+00	0.000000000000000000e+00
6.540025334932652035e-01	1.550670499864671648e+00	0.000000000000000000e+00
8.397795399480685319e-01	1.173367333335362250e+00	0.000000000000000000e+00
8.397795399480685319e-01	1.173367333335362250e+00	0.000000000000000000e+00
8.397795399480685319e-01	1.139403127547891970e+00	0.000000000000000000e+00
8.397795399480685319e-01	1.139403127547891970e+00	0.000000000000000000e+00
8.397795399480685319e-01	1.121721388116992069e+00	0.000000000000000000e+00
8.397795399480685319e-01	1.118131351381436600e+00	0.000000000000000000e+00
8.397795399480685319e-01	1.118131351381436600e+00	0.000000000000000000e+00
8.397795399480685319e-01	1.118131351381436600e+00	0.000000000000000000e+00
8.397795399480685319e-01	1.118131351381436600e+00	0.000000000000000000e+00
8.397795399480685319e-01	1.118131351381436600e+00	0.000000000000000000e+00
8.397795399480685319e-01	1.118131351381436600e+00	0.000000000000000000e+00
8.397795399480685319e-01	1.118131351381436600e+00	0.000000000000000000e+00
8.397795399480685319e-01	1.118131351381436600e+00	0.000000000000000000e+00
8.398720359652417367e-01	1.016266659297329067e+00	0.000000000000000000e+00
8.398720359652417367e-01	1.016266659297329067e+00	0.000000000000000000e+00
8.398720359652417367e-01	1.016266659297329067e+00	0.000000000000000000e+00
8.398720359652417367e-01	1.016266659297329067e+00	0.000000000000000000e+00
8.398720359652417367e-01	1.016266659297329067e+00	0.000000000000000000e+00
8.398720359652417367e-01	1.016266659297329067e+00	0.000000000000000000e+00
8.398720359652417367e-01	1.016266659297329067e+00	0.000000000000000000e+00
8.399645319824149414e-01	8.558699901940548527e-01	0.000000000000000000e+00
8.399645319824149414e-01	8.558699901940548527e-01	0.000000000000000000e+00
8.399645319824149414e-01	8.558699901940548527e-01	0.000000000000000000e+00
8.399645319824149414e-01	8.558699901940548527e-01	0.000000000000000000e+00
8.399645319824149414e-01	8.558699901940548527e-01	0.000000000000000000e+00
8.399645319824149414e-01	8.558699901940548527e-01	0.000000000000000000e+00
8.399645319824149414e-01	8.558699901940548527e-01	0.000000000000000000e+00
8.464934189840391809e-01	7.306625261319041886e-01	0.000000000000000000e+00
8.464934189840391809e-01	7.306625261319041886e-01	0.000000000000000000e+00
8.451679201984740875e-01	7.425164660013504614e-01	0.000000000000000000e+00
8.451679201984740875e-01	7.425164660013504614e-01	0.000000000000000000e+00
8.443171233168310641e-01	7.474583374385368462e-01	0.000000000000000000e+00
8.443171233168310641e-01	7.474583374385368462e-01	0.000000000000000000e+00
8.438424214129089940e-01	7.638078656594454730e-01	0.000000000000000000e+00
8.438424214129089940e-01	7.638078656594454730e-01	0.000000000000000000e+00
8.438424214129089940e-01	7.638078656594454730e-01	0.000000000000000000e+00
8.438424214129089940e-01	7.638078656594454730e-01	0.000000000000000000e+00
8.438424214129089940e-01	7.638078656594454730e-01	0.000000000000000000e+00
8.438424214129089940e-01	7.638078656594454730e-01	0.000000000000000000e+00
8.438424214129089940e-01	7.638078656594454730e-01	0.000000000000000000e+00
8.438424214129089940e-01	7.638078656594454730e-01	0.000000000000000000e+00
8.452665271246753154e-01	7.817143770830795590e-01	0.000000000000000000e+00
8.452665271246753154e-01	7.825712289718684822e-01	0.000000000000000000e+00
8.452665271246753154e-01	7.817143770830795590e-01	0.000000000000000000e+00
8.452665271246753154e-01	7.825712289718684822e-01	0.000000000000000000e+00
8.452665271246753154e-01	7.825712289718684822e-01	0.000000000000000000e+00
8.452665271246753154e-01	7.825712289718684822e-01	0.000000000000000000e+00
8.452665271246753154e-01	7.825712289718684822e-01	0.000000000000000000e+00
8.452665271246753154e-01	7.825712289718684822e-01	0.000000000000000000e+00
8.452665271246753154e-01	7.825712289718684822e-01	0.000000000000000000e+00
