0.000000000000000000e+00	2.234782646305493614e+00	0.000000000000000000e+00
1.544934600745020981e-02	2.168462128054254645e+00	0.000000000000000000e+00
2.424296813720662469e-02	1.989418267437528698e+00	0.000000000000000000e+00
5.062383452647586934e-02	1.884203234933723436e+00	0.000000000000000000e+00
6.821107878598869911e-02	1.740058709698272477e+00	0.000000000000000000e+00
6.821107878598869911e-02	1.731052844751491238e+00	0.000000000000000000e+00
6.821107878598869911e-02	1.731052844751491238e+00	0.000000000000000000e+00
6.821107878598869911e-02	1.731052844751491238e+00	0.000000000000000000e+00
6.821107878598869911e-02	1.731052844751491238e+00	0.000000000000000000e+00
6.821107878598869911e-02	1.731052844751491238e+00	0.000000000000000000e+00
6.821107878598869911e-02	1.731052844751491238e+00	0.000000000000000000e+00
6.821107878598869911e-02	1.761764639823935719e+00	0.000000000000000000e+00
2.119464175103969450e-01	1.712881066233430172e+00	0.000000000000000000e+00
2.217554423170057798e-01	1.442172083172556629e+00	0.000000000000000000e+00
2.217554423170057798e-01	1.442172083172556629e+00	0.000000000000000000e+00
2.217554423170057798e-01	1.442172083172556629e+00	0.000000000000000000e+00
2.370558590900345153e-01	1.222103457886612121e+00	0.000000000000000000e+00
2.370558590900345153e-01	1.222103457886612121e+00	0.000000000000000000e+00
2.370558590900345153e-01	1.222103457886612121e+00	0.000000000000000000e+00
2.401211793420997831e-01	1.106786737624424477e+00	0.000000000000000000e+00
2.401211793420997831e-01	1.106786737624424477e+00	0.000000000000000000e+00
2.444126276949911691e-01	1.071379711196091433e+00	0.000000000000000000e+00
2.468648838966433778e-01	1.020126092447425137e+00	0.000000000000000000e+00
2.480910119974694683e-01	9.809732293689980009e-01	0.000000000000000000e+00
2.480910119974694683e-01	9.737066917219809881e-01	0.000000000000000000e+00
2.480910119974694683e-01	9.737066917219809881e-01	0.000000000000000000e+00
2.480910119974694683e-01	9.686075779528671159e-01	0.000000000000000000e+00
2.480910119974694683e-01	9.686075779528671159e-01	0.000000000000000000e+00
2.480910119974694683e-01	9.591392574613688549e-01	0.000000000000000000e+00
2.480910119974694683e-01	9.591392574613688549e-01	0.000000000000000000e+00
2.480910119974694683e-01	9.591392574613688549e-01	0.000000000000000000e+00
2.480910119974694683e-01	9.591392574613688549e-01	0.000000000000000000e+00
2.480910119974694683e-01	9.591392574613688549e-01	0.000000000000000000e+00
2.480910119974694683e-01	9.591392574613688549e-01	0.000000000000000000e+00
2.480910119974694683e-01	9.591392574613688549e-01	0.000000000000000000e+00
4.185089182933554031e-01	7.778903781628233594e-01	0.000000000000000000e+00
4.185089182933554031e-01	7.778903781628233594e-01	0.000000000000000000e+00
4.185089182933554031e-01	7.778903781628233594e-01	0.000000000000000000e+00
4.234046412613338140e-01	8.290696554787443384e-01	0.000000000000000000e+00
4.234046412613338140e-01	8.145531227221144421e-01	0.000000000000000000e+00
4.258525027453230472e-01	7.873234139075903082e-01	0.000000000000000000e+00
4.270764334873176638e-01	7.359371159692341680e-01	0.000000000000000000e+00
4.270764334873176638e-01	7.359371159692341680e-01	0.000000000000000000e+00
4.283003642293122804e-01	6.863769250023572521e-01	0.000000000000000000e+00
4.283003642293122804e-01	6.863769250023572521e-01	0.000000000000000000e+00
4.283003642293122804e-01	6.749822334968362814e-01	0.000000000000000000e+00
4.283003642293122804e-01	6.749822334968362814e-01	0.000000000000000000e+00
4.283003642293122804e-01	6.749822334968362814e-01	0.000000000000000000e+00
4.283003642293122804e-01	6.863769250023572521e-01	0.000000000000000000e+00
4.283003642293122804e-01	6.849505481990053601e-01	0.000000000000000000e+00
4.283003642293122804e-01	6.849505481990053601e-01	0.000000000000000000e+00
4.283003642293122804e-01	6.849505481990053601e-01	0.000000000000000000e+00
4.283003642293122804e-01	6.849505481990053601e-01	0.000000000000000000e+00
4.283003642293122804e-01	6.849505481990053601e-01	0.000000000000000000e+00
4.283003642293122804e-01	6.849505481990053601e-01	0.000000000000000000e+00
6.328494108438218468e-01	5.419594877715937509e-01	0.000000000000000000e+00
6.328494108438218468e-01	5.419594877715937509e-01	0.000000000000000000e+00
6.328494108438218468e-01	4.787964637644994137e-01	0.000000000000000000e+00
6.328494108438218468e-01	4.787964637644994137e-01	0.000000000000000000e+00
6.328494108438218468e-01	5.208400482360254768e-01	0.000000000000000000e+00
6.328494108438218468e-01	5.208400482360254768e-01	0.000000000000000000e+00
6.328494108438218468e-01	5.208400482360254768e-01	0.000000000000000000e+00
6.328494108438218468e-01	5.208400482360254768e-01	0.000000000000000000e+00
6.328494108438218468e-01	5.208400482360254768e-01	0.000000000000000000e+00
6.328494108438218468e-01	4.787964637644994137e-01	0.000000000000000000e+00
6.328494108438218468e-01	4.966428088086148329e-01	0.000000000000000000e+00
6.328494108438218468e-01	4.966428088086148329e-01	0.000000000000000000e+00
6.328494108438218468e-01	4.966428088086148329e-01	0.000000000000000000e+00
6.328494108438218468e-01	4.966428088086148329e-01	0.000000000000000000e+00
6.328494108438218468e-01	4.966428088086148329e-01	0.000000000000000000e+00
6.328494108438218468e-01	5.019412342792463066e-01	0.000000000000000000e+00
8.274600992219218742e-01	2.659785731584209945e-01	0.000000000000000000e+00
8.274600992219218742e-01	2.659785731584209945e-01	0.000000000000000000e+00
8.274600992219218742e-01	2.659785731584209945e-01	0.000000000000000000e+00
8.274600992219218742e-01	2.659785731584209945e-01	0.000000000000000000e+00
8.274600992219218742e-01	2.659785731584209945e-01	0.000000000000000000e+00
8.274600992219218742e-01	2.659785731584209945e-01	0.000000000000000000e+00
8.274600992219218742e-01	3.674931897177985962e-01	0.000000000000000000e+00
8.274600992219218742e-01	2.917038226634217635e-01	0.000000000000000000e+00
8.274600992219218742e-01	2.917038226634217635e-01	0.000000000000000000e+00
8.274600992219218742e-01	2.917038226634217635e-01	0.000000000000000000e+00
8.274600992219218742e-01	2.917038226634217635e-01	0.000000000000000000e+00
8.274600992219218742e-01	2.917038226634217635e-01	0.000000000000000000e+00
8.271693587161136341e-01	2.626813551170979477e-01	0.000000000000000000e+00
8.271693587161136341e-01	2.626813551170979477e-01	0.000000000000000000e+00
8.271693587161136341e-01	2.626813551170979477e-01	0.000000000000000000e+00
8.271693587161136341e-01	2.626813551170979477e-01	0.000000000000000000e+00
8.271693587161136341e-01	2.626813551170979477e-01	0.000000000000000000e+00
8.271693587161136341e-01	2.626813551170979477e-01	0.000000000000000000e+00
8.280415802335383546e-01	2.094893082335225198e-01	0.000000000000000000e+00
8.280415802335383546e-01	2.094893082335225198e-01	0.000000000000000000e+00
8.280415802335383546e-01	2.094893082335225198e-01	0.000000000000000000e+00
8.280415802335383546e-01	2.094893082335225198e-01	0.000000000000000000e+00
8.280415802335383546e-01	2.094893082335225198e-01	0.000000000000000000e+00
8.300767637741961469e-01	1.767077788282671036e-01	0.000000000000000000e+00
8.300767637741961469e-01	1.767077788282671036e-01	0.000000000000000000e+00
8.300767637741961469e-01	1.767077788282671036e-01	0.000000000000000000e+00
8.300767637741961469e-01	1.767077788282671036e-01	0.000000000000000000e+00
8.331295390851829463e-01	1.633072409426371552e-01	0.000000000000000000e+00
8.331295390851829463e-01	1.633072409426371552e-01	0.000000000000000000e+00
