0.000000000000000000e+00	2.475568093685208915e+00	0.000000000000000000e+00
1.544934600745020981e-02	2.224053708458866296e+00	0.000000000000000000e+00
1.544934600745020981e-02	2.224053708458866296e+00	0.000000000000000000e+00
6.008451078764412423e-02	1.989037411696770619e+00	0.000000000000000000e+00
6.008451078764412423e-02	1.989037411696770619e+00	0.000000000000000000e+00
7.900586330998063400e-02	1.946928029525985426e+00	0.000000000000000000e+00
7.900586330998063400e-02	1.946928029525985426e+00	0.000000000000000000e+00
7.900586330998063400e-02	1.946928029525985426e+00	0.000000000000000000e+00
7.900586330998063400e-02	1.946928029525985426e+00	0.000000000000000000e+00
7.900586330998063400e-02	1.946928029525985426e+00	0.000000000000000000e+00
7.900586330998063400e-02	1.946928029525985426e+00	0.000000000000000000e+00
1.905695397179235084e-01	1.806302085942778302e+00	0.000000000000000000e+00
2.070419051070925276e-01	1.743009822941988807e+00	0.000000000000000000e+00
2.119464175103969450e-01	1.707128045680404549e+00	0.000000000000000000e+00
2.217554423170057798e-01	1.556925973093888915e+00	0.000000000000000000e+00
2.217554423170057798e-01	1.514148208651992622e+00	0.000000000000000000e+00
2.370558590900345153e-01	1.207826420839305248e+00	0.000000000000000000e+00
2.370558590900345153e-01	1.207826420839305248e+00	0.000000000000000000e+00
2.370558590900345153e-01	1.207826420839305248e+00	0.000000000000000000e+00
2.370558590900345153e-01	1.207826420839305248e+00	0.000000000000000000e+00
2.468648838966433778e-01	1.066391296886953777e+00	0.000000000000000000e+00
2.468648838966433778e-01	1.066391296886953777e+00	0.000000000000000000e+00
2.468648838966433778e-01	1.066391296886953777e+00	0.000000000000000000e+00
2.468648838966433778e-01	1.055589752957783789e+00	0.000000000000000000e+00
2.468648838966433778e-01	1.055589752957783789e+00	0.000000000000000000e+00
2.468648838966433778e-01	1.055589752957783789e+00	0.000000000000000000e+00
2.468648838966433778e-01	1.055589752957783789e+00	0.000000000000000000e+00
2.468648838966433778e-01	1.055589752957783789e+00	0.000000000000000000e+00
2.468648838966433778e-01	1.055589752957783789e+00	0.000000000000000000e+00
2.468648838966433778e-01	1.055589752957783789e+00	0.000000000000000000e+00
2.468648838966433778e-01	1.055589752957783789e+00	0.000000000000000000e+00
2.468648838966433778e-01	1.055589752957783789e+00	0.000000000000000000e+00
2.468648838966433778e-01	1.058079661418111606e+00	0.000000000000000000e+00
2.468648838966433778e-01	1.058079661418111606e+00	0.000000000000000000e+00
4.185089182933554031e-01	8.938303327076159155e-01	0.000000000000000000e+00
4.185089182933554031e-01	8.938303327076159155e-01	0.000000000000000000e+00
4.185089182933554031e-01	8.938303327076159155e-01	0.000000000000000000e+00
4.185089182933554031e-01	8.938303327076159155e-01	0.000000000000000000e+00
4.185089182933554031e-01	8.938303327076159155e-01	0.000000000000000000e+00
4.185089182933554031e-01	8.938303327076159155e-01	0.000000000000000000e+00
4.283003642293122804e-01	7.447409690509748659e-01	0.000000000000000000e+00
4.283003642293122804e-01	7.447409690509748659e-01	0.000000000000000000e+00
4.283003642293122804e-01	7.447409690509748659e-01	0.000000000000000000e+00
4.283003642293122804e-01	7.447409690509748659e-01	0.000000000000000000e+00
4.283003642293122804e-01	7.418743621490786477e-01	0.000000000000000000e+00
4.283003642293122804e-01	7.418743621490786477e-01	0.000000000000000000e+00
4.283003642293122804e-01	7.418743621490786477e-01	0.000000000000000000e+00
4.283003642293122804e-01	7.418743621490786477e-01	0.000000000000000000e+00
4.283003642293122804e-01	7.418743621490786477e-01	0.000000000000000000e+00
4.283003642293122804e-01	7.418743621490786477e-01	0.000000000000000000e+00
4.283003642293122804e-01	7.418743621490786477e-01	0.000000000000000000e+00
4.283003642293122804e-01	7.418743621490786477e-01	0.000000000000000000e+00
6.328494108438218468e-01	7.832626264951471073e-01	0.000000000000000000e+00
6.328494108438218468e-01	6.504880450892738253e-01	0.000000000000000000e+00
6.328494108438218468e-01	6.504880450892738253e-01	0.000000000000000000e+00
6.328494108438218468e-01	5.860509033376584132e-01	0.000000000000000000e+00
6.328494108438218468e-01	5.860509033376584132e-01	0.000000000000000000e+00
6.328494108438218468e-01	5.860509033376584132e-01	0.000000000000000000e+00
6.328494108438218468e-01	5.860509033376584132e-01	0.000000000000000000e+00
6.328494108438218468e-01	5.860509033376584132e-01	0.000000000000000000e+00
6.328494108438218468e-01	5.860509033376584132e-01	0.000000000000000000e+00
6.328494108438218468e-01	5.860509033376584132e-01	0.000000000000000000e+00
6.328494108438218468e-01	5.764369257966431848e-01	0.000000000000000000e+00
6.328494108438218468e-01	5.764369257966431848e-01	0.000000000000000000e+00
6.328494108438218468e-01	5.764369257966431848e-01	0.000000000000000000e+00
6.328494108438218468e-01	5.764369257966431848e-01	0.000000000000000000e+00
6.328494108438218468e-01	5.703469024978378155e-01	0.000000000000000000e+00
6.328494108438218468e-01	5.703469024978378155e-01	0.000000000000000000e+00
6.328494108438218468e-01	5.703469024978378155e-01	0.000000000000000000e+00
6.328494108438218468e-01	5.703469024978378155e-01	0.000000000000000000e+00
6.328494108438218468e-01	5.852833637489193164e-01	0.000000000000000000e+00
6.328494108438218468e-01	5.852833637489193164e-01	0.000000000000000000e+00
8.278897567347627273e-01	3.560665335047020763e-01	0.000000000000000000e+00
8.278897567347627273e-01	3.560665335047020763e-01	0.000000000000000000e+00
8.278897567347627273e-01	3.560665335047020763e-01	0.000000000000000000e+00
8.278897567347627273e-01	3.560665335047020763e-01	0.000000000000000000e+00
8.274600992219218742e-01	3.855181547156654731e-01	0.000000000000000000e+00
8.274600992219218742e-01	3.855181547156654731e-01	0.000000000000000000e+00
8.274600992219218742e-01	3.855181547156654731e-01	0.000000000000000000e+00
8.274600992219218742e-01	3.855181547156654731e-01	0.000000000000000000e+00
8.274600992219218742e-01	3.855181547156654731e-01	0.000000000000000000e+00
8.274600992219218742e-01	3.461920686181307882e-01	0.000000000000000000e+00
8.274600992219218742e-01	3.461920686181307882e-01	0.000000000000000000e+00
8.274600992219218742e-01	3.461920686181307882e-01	0.000000000000000000e+00
8.274600992219218742e-01	3.461920686181307882e-01	0.000000000000000000e+00
8.274600992219218742e-01	3.461920686181307882e-01	0.000000000000000000e+00
8.274600992219218742e-01	3.461920686181307882e-01	0.000000000000000000e+00
8.274600992219218742e-01	3.461920686181307882e-01	0.000000000000000000e+00
8.274600992219218742e-01	3.461920686181307882e-01	0.000000000000000000e+00
8.321119473148540502e-01	2.479925673990732160e-01	0.000000000000000000e+00
8.321119473148540502e-01	2.318528310276732340e-01	0.000000000000000000e+00
8.321119473148540502e-01	2.318528310276732340e-01	0.000000000000000000e+00
8.321119473148540502e-01	2.318528310276732340e-01	0.000000000000000000e+00
8.321119473148540502e-01	2.318528310276732340e-01	0.000000000000000000e+00
8.321119473148540502e-01	2.318528310276732340e-01	0.000000000000000000e+00
8.367943930235917094e-01	1.943480573734936157e-01	0.000000000000000000e+00
8.367943930235917094e-01	1.943480573734936157e-01	0.000000000000000000e+00
8.367943930235917094e-01	1.943480573734936157e-01	0.000000000000000000e+00
8.367943930235917094e-01	1.943480573734936157e-01	0.000000000000000000e+00
8.367943930235917094e-01	1.943480573734936157e-01	0.000000000000000000e+00
