0.000000000000000000e+00	1.947342355713628681e+00	0.000000000000000000e+00
1.713099076442997984e-02	1.660231698221029450e+00	0.000000000000000000e+00
3.249754297424051891e-02	1.486421291477305617e+00	0.000000000000000000e+00
4.328411749065464581e-02	1.466142095884087393e+00	0.000000000000000000e+00
7.165842755893145344e-02	1.424469032089260345e+00	0.000000000000000000e+00
7.754609901951460549e-02	1.377275820292471753e+00	0.000000000000000000e+00
9.239953562908334583e-02	1.300390944035775043e+00	0.000000000000000000e+00
9.239953562908334583e-02	1.300390944035775043e+00	0.000000000000000000e+00
9.239953562908334583e-02	1.300390944035775043e+00	0.000000000000000000e+00
9.239953562908334583e-02	1.300390944035775043e+00	0.000000000000000000e+00
9.239953562908334583e-02	1.300390944035775043e+00	0.000000000000000000e+00
1.906605193253034791e-01	1.278464219536650015e+00	0.000000000000000000e+00
1.906605193253034791e-01	1.237118390273558299e+00	0.000000000000000000e+00
2.088267881907811263e-01	1.053281645259246613e+00	0.000000000000000000e+00
2.137425807617150397e-01	1.031380007947770183e+00	0.000000000000000000e+00
2.235741659035828666e-01	1.008104774414843696e+00	0.000000000000000000e+00
2.370268937327073555e-01	6.510902557062264728e-01	0.000000000000000000e+00
2.370268937327073555e-01	6.510902557062264728e-01	0.000000000000000000e+00
2.370268937327073555e-01	6.510902557062264728e-01	0.000000000000000000e+00
2.370268937327073555e-01	6.510902557062264728e-01	0.000000000000000000e+00
2.370268937327073555e-01	6.510902557062264728e-01	0.000000000000000000e+00
2.370268937327073555e-01	6.510902557062264728e-01	0.000000000000000000e+00
2.562331096507069472e-01	5.988825386597258493e-01	0.000000000000000000e+00
2.562331096507069472e-01	5.971278998897079360e-01	0.000000000000000000e+00
2.562331096507069472e-01	5.940033999411039600e-01	0.000000000000000000e+00
2.562331096507069472e-01	5.940033999411039600e-01	0.000000000000000000e+00
2.562331096507069472e-01	5.902150164396939847e-01	0.000000000000000000e+00
2.562331096507069472e-01	5.902150164396939847e-01	0.000000000000000000e+00
2.562331096507069472e-01	5.902150164396939847e-01	0.000000000000000000e+00
2.562331096507069472e-01	5.798435858655011099e-01	0.000000000000000000e+00
2.562331096507069472e-01	5.798435858655011099e-01	0.000000000000000000e+00
2.562331096507069472e-01	5.798435858655011099e-01	0.000000000000000000e+00
2.562331096507069472e-01	5.798435858655011099e-01	0.000000000000000000e+00
4.216325019967233634e-01	4.720511158435621857e-01	0.000000000000000000e+00
4.216325019967233634e-01	4.720511158435621857e-01	0.000000000000000000e+00
4.216325019967233634e-01	4.720511158435621857e-01	0.000000000000000000e+00
4.216325019967233634e-01	4.720511158435621857e-01	0.000000000000000000e+00
4.413422206921456814e-01	3.769639979628695015e-01	0.000000000000000000e+00
4.413422206921456814e-01	3.769639979628695015e-01	0.000000000000000000e+00
4.413422206921456814e-01	3.769639979628695015e-01	0.000000000000000000e+00
4.413422206921456814e-01	3.769639979628695015e-01	0.000000000000000000e+00
4.413422206921456814e-01	3.481089455473654337e-01	0.000000000000000000e+00
4.413422206921456814e-01	3.365679775777002392e-01	0.000000000000000000e+00
4.536064231565697380e-01	2.593648984617597519e-01	0.000000000000000000e+00
4.495183556684284043e-01	2.931036651040951901e-01	0.000000000000000000e+00
4.536064231565697380e-01	2.530364623877251473e-01	0.000000000000000000e+00
4.536064231565697380e-01	2.530364623877251473e-01	0.000000000000000000e+00
4.536064231565697380e-01	2.530364623877251473e-01	0.000000000000000000e+00
4.536064231565697380e-01	2.530364623877251473e-01	0.000000000000000000e+00
4.536064231565697380e-01	2.530364623877251473e-01	0.000000000000000000e+00
4.536064231565697380e-01	2.530364623877251473e-01	0.000000000000000000e+00
4.536064231565697380e-01	2.530364623877251473e-01	0.000000000000000000e+00
4.495183556684284043e-01	2.738893604467886878e-01	0.000000000000000000e+00
4.495183556684284043e-01	2.738893604467886878e-01	0.000000000000000000e+00
6.323269738737280488e-01	1.578243089898778151e-01	0.000000000000000000e+00
6.323269738737280488e-01	1.578243089898778151e-01	0.000000000000000000e+00
6.323269738737280488e-01	1.578243089898778151e-01	0.000000000000000000e+00
6.323269738737280488e-01	1.578243089898778151e-01	0.000000000000000000e+00
6.323269738737280488e-01	1.716324321322033053e-01	0.000000000000000000e+00
6.323269738737280488e-01	1.284362589262129373e-01	0.000000000000000000e+00
6.323269738737280488e-01	1.284362589262129373e-01	0.000000000000000000e+00
6.323269738737280488e-01	1.284362589262129373e-01	0.000000000000000000e+00
6.323269738737280488e-01	1.013843930614921895e-01	0.000000000000000000e+00
6.474014414427022857e-01	4.436492333908933355e-02	0.000000000000000000e+00
6.474014414427022857e-01	4.436492333908933355e-02	0.000000000000000000e+00
6.474014414427022857e-01	4.436492333908933355e-02	0.000000000000000000e+00
6.474014414427022857e-01	4.436492333908933355e-02	0.000000000000000000e+00
6.549386752271894041e-01	1.812307243510058452e-02	0.000000000000000000e+00
6.549386752271894041e-01	1.812307243510058452e-02	0.000000000000000000e+00
6.624759090116765226e-01	-3.360490970224485480e-02	0.000000000000000000e+00
6.549386752271894041e-01	1.812307243510058452e-02	0.000000000000000000e+00
6.549386752271894041e-01	1.812307243510058452e-02	0.000000000000000000e+00
6.549386752271894041e-01	1.812307243510058452e-02	0.000000000000000000e+00
6.549386752271894041e-01	1.812307243510058452e-02	0.000000000000000000e+00
8.244254378612311251e-01	7.721348541976947102e-03	0.000000000000000000e+00
8.283220652383971316e-01	-7.096881940754765083e-02	0.000000000000000000e+00
8.283220652383971316e-01	-7.096881940754765083e-02	0.000000000000000000e+00
8.283220652383971316e-01	-7.096881940754765083e-02	0.000000000000000000e+00
8.283220652383971316e-01	-7.096881940754765083e-02	0.000000000000000000e+00
8.283220652383971316e-01	-7.096881940754765083e-02	0.000000000000000000e+00
8.300829572522394617e-01	-1.627491953298140781e-01	0.000000000000000000e+00
8.300829572522394617e-01	-1.627491953298140781e-01	0.000000000000000000e+00
8.300829572522394617e-01	-1.627491953298140781e-01	0.000000000000000000e+00
8.300829572522394617e-01	-1.627491953298140781e-01	0.000000000000000000e+00
8.300829572522394617e-01	-1.627491953298140781e-01	0.000000000000000000e+00
8.300829572522394617e-01	-1.627491953298140781e-01	0.000000000000000000e+00
8.300829572522394617e-01	-1.703167053043791179e-01	0.000000000000000000e+00
8.300829572522394617e-01	-1.703167053043791179e-01	0.000000000000000000e+00
8.300829572522394617e-01	-1.703167053043791179e-01	0.000000000000000000e+00
8.403867907193764974e-01	-2.298832240103367008e-01	0.000000000000000000e+00
8.403867907193764974e-01	-2.298832240103367008e-01	0.000000000000000000e+00
8.403867907193764974e-01	-2.298832240103367008e-01	0.000000000000000000e+00
8.403867907193764974e-01	-2.298832240103367008e-01	0.000000000000000000e+00
8.403867907193764974e-01	-2.298832240103367008e-01	0.000000000000000000e+00
8.403867907193764974e-01	-2.298832240103367008e-01	0.000000000000000000e+00
8.403867907193764974e-01	-2.425279946078580662e-01	0.000000000000000000e+00
8.403867907193764974e-01	-2.425279946078580662e-01	0.000000000000000000e+00
8.403867907193764974e-01	-2.425279946078580662e-01	0.000000000000000000e+00
8.403867907193764974e-01	-2.425279946078580662e-01	0.000000000000000000e+00
8.403867907193764974e-01	-2.488909441484893903e-01	0.000000000000000000e+00
