0.000000000000000000e+00	1.047799907006049525e+00	0.000000000000000000e+00
1.638151651999128489e-02	8.929363788979695071e-01	0.000000000000000000e+00
3.025623121469101645e-02	8.185888180455365148e-01	0.000000000000000000e+00
4.511078672845598991e-02	7.543409417729034505e-01	0.000000000000000000e+00
5.857147212582844431e-02	7.196482650303468454e-01	0.000000000000000000e+00
7.188037529879021115e-02	6.916860419782973057e-01	0.000000000000000000e+00
8.354296948016867730e-02	6.795004806390355645e-01	0.000000000000000000e+00
8.354296948016867730e-02	6.790201750023566740e-01	0.000000000000000000e+00
8.354296948016867730e-02	6.790201750023566740e-01	0.000000000000000000e+00
8.354296948016867730e-02	6.790201750023566740e-01	0.000000000000000000e+00
8.354296948016867730e-02	6.790201750023566740e-01	0.000000000000000000e+00
8.354296948016867730e-02	6.790201750023566740e-01	0.000000000000000000e+00
8.354296948016867730e-02	6.790201750023566740e-01	0.000000000000000000e+00
2.008107149718186268e-01	5.740329990193934195e-01	0.000000000000000000e+00
2.061154476803108704e-01	5.328841866025734175e-01	0.000000000000000000e+00
2.159698572546890072e-01	4.620463543837741716e-01	0.000000000000000000e+00
2.252838558580232409e-01	4.187770842237377167e-01	0.000000000000000000e+00
2.252838558580232409e-01	3.958932626533045451e-01	0.000000000000000000e+00
2.349784856860484550e-01	3.246649290702285917e-01	0.000000000000000000e+00
2.424026828380585197e-01	2.981464335479704908e-01	0.000000000000000000e+00
2.487434330399531934e-01	2.686793006041885978e-01	0.000000000000000000e+00
2.544926095971189461e-01	2.571166536013844151e-01	0.000000000000000000e+00
2.544926095971189461e-01	2.571166536013844151e-01	0.000000000000000000e+00
2.544926095971189461e-01	2.571166536013844151e-01	0.000000000000000000e+00
2.544926095971189461e-01	2.571166536013844151e-01	0.000000000000000000e+00
2.553430007241930255e-01	2.575382175782158778e-01	0.000000000000000000e+00
2.553430007241930255e-01	2.575382175782158778e-01	0.000000000000000000e+00
2.553430007241930255e-01	2.575382175782158778e-01	0.000000000000000000e+00
2.553430007241930255e-01	2.575382175782158778e-01	0.000000000000000000e+00
2.553430007241930255e-01	2.575382175782158778e-01	0.000000000000000000e+00
4.116880111984060897e-01	2.349473553627954570e-01	0.000000000000000000e+00
4.150895757067022962e-01	1.890856611009513744e-01	0.000000000000000000e+00
4.173743128511553380e-01	1.647526868168621983e-01	0.000000000000000000e+00
4.207276561499396217e-01	1.248803691694314461e-01	0.000000000000000000e+00
4.224284384040877249e-01	9.839968070203329586e-02	0.000000000000000000e+00
4.282920735422677261e-01	5.664442558102195102e-02	0.000000000000000000e+00
4.314867510647238946e-01	2.089815453149904828e-02	0.000000000000000000e+00
4.336622871451085715e-01	1.356237536221274222e-02	0.000000000000000000e+00
4.343870993021048399e-01	-1.467370815905081304e-02	0.000000000000000000e+00
4.382918677569469512e-01	-5.339760660824166560e-02	0.000000000000000000e+00
4.407764543470171215e-01	-6.006215045235685501e-02	0.000000000000000000e+00
4.439002691108907550e-01	-8.764111625695887586e-02	0.000000000000000000e+00
4.485859912567012886e-01	-1.037400630354072817e-01	0.000000000000000000e+00
4.485859912567012886e-01	-1.037400630354072817e-01	0.000000000000000000e+00
4.485859912567012886e-01	-1.037400630354072817e-01	0.000000000000000000e+00
4.485859912567012886e-01	-1.037400630354072817e-01	0.000000000000000000e+00
4.485859912567012886e-01	-1.037400630354072817e-01	0.000000000000000000e+00
4.470240838747644441e-01	-9.948582507528286323e-02	0.000000000000000000e+00
4.470240838747644441e-01	-9.710325088875591815e-02	0.000000000000000000e+00
4.470240838747644441e-01	-9.710325088875591815e-02	0.000000000000000000e+00
6.214178301967261397e-01	-1.511496700618199240e-01	0.000000000000000000e+00
6.214178301967261397e-01	-1.511496700618199240e-01	0.000000000000000000e+00
6.214178301967261397e-01	-1.511496700618199240e-01	0.000000000000000000e+00
6.230456885172763748e-01	-1.738988333682543463e-01	0.000000000000000000e+00
6.259955511927304261e-01	-2.019401977887614885e-01	0.000000000000000000e+00
6.275205761086970480e-01	-2.115694413880984392e-01	0.000000000000000000e+00
6.285915887804310875e-01	-2.439863979356428070e-01	0.000000000000000000e+00
6.292512678338308962e-01	-2.599381064421321108e-01	0.000000000000000000e+00
6.309819595589646335e-01	-2.773576181266113050e-01	0.000000000000000000e+00
6.325069844749313663e-01	-2.910851957054939598e-01	0.000000000000000000e+00
6.340320093908979882e-01	-3.136950142994538449e-01	0.000000000000000000e+00
6.356182540680070936e-01	-3.151559867083325028e-01	0.000000000000000000e+00
6.364773746442893287e-01	-3.320169501393936407e-01	0.000000000000000000e+00
6.378872289353088032e-01	-3.557576886417371242e-01	0.000000000000000000e+00
6.398249882889085471e-01	-3.662974311210074885e-01	0.000000000000000000e+00
6.421694792784924388e-01	-3.752606073483555349e-01	0.000000000000000000e+00
6.449891878605314988e-01	-3.883738116106697502e-01	0.000000000000000000e+00
6.470302912653509431e-01	-4.015457323633896403e-01	0.000000000000000000e+00
6.478351363616008385e-01	-4.151038560871313510e-01	0.000000000000000000e+00
6.503619989564513038e-01	-4.292260924575011516e-01	0.000000000000000000e+00
6.503619989564513038e-01	-4.292340859585944135e-01	0.000000000000000000e+00
6.503619989564513038e-01	-4.292340859585944135e-01	0.000000000000000000e+00
6.503619989564513038e-01	-4.292340859585944135e-01	0.000000000000000000e+00
6.503619989564513038e-01	-4.292340859585944135e-01	0.000000000000000000e+00
8.244755310966975781e-01	-4.391428442448094271e-01	0.000000000000000000e+00
8.250962493795548358e-01	-4.646438309270917721e-01	0.000000000000000000e+00
8.250962493795548358e-01	-4.646438309270917721e-01	0.000000000000000000e+00
8.263376859452693513e-01	-4.827650786339436895e-01	0.000000000000000000e+00
8.263376859452693513e-01	-4.948697426269334509e-01	0.000000000000000000e+00
8.276368170792980372e-01	-5.030826413218214554e-01	0.000000000000000000e+00
8.288338496728926419e-01	-5.390795133087350477e-01	0.000000000000000000e+00
8.288338496728926419e-01	-5.390795133087350477e-01	0.000000000000000000e+00
8.288338496728926419e-01	-5.390795133087350477e-01	0.000000000000000000e+00
8.302030848238060035e-01	-5.533808388956679147e-01	0.000000000000000000e+00
8.311127313994964849e-01	-5.697020850260040570e-01	0.000000000000000000e+00
8.325220568268052457e-01	-5.761327937526398157e-01	0.000000000000000000e+00
8.329768801146504309e-01	-5.921767072620780503e-01	0.000000000000000000e+00
8.335156803646819323e-01	-6.145531915131865475e-01	0.000000000000000000e+00
8.335156803646819323e-01	-6.145531915131865475e-01	0.000000000000000000e+00
8.339772040615569537e-01	-6.169622690683252975e-01	0.000000000000000000e+00
8.364996300499278892e-01	-6.362822116279575058e-01	0.000000000000000000e+00
8.374226774436778209e-01	-6.399396760200403156e-01	0.000000000000000000e+00
8.382223667409882673e-01	-6.508278396480450256e-01	0.000000000000000000e+00
8.389949609690980914e-01	-6.616499281039937008e-01	0.000000000000000000e+00
8.403015589139952723e-01	-6.817952823613114832e-01	0.000000000000000000e+00
8.403015589139952723e-01	-6.817952823613114832e-01	0.000000000000000000e+00
8.419009375086161651e-01	-6.845316503758869242e-01	0.000000000000000000e+00
8.423807510870022774e-01	-6.994187881801784412e-01	0.000000000000000000e+00
8.431404559194470849e-01	-7.039977506428711784e-01	0.000000000000000000e+00
8.444599432600092825e-01	-7.103363624199696691e-01	0.000000000000000000e+00
