0.000000000000000000e+00	1.017672633645894553e+00	0.000000000000000000e+00
1.638151651999128489e-02	8.840812511771015680e-01	0.000000000000000000e+00
3.025623121469101645e-02	8.185407142208025455e-01	0.000000000000000000e+00
4.511078672845598991e-02	7.543409417729034505e-01	0.000000000000000000e+00
5.815300126007562354e-02	7.173956844918163434e-01	0.000000000000000000e+00
7.188037529879021115e-02	6.856635426026860269e-01	0.000000000000000000e+00
8.354296948016867730e-02	6.781562011682890079e-01	0.000000000000000000e+00
8.354296948016867730e-02	6.781562011682890079e-01	0.000000000000000000e+00
8.354296948016867730e-02	6.781562011682890079e-01	0.000000000000000000e+00
8.354296948016867730e-02	6.781562011682890079e-01	0.000000000000000000e+00
8.354296948016867730e-02	6.781562011682890079e-01	0.000000000000000000e+00
8.354296948016867730e-02	6.781562011682890079e-01	0.000000000000000000e+00
8.354296948016867730e-02	6.781562011682890079e-01	0.000000000000000000e+00
1.972340472645779941e-01	5.942686080362801215e-01	0.000000000000000000e+00
2.061154476803108704e-01	5.199627706322610399e-01	0.000000000000000000e+00
2.159698572546890072e-01	4.612680479911305254e-01	0.000000000000000000e+00
2.222549337534321934e-01	4.019881832261689159e-01	0.000000000000000000e+00
2.252838558580232409e-01	3.752622585084227635e-01	0.000000000000000000e+00
2.324371912725044786e-01	3.381335408324741554e-01	0.000000000000000000e+00
2.424026828380585197e-01	2.901336920444404499e-01	0.000000000000000000e+00
2.484605270472406424e-01	2.658356441355771982e-01	0.000000000000000000e+00
2.553430007241930255e-01	2.511710691243328464e-01	0.000000000000000000e+00
2.553430007241930255e-01	2.511710691243328464e-01	0.000000000000000000e+00
2.553430007241930255e-01	2.511710691243328464e-01	0.000000000000000000e+00
2.553430007241930255e-01	2.511710691243328464e-01	0.000000000000000000e+00
2.553430007241930255e-01	2.537688728587253473e-01	0.000000000000000000e+00
2.553430007241930255e-01	2.538096948546916809e-01	0.000000000000000000e+00
2.553430007241930255e-01	2.538096948546916809e-01	0.000000000000000000e+00
2.553430007241930255e-01	2.538096948546916809e-01	0.000000000000000000e+00
2.553430007241930255e-01	2.544437224615336279e-01	0.000000000000000000e+00
4.116880111984060897e-01	2.276074233822353299e-01	0.000000000000000000e+00
4.150895757067022962e-01	1.926852577277098633e-01	0.000000000000000000e+00
4.195852875777130730e-01	1.430742854454512547e-01	0.000000000000000000e+00
4.207276561499396217e-01	1.240350346386835667e-01	0.000000000000000000e+00
4.229996226902009715e-01	9.489403680764868509e-02	0.000000000000000000e+00
4.276567767732774028e-01	3.900474033428606713e-02	0.000000000000000000e+00
4.314621461808643144e-01	1.264649903972428838e-02	0.000000000000000000e+00
4.314621461808643144e-01	4.111965549744136909e-03	0.000000000000000000e+00
4.356293925971399528e-01	-2.283966528152581513e-02	0.000000000000000000e+00
4.382918677569469512e-01	-5.146898291297363065e-02	0.000000000000000000e+00
4.407764543470171215e-01	-6.936989580064308047e-02	0.000000000000000000e+00
4.439002691108907550e-01	-9.008343037695784594e-02	0.000000000000000000e+00
4.501478986386381331e-01	-1.055101437012048726e-01	0.000000000000000000e+00
4.513193291750907665e-01	-1.104928088816418130e-01	0.000000000000000000e+00
4.513193291750907665e-01	-1.111954220003484178e-01	0.000000000000000000e+00
4.513193291750907665e-01	-1.111954220003484178e-01	0.000000000000000000e+00
4.513193291750907665e-01	-1.111954220003484178e-01	0.000000000000000000e+00
4.513193291750907665e-01	-1.111954220003484178e-01	0.000000000000000000e+00
4.513193291750907665e-01	-1.111954220003484178e-01	0.000000000000000000e+00
4.513193291750907665e-01	-1.111954220003484178e-01	0.000000000000000000e+00
4.513193291750907665e-01	-1.111954220003484178e-01	0.000000000000000000e+00
6.207568280192742316e-01	-1.354295188757131119e-01	0.000000000000000000e+00
6.214178301967261397e-01	-1.564469150295722810e-01	0.000000000000000000e+00
6.230456885172763748e-01	-1.809346779463557597e-01	0.000000000000000000e+00
6.259955511927304261e-01	-2.086303259607820704e-01	0.000000000000000000e+00
6.265310575285973904e-01	-2.270185922738028883e-01	0.000000000000000000e+00
6.285915887804310875e-01	-2.439863979356428070e-01	0.000000000000000000e+00
6.292512678338308962e-01	-2.551468044638637855e-01	0.000000000000000000e+00
6.309819595589646335e-01	-2.837535748998419316e-01	0.000000000000000000e+00
6.314930583053447455e-01	-2.938192895210713362e-01	0.000000000000000000e+00
6.340320093908979882e-01	-3.123301910733685682e-01	0.000000000000000000e+00
6.340320093908979882e-01	-3.247036339265816363e-01	0.000000000000000000e+00
6.361599626949585584e-01	-3.412124457550164691e-01	0.000000000000000000e+00
6.378872289353088032e-01	-3.584688158302491434e-01	0.000000000000000000e+00
6.382462784418293511e-01	-3.694608628955691199e-01	0.000000000000000000e+00
6.421431355434299437e-01	-3.950374984114558008e-01	0.000000000000000000e+00
6.421431355434299437e-01	-3.968515513249937787e-01	0.000000000000000000e+00
6.476755934084914568e-01	-4.148302137536758472e-01	0.000000000000000000e+00
6.476755934084914568e-01	-4.231798225153586834e-01	0.000000000000000000e+00
6.503619989564513038e-01	-4.325710459434469746e-01	0.000000000000000000e+00
6.503619989564513038e-01	-4.325710459434469746e-01	0.000000000000000000e+00
6.503619989564513038e-01	-4.325710459434469746e-01	0.000000000000000000e+00
6.503619989564513038e-01	-4.325710459434469746e-01	0.000000000000000000e+00
6.503619989564513038e-01	-4.325710459434469746e-01	0.000000000000000000e+00
8.244755310966975781e-01	-4.393432915895544300e-01	0.000000000000000000e+00
8.251562665247080819e-01	-4.720019898800983382e-01	0.000000000000000000e+00
8.251562665247080819e-01	-4.720019898800983382e-01	0.000000000000000000e+00
8.251562665247080819e-01	-4.818662190741848650e-01	0.000000000000000000e+00
8.288338496728926419e-01	-5.344468448869491572e-01	0.000000000000000000e+00
8.270541718437915968e-01	-5.152032771018808521e-01	0.000000000000000000e+00
8.273945395577968487e-01	-5.226750189884231679e-01	0.000000000000000000e+00
8.288338496728926419e-01	-5.409445218160366942e-01	0.000000000000000000e+00
8.295835896701463374e-01	-5.535403197588905089e-01	0.000000000000000000e+00
8.303333296674000330e-01	-5.732985525575664543e-01	0.000000000000000000e+00
8.303333296674000330e-01	-5.732985525575664543e-01	0.000000000000000000e+00
8.307081996660268253e-01	-5.799992796737111211e-01	0.000000000000000000e+00
8.318328096619074241e-01	-5.960975926408531578e-01	0.000000000000000000e+00
8.330830037945595734e-01	-6.018264041259976382e-01	0.000000000000000000e+00
8.353434852706709268e-01	-6.195103364740909280e-01	0.000000000000000000e+00
8.359832367085191507e-01	-6.347685106454685755e-01	0.000000000000000000e+00
8.359832367085191507e-01	-6.347685106454685755e-01	0.000000000000000000e+00
8.374226774436778209e-01	-6.517820248250059123e-01	0.000000000000000000e+00
8.444599432600092825e-01	-7.189456567250982477e-01	0.000000000000000000e+00
8.391819938977607141e-01	-6.741120186195910247e-01	0.000000000000000000e+00
8.391819938977607141e-01	-6.741120186195910247e-01	0.000000000000000000e+00
8.407813724923814958e-01	-6.897477206215103518e-01	0.000000000000000000e+00
8.423807510870022774e-01	-7.076201193664355404e-01	0.000000000000000000e+00
8.423807510870022774e-01	-7.076201193664355404e-01	0.000000000000000000e+00
8.444599432600092825e-01	-7.189456567250982477e-01	0.000000000000000000e+00
8.444599432600092825e-01	-7.189456567250982477e-01	0.000000000000000000e+00
