0.000000000000000000e+00	6.149163570209872809e+00	0.000000000000000000e+00
1.794140127275387075e-02	4.853260497220705183e+00	0.000000000000000000e+00
7.365237412062664024e-02	4.309809955604270826e+00	0.000000000000000000e+00
7.365237412062664024e-02	4.288528207411328452e+00	0.000000000000000000e+00
1.104785611809399604e-01	4.160526042984129091e+00	0.000000000000000000e+00
1.557449314593986334e-01	4.040453595698991762e+00	0.000000000000000000e+00
1.850743198163721792e-01	3.952383742812720424e+00	0.000000000000000000e+00
1.850743198163721792e-01	3.874945808447961770e+00	0.000000000000000000e+00
2.461030367678090636e-01	3.095749451498841065e+00	0.000000000000000000e+00
2.461030367678090636e-01	2.995751373366318582e+00	0.000000000000000000e+00
2.461030367678090636e-01	2.995751373366318582e+00	0.000000000000000000e+00
2.461030367678090636e-01	2.995751373366318582e+00	0.000000000000000000e+00
2.461030367678090636e-01	2.995751373366318582e+00	0.000000000000000000e+00
2.461030367678090636e-01	2.995751373366318582e+00	0.000000000000000000e+00
2.461030367678090636e-01	2.995751373366318582e+00	0.000000000000000000e+00
2.461030367678090636e-01	2.995751373366318582e+00	0.000000000000000000e+00
2.461030367678090636e-01	2.995751373366318582e+00	0.000000000000000000e+00
2.461030367678090636e-01	3.028777251180069463e+00	0.000000000000000000e+00
4.420113902666673034e-01	2.565741957152619435e+00	0.000000000000000000e+00
4.420113902666673034e-01	2.565741957152619435e+00	0.000000000000000000e+00
4.420113902666673034e-01	2.565741957152619435e+00	0.000000000000000000e+00
4.420113902666673034e-01	2.415728034478503705e+00	0.000000000000000000e+00
4.420113902666673034e-01	2.415728034478503705e+00	0.000000000000000000e+00
4.420113902666673034e-01	2.415728034478503705e+00	0.000000000000000000e+00
4.420113902666673034e-01	2.415728034478503705e+00	0.000000000000000000e+00
4.420113902666673034e-01	2.415728034478503705e+00	0.000000000000000000e+00
4.420113902666673034e-01	2.316286874648727068e+00	0.000000000000000000e+00
4.420113902666673034e-01	2.316286874648727068e+00	0.000000000000000000e+00
4.420113902666673034e-01	2.316286874648727068e+00	0.000000000000000000e+00
4.420113902666673034e-01	2.316286874648727068e+00	0.000000000000000000e+00
4.420113902666673034e-01	2.316286874648727068e+00	0.000000000000000000e+00
4.420113902666673034e-01	2.316286874648727068e+00	0.000000000000000000e+00
6.257140003752381663e-01	2.044947766682442047e+00	0.000000000000000000e+00
6.257140003752381663e-01	2.044947766682442047e+00	0.000000000000000000e+00
6.257140003752381663e-01	2.044947766682442047e+00	0.000000000000000000e+00
6.257140003752381663e-01	2.044947766682442047e+00	0.000000000000000000e+00
6.257140003752381663e-01	1.590142692589409101e+00	0.000000000000000000e+00
6.257140003752381663e-01	1.590142692589409101e+00	0.000000000000000000e+00
6.257140003752381663e-01	1.541156210940491045e+00	0.000000000000000000e+00
6.257140003752381663e-01	1.541156210940491045e+00	0.000000000000000000e+00
6.257140003752381663e-01	1.541156210940491045e+00	0.000000000000000000e+00
6.257140003752381663e-01	1.541156210940491045e+00	0.000000000000000000e+00
6.257140003752381663e-01	1.541156210940491045e+00	0.000000000000000000e+00
6.257140003752381663e-01	1.541156210940491045e+00	0.000000000000000000e+00
6.257140003752381663e-01	1.588128994024285534e+00	0.000000000000000000e+00
6.257140003752381663e-01	1.588128994024285534e+00	0.000000000000000000e+00
6.257140003752381663e-01	1.588128994024285534e+00	0.000000000000000000e+00
6.257140003752381663e-01	1.588128994024285534e+00	0.000000000000000000e+00
6.257140003752381663e-01	1.588128994024285534e+00	0.000000000000000000e+00
6.257140003752381663e-01	1.588128994024285534e+00	0.000000000000000000e+00
6.257140003752381663e-01	1.588128994024285534e+00	0.000000000000000000e+00
6.257140003752381663e-01	1.588128994024285534e+00	0.000000000000000000e+00
8.488413716008280652e-01	1.751912692394388182e+00	0.000000000000000000e+00
8.488413716008280652e-01	1.580205372599256419e+00	0.000000000000000000e+00
8.454233269433342191e-01	1.603283408074316130e+00	0.000000000000000000e+00
8.449350348494065743e-01	1.491334148648999713e+00	0.000000000000000000e+00
8.449350348494065743e-01	1.491334148648999713e+00	0.000000000000000000e+00
8.449350348494065743e-01	1.491334148648999713e+00	0.000000000000000000e+00
8.449350348494065743e-01	1.491334148648999713e+00	0.000000000000000000e+00
8.449350348494065743e-01	1.491334148648999713e+00	0.000000000000000000e+00
8.449350348494065743e-01	1.491334148648999713e+00	0.000000000000000000e+00
8.449350348494065743e-01	1.491334148648999713e+00	0.000000000000000000e+00
8.449350348494065743e-01	1.491334148648999713e+00	0.000000000000000000e+00
8.449350348494065743e-01	1.391972753544111319e+00	0.000000000000000000e+00
8.449350348494065743e-01	1.391972753544111319e+00	0.000000000000000000e+00
8.449350348494065743e-01	1.400728740840487152e+00	0.000000000000000000e+00
8.449350348494065743e-01	1.080955415902709493e+00	0.000000000000000000e+00
8.449350348494065743e-01	1.080955415902709493e+00	0.000000000000000000e+00
8.449350348494065743e-01	1.080955415902709493e+00	0.000000000000000000e+00
8.449350348494065743e-01	1.080955415902709493e+00	0.000000000000000000e+00
8.449350348494065743e-01	1.080955415902709493e+00	0.000000000000000000e+00
8.449350348494065743e-01	1.080955415902709493e+00	0.000000000000000000e+00
8.449350348494065743e-01	1.080955415902709493e+00	0.000000000000000000e+00
8.449350348494065743e-01	1.080955415902709493e+00	0.000000000000000000e+00
8.449350348494065743e-01	1.189599495711491040e+00	0.000000000000000000e+00
8.449350348494065743e-01	1.189599495711491040e+00	0.000000000000000000e+00
8.420501494987355784e-01	1.152072441412570036e+00	0.000000000000000000e+00
8.420501494987355784e-01	1.152072441412570036e+00	0.000000000000000000e+00
8.420501494987355784e-01	1.148791864258063455e+00	0.000000000000000000e+00
8.420501494987355784e-01	1.148791864258063455e+00	0.000000000000000000e+00
8.420501494987355784e-01	1.148791864258063455e+00	0.000000000000000000e+00
8.420501494987355784e-01	1.148791864258063455e+00	0.000000000000000000e+00
8.420501494987355784e-01	1.148791864258063455e+00	0.000000000000000000e+00
8.420501494987355784e-01	1.148791864258063455e+00	0.000000000000000000e+00
8.420501494987355784e-01	1.148791864258063455e+00	0.000000000000000000e+00
8.487815486503013096e-01	1.134715749760010217e+00	0.000000000000000000e+00
8.487815486503013096e-01	1.103846099567783234e+00	0.000000000000000000e+00
8.487815486503013096e-01	1.103846099567783234e+00	0.000000000000000000e+00
8.487815486503013096e-01	1.066772895329464843e+00	0.000000000000000000e+00
8.487815486503013096e-01	1.066772895329464843e+00	0.000000000000000000e+00
8.487815486503013096e-01	9.940180878182096613e-01	0.000000000000000000e+00
8.487815486503013096e-01	9.940180878182096613e-01	0.000000000000000000e+00
8.487815486503013096e-01	1.012302584690112139e+00	0.000000000000000000e+00
8.487815486503013096e-01	1.012302584690112139e+00	0.000000000000000000e+00
8.487815486503013096e-01	1.012302584690112139e+00	0.000000000000000000e+00
8.487815486503013096e-01	1.012302584690112139e+00	0.000000000000000000e+00
8.487815486503013096e-01	1.012302584690112139e+00	0.000000000000000000e+00
8.487815486503013096e-01	9.940180878182096613e-01	0.000000000000000000e+00
8.487815486503013096e-01	1.005644880494477977e+00	0.000000000000000000e+00
8.487815486503013096e-01	1.001794291195524877e+00	0.000000000000000000e+00
