0.000000000000000000e+00	1.319929934147080042e+00	0.000000000000000000e+00
1.108383393128233724e-02	1.147872596873013018e+00	0.000000000000000000e+00
1.108383393128233724e-02	1.147872596873013018e+00	0.000000000000000000e+00
4.598771606475822449e-02	9.568423360469233696e-01	0.000000000000000000e+00
6.488357611702361138e-02	8.856568133142697086e-01	0.000000000000000000e+00
6.488357611702361138e-02	8.856568133142697086e-01	0.000000000000000000e+00
7.140112484883888444e-02	8.720294574469856785e-01	0.000000000000000000e+00
1.078622703269487559e-01	8.010002392634664181e-01	0.000000000000000000e+00
1.078622703269487559e-01	8.010002392634664181e-01	0.000000000000000000e+00
1.078622703269487559e-01	8.010002392634664181e-01	0.000000000000000000e+00
1.078622703269487559e-01	8.010002392634664181e-01	0.000000000000000000e+00
1.078622703269487559e-01	8.010002392634664181e-01	0.000000000000000000e+00
1.807845612831684989e-01	7.930391633812362562e-01	0.000000000000000000e+00
2.034753030822375464e-01	7.240244608509524005e-01	0.000000000000000000e+00
2.106024004147563633e-01	6.436040706399765998e-01	0.000000000000000000e+00
2.106024004147563633e-01	6.436040706399765998e-01	0.000000000000000000e+00
2.193217919021059892e-01	5.578466126692207538e-01	0.000000000000000000e+00
2.267955560341199384e-01	5.178877429907973173e-01	0.000000000000000000e+00
2.392518295874765388e-01	3.948416998346902518e-01	0.000000000000000000e+00
2.392518295874765388e-01	3.948416998346902518e-01	0.000000000000000000e+00
2.492168484301618137e-01	3.735685572732932447e-01	0.000000000000000000e+00
2.492168484301618137e-01	3.735685572732932447e-01	0.000000000000000000e+00
2.492168484301618137e-01	3.735685572732932447e-01	0.000000000000000000e+00
2.492168484301618137e-01	3.651991917782692609e-01	0.000000000000000000e+00
2.492168484301618137e-01	3.651991917782692609e-01	0.000000000000000000e+00
2.492168484301618137e-01	3.651991917782692609e-01	0.000000000000000000e+00
2.492168484301618137e-01	3.651991917782692609e-01	0.000000000000000000e+00
2.492168484301618137e-01	3.651991917782692609e-01	0.000000000000000000e+00
2.492168484301618137e-01	3.651991917782692609e-01	0.000000000000000000e+00
2.492168484301618137e-01	3.651991917782692609e-01	0.000000000000000000e+00
2.492168484301618137e-01	3.651991917782692609e-01	0.000000000000000000e+00
4.165476919130464140e-01	3.268150636552053512e-01	0.000000000000000000e+00
4.291301749011594557e-01	1.887563049478322708e-01	0.000000000000000000e+00
4.271593207699605488e-01	2.469491712162537600e-01	0.000000000000000000e+00
4.291301749011594557e-01	1.887563049478322708e-01	0.000000000000000000e+00
4.291301749011594557e-01	1.887563049478322708e-01	0.000000000000000000e+00
4.374893990367034746e-01	1.123765008762501738e-01	0.000000000000000000e+00
4.374893990367034746e-01	1.123765008762501738e-01	0.000000000000000000e+00
4.434019614303001955e-01	5.927991512124523160e-02	0.000000000000000000e+00
4.434019614303001955e-01	5.927991512124523160e-02	0.000000000000000000e+00
4.450912649713277824e-01	4.749249409927373822e-02	0.000000000000000000e+00
4.428388602499576665e-01	4.288900431688000975e-02	0.000000000000000000e+00
4.450912649713277824e-01	1.570159503596619405e-02	0.000000000000000000e+00
4.450912649713277824e-01	1.570159503596619405e-02	0.000000000000000000e+00
4.450912649713277824e-01	7.774722623153897810e-03	0.000000000000000000e+00
4.450912649713277824e-01	7.774722623153897810e-03	0.000000000000000000e+00
4.450912649713277824e-01	7.774722623153897810e-03	0.000000000000000000e+00
4.450912649713277824e-01	7.774722623153897810e-03	0.000000000000000000e+00
4.450912649713277824e-01	7.774722623153897810e-03	0.000000000000000000e+00
4.450912649713277824e-01	7.774722623153897810e-03	0.000000000000000000e+00
4.450912649713277824e-01	7.774722623153897810e-03	0.000000000000000000e+00
6.256337409841936648e-01	-1.011324029935870283e-01	0.000000000000000000e+00
6.256337409841936648e-01	-1.011324029935870283e-01	0.000000000000000000e+00
6.256337409841936648e-01	-1.011324029935870283e-01	0.000000000000000000e+00
6.256337409841936648e-01	-1.011324029935870283e-01	0.000000000000000000e+00
6.256337409841936648e-01	-1.135612110757050347e-01	0.000000000000000000e+00
6.256337409841936648e-01	-1.299779240887269094e-01	0.000000000000000000e+00
6.288920304705488684e-01	-1.536072178075835459e-01	0.000000000000000000e+00
6.288920304705488684e-01	-1.536072178075835459e-01	0.000000000000000000e+00
6.333918013621151477e-01	-2.494892527117162639e-01	0.000000000000000000e+00
6.333918013621151477e-01	-2.494892527117162639e-01	0.000000000000000000e+00
6.333918013621151477e-01	-2.494892527117162639e-01	0.000000000000000000e+00
6.333918013621151477e-01	-2.494892527117162639e-01	0.000000000000000000e+00
6.333918013621151477e-01	-2.494892527117162639e-01	0.000000000000000000e+00
6.378915722536813160e-01	-2.855054422954590443e-01	0.000000000000000000e+00
6.378915722536813160e-01	-2.855054422954590443e-01	0.000000000000000000e+00
6.378915722536813160e-01	-2.855054422954590443e-01	0.000000000000000000e+00
6.429166788466271765e-01	-3.047333267603372642e-01	0.000000000000000000e+00
6.429166788466271765e-01	-3.047333267603372642e-01	0.000000000000000000e+00
6.430189853757459773e-01	-3.330122310537529384e-01	0.000000000000000000e+00
6.433259049631023796e-01	-3.528829363101488870e-01	0.000000000000000000e+00
6.432235984339835788e-01	-3.518980480215226914e-01	0.000000000000000000e+00
6.432235984339835788e-01	-3.546284737433077483e-01	0.000000000000000000e+00
6.432235984339835788e-01	-3.546284737433077483e-01	0.000000000000000000e+00
6.432235984339835788e-01	-3.546284737433077483e-01	0.000000000000000000e+00
6.432235984339835788e-01	-3.546284737433077483e-01	0.000000000000000000e+00
6.432235984339835788e-01	-3.546284737433077483e-01	0.000000000000000000e+00
6.432235984339835788e-01	-3.546284737433077483e-01	0.000000000000000000e+00
6.432235984339835788e-01	-3.546284737433077483e-01	0.000000000000000000e+00
8.291643576943686922e-01	-4.419871506530501093e-01	0.000000000000000000e+00
8.291643576943686922e-01	-4.419871506530501093e-01	0.000000000000000000e+00
8.291643576943686922e-01	-4.419871506530501093e-01	0.000000000000000000e+00
8.430780456545272639e-01	-6.198484605583225449e-01	0.000000000000000000e+00
8.316197143932202440e-01	-4.845287722126388474e-01	0.000000000000000000e+00
8.316197143932202440e-01	-4.845287722126388474e-01	0.000000000000000000e+00
8.316197143932202440e-01	-4.845287722126388474e-01	0.000000000000000000e+00
8.430780456545272639e-01	-6.198484605583225449e-01	0.000000000000000000e+00
8.430780456545272639e-01	-6.198484605583225449e-01	0.000000000000000000e+00
8.430780456545272639e-01	-6.198484605583225449e-01	0.000000000000000000e+00
8.430780456545272639e-01	-5.957703018010334084e-01	0.000000000000000000e+00
8.430780456545272639e-01	-5.957703018010334084e-01	0.000000000000000000e+00
8.430780456545272639e-01	-5.957703018010334084e-01	0.000000000000000000e+00
8.430780456545272639e-01	-5.844208103266078647e-01	0.000000000000000000e+00
8.430780456545272639e-01	-5.844208103266078647e-01	0.000000000000000000e+00
8.430780456545272639e-01	-5.844208103266078647e-01	0.000000000000000000e+00
8.430780456545272639e-01	-5.844208103266078647e-01	0.000000000000000000e+00
8.430780456545272639e-01	-5.844208103266078647e-01	0.000000000000000000e+00
8.430780456545272639e-01	-5.949444476880513255e-01	0.000000000000000000e+00
8.430780456545272639e-01	-5.949444476880513255e-01	0.000000000000000000e+00
8.430780456545272639e-01	-5.949444476880513255e-01	0.000000000000000000e+00
