0.000000000000000000e+00	1.993437011708641737e+00	0.000000000000000000e+00
7.048800304557786139e-03	1.924886012181350248e+00	0.000000000000000000e+00
3.291612322532143364e-02	1.731436168882144022e+00	0.000000000000000000e+00
5.075952585213791557e-02	1.652347001152648875e+00	0.000000000000000000e+00
7.330622761195570991e-02	1.614053445835426093e+00	0.000000000000000000e+00
9.530584463948003904e-02	1.434793302563827977e+00	0.000000000000000000e+00
9.530584463948003904e-02	1.434793302563827977e+00	0.000000000000000000e+00
9.530584463948003904e-02	1.434793302563827977e+00	0.000000000000000000e+00
1.353591167618268809e-01	1.426896651154627937e+00	0.000000000000000000e+00
1.493038985075849368e-01	1.394915360287204198e+00	0.000000000000000000e+00
1.654135690711174833e-01	1.368949960490952966e+00	0.000000000000000000e+00
1.906605193253034791e-01	1.279074127058988264e+00	0.000000000000000000e+00
2.047486911377884022e-01	1.195058243384798935e+00	0.000000000000000000e+00
2.047486911377884022e-01	1.195058243384798935e+00	0.000000000000000000e+00
2.137425807617150397e-01	1.102045500346999551e+00	0.000000000000000000e+00
2.235741659035828666e-01	1.060867662451331794e+00	0.000000000000000000e+00
2.320873392448170591e-01	9.904872898021966909e-01	0.000000000000000000e+00
2.419189243866848860e-01	8.686447678775310877e-01	0.000000000000000000e+00
2.419189243866848860e-01	8.686447678775310877e-01	0.000000000000000000e+00
2.513173170797730060e-01	8.035656235195960395e-01	0.000000000000000000e+00
2.513173170797730060e-01	7.855268400205249746e-01	0.000000000000000000e+00
2.562331096507069472e-01	7.483341209359007928e-01	0.000000000000000000e+00
2.562331096507069472e-01	7.483341209359007928e-01	0.000000000000000000e+00
2.562331096507069472e-01	7.483341209359007928e-01	0.000000000000000000e+00
2.562331096507069472e-01	7.483341209359007928e-01	0.000000000000000000e+00
2.562331096507069472e-01	7.483341209359007928e-01	0.000000000000000000e+00
2.562331096507069472e-01	7.483341209359007928e-01	0.000000000000000000e+00
2.562331096507069472e-01	7.483341209359007928e-01	0.000000000000000000e+00
2.562331096507069472e-01	7.483341209359007928e-01	0.000000000000000000e+00
2.562331096507069472e-01	7.751326708246486508e-01	0.000000000000000000e+00
4.117776426490121766e-01	7.146258612462460524e-01	0.000000000000000000e+00
4.216325019967233634e-01	5.811188668925890699e-01	0.000000000000000000e+00
4.216325019967233634e-01	5.811188668925890699e-01	0.000000000000000000e+00
4.216325019967233634e-01	5.811188668925890699e-01	0.000000000000000000e+00
4.216325019967233634e-01	5.811188668925890699e-01	0.000000000000000000e+00
4.290687694898680515e-01	5.778795145000257261e-01	0.000000000000000000e+00
4.325342145352170098e-01	5.440796540050018004e-01	0.000000000000000000e+00
4.413422206921456814e-01	4.545881161610623167e-01	0.000000000000000000e+00
4.413422206921456814e-01	4.575275948940594750e-01	0.000000000000000000e+00
4.413422206921456814e-01	4.497540265203711640e-01	0.000000000000000000e+00
4.413422206921456814e-01	4.497540265203711640e-01	0.000000000000000000e+00
4.413422206921456814e-01	4.419881403514587248e-01	0.000000000000000000e+00
4.413422206921456814e-01	4.419881403514587248e-01	0.000000000000000000e+00
4.413422206921456814e-01	4.331264493973663865e-01	0.000000000000000000e+00
4.413422206921456814e-01	4.331264493973663865e-01	0.000000000000000000e+00
4.413422206921456814e-01	4.331264493973663865e-01	0.000000000000000000e+00
4.413422206921456814e-01	4.331264493973663865e-01	0.000000000000000000e+00
4.413422206921456814e-01	4.331264493973663865e-01	0.000000000000000000e+00
4.413422206921456814e-01	4.331264493973663865e-01	0.000000000000000000e+00
6.328182148420713471e-01	1.694977243850179227e-01	0.000000000000000000e+00
6.328182148420713471e-01	2.635105228418890833e-01	0.000000000000000000e+00
6.328182148420713471e-01	2.635105228418890833e-01	0.000000000000000000e+00
6.328182148420713471e-01	2.635105228418890833e-01	0.000000000000000000e+00
6.328182148420713471e-01	2.635105228418890833e-01	0.000000000000000000e+00
6.328182148420713471e-01	2.635105228418890833e-01	0.000000000000000000e+00
6.328182148420713471e-01	2.635105228418890833e-01	0.000000000000000000e+00
6.328182148420713471e-01	2.635105228418890833e-01	0.000000000000000000e+00
6.425403659091586395e-01	1.503190689153593163e-01	0.000000000000000000e+00
6.328182148420713471e-01	2.345737647940573656e-01	0.000000000000000000e+00
6.425403659091586395e-01	1.503190689153593163e-01	0.000000000000000000e+00
6.425403659091586395e-01	1.503190689153593163e-01	0.000000000000000000e+00
6.425403659091586395e-01	1.503190689153593163e-01	0.000000000000000000e+00
6.425403659091586395e-01	1.503190689153593163e-01	0.000000000000000000e+00
6.425403659091586395e-01	1.503190689153593163e-01	0.000000000000000000e+00
6.522625169762459318e-01	1.272864008793077317e-01	0.000000000000000000e+00
6.522625169762459318e-01	1.272864008793077317e-01	0.000000000000000000e+00
6.522625169762459318e-01	1.272864008793077317e-01	0.000000000000000000e+00
6.522625169762459318e-01	1.272864008793077317e-01	0.000000000000000000e+00
6.522625169762459318e-01	1.272864008793077317e-01	0.000000000000000000e+00
6.522625169762459318e-01	1.272864008793077317e-01	0.000000000000000000e+00
6.522625169762459318e-01	1.272864008793077317e-01	0.000000000000000000e+00
8.283220652383971316e-01	4.666583422940089390e-03	0.000000000000000000e+00
8.283220652383971316e-01	4.666583422940089390e-03	0.000000000000000000e+00
8.283220652383971316e-01	4.666583422940089390e-03	0.000000000000000000e+00
8.283220652383971316e-01	4.666583422940089390e-03	0.000000000000000000e+00
8.283220652383971316e-01	1.891167340516276482e-02	0.000000000000000000e+00
8.283220652383971316e-01	1.891167340516276482e-02	0.000000000000000000e+00
8.283220652383971316e-01	1.891167340516276482e-02	0.000000000000000000e+00
8.283220652383971316e-01	-3.604503382886671548e-02	0.000000000000000000e+00
8.283220652383971316e-01	-3.604503382886671548e-02	0.000000000000000000e+00
8.283220652383971316e-01	-3.604503382886671548e-02	0.000000000000000000e+00
8.283220652383971316e-01	-3.604503382886671548e-02	0.000000000000000000e+00
8.318438492660817918e-01	-6.597270959631666709e-02	0.000000000000000000e+00
8.318438492660817918e-01	-6.597270959631666709e-02	0.000000000000000000e+00
8.318438492660817918e-01	-6.597270959631666709e-02	0.000000000000000000e+00
8.353656332937664519e-01	-9.429642821199007985e-02	0.000000000000000000e+00
8.353656332937664519e-01	-1.711844046403200870e-01	0.000000000000000000e+00
8.353656332937664519e-01	-1.711844046403200870e-01	0.000000000000000000e+00
8.353656332937664519e-01	-1.859525586970188493e-01	0.000000000000000000e+00
8.353656332937664519e-01	-1.859525586970188493e-01	0.000000000000000000e+00
8.353656332937664519e-01	-1.859525586970188493e-01	0.000000000000000000e+00
8.353656332937664519e-01	-1.859525586970188493e-01	0.000000000000000000e+00
8.353656332937664519e-01	-1.859525586970188493e-01	0.000000000000000000e+00
8.353656332937664519e-01	-1.859525586970188493e-01	0.000000000000000000e+00
8.353656332937664519e-01	-1.859525586970188493e-01	0.000000000000000000e+00
8.353656332937664519e-01	-1.859525586970188493e-01	0.000000000000000000e+00
8.387130715775065193e-01	-2.088355425612239691e-01	0.000000000000000000e+00
8.387130715775065193e-01	-2.088355425612239691e-01	0.000000000000000000e+00
8.387130715775065193e-01	-2.088355425612239691e-01	0.000000000000000000e+00
8.387130715775065193e-01	-2.138063121235991293e-01	0.000000000000000000e+00
