0.000000000000000000e+00	4.243330766111501617e+00	0.000000000000000000e+00
2.896470069012797854e-02	3.534293964561803225e+00	0.000000000000000000e+00
5.014387870002209868e-02	3.167629116191915006e+00	0.000000000000000000e+00
6.462622904508608102e-02	2.968783325915891780e+00	0.000000000000000000e+00
6.462622904508608102e-02	2.968783325915891780e+00	0.000000000000000000e+00
1.108941394325104191e-01	2.801776760107034470e+00	0.000000000000000000e+00
1.108941394325104191e-01	2.801776760107034470e+00	0.000000000000000000e+00
1.108941394325104191e-01	2.801776760107034470e+00	0.000000000000000000e+00
1.854092872818989823e-01	2.674905335302374620e+00	0.000000000000000000e+00
1.948236231727625278e-01	2.492584299332845532e+00	0.000000000000000000e+00
2.117988292326924427e-01	2.424550562703019274e+00	0.000000000000000000e+00
2.242790701077686522e-01	2.337634925734963343e+00	0.000000000000000000e+00
2.370120354107747018e-01	2.137296060252480423e+00	0.000000000000000000e+00
2.370120354107747018e-01	2.137296060252480423e+00	0.000000000000000000e+00
2.495283797755551702e-01	2.055104791689845722e+00	0.000000000000000000e+00
2.619364136712228897e-01	1.782758073598987636e+00	0.000000000000000000e+00
2.619364136712228897e-01	1.782758073598987636e+00	0.000000000000000000e+00
2.619364136712228897e-01	1.782758073598987636e+00	0.000000000000000000e+00
2.619364136712228897e-01	1.750303913603844075e+00	0.000000000000000000e+00
2.743986028014470113e-01	1.739166348159213893e+00	0.000000000000000000e+00
2.743986028014470113e-01	1.739166348159213893e+00	0.000000000000000000e+00
2.619364136712228897e-01	1.748951615484845012e+00	0.000000000000000000e+00
2.619364136712228897e-01	1.748951615484845012e+00	0.000000000000000000e+00
2.619364136712228897e-01	1.748951615484845012e+00	0.000000000000000000e+00
2.619364136712228897e-01	1.748951615484845012e+00	0.000000000000000000e+00
2.619364136712228897e-01	1.748951615484845012e+00	0.000000000000000000e+00
2.619364136712228897e-01	1.748951615484845012e+00	0.000000000000000000e+00
4.420113902666673034e-01	1.291537426058553706e+00	0.000000000000000000e+00
4.420113902666673034e-01	1.291537426058553706e+00	0.000000000000000000e+00
4.420113902666673034e-01	1.291537426058553706e+00	0.000000000000000000e+00
4.420113902666673034e-01	1.291537426058553706e+00	0.000000000000000000e+00
4.420113902666673034e-01	1.391545350322281216e+00	0.000000000000000000e+00
4.420113902666673034e-01	1.288866263780824806e+00	0.000000000000000000e+00
4.420113902666673034e-01	1.288866263780824806e+00	0.000000000000000000e+00
4.420113902666673034e-01	1.288866263780824806e+00	0.000000000000000000e+00
4.420113902666673034e-01	1.288866263780824806e+00	0.000000000000000000e+00
4.420113902666673034e-01	1.288866263780824806e+00	0.000000000000000000e+00
4.420113902666673034e-01	1.257002724500120294e+00	0.000000000000000000e+00
4.420113902666673034e-01	1.249367249069492480e+00	0.000000000000000000e+00
4.420113902666673034e-01	1.249367249069492480e+00	0.000000000000000000e+00
4.420113902666673034e-01	1.249367249069492480e+00	0.000000000000000000e+00
4.420113902666673034e-01	1.249367249069492480e+00	0.000000000000000000e+00
4.420113902666673034e-01	1.249367249069492480e+00	0.000000000000000000e+00
4.420113902666673034e-01	1.249367249069492480e+00	0.000000000000000000e+00
4.420113902666673034e-01	1.249367249069492480e+00	0.000000000000000000e+00
4.420113902666673034e-01	1.249367249069492480e+00	0.000000000000000000e+00
6.257140003752381663e-01	9.390043251663914292e-01	0.000000000000000000e+00
6.257140003752381663e-01	9.390043251663914292e-01	0.000000000000000000e+00
6.257140003752381663e-01	9.390043251663914292e-01	0.000000000000000000e+00
6.257140003752381663e-01	9.390043251663914292e-01	0.000000000000000000e+00
6.257140003752381663e-01	9.491153711354430866e-01	0.000000000000000000e+00
6.257140003752381663e-01	9.491153711354430866e-01	0.000000000000000000e+00
6.257140003752381663e-01	9.491153711354430866e-01	0.000000000000000000e+00
6.257140003752381663e-01	9.491153711354430866e-01	0.000000000000000000e+00
6.257140003752381663e-01	9.491153711354430866e-01	0.000000000000000000e+00
6.257140003752381663e-01	9.491153711354430866e-01	0.000000000000000000e+00
6.257140003752381663e-01	9.491153711354430866e-01	0.000000000000000000e+00
6.257140003752381663e-01	9.491153711354430866e-01	0.000000000000000000e+00
6.257140003752381663e-01	9.414031252398121774e-01	0.000000000000000000e+00
6.257140003752381663e-01	9.414031252398121774e-01	0.000000000000000000e+00
6.257140003752381663e-01	9.414031252398121774e-01	0.000000000000000000e+00
6.257140003752381663e-01	9.414031252398121774e-01	0.000000000000000000e+00
6.257140003752381663e-01	9.414031252398121774e-01	0.000000000000000000e+00
8.297865694875333764e-01	7.014203090778562411e-01	0.000000000000000000e+00
8.297865694875333764e-01	7.014203090778562411e-01	0.000000000000000000e+00
8.297865694875333764e-01	7.014203090778562411e-01	0.000000000000000000e+00
8.297865694875333764e-01	7.014203090778562411e-01	0.000000000000000000e+00
8.297865694875333764e-01	7.014203090778562411e-01	0.000000000000000000e+00
8.297865694875333764e-01	7.014203090778562411e-01	0.000000000000000000e+00
8.297865694875333764e-01	7.014203090778562411e-01	0.000000000000000000e+00
8.297865694875333764e-01	6.735027339271342228e-01	0.000000000000000000e+00
8.297865694875333764e-01	6.735027339271342228e-01	0.000000000000000000e+00
8.297865694875333764e-01	6.735027339271342228e-01	0.000000000000000000e+00
8.297865694875333764e-01	6.735027339271342228e-01	0.000000000000000000e+00
8.297865694875333764e-01	6.735027339271342228e-01	0.000000000000000000e+00
8.299538449442678267e-01	6.587968339374178361e-01	0.000000000000000000e+00
8.299538449442678267e-01	6.587968339374178361e-01	0.000000000000000000e+00
8.299538449442678267e-01	6.587968339374178361e-01	0.000000000000000000e+00
8.299538449442678267e-01	6.587968339374178361e-01	0.000000000000000000e+00
8.304556713144712887e-01	6.948803654280895081e-01	0.000000000000000000e+00
8.304556713144712887e-01	6.948803654280895081e-01	0.000000000000000000e+00
8.304556713144712887e-01	6.948803654280895081e-01	0.000000000000000000e+00
8.329001233222176337e-01	6.697983619751234352e-01	0.000000000000000000e+00
8.323256348413348160e-01	6.875727887737786981e-01	0.000000000000000000e+00
8.329001233222176337e-01	6.697983619751234352e-01	0.000000000000000000e+00
8.329001233222176337e-01	6.636917972316563885e-01	0.000000000000000000e+00
8.349431142338012979e-01	6.327354698920586440e-01	0.000000000000000000e+00
8.402663475053766540e-01	5.986865311644734566e-01	0.000000000000000000e+00
8.402663475053766540e-01	5.986865311644734566e-01	0.000000000000000000e+00
8.402663475053766540e-01	5.986865311644734566e-01	0.000000000000000000e+00
8.360087469329142706e-01	6.049334638487025018e-01	0.000000000000000000e+00
8.402663475053766540e-01	5.986865311644734566e-01	0.000000000000000000e+00
8.402663475053766540e-01	5.891180952310313135e-01	0.000000000000000000e+00
8.402663475053766540e-01	5.759449801292867432e-01	0.000000000000000000e+00
8.402663475053766540e-01	5.510569794467246041e-01	0.000000000000000000e+00
8.402663475053766540e-01	5.510569794467246041e-01	0.000000000000000000e+00
8.445239480778390373e-01	5.487404151697879984e-01	0.000000000000000000e+00
8.487815486503013096e-01	5.402884980396787107e-01	0.000000000000000000e+00
8.487815486503013096e-01	5.374991327777079997e-01	0.000000000000000000e+00
8.487815486503013096e-01	5.374991327777079997e-01	0.000000000000000000e+00
