0.000000000000000000e+00	1.065821545849849894e+00	0.000000000000000000e+00
1.638151651999128489e-02	9.148530185554643035e-01	0.000000000000000000e+00
3.025623121469101645e-02	8.413228918237294351e-01	0.000000000000000000e+00
4.166638652087868711e-02	7.980419997910116470e-01	0.000000000000000000e+00
6.021778111741175193e-02	7.218935723783885816e-01	0.000000000000000000e+00
7.294760430275078200e-02	7.102301500420048486e-01	0.000000000000000000e+00
8.354296948016867730e-02	6.918924110043868092e-01	0.000000000000000000e+00
8.354296948016867730e-02	6.918924110043868092e-01	0.000000000000000000e+00
8.354296948016867730e-02	6.918924110043868092e-01	0.000000000000000000e+00
8.354296948016867730e-02	6.918924110043868092e-01	0.000000000000000000e+00
8.354296948016867730e-02	6.918924110043868092e-01	0.000000000000000000e+00
8.354296948016867730e-02	6.918924110043868092e-01	0.000000000000000000e+00
8.354296948016867730e-02	6.918924110043868092e-01	0.000000000000000000e+00
2.008107149718186268e-01	6.051638595405480769e-01	0.000000000000000000e+00
2.089688433318407923e-01	5.193543861581371157e-01	0.000000000000000000e+00
2.089688433318407923e-01	5.175154673987910625e-01	0.000000000000000000e+00
2.257738299188163378e-01	4.127199670384374408e-01	0.000000000000000000e+00
2.294429697668475265e-01	3.755462109840708163e-01	0.000000000000000000e+00
2.388585728025050536e-01	3.681381114402155208e-01	0.000000000000000000e+00
2.443622825745517813e-01	3.279720744594362691e-01	0.000000000000000000e+00
2.517005622706141033e-01	3.088733422405566809e-01	0.000000000000000000e+00
2.590388419666764808e-01	2.853708565601874025e-01	0.000000000000000000e+00
2.590388419666764808e-01	2.853708565601874025e-01	0.000000000000000000e+00
2.590388419666764808e-01	2.853708565601874025e-01	0.000000000000000000e+00
2.590388419666764808e-01	2.849209737007842858e-01	0.000000000000000000e+00
2.590388419666764808e-01	2.849209737007842858e-01	0.000000000000000000e+00
2.590388419666764808e-01	2.849209737007842858e-01	0.000000000000000000e+00
2.590388419666764808e-01	2.849209737007842858e-01	0.000000000000000000e+00
2.590388419666764808e-01	2.849209737007842858e-01	0.000000000000000000e+00
2.590388419666764808e-01	2.849209737007842858e-01	0.000000000000000000e+00
4.132853499596341740e-01	2.306519856875375307e-01	0.000000000000000000e+00
4.169670206853772765e-01	1.963949626195712339e-01	0.000000000000000000e+00
4.213729735128857179e-01	1.571568063668986603e-01	0.000000000000000000e+00
4.243303621368635370e-01	1.283392995337261366e-01	0.000000000000000000e+00
4.294907271745956323e-01	5.420188329374656805e-02	0.000000000000000000e+00
4.294907271745956323e-01	5.420188329374656805e-02	0.000000000000000000e+00
4.316937035883499085e-01	3.661040349147862832e-02	0.000000000000000000e+00
4.343870993021048399e-01	1.084489533868169056e-02	0.000000000000000000e+00
4.373030120217155092e-01	-8.709586671233475116e-03	0.000000000000000000e+00
4.407764543470171215e-01	-3.329959290850680043e-02	0.000000000000000000e+00
4.432456240253064284e-01	-6.202177210015818315e-02	0.000000000000000000e+00
4.494129340029212050e-01	-8.563038662110780685e-02	0.000000000000000000e+00
4.543512733594998743e-01	-8.885621093440992935e-02	0.000000000000000000e+00
4.543512733594998743e-01	-8.885621093440992935e-02	0.000000000000000000e+00
4.543512733594998743e-01	-8.885621093440992935e-02	0.000000000000000000e+00
4.543512733594998743e-01	-8.885621093440992935e-02	0.000000000000000000e+00
4.543512733594998743e-01	-8.885621093440992935e-02	0.000000000000000000e+00
4.543512733594998743e-01	-8.885621093440992935e-02	0.000000000000000000e+00
4.543512733594998743e-01	-8.885621093440992935e-02	0.000000000000000000e+00
4.543512733594998743e-01	-8.885621093440992935e-02	0.000000000000000000e+00
6.214178301967261397e-01	-1.179632591578573253e-01	0.000000000000000000e+00
6.227920700583144953e-01	-1.291553861326569796e-01	0.000000000000000000e+00
6.249128201954787798e-01	-1.561890652776048993e-01	0.000000000000000000e+00
6.255999401262729576e-01	-1.804307329094065326e-01	0.000000000000000000e+00
6.284078101942314198e-01	-1.899193253658646718e-01	0.000000000000000000e+00
6.284078101942314198e-01	-2.080657317877462331e-01	0.000000000000000000e+00
6.309819595589646335e-01	-2.557585888301222021e-01	0.000000000000000000e+00
6.309819595589646335e-01	-2.557585888301222021e-01	0.000000000000000000e+00
6.321568706177396191e-01	-2.669063908726965195e-01	0.000000000000000000e+00
6.340314008294937187e-01	-2.829535472933593088e-01	0.000000000000000000e+00
6.370820592228314538e-01	-3.146424223199167924e-01	0.000000000000000000e+00
6.370820592228314538e-01	-3.146424223199167924e-01	0.000000000000000000e+00
6.406055752763477606e-01	-3.406656759569903770e-01	0.000000000000000000e+00
6.408420041064371020e-01	-3.465356038756545187e-01	0.000000000000000000e+00
6.408420041064371020e-01	-3.567127177767542845e-01	0.000000000000000000e+00
6.451074022755761694e-01	-3.911808989384124580e-01	0.000000000000000000e+00
6.451074022755761694e-01	-3.911808989384124580e-01	0.000000000000000000e+00
6.491363716146258955e-01	-4.061631811739635500e-01	0.000000000000000000e+00
6.517932235588246304e-01	-4.106928582964831653e-01	0.000000000000000000e+00
6.544500755030233652e-01	-4.182003847955595432e-01	0.000000000000000000e+00
6.544500755030233652e-01	-4.182003847955595432e-01	0.000000000000000000e+00
6.544500755030233652e-01	-4.182003847955595432e-01	0.000000000000000000e+00
6.544500755030233652e-01	-4.179873892526075330e-01	0.000000000000000000e+00
6.544500755030233652e-01	-4.179873892526075330e-01	0.000000000000000000e+00
8.259164032659731536e-01	-4.377803853484631413e-01	0.000000000000000000e+00
8.268432783149854970e-01	-4.628879684131574357e-01	0.000000000000000000e+00
8.268432783149854970e-01	-4.628879684131574357e-01	0.000000000000000000e+00
8.268432783149854970e-01	-4.780662240395760487e-01	0.000000000000000000e+00
8.286970284130100728e-01	-4.936991073240893368e-01	0.000000000000000000e+00
8.305507785110346486e-01	-5.264185364294237113e-01	0.000000000000000000e+00
8.305507785110346486e-01	-5.264185364294237113e-01	0.000000000000000000e+00
8.305507785110346486e-01	-5.264185364294237113e-01	0.000000000000000000e+00
8.336686424197520262e-01	-5.427918650066951844e-01	0.000000000000000000e+00
8.336686424197520262e-01	-5.553667946796986277e-01	0.000000000000000000e+00
8.355223925177766020e-01	-6.137438503309776694e-01	0.000000000000000000e+00
8.355223925177766020e-01	-6.137438503309776694e-01	0.000000000000000000e+00
8.355223925177766020e-01	-6.137438503309776694e-01	0.000000000000000000e+00
8.355223925177766020e-01	-6.137438503309776694e-01	0.000000000000000000e+00
8.355223925177766020e-01	-6.137438503309776694e-01	0.000000000000000000e+00
8.388808194520640527e-01	-6.299424312594429365e-01	0.000000000000000000e+00
8.388808194520640527e-01	-6.299424312594429365e-01	0.000000000000000000e+00
8.403015589139953834e-01	-6.440306910976968391e-01	0.000000000000000000e+00
8.403015589139952723e-01	-6.560413602347732187e-01	0.000000000000000000e+00
8.403015589139952723e-01	-6.560413602347732187e-01	0.000000000000000000e+00
8.415810617896919421e-01	-6.730526042238569318e-01	0.000000000000000000e+00
8.422208132275403880e-01	-6.742540059422184040e-01	0.000000000000000000e+00
8.435003161032369468e-01	-6.891093914309409652e-01	0.000000000000000000e+00
8.460593218546301753e-01	-6.985884519797183057e-01	0.000000000000000000e+00
8.460593218546301753e-01	-7.070054452702203562e-01	0.000000000000000000e+00
8.460593218546301753e-01	-7.071487928679976998e-01	0.000000000000000000e+00
