0.000000000000000000e+00	1.131609930333957736e+00	0.000000000000000000e+00
1.108383393128233724e-02	9.731130748353173932e-01	0.000000000000000000e+00
1.108383393128233724e-02	9.731130748353173932e-01	0.000000000000000000e+00
4.166638652087868711e-02	8.150149794798502434e-01	0.000000000000000000e+00
6.021778111741175193e-02	7.643765738895301753e-01	0.000000000000000000e+00
6.437057219675999808e-02	7.617410459572395709e-01	0.000000000000000000e+00
7.876917571394481676e-02	7.428829421905706054e-01	0.000000000000000000e+00
7.876917571394481676e-02	7.428829421905706054e-01	0.000000000000000000e+00
7.876917571394481676e-02	7.428829421905706054e-01	0.000000000000000000e+00
7.876917571394481676e-02	7.428829421905706054e-01	0.000000000000000000e+00
7.876917571394481676e-02	7.428829421905706054e-01	0.000000000000000000e+00
7.876917571394481676e-02	7.428829421905706054e-01	0.000000000000000000e+00
7.876917571394481676e-02	7.428829421905706054e-01	0.000000000000000000e+00
2.008107149718186268e-01	6.397187897303094894e-01	0.000000000000000000e+00
2.087339593817528760e-01	6.317445441613165347e-01	0.000000000000000000e+00
2.236814876457807744e-01	5.369964289879314290e-01	0.000000000000000000e+00
2.267955560341199384e-01	5.008339657730663808e-01	0.000000000000000000e+00
2.320001442849374262e-01	4.146382323375094603e-01	0.000000000000000000e+00
2.383948753943905541e-01	3.996621216164265578e-01	0.000000000000000000e+00
2.429887116534835134e-01	3.678235010619154699e-01	0.000000000000000000e+00
2.492168484301618137e-01	3.451713860011386137e-01	0.000000000000000000e+00
2.492168484301618137e-01	3.451713860011386137e-01	0.000000000000000000e+00
2.492168484301618137e-01	3.451713860011386137e-01	0.000000000000000000e+00
2.492168484301618137e-01	3.451713860011386137e-01	0.000000000000000000e+00
2.492168484301618137e-01	3.451713860011386137e-01	0.000000000000000000e+00
2.492168484301618137e-01	3.451713860011386137e-01	0.000000000000000000e+00
2.492168484301618137e-01	3.451713860011386137e-01	0.000000000000000000e+00
2.492168484301618137e-01	3.451713860011386137e-01	0.000000000000000000e+00
2.492168484301618137e-01	3.451713860011386137e-01	0.000000000000000000e+00
4.169670206853772765e-01	2.231740717067518254e-01	0.000000000000000000e+00
4.169670206853772765e-01	2.231740717067518254e-01	0.000000000000000000e+00
4.169670206853772765e-01	2.053634444098457745e-01	0.000000000000000000e+00
4.169670206853772765e-01	2.053634444098457745e-01	0.000000000000000000e+00
4.226763347196187404e-01	1.689167126582649392e-01	0.000000000000000000e+00
4.262923655176928950e-01	1.379113615267083259e-01	0.000000000000000000e+00
4.295322959728196111e-01	1.136672747739146255e-01	0.000000000000000000e+00
4.339467529990981287e-01	7.839762310680968571e-02	0.000000000000000000e+00
4.361882460242690884e-01	3.918689217362984062e-02	0.000000000000000000e+00
4.385779488384435321e-01	2.555920344796708960e-02	0.000000000000000000e+00
4.433573544667924748e-01	9.360173081725016789e-03	0.000000000000000000e+00
4.450912649713277824e-01	-3.365572898670497748e-02	0.000000000000000000e+00
4.450912649713277824e-01	-3.365572898670497748e-02	0.000000000000000000e+00
4.506866337285974078e-01	-5.382016580451204346e-02	0.000000000000000000e+00
4.506866337285974078e-01	-5.382016580451204346e-02	0.000000000000000000e+00
4.506866337285974078e-01	-5.382016580451204346e-02	0.000000000000000000e+00
4.506866337285974078e-01	-5.382016580451204346e-02	0.000000000000000000e+00
4.506866337285974078e-01	-5.382016580451204346e-02	0.000000000000000000e+00
4.506866337285974078e-01	-5.382016580451204346e-02	0.000000000000000000e+00
4.506866337285974078e-01	-5.245451179602923092e-02	0.000000000000000000e+00
4.506866337285974078e-01	-4.230560463587736825e-02	0.000000000000000000e+00
6.246639834369535071e-01	-1.280362545753104819e-01	0.000000000000000000e+00
6.246639834369535071e-01	-1.280362545753104819e-01	0.000000000000000000e+00
6.246639834369535071e-01	-1.280362545753104819e-01	0.000000000000000000e+00
6.246639834369535071e-01	-1.280362545753104819e-01	0.000000000000000000e+00
6.256337409841936648e-01	-1.458719054680096550e-01	0.000000000000000000e+00
6.265358968155925190e-01	-1.710885775809597997e-01	0.000000000000000000e+00
6.284078101942314198e-01	-1.814579876566716488e-01	0.000000000000000000e+00
6.321516369515092215e-01	-2.326531041591210769e-01	0.000000000000000000e+00
6.321516369515092215e-01	-2.326531041591210769e-01	0.000000000000000000e+00
6.333918013621151477e-01	-2.450074235090599628e-01	0.000000000000000000e+00
6.333918013621151477e-01	-2.550090458097007406e-01	0.000000000000000000e+00
6.353313164565954629e-01	-2.734603566516654594e-01	0.000000000000000000e+00
6.358721301833270001e-01	-3.071522265410269736e-01	0.000000000000000000e+00
6.358721301833270001e-01	-3.071522265410269736e-01	0.000000000000000000e+00
6.383524590045388525e-01	-3.221422158097460020e-01	0.000000000000000000e+00
6.383524590045388525e-01	-3.316288657093972025e-01	0.000000000000000000e+00
6.421271757374953371e-01	-3.488192464442441687e-01	0.000000000000000000e+00
6.433131166469625573e-01	-3.616652742632620043e-01	0.000000000000000000e+00
6.444990575564297774e-01	-3.719627527441681791e-01	0.000000000000000000e+00
6.498652436628591378e-01	-3.809047036041011691e-01	0.000000000000000000e+00
6.498652436628591378e-01	-3.809047036041011691e-01	0.000000000000000000e+00
6.498652436628591378e-01	-3.809047036041011691e-01	0.000000000000000000e+00
6.587892524976902697e-01	-3.800609908993002883e-01	0.000000000000000000e+00
6.587892524976902697e-01	-3.800609908993002883e-01	0.000000000000000000e+00
8.268432783149854970e-01	-4.504295458243220973e-01	0.000000000000000000e+00
8.268432783149854970e-01	-4.504295458243220973e-01	0.000000000000000000e+00
8.268432783149854970e-01	-4.504295458243220973e-01	0.000000000000000000e+00
8.268432783149854970e-01	-4.504295458243220973e-01	0.000000000000000000e+00
8.268432783149854970e-01	-4.504295458243220973e-01	0.000000000000000000e+00
8.286176571793899548e-01	-4.806982561308132396e-01	0.000000000000000000e+00
8.303920360437944126e-01	-4.723316933841527065e-01	0.000000000000000000e+00
8.351237130155395594e-01	-4.986729990804616430e-01	0.000000000000000000e+00
8.351237130155395594e-01	-4.986729990804616430e-01	0.000000000000000000e+00
8.351237130155395594e-01	-5.088876747246128263e-01	0.000000000000000000e+00
8.387811714315371869e-01	-5.250463107013095820e-01	0.000000000000000000e+00
8.391392442834528786e-01	-5.788516017950976478e-01	0.000000000000000000e+00
8.387811714315371869e-01	-5.409588966185708836e-01	0.000000000000000000e+00
8.391392442834528786e-01	-5.788516017950976478e-01	0.000000000000000000e+00
8.391392442834528786e-01	-5.788516017950976478e-01	0.000000000000000000e+00
8.393182807094108355e-01	-5.961273390310674047e-01	0.000000000000000000e+00
8.393182807094108355e-01	-5.961273390310674047e-01	0.000000000000000000e+00
8.409296085430322254e-01	-5.947156984481015707e-01	0.000000000000000000e+00
8.430780456545272639e-01	-6.417107939514515857e-01	0.000000000000000000e+00
8.430780456545272639e-01	-6.417107939514515857e-01	0.000000000000000000e+00
8.430780456545272639e-01	-6.417107939514515857e-01	0.000000000000000000e+00
8.430780456545272639e-01	-6.417107939514515857e-01	0.000000000000000000e+00
8.430780456545272639e-01	-6.417107939514515857e-01	0.000000000000000000e+00
8.430780456545272639e-01	-6.418534215014369826e-01	0.000000000000000000e+00
8.430780456545272639e-01	-6.417230382473237960e-01	0.000000000000000000e+00
8.430780456545272639e-01	-6.417230382473237960e-01	0.000000000000000000e+00
