0.000000000000000000e+00	1.419324591945770875e+00	0.000000000000000000e+00
0.000000000000000000e+00	1.419324591945770875e+00	0.000000000000000000e+00
3.531697721838310267e-02	1.216012106974080575e+00	0.000000000000000000e+00
4.598771606475822449e-02	1.101608856166625072e+00	0.000000000000000000e+00
4.598771606475822449e-02	1.101608856166625072e+00	0.000000000000000000e+00
7.925070961824855209e-02	1.026551901145444257e+00	0.000000000000000000e+00
7.925070961824855209e-02	1.007813774950127916e+00	0.000000000000000000e+00
7.925070961824855209e-02	1.007813774950127916e+00	0.000000000000000000e+00
7.925070961824855209e-02	1.007813774950127916e+00	0.000000000000000000e+00
7.925070961824855209e-02	1.007813774950127916e+00	0.000000000000000000e+00
7.925070961824855209e-02	1.007813774950127916e+00	0.000000000000000000e+00
1.807845612831684989e-01	9.553506867861450980e-01	0.000000000000000000e+00
1.807845612831684989e-01	9.243912521314819886e-01	0.000000000000000000e+00
2.034753030822375464e-01	8.541973521299309757e-01	0.000000000000000000e+00
2.034753030822375464e-01	8.541973521299309757e-01	0.000000000000000000e+00
2.084399448180690728e-01	7.240931086631403613e-01	0.000000000000000000e+00
2.179729267099826395e-01	6.556760800445295967e-01	0.000000000000000000e+00
2.265890803605444814e-01	6.237031895802929160e-01	0.000000000000000000e+00
2.315537220963760356e-01	5.503385411322753162e-01	0.000000000000000000e+00
2.388025339102485822e-01	4.549874822313584311e-01	0.000000000000000000e+00
2.388025339102485822e-01	4.549874822313584311e-01	0.000000000000000000e+00
2.388025339102485822e-01	4.549874822313584311e-01	0.000000000000000000e+00
2.506196858802031691e-01	4.403483812054279634e-01	0.000000000000000000e+00
2.601526677721167635e-01	4.220782664131371709e-01	0.000000000000000000e+00
2.601526677721167635e-01	4.220782664131371709e-01	0.000000000000000000e+00
2.601526677721167635e-01	4.220782664131371709e-01	0.000000000000000000e+00
2.601526677721167635e-01	4.220688803632358654e-01	0.000000000000000000e+00
2.601526677721167635e-01	4.220688803632358654e-01	0.000000000000000000e+00
2.601526677721167635e-01	4.220688803632358654e-01	0.000000000000000000e+00
2.601526677721167635e-01	4.220688803632358654e-01	0.000000000000000000e+00
2.601526677721167635e-01	4.220688803632358654e-01	0.000000000000000000e+00
2.601526677721167635e-01	4.220688803632358654e-01	0.000000000000000000e+00
4.165476919130464140e-01	3.183256330121904121e-01	0.000000000000000000e+00
4.165476919130464140e-01	3.183256330121904121e-01	0.000000000000000000e+00
4.165476919130464140e-01	3.183256330121904121e-01	0.000000000000000000e+00
4.216325019967233634e-01	3.139553060639245219e-01	0.000000000000000000e+00
4.240962168336511739e-01	2.609057384584427264e-01	0.000000000000000000e+00
4.240962168336511739e-01	2.361810198248488479e-01	0.000000000000000000e+00
4.263306575208737348e-01	2.293321203922680240e-01	0.000000000000000000e+00
4.310288130450240507e-01	1.645043522850501427e-01	0.000000000000000000e+00
4.310288130450240507e-01	1.645043522850501427e-01	0.000000000000000000e+00
4.337595143749934379e-01	1.440880147188280669e-01	0.000000000000000000e+00
4.337595143749934379e-01	1.226858579462334620e-01	0.000000000000000000e+00
4.452705980440314626e-01	9.804151519956685878e-02	0.000000000000000000e+00
4.457556568329075763e-01	8.428264219666449508e-02	0.000000000000000000e+00
4.477138571287408997e-01	5.114432318442099779e-02	0.000000000000000000e+00
4.457556568329075763e-01	8.428264219666449508e-02	0.000000000000000000e+00
4.457556568329075763e-01	8.428264219666449508e-02	0.000000000000000000e+00
4.457556568329075763e-01	8.428264219666449508e-02	0.000000000000000000e+00
4.459532733765237400e-01	8.435499369845674000e-02	0.000000000000000000e+00
4.459532733765237400e-01	8.435499369845674000e-02	0.000000000000000000e+00
4.459532733765237400e-01	8.435499369845674000e-02	0.000000000000000000e+00
4.459532733765237400e-01	8.435499369845674000e-02	0.000000000000000000e+00
4.459532733765237400e-01	8.435499369845674000e-02	0.000000000000000000e+00
6.321503199569040721e-01	-8.808732525979719175e-02	0.000000000000000000e+00
6.321503199569040721e-01	-8.808732525979719175e-02	0.000000000000000000e+00
6.321503199569040721e-01	-8.808732525979719175e-02	0.000000000000000000e+00
6.321503199569040721e-01	-8.808732525979719175e-02	0.000000000000000000e+00
6.321503199569040721e-01	-5.310367957749424772e-02	0.000000000000000000e+00
6.321503199569040721e-01	-5.310367957749424772e-02	0.000000000000000000e+00
6.321503199569040721e-01	-5.310367957749424772e-02	0.000000000000000000e+00
6.321503199569040721e-01	-7.202799059648852531e-02	0.000000000000000000e+00
6.378915722536814270e-01	-1.315237238273900822e-01	0.000000000000000000e+00
6.378915722536814270e-01	-1.315237238273900822e-01	0.000000000000000000e+00
6.378915722536814270e-01	-1.315237238273900822e-01	0.000000000000000000e+00
6.378915722536814270e-01	-1.315237238273900822e-01	0.000000000000000000e+00
6.378915722536814270e-01	-1.797612371913550333e-01	0.000000000000000000e+00
6.378915722536814270e-01	-1.797612371913550333e-01	0.000000000000000000e+00
6.378915722536814270e-01	-1.797612371913550333e-01	0.000000000000000000e+00
6.378915722536814270e-01	-1.945656307445847444e-01	0.000000000000000000e+00
6.378915722536814270e-01	-2.007914095798207510e-01	0.000000000000000000e+00
6.378915722536814270e-01	-2.199204285393772662e-01	0.000000000000000000e+00
6.436328245504587819e-01	-2.529016045105257904e-01	0.000000000000000000e+00
6.436328245504587819e-01	-2.529016045105257904e-01	0.000000000000000000e+00
6.436328245504587819e-01	-2.529016045105257904e-01	0.000000000000000000e+00
6.436328245504587819e-01	-2.529016045105257904e-01	0.000000000000000000e+00
6.436328245504587819e-01	-2.529016045105257904e-01	0.000000000000000000e+00
6.478725185542327791e-01	-2.430251682823536818e-01	0.000000000000000000e+00
6.478725185542327791e-01	-2.430251682823536818e-01	0.000000000000000000e+00
8.299828099273192095e-01	-2.821846309311730194e-01	0.000000000000000000e+00
8.299828099273192095e-01	-2.821846309311730194e-01	0.000000000000000000e+00
8.299828099273192095e-01	-2.821846309311730194e-01	0.000000000000000000e+00
8.305098682340308347e-01	-2.902023933435681768e-01	0.000000000000000000e+00
8.305098682340308347e-01	-3.252551866386742541e-01	0.000000000000000000e+00
8.305098682340308347e-01	-3.252551866386742541e-01	0.000000000000000000e+00
8.305098682340308347e-01	-3.252551866386742541e-01	0.000000000000000000e+00
8.359528489139915752e-01	-3.420815755600908892e-01	0.000000000000000000e+00
8.388061038306497963e-01	-4.197276236267754035e-01	0.000000000000000000e+00
8.359528489139915752e-01	-3.592689112305320065e-01	0.000000000000000000e+00
8.359528489139915752e-01	-3.672501842893283741e-01	0.000000000000000000e+00
8.388061038306497963e-01	-4.197276236267754035e-01	0.000000000000000000e+00
8.397543206603492738e-01	-4.036522526662527643e-01	0.000000000000000000e+00
8.397543206603492738e-01	-4.036522526662527643e-01	0.000000000000000000e+00
8.397543206603492738e-01	-4.130284939900554231e-01	0.000000000000000000e+00
8.461882426814681946e-01	-4.431750709259940080e-01	0.000000000000000000e+00
8.461882426814681946e-01	-4.431750709259940080e-01	0.000000000000000000e+00
8.461882426814681946e-01	-4.431750709259940080e-01	0.000000000000000000e+00
8.461882426814681946e-01	-4.452006721815229273e-01	0.000000000000000000e+00
8.487518821862267693e-01	-4.543143519985463619e-01	0.000000000000000000e+00
8.526221647025872263e-01	-4.614960710965773649e-01	0.000000000000000000e+00
