0.000000000000000000e+00	1.699275475803251334e+00	0.000000000000000000e+00
1.713099076442997984e-02	1.660231698221029450e+00	0.000000000000000000e+00
3.249754297424051891e-02	1.486421291477305617e+00	0.000000000000000000e+00
4.344212424269520978e-02	1.352519522383828887e+00	0.000000000000000000e+00
5.976126137149125744e-02	1.315580647044503504e+00	0.000000000000000000e+00
5.976126137149125744e-02	1.315580647044503504e+00	0.000000000000000000e+00
1.000828117339886136e-01	1.258822691787306880e+00	0.000000000000000000e+00
1.000828117339886136e-01	1.258822691787306880e+00	0.000000000000000000e+00
9.239953562908334583e-02	1.300390944035775043e+00	0.000000000000000000e+00
7.594271233994365211e-02	1.288832519810430011e+00	0.000000000000000000e+00
7.594271233994365211e-02	1.288832519810430011e+00	0.000000000000000000e+00
1.820977234020030866e-01	1.228981121107155738e+00	0.000000000000000000e+00
1.936387541202088669e-01	1.136717185925569584e+00	0.000000000000000000e+00
2.088267881907811263e-01	1.053281645259246613e+00	0.000000000000000000e+00
2.137425807617150397e-01	1.031380007947770183e+00	0.000000000000000000e+00
2.203678189089869066e-01	8.983496844143270543e-01	0.000000000000000000e+00
2.370268937327073555e-01	7.661328569030875224e-01	0.000000000000000000e+00
2.370268937327073555e-01	7.661328569030875224e-01	0.000000000000000000e+00
2.370268937327073555e-01	7.661328569030875224e-01	0.000000000000000000e+00
2.370268937327073555e-01	7.060196669081401089e-01	0.000000000000000000e+00
2.370268937327073555e-01	6.554876186790377091e-01	0.000000000000000000e+00
2.370268937327073555e-01	6.407505354596538805e-01	0.000000000000000000e+00
2.562331096507069472e-01	5.888809208534626638e-01	0.000000000000000000e+00
2.562331096507069472e-01	5.722331005206172660e-01	0.000000000000000000e+00
2.562331096507069472e-01	5.722331005206172660e-01	0.000000000000000000e+00
2.562331096507069472e-01	5.722331005206172660e-01	0.000000000000000000e+00
2.562331096507069472e-01	5.722331005206172660e-01	0.000000000000000000e+00
2.562331096507069472e-01	5.722331005206172660e-01	0.000000000000000000e+00
2.562331096507069472e-01	5.722331005206172660e-01	0.000000000000000000e+00
2.562331096507069472e-01	5.722331005206172660e-01	0.000000000000000000e+00
2.562331096507069472e-01	5.722331005206172660e-01	0.000000000000000000e+00
2.562331096507069472e-01	5.773407752843002783e-01	0.000000000000000000e+00
2.562331096507069472e-01	5.773407752843002783e-01	0.000000000000000000e+00
4.216325019967233634e-01	5.375942051997596449e-01	0.000000000000000000e+00
4.216325019967233634e-01	4.989608939254326359e-01	0.000000000000000000e+00
4.216325019967233634e-01	4.989608939254326359e-01	0.000000000000000000e+00
4.216325019967233634e-01	4.720511158435621857e-01	0.000000000000000000e+00
4.413422206921456814e-01	4.130638276035093481e-01	0.000000000000000000e+00
4.413422206921456814e-01	3.279215361241044069e-01	0.000000000000000000e+00
4.413422206921456814e-01	3.279215361241044069e-01	0.000000000000000000e+00
4.413422206921456814e-01	3.279215361241044069e-01	0.000000000000000000e+00
4.413422206921456814e-01	3.279215361241044069e-01	0.000000000000000000e+00
4.413422206921456814e-01	3.279215361241044069e-01	0.000000000000000000e+00
4.454302881802870151e-01	3.032415793268356530e-01	0.000000000000000000e+00
4.454302881802870151e-01	2.852564497924892639e-01	0.000000000000000000e+00
4.495183556684283488e-01	2.499754735219366364e-01	0.000000000000000000e+00
4.495183556684283488e-01	2.353216204598686800e-01	0.000000000000000000e+00
4.536064231565697380e-01	2.328284393581417366e-01	0.000000000000000000e+00
4.536064231565697380e-01	2.328284393581417366e-01	0.000000000000000000e+00
4.536064231565697380e-01	2.251330127081992982e-01	0.000000000000000000e+00
4.536064231565697380e-01	2.251330127081992982e-01	0.000000000000000000e+00
4.536064231565697380e-01	2.251330127081992982e-01	0.000000000000000000e+00
4.536064231565697380e-01	2.251330127081992982e-01	0.000000000000000000e+00
4.536064231565697380e-01	2.251330127081992982e-01	0.000000000000000000e+00
4.536064231565697380e-01	2.251330127081992982e-01	0.000000000000000000e+00
4.536064231565697380e-01	2.251330127081992982e-01	0.000000000000000000e+00
6.323269738737280488e-01	8.952160497279286477e-02	0.000000000000000000e+00
6.323269738737280488e-01	8.952160497279286477e-02	0.000000000000000000e+00
6.323269738737280488e-01	8.952160497279286477e-02	0.000000000000000000e+00
6.323269738737280488e-01	1.140184754496609137e-01	0.000000000000000000e+00
6.323269738737280488e-01	1.140184754496609137e-01	0.000000000000000000e+00
6.323269738737280488e-01	1.140184754496609137e-01	0.000000000000000000e+00
6.323269738737280488e-01	7.615132200299901122e-02	0.000000000000000000e+00
6.323269738737280488e-01	7.615132200299901122e-02	0.000000000000000000e+00
6.323269738737280488e-01	7.615132200299901122e-02	0.000000000000000000e+00
6.360955907659715525e-01	4.805515157650722124e-02	0.000000000000000000e+00
6.360955907659715525e-01	4.805515157650722124e-02	0.000000000000000000e+00
6.398642076582151672e-01	2.981185431649419418e-02	0.000000000000000000e+00
6.398642076582151672e-01	2.455086957358524474e-02	0.000000000000000000e+00
6.549386752271894041e-01	-7.060238860592771455e-03	0.000000000000000000e+00
6.549386752271894041e-01	-7.060238860592771455e-03	0.000000000000000000e+00
6.549386752271894041e-01	-7.060238860592771455e-03	0.000000000000000000e+00
6.549386752271894041e-01	-7.060238860592771455e-03	0.000000000000000000e+00
6.549386752271894041e-01	-7.060238860592771455e-03	0.000000000000000000e+00
6.549386752271894041e-01	-7.060238860592771455e-03	0.000000000000000000e+00
6.549386752271894041e-01	-5.623809233317855934e-03	0.000000000000000000e+00
8.279145320619261117e-01	-1.222758917364089176e-01	0.000000000000000000e+00
8.279145320619261117e-01	-1.222758917364089176e-01	0.000000000000000000e+00
8.279145320619261117e-01	-1.222758917364089176e-01	0.000000000000000000e+00
8.275069988854552028e-01	-1.405151214764980561e-01	0.000000000000000000e+00
8.275069988854552028e-01	-1.405151214764980561e-01	0.000000000000000000e+00
8.275069988854552028e-01	-1.405151214764980561e-01	0.000000000000000000e+00
8.275069988854552028e-01	-1.405151214764980561e-01	0.000000000000000000e+00
8.275069988854552028e-01	-1.405151214764980561e-01	0.000000000000000000e+00
8.275069988854552028e-01	-1.405151214764980561e-01	0.000000000000000000e+00
8.275069988854552028e-01	-1.405151214764980561e-01	0.000000000000000000e+00
8.275069988854552028e-01	-1.786698990781341867e-01	0.000000000000000000e+00
8.275069988854552028e-01	-1.786698990781341867e-01	0.000000000000000000e+00
8.275069988854552028e-01	-1.786698990781341867e-01	0.000000000000000000e+00
8.313709364356316467e-01	-2.170972590469395780e-01	0.000000000000000000e+00
8.313709364356316467e-01	-2.170972590469395780e-01	0.000000000000000000e+00
8.352348739858079796e-01	-2.426978357147320520e-01	0.000000000000000000e+00
8.339468948024157946e-01	-2.226067541083018020e-01	0.000000000000000000e+00
8.339468948024157946e-01	-2.226067541083018020e-01	0.000000000000000000e+00
8.352348739858079796e-01	-2.426978357147320520e-01	0.000000000000000000e+00
8.352348739858079796e-01	-2.426978357147320520e-01	0.000000000000000000e+00
8.352348739858079796e-01	-2.446122577303059542e-01	0.000000000000000000e+00
8.378108323525922385e-01	-2.615249031216163589e-01	0.000000000000000000e+00
8.403867907193764974e-01	-2.686023914420553882e-01	0.000000000000000000e+00
8.403867907193764974e-01	-2.686023914420553882e-01	0.000000000000000000e+00
