0.000000000000000000e+00	1.076568518090095905e+00	0.000000000000000000e+00
1.108383393128233724e-02	9.483901071574055708e-01	0.000000000000000000e+00
2.672444282221838469e-02	8.904000067082049608e-01	0.000000000000000000e+00
4.166638652087868711e-02	8.150149794798502434e-01	0.000000000000000000e+00
6.021778111741175193e-02	7.631541056573442061e-01	0.000000000000000000e+00
7.294760430275078200e-02	7.247745782263297354e-01	0.000000000000000000e+00
8.001118108769604553e-02	7.116865810910153467e-01	0.000000000000000000e+00
8.001118108769604553e-02	7.116865810910153467e-01	0.000000000000000000e+00
8.001118108769604553e-02	7.116865810910153467e-01	0.000000000000000000e+00
8.001118108769604553e-02	7.116865810910153467e-01	0.000000000000000000e+00
8.001118108769604553e-02	7.116865810910153467e-01	0.000000000000000000e+00
8.001118108769604553e-02	7.116865810910153467e-01	0.000000000000000000e+00
8.001118108769604553e-02	7.117581475525759371e-01	0.000000000000000000e+00
2.008107149718186268e-01	6.422816686391947805e-01	0.000000000000000000e+00
2.089688433318407923e-01	5.810142975834126089e-01	0.000000000000000000e+00
2.089688433318407923e-01	5.624608482037334323e-01	0.000000000000000000e+00
2.267955560341199384e-01	5.008339657730663808e-01	0.000000000000000000e+00
2.320001442849374262e-01	4.154880884193820623e-01	0.000000000000000000e+00
2.381510499488686539e-01	3.829312206683436193e-01	0.000000000000000000e+00
2.443622825745517813e-01	3.632798288545192600e-01	0.000000000000000000e+00
2.547111321144348572e-01	3.335222721507833943e-01	0.000000000000000000e+00
2.635264812760839126e-01	3.065011458508473674e-01	0.000000000000000000e+00
2.635264812760839126e-01	3.065011458508473674e-01	0.000000000000000000e+00
2.635264812760839126e-01	3.065011458508473674e-01	0.000000000000000000e+00
2.635264812760839126e-01	3.065011458508473674e-01	0.000000000000000000e+00
2.635264812760839126e-01	3.065011458508473674e-01	0.000000000000000000e+00
2.590388419666764808e-01	3.049114943309074177e-01	0.000000000000000000e+00
2.590388419666764808e-01	3.049114943309074177e-01	0.000000000000000000e+00
2.590388419666764808e-01	3.049114943309074177e-01	0.000000000000000000e+00
2.590388419666764808e-01	3.049114943309074177e-01	0.000000000000000000e+00
4.169670206853772765e-01	2.291156233732066783e-01	0.000000000000000000e+00
4.169670206853772765e-01	2.291156233732066783e-01	0.000000000000000000e+00
4.169670206853772765e-01	2.053634444098457745e-01	0.000000000000000000e+00
4.214814833125314908e-01	1.598678447863578767e-01	0.000000000000000000e+00
4.243303621368635925e-01	1.345701297928906803e-01	0.000000000000000000e+00
4.295322959728196111e-01	1.086266688082872522e-01	0.000000000000000000e+00
4.316937035883498530e-01	8.798436677955594198e-02	0.000000000000000000e+00
4.340718500169469807e-01	5.613902279609472162e-02	0.000000000000000000e+00
4.373030120217155092e-01	1.757646755773240380e-02	0.000000000000000000e+00
4.427525542805003655e-01	1.850655862402364894e-03	0.000000000000000000e+00
4.433573544667924748e-01	-3.060884073969278099e-02	0.000000000000000000e+00
4.450912649713277824e-01	-4.741057797003819102e-02	0.000000000000000000e+00
4.534843181072322205e-01	-6.355789026094571526e-02	0.000000000000000000e+00
4.534843181072322205e-01	-7.293505135613295720e-02	0.000000000000000000e+00
4.534843181072322205e-01	-7.293505135613295720e-02	0.000000000000000000e+00
4.534843181072322205e-01	-7.293505135613295720e-02	0.000000000000000000e+00
4.534843181072322205e-01	-7.293505135613295720e-02	0.000000000000000000e+00
4.534843181072322205e-01	-7.293505135613295720e-02	0.000000000000000000e+00
4.534843181072322205e-01	-7.293505135613295720e-02	0.000000000000000000e+00
4.548831602965496268e-01	-7.254069654601258410e-02	0.000000000000000000e+00
4.548831602965496268e-01	-7.254069654601258410e-02	0.000000000000000000e+00
6.227920700583144953e-01	-9.730964904083110045e-02	0.000000000000000000e+00
6.227920700583144953e-01	-1.301195137190136741e-01	0.000000000000000000e+00
6.227920700583144953e-01	-1.301195137190136741e-01	0.000000000000000000e+00
6.284078101942314198e-01	-2.128139481397485211e-01	0.000000000000000000e+00
6.284078101942314198e-01	-2.128139481397485211e-01	0.000000000000000000e+00
6.284078101942314198e-01	-2.128139481397485211e-01	0.000000000000000000e+00
6.284078101942314198e-01	-2.128139481397485211e-01	0.000000000000000000e+00
6.321516369515092215e-01	-2.263519905227591167e-01	0.000000000000000000e+00
6.377440435619659009e-01	-2.929063779024723702e-01	0.000000000000000000e+00
6.377440435619659009e-01	-2.929063779024723702e-01	0.000000000000000000e+00
6.377440435619659009e-01	-2.929063779024723702e-01	0.000000000000000000e+00
6.358721301833270001e-01	-3.058473587327356635e-01	0.000000000000000000e+00
6.378116452778073153e-01	-3.254820110940650491e-01	0.000000000000000000e+00
6.378116452778073153e-01	-3.254820110940650491e-01	0.000000000000000000e+00
6.406086838512612402e-01	-3.534218830243837095e-01	0.000000000000000000e+00
6.414662073302349610e-01	-3.637307217927035485e-01	0.000000000000000000e+00
6.444990575564297774e-01	-3.821961761896475185e-01	0.000000000000000000e+00
6.444990575564297774e-01	-3.821961761896475185e-01	0.000000000000000000e+00
6.451207693826626066e-01	-3.947818995076676218e-01	0.000000000000000000e+00
6.481003476632440918e-01	-4.013367351992587762e-01	0.000000000000000000e+00
6.528300959365271883e-01	-4.047644172949741437e-01	0.000000000000000000e+00
6.528300959365271883e-01	-4.047644172949741437e-01	0.000000000000000000e+00
6.528300959365271883e-01	-4.047644172949741437e-01	0.000000000000000000e+00
6.481003476632440918e-01	-4.036269189393930645e-01	0.000000000000000000e+00
8.268432783149854970e-01	-4.118839953445286306e-01	0.000000000000000000e+00
8.292081524516270452e-01	-4.803480018352518366e-01	0.000000000000000000e+00
8.268432783149854970e-01	-4.397555452314268476e-01	0.000000000000000000e+00
8.268432783149854970e-01	-4.562266568364795050e-01	0.000000000000000000e+00
8.331159473815828997e-01	-5.298749272751830386e-01	0.000000000000000000e+00
8.331159473815828997e-01	-5.298749272751830386e-01	0.000000000000000000e+00
8.331159473815828997e-01	-5.175660512304272043e-01	0.000000000000000000e+00
8.331159473815828997e-01	-5.175660512304272043e-01	0.000000000000000000e+00
8.331159473815828997e-01	-5.175660512304272043e-01	0.000000000000000000e+00
8.331159473815828997e-01	-5.298749272751830386e-01	0.000000000000000000e+00
8.349862386170361361e-01	-5.587390068232146456e-01	0.000000000000000000e+00
8.349862386170361361e-01	-5.587390068232146456e-01	0.000000000000000000e+00
8.358526470355109872e-01	-5.754100144053242438e-01	0.000000000000000000e+00
8.358526470355109872e-01	-5.754100144053242438e-01	0.000000000000000000e+00
8.360916286933743891e-01	-5.995919486158404199e-01	0.000000000000000000e+00
8.360916286933743891e-01	-5.995919486158404199e-01	0.000000000000000000e+00
8.377692959169712461e-01	-6.179070682623907240e-01	0.000000000000000000e+00
8.377692959169712461e-01	-6.179070682623907240e-01	0.000000000000000000e+00
8.400456161898648411e-01	-6.295826671547082309e-01	0.000000000000000000e+00
8.400456161898648411e-01	-6.320889625613443918e-01	0.000000000000000000e+00
8.411246303641648492e-01	-6.514976568709387461e-01	0.000000000000000000e+00
8.411246303641648492e-01	-6.514976568709387461e-01	0.000000000000000000e+00
8.439444540730022259e-01	-6.664431134094502829e-01	0.000000000000000000e+00
8.439444540730022259e-01	-6.751485662428590162e-01	0.000000000000000000e+00
8.439444540730022259e-01	-6.751485662428590162e-01	0.000000000000000000e+00
