0.000000000000000000e+00	3.244639112547587967e+00	0.000000000000000000e+00
2.172352551759598391e-02	2.779236706011719793e+00	0.000000000000000000e+00
4.344705103519196782e-02	2.319494332931544722e+00	0.000000000000000000e+00
4.344705103519196782e-02	2.307301956899412865e+00	0.000000000000000000e+00
4.344705103519196782e-02	2.307301956899412865e+00	0.000000000000000000e+00
4.344705103519196782e-02	2.307301956899412865e+00	0.000000000000000000e+00
1.013479963889659663e-01	2.143903539577297401e+00	0.000000000000000000e+00
1.013479963889659663e-01	2.143903539577297401e+00	0.000000000000000000e+00
9.245542755616263653e-02	2.109784535029705754e+00	0.000000000000000000e+00
9.245542755616263653e-02	2.109784535029705754e+00	0.000000000000000000e+00
1.771959206136927700e-01	2.075216430831976933e+00	0.000000000000000000e+00
1.771959206136927700e-01	2.075216430831976933e+00	0.000000000000000000e+00
1.771959206136927700e-01	2.075216430831976933e+00	0.000000000000000000e+00
2.276653935631066383e-01	1.834462973099075578e+00	0.000000000000000000e+00
2.276653935631066383e-01	1.834462973099075578e+00	0.000000000000000000e+00
2.370120354107747018e-01	1.766190749290919682e+00	0.000000000000000000e+00
2.432431299758867627e-01	1.711431062407844816e+00	0.000000000000000000e+00
2.494742245409987957e-01	1.634509689962118983e+00	0.000000000000000000e+00
2.572630927473888440e-01	1.400938090667494862e+00	0.000000000000000000e+00
2.572630927473888440e-01	1.400938090667494862e+00	0.000000000000000000e+00
2.572630927473888440e-01	1.400938090667494862e+00	0.000000000000000000e+00
2.572630927473888440e-01	1.400938090667494862e+00	0.000000000000000000e+00
2.588208663886668592e-01	1.394808150230435917e+00	0.000000000000000000e+00
2.619364136712228897e-01	1.359623845949996523e+00	0.000000000000000000e+00
2.619364136712228897e-01	1.359623845949996523e+00	0.000000000000000000e+00
2.619364136712228897e-01	1.359623845949996523e+00	0.000000000000000000e+00
2.619364136712228897e-01	1.359623845949996523e+00	0.000000000000000000e+00
2.619364136712228897e-01	1.359623845949996523e+00	0.000000000000000000e+00
2.619364136712228897e-01	1.359623845949996523e+00	0.000000000000000000e+00
2.619364136712228897e-01	1.359623845949996523e+00	0.000000000000000000e+00
2.619364136712228897e-01	1.359623845949996523e+00	0.000000000000000000e+00
2.619364136712228897e-01	1.361778141943403186e+00	0.000000000000000000e+00
4.420113902666673034e-01	9.961351674583218685e-01	0.000000000000000000e+00
4.420113902666673034e-01	9.961351674583218685e-01	0.000000000000000000e+00
4.420113902666673034e-01	1.015346167889513929e+00	0.000000000000000000e+00
4.420113902666673034e-01	1.015346167889513929e+00	0.000000000000000000e+00
4.420113902666673034e-01	1.015346167889513929e+00	0.000000000000000000e+00
4.420113902666673034e-01	1.015346167889513929e+00	0.000000000000000000e+00
4.420113902666673034e-01	1.015346167889513929e+00	0.000000000000000000e+00
4.420113902666673034e-01	1.015346167889513929e+00	0.000000000000000000e+00
4.420113902666673034e-01	1.015346167889513929e+00	0.000000000000000000e+00
4.420113902666673034e-01	1.015346167889513929e+00	0.000000000000000000e+00
4.420113902666673034e-01	9.601513864159177958e-01	0.000000000000000000e+00
4.420113902666673034e-01	9.601513864159177958e-01	0.000000000000000000e+00
4.420113902666673034e-01	9.601513864159177958e-01	0.000000000000000000e+00
4.420113902666673034e-01	9.601513864159177958e-01	0.000000000000000000e+00
4.420113902666673034e-01	9.601513864159177958e-01	0.000000000000000000e+00
4.420113902666673034e-01	9.601513864159177958e-01	0.000000000000000000e+00
4.420113902666673034e-01	1.036052459380782276e+00	0.000000000000000000e+00
4.420113902666673034e-01	1.036052459380782276e+00	0.000000000000000000e+00
4.420113902666673034e-01	1.036052459380782276e+00	0.000000000000000000e+00
4.420113902666673034e-01	1.036052459380782276e+00	0.000000000000000000e+00
6.257140003752381663e-01	8.702128204815287038e-01	0.000000000000000000e+00
6.257140003752381663e-01	8.702128204815287038e-01	0.000000000000000000e+00
6.257140003752381663e-01	8.424192841082107641e-01	0.000000000000000000e+00
6.257140003752381663e-01	8.424192841082107641e-01	0.000000000000000000e+00
6.257140003752381663e-01	8.424192841082107641e-01	0.000000000000000000e+00
6.257140003752381663e-01	8.424192841082107641e-01	0.000000000000000000e+00
6.257140003752381663e-01	8.424192841082107641e-01	0.000000000000000000e+00
6.257140003752381663e-01	8.424192841082107641e-01	0.000000000000000000e+00
6.257140003752381663e-01	8.424192841082107641e-01	0.000000000000000000e+00
6.257140003752381663e-01	8.424192841082107641e-01	0.000000000000000000e+00
6.376127465988470355e-01	7.080401484264111645e-01	0.000000000000000000e+00
6.376127465988470355e-01	7.080401484264111645e-01	0.000000000000000000e+00
6.376127465988470355e-01	7.080401484264111645e-01	0.000000000000000000e+00
6.376127465988470355e-01	7.080401484264111645e-01	0.000000000000000000e+00
6.376127465988470355e-01	7.080401484264111645e-01	0.000000000000000000e+00
6.376127465988470355e-01	7.080401484264111645e-01	0.000000000000000000e+00
6.376127465988470355e-01	7.080401484264111645e-01	0.000000000000000000e+00
6.376127465988470355e-01	7.080401484264111645e-01	0.000000000000000000e+00
6.376127465988470355e-01	7.164774184200023432e-01	0.000000000000000000e+00
6.376127465988470355e-01	7.164774184200023432e-01	0.000000000000000000e+00
8.297865694875333764e-01	5.485490074478146516e-01	0.000000000000000000e+00
8.297865694875333764e-01	5.485490074478146516e-01	0.000000000000000000e+00
8.297865694875333764e-01	5.485490074478146516e-01	0.000000000000000000e+00
8.297865694875333764e-01	6.420036542747885600e-01	0.000000000000000000e+00
8.297865694875333764e-01	6.420036542747885600e-01	0.000000000000000000e+00
8.297865694875333764e-01	6.834453983773107755e-01	0.000000000000000000e+00
8.297865694875333764e-01	6.351666059681022602e-01	0.000000000000000000e+00
8.297865694875333764e-01	6.351666059681022602e-01	0.000000000000000000e+00
8.297865694875333764e-01	6.351666059681022602e-01	0.000000000000000000e+00
8.297865694875333764e-01	6.351666059681022602e-01	0.000000000000000000e+00
8.297865694875333764e-01	6.263980674751674638e-01	0.000000000000000000e+00
8.297865694875333764e-01	6.263980674751674638e-01	0.000000000000000000e+00
8.297865694875333764e-01	6.141900499755065246e-01	0.000000000000000000e+00
8.297865694875333764e-01	6.141900499755065246e-01	0.000000000000000000e+00
8.297865694875333764e-01	6.141900499755065246e-01	0.000000000000000000e+00
8.297865694875333764e-01	5.994329840137029297e-01	0.000000000000000000e+00
8.324065139919942791e-01	5.593847714542582450e-01	0.000000000000000000e+00
8.363364307486854665e-01	5.387100397336760382e-01	0.000000000000000000e+00
8.363364307486854665e-01	5.387100397336760382e-01	0.000000000000000000e+00
8.350264584964550707e-01	5.361319304937774977e-01	0.000000000000000000e+00
8.396930915804906581e-01	5.229830568087793230e-01	0.000000000000000000e+00
8.428862920098374456e-01	4.957495752208825324e-01	0.000000000000000000e+00
8.402663475053766540e-01	4.899288869950711445e-01	0.000000000000000000e+00
8.402663475053766540e-01	4.899288869950711445e-01	0.000000000000000000e+00
8.466527483640702290e-01	4.630978255683851907e-01	0.000000000000000000e+00
8.466527483640702290e-01	4.630978255683851907e-01	0.000000000000000000e+00
8.466527483640702290e-01	4.630978255683851907e-01	0.000000000000000000e+00
8.466527483640702290e-01	4.630978255683851907e-01	0.000000000000000000e+00
