0.000000000000000000e+00	1.131609930333957736e+00	0.000000000000000000e+00
1.108383393128233724e-02	9.701949764898265549e-01	0.000000000000000000e+00
3.357441198467292498e-02	8.805804811407451638e-01	0.000000000000000000e+00
4.166638652087868711e-02	8.150149794798502434e-01	0.000000000000000000e+00
6.021778111741175193e-02	7.643765738895301753e-01	0.000000000000000000e+00
6.437057219675999808e-02	7.534707049672874080e-01	0.000000000000000000e+00
7.876917571394481676e-02	7.378573340923573198e-01	0.000000000000000000e+00
7.876917571394481676e-02	7.378573340923573198e-01	0.000000000000000000e+00
7.876917571394481676e-02	7.378573340923573198e-01	0.000000000000000000e+00
7.876917571394481676e-02	7.378573340923573198e-01	0.000000000000000000e+00
7.876917571394481676e-02	7.378573340923573198e-01	0.000000000000000000e+00
7.876917571394481676e-02	7.378573340923573198e-01	0.000000000000000000e+00
7.876917571394481676e-02	7.428829421905706054e-01	0.000000000000000000e+00
2.008107149718186268e-01	6.397187897303094894e-01	0.000000000000000000e+00
2.087339593817528760e-01	6.317445441613165347e-01	0.000000000000000000e+00
2.236814876457807744e-01	4.514085600965220824e-01	0.000000000000000000e+00
2.267955560341199384e-01	5.008339657730663808e-01	0.000000000000000000e+00
2.320001442849374262e-01	4.146382323375094603e-01	0.000000000000000000e+00
2.383948753943905541e-01	3.782447398802946670e-01	0.000000000000000000e+00
2.429887116534835134e-01	3.678235010619154699e-01	0.000000000000000000e+00
2.492168484301618137e-01	3.451713860011386137e-01	0.000000000000000000e+00
2.492168484301618137e-01	3.451713860011386137e-01	0.000000000000000000e+00
2.492168484301618137e-01	3.451713860011386137e-01	0.000000000000000000e+00
2.492168484301618137e-01	3.451713860011386137e-01	0.000000000000000000e+00
2.492168484301618137e-01	3.451713860011386137e-01	0.000000000000000000e+00
2.492168484301618137e-01	3.451713860011386137e-01	0.000000000000000000e+00
2.492168484301618137e-01	3.451713860011386137e-01	0.000000000000000000e+00
2.492168484301618137e-01	3.451713860011386137e-01	0.000000000000000000e+00
2.492168484301618137e-01	3.451713860011386137e-01	0.000000000000000000e+00
4.169670206853772765e-01	2.231740717067518254e-01	0.000000000000000000e+00
4.169670206853772765e-01	2.231740717067518254e-01	0.000000000000000000e+00
4.169670206853772765e-01	2.053634444098457745e-01	0.000000000000000000e+00
4.169670206853772765e-01	2.053634444098457745e-01	0.000000000000000000e+00
4.214814833125314908e-01	1.627233381063898365e-01	0.000000000000000000e+00
4.259959459396857051e-01	1.420444048652254598e-01	0.000000000000000000e+00
4.295322959728196111e-01	1.136672747739146255e-01	0.000000000000000000e+00
4.316937035883498530e-01	8.798436677955594198e-02	0.000000000000000000e+00
4.340718500169469807e-01	5.613902279609472162e-02	0.000000000000000000e+00
4.385779488384435321e-01	2.555920344796708960e-02	0.000000000000000000e+00
4.433573544667924748e-01	-3.060884073969278099e-02	0.000000000000000000e+00
4.433573544667924748e-01	-3.060884073969278099e-02	0.000000000000000000e+00
4.450912649713277824e-01	-3.365572898670497748e-02	0.000000000000000000e+00
4.506866337285974078e-01	-6.058878835955499448e-02	0.000000000000000000e+00
4.506866337285974078e-01	-6.058878835955499448e-02	0.000000000000000000e+00
4.506866337285974078e-01	-6.058878835955499448e-02	0.000000000000000000e+00
4.506866337285974078e-01	-6.058878835955499448e-02	0.000000000000000000e+00
4.506866337285974078e-01	-6.058878835955499448e-02	0.000000000000000000e+00
4.506866337285974078e-01	-5.427241529257552377e-02	0.000000000000000000e+00
4.506866337285974078e-01	-5.427241529257552377e-02	0.000000000000000000e+00
4.506866337285974078e-01	-5.427241529257552377e-02	0.000000000000000000e+00
4.506866337285974078e-01	-5.427241529257552377e-02	0.000000000000000000e+00
6.246639834369535071e-01	-1.533660507206913159e-01	0.000000000000000000e+00
6.246639834369535071e-01	-1.533660507206913159e-01	0.000000000000000000e+00
6.246639834369535071e-01	-1.533660507206913159e-01	0.000000000000000000e+00
6.246639834369535071e-01	-1.533660507206913159e-01	0.000000000000000000e+00
6.255999401262730686e-01	-1.658948145225862258e-01	0.000000000000000000e+00
6.284078101942314198e-01	-1.975139070816772091e-01	0.000000000000000000e+00
6.321516369515092215e-01	-2.250750701080376226e-01	0.000000000000000000e+00
6.321516369515092215e-01	-2.250750701080376226e-01	0.000000000000000000e+00
6.333918013621151477e-01	-2.450074235090599628e-01	0.000000000000000000e+00
6.333918013621151477e-01	-2.550090458097007406e-01	0.000000000000000000e+00
6.353313164565954629e-01	-2.734603566516654594e-01	0.000000000000000000e+00
6.358721301833270001e-01	-2.871807724239046067e-01	0.000000000000000000e+00
6.358721301833270001e-01	-3.071522265410269736e-01	0.000000000000000000e+00
6.373827014572986949e-01	-3.307744237765583573e-01	0.000000000000000000e+00
6.383524590045388525e-01	-3.317191591332203093e-01	0.000000000000000000e+00
6.421271757374953371e-01	-3.549333660544514712e-01	0.000000000000000000e+00
6.433131166469625573e-01	-3.616652742632620043e-01	0.000000000000000000e+00
6.444990575564297774e-01	-3.719627527441681791e-01	0.000000000000000000e+00
6.498652436628591378e-01	-3.809047036041011691e-01	0.000000000000000000e+00
6.587892524976902697e-01	-3.836317284478745204e-01	0.000000000000000000e+00
6.587892524976902697e-01	-3.836317284478745204e-01	0.000000000000000000e+00
6.587892524976902697e-01	-3.836317284478745204e-01	0.000000000000000000e+00
6.587892524976902697e-01	-3.836317284478745204e-01	0.000000000000000000e+00
8.268432783149854970e-01	-4.470368761095596111e-01	0.000000000000000000e+00
8.268432783149854970e-01	-4.470368761095596111e-01	0.000000000000000000e+00
8.268432783149854970e-01	-4.470368761095596111e-01	0.000000000000000000e+00
8.268432783149854970e-01	-4.470368761095596111e-01	0.000000000000000000e+00
8.268432783149854970e-01	-4.470368761095596111e-01	0.000000000000000000e+00
8.286176571793899548e-01	-4.770092807848657634e-01	0.000000000000000000e+00
8.286176571793899548e-01	-4.770092807848657634e-01	0.000000000000000000e+00
8.331159473815828997e-01	-4.886591753125684168e-01	0.000000000000000000e+00
8.351237130155395594e-01	-5.268813998107267915e-01	0.000000000000000000e+00
8.351237130155395594e-01	-5.268813998107267915e-01	0.000000000000000000e+00
8.351237130155395594e-01	-5.268813998107267915e-01	0.000000000000000000e+00
8.391392442834528786e-01	-5.544997156547250006e-01	0.000000000000000000e+00
8.387811714315371869e-01	-5.409588966185708836e-01	0.000000000000000000e+00
8.391392442834528786e-01	-5.544997156547250006e-01	0.000000000000000000e+00
8.391392442834528786e-01	-5.960129481498563919e-01	0.000000000000000000e+00
8.391392442834528786e-01	-5.960129481498563919e-01	0.000000000000000000e+00
8.374383982368526214e-01	-5.852212446640630006e-01	0.000000000000000000e+00
8.391392442834528786e-01	-5.960129481498563919e-01	0.000000000000000000e+00
8.393182807094108355e-01	-6.140385070291463077e-01	0.000000000000000000e+00
8.393182807094108355e-01	-6.140385070291463077e-01	0.000000000000000000e+00
8.430780456545272639e-01	-6.354418938434052144e-01	0.000000000000000000e+00
8.430780456545272639e-01	-6.354418938434052144e-01	0.000000000000000000e+00
8.430780456545272639e-01	-6.417107939514515857e-01	0.000000000000000000e+00
8.449579281270854780e-01	-6.496579842302830921e-01	0.000000000000000000e+00
8.449579281270854780e-01	-6.496579842302830921e-01	0.000000000000000000e+00
8.449579281270854780e-01	-6.496579842302830921e-01	0.000000000000000000e+00
