0.000000000000000000e+00	2.649827417066295876e+00	0.000000000000000000e+00
9.282201943944426437e-03	2.309166291454872066e+00	0.000000000000000000e+00
4.344705103519196782e-02	2.045049641952080055e+00	0.000000000000000000e+00
4.344705103519196782e-02	2.045049641952080055e+00	0.000000000000000000e+00
7.330622761195570991e-02	1.939312809356132261e+00	0.000000000000000000e+00
7.330622761195570991e-02	1.939312809356132261e+00	0.000000000000000000e+00
7.330622761195570991e-02	1.939312809356132261e+00	0.000000000000000000e+00
7.330622761195570991e-02	1.939312809356132261e+00	0.000000000000000000e+00
7.330622761195570991e-02	1.939312809356132261e+00	0.000000000000000000e+00
7.330622761195570991e-02	1.939312809356132261e+00	0.000000000000000000e+00
7.330622761195570991e-02	1.939312809356132261e+00	0.000000000000000000e+00
1.998197679603234689e-01	1.710153814624840063e+00	0.000000000000000000e+00
1.998197679603234689e-01	1.679708401165165954e+00	0.000000000000000000e+00
2.137425807617150397e-01	1.432215452077587825e+00	0.000000000000000000e+00
2.137425807617150397e-01	1.432215452077587825e+00	0.000000000000000000e+00
2.137425807617150397e-01	1.432215452077587825e+00	0.000000000000000000e+00
2.330290619595553336e-01	1.318956082891405757e+00	0.000000000000000000e+00
2.330290619595553336e-01	1.318956082891405757e+00	0.000000000000000000e+00
2.330290619595553336e-01	1.300813930278363673e+00	0.000000000000000000e+00
2.523155431573956275e-01	1.109966539874200464e+00	0.000000000000000000e+00
2.523155431573956275e-01	1.109966539874200464e+00	0.000000000000000000e+00
2.523155431573956275e-01	1.109966539874200464e+00	0.000000000000000000e+00
2.523155431573956275e-01	1.109966539874200464e+00	0.000000000000000000e+00
2.523155431573956275e-01	1.109966539874200464e+00	0.000000000000000000e+00
2.523155431573956275e-01	1.109966539874200464e+00	0.000000000000000000e+00
2.523155431573956275e-01	1.109966539874200464e+00	0.000000000000000000e+00
2.523155431573956275e-01	1.109966539874200464e+00	0.000000000000000000e+00
2.523155431573956275e-01	1.110339375651573812e+00	0.000000000000000000e+00
2.523155431573956275e-01	1.110339375651573812e+00	0.000000000000000000e+00
2.523155431573956275e-01	1.110339375651573812e+00	0.000000000000000000e+00
2.523155431573956275e-01	1.110339375651573812e+00	0.000000000000000000e+00
2.523155431573956275e-01	1.110339375651573812e+00	0.000000000000000000e+00
2.523155431573956275e-01	1.110339375651573812e+00	0.000000000000000000e+00
4.420113902666673034e-01	9.181610832503015462e-01	0.000000000000000000e+00
4.420113902666673034e-01	9.181610832503015462e-01	0.000000000000000000e+00
4.420113902666673034e-01	9.181610832503015462e-01	0.000000000000000000e+00
4.420113902666673034e-01	9.181610832503015462e-01	0.000000000000000000e+00
4.420113902666673034e-01	9.229460315494649736e-01	0.000000000000000000e+00
4.420113902666673034e-01	9.186140198798331546e-01	0.000000000000000000e+00
4.420113902666673034e-01	9.186140198798331546e-01	0.000000000000000000e+00
4.502056078228169333e-01	8.787770203438051153e-01	0.000000000000000000e+00
4.502056078228169333e-01	8.781126517686838051e-01	0.000000000000000000e+00
4.502056078228169333e-01	8.741517074319414826e-01	0.000000000000000000e+00
4.502056078228169333e-01	8.741517074319414826e-01	0.000000000000000000e+00
4.502056078228169333e-01	8.731655068106075612e-01	0.000000000000000000e+00
4.502056078228169333e-01	8.731655068106075612e-01	0.000000000000000000e+00
4.502056078228169333e-01	8.731655068106075612e-01	0.000000000000000000e+00
4.502056078228169333e-01	8.731655068106075612e-01	0.000000000000000000e+00
6.257140003752381663e-01	6.521158116011941397e-01	0.000000000000000000e+00
6.257140003752381663e-01	6.530959778311390407e-01	0.000000000000000000e+00
6.257140003752381663e-01	6.530959778311390407e-01	0.000000000000000000e+00
6.257140003752381663e-01	6.530959778311390407e-01	0.000000000000000000e+00
6.257140003752381663e-01	6.530959778311390407e-01	0.000000000000000000e+00
6.257140003752381663e-01	6.530959778311390407e-01	0.000000000000000000e+00
6.257140003752381663e-01	6.530959778311390407e-01	0.000000000000000000e+00
6.257140003752381663e-01	6.530959778311390407e-01	0.000000000000000000e+00
6.257140003752381663e-01	6.530959778311390407e-01	0.000000000000000000e+00
6.257140003752381663e-01	6.521158116011941397e-01	0.000000000000000000e+00
6.257140003752381663e-01	6.446365292692380899e-01	0.000000000000000000e+00
6.375853501258939016e-01	5.282858185124834627e-01	0.000000000000000000e+00
6.375853501258939016e-01	5.282858185124834627e-01	0.000000000000000000e+00
6.375853501258939016e-01	5.282858185124834627e-01	0.000000000000000000e+00
6.375853501258939016e-01	5.282858185124834627e-01	0.000000000000000000e+00
6.375853501258939016e-01	5.282858185124834627e-01	0.000000000000000000e+00
6.375853501258939016e-01	5.282858185124834627e-01	0.000000000000000000e+00
6.375853501258939016e-01	5.370644254731096190e-01	0.000000000000000000e+00
6.375853501258939016e-01	5.370644254731096190e-01	0.000000000000000000e+00
6.375853501258939016e-01	5.396728291940250388e-01	0.000000000000000000e+00
6.466857284104637893e-01	5.251603473049046844e-01	0.000000000000000000e+00
6.466857284104637893e-01	4.200959580944778615e-01	0.000000000000000000e+00
6.466857284104637893e-01	4.200959580944778615e-01	0.000000000000000000e+00
6.466857284104637893e-01	4.200959580944778615e-01	0.000000000000000000e+00
6.466857284104637893e-01	3.979659266071592927e-01	0.000000000000000000e+00
6.466857284104637893e-01	3.979659266071592927e-01	0.000000000000000000e+00
6.466857284104637893e-01	3.979659266071592927e-01	0.000000000000000000e+00
6.466857284104637893e-01	3.979659266071592927e-01	0.000000000000000000e+00
6.466857284104637893e-01	3.979659266071592927e-01	0.000000000000000000e+00
6.466857284104637893e-01	3.979659266071592927e-01	0.000000000000000000e+00
6.466857284104637893e-01	3.979659266071592927e-01	0.000000000000000000e+00
6.466857284104637893e-01	3.979659266071592927e-01	0.000000000000000000e+00
8.297865694875333764e-01	3.194862109928707783e-01	0.000000000000000000e+00
8.297865694875333764e-01	3.194862109928707783e-01	0.000000000000000000e+00
8.297865694875333764e-01	3.194862109928707783e-01	0.000000000000000000e+00
8.297865694875333764e-01	3.194862109928707783e-01	0.000000000000000000e+00
8.297865694875333764e-01	3.194862109928707783e-01	0.000000000000000000e+00
8.304621704023011919e-01	3.158797118151283057e-01	0.000000000000000000e+00
8.351913768056752341e-01	2.097949215107570431e-01	0.000000000000000000e+00
8.351913768056752341e-01	2.097949215107570431e-01	0.000000000000000000e+00
8.351913768056752341e-01	2.097949215107570431e-01	0.000000000000000000e+00
8.351913768056752341e-01	2.097949215107570431e-01	0.000000000000000000e+00
8.351913768056752341e-01	2.097949215107570431e-01	0.000000000000000000e+00
8.351913768056752341e-01	2.116967669556186760e-01	0.000000000000000000e+00
8.351913768056752341e-01	2.116967669556186760e-01	0.000000000000000000e+00
8.351913768056752341e-01	2.116967669556186760e-01	0.000000000000000000e+00
8.351913768056752341e-01	2.116967669556186760e-01	0.000000000000000000e+00
8.351913768056752341e-01	2.116967669556186760e-01	0.000000000000000000e+00
8.351913768056752341e-01	2.116967669556186760e-01	0.000000000000000000e+00
8.351913768056752341e-01	2.116967669556186760e-01	0.000000000000000000e+00
8.351913768056752341e-01	2.116967669556186760e-01	0.000000000000000000e+00
8.351913768056752341e-01	2.116967669556186760e-01	0.000000000000000000e+00
