0.000000000000000000e+00	2.021228182522667893e+00	0.000000000000000000e+00
1.196512645959403945e-02	1.585447086439503606e+00	0.000000000000000000e+00
3.789618434136161895e-02	1.279681665633035870e+00	0.000000000000000000e+00
3.789618434136161895e-02	1.210332555479261218e+00	0.000000000000000000e+00
7.147559612999444811e-02	1.022264086350845869e+00	0.000000000000000000e+00
8.128233631322409614e-02	1.007782510335131887e+00	0.000000000000000000e+00
8.128233631322409614e-02	1.007782510335131887e+00	0.000000000000000000e+00
8.128233631322409614e-02	1.007782510335131887e+00	0.000000000000000000e+00
8.128233631322409614e-02	1.007782510335131887e+00	0.000000000000000000e+00
8.128233631322409614e-02	1.007782510335131887e+00	0.000000000000000000e+00
8.128233631322409614e-02	1.007782510335131887e+00	0.000000000000000000e+00
8.128233631322409614e-02	1.007782510335131887e+00	0.000000000000000000e+00
2.051955533746341875e-01	9.714311985722863252e-01	0.000000000000000000e+00
2.143660064984418412e-01	7.876434463233300542e-01	0.000000000000000000e+00
2.143660064984418412e-01	7.876434463233300542e-01	0.000000000000000000e+00
2.266370521532694027e-01	5.408965420650834188e-01	0.000000000000000000e+00
2.266370521532694027e-01	5.408965420650834188e-01	0.000000000000000000e+00
2.266370521532694027e-01	5.408965420650834188e-01	0.000000000000000000e+00
2.327069127460571207e-01	4.750115092675937789e-01	0.000000000000000000e+00
2.387767733388448388e-01	4.322637892303067830e-01	0.000000000000000000e+00
2.448466339316325568e-01	3.865409618718718132e-01	0.000000000000000000e+00
2.448466339316325568e-01	3.865409618718718132e-01	0.000000000000000000e+00
2.448466339316325568e-01	3.865409618718718132e-01	0.000000000000000000e+00
2.448466339316325568e-01	3.865409618718718132e-01	0.000000000000000000e+00
2.505020679333687106e-01	3.845471227221365917e-01	0.000000000000000000e+00
2.505020679333687106e-01	3.845471227221365917e-01	0.000000000000000000e+00
2.505020679333687106e-01	3.845471227221365917e-01	0.000000000000000000e+00
2.505020679333687106e-01	3.845471227221365917e-01	0.000000000000000000e+00
2.505020679333687106e-01	3.845471227221365917e-01	0.000000000000000000e+00
2.505020679333687106e-01	3.845471227221365917e-01	0.000000000000000000e+00
2.505020679333687106e-01	3.845471227221365917e-01	0.000000000000000000e+00
2.505020679333687106e-01	3.845471227221365917e-01	0.000000000000000000e+00
4.344566379758848518e-01	1.144660020002672418e-01	0.000000000000000000e+00
4.344566379758848518e-01	1.144660020002672418e-01	0.000000000000000000e+00
4.344566379758848518e-01	1.144660020002672418e-01	0.000000000000000000e+00
4.344566379758848518e-01	1.144660020002672418e-01	0.000000000000000000e+00
4.344566379758848518e-01	1.144660020002672418e-01	0.000000000000000000e+00
4.344566379758848518e-01	1.169375073297515139e-01	0.000000000000000000e+00
4.344566379758848518e-01	1.169375073297515139e-01	0.000000000000000000e+00
4.383557225865398754e-01	5.708398098481983624e-02	0.000000000000000000e+00
4.383557225865398754e-01	5.708398098481983624e-02	0.000000000000000000e+00
4.383557225865398754e-01	2.855755195467160265e-02	0.000000000000000000e+00
4.383557225865398754e-01	2.855755195467160265e-02	0.000000000000000000e+00
4.383557225865398754e-01	1.209311038662017231e-02	0.000000000000000000e+00
4.383557225865398754e-01	3.694651072039700345e-03	0.000000000000000000e+00
4.383557225865398754e-01	3.694651072039700345e-03	0.000000000000000000e+00
4.383557225865398754e-01	3.694651072039700345e-03	0.000000000000000000e+00
4.383557225865398754e-01	3.694651072039700345e-03	0.000000000000000000e+00
4.383557225865398754e-01	3.694651072039700345e-03	0.000000000000000000e+00
4.383557225865398754e-01	3.694651072039700345e-03	0.000000000000000000e+00
4.383557225865398754e-01	3.694651072039700345e-03	0.000000000000000000e+00
4.383557225865398754e-01	3.694651072039700345e-03	0.000000000000000000e+00
4.383557225865398754e-01	3.694651072039700345e-03	0.000000000000000000e+00
6.308584759953965726e-01	-2.126966856640648829e-01	0.000000000000000000e+00
6.308584759953965726e-01	-1.813236350061409319e-01	0.000000000000000000e+00
6.308584759953965726e-01	-1.813236350061409319e-01	0.000000000000000000e+00
6.308584759953965726e-01	-1.813236350061409319e-01	0.000000000000000000e+00
6.308584759953965726e-01	-1.813236350061409319e-01	0.000000000000000000e+00
6.308584759953965726e-01	-1.813236350061409319e-01	0.000000000000000000e+00
6.308584759953965726e-01	-1.656795103686109216e-01	0.000000000000000000e+00
6.308584759953965726e-01	-1.656795103686109216e-01	0.000000000000000000e+00
6.308584759953965726e-01	-1.656795103686109216e-01	0.000000000000000000e+00
6.308584759953965726e-01	-2.184037734449582879e-01	0.000000000000000000e+00
6.308584759953965726e-01	-2.184037734449582879e-01	0.000000000000000000e+00
6.308584759953965726e-01	-2.184037734449582879e-01	0.000000000000000000e+00
6.308584759953965726e-01	-2.289363963086755160e-01	0.000000000000000000e+00
6.308584759953965726e-01	-2.289363963086755160e-01	0.000000000000000000e+00
6.308584759953965726e-01	-2.289363963086755160e-01	0.000000000000000000e+00
6.308584759953965726e-01	-2.289363963086755160e-01	0.000000000000000000e+00
6.308584759953965726e-01	-2.289363963086755160e-01	0.000000000000000000e+00
6.308584759953965726e-01	-2.169737121884872666e-01	0.000000000000000000e+00
8.245655764453303505e-01	-2.913802418857995846e-01	0.000000000000000000e+00
8.245655764453303505e-01	-2.825161306713677156e-01	0.000000000000000000e+00
8.245655764453303505e-01	-2.825161306713677156e-01	0.000000000000000000e+00
8.245655764453303505e-01	-2.825161306713677156e-01	0.000000000000000000e+00
8.245655764453303505e-01	-2.913802418857995846e-01	0.000000000000000000e+00
8.255803929714399247e-01	-3.000130281238809205e-01	0.000000000000000000e+00
8.265952094975494990e-01	-3.223456925263468720e-01	0.000000000000000000e+00
8.286248425497686476e-01	-3.640405706938472097e-01	0.000000000000000000e+00
8.286248425497686476e-01	-3.640405706938472097e-01	0.000000000000000000e+00
8.286248425497686476e-01	-3.640405706938472097e-01	0.000000000000000000e+00
8.286248425497686476e-01	-3.709997240650564354e-01	0.000000000000000000e+00
8.303233104851825974e-01	-3.875539804349441564e-01	0.000000000000000000e+00
8.303233104851825974e-01	-3.915559843148956887e-01	0.000000000000000000e+00
8.309118261358724444e-01	-4.327628919592381718e-01	0.000000000000000000e+00
8.309118261358724444e-01	-4.327628919592381718e-01	0.000000000000000000e+00
8.309118261358724444e-01	-4.327628919592381718e-01	0.000000000000000000e+00
8.315003417865622914e-01	-4.434533723974257713e-01	0.000000000000000000e+00
8.323543915680786665e-01	-4.538851766060670312e-01	0.000000000000000000e+00
8.330646516886655029e-01	-4.676781118049301855e-01	0.000000000000000000e+00
8.330646516886655029e-01	-4.676781118049301855e-01	0.000000000000000000e+00
8.344851719298391757e-01	-4.872570757121003626e-01	0.000000000000000000e+00
8.564466175969904782e-01	-5.647787450824085509e-01	0.000000000000000000e+00
8.373262124121864103e-01	-5.095854250639790806e-01	0.000000000000000000e+00
8.564466175969904782e-01	-5.647787450824085509e-01	0.000000000000000000e+00
8.564466175969904782e-01	-5.647787450824085509e-01	0.000000000000000000e+00
8.564466175969904782e-01	-5.647787450824085509e-01	0.000000000000000000e+00
8.564466175969904782e-01	-5.647787450824085509e-01	0.000000000000000000e+00
8.564466175969904782e-01	-5.647787450824085509e-01	0.000000000000000000e+00
8.564466175969904782e-01	-5.647787450824085509e-01	0.000000000000000000e+00
