0.000000000000000000e+00	1.432657286920880457e+00	0.000000000000000000e+00
7.254173825659588487e-03	1.290973748946557365e+00	0.000000000000000000e+00
2.663513716940564893e-02	1.206544467877232796e+00	0.000000000000000000e+00
5.072705314708615687e-02	1.010816861807976030e+00	0.000000000000000000e+00
6.160725617384159303e-02	9.681358176054066789e-01	0.000000000000000000e+00
7.248745920059701531e-02	9.100334235787097548e-01	0.000000000000000000e+00
9.424786525410788762e-02	8.572629753262657193e-01	0.000000000000000000e+00
9.424786525410788762e-02	8.171339838659575916e-01	0.000000000000000000e+00
9.812173982418725959e-02	8.167813624327341371e-01	0.000000000000000000e+00
9.812173982418725959e-02	8.167813624327341371e-01	0.000000000000000000e+00
9.812173982418725959e-02	8.167813624327341371e-01	0.000000000000000000e+00
9.812173982418725959e-02	8.167813624327341371e-01	0.000000000000000000e+00
1.928568946945556084e-01	7.280660358065769167e-01	0.000000000000000000e+00
1.963691980406347959e-01	6.991813580989776344e-01	0.000000000000000000e+00
2.106706562387517523e-01	6.067504654925851559e-01	0.000000000000000000e+00
2.106706562387517523e-01	6.067504654925851559e-01	0.000000000000000000e+00
2.266370521532694027e-01	4.858508679607736469e-01	0.000000000000000000e+00
2.266370521532694027e-01	4.858508679607736469e-01	0.000000000000000000e+00
2.327198635770274804e-01	4.174653145961468859e-01	0.000000000000000000e+00
2.385695600433190289e-01	3.710094095079879972e-01	0.000000000000000000e+00
2.385695600433190289e-01	3.710094095079879972e-01	0.000000000000000000e+00
2.475189409608562485e-01	3.279794524951628043e-01	0.000000000000000000e+00
2.566496335119785588e-01	3.189337410746010959e-01	0.000000000000000000e+00
2.566496335119785588e-01	3.164982977633584715e-01	0.000000000000000000e+00
2.566496335119785588e-01	3.164982977633584715e-01	0.000000000000000000e+00
2.566496335119785588e-01	3.164982977633584715e-01	0.000000000000000000e+00
2.566496335119785588e-01	3.164982977633584715e-01	0.000000000000000000e+00
2.566496335119785588e-01	3.164982977633584715e-01	0.000000000000000000e+00
2.566496335119785588e-01	3.164982977633584715e-01	0.000000000000000000e+00
2.566496335119785588e-01	3.164982977633584715e-01	0.000000000000000000e+00
2.566496335119785588e-01	3.164982977633584715e-01	0.000000000000000000e+00
4.119695316245505223e-01	2.856444279023119259e-01	0.000000000000000000e+00
4.149270383891477398e-01	2.598749659780604793e-01	0.000000000000000000e+00
4.222383136475539311e-01	2.099202102268152570e-01	0.000000000000000000e+00
4.222383136475539311e-01	2.099202102268152570e-01	0.000000000000000000e+00
4.273727046590556355e-01	1.043692728707328321e-01	0.000000000000000000e+00
4.273727046590556355e-01	1.043692728707328321e-01	0.000000000000000000e+00
4.328642136227977555e-01	3.985439717810330268e-02	0.000000000000000000e+00
4.328642136227977555e-01	3.985439717810330268e-02	0.000000000000000000e+00
4.328642136227977555e-01	3.985439717810330268e-02	0.000000000000000000e+00
4.344566379758848518e-01	2.884262212990510582e-02	0.000000000000000000e+00
4.344566379758848518e-01	2.643637238657384203e-02	0.000000000000000000e+00
4.383557225865398754e-01	-1.923533911285779316e-02	0.000000000000000000e+00
4.383557225865398754e-01	-1.923533911285779316e-02	0.000000000000000000e+00
4.383557225865398754e-01	-1.923533911285779316e-02	0.000000000000000000e+00
4.383557225865398754e-01	-1.923533911285779316e-02	0.000000000000000000e+00
4.383557225865398754e-01	-1.923533911285779316e-02	0.000000000000000000e+00
4.383557225865398754e-01	-1.923533911285779316e-02	0.000000000000000000e+00
4.383557225865398754e-01	-1.923533911285779316e-02	0.000000000000000000e+00
4.383557225865398754e-01	-1.923533911285779316e-02	0.000000000000000000e+00
4.383557225865398754e-01	-5.019987170865372259e-03	0.000000000000000000e+00
4.383557225865398754e-01	-5.019987170865372259e-03	0.000000000000000000e+00
6.289458007515140725e-01	-2.135976531707935444e-01	0.000000000000000000e+00
6.289458007515140725e-01	-2.135976531707935444e-01	0.000000000000000000e+00
6.289458007515140725e-01	-2.135976531707935444e-01	0.000000000000000000e+00
6.289458007515140725e-01	-2.135976531707935444e-01	0.000000000000000000e+00
6.289458007515140725e-01	-2.135976531707935444e-01	0.000000000000000000e+00
6.289458007515140725e-01	-2.135976531707935444e-01	0.000000000000000000e+00
6.289458007515140725e-01	-2.135976531707935444e-01	0.000000000000000000e+00
6.289458007515140725e-01	-2.135976531707935444e-01	0.000000000000000000e+00
6.289458007515140725e-01	-2.092708954136022481e-01	0.000000000000000000e+00
6.507186883771378660e-01	-3.291993111312516707e-01	0.000000000000000000e+00
6.507186883771378660e-01	-3.291993111312516707e-01	0.000000000000000000e+00
6.507186883771378660e-01	-3.291993111312516707e-01	0.000000000000000000e+00
6.507186883771378660e-01	-3.291993111312516707e-01	0.000000000000000000e+00
6.507186883771378660e-01	-3.291993111312516707e-01	0.000000000000000000e+00
6.434967929655955876e-01	-3.262287940790652430e-01	0.000000000000000000e+00
6.476217256615681706e-01	-3.313548290294638932e-01	0.000000000000000000e+00
6.476217256615681706e-01	-3.313548290294638932e-01	0.000000000000000000e+00
6.476217256615681706e-01	-3.313548290294638932e-01	0.000000000000000000e+00
6.476217256615681706e-01	-3.313548290294638932e-01	0.000000000000000000e+00
6.476217256615681706e-01	-3.313548290294638932e-01	0.000000000000000000e+00
6.476217256615681706e-01	-3.313548290294638932e-01	0.000000000000000000e+00
8.286248425497686476e-01	-3.831421850244441374e-01	0.000000000000000000e+00
8.286248425497686476e-01	-3.831421850244441374e-01	0.000000000000000000e+00
8.286248425497686476e-01	-3.831421850244441374e-01	0.000000000000000000e+00
8.286248425497686476e-01	-4.223049109803594381e-01	0.000000000000000000e+00
8.286248425497686476e-01	-4.053431921745513367e-01	0.000000000000000000e+00
8.286248425497686476e-01	-4.223049109803594381e-01	0.000000000000000000e+00
8.286248425497686476e-01	-4.299547907713592854e-01	0.000000000000000000e+00
8.286248425497686476e-01	-4.299547907713592854e-01	0.000000000000000000e+00
8.318166914824084435e-01	-4.905552639980306218e-01	0.000000000000000000e+00
8.318166914824084435e-01	-4.905552639980306218e-01	0.000000000000000000e+00
8.318166914824084435e-01	-4.905552639980306218e-01	0.000000000000000000e+00
8.318166914824084435e-01	-4.905552639980306218e-01	0.000000000000000000e+00
8.350085404150482393e-01	-5.210953070595271130e-01	0.000000000000000000e+00
8.350085404150482393e-01	-5.210953070595271130e-01	0.000000000000000000e+00
8.350085404150482393e-01	-5.210953070595271130e-01	0.000000000000000000e+00
8.350085404150482393e-01	-5.389961964157722329e-01	0.000000000000000000e+00
8.350085404150482393e-01	-5.389961964157722329e-01	0.000000000000000000e+00
8.350085404150482393e-01	-5.389961964157722329e-01	0.000000000000000000e+00
8.350085404150482393e-01	-5.389961964157722329e-01	0.000000000000000000e+00
8.478952493688651781e-01	-6.361227043648354229e-01	0.000000000000000000e+00
8.478952493688651781e-01	-6.361227043648354229e-01	0.000000000000000000e+00
8.478952493688651781e-01	-6.361227043648354229e-01	0.000000000000000000e+00
8.478952493688651781e-01	-6.361227043648354229e-01	0.000000000000000000e+00
8.478952493688651781e-01	-6.361227043648354229e-01	0.000000000000000000e+00
8.478952493688651781e-01	-6.361227043648354229e-01	0.000000000000000000e+00
8.478952493688651781e-01	-6.361227043648354229e-01	0.000000000000000000e+00
8.478952493688651781e-01	-6.361227043648354229e-01	0.000000000000000000e+00
