0.000000000000000000e+00	1.917154803107016470e+00	0.000000000000000000e+00
1.961348036645928911e-02	1.662701145528765245e+00	0.000000000000000000e+00
3.789618434136161895e-02	1.538070508908901735e+00	0.000000000000000000e+00
5.863983493233382305e-02	1.307331762605862480e+00	0.000000000000000000e+00
7.815301221527108655e-02	1.281205385849272904e+00	0.000000000000000000e+00
8.128233631322409614e-02	1.161726257374412485e+00	0.000000000000000000e+00
8.128233631322409614e-02	1.161726257374412485e+00	0.000000000000000000e+00
8.128233631322409614e-02	1.161726257374412485e+00	0.000000000000000000e+00
8.128233631322409614e-02	1.161726257374412485e+00	0.000000000000000000e+00
8.128233631322409614e-02	1.161726257374412485e+00	0.000000000000000000e+00
8.128233631322409614e-02	1.161726257374412485e+00	0.000000000000000000e+00
2.114305457346507267e-01	1.009303195445450996e+00	0.000000000000000000e+00
2.114305457346507267e-01	1.009303195445450996e+00	0.000000000000000000e+00
2.143660064984418412e-01	8.636275998871201232e-01	0.000000000000000000e+00
2.301873800016546179e-01	7.531869071140108174e-01	0.000000000000000000e+00
2.301873800016546179e-01	7.315917642069433846e-01	0.000000000000000000e+00
2.385778342736393776e-01	6.531139402233624436e-01	0.000000000000000000e+00
2.415132950374305199e-01	6.482445983468229089e-01	0.000000000000000000e+00
2.503196773288038912e-01	4.837901107672760159e-01	0.000000000000000000e+00
2.503196773288038912e-01	4.837901107672760159e-01	0.000000000000000000e+00
2.561905988563861758e-01	4.801922483846610135e-01	0.000000000000000000e+00
2.503196773288038912e-01	4.837901107672760159e-01	0.000000000000000000e+00
2.503196773288038912e-01	4.837901107672760159e-01	0.000000000000000000e+00
2.503196773288038912e-01	4.837901107672760159e-01	0.000000000000000000e+00
2.503196773288038912e-01	4.837901107672760159e-01	0.000000000000000000e+00
2.503196773288038912e-01	4.837901107672760159e-01	0.000000000000000000e+00
2.503196773288038912e-01	4.837901107672760159e-01	0.000000000000000000e+00
2.503196773288038912e-01	4.837901107672760159e-01	0.000000000000000000e+00
2.503196773288038912e-01	4.837901107672760159e-01	0.000000000000000000e+00
2.503196773288038912e-01	4.837901107672760159e-01	0.000000000000000000e+00
4.344566379758848518e-01	1.872825607805408965e-01	0.000000000000000000e+00
4.344566379758848518e-01	1.872825607805408965e-01	0.000000000000000000e+00
4.344566379758848518e-01	1.872825607805408965e-01	0.000000000000000000e+00
4.344566379758848518e-01	1.872825607805408965e-01	0.000000000000000000e+00
4.344566379758848518e-01	1.872825607805408965e-01	0.000000000000000000e+00
4.344566379758848518e-01	1.872825607805408965e-01	0.000000000000000000e+00
4.344566379758848518e-01	1.872825607805408965e-01	0.000000000000000000e+00
4.344566379758848518e-01	1.496612528055138447e-01	0.000000000000000000e+00
4.352364548980158787e-01	1.310999733386236932e-01	0.000000000000000000e+00
4.367960887422778771e-01	9.969975552691859311e-02	0.000000000000000000e+00
4.383557225865398754e-01	7.109871984117001331e-02	0.000000000000000000e+00
4.383557225865398754e-01	7.109871984117001331e-02	0.000000000000000000e+00
4.383557225865398754e-01	7.109871984117001331e-02	0.000000000000000000e+00
4.383557225865398754e-01	7.109871984117001331e-02	0.000000000000000000e+00
4.383557225865398754e-01	7.109871984117001331e-02	0.000000000000000000e+00
4.383557225865398754e-01	7.109871984117001331e-02	0.000000000000000000e+00
4.383557225865398754e-01	7.109871984117001331e-02	0.000000000000000000e+00
4.383557225865398754e-01	7.109871984117001331e-02	0.000000000000000000e+00
4.383557225865398754e-01	7.529462737007705520e-02	0.000000000000000000e+00
4.383557225865398754e-01	7.529462737007705520e-02	0.000000000000000000e+00
6.308584759953965726e-01	-1.370113722506268172e-01	0.000000000000000000e+00
6.308584759953965726e-01	-1.370113722506268172e-01	0.000000000000000000e+00
6.308584759953965726e-01	-1.769758504776030861e-01	0.000000000000000000e+00
6.308584759953965726e-01	-1.769758504776030861e-01	0.000000000000000000e+00
6.308584759953965726e-01	-1.769758504776030861e-01	0.000000000000000000e+00
6.308584759953965726e-01	-1.769758504776030861e-01	0.000000000000000000e+00
6.308584759953965726e-01	-1.769758504776030861e-01	0.000000000000000000e+00
6.308584759953965726e-01	-1.769758504776030861e-01	0.000000000000000000e+00
6.308584759953965726e-01	-1.769758504776030861e-01	0.000000000000000000e+00
6.308584759953965726e-01	-1.769758504776030861e-01	0.000000000000000000e+00
6.308584759953965726e-01	-1.765763328287539569e-01	0.000000000000000000e+00
6.308584759953965726e-01	-1.765763328287539569e-01	0.000000000000000000e+00
6.308584759953965726e-01	-1.890312813763561084e-01	0.000000000000000000e+00
6.308584759953965726e-01	-1.966756230243016934e-01	0.000000000000000000e+00
6.308584759953965726e-01	-1.966756230243016934e-01	0.000000000000000000e+00
6.308584759953965726e-01	-1.966756230243016934e-01	0.000000000000000000e+00
6.308584759953965726e-01	-1.966756230243016934e-01	0.000000000000000000e+00
6.308584759953965726e-01	-1.966756230243016934e-01	0.000000000000000000e+00
6.308584759953965726e-01	-1.966756230243016934e-01	0.000000000000000000e+00
6.308584759953965726e-01	-1.966756230243016934e-01	0.000000000000000000e+00
8.245655764453303505e-01	-2.871056086339217051e-01	0.000000000000000000e+00
8.245655764453303505e-01	-2.871056086339217051e-01	0.000000000000000000e+00
8.245655764453303505e-01	-2.871056086339217051e-01	0.000000000000000000e+00
8.245655764453303505e-01	-2.871056086339217051e-01	0.000000000000000000e+00
8.245655764453303505e-01	-2.871056086339217051e-01	0.000000000000000000e+00
8.245655764453303505e-01	-2.871056086339217051e-01	0.000000000000000000e+00
8.326841086542068338e-01	-4.354046211559235990e-01	0.000000000000000000e+00
8.326841086542068338e-01	-4.354046211559235990e-01	0.000000000000000000e+00
8.326841086542068338e-01	-4.354046211559235990e-01	0.000000000000000000e+00
8.326841086542068338e-01	-4.372033327706004169e-01	0.000000000000000000e+00
8.326841086542068338e-01	-4.372033327706004169e-01	0.000000000000000000e+00
8.326841086542068338e-01	-4.372033327706004169e-01	0.000000000000000000e+00
8.326841086542068338e-01	-4.372033327706004169e-01	0.000000000000000000e+00
8.326841086542068338e-01	-4.132668316089593286e-01	0.000000000000000000e+00
8.326841086542068338e-01	-4.132668316089593286e-01	0.000000000000000000e+00
8.326841086542068338e-01	-4.132668316089593286e-01	0.000000000000000000e+00
8.326841086542068338e-01	-4.372033327706004169e-01	0.000000000000000000e+00
8.484986547936685941e-01	-4.360725324050188090e-01	0.000000000000000000e+00
8.445246733920077631e-01	-4.752027701642635993e-01	0.000000000000000000e+00
8.445246733920077631e-01	-4.752027701642635993e-01	0.000000000000000000e+00
8.432000129247874121e-01	-4.818689717215802193e-01	0.000000000000000000e+00
8.432000129247874121e-01	-4.818689717215802193e-01	0.000000000000000000e+00
8.458493338592280031e-01	-5.079439323680046137e-01	0.000000000000000000e+00
8.458493338592280031e-01	-5.079439323680046137e-01	0.000000000000000000e+00
8.458493338592280031e-01	-5.079439323680046137e-01	0.000000000000000000e+00
8.484986547936687051e-01	-5.278528975090722719e-01	0.000000000000000000e+00
8.484986547936687051e-01	-5.278528975090722719e-01	0.000000000000000000e+00
8.537972966625499982e-01	-5.362349231081854350e-01	0.000000000000000000e+00
8.564466175969904782e-01	-5.440237950112695176e-01	0.000000000000000000e+00
8.564466175969904782e-01	-5.453844918261988584e-01	0.000000000000000000e+00
