2.430656162948696686e-02	5.227478335773099616e+00	0.000000000000000000e+00
2.430656162948696686e-02	5.198835008770730681e+00	0.000000000000000000e+00
2.430656162948696686e-02	5.198835008770730681e+00	0.000000000000000000e+00
7.933514474092279167e-02	4.840188502247896096e+00	0.000000000000000000e+00
7.933514474092279167e-02	4.840188502247896096e+00	0.000000000000000000e+00
1.343637278523586165e-01	4.582569990372922675e+00	0.000000000000000000e+00
1.343637278523586165e-01	4.344330766840611702e+00	0.000000000000000000e+00
1.343637278523586165e-01	4.582569990372922675e+00	0.000000000000000000e+00
1.343637278523586165e-01	4.582569990372922675e+00	0.000000000000000000e+00
1.343637278523586165e-01	4.582569990372922675e+00	0.000000000000000000e+00
3.383386489728632540e-01	4.356124277161064207e+00	0.000000000000000000e+00
3.383386489728632540e-01	4.356124277161064207e+00	0.000000000000000000e+00
3.383386489728632540e-01	4.356124277161064207e+00	0.000000000000000000e+00
3.383386489728632540e-01	4.356124277161064207e+00	0.000000000000000000e+00
3.383386489728632540e-01	4.356124277161064207e+00	0.000000000000000000e+00
3.814187148744109801e-01	4.298884406351095144e+00	0.000000000000000000e+00
4.244987807759587062e-01	3.807430221195972297e+00	0.000000000000000000e+00
4.244987807759587062e-01	3.807430221195972297e+00	0.000000000000000000e+00
4.244987807759587062e-01	3.807430221195972297e+00	0.000000000000000000e+00
4.244987807759587062e-01	3.807430221195972297e+00	0.000000000000000000e+00
4.244987807759587062e-01	3.805161137622561807e+00	0.000000000000000000e+00
4.583431038593711593e-01	3.112099032617621219e+00	0.000000000000000000e+00
4.583431038593711593e-01	2.998270215498566316e+00	0.000000000000000000e+00
4.583431038593711593e-01	2.998270215498566316e+00	0.000000000000000000e+00
4.583431038593711593e-01	2.998270215498566316e+00	0.000000000000000000e+00
4.583431038593711593e-01	2.998270215498566316e+00	0.000000000000000000e+00
4.583431038593711593e-01	2.998270215498566316e+00	0.000000000000000000e+00
4.583431038593711593e-01	2.998270215498566316e+00	0.000000000000000000e+00
4.583431038593711593e-01	2.998270215498566316e+00	0.000000000000000000e+00
4.583431038593711593e-01	2.998270215498566316e+00	0.000000000000000000e+00
4.752652654010773858e-01	2.869461249742122799e+00	0.000000000000000000e+00
4.921874269427836124e-01	3.012098573794605549e+00	0.000000000000000000e+00
6.590180104358920321e-01	3.405498487657895090e+00	0.000000000000000000e+00
6.590180104358920321e-01	3.405498487657895090e+00	0.000000000000000000e+00
6.590180104358920321e-01	3.405498487657895090e+00	0.000000000000000000e+00
6.590180104358920321e-01	3.405498487657895090e+00	0.000000000000000000e+00
6.590180104358920321e-01	3.405498487657895090e+00	0.000000000000000000e+00
8.258485939290005629e-01	3.267668975136927667e+00	0.000000000000000000e+00
8.258485939290005629e-01	2.779091495687449953e+00	0.000000000000000000e+00
8.258485939290005629e-01	2.779091495687449953e+00	0.000000000000000000e+00
8.258485939290005629e-01	2.779091495687449953e+00	0.000000000000000000e+00
8.258485939290005629e-01	2.779091495687449953e+00	0.000000000000000000e+00
8.258485939290005629e-01	2.779091495687449953e+00	0.000000000000000000e+00
8.258485939290005629e-01	2.779091495687449953e+00	0.000000000000000000e+00
8.258485939290005629e-01	2.779091495687449953e+00	0.000000000000000000e+00
8.258485939290005629e-01	2.779091495687449953e+00	0.000000000000000000e+00
8.258485939290005629e-01	2.783515997386265095e+00	0.000000000000000000e+00
8.258485939290005629e-01	2.783515997386265095e+00	0.000000000000000000e+00
8.258485939290005629e-01	2.783515997386265095e+00	0.000000000000000000e+00
8.258485939290005629e-01	2.843419930941501139e+00	0.000000000000000000e+00
8.258485939290005629e-01	2.843419930941501139e+00	0.000000000000000000e+00
8.258485939290005629e-01	2.779262580853012032e+00	0.000000000000000000e+00
8.258485939290005629e-01	2.843419930941501139e+00	0.000000000000000000e+00
8.258485939290005629e-01	2.843419930941501139e+00	0.000000000000000000e+00
8.258485939290005629e-01	2.843419930941501139e+00	0.000000000000000000e+00
9.031446922735364424e-01	3.014441610297624585e+00	0.000000000000000000e+00
9.031446922735364424e-01	3.014441610297624585e+00	0.000000000000000000e+00
1.000000000000000000e+00	2.900435295649615330e+00	0.000000000000000000e+00
1.000000000000000000e+00	2.900435295649615330e+00	0.000000000000000000e+00
1.000000000000000000e+00	2.900435295649615330e+00	0.000000000000000000e+00
1.000000000000000000e+00	2.900435295649615330e+00	0.000000000000000000e+00
1.000000000000000000e+00	2.900435295649615330e+00	0.000000000000000000e+00
1.000000000000000000e+00	2.900435295649615330e+00	0.000000000000000000e+00
1.000000000000000000e+00	2.900435295649615330e+00	0.000000000000000000e+00
1.000000000000000000e+00	2.900435295649615330e+00	0.000000000000000000e+00
1.000000000000000000e+00	2.916402900401242615e+00	0.000000000000000000e+00
1.000000000000000000e+00	2.916402900401242615e+00	0.000000000000000000e+00
2.972989139778065004e-01	3.405558669333962118e+00	0.000000000000000000e+00
2.972989139778065004e-01	3.405558669333962118e+00	0.000000000000000000e+00
2.972989139778065004e-01	3.405558669333962118e+00	0.000000000000000000e+00
2.972989139778065004e-01	3.405558669333962118e+00	0.000000000000000000e+00
4.906381733559731506e-01	3.153662832544282146e+00	0.000000000000000000e+00
1.000000000000000000e+00	2.220059258796666768e+00	0.000000000000000000e+00
1.000000000000000000e+00	2.220059258796666768e+00	0.000000000000000000e+00
1.000000000000000000e+00	2.224303235205999485e+00	0.000000000000000000e+00
1.000000000000000000e+00	2.224303235205999485e+00	0.000000000000000000e+00
1.000000000000000000e+00	2.224303235205999485e+00	0.000000000000000000e+00
1.000000000000000000e+00	2.224303235205999485e+00	0.000000000000000000e+00
1.000000000000000000e+00	2.224303235205999485e+00	0.000000000000000000e+00
1.000000000000000000e+00	2.224303235205999485e+00	0.000000000000000000e+00
1.000000000000000000e+00	2.224303235205999485e+00	0.000000000000000000e+00
1.000000000000000000e+00	2.223378185988469369e+00	0.000000000000000000e+00
1.000000000000000000e+00	2.223378185988469369e+00	0.000000000000000000e+00
1.000000000000000000e+00	2.111150773802528580e+00	0.000000000000000000e+00
1.000000000000000000e+00	2.111150773802528580e+00	0.000000000000000000e+00
1.000000000000000000e+00	2.111150773802528580e+00	0.000000000000000000e+00
1.000000000000000000e+00	2.111150773802528580e+00	0.000000000000000000e+00
1.000000000000000000e+00	2.111150773802528580e+00	0.000000000000000000e+00
1.000000000000000000e+00	2.111150773802528580e+00	0.000000000000000000e+00
1.000000000000000000e+00	2.111150773802528580e+00	0.000000000000000000e+00
1.000000000000000000e+00	1.992346960349398399e+00	0.000000000000000000e+00
1.000000000000000000e+00	1.992346960349398399e+00	0.000000000000000000e+00
1.000000000000000000e+00	1.992346960349398399e+00	0.000000000000000000e+00
1.000000000000000000e+00	1.992346960349398399e+00	0.000000000000000000e+00
1.000000000000000000e+00	1.992346960349398399e+00	0.000000000000000000e+00
1.000000000000000000e+00	1.992346960349398399e+00	0.000000000000000000e+00
1.000000000000000000e+00	1.992346960349398399e+00	0.000000000000000000e+00
1.000000000000000000e+00	1.992346960349398399e+00	0.000000000000000000e+00
1.000000000000000000e+00	2.065315662583937506e+00	0.000000000000000000e+00
1.000000000000000000e+00	2.129875954617837852e+00	0.000000000000000000e+00
