0.000000000000000000e+00	2.131587797866958844e+00	0.000000000000000000e+00
1.196512645959403945e-02	1.351670295398598398e+00	0.000000000000000000e+00
3.789618434136161895e-02	1.265025865974575670e+00	0.000000000000000000e+00
5.072705314708615687e-02	1.010259700035541996e+00	0.000000000000000000e+00
5.072705314708615687e-02	1.006833035686766964e+00	0.000000000000000000e+00
5.072705314708615687e-02	1.006833035686766964e+00	0.000000000000000000e+00
9.424786525410788762e-02	9.671820711107061985e-01	0.000000000000000000e+00
9.424786525410788762e-02	9.671820711107061985e-01	0.000000000000000000e+00
9.424786525410788762e-02	9.671820711107061985e-01	0.000000000000000000e+00
1.029754122991553278e-01	9.756855040233256560e-01	0.000000000000000000e+00
1.755269816155299867e-01	9.118411402109805053e-01	0.000000000000000000e+00
1.755269816155299867e-01	8.575111582178936986e-01	0.000000000000000000e+00
1.755269816155299867e-01	8.575111582178936986e-01	0.000000000000000000e+00
2.072175397118134754e-01	8.106873849688441824e-01	0.000000000000000000e+00
2.143660064984418412e-01	7.493896462523218505e-01	0.000000000000000000e+00
2.266370521532694027e-01	5.654229633804285227e-01	0.000000000000000000e+00
2.266370521532694027e-01	5.654229633804285227e-01	0.000000000000000000e+00
2.296719824496632478e-01	5.081722514053450546e-01	0.000000000000000000e+00
2.296719824496632478e-01	4.564346954384823074e-01	0.000000000000000000e+00
2.385695600433190289e-01	3.928438652078315441e-01	0.000000000000000000e+00
2.475189409608562485e-01	3.620530552014512016e-01	0.000000000000000000e+00
2.475707442847377149e-01	3.556116696737308125e-01	0.000000000000000000e+00
2.475707442847377149e-01	3.556116696737308125e-01	0.000000000000000000e+00
2.475707442847377149e-01	3.556116696737308125e-01	0.000000000000000000e+00
2.475707442847377149e-01	3.556526656099367467e-01	0.000000000000000000e+00
2.475707442847377149e-01	3.556526656099367467e-01	0.000000000000000000e+00
2.475707442847377149e-01	3.556526656099367467e-01	0.000000000000000000e+00
2.476743509325006198e-01	3.650535185770834024e-01	0.000000000000000000e+00
2.476743509325006198e-01	3.650535185770834024e-01	0.000000000000000000e+00
2.476743509325006198e-01	3.650535185770834024e-01	0.000000000000000000e+00
4.119695316245505223e-01	3.164214099120157830e-01	0.000000000000000000e+00
4.119695316245505223e-01	3.164214099120157830e-01	0.000000000000000000e+00
4.325070956705573400e-01	1.266287508142234508e-01	0.000000000000000000e+00
4.325070956705573400e-01	1.266287508142234508e-01	0.000000000000000000e+00
4.325070956705573400e-01	7.311051022055738147e-02	0.000000000000000000e+00
4.325070956705573400e-01	7.311051022055738147e-02	0.000000000000000000e+00
4.325070956705573400e-01	7.311051022055738147e-02	0.000000000000000000e+00
4.325070956705573400e-01	7.311051022055738147e-02	0.000000000000000000e+00
4.325070956705573400e-01	7.311051022055738147e-02	0.000000000000000000e+00
4.325070956705573400e-01	7.311051022055738147e-02	0.000000000000000000e+00
4.344566379758848518e-01	3.139925450794500000e-02	0.000000000000000000e+00
4.383557225865398754e-01	-6.921924171299520881e-03	0.000000000000000000e+00
4.383557225865398754e-01	-1.546277933810677636e-03	0.000000000000000000e+00
4.383557225865398754e-01	-6.921924171299520881e-03	0.000000000000000000e+00
4.383557225865398754e-01	-3.374534154097232150e-03	0.000000000000000000e+00
4.383557225865398754e-01	-3.374534154097232150e-03	0.000000000000000000e+00
4.383557225865398754e-01	-3.374534154097232150e-03	0.000000000000000000e+00
4.383557225865398754e-01	-3.374534154097232150e-03	0.000000000000000000e+00
4.383557225865398754e-01	-3.374534154097232150e-03	0.000000000000000000e+00
4.383557225865398754e-01	-3.374534154097232150e-03	0.000000000000000000e+00
4.383557225865398754e-01	-3.374534154097232150e-03	0.000000000000000000e+00
4.383557225865398754e-01	-3.107042804641879999e-03	0.000000000000000000e+00
6.303803071844259476e-01	-1.689315439469664670e-01	0.000000000000000000e+00
6.303803071844259476e-01	-1.689315439469664670e-01	0.000000000000000000e+00
6.303803071844259476e-01	-1.689315439469664670e-01	0.000000000000000000e+00
6.299021383734553226e-01	-1.711077094680444055e-01	0.000000000000000000e+00
6.299021383734553226e-01	-1.711077094680444055e-01	0.000000000000000000e+00
6.289458007515140725e-01	-1.607197529836132399e-01	0.000000000000000000e+00
6.289458007515140725e-01	-1.607197529836132399e-01	0.000000000000000000e+00
6.299021383734553226e-01	-1.711077094680444055e-01	0.000000000000000000e+00
6.308584759953965726e-01	-1.936034678274993481e-01	0.000000000000000000e+00
6.308584759953965726e-01	-2.222611255359017712e-01	0.000000000000000000e+00
6.308584759953965726e-01	-2.222611255359017712e-01	0.000000000000000000e+00
6.308584759953965726e-01	-2.189271981701728931e-01	0.000000000000000000e+00
6.597460576415655753e-01	-3.017189202217974153e-01	0.000000000000000000e+00
6.597460576415655753e-01	-3.017189202217974153e-01	0.000000000000000000e+00
6.597460576415655753e-01	-3.017189202217974153e-01	0.000000000000000000e+00
6.597460576415655753e-01	-3.017189202217974153e-01	0.000000000000000000e+00
6.597460576415655753e-01	-3.017189202217974153e-01	0.000000000000000000e+00
6.597460576415655753e-01	-3.146699197696162797e-01	0.000000000000000000e+00
6.597460576415655753e-01	-3.184297398044934058e-01	0.000000000000000000e+00
6.597460576415655753e-01	-3.194647254707814743e-01	0.000000000000000000e+00
6.597460576415655753e-01	-3.194647254707814743e-01	0.000000000000000000e+00
6.597460576415655753e-01	-3.194647254707814743e-01	0.000000000000000000e+00
6.597460576415655753e-01	-3.194647254707814743e-01	0.000000000000000000e+00
8.286248425497686476e-01	-4.333696899848181738e-01	0.000000000000000000e+00
8.286248425497686476e-01	-4.333696899848181738e-01	0.000000000000000000e+00
8.286248425497686476e-01	-4.333696899848181738e-01	0.000000000000000000e+00
8.286248425497686476e-01	-4.291126298216926260e-01	0.000000000000000000e+00
8.286248425497686476e-01	-4.352625567480302715e-01	0.000000000000000000e+00
8.286248425497686476e-01	-4.352625567480302715e-01	0.000000000000000000e+00
8.286248425497686476e-01	-4.352625567480302715e-01	0.000000000000000000e+00
8.286248425497686476e-01	-4.352625567480302715e-01	0.000000000000000000e+00
8.286248425497686476e-01	-4.352625567480302715e-01	0.000000000000000000e+00
8.309118261358724444e-01	-4.506452122593816445e-01	0.000000000000000000e+00
8.436792218664315168e-01	-5.375499851847744814e-01	0.000000000000000000e+00
8.436792218664315168e-01	-5.375499851847744814e-01	0.000000000000000000e+00
8.436792218664315168e-01	-5.375499851847744814e-01	0.000000000000000000e+00
8.436792218664315168e-01	-5.375499851847744814e-01	0.000000000000000000e+00
8.436792218664315168e-01	-5.375499851847744814e-01	0.000000000000000000e+00
8.436792218664315168e-01	-5.375499851847744814e-01	0.000000000000000000e+00
8.436792218664315168e-01	-5.375499851847744814e-01	0.000000000000000000e+00
8.564466175969904782e-01	-5.466694913859639904e-01	0.000000000000000000e+00
8.564466175969904782e-01	-5.466694913859639904e-01	0.000000000000000000e+00
8.564466175969904782e-01	-5.525934210618658193e-01	0.000000000000000000e+00
8.564466175969904782e-01	-5.525934210618658193e-01	0.000000000000000000e+00
8.564466175969904782e-01	-5.525934210618658193e-01	0.000000000000000000e+00
8.564466175969904782e-01	-5.659337075758416047e-01	0.000000000000000000e+00
8.564466175969904782e-01	-5.659337075758416047e-01	0.000000000000000000e+00
8.564466175969904782e-01	-5.740852401475421418e-01	0.000000000000000000e+00
