0.000000000000000000e+00	2.032460097766233709e+00	0.000000000000000000e+00
1.196512645959403945e-02	1.439291738713667890e+00	0.000000000000000000e+00
3.789618434136161895e-02	1.265025865974575670e+00	0.000000000000000000e+00
3.789618434136161895e-02	1.210332555479261218e+00	0.000000000000000000e+00
7.147559612999444811e-02	1.022264086350845869e+00	0.000000000000000000e+00
8.128233631322409614e-02	1.007782510335131887e+00	0.000000000000000000e+00
9.424786525410788762e-02	9.671820711107061985e-01	0.000000000000000000e+00
9.424786525410788762e-02	9.671820711107061985e-01	0.000000000000000000e+00
9.424786525410788762e-02	9.671820711107061985e-01	0.000000000000000000e+00
1.029754122991553278e-01	9.756855040233256560e-01	0.000000000000000000e+00
1.029754122991553278e-01	9.756855040233256560e-01	0.000000000000000000e+00
1.029754122991553278e-01	9.756855040233256560e-01	0.000000000000000000e+00
2.051955533746341875e-01	9.714311985722863252e-01	0.000000000000000000e+00
2.143660064984418412e-01	7.493896462523218505e-01	0.000000000000000000e+00
2.143660064984418412e-01	7.493896462523218505e-01	0.000000000000000000e+00
2.266370521532694027e-01	5.654229633804285227e-01	0.000000000000000000e+00
2.266370521532694027e-01	5.654229633804285227e-01	0.000000000000000000e+00
2.296719824496632478e-01	4.564346954384823074e-01	0.000000000000000000e+00
2.296719824496632478e-01	4.564346954384823074e-01	0.000000000000000000e+00
2.385695600433190289e-01	3.928438652078315441e-01	0.000000000000000000e+00
2.385695600433190289e-01	3.928438652078315441e-01	0.000000000000000000e+00
2.476743509325006198e-01	3.650535185770834024e-01	0.000000000000000000e+00
2.476743509325006198e-01	3.650535185770834024e-01	0.000000000000000000e+00
2.476743509325006198e-01	3.650535185770834024e-01	0.000000000000000000e+00
2.476743509325006198e-01	3.650535185770834024e-01	0.000000000000000000e+00
2.476743509325006198e-01	3.650535185770834024e-01	0.000000000000000000e+00
2.476743509325006198e-01	3.650535185770834024e-01	0.000000000000000000e+00
2.476743509325006198e-01	3.650535185770834024e-01	0.000000000000000000e+00
2.476743509325006198e-01	3.650535185770834024e-01	0.000000000000000000e+00
2.476743509325006198e-01	3.656332800621374113e-01	0.000000000000000000e+00
2.476743509325006198e-01	3.656332800621374113e-01	0.000000000000000000e+00
4.119695316245505223e-01	3.338791520851605577e-01	0.000000000000000000e+00
4.119695316245505223e-01	3.338791520851605577e-01	0.000000000000000000e+00
4.344566379758848518e-01	8.407923018538926430e-02	0.000000000000000000e+00
4.344566379758848518e-01	7.766993565266247512e-02	0.000000000000000000e+00
4.344566379758848518e-01	9.815507502556593267e-02	0.000000000000000000e+00
4.344566379758848518e-01	9.815507502556593267e-02	0.000000000000000000e+00
4.344566379758848518e-01	9.815507502556593267e-02	0.000000000000000000e+00
4.344566379758848518e-01	9.815507502556593267e-02	0.000000000000000000e+00
4.344566379758848518e-01	7.766993565266247512e-02	0.000000000000000000e+00
4.383557225865398754e-01	4.378125979979773791e-02	0.000000000000000000e+00
4.383557225865398754e-01	4.378125979979773791e-02	0.000000000000000000e+00
4.383557225865398754e-01	-9.786880079498086905e-04	0.000000000000000000e+00
4.383557225865398754e-01	-9.786880079498086905e-04	0.000000000000000000e+00
4.383557225865398754e-01	-9.786880079498086905e-04	0.000000000000000000e+00
4.383557225865398754e-01	-9.786880079498086905e-04	0.000000000000000000e+00
4.383557225865398754e-01	-9.786880079498086905e-04	0.000000000000000000e+00
4.383557225865398754e-01	3.694651072039700345e-03	0.000000000000000000e+00
4.383557225865398754e-01	3.694651072039700345e-03	0.000000000000000000e+00
4.383557225865398754e-01	3.694651072039700345e-03	0.000000000000000000e+00
4.383557225865398754e-01	3.694651072039700345e-03	0.000000000000000000e+00
4.383557225865398754e-01	3.694651072039700345e-03	0.000000000000000000e+00
6.308584759953965726e-01	-1.681399167151619856e-01	0.000000000000000000e+00
6.308584759953965726e-01	-1.681399167151619856e-01	0.000000000000000000e+00
6.308584759953965726e-01	-1.681399167151619856e-01	0.000000000000000000e+00
6.308584759953965726e-01	-1.681399167151619856e-01	0.000000000000000000e+00
6.308584759953965726e-01	-1.681399167151619856e-01	0.000000000000000000e+00
6.308584759953965726e-01	-1.826375120125233176e-01	0.000000000000000000e+00
6.308584759953965726e-01	-1.826375120125233176e-01	0.000000000000000000e+00
6.308584759953965726e-01	-1.826375120125233176e-01	0.000000000000000000e+00
6.308584759953965726e-01	-2.222611255359017712e-01	0.000000000000000000e+00
6.308584759953965726e-01	-2.222611255359017712e-01	0.000000000000000000e+00
6.308584759953965726e-01	-2.222611255359017712e-01	0.000000000000000000e+00
6.308584759953965726e-01	-2.189271981701728931e-01	0.000000000000000000e+00
6.308584759953965726e-01	-2.298627944448390636e-01	0.000000000000000000e+00
6.308584759953965726e-01	-2.298627944448390636e-01	0.000000000000000000e+00
6.597460576415655753e-01	-2.983763105748246658e-01	0.000000000000000000e+00
6.597460576415655753e-01	-2.983763105748246658e-01	0.000000000000000000e+00
6.597460576415655753e-01	-2.983763105748246658e-01	0.000000000000000000e+00
6.597460576415655753e-01	-3.194647254707814743e-01	0.000000000000000000e+00
6.597460576415655753e-01	-3.194647254707814743e-01	0.000000000000000000e+00
6.597460576415655753e-01	-3.194647254707814743e-01	0.000000000000000000e+00
6.597460576415655753e-01	-3.194647254707814743e-01	0.000000000000000000e+00
6.597460576415655753e-01	-3.194647254707814743e-01	0.000000000000000000e+00
6.597460576415655753e-01	-3.194647254707814743e-01	0.000000000000000000e+00
6.597460576415655753e-01	-3.194647254707814743e-01	0.000000000000000000e+00
8.286248425497686476e-01	-4.585564354993333924e-01	0.000000000000000000e+00
8.286248425497686476e-01	-4.585564354993333924e-01	0.000000000000000000e+00
8.286248425497686476e-01	-4.585564354993333924e-01	0.000000000000000000e+00
8.286248425497686476e-01	-4.585564354993333924e-01	0.000000000000000000e+00
8.300625921681654695e-01	-3.924046781245920101e-01	0.000000000000000000e+00
8.300625921681654695e-01	-3.924046781245920101e-01	0.000000000000000000e+00
8.309118261358724444e-01	-4.409653024580351133e-01	0.000000000000000000e+00
8.309118261358724444e-01	-4.409653024580351133e-01	0.000000000000000000e+00
8.309118261358724444e-01	-4.409653024580351133e-01	0.000000000000000000e+00
8.309118261358724444e-01	-4.409653024580351133e-01	0.000000000000000000e+00
8.564466175969904782e-01	-5.252810417861543124e-01	0.000000000000000000e+00
8.564466175969904782e-01	-5.252810417861543124e-01	0.000000000000000000e+00
8.564466175969904782e-01	-5.252810417861543124e-01	0.000000000000000000e+00
8.564466175969904782e-01	-5.252810417861543124e-01	0.000000000000000000e+00
8.564466175969904782e-01	-5.252810417861543124e-01	0.000000000000000000e+00
8.564466175969904782e-01	-5.268974728474186131e-01	0.000000000000000000e+00
8.564466175969904782e-01	-5.740852401475421418e-01	0.000000000000000000e+00
8.564466175969904782e-01	-5.740852401475421418e-01	0.000000000000000000e+00
8.564466175969904782e-01	-5.740852401475421418e-01	0.000000000000000000e+00
8.564466175969904782e-01	-5.740852401475421418e-01	0.000000000000000000e+00
8.564466175969904782e-01	-5.740852401475421418e-01	0.000000000000000000e+00
8.564466175969904782e-01	-5.740852401475421418e-01	0.000000000000000000e+00
8.564466175969904782e-01	-5.740852401475421418e-01	0.000000000000000000e+00
8.564466175969904782e-01	-5.740852401475421418e-01	0.000000000000000000e+00
