0.000000000000000000e+00	2.499033494083582774e+00	0.000000000000000000e+00
2.016269016065816086e-02	2.175851271549718025e+00	0.000000000000000000e+00
4.182609957382521504e-02	1.975522229787984640e+00	0.000000000000000000e+00
4.182609957382521504e-02	1.975522229787984640e+00	0.000000000000000000e+00
8.295607922336385720e-02	1.966927422081951038e+00	0.000000000000000000e+00
1.109198442245607485e-01	1.809799076601152690e+00	0.000000000000000000e+00
1.109198442245607485e-01	1.809799076601152690e+00	0.000000000000000000e+00
1.109198442245607485e-01	1.809799076601152690e+00	0.000000000000000000e+00
1.109198442245607485e-01	1.809799076601152690e+00	0.000000000000000000e+00
2.016936891120115760e-01	1.517145071110329368e+00	0.000000000000000000e+00
2.016936891120115760e-01	1.517145071110329368e+00	0.000000000000000000e+00
2.125337392303691952e-01	1.447397955178498563e+00	0.000000000000000000e+00
2.281741502689396961e-01	1.233960170548850099e+00	0.000000000000000000e+00
2.281741502689396961e-01	1.233960170548850099e+00	0.000000000000000000e+00
2.301873800016546179e-01	1.113220697829480077e+00	0.000000000000000000e+00
2.402535286652292545e-01	1.071927405390759924e+00	0.000000000000000000e+00
2.503196773288038912e-01	1.000166431356089847e+00	0.000000000000000000e+00
2.503196773288038912e-01	9.861934335004487462e-01	0.000000000000000000e+00
2.503196773288038912e-01	9.861934335004487462e-01	0.000000000000000000e+00
2.503196773288038912e-01	9.861934335004487462e-01	0.000000000000000000e+00
2.503196773288038912e-01	9.861934335004487462e-01	0.000000000000000000e+00
2.503196773288038912e-01	9.550266783189446107e-01	0.000000000000000000e+00
2.503196773288038912e-01	9.550266783189446107e-01	0.000000000000000000e+00
2.503196773288038912e-01	9.550266783189446107e-01	0.000000000000000000e+00
2.503196773288038912e-01	9.550266783189446107e-01	0.000000000000000000e+00
2.503196773288038912e-01	9.550266783189446107e-01	0.000000000000000000e+00
2.503196773288038912e-01	9.550266783189446107e-01	0.000000000000000000e+00
4.389795761242446526e-01	7.613381719622996924e-01	0.000000000000000000e+00
4.389795761242446526e-01	7.613381719622996924e-01	0.000000000000000000e+00
4.389795761242446526e-01	7.613381719622996924e-01	0.000000000000000000e+00
4.404583400654708547e-01	7.300588585071664527e-01	0.000000000000000000e+00
4.404583400654708547e-01	6.796991996491047461e-01	0.000000000000000000e+00
4.434158679479232035e-01	4.763656667603550221e-01	0.000000000000000000e+00
4.434158679479232035e-01	4.763656667603550221e-01	0.000000000000000000e+00
4.434158679479232035e-01	4.763656667603550221e-01	0.000000000000000000e+00
4.434158679479232035e-01	4.763656667603550221e-01	0.000000000000000000e+00
4.434158679479232035e-01	4.763656667603550221e-01	0.000000000000000000e+00
4.434158679479232035e-01	4.763656667603550221e-01	0.000000000000000000e+00
4.434158679479232035e-01	4.763656667603550221e-01	0.000000000000000000e+00
4.434158679479232035e-01	4.763656667603550221e-01	0.000000000000000000e+00
4.434158679479232035e-01	4.763656667603550221e-01	0.000000000000000000e+00
4.434158679479232035e-01	4.763656667603550221e-01	0.000000000000000000e+00
6.308584759953965726e-01	4.062427306408745165e-01	0.000000000000000000e+00
6.308584759953965726e-01	4.062427306408745165e-01	0.000000000000000000e+00
6.308584759953965726e-01	4.062427306408745165e-01	0.000000000000000000e+00
6.308584759953965726e-01	4.062427306408745165e-01	0.000000000000000000e+00
6.308584759953965726e-01	4.062427306408745165e-01	0.000000000000000000e+00
6.308584759953965726e-01	4.062427306408745165e-01	0.000000000000000000e+00
6.308584759953965726e-01	2.607179031489879617e-01	0.000000000000000000e+00
6.308584759953965726e-01	2.416355098366227694e-01	0.000000000000000000e+00
6.308584759953965726e-01	2.416355098366227694e-01	0.000000000000000000e+00
6.308584759953965726e-01	2.416355098366227694e-01	0.000000000000000000e+00
6.308584759953965726e-01	2.416355098366227694e-01	0.000000000000000000e+00
6.308584759953965726e-01	2.416355098366227694e-01	0.000000000000000000e+00
6.308584759953965726e-01	2.416355098366227694e-01	0.000000000000000000e+00
6.308584759953965726e-01	2.416355098366227694e-01	0.000000000000000000e+00
6.308584759953965726e-01	2.416355098366227694e-01	0.000000000000000000e+00
6.308584759953965726e-01	2.599983049000286761e-01	0.000000000000000000e+00
6.308584759953965726e-01	2.599983049000286761e-01	0.000000000000000000e+00
6.308584759953965726e-01	2.599983049000286761e-01	0.000000000000000000e+00
8.297687564169045071e-01	4.096383360288782111e-02	0.000000000000000000e+00
8.297687564169045071e-01	4.096383360288782111e-02	0.000000000000000000e+00
8.297687564169045071e-01	4.096383360288782111e-02	0.000000000000000000e+00
8.297687564169045071e-01	4.096383360288782111e-02	0.000000000000000000e+00
8.297687564169045071e-01	4.096383360288782111e-02	0.000000000000000000e+00
8.297687564169045071e-01	4.096383360288782111e-02	0.000000000000000000e+00
8.297687564169045071e-01	4.096383360288782111e-02	0.000000000000000000e+00
8.297687564169045071e-01	-5.383198456686722616e-02	0.000000000000000000e+00
8.297687564169045071e-01	-5.383198456686722616e-02	0.000000000000000000e+00
8.297687564169045071e-01	-5.383198456686722616e-02	0.000000000000000000e+00
8.297687564169045071e-01	-5.383198456686722616e-02	0.000000000000000000e+00
8.297687564169045071e-01	-5.383198456686722616e-02	0.000000000000000000e+00
8.297687564169045071e-01	-5.383198456686722616e-02	0.000000000000000000e+00
8.297687564169045071e-01	-5.383198456686722616e-02	0.000000000000000000e+00
8.297687564169045071e-01	-5.383198456686722616e-02	0.000000000000000000e+00
8.297687564169045071e-01	-5.051803177624702296e-02	0.000000000000000000e+00
8.297687564169045071e-01	-5.051803177624702296e-02	0.000000000000000000e+00
8.317584137779134856e-01	-4.714213510503369176e-02	0.000000000000000000e+00
8.317584137779134856e-01	-7.332495536113542434e-02	0.000000000000000000e+00
8.389305490282473743e-01	-1.635523318720825126e-01	0.000000000000000000e+00
8.389305490282473743e-01	-1.635523318720825126e-01	0.000000000000000000e+00
8.389305490282473743e-01	-1.635523318720825126e-01	0.000000000000000000e+00
8.389305490282473743e-01	-1.635523318720825126e-01	0.000000000000000000e+00
8.389305490282473743e-01	-1.635523318720825126e-01	0.000000000000000000e+00
8.389305490282473743e-01	-1.635523318720825126e-01	0.000000000000000000e+00
8.389305490282473743e-01	-1.635523318720825126e-01	0.000000000000000000e+00
8.389305490282473743e-01	-1.635523318720825126e-01	0.000000000000000000e+00
8.389305490282473743e-01	-1.637843929939628296e-01	0.000000000000000000e+00
8.403572508661956153e-01	-1.778930346361301262e-01	0.000000000000000000e+00
8.407891240236393671e-01	-2.693816470915048056e-01	0.000000000000000000e+00
8.407891240236393671e-01	-2.693816470915048056e-01	0.000000000000000000e+00
8.414831619123170903e-01	-2.234253497468291771e-01	0.000000000000000000e+00
8.414831619123170903e-01	-2.234253497468291771e-01	0.000000000000000000e+00
8.414831619123170903e-01	-2.234253497468291771e-01	0.000000000000000000e+00
8.446373563800403383e-01	-2.600375419676633215e-01	0.000000000000000000e+00
8.446373563800403383e-01	-2.600375419676633215e-01	0.000000000000000000e+00
8.446373563800403383e-01	-2.600375419676633215e-01	0.000000000000000000e+00
8.446373563800403383e-01	-2.600375419676633215e-01	0.000000000000000000e+00
8.446373563800403383e-01	-2.600375419676633215e-01	0.000000000000000000e+00
8.446373563800403383e-01	-2.600375419676633215e-01	0.000000000000000000e+00
