0.000000000000000000e+00	1.078580947619275809e+00	0.000000000000000000e+00
1.421267379320047611e-02	9.386139022543752430e-01	0.000000000000000000e+00
2.629452912248159482e-02	8.687903034959011395e-01	0.000000000000000000e+00
3.930922338824605067e-02	8.342773182944891452e-01	0.000000000000000000e+00
5.726508179578505831e-02	7.655468928408313278e-01	0.000000000000000000e+00
6.858102277496549992e-02	7.288826231102211173e-01	0.000000000000000000e+00
8.481792750298711159e-02	7.143220357587765079e-01	0.000000000000000000e+00
8.481792750298711159e-02	7.143220357587765079e-01	0.000000000000000000e+00
8.481792750298711159e-02	7.143220357587765079e-01	0.000000000000000000e+00
8.481792750298711159e-02	7.143220357587765079e-01	0.000000000000000000e+00
8.481792750298711159e-02	7.143220357587765079e-01	0.000000000000000000e+00
8.481792750298711159e-02	7.143220357587765079e-01	0.000000000000000000e+00
1.928568946945556084e-01	6.784683735331933363e-01	0.000000000000000000e+00
2.032257896384410956e-01	5.939319225300931926e-01	0.000000000000000000e+00
2.106706562387517523e-01	5.553153705354527681e-01	0.000000000000000000e+00
2.204359970216604736e-01	4.822375860542978954e-01	0.000000000000000000e+00
2.236916428621127106e-01	4.151248475231103519e-01	0.000000000000000000e+00
2.291606875662112186e-01	3.966472533551251844e-01	0.000000000000000000e+00
2.377929905146891065e-01	3.502697390516081866e-01	0.000000000000000000e+00
2.464643365499111505e-01	3.076007696235387168e-01	0.000000000000000000e+00
2.528541410089752417e-01	2.775646491510909142e-01	0.000000000000000000e+00
2.566496335119785588e-01	2.688273469729075549e-01	0.000000000000000000e+00
2.566496335119785588e-01	2.688273469729075549e-01	0.000000000000000000e+00
2.566496335119785588e-01	2.688273469729075549e-01	0.000000000000000000e+00
2.566496335119785588e-01	2.688273469729075549e-01	0.000000000000000000e+00
2.566496335119785588e-01	2.688273469729075549e-01	0.000000000000000000e+00
2.566496335119785588e-01	2.688273469729075549e-01	0.000000000000000000e+00
2.566496335119785588e-01	2.688273469729075549e-01	0.000000000000000000e+00
2.566496335119785588e-01	2.688273469729075549e-01	0.000000000000000000e+00
2.566496335119785588e-01	2.688273469729075549e-01	0.000000000000000000e+00
4.151940106995550828e-01	2.141892176145055726e-01	0.000000000000000000e+00
4.190196184040737015e-01	1.664532960116060223e-01	0.000000000000000000e+00
4.211525693067150189e-01	1.354267401637123391e-01	0.000000000000000000e+00
4.211525693067150189e-01	1.231797457112792094e-01	0.000000000000000000e+00
4.262438447106338124e-01	6.201311650994526664e-02	0.000000000000000000e+00
4.262438447106338124e-01	6.201311650994526664e-02	0.000000000000000000e+00
4.310897152691868794e-01	2.718805594976337822e-02	0.000000000000000000e+00
4.330280634926081396e-01	9.216466400285427615e-03	0.000000000000000000e+00
4.381162275790887461e-01	-3.709367420270347909e-02	0.000000000000000000e+00
4.407814563862929580e-01	-5.024469239191188541e-02	0.000000000000000000e+00
4.468387945844842779e-01	-8.464910806919039021e-02	0.000000000000000000e+00
4.468387945844842779e-01	-8.464910806919039021e-02	0.000000000000000000e+00
4.492617298637608392e-01	-8.503955461336119848e-02	0.000000000000000000e+00
4.492617298637608392e-01	-8.503955461336119848e-02	0.000000000000000000e+00
4.492617298637608392e-01	-8.503955461336119848e-02	0.000000000000000000e+00
4.492617298637608392e-01	-8.503955461336119848e-02	0.000000000000000000e+00
4.492617298637608392e-01	-8.503955461336119848e-02	0.000000000000000000e+00
4.492617298637608392e-01	-8.503955461336119848e-02	0.000000000000000000e+00
4.492617298637608392e-01	-8.503955461336119848e-02	0.000000000000000000e+00
6.190807606397159546e-01	-9.846029148639064144e-02	0.000000000000000000e+00
6.222616872213576622e-01	-1.350447024569070009e-01	0.000000000000000000e+00
6.222616872213576622e-01	-1.350447024569070009e-01	0.000000000000000000e+00
6.237657981937421159e-01	-1.600930322534352135e-01	0.000000000000000000e+00
6.243823049424521709e-01	-1.891259524208029064e-01	0.000000000000000000e+00
6.272511759648862206e-01	-2.025610918678526218e-01	0.000000000000000000e+00
6.286235403846411884e-01	-2.250729009894343879e-01	0.000000000000000000e+00
6.307869672354893265e-01	-2.400242432157467798e-01	0.000000000000000000e+00
6.333328591656418594e-01	-2.738112540997325040e-01	0.000000000000000000e+00
6.333328591656418594e-01	-2.738112540997325040e-01	0.000000000000000000e+00
6.345658726630620805e-01	-2.906688325069748946e-01	0.000000000000000000e+00
6.368519453405490083e-01	-3.293065132662713057e-01	0.000000000000000000e+00
6.368519453405490083e-01	-3.293065132662713057e-01	0.000000000000000000e+00
6.381088853757186374e-01	-3.413341746243485075e-01	0.000000000000000000e+00
6.404188845909550842e-01	-3.588062698429079767e-01	0.000000000000000000e+00
6.404188845909550842e-01	-3.733587391851155290e-01	0.000000000000000000e+00
6.439691469840922444e-01	-3.909381947139822233e-01	0.000000000000000000e+00
6.452094101619928468e-01	-3.992958581462441869e-01	0.000000000000000000e+00
6.523525667334082456e-01	-4.129832715930772946e-01	0.000000000000000000e+00
6.523525667334082456e-01	-4.129832715930772946e-01	0.000000000000000000e+00
6.523525667334082456e-01	-4.129832715930772946e-01	0.000000000000000000e+00
6.499999357330306093e-01	-4.031363790598258001e-01	0.000000000000000000e+00
6.499999357330306093e-01	-4.031363790598258001e-01	0.000000000000000000e+00
8.246071894369633171e-01	-4.295801418284001527e-01	0.000000000000000000e+00
8.246071894369633171e-01	-4.295801418284001527e-01	0.000000000000000000e+00
8.279193508423391412e-01	-4.570584414266373741e-01	0.000000000000000000e+00
8.279193508423391412e-01	-4.570584414266373741e-01	0.000000000000000000e+00
8.296141896200972532e-01	-4.758774433503703549e-01	0.000000000000000000e+00
8.302023069392309162e-01	-4.973153187235474504e-01	0.000000000000000000e+00
8.302023069392309162e-01	-4.973153187235474504e-01	0.000000000000000000e+00
8.312315122477149654e-01	-5.202526044298567687e-01	0.000000000000000000e+00
8.324077468859824025e-01	-5.345715302598023078e-01	0.000000000000000000e+00
8.324077468859824025e-01	-5.345715302598023078e-01	0.000000000000000000e+00
8.338093373768471483e-01	-5.494565200406784644e-01	0.000000000000000000e+00
8.338093373768471483e-01	-5.652127351835366520e-01	0.000000000000000000e+00
8.342640802668481737e-01	-5.949804863327224913e-01	0.000000000000000000e+00
8.342640802668481737e-01	-5.949804863327224913e-01	0.000000000000000000e+00
8.342640802668481737e-01	-5.949804863327224913e-01	0.000000000000000000e+00
8.342640802668481737e-01	-6.045160520826263761e-01	0.000000000000000000e+00
8.354396292085830567e-01	-6.170383745551757393e-01	0.000000000000000000e+00
8.378301460025120440e-01	-6.444096059515718178e-01	0.000000000000000000e+00
8.378301460025120440e-01	-6.444096059515718178e-01	0.000000000000000000e+00
8.380567902537854330e-01	-6.456796622420638565e-01	0.000000000000000000e+00
8.394166557614268775e-01	-6.597292495836708515e-01	0.000000000000000000e+00
8.396433000127003776e-01	-6.646550729516391698e-01	0.000000000000000000e+00
8.410031655203416001e-01	-6.796451681823407753e-01	0.000000000000000000e+00
8.419097425254357114e-01	-6.888779085324113760e-01	0.000000000000000000e+00
8.425896752792563227e-01	-6.970782518140344886e-01	0.000000000000000000e+00
8.440628629125344062e-01	-7.064234752117927174e-01	0.000000000000000000e+00
8.467259328649984207e-01	-7.165924885420097423e-01	0.000000000000000000e+00
8.487090700636420459e-01	-7.187688493467951911e-01	0.000000000000000000e+00
