0.000000000000000000e+00	1.019739240738197106e+00	0.000000000000000000e+00
1.421267379320047611e-02	8.985737503659703140e-01	0.000000000000000000e+00
3.119366647370960810e-02	8.086757753158544393e-01	0.000000000000000000e+00
4.544361109816834332e-02	7.532751405205421191e-01	0.000000000000000000e+00
6.109903952862533877e-02	7.074518193345018524e-01	0.000000000000000000e+00
7.572988912375172577e-02	6.800725415533348528e-01	0.000000000000000000e+00
7.959382369066542173e-02	6.781957159044892380e-01	0.000000000000000000e+00
8.315621852518233215e-02	6.764607632367143353e-01	0.000000000000000000e+00
8.315621852518233215e-02	6.764607632367143353e-01	0.000000000000000000e+00
8.315621852518233215e-02	6.764607632367143353e-01	0.000000000000000000e+00
8.315621852518233215e-02	6.764607632367143353e-01	0.000000000000000000e+00
8.315621852518233215e-02	6.764607632367143353e-01	0.000000000000000000e+00
1.928568946945556084e-01	6.363484714989146029e-01	0.000000000000000000e+00
2.004377296269159447e-01	5.650246022594447304e-01	0.000000000000000000e+00
2.075625192959497656e-01	5.177320768182704924e-01	0.000000000000000000e+00
2.163884852139394965e-01	4.517132959557996208e-01	0.000000000000000000e+00
2.226351602774749860e-01	4.055416384735026081e-01	0.000000000000000000e+00
2.286542616810615103e-01	3.627648520240345786e-01	0.000000000000000000e+00
2.352022091729957520e-01	3.158676106908763770e-01	0.000000000000000000e+00
2.417501566649299938e-01	2.832930287428244709e-01	0.000000000000000000e+00
2.528541410089752417e-01	2.562349679956609783e-01	0.000000000000000000e+00
2.547518872604769280e-01	2.503317855401432368e-01	0.000000000000000000e+00
2.547518872604769280e-01	2.503317855401432368e-01	0.000000000000000000e+00
2.547518872604769280e-01	2.503317855401432368e-01	0.000000000000000000e+00
2.547518872604769280e-01	2.503317855401432368e-01	0.000000000000000000e+00
2.547518872604769280e-01	2.503317855401432368e-01	0.000000000000000000e+00
2.547518872604769280e-01	2.503317855401432368e-01	0.000000000000000000e+00
2.547518872604769280e-01	2.503317855401432368e-01	0.000000000000000000e+00
2.547518872604769280e-01	2.503317855401432368e-01	0.000000000000000000e+00
2.547518872604769280e-01	2.503317855401432368e-01	0.000000000000000000e+00
4.151940106995550828e-01	1.838476119722755597e-01	0.000000000000000000e+00
4.177396484015144518e-01	1.693695135978484367e-01	0.000000000000000000e+00
4.203060976176872243e-01	1.370114180359506550e-01	0.000000000000000000e+00
4.222444458411084844e-01	1.044710807270103209e-01	0.000000000000000000e+00
4.262438447106338124e-01	7.430929451534591668e-02	0.000000000000000000e+00
4.299244554953945974e-01	3.318368391192831612e-02	0.000000000000000000e+00
4.327554832736895118e-01	1.047196494193322960e-02	0.000000000000000000e+00
4.357607688947963132e-01	-2.685112571039200216e-02	0.000000000000000000e+00
4.404785894763833531e-01	-3.549221507259622127e-02	0.000000000000000000e+00
4.428595463380426978e-01	-7.839847717015578643e-02	0.000000000000000000e+00
4.463589960175167737e-01	-8.490244699189843092e-02	0.000000000000000000e+00
4.511209097408354629e-01	-1.086554835603186497e-01	0.000000000000000000e+00
4.552875842487393854e-01	-1.133641275713666713e-01	0.000000000000000000e+00
4.552875842487393854e-01	-1.133641275713666713e-01	0.000000000000000000e+00
4.552875842487393854e-01	-1.133641275713666713e-01	0.000000000000000000e+00
4.552875842487393854e-01	-1.133641275713666713e-01	0.000000000000000000e+00
4.552875842487393854e-01	-1.133641275713666713e-01	0.000000000000000000e+00
4.552875842487393854e-01	-1.133641275713666713e-01	0.000000000000000000e+00
4.535018666024948075e-01	-1.117344379356302875e-01	0.000000000000000000e+00
4.535018666024948075e-01	-1.117344379356302875e-01	0.000000000000000000e+00
6.211159386032457652e-01	-1.481060743902586352e-01	0.000000000000000000e+00
6.211159386032457652e-01	-1.565045995182700600e-01	0.000000000000000000e+00
6.236707614661177734e-01	-1.828666031159151828e-01	0.000000000000000000e+00
6.247793142267052957e-01	-1.994002748415991677e-01	0.000000000000000000e+00
6.266738021786759649e-01	-2.195182339054208842e-01	0.000000000000000000e+00
6.275702378780483315e-01	-2.401180963082452935e-01	0.000000000000000000e+00
6.313592137819895589e-01	-2.793256066627334833e-01	0.000000000000000000e+00
6.313592137819895589e-01	-2.793256066627334833e-01	0.000000000000000000e+00
6.332342567923074927e-01	-2.965424889317634372e-01	0.000000000000000000e+00
6.351287447442781620e-01	-3.151198879291627342e-01	0.000000000000000000e+00
6.356883366383427880e-01	-3.377632537158252179e-01	0.000000000000000000e+00
6.367033210712877977e-01	-3.567529483598381179e-01	0.000000000000000000e+00
6.389360435058797361e-01	-3.674423025254752728e-01	0.000000000000000000e+00
6.401723853502681028e-01	-3.760923123230031084e-01	0.000000000000000000e+00
6.422023542161581222e-01	-3.976125762408500020e-01	0.000000000000000000e+00
6.438877538113023657e-01	-4.103578373992873285e-01	0.000000000000000000e+00
6.462630734636831686e-01	-4.203333942855401739e-01	0.000000000000000000e+00
6.475626261426625785e-01	-4.322174858873537029e-01	0.000000000000000000e+00
6.515764679866991038e-01	-4.418295877171358743e-01	0.000000000000000000e+00
6.515764679866991038e-01	-4.418295877171358743e-01	0.000000000000000000e+00
6.515764679866991038e-01	-4.418295877171358743e-01	0.000000000000000000e+00
6.515764679866991038e-01	-4.418295877171358743e-01	0.000000000000000000e+00
6.515764679866991038e-01	-4.418295877171358743e-01	0.000000000000000000e+00
8.252755880025111068e-01	-4.737264458770663045e-01	0.000000000000000000e+00
8.252755880025111068e-01	-4.737264458770663045e-01	0.000000000000000000e+00
8.252755880025111068e-01	-4.808090484405427856e-01	0.000000000000000000e+00
8.261415871037695036e-01	-4.964607600075158222e-01	0.000000000000000000e+00
8.283065848569155509e-01	-5.247111305433374007e-01	0.000000000000000000e+00
8.283065848569155509e-01	-5.247111305433374007e-01	0.000000000000000000e+00
8.291725839581739477e-01	-5.345350947786748907e-01	0.000000000000000000e+00
8.300385830594323444e-01	-5.444448226967352200e-01	0.000000000000000000e+00
8.310920603343608937e-01	-5.582671794710365454e-01	0.000000000000000000e+00
8.311411280500464738e-01	-5.698554622427322025e-01	0.000000000000000000e+00
8.319580594356192904e-01	-5.819397504693630818e-01	0.000000000000000000e+00
8.331443661556807712e-01	-5.935988555596317662e-01	0.000000000000000000e+00
8.352457396926862288e-01	-6.173336834027111086e-01	0.000000000000000000e+00
8.352457396926862288e-01	-6.173336834027111086e-01	0.000000000000000000e+00
8.371198640245832712e-01	-6.352232644815027918e-01	0.000000000000000000e+00
8.372613212735238175e-01	-6.354394973105073063e-01	0.000000000000000000e+00
8.384281593607180172e-01	-6.544794839197911607e-01	0.000000000000000000e+00
8.387110738585991099e-01	-6.573359735423295325e-01	0.000000000000000000e+00
8.398779119457933096e-01	-6.689529263941307313e-01	0.000000000000000000e+00
8.403022836926150596e-01	-6.763767356595675739e-01	0.000000000000000000e+00
8.414479954151399266e-01	-6.876566877786005616e-01	0.000000000000000000e+00
8.416105790287498056e-01	-6.996626988273357828e-01	0.000000000000000000e+00
8.435184243826758799e-01	-7.104670739689499248e-01	0.000000000000000000e+00
8.435184243826758799e-01	-7.195245868254789290e-01	0.000000000000000000e+00
8.442805580140770871e-01	-7.238273556387051499e-01	0.000000000000000000e+00
8.454262697366018431e-01	-7.330056348965269253e-01	0.000000000000000000e+00
8.477176931816514660e-01	-7.400966502969139604e-01	0.000000000000000000e+00
