2.430656162948696686e-02	4.469242300682332747e+00	0.000000000000000000e+00
2.430656162948696686e-02	4.469242300682332747e+00	0.000000000000000000e+00
5.182085318520487927e-02	4.220626986692355587e+00	0.000000000000000000e+00
6.557799896306383547e-02	3.686237339292584902e+00	0.000000000000000000e+00
7.245657185199330663e-02	3.573392958005662479e+00	0.000000000000000000e+00
8.277443118538752032e-02	3.439435684257306836e+00	0.000000000000000000e+00
8.277443118538752032e-02	3.439435684257306836e+00	0.000000000000000000e+00
8.277443118538752032e-02	3.439435684257306836e+00	0.000000000000000000e+00
8.277443118538752032e-02	3.439435684257306836e+00	0.000000000000000000e+00
8.277443118538752032e-02	3.439435684257306836e+00	0.000000000000000000e+00
8.277443118538752032e-02	3.439435684257306836e+00	0.000000000000000000e+00
8.277443118538752032e-02	3.439435684257306836e+00	0.000000000000000000e+00
8.277443118538752032e-02	3.452980491120613671e+00	0.000000000000000000e+00
2.303769298076668859e-01	3.058863554028438347e+00	0.000000000000000000e+00
2.303769298076668859e-01	3.058863554028438347e+00	0.000000000000000000e+00
2.303769298076668859e-01	3.058863554028438347e+00	0.000000000000000000e+00
2.303769298076668859e-01	3.058863554028438347e+00	0.000000000000000000e+00
2.303769298076668859e-01	3.242883990511186809e+00	0.000000000000000000e+00
2.303769298076668859e-01	3.242883990511186809e+00	0.000000000000000000e+00
2.303769298076668859e-01	3.242883990511186809e+00	0.000000000000000000e+00
2.303769298076668859e-01	3.242883990511186809e+00	0.000000000000000000e+00
2.303769298076668859e-01	3.244024063511336653e+00	0.000000000000000000e+00
2.303769298076668859e-01	3.244024063511336653e+00	0.000000000000000000e+00
2.303769298076668859e-01	3.244024063511336653e+00	0.000000000000000000e+00
2.303769298076668859e-01	3.282623376789029379e+00	0.000000000000000000e+00
4.414209423176649327e-01	2.393719499006039086e+00	0.000000000000000000e+00
4.386446501897287575e-01	2.584901808462403139e+00	0.000000000000000000e+00
4.386446501897287575e-01	2.584901808462403139e+00	0.000000000000000000e+00
4.386446501897287575e-01	2.584901808462403139e+00	0.000000000000000000e+00
4.386446501897287575e-01	2.584901808462403139e+00	0.000000000000000000e+00
4.358683580617925823e-01	2.757195634933142792e+00	0.000000000000000000e+00
4.358683580617925823e-01	2.757195634933142792e+00	0.000000000000000000e+00
4.358683580617925823e-01	2.534009948898708231e+00	0.000000000000000000e+00
4.358683580617925823e-01	2.534009948898708231e+00	0.000000000000000000e+00
4.358683580617925823e-01	2.534009948898708231e+00	0.000000000000000000e+00
4.358683580617925823e-01	2.534009948898708231e+00	0.000000000000000000e+00
4.358683580617925823e-01	2.534009948898708231e+00	0.000000000000000000e+00
4.358683580617925823e-01	2.534009948898708231e+00	0.000000000000000000e+00
4.358683580617925823e-01	2.534009948898708231e+00	0.000000000000000000e+00
4.358683580617925823e-01	2.534009948898708231e+00	0.000000000000000000e+00
4.358683580617925823e-01	2.520322783374053355e+00	0.000000000000000000e+00
4.358683580617925823e-01	2.502873931429811183e+00	0.000000000000000000e+00
4.358683580617925823e-01	2.502873931429811183e+00	0.000000000000000000e+00
4.358683580617925823e-01	2.605531751371258142e+00	0.000000000000000000e+00
4.358683580617925823e-01	2.605531751371258142e+00	0.000000000000000000e+00
4.358683580617925823e-01	2.605531751371258142e+00	0.000000000000000000e+00
4.233089412925575279e-01	2.634793924037623025e+00	0.000000000000000000e+00
4.609871916002626913e-01	2.732237170540156690e+00	0.000000000000000000e+00
4.609871916002626913e-01	2.740389685909571327e+00	0.000000000000000000e+00
8.258485939290005629e-01	2.074867212766641433e+00	0.000000000000000000e+00
8.258485939290005629e-01	2.067062579250970256e+00	0.000000000000000000e+00
8.258485939290005629e-01	2.067062579250970256e+00	0.000000000000000000e+00
8.258485939290005629e-01	2.242362998579627398e+00	0.000000000000000000e+00
8.258485939290005629e-01	2.242362998579627398e+00	0.000000000000000000e+00
8.258485939290005629e-01	2.242362998579627398e+00	0.000000000000000000e+00
8.258485939290005629e-01	2.242362998579627398e+00	0.000000000000000000e+00
8.258485939290005629e-01	2.242362998579627398e+00	0.000000000000000000e+00
8.258485939290005629e-01	2.242362998579627398e+00	0.000000000000000000e+00
8.258485939290005629e-01	2.242362998579627398e+00	0.000000000000000000e+00
8.258485939290005629e-01	2.242362998579627398e+00	0.000000000000000000e+00
8.258485939290005629e-01	2.203141943784094448e+00	0.000000000000000000e+00
8.258485939290005629e-01	2.203141943784094448e+00	0.000000000000000000e+00
8.258485939290005629e-01	2.203141943784094448e+00	0.000000000000000000e+00
8.258485939290005629e-01	1.901411871720289692e+00	0.000000000000000000e+00
8.258485939290005629e-01	1.901411871720289692e+00	0.000000000000000000e+00
8.258485939290005629e-01	1.940654923341293747e+00	0.000000000000000000e+00
8.258485939290005629e-01	1.940654923341293747e+00	0.000000000000000000e+00
1.000000000000000000e+00	2.339365071378909811e+00	0.000000000000000000e+00
1.000000000000000000e+00	2.339365071378909811e+00	0.000000000000000000e+00
1.000000000000000000e+00	2.182705469575751511e+00	0.000000000000000000e+00
1.000000000000000000e+00	2.182705469575751511e+00	0.000000000000000000e+00
1.000000000000000000e+00	2.182705469575751511e+00	0.000000000000000000e+00
1.000000000000000000e+00	2.182705469575751511e+00	0.000000000000000000e+00
1.000000000000000000e+00	2.182705469575751511e+00	0.000000000000000000e+00
1.000000000000000000e+00	2.105381307547957270e+00	0.000000000000000000e+00
1.000000000000000000e+00	2.105381307547957270e+00	0.000000000000000000e+00
1.000000000000000000e+00	2.105381307547957270e+00	0.000000000000000000e+00
1.000000000000000000e+00	2.105381307547957270e+00	0.000000000000000000e+00
1.000000000000000000e+00	2.105381307547957270e+00	0.000000000000000000e+00
1.000000000000000000e+00	2.105381307547957270e+00	0.000000000000000000e+00
1.000000000000000000e+00	2.105381307547957270e+00	0.000000000000000000e+00
1.000000000000000000e+00	2.105381307547957270e+00	0.000000000000000000e+00
1.000000000000000000e+00	2.029769594627646612e+00	0.000000000000000000e+00
1.000000000000000000e+00	2.029769594627646612e+00	0.000000000000000000e+00
1.000000000000000000e+00	2.029769594627646612e+00	0.000000000000000000e+00
1.000000000000000000e+00	2.029769594627646612e+00	0.000000000000000000e+00
1.000000000000000000e+00	2.029769594627646612e+00	0.000000000000000000e+00
1.000000000000000000e+00	2.029769594627646612e+00	0.000000000000000000e+00
1.000000000000000000e+00	1.965945362556883680e+00	0.000000000000000000e+00
1.000000000000000000e+00	1.965945362556883680e+00	0.000000000000000000e+00
1.000000000000000000e+00	1.965945362556883680e+00	0.000000000000000000e+00
1.000000000000000000e+00	1.965945362556883680e+00	0.000000000000000000e+00
1.000000000000000000e+00	1.917892213733216833e+00	0.000000000000000000e+00
1.000000000000000000e+00	1.917892213733216833e+00	0.000000000000000000e+00
1.000000000000000000e+00	1.917892213733216833e+00	0.000000000000000000e+00
1.000000000000000000e+00	1.917892213733216833e+00	0.000000000000000000e+00
1.000000000000000000e+00	1.917892213733216833e+00	0.000000000000000000e+00
1.000000000000000000e+00	1.917892213733216833e+00	0.000000000000000000e+00
1.000000000000000000e+00	1.911101242182670523e+00	0.000000000000000000e+00
1.000000000000000000e+00	1.911101242182670523e+00	0.000000000000000000e+00
