0.000000000000000000e+00	1.150464259582817173e+00	0.000000000000000000e+00
8.748888800478461097e-03	9.952645853042227930e-01	0.000000000000000000e+00
2.629452912248159482e-02	8.806205514567984061e-01	0.000000000000000000e+00
2.629452912248159482e-02	8.806205514567984061e-01	0.000000000000000000e+00
6.160725617384159303e-02	8.035025272055181800e-01	0.000000000000000000e+00
6.704735768721931111e-02	7.932261821407985414e-01	0.000000000000000000e+00
8.763664470537051165e-02	7.455595717830515445e-01	0.000000000000000000e+00
8.763664470537051165e-02	7.455595717830515445e-01	0.000000000000000000e+00
8.763664470537051165e-02	7.455595717830515445e-01	0.000000000000000000e+00
8.763664470537051165e-02	7.455595717830515445e-01	0.000000000000000000e+00
8.763664470537051165e-02	7.570168301406513534e-01	0.000000000000000000e+00
8.763664470537051165e-02	7.570168301406513534e-01	0.000000000000000000e+00
1.928568946945556084e-01	7.149522714627095654e-01	0.000000000000000000e+00
1.963691980406347959e-01	6.865721905580756124e-01	0.000000000000000000e+00
2.106706562387517523e-01	5.704839875415711470e-01	0.000000000000000000e+00
2.236916428621127106e-01	4.766946177824266107e-01	0.000000000000000000e+00
2.236916428621127106e-01	4.766946177824266107e-01	0.000000000000000000e+00
2.291606875662112186e-01	3.966472533551251844e-01	0.000000000000000000e+00
2.327198635770274804e-01	3.883529471706230751e-01	0.000000000000000000e+00
2.432223244279301533e-01	3.315441832000861067e-01	0.000000000000000000e+00
2.476095967776487938e-01	2.985333087450660616e-01	0.000000000000000000e+00
2.566496335119785588e-01	2.715874577419410962e-01	0.000000000000000000e+00
2.566496335119785588e-01	2.715874577419410962e-01	0.000000000000000000e+00
2.566496335119785588e-01	2.704982853912794583e-01	0.000000000000000000e+00
2.566496335119785588e-01	2.704982853912794583e-01	0.000000000000000000e+00
2.566496335119785588e-01	2.704982853912794583e-01	0.000000000000000000e+00
2.566496335119785588e-01	2.704982853912794583e-01	0.000000000000000000e+00
2.566496335119785588e-01	2.704982853912794583e-01	0.000000000000000000e+00
2.566496335119785588e-01	2.704982853912794583e-01	0.000000000000000000e+00
2.566496335119785588e-01	2.704982853912794583e-01	0.000000000000000000e+00
4.151940106995550828e-01	2.322966214800768758e-01	0.000000000000000000e+00
4.197464989878566533e-01	1.758231000524091148e-01	0.000000000000000000e+00
4.197464989878566533e-01	1.758231000524091148e-01	0.000000000000000000e+00
4.254654339937534724e-01	1.428337185912471607e-01	0.000000000000000000e+00
4.264425732504219524e-01	9.860204544730735710e-02	0.000000000000000000e+00
4.330280634926081396e-01	1.782568305200074588e-02	0.000000000000000000e+00
4.310897152691868794e-01	3.782640112516463121e-02	0.000000000000000000e+00
4.330280634926081396e-01	1.782568305200074588e-02	0.000000000000000000e+00
4.349664117160293442e-01	1.137151460511408611e-03	0.000000000000000000e+00
4.388431081628717534e-01	-2.198000765616707139e-02	0.000000000000000000e+00
4.543498939502415013e-01	-6.447369226516755369e-02	0.000000000000000000e+00
4.543498939502415013e-01	-6.873509595408147654e-02	0.000000000000000000e+00
4.543498939502415013e-01	-7.844035962689306640e-02	0.000000000000000000e+00
4.543498939502415013e-01	-7.865664248572737383e-02	0.000000000000000000e+00
4.543498939502415013e-01	-7.865664248572737383e-02	0.000000000000000000e+00
4.543498939502415013e-01	-7.865664248572737383e-02	0.000000000000000000e+00
4.543498939502415013e-01	-7.865664248572737383e-02	0.000000000000000000e+00
4.543498939502415013e-01	-7.865664248572737383e-02	0.000000000000000000e+00
4.543498939502415013e-01	-7.865664248572737383e-02	0.000000000000000000e+00
4.543498939502415013e-01	-7.865664248572737383e-02	0.000000000000000000e+00
6.243823049424521709e-01	-1.803330082550449187e-01	0.000000000000000000e+00
6.243823049424521709e-01	-1.803330082550449187e-01	0.000000000000000000e+00
6.243823049424521709e-01	-1.803330082550449187e-01	0.000000000000000000e+00
6.243823049424521709e-01	-1.803330082550449187e-01	0.000000000000000000e+00
6.243823049424521709e-01	-1.803330082550449187e-01	0.000000000000000000e+00
6.265029226635466797e-01	-2.134486281703703858e-01	0.000000000000000000e+00
6.286235403846411884e-01	-2.346503169924203935e-01	0.000000000000000000e+00
6.286235403846411884e-01	-2.346503169924203935e-01	0.000000000000000000e+00
6.334888869452457438e-01	-2.624971203563630784e-01	0.000000000000000000e+00
6.362336157847556795e-01	-2.932622992966067987e-01	0.000000000000000000e+00
6.362336157847556795e-01	-2.932622992966067987e-01	0.000000000000000000e+00
6.362336157847556795e-01	-3.061114098690305152e-01	0.000000000000000000e+00
6.362336157847556795e-01	-3.174725494998668074e-01	0.000000000000000000e+00
6.381088853757186374e-01	-3.452546634420197158e-01	0.000000000000000000e+00
6.399841549666814844e-01	-3.524247211310062577e-01	0.000000000000000000e+00
6.476217256615681706e-01	-3.894123776464188391e-01	0.000000000000000000e+00
6.476217256615681706e-01	-3.894123776464188391e-01	0.000000000000000000e+00
6.476217256615681706e-01	-3.894123776464188391e-01	0.000000000000000000e+00
6.476217256615681706e-01	-3.898271161391095307e-01	0.000000000000000000e+00
6.476217256615681706e-01	-3.898271161391095307e-01	0.000000000000000000e+00
6.476217256615681706e-01	-3.898271161391095307e-01	0.000000000000000000e+00
6.476217256615681706e-01	-3.898271161391095307e-01	0.000000000000000000e+00
6.476217256615681706e-01	-3.904230711161499889e-01	0.000000000000000000e+00
8.263823206335318972e-01	-4.572732732038489734e-01	0.000000000000000000e+00
8.263823206335318972e-01	-4.572732732038489734e-01	0.000000000000000000e+00
8.263823206335318972e-01	-4.572732732038489734e-01	0.000000000000000000e+00
8.263823206335318972e-01	-4.572732732038489734e-01	0.000000000000000000e+00
8.312315122477149654e-01	-5.030582255688352822e-01	0.000000000000000000e+00
8.312315122477149654e-01	-5.030582255688352822e-01	0.000000000000000000e+00
8.312315122477149654e-01	-5.030582255688352822e-01	0.000000000000000000e+00
8.312315122477149654e-01	-5.030582255688352822e-01	0.000000000000000000e+00
8.335839815242498396e-01	-5.389969774764759025e-01	0.000000000000000000e+00
8.335839815242498396e-01	-5.389969774764759025e-01	0.000000000000000000e+00
8.331098863822421485e-01	-5.398075550271613787e-01	0.000000000000000000e+00
8.360807038618980336e-01	-5.709200174327986321e-01	0.000000000000000000e+00
8.355759617442922726e-01	-5.689342947028684927e-01	0.000000000000000000e+00
8.360807038618980336e-01	-5.755014359210929298e-01	0.000000000000000000e+00
8.365742759695213859e-01	-6.010887052629916294e-01	0.000000000000000000e+00
8.365742759695213859e-01	-6.010887052629916294e-01	0.000000000000000000e+00
8.370938468223271256e-01	-6.076037523877068081e-01	0.000000000000000000e+00
8.386041583070888983e-01	-6.273901913654933438e-01	0.000000000000000000e+00
8.386041583070888983e-01	-6.273901913654933438e-01	0.000000000000000000e+00
8.396433000127003776e-01	-6.539159749452899684e-01	0.000000000000000000e+00
8.396433000127003776e-01	-6.539159749452899684e-01	0.000000000000000000e+00
8.396433000127003776e-01	-6.539159749452899684e-01	0.000000000000000000e+00
8.427393492310075729e-01	-6.628232065402256401e-01	0.000000000000000000e+00
8.448176326422306426e-01	-6.789641985664730539e-01	0.000000000000000000e+00
8.468959160534537123e-01	-6.815300508716020111e-01	0.000000000000000000e+00
8.468959160534537123e-01	-6.878227217061757548e-01	0.000000000000000000e+00
8.468959160534537123e-01	-6.878227217061757548e-01	0.000000000000000000e+00
