0.000000000000000000e+00	1.083466401224381315e+00	0.000000000000000000e+00
1.421267379320047611e-02	9.386139022543752430e-01	0.000000000000000000e+00
2.926169919025276012e-02	8.662577824198763876e-01	0.000000000000000000e+00
3.930922338824605067e-02	8.333481066480312727e-01	0.000000000000000000e+00
5.726508179578505831e-02	7.473958059057109748e-01	0.000000000000000000e+00
7.669947513897630575e-02	7.153457134032858988e-01	0.000000000000000000e+00
8.481792750298711159e-02	7.131180941587813571e-01	0.000000000000000000e+00
8.481792750298711159e-02	7.131180941587813571e-01	0.000000000000000000e+00
8.481792750298711159e-02	7.131180941587813571e-01	0.000000000000000000e+00
8.481792750298711159e-02	7.131180941587813571e-01	0.000000000000000000e+00
8.481792750298711159e-02	7.131180941587813571e-01	0.000000000000000000e+00
8.481792750298711159e-02	7.143220357587765079e-01	0.000000000000000000e+00
1.928568946945556084e-01	6.606604755246919813e-01	0.000000000000000000e+00
2.004377296269159447e-01	6.164379825555245107e-01	0.000000000000000000e+00
2.106706562387517523e-01	5.318178640874507979e-01	0.000000000000000000e+00
2.177213300650399641e-01	4.611787251712875513e-01	0.000000000000000000e+00
2.236916428621127106e-01	4.151248475231103519e-01	0.000000000000000000e+00
2.291606875662112186e-01	3.674555462094758473e-01	0.000000000000000000e+00
2.377929905146891065e-01	3.502697390516081866e-01	0.000000000000000000e+00
2.464643365499111505e-01	3.076007696235387168e-01	0.000000000000000000e+00
2.528541410089752417e-01	2.703771825865995959e-01	0.000000000000000000e+00
2.566496335119785588e-01	2.682368693768861778e-01	0.000000000000000000e+00
2.566496335119785588e-01	2.682368693768861778e-01	0.000000000000000000e+00
2.566496335119785588e-01	2.682024060266501309e-01	0.000000000000000000e+00
2.566496335119785588e-01	2.682024060266501309e-01	0.000000000000000000e+00
2.566496335119785588e-01	2.682024060266501309e-01	0.000000000000000000e+00
2.566496335119785588e-01	2.682024060266501309e-01	0.000000000000000000e+00
2.566496335119785588e-01	2.682024060266501309e-01	0.000000000000000000e+00
2.566496335119785588e-01	2.682024060266501309e-01	0.000000000000000000e+00
2.566496335119785588e-01	2.682024060266501309e-01	0.000000000000000000e+00
4.151940106995550828e-01	2.059908264212469697e-01	0.000000000000000000e+00
4.177396484015144518e-01	1.691265418106977780e-01	0.000000000000000000e+00
4.211525693067150189e-01	1.235465255723488809e-01	0.000000000000000000e+00
4.222444458411084844e-01	1.065898346219967679e-01	0.000000000000000000e+00
4.262438447106338124e-01	6.201311650994526664e-02	0.000000000000000000e+00
4.272130188223444147e-01	5.552102391371211559e-02	0.000000000000000000e+00
4.310897152691868794e-01	2.718805594976337822e-02	0.000000000000000000e+00
4.330280634926081396e-01	3.051289237331968746e-03	0.000000000000000000e+00
4.381162275790887461e-01	-2.303308480647993720e-02	0.000000000000000000e+00
4.407814563862929580e-01	-4.824037264530783853e-02	0.000000000000000000e+00
4.468387945844842779e-01	-7.000646614131367240e-02	0.000000000000000000e+00
4.513817982331278511e-01	-8.920944002976115283e-02	0.000000000000000000e+00
4.535018666024948075e-01	-8.999613698468982015e-02	0.000000000000000000e+00
4.535018666024948075e-01	-8.999613698468982015e-02	0.000000000000000000e+00
4.535018666024948075e-01	-8.999613698468982015e-02	0.000000000000000000e+00
4.535018666024948075e-01	-8.999613698468982015e-02	0.000000000000000000e+00
4.535018666024948075e-01	-8.999613698468982015e-02	0.000000000000000000e+00
4.535018666024948075e-01	-8.999613698468982015e-02	0.000000000000000000e+00
4.492617298637608392e-01	-8.677760909279841339e-02	0.000000000000000000e+00
6.190807606397159546e-01	-9.846029148639064144e-02	0.000000000000000000e+00
6.222616872213576622e-01	-1.564278790938472552e-01	0.000000000000000000e+00
6.222616872213576622e-01	-1.564278790938472552e-01	0.000000000000000000e+00
6.237657981937421159e-01	-1.730587145249483372e-01	0.000000000000000000e+00
6.243823049424521709e-01	-1.891259524208029064e-01	0.000000000000000000e+00
6.278979842003982181e-01	-2.243834306711982585e-01	0.000000000000000000e+00
6.286235403846411884e-01	-2.381975924182772597e-01	0.000000000000000000e+00
6.323749647704736132e-01	-2.810759660166953222e-01	0.000000000000000000e+00
6.323749647704736132e-01	-2.810759660166953222e-01	0.000000000000000000e+00
6.323749647704736132e-01	-2.810759660166953222e-01	0.000000000000000000e+00
6.346134550555113663e-01	-3.034084558648718621e-01	0.000000000000000000e+00
6.368519453405490083e-01	-3.258391066920127144e-01	0.000000000000000000e+00
6.368519453405490083e-01	-3.310873997037874217e-01	0.000000000000000000e+00
6.413189578321910611e-01	-3.567245412617007783e-01	0.000000000000000000e+00
6.422023542161581222e-01	-3.691714898987036864e-01	0.000000000000000000e+00
6.439691469840922444e-01	-3.886681197073367233e-01	0.000000000000000000e+00
6.439691469840922444e-01	-3.925057897321022060e-01	0.000000000000000000e+00
6.481608568587502450e-01	-4.150823816121357868e-01	0.000000000000000000e+00
6.523525667334082456e-01	-4.209440162063971536e-01	0.000000000000000000e+00
6.523525667334082456e-01	-4.209440162063971536e-01	0.000000000000000000e+00
6.523525667334082456e-01	-4.248110601868700376e-01	0.000000000000000000e+00
6.523525667334082456e-01	-4.248110601868700376e-01	0.000000000000000000e+00
6.523525667334082456e-01	-4.248110601868700376e-01	0.000000000000000000e+00
6.523525667334082456e-01	-4.248110601868700376e-01	0.000000000000000000e+00
8.279193508423391412e-01	-4.471381226227753025e-01	0.000000000000000000e+00
8.279193508423391412e-01	-4.671506218135447752e-01	0.000000000000000000e+00
8.279193508423391412e-01	-4.671506218135447752e-01	0.000000000000000000e+00
8.279581089174092856e-01	-4.844688651081793251e-01	0.000000000000000000e+00
8.302023069392309162e-01	-5.034522572993747058e-01	0.000000000000000000e+00
8.309907860226053433e-01	-5.082078185615552801e-01	0.000000000000000000e+00
8.312315122477149654e-01	-5.229062689355484794e-01	0.000000000000000000e+00
8.315053886768473124e-01	-5.460827483040987529e-01	0.000000000000000000e+00
8.315053886768473124e-01	-5.460827483040987529e-01	0.000000000000000000e+00
8.329554997442469855e-01	-5.679017354964600584e-01	0.000000000000000000e+00
8.329554997442469855e-01	-5.679017354964600584e-01	0.000000000000000000e+00
8.329554997442469855e-01	-5.792862366111456440e-01	0.000000000000000000e+00
8.342640802668481737e-01	-5.964547498304332285e-01	0.000000000000000000e+00
8.354396292085830567e-01	-6.043018571950039552e-01	0.000000000000000000e+00
8.378301460025120440e-01	-6.297398699680997192e-01	0.000000000000000000e+00
8.378301460025120440e-01	-6.297398699680997192e-01	0.000000000000000000e+00
8.378301460025120440e-01	-6.546319981846842051e-01	0.000000000000000000e+00
8.378301460025120440e-01	-6.546319981846842051e-01	0.000000000000000000e+00
8.378301460025120440e-01	-6.546319981846842051e-01	0.000000000000000000e+00
8.393883252300176068e-01	-6.715783299178951227e-01	0.000000000000000000e+00
8.409465044575232806e-01	-6.906844411084611668e-01	0.000000000000000000e+00
8.409465044575232806e-01	-6.906844411084611668e-01	0.000000000000000000e+00
8.409465044575232806e-01	-6.924512002891877183e-01	0.000000000000000000e+00
8.440628629125344062e-01	-7.159169210054574517e-01	0.000000000000000000e+00
8.440628629125344062e-01	-7.159169210054574517e-01	0.000000000000000000e+00
8.467259328649984207e-01	-7.231847046552504210e-01	0.000000000000000000e+00
8.479724762470028931e-01	-7.275637564658492540e-01	0.000000000000000000e+00
