0.000000000000000000e+00	1.229801092731323875e+00	0.000000000000000000e+00
1.773259777364792275e-02	1.114023714432492707e+00	0.000000000000000000e+00
2.629452912248159482e-02	9.186953359474965275e-01	0.000000000000000000e+00
2.629452912248159482e-02	9.186953359474965275e-01	0.000000000000000000e+00
6.160725617384159303e-02	8.098537466842470334e-01	0.000000000000000000e+00
6.704735768721931111e-02	7.932261821407985414e-01	0.000000000000000000e+00
8.335567903095367215e-02	7.805545898355006340e-01	0.000000000000000000e+00
8.335567903095367215e-02	7.805545898355006340e-01	0.000000000000000000e+00
8.335567903095367215e-02	7.805545898355006340e-01	0.000000000000000000e+00
8.335567903095367215e-02	7.805545898355006340e-01	0.000000000000000000e+00
8.335567903095367215e-02	7.832993761738439309e-01	0.000000000000000000e+00
8.335567903095367215e-02	7.832993761738439309e-01	0.000000000000000000e+00
1.928568946945556084e-01	7.149522714627095654e-01	0.000000000000000000e+00
1.963691980406347959e-01	6.991813580989776344e-01	0.000000000000000000e+00
2.106706562387517523e-01	6.163948994122331326e-01	0.000000000000000000e+00
2.194863230542109245e-01	5.552437190749326401e-01	0.000000000000000000e+00
2.224111712873567126e-01	5.085274033861614251e-01	0.000000000000000000e+00
2.314512080216864776e-01	4.182526655635533941e-01	0.000000000000000000e+00
2.327198635770274804e-01	3.918186298592806760e-01	0.000000000000000000e+00
2.385695600433190289e-01	3.565808734888215037e-01	0.000000000000000000e+00
2.476095967776487938e-01	2.985333087450660616e-01	0.000000000000000000e+00
2.566496335119785588e-01	2.802672588687497024e-01	0.000000000000000000e+00
2.566496335119785588e-01	2.802672588687497024e-01	0.000000000000000000e+00
2.566496335119785588e-01	2.802672588687497024e-01	0.000000000000000000e+00
2.566496335119785588e-01	2.802672588687497024e-01	0.000000000000000000e+00
2.566496335119785588e-01	2.802672588687497024e-01	0.000000000000000000e+00
2.566496335119785588e-01	2.802672588687497024e-01	0.000000000000000000e+00
2.566496335119785588e-01	2.802672588687497024e-01	0.000000000000000000e+00
2.566496335119785588e-01	2.802672588687497024e-01	0.000000000000000000e+00
2.566496335119785588e-01	2.809990194723680501e-01	0.000000000000000000e+00
2.566496335119785588e-01	2.809990194723680501e-01	0.000000000000000000e+00
4.197464989878566533e-01	2.140420926307805560e-01	0.000000000000000000e+00
4.197464989878566533e-01	2.140420926307805560e-01	0.000000000000000000e+00
4.197464989878566533e-01	1.857482948465990213e-01	0.000000000000000000e+00
4.264425732504219524e-01	1.078655370622781939e-01	0.000000000000000000e+00
4.264425732504219524e-01	1.078655370622781939e-01	0.000000000000000000e+00
4.310897152691868794e-01	6.312586022687118048e-02	0.000000000000000000e+00
4.310897152691868794e-01	5.041860021996929370e-02	0.000000000000000000e+00
4.310897152691868794e-01	3.873916576768132725e-02	0.000000000000000000e+00
4.388431081628717534e-01	-8.321949906870221639e-03	0.000000000000000000e+00
4.388431081628717534e-01	-2.590617828505682035e-02	0.000000000000000000e+00
4.493992040106945529e-01	-5.476757403855259110e-02	0.000000000000000000e+00
4.493992040106945529e-01	-5.476757403855259110e-02	0.000000000000000000e+00
4.543498939502415013e-01	-7.738893864017729052e-02	0.000000000000000000e+00
4.543498939502415013e-01	-7.738893864017729052e-02	0.000000000000000000e+00
4.543498939502415013e-01	-7.738893864017729052e-02	0.000000000000000000e+00
4.543498939502415013e-01	-7.738893864017729052e-02	0.000000000000000000e+00
4.543498939502415013e-01	-7.738893864017729052e-02	0.000000000000000000e+00
4.543498939502415013e-01	-7.738893864017729052e-02	0.000000000000000000e+00
4.543498939502415013e-01	-7.738893864017729052e-02	0.000000000000000000e+00
4.543498939502415013e-01	-7.738893864017729052e-02	0.000000000000000000e+00
6.250011411848954701e-01	-1.957688354632583505e-01	0.000000000000000000e+00
6.250011411848954701e-01	-1.957688354632583505e-01	0.000000000000000000e+00
6.250011411848954701e-01	-1.957688354632583505e-01	0.000000000000000000e+00
6.250011411848954701e-01	-1.957688354632583505e-01	0.000000000000000000e+00
6.262388136697821794e-01	-1.977657809060635041e-01	0.000000000000000000e+00
6.262388136697821794e-01	-1.977657809060635041e-01	0.000000000000000000e+00
6.262388136697821794e-01	-2.107796358546366877e-01	0.000000000000000000e+00
6.286235403846411884e-01	-2.393439768024415437e-01	0.000000000000000000e+00
6.286235403846411884e-01	-2.393439768024415437e-01	0.000000000000000000e+00
6.324830766028297635e-01	-2.765111934254028125e-01	0.000000000000000000e+00
6.324830766028297635e-01	-2.765111934254028125e-01	0.000000000000000000e+00
6.399841549666814844e-01	-3.403811252374636109e-01	0.000000000000000000e+00
6.399841549666814844e-01	-3.403811252374636109e-01	0.000000000000000000e+00
6.399841549666814844e-01	-3.403811252374636109e-01	0.000000000000000000e+00
6.399841549666814844e-01	-3.403811252374636109e-01	0.000000000000000000e+00
6.399841549666814844e-01	-3.465971934020742329e-01	0.000000000000000000e+00
6.476217256615681706e-01	-3.770452057914732147e-01	0.000000000000000000e+00
6.476217256615681706e-01	-3.770452057914732147e-01	0.000000000000000000e+00
6.476217256615681706e-01	-3.830865653818362193e-01	0.000000000000000000e+00
6.476217256615681706e-01	-3.882262272410736403e-01	0.000000000000000000e+00
6.476217256615681706e-01	-3.882262272410736403e-01	0.000000000000000000e+00
6.476217256615681706e-01	-3.904230711161499889e-01	0.000000000000000000e+00
6.476217256615681706e-01	-3.904230711161499889e-01	0.000000000000000000e+00
6.476217256615681706e-01	-3.904230711161499889e-01	0.000000000000000000e+00
8.286248425497686476e-01	-5.072080284515936288e-01	0.000000000000000000e+00
8.286248425497686476e-01	-5.072080284515936288e-01	0.000000000000000000e+00
8.286248425497686476e-01	-5.072080284515936288e-01	0.000000000000000000e+00
8.286248425497686476e-01	-5.072080284515936288e-01	0.000000000000000000e+00
8.286248425497686476e-01	-5.072080284515936288e-01	0.000000000000000000e+00
8.286248425497686476e-01	-5.072080284515936288e-01	0.000000000000000000e+00
8.286248425497686476e-01	-5.072080284515936288e-01	0.000000000000000000e+00
8.308673644660053981e-01	-4.980470952242566085e-01	0.000000000000000000e+00
8.331098863822421485e-01	-5.011931724420758405e-01	0.000000000000000000e+00
8.384891439979691441e-01	-5.414633843324581086e-01	0.000000000000000000e+00
8.384891439979691441e-01	-5.414633843324581086e-01	0.000000000000000000e+00
8.341826283494776506e-01	-5.527357883915949843e-01	0.000000000000000000e+00
8.341826283494776506e-01	-5.527357883915949843e-01	0.000000000000000000e+00
8.384891439979691441e-01	-5.643678012687143308e-01	0.000000000000000000e+00
8.366044648813681928e-01	-5.770713701423232367e-01	0.000000000000000000e+00
8.365044989973380307e-01	-5.825628817282688665e-01	0.000000000000000000e+00
8.407110487617994732e-01	-6.188532580107223291e-01	0.000000000000000000e+00
8.407110487617994732e-01	-6.188532580107223291e-01	0.000000000000000000e+00
8.407110487617994732e-01	-6.188532580107223291e-01	0.000000000000000000e+00
8.407110487617994732e-01	-6.188532580107223291e-01	0.000000000000000000e+00
8.448176326422306426e-01	-6.558869643784904779e-01	0.000000000000000000e+00
8.448176326422306426e-01	-6.558869643784904779e-01	0.000000000000000000e+00
8.448176326422306426e-01	-6.558869643784904779e-01	0.000000000000000000e+00
8.448176326422306426e-01	-6.558869643784904779e-01	0.000000000000000000e+00
8.448176326422306426e-01	-6.558869643784904779e-01	0.000000000000000000e+00
