0.000000000000000000e+00	1.076107363110067716e+00	0.000000000000000000e+00
1.421267379320047611e-02	9.364987875377026594e-01	0.000000000000000000e+00
2.926169919025276012e-02	8.365340803102180312e-01	0.000000000000000000e+00
3.697798185750292982e-02	8.047000114886161404e-01	0.000000000000000000e+00
6.109903952862533877e-02	7.346354389119271744e-01	0.000000000000000000e+00
7.060967334837467413e-02	7.084413787324707057e-01	0.000000000000000000e+00
8.690924848822860482e-02	6.928312208860081256e-01	0.000000000000000000e+00
8.690924848822860482e-02	6.928312208860081256e-01	0.000000000000000000e+00
8.690924848822860482e-02	6.928312208860081256e-01	0.000000000000000000e+00
8.690924848822860482e-02	6.928312208860081256e-01	0.000000000000000000e+00
8.690924848822860482e-02	6.928312208860081256e-01	0.000000000000000000e+00
8.690924848822860482e-02	6.928312208860081256e-01	0.000000000000000000e+00
1.928568946945556084e-01	6.589749568942427915e-01	0.000000000000000000e+00
2.004377296269159447e-01	6.103281165986526036e-01	0.000000000000000000e+00
2.075625192959497656e-01	5.177320768182704924e-01	0.000000000000000000e+00
2.177213300650399641e-01	4.650174643657117302e-01	0.000000000000000000e+00
2.230021766576060771e-01	4.265952946045437622e-01	0.000000000000000000e+00
2.286542616810615103e-01	3.614632237271430126e-01	0.000000000000000000e+00
2.342533360472449089e-01	3.301874872744312017e-01	0.000000000000000000e+00
2.416559922766084167e-01	2.936069284094556253e-01	0.000000000000000000e+00
2.528541410089752417e-01	2.597586644349056395e-01	0.000000000000000000e+00
2.566496335119785588e-01	2.586929386104900308e-01	0.000000000000000000e+00
2.566496335119785588e-01	2.586929386104900308e-01	0.000000000000000000e+00
2.566496335119785588e-01	2.586929386104900308e-01	0.000000000000000000e+00
2.566496335119785588e-01	2.586929386104900308e-01	0.000000000000000000e+00
2.566496335119785588e-01	2.586929386104900308e-01	0.000000000000000000e+00
2.566496335119785588e-01	2.586929386104900308e-01	0.000000000000000000e+00
2.566496335119785588e-01	2.586929386104900308e-01	0.000000000000000000e+00
2.566496335119785588e-01	2.586929386104900308e-01	0.000000000000000000e+00
2.566496335119785588e-01	2.586929386104900308e-01	0.000000000000000000e+00
4.151940106995550828e-01	2.108884654392144953e-01	0.000000000000000000e+00
4.177396484015144518e-01	1.773038636534144119e-01	0.000000000000000000e+00
4.203060976176872243e-01	1.346120908598501809e-01	0.000000000000000000e+00
4.222444458411084844e-01	1.078045627477736690e-01	0.000000000000000000e+00
4.262438447106338124e-01	7.654813070249828766e-02	0.000000000000000000e+00
4.289552813836839951e-01	4.724480768871971992e-02	0.000000000000000000e+00
4.327554832736895118e-01	9.356709305500442164e-03	0.000000000000000000e+00
4.359969370390813781e-01	-8.507307141349928700e-03	0.000000000000000000e+00
4.404785894763833531e-01	-4.651751077257577915e-02	0.000000000000000000e+00
4.468387945844842779e-01	-7.362398373461263856e-02	0.000000000000000000e+00
4.468387945844842779e-01	-7.747545011579469454e-02	0.000000000000000000e+00
4.535018666024948075e-01	-9.882195666866708250e-02	0.000000000000000000e+00
4.535018666024948075e-01	-1.004991334180499324e-01	0.000000000000000000e+00
4.535018666024948075e-01	-1.004991334180499324e-01	0.000000000000000000e+00
4.535018666024948075e-01	-1.004991334180499324e-01	0.000000000000000000e+00
4.535018666024948075e-01	-1.004991334180499324e-01	0.000000000000000000e+00
4.535018666024948075e-01	-1.004991334180499324e-01	0.000000000000000000e+00
4.535018666024948075e-01	-1.004991334180499324e-01	0.000000000000000000e+00
4.535018666024948075e-01	-9.885514103597632662e-02	0.000000000000000000e+00
6.190807606397159546e-01	-1.085237436441341963e-01	0.000000000000000000e+00
6.215641564529319485e-01	-1.386253149357946912e-01	0.000000000000000000e+00
6.236707614661177734e-01	-1.586329589125003992e-01	0.000000000000000000e+00
6.236707614661177734e-01	-1.776802631034652691e-01	0.000000000000000000e+00
6.286235403846411884e-01	-2.426035271206679333e-01	0.000000000000000000e+00
6.286235403846411884e-01	-2.426035271206679333e-01	0.000000000000000000e+00
6.286235403846411884e-01	-2.426035271206679333e-01	0.000000000000000000e+00
6.313592137819895589e-01	-2.614184529188147144e-01	0.000000000000000000e+00
6.313805985458522674e-01	-2.798478013927779284e-01	0.000000000000000000e+00
6.346134550555113663e-01	-2.929495985138737546e-01	0.000000000000000000e+00
6.368519453405490083e-01	-3.281922319474969152e-01	0.000000000000000000e+00
6.368519453405490083e-01	-3.281922319474969152e-01	0.000000000000000000e+00
6.383635410761473450e-01	-3.386442115408526687e-01	0.000000000000000000e+00
6.399688479703371513e-01	-3.582227509639772656e-01	0.000000000000000000e+00
6.422023542161581222e-01	-3.747877698192141893e-01	0.000000000000000000e+00
6.433054939588205290e-01	-3.853328555239509678e-01	0.000000000000000000e+00
6.457337282774335829e-01	-4.095832226561181844e-01	0.000000000000000000e+00
6.483669868371975120e-01	-4.143556782989954446e-01	0.000000000000000000e+00
6.500353098314393119e-01	-4.252785678055773788e-01	0.000000000000000000e+00
6.535111951843927125e-01	-4.350502087369535476e-01	0.000000000000000000e+00
6.535111951843927125e-01	-4.350502087369535476e-01	0.000000000000000000e+00
6.535111951843927125e-01	-4.350502087369535476e-01	0.000000000000000000e+00
6.535111951843927125e-01	-4.350502087369535476e-01	0.000000000000000000e+00
6.535111951843927125e-01	-4.350502087369535476e-01	0.000000000000000000e+00
8.265745866543987574e-01	-4.766813784387066710e-01	0.000000000000000000e+00
8.265745866543987574e-01	-4.766813784387066710e-01	0.000000000000000000e+00
8.265745866543987574e-01	-4.766813784387066710e-01	0.000000000000000000e+00
8.265745866543987574e-01	-4.892945208071189933e-01	0.000000000000000000e+00
8.285307122215722631e-01	-5.125955000909815373e-01	0.000000000000000000e+00
8.300385830594323444e-01	-5.319459684365918095e-01	0.000000000000000000e+00
8.300385830594323444e-01	-5.319459684365918095e-01	0.000000000000000000e+00
8.300385830594323444e-01	-5.459294037507819164e-01	0.000000000000000000e+00
8.314067869403122257e-01	-5.662675349447547912e-01	0.000000000000000000e+00
8.314067869403122257e-01	-5.662675349447547912e-01	0.000000000000000000e+00
8.325093319309263551e-01	-5.834191122501800608e-01	0.000000000000000000e+00
8.352457396926862288e-01	-6.137325992076276826e-01	0.000000000000000000e+00
8.352457396926862288e-01	-6.137325992076276826e-01	0.000000000000000000e+00
8.352457396926862288e-01	-6.137325992076276826e-01	0.000000000000000000e+00
8.418172848636935601e-01	-6.786021937816630878e-01	0.000000000000000000e+00
8.418172848636935601e-01	-6.786021937816630878e-01	0.000000000000000000e+00
8.418172848636935601e-01	-6.786021937816630878e-01	0.000000000000000000e+00
8.418172848636935601e-01	-6.786021937816630878e-01	0.000000000000000000e+00
8.437367612398805061e-01	-6.956524422658673101e-01	0.000000000000000000e+00
8.437367612398805061e-01	-6.956524422658673101e-01	0.000000000000000000e+00
8.437367612398805061e-01	-6.956524422658673101e-01	0.000000000000000000e+00
8.437367612398805061e-01	-6.956524422658673101e-01	0.000000000000000000e+00
8.440628629125344062e-01	-7.127093080719700824e-01	0.000000000000000000e+00
8.440628629125344062e-01	-7.127093080719700824e-01	0.000000000000000000e+00
8.440628629125344062e-01	-7.211939655959880291e-01	0.000000000000000000e+00
8.454262697366018431e-01	-7.336500019586672527e-01	0.000000000000000000e+00
8.464001317537928060e-01	-7.361136075134752099e-01	0.000000000000000000e+00
