0.000000000000000000e+00	3.491959751921435817e+00	0.000000000000000000e+00
1.275096592461637604e-02	3.197112496562844353e+00	0.000000000000000000e+00
4.569643682289695891e-02	2.993892361263510882e+00	0.000000000000000000e+00
5.083582579771671328e-02	2.969184516572350052e+00	0.000000000000000000e+00
9.139287364579391781e-02	2.840378096805549646e+00	0.000000000000000000e+00
1.015741450830004167e-01	2.792050451802289057e+00	0.000000000000000000e+00
1.015741450830004167e-01	2.792050451802289057e+00	0.000000000000000000e+00
1.015741450830004167e-01	2.792050451802289057e+00	0.000000000000000000e+00
1.731960955830680882e-01	2.780959356564906670e+00	0.000000000000000000e+00
2.030507836535678234e-01	2.606265052513784930e+00	0.000000000000000000e+00
2.102814863319241723e-01	2.514794861234573187e+00	0.000000000000000000e+00
2.239344148683518054e-01	2.408643210910907051e+00	0.000000000000000000e+00
2.269838324333303958e-01	2.210313283950608554e+00	0.000000000000000000e+00
2.269838324333303958e-01	2.118061577626198400e+00	0.000000000000000000e+00
2.269838324333303958e-01	2.118061577626198400e+00	0.000000000000000000e+00
2.269838324333303958e-01	2.118061577626198400e+00	0.000000000000000000e+00
2.718005124278769502e-01	1.972243922626689017e+00	0.000000000000000000e+00
2.718005124278769502e-01	1.972243922626689017e+00	0.000000000000000000e+00
2.718005124278769502e-01	1.972243922626689017e+00	0.000000000000000000e+00
2.718005124278769502e-01	1.972243922626689017e+00	0.000000000000000000e+00
2.718005124278769502e-01	1.972243922626689017e+00	0.000000000000000000e+00
2.718005124278769502e-01	1.972243922626689017e+00	0.000000000000000000e+00
2.718005124278769502e-01	1.972243922626689017e+00	0.000000000000000000e+00
4.181971667461762410e-01	1.755154170881287001e+00	0.000000000000000000e+00
4.181971667461762410e-01	1.755154170881287001e+00	0.000000000000000000e+00
4.181971667461762410e-01	1.755154170881287001e+00	0.000000000000000000e+00
4.181971667461762410e-01	1.755154170881287001e+00	0.000000000000000000e+00
4.250729752676151718e-01	1.605410402794872571e+00	0.000000000000000000e+00
4.250729752676151718e-01	1.605410402794872571e+00	0.000000000000000000e+00
4.250729752676151718e-01	1.605410402794872571e+00	0.000000000000000000e+00
4.319487837890541027e-01	1.559981560418603808e+00	0.000000000000000000e+00
4.319487837890541027e-01	1.469384177058082885e+00	0.000000000000000000e+00
4.319487837890541027e-01	1.469384177058082885e+00	0.000000000000000000e+00
4.319487837890541027e-01	1.469384177058082885e+00	0.000000000000000000e+00
4.345381638766093735e-01	1.428696584036991624e+00	0.000000000000000000e+00
4.369501489504730163e-01	1.332587349990716152e+00	0.000000000000000000e+00
4.369501489504730163e-01	1.332587349990716152e+00	0.000000000000000000e+00
4.369501489504730163e-01	1.332587349990716152e+00	0.000000000000000000e+00
4.394474010533769848e-01	1.292098070619299932e+00	0.000000000000000000e+00
4.483651784272325580e-01	1.221764460730768276e+00	0.000000000000000000e+00
4.444419052591849773e-01	1.222330105343887530e+00	0.000000000000000000e+00
4.444419052591849773e-01	1.222330105343887530e+00	0.000000000000000000e+00
4.483651784272325580e-01	1.211610324738796152e+00	0.000000000000000000e+00
4.522884515952801388e-01	1.203744275905612504e+00	0.000000000000000000e+00
4.522884515952801388e-01	1.203744275905612504e+00	0.000000000000000000e+00
4.522884515952801388e-01	1.203744275905612504e+00	0.000000000000000000e+00
4.522884515952801388e-01	1.203744275905612504e+00	0.000000000000000000e+00
4.522884515952801388e-01	1.203744275905612504e+00	0.000000000000000000e+00
4.522884515952801388e-01	1.203744275905612504e+00	0.000000000000000000e+00
4.522884515952801388e-01	1.203744275905612504e+00	0.000000000000000000e+00
4.522884515952801388e-01	1.203744275905612504e+00	0.000000000000000000e+00
6.308584759953965726e-01	9.092310270752623769e-01	0.000000000000000000e+00
6.308584759953965726e-01	9.092310270752623769e-01	0.000000000000000000e+00
6.308584759953965726e-01	9.092310270752623769e-01	0.000000000000000000e+00
6.308584759953965726e-01	9.092310270752623769e-01	0.000000000000000000e+00
6.308584759953965726e-01	9.092310270752623769e-01	0.000000000000000000e+00
6.308584759953965726e-01	9.092310270752623769e-01	0.000000000000000000e+00
6.308584759953965726e-01	9.092310270752623769e-01	0.000000000000000000e+00
6.308584759953965726e-01	1.001392131238854732e+00	0.000000000000000000e+00
6.308584759953965726e-01	1.001392131238854732e+00	0.000000000000000000e+00
6.308584759953965726e-01	1.001392131238854732e+00	0.000000000000000000e+00
6.308584759953965726e-01	8.945706762437624082e-01	0.000000000000000000e+00
6.308584759953965726e-01	8.945706762437624082e-01	0.000000000000000000e+00
6.308584759953965726e-01	8.945706762437624082e-01	0.000000000000000000e+00
6.308584759953965726e-01	8.945706762437624082e-01	0.000000000000000000e+00
6.308584759953965726e-01	8.945706762437624082e-01	0.000000000000000000e+00
6.308584759953965726e-01	8.945706762437624082e-01	0.000000000000000000e+00
6.308584759953965726e-01	8.945706762437624082e-01	0.000000000000000000e+00
6.308584759953965726e-01	8.945706762437624082e-01	0.000000000000000000e+00
8.272298989790077828e-01	8.179647311781066410e-01	0.000000000000000000e+00
8.272298989790077828e-01	8.179647311781066410e-01	0.000000000000000000e+00
8.272298989790077828e-01	8.179647311781066410e-01	0.000000000000000000e+00
8.272298989790077828e-01	8.179647311781066410e-01	0.000000000000000000e+00
8.272298989790077828e-01	8.179647311781066410e-01	0.000000000000000000e+00
8.272298989790077828e-01	8.179647311781066410e-01	0.000000000000000000e+00
8.272298989790077828e-01	8.179647311781066410e-01	0.000000000000000000e+00
8.272298989790077828e-01	8.179647311781066410e-01	0.000000000000000000e+00
8.307571469395429453e-01	7.760871108871970625e-01	0.000000000000000000e+00
8.307571469395429453e-01	7.760871108871970625e-01	0.000000000000000000e+00
8.307571469395429453e-01	7.760871108871970625e-01	0.000000000000000000e+00
8.307571469395429453e-01	7.842364687542926482e-01	0.000000000000000000e+00
8.307571469395429453e-01	7.842364687542926482e-01	0.000000000000000000e+00
8.348791379942237523e-01	6.375145809949269715e-01	0.000000000000000000e+00
8.348791379942237523e-01	6.375145809949269715e-01	0.000000000000000000e+00
8.348791379942237523e-01	6.375145809949269715e-01	0.000000000000000000e+00
8.348791379942237523e-01	6.375145809949269715e-01	0.000000000000000000e+00
8.348791379942237523e-01	6.514933263872393354e-01	0.000000000000000000e+00
8.348791379942237523e-01	6.514933263872393354e-01	0.000000000000000000e+00
8.348791379942237523e-01	6.514933263872393354e-01	0.000000000000000000e+00
8.348791379942237523e-01	6.514933263872393354e-01	0.000000000000000000e+00
8.348791379942237523e-01	6.514933263872393354e-01	0.000000000000000000e+00
8.348791379942237523e-01	6.514933263872393354e-01	0.000000000000000000e+00
8.348791379942237523e-01	6.514933263872393354e-01	0.000000000000000000e+00
8.348791379942237523e-01	6.514933263872393354e-01	0.000000000000000000e+00
8.361926135305722818e-01	6.027318417424358810e-01	0.000000000000000000e+00
8.361926135305722818e-01	6.027318417424358810e-01	0.000000000000000000e+00
8.361926135305722818e-01	6.027318417424358810e-01	0.000000000000000000e+00
8.361926135305722818e-01	6.027318417424358810e-01	0.000000000000000000e+00
8.361926135305722818e-01	6.027318417424358810e-01	0.000000000000000000e+00
8.374444228460329320e-01	6.447878746425610430e-01	0.000000000000000000e+00
