0.000000000000000000e+00	1.017104168658492513e+00	0.000000000000000000e+00
1.421267379320047611e-02	8.985737503659703140e-01	0.000000000000000000e+00
2.926169919025276012e-02	8.212834897662841804e-01	0.000000000000000000e+00
4.544361109816834332e-02	7.532751405205421191e-01	0.000000000000000000e+00
6.109903952862533877e-02	7.135231617311036389e-01	0.000000000000000000e+00
7.572988912375172577e-02	6.974045718029543428e-01	0.000000000000000000e+00
7.959382369066542173e-02	6.802211133880583516e-01	0.000000000000000000e+00
7.959382369066542173e-02	6.802211133880583516e-01	0.000000000000000000e+00
7.959382369066542173e-02	6.802211133880583516e-01	0.000000000000000000e+00
7.959382369066542173e-02	6.802211133880583516e-01	0.000000000000000000e+00
7.959382369066542173e-02	6.802211133880583516e-01	0.000000000000000000e+00
7.959382369066542173e-02	6.802211133880583516e-01	0.000000000000000000e+00
1.928568946945556084e-01	6.239964450877757418e-01	0.000000000000000000e+00
2.004377296269159447e-01	5.650246022594447304e-01	0.000000000000000000e+00
2.075625192959497656e-01	5.177320768182704924e-01	0.000000000000000000e+00
2.163884852139394965e-01	4.573903339797669720e-01	0.000000000000000000e+00
2.230021766576060771e-01	4.147555072604034443e-01	0.000000000000000000e+00
2.286542616810615103e-01	3.627648520240345786e-01	0.000000000000000000e+00
2.352022091729957520e-01	3.163243504900857817e-01	0.000000000000000000e+00
2.417501566649299938e-01	2.871413234653510949e-01	0.000000000000000000e+00
2.528541410089752417e-01	2.597586644349056395e-01	0.000000000000000000e+00
2.547518872604769280e-01	2.503317855401432368e-01	0.000000000000000000e+00
2.547518872604769280e-01	2.503317855401432368e-01	0.000000000000000000e+00
2.547518872604769280e-01	2.503317855401432368e-01	0.000000000000000000e+00
2.547518872604769280e-01	2.503317855401432368e-01	0.000000000000000000e+00
2.547518872604769280e-01	2.503317855401432368e-01	0.000000000000000000e+00
2.547518872604769280e-01	2.503317855401432368e-01	0.000000000000000000e+00
2.547518872604769280e-01	2.503317855401432368e-01	0.000000000000000000e+00
2.547518872604769280e-01	2.503317855401432368e-01	0.000000000000000000e+00
2.547518872604769280e-01	2.503317855401432368e-01	0.000000000000000000e+00
4.151940106995550828e-01	1.911815585160014097e-01	0.000000000000000000e+00
4.177396484015144518e-01	1.693695135978484367e-01	0.000000000000000000e+00
4.203060976176872243e-01	1.370114180359506550e-01	0.000000000000000000e+00
4.222444458411084844e-01	1.078045627477736690e-01	0.000000000000000000e+00
4.262438447106338124e-01	7.097069450136928026e-02	0.000000000000000000e+00
4.299244554953945974e-01	3.755490327015487823e-02	0.000000000000000000e+00
4.327554832736895118e-01	1.242379293305245942e-02	0.000000000000000000e+00
4.359969370390813781e-01	-2.503530284208707948e-02	0.000000000000000000e+00
4.404785894763833531e-01	-3.799788399971249647e-02	0.000000000000000000e+00
4.428595463380426978e-01	-6.776970292458338319e-02	0.000000000000000000e+00
4.463589960175167737e-01	-8.490244699189843092e-02	0.000000000000000000e+00
4.487399528791761183e-01	-9.982359461132081502e-02	0.000000000000000000e+00
4.535018666024948075e-01	-1.081043824130794029e-01	0.000000000000000000e+00
4.535018666024948075e-01	-1.081043824130794029e-01	0.000000000000000000e+00
4.535018666024948075e-01	-1.081043824130794029e-01	0.000000000000000000e+00
4.535018666024948075e-01	-1.081043824130794029e-01	0.000000000000000000e+00
4.535018666024948075e-01	-1.081043824130794029e-01	0.000000000000000000e+00
4.535018666024948075e-01	-1.081043824130794029e-01	0.000000000000000000e+00
4.535018666024948075e-01	-1.081043824130794029e-01	0.000000000000000000e+00
6.190807606397159546e-01	-1.085237436441341963e-01	0.000000000000000000e+00
6.211159386032457652e-01	-1.422384796282169239e-01	0.000000000000000000e+00
6.236707614661177734e-01	-1.685596216780294310e-01	0.000000000000000000e+00
6.236707614661177734e-01	-1.776802631034652691e-01	0.000000000000000000e+00
6.251722818223968137e-01	-1.995259368249393539e-01	0.000000000000000000e+00
6.266738021786759649e-01	-2.195182339054208842e-01	0.000000000000000000e+00
6.275702378780483315e-01	-2.401180963082452935e-01	0.000000000000000000e+00
6.313592137819895589e-01	-2.709953435902150432e-01	0.000000000000000000e+00
6.313592137819895589e-01	-2.775953559474619303e-01	0.000000000000000000e+00
6.332342567923074927e-01	-3.042480701798922493e-01	0.000000000000000000e+00
6.356883366383427880e-01	-3.323265261964175599e-01	0.000000000000000000e+00
6.356883366383427880e-01	-3.323265261964175599e-01	0.000000000000000000e+00
6.367033210712877977e-01	-3.508471991383083077e-01	0.000000000000000000e+00
6.389360435058797361e-01	-3.674423025254752728e-01	0.000000000000000000e+00
6.401723853502681028e-01	-3.760923123230031084e-01	0.000000000000000000e+00
6.422023542161581222e-01	-4.016784649875997926e-01	0.000000000000000000e+00
6.438877538113023657e-01	-4.057189471716400320e-01	0.000000000000000000e+00
6.469529935209196170e-01	-4.289760179403857565e-01	0.000000000000000000e+00
6.475626261426625785e-01	-4.322174858873537029e-01	0.000000000000000000e+00
6.500353098314393119e-01	-4.373952352732928262e-01	0.000000000000000000e+00
6.500353098314393119e-01	-4.373952352732928262e-01	0.000000000000000000e+00
6.500353098314393119e-01	-4.373952352732928262e-01	0.000000000000000000e+00
6.500353098314393119e-01	-4.373952352732928262e-01	0.000000000000000000e+00
6.500353098314393119e-01	-4.373952352732928262e-01	0.000000000000000000e+00
8.257085875531403607e-01	-4.922563206789212220e-01	0.000000000000000000e+00
8.257085875531403607e-01	-4.922563206789212220e-01	0.000000000000000000e+00
8.257085875531403607e-01	-4.801523868798371342e-01	0.000000000000000000e+00
8.265745866543987574e-01	-4.960770991191311152e-01	0.000000000000000000e+00
8.283065848569155509e-01	-5.263874924905993513e-01	0.000000000000000000e+00
8.283065848569155509e-01	-5.263874924905993513e-01	0.000000000000000000e+00
8.291725839581739477e-01	-5.345350947786748907e-01	0.000000000000000000e+00
8.300385830594323444e-01	-5.444448226967352200e-01	0.000000000000000000e+00
8.310920603343608937e-01	-5.615780528077899403e-01	0.000000000000000000e+00
8.311411280500464738e-01	-5.707753161594707469e-01	0.000000000000000000e+00
8.325093319309263551e-01	-5.816755901290918684e-01	0.000000000000000000e+00
8.351129102475532973e-01	-5.960198343403213528e-01	0.000000000000000000e+00
8.352457396926862288e-01	-6.170212319979453408e-01	0.000000000000000000e+00
8.352457396926862288e-01	-6.170212319979453408e-01	0.000000000000000000e+00
8.392667323099485266e-01	-6.274871569594101528e-01	0.000000000000000000e+00
8.395323912002143896e-01	-6.594691489070484414e-01	0.000000000000000000e+00
8.397144310651026844e-01	-6.469222309653379632e-01	0.000000000000000000e+00
8.416105790287498056e-01	-6.996626988273357828e-01	0.000000000000000000e+00
8.416105790287498056e-01	-6.996626988273357828e-01	0.000000000000000000e+00
8.416105790287498056e-01	-6.996626988273357828e-01	0.000000000000000000e+00
8.416105790287498056e-01	-6.996626988273357828e-01	0.000000000000000000e+00
8.416105790287498056e-01	-6.996626988273357828e-01	0.000000000000000000e+00
8.435184243826758799e-01	-7.074745649015424798e-01	0.000000000000000000e+00
8.435184243826758799e-01	-7.195245868254789290e-01	0.000000000000000000e+00
8.454262697366018431e-01	-7.306466989207108798e-01	0.000000000000000000e+00
8.454262697366018431e-01	-7.336500019586672527e-01	0.000000000000000000e+00
8.477176931816514660e-01	-7.400966502969139604e-01	0.000000000000000000e+00
