0.000000000000000000e+00	3.681126088918860173e+00	0.000000000000000000e+00
0.000000000000000000e+00	3.616026936925517354e+00	0.000000000000000000e+00
3.720388579622973396e-02	3.265106381458184881e+00	0.000000000000000000e+00
5.296733482152619910e-02	3.176474363858867278e+00	0.000000000000000000e+00
6.948304852429970646e-02	3.055952300252501086e+00	0.000000000000000000e+00
8.562262988833468924e-02	3.006918721403843531e+00	0.000000000000000000e+00
8.562262988833468924e-02	3.006918721403843531e+00	0.000000000000000000e+00
8.562262988833468924e-02	3.006918721403843531e+00	0.000000000000000000e+00
1.585282052771451178e-01	3.023316470011740975e+00	0.000000000000000000e+00
1.721912783541946490e-01	2.961603456114821675e+00	0.000000000000000000e+00
2.012841040809307813e-01	2.829135246563948325e+00	0.000000000000000000e+00
2.030507836535678234e-01	2.738958672144433670e+00	0.000000000000000000e+00
2.235453932691421342e-01	2.549047702438707041e+00	0.000000000000000000e+00
2.235453932691421342e-01	2.549047702438707041e+00	0.000000000000000000e+00
2.303769298076668859e-01	2.473033735306385594e+00	0.000000000000000000e+00
2.380918061325101864e-01	2.413269468980996812e+00	0.000000000000000000e+00
2.406242346154540412e-01	2.399151898208944811e+00	0.000000000000000000e+00
2.545044893870342939e-01	2.348430850522446267e+00	0.000000000000000000e+00
2.718005124278769502e-01	2.327626851133250074e+00	0.000000000000000000e+00
2.718005124278769502e-01	2.327626851133250074e+00	0.000000000000000000e+00
2.718005124278769502e-01	2.327626851133250074e+00	0.000000000000000000e+00
2.718005124278769502e-01	2.327626851133250074e+00	0.000000000000000000e+00
2.718005124278769502e-01	2.327626851133250074e+00	0.000000000000000000e+00
2.718005124278769502e-01	2.327626851133250074e+00	0.000000000000000000e+00
2.718005124278769502e-01	2.327626851133250074e+00	0.000000000000000000e+00
4.289592080706448041e-01	2.123668592702982583e+00	0.000000000000000000e+00
4.289592080706448041e-01	2.162022901044778678e+00	0.000000000000000000e+00
4.289592080706448041e-01	2.162022901044778678e+00	0.000000000000000000e+00
4.289592080706448041e-01	2.162022901044778678e+00	0.000000000000000000e+00
4.289592080706448041e-01	2.123668592702982583e+00	0.000000000000000000e+00
4.324137830662186932e-01	1.998006979504630465e+00	0.000000000000000000e+00
4.324137830662186932e-01	1.998006979504630465e+00	0.000000000000000000e+00
4.324137830662186932e-01	1.998006979504630465e+00	0.000000000000000000e+00
4.324137830662186932e-01	1.998006979504630465e+00	0.000000000000000000e+00
4.324137830662186932e-01	1.998006979504630465e+00	0.000000000000000000e+00
4.324137830662186932e-01	1.998006979504630465e+00	0.000000000000000000e+00
4.324137830662186932e-01	1.998006979504630465e+00	0.000000000000000000e+00
4.324137830662186932e-01	1.998006979504630465e+00	0.000000000000000000e+00
4.324137830662186932e-01	1.998006979504630465e+00	0.000000000000000000e+00
4.324137830662186932e-01	1.998006979504630465e+00	0.000000000000000000e+00
6.308584759953965726e-01	1.929777681537232947e+00	0.000000000000000000e+00
6.308584759953965726e-01	1.929777681537232947e+00	0.000000000000000000e+00
6.308584759953965726e-01	1.929777681537232947e+00	0.000000000000000000e+00
6.308584759953965726e-01	1.764686955596784790e+00	0.000000000000000000e+00
6.308584759953965726e-01	1.764686955596784790e+00	0.000000000000000000e+00
6.308584759953965726e-01	1.764686955596784790e+00	0.000000000000000000e+00
6.308584759953965726e-01	1.764686955596784790e+00	0.000000000000000000e+00
6.308584759953965726e-01	1.764686955596784790e+00	0.000000000000000000e+00
6.308584759953965726e-01	1.653674815144706045e+00	0.000000000000000000e+00
6.308584759953965726e-01	1.655350441836021202e+00	0.000000000000000000e+00
6.308584759953965726e-01	1.624126258043236071e+00	0.000000000000000000e+00
6.308584759953965726e-01	1.624126258043236071e+00	0.000000000000000000e+00
6.308584759953965726e-01	1.624126258043236071e+00	0.000000000000000000e+00
6.308584759953965726e-01	1.624126258043236071e+00	0.000000000000000000e+00
6.308584759953965726e-01	1.624126258043236071e+00	0.000000000000000000e+00
6.308584759953965726e-01	1.624126258043236071e+00	0.000000000000000000e+00
6.308584759953965726e-01	1.624126258043236071e+00	0.000000000000000000e+00
6.308584759953965726e-01	1.624126258043236071e+00	0.000000000000000000e+00
6.308584759953965726e-01	1.643746246991823368e+00	0.000000000000000000e+00
6.308584759953965726e-01	1.643746246991823368e+00	0.000000000000000000e+00
8.258485939290005629e-01	1.348075375436372125e+00	0.000000000000000000e+00
8.258485939290005629e-01	1.348075375436372125e+00	0.000000000000000000e+00
8.258485939290005629e-01	1.523548984399962114e+00	0.000000000000000000e+00
8.258485939290005629e-01	1.523548984399962114e+00	0.000000000000000000e+00
8.258485939290005629e-01	1.523548984399962114e+00	0.000000000000000000e+00
8.258485939290005629e-01	1.365552576491706471e+00	0.000000000000000000e+00
8.258485939290005629e-01	1.274003312994351766e+00	0.000000000000000000e+00
8.258485939290005629e-01	1.274003312994351766e+00	0.000000000000000000e+00
8.258485939290005629e-01	1.274003312994351766e+00	0.000000000000000000e+00
8.258485939290005629e-01	1.274003312994351766e+00	0.000000000000000000e+00
8.258485939290005629e-01	1.274003312994351766e+00	0.000000000000000000e+00
8.258485939290005629e-01	1.274003312994351766e+00	0.000000000000000000e+00
8.258485939290005629e-01	1.274003312994351766e+00	0.000000000000000000e+00
8.258485939290005629e-01	1.274003312994351766e+00	0.000000000000000000e+00
8.258485939290005629e-01	1.335389450407529877e+00	0.000000000000000000e+00
8.258485939290005629e-01	1.335389450407529877e+00	0.000000000000000000e+00
8.258485939290005629e-01	1.335389450407529877e+00	0.000000000000000000e+00
8.258485939290005629e-01	1.254486664394674156e+00	0.000000000000000000e+00
8.258485939290005629e-01	1.254486664394674156e+00	0.000000000000000000e+00
8.258485939290005629e-01	1.254486664394674156e+00	0.000000000000000000e+00
8.258485939290005629e-01	1.254486664394674156e+00	0.000000000000000000e+00
8.258485939290005629e-01	1.254486664394674156e+00	0.000000000000000000e+00
8.258485939290005629e-01	1.254486664394674156e+00	0.000000000000000000e+00
8.368624026807576222e-01	1.176203145219740120e+00	0.000000000000000000e+00
8.368624026807576222e-01	1.147251705029521229e+00	0.000000000000000000e+00
8.368624026807576222e-01	1.147251705029521229e+00	0.000000000000000000e+00
8.368624026807576222e-01	1.147251705029521229e+00	0.000000000000000000e+00
8.368624026807576222e-01	1.147251705029521229e+00	0.000000000000000000e+00
8.368624026807576222e-01	1.147251705029521229e+00	0.000000000000000000e+00
8.368624026807576222e-01	1.147251705029521229e+00	0.000000000000000000e+00
8.368624026807576222e-01	1.147251705029521229e+00	0.000000000000000000e+00
8.368624026807576222e-01	1.147251705029521229e+00	0.000000000000000000e+00
8.368624026807576222e-01	1.137448342497703546e+00	0.000000000000000000e+00
8.368624026807576222e-01	1.137448342497703546e+00	0.000000000000000000e+00
8.368624026807576222e-01	1.130238907328145359e+00	0.000000000000000000e+00
8.368624026807576222e-01	1.120847491725045053e+00	0.000000000000000000e+00
8.368624026807576222e-01	1.120847491725045053e+00	0.000000000000000000e+00
8.368624026807576222e-01	1.120847491725045053e+00	0.000000000000000000e+00
8.492092723146008604e-01	1.126559793079850325e+00	0.000000000000000000e+00
8.492092723146008604e-01	1.126559793079850325e+00	0.000000000000000000e+00
