0.000000000000000000e+00	1.090767490870078626e+00	0.000000000000000000e+00
1.337690328967597320e-02	9.795194036039487351e-01	0.000000000000000000e+00
2.709094788212846466e-02	9.240290806074983321e-01	0.000000000000000000e+00
4.689008913699437009e-02	7.914958655335849746e-01	0.000000000000000000e+00
6.026699242667034329e-02	7.260135209913136656e-01	0.000000000000000000e+00
6.729258537428484122e-02	7.033664993823619538e-01	0.000000000000000000e+00
8.769508161157532622e-02	6.848456678521850360e-01	0.000000000000000000e+00
8.769508161157532622e-02	6.848456678521850360e-01	0.000000000000000000e+00
8.769508161157532622e-02	6.848456678521850360e-01	0.000000000000000000e+00
8.769508161157532622e-02	6.848456678521850360e-01	0.000000000000000000e+00
8.769508161157532622e-02	6.848456678521850360e-01	0.000000000000000000e+00
8.769508161157532622e-02	6.848456678521850360e-01	0.000000000000000000e+00
8.769508161157532622e-02	6.848881941074191904e-01	0.000000000000000000e+00
2.029761598987985804e-01	5.832795566629659367e-01	0.000000000000000000e+00
2.074839159981221870e-01	5.167508842932531099e-01	0.000000000000000000e+00
2.133846074105816282e-01	4.841654723767532809e-01	0.000000000000000000e+00
2.243968941669755024e-01	4.350206197877912739e-01	0.000000000000000000e+00
2.261376412880178877e-01	3.845140950804260549e-01	0.000000000000000000e+00
2.342863502150866195e-01	3.344381928308672869e-01	0.000000000000000000e+00
2.415361217378639291e-01	2.950596145612301990e-01	0.000000000000000000e+00
2.493851848635021684e-01	2.752052593914298684e-01	0.000000000000000000e+00
2.581331853934318299e-01	2.604892265943244967e-01	0.000000000000000000e+00
2.581331853934318299e-01	2.604892265943244967e-01	0.000000000000000000e+00
2.581331853934318299e-01	2.604892265943244967e-01	0.000000000000000000e+00
2.581331853934318299e-01	2.604892265943244967e-01	0.000000000000000000e+00
2.581331853934318299e-01	2.604892265943244967e-01	0.000000000000000000e+00
2.581331853934318299e-01	2.604892265943244967e-01	0.000000000000000000e+00
2.581331853934318299e-01	2.604892265943244967e-01	0.000000000000000000e+00
2.581331853934318299e-01	2.604892265943244967e-01	0.000000000000000000e+00
2.581331853934318299e-01	2.604892265943244967e-01	0.000000000000000000e+00
4.149489112098574961e-01	2.013399598933419132e-01	0.000000000000000000e+00
4.149489112098574961e-01	1.852435449800367839e-01	0.000000000000000000e+00
4.201881640919140626e-01	1.380530793935077216e-01	0.000000000000000000e+00
4.225224846829294112e-01	1.034852162579584650e-01	0.000000000000000000e+00
4.260499024649081479e-01	8.378956920840080480e-02	0.000000000000000000e+00
4.265686403740226451e-01	6.124405952176783380e-02	0.000000000000000000e+00
4.370471461381357225e-01	1.462630273506998480e-02	0.000000000000000000e+00
4.370471461381357225e-01	1.462630273506998480e-02	0.000000000000000000e+00
4.441019817020931404e-01	-7.220806188506695422e-02	0.000000000000000000e+00
4.441019817020931404e-01	-7.220806188506695422e-02	0.000000000000000000e+00
4.441019817020931404e-01	-7.220806188506695422e-02	0.000000000000000000e+00
4.499641467186307198e-01	-9.030386307714290128e-02	0.000000000000000000e+00
4.558263117351682991e-01	-1.038914426630173637e-01	0.000000000000000000e+00
4.558263117351682991e-01	-1.038914426630173637e-01	0.000000000000000000e+00
4.558263117351682991e-01	-1.038914426630173637e-01	0.000000000000000000e+00
4.558263117351682991e-01	-1.038914426630173637e-01	0.000000000000000000e+00
4.558263117351682991e-01	-1.038914426630173637e-01	0.000000000000000000e+00
4.558263117351682991e-01	-1.038914426630173637e-01	0.000000000000000000e+00
4.558263117351682991e-01	-1.038914426630173637e-01	0.000000000000000000e+00
4.558263117351682991e-01	-1.032232000285455420e-01	0.000000000000000000e+00
6.211467374681339804e-01	-1.475999548961254848e-01	0.000000000000000000e+00
6.211467374681339804e-01	-1.475999548961254848e-01	0.000000000000000000e+00
6.251285594436359894e-01	-1.664074120650513022e-01	0.000000000000000000e+00
6.251285594436359894e-01	-1.819872159020196334e-01	0.000000000000000000e+00
6.267627241889119905e-01	-2.094152362832063241e-01	0.000000000000000000e+00
6.294815309886824251e-01	-2.451293092491921566e-01	0.000000000000000000e+00
6.294815309886824251e-01	-2.451293092491921566e-01	0.000000000000000000e+00
6.332729038616510264e-01	-2.841592153128141285e-01	0.000000000000000000e+00
6.332729038616510264e-01	-2.841592153128141285e-01	0.000000000000000000e+00
6.338345025337288607e-01	-3.028944569248480656e-01	0.000000000000000000e+00
6.361009069571069707e-01	-3.225458562734514478e-01	0.000000000000000000e+00
6.374191021171249361e-01	-3.283096395717096661e-01	0.000000000000000000e+00
6.370512909269946400e-01	-3.464730571379219803e-01	0.000000000000000000e+00
6.404421030284430660e-01	-3.588815740415426947e-01	0.000000000000000000e+00
6.406161267366257128e-01	-3.855004233463349417e-01	0.000000000000000000e+00
6.441809625462567857e-01	-4.091161049457684440e-01	0.000000000000000000e+00
6.441809625462567857e-01	-4.091161049457684440e-01	0.000000000000000000e+00
6.459633804510722666e-01	-4.170996005384740024e-01	0.000000000000000000e+00
6.477457983558878585e-01	-4.370621905771272520e-01	0.000000000000000000e+00
6.477457983558878585e-01	-4.370621905771272520e-01	0.000000000000000000e+00
6.477457983558878585e-01	-4.370621905771272520e-01	0.000000000000000000e+00
6.477457983558878585e-01	-4.370621905771272520e-01	0.000000000000000000e+00
6.477457983558878585e-01	-4.370621905771272520e-01	0.000000000000000000e+00
6.477457983558878585e-01	-4.370621905771272520e-01	0.000000000000000000e+00
8.284776810013578796e-01	-5.161720226281002466e-01	0.000000000000000000e+00
8.284776810013578796e-01	-5.161720226281002466e-01	0.000000000000000000e+00
8.284776810013578796e-01	-5.161720226281002466e-01	0.000000000000000000e+00
8.275102343428026863e-01	-4.933536298335123305e-01	0.000000000000000000e+00
8.284776810013578796e-01	-5.161720226281002466e-01	0.000000000000000000e+00
8.284776810013578796e-01	-5.161720226281002466e-01	0.000000000000000000e+00
8.293279973440457198e-01	-5.335254973709721016e-01	0.000000000000000000e+00
8.308928267108985910e-01	-5.397804895059885588e-01	0.000000000000000000e+00
8.319506846751463236e-01	-5.516417352906225480e-01	0.000000000000000000e+00
8.339946623006048165e-01	-5.915493161416894852e-01	0.000000000000000000e+00
8.339946623006048165e-01	-5.915493161416894852e-01	0.000000000000000000e+00
8.339946623006048165e-01	-5.915493161416894852e-01	0.000000000000000000e+00
8.355862106776323905e-01	-5.972314877459792282e-01	0.000000000000000000e+00
8.355862106776323905e-01	-6.114572875808770291e-01	0.000000000000000000e+00
8.355862106776323905e-01	-6.200592459295651837e-01	0.000000000000000000e+00
8.384677695574295209e-01	-6.445506232196857033e-01	0.000000000000000000e+00
8.384677695574295209e-01	-6.445506232196857033e-01	0.000000000000000000e+00
8.399085489973281415e-01	-6.567694171865354758e-01	0.000000000000000000e+00
8.406289387172773964e-01	-6.689000916328249335e-01	0.000000000000000000e+00
8.413493284372266512e-01	-6.860850113172156650e-01	0.000000000000000000e+00
8.413493284372266512e-01	-6.860850113172156650e-01	0.000000000000000000e+00
8.413493284372266512e-01	-6.887364881471752520e-01	0.000000000000000000e+00
8.426515831799553657e-01	-7.000815099639834393e-01	0.000000000000000000e+00
8.439538379226840803e-01	-7.106826220745202649e-01	0.000000000000000000e+00
8.439538379226840803e-01	-7.160804489879883938e-01	0.000000000000000000e+00
8.465583474081412874e-01	-7.233735960449956259e-01	0.000000000000000000e+00
