0.000000000000000000e+00	1.295624344380677417e+00	0.000000000000000000e+00
1.337690328967597320e-02	9.938989262470053765e-01	0.000000000000000000e+00
2.282352025318880318e-02	9.557277270798197888e-01	0.000000000000000000e+00
3.604665760836200245e-02	9.036965840398312189e-01	0.000000000000000000e+00
5.357854078183235669e-02	8.285110486846979372e-01	0.000000000000000000e+00
7.488694434696308022e-02	7.833052111764235992e-01	0.000000000000000000e+00
7.488694434696308022e-02	7.833052111764235992e-01	0.000000000000000000e+00
7.488694434696308022e-02	7.833052111764235992e-01	0.000000000000000000e+00
7.488694434696308022e-02	7.833052111764235992e-01	0.000000000000000000e+00
7.488694434696308022e-02	7.833052111764235992e-01	0.000000000000000000e+00
7.488694434696308022e-02	7.833052111764235992e-01	0.000000000000000000e+00
7.488694434696308022e-02	7.833052111764235992e-01	0.000000000000000000e+00
7.488694434696308022e-02	7.833052111764235992e-01	0.000000000000000000e+00
1.935043425642399284e-01	7.060732183705759057e-01	0.000000000000000000e+00
2.093295869534200215e-01	5.588303582912168554e-01	0.000000000000000000e+00
2.093295869534200215e-01	5.588303582912168554e-01	0.000000000000000000e+00
2.279355160966007321e-01	4.013700075556296265e-01	0.000000000000000000e+00
2.255383496851569580e-01	4.077761549995042589e-01	0.000000000000000000e+00
2.305750676002653043e-01	3.928583357443591328e-01	0.000000000000000000e+00
2.406371843335725069e-01	3.600513174568036323e-01	0.000000000000000000e+00
2.456739022486808532e-01	3.240347182235726597e-01	0.000000000000000000e+00
2.581331853934318299e-01	2.823167603652897983e-01	0.000000000000000000e+00
2.581331853934318299e-01	2.823167603652897983e-01	0.000000000000000000e+00
2.581331853934318299e-01	2.823167603652897983e-01	0.000000000000000000e+00
2.581331853934318299e-01	2.823167603652897983e-01	0.000000000000000000e+00
2.581331853934318299e-01	2.823167603652897983e-01	0.000000000000000000e+00
2.581331853934318299e-01	2.823167603652897983e-01	0.000000000000000000e+00
2.581331853934318299e-01	2.823167603652897983e-01	0.000000000000000000e+00
2.581331853934318299e-01	2.823167603652897983e-01	0.000000000000000000e+00
2.581331853934318299e-01	2.823167603652897983e-01	0.000000000000000000e+00
2.581331853934318299e-01	2.823167603652897983e-01	0.000000000000000000e+00
2.581331853934318299e-01	2.823167603652897983e-01	0.000000000000000000e+00
4.268798831194913213e-01	9.035989367262139971e-02	0.000000000000000000e+00
4.268798831194913213e-01	9.035989367262139971e-02	0.000000000000000000e+00
4.235599605011584057e-01	1.009533481546217859e-01	0.000000000000000000e+00
4.235599605011584057e-01	1.009533481546217859e-01	0.000000000000000000e+00
4.268798831194913213e-01	9.035989367262139971e-02	0.000000000000000000e+00
4.289548347559493102e-01	4.478361255911235406e-02	0.000000000000000000e+00
4.318597670469905836e-01	2.029022905283936820e-02	0.000000000000000000e+00
4.318597670469905836e-01	2.029022905283936820e-02	0.000000000000000000e+00
4.434794962111557326e-01	-1.626874847928634973e-02	0.000000000000000000e+00
4.476293994840717660e-01	-3.834213389991436571e-02	0.000000000000000000e+00
4.513643124296963793e-01	-5.180042847589067662e-02	0.000000000000000000e+00
4.592491286482370261e-01	-5.944558804862584006e-02	0.000000000000000000e+00
4.592491286482370261e-01	-5.944558804862584006e-02	0.000000000000000000e+00
4.592491286482370261e-01	-6.079807623416462470e-02	0.000000000000000000e+00
4.592491286482370261e-01	-5.944558804862584006e-02	0.000000000000000000e+00
4.592491286482370261e-01	-5.944558804862584006e-02	0.000000000000000000e+00
4.592491286482370261e-01	-5.944558804862584006e-02	0.000000000000000000e+00
4.592491286482370261e-01	-5.944558804862584006e-02	0.000000000000000000e+00
4.592491286482370261e-01	-5.944558804862584006e-02	0.000000000000000000e+00
6.273852096798493427e-01	-1.614192947134915346e-01	0.000000000000000000e+00
6.273852096798493427e-01	-1.614192947134915346e-01	0.000000000000000000e+00
6.273852096798493427e-01	-1.614192947134915346e-01	0.000000000000000000e+00
6.273852096798493427e-01	-1.614192947134915346e-01	0.000000000000000000e+00
6.273852096798493427e-01	-1.614192947134915346e-01	0.000000000000000000e+00
6.286301806617241583e-01	-1.953532600475038350e-01	0.000000000000000000e+00
6.286301806617241583e-01	-1.953532600475038350e-01	0.000000000000000000e+00
6.309307950490096184e-01	-2.107686317916686869e-01	0.000000000000000000e+00
6.316505728042225432e-01	-2.269476811793283422e-01	0.000000000000000000e+00
6.324409911202588663e-01	-2.390485062773377856e-01	0.000000000000000000e+00
6.379846923805307934e-01	-2.807888191761950814e-01	0.000000000000000000e+00
6.379846923805307934e-01	-2.807888191761950814e-01	0.000000000000000000e+00
6.415116410462914365e-01	-3.103661324426378321e-01	0.000000000000000000e+00
6.415116410462914365e-01	-3.103661324426378321e-01	0.000000000000000000e+00
6.450385897120520795e-01	-3.674394422398074567e-01	0.000000000000000000e+00
6.450385897120520795e-01	-3.674394422398074567e-01	0.000000000000000000e+00
6.450385897120520795e-01	-3.604095323573585641e-01	0.000000000000000000e+00
6.450385897120520795e-01	-3.604095323573585641e-01	0.000000000000000000e+00
6.450385897120520795e-01	-3.749224502711844820e-01	0.000000000000000000e+00
6.450385897120520795e-01	-3.771187599460720241e-01	0.000000000000000000e+00
6.450385897120520795e-01	-3.771187599460720241e-01	0.000000000000000000e+00
6.450385897120520795e-01	-3.771187599460720241e-01	0.000000000000000000e+00
6.450385897120520795e-01	-3.771187599460720241e-01	0.000000000000000000e+00
6.450385897120520795e-01	-3.749224502711844820e-01	0.000000000000000000e+00
8.323955390156128065e-01	-4.961753500962173824e-01	0.000000000000000000e+00
8.323955390156128065e-01	-4.961753500962173824e-01	0.000000000000000000e+00
8.323955390156128065e-01	-4.961753500962173824e-01	0.000000000000000000e+00
8.323955390156128065e-01	-4.961753500962173824e-01	0.000000000000000000e+00
8.323955390156128065e-01	-4.961753500962173824e-01	0.000000000000000000e+00
8.323955390156128065e-01	-4.999387996838388637e-01	0.000000000000000000e+00
8.323955390156128065e-01	-4.999387996838388637e-01	0.000000000000000000e+00
8.323955390156128065e-01	-4.999387996838388637e-01	0.000000000000000000e+00
8.323955390156128065e-01	-4.999387996838388637e-01	0.000000000000000000e+00
8.334370508300990021e-01	-5.044045412067650336e-01	0.000000000000000000e+00
8.363015604616861332e-01	-5.482178674188531442e-01	0.000000000000000000e+00
8.363015604616861332e-01	-5.482178674188531442e-01	0.000000000000000000e+00
8.363015604616861332e-01	-5.482178674188531442e-01	0.000000000000000000e+00
8.363015604616861332e-01	-5.482178674188531442e-01	0.000000000000000000e+00
8.381245582787870685e-01	-5.633422805365626562e-01	0.000000000000000000e+00
8.399475560958878928e-01	-5.928636180499486930e-01	0.000000000000000000e+00
8.399475560958878928e-01	-5.928636180499486930e-01	0.000000000000000000e+00
8.399475560958878928e-01	-5.928636180499486930e-01	0.000000000000000000e+00
8.448936807894472656e-01	-6.182624970180785606e-01	0.000000000000000000e+00
8.448936807894472656e-01	-6.182624970180785606e-01	0.000000000000000000e+00
8.448936807894472656e-01	-6.182624970180785606e-01	0.000000000000000000e+00
8.498398054830066384e-01	-6.331166856064547321e-01	0.000000000000000000e+00
8.498398054830066384e-01	-6.404659311867970661e-01	0.000000000000000000e+00
8.498398054830066384e-01	-6.404659311867970661e-01	0.000000000000000000e+00
8.498398054830066384e-01	-6.404659311867970661e-01	0.000000000000000000e+00
