0.000000000000000000e+00	2.551029712548787742e+00	0.000000000000000000e+00
2.241439439605449890e-02	2.469811730500631075e+00	0.000000000000000000e+00
4.082953048978862909e-02	2.289485574961785286e+00	0.000000000000000000e+00
7.346730583490426736e-02	2.160735578408506274e+00	0.000000000000000000e+00
9.460362730900041817e-02	2.067025994250768939e+00	0.000000000000000000e+00
1.163621442057441724e-01	2.049854658657588757e+00	0.000000000000000000e+00
1.270729309307768728e-01	2.028529430173076964e+00	0.000000000000000000e+00
1.631675473872498394e-01	1.874485809617784771e+00	0.000000000000000000e+00
1.631675473872498394e-01	1.779790404407353588e+00	0.000000000000000000e+00
1.933110579686988517e-01	1.743206103374611349e+00	0.000000000000000000e+00
2.052124561078124132e-01	1.499018858797293241e+00	0.000000000000000000e+00
2.171452647829088811e-01	1.453065776287735256e+00	0.000000000000000000e+00
2.230959638524656619e-01	1.184873333870441803e+00	0.000000000000000000e+00
2.230959638524656619e-01	1.184873333870441803e+00	0.000000000000000000e+00
2.230959638524656619e-01	1.184873333870441803e+00	0.000000000000000000e+00
2.524763882051137553e-01	9.943860362317361590e-01	0.000000000000000000e+00
2.524763882051137553e-01	9.943860362317361590e-01	0.000000000000000000e+00
2.524763882051137553e-01	9.943860362317361590e-01	0.000000000000000000e+00
2.524763882051137553e-01	9.854909490969023800e-01	0.000000000000000000e+00
2.524763882051137553e-01	9.828152587051641742e-01	0.000000000000000000e+00
2.524763882051137553e-01	9.828152587051641742e-01	0.000000000000000000e+00
2.524763882051137553e-01	9.828152587051641742e-01	0.000000000000000000e+00
2.524763882051137553e-01	9.828152587051641742e-01	0.000000000000000000e+00
2.524763882051137553e-01	9.828152587051641742e-01	0.000000000000000000e+00
2.524763882051137553e-01	9.828152587051641742e-01	0.000000000000000000e+00
2.524763882051137553e-01	9.828152587051641742e-01	0.000000000000000000e+00
4.326897477015738125e-01	5.443389928048535387e-01	0.000000000000000000e+00
4.326897477015738125e-01	5.443389928048535387e-01	0.000000000000000000e+00
4.326897477015738125e-01	5.443389928048535387e-01	0.000000000000000000e+00
4.326897477015738125e-01	5.443389928048535387e-01	0.000000000000000000e+00
4.326897477015738125e-01	5.443389928048535387e-01	0.000000000000000000e+00
4.326897477015738125e-01	5.503459136510967520e-01	0.000000000000000000e+00
4.326897477015738125e-01	5.579998478037048182e-01	0.000000000000000000e+00
4.326897477015738125e-01	5.579998478037048182e-01	0.000000000000000000e+00
4.326897477015738125e-01	5.000978650626010102e-01	0.000000000000000000e+00
4.326897477015738125e-01	4.389206408389591529e-01	0.000000000000000000e+00
4.326897477015738125e-01	4.389206408389591529e-01	0.000000000000000000e+00
4.326897477015738125e-01	4.389206408389591529e-01	0.000000000000000000e+00
4.326897477015738125e-01	4.389206408389591529e-01	0.000000000000000000e+00
4.326897477015738125e-01	4.389206408389591529e-01	0.000000000000000000e+00
4.326897477015738125e-01	4.389206408389591529e-01	0.000000000000000000e+00
4.326897477015738125e-01	4.389206408389591529e-01	0.000000000000000000e+00
4.326897477015738125e-01	4.389206408389591529e-01	0.000000000000000000e+00
4.326897477015738125e-01	4.450373308552230123e-01	0.000000000000000000e+00
4.326897477015738125e-01	4.450373308552230123e-01	0.000000000000000000e+00
4.326897477015738125e-01	4.450373308552230123e-01	0.000000000000000000e+00
6.316725914921069718e-01	1.637591390669475566e-01	0.000000000000000000e+00
6.316725914921069718e-01	1.594852911295232545e-01	0.000000000000000000e+00
6.316725914921069718e-01	1.594852911295232545e-01	0.000000000000000000e+00
6.316725914921069718e-01	1.594852911295232545e-01	0.000000000000000000e+00
6.316725914921069718e-01	2.251541781016466459e-01	0.000000000000000000e+00
6.316725914921069718e-01	2.251541781016466459e-01	0.000000000000000000e+00
6.316725914921069718e-01	2.251541781016466459e-01	0.000000000000000000e+00
6.316725914921069718e-01	2.251541781016466459e-01	0.000000000000000000e+00
6.316725914921069718e-01	2.251541781016466459e-01	0.000000000000000000e+00
6.316725914921069718e-01	2.251541781016466459e-01	0.000000000000000000e+00
6.316725914921069718e-01	2.251541781016466459e-01	0.000000000000000000e+00
6.316725914921069718e-01	2.251541781016466459e-01	0.000000000000000000e+00
6.316725914921069718e-01	2.251541781016466459e-01	0.000000000000000000e+00
6.316725914921069718e-01	2.251541781016466459e-01	0.000000000000000000e+00
8.521024127991790875e-01	-2.554090946758819092e-01	0.000000000000000000e+00
8.521024127991790875e-01	-2.554090946758819092e-01	0.000000000000000000e+00
8.521024127991790875e-01	-2.554090946758819092e-01	0.000000000000000000e+00
8.521024127991790875e-01	-2.554090946758819092e-01	0.000000000000000000e+00
8.521024127991790875e-01	-2.554090946758819092e-01	0.000000000000000000e+00
8.521024127991790875e-01	-2.649887019359776219e-01	0.000000000000000000e+00
8.521024127991790875e-01	-2.649887019359776219e-01	0.000000000000000000e+00
8.521024127991790875e-01	-8.019912758342383208e-02	0.000000000000000000e+00
8.521024127991790875e-01	-8.019912758342383208e-02	0.000000000000000000e+00
8.521024127991790875e-01	-8.019912758342383208e-02	0.000000000000000000e+00
8.521024127991790875e-01	-8.019912758342383208e-02	0.000000000000000000e+00
8.521024127991790875e-01	-8.019912758342383208e-02	0.000000000000000000e+00
8.521024127991790875e-01	-8.019912758342383208e-02	0.000000000000000000e+00
8.521024127991790875e-01	-8.019912758342383208e-02	0.000000000000000000e+00
8.521024127991790875e-01	-8.019912758342383208e-02	0.000000000000000000e+00
8.521024127991790875e-01	-9.066761495899441914e-02	0.000000000000000000e+00
8.521024127991790875e-01	-9.066761495899441914e-02	0.000000000000000000e+00
8.521024127991790875e-01	-1.045197001068445541e-01	0.000000000000000000e+00
8.521024127991790875e-01	-1.045548069850179840e-01	0.000000000000000000e+00
8.521024127991790875e-01	-1.045548069850179840e-01	0.000000000000000000e+00
8.521024127991790875e-01	-1.045548069850179840e-01	0.000000000000000000e+00
8.521024127991790875e-01	-1.497143577032438999e-01	0.000000000000000000e+00
8.521024127991790875e-01	-1.497143577032438999e-01	0.000000000000000000e+00
8.521024127991790875e-01	-1.497143577032438999e-01	0.000000000000000000e+00
8.521024127991790875e-01	-1.497143577032438999e-01	0.000000000000000000e+00
8.521024127991790875e-01	-1.497143577032438999e-01	0.000000000000000000e+00
8.521024127991790875e-01	-1.537456968703069804e-01	0.000000000000000000e+00
8.521024127991790875e-01	-1.537456968703069804e-01	0.000000000000000000e+00
8.521024127991790875e-01	-1.665722361667630325e-01	0.000000000000000000e+00
8.521024127991790875e-01	-1.665722361667630325e-01	0.000000000000000000e+00
8.521024127991790875e-01	-1.665722361667630325e-01	0.000000000000000000e+00
8.521024127991790875e-01	-1.665722361667630325e-01	0.000000000000000000e+00
8.521024127991790875e-01	-1.665722361667630325e-01	0.000000000000000000e+00
8.521024127991790875e-01	-1.665722361667630325e-01	0.000000000000000000e+00
8.521024127991790875e-01	-1.665722361667630325e-01	0.000000000000000000e+00
8.521024127991790875e-01	-1.665722361667630325e-01	0.000000000000000000e+00
8.521024127991790875e-01	-1.565240018929547616e-01	0.000000000000000000e+00
8.521024127991790875e-01	-1.565240018929547616e-01	0.000000000000000000e+00
8.521024127991790875e-01	-1.565240018929547616e-01	0.000000000000000000e+00
8.521024127991790875e-01	-1.565240018929547616e-01	0.000000000000000000e+00
