0.000000000000000000e+00	1.096692843072033297e+00	0.000000000000000000e+00
1.625088096949442104e-02	9.139169334673750145e-01	0.000000000000000000e+00
2.996492556194691251e-02	8.490964038791969370e-01	0.000000000000000000e+00
4.689008913699437009e-02	7.885898521856327115e-01	0.000000000000000000e+00
6.026699242667034329e-02	7.208310377647153544e-01	0.000000000000000000e+00
6.729258537428484122e-02	6.953045968631197393e-01	0.000000000000000000e+00
7.749383349293008372e-02	6.814944476891672265e-01	0.000000000000000000e+00
7.749383349293008372e-02	6.814944476891672265e-01	0.000000000000000000e+00
7.749383349293008372e-02	6.814944476891672265e-01	0.000000000000000000e+00
7.749383349293008372e-02	6.814944476891672265e-01	0.000000000000000000e+00
7.749383349293008372e-02	6.814944476891672265e-01	0.000000000000000000e+00
7.749383349293008372e-02	6.814944476891672265e-01	0.000000000000000000e+00
7.749383349293008372e-02	6.814944476891672265e-01	0.000000000000000000e+00
2.019832582622311523e-01	5.639995594725373262e-01	0.000000000000000000e+00
2.074839159981221870e-01	5.114112103412620236e-01	0.000000000000000000e+00
2.133846074105816282e-01	4.680863308965549918e-01	0.000000000000000000e+00
2.235358330114036729e-01	4.139110173921812796e-01	0.000000000000000000e+00
2.287400567672951968e-01	3.616313777292348153e-01	0.000000000000000000e+00
2.342863502150866195e-01	3.269644158641230036e-01	0.000000000000000000e+00
2.415361217378639291e-01	2.950596145612301990e-01	0.000000000000000000e+00
2.498346535656478795e-01	2.648079702010155967e-01	0.000000000000000000e+00
2.581331853934318299e-01	2.575389329547102535e-01	0.000000000000000000e+00
2.581331853934318299e-01	2.575389329547102535e-01	0.000000000000000000e+00
2.581331853934318299e-01	2.540161121014876122e-01	0.000000000000000000e+00
2.581331853934318299e-01	2.540161121014876122e-01	0.000000000000000000e+00
2.581331853934318299e-01	2.540161121014876122e-01	0.000000000000000000e+00
2.581331853934318299e-01	2.540161121014876122e-01	0.000000000000000000e+00
2.581331853934318299e-01	2.540161121014876122e-01	0.000000000000000000e+00
2.581331853934318299e-01	2.540161121014876122e-01	0.000000000000000000e+00
2.581331853934318299e-01	2.540161121014876122e-01	0.000000000000000000e+00
4.146895422553002475e-01	2.270343639369996336e-01	0.000000000000000000e+00
4.149489112098574961e-01	1.852435449800367839e-01	0.000000000000000000e+00
4.201881640919140626e-01	1.462685456729381495e-01	0.000000000000000000e+00
4.225224846829294112e-01	1.129521482392687737e-01	0.000000000000000000e+00
4.260499024649081479e-01	6.469797233924851065e-02	0.000000000000000000e+00
4.261423696591984944e-01	5.623650683103612047e-02	0.000000000000000000e+00
4.321191360015479432e-01	2.909695043353817748e-02	0.000000000000000000e+00
4.360836782423395674e-01	2.519797799210737790e-03	0.000000000000000000e+00
4.370471461381357225e-01	-3.218889332164734385e-02	0.000000000000000000e+00
4.418454717974449886e-01	-5.625978553594498943e-02	0.000000000000000000e+00
4.441019817020931404e-01	-7.177819894621052799e-02	0.000000000000000000e+00
4.499641467186307198e-01	-9.108440961717381712e-02	0.000000000000000000e+00
4.528952292268995095e-01	-1.106755844622877294e-01	0.000000000000000000e+00
4.547271557945674614e-01	-1.152716976835220647e-01	0.000000000000000000e+00
4.547271557945674614e-01	-1.152716976835220647e-01	0.000000000000000000e+00
4.547271557945674614e-01	-1.152716976835220647e-01	0.000000000000000000e+00
4.547271557945674614e-01	-1.152716976835220647e-01	0.000000000000000000e+00
4.547271557945674614e-01	-1.152716976835220647e-01	0.000000000000000000e+00
4.547271557945674614e-01	-1.152716976835220647e-01	0.000000000000000000e+00
4.547271557945674614e-01	-1.152716976835220647e-01	0.000000000000000000e+00
4.547271557945674614e-01	-1.152716976835220647e-01	0.000000000000000000e+00
6.211467374681339804e-01	-1.450185588799782765e-01	0.000000000000000000e+00
6.248670377524276898e-01	-1.639930498521037505e-01	0.000000000000000000e+00
6.248670377524276898e-01	-1.984641866548351175e-01	0.000000000000000000e+00
6.267627241889119905e-01	-2.186040826269798343e-01	0.000000000000000000e+00
6.287536351766629394e-01	-2.320691036537243235e-01	0.000000000000000000e+00
6.294815309886824251e-01	-2.500162646064760796e-01	0.000000000000000000e+00
6.307865753625638838e-01	-2.609769362949878047e-01	0.000000000000000000e+00
6.315748681912347617e-01	-2.775301316999347900e-01	0.000000000000000000e+00
6.331514538485765176e-01	-2.955343938460834319e-01	0.000000000000000000e+00
6.341311056061098572e-01	-3.137101710375924668e-01	0.000000000000000000e+00
6.366873430209849527e-01	-3.413087721073949643e-01	0.000000000000000000e+00
6.370512909269946400e-01	-3.508620180570934943e-01	0.000000000000000000e+00
6.404421030284430660e-01	-3.588815740415426947e-01	0.000000000000000000e+00
6.406161267366257128e-01	-3.903685801617775564e-01	0.000000000000000000e+00
6.406161267366257128e-01	-3.903685801617775564e-01	0.000000000000000000e+00
6.421757424033393002e-01	-4.065606873207417427e-01	0.000000000000000000e+00
6.437353580700528877e-01	-4.178155160166230342e-01	0.000000000000000000e+00
6.468545894034800625e-01	-4.282685637270067236e-01	0.000000000000000000e+00
6.477457983558878585e-01	-4.441513975339729248e-01	0.000000000000000000e+00
6.477457983558878585e-01	-4.441513975339729248e-01	0.000000000000000000e+00
6.477457983558878585e-01	-4.441513975339729248e-01	0.000000000000000000e+00
6.477457983558878585e-01	-4.441513975339729248e-01	0.000000000000000000e+00
6.477457983558878585e-01	-4.441513975339729248e-01	0.000000000000000000e+00
6.477457983558878585e-01	-4.441513975339729248e-01	0.000000000000000000e+00
8.274217879489937921e-01	-5.201054549663711724e-01	0.000000000000000000e+00
8.274217879489937921e-01	-5.201054549663711724e-01	0.000000000000000000e+00
8.274217879489937921e-01	-5.201054549663711724e-01	0.000000000000000000e+00
8.274217879489937921e-01	-5.201054549663711724e-01	0.000000000000000000e+00
8.274217879489937921e-01	-5.201054549663711724e-01	0.000000000000000000e+00
8.288416638559800154e-01	-5.325825510717925315e-01	0.000000000000000000e+00
8.301689771854058320e-01	-5.394289615811015404e-01	0.000000000000000000e+00
8.309647513739195634e-01	-5.535760863150316347e-01	0.000000000000000000e+00
8.327285242879007843e-01	-5.717151713230083088e-01	0.000000000000000000e+00
8.327285242879007843e-01	-5.781274015715003323e-01	0.000000000000000000e+00
8.339946623006048165e-01	-6.002022873062559105e-01	0.000000000000000000e+00
8.339946623006048165e-01	-6.002022873062559105e-01	0.000000000000000000e+00
8.349672576431308446e-01	-6.090438487979983329e-01	0.000000000000000000e+00
8.355862106776323905e-01	-6.206382541542712072e-01	0.000000000000000000e+00
8.371655148147008063e-01	-6.522804249034914736e-01	0.000000000000000000e+00
8.371655148147008063e-01	-6.522804249034914736e-01	0.000000000000000000e+00
8.371655148147008063e-01	-6.522804249034914736e-01	0.000000000000000000e+00
8.384677695574295209e-01	-6.596281804541316296e-01	0.000000000000000000e+00
8.399085489973281415e-01	-6.760884863224497776e-01	0.000000000000000000e+00
8.399085489973281415e-01	-6.806869669857817939e-01	0.000000000000000000e+00
8.399085489973281415e-01	-6.898122195284360769e-01	0.000000000000000000e+00
8.416402609486164366e-01	-7.046069110651692613e-01	0.000000000000000000e+00
8.439538379226840803e-01	-7.080867867873670285e-01	0.000000000000000000e+00
8.439538379226840803e-01	-7.160804489879883938e-01	0.000000000000000000e+00
8.465583474081412874e-01	-7.233735960449956259e-01	0.000000000000000000e+00
