0.000000000000000000e+00	1.009959283182493506e+00	0.000000000000000000e+00
1.625088096949442104e-02	8.883882494964950860e-01	0.000000000000000000e+00
2.996492556194691251e-02	8.090255408779991608e-01	0.000000000000000000e+00
4.290251588497327739e-02	7.570019419032903985e-01	0.000000000000000000e+00
6.026699242667034329e-02	7.043096827656368797e-01	0.000000000000000000e+00
7.595814668205616571e-02	6.789775676409196548e-01	0.000000000000000000e+00
8.236214256366020114e-02	6.741977864649850716e-01	0.000000000000000000e+00
8.236214256366020114e-02	6.741977864649850716e-01	0.000000000000000000e+00
8.236214256366020114e-02	6.741977864649850716e-01	0.000000000000000000e+00
8.236214256366020114e-02	6.741977864649850716e-01	0.000000000000000000e+00
8.236214256366020114e-02	6.741977864649850716e-01	0.000000000000000000e+00
8.236214256366020114e-02	6.741977864649850716e-01	0.000000000000000000e+00
1.910069540493606888e-01	6.241003158999058886e-01	0.000000000000000000e+00
2.019832582622311523e-01	5.450111235998473802e-01	0.000000000000000000e+00
2.074839159981221870e-01	5.061106357782866327e-01	0.000000000000000000e+00
2.133846074105816282e-01	4.610565406828676660e-01	0.000000000000000000e+00
2.208623152506541953e-01	4.078002644255755427e-01	0.000000000000000000e+00
2.287400567672951968e-01	3.501679647820444830e-01	0.000000000000000000e+00
2.363344370208027012e-01	3.082266674543718832e-01	0.000000000000000000e+00
2.430845452932252904e-01	2.741137105310067490e-01	0.000000000000000000e+00
2.539839194795398547e-01	2.492255697305068018e-01	0.000000000000000000e+00
2.581331853934318299e-01	2.437380015960112778e-01	0.000000000000000000e+00
2.581331853934318299e-01	2.437380015960112778e-01	0.000000000000000000e+00
2.581331853934318299e-01	2.437380015960112778e-01	0.000000000000000000e+00
2.583451120215461416e-01	2.432917983183809640e-01	0.000000000000000000e+00
2.583451120215461416e-01	2.432917983183809640e-01	0.000000000000000000e+00
2.583451120215461416e-01	2.432917983183809640e-01	0.000000000000000000e+00
2.583451120215461416e-01	2.432917983183809640e-01	0.000000000000000000e+00
2.583451120215461416e-01	2.432917983183809640e-01	0.000000000000000000e+00
4.132091835402575963e-01	2.223996926824949871e-01	0.000000000000000000e+00
4.136330367964862198e-01	1.886629511059612352e-01	0.000000000000000000e+00
4.184297035494414230e-01	1.571719874221201019e-01	0.000000000000000000e+00
4.234174851379735038e-01	8.355157892518659535e-02	0.000000000000000000e+00
4.234174851379735038e-01	8.355157892518659535e-02	0.000000000000000000e+00
4.253919652582225375e-01	6.149764056973335696e-02	0.000000000000000000e+00
4.297208026250703417e-01	1.874537408262434007e-02	0.000000000000000000e+00
4.323330762269941285e-01	-1.115454484713580656e-02	0.000000000000000000e+00
4.345174693780255448e-01	-2.951452961026011790e-02	0.000000000000000000e+00
4.379625999514504819e-01	-5.182050248113501123e-02	0.000000000000000000e+00
4.434065737716644806e-01	-8.102957766939346274e-02	0.000000000000000000e+00
4.455750196497522131e-01	-9.727694230956221433e-02	0.000000000000000000e+00
4.524652807966020873e-01	-1.224152731726587257e-01	0.000000000000000000e+00
4.555159928448738182e-01	-1.225806110205540644e-01	0.000000000000000000e+00
4.555159928448738182e-01	-1.225806110205540644e-01	0.000000000000000000e+00
4.555159928448738182e-01	-1.225806110205540644e-01	0.000000000000000000e+00
4.555159928448738182e-01	-1.225806110205540644e-01	0.000000000000000000e+00
4.555159928448738182e-01	-1.225806110205540644e-01	0.000000000000000000e+00
4.555159928448738182e-01	-1.225806110205540644e-01	0.000000000000000000e+00
4.555159928448738182e-01	-1.225806110205540644e-01	0.000000000000000000e+00
6.226124690851275734e-01	-1.928820360123763844e-01	0.000000000000000000e+00
6.226124690851275734e-01	-1.928820360123763844e-01	0.000000000000000000e+00
6.226124690851275734e-01	-1.928820360123763844e-01	0.000000000000000000e+00
6.226124690851275734e-01	-1.928820360123763844e-01	0.000000000000000000e+00
6.272714323079621179e-01	-2.353526544370115603e-01	0.000000000000000000e+00
6.272714323079621179e-01	-2.353526544370115603e-01	0.000000000000000000e+00
6.290932696551226888e-01	-2.667392438968205215e-01	0.000000000000000000e+00
6.320515523508927203e-01	-2.847825916993934059e-01	0.000000000000000000e+00
6.314382472543258462e-01	-2.945446541012100572e-01	0.000000000000000000e+00
6.348010953367966280e-01	-3.501282299468604364e-01	0.000000000000000000e+00
6.348010953367966280e-01	-3.501282299468604364e-01	0.000000000000000000e+00
6.348010953367966280e-01	-3.501282299468604364e-01	0.000000000000000000e+00
6.365668104798447580e-01	-3.691347078047316765e-01	0.000000000000000000e+00
6.377560001956078528e-01	-3.813131146165404384e-01	0.000000000000000000e+00
6.416953737053635587e-01	-4.126047027298431202e-01	0.000000000000000000e+00
6.416953737053635587e-01	-4.126047027298431202e-01	0.000000000000000000e+00
6.451390515557372529e-01	-4.311902048960176703e-01	0.000000000000000000e+00
6.530930520703344122e-01	-4.436656817919207296e-01	0.000000000000000000e+00
6.530930520703344122e-01	-4.539730862639891340e-01	0.000000000000000000e+00
6.530930520703344122e-01	-4.550895939590235417e-01	0.000000000000000000e+00
6.530930520703344122e-01	-4.550895939590235417e-01	0.000000000000000000e+00
6.530930520703344122e-01	-4.550895939590235417e-01	0.000000000000000000e+00
6.530930520703344122e-01	-4.550895939590235417e-01	0.000000000000000000e+00
6.530930520703344122e-01	-4.550895939590235417e-01	0.000000000000000000e+00
8.245129837404143736e-01	-4.701216404120769354e-01	0.000000000000000000e+00
8.265360470927622938e-01	-4.909087207663787034e-01	0.000000000000000000e+00
8.265360470927622938e-01	-4.981314299855915118e-01	0.000000000000000000e+00
8.265360470927622938e-01	-5.122902058776730438e-01	0.000000000000000000e+00
8.290976252673412095e-01	-5.362283218889354330e-01	0.000000000000000000e+00
8.290976252673412095e-01	-5.362283218889354330e-01	0.000000000000000000e+00
8.296361400895723159e-01	-5.495489348400712792e-01	0.000000000000000000e+00
8.296361400895723159e-01	-5.642918229309052958e-01	0.000000000000000000e+00
8.338272124278942599e-01	-6.232585550673864772e-01	0.000000000000000000e+00
8.338272124278942599e-01	-6.232585550673864772e-01	0.000000000000000000e+00
8.337637498940915215e-01	-6.028663721436995360e-01	0.000000000000000000e+00
8.338272124278942599e-01	-6.232585550673864772e-01	0.000000000000000000e+00
8.338272124278942599e-01	-6.232585550673864772e-01	0.000000000000000000e+00
8.356030791996028606e-01	-6.438028989401518576e-01	0.000000000000000000e+00
8.356030791996028606e-01	-6.481559419704766567e-01	0.000000000000000000e+00
8.434699522685542572e-01	-7.094968017396421356e-01	0.000000000000000000e+00
8.434699522685542572e-01	-7.094968017396421356e-01	0.000000000000000000e+00
8.376971864285671643e-01	-6.756062338133295153e-01	0.000000000000000000e+00
8.434699522685542572e-01	-7.094968017396421356e-01	0.000000000000000000e+00
8.434699522685542572e-01	-7.094968017396421356e-01	0.000000000000000000e+00
8.434699522685542572e-01	-7.094968017396421356e-01	0.000000000000000000e+00
8.463563351885478037e-01	-7.482461398155022536e-01	0.000000000000000000e+00
8.463563351885478037e-01	-7.482461398155022536e-01	0.000000000000000000e+00
8.463563351885478037e-01	-7.482461398155022536e-01	0.000000000000000000e+00
8.463563351885478037e-01	-7.482461398155022536e-01	0.000000000000000000e+00
8.492427181085413501e-01	-7.533172894786654972e-01	0.000000000000000000e+00
8.492427181085413501e-01	-7.581278865504494924e-01	0.000000000000000000e+00
