0.000000000000000000e+00	1.527046490880395124e+00	0.000000000000000000e+00
1.193578613125074843e-02	1.231864533508626902e+00	0.000000000000000000e+00
1.193578613125074843e-02	1.231864533508626902e+00	0.000000000000000000e+00
3.762229852415985287e-02	1.116548151039110204e+00	0.000000000000000000e+00
3.762229852415985287e-02	1.116548151039110204e+00	0.000000000000000000e+00
7.874956308127649407e-02	1.006009586514678533e+00	0.000000000000000000e+00
7.874956308127649407e-02	1.006009586514678533e+00	0.000000000000000000e+00
9.931319535983482161e-02	9.953907601726006416e-01	0.000000000000000000e+00
9.931319535983482161e-02	9.930381594897729203e-01	0.000000000000000000e+00
9.931319535983482161e-02	9.930381594897729203e-01	0.000000000000000000e+00
9.931319535983482161e-02	9.930381594897729203e-01	0.000000000000000000e+00
9.931319535983482161e-02	9.930381594897729203e-01	0.000000000000000000e+00
2.021313567526264177e-01	8.721330327836963603e-01	0.000000000000000000e+00
2.021313567526264177e-01	8.721330327836963603e-01	0.000000000000000000e+00
2.197182935051318342e-01	8.035213924449013945e-01	0.000000000000000000e+00
2.215461234073256569e-01	7.107818529493264981e-01	0.000000000000000000e+00
2.233739533095195073e-01	6.421369653234878516e-01	0.000000000000000000e+00
2.275361354109105561e-01	5.750589823731425687e-01	0.000000000000000000e+00
2.275361354109105561e-01	5.645606342876717809e-01	0.000000000000000000e+00
2.384475438818395299e-01	5.097047316337445233e-01	0.000000000000000000e+00
2.493589523527685314e-01	4.771578602888111864e-01	0.000000000000000000e+00
2.535211344541595802e-01	3.951655630268249286e-01	0.000000000000000000e+00
2.535211344541595802e-01	3.948043307243832567e-01	0.000000000000000000e+00
2.535211344541595802e-01	3.948043307243832567e-01	0.000000000000000000e+00
2.535211344541595802e-01	3.948043307243832567e-01	0.000000000000000000e+00
2.535211344541595802e-01	3.948043307243832567e-01	0.000000000000000000e+00
2.535211344541595802e-01	3.822981291877408649e-01	0.000000000000000000e+00
2.535211344541595802e-01	3.822981291877408649e-01	0.000000000000000000e+00
2.535211344541595802e-01	3.822981291877408649e-01	0.000000000000000000e+00
2.535211344541595802e-01	3.822981291877408649e-01	0.000000000000000000e+00
2.535211344541595802e-01	3.822981291877408649e-01	0.000000000000000000e+00
2.535211344541595802e-01	3.822981291877408649e-01	0.000000000000000000e+00
2.535211344541595802e-01	3.822981291877408649e-01	0.000000000000000000e+00
4.326897477015738125e-01	1.911960825717849144e-01	0.000000000000000000e+00
4.326897477015738125e-01	1.699816700284503546e-01	0.000000000000000000e+00
4.326897477015738125e-01	1.699816700284503546e-01	0.000000000000000000e+00
4.326897477015738125e-01	1.699816700284503546e-01	0.000000000000000000e+00
4.326897477015738125e-01	1.699816700284503546e-01	0.000000000000000000e+00
4.326897477015738125e-01	1.699816700284503546e-01	0.000000000000000000e+00
4.326897477015738125e-01	1.550985272786105928e-01	0.000000000000000000e+00
4.326897477015738125e-01	1.534666364035055242e-01	0.000000000000000000e+00
4.326897477015738125e-01	1.534666364035055242e-01	0.000000000000000000e+00
4.326897477015738125e-01	1.534666364035055242e-01	0.000000000000000000e+00
4.326897477015738125e-01	1.534666364035055242e-01	0.000000000000000000e+00
4.326897477015738125e-01	1.534666364035055242e-01	0.000000000000000000e+00
4.326897477015738125e-01	1.534666364035055242e-01	0.000000000000000000e+00
4.326897477015738125e-01	1.534666364035055242e-01	0.000000000000000000e+00
4.326897477015738125e-01	1.534666364035055242e-01	0.000000000000000000e+00
6.171954482805106501e-01	1.220890971558762361e-01	0.000000000000000000e+00
6.171954482805106501e-01	1.220890971558762361e-01	0.000000000000000000e+00
6.316725914921069718e-01	-2.787207853526812301e-02	0.000000000000000000e+00
6.316725914921069718e-01	-2.787207853526812301e-02	0.000000000000000000e+00
6.316725914921069718e-01	1.809420920247039113e-02	0.000000000000000000e+00
6.316725914921069718e-01	1.809420920247039113e-02	0.000000000000000000e+00
6.316725914921069718e-01	-6.077476526474456797e-02	0.000000000000000000e+00
6.316725914921069718e-01	-6.077476526474456797e-02	0.000000000000000000e+00
6.316725914921069718e-01	-6.077476526474456797e-02	0.000000000000000000e+00
6.316725914921069718e-01	-6.077476526474456797e-02	0.000000000000000000e+00
6.316725914921069718e-01	-6.077476526474456797e-02	0.000000000000000000e+00
6.316725914921069718e-01	-7.484224406506359561e-02	0.000000000000000000e+00
6.513005888126128795e-01	-1.228459879818330491e-01	0.000000000000000000e+00
6.513005888126128795e-01	-1.381261070146936332e-01	0.000000000000000000e+00
6.513005888126128795e-01	-1.381261070146936332e-01	0.000000000000000000e+00
6.513005888126128795e-01	-1.381261070146936332e-01	0.000000000000000000e+00
6.513005888126128795e-01	-1.381261070146936332e-01	0.000000000000000000e+00
6.513005888126128795e-01	-1.381261070146936332e-01	0.000000000000000000e+00
6.513005888126128795e-01	-1.381261070146936332e-01	0.000000000000000000e+00
6.513005888126128795e-01	-1.381261070146936332e-01	0.000000000000000000e+00
6.513005888126128795e-01	-1.381261070146936332e-01	0.000000000000000000e+00
6.513005888126128795e-01	-1.381261070146936332e-01	0.000000000000000000e+00
8.521024127991790875e-01	-4.264684612300218003e-01	0.000000000000000000e+00
8.521024127991790875e-01	-4.264684612300218003e-01	0.000000000000000000e+00
8.521024127991790875e-01	-4.264684612300218003e-01	0.000000000000000000e+00
8.521024127991790875e-01	-4.264684612300218003e-01	0.000000000000000000e+00
8.521024127991790875e-01	-4.264684612300218003e-01	0.000000000000000000e+00
8.521024127991790875e-01	-3.932855425180227793e-01	0.000000000000000000e+00
8.521024127991790875e-01	-3.932855425180227793e-01	0.000000000000000000e+00
8.521024127991790875e-01	-3.932855425180227793e-01	0.000000000000000000e+00
8.521024127991790875e-01	-3.932855425180227793e-01	0.000000000000000000e+00
8.521024127991790875e-01	-3.932855425180227793e-01	0.000000000000000000e+00
8.521024127991790875e-01	-3.932855425180227793e-01	0.000000000000000000e+00
8.521024127991790875e-01	-3.932855425180227793e-01	0.000000000000000000e+00
8.521024127991790875e-01	-4.535151200955226392e-01	0.000000000000000000e+00
8.521024127991790875e-01	-4.597585209263438943e-01	0.000000000000000000e+00
8.521024127991790875e-01	-4.597585209263438943e-01	0.000000000000000000e+00
8.521024127991790875e-01	-4.597585209263438943e-01	0.000000000000000000e+00
8.521024127991790875e-01	-4.684354215959538603e-01	0.000000000000000000e+00
8.521024127991790875e-01	-4.684354215959538603e-01	0.000000000000000000e+00
8.521024127991790875e-01	-4.729430468623583295e-01	0.000000000000000000e+00
8.521024127991790875e-01	-4.729430468623583295e-01	0.000000000000000000e+00
8.521024127991790875e-01	-4.729430468623583295e-01	0.000000000000000000e+00
8.521024127991790875e-01	-4.729430468623583295e-01	0.000000000000000000e+00
8.521024127991790875e-01	-4.729430468623583295e-01	0.000000000000000000e+00
8.521024127991790875e-01	-4.729430468623583295e-01	0.000000000000000000e+00
8.521024127991790875e-01	-4.729430468623583295e-01	0.000000000000000000e+00
8.521024127991790875e-01	-4.729430468623583295e-01	0.000000000000000000e+00
8.521024127991790875e-01	-4.788972891709690205e-01	0.000000000000000000e+00
8.521024127991790875e-01	-4.788972891709690205e-01	0.000000000000000000e+00
8.521024127991790875e-01	-4.788972891709690205e-01	0.000000000000000000e+00
8.521024127991790875e-01	-4.788972891709690205e-01	0.000000000000000000e+00
