0.000000000000000000e+00	1.804110024846072413e+00	0.000000000000000000e+00
1.193578613125074843e-02	1.295662172801493872e+00	0.000000000000000000e+00
1.193578613125074843e-02	1.295662172801493872e+00	0.000000000000000000e+00
3.762229852415985287e-02	1.136823348687302060e+00	0.000000000000000000e+00
3.762229852415985287e-02	1.136823348687302060e+00	0.000000000000000000e+00
3.762229852415985287e-02	1.136823348687302060e+00	0.000000000000000000e+00
3.762229852415985287e-02	1.136823348687302060e+00	0.000000000000000000e+00
3.762229852415985287e-02	1.136823348687302060e+00	0.000000000000000000e+00
3.762229852415985287e-02	1.136823348687302060e+00	0.000000000000000000e+00
3.762229852415985287e-02	1.136823348687302060e+00	0.000000000000000000e+00
3.762229852415985287e-02	1.142891064024687875e+00	0.000000000000000000e+00
2.021313567526264177e-01	9.482359637346833292e-01	0.000000000000000000e+00
2.021313567526264177e-01	9.482359637346833292e-01	0.000000000000000000e+00
2.072279294649814196e-01	8.895838810989892265e-01	0.000000000000000000e+00
2.197182935051318342e-01	8.035213924449013945e-01	0.000000000000000000e+00
2.215461234073256569e-01	7.080021247439577392e-01	0.000000000000000000e+00
2.233739533095195073e-01	6.498359722822716344e-01	0.000000000000000000e+00
2.233739533095195073e-01	6.498359722822716344e-01	0.000000000000000000e+00
2.451967702513774827e-01	5.603575669201913412e-01	0.000000000000000000e+00
2.493589523527685314e-01	5.505323233745359479e-01	0.000000000000000000e+00
2.535211344541595802e-01	4.582574794588775147e-01	0.000000000000000000e+00
2.535211344541595802e-01	4.027452017190730205e-01	0.000000000000000000e+00
2.535211344541595802e-01	4.027452017190730205e-01	0.000000000000000000e+00
2.535211344541595802e-01	3.948043307243832567e-01	0.000000000000000000e+00
2.535211344541595802e-01	3.948043307243832567e-01	0.000000000000000000e+00
2.535211344541595802e-01	3.948043307243832567e-01	0.000000000000000000e+00
2.535211344541595802e-01	3.948043307243832567e-01	0.000000000000000000e+00
2.535211344541595802e-01	3.948043307243832567e-01	0.000000000000000000e+00
2.535211344541595802e-01	3.948043307243832567e-01	0.000000000000000000e+00
2.535211344541595802e-01	3.948043307243832567e-01	0.000000000000000000e+00
2.535211344541595802e-01	3.948043307243832567e-01	0.000000000000000000e+00
2.535211344541595802e-01	4.131868352675955314e-01	0.000000000000000000e+00
4.326897477015738125e-01	1.535137732630171836e-01	0.000000000000000000e+00
4.326897477015738125e-01	1.535137732630171836e-01	0.000000000000000000e+00
4.326897477015738125e-01	1.908819115660792265e-01	0.000000000000000000e+00
4.326897477015738125e-01	1.908819115660792265e-01	0.000000000000000000e+00
4.326897477015738125e-01	1.908819115660792265e-01	0.000000000000000000e+00
4.326897477015738125e-01	1.908819115660792265e-01	0.000000000000000000e+00
4.326897477015738125e-01	1.823405134667635541e-01	0.000000000000000000e+00
4.326897477015738125e-01	1.784806429944360562e-01	0.000000000000000000e+00
4.326897477015738125e-01	1.823405134667635541e-01	0.000000000000000000e+00
4.326897477015738125e-01	1.823405134667635541e-01	0.000000000000000000e+00
4.326897477015738125e-01	1.983767319976759147e-01	0.000000000000000000e+00
4.326897477015738125e-01	2.046525935608437541e-01	0.000000000000000000e+00
4.326897477015738125e-01	2.103593093244213452e-01	0.000000000000000000e+00
4.326897477015738125e-01	2.103593093244213452e-01	0.000000000000000000e+00
6.171954482805106501e-01	1.992949031839515162e-01	0.000000000000000000e+00
6.171954482805106501e-01	1.630180989633109034e-01	0.000000000000000000e+00
6.171954482805106501e-01	1.630180989633109034e-01	0.000000000000000000e+00
6.316725914921069718e-01	1.904539192120891303e-02	0.000000000000000000e+00
6.316725914921069718e-01	1.904539192120891303e-02	0.000000000000000000e+00
6.316725914921069718e-01	1.904539192120891303e-02	0.000000000000000000e+00
6.316725914921069718e-01	1.904539192120891303e-02	0.000000000000000000e+00
6.316725914921069718e-01	1.904539192120891303e-02	0.000000000000000000e+00
6.316725914921069718e-01	1.904539192120891303e-02	0.000000000000000000e+00
6.316725914921069718e-01	-3.155089329347796762e-02	0.000000000000000000e+00
6.316725914921069718e-01	-3.155089329347796762e-02	0.000000000000000000e+00
6.316725914921069718e-01	-6.540390610456683906e-02	0.000000000000000000e+00
6.316725914921069718e-01	-6.540390610456683906e-02	0.000000000000000000e+00
6.316725914921069718e-01	-7.484224406506359561e-02	0.000000000000000000e+00
6.513005888126128795e-01	-1.022689135824584317e-01	0.000000000000000000e+00
6.513005888126128795e-01	-1.022689135824584317e-01	0.000000000000000000e+00
6.513005888126128795e-01	-1.160553879014581263e-01	0.000000000000000000e+00
6.513005888126128795e-01	-1.160553879014581263e-01	0.000000000000000000e+00
6.513005888126128795e-01	-1.160553879014581263e-01	0.000000000000000000e+00
6.513005888126128795e-01	-1.160553879014581263e-01	0.000000000000000000e+00
6.513005888126128795e-01	-1.160553879014581263e-01	0.000000000000000000e+00
6.513005888126128795e-01	-1.160553879014581263e-01	0.000000000000000000e+00
8.521024127991790875e-01	-4.023354530857376488e-01	0.000000000000000000e+00
8.521024127991790875e-01	-4.023354530857376488e-01	0.000000000000000000e+00
8.521024127991790875e-01	-4.139948989836679250e-01	0.000000000000000000e+00
8.521024127991790875e-01	-4.139948989836679250e-01	0.000000000000000000e+00
8.521024127991790875e-01	-3.934773600324508180e-01	0.000000000000000000e+00
8.521024127991790875e-01	-3.934773600324508180e-01	0.000000000000000000e+00
8.521024127991790875e-01	-3.934773600324508180e-01	0.000000000000000000e+00
8.521024127991790875e-01	-3.934773600324508180e-01	0.000000000000000000e+00
8.521024127991790875e-01	-3.934773600324508180e-01	0.000000000000000000e+00
8.521024127991790875e-01	-3.934773600324508180e-01	0.000000000000000000e+00
8.521024127991790875e-01	-3.934773600324508180e-01	0.000000000000000000e+00
8.521024127991790875e-01	-3.636677636629049859e-01	0.000000000000000000e+00
8.521024127991790875e-01	-3.636677636629049859e-01	0.000000000000000000e+00
8.521024127991790875e-01	-3.636677636629049859e-01	0.000000000000000000e+00
8.521024127991790875e-01	-3.636677636629049859e-01	0.000000000000000000e+00
8.521024127991790875e-01	-3.636677636629049859e-01	0.000000000000000000e+00
8.521024127991790875e-01	-3.636677636629049859e-01	0.000000000000000000e+00
8.521024127991790875e-01	-4.656417652698305321e-01	0.000000000000000000e+00
8.521024127991790875e-01	-4.182903939154605788e-01	0.000000000000000000e+00
8.521024127991790875e-01	-4.182903939154605788e-01	0.000000000000000000e+00
8.521024127991790875e-01	-4.182903939154605788e-01	0.000000000000000000e+00
8.521024127991790875e-01	-4.182903939154605788e-01	0.000000000000000000e+00
8.521024127991790875e-01	-4.656417652698305321e-01	0.000000000000000000e+00
8.521024127991790875e-01	-4.656417652698305321e-01	0.000000000000000000e+00
8.521024127991790875e-01	-4.591030594643772944e-01	0.000000000000000000e+00
8.521024127991790875e-01	-4.591030594643772944e-01	0.000000000000000000e+00
8.521024127991790875e-01	-4.694709143260235029e-01	0.000000000000000000e+00
8.521024127991790875e-01	-4.737532984235306444e-01	0.000000000000000000e+00
8.521024127991790875e-01	-4.737532984235306444e-01	0.000000000000000000e+00
8.521024127991790875e-01	-4.737532984235306444e-01	0.000000000000000000e+00
8.521024127991790875e-01	-4.737532984235306444e-01	0.000000000000000000e+00
8.521024127991790875e-01	-4.737532984235306444e-01	0.000000000000000000e+00
