0.000000000000000000e+00	1.015222330950004137e+00	0.000000000000000000e+00
1.663910810420748260e-02	8.732364523085042185e-01	0.000000000000000000e+00
2.996492556194691251e-02	8.067781331872354578e-01	0.000000000000000000e+00
4.290251588497327739e-02	7.557194146995230843e-01	0.000000000000000000e+00
6.026699242667034329e-02	7.033522980070480157e-01	0.000000000000000000e+00
7.303601209830845598e-02	6.779078133118656702e-01	0.000000000000000000e+00
8.236214256366020114e-02	6.726997426683605230e-01	0.000000000000000000e+00
8.236214256366020114e-02	6.726997426683605230e-01	0.000000000000000000e+00
8.236214256366020114e-02	6.726997426683605230e-01	0.000000000000000000e+00
8.236214256366020114e-02	6.726997426683605230e-01	0.000000000000000000e+00
8.236214256366020114e-02	6.726997426683605230e-01	0.000000000000000000e+00
8.236214256366020114e-02	6.726997426683605230e-01	0.000000000000000000e+00
1.910069540493606888e-01	6.199668187447301415e-01	0.000000000000000000e+00
2.019832582622311523e-01	5.617380855193269129e-01	0.000000000000000000e+00
2.074839159981221870e-01	5.041752310908351742e-01	0.000000000000000000e+00
2.164085187735714233e-01	4.376423944482777384e-01	0.000000000000000000e+00
2.208623152506541953e-01	4.003587605442858188e-01	0.000000000000000000e+00
2.287400567672951968e-01	3.501679647820444830e-01	0.000000000000000000e+00
2.363344370208027012e-01	3.052905665375116318e-01	0.000000000000000000e+00
2.453008588817380264e-01	2.726193420403490442e-01	0.000000000000000000e+00
2.539839194795398547e-01	2.492255697305068018e-01	0.000000000000000000e+00
2.583451120215461416e-01	2.432169377349126804e-01	0.000000000000000000e+00
2.583451120215461416e-01	2.432169377349126804e-01	0.000000000000000000e+00
2.583451120215461416e-01	2.432169377349126804e-01	0.000000000000000000e+00
2.583451120215461416e-01	2.432169377349126804e-01	0.000000000000000000e+00
2.583451120215461416e-01	2.432169377349126804e-01	0.000000000000000000e+00
2.583451120215461416e-01	2.432169377349126804e-01	0.000000000000000000e+00
2.583451120215461416e-01	2.432169377349126804e-01	0.000000000000000000e+00
2.583451120215461416e-01	2.432169377349126804e-01	0.000000000000000000e+00
4.125588403614532940e-01	2.130176184378019810e-01	0.000000000000000000e+00
4.136330367964862198e-01	1.876004371843466856e-01	0.000000000000000000e+00
4.184297035494414230e-01	1.360077772880752545e-01	0.000000000000000000e+00
4.206027232757453271e-01	1.176694644281648938e-01	0.000000000000000000e+00
4.234174851379735038e-01	8.082740607648057629e-02	0.000000000000000000e+00
4.263544720177969705e-01	5.132900260035346690e-02	0.000000000000000000e+00
4.297208026250703417e-01	1.399512408855931554e-02	0.000000000000000000e+00
4.323330762269941285e-01	-1.118741385253641495e-02	0.000000000000000000e+00
4.357615371757054268e-01	-3.575816055740355798e-02	0.000000000000000000e+00
4.396768304258061311e-01	-5.528825435111160008e-02	0.000000000000000000e+00
4.434065737716644806e-01	-8.102957766939346274e-02	0.000000000000000000e+00
4.486590709474512217e-01	-1.067811375911706107e-01	0.000000000000000000e+00
4.520875318961625200e-01	-1.224683621003592876e-01	0.000000000000000000e+00
4.555159928448738182e-01	-1.226022143382728552e-01	0.000000000000000000e+00
4.555159928448738182e-01	-1.226099741070149768e-01	0.000000000000000000e+00
4.555159928448738182e-01	-1.226099741070149768e-01	0.000000000000000000e+00
4.555159928448738182e-01	-1.226099741070149768e-01	0.000000000000000000e+00
4.555159928448738182e-01	-1.226099741070149768e-01	0.000000000000000000e+00
4.555159928448738182e-01	-1.226099741070149768e-01	0.000000000000000000e+00
4.555159928448738182e-01	-1.226099741070149768e-01	0.000000000000000000e+00
6.214399802855259392e-01	-1.631226910134392361e-01	0.000000000000000000e+00
6.214399802855259392e-01	-1.631226910134392361e-01	0.000000000000000000e+00
6.222786519610394862e-01	-1.759082002914167386e-01	0.000000000000000000e+00
6.243150113725564054e-01	-2.008798094466188455e-01	0.000000000000000000e+00
6.266851879081613008e-01	-2.271719798867216089e-01	0.000000000000000000e+00
6.266851879081613008e-01	-2.527018147799686143e-01	0.000000000000000000e+00
6.290743170494443870e-01	-2.688052949425865368e-01	0.000000000000000000e+00
6.296605614492452041e-01	-2.838924292659838478e-01	0.000000000000000000e+00
6.314382472543258462e-01	-2.975502885398836894e-01	0.000000000000000000e+00
6.322502878076780020e-01	-3.179852714109460687e-01	0.000000000000000000e+00
6.334322529101187316e-01	-3.347692428381884300e-01	0.000000000000000000e+00
6.348010953367966280e-01	-3.507274048578644110e-01	0.000000000000000000e+00
6.365668104798447580e-01	-3.679409073385845330e-01	0.000000000000000000e+00
6.377560001956078528e-01	-3.828860517167374522e-01	0.000000000000000000e+00
6.394374242368432437e-01	-3.952524182697872979e-01	0.000000000000000000e+00
6.416953737053635587e-01	-4.142698342274329648e-01	0.000000000000000000e+00
6.445838141123534371e-01	-4.324043125202552407e-01	0.000000000000000000e+00
6.479870770787756751e-01	-4.404175228887780569e-01	0.000000000000000000e+00
6.491160518130358881e-01	-4.504376602990943224e-01	0.000000000000000000e+00
6.530930520703344122e-01	-4.554171948534772585e-01	0.000000000000000000e+00
6.530930520703344122e-01	-4.554171948534772585e-01	0.000000000000000000e+00
6.530930520703344122e-01	-4.554171948534772585e-01	0.000000000000000000e+00
6.530930520703344122e-01	-4.554171948534772585e-01	0.000000000000000000e+00
6.530930520703344122e-01	-4.554171948534772585e-01	0.000000000000000000e+00
8.245129837404143736e-01	-4.761625082309049461e-01	0.000000000000000000e+00
8.260222886889077021e-01	-4.835539945139821216e-01	0.000000000000000000e+00
8.265360470927622938e-01	-5.136148704215772742e-01	0.000000000000000000e+00
8.265360470927622938e-01	-5.136148704215772742e-01	0.000000000000000000e+00
8.284790060710425230e-01	-5.405793258343292162e-01	0.000000000000000000e+00
8.284790060710425230e-01	-5.405793258343292162e-01	0.000000000000000000e+00
8.296361400895723159e-01	-5.625458930141310487e-01	0.000000000000000000e+00
8.296361400895723159e-01	-5.642918229309052958e-01	0.000000000000000000e+00
8.314027256341657290e-01	-5.954486423109486282e-01	0.000000000000000000e+00
8.314027256341657290e-01	-5.954486423109486282e-01	0.000000000000000000e+00
8.329823105777618419e-01	-6.092181243528181911e-01	0.000000000000000000e+00
8.338272124278942599e-01	-6.215716592175194455e-01	0.000000000000000000e+00
8.344269309779552835e-01	-6.240556881435977976e-01	0.000000000000000000e+00
8.355170161281592067e-01	-6.427788126821282200e-01	0.000000000000000000e+00
8.355170161281592067e-01	-6.468273206890688964e-01	0.000000000000000000e+00
8.376971864285671643e-01	-6.607728211498969939e-01	0.000000000000000000e+00
8.376971864285671643e-01	-6.698119301114376922e-01	0.000000000000000000e+00
8.379305953318397782e-01	-6.808107804282631514e-01	0.000000000000000000e+00
8.390129889268373997e-01	-6.888482860817826126e-01	0.000000000000000000e+00
8.428120510194191395e-01	-7.143005564800087859e-01	0.000000000000000000e+00
8.428120510194191395e-01	-7.143005564800087859e-01	0.000000000000000000e+00
8.434699522685542572e-01	-7.307506667895472541e-01	0.000000000000000000e+00
8.434699522685542572e-01	-7.307506667895472541e-01	0.000000000000000000e+00
8.441915479985526716e-01	-7.363343750537838517e-01	0.000000000000000000e+00
8.456347394585495003e-01	-7.464288588071074093e-01	0.000000000000000000e+00
8.492427181085413501e-01	-7.535602476670438810e-01	0.000000000000000000e+00
8.492427181085413501e-01	-7.610704552670191081e-01	0.000000000000000000e+00
