0.000000000000000000e+00	1.016927661275045747e+00	0.000000000000000000e+00
1.625088096949442104e-02	8.883882494964950860e-01	0.000000000000000000e+00
2.996492556194691251e-02	8.092215964070472722e-01	0.000000000000000000e+00
4.290251588497327739e-02	7.573938857290049009e-01	0.000000000000000000e+00
6.026699242667034329e-02	7.046285886579669588e-01	0.000000000000000000e+00
7.595814668205616571e-02	6.789775676409196548e-01	0.000000000000000000e+00
8.236214256366020114e-02	6.764073629066122972e-01	0.000000000000000000e+00
8.236214256366020114e-02	6.764073629066122972e-01	0.000000000000000000e+00
8.236214256366020114e-02	6.764073629066122972e-01	0.000000000000000000e+00
8.236214256366020114e-02	6.764073629066122972e-01	0.000000000000000000e+00
8.236214256366020114e-02	6.764073629066122972e-01	0.000000000000000000e+00
8.236214256366020114e-02	6.764823411968904354e-01	0.000000000000000000e+00
1.910069540493606888e-01	6.241003158999058886e-01	0.000000000000000000e+00
2.019832582622311523e-01	5.500672548795584316e-01	0.000000000000000000e+00
2.074839159981221870e-01	5.076845407416965550e-01	0.000000000000000000e+00
2.133846074105816282e-01	4.610565406828676660e-01	0.000000000000000000e+00
2.235358330114036729e-01	3.998962691386876989e-01	0.000000000000000000e+00
2.287400567672951968e-01	3.504277819143248318e-01	0.000000000000000000e+00
2.363344370208027012e-01	3.082266674543718832e-01	0.000000000000000000e+00
2.430845452932252904e-01	2.790440484886497208e-01	0.000000000000000000e+00
2.539839194795398547e-01	2.493167036468246223e-01	0.000000000000000000e+00
2.581331853934318299e-01	2.459426238647293705e-01	0.000000000000000000e+00
2.581331853934318299e-01	2.459426238647293705e-01	0.000000000000000000e+00
2.581331853934318299e-01	2.459426238647293705e-01	0.000000000000000000e+00
2.581331853934318299e-01	2.459426238647293705e-01	0.000000000000000000e+00
2.581331853934318299e-01	2.461744826394952901e-01	0.000000000000000000e+00
2.581331853934318299e-01	2.461744826394952901e-01	0.000000000000000000e+00
2.581331853934318299e-01	2.472976881883185984e-01	0.000000000000000000e+00
2.581331853934318299e-01	2.472976881883185984e-01	0.000000000000000000e+00
4.136330367964862198e-01	2.035440878633500983e-01	0.000000000000000000e+00
4.136330367964862198e-01	1.922989825119563734e-01	0.000000000000000000e+00
4.184297035494414230e-01	1.403942941248723097e-01	0.000000000000000000e+00
4.188547330780720279e-01	1.275538733295259464e-01	0.000000000000000000e+00
4.234174851379735038e-01	8.358731512191179547e-02	0.000000000000000000e+00
4.253919652582225375e-01	6.149764056973335696e-02	0.000000000000000000e+00
4.297208026250703417e-01	3.426127737419413372e-02	0.000000000000000000e+00
4.312488532879502623e-01	-1.002919425355582473e-03	0.000000000000000000e+00
4.345174693780255448e-01	-2.951452961026011790e-02	0.000000000000000000e+00
4.379625999514504819e-01	-5.182050248113501123e-02	0.000000000000000000e+00
4.434065737716644806e-01	-7.946886242500406095e-02	0.000000000000000000e+00
4.455750196497522131e-01	-9.727694230956221433e-02	0.000000000000000000e+00
4.494145687483303009e-01	-1.160959553615621698e-01	0.000000000000000000e+00
4.555159928448738182e-01	-1.225796200403043018e-01	0.000000000000000000e+00
4.555159928448738182e-01	-1.225796200403043018e-01	0.000000000000000000e+00
4.555159928448738182e-01	-1.225796200403043018e-01	0.000000000000000000e+00
4.555159928448738182e-01	-1.225796200403043018e-01	0.000000000000000000e+00
4.555159928448738182e-01	-1.225796200403043018e-01	0.000000000000000000e+00
4.555159928448738182e-01	-1.225796200403043018e-01	0.000000000000000000e+00
4.555159928448738182e-01	-1.225796200403043018e-01	0.000000000000000000e+00
4.555159928448738182e-01	-1.225796200403043018e-01	0.000000000000000000e+00
6.211467374681339804e-01	-1.516856411219798528e-01	0.000000000000000000e+00
6.226124690851275734e-01	-1.918125903387456754e-01	0.000000000000000000e+00
6.230068876102807796e-01	-1.978996753127770514e-01	0.000000000000000000e+00
6.262561437794487151e-01	-2.101960448347039156e-01	0.000000000000000000e+00
6.272714323079621179e-01	-2.406797984448343919e-01	0.000000000000000000e+00
6.293020093649888125e-01	-2.666079481190268274e-01	0.000000000000000000e+00
6.293020093649888125e-01	-2.689837848324210801e-01	0.000000000000000000e+00
6.315439080866360744e-01	-2.972109324499266347e-01	0.000000000000000000e+00
6.320515523508927203e-01	-3.055736207511600688e-01	0.000000000000000000e+00
6.336611110498323596e-01	-3.218308506617750253e-01	0.000000000000000000e+00
6.348010953367966280e-01	-3.518202954824959372e-01	0.000000000000000000e+00
6.380202127346759067e-01	-3.680360174430514775e-01	0.000000000000000000e+00
6.382082959892421137e-01	-3.775844698415446454e-01	0.000000000000000000e+00
6.386834412653650261e-01	-3.904157600078786428e-01	0.000000000000000000e+00
6.408234105705531425e-01	-4.118483532914578027e-01	0.000000000000000000e+00
6.431693648008594000e-01	-4.182650854772785309e-01	0.000000000000000000e+00
6.449132910704802324e-01	-4.302503303396004175e-01	0.000000000000000000e+00
6.467681732099945791e-01	-4.438226722791428491e-01	0.000000000000000000e+00
6.530930520703344122e-01	-4.549004868601057572e-01	0.000000000000000000e+00
6.530930520703344122e-01	-4.549004868601057572e-01	0.000000000000000000e+00
6.530930520703344122e-01	-4.549004868601057572e-01	0.000000000000000000e+00
6.530930520703344122e-01	-4.549004868601057572e-01	0.000000000000000000e+00
6.530930520703344122e-01	-4.549004868601057572e-01	0.000000000000000000e+00
8.245129837404143736e-01	-4.761813886536596652e-01	0.000000000000000000e+00
8.245129837404143736e-01	-4.761813886536596652e-01	0.000000000000000000e+00
8.265360470927622938e-01	-5.122902058776730438e-01	0.000000000000000000e+00
8.265360470927622938e-01	-5.122902058776730438e-01	0.000000000000000000e+00
8.280860935911673604e-01	-5.186534691759479010e-01	0.000000000000000000e+00
8.290976252673412095e-01	-5.352166253247865324e-01	0.000000000000000000e+00
8.296361400895723159e-01	-5.626078886153301761e-01	0.000000000000000000e+00
8.296361400895723159e-01	-5.626078886153301761e-01	0.000000000000000000e+00
8.296361400895723159e-01	-5.675381135419838019e-01	0.000000000000000000e+00
8.307659259792319340e-01	-5.802099937583065081e-01	0.000000000000000000e+00
8.312716918173188585e-01	-5.920323172139901891e-01	0.000000000000000000e+00
8.329072435450655121e-01	-6.127540372940787350e-01	0.000000000000000000e+00
8.336822667942680454e-01	-6.141840399890416968e-01	0.000000000000000000e+00
8.341649985551569113e-01	-6.258953752638348744e-01	0.000000000000000000e+00
8.365197904707637466e-01	-6.529002817149206495e-01	0.000000000000000000e+00
8.365197904707637466e-01	-6.529002817149206495e-01	0.000000000000000000e+00
8.372291713898876164e-01	-6.599445123325715645e-01	0.000000000000000000e+00
8.379385523090115973e-01	-6.702051220447529101e-01	0.000000000000000000e+00
8.382581402627584666e-01	-6.797715979329163050e-01	0.000000000000000000e+00
8.398620649658288251e-01	-6.898102962141916539e-01	0.000000000000000000e+00
8.398620649658288251e-01	-6.976881096391789328e-01	0.000000000000000000e+00
8.412995934744240678e-01	-7.071575677649547531e-01	0.000000000000000000e+00
8.435371318498443571e-01	-7.226858960250969188e-01	0.000000000000000000e+00
8.449746603584395999e-01	-7.331282467836748307e-01	0.000000000000000000e+00
8.464121888670347316e-01	-7.395484498311810651e-01	0.000000000000000000e+00
8.464121888670347316e-01	-7.455572921588965452e-01	0.000000000000000000e+00
8.488833359813925394e-01	-7.514380800463902332e-01	0.000000000000000000e+00
