0.000000000000000000e+00	1.789924137542271865e+00	0.000000000000000000e+00
1.193578613125074669e-02	1.419044946617533443e+00	0.000000000000000000e+00
2.477904232770530152e-02	1.299148016597883259e+00	0.000000000000000000e+00
3.762229852415985287e-02	1.148543020775425250e+00	0.000000000000000000e+00
3.762229852415985287e-02	1.148543020775425250e+00	0.000000000000000000e+00
3.762229852415985287e-02	1.148543020775425250e+00	0.000000000000000000e+00
3.762229852415985287e-02	1.148543020775425250e+00	0.000000000000000000e+00
3.762229852415985287e-02	1.148543020775425250e+00	0.000000000000000000e+00
3.762229852415985287e-02	1.148543020775425250e+00	0.000000000000000000e+00
3.762229852415985287e-02	1.148543020775425250e+00	0.000000000000000000e+00
3.762229852415985287e-02	1.164453292627200209e+00	0.000000000000000000e+00
2.029876624600995549e-01	9.082769897739940701e-01	0.000000000000000000e+00
2.029876624600995549e-01	9.082769897739940701e-01	0.000000000000000000e+00
2.123245021773363939e-01	8.631120048386889954e-01	0.000000000000000000e+00
2.197182935051318342e-01	8.035213924449013945e-01	0.000000000000000000e+00
2.233739533095195073e-01	7.231811233098003333e-01	0.000000000000000000e+00
2.233739533095195073e-01	6.498359722822716344e-01	0.000000000000000000e+00
2.233739533095195073e-01	6.498359722822716344e-01	0.000000000000000000e+00
2.451967702513774827e-01	6.251786698248101848e-01	0.000000000000000000e+00
2.535211344541595802e-01	5.062227646294168437e-01	0.000000000000000000e+00
2.535211344541595802e-01	4.807109892643253168e-01	0.000000000000000000e+00
2.535211344541595802e-01	4.388965665701160535e-01	0.000000000000000000e+00
2.535211344541595802e-01	4.388965665701160535e-01	0.000000000000000000e+00
2.535211344541595802e-01	4.209711851534042593e-01	0.000000000000000000e+00
2.535211344541595802e-01	4.189681838430205363e-01	0.000000000000000000e+00
2.535211344541595802e-01	4.189681838430205363e-01	0.000000000000000000e+00
2.535211344541595802e-01	4.189681838430205363e-01	0.000000000000000000e+00
2.535211344541595802e-01	4.189681838430205363e-01	0.000000000000000000e+00
2.535211344541595802e-01	4.189681838430205363e-01	0.000000000000000000e+00
2.535211344541595802e-01	4.189681838430205363e-01	0.000000000000000000e+00
2.535211344541595802e-01	4.189681838430205363e-01	0.000000000000000000e+00
2.535211344541595802e-01	4.189681838430205363e-01	0.000000000000000000e+00
4.326897477015738125e-01	1.784806429944360562e-01	0.000000000000000000e+00
4.326897477015738125e-01	1.784806429944360562e-01	0.000000000000000000e+00
4.326897477015738125e-01	1.784806429944360562e-01	0.000000000000000000e+00
4.326897477015738125e-01	1.784806429944360562e-01	0.000000000000000000e+00
4.326897477015738125e-01	1.784806429944360562e-01	0.000000000000000000e+00
4.326897477015738125e-01	1.784806429944360562e-01	0.000000000000000000e+00
4.326897477015738125e-01	1.784806429944360562e-01	0.000000000000000000e+00
4.326897477015738125e-01	1.784806429944360562e-01	0.000000000000000000e+00
4.326897477015738125e-01	2.181602831180179669e-01	0.000000000000000000e+00
4.326897477015738125e-01	2.181602831180179669e-01	0.000000000000000000e+00
4.326897477015738125e-01	2.181602831180179669e-01	0.000000000000000000e+00
4.326897477015738125e-01	2.181602831180179669e-01	0.000000000000000000e+00
4.326897477015738125e-01	2.181602831180179669e-01	0.000000000000000000e+00
4.326897477015738125e-01	2.181602831180179669e-01	0.000000000000000000e+00
6.316725914921069718e-01	-4.075479430630638694e-02	0.000000000000000000e+00
6.171954482805106501e-01	1.630180989633109034e-01	0.000000000000000000e+00
6.171954482805106501e-01	1.630180989633109034e-01	0.000000000000000000e+00
6.316725914921069718e-01	-6.453979282129436446e-02	0.000000000000000000e+00
6.316725914921069718e-01	-6.453979282129436446e-02	0.000000000000000000e+00
6.316725914921069718e-01	-6.453979282129436446e-02	0.000000000000000000e+00
6.316725914921069718e-01	-6.453979282129436446e-02	0.000000000000000000e+00
6.316725914921069718e-01	-6.453979282129436446e-02	0.000000000000000000e+00
6.316725914921069718e-01	-6.453979282129436446e-02	0.000000000000000000e+00
6.316725914921069718e-01	-6.453979282129436446e-02	0.000000000000000000e+00
6.316725914921069718e-01	-6.453979282129436446e-02	0.000000000000000000e+00
6.316725914921069718e-01	-7.156850739941114647e-02	0.000000000000000000e+00
6.316725914921069718e-01	-7.156850739941114647e-02	0.000000000000000000e+00
6.316725914921069718e-01	-7.235043343677102778e-02	0.000000000000000000e+00
6.316725914921069718e-01	-7.235043343677102778e-02	0.000000000000000000e+00
6.316725914921069718e-01	-7.235043343677102778e-02	0.000000000000000000e+00
6.316725914921069718e-01	-7.235043343677102778e-02	0.000000000000000000e+00
6.316725914921069718e-01	-7.156850739941114647e-02	0.000000000000000000e+00
6.316725914921069718e-01	-7.156850739941114647e-02	0.000000000000000000e+00
8.521024127991790875e-01	-4.624688128949639432e-01	0.000000000000000000e+00
8.521024127991790875e-01	-4.624688128949639432e-01	0.000000000000000000e+00
8.521024127991790875e-01	-4.624688128949639432e-01	0.000000000000000000e+00
8.521024127991790875e-01	-4.624688128949639432e-01	0.000000000000000000e+00
8.521024127991790875e-01	-4.624688128949639432e-01	0.000000000000000000e+00
8.521024127991790875e-01	-4.624688128949639432e-01	0.000000000000000000e+00
8.521024127991790875e-01	-4.624688128949639432e-01	0.000000000000000000e+00
8.521024127991790875e-01	-3.762955895061446676e-01	0.000000000000000000e+00
8.521024127991790875e-01	-3.762955895061446676e-01	0.000000000000000000e+00
8.521024127991790875e-01	-3.762955895061446676e-01	0.000000000000000000e+00
8.521024127991790875e-01	-3.762955895061446676e-01	0.000000000000000000e+00
8.521024127991790875e-01	-3.762955895061446676e-01	0.000000000000000000e+00
8.521024127991790875e-01	-3.762955895061446676e-01	0.000000000000000000e+00
8.521024127991790875e-01	-3.762955895061446676e-01	0.000000000000000000e+00
8.521024127991790875e-01	-3.762955895061446676e-01	0.000000000000000000e+00
8.521024127991790875e-01	-3.841337665743370100e-01	0.000000000000000000e+00
8.521024127991790875e-01	-3.841337665743370100e-01	0.000000000000000000e+00
8.521024127991790875e-01	-3.841337665743370100e-01	0.000000000000000000e+00
8.521024127991790875e-01	-3.841337665743370100e-01	0.000000000000000000e+00
8.521024127991790875e-01	-3.841337665743370100e-01	0.000000000000000000e+00
8.521024127991790875e-01	-4.203486242869958756e-01	0.000000000000000000e+00
8.521024127991790875e-01	-4.880418092971912647e-01	0.000000000000000000e+00
8.521024127991790875e-01	-4.880418092971912647e-01	0.000000000000000000e+00
8.521024127991790875e-01	-4.880418092971912647e-01	0.000000000000000000e+00
8.521024127991790875e-01	-4.880418092971912647e-01	0.000000000000000000e+00
8.521024127991790875e-01	-4.880418092971912647e-01	0.000000000000000000e+00
8.521024127991790875e-01	-4.880418092971912647e-01	0.000000000000000000e+00
8.521024127991790875e-01	-4.880418092971912647e-01	0.000000000000000000e+00
8.521024127991790875e-01	-4.880418092971912647e-01	0.000000000000000000e+00
8.521024127991790875e-01	-4.732187706242079184e-01	0.000000000000000000e+00
8.521024127991790875e-01	-4.732187706242079184e-01	0.000000000000000000e+00
8.521024127991790875e-01	-4.732187706242079184e-01	0.000000000000000000e+00
8.521024127991790875e-01	-4.732187706242079184e-01	0.000000000000000000e+00
8.521024127991790875e-01	-4.732187706242079184e-01	0.000000000000000000e+00
8.521024127991790875e-01	-4.732187706242079184e-01	0.000000000000000000e+00
