0.000000000000000000e+00	1.359815512241282720e+00	0.000000000000000000e+00
1.193578613125074843e-02	1.192193063957951660e+00	0.000000000000000000e+00
1.193578613125074843e-02	1.192193063957951660e+00	0.000000000000000000e+00
3.762229852415985287e-02	1.116548151039110204e+00	0.000000000000000000e+00
3.762229852415985287e-02	1.116548151039110204e+00	0.000000000000000000e+00
7.874956308127649407e-02	1.006009586514678533e+00	0.000000000000000000e+00
8.903137922055565090e-02	9.805102274719149635e-01	0.000000000000000000e+00
8.903137922055565090e-02	9.805102274719149635e-01	0.000000000000000000e+00
8.903137922055565090e-02	9.805102274719149635e-01	0.000000000000000000e+00
8.903137922055565090e-02	9.805102274719149635e-01	0.000000000000000000e+00
8.903137922055565090e-02	9.805102274719149635e-01	0.000000000000000000e+00
8.903137922055565090e-02	9.805102274719149635e-01	0.000000000000000000e+00
2.021313567526264177e-01	8.403077376988653535e-01	0.000000000000000000e+00
2.021313567526264177e-01	7.858258618491321679e-01	0.000000000000000000e+00
2.135588392002236713e-01	6.669188820666215323e-01	0.000000000000000000e+00
2.135588392002236713e-01	6.669188820666215323e-01	0.000000000000000000e+00
2.233739533095195073e-01	6.421369653234878516e-01	0.000000000000000000e+00
2.275361354109105561e-01	5.750589823731425687e-01	0.000000000000000000e+00
2.275361354109105561e-01	5.645606342876717809e-01	0.000000000000000000e+00
2.418221570666085063e-01	4.900212912608832294e-01	0.000000000000000000e+00
2.418221570666085063e-01	4.406141018676678622e-01	0.000000000000000000e+00
2.476716457603840293e-01	4.147788685043880541e-01	0.000000000000000000e+00
2.535211344541595802e-01	3.885480245508108332e-01	0.000000000000000000e+00
2.535211344541595802e-01	3.885480245508108332e-01	0.000000000000000000e+00
2.535211344541595802e-01	3.822981291877408649e-01	0.000000000000000000e+00
2.535211344541595802e-01	3.822981291877408649e-01	0.000000000000000000e+00
2.535211344541595802e-01	3.822981291877408649e-01	0.000000000000000000e+00
2.535211344541595802e-01	3.822981291877408649e-01	0.000000000000000000e+00
2.535211344541595802e-01	3.822981291877408649e-01	0.000000000000000000e+00
2.535211344541595802e-01	3.822981291877408649e-01	0.000000000000000000e+00
2.535211344541595802e-01	3.822981291877408649e-01	0.000000000000000000e+00
2.535211344541595802e-01	3.822981291877408649e-01	0.000000000000000000e+00
2.535211344541595802e-01	3.822981291877408649e-01	0.000000000000000000e+00
4.326897477015738125e-01	1.051886382352291427e-01	0.000000000000000000e+00
4.326897477015738125e-01	1.083268826621811287e-01	0.000000000000000000e+00
4.326897477015738125e-01	1.083268826621811287e-01	0.000000000000000000e+00
4.326897477015738125e-01	1.404864857528202726e-01	0.000000000000000000e+00
4.326897477015738125e-01	1.404864857528202726e-01	0.000000000000000000e+00
4.326897477015738125e-01	1.404864857528202726e-01	0.000000000000000000e+00
4.326897477015738125e-01	1.404864857528202726e-01	0.000000000000000000e+00
4.326897477015738125e-01	1.404864857528202726e-01	0.000000000000000000e+00
4.326897477015738125e-01	1.404864857528202726e-01	0.000000000000000000e+00
4.326897477015738125e-01	1.404864857528202726e-01	0.000000000000000000e+00
4.326897477015738125e-01	1.404864857528202726e-01	0.000000000000000000e+00
4.326897477015738125e-01	1.404864857528202726e-01	0.000000000000000000e+00
4.326897477015738125e-01	1.404864857528202726e-01	0.000000000000000000e+00
4.326897477015738125e-01	1.404864857528202726e-01	0.000000000000000000e+00
4.326897477015738125e-01	1.404864857528202726e-01	0.000000000000000000e+00
6.171954482805106501e-01	1.220890971558762361e-01	0.000000000000000000e+00
6.171954482805106501e-01	1.220890971558762361e-01	0.000000000000000000e+00
6.244340198863087554e-01	-1.050601148775710467e-03	0.000000000000000000e+00
6.244340198863087554e-01	-1.050601148775710467e-03	0.000000000000000000e+00
6.244340198863087554e-01	-1.050601148775710467e-03	0.000000000000000000e+00
6.244340198863087554e-01	-1.050601148775710467e-03	0.000000000000000000e+00
6.244340198863087554e-01	-1.050601148775710467e-03	0.000000000000000000e+00
6.316725914921069718e-01	-8.351775421573495728e-02	0.000000000000000000e+00
6.316725914921069718e-01	-8.351775421573495728e-02	0.000000000000000000e+00
6.316725914921069718e-01	-8.351775421573495728e-02	0.000000000000000000e+00
6.316725914921069718e-01	-8.351775421573495728e-02	0.000000000000000000e+00
6.316725914921069718e-01	-8.351775421573495728e-02	0.000000000000000000e+00
6.378514015998495434e-01	-1.211080144265188618e-01	0.000000000000000000e+00
6.378514015998495434e-01	-1.211080144265188618e-01	0.000000000000000000e+00
6.445759952062312115e-01	-1.325152007018556288e-01	0.000000000000000000e+00
6.513005888126128795e-01	-1.454291942905679424e-01	0.000000000000000000e+00
6.513005888126128795e-01	-1.454291942905679424e-01	0.000000000000000000e+00
6.513005888126128795e-01	-1.454291942905679424e-01	0.000000000000000000e+00
6.513005888126128795e-01	-1.454291942905679424e-01	0.000000000000000000e+00
6.513005888126128795e-01	-1.454291942905679424e-01	0.000000000000000000e+00
6.513005888126128795e-01	-1.454291942905679424e-01	0.000000000000000000e+00
8.521024127991790875e-01	-4.245244093238381144e-01	0.000000000000000000e+00
8.521024127991790875e-01	-4.245244093238381144e-01	0.000000000000000000e+00
8.521024127991790875e-01	-4.245244093238381144e-01	0.000000000000000000e+00
8.521024127991790875e-01	-4.245244093238381144e-01	0.000000000000000000e+00
8.521024127991790875e-01	-4.245244093238381144e-01	0.000000000000000000e+00
8.521024127991790875e-01	-4.245244093238381144e-01	0.000000000000000000e+00
8.521024127991790875e-01	-4.245244093238381144e-01	0.000000000000000000e+00
8.521024127991790875e-01	-4.245244093238381144e-01	0.000000000000000000e+00
8.521024127991790875e-01	-4.133330367241216940e-01	0.000000000000000000e+00
8.521024127991790875e-01	-4.133330367241216940e-01	0.000000000000000000e+00
8.521024127991790875e-01	-4.277829556048128867e-01	0.000000000000000000e+00
8.521024127991790875e-01	-4.277829556048128867e-01	0.000000000000000000e+00
8.521024127991790875e-01	-4.277829556048128867e-01	0.000000000000000000e+00
8.521024127991790875e-01	-4.277829556048128867e-01	0.000000000000000000e+00
8.521024127991790875e-01	-4.277829556048128867e-01	0.000000000000000000e+00
8.521024127991790875e-01	-3.898250308163742073e-01	0.000000000000000000e+00
8.521024127991790875e-01	-3.898250308163742073e-01	0.000000000000000000e+00
8.521024127991790875e-01	-3.898250308163742073e-01	0.000000000000000000e+00
8.521024127991790875e-01	-4.311156548099918662e-01	0.000000000000000000e+00
8.521024127991790875e-01	-4.763556983457032379e-01	0.000000000000000000e+00
8.521024127991790875e-01	-4.763556983457032379e-01	0.000000000000000000e+00
8.521024127991790875e-01	-4.763556983457032379e-01	0.000000000000000000e+00
8.521024127991790875e-01	-4.763556983457032379e-01	0.000000000000000000e+00
8.521024127991790875e-01	-4.763556983457032379e-01	0.000000000000000000e+00
8.521024127991790875e-01	-4.763556983457032379e-01	0.000000000000000000e+00
8.521024127991790875e-01	-4.763556983457032379e-01	0.000000000000000000e+00
8.521024127991790875e-01	-4.803086661228050946e-01	0.000000000000000000e+00
8.521024127991790875e-01	-4.812464873592552372e-01	0.000000000000000000e+00
8.521024127991790875e-01	-4.812464873592552372e-01	0.000000000000000000e+00
8.521024127991790875e-01	-4.812464873592552372e-01	0.000000000000000000e+00
8.521024127991790875e-01	-4.812464873592552372e-01	0.000000000000000000e+00
