0.000000000000000000e+00	1.295624344380677417e+00	0.000000000000000000e+00
1.613506860835081311e-02	1.138872372434971192e+00	0.000000000000000000e+00
2.403110507224133496e-02	9.905071499833544291e-01	0.000000000000000000e+00
2.403110507224133496e-02	9.905071499833544291e-01	0.000000000000000000e+00
5.357854078183235669e-02	8.531029467290389690e-01	0.000000000000000000e+00
7.488694434696308022e-02	8.030433549851802022e-01	0.000000000000000000e+00
7.488694434696308022e-02	7.872563025435878048e-01	0.000000000000000000e+00
7.488694434696308022e-02	7.872563025435878048e-01	0.000000000000000000e+00
7.488694434696308022e-02	7.872563025435878048e-01	0.000000000000000000e+00
7.488694434696308022e-02	7.872563025435878048e-01	0.000000000000000000e+00
7.488694434696308022e-02	7.872563025435878048e-01	0.000000000000000000e+00
7.488694434696308022e-02	7.872563025435878048e-01	0.000000000000000000e+00
7.488694434696308022e-02	7.872563025435878048e-01	0.000000000000000000e+00
1.997805309021744302e-01	7.012881457043511624e-01	0.000000000000000000e+00
2.093295869534200215e-01	5.592377551832380389e-01	0.000000000000000000e+00
2.093295869534200215e-01	5.592377551832380389e-01	0.000000000000000000e+00
2.154883613121482688e-01	5.334931524795891722e-01	0.000000000000000000e+00
2.279355160966007321e-01	4.148312081101294124e-01	0.000000000000000000e+00
2.279355160966007321e-01	4.148312081101294124e-01	0.000000000000000000e+00
2.406371843335725069e-01	3.693603426449540428e-01	0.000000000000000000e+00
2.437485683979911111e-01	3.507793819461405005e-01	0.000000000000000000e+00
2.545370311445716571e-01	3.263545147437197369e-01	0.000000000000000000e+00
2.581331853934318299e-01	3.164166953491661660e-01	0.000000000000000000e+00
2.581331853934318299e-01	3.100060221748867084e-01	0.000000000000000000e+00
2.581331853934318299e-01	3.100060221748867084e-01	0.000000000000000000e+00
2.581331853934318299e-01	3.100060221748867084e-01	0.000000000000000000e+00
2.581331853934318299e-01	2.835205302008528272e-01	0.000000000000000000e+00
2.581331853934318299e-01	2.835205302008528272e-01	0.000000000000000000e+00
2.581331853934318299e-01	2.835205302008528272e-01	0.000000000000000000e+00
2.581331853934318299e-01	2.835205302008528272e-01	0.000000000000000000e+00
2.581331853934318299e-01	2.835205302008528272e-01	0.000000000000000000e+00
2.581331853934318299e-01	2.835205302008528272e-01	0.000000000000000000e+00
2.581331853934318299e-01	2.835205302008528272e-01	0.000000000000000000e+00
4.326897477015738125e-01	6.289932280272347853e-02	0.000000000000000000e+00
4.293698250832409524e-01	8.119847265084331744e-02	0.000000000000000000e+00
4.293698250832409524e-01	8.119847265084331744e-02	0.000000000000000000e+00
4.293698250832409524e-01	8.119847265084331744e-02	0.000000000000000000e+00
4.293698250832409524e-01	8.119847265084331744e-02	0.000000000000000000e+00
4.293698250832409524e-01	7.956905460671281904e-02	0.000000000000000000e+00
4.326897477015738125e-01	4.384534204179359185e-02	0.000000000000000000e+00
4.326897477015738125e-01	2.359504022890403577e-02	0.000000000000000000e+00
4.393295929382395881e-01	-1.646182629119184726e-02	0.000000000000000000e+00
4.393295929382395881e-01	-1.646182629119184726e-02	0.000000000000000000e+00
4.459694381749054193e-01	-2.197658897347775503e-02	0.000000000000000000e+00
4.592491286482370261e-01	-3.914614081701581899e-02	0.000000000000000000e+00
4.592491286482370261e-01	-6.079807623416462470e-02	0.000000000000000000e+00
4.592491286482370261e-01	-3.914614081701581899e-02	0.000000000000000000e+00
4.592491286482370261e-01	-3.914614081701581899e-02	0.000000000000000000e+00
4.559292060299041660e-01	-3.550473849956340550e-02	0.000000000000000000e+00
4.559292060299041660e-01	-3.550473849956340550e-02	0.000000000000000000e+00
6.164456149055588252e-01	-3.286275038316940206e-02	0.000000000000000000e+00
6.164456149055588252e-01	-3.286275038316940206e-02	0.000000000000000000e+00
6.196223076411334629e-01	-5.188080901026686370e-02	0.000000000000000000e+00
6.210884735190909112e-01	-7.624750020730235167e-02	0.000000000000000000e+00
6.230433613563675088e-01	-1.039998076333057270e-01	0.000000000000000000e+00
6.254869711529632559e-01	-1.112091879401926886e-01	0.000000000000000000e+00
6.259756931122824053e-01	-1.396716540669519779e-01	0.000000000000000000e+00
6.288247651902751922e-01	-2.014473965240650699e-01	0.000000000000000000e+00
6.288247651902751922e-01	-2.014473965240650699e-01	0.000000000000000000e+00
6.288247651902751922e-01	-2.014473965240650699e-01	0.000000000000000000e+00
6.288247651902751922e-01	-2.014473965240650699e-01	0.000000000000000000e+00
6.309307950490096184e-01	-2.285744067324445294e-01	0.000000000000000000e+00
6.337172852482477747e-01	-2.566934374951907460e-01	0.000000000000000000e+00
6.337172852482477747e-01	-2.566934374951907460e-01	0.000000000000000000e+00
6.344902556708645891e-01	-2.675472017298533012e-01	0.000000000000000000e+00
6.394752858109502558e-01	-2.805969261325794717e-01	0.000000000000000000e+00
6.423831840450773267e-01	-2.970485525860238618e-01	0.000000000000000000e+00
6.434217499980565691e-01	-3.196478787255875864e-01	0.000000000000000000e+00
6.434217499980565691e-01	-3.196478787255875864e-01	0.000000000000000000e+00
6.450385897120520795e-01	-3.564081481461520706e-01	0.000000000000000000e+00
6.450385897120520795e-01	-3.564081481461520706e-01	0.000000000000000000e+00
6.450385897120520795e-01	-3.564081481461520706e-01	0.000000000000000000e+00
6.452313476323908725e-01	-3.591738199366551476e-01	0.000000000000000000e+00
6.452313476323908725e-01	-3.591738199366551476e-01	0.000000000000000000e+00
6.452313476323908725e-01	-3.591738199366551476e-01	0.000000000000000000e+00
6.452313476323908725e-01	-3.579248585917636505e-01	0.000000000000000000e+00
8.323955390156128065e-01	-4.928913816827790728e-01	0.000000000000000000e+00
8.323955390156128065e-01	-4.928913816827790728e-01	0.000000000000000000e+00
8.323955390156128065e-01	-4.891847461249363427e-01	0.000000000000000000e+00
8.323955390156128065e-01	-4.891847461249363427e-01	0.000000000000000000e+00
8.323955390156128065e-01	-4.891847461249363427e-01	0.000000000000000000e+00
8.304425282925761431e-01	-4.453072424267772722e-01	0.000000000000000000e+00
8.304425282925761431e-01	-4.453072424267772722e-01	0.000000000000000000e+00
8.323955390156128065e-01	-4.891847461249363427e-01	0.000000000000000000e+00
8.323955390156128065e-01	-4.891847461249363427e-01	0.000000000000000000e+00
8.323955390156128065e-01	-4.891847461249363427e-01	0.000000000000000000e+00
8.323955390156128065e-01	-4.891847461249363427e-01	0.000000000000000000e+00
8.363015604616861332e-01	-5.419993210415164908e-01	0.000000000000000000e+00
8.363015604616861332e-01	-5.419993210415164908e-01	0.000000000000000000e+00
8.363015604616861332e-01	-5.419993210415164908e-01	0.000000000000000000e+00
8.363015604616861332e-01	-5.419993210415164908e-01	0.000000000000000000e+00
8.399475560958878928e-01	-5.570974337453544756e-01	0.000000000000000000e+00
8.399475560958878928e-01	-5.570974337453544756e-01	0.000000000000000000e+00
8.399475560958878928e-01	-5.570974337453544756e-01	0.000000000000000000e+00
8.399475560958878928e-01	-5.656681653357417128e-01	0.000000000000000000e+00
8.443736291657042425e-01	-5.953152736333203743e-01	0.000000000000000000e+00
8.443736291657042425e-01	-5.953152736333203743e-01	0.000000000000000000e+00
8.443736291657042425e-01	-5.953152736333203743e-01	0.000000000000000000e+00
8.498398054830066384e-01	-6.099337717968316142e-01	0.000000000000000000e+00
8.498398054830066384e-01	-6.099337717968316142e-01	0.000000000000000000e+00
