0.000000000000000000e+00	3.871588341673215083e+00	0.000000000000000000e+00
2.284094520967362707e-02	3.215927593988366251e+00	0.000000000000000000e+00
2.284094520967362707e-02	3.215927593988366251e+00	0.000000000000000000e+00
6.506769940034498600e-02	2.957979504112301594e+00	0.000000000000000000e+00
8.525121293274236234e-02	2.798611798641252868e+00	0.000000000000000000e+00
8.525121293274236234e-02	2.798611798641252868e+00	0.000000000000000000e+00
1.054347264651397387e-01	2.784689021572235301e+00	0.000000000000000000e+00
1.054347264651397387e-01	2.784689021572235301e+00	0.000000000000000000e+00
1.054347264651397387e-01	2.784689021572235301e+00	0.000000000000000000e+00
1.054347264651397387e-01	2.784689021572235301e+00	0.000000000000000000e+00
1.054347264651397387e-01	2.784689021572235301e+00	0.000000000000000000e+00
2.242731540569193049e-01	2.516708401652053784e+00	0.000000000000000000e+00
2.242731540569193049e-01	2.464862094672640058e+00	0.000000000000000000e+00
2.294503409565327168e-01	2.184080925345465385e+00	0.000000000000000000e+00
2.294503409565327168e-01	2.184080925345465385e+00	0.000000000000000000e+00
2.294503409565327168e-01	2.184080925345465385e+00	0.000000000000000000e+00
2.320389344063394366e-01	2.179351266766710538e+00	0.000000000000000000e+00
2.320389344063394366e-01	2.179351266766710538e+00	0.000000000000000000e+00
2.320389344063394366e-01	2.179351266766710538e+00	0.000000000000000000e+00
2.320389344063394366e-01	2.179351266766710538e+00	0.000000000000000000e+00
2.320389344063394366e-01	2.179351266766710538e+00	0.000000000000000000e+00
2.320389344063394366e-01	2.179351266766710538e+00	0.000000000000000000e+00
2.320389344063394366e-01	2.179351266766710538e+00	0.000000000000000000e+00
2.320389344063394366e-01	2.179351266766710538e+00	0.000000000000000000e+00
4.135819938172481391e-01	2.142562706353970281e+00	0.000000000000000000e+00
4.173258832435617904e-01	2.058728513779875868e+00	0.000000000000000000e+00
4.173258832435617904e-01	2.058728513779875868e+00	0.000000000000000000e+00
4.248136620961890930e-01	1.934573035756234516e+00	0.000000000000000000e+00
4.248136620961890930e-01	1.934573035756234516e+00	0.000000000000000000e+00
4.326897477015738125e-01	1.751417009676969672e+00	0.000000000000000000e+00
4.326897477015738125e-01	1.729365947270109727e+00	0.000000000000000000e+00
4.326897477015738125e-01	1.729365947270109727e+00	0.000000000000000000e+00
4.326897477015738125e-01	1.729365947270109727e+00	0.000000000000000000e+00
4.326897477015738125e-01	1.729365947270109727e+00	0.000000000000000000e+00
4.326897477015738125e-01	1.633841600860069798e+00	0.000000000000000000e+00
4.326897477015738125e-01	1.633841600860069798e+00	0.000000000000000000e+00
4.326897477015738125e-01	1.633841600860069798e+00	0.000000000000000000e+00
4.326897477015738125e-01	1.633841600860069798e+00	0.000000000000000000e+00
4.326897477015738125e-01	1.633841600860069798e+00	0.000000000000000000e+00
4.326897477015738125e-01	1.633841600860069798e+00	0.000000000000000000e+00
4.326897477015738125e-01	1.643483775028500071e+00	0.000000000000000000e+00
4.326897477015738125e-01	1.643483775028500071e+00	0.000000000000000000e+00
4.326897477015738125e-01	1.643483775028500071e+00	0.000000000000000000e+00
4.326897477015738125e-01	1.660772844293179284e+00	0.000000000000000000e+00
4.326897477015738125e-01	1.660772844293179284e+00	0.000000000000000000e+00
6.451513811468030379e-01	1.460257033283117512e+00	0.000000000000000000e+00
6.451513811468030379e-01	1.460257033283117512e+00	0.000000000000000000e+00
6.451513811468030379e-01	1.267110894809796662e+00	0.000000000000000000e+00
6.451513811468030379e-01	1.267110894809796662e+00	0.000000000000000000e+00
6.451513811468030379e-01	1.267110894809796662e+00	0.000000000000000000e+00
6.451513811468030379e-01	1.267110894809796662e+00	0.000000000000000000e+00
6.451513811468030379e-01	1.267110894809796662e+00	0.000000000000000000e+00
6.451513811468030379e-01	1.267110894809796662e+00	0.000000000000000000e+00
6.451513811468030379e-01	1.267110894809796662e+00	0.000000000000000000e+00
6.451513811468030379e-01	1.267110894809796662e+00	0.000000000000000000e+00
6.451513811468030379e-01	1.270837829522809770e+00	0.000000000000000000e+00
6.451513811468030379e-01	1.270837829522809770e+00	0.000000000000000000e+00
6.451513811468030379e-01	1.270837829522809770e+00	0.000000000000000000e+00
6.451513811468030379e-01	1.270837829522809770e+00	0.000000000000000000e+00
6.451513811468030379e-01	1.270837829522809770e+00	0.000000000000000000e+00
6.451513811468030379e-01	1.270837829522809770e+00	0.000000000000000000e+00
6.451513811468030379e-01	1.270837829522809770e+00	0.000000000000000000e+00
6.451513811468030379e-01	1.142183534128350386e+00	0.000000000000000000e+00
6.451513811468030379e-01	1.142183534128350386e+00	0.000000000000000000e+00
6.451513811468030379e-01	1.108430447403821795e+00	0.000000000000000000e+00
6.451513811468030379e-01	1.108430447403821795e+00	0.000000000000000000e+00
6.451513811468030379e-01	1.111971704693558660e+00	0.000000000000000000e+00
6.451513811468030379e-01	1.111971704693558660e+00	0.000000000000000000e+00
6.451513811468030379e-01	1.111971704693558660e+00	0.000000000000000000e+00
6.451513811468030379e-01	1.111971704693558660e+00	0.000000000000000000e+00
6.451513811468030379e-01	1.111971704693558660e+00	0.000000000000000000e+00
6.451513811468030379e-01	1.111971704693558660e+00	0.000000000000000000e+00
6.451513811468030379e-01	1.111971704693558660e+00	0.000000000000000000e+00
6.451513811468030379e-01	1.111971704693558660e+00	0.000000000000000000e+00
6.451513811468030379e-01	1.114216316144096997e+00	0.000000000000000000e+00
6.451513811468030379e-01	1.114216316144096997e+00	0.000000000000000000e+00
6.451513811468030379e-01	1.114216316144096997e+00	0.000000000000000000e+00
8.358862468678022184e-01	1.045758550111069107e+00	0.000000000000000000e+00
8.358862468678022184e-01	1.045758550111069107e+00	0.000000000000000000e+00
8.358862468678022184e-01	1.045758550111069107e+00	0.000000000000000000e+00
8.358862468678022184e-01	1.045758550111069107e+00	0.000000000000000000e+00
8.358862468678022184e-01	1.045758550111069107e+00	0.000000000000000000e+00
8.358862468678022184e-01	1.045758550111069107e+00	0.000000000000000000e+00
8.358862468678022184e-01	9.849978130762158113e-01	0.000000000000000000e+00
8.358862468678022184e-01	9.849978130762158113e-01	0.000000000000000000e+00
8.358862468678022184e-01	9.849978130762158113e-01	0.000000000000000000e+00
8.358862468678022184e-01	9.849978130762158113e-01	0.000000000000000000e+00
8.361327256643333872e-01	9.909867372623093473e-01	0.000000000000000000e+00
8.367101902733493635e-01	9.793830790337690884e-01	0.000000000000000000e+00
8.371608943584349927e-01	9.578679365898050690e-01	0.000000000000000000e+00
8.371608943584349927e-01	9.578679365898050690e-01	0.000000000000000000e+00
8.376115984435205108e-01	9.367862368284319841e-01	0.000000000000000000e+00
8.376115984435205108e-01	9.367862368284319841e-01	0.000000000000000000e+00
8.376115984435205108e-01	9.281915036706661626e-01	0.000000000000000000e+00
8.378369504860632144e-01	9.187714883437040347e-01	0.000000000000000000e+00
8.378369504860632144e-01	9.187714883437040347e-01	0.000000000000000000e+00
8.376115984435205108e-01	9.594994923711092083e-01	0.000000000000000000e+00
8.376115984435205108e-01	9.594994923711092083e-01	0.000000000000000000e+00
8.376115984435205108e-01	9.594994923711092083e-01	0.000000000000000000e+00
8.376115984435205108e-01	9.594994923711092083e-01	0.000000000000000000e+00
