4.730378958627975972e-02	3.863744713003173903e+00	0.000000000000000000e+00
4.730378958627975972e-02	3.863744713003173903e+00	0.000000000000000000e+00
4.730378958627975972e-02	3.863744713003173903e+00	0.000000000000000000e+00
4.730378958627975972e-02	3.863744713003173903e+00	0.000000000000000000e+00
9.506642935732941002e-02	3.814262002169726440e+00	0.000000000000000000e+00
1.258144194917803493e-01	3.512168426022899581e+00	0.000000000000000000e+00
1.258144194917803493e-01	3.512168426022899581e+00	0.000000000000000000e+00
1.258144194917803493e-01	3.512168426022899581e+00	0.000000000000000000e+00
1.258144194917803493e-01	3.512168426022899581e+00	0.000000000000000000e+00
2.157986411526699455e-01	3.022097690520274327e+00	0.000000000000000000e+00
2.157986411526699455e-01	3.022097690520274327e+00	0.000000000000000000e+00
2.157986411526699455e-01	3.022097690520274327e+00	0.000000000000000000e+00
2.157986411526699455e-01	3.022317661262145627e+00	0.000000000000000000e+00
2.716367089570567162e-01	2.462626954384974365e+00	0.000000000000000000e+00
2.716367089570567162e-01	2.462626954384974365e+00	0.000000000000000000e+00
2.716367089570567162e-01	2.462626954384974365e+00	0.000000000000000000e+00
2.716367089570567162e-01	2.471535794351034987e+00	0.000000000000000000e+00
2.716367089570567162e-01	2.448706675435206925e+00	0.000000000000000000e+00
2.716367089570567162e-01	2.448706675435206925e+00	0.000000000000000000e+00
2.716367089570567162e-01	2.448706675435206925e+00	0.000000000000000000e+00
2.716367089570567162e-01	2.448706675435206925e+00	0.000000000000000000e+00
2.716367089570567162e-01	2.448706675435206925e+00	0.000000000000000000e+00
2.716367089570567162e-01	2.448706675435206925e+00	0.000000000000000000e+00
2.716367089570567162e-01	2.448706675435206925e+00	0.000000000000000000e+00
2.716367089570567162e-01	2.448706675435206925e+00	0.000000000000000000e+00
4.340995577682613682e-01	2.011323871768445848e+00	0.000000000000000000e+00
4.340995577682613682e-01	2.011323871768445848e+00	0.000000000000000000e+00
4.340995577682613682e-01	2.011323871768445848e+00	0.000000000000000000e+00
4.340995577682613682e-01	2.011323871768445848e+00	0.000000000000000000e+00
4.340995577682613682e-01	2.011323871768445848e+00	0.000000000000000000e+00
4.340995577682613682e-01	2.011323871768445848e+00	0.000000000000000000e+00
4.455928854199877609e-01	1.905670772189778539e+00	0.000000000000000000e+00
4.455928854199877609e-01	1.905670772189778539e+00	0.000000000000000000e+00
4.455928854199877609e-01	1.905670772189778539e+00	0.000000000000000000e+00
4.455928854199877609e-01	1.905670772189778539e+00	0.000000000000000000e+00
4.455928854199877609e-01	1.905670772189778539e+00	0.000000000000000000e+00
4.455928854199877609e-01	2.009338283178660145e+00	0.000000000000000000e+00
4.455928854199877609e-01	2.009338283178660145e+00	0.000000000000000000e+00
4.455928854199877609e-01	2.009338283178660145e+00	0.000000000000000000e+00
4.455928854199877609e-01	2.009338283178660145e+00	0.000000000000000000e+00
4.455928854199877609e-01	2.016472214226793458e+00	0.000000000000000000e+00
4.455928854199877609e-01	2.016472214226793458e+00	0.000000000000000000e+00
6.519114596913371251e-01	1.780813518106514115e+00	0.000000000000000000e+00
6.519114596913371251e-01	1.780813518106514115e+00	0.000000000000000000e+00
6.519114596913371251e-01	1.780813518106514115e+00	0.000000000000000000e+00
6.519114596913371251e-01	1.780813518106514115e+00	0.000000000000000000e+00
6.519114596913371251e-01	1.780813518106514115e+00	0.000000000000000000e+00
6.519114596913371251e-01	1.780813518106514115e+00	0.000000000000000000e+00
6.519114596913371251e-01	1.780813518106514115e+00	0.000000000000000000e+00
6.524730915200716019e-01	1.756488868103878609e+00	0.000000000000000000e+00
6.530347233488060787e-01	1.474629128940466938e+00	0.000000000000000000e+00
6.530347233488060787e-01	1.474629128940466938e+00	0.000000000000000000e+00
6.530347233488060787e-01	1.489818721154369197e+00	0.000000000000000000e+00
6.530347233488060787e-01	1.489818721154369197e+00	0.000000000000000000e+00
6.530347233488060787e-01	1.465309182563301560e+00	0.000000000000000000e+00
6.530347233488060787e-01	1.465309182563301560e+00	0.000000000000000000e+00
6.530347233488060787e-01	1.465309182563301560e+00	0.000000000000000000e+00
6.530347233488060787e-01	1.465309182563301560e+00	0.000000000000000000e+00
6.530347233488060787e-01	1.465309182563301560e+00	0.000000000000000000e+00
6.530347233488060787e-01	1.465309182563301560e+00	0.000000000000000000e+00
6.530347233488060787e-01	1.465309182563301560e+00	0.000000000000000000e+00
6.530347233488060787e-01	1.465309182563301560e+00	0.000000000000000000e+00
6.530347233488060787e-01	1.451016142043840107e+00	0.000000000000000000e+00
6.530347233488060787e-01	1.451016142043840107e+00	0.000000000000000000e+00
6.530347233488060787e-01	1.450434196988263702e+00	0.000000000000000000e+00
6.530347233488060787e-01	1.451016142043840107e+00	0.000000000000000000e+00
6.530347233488060787e-01	1.451016142043840107e+00	0.000000000000000000e+00
6.530347233488060787e-01	1.451016142043840107e+00	0.000000000000000000e+00
6.530347233488060787e-01	1.451016142043840107e+00	0.000000000000000000e+00
6.530347233488060787e-01	1.451016142043840107e+00	0.000000000000000000e+00
8.325530758823558308e-01	1.359437589157386661e+00	0.000000000000000000e+00
8.325530758823558308e-01	1.359437589157386661e+00	0.000000000000000000e+00
8.325530758823558308e-01	1.219006289686543898e+00	0.000000000000000000e+00
8.325530758823558308e-01	1.219006289686543898e+00	0.000000000000000000e+00
8.325530758823558308e-01	1.219006289686543898e+00	0.000000000000000000e+00
8.325530758823558308e-01	1.219006289686543898e+00	0.000000000000000000e+00
8.325530758823558308e-01	1.219006289686543898e+00	0.000000000000000000e+00
8.325530758823558308e-01	1.219006289686543898e+00	0.000000000000000000e+00
8.325530758823558308e-01	1.219006289686543898e+00	0.000000000000000000e+00
8.325530758823558308e-01	1.219006289686543898e+00	0.000000000000000000e+00
8.325530758823558308e-01	1.218814949813250559e+00	0.000000000000000000e+00
8.325530758823558308e-01	1.218814949813250559e+00	0.000000000000000000e+00
8.325530758823558308e-01	1.218814949813250559e+00	0.000000000000000000e+00
8.325530758823558308e-01	1.218814949813250559e+00	0.000000000000000000e+00
8.325530758823558308e-01	1.090867362214835712e+00	0.000000000000000000e+00
8.325530758823558308e-01	1.136116880815340791e+00	0.000000000000000000e+00
8.325530758823558308e-01	1.100525687440171430e+00	0.000000000000000000e+00
8.325530758823558308e-01	1.100525687440171430e+00	0.000000000000000000e+00
8.325530758823558308e-01	1.100525687440171430e+00	0.000000000000000000e+00
8.325530758823558308e-01	1.100525687440171430e+00	0.000000000000000000e+00
8.325530758823558308e-01	1.100525687440171430e+00	0.000000000000000000e+00
8.325530758823558308e-01	1.100525687440171430e+00	0.000000000000000000e+00
8.325530758823558308e-01	1.100525687440171430e+00	0.000000000000000000e+00
8.325530758823558308e-01	1.100525687440171430e+00	0.000000000000000000e+00
8.325530758823558308e-01	1.138165313926551070e+00	0.000000000000000000e+00
8.325530758823558308e-01	1.138165313926551070e+00	0.000000000000000000e+00
8.325530758823558308e-01	1.134317197820617684e+00	0.000000000000000000e+00
8.325530758823558308e-01	1.134317197820617684e+00	0.000000000000000000e+00
8.325530758823558308e-01	1.134317197820617684e+00	0.000000000000000000e+00
8.325530758823558308e-01	1.134317197820617684e+00	0.000000000000000000e+00
