0.000000000000000000e+00	1.526685913037884923e+00	0.000000000000000000e+00
1.293729315384652134e-02	1.327206430449481056e+00	0.000000000000000000e+00
1.993615161956984252e-02	1.239766097468165906e+00	0.000000000000000000e+00
4.162163528791604228e-02	1.117052914155167276e+00	0.000000000000000000e+00
5.516047245076541317e-02	1.012133684436186343e+00	0.000000000000000000e+00
7.577026533484984561e-02	9.361775923852690973e-01	0.000000000000000000e+00
8.284122105608490716e-02	8.559798793771302705e-01	0.000000000000000000e+00
8.284122105608490716e-02	8.385691881094184952e-01	0.000000000000000000e+00
8.284122105608490716e-02	8.385691881094184952e-01	0.000000000000000000e+00
8.284122105608490716e-02	8.385691881094184952e-01	0.000000000000000000e+00
8.284122105608490716e-02	8.385691881094184952e-01	0.000000000000000000e+00
8.284122105608490716e-02	8.385691881094184952e-01	0.000000000000000000e+00
8.284122105608490716e-02	8.385691881094184952e-01	0.000000000000000000e+00
8.284122105608490716e-02	8.385691881094184952e-01	0.000000000000000000e+00
1.996197402155500678e-01	7.376995465905278326e-01	0.000000000000000000e+00
1.996197402155500678e-01	7.376995465905278326e-01	0.000000000000000000e+00
2.284756062701496782e-01	6.038093536031213793e-01	0.000000000000000000e+00
2.284756062701496782e-01	6.038093536031213793e-01	0.000000000000000000e+00
2.326279550979156729e-01	5.533428710716997712e-01	0.000000000000000000e+00
2.326279550979156729e-01	5.533428710716997712e-01	0.000000000000000000e+00
2.409326527534476070e-01	5.388600038587646468e-01	0.000000000000000000e+00
2.492373504089795688e-01	4.475734928672188140e-01	0.000000000000000000e+00
2.532598792317479197e-01	3.754990048212217824e-01	0.000000000000000000e+00
2.532598792317479197e-01	3.754990048212217824e-01	0.000000000000000000e+00
2.532598792317479197e-01	3.754990048212217824e-01	0.000000000000000000e+00
2.532598792317479197e-01	3.754990048212217824e-01	0.000000000000000000e+00
2.572824080545162428e-01	3.730755635786849878e-01	0.000000000000000000e+00
2.572824080545162428e-01	3.730755635786849878e-01	0.000000000000000000e+00
2.572824080545162428e-01	3.730755635786849878e-01	0.000000000000000000e+00
2.572824080545162428e-01	3.730755635786849878e-01	0.000000000000000000e+00
2.572824080545162428e-01	3.730755635786849878e-01	0.000000000000000000e+00
2.572824080545162428e-01	3.730755635786849878e-01	0.000000000000000000e+00
2.572824080545162428e-01	3.730755635786849878e-01	0.000000000000000000e+00
2.572824080545162428e-01	3.730755635786849878e-01	0.000000000000000000e+00
4.258674563415908443e-01	1.766701107219806888e-01	0.000000000000000000e+00
4.258674563415908443e-01	1.766701107219806888e-01	0.000000000000000000e+00
4.258674563415908443e-01	1.766701107219806888e-01	0.000000000000000000e+00
4.258674563415908443e-01	2.685659006219388023e-01	0.000000000000000000e+00
4.258674563415908443e-01	2.685659006219388023e-01	0.000000000000000000e+00
4.258674563415908443e-01	2.580764490295333058e-01	0.000000000000000000e+00
4.397740016524758211e-01	1.563655065425401114e-01	0.000000000000000000e+00
4.397740016524758211e-01	1.563655065425401114e-01	0.000000000000000000e+00
4.397740016524758211e-01	1.407665646674442772e-01	0.000000000000000000e+00
4.397740016524758211e-01	1.407665646674442772e-01	0.000000000000000000e+00
4.397740016524758211e-01	1.407665646674442772e-01	0.000000000000000000e+00
4.397740016524758211e-01	1.407665646674442772e-01	0.000000000000000000e+00
4.397740016524758211e-01	1.407665646674442772e-01	0.000000000000000000e+00
4.397740016524758211e-01	1.407665646674442772e-01	0.000000000000000000e+00
4.397740016524758211e-01	1.407665646674442772e-01	0.000000000000000000e+00
4.397740016524758211e-01	1.407665646674442772e-01	0.000000000000000000e+00
4.397740016524758211e-01	1.430706782147812828e-01	0.000000000000000000e+00
4.397740016524758211e-01	1.430706782147812828e-01	0.000000000000000000e+00
6.238586941441575107e-01	6.574406344020607140e-02	0.000000000000000000e+00
6.238586941441575107e-01	6.574406344020607140e-02	0.000000000000000000e+00
6.238586941441575107e-01	6.574406344020607140e-02	0.000000000000000000e+00
6.250291128017274600e-01	6.128648388772650613e-02	0.000000000000000000e+00
6.250291128017274600e-01	6.128648388772650613e-02	0.000000000000000000e+00
6.308812060895772067e-01	-1.850534552085712076e-02	0.000000000000000000e+00
6.308812060895772067e-01	-1.850534552085712076e-02	0.000000000000000000e+00
6.308812060895772067e-01	-1.850534552085712076e-02	0.000000000000000000e+00
6.308812060895772067e-01	-1.850534552085712076e-02	0.000000000000000000e+00
6.308812060895772067e-01	-1.850534552085712076e-02	0.000000000000000000e+00
6.308812060895772067e-01	-1.850534552085712076e-02	0.000000000000000000e+00
6.308812060895772067e-01	-1.850534552085712076e-02	0.000000000000000000e+00
6.308812060895772067e-01	-1.850534552085712076e-02	0.000000000000000000e+00
6.308812060895772067e-01	-5.647912046754118530e-03	0.000000000000000000e+00
6.308812060895772067e-01	-5.647912046754118530e-03	0.000000000000000000e+00
6.308812060895772067e-01	-5.647912046754118530e-03	0.000000000000000000e+00
8.245328551746845536e-01	-1.122406125263200188e-01	0.000000000000000000e+00
8.245328551746845536e-01	-1.122406125263200188e-01	0.000000000000000000e+00
8.245328551746845536e-01	-1.122406125263200188e-01	0.000000000000000000e+00
8.245328551746845536e-01	-1.122406125263200188e-01	0.000000000000000000e+00
8.245328551746845536e-01	-1.122406125263200188e-01	0.000000000000000000e+00
8.245328551746845536e-01	-1.122406125263200188e-01	0.000000000000000000e+00
8.289884921984350674e-01	-2.122466141720635580e-01	0.000000000000000000e+00
8.289884921984350674e-01	-2.122466141720635580e-01	0.000000000000000000e+00
8.289884921984350674e-01	-2.122466141720635580e-01	0.000000000000000000e+00
8.289884921984350674e-01	-2.122466141720635580e-01	0.000000000000000000e+00
8.289884921984350674e-01	-2.122466141720635580e-01	0.000000000000000000e+00
8.289884921984350674e-01	-2.122466141720635580e-01	0.000000000000000000e+00
8.289884921984350674e-01	-2.122466141720635580e-01	0.000000000000000000e+00
8.319140225533963040e-01	-2.475501389034944211e-01	0.000000000000000000e+00
8.319140225533963040e-01	-2.475501389034944211e-01	0.000000000000000000e+00
8.319140225533963040e-01	-2.475501389034944211e-01	0.000000000000000000e+00
8.348395529083576516e-01	-2.985016229807336829e-01	0.000000000000000000e+00
8.348395529083576516e-01	-2.985016229807336829e-01	0.000000000000000000e+00
8.348395529083576516e-01	-2.985016229807336829e-01	0.000000000000000000e+00
8.348395529083576516e-01	-3.284979294156527563e-01	0.000000000000000000e+00
8.456472387689977221e-01	-4.629144250067907529e-01	0.000000000000000000e+00
8.456472387689977221e-01	-4.629144250067907529e-01	0.000000000000000000e+00
8.456472387689977221e-01	-4.629144250067907529e-01	0.000000000000000000e+00
8.456472387689977221e-01	-4.629144250067907529e-01	0.000000000000000000e+00
8.456472387689977221e-01	-4.629144250067907529e-01	0.000000000000000000e+00
8.456472387689977221e-01	-4.629144250067907529e-01	0.000000000000000000e+00
8.456472387689977221e-01	-4.629144250067907529e-01	0.000000000000000000e+00
8.456472387689977221e-01	-4.629144250067907529e-01	0.000000000000000000e+00
8.456472387689977221e-01	-4.432700861374954115e-01	0.000000000000000000e+00
8.456472387689977221e-01	-4.432700861374954115e-01	0.000000000000000000e+00
8.456472387689977221e-01	-4.398917550912099239e-01	0.000000000000000000e+00
8.456472387689977221e-01	-4.398917550912099239e-01	0.000000000000000000e+00
