5.063925571250042085e-02	4.330736371413570041e+00	0.000000000000000000e+00
5.063925571250042085e-02	4.330736371413570041e+00	0.000000000000000000e+00
6.051196096690686366e-02	4.305822093819367424e+00	0.000000000000000000e+00
8.025737147571974928e-02	4.024344402953529354e+00	0.000000000000000000e+00
1.000027819845326349e-01	3.994321678954939614e+00	0.000000000000000000e+00
1.000027819845326349e-01	3.994321678954939614e+00	0.000000000000000000e+00
1.772000214299574994e-01	3.820031084099324570e+00	0.000000000000000000e+00
1.772000214299574994e-01	3.820031084099324570e+00	0.000000000000000000e+00
2.157986411526699455e-01	3.345351472906626267e+00	0.000000000000000000e+00
2.157986411526699455e-01	3.345351472906626267e+00	0.000000000000000000e+00
2.157986411526699455e-01	3.345351472906626267e+00	0.000000000000000000e+00
2.543972608753823916e-01	3.212956721581769592e+00	0.000000000000000000e+00
2.716367089570567162e-01	2.872036719940025407e+00	0.000000000000000000e+00
2.716367089570567162e-01	2.838462826239477987e+00	0.000000000000000000e+00
2.716367089570567162e-01	2.838462826239477987e+00	0.000000000000000000e+00
2.716367089570567162e-01	2.838462826239477987e+00	0.000000000000000000e+00
2.716367089570567162e-01	2.838462826239477987e+00	0.000000000000000000e+00
2.716367089570567162e-01	2.838462826239477987e+00	0.000000000000000000e+00
2.716367089570567162e-01	2.838462826239477987e+00	0.000000000000000000e+00
2.716367089570567162e-01	2.838462826239477987e+00	0.000000000000000000e+00
2.716367089570567162e-01	2.838462826239477987e+00	0.000000000000000000e+00
4.455928854199877609e-01	2.187483489421395255e+00	0.000000000000000000e+00
4.455928854199877609e-01	2.134308376365085191e+00	0.000000000000000000e+00
4.455928854199877609e-01	2.113363268064039957e+00	0.000000000000000000e+00
4.455928854199877609e-01	2.113363268064039957e+00	0.000000000000000000e+00
4.455928854199877609e-01	2.113363268064039957e+00	0.000000000000000000e+00
4.455928854199877609e-01	2.113363268064039957e+00	0.000000000000000000e+00
4.455928854199877609e-01	2.113363268064039957e+00	0.000000000000000000e+00
4.455928854199877609e-01	2.113363268064039957e+00	0.000000000000000000e+00
4.455928854199877609e-01	2.113363268064039957e+00	0.000000000000000000e+00
4.455928854199877609e-01	2.172158095763724983e+00	0.000000000000000000e+00
4.455928854199877609e-01	2.172158095763724983e+00	0.000000000000000000e+00
4.455928854199877609e-01	2.067972028548602736e+00	0.000000000000000000e+00
4.455928854199877609e-01	2.067972028548602736e+00	0.000000000000000000e+00
4.455928854199877609e-01	2.067972028548602736e+00	0.000000000000000000e+00
4.455928854199877609e-01	2.067972028548602736e+00	0.000000000000000000e+00
4.455928854199877609e-01	2.067972028548602736e+00	0.000000000000000000e+00
4.455928854199877609e-01	2.067972028548602736e+00	0.000000000000000000e+00
4.455928854199877609e-01	2.067972028548602736e+00	0.000000000000000000e+00
4.455928854199877609e-01	2.067972028548602736e+00	0.000000000000000000e+00
4.455928854199877609e-01	2.067972028548602736e+00	0.000000000000000000e+00
4.455928854199877609e-01	2.067972028548602736e+00	0.000000000000000000e+00
4.455928854199877609e-01	2.067972028548602736e+00	0.000000000000000000e+00
6.515370384721809183e-01	1.973386271403660963e+00	0.000000000000000000e+00
6.515370384721809183e-01	1.973386271403660963e+00	0.000000000000000000e+00
6.515370384721809183e-01	1.973386271403660963e+00	0.000000000000000000e+00
6.530347233488060787e-01	1.844949987089048893e+00	0.000000000000000000e+00
6.530347233488060787e-01	1.844949987089048893e+00	0.000000000000000000e+00
6.530347233488060787e-01	1.844949987089048893e+00	0.000000000000000000e+00
6.530347233488060787e-01	1.844949987089048893e+00	0.000000000000000000e+00
6.530347233488060787e-01	1.737631044643529465e+00	0.000000000000000000e+00
6.530347233488060787e-01	1.737631044643529465e+00	0.000000000000000000e+00
6.530347233488060787e-01	1.737631044643529465e+00	0.000000000000000000e+00
6.530347233488060787e-01	1.737631044643529465e+00	0.000000000000000000e+00
6.530347233488060787e-01	1.737631044643529465e+00	0.000000000000000000e+00
6.530347233488060787e-01	1.737631044643529465e+00	0.000000000000000000e+00
6.530347233488060787e-01	1.737631044643529465e+00	0.000000000000000000e+00
6.530347233488060787e-01	1.783210109037329349e+00	0.000000000000000000e+00
6.530347233488060787e-01	1.783210109037329349e+00	0.000000000000000000e+00
8.362011267052420482e-01	1.767374907502881287e+00	0.000000000000000000e+00
8.362011267052420482e-01	1.767374907502881287e+00	0.000000000000000000e+00
8.362011267052420482e-01	1.477743145846515560e+00	0.000000000000000000e+00
8.362011267052420482e-01	1.477743145846515560e+00	0.000000000000000000e+00
8.362011267052420482e-01	1.477743145846515560e+00	0.000000000000000000e+00
8.362011267052420482e-01	1.477743145846515560e+00	0.000000000000000000e+00
8.362011267052420482e-01	1.477743145846515560e+00	0.000000000000000000e+00
8.362011267052420482e-01	1.477743145846515560e+00	0.000000000000000000e+00
8.325530758823558308e-01	1.268574219634068578e+00	0.000000000000000000e+00
8.325530758823558308e-01	1.268574219634068578e+00	0.000000000000000000e+00
8.325530758823558308e-01	1.224368812180611998e+00	0.000000000000000000e+00
8.325530758823558308e-01	1.224368812180611998e+00	0.000000000000000000e+00
8.325530758823558308e-01	1.224368812180611998e+00	0.000000000000000000e+00
8.325530758823558308e-01	1.224368812180611998e+00	0.000000000000000000e+00
8.325530758823558308e-01	1.224368812180611998e+00	0.000000000000000000e+00
8.325530758823558308e-01	1.224368812180611998e+00	0.000000000000000000e+00
8.325530758823558308e-01	1.224368812180611998e+00	0.000000000000000000e+00
8.325530758823558308e-01	1.224368812180611998e+00	0.000000000000000000e+00
8.325530758823558308e-01	1.314092238591927364e+00	0.000000000000000000e+00
8.325530758823558308e-01	1.314092238591927364e+00	0.000000000000000000e+00
8.325530758823558308e-01	1.314092238591927364e+00	0.000000000000000000e+00
8.325530758823558308e-01	1.314092238591927364e+00	0.000000000000000000e+00
8.325530758823558308e-01	1.314092238591927364e+00	0.000000000000000000e+00
8.325530758823558308e-01	1.314092238591927364e+00	0.000000000000000000e+00
8.325530758823558308e-01	1.314092238591927364e+00	0.000000000000000000e+00
8.325530758823558308e-01	1.314092238591927364e+00	0.000000000000000000e+00
8.325530758823558308e-01	1.334474602901055018e+00	0.000000000000000000e+00
8.325530758823558308e-01	1.313730557783545860e+00	0.000000000000000000e+00
8.325530758823558308e-01	1.210359258338544519e+00	0.000000000000000000e+00
8.325530758823558308e-01	1.265785153321308476e+00	0.000000000000000000e+00
8.325530758823558308e-01	1.265785153321308476e+00	0.000000000000000000e+00
8.325530758823558308e-01	1.265785153321308476e+00	0.000000000000000000e+00
8.325530758823558308e-01	1.265785153321308476e+00	0.000000000000000000e+00
8.325530758823558308e-01	1.210359258338544519e+00	0.000000000000000000e+00
8.325530758823558308e-01	1.210359258338544519e+00	0.000000000000000000e+00
8.325530758823558308e-01	1.265785153321308476e+00	0.000000000000000000e+00
8.325530758823558308e-01	1.265785153321308476e+00	0.000000000000000000e+00
8.325530758823558308e-01	1.417536429838123890e+00	0.000000000000000000e+00
8.325530758823558308e-01	1.417536429838123890e+00	0.000000000000000000e+00
8.325530758823558308e-01	1.481730076646206484e+00	0.000000000000000000e+00
8.325530758823558308e-01	1.481730076646206484e+00	0.000000000000000000e+00
