0.000000000000000000e+00	1.006510825831186340e+00	0.000000000000000000e+00
1.643584453350987323e-02	8.697598273651433454e-01	0.000000000000000000e+00
3.094924379467537887e-02	8.036994316180755549e-01	0.000000000000000000e+00
4.238339479907439478e-02	7.573158750708269826e-01	0.000000000000000000e+00
5.689679406023990388e-02	7.100731482962744368e-01	0.000000000000000000e+00
7.172974663512929339e-02	6.770520401401256549e-01	0.000000000000000000e+00
8.084562370781916973e-02	6.714562253250746515e-01	0.000000000000000000e+00
8.370416145891892978e-02	6.708496150863532126e-01	0.000000000000000000e+00
8.370416145891892978e-02	6.708496150863532126e-01	0.000000000000000000e+00
8.370416145891892978e-02	6.708496150863532126e-01	0.000000000000000000e+00
8.370416145891892978e-02	6.708496150863532126e-01	0.000000000000000000e+00
8.370416145891892978e-02	6.708496150863532126e-01	0.000000000000000000e+00
8.370416145891892978e-02	6.708496150863532126e-01	0.000000000000000000e+00
1.981540298144455203e-01	5.685717950251083508e-01	0.000000000000000000e+00
2.067808578974346667e-01	5.062290200771560889e-01	0.000000000000000000e+00
2.120986814868027204e-01	4.665355929109383237e-01	0.000000000000000000e+00
2.216482545322580044e-01	3.952916353601912403e-01	0.000000000000000000e+00
2.306876046853729989e-01	3.433417192043493049e-01	0.000000000000000000e+00
2.346701612421490390e-01	3.089272991621938025e-01	0.000000000000000000e+00
2.421446266165815930e-01	2.756684315655936190e-01	0.000000000000000000e+00
2.519238174081273041e-01	2.484324306665340321e-01	0.000000000000000000e+00
2.572824080545162428e-01	2.430853347280797494e-01	0.000000000000000000e+00
2.572824080545162428e-01	2.430853347280797494e-01	0.000000000000000000e+00
2.572824080545162428e-01	2.430853347280797494e-01	0.000000000000000000e+00
2.572824080545162428e-01	2.430853347280797494e-01	0.000000000000000000e+00
2.572824080545162428e-01	2.430853347280797494e-01	0.000000000000000000e+00
2.572824080545162428e-01	2.430853347280797494e-01	0.000000000000000000e+00
2.572824080545162428e-01	2.430853347280797494e-01	0.000000000000000000e+00
2.572824080545162428e-01	2.430853347280797494e-01	0.000000000000000000e+00
2.572824080545162428e-01	2.430853347280797494e-01	0.000000000000000000e+00
4.164336906899537283e-01	1.504695493451900234e-01	0.000000000000000000e+00
4.164336906899537283e-01	1.504695493451900234e-01	0.000000000000000000e+00
4.188916819847725570e-01	1.194065620175691900e-01	0.000000000000000000e+00
4.214607672175240127e-01	8.881752470550889622e-02	0.000000000000000000e+00
4.240298524502754685e-01	6.184008075897780288e-02	0.000000000000000000e+00
4.289458350399131259e-01	2.311614580195780685e-02	0.000000000000000000e+00
4.325366039881776148e-01	-1.415158511798523047e-02	0.000000000000000000e+00
4.346260050946164633e-01	-4.177200989805979203e-02	0.000000000000000000e+00
4.365880304756476482e-01	-5.276664248437459848e-02	0.000000000000000000e+00
4.406747653376997809e-01	-8.030546740745803103e-02	0.000000000000000000e+00
4.435555213900488902e-01	-9.962993004695173960e-02	0.000000000000000000e+00
4.493806077174913316e-01	-1.189672968191801405e-01	0.000000000000000000e+00
4.552056940449337175e-01	-1.233769471029347586e-01	0.000000000000000000e+00
4.552056940449337175e-01	-1.233769471029347586e-01	0.000000000000000000e+00
4.552056940449337175e-01	-1.233769471029347586e-01	0.000000000000000000e+00
4.552056940449337175e-01	-1.233769471029347586e-01	0.000000000000000000e+00
4.552056940449337175e-01	-1.233769471029347586e-01	0.000000000000000000e+00
4.552056940449337175e-01	-1.233769471029347586e-01	0.000000000000000000e+00
4.552056940449337175e-01	-1.233769471029347586e-01	0.000000000000000000e+00
4.552056940449337175e-01	-1.233769471029347586e-01	0.000000000000000000e+00
6.228518151868078778e-01	-1.600074192403642681e-01	0.000000000000000000e+00
6.228518151868078778e-01	-1.877405856274985685e-01	0.000000000000000000e+00
6.244922497258482696e-01	-2.115895233548103493e-01	0.000000000000000000e+00
6.244922497258482696e-01	-2.115895233548103493e-01	0.000000000000000000e+00
6.270075595790252088e-01	-2.375340872795239366e-01	0.000000000000000000e+00
6.282418143865120541e-01	-2.627437894972420307e-01	0.000000000000000000e+00
6.287105099690950549e-01	-2.714251093609807985e-01	0.000000000000000000e+00
6.307103240014856338e-01	-2.932133686963706021e-01	0.000000000000000000e+00
6.319913790471758386e-01	-3.085985086404189337e-01	0.000000000000000000e+00
6.326944224210503398e-01	-3.272657797595425744e-01	0.000000000000000000e+00
6.351808024733307523e-01	-3.444575139103499550e-01	0.000000000000000000e+00
6.376270206227548920e-01	-3.593327599882034096e-01	0.000000000000000000e+00
6.390444019550871602e-01	-3.764073665581060824e-01	0.000000000000000000e+00
6.401872735932716552e-01	-3.966611300744279922e-01	0.000000000000000000e+00
6.406503218835629676e-01	-4.063392763111740025e-01	0.000000000000000000e+00
6.429812999688303554e-01	-4.191586882536416647e-01	0.000000000000000000e+00
6.437063581256219358e-01	-4.318143622871932208e-01	0.000000000000000000e+00
6.467623943676810150e-01	-4.453779899605566639e-01	0.000000000000000000e+00
6.528744668517988403e-01	-4.580316866143145371e-01	0.000000000000000000e+00
6.528744668517988403e-01	-4.580316866143145371e-01	0.000000000000000000e+00
6.528744668517988403e-01	-4.580316866143145371e-01	0.000000000000000000e+00
6.528744668517988403e-01	-4.580316866143145371e-01	0.000000000000000000e+00
6.528744668517988403e-01	-4.580316866143145371e-01	0.000000000000000000e+00
8.279456826480019460e-01	-5.341685821932284917e-01	0.000000000000000000e+00
8.279456826480019460e-01	-5.331796324997499781e-01	0.000000000000000000e+00
8.279456826480019460e-01	-5.331796324997499781e-01	0.000000000000000000e+00
8.279456826480019460e-01	-5.331796324997499781e-01	0.000000000000000000e+00
8.279456826480019460e-01	-5.331796324997499781e-01	0.000000000000000000e+00
8.279456826480019460e-01	-5.331796324997499781e-01	0.000000000000000000e+00
8.292730701780453018e-01	-5.471458975330136809e-01	0.000000000000000000e+00
8.306004577080886575e-01	-5.591498554912502916e-01	0.000000000000000000e+00
8.319278452381320133e-01	-5.902867978147060546e-01	0.000000000000000000e+00
8.319278452381320133e-01	-5.902867978147060546e-01	0.000000000000000000e+00
8.325915390031537466e-01	-6.036917285475837947e-01	0.000000000000000000e+00
8.332552327681754800e-01	-6.123763387790783774e-01	0.000000000000000000e+00
8.377609564210779514e-01	-6.561969366488098476e-01	0.000000000000000000e+00
8.377609564210779514e-01	-6.561969366488098476e-01	0.000000000000000000e+00
8.377609564210779514e-01	-6.561969366488098476e-01	0.000000000000000000e+00
8.377609564210779514e-01	-6.561969366488098476e-01	0.000000000000000000e+00
8.377609564210779514e-01	-6.639043913289971455e-01	0.000000000000000000e+00
8.398199555254530768e-01	-6.734853414939760974e-01	0.000000000000000000e+00
8.406472081001497010e-01	-6.827299846149692542e-01	0.000000000000000000e+00
8.418789546298282023e-01	-6.953128630688947265e-01	0.000000000000000000e+00
8.440755057151063667e-01	-7.079894178486011436e-01	0.000000000000000000e+00
8.446325955623091852e-01	-7.232948589795162864e-01	0.000000000000000000e+00
8.446325955623091852e-01	-7.232948589795162864e-01	0.000000000000000000e+00
8.466236768573742744e-01	-7.300700627007180588e-01	0.000000000000000000e+00
8.490256977328656252e-01	-7.437146540676234929e-01	0.000000000000000000e+00
8.490256977328656252e-01	-7.483559701350273041e-01	0.000000000000000000e+00
8.529528378831887636e-01	-7.539573529117449269e-01	0.000000000000000000e+00
