0.000000000000000000e+00	1.137829224692682661e+00	0.000000000000000000e+00
1.167135098791276943e-02	9.606542008460003945e-01	0.000000000000000000e+00
2.551172529057251989e-02	9.175157702845647689e-01	0.000000000000000000e+00
3.346616790930748153e-02	8.816586775885374427e-01	0.000000000000000000e+00
5.417647317332871526e-02	7.879444567774896990e-01	0.000000000000000000e+00
6.693233581861497694e-02	7.552761300991351900e-01	0.000000000000000000e+00
8.284122105608490716e-02	7.433234211215560272e-01	0.000000000000000000e+00
8.284122105608490716e-02	7.433234211215560272e-01	0.000000000000000000e+00
8.284122105608490716e-02	7.431940022556168257e-01	0.000000000000000000e+00
8.284122105608490716e-02	7.431940022556168257e-01	0.000000000000000000e+00
8.284122105608490716e-02	7.431940022556168257e-01	0.000000000000000000e+00
8.284122105608490716e-02	7.431940022556168257e-01	0.000000000000000000e+00
8.284122105608490716e-02	7.431940022556168257e-01	0.000000000000000000e+00
8.284122105608490716e-02	7.431940022556168257e-01	0.000000000000000000e+00
1.957391079688166058e-01	6.585876626747854123e-01	0.000000000000000000e+00
2.062329352324515919e-01	6.163385844302936567e-01	0.000000000000000000e+00
2.090524013398142311e-01	5.602750519341748170e-01	0.000000000000000000e+00
2.206608682597513971e-01	4.706483487911217178e-01	0.000000000000000000e+00
2.206608682597513971e-01	4.676819720433264549e-01	0.000000000000000000e+00
2.271336114630127245e-01	4.205253598698382445e-01	0.000000000000000000e+00
2.359648263296870441e-01	3.971967635496083671e-01	0.000000000000000000e+00
2.443369216479935879e-01	3.288437508778520035e-01	0.000000000000000000e+00
2.443369216479935879e-01	3.252100785954796791e-01	0.000000000000000000e+00
2.572824080545162428e-01	3.089252981999164316e-01	0.000000000000000000e+00
2.572824080545162428e-01	2.936136075656268773e-01	0.000000000000000000e+00
2.572824080545162428e-01	2.936136075656268773e-01	0.000000000000000000e+00
2.572824080545162428e-01	2.936136075656268773e-01	0.000000000000000000e+00
2.572824080545162428e-01	2.955396616609959337e-01	0.000000000000000000e+00
2.572824080545162428e-01	2.955396616609959337e-01	0.000000000000000000e+00
2.572824080545162428e-01	2.955396616609959337e-01	0.000000000000000000e+00
2.572824080545162428e-01	2.955396616609959337e-01	0.000000000000000000e+00
2.572824080545162428e-01	2.955396616609959337e-01	0.000000000000000000e+00
2.572824080545162428e-01	2.955396616609959337e-01	0.000000000000000000e+00
2.572824080545162428e-01	2.955396616609959337e-01	0.000000000000000000e+00
4.180450246042181073e-01	1.828681994640973807e-01	0.000000000000000000e+00
4.180450246042181073e-01	1.828681994640973807e-01	0.000000000000000000e+00
4.180450246042181073e-01	1.828681994640973807e-01	0.000000000000000000e+00
4.223908200138696278e-01	1.693319251513059898e-01	0.000000000000000000e+00
4.310824108331727245e-01	1.384532161862113142e-01	0.000000000000000000e+00
4.310824108331727245e-01	1.384532161862113142e-01	0.000000000000000000e+00
4.385502767095710297e-01	2.096465080710570653e-02	0.000000000000000000e+00
4.347771248022813673e-01	8.259469910913051771e-02	0.000000000000000000e+00
4.363067809809123010e-01	4.698117613983584379e-02	0.000000000000000000e+00
4.385502767095710297e-01	2.096465080710570653e-02	0.000000000000000000e+00
4.419155203025592060e-01	1.460250537978653902e-02	0.000000000000000000e+00
4.445669243455194763e-01	-2.233265941802936323e-03	0.000000000000000000e+00
4.528270677101267072e-01	-1.715431605443857449e-02	0.000000000000000000e+00
4.528270677101267072e-01	-1.715431605443857449e-02	0.000000000000000000e+00
4.528270677101267072e-01	-1.715431605443857449e-02	0.000000000000000000e+00
4.528270677101267072e-01	-1.715431605443857449e-02	0.000000000000000000e+00
4.528270677101267072e-01	-1.715431605443857449e-02	0.000000000000000000e+00
4.528270677101267072e-01	-1.715431605443857449e-02	0.000000000000000000e+00
4.528270677101267072e-01	-1.715431605443857449e-02	0.000000000000000000e+00
4.528270677101267072e-01	-1.715431605443857449e-02	0.000000000000000000e+00
4.528270677101267072e-01	-1.715431605443857449e-02	0.000000000000000000e+00
6.224733939361744017e-01	-5.655964178969823120e-02	0.000000000000000000e+00
6.224733939361744017e-01	-5.655964178969823120e-02	0.000000000000000000e+00
6.252090866855861684e-01	-8.664478813817722003e-02	0.000000000000000000e+00
6.279447794349979350e-01	-9.754131608401989117e-02	0.000000000000000000e+00
6.291406231896798928e-01	-1.411164481543544791e-01	0.000000000000000000e+00
6.291406231896798928e-01	-1.411164481543544791e-01	0.000000000000000000e+00
6.291406231896798928e-01	-1.420853072556690078e-01	0.000000000000000000e+00
6.297385450670208717e-01	-1.664352016308591753e-01	0.000000000000000000e+00
6.321657364650228317e-01	-1.893635929420327546e-01	0.000000000000000000e+00
6.321657364650228317e-01	-1.893635929420327546e-01	0.000000000000000000e+00
6.345929278630246806e-01	-2.049388071232758624e-01	0.000000000000000000e+00
6.367587950437892941e-01	-2.162964460019556889e-01	0.000000000000000000e+00
6.387684342419772676e-01	-2.526262716360698768e-01	0.000000000000000000e+00
6.387684342419772676e-01	-2.526262716360698768e-01	0.000000000000000000e+00
6.398513678323596299e-01	-2.683735050103514541e-01	0.000000000000000000e+00
6.398513678323596299e-01	-2.683735050103514541e-01	0.000000000000000000e+00
6.398513678323596299e-01	-2.683735050103514541e-01	0.000000000000000000e+00
6.398513678323596299e-01	-2.683735050103514541e-01	0.000000000000000000e+00
6.398513678323596299e-01	-2.683735050103514541e-01	0.000000000000000000e+00
6.398513678323596299e-01	-2.674180256129394806e-01	0.000000000000000000e+00
8.231084848697851619e-01	-3.076188111483145193e-01	0.000000000000000000e+00
8.231084848697851619e-01	-3.076188111483145193e-01	0.000000000000000000e+00
8.231084848697851619e-01	-3.076188111483145193e-01	0.000000000000000000e+00
8.238206700222348022e-01	-3.161952566438664958e-01	0.000000000000000000e+00
8.245328551746845536e-01	-3.319709984076681941e-01	0.000000000000000000e+00
8.245328551746845536e-01	-3.529552100500812362e-01	0.000000000000000000e+00
8.245328551746845536e-01	-3.529552100500812362e-01	0.000000000000000000e+00
8.259572254795839452e-01	-3.697372858118327388e-01	0.000000000000000000e+00
8.273815957844834479e-01	-3.932056008884324272e-01	0.000000000000000000e+00
8.273815957844834479e-01	-3.932056008884324272e-01	0.000000000000000000e+00
8.273815957844834479e-01	-4.051046052487046745e-01	0.000000000000000000e+00
8.302303363942824532e-01	-4.524086830293169714e-01	0.000000000000000000e+00
8.302303363942824532e-01	-4.273935531045031100e-01	0.000000000000000000e+00
8.341360456405563228e-01	-4.872990604153989436e-01	0.000000000000000000e+00
8.341360456405563228e-01	-4.872990604153989436e-01	0.000000000000000000e+00
8.341360456405563228e-01	-4.872990604153989436e-01	0.000000000000000000e+00
8.354036262875842445e-01	-4.608047202749858129e-01	0.000000000000000000e+00
8.380417548868301925e-01	-5.036423826263791703e-01	0.000000000000000000e+00
8.380417548868301925e-01	-5.036423826263791703e-01	0.000000000000000000e+00
8.380417548868301925e-01	-5.036423826263791703e-01	0.000000000000000000e+00
8.380417548868301925e-01	-5.036423826263791703e-01	0.000000000000000000e+00
8.405769161808860357e-01	-5.167640340621189043e-01	0.000000000000000000e+00
8.405769161808860357e-01	-5.167640340621189043e-01	0.000000000000000000e+00
8.459249365162868628e-01	-5.335221529544604824e-01	0.000000000000000000e+00
8.459249365162868628e-01	-5.335221529544604824e-01	0.000000000000000000e+00
