0.000000000000000000e+00	1.034932063863975404e+00	0.000000000000000000e+00
1.541256525896670705e-02	8.880459772072069047e-01	0.000000000000000000e+00
3.094924379467537887e-02	8.298350490755493913e-01	0.000000000000000000e+00
4.238339479907439478e-02	7.742192936679481718e-01	0.000000000000000000e+00
5.605729881040928675e-02	7.314535622218371058e-01	0.000000000000000000e+00
6.889088331637288620e-02	6.948823825490476613e-01	0.000000000000000000e+00
8.284434432580442542e-02	6.810276372839207948e-01	0.000000000000000000e+00
8.284434432580442542e-02	6.810276372839207948e-01	0.000000000000000000e+00
8.284434432580442542e-02	6.810276372839207948e-01	0.000000000000000000e+00
8.284434432580442542e-02	6.810276372839207948e-01	0.000000000000000000e+00
8.284434432580442542e-02	6.810276372839207948e-01	0.000000000000000000e+00
8.284434432580442542e-02	6.810276372839207948e-01	0.000000000000000000e+00
8.284434432580442542e-02	6.838442761537565362e-01	0.000000000000000000e+00
1.957391079688166058e-01	6.078601515772338315e-01	0.000000000000000000e+00
2.036156719240341251e-01	5.596606662915241115e-01	0.000000000000000000e+00
2.103437961089215102e-01	4.985083049604344674e-01	0.000000000000000000e+00
2.170941424160613975e-01	4.650727846432894386e-01	0.000000000000000000e+00
2.242919767565956790e-01	4.015926250892682403e-01	0.000000000000000000e+00
2.304499986283175539e-01	3.602981514803561547e-01	0.000000000000000000e+00
2.370917176339397414e-01	3.235418474727581595e-01	0.000000000000000000e+00
2.438662033414168984e-01	2.840589055896453052e-01	0.000000000000000000e+00
2.506165496485567856e-01	2.584305663056201130e-01	0.000000000000000000e+00
2.572824080545162428e-01	2.501385874002282073e-01	0.000000000000000000e+00
2.572824080545162428e-01	2.501385874002282073e-01	0.000000000000000000e+00
2.572824080545162428e-01	2.501385874002282073e-01	0.000000000000000000e+00
2.572824080545162428e-01	2.501385874002282073e-01	0.000000000000000000e+00
2.572824080545162428e-01	2.501385874002282073e-01	0.000000000000000000e+00
2.572824080545162428e-01	2.501385874002282073e-01	0.000000000000000000e+00
2.572824080545162428e-01	2.501385874002282073e-01	0.000000000000000000e+00
2.572824080545162428e-01	2.501385874002282073e-01	0.000000000000000000e+00
2.572824080545162428e-01	2.501385874002282073e-01	0.000000000000000000e+00
4.193731621736017656e-01	1.384126562725137843e-01	0.000000000000000000e+00
4.149881220646320923e-01	1.978464278345854754e-01	0.000000000000000000e+00
4.193731621736017656e-01	1.384126562725137843e-01	0.000000000000000000e+00
4.213376081229928682e-01	1.180912082695785015e-01	0.000000000000000000e+00
4.226472387559202515e-01	9.830992815102045090e-02	0.000000000000000000e+00
4.258385658830270426e-01	6.616017271424079471e-02	0.000000000000000000e+00
4.298394932405777968e-01	3.094870316613195296e-02	0.000000000000000000e+00
4.324473563723071345e-01	2.299816062492710672e-02	0.000000000000000000e+00
4.346913955561780840e-01	-1.123231146773274146e-02	0.000000000000000000e+00
4.379957908008181300e-01	-2.562930648879448853e-02	0.000000000000000000e+00
4.411432357356289136e-01	-5.858368357842383412e-02	0.000000000000000000e+00
4.420855087494842683e-01	-7.683546056426000803e-02	0.000000000000000000e+00
4.497970562336626177e-01	-9.393102551144440204e-02	0.000000000000000000e+00
4.497970562336626177e-01	-1.091849036596607009e-01	0.000000000000000000e+00
4.497970562336626177e-01	-1.091849036596607009e-01	0.000000000000000000e+00
4.497970562336626177e-01	-1.091849036596607009e-01	0.000000000000000000e+00
4.497970562336626177e-01	-1.091849036596607009e-01	0.000000000000000000e+00
4.497970562336626177e-01	-1.091849036596607009e-01	0.000000000000000000e+00
4.497970562336626177e-01	-1.091849036596607009e-01	0.000000000000000000e+00
4.497970562336626177e-01	-1.091849036596607009e-01	0.000000000000000000e+00
4.497970562336626177e-01	-1.091849036596607009e-01	0.000000000000000000e+00
6.214506923872537003e-01	-1.513009867801565211e-01	0.000000000000000000e+00
6.214506923872537003e-01	-1.513009867801565211e-01	0.000000000000000000e+00
6.224130525893207810e-01	-1.712261817399228780e-01	0.000000000000000000e+00
6.224130525893207810e-01	-1.745763098634990906e-01	0.000000000000000000e+00
6.243583799276939406e-01	-1.988665246320761026e-01	0.000000000000000000e+00
6.264147890786513351e-01	-2.179474986672393089e-01	0.000000000000000000e+00
6.288116916353305719e-01	-2.417214780939275776e-01	0.000000000000000000e+00
6.290002357879458383e-01	-2.480162461938286433e-01	0.000000000000000000e+00
6.328908904646920464e-01	-2.875837608790132172e-01	0.000000000000000000e+00
6.328908904646920464e-01	-2.875837608790132172e-01	0.000000000000000000e+00
6.337306448039446982e-01	-3.005600867071727134e-01	0.000000000000000000e+00
6.367488359442239343e-01	-3.292949610735127486e-01	0.000000000000000000e+00
6.362526954158795878e-01	-3.290757442295808577e-01	0.000000000000000000e+00
6.380512092204043695e-01	-3.414514701815701825e-01	0.000000000000000000e+00
6.393208732993704846e-01	-3.553899696983317535e-01	0.000000000000000000e+00
6.413200341177376362e-01	-3.729976010343352133e-01	0.000000000000000000e+00
6.426405178861427370e-01	-3.800658770288676824e-01	0.000000000000000000e+00
6.429321452537136716e-01	-4.046986467402569065e-01	0.000000000000000000e+00
6.451899562895313522e-01	-4.117734528431068464e-01	0.000000000000000000e+00
6.503512782610083587e-01	-4.206628132788292063e-01	0.000000000000000000e+00
6.521569142381800077e-01	-4.255017390512882969e-01	0.000000000000000000e+00
6.521569142381800077e-01	-4.255017390512882969e-01	0.000000000000000000e+00
6.559958058505526157e-01	-4.234418760697599149e-01	0.000000000000000000e+00
6.548669003326437199e-01	-4.218318962375893766e-01	0.000000000000000000e+00
6.548669003326437199e-01	-4.218318962375893766e-01	0.000000000000000000e+00
8.341998859604049521e-01	-5.644769511851464028e-01	0.000000000000000000e+00
8.341998859604049521e-01	-5.644769511851464028e-01	0.000000000000000000e+00
8.341998859604049521e-01	-5.644769511851464028e-01	0.000000000000000000e+00
8.341998859604049521e-01	-5.644769511851464028e-01	0.000000000000000000e+00
8.341998859604049521e-01	-5.644769511851464028e-01	0.000000000000000000e+00
8.341998859604049521e-01	-5.644769511851464028e-01	0.000000000000000000e+00
8.335443194077252205e-01	-5.342460180654471369e-01	0.000000000000000000e+00
8.335443194077252205e-01	-5.342460180654471369e-01	0.000000000000000000e+00
8.348554525130846837e-01	-5.737267143649757983e-01	0.000000000000000000e+00
8.348554525130846837e-01	-5.737267143649757983e-01	0.000000000000000000e+00
8.352924968815378381e-01	-5.607512447479150453e-01	0.000000000000000000e+00
8.357295412499908815e-01	-5.842044003693300791e-01	0.000000000000000000e+00
8.357295412499908815e-01	-5.842044003693300791e-01	0.000000000000000000e+00
8.383518074607096970e-01	-6.119498902088299497e-01	0.000000000000000000e+00
8.383518074607096970e-01	-6.119498902088299497e-01	0.000000000000000000e+00
8.386431703730117260e-01	-6.193451948956242292e-01	0.000000000000000000e+00
8.386431703730117260e-01	-6.193451948956242292e-01	0.000000000000000000e+00
8.386431703730117260e-01	-6.290101063209005972e-01	0.000000000000000000e+00
8.389345332853137549e-01	-6.484524205580540768e-01	0.000000000000000000e+00
8.392258961976157838e-01	-6.551775023095091077e-01	0.000000000000000000e+00
8.392258961976157838e-01	-6.565870659281852761e-01	0.000000000000000000e+00
8.400999849345220927e-01	-6.651397512286135738e-01	0.000000000000000000e+00
8.406827107591262616e-01	-6.725379413636584092e-01	0.000000000000000000e+00
