0.000000000000000000e+00	1.047859469177034208e+00	0.000000000000000000e+00
1.541256525896670705e-02	8.752723668939775825e-01	0.000000000000000000e+00
3.094924379467537887e-02	8.114254711829638200e-01	0.000000000000000000e+00
4.238339479907439478e-02	7.605237262825587097e-01	0.000000000000000000e+00
5.689679406023990388e-02	7.134970134148603815e-01	0.000000000000000000e+00
6.959060006715517277e-02	6.852168668249313255e-01	0.000000000000000000e+00
8.284434432580442542e-02	6.766329687239655000e-01	0.000000000000000000e+00
8.284434432580442542e-02	6.766329687239655000e-01	0.000000000000000000e+00
8.284434432580442542e-02	6.766329687239655000e-01	0.000000000000000000e+00
8.284434432580442542e-02	6.766329687239655000e-01	0.000000000000000000e+00
8.284434432580442542e-02	6.766329687239655000e-01	0.000000000000000000e+00
8.284434432580442542e-02	6.766329687239655000e-01	0.000000000000000000e+00
1.843146468792459802e-01	6.775264036072338181e-01	0.000000000000000000e+00
1.957391079688166058e-01	5.932576778580449517e-01	0.000000000000000000e+00
2.036156719240341251e-01	5.501926560580832071e-01	0.000000000000000000e+00
2.114280886970772155e-01	4.792050943848582545e-01	0.000000000000000000e+00
2.170337939152182094e-01	4.433104080550062109e-01	0.000000000000000000e+00
2.267493227077642393e-01	3.643453939101870542e-01	0.000000000000000000e+00
2.306876046853729989e-01	3.384530909312709057e-01	0.000000000000000000e+00
2.399165259194525612e-01	2.909333036245533854e-01	0.000000000000000000e+00
2.465652267617383653e-01	2.648130066960890372e-01	0.000000000000000000e+00
2.572824080545162428e-01	2.475737077069311842e-01	0.000000000000000000e+00
2.572824080545162428e-01	2.475737077069311842e-01	0.000000000000000000e+00
2.572824080545162428e-01	2.475737077069311842e-01	0.000000000000000000e+00
2.572824080545162428e-01	2.475737077069311842e-01	0.000000000000000000e+00
2.572824080545162428e-01	2.475737077069311842e-01	0.000000000000000000e+00
2.572824080545162428e-01	2.475737077069311842e-01	0.000000000000000000e+00
2.572824080545162428e-01	2.475737077069311842e-01	0.000000000000000000e+00
2.572824080545162428e-01	2.475737077069311842e-01	0.000000000000000000e+00
2.572824080545162428e-01	2.479721326819332716e-01	0.000000000000000000e+00
2.572824080545162428e-01	2.479721326819332716e-01	0.000000000000000000e+00
4.149881220646320923e-01	1.762492302416788781e-01	0.000000000000000000e+00
4.188916819847725570e-01	1.452828349898488691e-01	0.000000000000000000e+00
4.193731621736017656e-01	1.245945822243740980e-01	0.000000000000000000e+00
4.211145207015789538e-01	1.015535316982135311e-01	0.000000000000000000e+00
4.238188396072144482e-01	7.467366003016043252e-02	0.000000000000000000e+00
4.282645170408271862e-01	4.262580769141177672e-02	0.000000000000000000e+00
4.304570370953120229e-01	9.952492932607475903e-03	0.000000000000000000e+00
4.331438884852178428e-01	-1.390987790144811685e-02	0.000000000000000000e+00
4.337941504999921483e-01	-3.302911494693827610e-02	0.000000000000000000e+00
4.390487885375874422e-01	-6.098533454367867368e-02	0.000000000000000000e+00
4.424033694579972975e-01	-8.975387969935780252e-02	0.000000000000000000e+00
4.488045317514655075e-01	-1.006440478121149312e-01	0.000000000000000000e+00
4.520051128981996125e-01	-1.174843661172782494e-01	0.000000000000000000e+00
4.552056940449337175e-01	-1.205529631166479959e-01	0.000000000000000000e+00
4.552056940449337175e-01	-1.205529631166479959e-01	0.000000000000000000e+00
4.552056940449337175e-01	-1.205529631166479959e-01	0.000000000000000000e+00
4.552056940449337175e-01	-1.205529631166479959e-01	0.000000000000000000e+00
4.552056940449337175e-01	-1.205529631166479959e-01	0.000000000000000000e+00
4.552056940449337175e-01	-1.205529631166479959e-01	0.000000000000000000e+00
4.552056940449337175e-01	-1.205529631166479959e-01	0.000000000000000000e+00
4.552056940449337175e-01	-1.205529631166479959e-01	0.000000000000000000e+00
6.214506923872537003e-01	-1.609993573138566447e-01	0.000000000000000000e+00
6.214506923872537003e-01	-1.716265487907630560e-01	0.000000000000000000e+00
6.239304940662897536e-01	-2.040856704700938773e-01	0.000000000000000000e+00
6.249609453084312705e-01	-2.064569346792803073e-01	0.000000000000000000e+00
6.249609453084312705e-01	-2.218809336768857721e-01	0.000000000000000000e+00
6.299205486665032661e-01	-2.764500735253833108e-01	0.000000000000000000e+00
6.299205486665032661e-01	-2.764500735253833108e-01	0.000000000000000000e+00
6.324600746297588394e-01	-3.108293610132341622e-01	0.000000000000000000e+00
6.324600746297588394e-01	-3.108293610132341622e-01	0.000000000000000000e+00
6.324600746297588394e-01	-3.108293610132341622e-01	0.000000000000000000e+00
6.343824457845523845e-01	-3.354264429693642469e-01	0.000000000000000000e+00
6.437063581256219358e-01	-4.134677514935753417e-01	0.000000000000000000e+00
6.437063581256219358e-01	-4.058642254268102212e-01	0.000000000000000000e+00
6.437063581256219358e-01	-4.058642254268102212e-01	0.000000000000000000e+00
6.437063581256219358e-01	-4.058642254268102212e-01	0.000000000000000000e+00
6.437063581256219358e-01	-4.058642254268102212e-01	0.000000000000000000e+00
6.437063581256219358e-01	-4.134677514935753417e-01	0.000000000000000000e+00
6.437063581256219358e-01	-4.252790027751031654e-01	0.000000000000000000e+00
6.482904124887103325e-01	-4.379996276059773819e-01	0.000000000000000000e+00
6.498184306097398721e-01	-4.502813168160180179e-01	0.000000000000000000e+00
6.498184306097398721e-01	-4.513416755552755455e-01	0.000000000000000000e+00
6.498184306097398721e-01	-4.513416755552755455e-01	0.000000000000000000e+00
6.498184306097398721e-01	-4.513416755552755455e-01	0.000000000000000000e+00
6.498184306097398721e-01	-4.513416755552755455e-01	0.000000000000000000e+00
8.332552327681754800e-01	-5.723334924826994907e-01	0.000000000000000000e+00
8.332552327681754800e-01	-5.723334924826994907e-01	0.000000000000000000e+00
8.332552327681754800e-01	-5.723334924826994907e-01	0.000000000000000000e+00
8.332552327681754800e-01	-5.782762191726610324e-01	0.000000000000000000e+00
8.332552327681754800e-01	-5.782762191726610324e-01	0.000000000000000000e+00
8.332552327681754800e-01	-5.782762191726610324e-01	0.000000000000000000e+00
8.332552327681754800e-01	-5.782762191726610324e-01	0.000000000000000000e+00
8.332552327681754800e-01	-5.782762191726610324e-01	0.000000000000000000e+00
8.332552327681754800e-01	-5.782762191726610324e-01	0.000000000000000000e+00
8.332552327681754800e-01	-5.782762191726610324e-01	0.000000000000000000e+00
8.332552327681754800e-01	-5.808986004594811625e-01	0.000000000000000000e+00
8.340598951861349919e-01	-5.920599170673865874e-01	0.000000000000000000e+00
8.345573496994300733e-01	-6.111450586287132669e-01	0.000000000000000000e+00
8.348736626951036577e-01	-6.137738063257516252e-01	0.000000000000000000e+00
8.358685717216935984e-01	-6.307156635385482435e-01	0.000000000000000000e+00
8.365011977130409893e-01	-6.395772841105125117e-01	0.000000000000000000e+00
8.377671610309707084e-01	-6.551350766490694477e-01	0.000000000000000000e+00
8.377671610309707084e-01	-6.551350766490694477e-01	0.000000000000000000e+00
8.385651013309581847e-01	-6.638667377003754089e-01	0.000000000000000000e+00
8.392527491027413911e-01	-6.711990628922005486e-01	0.000000000000000000e+00
8.398857307617062506e-01	-6.793321677684384108e-01	0.000000000000000000e+00
8.404084198924668403e-01	-6.883334663202664849e-01	0.000000000000000000e+00
8.404084198924668403e-01	-6.887487035461514751e-01	0.000000000000000000e+00
8.404084198924668403e-01	-6.887487035461514751e-01	0.000000000000000000e+00
