0.000000000000000000e+00	1.399738309484634513e+00	0.000000000000000000e+00
1.167135098791276943e-02	1.050053849403600914e+00	0.000000000000000000e+00
1.167135098791276943e-02	1.050053849403600914e+00	0.000000000000000000e+00
4.725628602199884176e-02	9.545462794603184475e-01	0.000000000000000000e+00
5.516047245076541317e-02	8.957311025635584789e-01	0.000000000000000000e+00
6.576690603261800550e-02	8.308075662231250158e-01	0.000000000000000000e+00
8.284122105608490716e-02	7.734659525003820812e-01	0.000000000000000000e+00
8.284122105608490716e-02	7.734659525003820812e-01	0.000000000000000000e+00
8.284122105608490716e-02	7.734659525003820812e-01	0.000000000000000000e+00
8.284122105608490716e-02	7.734659525003820812e-01	0.000000000000000000e+00
8.284122105608490716e-02	7.734659525003820812e-01	0.000000000000000000e+00
8.284122105608490716e-02	7.734659525003820812e-01	0.000000000000000000e+00
8.284122105608490716e-02	7.734659525003820812e-01	0.000000000000000000e+00
8.284122105608490716e-02	7.734659525003820812e-01	0.000000000000000000e+00
1.996197402155500678e-01	6.955365511205658935e-01	0.000000000000000000e+00
2.062329352324515919e-01	6.363489104609971747e-01	0.000000000000000000e+00
2.154704322250439175e-01	6.318481375724025462e-01	0.000000000000000000e+00
2.206608682597513971e-01	5.486014034009634166e-01	0.000000000000000000e+00
2.266946614939038818e-01	5.252564482788454336e-01	0.000000000000000000e+00
2.284756062701496782e-01	5.147876731526690453e-01	0.000000000000000000e+00
2.452148215862112735e-01	4.144186775967747538e-01	0.000000000000000000e+00
2.452148215862112735e-01	4.144186775967747538e-01	0.000000000000000000e+00
2.443369216479935879e-01	3.667275597651922237e-01	0.000000000000000000e+00
2.572824080545162428e-01	3.516659567543529152e-01	0.000000000000000000e+00
2.572824080545162428e-01	3.428997980324897665e-01	0.000000000000000000e+00
2.572824080545162428e-01	3.428997980324897665e-01	0.000000000000000000e+00
2.572824080545162428e-01	3.428997980324897665e-01	0.000000000000000000e+00
2.572824080545162428e-01	3.428997980324897665e-01	0.000000000000000000e+00
2.572824080545162428e-01	3.428997980324897665e-01	0.000000000000000000e+00
2.572824080545162428e-01	3.428997980324897665e-01	0.000000000000000000e+00
2.572824080545162428e-01	3.428997980324897665e-01	0.000000000000000000e+00
2.572824080545162428e-01	3.428997980324897665e-01	0.000000000000000000e+00
2.572824080545162428e-01	3.428997980324897665e-01	0.000000000000000000e+00
4.223908200138696278e-01	2.160468763636651246e-01	0.000000000000000000e+00
4.223908200138696278e-01	2.160468763636651246e-01	0.000000000000000000e+00
4.223908200138696278e-01	2.160468763636651246e-01	0.000000000000000000e+00
4.223908200138696278e-01	2.160468763636651246e-01	0.000000000000000000e+00
4.223908200138696278e-01	2.097460834312574185e-01	0.000000000000000000e+00
4.310824108331727245e-01	1.800456898474718237e-01	0.000000000000000000e+00
4.328207289970333327e-01	1.741684963658251262e-01	0.000000000000000000e+00
4.397740016524758211e-01	1.412426192094240474e-01	0.000000000000000000e+00
4.397740016524758211e-01	1.309095956277279704e-01	0.000000000000000000e+00
4.463005346813012642e-01	1.024465020872004084e-01	0.000000000000000000e+00
4.528270677101267072e-01	9.314400405345971135e-02	0.000000000000000000e+00
4.528270677101267072e-01	5.775725113478389489e-02	0.000000000000000000e+00
4.528270677101267072e-01	5.775725113478389489e-02	0.000000000000000000e+00
4.528270677101267072e-01	5.775725113478389489e-02	0.000000000000000000e+00
4.528270677101267072e-01	5.775725113478389489e-02	0.000000000000000000e+00
4.528270677101267072e-01	6.017509185985461112e-02	0.000000000000000000e+00
4.528270677101267072e-01	6.017509185985461112e-02	0.000000000000000000e+00
4.528270677101267072e-01	6.387865701038858424e-02	0.000000000000000000e+00
4.528270677101267072e-01	6.387865701038858424e-02	0.000000000000000000e+00
4.528270677101267072e-01	6.486464147119934409e-02	0.000000000000000000e+00
6.235752333755273380e-01	6.240823083552298270e-03	0.000000000000000000e+00
6.235752333755273380e-01	6.240823083552298270e-03	0.000000000000000000e+00
6.238586941441575107e-01	2.468419000324082249e-03	0.000000000000000000e+00
6.260623730228634942e-01	-1.818752082332557654e-02	0.000000000000000000e+00
6.288329734388298231e-01	-5.780669026239167868e-02	0.000000000000000000e+00
6.288329734388298231e-01	-5.780669026239167868e-02	0.000000000000000000e+00
6.332403311962417902e-01	-1.147307806872116531e-01	0.000000000000000000e+00
6.332403311962417902e-01	-1.147307806872116531e-01	0.000000000000000000e+00
6.332403311962417902e-01	-1.147307806872116531e-01	0.000000000000000000e+00
6.376476889536536463e-01	-1.197637704027691014e-01	0.000000000000000000e+00
6.376476889536536463e-01	-1.197637704027691014e-01	0.000000000000000000e+00
6.376476889536536463e-01	-1.197637704027691014e-01	0.000000000000000000e+00
6.376476889536536463e-01	-1.197637704027691014e-01	0.000000000000000000e+00
6.376476889536536463e-01	-1.197637704027691014e-01	0.000000000000000000e+00
8.245328551746845536e-01	-1.933384197163534046e-01	0.000000000000000000e+00
8.245328551746845536e-01	-1.933384197163534046e-01	0.000000000000000000e+00
8.245328551746845536e-01	-1.878924581299103169e-01	0.000000000000000000e+00
8.245328551746845536e-01	-1.878924581299103169e-01	0.000000000000000000e+00
8.245328551746845536e-01	-1.878924581299103169e-01	0.000000000000000000e+00
8.245328551746845536e-01	-1.878924581299103169e-01	0.000000000000000000e+00
8.245328551746845536e-01	-2.033750778791951486e-01	0.000000000000000000e+00
8.267606736865598105e-01	-2.185414047882443811e-01	0.000000000000000000e+00
8.267606736865598105e-01	-2.422139984116546685e-01	0.000000000000000000e+00
8.278745829424973834e-01	-2.544486686337483206e-01	0.000000000000000000e+00
8.278745829424973834e-01	-2.636532019869746724e-01	0.000000000000000000e+00
8.289884921984350674e-01	-2.758727633776809074e-01	0.000000000000000000e+00
8.289884921984350674e-01	-2.841144621617356369e-01	0.000000000000000000e+00
8.367609108557475528e-01	-3.046757623749392074e-01	0.000000000000000000e+00
8.367609108557475528e-01	-3.830198332989340204e-01	0.000000000000000000e+00
8.412040748123725820e-01	-4.214353308552408750e-01	0.000000000000000000e+00
8.412040748123725820e-01	-4.214353308552408750e-01	0.000000000000000000e+00
8.412040748123725820e-01	-4.214353308552408750e-01	0.000000000000000000e+00
8.412040748123725820e-01	-4.214353308552408750e-01	0.000000000000000000e+00
8.412040748123725820e-01	-4.214353308552408750e-01	0.000000000000000000e+00
8.434256567906850410e-01	-4.232212091160542644e-01	0.000000000000000000e+00
8.434256567906850410e-01	-4.292104437544688178e-01	0.000000000000000000e+00
8.434256567906850410e-01	-4.292104437544688178e-01	0.000000000000000000e+00
8.434256567906850410e-01	-4.292104437544688178e-01	0.000000000000000000e+00
8.434256567906850410e-01	-4.292104437544688178e-01	0.000000000000000000e+00
8.456472387689977221e-01	-4.969744630687531473e-01	0.000000000000000000e+00
8.456472387689977221e-01	-4.969744630687531473e-01	0.000000000000000000e+00
8.456472387689977221e-01	-4.969744630687531473e-01	0.000000000000000000e+00
8.456472387689977221e-01	-4.969744630687531473e-01	0.000000000000000000e+00
8.456472387689977221e-01	-4.969744630687531473e-01	0.000000000000000000e+00
8.456472387689977221e-01	-4.969744630687531473e-01	0.000000000000000000e+00
8.456472387689977221e-01	-4.969744630687531473e-01	0.000000000000000000e+00
8.456472387689977221e-01	-4.969744630687531473e-01	0.000000000000000000e+00
