0.000000000000000000e+00	1.273572719438797129e+00	0.000000000000000000e+00
1.350692945442211537e-02	1.019536104217940498e+00	0.000000000000000000e+00
2.583195288897186317e-02	8.821860588648126056e-01	0.000000000000000000e+00
3.349993004780486838e-02	8.333488387918315254e-01	0.000000000000000000e+00
4.364958550151078198e-02	7.917347888031447400e-01	0.000000000000000000e+00
4.364958550151078198e-02	7.917347888031447400e-01	0.000000000000000000e+00
6.365092289887501475e-02	7.403753012666239863e-01	0.000000000000000000e+00
6.829963237061027759e-02	7.290725954342346382e-01	0.000000000000000000e+00
8.365226029623924753e-02	7.058015950028196928e-01	0.000000000000000000e+00
8.365226029623924753e-02	7.058015950028196928e-01	0.000000000000000000e+00
8.365226029623924753e-02	7.058015950028196928e-01	0.000000000000000000e+00
8.365226029623924753e-02	7.058015950028196928e-01	0.000000000000000000e+00
8.365226029623924753e-02	7.058015950028196928e-01	0.000000000000000000e+00
8.365226029623924753e-02	7.058015950028196928e-01	0.000000000000000000e+00
8.365226029623924753e-02	7.058015950028196928e-01	0.000000000000000000e+00
8.365226029623924753e-02	7.058015950028196928e-01	0.000000000000000000e+00
8.365226029623924753e-02	7.058015950028196928e-01	0.000000000000000000e+00
1.973584020782886417e-01	6.137573257893210732e-01	0.000000000000000000e+00
1.973584020782886417e-01	6.137573257893210732e-01	0.000000000000000000e+00
2.023633636506824152e-01	5.656023943815657873e-01	0.000000000000000000e+00
2.093450595323129715e-01	5.497028361124772777e-01	0.000000000000000000e+00
2.123732867954699621e-01	5.044061619165991495e-01	0.000000000000000000e+00
2.163267554139435278e-01	4.659070557615512254e-01	0.000000000000000000e+00
2.223832099402575091e-01	4.243786532553914248e-01	0.000000000000000000e+00
2.240412936199708271e-01	4.202834132257209365e-01	0.000000000000000000e+00
2.269582953260960434e-01	3.918338050566045894e-01	0.000000000000000000e+00
2.330986868600819495e-01	3.520034929510581501e-01	0.000000000000000000e+00
2.340006325188764280e-01	3.386686340561745334e-01	0.000000000000000000e+00
2.395616005711813656e-01	3.224297097343763463e-01	0.000000000000000000e+00
2.420226078994698049e-01	2.863329094358104676e-01	0.000000000000000000e+00
2.460988930588352830e-01	2.836780928526855816e-01	0.000000000000000000e+00
2.498046068400766040e-01	2.634839649427089259e-01	0.000000000000000000e+00
2.535103206213179527e-01	2.541348644636872711e-01	0.000000000000000000e+00
2.535103206213179527e-01	2.541348644636872711e-01	0.000000000000000000e+00
2.535103206213179527e-01	2.541348644636872711e-01	0.000000000000000000e+00
2.535103206213179527e-01	2.541348644636872711e-01	0.000000000000000000e+00
2.535103206213179527e-01	2.541348644636872711e-01	0.000000000000000000e+00
2.535103206213179527e-01	2.541348644636872711e-01	0.000000000000000000e+00
2.535103206213179527e-01	2.541348644636872711e-01	0.000000000000000000e+00
2.535103206213179527e-01	2.541348644636872711e-01	0.000000000000000000e+00
2.535103206213179527e-01	2.541348644636872711e-01	0.000000000000000000e+00
2.535103206213179527e-01	2.541348644636872711e-01	0.000000000000000000e+00
2.535103206213179527e-01	2.541348644636872711e-01	0.000000000000000000e+00
2.535103206213179527e-01	2.541348644636872711e-01	0.000000000000000000e+00
4.201793389391916822e-01	1.144676053453880932e-01	0.000000000000000000e+00
4.201793389391916822e-01	1.144676053453880932e-01	0.000000000000000000e+00
4.201793389391916822e-01	1.144676053453880932e-01	0.000000000000000000e+00
4.201793389391916822e-01	1.144676053453880932e-01	0.000000000000000000e+00
4.201793389391916822e-01	1.483069179233950929e-01	0.000000000000000000e+00
4.201793389391916822e-01	1.422163034016714067e-01	0.000000000000000000e+00
4.209204816954399409e-01	1.225146797275457333e-01	0.000000000000000000e+00
4.283409522123043933e-01	4.795052643992243901e-02	0.000000000000000000e+00
4.283409522123043933e-01	6.252721578473603714e-02	0.000000000000000000e+00
4.283409522123043933e-01	6.252721578473603714e-02	0.000000000000000000e+00
4.283409522123043933e-01	6.252721578473603714e-02	0.000000000000000000e+00
4.326148775648537281e-01	4.406718998021427053e-02	0.000000000000000000e+00
4.326148775648537281e-01	4.406718998021427053e-02	0.000000000000000000e+00
4.326148775648537281e-01	3.182512834600475377e-02	0.000000000000000000e+00
4.373886191697690107e-01	6.840876199308504671e-03	0.000000000000000000e+00
4.373886191697690107e-01	6.840876199308504671e-03	0.000000000000000000e+00
4.373886191697690107e-01	-3.101070645224740865e-03	0.000000000000000000e+00
4.394067110206048010e-01	-1.692697655603949206e-02	0.000000000000000000e+00
4.414248028714405359e-01	-2.005401940424474116e-02	0.000000000000000000e+00
4.478293257699604846e-01	-6.921581880735033776e-02	0.000000000000000000e+00
4.478293257699604846e-01	-6.921581880735033776e-02	0.000000000000000000e+00
4.478293257699604846e-01	-6.921581880735033776e-02	0.000000000000000000e+00
4.478293257699604846e-01	-6.921581880735033776e-02	0.000000000000000000e+00
4.478293257699604846e-01	-7.266393336081383714e-02	0.000000000000000000e+00
4.478293257699604846e-01	-7.266393336081383714e-02	0.000000000000000000e+00
4.478293257699604846e-01	-7.266393336081383714e-02	0.000000000000000000e+00
4.478293257699604846e-01	-7.266393336081383714e-02	0.000000000000000000e+00
4.478293257699604846e-01	-7.266393336081383714e-02	0.000000000000000000e+00
4.478293257699604846e-01	-7.266393336081383714e-02	0.000000000000000000e+00
4.478293257699604846e-01	-7.266393336081383714e-02	0.000000000000000000e+00
6.239569375756403025e-01	-1.529216103679595928e-01	0.000000000000000000e+00
6.239569375756403025e-01	-1.529216103679595928e-01	0.000000000000000000e+00
6.239569375756403025e-01	-1.529216103679595928e-01	0.000000000000000000e+00
6.239569375756403025e-01	-1.484069140850222679e-01	0.000000000000000000e+00
6.239569375756403025e-01	-1.484069140850222679e-01	0.000000000000000000e+00
6.239569375756403025e-01	-1.484069140850222679e-01	0.000000000000000000e+00
6.239569375756403025e-01	-1.484069140850222679e-01	0.000000000000000000e+00
6.239569375756403025e-01	-1.484069140850222679e-01	0.000000000000000000e+00
6.255628753700923639e-01	-1.552393984655084658e-01	0.000000000000000000e+00
6.255628753700923639e-01	-1.655855821687740037e-01	0.000000000000000000e+00
6.271688131645444253e-01	-1.735572501325369221e-01	0.000000000000000000e+00
6.271688131645444253e-01	-1.838268427785167414e-01	0.000000000000000000e+00
6.279717820617705115e-01	-1.894021319489109789e-01	0.000000000000000000e+00
6.326800243209795838e-01	-2.201541622962190081e-01	0.000000000000000000e+00
6.326800243209795838e-01	-2.201541622962190081e-01	0.000000000000000000e+00
6.326800243209795838e-01	-2.201541622962190081e-01	0.000000000000000000e+00
6.326800243209795838e-01	-2.631917945092632771e-01	0.000000000000000000e+00
6.326800243209795838e-01	-2.631917945092632771e-01	0.000000000000000000e+00
6.326800243209795838e-01	-2.554088735746855576e-01	0.000000000000000000e+00
6.326800243209795838e-01	-2.554088735746855576e-01	0.000000000000000000e+00
6.326800243209795838e-01	-2.554088735746855576e-01	0.000000000000000000e+00
6.343456696934128836e-01	-2.629328997720732364e-01	0.000000000000000000e+00
6.343456696934128836e-01	-2.649163356187335117e-01	0.000000000000000000e+00
6.347158131095090861e-01	-2.770285649305522790e-01	0.000000000000000000e+00
6.356411716497496478e-01	-2.819744250253697349e-01	0.000000000000000000e+00
6.356411716497496478e-01	-2.838314102805147288e-01	0.000000000000000000e+00
