0.000000000000000000e+00	1.019978773490503476e+00	0.000000000000000000e+00
1.350692945442211537e-02	8.847370296241083842e-01	0.000000000000000000e+00
2.346201466036680269e-02	8.397355998909163954e-01	0.000000000000000000e+00
3.688877363398465614e-02	7.770798736874352519e-01	0.000000000000000000e+00
4.891588238674071665e-02	7.382235388012309274e-01	0.000000000000000000e+00
5.930722312816035652e-02	7.075166099885086268e-01	0.000000000000000000e+00
7.103823045834375960e-02	6.787714595126735917e-01	0.000000000000000000e+00
8.113346977719074204e-02	6.705768685484366776e-01	0.000000000000000000e+00
8.113346977719074204e-02	6.705768685484366776e-01	0.000000000000000000e+00
8.113346977719074204e-02	6.705768685484366776e-01	0.000000000000000000e+00
8.113346977719074204e-02	6.705768685484366776e-01	0.000000000000000000e+00
8.113346977719074204e-02	6.705768685484366776e-01	0.000000000000000000e+00
8.113346977719074204e-02	6.705768685484366776e-01	0.000000000000000000e+00
8.113346977719074204e-02	6.705768685484366776e-01	0.000000000000000000e+00
8.113346977719074204e-02	6.705768685484366776e-01	0.000000000000000000e+00
1.914764772847127872e-01	6.286727324946345119e-01	0.000000000000000000e+00
1.983577730216222745e-01	5.786077440872355870e-01	0.000000000000000000e+00
2.032329753812312512e-01	5.355531167651971236e-01	0.000000000000000000e+00
2.096207434447910356e-01	4.959961103297906293e-01	0.000000000000000000e+00
2.142033017625621649e-01	4.585279652484652302e-01	0.000000000000000000e+00
2.181266747533056050e-01	4.245014385166771542e-01	0.000000000000000000e+00
2.242516876382396607e-01	3.963257743332029848e-01	0.000000000000000000e+00
2.293589581373663422e-01	3.462446969842709610e-01	0.000000000000000000e+00
2.334168042737819193e-01	3.350906982278684110e-01	0.000000000000000000e+00
2.374746504101974687e-01	3.029680935657619867e-01	0.000000000000000000e+00
2.425653000107836077e-01	2.729136030967627136e-01	0.000000000000000000e+00
2.442597751198725409e-01	2.655150065680553229e-01	0.000000000000000000e+00
2.537648141088594267e-01	2.443631093905863638e-01	0.000000000000000000e+00
2.581506457390995157e-01	2.422753598904574535e-01	0.000000000000000000e+00
2.581506457390995157e-01	2.422753598904574535e-01	0.000000000000000000e+00
2.581506457390995157e-01	2.422753598904574535e-01	0.000000000000000000e+00
2.581506457390995157e-01	2.422753598904574535e-01	0.000000000000000000e+00
2.581506457390995157e-01	2.422753598904574535e-01	0.000000000000000000e+00
2.581506457390995157e-01	2.422753598904574535e-01	0.000000000000000000e+00
2.581506457390995157e-01	2.422753598904574535e-01	0.000000000000000000e+00
2.581506457390995157e-01	2.422753598904574535e-01	0.000000000000000000e+00
2.581506457390995157e-01	2.422753598904574535e-01	0.000000000000000000e+00
2.583160636503291085e-01	2.422959309397745009e-01	0.000000000000000000e+00
4.110711086606479436e-01	2.188330016102028319e-01	0.000000000000000000e+00
4.145084280074193828e-01	1.852656505650877306e-01	0.000000000000000000e+00
4.152334502081104217e-01	1.733897426098690020e-01	0.000000000000000000e+00
4.215484846121918538e-01	1.415840846079290394e-01	0.000000000000000000e+00
4.215484846121918538e-01	1.148234255550248939e-01	0.000000000000000000e+00
4.223731005761262036e-01	1.003139522732241773e-01	0.000000000000000000e+00
4.238231449775082815e-01	8.369018923261262177e-02	0.000000000000000000e+00
4.254723769053770366e-01	6.576990751539883717e-02	0.000000000000000000e+00
4.270714238417109287e-01	4.390042731571390522e-02	0.000000000000000000e+00
4.291965449299863788e-01	2.846195162828559985e-02	0.000000000000000000e+00
4.312212960351921032e-01	7.632243298566366435e-03	0.000000000000000000e+00
4.327709341998174919e-01	-6.904531017451167240e-04	0.000000000000000000e+00
4.350696152509925252e-01	-3.047674567784768376e-02	0.000000000000000000e+00
4.356893040801856909e-01	-3.113813093154043157e-02	0.000000000000000000e+00
4.379233081026824848e-01	-5.708318919792158136e-02	0.000000000000000000e+00
4.412847294065035397e-01	-6.026610478288041417e-02	0.000000000000000000e+00
4.408338026377772723e-01	-7.524290665661133304e-02	0.000000000000000000e+00
4.436315153009361412e-01	-9.087822907376570669e-02	0.000000000000000000e+00
4.463728370281271896e-01	-1.030942118785727335e-01	0.000000000000000000e+00
4.548223659535718943e-01	-1.210249310657150329e-01	0.000000000000000000e+00
4.548223659535718943e-01	-1.210249310657150329e-01	0.000000000000000000e+00
4.548223659535718943e-01	-1.218169000431704868e-01	0.000000000000000000e+00
4.548223659535718943e-01	-1.218169000431704868e-01	0.000000000000000000e+00
4.548223659535718943e-01	-1.218169000431704868e-01	0.000000000000000000e+00
4.548223659535718943e-01	-1.218169000431704868e-01	0.000000000000000000e+00
4.548223659535718943e-01	-1.218169000431704868e-01	0.000000000000000000e+00
4.548223659535718943e-01	-1.218169000431704868e-01	0.000000000000000000e+00
4.548223659535718943e-01	-1.218169000431704868e-01	0.000000000000000000e+00
4.548223659535718943e-01	-1.218169000431704868e-01	0.000000000000000000e+00
6.465352852541610407e-01	-2.546490777278793693e-01	0.000000000000000000e+00
6.465352852541610407e-01	-2.546490777278793693e-01	0.000000000000000000e+00
6.465352852541610407e-01	-2.534053783432973495e-01	0.000000000000000000e+00
6.465352852541610407e-01	-2.534053783432973495e-01	0.000000000000000000e+00
6.465352852541610407e-01	-2.534053783432973495e-01	0.000000000000000000e+00
6.465352852541610407e-01	-2.534053783432973495e-01	0.000000000000000000e+00
6.465352852541610407e-01	-2.534053783432973495e-01	0.000000000000000000e+00
6.465352852541610407e-01	-2.635458629898774774e-01	0.000000000000000000e+00
6.465352852541610407e-01	-2.635458629898774774e-01	0.000000000000000000e+00
6.465352852541610407e-01	-2.635458629898774774e-01	0.000000000000000000e+00
6.465352852541610407e-01	-2.635458629898774774e-01	0.000000000000000000e+00
6.465352852541610407e-01	-2.764333865152699410e-01	0.000000000000000000e+00
6.466397533762912042e-01	-3.428616064111846828e-01	0.000000000000000000e+00
6.466397533762912042e-01	-3.428616064111846828e-01	0.000000000000000000e+00
6.466397533762912042e-01	-3.447832917318373047e-01	0.000000000000000000e+00
6.466397533762912042e-01	-3.447832917318373047e-01	0.000000000000000000e+00
6.466397533762912042e-01	-3.447832917318373047e-01	0.000000000000000000e+00
6.466397533762912042e-01	-3.447832917318373047e-01	0.000000000000000000e+00
6.466397533762912042e-01	-3.447832917318373047e-01	0.000000000000000000e+00
6.466397533762912042e-01	-3.447832917318373047e-01	0.000000000000000000e+00
6.466397533762912042e-01	-3.743491010161007493e-01	0.000000000000000000e+00
6.466397533762912042e-01	-3.743491010161007493e-01	0.000000000000000000e+00
6.466397533762912042e-01	-3.743491010161007493e-01	0.000000000000000000e+00
6.467442214984213678e-01	-4.224706608328429591e-01	0.000000000000000000e+00
6.467442214984213678e-01	-4.224706608328429591e-01	0.000000000000000000e+00
6.467442214984213678e-01	-4.098721991490049676e-01	0.000000000000000000e+00
6.467442214984213678e-01	-4.098721991490049676e-01	0.000000000000000000e+00
6.467442214984213678e-01	-4.098721991490049676e-01	0.000000000000000000e+00
6.467442214984213678e-01	-4.224706608328429591e-01	0.000000000000000000e+00
6.467442214984213678e-01	-4.290079393975856914e-01	0.000000000000000000e+00
6.467442214984213678e-01	-4.290079393975856914e-01	0.000000000000000000e+00
6.506095420172376409e-01	-4.367604749074689985e-01	0.000000000000000000e+00
6.544748625360539140e-01	-4.376005801803678485e-01	0.000000000000000000e+00
