0.000000000000000000e+00	3.025600612880993356e+00	0.000000000000000000e+00
0.000000000000000000e+00	2.907997269908923599e+00	0.000000000000000000e+00
3.489129622151739690e-02	2.367332986749425494e+00	0.000000000000000000e+00
3.489129622151739690e-02	2.367332986749425494e+00	0.000000000000000000e+00
6.513746066208860042e-02	2.330344777249824695e+00	0.000000000000000000e+00
7.909632616689205031e-02	2.081555390052872490e+00	0.000000000000000000e+00
7.909632616689205031e-02	2.059449827967122726e+00	0.000000000000000000e+00
7.909632616689205031e-02	2.059449827967122726e+00	0.000000000000000000e+00
7.909632616689205031e-02	2.059449827967122726e+00	0.000000000000000000e+00
7.909632616689205031e-02	2.059449827967122726e+00	0.000000000000000000e+00
7.909632616689205031e-02	2.059449827967122726e+00	0.000000000000000000e+00
7.909632616689205031e-02	2.059449827967122726e+00	0.000000000000000000e+00
1.229075408299067224e-01	2.094125971953310739e+00	0.000000000000000000e+00
1.886243628244287374e-01	1.942927317811775856e+00	0.000000000000000000e+00
1.886243628244287374e-01	1.942927317811775856e+00	0.000000000000000000e+00
2.172896653840951098e-01	1.762304529354707050e+00	0.000000000000000000e+00
2.172896653840951098e-01	1.762304529354707050e+00	0.000000000000000000e+00
2.172896653840951098e-01	1.755190140051110070e+00	0.000000000000000000e+00
2.172896653840951098e-01	1.755190140051110070e+00	0.000000000000000000e+00
2.257773213190770178e-01	1.660229091610738505e+00	0.000000000000000000e+00
2.424348713114769793e-01	1.604558881686006799e+00	0.000000000000000000e+00
2.424348713114769793e-01	1.604558881686006799e+00	0.000000000000000000e+00
2.424348713114769793e-01	1.604558881686006799e+00	0.000000000000000000e+00
2.594101831814408232e-01	1.533774808268035805e+00	0.000000000000000000e+00
2.594101831814408232e-01	1.533774808268035805e+00	0.000000000000000000e+00
2.594101831814408232e-01	1.533774808268035805e+00	0.000000000000000000e+00
2.594101831814408232e-01	1.533774808268035805e+00	0.000000000000000000e+00
2.594101831814408232e-01	1.533774808268035805e+00	0.000000000000000000e+00
2.594101831814408232e-01	1.533774808268035805e+00	0.000000000000000000e+00
2.594101831814408232e-01	1.533774808268035805e+00	0.000000000000000000e+00
2.594101831814408232e-01	1.533774808268035805e+00	0.000000000000000000e+00
2.594101831814408232e-01	1.541366418557990725e+00	0.000000000000000000e+00
2.594101831814408232e-01	1.541366418557990725e+00	0.000000000000000000e+00
2.594101831814408232e-01	1.541366418557990725e+00	0.000000000000000000e+00
4.399343783958526988e-01	1.313682659228536664e+00	0.000000000000000000e+00
4.399343783958526988e-01	1.313682659228536664e+00	0.000000000000000000e+00
4.399343783958526988e-01	1.313682659228536664e+00	0.000000000000000000e+00
4.399343783958526988e-01	1.313682659228536664e+00	0.000000000000000000e+00
4.399343783958526988e-01	1.313682659228536664e+00	0.000000000000000000e+00
4.399343783958526988e-01	1.313682659228536664e+00	0.000000000000000000e+00
4.399051145345681535e-01	1.089078802986132688e+00	0.000000000000000000e+00
4.399051145345681535e-01	1.089078802986132688e+00	0.000000000000000000e+00
4.399051145345681535e-01	1.107854819701026061e+00	0.000000000000000000e+00
4.399051145345681535e-01	1.104612460671723584e+00	0.000000000000000000e+00
4.399051145345681535e-01	1.104612460671723584e+00	0.000000000000000000e+00
4.399051145345681535e-01	1.104612460671723584e+00	0.000000000000000000e+00
4.399051145345681535e-01	1.104612460671723584e+00	0.000000000000000000e+00
4.399051145345681535e-01	1.104612460671723584e+00	0.000000000000000000e+00
4.399051145345681535e-01	1.104612460671723584e+00	0.000000000000000000e+00
4.399051145345681535e-01	1.104612460671723584e+00	0.000000000000000000e+00
4.399051145345681535e-01	1.091593494798201114e+00	0.000000000000000000e+00
4.399051145345681535e-01	1.091593494798201114e+00	0.000000000000000000e+00
4.399051145345681535e-01	1.088056984780154224e+00	0.000000000000000000e+00
4.399051145345681535e-01	1.088056984780154224e+00	0.000000000000000000e+00
4.399051145345681535e-01	1.088056984780154224e+00	0.000000000000000000e+00
4.399051145345681535e-01	1.088056984780154224e+00	0.000000000000000000e+00
4.399051145345681535e-01	1.088056984780154224e+00	0.000000000000000000e+00
4.399051145345681535e-01	1.079937602809106778e+00	0.000000000000000000e+00
4.399051145345681535e-01	1.079937602809106778e+00	0.000000000000000000e+00
4.399051145345681535e-01	1.043000227115626011e+00	0.000000000000000000e+00
4.399051145345681535e-01	1.043000227115626011e+00	0.000000000000000000e+00
4.399051145345681535e-01	1.043000227115626011e+00	0.000000000000000000e+00
4.399051145345681535e-01	1.043000227115626011e+00	0.000000000000000000e+00
6.383534127516827805e-01	6.896909496382921390e-01	0.000000000000000000e+00
6.383534127516827805e-01	6.896909496382921390e-01	0.000000000000000000e+00
6.383534127516827805e-01	6.896909496382921390e-01	0.000000000000000000e+00
6.383534127516827805e-01	6.896909496382921390e-01	0.000000000000000000e+00
6.383534127516827805e-01	7.379992010779926614e-01	0.000000000000000000e+00
6.383534127516827805e-01	7.379992010779926614e-01	0.000000000000000000e+00
6.383534127516827805e-01	7.379992010779926614e-01	0.000000000000000000e+00
6.383534127516827805e-01	7.379992010779926614e-01	0.000000000000000000e+00
6.383534127516827805e-01	7.379992010779926614e-01	0.000000000000000000e+00
6.383534127516827805e-01	7.379992010779926614e-01	0.000000000000000000e+00
6.383534127516827805e-01	7.379992010779926614e-01	0.000000000000000000e+00
6.381107197728048686e-01	8.611797451773224310e-01	0.000000000000000000e+00
6.381107197728048686e-01	8.611797451773224310e-01	0.000000000000000000e+00
6.381107197728048686e-01	8.611797451773224310e-01	0.000000000000000000e+00
6.381107197728048686e-01	8.611797451773224310e-01	0.000000000000000000e+00
6.392028381777549173e-01	8.580707464602658208e-01	0.000000000000000000e+00
6.374433140808908327e-01	8.550077003324232372e-01	0.000000000000000000e+00
6.374433140808908327e-01	8.550077003324232372e-01	0.000000000000000000e+00
6.374433140808908327e-01	8.550077003324232372e-01	0.000000000000000000e+00
6.374433140808908327e-01	8.550077003324232372e-01	0.000000000000000000e+00
6.374433140808908327e-01	8.550077003324232372e-01	0.000000000000000000e+00
6.374433140808908327e-01	8.550077003324232372e-01	0.000000000000000000e+00
6.374433140808908327e-01	8.550077003324232372e-01	0.000000000000000000e+00
6.374433140808908327e-01	8.550077003324232372e-01	0.000000000000000000e+00
6.427218863714829755e-01	8.825866568749928254e-01	0.000000000000000000e+00
6.427218863714829755e-01	8.604116485138462167e-01	0.000000000000000000e+00
6.427218863714829755e-01	8.604116485138462167e-01	0.000000000000000000e+00
6.427218863714829755e-01	8.604116485138462167e-01	0.000000000000000000e+00
6.427218863714829755e-01	8.604116485138462167e-01	0.000000000000000000e+00
6.427218863714829755e-01	8.604116485138462167e-01	0.000000000000000000e+00
6.427218863714829755e-01	8.604116485138462167e-01	0.000000000000000000e+00
6.427218863714829755e-01	8.604116485138462167e-01	0.000000000000000000e+00
6.427218863714829755e-01	8.604116485138462167e-01	0.000000000000000000e+00
6.427218863714829755e-01	8.628885220479501905e-01	0.000000000000000000e+00
6.427218863714829755e-01	8.628885220479501905e-01	0.000000000000000000e+00
6.427218863714829755e-01	8.628885220479501905e-01	0.000000000000000000e+00
6.427218863714829755e-01	8.628885220479501905e-01	0.000000000000000000e+00
