0.000000000000000000e+00	2.433276574951945825e+00	0.000000000000000000e+00
1.977408154172301258e-02	2.312204252026440088e+00	0.000000000000000000e+00
2.849690559710236354e-02	2.147702594204524473e+00	0.000000000000000000e+00
4.986958479492913099e-02	1.949812857272732458e+00	0.000000000000000000e+00
7.124226399275590538e-02	1.849245160532317689e+00	0.000000000000000000e+00
7.124226399275590538e-02	1.849245160532317689e+00	0.000000000000000000e+00
9.261494319058267977e-02	1.823460182920743078e+00	0.000000000000000000e+00
9.261494319058267977e-02	1.823460182920743078e+00	0.000000000000000000e+00
7.124226399275590538e-02	1.849245160532317689e+00	0.000000000000000000e+00
7.124226399275590538e-02	1.849245160532317689e+00	0.000000000000000000e+00
7.124226399275590538e-02	1.868470323919640741e+00	0.000000000000000000e+00
1.903942989539443020e-01	1.793084912275117571e+00	0.000000000000000000e+00
2.041947204362160595e-01	1.644332928480005673e+00	0.000000000000000000e+00
2.110949311773519521e-01	1.618977852952734553e+00	0.000000000000000000e+00
2.232999179116542665e-01	1.519965653929913563e+00	0.000000000000000000e+00
2.286046939048206883e-01	1.318651790322288742e+00	0.000000000000000000e+00
2.286046939048206883e-01	1.318651790322288742e+00	0.000000000000000000e+00
2.286046939048206883e-01	1.318651790322288742e+00	0.000000000000000000e+00
2.334093199259088813e-01	1.170048443676020788e+00	0.000000000000000000e+00
2.334093199259088813e-01	1.170048443676020788e+00	0.000000000000000000e+00
2.451992283471560174e-01	1.137489947137388047e+00	0.000000000000000000e+00
2.451992283471560174e-01	1.137489947137388047e+00	0.000000000000000000e+00
2.498560832805953313e-01	1.080341381387961652e+00	0.000000000000000000e+00
2.521845107473149605e-01	1.047070902662694314e+00	0.000000000000000000e+00
2.521845107473149605e-01	1.047070902662694314e+00	0.000000000000000000e+00
2.521845107473149605e-01	1.047070902662694314e+00	0.000000000000000000e+00
2.521845107473149605e-01	1.047070902662694314e+00	0.000000000000000000e+00
2.521845107473149605e-01	1.047070902662694314e+00	0.000000000000000000e+00
2.521845107473149605e-01	1.047070902662694314e+00	0.000000000000000000e+00
2.521845107473149605e-01	1.047070902662694314e+00	0.000000000000000000e+00
2.521845107473149605e-01	1.047070902662694314e+00	0.000000000000000000e+00
2.521845107473149605e-01	1.047070902662694314e+00	0.000000000000000000e+00
2.521845107473149605e-01	1.047070902662694314e+00	0.000000000000000000e+00
2.521845107473149605e-01	1.047070902662694314e+00	0.000000000000000000e+00
4.398977985692470449e-01	6.750874854002935077e-01	0.000000000000000000e+00
4.398977985692470449e-01	6.750874854002935077e-01	0.000000000000000000e+00
4.398977985692470449e-01	6.750874854002935077e-01	0.000000000000000000e+00
4.398977985692470449e-01	6.750874854002935077e-01	0.000000000000000000e+00
4.398977985692470449e-01	6.673582840315803733e-01	0.000000000000000000e+00
4.398977985692470449e-01	6.179057284423379315e-01	0.000000000000000000e+00
4.398977985692470449e-01	6.179057284423379315e-01	0.000000000000000000e+00
4.398977985692470449e-01	6.179057284423379315e-01	0.000000000000000000e+00
4.398977985692470449e-01	6.179057284423379315e-01	0.000000000000000000e+00
4.398977985692470449e-01	6.179057284423379315e-01	0.000000000000000000e+00
4.398977985692470449e-01	6.179057284423379315e-01	0.000000000000000000e+00
4.398977985692470449e-01	6.179057284423379315e-01	0.000000000000000000e+00
4.398977985692470449e-01	6.179057284423379315e-01	0.000000000000000000e+00
4.398977985692470449e-01	6.179057284423379315e-01	0.000000000000000000e+00
4.398977985692470449e-01	5.991439622672232179e-01	0.000000000000000000e+00
4.398977985692470449e-01	5.991439622672232179e-01	0.000000000000000000e+00
4.398977985692470449e-01	5.725062611301565685e-01	0.000000000000000000e+00
4.398977985692470449e-01	5.725062611301565685e-01	0.000000000000000000e+00
4.398977985692470449e-01	5.725062611301565685e-01	0.000000000000000000e+00
4.398977985692470449e-01	5.725062611301565685e-01	0.000000000000000000e+00
4.398977985692470449e-01	5.705440681902337330e-01	0.000000000000000000e+00
4.398977985692470449e-01	5.705440681902337330e-01	0.000000000000000000e+00
4.398977985692470449e-01	5.705440681902337330e-01	0.000000000000000000e+00
4.398977985692470449e-01	5.705440681902337330e-01	0.000000000000000000e+00
4.398977985692470449e-01	5.727329644067102876e-01	0.000000000000000000e+00
4.398977985692470449e-01	5.727329644067102876e-01	0.000000000000000000e+00
4.398977985692470449e-01	5.727329644067102876e-01	0.000000000000000000e+00
4.398977985692470449e-01	5.727329644067102876e-01	0.000000000000000000e+00
4.398977985692470449e-01	5.727329644067102876e-01	0.000000000000000000e+00
6.345157652171601326e-01	4.129551714574681842e-01	0.000000000000000000e+00
6.345066636749721045e-01	3.967179736820504177e-01	0.000000000000000000e+00
6.345066636749721045e-01	3.967179736820504177e-01	0.000000000000000000e+00
6.345066636749721045e-01	3.967179736820504177e-01	0.000000000000000000e+00
6.345066636749721045e-01	3.967179736820504177e-01	0.000000000000000000e+00
6.345066636749721045e-01	3.967179736820504177e-01	0.000000000000000000e+00
6.345066636749721045e-01	3.967179736820504177e-01	0.000000000000000000e+00
6.345066636749721045e-01	3.967179736820504177e-01	0.000000000000000000e+00
6.345066636749721045e-01	3.967179736820504177e-01	0.000000000000000000e+00
6.345066636749721045e-01	3.860188622011975212e-01	0.000000000000000000e+00
6.345066636749721045e-01	3.860188622011975212e-01	0.000000000000000000e+00
6.345066636749721045e-01	3.860188622011975212e-01	0.000000000000000000e+00
6.345066636749721045e-01	3.860188622011975212e-01	0.000000000000000000e+00
6.345066636749721045e-01	3.860188622011975212e-01	0.000000000000000000e+00
6.345339683015362997e-01	3.324965473040009112e-01	0.000000000000000000e+00
6.345339683015362997e-01	3.324965473040009112e-01	0.000000000000000000e+00
6.345339683015362997e-01	3.324965473040009112e-01	0.000000000000000000e+00
6.345339683015362997e-01	3.324965473040009112e-01	0.000000000000000000e+00
6.345339683015362997e-01	3.324965473040009112e-01	0.000000000000000000e+00
6.345339683015362997e-01	3.266518588607869589e-01	0.000000000000000000e+00
6.345339683015362997e-01	3.186525453176582978e-01	0.000000000000000000e+00
6.372522955683712631e-01	2.501770053923868531e-01	0.000000000000000000e+00
6.372522955683712631e-01	2.501770053923868531e-01	0.000000000000000000e+00
6.372522955683712631e-01	2.501770053923868531e-01	0.000000000000000000e+00
6.372522955683712631e-01	2.501770053923868531e-01	0.000000000000000000e+00
6.372522955683712631e-01	2.501770053923868531e-01	0.000000000000000000e+00
6.379076066059119476e-01	2.379203937666769797e-01	0.000000000000000000e+00
6.379076066059119476e-01	2.379203937666769797e-01	0.000000000000000000e+00
6.379076066059119476e-01	2.379203937666769797e-01	0.000000000000000000e+00
6.379076066059119476e-01	2.379203937666769797e-01	0.000000000000000000e+00
6.379076066059119476e-01	2.343548527418400085e-01	0.000000000000000000e+00
6.389755208893113103e-01	2.272212337084011657e-01	0.000000000000000000e+00
6.389755208893113103e-01	2.272212337084011657e-01	0.000000000000000000e+00
6.389755208893113103e-01	2.272212337084011657e-01	0.000000000000000000e+00
6.389755208893113103e-01	2.272212337084011657e-01	0.000000000000000000e+00
6.389755208893113103e-01	2.272212337084011657e-01	0.000000000000000000e+00
6.389755208893113103e-01	2.272212337084011657e-01	0.000000000000000000e+00
