0.000000000000000000e+00	1.288226948510257985e+00	0.000000000000000000e+00
1.350692945442211537e-02	1.063153310740363455e+00	0.000000000000000000e+00
2.499750334471455282e-02	9.936969033642535365e-01	0.000000000000000000e+00
3.706512393110894532e-02	9.293209096410790515e-01	0.000000000000000000e+00
3.706512393110894532e-02	9.293209096410790515e-01	0.000000000000000000e+00
5.870423991709216444e-02	8.334401942450647693e-01	0.000000000000000000e+00
6.829963237061027759e-02	7.722146259772758592e-01	0.000000000000000000e+00
6.829963237061027759e-02	7.722146259772758592e-01	0.000000000000000000e+00
8.365226029623924753e-02	7.317129450154479242e-01	0.000000000000000000e+00
8.365226029623924753e-02	7.317129450154479242e-01	0.000000000000000000e+00
8.365226029623924753e-02	7.317129450154479242e-01	0.000000000000000000e+00
8.365226029623924753e-02	7.317129450154479242e-01	0.000000000000000000e+00
8.365226029623924753e-02	7.317129450154479242e-01	0.000000000000000000e+00
8.365226029623924753e-02	7.317129450154479242e-01	0.000000000000000000e+00
8.365226029623924753e-02	7.317129450154479242e-01	0.000000000000000000e+00
8.365226029623924753e-02	7.317129450154479242e-01	0.000000000000000000e+00
8.365226029623924753e-02	7.349471626225335674e-01	0.000000000000000000e+00
2.023633636506824152e-01	6.284292505028877818e-01	0.000000000000000000e+00
2.023633636506824152e-01	6.284292505028877818e-01	0.000000000000000000e+00
2.059355889823052954e-01	5.945712300300942665e-01	0.000000000000000000e+00
2.163267554139435278e-01	5.003013518006692584e-01	0.000000000000000000e+00
2.163267554139435278e-01	5.003013518006692584e-01	0.000000000000000000e+00
2.163267554139435278e-01	4.858126408981674471e-01	0.000000000000000000e+00
2.244020281156955121e-01	4.596166355097163203e-01	0.000000000000000000e+00
2.284396644665714904e-01	3.913004933930971929e-01	0.000000000000000000e+00
2.284396644665714904e-01	3.913004933930971929e-01	0.000000000000000000e+00
2.284396644665714904e-01	3.913004933930971929e-01	0.000000000000000000e+00
2.419180211585066909e-01	3.268455537488408336e-01	0.000000000000000000e+00
2.419180211585066909e-01	3.268455537488408336e-01	0.000000000000000000e+00
2.460988930588352830e-01	2.961929454521363136e-01	0.000000000000000000e+00
2.460988930588352830e-01	3.017435920007768835e-01	0.000000000000000000e+00
2.513287270489584224e-01	2.737692383096940185e-01	0.000000000000000000e+00
2.518532080938556961e-01	2.651656820508946355e-01	0.000000000000000000e+00
2.518532080938556961e-01	2.651656820508946355e-01	0.000000000000000000e+00
2.520280351088214355e-01	2.623144731361378712e-01	0.000000000000000000e+00
2.520280351088214355e-01	2.623144731361378712e-01	0.000000000000000000e+00
2.520280351088214355e-01	2.623144731361378712e-01	0.000000000000000000e+00
2.520280351088214355e-01	2.623144731361378712e-01	0.000000000000000000e+00
2.520280351088214355e-01	2.623144731361378712e-01	0.000000000000000000e+00
2.520280351088214355e-01	2.623144731361378712e-01	0.000000000000000000e+00
2.520280351088214355e-01	2.623144731361378712e-01	0.000000000000000000e+00
2.520280351088214355e-01	2.623144731361378712e-01	0.000000000000000000e+00
2.520280351088214355e-01	2.648790361812110028e-01	0.000000000000000000e+00
2.520280351088214355e-01	2.648790361812110028e-01	0.000000000000000000e+00
4.216616244516881995e-01	1.561297324964077970e-01	0.000000000000000000e+00
4.216616244516881995e-01	1.561297324964077970e-01	0.000000000000000000e+00
4.216616244516881995e-01	1.561297324964077970e-01	0.000000000000000000e+00
4.216616244516881995e-01	1.561297324964077970e-01	0.000000000000000000e+00
4.216616244516881995e-01	1.561297324964077970e-01	0.000000000000000000e+00
4.216616244516881995e-01	1.561297324964077970e-01	0.000000000000000000e+00
4.350202799729205316e-01	5.740714574363885159e-02	0.000000000000000000e+00
4.350202799729205316e-01	5.740714574363885159e-02	0.000000000000000000e+00
4.350202799729205316e-01	5.740714574363885159e-02	0.000000000000000000e+00
4.350202799729205316e-01	5.740714574363885159e-02	0.000000000000000000e+00
4.350202799729205316e-01	5.740714574363885159e-02	0.000000000000000000e+00
4.326148775648537281e-01	5.974943016430403486e-02	0.000000000000000000e+00
4.326148775648537281e-01	5.974943016430403486e-02	0.000000000000000000e+00
4.350202799729205316e-01	4.550145573429752871e-02	0.000000000000000000e+00
4.350202799729205316e-01	3.507363598523866033e-02	0.000000000000000000e+00
4.373886191697690107e-01	1.090304525444820219e-02	0.000000000000000000e+00
4.421994239859025622e-01	8.034217489289337960e-03	0.000000000000000000e+00
4.421994239859025622e-01	3.168611015566636085e-03	0.000000000000000000e+00
4.433835935843267739e-01	-1.252157981164006041e-02	0.000000000000000000e+00
4.443898597689034391e-01	-1.987230815668585351e-02	0.000000000000000000e+00
4.478293257699604846e-01	-3.503322686658044000e-02	0.000000000000000000e+00
4.478293257699604846e-01	-3.978174562784914103e-02	0.000000000000000000e+00
4.478293257699604846e-01	-5.870996353690369901e-02	0.000000000000000000e+00
4.478293257699604846e-01	-5.870996353690369901e-02	0.000000000000000000e+00
4.478293257699604846e-01	-5.870996353690369901e-02	0.000000000000000000e+00
4.478293257699604846e-01	-5.870996353690369901e-02	0.000000000000000000e+00
4.478293257699604846e-01	-5.311329010620448321e-02	0.000000000000000000e+00
4.478293257699604846e-01	-5.311329010620448321e-02	0.000000000000000000e+00
4.478293257699604846e-01	-5.311329010620448321e-02	0.000000000000000000e+00
4.478293257699604846e-01	-5.311329010620448321e-02	0.000000000000000000e+00
6.239569375756403025e-01	-9.647119494658987215e-02	0.000000000000000000e+00
6.239569375756403025e-01	-9.647119494658987215e-02	0.000000000000000000e+00
6.239569375756403025e-01	-9.647119494658987215e-02	0.000000000000000000e+00
6.239569375756403025e-01	-9.647119494658987215e-02	0.000000000000000000e+00
6.239569375756403025e-01	-1.170555346159259519e-01	0.000000000000000000e+00
6.255628753700923639e-01	-1.174524103801445618e-01	0.000000000000000000e+00
6.255628753700923639e-01	-1.316837609317010327e-01	0.000000000000000000e+00
6.255628753700923639e-01	-1.412628433233948932e-01	0.000000000000000000e+00
6.287747509589964867e-01	-1.866389237762283992e-01	0.000000000000000000e+00
6.287747509589964867e-01	-1.866389237762283992e-01	0.000000000000000000e+00
6.287747509589964867e-01	-1.866389237762283992e-01	0.000000000000000000e+00
6.287747509589964867e-01	-1.866389237762283992e-01	0.000000000000000000e+00
6.287747509589964867e-01	-1.866389237762283992e-01	0.000000000000000000e+00
6.287747509589964867e-01	-1.866389237762283992e-01	0.000000000000000000e+00
6.298689279160362142e-01	-2.009781986068581994e-01	0.000000000000000000e+00
6.298689279160362142e-01	-2.019919888200975011e-01	0.000000000000000000e+00
6.311691217456162351e-01	-2.119972123622601012e-01	0.000000000000000000e+00
6.324693155751962559e-01	-2.266401754028175564e-01	0.000000000000000000e+00
6.324693155751962559e-01	-2.266401754028175564e-01	0.000000000000000000e+00
6.339755262773165700e-01	-2.319493004861707952e-01	0.000000000000000000e+00
6.339755262773165700e-01	-2.419747251696103552e-01	0.000000000000000000e+00
6.347158131095090861e-01	-2.579677474959590211e-01	0.000000000000000000e+00
6.347158131095090861e-01	-2.579677474959590211e-01	0.000000000000000000e+00
6.347158131095090861e-01	-2.594772114174557776e-01	0.000000000000000000e+00
6.354560999417016021e-01	-2.672130960197813820e-01	0.000000000000000000e+00
6.358424966490469066e-01	-2.722075566637879307e-01	0.000000000000000000e+00
