0.000000000000000000e+00	3.742403148996640727e+00	0.000000000000000000e+00
2.326086414767826460e-02	3.413154239056828132e+00	0.000000000000000000e+00
2.326086414767826460e-02	3.413154239056828132e+00	0.000000000000000000e+00
5.408794603651945199e-02	3.247343735378622309e+00	0.000000000000000000e+00
7.909632616689205031e-02	2.932242915186642040e+00	0.000000000000000000e+00
7.909632616689205031e-02	2.853048703612977466e+00	0.000000000000000000e+00
7.909632616689205031e-02	2.853048703612977466e+00	0.000000000000000000e+00
1.229075408299067224e-01	2.558614491159072912e+00	0.000000000000000000e+00
1.229075408299067224e-01	2.541437160872553225e+00	0.000000000000000000e+00
1.229075408299067224e-01	2.541437160872553225e+00	0.000000000000000000e+00
1.229075408299067224e-01	2.541437160872553225e+00	0.000000000000000000e+00
1.667187554929213944e-01	2.327896091922628141e+00	0.000000000000000000e+00
1.667187554929213944e-01	2.327896091922628141e+00	0.000000000000000000e+00
1.667187554929213944e-01	2.327896091922628141e+00	0.000000000000000000e+00
1.667187554929213944e-01	2.327896091922628141e+00	0.000000000000000000e+00
1.667187554929213944e-01	2.327896091922628141e+00	0.000000000000000000e+00
2.334984387488186486e-01	1.895496629152094048e+00	0.000000000000000000e+00
2.334984387488186486e-01	1.895496629152094048e+00	0.000000000000000000e+00
2.334984387488186486e-01	1.893890371899738190e+00	0.000000000000000000e+00
2.334984387488186486e-01	1.893890371899738190e+00	0.000000000000000000e+00
2.334984387488186486e-01	1.893890371899738190e+00	0.000000000000000000e+00
2.334984387488186486e-01	1.893890371899738190e+00	0.000000000000000000e+00
2.334984387488186486e-01	1.893890371899738190e+00	0.000000000000000000e+00
2.334984387488186486e-01	1.885753654500970988e+00	0.000000000000000000e+00
2.513713038741353101e-01	1.807034459091981571e+00	0.000000000000000000e+00
2.513713038741353101e-01	1.807034459091981571e+00	0.000000000000000000e+00
2.513713038741353101e-01	1.807034459091981571e+00	0.000000000000000000e+00
2.670253799853278265e-01	1.782330425222079517e+00	0.000000000000000000e+00
2.670253799853278265e-01	1.782330425222079517e+00	0.000000000000000000e+00
2.670253799853278265e-01	1.782330425222079517e+00	0.000000000000000000e+00
2.670253799853278265e-01	1.782330425222079517e+00	0.000000000000000000e+00
2.670253799853278265e-01	1.782330425222079517e+00	0.000000000000000000e+00
2.670253799853278265e-01	1.782330425222079517e+00	0.000000000000000000e+00
2.670253799853278265e-01	1.782330425222079517e+00	0.000000000000000000e+00
2.677649763233692082e-01	1.788716253398920264e+00	0.000000000000000000e+00
2.677649763233692082e-01	1.788716253398920264e+00	0.000000000000000000e+00
2.677649763233692082e-01	1.788716253398920264e+00	0.000000000000000000e+00
4.124770428251193222e-01	1.688100798150888870e+00	0.000000000000000000e+00
4.124770428251193222e-01	1.688100798150888870e+00	0.000000000000000000e+00
4.124770428251193222e-01	1.688100798150888870e+00	0.000000000000000000e+00
4.124770428251193222e-01	1.688100798150888870e+00	0.000000000000000000e+00
4.124770428251193222e-01	1.688100798150888870e+00	0.000000000000000000e+00
4.399636422571371885e-01	1.603765806684394724e+00	0.000000000000000000e+00
4.399636422571371885e-01	1.603765806684394724e+00	0.000000000000000000e+00
4.399636422571371885e-01	1.603765806684394724e+00	0.000000000000000000e+00
4.399636422571371885e-01	1.603765806684394724e+00	0.000000000000000000e+00
4.399636422571371885e-01	1.603765806684394724e+00	0.000000000000000000e+00
4.399636422571371885e-01	1.567576810598705350e+00	0.000000000000000000e+00
4.412122336719425109e-01	1.512150719460197967e+00	0.000000000000000000e+00
4.412122336719425109e-01	1.490241073567737606e+00	0.000000000000000000e+00
4.412122336719425109e-01	1.490241073567737606e+00	0.000000000000000000e+00
4.412122336719425109e-01	1.490241073567737606e+00	0.000000000000000000e+00
4.412122336719425109e-01	1.454224816926492192e+00	0.000000000000000000e+00
4.412122336719425109e-01	1.454224816926492192e+00	0.000000000000000000e+00
4.412122336719425109e-01	1.454224816926492192e+00	0.000000000000000000e+00
4.412122336719425109e-01	1.454224816926492192e+00	0.000000000000000000e+00
4.445418107780900741e-01	1.343396582826283270e+00	0.000000000000000000e+00
4.445418107780900741e-01	1.450286740816175701e+00	0.000000000000000000e+00
4.445418107780900741e-01	1.450286740816175701e+00	0.000000000000000000e+00
4.445418107780900741e-01	1.450286740816175701e+00	0.000000000000000000e+00
4.445418107780900741e-01	1.511975516961264754e+00	0.000000000000000000e+00
6.390270461706983873e-01	1.197709183579966474e+00	0.000000000000000000e+00
6.390270461706983873e-01	1.197709183579966474e+00	0.000000000000000000e+00
6.390270461706983873e-01	1.197709183579966474e+00	0.000000000000000000e+00
6.390270461706983873e-01	1.197709183579966474e+00	0.000000000000000000e+00
6.390270461706983873e-01	1.197709183579966474e+00	0.000000000000000000e+00
6.390270461706983873e-01	1.197709183579966474e+00	0.000000000000000000e+00
6.390270461706983873e-01	1.197709183579966474e+00	0.000000000000000000e+00
6.390270461706983873e-01	1.197709183579966474e+00	0.000000000000000000e+00
6.388524587954835798e-01	1.270316499324128268e+00	0.000000000000000000e+00
6.388524587954835798e-01	1.270316499324128268e+00	0.000000000000000000e+00
6.388524587954835798e-01	1.270316499324128268e+00	0.000000000000000000e+00
6.388524587954835798e-01	1.270316499324128268e+00	0.000000000000000000e+00
6.388524587954835798e-01	1.270316499324128268e+00	0.000000000000000000e+00
6.388524587954835798e-01	1.270316499324128268e+00	0.000000000000000000e+00
6.388524587954835798e-01	1.270316499324128268e+00	0.000000000000000000e+00
6.388387987094382714e-01	1.075973958689721233e+00	0.000000000000000000e+00
6.388387987094382714e-01	1.075973958689721233e+00	0.000000000000000000e+00
6.388387987094382714e-01	1.075973958689721233e+00	0.000000000000000000e+00
6.388387987094382714e-01	1.075973958689721233e+00	0.000000000000000000e+00
6.388387987094382714e-01	1.075973958689721233e+00	0.000000000000000000e+00
6.388387987094382714e-01	1.075973958689721233e+00	0.000000000000000000e+00
6.388387987094382714e-01	1.075973958689721233e+00	0.000000000000000000e+00
6.388387987094382714e-01	1.075973958689721233e+00	0.000000000000000000e+00
6.388387987094382714e-01	1.158694038766329815e+00	0.000000000000000000e+00
6.388387987094382714e-01	1.158694038766329815e+00	0.000000000000000000e+00
6.388387987094382714e-01	1.132495391086265846e+00	0.000000000000000000e+00
6.394059113915895320e-01	1.163372267275792904e+00	0.000000000000000000e+00
6.394059113915895320e-01	1.163372267275792904e+00	0.000000000000000000e+00
6.394059113915895320e-01	1.163372267275792904e+00	0.000000000000000000e+00
6.442052864862148898e-01	1.139135455079144377e+00	0.000000000000000000e+00
6.442052864862148898e-01	1.139135455079144377e+00	0.000000000000000000e+00
6.442052864862148898e-01	1.139135455079144377e+00	0.000000000000000000e+00
6.442052864862148898e-01	1.139135455079144377e+00	0.000000000000000000e+00
6.442052864862148898e-01	1.125979396426008527e+00	0.000000000000000000e+00
6.442052864862148898e-01	1.125979396426008527e+00	0.000000000000000000e+00
6.490046615808402475e-01	1.098687951860274570e+00	0.000000000000000000e+00
6.490046615808402475e-01	1.098687951860274570e+00	0.000000000000000000e+00
6.490046615808402475e-01	1.098687951860274570e+00	0.000000000000000000e+00
6.490046615808402475e-01	1.098687951860274570e+00	0.000000000000000000e+00
