0.000000000000000000e+00	1.328323059349815205e+00	0.000000000000000000e+00
1.411793650751608925e-02	1.155665328948592752e+00	0.000000000000000000e+00
2.513327492949203948e-02	1.101281806025004251e+00	0.000000000000000000e+00
2.802480126526071813e-02	1.095786162975146416e+00	0.000000000000000000e+00
5.294700444498130071e-02	9.381398601810942983e-01	0.000000000000000000e+00
5.294700444498130071e-02	9.381398601810942983e-01	0.000000000000000000e+00
6.974539553849461171e-02	8.461023191750390859e-01	0.000000000000000000e+00
6.974539553849461171e-02	8.461023191750390859e-01	0.000000000000000000e+00
8.365226029623924753e-02	8.238174771699319221e-01	0.000000000000000000e+00
8.365226029623924753e-02	8.238174771699319221e-01	0.000000000000000000e+00
8.275726404945370207e-02	8.340217239892105949e-01	0.000000000000000000e+00
8.275726404945370207e-02	8.340217239892105949e-01	0.000000000000000000e+00
8.275726404945370207e-02	8.340217239892105949e-01	0.000000000000000000e+00
8.275726404945370207e-02	8.340217239892105949e-01	0.000000000000000000e+00
8.275726404945370207e-02	8.375098183506043403e-01	0.000000000000000000e+00
8.186226780266815661e-02	8.406827605716733487e-01	0.000000000000000000e+00
1.928032546514782952e-01	8.354442909849149057e-01	0.000000000000000000e+00
2.054170006111885050e-01	7.728949573932518691e-01	0.000000000000000000e+00
2.105245904210971131e-01	6.973319022738488915e-01	0.000000000000000000e+00
2.149081692282426570e-01	6.631756794880134809e-01	0.000000000000000000e+00
2.192497996408521166e-01	6.193584194431621670e-01	0.000000000000000000e+00
2.228674190506985398e-01	5.799059549234982791e-01	0.000000000000000000e+00
2.267655168129456833e-01	5.637547302391476833e-01	0.000000000000000000e+00
2.301026578703913861e-01	5.561094951136825726e-01	0.000000000000000000e+00
2.358364861548838676e-01	4.533118061951134647e-01	0.000000000000000000e+00
2.358364861548838676e-01	4.533118061951134647e-01	0.000000000000000000e+00
2.358364861548838676e-01	4.533118061951134647e-01	0.000000000000000000e+00
2.415703144393763213e-01	4.129082697346551645e-01	0.000000000000000000e+00
2.415703144393763213e-01	4.129082697346551645e-01	0.000000000000000000e+00
2.530379710083612288e-01	3.684229318128818820e-01	0.000000000000000000e+00
2.530379710083612288e-01	3.684229318128818820e-01	0.000000000000000000e+00
2.530379710083612288e-01	3.684229318128818820e-01	0.000000000000000000e+00
2.530379710083612288e-01	3.684229318128818820e-01	0.000000000000000000e+00
2.530379710083612288e-01	3.684229318128818820e-01	0.000000000000000000e+00
2.530379710083612288e-01	3.684229318128818820e-01	0.000000000000000000e+00
2.530379710083612288e-01	3.684229318128818820e-01	0.000000000000000000e+00
2.530379710083612288e-01	3.684229318128818820e-01	0.000000000000000000e+00
2.530379710083612288e-01	3.702733776251585507e-01	0.000000000000000000e+00
2.530379710083612288e-01	3.702733776251585507e-01	0.000000000000000000e+00
2.530379710083612288e-01	3.702733776251585507e-01	0.000000000000000000e+00
2.530379710083612288e-01	3.702733776251585507e-01	0.000000000000000000e+00
2.530379710083612288e-01	3.702733776251585507e-01	0.000000000000000000e+00
4.398977985692470449e-01	8.857367509794832061e-02	0.000000000000000000e+00
4.398977985692470449e-01	8.857367509794832061e-02	0.000000000000000000e+00
4.398977985692470449e-01	9.009614034089122314e-02	0.000000000000000000e+00
4.398977985692470449e-01	9.009614034089122314e-02	0.000000000000000000e+00
4.398977985692470449e-01	9.009614034089122314e-02	0.000000000000000000e+00
4.398977985692470449e-01	9.009614034089122314e-02	0.000000000000000000e+00
4.398977985692470449e-01	9.009614034089122314e-02	0.000000000000000000e+00
4.398977985692470449e-01	9.009614034089122314e-02	0.000000000000000000e+00
4.398977985692470449e-01	9.009614034089122314e-02	0.000000000000000000e+00
4.398977985692470449e-01	9.009614034089122314e-02	0.000000000000000000e+00
4.398977985692470449e-01	8.175909672268545647e-02	0.000000000000000000e+00
4.398977985692470449e-01	8.175909672268545647e-02	0.000000000000000000e+00
4.398977985692470449e-01	8.175909672268545647e-02	0.000000000000000000e+00
4.398977985692470449e-01	7.111892896605943870e-02	0.000000000000000000e+00
4.398977985692470449e-01	7.111892896605943870e-02	0.000000000000000000e+00
4.398977985692470449e-01	7.111892896605943870e-02	0.000000000000000000e+00
4.398977985692470449e-01	7.111892896605943870e-02	0.000000000000000000e+00
4.398977985692470449e-01	7.111892896605943870e-02	0.000000000000000000e+00
4.398977985692470449e-01	6.458230127226775863e-02	0.000000000000000000e+00
4.398977985692470449e-01	5.658587424365371654e-02	0.000000000000000000e+00
4.398977985692470449e-01	5.658587424365371654e-02	0.000000000000000000e+00
4.398977985692470449e-01	5.813888735791125639e-02	0.000000000000000000e+00
4.398977985692470449e-01	5.813888735791125639e-02	0.000000000000000000e+00
4.398977985692470449e-01	5.813888735791125639e-02	0.000000000000000000e+00
4.398977985692470449e-01	5.813888735791125639e-02	0.000000000000000000e+00
4.398977985692470449e-01	5.813888735791125639e-02	0.000000000000000000e+00
4.398977985692470449e-01	5.813888735791125639e-02	0.000000000000000000e+00
6.287747509589964867e-01	-1.204635227626482397e-01	0.000000000000000000e+00
6.287747509589964867e-01	-1.204635227626482397e-01	0.000000000000000000e+00
6.287747509589964867e-01	-1.204635227626482397e-01	0.000000000000000000e+00
6.287747509589964867e-01	-1.204635227626482397e-01	0.000000000000000000e+00
6.287747509589964867e-01	-1.204635227626482397e-01	0.000000000000000000e+00
6.287747509589964867e-01	-1.204635227626482397e-01	0.000000000000000000e+00
6.287747509589964867e-01	-8.231705423992881354e-02	0.000000000000000000e+00
6.287747509589964867e-01	-8.231705423992881354e-02	0.000000000000000000e+00
6.287747509589964867e-01	-8.231705423992881354e-02	0.000000000000000000e+00
6.287747509589964867e-01	-8.231705423992881354e-02	0.000000000000000000e+00
6.287747509589964867e-01	-8.231705423992881354e-02	0.000000000000000000e+00
6.287747509589964867e-01	-6.987560601739709054e-02	0.000000000000000000e+00
6.287747509589964867e-01	-8.974348538583280799e-02	0.000000000000000000e+00
6.287747509589964867e-01	-8.974348538583280799e-02	0.000000000000000000e+00
6.335093081456042441e-01	-1.362707452038074141e-01	0.000000000000000000e+00
6.335093081456042441e-01	-1.362707452038074141e-01	0.000000000000000000e+00
6.335093081456042441e-01	-1.148604700556611902e-01	0.000000000000000000e+00
6.335093081456042441e-01	-1.376837443153039464e-01	0.000000000000000000e+00
6.335093081456042441e-01	-1.376837443153039464e-01	0.000000000000000000e+00
6.335093081456042441e-01	-1.428932350754520686e-01	0.000000000000000000e+00
6.346433958148275378e-01	-1.543006421816819351e-01	0.000000000000000000e+00
6.357349596590825547e-01	-1.570831487073922894e-01	0.000000000000000000e+00
6.357774834840508316e-01	-1.684782499225893349e-01	0.000000000000000000e+00
6.357774834840508316e-01	-1.917769051429399074e-01	0.000000000000000000e+00
6.357774834840508316e-01	-1.917769051429399074e-01	0.000000000000000000e+00
6.357774834840508316e-01	-1.917769051429399074e-01	0.000000000000000000e+00
6.357774834840508316e-01	-2.079373348543595290e-01	0.000000000000000000e+00
6.357774834840508316e-01	-2.079373348543595290e-01	0.000000000000000000e+00
6.357774834840508316e-01	-2.079373348543595290e-01	0.000000000000000000e+00
6.360326264338604929e-01	-2.150222392009289718e-01	0.000000000000000000e+00
6.360326264338604929e-01	-2.191526581295097920e-01	0.000000000000000000e+00
