0.000000000000000000e+00	1.113123894701973482e+00	0.000000000000000000e+00
1.350692945442211537e-02	9.003824710202913417e-01	0.000000000000000000e+00
2.346201466036680269e-02	8.564080832028875268e-01	0.000000000000000000e+00
3.349993004780486838e-02	8.155583440774148984e-01	0.000000000000000000e+00
4.740914793570556729e-02	7.628268766694836778e-01	0.000000000000000000e+00
5.365025420019289837e-02	7.330796518876252499e-01	0.000000000000000000e+00
6.739186198869182021e-02	7.039816566769758754e-01	0.000000000000000000e+00
7.861467925814225044e-02	6.870282075495592888e-01	0.000000000000000000e+00
8.113346977719074204e-02	6.789190308292681886e-01	0.000000000000000000e+00
8.113346977719074204e-02	6.760762790425850488e-01	0.000000000000000000e+00
8.113346977719074204e-02	6.760762790425850488e-01	0.000000000000000000e+00
8.113346977719074204e-02	6.760762790425850488e-01	0.000000000000000000e+00
8.113346977719074204e-02	6.760762790425850488e-01	0.000000000000000000e+00
8.113346977719074204e-02	6.760762790425850488e-01	0.000000000000000000e+00
8.113346977719074204e-02	6.760762790425850488e-01	0.000000000000000000e+00
8.113346977719074204e-02	6.760762790425850488e-01	0.000000000000000000e+00
1.891671336650689039e-01	6.361677273316984627e-01	0.000000000000000000e+00
1.973584020782886417e-01	6.060975083705067989e-01	0.000000000000000000e+00
2.061217514508071058e-01	5.459427033633774684e-01	0.000000000000000000e+00
2.096207434447910356e-01	5.037940208520542695e-01	0.000000000000000000e+00
2.157887087180162533e-01	4.702246801623046202e-01	0.000000000000000000e+00
2.157887087180162533e-01	4.430714339037137850e-01	0.000000000000000000e+00
2.231887115547193656e-01	4.159105245288857722e-01	0.000000000000000000e+00
2.271474421898279639e-01	3.820338922430125961e-01	0.000000000000000000e+00
2.309108432442976699e-01	3.573646254515066567e-01	0.000000000000000000e+00
2.383742457171189322e-01	3.052792390392891630e-01	0.000000000000000000e+00
2.420742471354704883e-01	3.023116578014465872e-01	0.000000000000000000e+00
2.432620516678969391e-01	2.722069017363888954e-01	0.000000000000000000e+00
2.481498576186749461e-01	2.572819604841460328e-01	0.000000000000000000e+00
2.542254681018794038e-01	2.443940082503767708e-01	0.000000000000000000e+00
2.603010785850838893e-01	2.435737113858546243e-01	0.000000000000000000e+00
2.603010785850838893e-01	2.435737113858546243e-01	0.000000000000000000e+00
2.542254681018794038e-01	2.443940082503767708e-01	0.000000000000000000e+00
2.542254681018794038e-01	2.443940082503767708e-01	0.000000000000000000e+00
2.542254681018794038e-01	2.443940082503767708e-01	0.000000000000000000e+00
2.542254681018794038e-01	2.443940082503767708e-01	0.000000000000000000e+00
2.542254681018794038e-01	2.443940082503767708e-01	0.000000000000000000e+00
2.542254681018794038e-01	2.443940082503767708e-01	0.000000000000000000e+00
2.542254681018794038e-01	2.443940082503767708e-01	0.000000000000000000e+00
2.542254681018794038e-01	2.443940082503767708e-01	0.000000000000000000e+00
4.125941702897745200e-01	2.051132354379847922e-01	0.000000000000000000e+00
4.125941702897745200e-01	2.051132354379847922e-01	0.000000000000000000e+00
4.214143225500318612e-01	1.629784406537393426e-01	0.000000000000000000e+00
4.214143225500318612e-01	1.629784406537393426e-01	0.000000000000000000e+00
4.216527050435523449e-01	1.499588209870836297e-01	0.000000000000000000e+00
4.221294700305933123e-01	1.285201897591104481e-01	0.000000000000000000e+00
4.246923694741571165e-01	1.049703804068123220e-01	0.000000000000000000e+00
4.259435899269208847e-01	8.852600719071365698e-02	0.000000000000000000e+00
4.265401214371594696e-01	7.275574844837669197e-02	0.000000000000000000e+00
4.354927993230657268e-01	-1.090418188386812776e-03	0.000000000000000000e+00
4.354927993230657268e-01	-1.090418188386812776e-03	0.000000000000000000e+00
4.354927993230657268e-01	-1.090418188386812776e-03	0.000000000000000000e+00
4.354927993230657268e-01	-1.090418188386812776e-03	0.000000000000000000e+00
4.354927993230657268e-01	-1.090418188386812776e-03	0.000000000000000000e+00
4.357910650781850470e-01	-1.766246758548564721e-02	0.000000000000000000e+00
4.375667499535749183e-01	-3.002938064100394225e-02	0.000000000000000000e+00
4.399389663392033745e-01	-5.135778919728933162e-02	0.000000000000000000e+00
4.420129169697125660e-01	-5.789764571388084785e-02	0.000000000000000000e+00
4.420129169697125660e-01	-6.535997335346478698e-02	0.000000000000000000e+00
4.461608182307309489e-01	-8.042185303874664626e-02	0.000000000000000000e+00
4.471619227542686925e-01	-8.921925337551252222e-02	0.000000000000000000e+00
4.492538087806363101e-01	-9.715373753682779445e-02	0.000000000000000000e+00
4.492538087806363101e-01	-9.715373753682779445e-02	0.000000000000000000e+00
4.492538087806363101e-01	-9.715373753682779445e-02	0.000000000000000000e+00
4.492538087806363101e-01	-9.715373753682779445e-02	0.000000000000000000e+00
4.471619227542686925e-01	-9.511121818160105101e-02	0.000000000000000000e+00
4.471619227542686925e-01	-9.511121818160105101e-02	0.000000000000000000e+00
4.471619227542686925e-01	-9.511121818160105101e-02	0.000000000000000000e+00
4.471619227542686925e-01	-9.511121818160105101e-02	0.000000000000000000e+00
6.212313097092831971e-01	-1.468163986902281393e-01	0.000000000000000000e+00
6.212313097092831971e-01	-1.468163986902281393e-01	0.000000000000000000e+00
6.212313097092831971e-01	-1.468163986902281393e-01	0.000000000000000000e+00
6.212313097092831971e-01	-1.468163986902281393e-01	0.000000000000000000e+00
6.217768393724284470e-01	-1.559335078575630196e-01	0.000000000000000000e+00
6.228678986987188360e-01	-1.673961770719918363e-01	0.000000000000000000e+00
6.234134283618639749e-01	-1.826233654147534913e-01	0.000000000000000000e+00
6.250500173512996138e-01	-1.967085683125021911e-01	0.000000000000000000e+00
6.261356888126061726e-01	-1.994323862543265213e-01	0.000000000000000000e+00
6.272267481388964505e-01	-2.270212881979520314e-01	0.000000000000000000e+00
6.272267481388964505e-01	-2.270212881979520314e-01	0.000000000000000000e+00
6.272267481388964505e-01	-2.270212881979520314e-01	0.000000000000000000e+00
6.294034789264935092e-01	-2.651649326760597281e-01	0.000000000000000000e+00
6.294034789264935092e-01	-2.651649326760597281e-01	0.000000000000000000e+00
6.294034789264935092e-01	-2.651649326760597281e-01	0.000000000000000000e+00
6.294034789264935092e-01	-2.651649326760597281e-01	0.000000000000000000e+00
6.304945382527838982e-01	-2.793436022192081758e-01	0.000000000000000000e+00
6.317118288024128336e-01	-2.895238590358878428e-01	0.000000000000000000e+00
6.317118288024128336e-01	-2.895238590358878428e-01	0.000000000000000000e+00
6.336603698941790652e-01	-3.027914723878204484e-01	0.000000000000000000e+00
6.342192478708612580e-01	-3.093277791856478554e-01	0.000000000000000000e+00
6.353370038242256435e-01	-3.305081128367373666e-01	0.000000000000000000e+00
6.353370038242256435e-01	-3.305081128367373666e-01	0.000000000000000000e+00
6.353370038242256435e-01	-3.277734879255400635e-01	0.000000000000000000e+00
6.353370038242256435e-01	-3.305081128367373666e-01	0.000000000000000000e+00
6.353370038242256435e-01	-3.290048280416140170e-01	0.000000000000000000e+00
6.353370038242256435e-01	-3.290048280416140170e-01	0.000000000000000000e+00
6.353370038242256435e-01	-3.290048280416140170e-01	0.000000000000000000e+00
6.353370038242256435e-01	-3.290048280416140170e-01	0.000000000000000000e+00
6.353370038242256435e-01	-3.277734879255400635e-01	0.000000000000000000e+00
6.353370038242256435e-01	-3.277734879255400635e-01	0.000000000000000000e+00
