0.000000000000000000e+00	2.361977475777484514e+00	0.000000000000000000e+00
1.741091658416303589e-02	2.158872913113004000e+00	0.000000000000000000e+00
3.482183316832607178e-02	1.995838719642622161e+00	0.000000000000000000e+00
5.006940950194210815e-02	1.897850838868911705e+00	0.000000000000000000e+00
5.897469250103659633e-02	1.866710214933260170e+00	0.000000000000000000e+00
8.232825300569523996e-02	1.803894358418749899e+00	0.000000000000000000e+00
1.001388190038842163e-01	1.732089281374324052e+00	0.000000000000000000e+00
1.001388190038842163e-01	1.732089281374324052e+00	0.000000000000000000e+00
1.001388190038842163e-01	1.732089281374324052e+00	0.000000000000000000e+00
1.645357545569785529e-01	1.721603909162284118e+00	0.000000000000000000e+00
1.645357545569785529e-01	1.712608859961282537e+00	0.000000000000000000e+00
1.991491803176786701e-01	1.547031567912388272e+00	0.000000000000000000e+00
1.991491803176786701e-01	1.527240077464934176e+00	0.000000000000000000e+00
2.140409352138757659e-01	1.445038990612985241e+00	0.000000000000000000e+00
2.177638739379250399e-01	1.269948461112004656e+00	0.000000000000000000e+00
2.177638739379250399e-01	1.269948461112004656e+00	0.000000000000000000e+00
2.177638739379250399e-01	1.160772836862843604e+00	0.000000000000000000e+00
2.214868126619743138e-01	1.127365006563099792e+00	0.000000000000000000e+00
2.289326901100728617e-01	1.064566306888520719e+00	0.000000000000000000e+00
2.289326901100728617e-01	1.064566306888520719e+00	0.000000000000000000e+00
2.405586004286939250e-01	1.001627599657485046e+00	0.000000000000000000e+00
2.405586004286939250e-01	1.001627599657485046e+00	0.000000000000000000e+00
2.521845107473149605e-01	9.539057266390209566e-01	0.000000000000000000e+00
2.559074494713642345e-01	9.419883539314870546e-01	0.000000000000000000e+00
2.521845107473149605e-01	9.539057266390209566e-01	0.000000000000000000e+00
2.521845107473149605e-01	9.539057266390209566e-01	0.000000000000000000e+00
2.521845107473149605e-01	9.489024003369742610e-01	0.000000000000000000e+00
2.521845107473149605e-01	9.489024003369742610e-01	0.000000000000000000e+00
2.521845107473149605e-01	9.489024003369742610e-01	0.000000000000000000e+00
2.521845107473149605e-01	9.489024003369742610e-01	0.000000000000000000e+00
2.521845107473149605e-01	9.489024003369742610e-01	0.000000000000000000e+00
2.521845107473149605e-01	9.489024003369742610e-01	0.000000000000000000e+00
2.521845107473149605e-01	9.489024003369742610e-01	0.000000000000000000e+00
2.521845107473149605e-01	9.489024003369742610e-01	0.000000000000000000e+00
4.398977985692470449e-01	6.306291381829293163e-01	0.000000000000000000e+00
4.398977985692470449e-01	6.306291381829293163e-01	0.000000000000000000e+00
4.398977985692470449e-01	6.306291381829293163e-01	0.000000000000000000e+00
4.398977985692470449e-01	4.425024988770944745e-01	0.000000000000000000e+00
4.398977985692470449e-01	4.425024988770944745e-01	0.000000000000000000e+00
4.398977985692470449e-01	4.425024988770944745e-01	0.000000000000000000e+00
4.398977985692470449e-01	4.425024988770944745e-01	0.000000000000000000e+00
4.398977985692470449e-01	4.425024988770944745e-01	0.000000000000000000e+00
4.398977985692470449e-01	4.425024988770944745e-01	0.000000000000000000e+00
4.398977985692470449e-01	4.425024988770944745e-01	0.000000000000000000e+00
4.398977985692470449e-01	4.494032784790811808e-01	0.000000000000000000e+00
4.398977985692470449e-01	4.494032784790811808e-01	0.000000000000000000e+00
4.398977985692470449e-01	4.706011723340810526e-01	0.000000000000000000e+00
4.398977985692470449e-01	4.602342705759820962e-01	0.000000000000000000e+00
4.398977985692470449e-01	4.602342705759820962e-01	0.000000000000000000e+00
4.398977985692470449e-01	4.602342705759820962e-01	0.000000000000000000e+00
4.398977985692470449e-01	4.441536503104610567e-01	0.000000000000000000e+00
4.398977985692470449e-01	4.441536503104610567e-01	0.000000000000000000e+00
4.398977985692470449e-01	4.308292918451911424e-01	0.000000000000000000e+00
4.398977985692470449e-01	4.308292918451911424e-01	0.000000000000000000e+00
4.398977985692470449e-01	4.308292918451911424e-01	0.000000000000000000e+00
4.398977985692470449e-01	4.308292918451911424e-01	0.000000000000000000e+00
4.398977985692470449e-01	4.308292918451911424e-01	0.000000000000000000e+00
4.398977985692470449e-01	4.308292918451911424e-01	0.000000000000000000e+00
4.398977985692470449e-01	4.308292918451911424e-01	0.000000000000000000e+00
4.398977985692470449e-01	4.308292918451911424e-01	0.000000000000000000e+00
4.398977985692470449e-01	4.317602595113047559e-01	0.000000000000000000e+00
4.398977985692470449e-01	4.317602595113047559e-01	0.000000000000000000e+00
4.398977985692470449e-01	4.317602595113047559e-01	0.000000000000000000e+00
4.398977985692470449e-01	4.317602595113047559e-01	0.000000000000000000e+00
6.345066636749721045e-01	2.555278223875229737e-01	0.000000000000000000e+00
6.345066636749721045e-01	2.555278223875229737e-01	0.000000000000000000e+00
6.345066636749721045e-01	2.772243917868096319e-01	0.000000000000000000e+00
6.345066636749721045e-01	2.772243917868096319e-01	0.000000000000000000e+00
6.345066636749721045e-01	2.772243917868096319e-01	0.000000000000000000e+00
6.321554793469212896e-01	2.076983848662563026e-01	0.000000000000000000e+00
6.321554793469212896e-01	2.076983848662563026e-01	0.000000000000000000e+00
6.321554793469212896e-01	2.076983848662563026e-01	0.000000000000000000e+00
6.321554793469212896e-01	2.076983848662563026e-01	0.000000000000000000e+00
6.321554793469212896e-01	2.076983848662563026e-01	0.000000000000000000e+00
6.321554793469212896e-01	2.076983848662563026e-01	0.000000000000000000e+00
6.321554793469212896e-01	2.076983848662563026e-01	0.000000000000000000e+00
6.321554793469212896e-01	2.076983848662563026e-01	0.000000000000000000e+00
6.324167220500380715e-01	2.152267420009541798e-01	0.000000000000000000e+00
6.324167220500380715e-01	2.152267420009541798e-01	0.000000000000000000e+00
6.324167220500380715e-01	2.152267420009541798e-01	0.000000000000000000e+00
6.324167220500380715e-01	2.152267420009541798e-01	0.000000000000000000e+00
6.345066636749721045e-01	1.976515068203746339e-01	0.000000000000000000e+00
6.376415761123732651e-01	1.559348102675188752e-01	0.000000000000000000e+00
6.376415761123732651e-01	1.559348102675188752e-01	0.000000000000000000e+00
6.376415761123732651e-01	1.559348102675188752e-01	0.000000000000000000e+00
6.384609045247612302e-01	1.436796177323425017e-01	0.000000000000000000e+00
6.384609045247612302e-01	1.436796177323425017e-01	0.000000000000000000e+00
6.384609045247612302e-01	1.436796177323425017e-01	0.000000000000000000e+00
6.384609045247612302e-01	1.436796177323425017e-01	0.000000000000000000e+00
6.384609045247612302e-01	1.283516090405366072e-01	0.000000000000000000e+00
6.379054779159565314e-01	1.171245275424124266e-01	0.000000000000000000e+00
6.379054779159565314e-01	1.171245275424124266e-01	0.000000000000000000e+00
6.379054779159565314e-01	1.171245275424124266e-01	0.000000000000000000e+00
6.379054779159565314e-01	1.171245275424124266e-01	0.000000000000000000e+00
6.379054779159565314e-01	1.171245275424124266e-01	0.000000000000000000e+00
6.379054779159565314e-01	1.171245275424124266e-01	0.000000000000000000e+00
6.379054779159565314e-01	1.171245275424124266e-01	0.000000000000000000e+00
6.379054779159565314e-01	1.171245275424124266e-01	0.000000000000000000e+00
6.379054779159565314e-01	1.171245275424124266e-01	0.000000000000000000e+00
6.379054779159565314e-01	1.192231004717680676e-01	0.000000000000000000e+00
