0.000000000000000000e+00	1.320210890951454497e+00	0.000000000000000000e+00
1.411793650751608925e-02	1.175422908636054586e+00	0.000000000000000000e+00
1.411793650751608925e-02	1.174441421673389385e+00	0.000000000000000000e+00
1.411793650751608925e-02	1.174441421673389385e+00	0.000000000000000000e+00
4.936701945783911888e-02	1.052657315748754874e+00	0.000000000000000000e+00
4.936701945783911888e-02	1.052657315748754874e+00	0.000000000000000000e+00
6.699156093300062675e-02	1.022797455073267692e+00	0.000000000000000000e+00
8.461610240816215545e-02	9.949567915021556574e-01	0.000000000000000000e+00
8.461610240816215545e-02	9.949567915021556574e-01	0.000000000000000000e+00
8.461610240816215545e-02	9.949567915021556574e-01	0.000000000000000000e+00
8.461610240816215545e-02	9.949567915021556574e-01	0.000000000000000000e+00
8.461610240816215545e-02	9.949567915021556574e-01	0.000000000000000000e+00
8.461610240816215545e-02	1.026892767527281869e+00	0.000000000000000000e+00
8.461610240816215545e-02	1.026892767527281869e+00	0.000000000000000000e+00
8.461610240816215545e-02	1.026892767527281869e+00	0.000000000000000000e+00
2.023828137202023925e-01	8.879023965768244597e-01	0.000000000000000000e+00
2.023828137202023925e-01	8.726098336693508539e-01	0.000000000000000000e+00
2.096867038515399240e-01	7.173685637946638494e-01	0.000000000000000000e+00
2.096867038515399240e-01	7.173685637946638494e-01	0.000000000000000000e+00
2.096867038515399240e-01	7.173685637946638494e-01	0.000000000000000000e+00
2.267655168129456833e-01	6.893272260714726762e-01	0.000000000000000000e+00
2.337546029360601518e-01	5.346475339188148101e-01	0.000000000000000000e+00
2.337546029360601518e-01	5.346475339188148101e-01	0.000000000000000000e+00
2.337546029360601518e-01	5.346475339188148101e-01	0.000000000000000000e+00
2.337546029360601518e-01	5.346475339188148101e-01	0.000000000000000000e+00
2.337546029360601518e-01	5.346475339188148101e-01	0.000000000000000000e+00
2.484509083807672492e-01	5.011663461654506380e-01	0.000000000000000000e+00
2.484509083807672492e-01	5.011663461654506380e-01	0.000000000000000000e+00
2.484509083807672492e-01	5.011663461654506380e-01	0.000000000000000000e+00
2.484509083807672492e-01	5.011663461654506380e-01	0.000000000000000000e+00
2.501981799115458593e-01	5.029412587320912786e-01	0.000000000000000000e+00
2.521648167210916447e-01	5.038064909807522529e-01	0.000000000000000000e+00
2.521648167210916447e-01	5.038064909807522529e-01	0.000000000000000000e+00
2.521648167210916447e-01	5.038064909807522529e-01	0.000000000000000000e+00
2.521648167210916447e-01	5.038064909807522529e-01	0.000000000000000000e+00
2.521648167210916447e-01	5.038064909807522529e-01	0.000000000000000000e+00
2.521648167210916447e-01	5.038064909807522529e-01	0.000000000000000000e+00
2.521648167210916447e-01	5.038064909807522529e-01	0.000000000000000000e+00
2.521648167210916447e-01	5.038064909807522529e-01	0.000000000000000000e+00
2.521648167210916447e-01	5.038064909807522529e-01	0.000000000000000000e+00
4.398977985692470449e-01	1.737873813455126926e-01	0.000000000000000000e+00
4.398977985692470449e-01	1.737873813455126926e-01	0.000000000000000000e+00
4.398977985692470449e-01	1.737873813455126926e-01	0.000000000000000000e+00
4.398977985692470449e-01	1.737873813455126926e-01	0.000000000000000000e+00
4.398977985692470449e-01	1.737873813455126926e-01	0.000000000000000000e+00
4.398977985692470449e-01	1.737873813455126926e-01	0.000000000000000000e+00
4.398977985692470449e-01	1.737873813455126926e-01	0.000000000000000000e+00
4.398977985692470449e-01	1.737873813455126926e-01	0.000000000000000000e+00
4.398977985692470449e-01	1.737873813455126926e-01	0.000000000000000000e+00
4.398977985692470449e-01	1.547037163796352033e-01	0.000000000000000000e+00
4.398977985692470449e-01	1.351962904468666793e-01	0.000000000000000000e+00
4.398977985692470449e-01	1.351962904468666793e-01	0.000000000000000000e+00
4.398977985692470449e-01	1.351962904468666793e-01	0.000000000000000000e+00
4.398977985692470449e-01	1.351962904468666793e-01	0.000000000000000000e+00
4.398977985692470449e-01	1.351962904468666793e-01	0.000000000000000000e+00
4.398977985692470449e-01	1.351962904468666793e-01	0.000000000000000000e+00
4.398977985692470449e-01	1.351962904468666793e-01	0.000000000000000000e+00
4.398977985692470449e-01	1.216022224655633616e-01	0.000000000000000000e+00
4.398977985692470449e-01	1.216022224655633616e-01	0.000000000000000000e+00
4.398977985692470449e-01	1.216022224655633616e-01	0.000000000000000000e+00
4.398977985692470449e-01	1.216022224655633616e-01	0.000000000000000000e+00
4.398977985692470449e-01	1.216022224655633616e-01	0.000000000000000000e+00
4.398977985692470449e-01	1.216022224655633616e-01	0.000000000000000000e+00
4.398977985692470449e-01	1.216022224655633616e-01	0.000000000000000000e+00
4.398977985692470449e-01	1.216022224655633616e-01	0.000000000000000000e+00
4.398977985692470449e-01	1.216022224655633616e-01	0.000000000000000000e+00
6.287747509589964867e-01	1.592534924046822009e-02	0.000000000000000000e+00
6.287747509589964867e-01	1.592534924046822009e-02	0.000000000000000000e+00
6.287747509589964867e-01	1.592534924046822009e-02	0.000000000000000000e+00
6.287747509589964867e-01	6.708553748045737244e-03	0.000000000000000000e+00
6.287747509589964867e-01	6.708553748045737244e-03	0.000000000000000000e+00
6.287747509589964867e-01	6.708553748045737244e-03	0.000000000000000000e+00
6.287747509589964867e-01	6.708553748045737244e-03	0.000000000000000000e+00
6.287747509589964867e-01	6.708553748045737244e-03	0.000000000000000000e+00
6.287747509589964867e-01	6.708553748045737244e-03	0.000000000000000000e+00
6.287747509589964867e-01	6.708553748045737244e-03	0.000000000000000000e+00
6.287747509589964867e-01	-3.195001652321273478e-02	0.000000000000000000e+00
6.287747509589964867e-01	-3.195001652321273478e-02	0.000000000000000000e+00
6.287747509589964867e-01	-3.195001652321273478e-02	0.000000000000000000e+00
6.287747509589964867e-01	-3.195001652321273478e-02	0.000000000000000000e+00
6.287747509589964867e-01	-3.195001652321273478e-02	0.000000000000000000e+00
6.382438653322120015e-01	-1.895593575534098019e-01	0.000000000000000000e+00
6.382438653322120015e-01	-1.895593575534098019e-01	0.000000000000000000e+00
6.382438653322120015e-01	-1.391491223760669416e-01	0.000000000000000000e+00
6.382438653322120015e-01	-1.391491223760669416e-01	0.000000000000000000e+00
6.382438653322120015e-01	-1.391491223760669416e-01	0.000000000000000000e+00
6.382438653322120015e-01	-1.391491223760669416e-01	0.000000000000000000e+00
6.382438653322120015e-01	-1.391491223760669416e-01	0.000000000000000000e+00
6.382438653322120015e-01	-1.391491223760669416e-01	0.000000000000000000e+00
6.382438653322120015e-01	-1.391491223760669416e-01	0.000000000000000000e+00
6.382438653322120015e-01	-1.391491223760669416e-01	0.000000000000000000e+00
6.382438653322120015e-01	-1.650034826297828161e-01	0.000000000000000000e+00
6.382438653322120015e-01	-1.650034826297828161e-01	0.000000000000000000e+00
6.382438653322120015e-01	-1.650034826297828161e-01	0.000000000000000000e+00
6.409653901301831658e-01	-1.786218249784869150e-01	0.000000000000000000e+00
6.409653901301831658e-01	-1.786218249784869150e-01	0.000000000000000000e+00
6.409653901301831658e-01	-1.786218249784869150e-01	0.000000000000000000e+00
6.409653901301831658e-01	-1.786218249784869150e-01	0.000000000000000000e+00
6.409653901301831658e-01	-1.786218249784869150e-01	0.000000000000000000e+00
6.409653901301831658e-01	-1.683726037791871133e-01	0.000000000000000000e+00
