0.000000000000000000e+00	2.692557720261680831e+00	0.000000000000000000e+00
1.977408154172301258e-02	2.312204252026440088e+00	0.000000000000000000e+00
2.849690559710236354e-02	2.147702594204524473e+00	0.000000000000000000e+00
4.986958479492913099e-02	1.949812857272732458e+00	0.000000000000000000e+00
7.124226399275590538e-02	1.918854668957689524e+00	0.000000000000000000e+00
7.124226399275590538e-02	1.918854668957689524e+00	0.000000000000000000e+00
7.124226399275590538e-02	1.868470323919640741e+00	0.000000000000000000e+00
7.124226399275590538e-02	1.868470323919640741e+00	0.000000000000000000e+00
7.124226399275590538e-02	1.868470323919640741e+00	0.000000000000000000e+00
7.124226399275590538e-02	1.868470323919640741e+00	0.000000000000000000e+00
7.124226399275590538e-02	1.868470323919640741e+00	0.000000000000000000e+00
1.903942989539443020e-01	1.793084912275117571e+00	0.000000000000000000e+00
2.041947204362160595e-01	1.644332928480005673e+00	0.000000000000000000e+00
2.041947204362160595e-01	1.644332928480005673e+00	0.000000000000000000e+00
2.232999179116542665e-01	1.519965653929913563e+00	0.000000000000000000e+00
2.286046939048206883e-01	1.502210595298527185e+00	0.000000000000000000e+00
2.400766879203727888e-01	1.347773868901664507e+00	0.000000000000000000e+00
2.400766879203727888e-01	1.347773868901664507e+00	0.000000000000000000e+00
2.400766879203727888e-01	1.255340229518816297e+00	0.000000000000000000e+00
2.424051153870924458e-01	1.246439213626906684e+00	0.000000000000000000e+00
2.451992283471560174e-01	1.137489947137388047e+00	0.000000000000000000e+00
2.451992283471560174e-01	1.137489947137388047e+00	0.000000000000000000e+00
2.498560832805953313e-01	1.125123183155310125e+00	0.000000000000000000e+00
2.498560832805953313e-01	1.083858641545838664e+00	0.000000000000000000e+00
2.498560832805953313e-01	1.083858641545838664e+00	0.000000000000000000e+00
2.498560832805953313e-01	1.083858641545838664e+00	0.000000000000000000e+00
2.498560832805953313e-01	1.074484060322727474e+00	0.000000000000000000e+00
2.498560832805953313e-01	1.074484060322727474e+00	0.000000000000000000e+00
2.498560832805953313e-01	1.074484060322727474e+00	0.000000000000000000e+00
2.498560832805953313e-01	1.072676348072623576e+00	0.000000000000000000e+00
2.498560832805953313e-01	1.072676348072623576e+00	0.000000000000000000e+00
2.498560832805953313e-01	1.072676348072623576e+00	0.000000000000000000e+00
2.498560832805953313e-01	1.072676348072623576e+00	0.000000000000000000e+00
2.498560832805953313e-01	1.072676348072623576e+00	0.000000000000000000e+00
2.498560832805953313e-01	1.072676348072623576e+00	0.000000000000000000e+00
4.398977985692470449e-01	6.950298700737210789e-01	0.000000000000000000e+00
4.398977985692470449e-01	6.950298700737210789e-01	0.000000000000000000e+00
4.398977985692470449e-01	6.950298700737210789e-01	0.000000000000000000e+00
4.398977985692470449e-01	6.950298700737210789e-01	0.000000000000000000e+00
4.398977985692470449e-01	6.950298700737210789e-01	0.000000000000000000e+00
4.398977985692470449e-01	6.950298700737210789e-01	0.000000000000000000e+00
4.398977985692470449e-01	6.950298700737210789e-01	0.000000000000000000e+00
4.398977985692470449e-01	6.950298700737210789e-01	0.000000000000000000e+00
4.398977985692470449e-01	6.774499130145817949e-01	0.000000000000000000e+00
4.398977985692470449e-01	6.774499130145817949e-01	0.000000000000000000e+00
4.398977985692470449e-01	6.774499130145817949e-01	0.000000000000000000e+00
4.398977985692470449e-01	6.774499130145817949e-01	0.000000000000000000e+00
4.398977985692470449e-01	6.774499130145817949e-01	0.000000000000000000e+00
4.398977985692470449e-01	6.774499130145817949e-01	0.000000000000000000e+00
4.398977985692470449e-01	5.853668577268349438e-01	0.000000000000000000e+00
4.398977985692470449e-01	5.853668577268349438e-01	0.000000000000000000e+00
4.398977985692470449e-01	5.853668577268349438e-01	0.000000000000000000e+00
4.398977985692470449e-01	5.853668577268349438e-01	0.000000000000000000e+00
4.398977985692470449e-01	5.853668577268349438e-01	0.000000000000000000e+00
4.398977985692470449e-01	5.853668577268349438e-01	0.000000000000000000e+00
4.398977985692470449e-01	5.853668577268349438e-01	0.000000000000000000e+00
4.398977985692470449e-01	5.853668577268349438e-01	0.000000000000000000e+00
4.398977985692470449e-01	6.273804693876006144e-01	0.000000000000000000e+00
4.398977985692470449e-01	6.273804693876006144e-01	0.000000000000000000e+00
4.398977985692470449e-01	6.273804693876006144e-01	0.000000000000000000e+00
4.398977985692470449e-01	6.273804693876006144e-01	0.000000000000000000e+00
6.345703744702886340e-01	4.057027562960217604e-01	0.000000000000000000e+00
6.345703744702886340e-01	4.057027562960217604e-01	0.000000000000000000e+00
6.345703744702886340e-01	4.057027562960217604e-01	0.000000000000000000e+00
6.345339683015362997e-01	3.998613440482162162e-01	0.000000000000000000e+00
6.345339683015362997e-01	3.998613440482162162e-01	0.000000000000000000e+00
6.345339683015362997e-01	3.998613440482162162e-01	0.000000000000000000e+00
6.345339683015362997e-01	3.998613440482162162e-01	0.000000000000000000e+00
6.345339683015362997e-01	3.998613440482162162e-01	0.000000000000000000e+00
6.345339683015362997e-01	3.998613440482162162e-01	0.000000000000000000e+00
6.345339683015362997e-01	3.998613440482162162e-01	0.000000000000000000e+00
6.345339683015362997e-01	3.998613440482162162e-01	0.000000000000000000e+00
6.345339683015362997e-01	3.190845685625676720e-01	0.000000000000000000e+00
6.345339683015362997e-01	3.190845685625676720e-01	0.000000000000000000e+00
6.345339683015362997e-01	3.190845685625676720e-01	0.000000000000000000e+00
6.345339683015362997e-01	3.190845685625676720e-01	0.000000000000000000e+00
6.345339683015362997e-01	3.190845685625676720e-01	0.000000000000000000e+00
6.345339683015362997e-01	3.190845685625676720e-01	0.000000000000000000e+00
6.345339683015362997e-01	3.190845685625676720e-01	0.000000000000000000e+00
6.345339683015362997e-01	3.190845685625676720e-01	0.000000000000000000e+00
6.361479751162195662e-01	3.569489217037212225e-01	0.000000000000000000e+00
6.361479751162195662e-01	3.569489217037212225e-01	0.000000000000000000e+00
6.361479751162195662e-01	3.569489217037212225e-01	0.000000000000000000e+00
6.365969845308306896e-01	3.287127525078061274e-01	0.000000000000000000e+00
6.365969845308306896e-01	3.287127525078061274e-01	0.000000000000000000e+00
6.365969845308306896e-01	3.287127525078061274e-01	0.000000000000000000e+00
6.379076066059119476e-01	2.390885131140929043e-01	0.000000000000000000e+00
6.379076066059119476e-01	2.390885131140929043e-01	0.000000000000000000e+00
6.379076066059119476e-01	2.390885131140929043e-01	0.000000000000000000e+00
6.379076066059119476e-01	2.390885131140929043e-01	0.000000000000000000e+00
6.379076066059119476e-01	2.390885131140929043e-01	0.000000000000000000e+00
6.379076066059119476e-01	2.449748069602281364e-01	0.000000000000000000e+00
6.379076066059119476e-01	2.449748069602281364e-01	0.000000000000000000e+00
6.379076066059119476e-01	2.449748069602281364e-01	0.000000000000000000e+00
6.379076066059119476e-01	2.502049683707715522e-01	0.000000000000000000e+00
6.379076066059119476e-01	2.502049683707715522e-01	0.000000000000000000e+00
6.400434351727107840e-01	2.370401096349411263e-01	0.000000000000000000e+00
6.400434351727107840e-01	2.370401096349411263e-01	0.000000000000000000e+00
6.400434351727107840e-01	2.370401096349411263e-01	0.000000000000000000e+00
6.411113494561102577e-01	2.310028870266130629e-01	0.000000000000000000e+00
