0.000000000000000000e+00	2.304319943950688288e+00	0.000000000000000000e+00
8.705458292081517946e-03	1.904196058385623669e+00	0.000000000000000000e+00
2.146173794927210693e-02	1.697094347785040425e+00	0.000000000000000000e+00
2.146173794927210693e-02	1.697094347785040425e+00	0.000000000000000000e+00
6.154202360643400149e-02	1.494996672877691779e+00	0.000000000000000000e+00
6.154202360643400149e-02	1.491289086785007711e+00	0.000000000000000000e+00
8.826221404454193120e-02	1.399778158875712775e+00	0.000000000000000000e+00
8.826221404454193120e-02	1.399778158875712775e+00	0.000000000000000000e+00
8.826221404454193120e-02	1.399778158875712775e+00	0.000000000000000000e+00
8.826221404454193120e-02	1.399778158875712775e+00	0.000000000000000000e+00
8.826221404454193120e-02	1.399778158875712775e+00	0.000000000000000000e+00
8.826221404454193120e-02	1.448530167328284435e+00	0.000000000000000000e+00
1.858318948670737991e-01	1.344315187708531090e+00	0.000000000000000000e+00
1.953677599777629559e-01	1.330033789062510241e+00	0.000000000000000000e+00
2.024150824405960003e-01	1.252046323672111550e+00	0.000000000000000000e+00
2.077251130984282823e-01	1.210578515478295758e+00	0.000000000000000000e+00
2.188317973330581867e-01	1.149516784440708816e+00	0.000000000000000000e+00
2.214868126619743138e-01	1.113714283277445150e+00	0.000000000000000000e+00
2.290943106113317862e-01	1.029403001125826389e+00	0.000000000000000000e+00
2.290943106113317862e-01	1.029403001125826389e+00	0.000000000000000000e+00
2.420118392185215406e-01	7.915556052176434543e-01	0.000000000000000000e+00
2.372888131515817345e-01	7.684648336573649541e-01	0.000000000000000000e+00
2.372888131515817345e-01	7.684648336573649541e-01	0.000000000000000000e+00
2.372888131515817345e-01	7.684648336573649541e-01	0.000000000000000000e+00
2.372888131515817345e-01	7.684648336573649541e-01	0.000000000000000000e+00
2.372888131515817345e-01	7.684648336573649541e-01	0.000000000000000000e+00
2.521845107473149605e-01	7.601893038344929021e-01	0.000000000000000000e+00
2.521845107473149605e-01	7.601893038344929021e-01	0.000000000000000000e+00
2.521845107473149605e-01	7.601893038344929021e-01	0.000000000000000000e+00
2.521845107473149605e-01	7.601893038344929021e-01	0.000000000000000000e+00
2.521845107473149605e-01	7.601893038344929021e-01	0.000000000000000000e+00
2.521845107473149605e-01	7.601893038344929021e-01	0.000000000000000000e+00
2.521845107473149605e-01	7.466034512327617279e-01	0.000000000000000000e+00
2.521845107473149605e-01	7.466034512327617279e-01	0.000000000000000000e+00
2.521845107473149605e-01	7.214904600171359039e-01	0.000000000000000000e+00
2.521845107473149605e-01	7.214904600171359039e-01	0.000000000000000000e+00
2.521845107473149605e-01	7.214904600171359039e-01	0.000000000000000000e+00
2.521845107473149605e-01	7.214904600171359039e-01	0.000000000000000000e+00
2.521845107473149605e-01	7.214904600171359039e-01	0.000000000000000000e+00
4.398977985692470449e-01	3.275743792247074460e-01	0.000000000000000000e+00
4.398977985692470449e-01	3.320362618856809167e-01	0.000000000000000000e+00
4.398977985692470449e-01	3.255422654910543612e-01	0.000000000000000000e+00
4.398977985692470449e-01	3.255422654910543612e-01	0.000000000000000000e+00
4.398977985692470449e-01	3.255422654910543612e-01	0.000000000000000000e+00
4.398977985692470449e-01	3.255422654910543612e-01	0.000000000000000000e+00
4.398977985692470449e-01	3.255422654910543612e-01	0.000000000000000000e+00
4.398977985692470449e-01	3.255422654910543612e-01	0.000000000000000000e+00
4.398977985692470449e-01	3.255422654910543612e-01	0.000000000000000000e+00
4.398977985692470449e-01	3.255422654910543612e-01	0.000000000000000000e+00
4.398977985692470449e-01	3.275743792247074460e-01	0.000000000000000000e+00
4.398977985692470449e-01	3.830957137693626890e-01	0.000000000000000000e+00
4.398977985692470449e-01	3.830957137693626890e-01	0.000000000000000000e+00
4.398977985692470449e-01	3.830957137693626890e-01	0.000000000000000000e+00
4.398977985692470449e-01	3.830957137693626890e-01	0.000000000000000000e+00
4.398977985692470449e-01	3.830957137693626890e-01	0.000000000000000000e+00
4.398977985692470449e-01	3.465288580917388894e-01	0.000000000000000000e+00
4.398977985692470449e-01	3.465288580917388894e-01	0.000000000000000000e+00
4.398977985692470449e-01	3.465288580917388894e-01	0.000000000000000000e+00
4.398977985692470449e-01	3.465288580917388894e-01	0.000000000000000000e+00
4.398977985692470449e-01	3.465288580917388894e-01	0.000000000000000000e+00
4.398977985692470449e-01	3.465288580917388894e-01	0.000000000000000000e+00
4.398977985692470449e-01	3.465288580917388894e-01	0.000000000000000000e+00
4.398977985692470449e-01	3.510938718795265645e-01	0.000000000000000000e+00
4.398977985692470449e-01	3.510938718795265645e-01	0.000000000000000000e+00
4.398977985692470449e-01	3.510938718795265645e-01	0.000000000000000000e+00
6.309798871828958822e-01	2.039050823811829061e-01	0.000000000000000000e+00
6.309798871828958822e-01	2.039050823811829061e-01	0.000000000000000000e+00
6.309798871828958822e-01	1.959922110290603092e-01	0.000000000000000000e+00
6.309798871828958822e-01	1.959922110290603092e-01	0.000000000000000000e+00
6.309798871828958822e-01	1.961114019796310892e-01	0.000000000000000000e+00
6.309798871828958822e-01	1.961114019796310892e-01	0.000000000000000000e+00
6.309798871828958822e-01	1.961114019796310892e-01	0.000000000000000000e+00
6.309798871828958822e-01	1.961114019796310892e-01	0.000000000000000000e+00
6.309798871828958822e-01	1.961114019796310892e-01	0.000000000000000000e+00
6.309798871828958822e-01	1.961114019796310892e-01	0.000000000000000000e+00
6.309798871828958822e-01	1.961114019796310892e-01	0.000000000000000000e+00
6.309798871828958822e-01	1.961114019796310892e-01	0.000000000000000000e+00
6.309798871828958822e-01	2.021577613057662925e-01	0.000000000000000000e+00
6.318455860245284494e-01	1.724627935399695167e-01	0.000000000000000000e+00
6.318455860245284494e-01	1.724627935399695167e-01	0.000000000000000000e+00
6.318455860245284494e-01	1.441995717162051771e-01	0.000000000000000000e+00
6.318455860245284494e-01	1.441995717162051771e-01	0.000000000000000000e+00
6.327112848661611277e-01	1.315462423191320618e-01	0.000000000000000000e+00
6.327112848661611277e-01	1.315462423191320618e-01	0.000000000000000000e+00
6.327112848661611277e-01	1.315462423191320618e-01	0.000000000000000000e+00
6.379675181703523545e-01	8.414791205606558799e-02	0.000000000000000000e+00
6.379675181703523545e-01	8.414791205606558799e-02	0.000000000000000000e+00
6.405956348224478569e-01	3.545548379657049304e-02	0.000000000000000000e+00
6.405956348224478569e-01	3.545548379657049304e-02	0.000000000000000000e+00
6.405956348224478569e-01	3.545548379657049304e-02	0.000000000000000000e+00
6.405956348224478569e-01	3.545548379657049304e-02	0.000000000000000000e+00
6.432237514745434703e-01	3.185889750859485087e-02	0.000000000000000000e+00
6.432237514745434703e-01	3.185889750859485087e-02	0.000000000000000000e+00
6.432237514745434703e-01	3.185889750859485087e-02	0.000000000000000000e+00
6.432237514745434703e-01	3.185889750859485087e-02	0.000000000000000000e+00
6.432237514745434703e-01	3.185889750859485087e-02	0.000000000000000000e+00
6.432237514745434703e-01	3.185889750859485087e-02	0.000000000000000000e+00
6.432237514745434703e-01	3.185889750859485087e-02	0.000000000000000000e+00
6.432237514745434703e-01	2.705292913466311039e-02	0.000000000000000000e+00
6.432237514745434703e-01	2.642520586523287168e-02	0.000000000000000000e+00
