0.000000000000000000e+00	1.035665020578572681e+00	0.000000000000000000e+00
1.350692945442211537e-02	9.003824710202913417e-01	0.000000000000000000e+00
2.346201466036680269e-02	8.460626267988026195e-01	0.000000000000000000e+00
3.688877363398465614e-02	8.027897005955967336e-01	0.000000000000000000e+00
4.569144696214320206e-02	7.461634639313028394e-01	0.000000000000000000e+00
5.365025420019289837e-02	7.209139192703013510e-01	0.000000000000000000e+00
6.739186198869182021e-02	6.947658284334615741e-01	0.000000000000000000e+00
7.769806783006601159e-02	6.767156972823324956e-01	0.000000000000000000e+00
8.113346977719074204e-02	6.708989934270708222e-01	0.000000000000000000e+00
8.113346977719074204e-02	6.708989934270708222e-01	0.000000000000000000e+00
8.113346977719074204e-02	6.708989934270708222e-01	0.000000000000000000e+00
8.113346977719074204e-02	6.708989934270708222e-01	0.000000000000000000e+00
8.113346977719074204e-02	6.708989934270708222e-01	0.000000000000000000e+00
8.113346977719074204e-02	6.708989934270708222e-01	0.000000000000000000e+00
8.113346977719074204e-02	6.708989934270708222e-01	0.000000000000000000e+00
8.113346977719074204e-02	6.708989934270708222e-01	0.000000000000000000e+00
1.914764772847127872e-01	6.303712412151285527e-01	0.000000000000000000e+00
2.096207434447910356e-01	5.183222892303638307e-01	0.000000000000000000e+00
2.096207434447910356e-01	5.183222892303638307e-01	0.000000000000000000e+00
2.096207434447910356e-01	4.998210684465385634e-01	0.000000000000000000e+00
2.140024181310502815e-01	4.631359399983693836e-01	0.000000000000000000e+00
2.301192824591698216e-01	3.439455791685350761e-01	0.000000000000000000e+00
2.301192824591698216e-01	3.439455791685350761e-01	0.000000000000000000e+00
2.301192824591698216e-01	3.439455791685350761e-01	0.000000000000000000e+00
2.444498562003233899e-01	2.717149637420641084e-01	0.000000000000000000e+00
2.444498562003233899e-01	2.717149637420641084e-01	0.000000000000000000e+00
2.444498562003233899e-01	2.717149637420641084e-01	0.000000000000000000e+00
2.444498562003233899e-01	2.717149637420641084e-01	0.000000000000000000e+00
2.481498576186749461e-01	2.572457571653152253e-01	0.000000000000000000e+00
2.603010785850838893e-01	2.431988036671459963e-01	0.000000000000000000e+00
2.603010785850838893e-01	2.430280396363291573e-01	0.000000000000000000e+00
2.603010785850838893e-01	2.430280396363291573e-01	0.000000000000000000e+00
2.603010785850838893e-01	2.430280396363291573e-01	0.000000000000000000e+00
2.603010785850838893e-01	2.430280396363291573e-01	0.000000000000000000e+00
2.603010785850838893e-01	2.430280396363291573e-01	0.000000000000000000e+00
2.603010785850838893e-01	2.430280396363291573e-01	0.000000000000000000e+00
2.603010785850838893e-01	2.430280396363291573e-01	0.000000000000000000e+00
2.603010785850838893e-01	2.430280396363291573e-01	0.000000000000000000e+00
4.168551135423435583e-01	1.816824002365228508e-01	0.000000000000000000e+00
4.168551135423435583e-01	1.816824002365228508e-01	0.000000000000000000e+00
4.168551135423435583e-01	1.676575116048793224e-01	0.000000000000000000e+00
4.215484846121918538e-01	1.385803492402750137e-01	0.000000000000000000e+00
4.215484846121918538e-01	1.385803492402750137e-01	0.000000000000000000e+00
4.215484846121918538e-01	1.385803492402750137e-01	0.000000000000000000e+00
4.335679815701162232e-01	-5.718112492163881719e-03	0.000000000000000000e+00
4.335679815701162232e-01	-5.718112492163881719e-03	0.000000000000000000e+00
4.335679815701162232e-01	-5.718112492163881719e-03	0.000000000000000000e+00
4.335679815701162232e-01	-5.718112492163881719e-03	0.000000000000000000e+00
4.335679815701162232e-01	-5.718112492163881719e-03	0.000000000000000000e+00
4.335679815701162232e-01	-5.718112492163881719e-03	0.000000000000000000e+00
4.345416000690024982e-01	-1.558956529250738257e-02	0.000000000000000000e+00
4.345416000690024982e-01	-1.558956529250738257e-02	0.000000000000000000e+00
4.345416000690024982e-01	-1.558956529250738257e-02	0.000000000000000000e+00
4.345416000690024982e-01	-1.558956529250738257e-02	0.000000000000000000e+00
4.352024948307425811e-01	-2.317234019721844257e-02	0.000000000000000000e+00
4.355152185678887733e-01	-3.416331667490757340e-02	0.000000000000000000e+00
4.375667499535749183e-01	-4.818998015740796198e-02	0.000000000000000000e+00
4.520246532904129699e-01	-9.945230934817952950e-02	0.000000000000000000e+00
4.520246532904129699e-01	-9.945230934817952950e-02	0.000000000000000000e+00
4.520246532904129699e-01	-9.945230934817952950e-02	0.000000000000000000e+00
4.520246532904129699e-01	-9.945230934817952950e-02	0.000000000000000000e+00
4.520246532904129699e-01	-9.945230934817952950e-02	0.000000000000000000e+00
4.520246532904129699e-01	-1.053698346090961024e-01	0.000000000000000000e+00
4.520246532904129699e-01	-1.053698346090961024e-01	0.000000000000000000e+00
4.520246532904129699e-01	-1.053698346090961024e-01	0.000000000000000000e+00
4.536061898602732345e-01	-1.042585120234042068e-01	0.000000000000000000e+00
6.544748625360539140e-01	-4.310571012603958696e-01	0.000000000000000000e+00
6.544748625360539140e-01	-4.053046350113012064e-01	0.000000000000000000e+00
6.544748625360539140e-01	-4.053046350113012064e-01	0.000000000000000000e+00
6.544748625360539140e-01	-4.053046350113012064e-01	0.000000000000000000e+00
6.544748625360539140e-01	-4.053046350113012064e-01	0.000000000000000000e+00
6.544748625360539140e-01	-4.053046350113012064e-01	0.000000000000000000e+00
6.544748625360539140e-01	-4.053046350113012064e-01	0.000000000000000000e+00
6.544748625360539140e-01	-4.053046350113012064e-01	0.000000000000000000e+00
6.544748625360539140e-01	-4.053046350113012064e-01	0.000000000000000000e+00
6.544748625360539140e-01	-4.143701996923912501e-01	0.000000000000000000e+00
6.544748625360539140e-01	-4.143701996923912501e-01	0.000000000000000000e+00
6.544748625360539140e-01	-4.141428039208071565e-01	0.000000000000000000e+00
6.544748625360539140e-01	-4.141428039208071565e-01	0.000000000000000000e+00
6.544748625360539140e-01	-4.141428039208071565e-01	0.000000000000000000e+00
6.544748625360539140e-01	-4.141428039208071565e-01	0.000000000000000000e+00
6.544748625360539140e-01	-4.141428039208071565e-01	0.000000000000000000e+00
6.544748625360539140e-01	-4.141428039208071565e-01	0.000000000000000000e+00
6.544748625360539140e-01	-4.141428039208071565e-01	0.000000000000000000e+00
6.544748625360539140e-01	-4.141428039208071565e-01	0.000000000000000000e+00
6.544748625360539140e-01	-4.125471920757018962e-01	0.000000000000000000e+00
6.544748625360539140e-01	-4.125471920757018962e-01	0.000000000000000000e+00
6.544748625360539140e-01	-4.099229647674995647e-01	0.000000000000000000e+00
6.544748625360539140e-01	-4.070566124919475226e-01	0.000000000000000000e+00
6.544748625360539140e-01	-4.070566124919475226e-01	0.000000000000000000e+00
6.544748625360539140e-01	-4.070566124919475226e-01	0.000000000000000000e+00
6.544748625360539140e-01	-4.070566124919475226e-01	0.000000000000000000e+00
6.544748625360539140e-01	-4.070566124919475226e-01	0.000000000000000000e+00
6.544748625360539140e-01	-4.070566124919475226e-01	0.000000000000000000e+00
6.544748625360539140e-01	-4.070566124919475226e-01	0.000000000000000000e+00
6.544748625360539140e-01	-4.070566124919475226e-01	0.000000000000000000e+00
6.544748625360539140e-01	-4.079325643588482264e-01	0.000000000000000000e+00
6.544748625360539140e-01	-4.079325643588482264e-01	0.000000000000000000e+00
6.363411392271758338e-01	-3.498333527192583059e-01	0.000000000000000000e+00
6.363411392271758338e-01	-3.498333527192583059e-01	0.000000000000000000e+00
