0.000000000000000000e+00	1.299797659128464344e+00	0.000000000000000000e+00
1.350692945442211537e-02	1.034693609272937742e+00	0.000000000000000000e+00
2.583195288897186317e-02	9.205997518147532865e-01	0.000000000000000000e+00
3.117557531193723697e-02	8.336316107078590720e-01	0.000000000000000000e+00
4.364958550151078198e-02	8.194039468411903337e-01	0.000000000000000000e+00
4.364958550151078198e-02	8.194039468411903337e-01	0.000000000000000000e+00
6.829963237061027759e-02	7.290725954342346382e-01	0.000000000000000000e+00
6.829963237061027759e-02	7.290725954342346382e-01	0.000000000000000000e+00
8.365226029623924753e-02	7.085666469729626771e-01	0.000000000000000000e+00
8.365226029623924753e-02	7.085666469729626771e-01	0.000000000000000000e+00
8.365226029623924753e-02	7.085666469729626771e-01	0.000000000000000000e+00
8.365226029623924753e-02	7.085666469729626771e-01	0.000000000000000000e+00
8.365226029623924753e-02	7.085666469729626771e-01	0.000000000000000000e+00
8.365226029623924753e-02	7.085666469729626771e-01	0.000000000000000000e+00
8.365226029623924753e-02	7.085666469729626771e-01	0.000000000000000000e+00
8.365226029623924753e-02	7.085666469729626771e-01	0.000000000000000000e+00
8.365226029623924753e-02	7.092882080762142882e-01	0.000000000000000000e+00
2.023633636506824152e-01	5.707519203154243215e-01	0.000000000000000000e+00
2.023633636506824152e-01	5.707519203154243215e-01	0.000000000000000000e+00
2.023633636506824152e-01	5.656023943815657873e-01	0.000000000000000000e+00
2.123732867954699621e-01	4.948531925854533497e-01	0.000000000000000000e+00
2.123732867954699621e-01	4.948531925854533497e-01	0.000000000000000000e+00
2.163267554139435278e-01	4.659070557615512254e-01	0.000000000000000000e+00
2.223832099402575091e-01	4.341810003498587367e-01	0.000000000000000000e+00
2.240412936199708271e-01	4.202834132257209365e-01	0.000000000000000000e+00
2.284396644665714904e-01	3.913004933930971929e-01	0.000000000000000000e+00
2.361376366616295408e-01	3.476209389944733275e-01	0.000000000000000000e+00
2.361376366616295408e-01	3.476209389944733275e-01	0.000000000000000000e+00
2.395616005711813656e-01	3.224297097343763463e-01	0.000000000000000000e+00
2.460988930588352830e-01	2.856668533942565702e-01	0.000000000000000000e+00
2.460988930588352830e-01	2.855127707162256612e-01	0.000000000000000000e+00
2.490634640838283453e-01	2.674866344108873806e-01	0.000000000000000000e+00
2.535103206213179527e-01	2.591144170487988396e-01	0.000000000000000000e+00
2.535103206213179527e-01	2.591144170487988396e-01	0.000000000000000000e+00
2.535103206213179527e-01	2.589426183598807496e-01	0.000000000000000000e+00
2.535103206213179527e-01	2.589426183598807496e-01	0.000000000000000000e+00
2.535103206213179527e-01	2.589426183598807496e-01	0.000000000000000000e+00
2.535103206213179527e-01	2.589426183598807496e-01	0.000000000000000000e+00
2.535103206213179527e-01	2.589426183598807496e-01	0.000000000000000000e+00
2.535103206213179527e-01	2.589426183598807496e-01	0.000000000000000000e+00
2.535103206213179527e-01	2.589426183598807496e-01	0.000000000000000000e+00
2.535103206213179527e-01	2.589426183598807496e-01	0.000000000000000000e+00
2.520280351088214355e-01	2.602523472595143494e-01	0.000000000000000000e+00
2.520280351088214355e-01	2.602523472595143494e-01	0.000000000000000000e+00
4.201793389391916822e-01	1.456686652208880883e-01	0.000000000000000000e+00
4.201793389391916822e-01	1.456686652208880883e-01	0.000000000000000000e+00
4.201793389391916822e-01	1.456686652208880883e-01	0.000000000000000000e+00
4.209204816954399409e-01	1.438351134775343598e-01	0.000000000000000000e+00
4.209204816954399409e-01	1.438351134775343598e-01	0.000000000000000000e+00
4.209204816954399409e-01	1.438351134775343598e-01	0.000000000000000000e+00
4.283409522123043933e-01	1.119554191271812937e-01	0.000000000000000000e+00
4.283409522123043933e-01	1.119554191271812937e-01	0.000000000000000000e+00
4.326148775648537281e-01	4.534936491433010780e-02	0.000000000000000000e+00
4.326148775648537281e-01	4.534936491433010780e-02	0.000000000000000000e+00
4.326148775648537281e-01	4.534936491433010780e-02	0.000000000000000000e+00
4.326148775648537281e-01	4.534936491433010780e-02	0.000000000000000000e+00
4.326148775648537281e-01	4.534936491433010780e-02	0.000000000000000000e+00
4.338175787688871576e-01	3.339154228991763479e-02	0.000000000000000000e+00
4.373886191697690107e-01	2.364204273236196474e-02	0.000000000000000000e+00
4.373886191697690107e-01	1.090304525444820219e-02	0.000000000000000000e+00
4.414248028714405359e-01	-2.005401940424474116e-02	0.000000000000000000e+00
4.414248028714405359e-01	-2.005401940424474116e-02	0.000000000000000000e+00
4.414248028714405359e-01	-2.005401940424474116e-02	0.000000000000000000e+00
4.478293257699604846e-01	-4.721335150155914206e-02	0.000000000000000000e+00
4.478293257699604846e-01	-4.721335150155914206e-02	0.000000000000000000e+00
4.478293257699604846e-01	-5.887091833678935460e-02	0.000000000000000000e+00
4.478293257699604846e-01	-6.669724271395587045e-02	0.000000000000000000e+00
4.478293257699604846e-01	-6.669724271395587045e-02	0.000000000000000000e+00
4.478293257699604846e-01	-6.669724271395587045e-02	0.000000000000000000e+00
4.478293257699604846e-01	-6.669724271395587045e-02	0.000000000000000000e+00
4.478293257699604846e-01	-6.669724271395587045e-02	0.000000000000000000e+00
4.478293257699604846e-01	-6.669724271395587045e-02	0.000000000000000000e+00
4.478293257699604846e-01	-6.669724271395587045e-02	0.000000000000000000e+00
4.478293257699604846e-01	-6.669724271395587045e-02	0.000000000000000000e+00
6.239569375756403025e-01	-1.321152476377755736e-01	0.000000000000000000e+00
6.239569375756403025e-01	-1.321152476377755736e-01	0.000000000000000000e+00
6.239569375756403025e-01	-1.321152476377755736e-01	0.000000000000000000e+00
6.239569375756403025e-01	-1.321152476377755736e-01	0.000000000000000000e+00
6.239569375756403025e-01	-1.321152476377755736e-01	0.000000000000000000e+00
6.239569375756403025e-01	-1.335207501979651934e-01	0.000000000000000000e+00
6.255628753700923639e-01	-1.655855821687740037e-01	0.000000000000000000e+00
6.255628753700923639e-01	-1.655855821687740037e-01	0.000000000000000000e+00
6.255628753700923639e-01	-1.655855821687740037e-01	0.000000000000000000e+00
6.255628753700923639e-01	-1.655855821687740037e-01	0.000000000000000000e+00
6.271688131645444253e-01	-1.765559525897842930e-01	0.000000000000000000e+00
6.287747509589964867e-01	-1.954825852722231194e-01	0.000000000000000000e+00
6.287747509589964867e-01	-1.954825852722231194e-01	0.000000000000000000e+00
6.332352394451240540e-01	-2.478284856946923742e-01	0.000000000000000000e+00
6.332352394451240540e-01	-2.478284856946923742e-01	0.000000000000000000e+00
6.332352394451240540e-01	-2.478284856946923742e-01	0.000000000000000000e+00
6.332352394451240540e-01	-2.478284856946923742e-01	0.000000000000000000e+00
6.332352394451240540e-01	-2.369200156703313298e-01	0.000000000000000000e+00
6.332352394451240540e-01	-2.369200156703313298e-01	0.000000000000000000e+00
6.332352394451240540e-01	-2.463357050741278309e-01	0.000000000000000000e+00
6.343456696934128836e-01	-2.649163356187335117e-01	0.000000000000000000e+00
6.343456696934128836e-01	-2.649163356187335117e-01	0.000000000000000000e+00
6.343456696934128836e-01	-2.649163356187335117e-01	0.000000000000000000e+00
6.347158131095090861e-01	-2.770285649305522790e-01	0.000000000000000000e+00
6.347158131095090861e-01	-2.770285649305522790e-01	0.000000000000000000e+00
6.356411716497496478e-01	-2.825050960909877840e-01	0.000000000000000000e+00
