0.000000000000000000e+00	3.025600612880993356e+00	0.000000000000000000e+00
1.744564811075870192e-02	2.598428021656558062e+00	0.000000000000000000e+00
3.489129622151739690e-02	2.367332986749425494e+00	0.000000000000000000e+00
3.489129622151739690e-02	2.367332986749425494e+00	0.000000000000000000e+00
5.699381119420472708e-02	2.114548576088062681e+00	0.000000000000000000e+00
5.699381119420472708e-02	2.114548576088062681e+00	0.000000000000000000e+00
7.909632616689205031e-02	2.045919821874196298e+00	0.000000000000000000e+00
7.909632616689205031e-02	2.045919821874196298e+00	0.000000000000000000e+00
7.909632616689205031e-02	2.045919821874196298e+00	0.000000000000000000e+00
7.909632616689205031e-02	2.045919821874196298e+00	0.000000000000000000e+00
7.909632616689205031e-02	2.045919821874196298e+00	0.000000000000000000e+00
7.909632616689205031e-02	2.045919821874196298e+00	0.000000000000000000e+00
1.886243628244287374e-01	1.969117080865778746e+00	0.000000000000000000e+00
1.886243628244287374e-01	1.942927317811775856e+00	0.000000000000000000e+00
2.001360087962469336e-01	1.824437499730660495e+00	0.000000000000000000e+00
2.001360087962469336e-01	1.824437499730660495e+00	0.000000000000000000e+00
2.172896653840951098e-01	1.719244625871754195e+00	0.000000000000000000e+00
2.172896653840951098e-01	1.719244625871754195e+00	0.000000000000000000e+00
2.403129573277315023e-01	1.591500570746227305e+00	0.000000000000000000e+00
2.403129573277315023e-01	1.591500570746227305e+00	0.000000000000000000e+00
2.403129573277315023e-01	1.591500570746227305e+00	0.000000000000000000e+00
2.403129573277315023e-01	1.591500570746227305e+00	0.000000000000000000e+00
2.594101831814408232e-01	1.519178630463670965e+00	0.000000000000000000e+00
2.636540111489317773e-01	1.512899999400759032e+00	0.000000000000000000e+00
2.594101831814408232e-01	1.519178630463670965e+00	0.000000000000000000e+00
2.594101831814408232e-01	1.519178630463670965e+00	0.000000000000000000e+00
2.594101831814408232e-01	1.519178630463670965e+00	0.000000000000000000e+00
2.594101831814408232e-01	1.519178630463670965e+00	0.000000000000000000e+00
2.594101831814408232e-01	1.519178630463670965e+00	0.000000000000000000e+00
2.594101831814408232e-01	1.525330867006531310e+00	0.000000000000000000e+00
2.594101831814408232e-01	1.533233658162175939e+00	0.000000000000000000e+00
2.594101831814408232e-01	1.533774808268035805e+00	0.000000000000000000e+00
2.594101831814408232e-01	1.536606583419507066e+00	0.000000000000000000e+00
4.399197464652104261e-01	1.149222271823985952e+00	0.000000000000000000e+00
4.399197464652104261e-01	1.149222271823985952e+00	0.000000000000000000e+00
4.399197464652104261e-01	1.149222271823985952e+00	0.000000000000000000e+00
4.399197464652104261e-01	1.149222271823985952e+00	0.000000000000000000e+00
4.399197464652104261e-01	1.149222271823985952e+00	0.000000000000000000e+00
4.398977985692470449e-01	1.097838719649883998e+00	0.000000000000000000e+00
4.398977985692470449e-01	1.097838719649883998e+00	0.000000000000000000e+00
4.398977985692470449e-01	1.097838719649883998e+00	0.000000000000000000e+00
4.398977985692470449e-01	1.097838719649883998e+00	0.000000000000000000e+00
4.398977985692470449e-01	1.097838719649883998e+00	0.000000000000000000e+00
4.398977985692470449e-01	1.097838719649883998e+00	0.000000000000000000e+00
4.398977985692470449e-01	1.097838719649883998e+00	0.000000000000000000e+00
4.398977985692470449e-01	1.097838719649883998e+00	0.000000000000000000e+00
4.399051145345681535e-01	1.092704528457452584e+00	0.000000000000000000e+00
4.399051145345681535e-01	1.092704528457452584e+00	0.000000000000000000e+00
4.399051145345681535e-01	1.092704528457452584e+00	0.000000000000000000e+00
4.399051145345681535e-01	1.067304906067139791e+00	0.000000000000000000e+00
4.399051145345681535e-01	1.067304906067139791e+00	0.000000000000000000e+00
4.399051145345681535e-01	1.067304906067139791e+00	0.000000000000000000e+00
4.399051145345681535e-01	1.067304906067139791e+00	0.000000000000000000e+00
4.399051145345681535e-01	1.067304906067139791e+00	0.000000000000000000e+00
4.399051145345681535e-01	1.067304906067139791e+00	0.000000000000000000e+00
4.399051145345681535e-01	1.032801310676377149e+00	0.000000000000000000e+00
4.399051145345681535e-01	1.032801310676377149e+00	0.000000000000000000e+00
4.399051145345681535e-01	1.032801310676377149e+00	0.000000000000000000e+00
4.399051145345681535e-01	1.032801310676377149e+00	0.000000000000000000e+00
4.399051145345681535e-01	1.032801310676377149e+00	0.000000000000000000e+00
4.399051145345681535e-01	1.032801310676377149e+00	0.000000000000000000e+00
4.399051145345681535e-01	1.032801310676377149e+00	0.000000000000000000e+00
6.383534127516827805e-01	6.363705888151556245e-01	0.000000000000000000e+00
6.383534127516827805e-01	6.363705888151556245e-01	0.000000000000000000e+00
6.383534127516827805e-01	6.363705888151556245e-01	0.000000000000000000e+00
6.383534127516827805e-01	6.363705888151556245e-01	0.000000000000000000e+00
6.383534127516827805e-01	6.363705888151556245e-01	0.000000000000000000e+00
6.383534127516827805e-01	6.363705888151556245e-01	0.000000000000000000e+00
6.383534127516827805e-01	6.363705888151556245e-01	0.000000000000000000e+00
6.366242252771783239e-01	7.774430034667304534e-01	0.000000000000000000e+00
6.366242252771783239e-01	7.774430034667304534e-01	0.000000000000000000e+00
6.365028787877393679e-01	8.528837267650981602e-01	0.000000000000000000e+00
6.365028787877393679e-01	8.528837267650981602e-01	0.000000000000000000e+00
6.365028787877393679e-01	8.528837267650981602e-01	0.000000000000000000e+00
6.365635520324588459e-01	8.362490649910577778e-01	0.000000000000000000e+00
6.365635520324588459e-01	8.362490649910577778e-01	0.000000000000000000e+00
6.365635520324588459e-01	8.274767539274830996e-01	0.000000000000000000e+00
6.366848985218978019e-01	7.518922230285317587e-01	0.000000000000000000e+00
6.366848985218978019e-01	7.518922230285317587e-01	0.000000000000000000e+00
6.366848985218978019e-01	7.518922230285317587e-01	0.000000000000000000e+00
6.366848985218978019e-01	7.518922230285317587e-01	0.000000000000000000e+00
6.366848985218978019e-01	7.518922230285317587e-01	0.000000000000000000e+00
6.366848985218978019e-01	7.518922230285317587e-01	0.000000000000000000e+00
6.366848985218978019e-01	7.518922230285317587e-01	0.000000000000000000e+00
6.366848985218978019e-01	7.518922230285317587e-01	0.000000000000000000e+00
6.457403802962755623e-01	7.609776256561266994e-01	0.000000000000000000e+00
6.457403802962755623e-01	7.609776256561266994e-01	0.000000000000000000e+00
6.457403802962755623e-01	7.609776256561266994e-01	0.000000000000000000e+00
6.457403802962755623e-01	7.609776256561266994e-01	0.000000000000000000e+00
6.457403802962755623e-01	7.609776256561266994e-01	0.000000000000000000e+00
6.457403802962755623e-01	7.609776256561266994e-01	0.000000000000000000e+00
6.457403802962755623e-01	7.625602527482150395e-01	0.000000000000000000e+00
6.457403802962755623e-01	7.625602527482150395e-01	0.000000000000000000e+00
6.457403802962755623e-01	7.625602527482150395e-01	0.000000000000000000e+00
6.427218863714829755e-01	7.710722154382009252e-01	0.000000000000000000e+00
6.427218863714829755e-01	7.710722154382009252e-01	0.000000000000000000e+00
6.427218863714829755e-01	7.710722154382009252e-01	0.000000000000000000e+00
6.427218863714829755e-01	7.710722154382009252e-01	0.000000000000000000e+00
6.427218863714829755e-01	7.710722154382009252e-01	0.000000000000000000e+00
6.427218863714829755e-01	7.813532183435473177e-01	0.000000000000000000e+00
