0.000000000000000000e+00	1.022266786855400733e+00	0.000000000000000000e+00
1.350692945442211537e-02	8.869496016584464959e-01	0.000000000000000000e+00
2.346201466036680269e-02	8.460626267988026195e-01	0.000000000000000000e+00
3.688877363398465614e-02	7.918763964359247787e-01	0.000000000000000000e+00
4.569144696214320206e-02	7.461634639313028394e-01	0.000000000000000000e+00
5.365025420019289837e-02	7.209139192703013510e-01	0.000000000000000000e+00
7.103823045834375960e-02	6.794749995097962847e-01	0.000000000000000000e+00
8.113346977719074204e-02	6.706809779571589747e-01	0.000000000000000000e+00
8.113346977719074204e-02	6.706809779571589747e-01	0.000000000000000000e+00
8.113346977719074204e-02	6.706809779571589747e-01	0.000000000000000000e+00
8.113346977719074204e-02	6.706809779571589747e-01	0.000000000000000000e+00
8.113346977719074204e-02	6.706809779571589747e-01	0.000000000000000000e+00
8.113346977719074204e-02	6.706809779571589747e-01	0.000000000000000000e+00
8.113346977719074204e-02	6.706809779571589747e-01	0.000000000000000000e+00
8.113346977719074204e-02	6.706809779571589747e-01	0.000000000000000000e+00
1.914764772847127872e-01	6.227154327684307766e-01	0.000000000000000000e+00
1.983577730216222745e-01	5.685514542257343873e-01	0.000000000000000000e+00
2.032329753812312512e-01	5.427638728066532803e-01	0.000000000000000000e+00
2.096207434447910356e-01	5.003093142742147670e-01	0.000000000000000000e+00
2.143825802919520074e-01	4.721912562872860319e-01	0.000000000000000000e+00
2.181266747533056050e-01	4.245014385166771542e-01	0.000000000000000000e+00
2.218707692146591748e-01	4.136330763212551220e-01	0.000000000000000000e+00
2.293589581373663422e-01	3.582471641361574255e-01	0.000000000000000000e+00
2.334168042737819193e-01	3.374891726611550791e-01	0.000000000000000000e+00
2.374746504101974687e-01	3.029680935657619867e-01	0.000000000000000000e+00
2.440696940394216363e-01	2.806667193063613897e-01	0.000000000000000000e+00
2.442597751198725409e-01	2.655150065680553229e-01	0.000000000000000000e+00
2.523754673927036674e-01	2.471050944741411404e-01	0.000000000000000000e+00
2.576543920054107928e-01	2.423529382960571410e-01	0.000000000000000000e+00
2.561481919084428460e-01	2.429283411763292488e-01	0.000000000000000000e+00
2.561481919084428460e-01	2.429283411763292488e-01	0.000000000000000000e+00
2.603010785850838893e-01	2.430137587632845986e-01	0.000000000000000000e+00
2.603010785850838893e-01	2.430137587632845986e-01	0.000000000000000000e+00
2.603010785850838893e-01	2.430137587632845986e-01	0.000000000000000000e+00
2.603010785850838893e-01	2.430137587632845986e-01	0.000000000000000000e+00
2.603010785850838893e-01	2.430137587632845986e-01	0.000000000000000000e+00
2.603010785850838893e-01	2.430137587632845986e-01	0.000000000000000000e+00
2.603010785850838893e-01	2.430137587632845986e-01	0.000000000000000000e+00
4.145084280074193828e-01	2.124179172818805861e-01	0.000000000000000000e+00
4.168551135423435583e-01	1.692421137911681861e-01	0.000000000000000000e+00
4.168551135423435583e-01	1.664137787929023671e-01	0.000000000000000000e+00
4.215484846121918538e-01	1.178031944983306684e-01	0.000000000000000000e+00
4.215484846121918538e-01	1.178031944983306684e-01	0.000000000000000000e+00
4.215484846121918538e-01	1.147528806564743625e-01	0.000000000000000000e+00
4.238231449775082815e-01	9.180964651973387569e-02	0.000000000000000000e+00
4.258980810742488687e-01	7.375989267880303513e-02	0.000000000000000000e+00
4.270714238417109287e-01	5.681292365690248508e-02	0.000000000000000000e+00
4.291965449299863788e-01	3.917543852707099095e-02	0.000000000000000000e+00
4.312212960351921032e-01	1.526405139552686197e-02	0.000000000000000000e+00
4.335679815701162232e-01	-1.997059759143731197e-03	0.000000000000000000e+00
4.335679815701162232e-01	-8.918394812259011414e-03	0.000000000000000000e+00
4.356893040801856909e-01	-3.060202398281516509e-02	0.000000000000000000e+00
4.387124801277078046e-01	-4.003715858701015901e-02	0.000000000000000000e+00
4.399658108521526390e-01	-4.973213161944550764e-02	0.000000000000000000e+00
4.438569786852993304e-01	-7.098361276874778913e-02	0.000000000000000000e+00
4.438569786852993304e-01	-8.435153033853741433e-02	0.000000000000000000e+00
4.479408159878561779e-01	-9.486795791937008282e-02	0.000000000000000000e+00
4.479408159878561779e-01	-1.029308548376104276e-01	0.000000000000000000e+00
4.520246532904129699e-01	-1.149057038208041309e-01	0.000000000000000000e+00
4.520246532904129699e-01	-1.149057038208041309e-01	0.000000000000000000e+00
4.520246532904129699e-01	-1.149057038208041309e-01	0.000000000000000000e+00
4.520246532904129699e-01	-1.149057038208041309e-01	0.000000000000000000e+00
4.520246532904129699e-01	-1.149057038208041309e-01	0.000000000000000000e+00
4.520246532904129699e-01	-1.149057038208041309e-01	0.000000000000000000e+00
4.520246532904129699e-01	-1.149057038208041309e-01	0.000000000000000000e+00
4.520246532904129699e-01	-1.149057038208041309e-01	0.000000000000000000e+00
4.520246532904129699e-01	-1.149057038208041309e-01	0.000000000000000000e+00
6.544748625360539140e-01	-3.136680012438015641e-01	0.000000000000000000e+00
6.544748625360539140e-01	-3.136680012438015641e-01	0.000000000000000000e+00
6.544748625360539140e-01	-3.136680012438015641e-01	0.000000000000000000e+00
6.544748625360539140e-01	-3.136680012438015641e-01	0.000000000000000000e+00
6.544748625360539140e-01	-3.273890765631139455e-01	0.000000000000000000e+00
6.544748625360539140e-01	-3.273890765631139455e-01	0.000000000000000000e+00
6.544748625360539140e-01	-3.273890765631139455e-01	0.000000000000000000e+00
6.544748625360539140e-01	-3.273890765631139455e-01	0.000000000000000000e+00
6.544748625360539140e-01	-3.273890765631139455e-01	0.000000000000000000e+00
6.544748625360539140e-01	-3.273890765631139455e-01	0.000000000000000000e+00
6.544748625360539140e-01	-3.273890765631139455e-01	0.000000000000000000e+00
6.544748625360539140e-01	-3.273890765631139455e-01	0.000000000000000000e+00
6.544748625360539140e-01	-3.580931676765914951e-01	0.000000000000000000e+00
6.544748625360539140e-01	-3.580931676765914951e-01	0.000000000000000000e+00
6.544748625360539140e-01	-3.829591575405367765e-01	0.000000000000000000e+00
6.544748625360539140e-01	-3.829591575405367765e-01	0.000000000000000000e+00
6.544748625360539140e-01	-3.829591575405367765e-01	0.000000000000000000e+00
6.544748625360539140e-01	-3.829591575405367765e-01	0.000000000000000000e+00
6.544748625360539140e-01	-3.829591575405367765e-01	0.000000000000000000e+00
6.544748625360539140e-01	-3.829591575405367765e-01	0.000000000000000000e+00
6.544748625360539140e-01	-3.829591575405367765e-01	0.000000000000000000e+00
6.516094511861978411e-01	-4.128977780729477520e-01	0.000000000000000000e+00
6.516094511861978411e-01	-4.128977780729477520e-01	0.000000000000000000e+00
6.511318826278884586e-01	-4.289029064764000032e-01	0.000000000000000000e+00
6.511318826278884586e-01	-4.289029064764000032e-01	0.000000000000000000e+00
6.511318826278884586e-01	-4.289029064764000032e-01	0.000000000000000000e+00
6.511318826278884586e-01	-4.289029064764000032e-01	0.000000000000000000e+00
6.511318826278884586e-01	-4.289029064764000032e-01	0.000000000000000000e+00
6.511318826278884586e-01	-4.289029064764000032e-01	0.000000000000000000e+00
6.511318826278884586e-01	-4.289029064764000032e-01	0.000000000000000000e+00
6.511318826278884586e-01	-4.289029064764000032e-01	0.000000000000000000e+00
6.518482354653525324e-01	-4.295528658163037528e-01	0.000000000000000000e+00
6.544748625360539140e-01	-4.341055731732969547e-01	0.000000000000000000e+00
