0.000000000000000000e+00	1.113123894701973482e+00	0.000000000000000000e+00
1.350692945442211537e-02	1.007388689482002553e+00	0.000000000000000000e+00
2.346201466036680269e-02	8.634856521697612530e-01	0.000000000000000000e+00
3.349993004780486838e-02	8.155583440774148984e-01	0.000000000000000000e+00
4.364958550151078198e-02	7.787619526803578607e-01	0.000000000000000000e+00
5.365025420019289837e-02	7.412652190114999984e-01	0.000000000000000000e+00
6.865125724821607989e-02	7.055826897984172064e-01	0.000000000000000000e+00
7.861467925814225044e-02	6.879688473464681264e-01	0.000000000000000000e+00
8.365226029623924753e-02	6.867189321473665675e-01	0.000000000000000000e+00
8.365226029623924753e-02	6.867189321473665675e-01	0.000000000000000000e+00
8.365226029623924753e-02	6.867189321473665675e-01	0.000000000000000000e+00
8.365226029623924753e-02	6.867189321473665675e-01	0.000000000000000000e+00
8.365226029623924753e-02	6.867189321473665675e-01	0.000000000000000000e+00
8.365226029623924753e-02	6.867189321473665675e-01	0.000000000000000000e+00
8.365226029623924753e-02	6.867189321473665675e-01	0.000000000000000000e+00
1.891671336650689039e-01	6.444918947124400610e-01	0.000000000000000000e+00
1.891671336650689039e-01	6.444918947124400610e-01	0.000000000000000000e+00
1.973584020782886417e-01	6.060975083705067989e-01	0.000000000000000000e+00
2.061217514508071058e-01	5.459427033633774684e-01	0.000000000000000000e+00
2.096207434447910356e-01	5.037940208520542695e-01	0.000000000000000000e+00
2.157887087180162533e-01	4.685063355340066127e-01	0.000000000000000000e+00
2.157887087180162533e-01	4.530079069326734542e-01	0.000000000000000000e+00
2.231887115547193656e-01	4.159105245288857722e-01	0.000000000000000000e+00
2.271474421898279639e-01	3.820338922430125961e-01	0.000000000000000000e+00
2.337015569242298085e-01	3.692268596582458096e-01	0.000000000000000000e+00
2.420742471354704883e-01	3.034705429639214525e-01	0.000000000000000000e+00
2.420742471354704883e-01	3.034705429639214525e-01	0.000000000000000000e+00
2.479114751251544624e-01	2.621187684904178750e-01	0.000000000000000000e+00
2.481498576186749461e-01	2.572819604841460328e-01	0.000000000000000000e+00
2.542254681018794038e-01	2.444019629895236578e-01	0.000000000000000000e+00
2.542254681018794038e-01	2.444019629895236578e-01	0.000000000000000000e+00
2.542254681018794038e-01	2.444019629895236578e-01	0.000000000000000000e+00
2.542254681018794038e-01	2.444019629895236578e-01	0.000000000000000000e+00
2.542254681018794038e-01	2.444019629895236578e-01	0.000000000000000000e+00
2.542254681018794038e-01	2.444019629895236578e-01	0.000000000000000000e+00
2.542254681018794038e-01	2.444019629895236578e-01	0.000000000000000000e+00
2.542254681018794038e-01	2.444019629895236578e-01	0.000000000000000000e+00
2.542254681018794038e-01	2.444019629895236578e-01	0.000000000000000000e+00
2.542254681018794038e-01	2.444019629895236578e-01	0.000000000000000000e+00
2.542254681018794038e-01	2.444019629895236578e-01	0.000000000000000000e+00
4.125941702897745200e-01	2.140680972136152493e-01	0.000000000000000000e+00
4.154547602120201577e-01	2.047678055262329155e-01	0.000000000000000000e+00
4.216527050435523449e-01	1.585350962247288331e-01	0.000000000000000000e+00
4.216527050435523449e-01	1.585350962247288331e-01	0.000000000000000000e+00
4.221294700305933123e-01	1.383416620066154623e-01	0.000000000000000000e+00
4.221294700305933123e-01	1.285201897591104481e-01	0.000000000000000000e+00
4.259435899269208847e-01	1.000721290273554609e-01	0.000000000000000000e+00
4.280901829214799892e-01	7.271771286385338151e-02	0.000000000000000000e+00
4.280901829214799892e-01	7.271771286385338151e-02	0.000000000000000000e+00
4.378650157086942385e-01	-2.630682107087960186e-02	0.000000000000000000e+00
4.378650157086942385e-01	-2.611842129921380928e-02	0.000000000000000000e+00
4.378650157086942385e-01	-2.611842129921380928e-02	0.000000000000000000e+00
4.378650157086942385e-01	-2.611842129921380928e-02	0.000000000000000000e+00
4.378650157086942385e-01	-2.611842129921380928e-02	0.000000000000000000e+00
4.378650157086942385e-01	-2.611842129921380928e-02	0.000000000000000000e+00
4.378650157086942385e-01	-2.611842129921380928e-02	0.000000000000000000e+00
4.461608182307309489e-01	-8.124918192371095860e-02	0.000000000000000000e+00
4.461608182307309489e-01	-8.124918192371095860e-02	0.000000000000000000e+00
4.461608182307309489e-01	-8.124918192371095860e-02	0.000000000000000000e+00
4.461608182307309489e-01	-8.124918192371095860e-02	0.000000000000000000e+00
4.471619227542686925e-01	-8.602132675033939690e-02	0.000000000000000000e+00
4.471619227542686925e-01	-8.602132675033939690e-02	0.000000000000000000e+00
4.471619227542686925e-01	-8.602132675033939690e-02	0.000000000000000000e+00
4.471619227542686925e-01	-8.602132675033939690e-02	0.000000000000000000e+00
4.471619227542686925e-01	-8.959844496579177919e-02	0.000000000000000000e+00
4.471619227542686925e-01	-8.959844496579177919e-02	0.000000000000000000e+00
4.471619227542686925e-01	-8.959844496579177919e-02	0.000000000000000000e+00
4.471619227542686925e-01	-9.511121818160105101e-02	0.000000000000000000e+00
4.471619227542686925e-01	-9.511121818160105101e-02	0.000000000000000000e+00
6.228678986987188360e-01	-1.673961770719918363e-01	0.000000000000000000e+00
6.228678986987188360e-01	-1.673961770719918363e-01	0.000000000000000000e+00
6.228678986987188360e-01	-1.673961770719918363e-01	0.000000000000000000e+00
6.228678986987188360e-01	-1.673961770719918363e-01	0.000000000000000000e+00
6.228678986987188360e-01	-1.673961770719918363e-01	0.000000000000000000e+00
6.228678986987188360e-01	-1.673961770719918363e-01	0.000000000000000000e+00
6.250500173512996138e-01	-1.970297687464838132e-01	0.000000000000000000e+00
6.250500173512996138e-01	-1.970297687464838132e-01	0.000000000000000000e+00
6.261356888126061726e-01	-1.994323862543265213e-01	0.000000000000000000e+00
6.294034789264935092e-01	-2.330313037013533317e-01	0.000000000000000000e+00
6.294034789264935092e-01	-2.330313037013533317e-01	0.000000000000000000e+00
6.315855975790742871e-01	-2.574451869595204556e-01	0.000000000000000000e+00
6.315855975790742871e-01	-2.574451869595204556e-01	0.000000000000000000e+00
6.315855975790742871e-01	-2.588762882777200236e-01	0.000000000000000000e+00
6.315855975790742871e-01	-2.588762882777200236e-01	0.000000000000000000e+00
6.315855975790742871e-01	-2.633171021468371231e-01	0.000000000000000000e+00
6.329024227249677725e-01	-2.960998973169998161e-01	0.000000000000000000e+00
6.329024227249677725e-01	-2.960998973169998161e-01	0.000000000000000000e+00
6.329024227249677725e-01	-2.960998973169998161e-01	0.000000000000000000e+00
6.342192478708612580e-01	-3.021373614396711260e-01	0.000000000000000000e+00
6.342192478708612580e-01	-3.093277791856478554e-01	0.000000000000000000e+00
6.353370038242256435e-01	-3.282686105940250676e-01	0.000000000000000000e+00
6.353370038242256435e-01	-3.282686105940250676e-01	0.000000000000000000e+00
6.353370038242256435e-01	-3.282686105940250676e-01	0.000000000000000000e+00
6.353370038242256435e-01	-3.282686105940250676e-01	0.000000000000000000e+00
6.353370038242256435e-01	-3.244611593277634820e-01	0.000000000000000000e+00
6.353370038242256435e-01	-3.244611593277634820e-01	0.000000000000000000e+00
6.353370038242256435e-01	-3.244611593277634820e-01	0.000000000000000000e+00
6.353370038242256435e-01	-3.244611593277634820e-01	0.000000000000000000e+00
6.353370038242256435e-01	-3.244611593277634820e-01	0.000000000000000000e+00
6.353370038242256435e-01	-3.244611593277634820e-01	0.000000000000000000e+00
