0.000000000000000000e+00	1.302678985739169404e+00	0.000000000000000000e+00
1.411793650751608925e-02	1.155665328948592752e+00	0.000000000000000000e+00
2.513327492949203948e-02	1.101281806025004251e+00	0.000000000000000000e+00
2.802480126526071813e-02	1.095786162975146416e+00	0.000000000000000000e+00
5.294700444498130071e-02	9.711367370439234481e-01	0.000000000000000000e+00
5.294700444498130071e-02	9.345379981745947084e-01	0.000000000000000000e+00
6.974539553849461171e-02	8.461023191750390859e-01	0.000000000000000000e+00
6.974539553849461171e-02	8.461023191750390859e-01	0.000000000000000000e+00
8.365226029623924753e-02	8.147726011841637250e-01	0.000000000000000000e+00
8.365226029623924753e-02	8.147726011841637250e-01	0.000000000000000000e+00
8.365226029623924753e-02	8.147726011841637250e-01	0.000000000000000000e+00
8.365226029623924753e-02	8.147726011841637250e-01	0.000000000000000000e+00
8.365226029623924753e-02	8.147726011841637250e-01	0.000000000000000000e+00
8.365226029623924753e-02	8.147726011841637250e-01	0.000000000000000000e+00
8.365226029623924753e-02	8.147726011841637250e-01	0.000000000000000000e+00
8.365226029623924753e-02	8.147726011841637250e-01	0.000000000000000000e+00
2.023633636506824152e-01	7.469814986735001661e-01	0.000000000000000000e+00
2.023633636506824152e-01	7.196302917999758408e-01	0.000000000000000000e+00
2.084236356761499931e-01	6.951055534168000261e-01	0.000000000000000000e+00
2.149081692282426570e-01	6.631756794880134809e-01	0.000000000000000000e+00
2.192497996408521166e-01	6.193584194431621670e-01	0.000000000000000000e+00
2.228674190506985398e-01	5.799059549234982791e-01	0.000000000000000000e+00
2.289363320192503992e-01	5.194188289004758596e-01	0.000000000000000000e+00
2.358364861548838676e-01	4.396323518407558306e-01	0.000000000000000000e+00
2.358364861548838676e-01	4.396323518407558306e-01	0.000000000000000000e+00
2.358364861548838676e-01	4.316806269305652477e-01	0.000000000000000000e+00
2.415703144393763213e-01	4.221597817011842335e-01	0.000000000000000000e+00
2.415703144393763213e-01	4.210744681517438748e-01	0.000000000000000000e+00
2.530379710083612288e-01	3.639967888993007605e-01	0.000000000000000000e+00
2.530379710083612288e-01	3.639967888993007605e-01	0.000000000000000000e+00
2.530379710083612288e-01	3.639967888993007605e-01	0.000000000000000000e+00
2.530379710083612288e-01	3.639967888993007605e-01	0.000000000000000000e+00
2.530379710083612288e-01	3.639967888993007605e-01	0.000000000000000000e+00
2.530379710083612288e-01	3.639967888993007605e-01	0.000000000000000000e+00
2.530379710083612288e-01	3.534412730455715468e-01	0.000000000000000000e+00
2.530379710083612288e-01	3.534412730455715468e-01	0.000000000000000000e+00
2.530379710083612288e-01	3.534412730455715468e-01	0.000000000000000000e+00
2.530379710083612288e-01	3.534412730455715468e-01	0.000000000000000000e+00
2.530379710083612288e-01	3.534412730455715468e-01	0.000000000000000000e+00
2.530379710083612288e-01	3.534412730455715468e-01	0.000000000000000000e+00
2.530379710083612288e-01	3.534412730455715468e-01	0.000000000000000000e+00
2.530379710083612288e-01	3.534412730455715468e-01	0.000000000000000000e+00
4.398977985692470449e-01	1.147743581716084288e-01	0.000000000000000000e+00
4.398977985692470449e-01	1.327615545195314217e-01	0.000000000000000000e+00
4.398977985692470449e-01	1.327615545195314217e-01	0.000000000000000000e+00
4.398977985692470449e-01	1.327615545195314217e-01	0.000000000000000000e+00
4.398977985692470449e-01	1.327615545195314217e-01	0.000000000000000000e+00
4.398977985692470449e-01	9.493952513526973669e-02	0.000000000000000000e+00
4.398977985692470449e-01	9.493952513526973669e-02	0.000000000000000000e+00
4.398977985692470449e-01	9.493952513526973669e-02	0.000000000000000000e+00
4.398977985692470449e-01	9.493952513526973669e-02	0.000000000000000000e+00
4.398977985692470449e-01	9.493952513526973669e-02	0.000000000000000000e+00
4.398977985692470449e-01	9.493952513526973669e-02	0.000000000000000000e+00
4.398977985692470449e-01	9.493952513526973669e-02	0.000000000000000000e+00
4.398977985692470449e-01	9.493952513526973669e-02	0.000000000000000000e+00
4.398977985692470449e-01	9.072362085381581454e-02	0.000000000000000000e+00
4.398977985692470449e-01	6.120104052102689346e-02	0.000000000000000000e+00
4.398977985692470449e-01	6.120104052102689346e-02	0.000000000000000000e+00
4.398977985692470449e-01	6.120104052102689346e-02	0.000000000000000000e+00
4.474883442267520994e-01	3.683153943830830973e-02	0.000000000000000000e+00
4.474883442267520994e-01	3.683153943830830973e-02	0.000000000000000000e+00
4.550788898842572094e-01	9.389584317913873043e-04	0.000000000000000000e+00
4.550788898842572094e-01	9.389584317913873043e-04	0.000000000000000000e+00
4.474883442267520994e-01	3.683153943830830973e-02	0.000000000000000000e+00
4.474883442267520994e-01	3.683153943830830973e-02	0.000000000000000000e+00
4.474883442267520994e-01	3.683153943830830973e-02	0.000000000000000000e+00
4.474883442267520994e-01	3.683153943830830973e-02	0.000000000000000000e+00
6.287747509589964867e-01	-1.554107229724215888e-01	0.000000000000000000e+00
6.287747509589964867e-01	-1.554107229724215888e-01	0.000000000000000000e+00
6.287747509589964867e-01	-1.554107229724215888e-01	0.000000000000000000e+00
6.287747509589964867e-01	-1.554107229724215888e-01	0.000000000000000000e+00
6.287747509589964867e-01	-1.554107229724215888e-01	0.000000000000000000e+00
6.287747509589964867e-01	-1.164427140619654910e-01	0.000000000000000000e+00
6.287747509589964867e-01	-1.164427140619654910e-01	0.000000000000000000e+00
6.287747509589964867e-01	-1.122226872621750887e-01	0.000000000000000000e+00
6.287747509589964867e-01	-1.122226872621750887e-01	0.000000000000000000e+00
6.287747509589964867e-01	-1.122226872621750887e-01	0.000000000000000000e+00
6.287747509589964867e-01	-1.122226872621750887e-01	0.000000000000000000e+00
6.287747509589964867e-01	-1.122226872621750887e-01	0.000000000000000000e+00
6.287747509589964867e-01	-1.122226872621750887e-01	0.000000000000000000e+00
6.287747509589964867e-01	-1.122226872621750887e-01	0.000000000000000000e+00
6.287747509589964867e-01	-1.264711221164535881e-01	0.000000000000000000e+00
6.287747509589964867e-01	-1.305870498524000223e-01	0.000000000000000000e+00
6.357774834840508316e-01	-1.379490465936691612e-01	0.000000000000000000e+00
6.357774834840508316e-01	-1.831929088393212113e-01	0.000000000000000000e+00
6.357774834840508316e-01	-1.831929088393212113e-01	0.000000000000000000e+00
6.357774834840508316e-01	-1.831929088393212113e-01	0.000000000000000000e+00
6.357774834840508316e-01	-1.831929088393212113e-01	0.000000000000000000e+00
6.357774834840508316e-01	-1.831929088393212113e-01	0.000000000000000000e+00
6.357774834840508316e-01	-1.831929088393212113e-01	0.000000000000000000e+00
6.357774834840508316e-01	-2.099880814959335928e-01	0.000000000000000000e+00
6.357774834840508316e-01	-2.099880814959335928e-01	0.000000000000000000e+00
6.360326264338604929e-01	-2.452824610959725704e-01	0.000000000000000000e+00
6.360326264338604929e-01	-2.452824610959725704e-01	0.000000000000000000e+00
6.360326264338604929e-01	-2.452824610959725704e-01	0.000000000000000000e+00
6.360326264338604929e-01	-2.452824610959725704e-01	0.000000000000000000e+00
6.360326264338604929e-01	-2.452824610959725704e-01	0.000000000000000000e+00
6.360326264338604929e-01	-2.598704230399970228e-01	0.000000000000000000e+00
6.360326264338604929e-01	-2.598704230399970228e-01	0.000000000000000000e+00
6.360326264338604929e-01	-2.598704230399970228e-01	0.000000000000000000e+00
