0.000000000000000000e+00	1.090479563723887768e+00	0.000000000000000000e+00
1.350692945442211537e-02	1.019536104217940498e+00	0.000000000000000000e+00
2.357375472663465060e-02	8.657718985817182134e-01	0.000000000000000000e+00
3.349993004780486838e-02	8.155583440774148984e-01	0.000000000000000000e+00
4.364958550151078198e-02	7.787619526803578607e-01	0.000000000000000000e+00
5.365025420019289837e-02	7.412652190114999984e-01	0.000000000000000000e+00
6.865125724821607989e-02	7.182719018329836169e-01	0.000000000000000000e+00
7.872641932441008794e-02	7.037808041103253975e-01	0.000000000000000000e+00
8.365226029623924753e-02	6.957644337271329249e-01	0.000000000000000000e+00
8.365226029623924753e-02	6.957644337271329249e-01	0.000000000000000000e+00
8.365226029623924753e-02	6.957644337271329249e-01	0.000000000000000000e+00
8.365226029623924753e-02	6.920988704670008040e-01	0.000000000000000000e+00
8.365226029623924753e-02	6.920988704670008040e-01	0.000000000000000000e+00
8.365226029623924753e-02	6.920988704670008040e-01	0.000000000000000000e+00
8.365226029623924753e-02	6.920988704670008040e-01	0.000000000000000000e+00
8.365226029623924753e-02	6.920988704670008040e-01	0.000000000000000000e+00
1.891671336650689039e-01	6.693500900078297455e-01	0.000000000000000000e+00
1.973584020782886417e-01	6.060975083705067989e-01	0.000000000000000000e+00
2.061217514508071058e-01	5.593862268251149628e-01	0.000000000000000000e+00
2.096207434447910356e-01	5.232452990453273500e-01	0.000000000000000000e+00
2.096575380347650563e-01	4.970060077248869002e-01	0.000000000000000000e+00
2.140392127210242745e-01	4.722365333454921488e-01	0.000000000000000000e+00
2.231887115547193656e-01	4.269946473625234051e-01	0.000000000000000000e+00
2.271474421898279639e-01	3.908572686789462125e-01	0.000000000000000000e+00
2.271474421898279639e-01	3.755106261724873162e-01	0.000000000000000000e+00
2.337015569242298085e-01	3.422769290547028609e-01	0.000000000000000000e+00
2.423126296289909720e-01	3.149733909558604661e-01	0.000000000000000000e+00
2.433045037406999511e-01	3.020888102566401945e-01	0.000000000000000000e+00
2.489033492368634415e-01	2.937939140150273576e-01	0.000000000000000000e+00
2.535103206213179527e-01	2.473010112190307808e-01	0.000000000000000000e+00
2.535103206213179527e-01	2.473010112190307808e-01	0.000000000000000000e+00
2.535103206213179527e-01	2.473010112190307808e-01	0.000000000000000000e+00
2.539870856083589201e-01	2.449069111877093252e-01	0.000000000000000000e+00
2.539870856083589201e-01	2.449069111877093252e-01	0.000000000000000000e+00
2.539870856083589201e-01	2.449069111877093252e-01	0.000000000000000000e+00
2.539870856083589201e-01	2.447700328595200647e-01	0.000000000000000000e+00
2.539870856083589201e-01	2.447700328595200647e-01	0.000000000000000000e+00
2.539870856083589201e-01	2.447700328595200647e-01	0.000000000000000000e+00
2.539870856083589201e-01	2.447700328595200647e-01	0.000000000000000000e+00
2.539870856083589201e-01	2.447700328595200647e-01	0.000000000000000000e+00
2.539870856083589201e-01	2.447700328595200647e-01	0.000000000000000000e+00
2.539870856083589201e-01	2.447700328595200647e-01	0.000000000000000000e+00
4.154547602120201577e-01	1.991024508582156793e-01	0.000000000000000000e+00
4.164082901861020369e-01	1.783101833050464990e-01	0.000000000000000000e+00
4.164082901861020369e-01	1.783101833050464990e-01	0.000000000000000000e+00
4.183153501342657954e-01	1.559252334527405914e-01	0.000000000000000000e+00
4.211759400565114331e-01	1.237460656422054300e-01	0.000000000000000000e+00
4.221294700305933123e-01	1.201528264795371920e-01	0.000000000000000000e+00
4.259435899269208847e-01	9.449407679622208456e-02	0.000000000000000000e+00
4.259435899269208847e-01	8.763334552216389683e-02	0.000000000000000000e+00
4.378650157086942385e-01	-1.185927392296122831e-02	0.000000000000000000e+00
4.378650157086942385e-01	-1.185927392296122831e-02	0.000000000000000000e+00
4.378650157086942385e-01	-1.185927392296122831e-02	0.000000000000000000e+00
4.378650157086942385e-01	-1.185927392296122831e-02	0.000000000000000000e+00
4.378650157086942385e-01	-1.185927392296122831e-02	0.000000000000000000e+00
4.378650157086942385e-01	-1.185927392296122831e-02	0.000000000000000000e+00
4.378650157086942385e-01	-1.185927392296122831e-02	0.000000000000000000e+00
4.407415170519884406e-01	-2.519977216571166884e-02	0.000000000000000000e+00
4.464945197385768449e-01	-7.025480434294471832e-02	0.000000000000000000e+00
4.464945197385768449e-01	-7.025480434294471832e-02	0.000000000000000000e+00
4.464945197385768449e-01	-7.025480434294471832e-02	0.000000000000000000e+00
4.464945197385768449e-01	-7.025480434294471832e-02	0.000000000000000000e+00
4.471619227542686925e-01	-8.211250594752976528e-02	0.000000000000000000e+00
4.471619227542686925e-01	-8.211250594752976528e-02	0.000000000000000000e+00
4.471619227542686925e-01	-8.211250594752976528e-02	0.000000000000000000e+00
4.471619227542686925e-01	-8.211250594752976528e-02	0.000000000000000000e+00
4.471619227542686925e-01	-8.211250594752976528e-02	0.000000000000000000e+00
4.471619227542686925e-01	-8.211250594752976528e-02	0.000000000000000000e+00
4.471619227542686925e-01	-8.211250594752976528e-02	0.000000000000000000e+00
4.471619227542686925e-01	-8.211250594752976528e-02	0.000000000000000000e+00
6.228678986987188360e-01	-1.667474093761919796e-01	0.000000000000000000e+00
6.228678986987188360e-01	-1.667474093761919796e-01	0.000000000000000000e+00
6.228678986987188360e-01	-1.419986456049738555e-01	0.000000000000000000e+00
6.228678986987188360e-01	-1.419986456049738555e-01	0.000000000000000000e+00
6.228678986987188360e-01	-1.419986456049738555e-01	0.000000000000000000e+00
6.234137651034254990e-01	-1.590690740898404731e-01	0.000000000000000000e+00
6.234137651034254990e-01	-1.590690740898404731e-01	0.000000000000000000e+00
6.261404031944670656e-01	-1.713581184236071808e-01	0.000000000000000000e+00
6.261404031944670656e-01	-1.754780180702987802e-01	0.000000000000000000e+00
6.283184809483099986e-01	-2.021473155873281524e-01	0.000000000000000000e+00
6.283184809483099986e-01	-2.021473155873281524e-01	0.000000000000000000e+00
6.283184809483099986e-01	-2.131516813256061071e-01	0.000000000000000000e+00
6.283184809483099986e-01	-2.207278539544141049e-01	0.000000000000000000e+00
6.315855975790742871e-01	-2.551373841034813017e-01	0.000000000000000000e+00
6.315855975790742871e-01	-2.721918433374607149e-01	0.000000000000000000e+00
6.315855975790742871e-01	-2.721918433374607149e-01	0.000000000000000000e+00
6.315855975790742871e-01	-2.721918433374607149e-01	0.000000000000000000e+00
6.315855975790742871e-01	-2.721918433374607149e-01	0.000000000000000000e+00
6.315855975790742871e-01	-2.721918433374607149e-01	0.000000000000000000e+00
6.326746364559957536e-01	-2.824830743131063748e-01	0.000000000000000000e+00
6.326746364559957536e-01	-2.824830743131063748e-01	0.000000000000000000e+00
6.342408933745128374e-01	-3.023249955443838011e-01	0.000000000000000000e+00
6.342408933745128374e-01	-3.023249955443838011e-01	0.000000000000000000e+00
6.349716336743214118e-01	-3.087336558361538086e-01	0.000000000000000000e+00
6.349716336743214118e-01	-3.087336558361538086e-01	0.000000000000000000e+00
6.349716336743214118e-01	-3.087336558361538086e-01	0.000000000000000000e+00
6.349716336743214118e-01	-3.087336558361538086e-01	0.000000000000000000e+00
6.349716336743214118e-01	-3.087336558361538086e-01	0.000000000000000000e+00
6.349716336743214118e-01	-3.087336558361538086e-01	0.000000000000000000e+00
6.349716336743214118e-01	-3.087336558361538086e-01	0.000000000000000000e+00
