0.000000000000000000e+00	3.040447368649246584e+00	0.000000000000000000e+00
0.000000000000000000e+00	3.028692811757125014e+00	0.000000000000000000e+00
3.489129622151739690e-02	2.427795354939509931e+00	0.000000000000000000e+00
3.489129622151739690e-02	2.427795354939509931e+00	0.000000000000000000e+00
6.513746066208860042e-02	2.330344777249824695e+00	0.000000000000000000e+00
7.909632616689205031e-02	2.059449827967122726e+00	0.000000000000000000e+00
7.909632616689205031e-02	2.059449827967122726e+00	0.000000000000000000e+00
7.909632616689205031e-02	2.059449827967122726e+00	0.000000000000000000e+00
7.909632616689205031e-02	2.059449827967122726e+00	0.000000000000000000e+00
7.909632616689205031e-02	2.059449827967122726e+00	0.000000000000000000e+00
7.909632616689205031e-02	2.059449827967122726e+00	0.000000000000000000e+00
7.909632616689205031e-02	2.059449827967122726e+00	0.000000000000000000e+00
1.229075408299067224e-01	2.094125971953310739e+00	0.000000000000000000e+00
1.886243628244287374e-01	1.951017250695103122e+00	0.000000000000000000e+00
1.886243628244287374e-01	1.951017250695103122e+00	0.000000000000000000e+00
1.987661464496982833e-01	1.937338366098926956e+00	0.000000000000000000e+00
1.987661464496982833e-01	1.937338366098926956e+00	0.000000000000000000e+00
2.172896653840951098e-01	1.864727363729262288e+00	0.000000000000000000e+00
2.227362614223737936e-01	1.816989194286241727e+00	0.000000000000000000e+00
2.340531360023496710e-01	1.777336622077804851e+00	0.000000000000000000e+00
2.340531360023496710e-01	1.740355052974984940e+00	0.000000000000000000e+00
2.424348713114769793e-01	1.642960924903380304e+00	0.000000000000000000e+00
2.424348713114769793e-01	1.642960924903380304e+00	0.000000000000000000e+00
2.424348713114769793e-01	1.642960924903380304e+00	0.000000000000000000e+00
2.594101831814408232e-01	1.585240115173714770e+00	0.000000000000000000e+00
2.594101831814408232e-01	1.585240115173714770e+00	0.000000000000000000e+00
2.678978391164227313e-01	1.584686738770548331e+00	0.000000000000000000e+00
2.678978391164227313e-01	1.584686738770548331e+00	0.000000000000000000e+00
2.678978391164227313e-01	1.584686738770548331e+00	0.000000000000000000e+00
2.650686204714287619e-01	1.572831958705094957e+00	0.000000000000000000e+00
2.650686204714287619e-01	1.572831958705094957e+00	0.000000000000000000e+00
2.650686204714287619e-01	1.572831958705094957e+00	0.000000000000000000e+00
2.650686204714287619e-01	1.572831958705094957e+00	0.000000000000000000e+00
2.650686204714287619e-01	1.572831958705094957e+00	0.000000000000000000e+00
2.650686204714287619e-01	1.572831958705094957e+00	0.000000000000000000e+00
2.650686204714287619e-01	1.572831958705094957e+00	0.000000000000000000e+00
4.399636422571371885e-01	1.288729999666464288e+00	0.000000000000000000e+00
4.399636422571371885e-01	1.288729999666464288e+00	0.000000000000000000e+00
4.399636422571371885e-01	1.288729999666464288e+00	0.000000000000000000e+00
4.399636422571371885e-01	1.288729999666464288e+00	0.000000000000000000e+00
4.399636422571371885e-01	1.288729999666464288e+00	0.000000000000000000e+00
4.399636422571371885e-01	1.288729999666464288e+00	0.000000000000000000e+00
4.399636422571371885e-01	1.187524131795778093e+00	0.000000000000000000e+00
4.399051145345681535e-01	1.121161735912809210e+00	0.000000000000000000e+00
4.399051145345681535e-01	1.121161735912809210e+00	0.000000000000000000e+00
4.399051145345681535e-01	1.121161735912809210e+00	0.000000000000000000e+00
4.399051145345681535e-01	1.121161735912809210e+00	0.000000000000000000e+00
4.399051145345681535e-01	1.121161735912809210e+00	0.000000000000000000e+00
4.399051145345681535e-01	1.121161735912809210e+00	0.000000000000000000e+00
4.399051145345681535e-01	1.121161735912809210e+00	0.000000000000000000e+00
4.399051145345681535e-01	1.121161735912809210e+00	0.000000000000000000e+00
4.399148691549963353e-01	1.124254060028896607e+00	0.000000000000000000e+00
4.399148691549963353e-01	1.124254060028896607e+00	0.000000000000000000e+00
4.399148691549963353e-01	1.124254060028896607e+00	0.000000000000000000e+00
4.399148691549963353e-01	1.124254060028896607e+00	0.000000000000000000e+00
4.399246237754245170e-01	1.110280176462657531e+00	0.000000000000000000e+00
4.399246237754245170e-01	1.110280176462657531e+00	0.000000000000000000e+00
4.399636422571371885e-01	1.110536471051762231e+00	0.000000000000000000e+00
4.399636422571371885e-01	1.058732778947355513e+00	0.000000000000000000e+00
4.399636422571371885e-01	1.058732778947355513e+00	0.000000000000000000e+00
4.399636422571371885e-01	1.058732778947355513e+00	0.000000000000000000e+00
4.399636422571371885e-01	1.058732778947355513e+00	0.000000000000000000e+00
4.399636422571371885e-01	1.058732778947355513e+00	0.000000000000000000e+00
6.388387987094382714e-01	8.973238009052797448e-01	0.000000000000000000e+00
6.388387987094382714e-01	8.973238009052797448e-01	0.000000000000000000e+00
6.388387987094382714e-01	8.973238009052797448e-01	0.000000000000000000e+00
6.388387987094382714e-01	8.973238009052797448e-01	0.000000000000000000e+00
6.388387987094382714e-01	8.973238009052797448e-01	0.000000000000000000e+00
6.388387987094382714e-01	8.973238009052797448e-01	0.000000000000000000e+00
6.388387987094382714e-01	9.066124849889961590e-01	0.000000000000000000e+00
6.388387987094382714e-01	9.066124849889961590e-01	0.000000000000000000e+00
6.388387987094382714e-01	9.066124849889961590e-01	0.000000000000000000e+00
6.388387987094382714e-01	9.066124849889961590e-01	0.000000000000000000e+00
6.388387987094382714e-01	9.066124849889961590e-01	0.000000000000000000e+00
6.388387987094382714e-01	9.066124849889961590e-01	0.000000000000000000e+00
6.388387987094382714e-01	8.769873310266346200e-01	0.000000000000000000e+00
6.388387987094382714e-01	8.769873310266346200e-01	0.000000000000000000e+00
6.388387987094382714e-01	8.769873310266346200e-01	0.000000000000000000e+00
6.378680267939271786e-01	9.326565245079616595e-01	0.000000000000000000e+00
6.378680267939271786e-01	9.326565245079616595e-01	0.000000000000000000e+00
6.378680267939271786e-01	9.326565245079616595e-01	0.000000000000000000e+00
6.378680267939271786e-01	9.326565245079616595e-01	0.000000000000000000e+00
6.388387987094382714e-01	9.230776129017135290e-01	0.000000000000000000e+00
6.407803425404605679e-01	9.201251439626146889e-01	0.000000000000000000e+00
6.427218863714829755e-01	9.119022926091832071e-01	0.000000000000000000e+00
6.427218863714829755e-01	9.119022926091832071e-01	0.000000000000000000e+00
6.427218863714829755e-01	9.063502199335913279e-01	0.000000000000000000e+00
6.427218863714829755e-01	9.063502199335913279e-01	0.000000000000000000e+00
6.427218863714829755e-01	9.063502199335913279e-01	0.000000000000000000e+00
6.427218863714829755e-01	9.063502199335913279e-01	0.000000000000000000e+00
6.427218863714829755e-01	9.063502199335913279e-01	0.000000000000000000e+00
6.427218863714829755e-01	9.063502199335913279e-01	0.000000000000000000e+00
6.427218863714829755e-01	9.063502199335913279e-01	0.000000000000000000e+00
6.427218863714829755e-01	9.063502199335913279e-01	0.000000000000000000e+00
6.427218863714829755e-01	9.220539503678401028e-01	0.000000000000000000e+00
6.427218863714829755e-01	9.220539503678401028e-01	0.000000000000000000e+00
6.427218863714829755e-01	9.220539503678401028e-01	0.000000000000000000e+00
6.427218863714829755e-01	9.220539503678401028e-01	0.000000000000000000e+00
6.427218863714829755e-01	9.220539503678401028e-01	0.000000000000000000e+00
6.427218863714829755e-01	9.220539503678401028e-01	0.000000000000000000e+00
