0.000000000000000000e+00	1.113123894701973482e+00	0.000000000000000000e+00
1.350692945442211537e-02	9.003824710202913417e-01	0.000000000000000000e+00
2.346201466036680269e-02	8.564080832028875268e-01	0.000000000000000000e+00
3.688877363398465614e-02	8.026999914989612073e-01	0.000000000000000000e+00
4.740914793570556729e-02	7.628268766694836778e-01	0.000000000000000000e+00
5.365025420019289837e-02	7.209139192703013510e-01	0.000000000000000000e+00
6.739186198869182021e-02	7.039816566769758754e-01	0.000000000000000000e+00
7.426266588294128113e-02	6.810587820478007925e-01	0.000000000000000000e+00
8.113346977719074204e-02	6.726414081420801772e-01	0.000000000000000000e+00
8.113346977719074204e-02	6.726414081420801772e-01	0.000000000000000000e+00
8.113346977719074204e-02	6.726414081420801772e-01	0.000000000000000000e+00
8.113346977719074204e-02	6.726414081420801772e-01	0.000000000000000000e+00
8.113346977719074204e-02	6.726414081420801772e-01	0.000000000000000000e+00
8.113346977719074204e-02	6.726414081420801772e-01	0.000000000000000000e+00
8.113346977719074204e-02	6.726414081420801772e-01	0.000000000000000000e+00
8.113346977719074204e-02	6.726414081420801772e-01	0.000000000000000000e+00
1.914764772847127872e-01	6.303712412151285527e-01	0.000000000000000000e+00
1.973584020782886417e-01	6.060975083705067989e-01	0.000000000000000000e+00
2.047872648111864757e-01	5.395370798794854039e-01	0.000000000000000000e+00
2.096207434447910356e-01	4.954873394654674135e-01	0.000000000000000000e+00
2.140024181310502815e-01	4.598094175120756022e-01	0.000000000000000000e+00
2.157887087180162533e-01	4.430714339037137850e-01	0.000000000000000000e+00
2.246452131807530062e-01	3.952160028501502387e-01	0.000000000000000000e+00
2.277291958173656150e-01	3.730325266854521704e-01	0.000000000000000000e+00
2.309108432442976699e-01	3.573646254515066567e-01	0.000000000000000000e+00
2.359303427417299148e-01	3.212793896905973279e-01	0.000000000000000000e+00
2.420742471354704883e-01	2.954353365933115039e-01	0.000000000000000000e+00
2.432620516678969391e-01	2.722069017363888954e-01	0.000000000000000000e+00
2.481498576186749461e-01	2.572819604841460328e-01	0.000000000000000000e+00
2.542254681018794038e-01	2.443604529640616974e-01	0.000000000000000000e+00
2.603010785850838893e-01	2.435737113858546243e-01	0.000000000000000000e+00
2.603010785850838893e-01	2.435737113858546243e-01	0.000000000000000000e+00
2.603010785850838893e-01	2.436812991292582053e-01	0.000000000000000000e+00
2.603010785850838893e-01	2.436812991292582053e-01	0.000000000000000000e+00
2.603010785850838893e-01	2.436812991292582053e-01	0.000000000000000000e+00
2.603010785850838893e-01	2.436812991292582053e-01	0.000000000000000000e+00
2.603010785850838893e-01	2.436812991292582053e-01	0.000000000000000000e+00
2.542254681018794038e-01	2.441444210326070563e-01	0.000000000000000000e+00
2.542254681018794038e-01	2.441444210326070563e-01	0.000000000000000000e+00
2.542254681018794038e-01	2.441444210326070563e-01	0.000000000000000000e+00
4.125941702897745200e-01	2.204182038938654609e-01	0.000000000000000000e+00
4.125941702897745200e-01	2.006076393783966516e-01	0.000000000000000000e+00
4.214143225500318612e-01	1.416708641282820869e-01	0.000000000000000000e+00
4.214143225500318612e-01	1.416708641282820869e-01	0.000000000000000000e+00
4.214143225500318612e-01	1.416708641282820869e-01	0.000000000000000000e+00
4.214143225500318612e-01	1.282397436342168073e-01	0.000000000000000000e+00
4.214143225500318612e-01	1.044993115354113100e-01	0.000000000000000000e+00
4.259435899269208847e-01	8.852600719071365698e-02	0.000000000000000000e+00
4.265401214371594696e-01	7.661654317763505473e-02	0.000000000000000000e+00
4.297557857485185817e-01	4.947295597641986065e-02	0.000000000000000000e+00
4.297557857485185817e-01	4.341885492019505882e-02	0.000000000000000000e+00
4.335679815701162232e-01	1.563500868398093324e-02	0.000000000000000000e+00
4.335679815701162232e-01	1.563500868398093324e-02	0.000000000000000000e+00
4.354927993230657268e-01	5.767502447107729184e-04	0.000000000000000000e+00
4.357910650781850470e-01	-1.569552183939925197e-02	0.000000000000000000e+00
4.375667499535749183e-01	-3.002938064100394225e-02	0.000000000000000000e+00
4.399389663392033745e-01	-3.917902488891509410e-02	0.000000000000000000e+00
4.420129169697125660e-01	-5.661319705315838446e-02	0.000000000000000000e+00
4.420129169697125660e-01	-6.535997335346478698e-02	0.000000000000000000e+00
4.430588599828964025e-01	-7.762920723527649836e-02	0.000000000000000000e+00
4.471619227542686925e-01	-8.781917684295624527e-02	0.000000000000000000e+00
4.482078657674525290e-01	-9.682062300395284649e-02	0.000000000000000000e+00
4.482078657674525290e-01	-9.897203247505287349e-02	0.000000000000000000e+00
4.482078657674525290e-01	-9.897203247505287349e-02	0.000000000000000000e+00
4.482078657674525290e-01	-9.897203247505287349e-02	0.000000000000000000e+00
4.482078657674525290e-01	-9.897203247505287349e-02	0.000000000000000000e+00
4.482078657674525290e-01	-9.897203247505287349e-02	0.000000000000000000e+00
4.482078657674525290e-01	-9.897203247505287349e-02	0.000000000000000000e+00
4.482078657674525290e-01	-9.897203247505287349e-02	0.000000000000000000e+00
6.209585448777106276e-01	-1.328967729431809186e-01	0.000000000000000000e+00
6.209585448777106276e-01	-1.328967729431809186e-01	0.000000000000000000e+00
6.209585448777106276e-01	-1.328967729431809186e-01	0.000000000000000000e+00
6.209585448777106276e-01	-1.465215980861052925e-01	0.000000000000000000e+00
6.217768393724284470e-01	-1.559335078575630196e-01	0.000000000000000000e+00
6.228678986987188360e-01	-1.673961770719918363e-01	0.000000000000000000e+00
6.234134283618639749e-01	-1.826233654147534913e-01	0.000000000000000000e+00
6.250500173512996138e-01	-1.967085683125021911e-01	0.000000000000000000e+00
6.258629239810334921e-01	-1.995014996046902966e-01	0.000000000000000000e+00
6.266812184757513116e-01	-2.165852192398033949e-01	0.000000000000000000e+00
6.272267481388964505e-01	-2.203033230669363685e-01	0.000000000000000000e+00
6.272267481388964505e-01	-2.270212881979520314e-01	0.000000000000000000e+00
6.294034789264935092e-01	-2.655899449608652430e-01	0.000000000000000000e+00
6.294034789264935092e-01	-2.655899449608652430e-01	0.000000000000000000e+00
6.294034789264935092e-01	-2.655899449608652430e-01	0.000000000000000000e+00
6.294034789264935092e-01	-2.655899449608652430e-01	0.000000000000000000e+00
6.304945382527838982e-01	-2.770549473366326620e-01	0.000000000000000000e+00
6.312160664373999142e-01	-2.878897368623435371e-01	0.000000000000000000e+00
6.312160664373999142e-01	-2.917766155623390811e-01	0.000000000000000000e+00
6.323702413753595764e-01	-2.976792049049399314e-01	0.000000000000000000e+00
6.342192478708612580e-01	-3.263761591652306060e-01	0.000000000000000000e+00
6.342192478708612580e-01	-3.263761591652306060e-01	0.000000000000000000e+00
6.342192478708612580e-01	-3.263761591652306060e-01	0.000000000000000000e+00
6.353370038242256435e-01	-3.347537495415787712e-01	0.000000000000000000e+00
6.353370038242256435e-01	-3.435533074191888248e-01	0.000000000000000000e+00
6.353370038242256435e-01	-3.435533074191888248e-01	0.000000000000000000e+00
6.353370038242256435e-01	-3.435533074191888248e-01	0.000000000000000000e+00
6.353370038242256435e-01	-3.435533074191888248e-01	0.000000000000000000e+00
6.353370038242256435e-01	-3.435533074191888248e-01	0.000000000000000000e+00
6.353370038242256435e-01	-3.435533074191888248e-01	0.000000000000000000e+00
6.353370038242256435e-01	-3.435533074191888248e-01	0.000000000000000000e+00
