0.000000000000000000e+00	1.088034934855833136e+00	0.000000000000000000e+00
1.350692945442211537e-02	1.019536104217940498e+00	0.000000000000000000e+00
2.583195288897186317e-02	8.776741126312959107e-01	0.000000000000000000e+00
3.349993004780486838e-02	8.155583440774148984e-01	0.000000000000000000e+00
4.364958550151078198e-02	7.878199422261549234e-01	0.000000000000000000e+00
4.364958550151078198e-02	7.878199422261549234e-01	0.000000000000000000e+00
6.365092289887501475e-02	7.223412999381684241e-01	0.000000000000000000e+00
6.365092289887501475e-02	7.223412999381684241e-01	0.000000000000000000e+00
8.365226029623924753e-02	7.027996363265103241e-01	0.000000000000000000e+00
8.365226029623924753e-02	7.027996363265103241e-01	0.000000000000000000e+00
8.365226029623924753e-02	7.017349415454612327e-01	0.000000000000000000e+00
8.365226029623924753e-02	7.017349415454612327e-01	0.000000000000000000e+00
8.365226029623924753e-02	7.017349415454612327e-01	0.000000000000000000e+00
8.365226029623924753e-02	7.017349415454612327e-01	0.000000000000000000e+00
8.365226029623924753e-02	7.017349415454612327e-01	0.000000000000000000e+00
8.365226029623924753e-02	7.017349415454612327e-01	0.000000000000000000e+00
8.365226029623924753e-02	7.017349415454612327e-01	0.000000000000000000e+00
1.973584020782886417e-01	6.139515150817493883e-01	0.000000000000000000e+00
2.017956486698863350e-01	5.903074552806433228e-01	0.000000000000000000e+00
2.023633636506824152e-01	5.575757408846925278e-01	0.000000000000000000e+00
2.093030910284769952e-01	5.248330521998012532e-01	0.000000000000000000e+00
2.140392127210242745e-01	4.893661820563992570e-01	0.000000000000000000e+00
2.163267554139435278e-01	4.609306547351166850e-01	0.000000000000000000e+00
2.223832099402575091e-01	4.274043259029180475e-01	0.000000000000000000e+00
2.251636939664099779e-01	3.942960297623485655e-01	0.000000000000000000e+00
2.271474421898279639e-01	3.707088813937063909e-01	0.000000000000000000e+00
2.330986868600819495e-01	3.450232258561258814e-01	0.000000000000000000e+00
2.375606473797758911e-01	3.096647576746007768e-01	0.000000000000000000e+00
2.535103206213179527e-01	2.774856761356330193e-01	0.000000000000000000e+00
2.535103206213179527e-01	2.774856761356330193e-01	0.000000000000000000e+00
2.535103206213179527e-01	2.774856761356330193e-01	0.000000000000000000e+00
2.535103206213179527e-01	2.574530376873040982e-01	0.000000000000000000e+00
2.535103206213179527e-01	2.540443452664954971e-01	0.000000000000000000e+00
2.535103206213179527e-01	2.540443452664954971e-01	0.000000000000000000e+00
2.535103206213179527e-01	2.540443452664954971e-01	0.000000000000000000e+00
2.535103206213179527e-01	2.540443452664954971e-01	0.000000000000000000e+00
2.535103206213179527e-01	2.540443452664954971e-01	0.000000000000000000e+00
2.535103206213179527e-01	2.540443452664954971e-01	0.000000000000000000e+00
2.535103206213179527e-01	2.540443452664954971e-01	0.000000000000000000e+00
2.535103206213179527e-01	2.495493414504444118e-01	0.000000000000000000e+00
2.535103206213179527e-01	2.495493414504444118e-01	0.000000000000000000e+00
2.535103206213179527e-01	2.495493414504444118e-01	0.000000000000000000e+00
4.221294700305933123e-01	1.140027443500245125e-01	0.000000000000000000e+00
4.183153501342657954e-01	1.590481379869737033e-01	0.000000000000000000e+00
4.183153501342657954e-01	1.590481379869737033e-01	0.000000000000000000e+00
4.183153501342657954e-01	1.590481379869737033e-01	0.000000000000000000e+00
4.221294700305933123e-01	1.140027443500245125e-01	0.000000000000000000e+00
4.221294700305933123e-01	1.140027443500245125e-01	0.000000000000000000e+00
4.259435899269208847e-01	9.163069058286898994e-02	0.000000000000000000e+00
4.259435899269208847e-01	9.163069058286898994e-02	0.000000000000000000e+00
4.227956024146710678e-01	9.043584142090385636e-02	0.000000000000000000e+00
4.227956024146710678e-01	9.043584142090385636e-02	0.000000000000000000e+00
4.227956024146710678e-01	8.473605915327732385e-02	0.000000000000000000e+00
4.283409522123043933e-01	6.106015371427474941e-02	0.000000000000000000e+00
4.407415170519884406e-01	8.924832338487606598e-03	0.000000000000000000e+00
4.407415170519884406e-01	8.924832338487606598e-03	0.000000000000000000e+00
4.407415170519884406e-01	8.924832338487606598e-03	0.000000000000000000e+00
4.407415170519884406e-01	-5.048599400912462051e-03	0.000000000000000000e+00
4.407415170519884406e-01	-5.048599400912462051e-03	0.000000000000000000e+00
4.407415170519884406e-01	-5.048599400912462051e-03	0.000000000000000000e+00
4.407415170519884406e-01	-2.411081965678448652e-02	0.000000000000000000e+00
4.407415170519884406e-01	-2.411081965678448652e-02	0.000000000000000000e+00
4.440944149342078706e-01	-3.477175437732745594e-02	0.000000000000000000e+00
4.464945197385768449e-01	-7.370433479486775130e-02	0.000000000000000000e+00
4.464945197385768449e-01	-7.370433479486775130e-02	0.000000000000000000e+00
4.464945197385768449e-01	-7.370433479486775130e-02	0.000000000000000000e+00
4.471619227542686925e-01	-7.682534131637806796e-02	0.000000000000000000e+00
4.471619227542686925e-01	-7.682534131637806796e-02	0.000000000000000000e+00
4.471619227542686925e-01	-7.682534131637806796e-02	0.000000000000000000e+00
4.471619227542686925e-01	-7.682534131637806796e-02	0.000000000000000000e+00
4.471619227542686925e-01	-7.267368078986552460e-02	0.000000000000000000e+00
6.239569375756403025e-01	-1.299527653763694057e-01	0.000000000000000000e+00
6.239569375756403025e-01	-1.299527653763694057e-01	0.000000000000000000e+00
6.239569375756403025e-01	-1.299527653763694057e-01	0.000000000000000000e+00
6.239569375756403025e-01	-1.299527653763694057e-01	0.000000000000000000e+00
6.431654570007396821e-01	-3.439472136162486371e-01	0.000000000000000000e+00
6.431654570007396821e-01	-3.439472136162486371e-01	0.000000000000000000e+00
6.431654570007396821e-01	-3.439472136162486371e-01	0.000000000000000000e+00
6.431654570007396821e-01	-3.439472136162486371e-01	0.000000000000000000e+00
6.431654570007396821e-01	-3.439472136162486371e-01	0.000000000000000000e+00
6.261377092619750950e-01	-1.498192616357718332e-01	0.000000000000000000e+00
6.283184809483099986e-01	-2.164480838603642376e-01	0.000000000000000000e+00
6.283184809483099986e-01	-2.164480838603642376e-01	0.000000000000000000e+00
6.283184809483099986e-01	-2.164480838603642376e-01	0.000000000000000000e+00
6.283184809483099986e-01	-2.164480838603642376e-01	0.000000000000000000e+00
6.283184809483099986e-01	-2.164480838603642376e-01	0.000000000000000000e+00
6.283184809483099986e-01	-2.164480838603642376e-01	0.000000000000000000e+00
6.283184809483099986e-01	-2.164480838603642376e-01	0.000000000000000000e+00
6.312225846201005020e-01	-2.519116962933176107e-01	0.000000000000000000e+00
6.312225846201005020e-01	-2.519116962933176107e-01	0.000000000000000000e+00
6.343456696934128836e-01	-2.863581168776792030e-01	0.000000000000000000e+00
6.343456696934128836e-01	-2.863581168776792030e-01	0.000000000000000000e+00
6.343456696934128836e-01	-2.898427920276343550e-01	0.000000000000000000e+00
6.343456696934128836e-01	-2.898427920276343550e-01	0.000000000000000000e+00
6.343456696934128836e-01	-2.898427920276343550e-01	0.000000000000000000e+00
6.343456696934128836e-01	-2.898427920276343550e-01	0.000000000000000000e+00
6.343456696934128836e-01	-2.898427920276343550e-01	0.000000000000000000e+00
6.343456696934128836e-01	-2.938927841934266816e-01	0.000000000000000000e+00
6.343456696934128836e-01	-2.938927841934266816e-01	0.000000000000000000e+00
6.347620810365212085e-01	-2.968229526720675970e-01	0.000000000000000000e+00
