0.000000000000000000e+00	1.019978773490503476e+00	0.000000000000000000e+00
1.350692945442211537e-02	8.847370296241083842e-01	0.000000000000000000e+00
2.346201466036680269e-02	8.397355998909163954e-01	0.000000000000000000e+00
3.688877363398465614e-02	7.770798736874352519e-01	0.000000000000000000e+00
4.569144696214320206e-02	7.461634639313028394e-01	0.000000000000000000e+00
5.930722312816035652e-02	7.075166099885086268e-01	0.000000000000000000e+00
7.103823045834375960e-02	6.787714595126735917e-01	0.000000000000000000e+00
8.113346977719074204e-02	6.705768685484366776e-01	0.000000000000000000e+00
8.113346977719074204e-02	6.705768685484366776e-01	0.000000000000000000e+00
8.113346977719074204e-02	6.705768685484366776e-01	0.000000000000000000e+00
8.113346977719074204e-02	6.705768685484366776e-01	0.000000000000000000e+00
8.113346977719074204e-02	6.705768685484366776e-01	0.000000000000000000e+00
8.113346977719074204e-02	6.705768685484366776e-01	0.000000000000000000e+00
8.113346977719074204e-02	6.705768685484366776e-01	0.000000000000000000e+00
8.113346977719074204e-02	6.705768685484366776e-01	0.000000000000000000e+00
1.914764772847127872e-01	6.286727324946345119e-01	0.000000000000000000e+00
1.983577730216222745e-01	5.847680772219115974e-01	0.000000000000000000e+00
2.032329753812312512e-01	5.355531167651971236e-01	0.000000000000000000e+00
2.096207434447910356e-01	4.959961103297906293e-01	0.000000000000000000e+00
2.167634987155324933e-01	4.438959511753964859e-01	0.000000000000000000e+00
2.181266747533056050e-01	4.245014385166771542e-01	0.000000000000000000e+00
2.242516876382396607e-01	3.963257743332029848e-01	0.000000000000000000e+00
2.293589581373663422e-01	3.587012377351948000e-01	0.000000000000000000e+00
2.334168042737819193e-01	3.350906982278684110e-01	0.000000000000000000e+00
2.374746504101974687e-01	3.029680935657619867e-01	0.000000000000000000e+00
2.425653000107836077e-01	2.729136030967627136e-01	0.000000000000000000e+00
2.442597751198725409e-01	2.655150065680553229e-01	0.000000000000000000e+00
2.537648141088594267e-01	2.443631093905863638e-01	0.000000000000000000e+00
2.581506457390995157e-01	2.422753598904574535e-01	0.000000000000000000e+00
2.581506457390995157e-01	2.422753598904574535e-01	0.000000000000000000e+00
2.581506457390995157e-01	2.422753598904574535e-01	0.000000000000000000e+00
2.581506457390995157e-01	2.422753598904574535e-01	0.000000000000000000e+00
2.581506457390995157e-01	2.422753598904574535e-01	0.000000000000000000e+00
2.581506457390995157e-01	2.422753598904574535e-01	0.000000000000000000e+00
2.583160636503291085e-01	2.422959309397745009e-01	0.000000000000000000e+00
2.583160636503291085e-01	2.422959309397745009e-01	0.000000000000000000e+00
2.583160636503291085e-01	2.422959309397745009e-01	0.000000000000000000e+00
2.583160636503291085e-01	2.422959309397745009e-01	0.000000000000000000e+00
4.109883997050331472e-01	2.198616463345774708e-01	0.000000000000000000e+00
4.145084280074193828e-01	1.852656505650877306e-01	0.000000000000000000e+00
4.152334502081104217e-01	1.733897426098690020e-01	0.000000000000000000e+00
4.215484846121918538e-01	1.396984589809835975e-01	0.000000000000000000e+00
4.215484846121918538e-01	1.148234255550248939e-01	0.000000000000000000e+00
4.223731005761262036e-01	1.020291962680635878e-01	0.000000000000000000e+00
4.238231449775082815e-01	8.369018923261262177e-02	0.000000000000000000e+00
4.254723769053770366e-01	6.576990751539883717e-02	0.000000000000000000e+00
4.270714238417109287e-01	4.390042731571390522e-02	0.000000000000000000e+00
4.291965449299863788e-01	2.846195162828559985e-02	0.000000000000000000e+00
4.312212960351921032e-01	9.036744931389607133e-03	0.000000000000000000e+00
4.335348340205670281e-01	-8.002206351659971531e-03	0.000000000000000000e+00
4.350696152509925252e-01	-3.047674567784768376e-02	0.000000000000000000e+00
4.356893040801856909e-01	-3.060202398281516509e-02	0.000000000000000000e+00
4.379233081026824848e-01	-5.708318919792158136e-02	0.000000000000000000e+00
4.412847294065035397e-01	-6.026610478288041417e-02	0.000000000000000000e+00
4.408338026377772723e-01	-7.524290665661133304e-02	0.000000000000000000e+00
4.436315153009361412e-01	-9.087822907376570669e-02	0.000000000000000000e+00
4.463728370281271896e-01	-1.030942118785727335e-01	0.000000000000000000e+00
4.548223659535718943e-01	-1.208441688128425728e-01	0.000000000000000000e+00
4.548223659535718943e-01	-1.208441688128425728e-01	0.000000000000000000e+00
4.548223659535718943e-01	-1.208449337944506041e-01	0.000000000000000000e+00
4.548223659535718943e-01	-1.208449337944506041e-01	0.000000000000000000e+00
4.548223659535718943e-01	-1.208449337944506041e-01	0.000000000000000000e+00
4.548223659535718943e-01	-1.208449337944506041e-01	0.000000000000000000e+00
4.548223659535718943e-01	-1.208449337944506041e-01	0.000000000000000000e+00
4.548223659535718943e-01	-1.208449337944506041e-01	0.000000000000000000e+00
4.548223659535718943e-01	-1.174691477320383565e-01	0.000000000000000000e+00
6.465352852541610407e-01	-2.901722067012721951e-01	0.000000000000000000e+00
6.465352852541610407e-01	-2.884424967846395127e-01	0.000000000000000000e+00
6.465352852541610407e-01	-2.884424967846395127e-01	0.000000000000000000e+00
6.465352852541610407e-01	-2.884424967846395127e-01	0.000000000000000000e+00
6.465352852541610407e-01	-2.884424967846395127e-01	0.000000000000000000e+00
6.465352852541610407e-01	-2.622576743754674866e-01	0.000000000000000000e+00
6.465352852541610407e-01	-2.622576743754674866e-01	0.000000000000000000e+00
6.465352852541610407e-01	-2.622576743754674866e-01	0.000000000000000000e+00
6.465352852541610407e-01	-2.622576743754674866e-01	0.000000000000000000e+00
6.465352852541610407e-01	-2.622576743754674866e-01	0.000000000000000000e+00
6.465352852541610407e-01	-2.622576743754674866e-01	0.000000000000000000e+00
6.465352852541610407e-01	-2.622576743754674866e-01	0.000000000000000000e+00
6.467442214984213678e-01	-3.215666179975814054e-01	0.000000000000000000e+00
6.467442214984213678e-01	-3.215666179975814054e-01	0.000000000000000000e+00
6.467442214984213678e-01	-3.215666179975814054e-01	0.000000000000000000e+00
6.467442214984213678e-01	-3.215666179975814054e-01	0.000000000000000000e+00
6.467442214984213678e-01	-3.215666179975814054e-01	0.000000000000000000e+00
6.467442214984213678e-01	-3.215666179975814054e-01	0.000000000000000000e+00
6.467442214984213678e-01	-3.560822476269173142e-01	0.000000000000000000e+00
6.467442214984213678e-01	-3.560822476269173142e-01	0.000000000000000000e+00
6.467442214984213678e-01	-3.560822476269173142e-01	0.000000000000000000e+00
6.467442214984213678e-01	-3.930345683257800982e-01	0.000000000000000000e+00
6.467442214984213678e-01	-3.930345683257800982e-01	0.000000000000000000e+00
6.467442214984213678e-01	-3.930345683257800982e-01	0.000000000000000000e+00
6.467442214984213678e-01	-4.039760208015142351e-01	0.000000000000000000e+00
6.467442214984213678e-01	-4.039760208015142351e-01	0.000000000000000000e+00
6.467442214984213678e-01	-4.258601531444469179e-01	0.000000000000000000e+00
6.467442214984213678e-01	-4.258601531444469179e-01	0.000000000000000000e+00
6.467442214984213678e-01	-4.258601531444469179e-01	0.000000000000000000e+00
6.467442214984213678e-01	-4.258601531444469179e-01	0.000000000000000000e+00
6.467442214984213678e-01	-4.258601531444469179e-01	0.000000000000000000e+00
6.467442214984213678e-01	-4.287955258114340418e-01	0.000000000000000000e+00
6.544748625360539140e-01	-4.376005801803678485e-01	0.000000000000000000e+00
6.544748625360539140e-01	-4.376005801803678485e-01	0.000000000000000000e+00
