0.000000000000000000e+00	1.426467197324990943e+00	0.000000000000000000e+00
0.000000000000000000e+00	1.426467197324990943e+00	0.000000000000000000e+00
3.368162224875278360e-02	1.284848880544614325e+00	0.000000000000000000e+00
3.368162224875278360e-02	1.284848880544614325e+00	0.000000000000000000e+00
6.053434948367139579e-02	1.050405792540954231e+00	0.000000000000000000e+00
6.724753129240104710e-02	1.027257745645959730e+00	0.000000000000000000e+00
6.724753129240104710e-02	1.027257745645959730e+00	0.000000000000000000e+00
6.724753129240104710e-02	1.027257745645959730e+00	0.000000000000000000e+00
6.724753129240104710e-02	1.027257745645959730e+00	0.000000000000000000e+00
6.724753129240104710e-02	1.027257745645959730e+00	0.000000000000000000e+00
6.724753129240104710e-02	1.027257745645959730e+00	0.000000000000000000e+00
6.724753129240104710e-02	1.027257745645959730e+00	0.000000000000000000e+00
6.053434948367139579e-02	1.038765971922675391e+00	0.000000000000000000e+00
2.057962539465139906e-01	8.337234428757696048e-01	0.000000000000000000e+00
2.057962539465139906e-01	8.337234428757696048e-01	0.000000000000000000e+00
2.121756974654759875e-01	7.766596475435718627e-01	0.000000000000000000e+00
2.185551409844379844e-01	6.353087821116070177e-01	0.000000000000000000e+00
2.185551409844379844e-01	6.353087821116070177e-01	0.000000000000000000e+00
2.249345845033999813e-01	5.603358648442576806e-01	0.000000000000000000e+00
2.249345845033999813e-01	5.246037772679286171e-01	0.000000000000000000e+00
2.249345845033999813e-01	5.246037772679286171e-01	0.000000000000000000e+00
2.249345845033999813e-01	5.246037772679286171e-01	0.000000000000000000e+00
2.525099855186376807e-01	3.828854450489386219e-01	0.000000000000000000e+00
2.525099855186376807e-01	3.828854450489386219e-01	0.000000000000000000e+00
2.525099855186376807e-01	3.828854450489386219e-01	0.000000000000000000e+00
2.540774205076798964e-01	3.637949158044097575e-01	0.000000000000000000e+00
2.540774205076798964e-01	3.790905996181327953e-01	0.000000000000000000e+00
2.540774205076798964e-01	3.790905996181327953e-01	0.000000000000000000e+00
2.540774205076798964e-01	3.790905996181327953e-01	0.000000000000000000e+00
2.540774205076798964e-01	3.790905996181327953e-01	0.000000000000000000e+00
2.525099855186376807e-01	3.842493143403911682e-01	0.000000000000000000e+00
2.572122904857642722e-01	3.948561936284684659e-01	0.000000000000000000e+00
2.572122904857642722e-01	3.948561936284684659e-01	0.000000000000000000e+00
2.572122904857642722e-01	3.948561936284684659e-01	0.000000000000000000e+00
2.603471604638486481e-01	4.270425046852125428e-01	0.000000000000000000e+00
4.404810653145666000e-01	4.811470633063371499e-02	0.000000000000000000e+00
4.404810653145666000e-01	1.082805422456232514e-01	0.000000000000000000e+00
4.404810653145666000e-01	1.082805422456232514e-01	0.000000000000000000e+00
4.404810653145666000e-01	1.082805422456232514e-01	0.000000000000000000e+00
4.404810653145666000e-01	1.082805422456232514e-01	0.000000000000000000e+00
4.404810653145666000e-01	1.082805422456232514e-01	0.000000000000000000e+00
4.404810653145666000e-01	1.082805422456232514e-01	0.000000000000000000e+00
4.404810653145666000e-01	1.082805422456232514e-01	0.000000000000000000e+00
4.404810653145666000e-01	1.082805422456232514e-01	0.000000000000000000e+00
4.404810653145666000e-01	1.389580088408138292e-01	0.000000000000000000e+00
4.404810653145666000e-01	1.389580088408138292e-01	0.000000000000000000e+00
4.404810653145666000e-01	1.389580088408138292e-01	0.000000000000000000e+00
4.404810653145666000e-01	1.401273742357655727e-01	0.000000000000000000e+00
4.404810653145666000e-01	1.401273742357655727e-01	0.000000000000000000e+00
4.404810653145666000e-01	1.401273742357655727e-01	0.000000000000000000e+00
4.404810653145666000e-01	1.401273742357655727e-01	0.000000000000000000e+00
4.404810653145666000e-01	1.401273742357655727e-01	0.000000000000000000e+00
4.404810653145666000e-01	1.294954493973201892e-01	0.000000000000000000e+00
4.404810653145666000e-01	1.294954493973201892e-01	0.000000000000000000e+00
6.226768056102356397e-01	6.762034721910960278e-02	0.000000000000000000e+00
6.212646361569365006e-01	8.716822706028495849e-02	0.000000000000000000e+00
6.226768056102356397e-01	6.762034721910960278e-02	0.000000000000000000e+00
6.226768056102356397e-01	6.036362766114294204e-02	0.000000000000000000e+00
6.253693637372463865e-01	2.598974142288737813e-02	0.000000000000000000e+00
6.253693637372463865e-01	2.598974142288737813e-02	0.000000000000000000e+00
6.253693637372463865e-01	1.374149284817560365e-02	0.000000000000000000e+00
6.281937026438446647e-01	-1.229979891705465858e-02	0.000000000000000000e+00
6.307544799912677691e-01	-1.895943161707576777e-02	0.000000000000000000e+00
6.307544799912677691e-01	-4.613698848096519506e-02	0.000000000000000000e+00
6.307544799912677691e-01	-7.206026454035052708e-02	0.000000000000000000e+00
6.307544799912677691e-01	-7.206026454035052708e-02	0.000000000000000000e+00
6.352296038288974822e-01	-1.043764485817001014e-01	0.000000000000000000e+00
6.340809959347735170e-01	-1.067251798870727658e-01	0.000000000000000000e+00
6.340809959347735170e-01	-1.067251798870727658e-01	0.000000000000000000e+00
6.340809959347735170e-01	-1.067251798870727658e-01	0.000000000000000000e+00
6.340809959347735170e-01	-1.067251798870727658e-01	0.000000000000000000e+00
6.340809959347735170e-01	-1.067251798870727658e-01	0.000000000000000000e+00
6.340809959347735170e-01	-1.067251798870727658e-01	0.000000000000000000e+00
6.340809959347735170e-01	-1.067251798870727658e-01	0.000000000000000000e+00
8.367419759334047136e-01	-3.761468903378872852e-01	0.000000000000000000e+00
8.367419759334047136e-01	-3.761468903378872852e-01	0.000000000000000000e+00
8.367419759334047136e-01	-3.761468903378872852e-01	0.000000000000000000e+00
8.367419759334047136e-01	-3.761468903378872852e-01	0.000000000000000000e+00
8.367419759334047136e-01	-3.761468903378872852e-01	0.000000000000000000e+00
8.367419759334047136e-01	-3.761468903378872852e-01	0.000000000000000000e+00
8.367419759334047136e-01	-3.370757569848172319e-01	0.000000000000000000e+00
8.367419759334047136e-01	-3.377145577230331597e-01	0.000000000000000000e+00
8.367419759334047136e-01	-3.377145577230331597e-01	0.000000000000000000e+00
8.367419759334047136e-01	-3.377145577230331597e-01	0.000000000000000000e+00
8.367419759334047136e-01	-3.377145577230331597e-01	0.000000000000000000e+00
8.367419759334047136e-01	-3.377145577230331597e-01	0.000000000000000000e+00
8.367419759334047136e-01	-3.377145577230331597e-01	0.000000000000000000e+00
8.367419759334047136e-01	-3.377145577230331597e-01	0.000000000000000000e+00
8.367419759334047136e-01	-3.377145577230331597e-01	0.000000000000000000e+00
8.367419759334047136e-01	-3.712716298965825223e-01	0.000000000000000000e+00
8.367419759334047136e-01	-3.712716298965825223e-01	0.000000000000000000e+00
8.367419759334047136e-01	-3.712716298965825223e-01	0.000000000000000000e+00
8.367419759334047136e-01	-3.960319275289726493e-01	0.000000000000000000e+00
8.367419759334047136e-01	-3.960319275289726493e-01	0.000000000000000000e+00
8.367419759334047136e-01	-3.960319275289726493e-01	0.000000000000000000e+00
8.367419759334047136e-01	-3.960319275289726493e-01	0.000000000000000000e+00
8.367419759334047136e-01	-3.960319275289726493e-01	0.000000000000000000e+00
8.367419759334047136e-01	-3.960319275289726493e-01	0.000000000000000000e+00
8.367419759334047136e-01	-3.960319275289726493e-01	0.000000000000000000e+00
8.367419759334047136e-01	-4.028292982872185291e-01	0.000000000000000000e+00
