0.000000000000000000e+00	1.179897001178166649e+00	0.000000000000000000e+00
0.000000000000000000e+00	1.168978565859889018e+00	0.000000000000000000e+00
2.518482070788302662e-02	1.049832144557935054e+00	0.000000000000000000e+00
4.478768282591087668e-02	9.009243550095209496e-01	0.000000000000000000e+00
5.043564846930078532e-02	8.763141918474306458e-01	0.000000000000000000e+00
7.282948988225622367e-02	8.344398857350191490e-01	0.000000000000000000e+00
7.282948988225622367e-02	8.181479150352986007e-01	0.000000000000000000e+00
8.685039341042889716e-02	8.061113468442931973e-01	0.000000000000000000e+00
8.685039341042889716e-02	8.061113468442931973e-01	0.000000000000000000e+00
7.282948988225622367e-02	8.181479150352986007e-01	0.000000000000000000e+00
7.282948988225622367e-02	8.239463090291546665e-01	0.000000000000000000e+00
7.282948988225622367e-02	8.274819290260634341e-01	0.000000000000000000e+00
7.282948988225622367e-02	8.274819290260634341e-01	0.000000000000000000e+00
7.282948988225622367e-02	8.274819290260634341e-01	0.000000000000000000e+00
2.050181331747490676e-01	6.945611282677230935e-01	0.000000000000000000e+00
2.050181331747490676e-01	6.945611282677230935e-01	0.000000000000000000e+00
2.169344597670984087e-01	6.118980981497947891e-01	0.000000000000000000e+00
2.174852249232611667e-01	5.319578712008898869e-01	0.000000000000000000e+00
2.227689320434472764e-01	4.982123774104168512e-01	0.000000000000000000e+00
2.301210265271154409e-01	4.553065988629774186e-01	0.000000000000000000e+00
2.323645931202186765e-01	4.001225913016320801e-01	0.000000000000000000e+00
2.323645931202186765e-01	4.001225913016320801e-01	0.000000000000000000e+00
2.437091731717334619e-01	3.515528891717609739e-01	0.000000000000000000e+00
2.528101866301449840e-01	3.062533267120072233e-01	0.000000000000000000e+00
2.528101866301449840e-01	3.062533267120072233e-01	0.000000000000000000e+00
2.528101866301449840e-01	3.062533267120072233e-01	0.000000000000000000e+00
2.528101866301449840e-01	3.062533267120072233e-01	0.000000000000000000e+00
2.528101866301449840e-01	3.062533267120072233e-01	0.000000000000000000e+00
2.528101866301449840e-01	3.062533267120072233e-01	0.000000000000000000e+00
2.528101866301449840e-01	3.067798747045255570e-01	0.000000000000000000e+00
2.528101866301449840e-01	3.067798747045255570e-01	0.000000000000000000e+00
2.619112000885565061e-01	3.091178413622956422e-01	0.000000000000000000e+00
2.619112000885565061e-01	3.091178413622956422e-01	0.000000000000000000e+00
2.619112000885565061e-01	3.091178413622956422e-01	0.000000000000000000e+00
2.619112000885565061e-01	3.106575866172412992e-01	0.000000000000000000e+00
4.354844842757163992e-01	8.253510764667985888e-02	0.000000000000000000e+00
4.354844842757163992e-01	8.253510764667985888e-02	0.000000000000000000e+00
4.354844842757163992e-01	8.253510764667985888e-02	0.000000000000000000e+00
4.354844842757163992e-01	8.253510764667985888e-02	0.000000000000000000e+00
4.354844842757163992e-01	8.253510764667985888e-02	0.000000000000000000e+00
4.354844842757163992e-01	8.253510764667985888e-02	0.000000000000000000e+00
4.354844842757163992e-01	8.253510764667985888e-02	0.000000000000000000e+00
4.354844842757163992e-01	8.253510764667985888e-02	0.000000000000000000e+00
4.379827747951415273e-01	8.980820223794365453e-03	0.000000000000000000e+00
4.379827747951415273e-01	8.980820223794365453e-03	0.000000000000000000e+00
4.379827747951415273e-01	8.980820223794365453e-03	0.000000000000000000e+00
4.427590307914771039e-01	-1.365209730621358593e-02	0.000000000000000000e+00
4.427590307914771039e-01	-1.394928774137575538e-02	0.000000000000000000e+00
4.427590307914771039e-01	-1.394928774137575538e-02	0.000000000000000000e+00
4.427590307914771039e-01	-1.365209730621358593e-02	0.000000000000000000e+00
4.427590307914771039e-01	-1.365209730621358593e-02	0.000000000000000000e+00
4.475352867878126806e-01	-1.347650698640207902e-02	0.000000000000000000e+00
4.475352867878126806e-01	-1.347650698640207902e-02	0.000000000000000000e+00
4.475352867878126806e-01	-1.347650698640207902e-02	0.000000000000000000e+00
4.475352867878126806e-01	-1.907709061451704630e-02	0.000000000000000000e+00
4.475352867878126806e-01	-1.907709061451704630e-02	0.000000000000000000e+00
6.238002639599136145e-01	-1.599263923253714248e-01	0.000000000000000000e+00
6.238002639599136145e-01	-1.599263923253714248e-01	0.000000000000000000e+00
6.238002639599136145e-01	-1.599263923253714248e-01	0.000000000000000000e+00
6.238002639599136145e-01	-1.599263923253714248e-01	0.000000000000000000e+00
6.238002639599136145e-01	-1.596634020743903093e-01	0.000000000000000000e+00
6.238002639599136145e-01	-1.596634020743903093e-01	0.000000000000000000e+00
6.238002639599136145e-01	-1.596634020743903093e-01	0.000000000000000000e+00
6.238002639599136145e-01	-1.596634020743903093e-01	0.000000000000000000e+00
6.238002639599136145e-01	-1.621903811195690992e-01	0.000000000000000000e+00
6.316457628465772522e-01	-2.096302387769385100e-01	0.000000000000000000e+00
6.316457628465772522e-01	-2.096302387769385100e-01	0.000000000000000000e+00
6.316457628465772522e-01	-2.096302387769385100e-01	0.000000000000000000e+00
6.316457628465772522e-01	-2.328656253134300247e-01	0.000000000000000000e+00
6.420986945319093753e-01	-3.300984391879547286e-01	0.000000000000000000e+00
6.420986945319093753e-01	-3.300984391879547286e-01	0.000000000000000000e+00
6.420986945319093753e-01	-3.081645644451538879e-01	0.000000000000000000e+00
6.420986945319093753e-01	-3.152591271367048975e-01	0.000000000000000000e+00
6.420986945319093753e-01	-3.152591271367048975e-01	0.000000000000000000e+00
6.420986945319093753e-01	-3.152591271367048975e-01	0.000000000000000000e+00
6.420986945319093753e-01	-3.152591271367048975e-01	0.000000000000000000e+00
6.420986945319093753e-01	-3.152591271367048975e-01	0.000000000000000000e+00
6.420986945319093753e-01	-3.152591271367048975e-01	0.000000000000000000e+00
6.420986945319093753e-01	-3.152591271367048975e-01	0.000000000000000000e+00
6.420986945319093753e-01	-3.152591271367048975e-01	0.000000000000000000e+00
8.367419759334047136e-01	-5.145610763412558075e-01	0.000000000000000000e+00
8.367419759334047136e-01	-5.145610763412558075e-01	0.000000000000000000e+00
8.367419759334047136e-01	-4.327058608965743125e-01	0.000000000000000000e+00
8.367419759334047136e-01	-4.453386809703850924e-01	0.000000000000000000e+00
8.367419759334047136e-01	-4.453386809703850924e-01	0.000000000000000000e+00
8.367419759334047136e-01	-4.453386809703850924e-01	0.000000000000000000e+00
8.367419759334047136e-01	-4.453386809703850924e-01	0.000000000000000000e+00
8.367419759334047136e-01	-4.453386809703850924e-01	0.000000000000000000e+00
8.367419759334047136e-01	-4.453386809703850924e-01	0.000000000000000000e+00
8.367419759334047136e-01	-4.453386809703850924e-01	0.000000000000000000e+00
8.367419759334047136e-01	-4.453386809703850924e-01	0.000000000000000000e+00
8.367419759334047136e-01	-4.752809633515064913e-01	0.000000000000000000e+00
8.367419759334047136e-01	-4.643944950787844972e-01	0.000000000000000000e+00
8.367419759334047136e-01	-4.643944950787844972e-01	0.000000000000000000e+00
8.367419759334047136e-01	-4.752809633515064913e-01	0.000000000000000000e+00
8.367419759334047136e-01	-4.786296654171637299e-01	0.000000000000000000e+00
8.367419759334047136e-01	-4.786296654171637299e-01	0.000000000000000000e+00
8.367419759334047136e-01	-4.786296654171637299e-01	0.000000000000000000e+00
8.367419759334047136e-01	-4.786296654171637299e-01	0.000000000000000000e+00
8.367419759334047136e-01	-4.786296654171637299e-01	0.000000000000000000e+00
