0.000000000000000000e+00	1.321761606250123400e+00	0.000000000000000000e+00
0.000000000000000000e+00	1.245643679621024846e+00	0.000000000000000000e+00
3.362376564620052355e-02	1.052716167264711844e+00	0.000000000000000000e+00
4.478768282591087668e-02	9.594473627395393445e-01	0.000000000000000000e+00
4.478768282591087668e-02	9.070029983098957249e-01	0.000000000000000000e+00
6.724753129240104710e-02	8.898043360396079571e-01	0.000000000000000000e+00
6.724753129240104710e-02	8.898043360396079571e-01	0.000000000000000000e+00
6.724753129240104710e-02	8.898043360396079571e-01	0.000000000000000000e+00
1.008712969386015706e-01	8.595695915184724534e-01	0.000000000000000000e+00
6.724753129240104710e-02	8.898043360396079571e-01	0.000000000000000000e+00
6.724753129240104710e-02	8.910522431633767226e-01	0.000000000000000000e+00
6.724753129240104710e-02	8.910522431633767226e-01	0.000000000000000000e+00
6.724753129240104710e-02	8.910522431633767226e-01	0.000000000000000000e+00
6.724753129240104710e-02	8.910522431633767226e-01	0.000000000000000000e+00
2.026065321870330060e-01	7.408520649665052416e-01	0.000000000000000000e+00
2.050181331747490676e-01	7.089368729356639864e-01	0.000000000000000000e+00
2.122015178030751126e-01	6.621203860829842913e-01	0.000000000000000000e+00
2.138091776814270983e-01	5.639772953193133986e-01	0.000000000000000000e+00
2.169988994409081107e-01	5.551279852262741565e-01	0.000000000000000000e+00
2.249345845033999813e-01	5.375913343980139869e-01	0.000000000000000000e+00
2.313140280223619782e-01	5.128228075810887798e-01	0.000000000000000000e+00
2.376418308661257528e-01	4.090120000964083680e-01	0.000000000000000000e+00
2.376418308661257528e-01	4.090120000964083680e-01	0.000000000000000000e+00
2.456161352648282559e-01	3.835230755859095897e-01	0.000000000000000000e+00
2.525099855186376807e-01	3.652215545672473085e-01	0.000000000000000000e+00
2.608366153816524813e-01	3.464143617821761056e-01	0.000000000000000000e+00
2.619112000885565061e-01	3.397618628214636449e-01	0.000000000000000000e+00
2.619112000885565061e-01	3.397618628214636449e-01	0.000000000000000000e+00
2.619112000885565061e-01	3.397618628214636449e-01	0.000000000000000000e+00
2.619112000885565061e-01	3.351478061107390216e-01	0.000000000000000000e+00
2.619112000885565061e-01	3.351478061107390216e-01	0.000000000000000000e+00
2.619112000885565061e-01	3.351478061107390216e-01	0.000000000000000000e+00
2.619112000885565061e-01	3.351478061107390216e-01	0.000000000000000000e+00
2.619112000885565061e-01	3.351478061107390216e-01	0.000000000000000000e+00
2.619112000885565061e-01	3.351478061107390216e-01	0.000000000000000000e+00
2.619112000885565061e-01	3.351478061107390216e-01	0.000000000000000000e+00
4.398932771936757691e-01	7.953146316617369649e-02	0.000000000000000000e+00
4.398932771936757691e-01	7.953146316617369649e-02	0.000000000000000000e+00
4.398932771936757691e-01	7.953146316617369649e-02	0.000000000000000000e+00
4.398932771936757691e-01	7.953146316617369649e-02	0.000000000000000000e+00
4.398932771936757691e-01	7.953146316617369649e-02	0.000000000000000000e+00
4.398932771936757691e-01	7.953146316617369649e-02	0.000000000000000000e+00
4.398932771936757691e-01	8.504673792763065010e-02	0.000000000000000000e+00
4.395993831332303259e-01	6.031419415005647572e-02	0.000000000000000000e+00
4.395993831332303259e-01	6.031419415005647572e-02	0.000000000000000000e+00
4.395993831332303259e-01	6.031419415005647572e-02	0.000000000000000000e+00
4.395993831332303259e-01	6.031419415005647572e-02	0.000000000000000000e+00
4.398932771936757691e-01	5.796003182326959352e-02	0.000000000000000000e+00
4.398932771936757691e-01	4.341767082008918949e-02	0.000000000000000000e+00
4.404810653145666000e-01	4.323917514514958454e-02	0.000000000000000000e+00
4.404810653145666000e-01	4.323917514514958454e-02	0.000000000000000000e+00
4.404810653145666000e-01	4.323917514514958454e-02	0.000000000000000000e+00
4.404810653145666000e-01	4.323917514514958454e-02	0.000000000000000000e+00
4.404810653145666000e-01	4.323917514514958454e-02	0.000000000000000000e+00
4.404810653145666000e-01	4.323917514514958454e-02	0.000000000000000000e+00
4.404810653145666000e-01	4.495185889877290758e-02	0.000000000000000000e+00
6.253693637372463865e-01	-8.364423653145419690e-02	0.000000000000000000e+00
6.253693637372463865e-01	-7.985988316619246907e-02	0.000000000000000000e+00
6.253693637372463865e-01	-7.985988316619246907e-02	0.000000000000000000e+00
6.253693637372463865e-01	-7.985988316619246907e-02	0.000000000000000000e+00
6.253693637372463865e-01	-7.985988316619246907e-02	0.000000000000000000e+00
6.253693637372463865e-01	-7.985988316619246907e-02	0.000000000000000000e+00
6.253693637372463865e-01	-7.985988316619246907e-02	0.000000000000000000e+00
6.280619218642571333e-01	-1.088430254551606274e-01	0.000000000000000000e+00
6.280619218642571333e-01	-1.088430254551606274e-01	0.000000000000000000e+00
6.316457628465772522e-01	-1.522302836317547259e-01	0.000000000000000000e+00
6.316457628465772522e-01	-1.522302836317547259e-01	0.000000000000000000e+00
6.316457628465772522e-01	-1.522302836317547259e-01	0.000000000000000000e+00
6.316457628465772522e-01	-1.528753982062721894e-01	0.000000000000000000e+00
6.316457628465772522e-01	-1.528753982062721894e-01	0.000000000000000000e+00
6.339970738174410814e-01	-1.879504124896880235e-01	0.000000000000000000e+00
6.339970738174410814e-01	-1.879504124896880235e-01	0.000000000000000000e+00
6.339970738174410814e-01	-1.879504124896880235e-01	0.000000000000000000e+00
6.386996957591687396e-01	-2.076685031826485672e-01	0.000000000000000000e+00
6.339970738174410814e-01	-1.879504124896880235e-01	0.000000000000000000e+00
6.363483847883049105e-01	-1.815387460099855688e-01	0.000000000000000000e+00
8.367419759334047136e-01	-4.452414697604794580e-01	0.000000000000000000e+00
8.367419759334047136e-01	-4.452414697604794580e-01	0.000000000000000000e+00
8.367419759334047136e-01	-4.452414697604794580e-01	0.000000000000000000e+00
8.367419759334047136e-01	-4.452414697604794580e-01	0.000000000000000000e+00
8.367419759334047136e-01	-4.452414697604794580e-01	0.000000000000000000e+00
8.367419759334047136e-01	-4.452414697604794580e-01	0.000000000000000000e+00
8.367419759334047136e-01	-4.250082614386728741e-01	0.000000000000000000e+00
8.367419759334047136e-01	-4.131303369912598944e-01	0.000000000000000000e+00
8.367419759334047136e-01	-4.131303369912598944e-01	0.000000000000000000e+00
8.367419759334047136e-01	-4.131303369912598944e-01	0.000000000000000000e+00
8.367419759334047136e-01	-3.781734349247947158e-01	0.000000000000000000e+00
8.367419759334047136e-01	-3.781734349247947158e-01	0.000000000000000000e+00
8.367419759334047136e-01	-3.781734349247947158e-01	0.000000000000000000e+00
8.367419759334047136e-01	-3.781734349247947158e-01	0.000000000000000000e+00
8.367419759334047136e-01	-3.781734349247947158e-01	0.000000000000000000e+00
8.367419759334047136e-01	-3.781734349247947158e-01	0.000000000000000000e+00
8.367419759334047136e-01	-4.160444264052618468e-01	0.000000000000000000e+00
8.367419759334047136e-01	-4.160444264052618468e-01	0.000000000000000000e+00
8.367419759334047136e-01	-4.160444264052618468e-01	0.000000000000000000e+00
8.367419759334047136e-01	-4.160444264052618468e-01	0.000000000000000000e+00
8.367419759334047136e-01	-4.160444264052618468e-01	0.000000000000000000e+00
8.367419759334047136e-01	-4.160444264052618468e-01	0.000000000000000000e+00
8.367419759334047136e-01	-4.184043543263086251e-01	0.000000000000000000e+00
8.367419759334047136e-01	-4.184043543263086251e-01	0.000000000000000000e+00
