0.000000000000000000e+00	1.085731899408829193e+00	0.000000000000000000e+00
1.579208095300090389e-02	9.066209510266052263e-01	0.000000000000000000e+00
2.961792107101099761e-02	8.411217172086571381e-01	0.000000000000000000e+00
4.618649031151376982e-02	7.641921930167004939e-01	0.000000000000000000e+00
5.359097057926651836e-02	7.297441776941674396e-01	0.000000000000000000e+00
7.274124041907824301e-02	6.827653809285244568e-01	0.000000000000000000e+00
8.755020095458374008e-02	6.798944622787800318e-01	0.000000000000000000e+00
8.755020095458374008e-02	6.798944622787800318e-01	0.000000000000000000e+00
8.755020095458374008e-02	6.798944622787800318e-01	0.000000000000000000e+00
8.755020095458374008e-02	6.798944622787800318e-01	0.000000000000000000e+00
8.755020095458374008e-02	6.798944622787800318e-01	0.000000000000000000e+00
8.755020095458374008e-02	6.798944622787800318e-01	0.000000000000000000e+00
8.755020095458374008e-02	6.837519794582367361e-01	0.000000000000000000e+00
2.031630554969806601e-01	5.520532199402453655e-01	0.000000000000000000e+00
2.067388164798911743e-01	5.182551591256658874e-01	0.000000000000000000e+00
2.101918536963680029e-01	4.934746457006976561e-01	0.000000000000000000e+00
2.203446484056018340e-01	4.285994571917273732e-01	0.000000000000000000e+00
2.265636953970256717e-01	3.977330629507014881e-01	0.000000000000000000e+00
2.338980697584415736e-01	3.467427657313026934e-01	0.000000000000000000e+00
2.410495917242626296e-01	3.014704055790445314e-01	0.000000000000000000e+00
2.514714878714289226e-01	2.792838072012250872e-01	0.000000000000000000e+00
2.571635420671572470e-01	2.571314970049380366e-01	0.000000000000000000e+00
2.571635420671572470e-01	2.571314970049380366e-01	0.000000000000000000e+00
2.571635420671572470e-01	2.571314970049380366e-01	0.000000000000000000e+00
2.571635420671572470e-01	2.571314970049380366e-01	0.000000000000000000e+00
2.571635420671572470e-01	2.571314970049380366e-01	0.000000000000000000e+00
2.571635420671572470e-01	2.571314970049380366e-01	0.000000000000000000e+00
2.571635420671572470e-01	2.571314970049380366e-01	0.000000000000000000e+00
2.571635420671572470e-01	2.571314970049380366e-01	0.000000000000000000e+00
2.571635420671572470e-01	2.571314970049380366e-01	0.000000000000000000e+00
4.138357184213978801e-01	1.984067082225168532e-01	0.000000000000000000e+00
4.149249454316936703e-01	1.913517996253613351e-01	0.000000000000000000e+00
4.197865680632235641e-01	1.368967837605378768e-01	0.000000000000000000e+00
4.224697366741617666e-01	1.111936441157970745e-01	0.000000000000000000e+00
4.242440160241940372e-01	7.178372196806508121e-02	0.000000000000000000e+00
4.268266447153450383e-01	5.859057533085754860e-02	0.000000000000000000e+00
4.274267137029327257e-01	3.047516212126302054e-02	0.000000000000000000e+00
4.312840926763155114e-01	-7.774903151519210048e-03	0.000000000000000000e+00
4.357415406372860400e-01	-5.143916676728535475e-02	0.000000000000000000e+00
4.357415406372860400e-01	-5.143916676728535475e-02	0.000000000000000000e+00
4.429360274260667474e-01	-9.043326855301425660e-02	0.000000000000000000e+00
4.429360274260667474e-01	-9.043326855301425660e-02	0.000000000000000000e+00
4.462124942364787406e-01	-1.073715075114382855e-01	0.000000000000000000e+00
4.539671510980457514e-01	-1.218288020120707749e-01	0.000000000000000000e+00
4.539671510980457514e-01	-1.218288020120707749e-01	0.000000000000000000e+00
4.539671510980457514e-01	-1.218288020120707749e-01	0.000000000000000000e+00
4.539671510980457514e-01	-1.218288020120707749e-01	0.000000000000000000e+00
4.539671510980457514e-01	-1.218288020120707749e-01	0.000000000000000000e+00
4.539671510980457514e-01	-1.218288020120707749e-01	0.000000000000000000e+00
4.539671510980457514e-01	-1.181891798132007759e-01	0.000000000000000000e+00
4.539671510980457514e-01	-1.181891798132007759e-01	0.000000000000000000e+00
6.228888880226234326e-01	-1.786206055995804287e-01	0.000000000000000000e+00
6.228888880226234326e-01	-1.786206055995804287e-01	0.000000000000000000e+00
6.228888880226234326e-01	-1.786206055995804287e-01	0.000000000000000000e+00
6.281699860878137143e-01	-2.538461889084206446e-01	0.000000000000000000e+00
6.262994059219073595e-01	-2.368874379068142966e-01	0.000000000000000000e+00
6.262994059219073595e-01	-2.368874379068142966e-01	0.000000000000000000e+00
6.281699860878137143e-01	-2.538461889084206446e-01	0.000000000000000000e+00
6.296044694979994194e-01	-2.770739231272730807e-01	0.000000000000000000e+00
6.297923573154672328e-01	-2.869841642708342855e-01	0.000000000000000000e+00
6.315689935726396254e-01	-3.072548841346416371e-01	0.000000000000000000e+00
6.335335176472798313e-01	-3.188429704062097914e-01	0.000000000000000000e+00
6.335335176472798313e-01	-3.360803311670096383e-01	0.000000000000000000e+00
6.357798734481219238e-01	-3.570151785736743189e-01	0.000000000000000000e+00
6.370669789206939715e-01	-3.736059177498762263e-01	0.000000000000000000e+00
6.391500768243602026e-01	-3.936649563756567938e-01	0.000000000000000000e+00
6.391500768243602026e-01	-3.936649563756567938e-01	0.000000000000000000e+00
6.408921775407752097e-01	-4.106418211270374541e-01	0.000000000000000000e+00
6.443763789736052239e-01	-4.290602014694878119e-01	0.000000000000000000e+00
6.449598536669394200e-01	-4.340246658811808822e-01	0.000000000000000000e+00
6.461268030536079232e-01	-4.404313154517389695e-01	0.000000000000000000e+00
6.461268030536079232e-01	-4.404313154517389695e-01	0.000000000000000000e+00
6.461268030536079232e-01	-4.404313154517389695e-01	0.000000000000000000e+00
6.461268030536079232e-01	-4.404313154517389695e-01	0.000000000000000000e+00
6.461268030536079232e-01	-4.404313154517389695e-01	0.000000000000000000e+00
8.283765347066314177e-01	-5.318728438203016440e-01	0.000000000000000000e+00
8.283765347066314177e-01	-5.318728438203016440e-01	0.000000000000000000e+00
8.283765347066314177e-01	-5.318728438203016440e-01	0.000000000000000000e+00
8.283765347066314177e-01	-5.318728438203016440e-01	0.000000000000000000e+00
8.283765347066314177e-01	-5.318728438203016440e-01	0.000000000000000000e+00
8.283765347066314177e-01	-5.318728438203016440e-01	0.000000000000000000e+00
8.283765347066314177e-01	-5.318728438203016440e-01	0.000000000000000000e+00
8.332888944490669525e-01	-6.044769409212583655e-01	0.000000000000000000e+00
8.332888944490669525e-01	-6.044769409212583655e-01	0.000000000000000000e+00
8.332888944490669525e-01	-6.044769409212583655e-01	0.000000000000000000e+00
8.332888944490669525e-01	-6.044769409212583655e-01	0.000000000000000000e+00
8.332888944490669525e-01	-6.044769409212583655e-01	0.000000000000000000e+00
8.350079937685214171e-01	-6.022995554118432127e-01	0.000000000000000000e+00
8.363005826056677527e-01	-6.169199872190361811e-01	0.000000000000000000e+00
8.374636933893486734e-01	-6.298232642552396010e-01	0.000000000000000000e+00
8.374636933893486734e-01	-6.298232642552396010e-01	0.000000000000000000e+00
8.384331350172085084e-01	-6.488774348062900099e-01	0.000000000000000000e+00
8.401391769464410242e-01	-6.669302610252733077e-01	0.000000000000000000e+00
8.401391769464410242e-01	-6.669302610252733077e-01	0.000000000000000000e+00
8.415430069472675800e-01	-6.919297259109932208e-01	0.000000000000000000e+00
8.415430069472675800e-01	-6.919297259109932208e-01	0.000000000000000000e+00
8.415430069472675800e-01	-6.919297259109932208e-01	0.000000000000000000e+00
8.455969677983852240e-01	-7.010660254343842324e-01	0.000000000000000000e+00
8.467515376293187623e-01	-7.079147247746375715e-01	0.000000000000000000e+00
8.500577179707575759e-01	-7.112855396257196094e-01	0.000000000000000000e+00
