0.000000000000000000e+00	1.137790669546243416e+00	0.000000000000000000e+00
1.579208095300090389e-02	1.007565334276583791e+00	0.000000000000000000e+00
2.765168023602018743e-02	9.440660869976468250e-01	0.000000000000000000e+00
4.728342043996948407e-02	8.364353930846519791e-01	0.000000000000000000e+00
5.989852071856355265e-02	7.781869132750621754e-01	0.000000000000000000e+00
7.109544142504127529e-02	7.462239748492810465e-01	0.000000000000000000e+00
8.755020095458374008e-02	7.363376660907252624e-01	0.000000000000000000e+00
8.755020095458374008e-02	7.363376660907252624e-01	0.000000000000000000e+00
8.755020095458374008e-02	7.363376660907252624e-01	0.000000000000000000e+00
8.755020095458374008e-02	7.363376660907252624e-01	0.000000000000000000e+00
8.755020095458374008e-02	7.363376660907252624e-01	0.000000000000000000e+00
8.755020095458374008e-02	7.363376660907252624e-01	0.000000000000000000e+00
8.755020095458374008e-02	7.363376660907252624e-01	0.000000000000000000e+00
2.001713196321894261e-01	6.467894442070447614e-01	0.000000000000000000e+00
2.031630554969806601e-01	5.926633288127540755e-01	0.000000000000000000e+00
2.156011494798283357e-01	5.385546962127231163e-01	0.000000000000000000e+00
2.156011494798283357e-01	4.915750901208277290e-01	0.000000000000000000e+00
2.252947765649476186e-01	4.225018898229724873e-01	0.000000000000000000e+00
2.312782482945300866e-01	3.903903585888428007e-01	0.000000000000000000e+00
2.365697564470697345e-01	3.358752668764455884e-01	0.000000000000000000e+00
2.405335287700056113e-01	3.161557594005690586e-01	0.000000000000000000e+00
2.478069230840131976e-01	2.855755124499840258e-01	0.000000000000000000e+00
2.587170145550246048e-01	2.682201392464456102e-01	0.000000000000000000e+00
2.587170145550246048e-01	2.682201392464456102e-01	0.000000000000000000e+00
2.587170145550246048e-01	2.682201392464456102e-01	0.000000000000000000e+00
2.587170145550246048e-01	2.682201392464456102e-01	0.000000000000000000e+00
2.587170145550246048e-01	2.682148318910068108e-01	0.000000000000000000e+00
2.587170145550246048e-01	2.682148318910068108e-01	0.000000000000000000e+00
2.587170145550246048e-01	2.682148318910068108e-01	0.000000000000000000e+00
2.587170145550246048e-01	2.682148318910068108e-01	0.000000000000000000e+00
2.587170145550246048e-01	2.682148318910068108e-01	0.000000000000000000e+00
2.587170145550246048e-01	2.682148318910068108e-01	0.000000000000000000e+00
4.258275865797441773e-01	1.239880807534591983e-01	0.000000000000000000e+00
4.258275865797441773e-01	1.239880807534591983e-01	0.000000000000000000e+00
4.258275865797441773e-01	1.239880807534591983e-01	0.000000000000000000e+00
4.282552845396350172e-01	9.844751258935849347e-02	0.000000000000000000e+00
4.285784130689341276e-01	5.290733566012221362e-02	0.000000000000000000e+00
4.285784130689341276e-01	5.290733566012221362e-02	0.000000000000000000e+00
4.348630769881938196e-01	2.930304428658406929e-02	0.000000000000000000e+00
4.336492280082484552e-01	1.945062593835852893e-02	0.000000000000000000e+00
4.366820302422974587e-01	-8.945295571563724110e-03	0.000000000000000000e+00
4.392589862020737090e-01	-3.781247323250085113e-02	0.000000000000000000e+00
4.438578103178825174e-01	-8.380552209942498942e-02	0.000000000000000000e+00
4.438578103178825174e-01	-8.380552209942498942e-02	0.000000000000000000e+00
4.458796784739151864e-01	-1.001187859137005060e-01	0.000000000000000000e+00
4.539671510980457514e-01	-1.141199832331695474e-01	0.000000000000000000e+00
4.539671510980457514e-01	-1.143176131145394181e-01	0.000000000000000000e+00
4.539671510980457514e-01	-1.143176131145394181e-01	0.000000000000000000e+00
4.539671510980457514e-01	-1.143176131145394181e-01	0.000000000000000000e+00
4.539671510980457514e-01	-1.146546186818977880e-01	0.000000000000000000e+00
4.539671510980457514e-01	-1.146546186818977880e-01	0.000000000000000000e+00
4.539671510980457514e-01	-1.146546186818977880e-01	0.000000000000000000e+00
4.539671510980457514e-01	-1.146546186818977880e-01	0.000000000000000000e+00
4.539671510980457514e-01	-1.146546186818977880e-01	0.000000000000000000e+00
6.228888880226234326e-01	-1.659897443858452948e-01	0.000000000000000000e+00
6.228888880226234326e-01	-1.659897443858452948e-01	0.000000000000000000e+00
6.228888880226234326e-01	-1.897136442609292650e-01	0.000000000000000000e+00
6.266645883342540913e-01	-2.072425164502708084e-01	0.000000000000000000e+00
6.269249814591941750e-01	-2.243875780638421580e-01	0.000000000000000000e+00
6.336952027076353522e-01	-2.950059696382021923e-01	0.000000000000000000e+00
6.336952027076353522e-01	-2.950059696382021923e-01	0.000000000000000000e+00
6.336952027076353522e-01	-2.950059696382021923e-01	0.000000000000000000e+00
6.336952027076353522e-01	-2.950059696382021923e-01	0.000000000000000000e+00
6.370803133318558853e-01	-3.246546025868699559e-01	0.000000000000000000e+00
6.370803133318558853e-01	-3.246546025868699559e-01	0.000000000000000000e+00
6.370803133318558853e-01	-3.246546025868699559e-01	0.000000000000000000e+00
6.383822789565558598e-01	-3.580045664796844274e-01	0.000000000000000000e+00
6.383822789565558598e-01	-3.580045664796844274e-01	0.000000000000000000e+00
6.404654239560761964e-01	-3.676741071262188409e-01	0.000000000000000000e+00
6.409862102059563638e-01	-3.925642324189491661e-01	0.000000000000000000e+00
6.425485689555965330e-01	-3.929275580410157009e-01	0.000000000000000000e+00
6.425485689555965330e-01	-3.929275580410157009e-01	0.000000000000000000e+00
6.409862102059563638e-01	-3.925642324189491661e-01	0.000000000000000000e+00
6.409862102059563638e-01	-3.925642324189491661e-01	0.000000000000000000e+00
8.332888944490669525e-01	-4.767903057666628697e-01	0.000000000000000000e+00
8.332888944490669525e-01	-4.767903057666628697e-01	0.000000000000000000e+00
8.332888944490669525e-01	-4.767903057666628697e-01	0.000000000000000000e+00
8.332888944490669525e-01	-4.767903057666628697e-01	0.000000000000000000e+00
8.332888944490669525e-01	-4.767903057666628697e-01	0.000000000000000000e+00
8.332888944490669525e-01	-4.921564517034721642e-01	0.000000000000000000e+00
8.332888944490669525e-01	-4.921564517034721642e-01	0.000000000000000000e+00
8.332888944490669525e-01	-4.921564517034721642e-01	0.000000000000000000e+00
8.332888944490669525e-01	-4.921564517034721642e-01	0.000000000000000000e+00
8.332888944490669525e-01	-5.026694937123138418e-01	0.000000000000000000e+00
8.354169562940658711e-01	-5.338459958448630305e-01	0.000000000000000000e+00
8.354169562940658711e-01	-5.338459958448630305e-01	0.000000000000000000e+00
8.354169562940658711e-01	-5.338459958448630305e-01	0.000000000000000000e+00
8.354169562940658711e-01	-5.578214661172967714e-01	0.000000000000000000e+00
8.354169562940658711e-01	-5.578214661172967714e-01	0.000000000000000000e+00
8.385287448409981526e-01	-5.688216649063079222e-01	0.000000000000000000e+00
8.441701163357593352e-01	-6.217513912237812024e-01	0.000000000000000000e+00
8.412390122851005625e-01	-5.854782209973202756e-01	0.000000000000000000e+00
8.414598488916569252e-01	-5.995563589620449552e-01	0.000000000000000000e+00
8.441701163357593352e-01	-6.217513912237812024e-01	0.000000000000000000e+00
8.441701163357593352e-01	-6.217513912237812024e-01	0.000000000000000000e+00
8.495906512239641550e-01	-6.250666825759987333e-01	0.000000000000000000e+00
8.495906512239641550e-01	-6.598281365094029738e-01	0.000000000000000000e+00
8.495906512239641550e-01	-6.598281365094029738e-01	0.000000000000000000e+00
8.495906512239641550e-01	-6.598281365094029738e-01	0.000000000000000000e+00
8.495906512239641550e-01	-6.598281365094029738e-01	0.000000000000000000e+00
