0.000000000000000000e+00	1.045234155287178224e+00	0.000000000000000000e+00
1.579208095300090389e-02	8.733763713720766875e-01	0.000000000000000000e+00
3.107091020964979078e-02	7.996746352789461110e-01	0.000000000000000000e+00
4.618649031151376982e-02	7.509759176183886664e-01	0.000000000000000000e+00
5.640705038124687459e-02	7.140575920431233570e-01	0.000000000000000000e+00
7.326947596756977488e-02	6.773969122576871671e-01	0.000000000000000000e+00
8.143657098648546255e-02	6.728530829123552381e-01	0.000000000000000000e+00
8.143657098648546255e-02	6.728530829123552381e-01	0.000000000000000000e+00
8.143657098648546255e-02	6.728530829123552381e-01	0.000000000000000000e+00
8.143657098648546255e-02	6.728530829123552381e-01	0.000000000000000000e+00
8.143657098648546255e-02	6.728530829123552381e-01	0.000000000000000000e+00
8.143657098648546255e-02	6.728530829123552381e-01	0.000000000000000000e+00
1.948243465656375462e-01	6.243871170932678849e-01	0.000000000000000000e+00
2.026060564320943114e-01	5.405086980017604903e-01	0.000000000000000000e+00
2.061204555317879827e-01	5.153129563638282340e-01	0.000000000000000000e+00
2.101918536963680029e-01	4.874213968330179947e-01	0.000000000000000000e+00
2.218245898507258396e-01	4.039168999769444657e-01	0.000000000000000000e+00
2.338980697584415736e-01	3.504204850567687046e-01	0.000000000000000000e+00
2.353905129547468333e-01	3.096864115969513720e-01	0.000000000000000000e+00
2.455921677960162530e-01	2.782617659580245428e-01	0.000000000000000000e+00
2.513164930483698933e-01	2.540707289256480261e-01	0.000000000000000000e+00
2.571635420671572470e-01	2.469125977614975154e-01	0.000000000000000000e+00
2.571635420671572470e-01	2.469125977614975154e-01	0.000000000000000000e+00
2.571635420671572470e-01	2.469125977614975154e-01	0.000000000000000000e+00
2.571635420671572470e-01	2.469125977614975154e-01	0.000000000000000000e+00
2.571635420671572470e-01	2.469125977614975154e-01	0.000000000000000000e+00
2.571635420671572470e-01	2.469125977614975154e-01	0.000000000000000000e+00
2.571635420671572470e-01	2.469125977614975154e-01	0.000000000000000000e+00
2.571635420671572470e-01	2.469125977614975154e-01	0.000000000000000000e+00
4.107024980697688843e-01	2.464417430394638953e-01	0.000000000000000000e+00
4.138357184213978801e-01	1.842948752542331869e-01	0.000000000000000000e+00
4.183123232069850816e-01	1.415378734725770138e-01	0.000000000000000000e+00
4.205410471874703737e-01	1.215704477576118464e-01	0.000000000000000000e+00
4.233345322887001605e-01	7.356941659932357547e-02	0.000000000000000000e+00
4.279561669568341387e-01	4.154727237005732127e-02	0.000000000000000000e+00
4.290553686958302748e-01	2.483147476525492808e-02	0.000000000000000000e+00
4.312840926763155114e-01	-1.229117136183093505e-03	0.000000000000000000e+00
4.335431371592937122e-01	-2.910448205845762512e-02	0.000000000000000000e+00
4.357415406372860400e-01	-4.390583352003796236e-02	0.000000000000000000e+00
4.426872084634356219e-01	-8.204447968967829019e-02	0.000000000000000000e+00
4.470581577961748598e-01	-1.017891766798355024e-01	0.000000000000000000e+00
4.516886030136079144e-01	-1.126418388925645858e-01	0.000000000000000000e+00
4.539671510980457514e-01	-1.235214933376241747e-01	0.000000000000000000e+00
4.539671510980457514e-01	-1.235214933376241747e-01	0.000000000000000000e+00
4.539671510980457514e-01	-1.235214933376241747e-01	0.000000000000000000e+00
4.539671510980457514e-01	-1.235214933376241747e-01	0.000000000000000000e+00
4.539671510980457514e-01	-1.235214933376241747e-01	0.000000000000000000e+00
4.539671510980457514e-01	-1.235214933376241747e-01	0.000000000000000000e+00
4.539671510980457514e-01	-1.235214933376241747e-01	0.000000000000000000e+00
4.539671510980457514e-01	-1.235214933376241747e-01	0.000000000000000000e+00
6.251098085130903925e-01	-2.002185775320246275e-01	0.000000000000000000e+00
6.251098085130903925e-01	-2.002185775320246275e-01	0.000000000000000000e+00
6.251098085130903925e-01	-2.002185775320246275e-01	0.000000000000000000e+00
6.261298677046648331e-01	-2.129322557186247578e-01	0.000000000000000000e+00
6.261298677046648331e-01	-2.338116345244006244e-01	0.000000000000000000e+00
6.281699860878137143e-01	-2.598593455270588604e-01	0.000000000000000000e+00
6.302101044709625954e-01	-2.754495382896982036e-01	0.000000000000000000e+00
6.312301636625370360e-01	-2.892614544115173492e-01	0.000000000000000000e+00
6.335545265180403396e-01	-3.250783261656189915e-01	0.000000000000000000e+00
6.335545265180403396e-01	-3.250783261656189915e-01	0.000000000000000000e+00
6.349435654898200054e-01	-3.548191198715316963e-01	0.000000000000000000e+00
6.358788893735436432e-01	-3.610700891409862612e-01	0.000000000000000000e+00
6.391500768243602026e-01	-3.978272690031171566e-01	0.000000000000000000e+00
6.391500768243602026e-01	-3.978272690031171566e-01	0.000000000000000000e+00
6.417209944334920646e-01	-4.041696972334197779e-01	0.000000000000000000e+00
6.417209944334920646e-01	-4.163953874781056719e-01	0.000000000000000000e+00
6.453823078595628537e-01	-4.306551401729659667e-01	0.000000000000000000e+00
6.484984233771642348e-01	-4.456672616726733982e-01	0.000000000000000000e+00
6.516145388947656159e-01	-4.569704681338216945e-01	0.000000000000000000e+00
6.516145388947656159e-01	-4.577919004877167297e-01	0.000000000000000000e+00
6.516145388947656159e-01	-4.577919004877167297e-01	0.000000000000000000e+00
6.516145388947656159e-01	-4.577919004877167297e-01	0.000000000000000000e+00
6.516145388947656159e-01	-4.577919004877167297e-01	0.000000000000000000e+00
8.261718335617203035e-01	-5.132124228875901695e-01	0.000000000000000000e+00
8.261718335617203035e-01	-5.132124228875901695e-01	0.000000000000000000e+00
8.261718335617203035e-01	-5.132124228875901695e-01	0.000000000000000000e+00
8.261718335617203035e-01	-5.132124228875901695e-01	0.000000000000000000e+00
8.267230088479480266e-01	-5.232902037470099632e-01	0.000000000000000000e+00
8.272741841341758606e-01	-5.300067405923412078e-01	0.000000000000000000e+00
8.283765347066314177e-01	-5.508510334798198960e-01	0.000000000000000000e+00
8.288358934275323886e-01	-5.553769100928548363e-01	0.000000000000000000e+00
8.299757405567614876e-01	-5.761992189059310654e-01	0.000000000000000000e+00
8.309487780071167506e-01	-5.850700816419961425e-01	0.000000000000000000e+00
8.320837871694028998e-01	-6.005763947279675330e-01	0.000000000000000000e+00
8.334789544423184537e-01	-6.095099967885493353e-01	0.000000000000000000e+00
8.354574202744267097e-01	-6.198730810586744466e-01	0.000000000000000000e+00
8.354574202744267097e-01	-6.279381872709598467e-01	0.000000000000000000e+00
8.356242299533005458e-01	-6.428217856141570374e-01	0.000000000000000000e+00
8.359578493110482178e-01	-6.533396588169116947e-01	0.000000000000000000e+00
8.376318884081155325e-01	-6.674971195111719657e-01	0.000000000000000000e+00
8.386211213241696605e-01	-6.787215144616586260e-01	0.000000000000000000e+00
8.390608453962582480e-01	-6.869534974450004494e-01	0.000000000000000000e+00
8.390608453962582480e-01	-6.891258610139334717e-01	0.000000000000000000e+00
8.421638414814682783e-01	-7.032821231386887639e-01	0.000000000000000000e+00
8.421638414814682783e-01	-7.089429355955931822e-01	0.000000000000000000e+00
8.457570017845277288e-01	-7.200800919263482536e-01	0.000000000000000000e+00
8.457570017845277288e-01	-7.272598242350795106e-01	0.000000000000000000e+00
8.476622777687179422e-01	-7.411327187158962548e-01	0.000000000000000000e+00
8.497039400291723776e-01	-7.473827418181996363e-01	0.000000000000000000e+00
8.500577179707575759e-01	-7.528151992337673848e-01	0.000000000000000000e+00
