0.000000000000000000e+00	4.811059369559983701e+00	0.000000000000000000e+00
1.037415388569995489e-02	4.559300680493334035e+00	0.000000000000000000e+00
1.037415388569995489e-02	4.559300680493334035e+00	0.000000000000000000e+00
1.037415388569995489e-02	4.559300680493334035e+00	0.000000000000000000e+00
9.220353949286336226e-02	3.945989111134417193e+00	0.000000000000000000e+00
9.220353949286336226e-02	3.945989111134417193e+00	0.000000000000000000e+00
9.220353949286336226e-02	3.945989111134417193e+00	0.000000000000000000e+00
1.740329251000267696e-01	3.892531735983623342e+00	0.000000000000000000e+00
1.740329251000267696e-01	3.892531735983623342e+00	0.000000000000000000e+00
9.220353949286336226e-02	3.945989111134417193e+00	0.000000000000000000e+00
2.558623107071901770e-01	3.538654265578689007e+00	0.000000000000000000e+00
2.558623107071901770e-01	3.538654265578689007e+00	0.000000000000000000e+00
2.558623107071901770e-01	3.154207551293435330e+00	0.000000000000000000e+00
1.740329251000267696e-01	3.413467301905992013e+00	0.000000000000000000e+00
2.558623107071901770e-01	3.154207551293435330e+00	0.000000000000000000e+00
2.558623107071901770e-01	3.154207551293435330e+00	0.000000000000000000e+00
2.558623107071901770e-01	3.154207551293435330e+00	0.000000000000000000e+00
2.558623107071901770e-01	3.154207551293435330e+00	0.000000000000000000e+00
1.331182322964450659e-01	3.338258945680327994e+00	0.000000000000000000e+00
1.331182322964450659e-01	3.338258945680327994e+00	0.000000000000000000e+00
1.331182322964450659e-01	3.338258945680327994e+00	0.000000000000000000e+00
1.331182322964450659e-01	3.338258945680327994e+00	0.000000000000000000e+00
1.331182322964450659e-01	3.338258945680327994e+00	0.000000000000000000e+00
1.331182322964450659e-01	3.338258945680327994e+00	0.000000000000000000e+00
1.126608858946542141e-01	3.343008934447436520e+00	0.000000000000000000e+00
1.126608858946542141e-01	3.343008934447436520e+00	0.000000000000000000e+00
4.674706369989196642e-01	2.520382551840935736e+00	0.000000000000000000e+00
4.674706369989196642e-01	2.520382551840935736e+00	0.000000000000000000e+00
4.674706369989196642e-01	2.538297221101062373e+00	0.000000000000000000e+00
4.674706369989196642e-01	2.538297221101062373e+00	0.000000000000000000e+00
4.674706369989196642e-01	2.538297221101062373e+00	0.000000000000000000e+00
4.674706369989196642e-01	2.538297221101062373e+00	0.000000000000000000e+00
4.674706369989196642e-01	2.538297221101062373e+00	0.000000000000000000e+00
4.674706369989196642e-01	2.538297221101062373e+00	0.000000000000000000e+00
4.674706369989196642e-01	2.538297221101062373e+00	0.000000000000000000e+00
4.674706369989196642e-01	2.538297221101062373e+00	0.000000000000000000e+00
4.674706369989196642e-01	2.706671146370848380e+00	0.000000000000000000e+00
4.674706369989196642e-01	2.628574310849164153e+00	0.000000000000000000e+00
4.674706369989196642e-01	2.670421735264036034e+00	0.000000000000000000e+00
4.674706369989196642e-01	2.670421735264036034e+00	0.000000000000000000e+00
4.674706369989196642e-01	2.678967596247160632e+00	0.000000000000000000e+00
4.674706369989196642e-01	2.678967596247160632e+00	0.000000000000000000e+00
4.674706369989196642e-01	2.678967596247160632e+00	0.000000000000000000e+00
4.674706369989196642e-01	2.545072998647552431e+00	0.000000000000000000e+00
4.674706369989196642e-01	2.545072998647552431e+00	0.000000000000000000e+00
4.674706369989196642e-01	2.545072998647552431e+00	0.000000000000000000e+00
4.674706369989196642e-01	2.545072998647552431e+00	0.000000000000000000e+00
4.674706369989196642e-01	2.545072998647552431e+00	0.000000000000000000e+00
8.430653929117672973e-01	2.352084209741141851e+00	0.000000000000000000e+00
8.430653929117672973e-01	2.352084209741141851e+00	0.000000000000000000e+00
8.430653929117672973e-01	2.352084209741141851e+00	0.000000000000000000e+00
8.430653929117672973e-01	2.352084209741141851e+00	0.000000000000000000e+00
8.430653929117672973e-01	2.295003206383751770e+00	0.000000000000000000e+00
8.430653929117672973e-01	2.295003206383751770e+00	0.000000000000000000e+00
8.430653929117672973e-01	2.295003206383751770e+00	0.000000000000000000e+00
8.430653929117672973e-01	2.295003206383751770e+00	0.000000000000000000e+00
8.430653929117672973e-01	2.295003206383751770e+00	0.000000000000000000e+00
8.430653929117672973e-01	2.295003206383751770e+00	0.000000000000000000e+00
8.430653929117672973e-01	2.295003206383751770e+00	0.000000000000000000e+00
8.430653929117672973e-01	2.094735250741441845e+00	0.000000000000000000e+00
8.430653929117672973e-01	2.094735250741441845e+00	0.000000000000000000e+00
8.430653929117672973e-01	2.094735250741441845e+00	0.000000000000000000e+00
8.430653929117672973e-01	2.094735250741441845e+00	0.000000000000000000e+00
8.430653929117672973e-01	2.094735250741441845e+00	0.000000000000000000e+00
8.430653929117672973e-01	2.094735250741441845e+00	0.000000000000000000e+00
8.430653929117672973e-01	2.094735250741441845e+00	0.000000000000000000e+00
8.430653929117672973e-01	2.094735250741441845e+00	0.000000000000000000e+00
8.430653929117672973e-01	2.151601133425739221e+00	0.000000000000000000e+00
8.430653929117672973e-01	2.151601133425739221e+00	0.000000000000000000e+00
8.430653929117672973e-01	2.151601133425739221e+00	0.000000000000000000e+00
8.430653929117672973e-01	2.151601133425739221e+00	0.000000000000000000e+00
8.430653929117672973e-01	2.151601133425739221e+00	0.000000000000000000e+00
8.430653929117672973e-01	2.151601133425739221e+00	0.000000000000000000e+00
8.430653929117672973e-01	2.151601133425739221e+00	0.000000000000000000e+00
8.430653929117672973e-01	2.151601133425739221e+00	0.000000000000000000e+00
8.430653929117672973e-01	2.153419867316524350e+00	0.000000000000000000e+00
8.532941025588240969e-01	1.947279803697113509e+00	0.000000000000000000e+00
8.532941025588240969e-01	1.947279803697113509e+00	0.000000000000000000e+00
8.532941025588240969e-01	1.947279803697113509e+00	0.000000000000000000e+00
8.532941025588240969e-01	1.942105071490821899e+00	0.000000000000000000e+00
8.532941025588240969e-01	1.942105071490821899e+00	0.000000000000000000e+00
8.532941025588240969e-01	1.942105071490821899e+00	0.000000000000000000e+00
8.532941025588240969e-01	1.942105071490821899e+00	0.000000000000000000e+00
8.478553065210607809e-01	1.649272631977905634e+00	0.000000000000000000e+00
8.478553065210607809e-01	1.649272631977905634e+00	0.000000000000000000e+00
8.478553065210607809e-01	1.649272631977905634e+00	0.000000000000000000e+00
8.424165104832974649e-01	1.760901568940004269e+00	0.000000000000000000e+00
8.424165104832974649e-01	1.760901568940004269e+00	0.000000000000000000e+00
8.478553065210607809e-01	1.649272631977905634e+00	0.000000000000000000e+00
8.478553065210607809e-01	1.649272631977905634e+00	0.000000000000000000e+00
8.478553065210607809e-01	1.649272631977905634e+00	0.000000000000000000e+00
8.424165104832974649e-01	1.760901568940004269e+00	0.000000000000000000e+00
8.424165104832974649e-01	1.760901568940004269e+00	0.000000000000000000e+00
8.424165104832974649e-01	1.760901568940004269e+00	0.000000000000000000e+00
8.424165104832974649e-01	1.746063360215030169e+00	0.000000000000000000e+00
8.424165104832974649e-01	1.746063360215030169e+00	0.000000000000000000e+00
8.424165104832974649e-01	1.892033120367846211e+00	0.000000000000000000e+00
8.424165104832974649e-01	1.892033120367846211e+00	0.000000000000000000e+00
8.424165104832974649e-01	1.900069576777414948e+00	0.000000000000000000e+00
8.424165104832974649e-01	1.900069576777414948e+00	0.000000000000000000e+00
