0.000000000000000000e+00	2.633510717320945105e+00	0.000000000000000000e+00
1.580494194159277194e-02	2.300722032852843935e+00	0.000000000000000000e+00
2.778436187308541000e-02	2.289360612958760921e+00	0.000000000000000000e+00
2.948453087321598401e-02	2.171909768893953707e+00	0.000000000000000000e+00
4.483960834623430119e-02	1.947892560891682834e+00	0.000000000000000000e+00
4.483960834623430119e-02	1.947892560891682834e+00	0.000000000000000000e+00
8.083838026367269614e-02	1.867572293070875800e+00	0.000000000000000000e+00
8.083838026367269614e-02	1.825781703173335879e+00	0.000000000000000000e+00
8.083838026367269614e-02	1.825781703173335879e+00	0.000000000000000000e+00
8.083838026367269614e-02	1.825781703173335879e+00	0.000000000000000000e+00
8.083838026367269614e-02	1.825781703173335879e+00	0.000000000000000000e+00
8.083838026367269614e-02	1.825781703173335879e+00	0.000000000000000000e+00
8.083838026367269614e-02	1.825781703173335879e+00	0.000000000000000000e+00
8.083838026367269614e-02	1.825781703173335879e+00	0.000000000000000000e+00
8.083838026367269614e-02	1.825781703173335879e+00	0.000000000000000000e+00
8.083838026367269614e-02	1.830928204406364390e+00	0.000000000000000000e+00
2.023100641187617343e-01	1.727608444098534424e+00	0.000000000000000000e+00
2.307413440185021869e-01	1.367710773762888188e+00	0.000000000000000000e+00
2.307413440185021869e-01	1.367710773762888188e+00	0.000000000000000000e+00
2.193834174485174981e-01	1.432262701686850992e+00	0.000000000000000000e+00
2.193834174485174981e-01	1.432262701686850992e+00	0.000000000000000000e+00
2.307413440185021869e-01	1.367710773762888188e+00	0.000000000000000000e+00
2.307413440185021869e-01	1.367710773762888188e+00	0.000000000000000000e+00
2.307413440185021869e-01	1.367710773762888188e+00	0.000000000000000000e+00
2.193834174485174981e-01	1.432262701686850992e+00	0.000000000000000000e+00
2.193834174485174981e-01	1.432262701686850992e+00	0.000000000000000000e+00
2.193834174485174981e-01	1.454094831358550444e+00	0.000000000000000000e+00
2.193834174485174981e-01	1.454094831358550444e+00	0.000000000000000000e+00
2.193834174485174981e-01	1.454094831358550444e+00	0.000000000000000000e+00
2.494182747424016355e-01	1.278499928697714783e+00	0.000000000000000000e+00
2.494182747424016355e-01	1.278499928697714783e+00	0.000000000000000000e+00
2.494182747424016355e-01	1.278499928697714783e+00	0.000000000000000000e+00
2.494182747424016355e-01	1.278499928697714783e+00	0.000000000000000000e+00
2.494182747424016355e-01	1.278499928697714783e+00	0.000000000000000000e+00
2.494182747424016355e-01	1.278499928697714783e+00	0.000000000000000000e+00
2.494182747424016355e-01	1.278499928697714783e+00	0.000000000000000000e+00
2.494182747424016355e-01	1.278499928697714783e+00	0.000000000000000000e+00
2.434113032836248136e-01	1.281525144463309562e+00	0.000000000000000000e+00
2.434113032836248136e-01	1.281525144463309562e+00	0.000000000000000000e+00
2.434113032836248136e-01	1.276014651790061460e+00	0.000000000000000000e+00
2.434113032836248136e-01	1.276014651790061460e+00	0.000000000000000000e+00
2.434113032836248136e-01	1.276014651790061460e+00	0.000000000000000000e+00
2.434113032836248136e-01	1.276014651790061460e+00	0.000000000000000000e+00
2.434113032836248136e-01	1.276014651790061460e+00	0.000000000000000000e+00
2.434113032836248136e-01	1.276014651790061460e+00	0.000000000000000000e+00
2.434113032836248136e-01	1.276014651790061460e+00	0.000000000000000000e+00
2.434113032836248136e-01	1.276014651790061460e+00	0.000000000000000000e+00
2.434113032836248136e-01	1.279623904142707547e+00	0.000000000000000000e+00
2.434113032836248136e-01	1.279623904142707547e+00	0.000000000000000000e+00
2.434113032836248136e-01	1.279623904142707547e+00	0.000000000000000000e+00
2.434113032836248136e-01	1.279623904142707547e+00	0.000000000000000000e+00
2.434113032836248136e-01	1.290340916097713730e+00	0.000000000000000000e+00
2.434113032836248136e-01	1.306460014519913226e+00	0.000000000000000000e+00
2.434113032836248136e-01	1.306460014519913226e+00	0.000000000000000000e+00
6.454855587117067639e-01	8.474999407153104292e-01	0.000000000000000000e+00
6.405943305898884610e-01	8.739563628797811790e-01	0.000000000000000000e+00
6.405943305898884610e-01	8.739563628797811790e-01	0.000000000000000000e+00
6.405943305898884610e-01	8.739563628797811790e-01	0.000000000000000000e+00
6.405943305898884610e-01	8.739563628797811790e-01	0.000000000000000000e+00
6.405943305898884610e-01	8.739563628797811790e-01	0.000000000000000000e+00
6.405943305898884610e-01	8.739563628797811790e-01	0.000000000000000000e+00
6.405943305898884610e-01	8.739563628797811790e-01	0.000000000000000000e+00
6.405943305898884610e-01	8.739563628797811790e-01	0.000000000000000000e+00
6.552680149553434807e-01	5.620518772197199420e-01	0.000000000000000000e+00
6.552680149553434807e-01	5.620518772197199420e-01	0.000000000000000000e+00
6.552680149553434807e-01	5.620518772197199420e-01	0.000000000000000000e+00
6.552680149553434807e-01	5.620518772197199420e-01	0.000000000000000000e+00
6.552680149553434807e-01	5.620518772197199420e-01	0.000000000000000000e+00
6.552680149553434807e-01	5.620518772197199420e-01	0.000000000000000000e+00
6.552680149553434807e-01	5.620518772197199420e-01	0.000000000000000000e+00
8.302896189963108187e-01	8.985783530594154689e-01	0.000000000000000000e+00
8.302896189963108187e-01	8.937562772241663955e-01	0.000000000000000000e+00
8.302896189963108187e-01	8.937562772241663955e-01	0.000000000000000000e+00
8.302896189963108187e-01	8.937562772241663955e-01	0.000000000000000000e+00
8.302896189963108187e-01	8.937562772241663955e-01	0.000000000000000000e+00
8.302896189963108187e-01	8.937562772241663955e-01	0.000000000000000000e+00
8.302896189963108187e-01	8.937562772241663955e-01	0.000000000000000000e+00
8.302896189963108187e-01	8.937562772241663955e-01	0.000000000000000000e+00
8.503044006256399445e-01	8.083316151114690040e-01	0.000000000000000000e+00
8.445450289486216011e-01	7.817992207064800025e-01	0.000000000000000000e+00
8.445450289486216011e-01	7.817992207064800025e-01	0.000000000000000000e+00
8.436328067491969396e-01	7.672912123980878407e-01	0.000000000000000000e+00
8.436328067491969396e-01	7.672912123980878407e-01	0.000000000000000000e+00
8.436328067491969396e-01	7.672912123980878407e-01	0.000000000000000000e+00
8.436328067491969396e-01	7.672912123980878407e-01	0.000000000000000000e+00
8.436328067491969396e-01	7.672912123980878407e-01	0.000000000000000000e+00
8.430246586162472022e-01	7.653321435437206999e-01	0.000000000000000000e+00
8.430246586162472022e-01	7.653321435437206999e-01	0.000000000000000000e+00
8.430246586162472022e-01	7.653321435437206999e-01	0.000000000000000000e+00
8.430246586162472022e-01	7.653321435437206999e-01	0.000000000000000000e+00
8.436328067491969396e-01	7.598072606147687758e-01	0.000000000000000000e+00
8.436328067491969396e-01	7.598072606147687758e-01	0.000000000000000000e+00
8.436328067491969396e-01	7.598072606147687758e-01	0.000000000000000000e+00
8.436328067491969396e-01	7.598072606147687758e-01	0.000000000000000000e+00
8.436328067491969396e-01	7.598072606147687758e-01	0.000000000000000000e+00
8.436328067491969396e-01	7.598072606147687758e-01	0.000000000000000000e+00
8.436328067491969396e-01	7.598072606147687758e-01	0.000000000000000000e+00
8.436328067491969396e-01	7.598072606147687758e-01	0.000000000000000000e+00
8.436328067491969396e-01	8.153560164975481861e-01	0.000000000000000000e+00
8.436328067491969396e-01	8.153560164975481861e-01	0.000000000000000000e+00
