0.000000000000000000e+00	1.035643720789086730e+00	0.000000000000000000e+00
1.579208095300090389e-02	8.733763713720766875e-01	0.000000000000000000e+00
2.816064914445714357e-02	8.256864410317472647e-01	0.000000000000000000e+00
4.618649031151376982e-02	7.509759176183886664e-01	0.000000000000000000e+00
5.640705038124687459e-02	7.161158995997903842e-01	0.000000000000000000e+00
7.274124041907824301e-02	6.793322955563068088e-01	0.000000000000000000e+00
8.143657098648546255e-02	6.729173646811431597e-01	0.000000000000000000e+00
8.143657098648546255e-02	6.729173646811431597e-01	0.000000000000000000e+00
8.143657098648546255e-02	6.729173646811431597e-01	0.000000000000000000e+00
8.143657098648546255e-02	6.729173646811431597e-01	0.000000000000000000e+00
8.143657098648546255e-02	6.729173646811431597e-01	0.000000000000000000e+00
8.143657098648546255e-02	6.729173646811431597e-01	0.000000000000000000e+00
1.948243465656375462e-01	6.138447451514371656e-01	0.000000000000000000e+00
2.031630554969806601e-01	5.725310628630387866e-01	0.000000000000000000e+00
2.061204555317879827e-01	5.196775524548717939e-01	0.000000000000000000e+00
2.101918536963680029e-01	4.874213968330179947e-01	0.000000000000000000e+00
2.218245898507258396e-01	4.069881293598985872e-01	0.000000000000000000e+00
2.257552734292815333e-01	3.811663604690655460e-01	0.000000000000000000e+00
2.338980697584415736e-01	3.299552279678816813e-01	0.000000000000000000e+00
2.455921677960162530e-01	2.782617659580245428e-01	0.000000000000000000e+00
2.532635766029410762e-01	2.564137260625470316e-01	0.000000000000000000e+00
2.571635420671572470e-01	2.497501246788980389e-01	0.000000000000000000e+00
2.571635420671572470e-01	2.497501246788980389e-01	0.000000000000000000e+00
2.571635420671572470e-01	2.497501246788980389e-01	0.000000000000000000e+00
2.571635420671572470e-01	2.497501246788980389e-01	0.000000000000000000e+00
2.571635420671572470e-01	2.497501246788980389e-01	0.000000000000000000e+00
2.571635420671572470e-01	2.497501246788980389e-01	0.000000000000000000e+00
2.571635420671572470e-01	2.502919318224096634e-01	0.000000000000000000e+00
2.571635420671572470e-01	2.502919318224096634e-01	0.000000000000000000e+00
4.138357184213978801e-01	2.024641984511625081e-01	0.000000000000000000e+00
4.138357184213978801e-01	2.024641984511625081e-01	0.000000000000000000e+00
4.183123232069850816e-01	1.351142960356195855e-01	0.000000000000000000e+00
4.205410471874703737e-01	1.187074300997973120e-01	0.000000000000000000e+00
4.290553686958302748e-01	4.676548707174771335e-02	0.000000000000000000e+00
4.290553686958302748e-01	4.676548707174771335e-02	0.000000000000000000e+00
4.290553686958302748e-01	2.483147476525492808e-02	0.000000000000000000e+00
4.312840926763155114e-01	-1.110609087209786863e-02	0.000000000000000000e+00
4.335431371592937122e-01	-2.910448205845762512e-02	0.000000000000000000e+00
4.357415406372860400e-01	-4.390583352003796236e-02	0.000000000000000000e+00
4.517232668663140327e-01	-1.189053310878515346e-01	0.000000000000000000e+00
4.524481190417538601e-01	-1.225080096633615334e-01	0.000000000000000000e+00
4.524481190417538601e-01	-1.225080096633615334e-01	0.000000000000000000e+00
4.539671510980457514e-01	-1.231454682403065326e-01	0.000000000000000000e+00
4.539671510980457514e-01	-1.231454682403065326e-01	0.000000000000000000e+00
4.539671510980457514e-01	-1.231454682403065326e-01	0.000000000000000000e+00
4.539671510980457514e-01	-1.231454682403065326e-01	0.000000000000000000e+00
4.539671510980457514e-01	-1.231454682403065326e-01	0.000000000000000000e+00
4.539671510980457514e-01	-1.231454682403065326e-01	0.000000000000000000e+00
4.539671510980457514e-01	-1.231454682403065326e-01	0.000000000000000000e+00
4.539671510980457514e-01	-1.225666422795462229e-01	0.000000000000000000e+00
6.271499268962392737e-01	-2.463644151566653229e-01	0.000000000000000000e+00
6.271499268962392737e-01	-2.463644151566653229e-01	0.000000000000000000e+00
6.271499268962392737e-01	-2.463644151566653229e-01	0.000000000000000000e+00
6.271499268962392737e-01	-2.463644151566653229e-01	0.000000000000000000e+00
6.271499268962392737e-01	-2.463644151566653229e-01	0.000000000000000000e+00
6.281699860878137143e-01	-2.500154221035960633e-01	0.000000000000000000e+00
6.302101044709625954e-01	-2.831340962918116322e-01	0.000000000000000000e+00
6.302101044709625954e-01	-2.845628927375362660e-01	0.000000000000000000e+00
6.369692851904824593e-01	-3.023350210534681559e-01	0.000000000000000000e+00
6.369692851904824593e-01	-3.591158156758788023e-01	0.000000000000000000e+00
6.369692851904824593e-01	-3.591158156758788023e-01	0.000000000000000000e+00
6.369692851904824593e-01	-3.591158156758788023e-01	0.000000000000000000e+00
6.391500768243602026e-01	-3.978827910666248857e-01	0.000000000000000000e+00
6.391500768243602026e-01	-3.978827910666248857e-01	0.000000000000000000e+00
6.442919120426240376e-01	-4.279379439745664149e-01	0.000000000000000000e+00
6.442919120426240376e-01	-4.279379439745664149e-01	0.000000000000000000e+00
6.453823078595628537e-01	-4.299173074388117355e-01	0.000000000000000000e+00
6.484984233771642348e-01	-4.463891113246587494e-01	0.000000000000000000e+00
6.516145388947656159e-01	-4.577919004877167297e-01	0.000000000000000000e+00
6.516145388947656159e-01	-4.577919004877167297e-01	0.000000000000000000e+00
6.516145388947656159e-01	-4.577919004877167297e-01	0.000000000000000000e+00
6.516145388947656159e-01	-4.577919004877167297e-01	0.000000000000000000e+00
6.516145388947656159e-01	-4.577919004877167297e-01	0.000000000000000000e+00
8.261718335617203035e-01	-5.085443777565340495e-01	0.000000000000000000e+00
8.261718335617203035e-01	-5.085443777565340495e-01	0.000000000000000000e+00
8.261718335617203035e-01	-5.085443777565340495e-01	0.000000000000000000e+00
8.261718335617203035e-01	-5.085443777565340495e-01	0.000000000000000000e+00
8.280429153488837457e-01	-5.383744519914800408e-01	0.000000000000000000e+00
8.280429153488837457e-01	-5.383744519914800408e-01	0.000000000000000000e+00
8.283765347066314177e-01	-5.489845945286802031e-01	0.000000000000000000e+00
8.321671920088398178e-01	-6.028910347612236320e-01	0.000000000000000000e+00
8.321671920088398178e-01	-6.028910347612236320e-01	0.000000000000000000e+00
8.314999532933444737e-01	-5.799105266914562629e-01	0.000000000000000000e+00
8.321671920088398178e-01	-6.028910347612236320e-01	0.000000000000000000e+00
8.356242299533005458e-01	-6.399551317314315924e-01	0.000000000000000000e+00
8.356242299533005458e-01	-6.399551317314315924e-01	0.000000000000000000e+00
8.356242299533005458e-01	-6.399551317314315924e-01	0.000000000000000000e+00
8.356242299533005458e-01	-6.399551317314315924e-01	0.000000000000000000e+00
8.359578493110482178e-01	-6.527731663875110391e-01	0.000000000000000000e+00
8.390608453962582480e-01	-6.891258610139334717e-01	0.000000000000000000e+00
8.390608453962582480e-01	-6.891258610139334717e-01	0.000000000000000000e+00
8.390608453962582480e-01	-6.891258610139334717e-01	0.000000000000000000e+00
8.390608453962582480e-01	-6.891258610139334717e-01	0.000000000000000000e+00
8.421638414814682783e-01	-7.038420947089324420e-01	0.000000000000000000e+00
8.421638414814682783e-01	-7.089429355955931822e-01	0.000000000000000000e+00
8.500577179707575759e-01	-7.505607522675710186e-01	0.000000000000000000e+00
8.500577179707575759e-01	-7.505607522675710186e-01	0.000000000000000000e+00
8.500577179707575759e-01	-7.505607522675710186e-01	0.000000000000000000e+00
8.500577179707575759e-01	-7.505607522675710186e-01	0.000000000000000000e+00
8.500577179707575759e-01	-7.522633600642839591e-01	0.000000000000000000e+00
