0.000000000000000000e+00	1.293967973290204743e+00	0.000000000000000000e+00
0.000000000000000000e+00	1.293967973290204743e+00	0.000000000000000000e+00
3.362376564620052355e-02	1.118097734650050468e+00	0.000000000000000000e+00
3.362376564620052355e-02	1.118097734650050468e+00	0.000000000000000000e+00
5.043564846930078532e-02	1.023032133001558597e+00	0.000000000000000000e+00
6.724753129240104710e-02	9.607886073407988503e-01	0.000000000000000000e+00
6.724753129240104710e-02	9.607886073407988503e-01	0.000000000000000000e+00
6.724753129240104710e-02	9.607886073407988503e-01	0.000000000000000000e+00
6.724753129240104710e-02	9.607886073407988503e-01	0.000000000000000000e+00
6.724753129240104710e-02	9.719561323258506524e-01	0.000000000000000000e+00
6.724753129240104710e-02	9.719561323258506524e-01	0.000000000000000000e+00
6.724753129240104710e-02	9.740024803667625131e-01	0.000000000000000000e+00
6.724753129240104710e-02	9.740024803667625131e-01	0.000000000000000000e+00
2.026065321870330060e-01	8.277534700851828520e-01	0.000000000000000000e+00
2.026065321870330060e-01	7.760358861668854580e-01	0.000000000000000000e+00
2.026065321870330060e-01	7.690895352927965556e-01	0.000000000000000000e+00
2.121756974654759875e-01	6.671623461590017179e-01	0.000000000000000000e+00
2.185551409844379844e-01	6.310554670169904457e-01	0.000000000000000000e+00
2.217448627439189690e-01	5.883225559462452736e-01	0.000000000000000000e+00
2.249345845033999813e-01	5.375913343980139869e-01	0.000000000000000000e+00
2.313140280223619782e-01	5.128228075810887798e-01	0.000000000000000000e+00
2.376934715413239751e-01	4.638790848499461106e-01	0.000000000000000000e+00
2.376934715413239751e-01	4.638790848499461106e-01	0.000000000000000000e+00
2.525099855186376807e-01	3.996895273963944062e-01	0.000000000000000000e+00
2.536855617604193425e-01	3.757633728951786378e-01	0.000000000000000000e+00
2.540774205076798964e-01	3.637949158044097575e-01	0.000000000000000000e+00
2.548611380022010042e-01	3.590348421224374698e-01	0.000000000000000000e+00
2.548611380022010042e-01	3.590348421224374698e-01	0.000000000000000000e+00
2.548611380022010042e-01	3.587831808910291187e-01	0.000000000000000000e+00
2.548611380022010042e-01	3.587831808910291187e-01	0.000000000000000000e+00
2.548611380022010042e-01	3.587831808910291187e-01	0.000000000000000000e+00
2.548611380022010042e-01	3.587831808910291187e-01	0.000000000000000000e+00
2.548611380022010042e-01	3.587831808910291187e-01	0.000000000000000000e+00
2.548611380022010042e-01	3.587831808910291187e-01	0.000000000000000000e+00
2.548611380022010042e-01	3.587831808910291187e-01	0.000000000000000000e+00
2.548611380022010042e-01	3.587831808910291187e-01	0.000000000000000000e+00
4.400892065673060460e-01	5.031544413378898073e-02	0.000000000000000000e+00
4.400892065673060460e-01	5.031544413378898073e-02	0.000000000000000000e+00
4.400892065673060460e-01	5.031544413378898073e-02	0.000000000000000000e+00
4.400892065673060460e-01	5.031544413378898073e-02	0.000000000000000000e+00
4.404810653145666000e-01	1.450246203998293015e-01	0.000000000000000000e+00
4.404810653145666000e-01	1.450246203998293015e-01	0.000000000000000000e+00
4.404810653145666000e-01	1.450246203998293015e-01	0.000000000000000000e+00
4.404810653145666000e-01	1.450246203998293015e-01	0.000000000000000000e+00
4.404810653145666000e-01	1.352910009177281936e-01	0.000000000000000000e+00
4.404810653145666000e-01	1.242863345442326573e-01	0.000000000000000000e+00
4.404810653145666000e-01	1.242863345442326573e-01	0.000000000000000000e+00
4.404810653145666000e-01	1.242863345442326573e-01	0.000000000000000000e+00
4.404810653145666000e-01	1.242863345442326573e-01	0.000000000000000000e+00
4.404810653145666000e-01	1.314445119298831566e-01	0.000000000000000000e+00
4.404810653145666000e-01	1.314445119298831566e-01	0.000000000000000000e+00
4.404810653145666000e-01	1.314445119298831566e-01	0.000000000000000000e+00
4.404810653145666000e-01	1.294954493973201892e-01	0.000000000000000000e+00
4.404810653145666000e-01	1.294954493973201892e-01	0.000000000000000000e+00
6.212646361569365006e-01	1.063988633525385780e-01	0.000000000000000000e+00
6.212646361569365006e-01	7.846580146571528747e-02	0.000000000000000000e+00
6.253693637372463865e-01	4.957470712748057728e-02	0.000000000000000000e+00
6.253693637372463865e-01	2.483184912673568404e-02	0.000000000000000000e+00
6.253693637372463865e-01	2.483184912673568404e-02	0.000000000000000000e+00
6.253693637372463865e-01	1.240235363134819212e-02	0.000000000000000000e+00
6.307544799912677691e-01	-5.688852658776990395e-02	0.000000000000000000e+00
6.307544799912677691e-01	-5.688852658776990395e-02	0.000000000000000000e+00
6.307544799912677691e-01	-5.688852658776990395e-02	0.000000000000000000e+00
6.307544799912677691e-01	-5.688852658776990395e-02	0.000000000000000000e+00
6.318732609506751974e-01	-9.016227106549808135e-02	0.000000000000000000e+00
6.318732609506751974e-01	-9.016227106549808135e-02	0.000000000000000000e+00
6.329920419100826257e-01	-1.106788353045952134e-01	0.000000000000000000e+00
6.335514323897863953e-01	-1.182653623139031801e-01	0.000000000000000000e+00
6.352296038288974822e-01	-1.371601555432471475e-01	0.000000000000000000e+00
6.352296038288974822e-01	-1.371601555432471475e-01	0.000000000000000000e+00
6.352296038288974822e-01	-1.371601555432471475e-01	0.000000000000000000e+00
6.352296038288974822e-01	-1.371601555432471475e-01	0.000000000000000000e+00
6.352296038288974822e-01	-1.371601555432471475e-01	0.000000000000000000e+00
6.352296038288974822e-01	-1.371601555432471475e-01	0.000000000000000000e+00
6.352296038288974822e-01	-1.366081793296837765e-01	0.000000000000000000e+00
8.367419759334047136e-01	-3.871155360717370431e-01	0.000000000000000000e+00
8.367419759334047136e-01	-3.871155360717370431e-01	0.000000000000000000e+00
8.367419759334047136e-01	-3.871155360717370431e-01	0.000000000000000000e+00
8.367419759334047136e-01	-3.871155360717370431e-01	0.000000000000000000e+00
8.367419759334047136e-01	-3.871155360717370431e-01	0.000000000000000000e+00
8.367419759334047136e-01	-3.871155360717370431e-01	0.000000000000000000e+00
8.367419759334047136e-01	-3.871155360717370431e-01	0.000000000000000000e+00
8.367419759334047136e-01	-2.850376667274922560e-01	0.000000000000000000e+00
8.367419759334047136e-01	-2.850376667274922560e-01	0.000000000000000000e+00
8.367419759334047136e-01	-2.850376667274922560e-01	0.000000000000000000e+00
8.367419759334047136e-01	-2.850376667274922560e-01	0.000000000000000000e+00
8.367419759334047136e-01	-3.804663872051698426e-01	0.000000000000000000e+00
8.367419759334047136e-01	-3.804663872051698426e-01	0.000000000000000000e+00
8.367419759334047136e-01	-3.804663872051698426e-01	0.000000000000000000e+00
8.367419759334047136e-01	-3.804663872051698426e-01	0.000000000000000000e+00
8.367419759334047136e-01	-3.804663872051698426e-01	0.000000000000000000e+00
8.367419759334047136e-01	-3.804663872051698426e-01	0.000000000000000000e+00
8.367419759334047136e-01	-4.118097169514154943e-01	0.000000000000000000e+00
8.367419759334047136e-01	-4.118097169514154943e-01	0.000000000000000000e+00
8.367419759334047136e-01	-4.118097169514154943e-01	0.000000000000000000e+00
8.367419759334047136e-01	-4.118097169514154943e-01	0.000000000000000000e+00
8.367419759334047136e-01	-4.118097169514154943e-01	0.000000000000000000e+00
8.367419759334047136e-01	-4.118097169514154943e-01	0.000000000000000000e+00
8.367419759334047136e-01	-4.118097169514154943e-01	0.000000000000000000e+00
8.367419759334047136e-01	-4.118097169514154943e-01	0.000000000000000000e+00
