0.000000000000000000e+00	2.898907107404053107e+00	0.000000000000000000e+00
1.478476251504295957e-02	2.471990950892918537e+00	0.000000000000000000e+00
2.778436187308541000e-02	2.289360612958760921e+00	0.000000000000000000e+00
2.778436187308541000e-02	2.289360612958760921e+00	0.000000000000000000e+00
5.174320173607068613e-02	2.274613543253395154e+00	0.000000000000000000e+00
6.359502381951376293e-02	2.103685656643920598e+00	0.000000000000000000e+00
6.359502381951376293e-02	2.103685656643920598e+00	0.000000000000000000e+00
8.777302928954711092e-02	2.097587393672850187e+00	0.000000000000000000e+00
8.777302928954711092e-02	2.097587393672850187e+00	0.000000000000000000e+00
1.099467059955318710e-01	1.955554640694048274e+00	0.000000000000000000e+00
1.099467059955318710e-01	1.943638377348327229e+00	0.000000000000000000e+00
1.099467059955318710e-01	1.943638377348327229e+00	0.000000000000000000e+00
1.099467059955318710e-01	1.943638377348327229e+00	0.000000000000000000e+00
1.099467059955318710e-01	1.943638377348327229e+00	0.000000000000000000e+00
1.099467059955318710e-01	1.943638377348327229e+00	0.000000000000000000e+00
1.852367107890059705e-01	1.873872717152916589e+00	0.000000000000000000e+00
1.852367107890059705e-01	1.873872717152916589e+00	0.000000000000000000e+00
1.852367107890059705e-01	1.873872717152916589e+00	0.000000000000000000e+00
1.852367107890059705e-01	1.873872717152916589e+00	0.000000000000000000e+00
2.193834174485174981e-01	1.577523261925630749e+00	0.000000000000000000e+00
2.193834174485174981e-01	1.577523261925630749e+00	0.000000000000000000e+00
2.193834174485174981e-01	1.577523261925630749e+00	0.000000000000000000e+00
2.193834174485174981e-01	1.577523261925630749e+00	0.000000000000000000e+00
2.193834174485174981e-01	1.577523261925630749e+00	0.000000000000000000e+00
2.193834174485174981e-01	1.577523261925630749e+00	0.000000000000000000e+00
2.193834174485174981e-01	1.573689679913877981e+00	0.000000000000000000e+00
2.193834174485174981e-01	1.563480836258973605e+00	0.000000000000000000e+00
2.193834174485174981e-01	1.563480836258973605e+00	0.000000000000000000e+00
2.193834174485174981e-01	1.563480836258973605e+00	0.000000000000000000e+00
2.193834174485174981e-01	1.546561726191959085e+00	0.000000000000000000e+00
2.193834174485174981e-01	1.546561726191959085e+00	0.000000000000000000e+00
2.193834174485174981e-01	1.546561726191959085e+00	0.000000000000000000e+00
2.193834174485174981e-01	1.536607693119111717e+00	0.000000000000000000e+00
2.193834174485174981e-01	1.536607693119111717e+00	0.000000000000000000e+00
2.193834174485174981e-01	1.536607693119111717e+00	0.000000000000000000e+00
2.193834174485174981e-01	1.536607693119111717e+00	0.000000000000000000e+00
2.193834174485174981e-01	1.536607693119111717e+00	0.000000000000000000e+00
2.193834174485174981e-01	1.536607693119111717e+00	0.000000000000000000e+00
2.193834174485174981e-01	1.536607693119111717e+00	0.000000000000000000e+00
2.193834174485174981e-01	1.536607693119111717e+00	0.000000000000000000e+00
2.193834174485174981e-01	1.598710724731604804e+00	0.000000000000000000e+00
2.193834174485174981e-01	1.598710724731604804e+00	0.000000000000000000e+00
2.193834174485174981e-01	1.598710724731604804e+00	0.000000000000000000e+00
2.193834174485174981e-01	1.598710724731604804e+00	0.000000000000000000e+00
2.193834174485174981e-01	1.598710724731604804e+00	0.000000000000000000e+00
2.193834174485174981e-01	1.598710724731604804e+00	0.000000000000000000e+00
2.193834174485174981e-01	1.629531318233682580e+00	0.000000000000000000e+00
6.357031024680699360e-01	1.592371269560205249e+00	0.000000000000000000e+00
6.357031024680699360e-01	1.590926082996347413e+00	0.000000000000000000e+00
6.552680149553434807e-01	1.442400654009147187e+00	0.000000000000000000e+00
6.552680149553434807e-01	1.442400654009147187e+00	0.000000000000000000e+00
6.552680149553434807e-01	1.442400654009147187e+00	0.000000000000000000e+00
6.552680149553434807e-01	1.442400654009147187e+00	0.000000000000000000e+00
6.552680149553434807e-01	1.442400654009147187e+00	0.000000000000000000e+00
6.552680149553434807e-01	1.442400654009147187e+00	0.000000000000000000e+00
6.552680149553434807e-01	1.434064966966508425e+00	0.000000000000000000e+00
6.552680149553434807e-01	1.434064966966508425e+00	0.000000000000000000e+00
6.552680149553434807e-01	1.434064966966508425e+00	0.000000000000000000e+00
6.552680149553434807e-01	1.434064966966508425e+00	0.000000000000000000e+00
6.552680149553434807e-01	1.434064966966508425e+00	0.000000000000000000e+00
8.302896189963108187e-01	1.026539007146380911e+00	0.000000000000000000e+00
8.302896189963108187e-01	1.026539007146380911e+00	0.000000000000000000e+00
8.302896189963108187e-01	1.045684027347172584e+00	0.000000000000000000e+00
8.302896189963108187e-01	1.045684027347172584e+00	0.000000000000000000e+00
8.302896189963108187e-01	1.045684027347172584e+00	0.000000000000000000e+00
8.302896189963108187e-01	1.045684027347172584e+00	0.000000000000000000e+00
8.302896189963108187e-01	1.045684027347172584e+00	0.000000000000000000e+00
8.302896189963108187e-01	1.045684027347172584e+00	0.000000000000000000e+00
8.302896189963108187e-01	1.045684027347172584e+00	0.000000000000000000e+00
8.302896189963108187e-01	1.045684027347172584e+00	0.000000000000000000e+00
8.302896189963108187e-01	1.225111829969616428e+00	0.000000000000000000e+00
8.302896189963108187e-01	1.226821324464175911e+00	0.000000000000000000e+00
8.399839179514985155e-01	1.050893619630062226e+00	0.000000000000000000e+00
8.399839179514985155e-01	1.050893619630062226e+00	0.000000000000000000e+00
8.399839179514985155e-01	1.045432564557174260e+00	0.000000000000000000e+00
8.399839179514985155e-01	1.045432564557174260e+00	0.000000000000000000e+00
8.399839179514985155e-01	1.045432564557174260e+00	0.000000000000000000e+00
8.399839179514985155e-01	1.045432564557174260e+00	0.000000000000000000e+00
8.399839179514985155e-01	1.045432564557174260e+00	0.000000000000000000e+00
8.399839179514985155e-01	1.045432564557174260e+00	0.000000000000000000e+00
8.399839179514985155e-01	1.045432564557174260e+00	0.000000000000000000e+00
8.399839179514985155e-01	1.045432564557174260e+00	0.000000000000000000e+00
8.399839179514985155e-01	1.061013007223212012e+00	0.000000000000000000e+00
8.399839179514985155e-01	1.061013007223212012e+00	0.000000000000000000e+00
8.412002142173979902e-01	1.051149156413733410e+00	0.000000000000000000e+00
8.412002142173979902e-01	1.051149156413733410e+00	0.000000000000000000e+00
8.424165104832974649e-01	9.879086580756072378e-01	0.000000000000000000e+00
8.424165104832974649e-01	9.879086580756072378e-01	0.000000000000000000e+00
8.424165104832974649e-01	9.879086580756072378e-01	0.000000000000000000e+00
8.424165104832974649e-01	9.879086580756072378e-01	0.000000000000000000e+00
8.424165104832974649e-01	9.794626006052089551e-01	0.000000000000000000e+00
8.424165104832974649e-01	9.794626006052089551e-01	0.000000000000000000e+00
8.424165104832974649e-01	9.794626006052089551e-01	0.000000000000000000e+00
8.424165104832974649e-01	9.794626006052089551e-01	0.000000000000000000e+00
8.424165104832974649e-01	9.794626006052089551e-01	0.000000000000000000e+00
8.424165104832974649e-01	9.794626006052089551e-01	0.000000000000000000e+00
8.424165104832974649e-01	9.794626006052089551e-01	0.000000000000000000e+00
8.424165104832974649e-01	9.794626006052089551e-01	0.000000000000000000e+00
8.424165104832974649e-01	1.010748783813463003e+00	0.000000000000000000e+00
8.424165104832974649e-01	1.010748783813463003e+00	0.000000000000000000e+00
