0.000000000000000000e+00	1.137790669546243416e+00	0.000000000000000000e+00
1.579208095300090389e-02	1.007565334276583791e+00	0.000000000000000000e+00
2.765168023602018743e-02	9.440660869976468250e-01	0.000000000000000000e+00
4.728342043996948407e-02	8.598343452634841233e-01	0.000000000000000000e+00
5.989852071856355265e-02	7.781869132750621754e-01	0.000000000000000000e+00
7.109544142504127529e-02	7.544011954689301414e-01	0.000000000000000000e+00
8.755020095458374008e-02	7.407288502222343363e-01	0.000000000000000000e+00
8.755020095458374008e-02	7.385942227592479092e-01	0.000000000000000000e+00
8.755020095458374008e-02	7.385942227592479092e-01	0.000000000000000000e+00
8.755020095458374008e-02	7.385942227592479092e-01	0.000000000000000000e+00
8.755020095458374008e-02	7.385942227592479092e-01	0.000000000000000000e+00
8.755020095458374008e-02	7.385942227592479092e-01	0.000000000000000000e+00
8.755020095458374008e-02	7.385942227592479092e-01	0.000000000000000000e+00
2.001713196321894261e-01	6.467894442070447614e-01	0.000000000000000000e+00
2.050181331747490676e-01	6.040692259892312954e-01	0.000000000000000000e+00
2.156011494798283357e-01	5.131267251397239049e-01	0.000000000000000000e+00
2.156011494798283357e-01	4.915750901208277290e-01	0.000000000000000000e+00
2.252947765649476186e-01	4.315617085160430300e-01	0.000000000000000000e+00
2.312782482945300866e-01	3.828855699619895248e-01	0.000000000000000000e+00
2.365697564470697345e-01	3.562245028846080519e-01	0.000000000000000000e+00
2.405335287700056113e-01	3.161557594005690586e-01	0.000000000000000000e+00
2.478069230840131976e-01	2.855755124499840258e-01	0.000000000000000000e+00
2.587170145550246048e-01	2.682519835061394353e-01	0.000000000000000000e+00
2.587170145550246048e-01	2.682519835061394353e-01	0.000000000000000000e+00
2.587170145550246048e-01	2.682519835061394353e-01	0.000000000000000000e+00
2.587170145550246048e-01	2.682519835061394353e-01	0.000000000000000000e+00
2.587170145550246048e-01	2.682519835061394353e-01	0.000000000000000000e+00
2.587170145550246048e-01	2.682519835061394353e-01	0.000000000000000000e+00
2.587170145550246048e-01	2.682519835061394353e-01	0.000000000000000000e+00
2.568986659765226666e-01	2.685067455045379581e-01	0.000000000000000000e+00
2.568986659765226666e-01	2.685067455045379581e-01	0.000000000000000000e+00
2.550803173980207839e-01	2.697039061346016009e-01	0.000000000000000000e+00
4.283629940494013688e-01	8.964350887357025455e-02	0.000000000000000000e+00
4.283629940494013688e-01	8.964350887357025455e-02	0.000000000000000000e+00
4.283629940494013688e-01	8.964350887357025455e-02	0.000000000000000000e+00
4.283629940494013688e-01	8.964350887357025455e-02	0.000000000000000000e+00
4.283629940494013688e-01	8.964350887357025455e-02	0.000000000000000000e+00
4.285784130689341276e-01	7.150725641990055004e-02	0.000000000000000000e+00
4.310061110288249120e-01	4.146762825480857645e-02	0.000000000000000000e+00
4.336492280082484552e-01	1.945062593835852893e-02	0.000000000000000000e+00
4.366820302422974587e-01	-8.945295571563724110e-03	0.000000000000000000e+00
4.366820302422974587e-01	-2.401715989086694938e-02	0.000000000000000000e+00
4.418359421618498484e-01	-5.082432090782551537e-02	0.000000000000000000e+00
4.433027225141389915e-01	-6.768852958569464284e-02	0.000000000000000000e+00
4.458796784739151864e-01	-1.001187859137005060e-01	0.000000000000000000e+00
4.499234147859804689e-01	-1.110452800626408193e-01	0.000000000000000000e+00
4.539671510980457514e-01	-1.143176131145394181e-01	0.000000000000000000e+00
4.539671510980457514e-01	-1.143176131145394181e-01	0.000000000000000000e+00
4.539671510980457514e-01	-1.143176131145394181e-01	0.000000000000000000e+00
4.539671510980457514e-01	-1.143176131145394181e-01	0.000000000000000000e+00
4.539671510980457514e-01	-1.143176131145394181e-01	0.000000000000000000e+00
4.539671510980457514e-01	-1.143176131145394181e-01	0.000000000000000000e+00
4.539671510980457514e-01	-1.143176131145394181e-01	0.000000000000000000e+00
4.539671510980457514e-01	-1.143176131145394181e-01	0.000000000000000000e+00
6.228888880226234326e-01	-1.602722718272328595e-01	0.000000000000000000e+00
6.228888880226234326e-01	-1.602722718272328595e-01	0.000000000000000000e+00
6.238002639599136145e-01	-1.670118674328963659e-01	0.000000000000000000e+00
6.264041952093140075e-01	-2.013351502197583964e-01	0.000000000000000000e+00
6.266645883342540913e-01	-2.147087965673116772e-01	0.000000000000000000e+00
6.266645883342540913e-01	-2.147087965673116772e-01	0.000000000000000000e+00
6.342159889575154086e-01	-2.931875787367738129e-01	0.000000000000000000e+00
6.342159889575154086e-01	-2.931875787367738129e-01	0.000000000000000000e+00
6.342159889575154086e-01	-2.931875787367738129e-01	0.000000000000000000e+00
6.342159889575154086e-01	-2.931875787367738129e-01	0.000000000000000000e+00
6.342159889575154086e-01	-3.082515443993438797e-01	0.000000000000000000e+00
6.352575614572755214e-01	-3.162905358089684871e-01	0.000000000000000000e+00
6.383822789565558598e-01	-3.332044800834725873e-01	0.000000000000000000e+00
6.383822789565559708e-01	-3.612545903264332003e-01	0.000000000000000000e+00
6.383822789565559708e-01	-3.612545903264332003e-01	0.000000000000000000e+00
6.425485689555965330e-01	-3.929275580410157009e-01	0.000000000000000000e+00
6.425485689555965330e-01	-3.929275580410157009e-01	0.000000000000000000e+00
6.425485689555965330e-01	-3.929275580410157009e-01	0.000000000000000000e+00
6.404654239560761964e-01	-3.627639486020501902e-01	0.000000000000000000e+00
6.404654239560761964e-01	-3.627639486020501902e-01	0.000000000000000000e+00
8.332888944490669525e-01	-5.085891159597734079e-01	0.000000000000000000e+00
8.332888944490669525e-01	-5.085891159597734079e-01	0.000000000000000000e+00
8.332888944490669525e-01	-5.085891159597734079e-01	0.000000000000000000e+00
8.332888944490669525e-01	-5.085891159597734079e-01	0.000000000000000000e+00
8.332888944490669525e-01	-5.085891159597734079e-01	0.000000000000000000e+00
8.332888944490669525e-01	-5.085891159597734079e-01	0.000000000000000000e+00
8.332888944490669525e-01	-5.085891159597734079e-01	0.000000000000000000e+00
8.332888944490669525e-01	-5.085891159597734079e-01	0.000000000000000000e+00
8.332888944490669525e-01	-4.956894226098545464e-01	0.000000000000000000e+00
8.332888944490669525e-01	-4.956894226098545464e-01	0.000000000000000000e+00
8.332888944490669525e-01	-4.956894226098545464e-01	0.000000000000000000e+00
8.332888944490669525e-01	-5.137506716395926487e-01	0.000000000000000000e+00
8.349752830809528126e-01	-5.271771319343980799e-01	0.000000000000000000e+00
8.360995421688767193e-01	-5.486890889850248865e-01	0.000000000000000000e+00
8.360995421688767193e-01	-5.486890889850248865e-01	0.000000000000000000e+00
8.375450181390646787e-01	-5.581144613128072862e-01	0.000000000000000000e+00
8.387495814475546263e-01	-5.623800675249597258e-01	0.000000000000000000e+00
8.412390122851005625e-01	-5.854782209973202756e-01	0.000000000000000000e+00
8.412390122851005625e-01	-5.854782209973202756e-01	0.000000000000000000e+00
8.412390122851005625e-01	-5.937194614203687992e-01	0.000000000000000000e+00
8.438087473432124286e-01	-6.042705681544000562e-01	0.000000000000000000e+00
8.438087473432124286e-01	-6.113693553456274188e-01	0.000000000000000000e+00
8.454148317545323588e-01	-6.217784437546557408e-01	0.000000000000000000e+00
8.495906512239641550e-01	-6.308869652576239995e-01	0.000000000000000000e+00
8.495906512239641550e-01	-6.379376564517580395e-01	0.000000000000000000e+00
8.495906512239641550e-01	-6.379376564517580395e-01	0.000000000000000000e+00
