0.000000000000000000e+00	2.633510717320945105e+00	0.000000000000000000e+00
1.580494194159277194e-02	2.300722032852843935e+00	0.000000000000000000e+00
2.480463492095236894e-02	2.122942638499042189e+00	0.000000000000000000e+00
4.483960834623430119e-02	1.934270646459154364e+00	0.000000000000000000e+00
4.483960834623430119e-02	1.934270646459154364e+00	0.000000000000000000e+00
7.285648101759446826e-02	1.719290182599889860e+00	0.000000000000000000e+00
7.285648101759446826e-02	1.719290182599889860e+00	0.000000000000000000e+00
7.285648101759446826e-02	1.719290182599889860e+00	0.000000000000000000e+00
9.085586697631366226e-02	1.671575883440426624e+00	0.000000000000000000e+00
9.085586697631366226e-02	1.671575883440426624e+00	0.000000000000000000e+00
9.085586697631366226e-02	1.671575883440426624e+00	0.000000000000000000e+00
9.085586697631366226e-02	1.671575883440426624e+00	0.000000000000000000e+00
8.083838026367269614e-02	1.809487088901920337e+00	0.000000000000000000e+00
8.083838026367269614e-02	1.809487088901920337e+00	0.000000000000000000e+00
2.023100641187617343e-01	1.641642966926819991e+00	0.000000000000000000e+00
2.023100641187617343e-01	1.641642966926819991e+00	0.000000000000000000e+00
2.023100641187617343e-01	1.641642966926819991e+00	0.000000000000000000e+00
2.023100641187617343e-01	1.641642966926819991e+00	0.000000000000000000e+00
2.307413440185021869e-01	1.304775501005415617e+00	0.000000000000000000e+00
2.193834174485174981e-01	1.432262701686850992e+00	0.000000000000000000e+00
2.193834174485174981e-01	1.432262701686850992e+00	0.000000000000000000e+00
2.307413440185021869e-01	1.304775501005415617e+00	0.000000000000000000e+00
2.307413440185021869e-01	1.304775501005415617e+00	0.000000000000000000e+00
2.307413440185021869e-01	1.304775501005415617e+00	0.000000000000000000e+00
2.354105766994770699e-01	1.294437394513582307e+00	0.000000000000000000e+00
2.400798093804519251e-01	1.291583631974132507e+00	0.000000000000000000e+00
2.494182747424016355e-01	1.245722855936512996e+00	0.000000000000000000e+00
2.494182747424016355e-01	1.245722855936512996e+00	0.000000000000000000e+00
2.494182747424016355e-01	1.245722855936512996e+00	0.000000000000000000e+00
2.564221237638639184e-01	1.257129042599304247e+00	0.000000000000000000e+00
2.564221237638639184e-01	1.257129042599304247e+00	0.000000000000000000e+00
2.564221237638639184e-01	1.257129042599304247e+00	0.000000000000000000e+00
2.564221237638639184e-01	1.257129042599304247e+00	0.000000000000000000e+00
2.564221237638639184e-01	1.257129042599304247e+00	0.000000000000000000e+00
2.464147890130132246e-01	1.273717843419831075e+00	0.000000000000000000e+00
2.464147890130132246e-01	1.273717843419831075e+00	0.000000000000000000e+00
2.464147890130132246e-01	1.273717843419831075e+00	0.000000000000000000e+00
2.464147890130132246e-01	1.273717843419831075e+00	0.000000000000000000e+00
2.434113032836248136e-01	1.254746778006743613e+00	0.000000000000000000e+00
2.434113032836248136e-01	1.254746778006743613e+00	0.000000000000000000e+00
2.434113032836248136e-01	1.254746778006743613e+00	0.000000000000000000e+00
2.434113032836248136e-01	1.254746778006743613e+00	0.000000000000000000e+00
2.434113032836248136e-01	1.254746778006743613e+00	0.000000000000000000e+00
2.434113032836248136e-01	1.254746778006743613e+00	0.000000000000000000e+00
2.434113032836248136e-01	1.254746778006743613e+00	0.000000000000000000e+00
2.434113032836248136e-01	1.254746778006743613e+00	0.000000000000000000e+00
2.434113032836248136e-01	1.254746778006743613e+00	0.000000000000000000e+00
2.434113032836248136e-01	1.254746778006743613e+00	0.000000000000000000e+00
2.434113032836248136e-01	1.254746778006743613e+00	0.000000000000000000e+00
6.405943305898884610e-01	7.563176023596176467e-01	0.000000000000000000e+00
6.405943305898884610e-01	7.563176023596176467e-01	0.000000000000000000e+00
6.405943305898884610e-01	7.563176023596176467e-01	0.000000000000000000e+00
6.405943305898884610e-01	7.563176023596176467e-01	0.000000000000000000e+00
6.405943305898884610e-01	7.563176023596176467e-01	0.000000000000000000e+00
6.405943305898884610e-01	7.563176023596176467e-01	0.000000000000000000e+00
6.405943305898884610e-01	7.563176023596176467e-01	0.000000000000000000e+00
6.405943305898884610e-01	7.563176023596176467e-01	0.000000000000000000e+00
6.369259094985246783e-01	8.951161577312042317e-01	0.000000000000000000e+00
6.369259094985246783e-01	8.951161577312042317e-01	0.000000000000000000e+00
6.369259094985246783e-01	8.951161577312042317e-01	0.000000000000000000e+00
6.369259094985246783e-01	8.951161577312042317e-01	0.000000000000000000e+00
6.369259094985246783e-01	8.951161577312042317e-01	0.000000000000000000e+00
6.369259094985246783e-01	8.951161577312042317e-01	0.000000000000000000e+00
6.369259094985246783e-01	8.951161577312042317e-01	0.000000000000000000e+00
6.369259094985246783e-01	8.951161577312042317e-01	0.000000000000000000e+00
6.369259094985246783e-01	8.733737783455874926e-01	0.000000000000000000e+00
6.369259094985246783e-01	8.733737783455874926e-01	0.000000000000000000e+00
6.460969622269341350e-01	8.563504862728510414e-01	0.000000000000000000e+00
6.552680149553434807e-01	5.620518772197199420e-01	0.000000000000000000e+00
6.552680149553434807e-01	5.620518772197199420e-01	0.000000000000000000e+00
6.644390676837528265e-01	6.890712272140635530e-01	0.000000000000000000e+00
6.644390676837528265e-01	6.890712272140635530e-01	0.000000000000000000e+00
8.302896189963108187e-01	7.538832255697752727e-01	0.000000000000000000e+00
8.302896189963108187e-01	7.538832255697752727e-01	0.000000000000000000e+00
8.302896189963108187e-01	7.538832255697752727e-01	0.000000000000000000e+00
8.371204888578799297e-01	5.857348192487636940e-01	0.000000000000000000e+00
8.371204888578799297e-01	5.857348192487636940e-01	0.000000000000000000e+00
8.371204888578799297e-01	5.857348192487636940e-01	0.000000000000000000e+00
8.371204888578799297e-01	5.857348192487636940e-01	0.000000000000000000e+00
8.371204888578799297e-01	5.857348192487636940e-01	0.000000000000000000e+00
8.371204888578799297e-01	5.857348192487636940e-01	0.000000000000000000e+00
8.371204888578799297e-01	5.857348192487636940e-01	0.000000000000000000e+00
8.371204888578799297e-01	5.857348192487636940e-01	0.000000000000000000e+00
8.371204888578799297e-01	5.857348192487636940e-01	0.000000000000000000e+00
8.431766956494846088e-01	7.586845589755412123e-01	0.000000000000000000e+00
8.431766956494846088e-01	7.586845589755412123e-01	0.000000000000000000e+00
8.431766956494846088e-01	6.912380296511825284e-01	0.000000000000000000e+00
8.431766956494846088e-01	6.912380296511825284e-01	0.000000000000000000e+00
8.431766956494846088e-01	6.912380296511825284e-01	0.000000000000000000e+00
8.431766956494846088e-01	6.912380296511825284e-01	0.000000000000000000e+00
8.431766956494846088e-01	6.912380296511825284e-01	0.000000000000000000e+00
8.431766956494846088e-01	6.912380296511825284e-01	0.000000000000000000e+00
8.436328067491969396e-01	6.807690385856421944e-01	0.000000000000000000e+00
8.436328067491969396e-01	6.807690385856421944e-01	0.000000000000000000e+00
8.436328067491969396e-01	6.807690385856421944e-01	0.000000000000000000e+00
8.436328067491969396e-01	6.807690385856421944e-01	0.000000000000000000e+00
8.436328067491969396e-01	6.807690385856421944e-01	0.000000000000000000e+00
8.436328067491969396e-01	6.807690385856421944e-01	0.000000000000000000e+00
8.436328067491969396e-01	6.807690385856421944e-01	0.000000000000000000e+00
8.436328067491969396e-01	6.807690385856421944e-01	0.000000000000000000e+00
