0.000000000000000000e+00	1.787748745315604459e+00	0.000000000000000000e+00
1.554770876763988258e-02	1.504211240076484435e+00	0.000000000000000000e+00
2.682523477235537745e-02	1.474216996540441693e+00	0.000000000000000000e+00
4.557254137202415567e-02	1.363840708007496572e+00	0.000000000000000000e+00
5.476296141541107942e-02	1.327416809262785602e+00	0.000000000000000000e+00
6.812759338145514543e-02	1.269957835763849463e+00	0.000000000000000000e+00
6.812759338145514543e-02	1.269957835763849463e+00	0.000000000000000000e+00
9.998212860655583678e-02	1.249467165291031634e+00	0.000000000000000000e+00
6.812759338145514543e-02	1.279983973936609898e+00	0.000000000000000000e+00
9.998212860655583678e-02	1.282378702633792278e+00	0.000000000000000000e+00
9.998212860655583678e-02	1.282378702633792278e+00	0.000000000000000000e+00
9.218242629786593811e-02	1.279360568303331114e+00	0.000000000000000000e+00
1.963978951933729178e-01	1.214777069954095179e+00	0.000000000000000000e+00
2.053184388541502980e-01	1.105706521505188000e+00	0.000000000000000000e+00
2.053184388541502980e-01	1.105706521505188000e+00	0.000000000000000000e+00
2.172124970685201661e-01	9.837259293373421531e-01	0.000000000000000000e+00
2.172124970685201661e-01	9.626868031288922101e-01	0.000000000000000000e+00
2.328119016858999635e-01	7.465108670466608087e-01	0.000000000000000000e+00
2.328119016858999635e-01	7.465108670466608087e-01	0.000000000000000000e+00
2.328119016858999635e-01	7.465108670466608087e-01	0.000000000000000000e+00
2.365172480889098927e-01	6.943211212138984401e-01	0.000000000000000000e+00
2.365172480889098927e-01	6.943211212138984401e-01	0.000000000000000000e+00
2.558219991092995915e-01	6.901551669080766560e-01	0.000000000000000000e+00
2.558219991092995915e-01	6.826194594435870400e-01	0.000000000000000000e+00
2.666169004200174553e-01	6.704676542820410257e-01	0.000000000000000000e+00
2.666169004200174553e-01	6.704676542820410257e-01	0.000000000000000000e+00
2.666169004200174553e-01	6.704676542820410257e-01	0.000000000000000000e+00
2.666169004200174553e-01	6.704676542820410257e-01	0.000000000000000000e+00
2.666169004200174553e-01	6.704676542820410257e-01	0.000000000000000000e+00
2.666169004200174553e-01	6.704676542820410257e-01	0.000000000000000000e+00
2.666169004200174553e-01	6.704676542820410257e-01	0.000000000000000000e+00
2.666169004200174553e-01	6.704676542820410257e-01	0.000000000000000000e+00
2.558219991092995915e-01	6.781294794088968958e-01	0.000000000000000000e+00
2.558219991092995915e-01	6.781294794088968958e-01	0.000000000000000000e+00
4.404810653145666000e-01	3.719729592332776669e-01	0.000000000000000000e+00
4.404810653145666000e-01	3.719729592332776669e-01	0.000000000000000000e+00
4.404810653145666000e-01	3.719729592332776669e-01	0.000000000000000000e+00
4.404810653145666000e-01	3.719729592332776669e-01	0.000000000000000000e+00
4.404810653145666000e-01	3.719729592332776669e-01	0.000000000000000000e+00
4.404810653145666000e-01	3.719729592332776669e-01	0.000000000000000000e+00
4.404810653145666000e-01	3.719729592332776669e-01	0.000000000000000000e+00
4.404810653145666000e-01	3.719729592332776669e-01	0.000000000000000000e+00
4.404810653145666000e-01	4.297285892435298016e-01	0.000000000000000000e+00
4.404810653145666000e-01	4.297285892435298016e-01	0.000000000000000000e+00
4.404810653145666000e-01	4.297285892435298016e-01	0.000000000000000000e+00
4.404810653145666000e-01	4.297285892435298016e-01	0.000000000000000000e+00
4.404810653145666000e-01	4.297285892435298016e-01	0.000000000000000000e+00
4.404810653145666000e-01	4.490971521307319803e-01	0.000000000000000000e+00
4.404810653145666000e-01	4.490971521307319803e-01	0.000000000000000000e+00
6.279550871661121469e-01	1.840862740481368498e-01	0.000000000000000000e+00
6.279550871661121469e-01	1.840862740481368498e-01	0.000000000000000000e+00
6.279550871661121469e-01	1.840862740481368498e-01	0.000000000000000000e+00
6.279550871661121469e-01	1.863729643299302519e-01	0.000000000000000000e+00
6.279550871661121469e-01	1.863729643299302519e-01	0.000000000000000000e+00
6.279550871661121469e-01	1.863729643299302519e-01	0.000000000000000000e+00
6.279550871661121469e-01	1.863729643299302519e-01	0.000000000000000000e+00
6.279550871661121469e-01	1.863729643299302519e-01	0.000000000000000000e+00
6.279550871661121469e-01	1.966959212241947419e-01	0.000000000000000000e+00
6.279550871661121469e-01	1.966959212241947419e-01	0.000000000000000000e+00
6.279550871661121469e-01	1.966959212241947419e-01	0.000000000000000000e+00
6.279550871661121469e-01	1.966959212241947419e-01	0.000000000000000000e+00
6.279550871661121469e-01	1.804102873503403981e-01	0.000000000000000000e+00
6.279550871661121469e-01	1.804102873503403981e-01	0.000000000000000000e+00
6.369259094985246783e-01	5.382192495119102194e-02	0.000000000000000000e+00
6.369259094985246783e-01	5.359089979230092365e-02	0.000000000000000000e+00
6.369259094985246783e-01	5.359089979230092365e-02	0.000000000000000000e+00
6.369259094985246783e-01	5.359089979230092365e-02	0.000000000000000000e+00
6.369259094985246783e-01	5.359089979230092365e-02	0.000000000000000000e+00
6.369259094985246783e-01	5.359089979230092365e-02	0.000000000000000000e+00
6.369259094985246783e-01	5.359089979230092365e-02	0.000000000000000000e+00
6.369259094985246783e-01	5.359089979230092365e-02	0.000000000000000000e+00
6.581900809531321395e-01	5.150342548229610434e-02	0.000000000000000000e+00
8.367419759334047136e-01	-1.661559510357961122e-01	0.000000000000000000e+00
8.367419759334047136e-01	-1.661559510357961122e-01	0.000000000000000000e+00
8.367419759334047136e-01	-1.851355944051152891e-01	0.000000000000000000e+00
8.367419759334047136e-01	-1.851355944051152891e-01	0.000000000000000000e+00
8.367419759334047136e-01	-1.857780949745726773e-01	0.000000000000000000e+00
8.367419759334047136e-01	-1.857780949745726773e-01	0.000000000000000000e+00
8.367419759334047136e-01	-1.857780949745726773e-01	0.000000000000000000e+00
8.367419759334047136e-01	-1.958676680352184341e-01	0.000000000000000000e+00
8.367419759334047136e-01	-1.958676680352184341e-01	0.000000000000000000e+00
8.367419759334047136e-01	-2.071924915969893533e-01	0.000000000000000000e+00
8.367419759334047136e-01	-2.071924915969893533e-01	0.000000000000000000e+00
8.367419759334047136e-01	-2.071924915969893533e-01	0.000000000000000000e+00
8.367419759334047136e-01	-2.071924915969893533e-01	0.000000000000000000e+00
8.367419759334047136e-01	-2.071924915969893533e-01	0.000000000000000000e+00
8.367419759334047136e-01	-2.005175338658433948e-01	0.000000000000000000e+00
8.367419759334047136e-01	-2.005175338658433948e-01	0.000000000000000000e+00
8.367419759334047136e-01	-2.005175338658433948e-01	0.000000000000000000e+00
8.367419759334047136e-01	-2.005175338658433948e-01	0.000000000000000000e+00
8.367419759334047136e-01	-1.926660727449096555e-01	0.000000000000000000e+00
8.367419759334047136e-01	-1.926660727449096555e-01	0.000000000000000000e+00
8.367419759334047136e-01	-1.926660727449096555e-01	0.000000000000000000e+00
8.367419759334047136e-01	-1.926660727449096555e-01	0.000000000000000000e+00
8.367419759334047136e-01	-1.926660727449096555e-01	0.000000000000000000e+00
8.367419759334047136e-01	-1.926660727449096555e-01	0.000000000000000000e+00
8.367419759334047136e-01	-1.926660727449096555e-01	0.000000000000000000e+00
8.367419759334047136e-01	-1.926660727449096555e-01	0.000000000000000000e+00
8.367419759334047136e-01	-1.716299903275530503e-01	0.000000000000000000e+00
8.367419759334047136e-01	-1.716299903275530503e-01	0.000000000000000000e+00
