0.000000000000000000e+00	2.898907107404053107e+00	0.000000000000000000e+00
1.478476251504295957e-02	2.471990950892918537e+00	0.000000000000000000e+00
2.778436187308541000e-02	2.289360612958760921e+00	0.000000000000000000e+00
2.778436187308541000e-02	2.289360612958760921e+00	0.000000000000000000e+00
5.174320173607068613e-02	2.274613543253395154e+00	0.000000000000000000e+00
5.174320173607068613e-02	2.180278946359891279e+00	0.000000000000000000e+00
5.174320173607068613e-02	2.180278946359891279e+00	0.000000000000000000e+00
7.748720475605647140e-02	2.150379513860912528e+00	0.000000000000000000e+00
8.777302928954711092e-02	2.109499308911128690e+00	0.000000000000000000e+00
8.777302928954711092e-02	2.109499308911128690e+00	0.000000000000000000e+00
1.099467059955318710e-01	1.997175690220876376e+00	0.000000000000000000e+00
1.099467059955318710e-01	1.963831206105690397e+00	0.000000000000000000e+00
1.099467059955318710e-01	1.963831206105690397e+00	0.000000000000000000e+00
1.099467059955318710e-01	1.963831206105690397e+00	0.000000000000000000e+00
1.099467059955318710e-01	1.963831206105690397e+00	0.000000000000000000e+00
1.099467059955318710e-01	1.963831206105690397e+00	0.000000000000000000e+00
1.099467059955318710e-01	1.970367838703157570e+00	0.000000000000000000e+00
1.852367107890059705e-01	1.934733452983546265e+00	0.000000000000000000e+00
1.852367107890059705e-01	1.934733452983546265e+00	0.000000000000000000e+00
2.193834174485174981e-01	1.658914357602493839e+00	0.000000000000000000e+00
2.193834174485174981e-01	1.658914357602493839e+00	0.000000000000000000e+00
2.193834174485174981e-01	1.658914357602493839e+00	0.000000000000000000e+00
2.193834174485174981e-01	1.658914357602493839e+00	0.000000000000000000e+00
2.193834174485174981e-01	1.631000682682138603e+00	0.000000000000000000e+00
2.193834174485174981e-01	1.631000682682138603e+00	0.000000000000000000e+00
2.193834174485174981e-01	1.631000682682138603e+00	0.000000000000000000e+00
2.193834174485174981e-01	1.631000682682138603e+00	0.000000000000000000e+00
2.193834174485174981e-01	1.631000682682138603e+00	0.000000000000000000e+00
2.193834174485174981e-01	1.631000682682138603e+00	0.000000000000000000e+00
2.193834174485174981e-01	1.611340791701877162e+00	0.000000000000000000e+00
2.193834174485174981e-01	1.611340791701877162e+00	0.000000000000000000e+00
2.193834174485174981e-01	1.611340791701877162e+00	0.000000000000000000e+00
2.193834174485174981e-01	1.605500808167025006e+00	0.000000000000000000e+00
2.193834174485174981e-01	1.605500808167025006e+00	0.000000000000000000e+00
2.193834174485174981e-01	1.605500808167025006e+00	0.000000000000000000e+00
2.193834174485174981e-01	1.605500808167025006e+00	0.000000000000000000e+00
2.193834174485174981e-01	1.605500808167025006e+00	0.000000000000000000e+00
2.193834174485174981e-01	1.605500808167025006e+00	0.000000000000000000e+00
2.193834174485174981e-01	1.605500808167025006e+00	0.000000000000000000e+00
2.193834174485174981e-01	1.605500808167025006e+00	0.000000000000000000e+00
2.193834174485174981e-01	1.643207334061287161e+00	0.000000000000000000e+00
2.193834174485174981e-01	1.643207334061287161e+00	0.000000000000000000e+00
2.193834174485174981e-01	1.643207334061287161e+00	0.000000000000000000e+00
2.193834174485174981e-01	1.643207334061287161e+00	0.000000000000000000e+00
2.193834174485174981e-01	1.643207334061287161e+00	0.000000000000000000e+00
2.193834174485174981e-01	1.643207334061287161e+00	0.000000000000000000e+00
2.193834174485174981e-01	1.643207334061287161e+00	0.000000000000000000e+00
2.193834174485174981e-01	1.643207334061287161e+00	0.000000000000000000e+00
2.193834174485174981e-01	1.643207334061287161e+00	0.000000000000000000e+00
2.193834174485174981e-01	1.664478942199691724e+00	0.000000000000000000e+00
6.357031024680699360e-01	1.609740169213430550e+00	0.000000000000000000e+00
6.357031024680699360e-01	1.609740169213430550e+00	0.000000000000000000e+00
6.357031024680699360e-01	1.609740169213430550e+00	0.000000000000000000e+00
6.357031024680699360e-01	1.609740169213430550e+00	0.000000000000000000e+00
6.357031024680699360e-01	1.609740169213430550e+00	0.000000000000000000e+00
6.552680149553434807e-01	1.468865122340346163e+00	0.000000000000000000e+00
6.552680149553434807e-01	1.468865122340346163e+00	0.000000000000000000e+00
6.552680149553434807e-01	1.468865122340346163e+00	0.000000000000000000e+00
6.552680149553434807e-01	1.468865122340346163e+00	0.000000000000000000e+00
6.552680149553434807e-01	1.468865122340346163e+00	0.000000000000000000e+00
8.302896189963108187e-01	1.194496677407075769e+00	0.000000000000000000e+00
8.302896189963108187e-01	1.121584648081421776e+00	0.000000000000000000e+00
8.302896189963108187e-01	1.140515539159208780e+00	0.000000000000000000e+00
8.302896189963108187e-01	1.140515539159208780e+00	0.000000000000000000e+00
8.302896189963108187e-01	1.140515539159208780e+00	0.000000000000000000e+00
8.302896189963108187e-01	1.140515539159208780e+00	0.000000000000000000e+00
8.302896189963108187e-01	1.313412272257793445e+00	0.000000000000000000e+00
8.302896189963108187e-01	1.313412272257793445e+00	0.000000000000000000e+00
8.302896189963108187e-01	1.313412272257793445e+00	0.000000000000000000e+00
8.302896189963108187e-01	1.313412272257793445e+00	0.000000000000000000e+00
8.302896189963108187e-01	1.313412272257793445e+00	0.000000000000000000e+00
8.302896189963108187e-01	1.313412272257793445e+00	0.000000000000000000e+00
8.302896189963108187e-01	1.313412272257793445e+00	0.000000000000000000e+00
8.302896189963108187e-01	1.313412272257793445e+00	0.000000000000000000e+00
8.399839179514985155e-01	9.124600262644371185e-01	0.000000000000000000e+00
8.399839179514985155e-01	9.124600262644371185e-01	0.000000000000000000e+00
8.399839179514985155e-01	9.124600262644371185e-01	0.000000000000000000e+00
8.399839179514985155e-01	1.053917329029001593e+00	0.000000000000000000e+00
8.399839179514985155e-01	1.053917329029001593e+00	0.000000000000000000e+00
8.399839179514985155e-01	1.053917329029001593e+00	0.000000000000000000e+00
8.399839179514985155e-01	1.053917329029001593e+00	0.000000000000000000e+00
8.399839179514985155e-01	1.070433027095620160e+00	0.000000000000000000e+00
8.399839179514985155e-01	1.070433027095620160e+00	0.000000000000000000e+00
8.399839179514985155e-01	1.070433027095620160e+00	0.000000000000000000e+00
8.399839179514985155e-01	1.053917329029001593e+00	0.000000000000000000e+00
8.399839179514985155e-01	1.070433027095620160e+00	0.000000000000000000e+00
8.399839179514985155e-01	1.070433027095620160e+00	0.000000000000000000e+00
8.399839179514985155e-01	1.070433027095620160e+00	0.000000000000000000e+00
8.399839179514985155e-01	1.070433027095620160e+00	0.000000000000000000e+00
8.399839179514985155e-01	1.105465604422574355e+00	0.000000000000000000e+00
8.399839179514985155e-01	1.105465604422574355e+00	0.000000000000000000e+00
8.399839179514985155e-01	1.105465604422574355e+00	0.000000000000000000e+00
8.399839179514985155e-01	1.105465604422574355e+00	0.000000000000000000e+00
8.399839179514985155e-01	1.105465604422574355e+00	0.000000000000000000e+00
8.424165104832974649e-01	1.065023682121330806e+00	0.000000000000000000e+00
8.424165104832974649e-01	1.065023682121330806e+00	0.000000000000000000e+00
8.424165104832974649e-01	1.065023682121330806e+00	0.000000000000000000e+00
8.424165104832974649e-01	1.065023682121330806e+00	0.000000000000000000e+00
8.424165104832974649e-01	1.065023682121330806e+00	0.000000000000000000e+00
8.424165104832974649e-01	1.089946916708288027e+00	0.000000000000000000e+00
