0.000000000000000000e+00	3.062402498072416712e+00	0.000000000000000000e+00
1.775534772245429549e-03	2.979665533137878519e+00	0.000000000000000000e+00
3.617001122606353092e-02	2.679155677383678658e+00	0.000000000000000000e+00
3.617001122606353092e-02	2.679155677383678658e+00	0.000000000000000000e+00
6.196586856642710694e-02	2.486334476857246401e+00	0.000000000000000000e+00
6.559935258356233700e-02	2.213067461156351001e+00	0.000000000000000000e+00
6.559935258356233700e-02	2.213067461156351001e+00	0.000000000000000000e+00
6.559935258356233700e-02	2.213067461156351001e+00	0.000000000000000000e+00
8.279659081047138769e-02	2.256310735980915805e+00	0.000000000000000000e+00
8.279659081047138769e-02	2.256310735980915805e+00	0.000000000000000000e+00
8.279659081047138769e-02	2.256310735980915805e+00	0.000000000000000000e+00
8.279659081047138769e-02	2.256310735980915805e+00	0.000000000000000000e+00
8.279659081047138769e-02	2.256310735980915805e+00	0.000000000000000000e+00
8.279659081047138769e-02	2.256310735980915805e+00	0.000000000000000000e+00
8.279659081047138769e-02	2.258832465871657202e+00	0.000000000000000000e+00
8.279659081047138769e-02	2.258832465871657202e+00	0.000000000000000000e+00
2.193834174485174981e-01	2.101150120339798644e+00	0.000000000000000000e+00
2.193834174485174981e-01	2.101150120339798644e+00	0.000000000000000000e+00
2.193834174485174981e-01	2.101150120339798644e+00	0.000000000000000000e+00
2.193834174485174981e-01	2.101150120339798644e+00	0.000000000000000000e+00
2.193834174485174981e-01	2.101150120339798644e+00	0.000000000000000000e+00
2.193834174485174981e-01	2.101150120339798644e+00	0.000000000000000000e+00
2.193834174485174981e-01	2.101150120339798644e+00	0.000000000000000000e+00
2.193834174485174981e-01	2.101150120339798644e+00	0.000000000000000000e+00
2.193834174485174981e-01	2.101150120339798644e+00	0.000000000000000000e+00
2.193834174485174981e-01	2.101946588285271034e+00	0.000000000000000000e+00
2.193834174485174981e-01	2.101946588285271034e+00	0.000000000000000000e+00
4.674706369989196642e-01	2.033226932002912601e+00	0.000000000000000000e+00
4.674706369989196642e-01	2.033226932002912601e+00	0.000000000000000000e+00
4.674706369989196642e-01	2.069340676785147437e+00	0.000000000000000000e+00
4.674706369989196642e-01	2.069340676785147437e+00	0.000000000000000000e+00
4.674706369989196642e-01	2.069340676785147437e+00	0.000000000000000000e+00
4.674706369989196642e-01	1.950722794098671331e+00	0.000000000000000000e+00
4.674706369989196642e-01	1.950722794098671331e+00	0.000000000000000000e+00
4.674706369989196642e-01	1.950722794098671331e+00	0.000000000000000000e+00
4.674706369989196642e-01	1.950722794098671331e+00	0.000000000000000000e+00
4.674706369989196642e-01	1.950722794098671331e+00	0.000000000000000000e+00
4.674706369989196642e-01	1.950722794098671331e+00	0.000000000000000000e+00
4.674706369989196642e-01	1.950722794098671331e+00	0.000000000000000000e+00
4.674706369989196642e-01	1.950722794098671331e+00	0.000000000000000000e+00
4.674706369989196642e-01	1.992234141147481541e+00	0.000000000000000000e+00
4.674706369989196642e-01	1.992234141147481541e+00	0.000000000000000000e+00
6.552680149553434807e-01	1.604745964151958360e+00	0.000000000000000000e+00
6.552680149553434807e-01	1.604745964151958360e+00	0.000000000000000000e+00
6.552680149553434807e-01	1.604745964151958360e+00	0.000000000000000000e+00
6.552680149553434807e-01	1.604745964151958360e+00	0.000000000000000000e+00
6.552680149553434807e-01	1.697074324718390592e+00	0.000000000000000000e+00
6.552680149553434807e-01	1.697074324718390592e+00	0.000000000000000000e+00
6.552680149553434807e-01	1.697074324718390592e+00	0.000000000000000000e+00
6.552680149553434807e-01	1.697074324718390592e+00	0.000000000000000000e+00
6.552680149553434807e-01	1.697074324718390592e+00	0.000000000000000000e+00
6.552680149553434807e-01	1.697074324718390592e+00	0.000000000000000000e+00
6.552680149553434807e-01	1.697074324718390592e+00	0.000000000000000000e+00
6.552680149553434807e-01	1.697074324718390592e+00	0.000000000000000000e+00
6.552680149553434807e-01	1.705779164812422088e+00	0.000000000000000000e+00
6.552680149553434807e-01	1.705779164812422088e+00	0.000000000000000000e+00
6.552680149553434807e-01	1.705779164812422088e+00	0.000000000000000000e+00
8.332507639222845874e-01	1.601034561935209988e+00	0.000000000000000000e+00
8.332507639222845874e-01	1.601034561935209988e+00	0.000000000000000000e+00
8.332507639222845874e-01	1.534825764647161694e+00	0.000000000000000000e+00
8.332507639222845874e-01	1.534825764647161694e+00	0.000000000000000000e+00
8.332507639222845874e-01	1.534825764647161694e+00	0.000000000000000000e+00
8.332507639222845874e-01	1.534825764647161694e+00	0.000000000000000000e+00
8.332507639222845874e-01	1.534825764647161694e+00	0.000000000000000000e+00
8.332507639222845874e-01	1.377946563228002130e+00	0.000000000000000000e+00
8.332507639222845874e-01	1.377946563228002130e+00	0.000000000000000000e+00
8.332507639222845874e-01	1.377946563228002130e+00	0.000000000000000000e+00
8.332507639222845874e-01	1.377946563228002130e+00	0.000000000000000000e+00
8.332507639222845874e-01	1.377946563228002130e+00	0.000000000000000000e+00
8.332507639222845874e-01	1.377946563228002130e+00	0.000000000000000000e+00
8.332507639222845874e-01	1.377946563228002130e+00	0.000000000000000000e+00
8.332507639222845874e-01	1.377946563228002130e+00	0.000000000000000000e+00
8.332507639222845874e-01	1.352072215560620405e+00	0.000000000000000000e+00
8.332507639222845874e-01	1.352072215560620405e+00	0.000000000000000000e+00
8.332507639222845874e-01	1.352072215560620405e+00	0.000000000000000000e+00
8.332507639222845874e-01	1.352072215560620405e+00	0.000000000000000000e+00
8.391730537742321250e-01	1.308506211686368381e+00	0.000000000000000000e+00
8.391730537742321250e-01	1.308506211686368381e+00	0.000000000000000000e+00
8.391730537742321250e-01	1.308506211686368381e+00	0.000000000000000000e+00
8.424165104832974649e-01	1.122258432845032683e+00	0.000000000000000000e+00
8.424165104832974649e-01	1.122258432845032683e+00	0.000000000000000000e+00
8.424165104832974649e-01	1.127442791866235750e+00	0.000000000000000000e+00
8.424165104832974649e-01	1.127442791866235750e+00	0.000000000000000000e+00
8.424165104832974649e-01	1.127442791866235750e+00	0.000000000000000000e+00
8.424165104832974649e-01	1.127442791866235750e+00	0.000000000000000000e+00
8.424165104832974649e-01	1.127442791866235750e+00	0.000000000000000000e+00
8.424165104832974649e-01	1.127442791866235750e+00	0.000000000000000000e+00
8.424165104832974649e-01	1.127442791866235750e+00	0.000000000000000000e+00
8.424165104832974649e-01	1.127442791866235750e+00	0.000000000000000000e+00
8.424165104832974649e-01	1.142876288150311614e+00	0.000000000000000000e+00
8.424165104832974649e-01	1.142876288150311614e+00	0.000000000000000000e+00
8.424165104832974649e-01	1.142876288150311614e+00	0.000000000000000000e+00
8.424165104832974649e-01	1.140821726901388056e+00	0.000000000000000000e+00
8.424165104832974649e-01	1.140821726901388056e+00	0.000000000000000000e+00
8.424165104832974649e-01	1.140821726901388056e+00	0.000000000000000000e+00
8.424165104832974649e-01	1.140821726901388056e+00	0.000000000000000000e+00
8.424165104832974649e-01	1.156166924316372802e+00	0.000000000000000000e+00
8.424165104832974649e-01	1.156166924316372802e+00	0.000000000000000000e+00
8.424165104832974649e-01	1.156166924316372802e+00	0.000000000000000000e+00
8.424165104832974649e-01	1.156166924316372802e+00	0.000000000000000000e+00
