0.000000000000000000e+00	1.055302244496584496e+00	0.000000000000000000e+00
1.579208095300090389e-02	8.733763713720766875e-01	0.000000000000000000e+00
3.107091020964979078e-02	7.996746352789461110e-01	0.000000000000000000e+00
4.618649031151376982e-02	7.507879846712136596e-01	0.000000000000000000e+00
5.640705038124687459e-02	7.139806059330022769e-01	0.000000000000000000e+00
7.326947596756977488e-02	6.773969122576871671e-01	0.000000000000000000e+00
8.552011849594330639e-02	6.720898493605075297e-01	0.000000000000000000e+00
8.552011849594330639e-02	6.720898493605075297e-01	0.000000000000000000e+00
8.552011849594330639e-02	6.720898493605075297e-01	0.000000000000000000e+00
8.143657098648546255e-02	6.727156526988311569e-01	0.000000000000000000e+00
8.143657098648546255e-02	6.727156526988311569e-01	0.000000000000000000e+00
8.143657098648546255e-02	6.727156526988311569e-01	0.000000000000000000e+00
1.948243465656375462e-01	6.026912647545770163e-01	0.000000000000000000e+00
2.026060564320943114e-01	5.421553472966800236e-01	0.000000000000000000e+00
2.082541109151695435e-01	4.975152324117222968e-01	0.000000000000000000e+00
2.101918536963680029e-01	4.874213968330179947e-01	0.000000000000000000e+00
2.218245898507258396e-01	3.980247410744327530e-01	0.000000000000000000e+00
2.297287152927700027e-01	3.597481654811108820e-01	0.000000000000000000e+00
2.353905129547468333e-01	3.096864115969513720e-01	0.000000000000000000e+00
2.455921677960162530e-01	2.782617659580245428e-01	0.000000000000000000e+00
2.542400175577635979e-01	2.485114208491970567e-01	0.000000000000000000e+00
2.571635420671572470e-01	2.442848172019183584e-01	0.000000000000000000e+00
2.571635420671572470e-01	2.442848172019183584e-01	0.000000000000000000e+00
2.571635420671572470e-01	2.442443621888836791e-01	0.000000000000000000e+00
2.571635420671572470e-01	2.442130224334262412e-01	0.000000000000000000e+00
2.571635420671572470e-01	2.442130224334262412e-01	0.000000000000000000e+00
2.571635420671572470e-01	2.442130224334262412e-01	0.000000000000000000e+00
2.571635420671572470e-01	2.442130224334262412e-01	0.000000000000000000e+00
2.571635420671572470e-01	2.442130224334262412e-01	0.000000000000000000e+00
2.571635420671572470e-01	2.442130224334262412e-01	0.000000000000000000e+00
4.138357184213978801e-01	1.842948752542331869e-01	0.000000000000000000e+00
4.183123232069850816e-01	1.473516469033196163e-01	0.000000000000000000e+00
4.205410471874703737e-01	1.015492332213362714e-01	0.000000000000000000e+00
4.233345322887001605e-01	8.312693592065735493e-02	0.000000000000000000e+00
4.236838459514076782e-01	6.435851868600304948e-02	0.000000000000000000e+00
4.290553686958302748e-01	1.471421386055618910e-02	0.000000000000000000e+00
4.312840926763155114e-01	-9.707600175137805557e-03	0.000000000000000000e+00
4.335431371592937122e-01	-2.864362974904008374e-02	0.000000000000000000e+00
4.357415406372860400e-01	-4.390583352003796236e-02	0.000000000000000000e+00
4.426872084634356219e-01	-7.256424564993685378e-02	0.000000000000000000e+00
4.470581577961748598e-01	-1.100048890434504045e-01	0.000000000000000000e+00
4.505126544471103056e-01	-1.187310967206074708e-01	0.000000000000000000e+00
4.539671510980457514e-01	-1.235214933376241747e-01	0.000000000000000000e+00
4.539671510980457514e-01	-1.235214933376241747e-01	0.000000000000000000e+00
4.539671510980457514e-01	-1.235214933376241747e-01	0.000000000000000000e+00
4.539671510980457514e-01	-1.235214933376241747e-01	0.000000000000000000e+00
4.539671510980457514e-01	-1.235214933376241747e-01	0.000000000000000000e+00
4.539671510980457514e-01	-1.235214933376241747e-01	0.000000000000000000e+00
4.539671510980457514e-01	-1.235214933376241747e-01	0.000000000000000000e+00
4.539671510980457514e-01	-1.235214933376241747e-01	0.000000000000000000e+00
6.251098085130903925e-01	-2.031085889732448524e-01	0.000000000000000000e+00
6.251098085130903925e-01	-2.031085889732448524e-01	0.000000000000000000e+00
6.234375974895515204e-01	-1.894216295221515245e-01	0.000000000000000000e+00
6.261298677046648331e-01	-2.292030803947015249e-01	0.000000000000000000e+00
6.261298677046648331e-01	-2.338116345244006244e-01	0.000000000000000000e+00
6.281699860878137143e-01	-2.708035348084385507e-01	0.000000000000000000e+00
6.281699860878137143e-01	-2.708035348084385507e-01	0.000000000000000000e+00
6.312301636625370360e-01	-2.892614544115173492e-01	0.000000000000000000e+00
6.335545265180403396e-01	-3.347922325948644029e-01	0.000000000000000000e+00
6.335545265180403396e-01	-3.347922325948644029e-01	0.000000000000000000e+00
6.347167079457920469e-01	-3.482614578361947211e-01	0.000000000000000000e+00
6.358788893735436432e-01	-3.610700891409862612e-01	0.000000000000000000e+00
6.385689861104844045e-01	-3.839926183365502399e-01	0.000000000000000000e+00
6.391500768243602026e-01	-3.978272690031171566e-01	0.000000000000000000e+00
6.412533324916303012e-01	-4.115940000238657026e-01	0.000000000000000000e+00
6.417209944334920646e-01	-4.166589893367780850e-01	0.000000000000000000e+00
6.453823078595628537e-01	-4.317116959703378165e-01	0.000000000000000000e+00
6.484984233771642348e-01	-4.508254359428249813e-01	0.000000000000000000e+00
6.516145388947656159e-01	-4.579704052061264186e-01	0.000000000000000000e+00
6.516145388947656159e-01	-4.579704052061264186e-01	0.000000000000000000e+00
6.516145388947656159e-01	-4.579704052061264186e-01	0.000000000000000000e+00
6.516145388947656159e-01	-4.579704052061264186e-01	0.000000000000000000e+00
6.516145388947656159e-01	-4.579704052061264186e-01	0.000000000000000000e+00
8.252897537237384729e-01	-4.863606905036004791e-01	0.000000000000000000e+00
8.252897537237384729e-01	-4.863606905036004791e-01	0.000000000000000000e+00
8.252897537237384729e-01	-4.957070961256264674e-01	0.000000000000000000e+00
8.261718335617203035e-01	-5.139955886173624977e-01	0.000000000000000000e+00
8.264474212048341650e-01	-5.182964118654781460e-01	0.000000000000000000e+00
8.272741841341758606e-01	-5.311698293708267959e-01	0.000000000000000000e+00
8.279359932376839648e-01	-5.454072985003421969e-01	0.000000000000000000e+00
8.299757405567614876e-01	-5.719350544747724419e-01	0.000000000000000000e+00
8.299757405567614876e-01	-5.719350544747724419e-01	0.000000000000000000e+00
8.309487780071167506e-01	-5.850700816419961425e-01	0.000000000000000000e+00
8.320837871694028998e-01	-5.944392243727494307e-01	0.000000000000000000e+00
8.334789544423184537e-01	-6.173589269065494767e-01	0.000000000000000000e+00
8.334789544423184537e-01	-6.173589269065494767e-01	0.000000000000000000e+00
8.354574202744267097e-01	-6.279381872709598467e-01	0.000000000000000000e+00
8.356242299533005458e-01	-6.428217856141570374e-01	0.000000000000000000e+00
8.359578493110482178e-01	-6.533396588169116947e-01	0.000000000000000000e+00
8.376318884081155325e-01	-6.650490611803648866e-01	0.000000000000000000e+00
8.383463669021868903e-01	-6.690790765128490358e-01	0.000000000000000000e+00
8.390608453962582480e-01	-6.875674429621053685e-01	0.000000000000000000e+00
8.390608453962582480e-01	-6.891258610139334717e-01	0.000000000000000000e+00
8.401019278737495988e-01	-6.996043482261308233e-01	0.000000000000000000e+00
8.421638414814682783e-01	-7.085250247858547734e-01	0.000000000000000000e+00
8.431846726116954960e-01	-7.181256419736840035e-01	0.000000000000000000e+00
8.457570017845277288e-01	-7.264026773634367773e-01	0.000000000000000000e+00
8.476622777687179422e-01	-7.449704168264476012e-01	0.000000000000000000e+00
8.476622777687179422e-01	-7.449704168264476012e-01	0.000000000000000000e+00
8.500577179707575759e-01	-7.528151992337673848e-01	0.000000000000000000e+00
