0.000000000000000000e+00	1.040825903241559880e+00	0.000000000000000000e+00
1.579208095300090389e-02	8.733763713720766875e-01	0.000000000000000000e+00
2.816064914445714357e-02	8.256864410317472647e-01	0.000000000000000000e+00
4.618649031151376982e-02	7.572636845362554769e-01	0.000000000000000000e+00
6.075471566495048437e-02	7.214621758720772826e-01	0.000000000000000000e+00
7.274124041907824301e-02	6.827653809285244568e-01	0.000000000000000000e+00
8.143657098648546255e-02	6.753275438925057106e-01	0.000000000000000000e+00
8.143657098648546255e-02	6.753275438925057106e-01	0.000000000000000000e+00
8.143657098648546255e-02	6.753275438925057106e-01	0.000000000000000000e+00
8.143657098648546255e-02	6.753275438925057106e-01	0.000000000000000000e+00
8.143657098648546255e-02	6.753275438925057106e-01	0.000000000000000000e+00
8.143657098648546255e-02	6.753275438925057106e-01	0.000000000000000000e+00
8.143657098648546255e-02	6.753275438925057106e-01	0.000000000000000000e+00
2.031630554969806601e-01	5.937954377001107842e-01	0.000000000000000000e+00
2.063552926689545264e-01	5.271624317221669243e-01	0.000000000000000000e+00
2.101918536963680029e-01	4.874213968330179947e-01	0.000000000000000000e+00
2.203446484056018340e-01	4.220641435770148275e-01	0.000000000000000000e+00
2.257552734292815333e-01	3.811663604690655460e-01	0.000000000000000000e+00
2.338980697584415736e-01	3.346393874420026671e-01	0.000000000000000000e+00
2.410495917242626296e-01	2.963991820726618043e-01	0.000000000000000000e+00
2.514714878714289226e-01	2.672238518655488115e-01	0.000000000000000000e+00
2.571635420671572470e-01	2.515313990798453969e-01	0.000000000000000000e+00
2.571635420671572470e-01	2.515313990798453969e-01	0.000000000000000000e+00
2.571635420671572470e-01	2.515313990798453969e-01	0.000000000000000000e+00
2.571635420671572470e-01	2.515313990798453969e-01	0.000000000000000000e+00
2.571635420671572470e-01	2.515313990798453969e-01	0.000000000000000000e+00
2.571635420671572470e-01	2.515493597427561623e-01	0.000000000000000000e+00
2.571635420671572470e-01	2.515493597427561623e-01	0.000000000000000000e+00
2.571635420671572470e-01	2.515493597427561623e-01	0.000000000000000000e+00
2.571635420671572470e-01	2.515493597427561623e-01	0.000000000000000000e+00
4.138357184213978801e-01	2.122594830895453977e-01	0.000000000000000000e+00
4.149249454316936703e-01	1.913067498614116624e-01	0.000000000000000000e+00
4.192419545580756690e-01	1.453968688498234185e-01	0.000000000000000000e+00
4.205410471874703737e-01	1.187551305971192989e-01	0.000000000000000000e+00
4.242440160241940372e-01	7.605701062536465717e-02	0.000000000000000000e+00
4.252079644511478351e-01	5.803256585032792736e-02	0.000000000000000000e+00
4.274267137029327257e-01	3.047516212126302054e-02	0.000000000000000000e+00
4.312840926763155114e-01	-9.530369627354776108e-03	0.000000000000000000e+00
4.335431371592937122e-01	-2.922928747244117956e-02	0.000000000000000000e+00
4.357415406372860400e-01	-5.220078136387128892e-02	0.000000000000000000e+00
4.390586989952832142e-01	-7.554509089515805409e-02	0.000000000000000000e+00
4.434961974988530509e-01	-9.678201011606618609e-02	0.000000000000000000e+00
4.487316742984494011e-01	-1.125180817706376707e-01	0.000000000000000000e+00
4.523085719190471643e-01	-1.229801432632479097e-01	0.000000000000000000e+00
4.539671510980457514e-01	-1.223265399589792551e-01	0.000000000000000000e+00
4.539671510980457514e-01	-1.223265399589792551e-01	0.000000000000000000e+00
4.539671510980457514e-01	-1.223265399589792551e-01	0.000000000000000000e+00
4.539671510980457514e-01	-1.223265399589792551e-01	0.000000000000000000e+00
4.539671510980457514e-01	-1.223265399589792551e-01	0.000000000000000000e+00
4.539671510980457514e-01	-1.219319042729689190e-01	0.000000000000000000e+00
4.539671510980457514e-01	-1.219319042729689190e-01	0.000000000000000000e+00
6.211836290729815246e-01	-1.448939443869080856e-01	0.000000000000000000e+00
6.211836290729815246e-01	-1.652504127019141511e-01	0.000000000000000000e+00
6.228888880226234326e-01	-1.824113122470613635e-01	0.000000000000000000e+00
6.245910976744435406e-01	-1.989155826553034023e-01	0.000000000000000000e+00
6.266965930318335598e-01	-2.268000786713924855e-01	0.000000000000000000e+00
6.271877240504936113e-01	-2.426765490049077600e-01	0.000000000000000000e+00
6.281699860878137143e-01	-2.601662702730495047e-01	0.000000000000000000e+00
6.296044694979994194e-01	-2.842578557443453668e-01	0.000000000000000000e+00
6.312103727200931713e-01	-2.985950883759987962e-01	0.000000000000000000e+00
6.327519644816047562e-01	-3.106791720451109740e-01	0.000000000000000000e+00
6.338921384998261743e-01	-3.273402337973386755e-01	0.000000000000000000e+00
6.363497372156010634e-01	-3.478618585640826932e-01	0.000000000000000000e+00
6.363497372156010634e-01	-3.676915027742463371e-01	0.000000000000000000e+00
6.370669789206939715e-01	-3.757679788216341521e-01	0.000000000000000000e+00
6.391500768243602026e-01	-3.933307117889739413e-01	0.000000000000000000e+00
6.391628298236557981e-01	-3.989641609076347017e-01	0.000000000000000000e+00
6.429941249224587763e-01	-4.265844078860590027e-01	0.000000000000000000e+00
6.429941249224587763e-01	-4.265844078860590027e-01	0.000000000000000000e+00
6.468254200212617544e-01	-4.458495548082266335e-01	0.000000000000000000e+00
6.506567151200648436e-01	-4.550517612813821389e-01	0.000000000000000000e+00
6.506567151200648436e-01	-4.550517612813821389e-01	0.000000000000000000e+00
6.506567151200648436e-01	-4.550517612813821389e-01	0.000000000000000000e+00
6.506567151200648436e-01	-4.550517612813821389e-01	0.000000000000000000e+00
6.506567151200648436e-01	-4.550517612813821389e-01	0.000000000000000000e+00
6.506567151200648436e-01	-4.550517612813821389e-01	0.000000000000000000e+00
8.261718335617203035e-01	-4.983715249653384305e-01	0.000000000000000000e+00
8.261718335617203035e-01	-4.983715249653384305e-01	0.000000000000000000e+00
8.261718335617203035e-01	-4.983715249653384305e-01	0.000000000000000000e+00
8.283765347066314177e-01	-5.375639680590728053e-01	0.000000000000000000e+00
8.283765347066314177e-01	-5.375639680590728053e-01	0.000000000000000000e+00
8.283765347066314177e-01	-5.375639680590728053e-01	0.000000000000000000e+00
8.304990952201015686e-01	-5.509196651501806485e-01	0.000000000000000000e+00
8.308327145778491296e-01	-5.675594889264167220e-01	0.000000000000000000e+00
8.314999532933444737e-01	-5.745296984548129426e-01	0.000000000000000000e+00
8.326216557335717194e-01	-5.831582471505564191e-01	0.000000000000000000e+00
8.332888944490669525e-01	-5.941175224687001988e-01	0.000000000000000000e+00
8.346233718800575296e-01	-6.151168185307895886e-01	0.000000000000000000e+00
8.346233718800575296e-01	-6.151168185307895886e-01	0.000000000000000000e+00
8.359578493110482178e-01	-6.342027691720287796e-01	0.000000000000000000e+00
8.359578493110482178e-01	-6.473812753147932808e-01	0.000000000000000000e+00
8.359578493110482178e-01	-6.473812753147932808e-01	0.000000000000000000e+00
8.366646630868050938e-01	-6.674404111566832887e-01	0.000000000000000000e+00
8.366646630868050938e-01	-6.674404111566832887e-01	0.000000000000000000e+00
8.394910529045773728e-01	-6.807805536905007227e-01	0.000000000000000000e+00
8.394910529045773728e-01	-6.868791479597486926e-01	0.000000000000000000e+00
8.409046804560911248e-01	-6.933544767450771085e-01	0.000000000000000000e+00
8.409046804560911248e-01	-7.021674395877256503e-01	0.000000000000000000e+00
8.500577179707575759e-01	-7.137319720891754926e-01	0.000000000000000000e+00
8.500577179707575759e-01	-7.193282921864426749e-01	0.000000000000000000e+00
