1.681562334669592929e-01	2.203369613247907921e+00	0.000000000000000000e+00
1.681562334669592929e-01	2.203369613247907921e+00	0.000000000000000000e+00
1.681562334669592929e-01	2.203369613247907921e+00	0.000000000000000000e+00
1.681562334669592929e-01	2.203369613247907921e+00	0.000000000000000000e+00
1.681562334669592929e-01	2.203369613247907921e+00	0.000000000000000000e+00
1.681562334669592929e-01	2.203369613247907921e+00	0.000000000000000000e+00
1.681562334669592929e-01	2.203369613247907921e+00	0.000000000000000000e+00
1.681562334669592929e-01	2.203369613247907921e+00	0.000000000000000000e+00
1.681562334669592929e-01	2.253114374054363545e+00	0.000000000000000000e+00
1.681562334669592929e-01	2.253114374054363545e+00	0.000000000000000000e+00
1.681562334669592929e-01	2.253114374054363545e+00	0.000000000000000000e+00
1.681562334669592929e-01	2.292841556040019491e+00	0.000000000000000000e+00
2.076503389302218061e-01	2.000750314304595712e+00	0.000000000000000000e+00
2.076503389302218061e-01	2.000750314304595712e+00	0.000000000000000000e+00
2.076503389302218061e-01	1.874511792354091044e+00	0.000000000000000000e+00
2.131865653786481074e-01	1.801056021616881164e+00	0.000000000000000000e+00
2.131865653786481074e-01	1.801056021616881164e+00	0.000000000000000000e+00
2.131865653786481074e-01	1.785340145567221537e+00	0.000000000000000000e+00
2.131865653786481074e-01	1.785340145567221537e+00	0.000000000000000000e+00
2.131865653786481074e-01	1.785340145567221537e+00	0.000000000000000000e+00
2.131865653786481074e-01	1.785340145567221537e+00	0.000000000000000000e+00
2.131865653786481074e-01	1.782277242252776839e+00	0.000000000000000000e+00
2.131865653786481074e-01	1.782277242252776839e+00	0.000000000000000000e+00
2.131865653786481074e-01	1.782277242252776839e+00	0.000000000000000000e+00
2.131865653786481074e-01	1.782277242252776839e+00	0.000000000000000000e+00
2.131865653786481074e-01	1.782277242252776839e+00	0.000000000000000000e+00
2.131865653786481074e-01	1.782277242252776839e+00	0.000000000000000000e+00
2.131865653786481074e-01	1.782277242252776839e+00	0.000000000000000000e+00
2.131865653786481074e-01	1.782277242252776839e+00	0.000000000000000000e+00
4.356549828643754285e-01	1.111670025966085884e+00	0.000000000000000000e+00
4.356549828643754285e-01	1.309643881166575818e+00	0.000000000000000000e+00
4.356549828643754285e-01	1.309643881166575818e+00	0.000000000000000000e+00
4.356549828643754285e-01	1.309643881166575818e+00	0.000000000000000000e+00
4.356549828643754285e-01	1.309643881166575818e+00	0.000000000000000000e+00
4.356549828643754285e-01	1.309643881166575818e+00	0.000000000000000000e+00
4.356549828643754285e-01	1.309643881166575818e+00	0.000000000000000000e+00
4.356549828643754285e-01	1.309643881166575818e+00	0.000000000000000000e+00
4.356549828643754285e-01	1.309643881166575818e+00	0.000000000000000000e+00
4.356549828643754285e-01	1.326024537028425154e+00	0.000000000000000000e+00
4.356549828643754285e-01	1.347274025919079188e+00	0.000000000000000000e+00
4.356549828643754285e-01	1.347274025919079188e+00	0.000000000000000000e+00
4.356549828643754285e-01	1.347274025919079188e+00	0.000000000000000000e+00
4.356549828643754285e-01	1.326024537028425154e+00	0.000000000000000000e+00
4.356549828643754285e-01	1.193957884591172247e+00	0.000000000000000000e+00
4.356549828643754285e-01	1.193957884591172247e+00	0.000000000000000000e+00
4.356549828643754285e-01	1.193957884591172247e+00	0.000000000000000000e+00
4.356549828643754285e-01	1.193957884591172247e+00	0.000000000000000000e+00
4.356549828643754285e-01	1.193957884591172247e+00	0.000000000000000000e+00
4.356549828643754285e-01	1.193957884591172247e+00	0.000000000000000000e+00
4.356549828643754285e-01	1.202070643498787117e+00	0.000000000000000000e+00
4.598244737250214986e-01	1.091955663174531521e+00	0.000000000000000000e+00
4.598244737250214986e-01	1.091955663174531521e+00	0.000000000000000000e+00
4.598244737250214986e-01	1.091955663174531521e+00	0.000000000000000000e+00
4.598244737250214986e-01	1.091955663174531521e+00	0.000000000000000000e+00
4.598244737250214986e-01	1.113265873300063546e+00	0.000000000000000000e+00
4.598244737250214986e-01	1.088805892691115718e+00	0.000000000000000000e+00
4.598244737250214986e-01	1.088805892691115718e+00	0.000000000000000000e+00
4.598244737250214986e-01	1.088282509975710965e+00	0.000000000000000000e+00
4.598244737250214986e-01	1.088282509975710965e+00	0.000000000000000000e+00
4.598244737250214986e-01	1.088282509975710965e+00	0.000000000000000000e+00
4.598244737250214986e-01	1.088282509975710965e+00	0.000000000000000000e+00
4.598244737250214986e-01	1.088282509975710965e+00	0.000000000000000000e+00
4.598244737250214986e-01	1.088282509975710965e+00	0.000000000000000000e+00
4.598244737250214986e-01	1.088282509975710965e+00	0.000000000000000000e+00
4.598244737250214986e-01	1.088282509975710965e+00	0.000000000000000000e+00
6.283701235338209345e-01	9.288560223332940069e-01	0.000000000000000000e+00
6.283701235338209345e-01	9.288560223332940069e-01	0.000000000000000000e+00
6.283701235338209345e-01	9.288560223332940069e-01	0.000000000000000000e+00
6.283701235338209345e-01	9.288560223332940069e-01	0.000000000000000000e+00
6.283701235338209345e-01	9.288560223332940069e-01	0.000000000000000000e+00
6.283701235338209345e-01	9.270647231138995359e-01	0.000000000000000000e+00
6.283701235338209345e-01	9.270647231138995359e-01	0.000000000000000000e+00
6.283701235338209345e-01	8.638850905772113009e-01	0.000000000000000000e+00
6.283701235338209345e-01	8.638850905772113009e-01	0.000000000000000000e+00
6.283701235338209345e-01	8.638850905772113009e-01	0.000000000000000000e+00
6.283701235338209345e-01	8.638850905772113009e-01	0.000000000000000000e+00
6.283701235338209345e-01	8.638850905772113009e-01	0.000000000000000000e+00
6.283701235338209345e-01	8.638850905772113009e-01	0.000000000000000000e+00
6.283701235338209345e-01	8.638850905772113009e-01	0.000000000000000000e+00
6.283701235338209345e-01	8.638850905772113009e-01	0.000000000000000000e+00
6.595312205883688828e-01	8.426723098793855726e-01	0.000000000000000000e+00
6.595312205883688828e-01	8.426723098793855726e-01	0.000000000000000000e+00
6.595312205883688828e-01	8.426723098793855726e-01	0.000000000000000000e+00
6.595312205883688828e-01	8.426723098793855726e-01	0.000000000000000000e+00
6.595312205883688828e-01	7.860511764637473364e-01	0.000000000000000000e+00
6.595312205883688828e-01	7.860511764637473364e-01	0.000000000000000000e+00
6.595312205883688828e-01	8.218278748861870264e-01	0.000000000000000000e+00
6.595312205883688828e-01	8.218278748861870264e-01	0.000000000000000000e+00
6.595312205883688828e-01	8.049419999567922757e-01	0.000000000000000000e+00
6.595312205883688828e-01	8.049419999567922757e-01	0.000000000000000000e+00
6.595312205883688828e-01	8.049419999567922757e-01	0.000000000000000000e+00
6.595312205883688828e-01	8.049419999567922757e-01	0.000000000000000000e+00
6.595312205883688828e-01	7.734483351055198019e-01	0.000000000000000000e+00
6.595312205883688828e-01	7.734483351055198019e-01	0.000000000000000000e+00
6.595312205883688828e-01	7.734483351055198019e-01	0.000000000000000000e+00
6.595312205883688828e-01	7.734483351055198019e-01	0.000000000000000000e+00
6.595312205883688828e-01	7.734483351055198019e-01	0.000000000000000000e+00
6.595312205883688828e-01	7.637082234552106108e-01	0.000000000000000000e+00
6.595312205883688828e-01	7.637082234552106108e-01	0.000000000000000000e+00
6.595312205883688828e-01	7.637082234552106108e-01	0.000000000000000000e+00
