1.559913252962683017e-02	2.086656528516467102e+00	0.000000000000000000e+00
1.559913252962683017e-02	2.058553280100637650e+00	0.000000000000000000e+00
1.559913252962683017e-02	2.058553280100637650e+00	0.000000000000000000e+00
1.559913252962683017e-02	2.058553280100637650e+00	0.000000000000000000e+00
1.559913252962683017e-02	2.058553280100637650e+00	0.000000000000000000e+00
8.538008170111742456e-02	1.772192525030499510e+00	0.000000000000000000e+00
8.538008170111742456e-02	1.759723078013058162e+00	0.000000000000000000e+00
8.538008170111742456e-02	1.759723078013058162e+00	0.000000000000000000e+00
8.538008170111742456e-02	1.581307934474324606e+00	0.000000000000000000e+00
8.538008170111742456e-02	1.581307934474324606e+00	0.000000000000000000e+00
8.538008170111742456e-02	1.551195706423405207e+00	0.000000000000000000e+00
8.538008170111742456e-02	1.362843564716385458e+00	0.000000000000000000e+00
8.538008170111742456e-02	1.362843564716385458e+00	0.000000000000000000e+00
8.538008170111742456e-02	1.362843564716385458e+00	0.000000000000000000e+00
8.538008170111742456e-02	1.362843564716385458e+00	0.000000000000000000e+00
8.538008170111742456e-02	1.362843564716385458e+00	0.000000000000000000e+00
8.538008170111742456e-02	1.362843564716385458e+00	0.000000000000000000e+00
2.055916144976918936e-01	1.117096165731991553e+00	0.000000000000000000e+00
2.055916144976918936e-01	1.117096165731991553e+00	0.000000000000000000e+00
2.055916144976918936e-01	1.117096165731991553e+00	0.000000000000000000e+00
2.055916144976918936e-01	1.117096165731991553e+00	0.000000000000000000e+00
2.055916144976918936e-01	1.117096165731991553e+00	0.000000000000000000e+00
2.055916144976918936e-01	1.117096165731991553e+00	0.000000000000000000e+00
2.131865653786481074e-01	1.073542749129063001e+00	0.000000000000000000e+00
2.131865653786481074e-01	1.073542749129063001e+00	0.000000000000000000e+00
2.131865653786481074e-01	1.073542749129063001e+00	0.000000000000000000e+00
2.131865653786481074e-01	1.073542749129063001e+00	0.000000000000000000e+00
2.131865653786481074e-01	1.092045693623709735e+00	0.000000000000000000e+00
2.131865653786481074e-01	1.087758278503339504e+00	0.000000000000000000e+00
2.131865653786481074e-01	1.087758278503339504e+00	0.000000000000000000e+00
2.131865653786481074e-01	1.076353449075902136e+00	0.000000000000000000e+00
2.131865653786481074e-01	1.076353449075902136e+00	0.000000000000000000e+00
2.131865653786481074e-01	1.076353449075902136e+00	0.000000000000000000e+00
2.131865653786481074e-01	1.076353449075902136e+00	0.000000000000000000e+00
2.131865653786481074e-01	1.076353449075902136e+00	0.000000000000000000e+00
2.131865653786481074e-01	1.076353449075902136e+00	0.000000000000000000e+00
2.131865653786481074e-01	1.076353449075902136e+00	0.000000000000000000e+00
2.131865653786481074e-01	1.076353449075902136e+00	0.000000000000000000e+00
4.356549828643754285e-01	8.584280351608486459e-01	0.000000000000000000e+00
4.356549828643754285e-01	8.584280351608486459e-01	0.000000000000000000e+00
4.356549828643754285e-01	8.584280351608486459e-01	0.000000000000000000e+00
4.356549828643754285e-01	8.584280351608486459e-01	0.000000000000000000e+00
4.356549828643754285e-01	8.137029027687131544e-01	0.000000000000000000e+00
4.356549828643754285e-01	8.468694031840708902e-01	0.000000000000000000e+00
4.356549828643754285e-01	8.468694031840708902e-01	0.000000000000000000e+00
4.356549828643754285e-01	8.468694031840708902e-01	0.000000000000000000e+00
4.356549828643754285e-01	8.468694031840708902e-01	0.000000000000000000e+00
4.356549828643754285e-01	8.468694031840708902e-01	0.000000000000000000e+00
4.356549828643754285e-01	8.468694031840708902e-01	0.000000000000000000e+00
4.356549828643754285e-01	8.468694031840708902e-01	0.000000000000000000e+00
4.356549828643754285e-01	8.468694031840708902e-01	0.000000000000000000e+00
4.598244737250214986e-01	7.084062683764733581e-01	0.000000000000000000e+00
4.598244737250214986e-01	7.084062683764733581e-01	0.000000000000000000e+00
4.598244737250214986e-01	7.084062683764733581e-01	0.000000000000000000e+00
4.598244737250214986e-01	7.084062683764733581e-01	0.000000000000000000e+00
4.598244737250214986e-01	7.084062683764733581e-01	0.000000000000000000e+00
4.598244737250214986e-01	7.084062683764733581e-01	0.000000000000000000e+00
4.598244737250214986e-01	8.230629661081610982e-01	0.000000000000000000e+00
4.598244737250214986e-01	8.230629661081610982e-01	0.000000000000000000e+00
4.598244737250214986e-01	7.468508486887462938e-01	0.000000000000000000e+00
4.598244737250214986e-01	7.468508486887462938e-01	0.000000000000000000e+00
4.598244737250214986e-01	7.468508486887462938e-01	0.000000000000000000e+00
4.598244737250214986e-01	7.468508486887462938e-01	0.000000000000000000e+00
4.598244737250214986e-01	7.468508486887462938e-01	0.000000000000000000e+00
4.598244737250214986e-01	7.468508486887462938e-01	0.000000000000000000e+00
4.598244737250214986e-01	7.468508486887462938e-01	0.000000000000000000e+00
4.598244737250214986e-01	7.468508486887462938e-01	0.000000000000000000e+00
4.598244737250214986e-01	7.377633470566558049e-01	0.000000000000000000e+00
4.598244737250214986e-01	7.377633470566558049e-01	0.000000000000000000e+00
6.283701235338209345e-01	5.097512710458408369e-01	0.000000000000000000e+00
6.283701235338209345e-01	5.097512710458408369e-01	0.000000000000000000e+00
6.283701235338209345e-01	5.097512710458408369e-01	0.000000000000000000e+00
6.283701235338209345e-01	5.739569942331380625e-01	0.000000000000000000e+00
6.283701235338209345e-01	5.739569942331380625e-01	0.000000000000000000e+00
6.283701235338209345e-01	5.739569942331380625e-01	0.000000000000000000e+00
6.283701235338209345e-01	5.739569942331380625e-01	0.000000000000000000e+00
6.283701235338209345e-01	5.739569942331380625e-01	0.000000000000000000e+00
6.283701235338209345e-01	5.739569942331380625e-01	0.000000000000000000e+00
6.283701235338209345e-01	5.720976930109290537e-01	0.000000000000000000e+00
6.283701235338209345e-01	5.720976930109290537e-01	0.000000000000000000e+00
6.283701235338209345e-01	5.720976930109290537e-01	0.000000000000000000e+00
6.595312205883688828e-01	4.441405770896789673e-01	0.000000000000000000e+00
6.595312205883688828e-01	4.258643599182659334e-01	0.000000000000000000e+00
6.595312205883688828e-01	4.258643599182659334e-01	0.000000000000000000e+00
6.595312205883688828e-01	4.258643599182659334e-01	0.000000000000000000e+00
6.595312205883688828e-01	4.258643599182659334e-01	0.000000000000000000e+00
6.595312205883688828e-01	4.258643599182659334e-01	0.000000000000000000e+00
6.595312205883688828e-01	4.258643599182659334e-01	0.000000000000000000e+00
6.595312205883688828e-01	4.258643599182659334e-01	0.000000000000000000e+00
6.595312205883688828e-01	5.566539333439249893e-01	0.000000000000000000e+00
6.595312205883688828e-01	5.366643593589893735e-01	0.000000000000000000e+00
6.595312205883688828e-01	5.366643593589893735e-01	0.000000000000000000e+00
6.595312205883688828e-01	5.356282899551704224e-01	0.000000000000000000e+00
6.595312205883688828e-01	5.356282899551704224e-01	0.000000000000000000e+00
6.595312205883688828e-01	5.356282899551704224e-01	0.000000000000000000e+00
6.595312205883688828e-01	5.356282899551704224e-01	0.000000000000000000e+00
6.595312205883688828e-01	5.356282899551704224e-01	0.000000000000000000e+00
6.595312205883688828e-01	5.356282899551704224e-01	0.000000000000000000e+00
6.595312205883688828e-01	5.356282899551704224e-01	0.000000000000000000e+00
6.595312205883688828e-01	5.356282899551704224e-01	0.000000000000000000e+00
