0.000000000000000000e+00	1.042247945510251350e+00	0.000000000000000000e+00
0.000000000000000000e+00	1.016709722729847831e+00	0.000000000000000000e+00
2.575792186175806728e-02	8.384612972033290701e-01	0.000000000000000000e+00
3.745782991120000238e-02	7.914623409576209134e-01	0.000000000000000000e+00
3.745782991120000238e-02	7.849384860579553536e-01	0.000000000000000000e+00
5.751538024468758059e-02	7.206142257148532293e-01	0.000000000000000000e+00
6.726822776225552247e-02	6.937463676669402002e-01	0.000000000000000000e+00
6.726822776225552247e-02	6.937463676669402002e-01	0.000000000000000000e+00
8.538008170111742456e-02	6.699506664269513356e-01	0.000000000000000000e+00
8.538008170111742456e-02	6.699506664269513356e-01	0.000000000000000000e+00
8.538008170111742456e-02	6.699506664269513356e-01	0.000000000000000000e+00
8.538008170111742456e-02	6.699506664269513356e-01	0.000000000000000000e+00
8.538008170111742456e-02	6.699506664269513356e-01	0.000000000000000000e+00
8.538008170111742456e-02	6.699506664269513356e-01	0.000000000000000000e+00
8.538008170111742456e-02	6.699506664269513356e-01	0.000000000000000000e+00
8.538008170111742456e-02	6.699506664269513356e-01	0.000000000000000000e+00
2.053019292511031324e-01	5.239621100134316256e-01	0.000000000000000000e+00
2.053019292511031324e-01	5.239621100134316256e-01	0.000000000000000000e+00
2.053019292511031324e-01	5.199669982032365523e-01	0.000000000000000000e+00
2.152532475051366356e-01	4.478257110849142575e-01	0.000000000000000000e+00
2.152532475051366356e-01	4.471801991359338202e-01	0.000000000000000000e+00
2.230459400085602895e-01	3.960739451591461791e-01	0.000000000000000000e+00
2.230459400085602895e-01	3.861310669517601379e-01	0.000000000000000000e+00
2.381617431467570323e-01	2.986524493782542478e-01	0.000000000000000000e+00
2.381617431467570323e-01	3.055261192898915956e-01	0.000000000000000000e+00
2.381617431467570323e-01	3.055261192898915956e-01	0.000000000000000000e+00
2.381617431467570323e-01	3.006643104303039493e-01	0.000000000000000000e+00
2.571342756345275093e-01	2.602871934131463227e-01	0.000000000000000000e+00
2.571342756345275093e-01	2.490735788976884690e-01	0.000000000000000000e+00
2.571342756345275093e-01	2.490735788976884690e-01	0.000000000000000000e+00
2.571342756345275093e-01	2.490735788976884690e-01	0.000000000000000000e+00
2.571342756345275093e-01	2.490735788976884690e-01	0.000000000000000000e+00
2.571342756345275093e-01	2.490735788976884690e-01	0.000000000000000000e+00
2.571342756345275093e-01	2.490735788976884690e-01	0.000000000000000000e+00
2.571342756345275093e-01	2.490735788976884690e-01	0.000000000000000000e+00
2.571342756345275093e-01	2.490735788976884690e-01	0.000000000000000000e+00
2.571342756345275093e-01	2.490735788976884690e-01	0.000000000000000000e+00
2.571342756345275093e-01	2.490735788976884690e-01	0.000000000000000000e+00
2.571342756345275093e-01	2.490735788976884690e-01	0.000000000000000000e+00
4.125648541105852440e-01	2.218515826560492343e-01	0.000000000000000000e+00
4.125648541105852440e-01	2.142233116334369969e-01	0.000000000000000000e+00
4.239353797408506042e-01	7.451312755725413017e-02	0.000000000000000000e+00
4.239353797408506042e-01	7.451312755725413017e-02	0.000000000000000000e+00
4.239353797408506042e-01	7.451312755725413017e-02	0.000000000000000000e+00
4.239353797408506042e-01	7.451312755725413017e-02	0.000000000000000000e+00
4.239353797408506042e-01	7.451312755725413017e-02	0.000000000000000000e+00
4.239353797408506042e-01	7.451312755725413017e-02	0.000000000000000000e+00
4.271146910596366753e-01	5.199082822228510981e-02	0.000000000000000000e+00
4.271146910596366753e-01	3.267865597619569462e-02	0.000000000000000000e+00
4.271146910596366753e-01	3.267865597619569462e-02	0.000000000000000000e+00
4.356312395071910148e-01	-2.521713787017752437e-02	0.000000000000000000e+00
4.356312395071910148e-01	-2.521713787017752437e-02	0.000000000000000000e+00
4.356312395071910148e-01	-2.521713787017752437e-02	0.000000000000000000e+00
4.356312395071910148e-01	-2.656778347036976157e-02	0.000000000000000000e+00
4.386899571281236976e-01	-5.390392397987754658e-02	0.000000000000000000e+00
4.386899571281236976e-01	-5.390392397987754658e-02	0.000000000000000000e+00
4.386899571281236976e-01	-6.205846658734324311e-02	0.000000000000000000e+00
4.386899571281236976e-01	-6.205846658734324311e-02	0.000000000000000000e+00
4.386899571281236976e-01	-6.205846658734324311e-02	0.000000000000000000e+00
4.386899571281236976e-01	-6.205846658734324311e-02	0.000000000000000000e+00
4.386899571281236976e-01	-6.205846658734324311e-02	0.000000000000000000e+00
4.386899571281236976e-01	-6.205846658734324311e-02	0.000000000000000000e+00
4.386899571281236976e-01	-6.205846658734324311e-02	0.000000000000000000e+00
4.386899571281236976e-01	-6.205846658734324311e-02	0.000000000000000000e+00
4.386899571281236976e-01	-6.205846658734324311e-02	0.000000000000000000e+00
6.260773907219543410e-01	-2.046828220388237363e-01	0.000000000000000000e+00
6.260773907219543410e-01	-2.046828220388237363e-01	0.000000000000000000e+00
6.260773907219543410e-01	-1.893218376408167813e-01	0.000000000000000000e+00
6.260773907219543410e-01	-1.893218376408167813e-01	0.000000000000000000e+00
6.260773907219543410e-01	-1.893218376408167813e-01	0.000000000000000000e+00
6.260773907219543410e-01	-1.893218376408167813e-01	0.000000000000000000e+00
6.260773907219543410e-01	-1.893218376408167813e-01	0.000000000000000000e+00
6.260773907219543410e-01	-1.893218376408167813e-01	0.000000000000000000e+00
6.260773907219543410e-01	-1.893218376408167813e-01	0.000000000000000000e+00
6.260773907219543410e-01	-2.173741052743552449e-01	0.000000000000000000e+00
6.260773907219543410e-01	-2.173741052743552449e-01	0.000000000000000000e+00
6.260773907219543410e-01	-2.173741052743552449e-01	0.000000000000000000e+00
6.325788835108825392e-01	-3.048826377451673286e-01	0.000000000000000000e+00
6.325788835108825392e-01	-3.048826377451673286e-01	0.000000000000000000e+00
6.325788835108825392e-01	-3.048826377451673286e-01	0.000000000000000000e+00
6.325788835108825392e-01	-3.048826377451673286e-01	0.000000000000000000e+00
6.325788835108825392e-01	-3.048826377451673286e-01	0.000000000000000000e+00
6.325788835108825392e-01	-2.970061378473824454e-01	0.000000000000000000e+00
6.325788835108825392e-01	-2.992652288888045242e-01	0.000000000000000000e+00
6.325788835108825392e-01	-2.992652288888045242e-01	0.000000000000000000e+00
6.325788835108825392e-01	-3.034167305471183185e-01	0.000000000000000000e+00
6.438171228160083359e-01	-3.648318494466602502e-01	0.000000000000000000e+00
6.438171228160083359e-01	-3.648318494466602502e-01	0.000000000000000000e+00
6.438171228160083359e-01	-3.648318494466602502e-01	0.000000000000000000e+00
6.438171228160083359e-01	-3.648318494466602502e-01	0.000000000000000000e+00
6.438171228160083359e-01	-3.648318494466602502e-01	0.000000000000000000e+00
6.438171228160083359e-01	-3.784333765085433621e-01	0.000000000000000000e+00
6.438171228160083359e-01	-3.784333765085433621e-01	0.000000000000000000e+00
6.438171228160083359e-01	-3.784333765085433621e-01	0.000000000000000000e+00
6.438171228160083359e-01	-3.784333765085433621e-01	0.000000000000000000e+00
6.438171228160083359e-01	-3.784333765085433621e-01	0.000000000000000000e+00
6.566041547734453587e-01	-3.975304009815919248e-01	0.000000000000000000e+00
6.566041547734453587e-01	-3.975304009815919248e-01	0.000000000000000000e+00
6.566041547734453587e-01	-3.975304009815919248e-01	0.000000000000000000e+00
6.566041547734453587e-01	-3.871565630029334404e-01	0.000000000000000000e+00
