0.000000000000000000e+00	1.125361474552275087e+00	0.000000000000000000e+00
0.000000000000000000e+00	1.125361474552275087e+00	0.000000000000000000e+00
1.559913252962683017e-02	9.784881940457660354e-01	0.000000000000000000e+00
3.745782991120000238e-02	9.373632807912253284e-01	0.000000000000000000e+00
3.745782991120000238e-02	9.248476105791301194e-01	0.000000000000000000e+00
5.751538024468758059e-02	8.627138788601633745e-01	0.000000000000000000e+00
6.418058175865734571e-02	8.026386598949963869e-01	0.000000000000000000e+00
6.418058175865734571e-02	8.026386598949963869e-01	0.000000000000000000e+00
8.538008170111742456e-02	7.707972665999668349e-01	0.000000000000000000e+00
8.538008170111742456e-02	7.707972665999668349e-01	0.000000000000000000e+00
8.538008170111742456e-02	7.707972665999668349e-01	0.000000000000000000e+00
8.538008170111742456e-02	7.707972665999668349e-01	0.000000000000000000e+00
8.538008170111742456e-02	7.707972665999668349e-01	0.000000000000000000e+00
8.538008170111742456e-02	7.707972665999668349e-01	0.000000000000000000e+00
8.538008170111742456e-02	7.707972665999668349e-01	0.000000000000000000e+00
8.538008170111742456e-02	7.707972665999668349e-01	0.000000000000000000e+00
8.538008170111742456e-02	7.749454261515501541e-01	0.000000000000000000e+00
8.538008170111742456e-02	7.749454261515501541e-01	0.000000000000000000e+00
2.055916144976918936e-01	6.462633362275030935e-01	0.000000000000000000e+00
2.055916144976918936e-01	6.462633362275030935e-01	0.000000000000000000e+00
2.055916144976918936e-01	6.328680733133035252e-01	0.000000000000000000e+00
2.230459400085602895e-01	5.014056660425657563e-01	0.000000000000000000e+00
2.230459400085602895e-01	5.014056660425657563e-01	0.000000000000000000e+00
2.230459400085602895e-01	5.014056660425657563e-01	0.000000000000000000e+00
2.230459400085602895e-01	4.819172549251395932e-01	0.000000000000000000e+00
2.381617431467570323e-01	3.875107533358662093e-01	0.000000000000000000e+00
2.381617431467570323e-01	3.947541718716566783e-01	0.000000000000000000e+00
2.381617431467570323e-01	3.947541718716566783e-01	0.000000000000000000e+00
2.381617431467570323e-01	3.947541718716566783e-01	0.000000000000000000e+00
2.571342756345275093e-01	3.395406486440052940e-01	0.000000000000000000e+00
2.571342756345275093e-01	3.395406486440052940e-01	0.000000000000000000e+00
2.571342756345275093e-01	3.395406486440052940e-01	0.000000000000000000e+00
2.571342756345275093e-01	3.395406486440052940e-01	0.000000000000000000e+00
2.571342756345275093e-01	3.395406486440052940e-01	0.000000000000000000e+00
2.571342756345275093e-01	3.352072389095934191e-01	0.000000000000000000e+00
2.571342756345275093e-01	3.352072389095934191e-01	0.000000000000000000e+00
2.571342756345275093e-01	3.352072389095934191e-01	0.000000000000000000e+00
2.571342756345275093e-01	3.352072389095934191e-01	0.000000000000000000e+00
2.571342756345275093e-01	3.352072389095934191e-01	0.000000000000000000e+00
2.571342756345275093e-01	3.352072389095934191e-01	0.000000000000000000e+00
2.571342756345275093e-01	3.352072389095934191e-01	0.000000000000000000e+00
2.571342756345275093e-01	3.352072389095934191e-01	0.000000000000000000e+00
2.571342756345275093e-01	3.352072389095934191e-01	0.000000000000000000e+00
4.239353797408506042e-01	1.781792271150885454e-01	0.000000000000000000e+00
4.239353797408506042e-01	1.781792271150885454e-01	0.000000000000000000e+00
4.239353797408506042e-01	1.781792271150885454e-01	0.000000000000000000e+00
4.239353797408506042e-01	1.781792271150885454e-01	0.000000000000000000e+00
4.239353797408506042e-01	1.781792271150885454e-01	0.000000000000000000e+00
4.239353797408506042e-01	1.781792271150885454e-01	0.000000000000000000e+00
4.239353797408506042e-01	1.781792271150885454e-01	0.000000000000000000e+00
4.239353797408506042e-01	1.781792271150885454e-01	0.000000000000000000e+00
4.239353797408506042e-01	1.734799200456172974e-01	0.000000000000000000e+00
4.356549828643754285e-01	1.096281182275504890e-01	0.000000000000000000e+00
4.356549828643754285e-01	1.096281182275504890e-01	0.000000000000000000e+00
4.356549828643754285e-01	1.096281182275504890e-01	0.000000000000000000e+00
4.356549828643754285e-01	1.096281182275504890e-01	0.000000000000000000e+00
4.356549828643754285e-01	9.909187572983621517e-02	0.000000000000000000e+00
4.356549828643754285e-01	9.374725896973433448e-02	0.000000000000000000e+00
4.356549828643754285e-01	9.374725896973433448e-02	0.000000000000000000e+00
4.356549828643754285e-01	9.374725896973433448e-02	0.000000000000000000e+00
4.356549828643754285e-01	9.374725896973433448e-02	0.000000000000000000e+00
4.356549828643754285e-01	9.057525966418855656e-02	0.000000000000000000e+00
4.356549828643754285e-01	9.057525966418855656e-02	0.000000000000000000e+00
4.356549828643754285e-01	9.057525966418855656e-02	0.000000000000000000e+00
4.356549828643754285e-01	9.057525966418855656e-02	0.000000000000000000e+00
4.356549828643754285e-01	9.057525966418855656e-02	0.000000000000000000e+00
6.283701235338209345e-01	-4.860534178353000112e-02	0.000000000000000000e+00
6.283701235338209345e-01	-4.860534178353000112e-02	0.000000000000000000e+00
6.283701235338209345e-01	-4.860534178353000112e-02	0.000000000000000000e+00
6.283701235338209345e-01	-4.860534178353000112e-02	0.000000000000000000e+00
6.283701235338209345e-01	-4.860534178353000112e-02	0.000000000000000000e+00
6.283701235338209345e-01	-4.860534178353000112e-02	0.000000000000000000e+00
6.283701235338209345e-01	-4.860534178353000112e-02	0.000000000000000000e+00
6.283701235338209345e-01	-4.860534178353000112e-02	0.000000000000000000e+00
6.283701235338209345e-01	-5.377633247593508609e-02	0.000000000000000000e+00
6.283701235338209345e-01	-5.377633247593508609e-02	0.000000000000000000e+00
6.283701235338209345e-01	-5.377633247593508609e-02	0.000000000000000000e+00
6.283701235338209345e-01	-5.377633247593508609e-02	0.000000000000000000e+00
6.283701235338209345e-01	-1.149519743420628487e-01	0.000000000000000000e+00
6.283701235338209345e-01	-1.121508835236739859e-01	0.000000000000000000e+00
6.283701235338209345e-01	-1.121508835236739859e-01	0.000000000000000000e+00
6.283701235338209345e-01	-1.121508835236739859e-01	0.000000000000000000e+00
6.283701235338209345e-01	-1.121508835236739859e-01	0.000000000000000000e+00
6.283701235338209345e-01	-1.121508835236739859e-01	0.000000000000000000e+00
6.283701235338209345e-01	-1.298814668406766959e-01	0.000000000000000000e+00
6.283701235338209345e-01	-1.298814668406766959e-01	0.000000000000000000e+00
6.283701235338209345e-01	-1.298814668406766959e-01	0.000000000000000000e+00
6.566041547734453587e-01	-2.279343962488509234e-01	0.000000000000000000e+00
6.566041547734453587e-01	-2.279343962488509234e-01	0.000000000000000000e+00
6.566041547734453587e-01	-2.279343962488509234e-01	0.000000000000000000e+00
6.566041547734453587e-01	-1.858217002449240318e-01	0.000000000000000000e+00
6.566041547734453587e-01	-1.858217002449240318e-01	0.000000000000000000e+00
6.566041547734453587e-01	-1.858217002449240318e-01	0.000000000000000000e+00
6.566041547734453587e-01	-1.858217002449240318e-01	0.000000000000000000e+00
6.566041547734453587e-01	-1.995414561183515012e-01	0.000000000000000000e+00
6.566041547734453587e-01	-1.995414561183515012e-01	0.000000000000000000e+00
6.566041547734453587e-01	-1.995414561183515012e-01	0.000000000000000000e+00
6.566041547734453587e-01	-1.995414561183515012e-01	0.000000000000000000e+00
6.566041547734453587e-01	-1.995414561183515012e-01	0.000000000000000000e+00
6.566041547734453587e-01	-1.995414561183515012e-01	0.000000000000000000e+00
