1.559913252962683017e-02	1.400719704693829337e+00	0.000000000000000000e+00
1.559913252962683017e-02	1.426606489705161795e+00	0.000000000000000000e+00
1.559913252962683017e-02	1.381634926553576337e+00	0.000000000000000000e+00
1.559913252962683017e-02	1.381634926553576337e+00	0.000000000000000000e+00
5.751538024468758059e-02	1.156657326073813552e+00	0.000000000000000000e+00
5.751538024468758059e-02	1.156657326073813552e+00	0.000000000000000000e+00
5.751538024468758059e-02	1.156657326073813552e+00	0.000000000000000000e+00
8.538008170111742456e-02	1.144823516117656537e+00	0.000000000000000000e+00
8.538008170111742456e-02	1.136421320825745873e+00	0.000000000000000000e+00
8.538008170111742456e-02	1.136421320825745873e+00	0.000000000000000000e+00
8.538008170111742456e-02	1.136421320825745873e+00	0.000000000000000000e+00
8.538008170111742456e-02	1.136421320825745873e+00	0.000000000000000000e+00
8.538008170111742456e-02	1.136421320825745873e+00	0.000000000000000000e+00
8.538008170111742456e-02	1.136421320825745873e+00	0.000000000000000000e+00
8.538008170111742456e-02	1.136421320825745873e+00	0.000000000000000000e+00
8.538008170111742456e-02	1.136421320825745873e+00	0.000000000000000000e+00
2.055916144976918936e-01	1.010788961957061360e+00	0.000000000000000000e+00
2.055916144976918936e-01	1.010788961957061360e+00	0.000000000000000000e+00
2.131865653786481074e-01	8.693795762258690329e-01	0.000000000000000000e+00
2.131865653786481074e-01	8.693795762258690329e-01	0.000000000000000000e+00
2.131865653786481074e-01	8.693795762258690329e-01	0.000000000000000000e+00
2.131865653786481074e-01	8.604286885227113713e-01	0.000000000000000000e+00
2.131865653786481074e-01	8.580024574506073254e-01	0.000000000000000000e+00
2.131865653786481074e-01	8.516627867164415777e-01	0.000000000000000000e+00
2.640732964434215901e-01	6.285166735178099318e-01	0.000000000000000000e+00
2.640732964434215901e-01	6.285166735178099318e-01	0.000000000000000000e+00
2.640732964434215901e-01	6.308096772203785063e-01	0.000000000000000000e+00
2.640732964434215901e-01	6.308096772203785063e-01	0.000000000000000000e+00
2.640732964434215901e-01	6.308096772203785063e-01	0.000000000000000000e+00
2.640732964434215901e-01	6.285166735178099318e-01	0.000000000000000000e+00
2.640732964434215901e-01	6.308096772203785063e-01	0.000000000000000000e+00
2.640732964434215901e-01	6.308096772203785063e-01	0.000000000000000000e+00
2.640732964434215901e-01	6.308096772203785063e-01	0.000000000000000000e+00
2.640732964434215901e-01	6.308096772203785063e-01	0.000000000000000000e+00
4.239353797408506042e-01	3.692023178486242840e-01	0.000000000000000000e+00
4.239353797408506042e-01	3.692023178486242840e-01	0.000000000000000000e+00
4.239353797408506042e-01	3.692023178486242840e-01	0.000000000000000000e+00
4.239353797408506042e-01	3.692023178486242840e-01	0.000000000000000000e+00
4.239353797408506042e-01	3.692023178486242840e-01	0.000000000000000000e+00
4.239353797408506042e-01	3.692023178486242840e-01	0.000000000000000000e+00
4.239353797408506042e-01	3.663327389119701571e-01	0.000000000000000000e+00
4.239353797408506042e-01	3.663327389119701571e-01	0.000000000000000000e+00
4.239353797408506042e-01	3.663327389119701571e-01	0.000000000000000000e+00
4.239353797408506042e-01	3.663327389119701571e-01	0.000000000000000000e+00
4.356549828643754285e-01	2.968002328701040415e-01	0.000000000000000000e+00
4.356549828643754285e-01	2.968002328701040415e-01	0.000000000000000000e+00
4.356549828643754285e-01	2.968002328701040415e-01	0.000000000000000000e+00
4.356549828643754285e-01	2.895582269932420183e-01	0.000000000000000000e+00
4.356549828643754285e-01	2.895582269932420183e-01	0.000000000000000000e+00
4.356549828643754285e-01	2.895582269932420183e-01	0.000000000000000000e+00
4.356549828643754285e-01	2.895582269932420183e-01	0.000000000000000000e+00
4.356549828643754285e-01	2.895582269932420183e-01	0.000000000000000000e+00
4.356549828643754285e-01	2.745856000190530777e-01	0.000000000000000000e+00
4.356549828643754285e-01	2.745856000190530777e-01	0.000000000000000000e+00
4.356549828643754285e-01	2.745856000190530777e-01	0.000000000000000000e+00
4.356549828643754285e-01	2.745856000190530777e-01	0.000000000000000000e+00
4.356549828643754285e-01	2.745856000190530777e-01	0.000000000000000000e+00
4.356549828643754285e-01	2.745856000190530777e-01	0.000000000000000000e+00
4.356549828643754285e-01	2.745856000190530777e-01	0.000000000000000000e+00
4.356549828643754285e-01	2.568531374029608960e-01	0.000000000000000000e+00
4.356549828643754285e-01	2.568531374029608960e-01	0.000000000000000000e+00
4.356549828643754285e-01	2.568531374029608960e-01	0.000000000000000000e+00
4.356549828643754285e-01	2.568531374029608960e-01	0.000000000000000000e+00
4.356549828643754285e-01	2.568531374029608960e-01	0.000000000000000000e+00
4.356549828643754285e-01	2.568531374029608960e-01	0.000000000000000000e+00
4.356549828643754285e-01	2.568531374029608960e-01	0.000000000000000000e+00
4.356549828643754285e-01	2.568531374029608960e-01	0.000000000000000000e+00
4.356549828643754285e-01	2.688887034746270110e-01	0.000000000000000000e+00
4.356549828643754285e-01	2.688887034746270110e-01	0.000000000000000000e+00
6.283701235338209345e-01	1.349558500312845744e-01	0.000000000000000000e+00
6.283701235338209345e-01	1.349558500312845744e-01	0.000000000000000000e+00
6.283701235338209345e-01	1.335252409410989938e-01	0.000000000000000000e+00
6.283701235338209345e-01	1.335252409410989938e-01	0.000000000000000000e+00
6.283701235338209345e-01	1.335252409410989938e-01	0.000000000000000000e+00
6.283701235338209345e-01	1.335252409410989938e-01	0.000000000000000000e+00
6.283701235338209345e-01	1.335252409410989938e-01	0.000000000000000000e+00
6.283701235338209345e-01	1.335252409410989938e-01	0.000000000000000000e+00
6.283701235338209345e-01	1.335252409410989938e-01	0.000000000000000000e+00
6.283701235338209345e-01	1.335252409410989938e-01	0.000000000000000000e+00
6.283701235338209345e-01	1.335252409410989938e-01	0.000000000000000000e+00
6.283701235338209345e-01	1.335252409410989938e-01	0.000000000000000000e+00
6.283701235338209345e-01	1.294632525666735423e-01	0.000000000000000000e+00
6.595312205883688828e-01	6.250884849706299373e-02	0.000000000000000000e+00
6.595312205883688828e-01	4.996388573002740613e-02	0.000000000000000000e+00
6.595312205883688828e-01	4.996388573002740613e-02	0.000000000000000000e+00
6.595312205883688828e-01	4.996388573002740613e-02	0.000000000000000000e+00
6.595312205883688828e-01	4.996388573002740613e-02	0.000000000000000000e+00
6.595312205883688828e-01	4.996388573002740613e-02	0.000000000000000000e+00
6.595312205883688828e-01	4.996388573002740613e-02	0.000000000000000000e+00
6.595312205883688828e-01	4.996388573002740613e-02	0.000000000000000000e+00
6.595312205883688828e-01	4.996388573002740613e-02	0.000000000000000000e+00
6.595312205883688828e-01	3.257925238792771377e-02	0.000000000000000000e+00
6.595312205883688828e-01	3.257925238792771377e-02	0.000000000000000000e+00
6.595312205883688828e-01	3.257925238792771377e-02	0.000000000000000000e+00
6.595312205883688828e-01	-7.271434733173714679e-03	0.000000000000000000e+00
6.595312205883688828e-01	-7.271434733173714679e-03	0.000000000000000000e+00
6.595312205883688828e-01	-7.271434733173714679e-03	0.000000000000000000e+00
6.595312205883688828e-01	-7.271434733173714679e-03	0.000000000000000000e+00
6.595312205883688828e-01	-7.271434733173714679e-03	0.000000000000000000e+00
6.595312205883688828e-01	-7.271434733173714679e-03	0.000000000000000000e+00
