0.000000000000000000e+00	1.000000000000000000e+00	0.000000000000000000e+00
0.000000000000000000e+00	1.000000000000000000e+00	0.000000000000000000e+00
2.575792186175806728e-02	8.208651748590327646e-01	0.000000000000000000e+00
3.745782991120000238e-02	7.718722445066774629e-01	0.000000000000000000e+00
3.745782991120000238e-02	7.718722445066774629e-01	0.000000000000000000e+00
5.751538024468758059e-02	7.042566243442045515e-01	0.000000000000000000e+00
6.726822776225552247e-02	6.830288169467811921e-01	0.000000000000000000e+00
6.726822776225552247e-02	6.830288169467811921e-01	0.000000000000000000e+00
8.538008170111742456e-02	6.699506664269513356e-01	0.000000000000000000e+00
8.538008170111742456e-02	6.699506664269513356e-01	0.000000000000000000e+00
8.538008170111742456e-02	6.699506664269513356e-01	0.000000000000000000e+00
8.538008170111742456e-02	6.699506664269513356e-01	0.000000000000000000e+00
8.538008170111742456e-02	6.699506664269513356e-01	0.000000000000000000e+00
8.538008170111742456e-02	6.699506664269513356e-01	0.000000000000000000e+00
8.538008170111742456e-02	6.699506664269513356e-01	0.000000000000000000e+00
8.538008170111742456e-02	6.699506664269513356e-01	0.000000000000000000e+00
2.053019292511031324e-01	5.414401332330944783e-01	0.000000000000000000e+00
2.053019292511031324e-01	5.414401332330944783e-01	0.000000000000000000e+00
2.053019292511031324e-01	5.128592238913476375e-01	0.000000000000000000e+00
2.152532475051366356e-01	4.431512824666152262e-01	0.000000000000000000e+00
2.152532475051366356e-01	4.383605953495270935e-01	0.000000000000000000e+00
2.230459400085602895e-01	3.852937683471697183e-01	0.000000000000000000e+00
2.276378219675075087e-01	3.645847896558437329e-01	0.000000000000000000e+00
2.381617431467570323e-01	3.097771742950450879e-01	0.000000000000000000e+00
2.381617431467570323e-01	3.045005815860103993e-01	0.000000000000000000e+00
2.381617431467570323e-01	2.901019981988915974e-01	0.000000000000000000e+00
2.571342756345275093e-01	2.422131096494564706e-01	0.000000000000000000e+00
2.571342756345275093e-01	2.437295715618619241e-01	0.000000000000000000e+00
2.571342756345275093e-01	2.422131096494564706e-01	0.000000000000000000e+00
2.571342756345275093e-01	2.422131096494564706e-01	0.000000000000000000e+00
2.571342756345275093e-01	2.422131096494564706e-01	0.000000000000000000e+00
2.571342756345275093e-01	2.422131096494564706e-01	0.000000000000000000e+00
2.571342756345275093e-01	2.422131096494564706e-01	0.000000000000000000e+00
2.571342756345275093e-01	2.422131096494564706e-01	0.000000000000000000e+00
2.571342756345275093e-01	2.422131096494564706e-01	0.000000000000000000e+00
2.571342756345275093e-01	2.422131096494564706e-01	0.000000000000000000e+00
2.571342756345275093e-01	2.422131096494564706e-01	0.000000000000000000e+00
2.571342756345275093e-01	2.422131096494564706e-01	0.000000000000000000e+00
4.125648541105852440e-01	2.226071634316439396e-01	0.000000000000000000e+00
4.239353797408506042e-01	8.418625878310251331e-02	0.000000000000000000e+00
4.239353797408506042e-01	9.323810495766621242e-02	0.000000000000000000e+00
4.239353797408506042e-01	9.323810495766621242e-02	0.000000000000000000e+00
4.239353797408506042e-01	9.323810495766621242e-02	0.000000000000000000e+00
4.239353797408506042e-01	9.323810495766621242e-02	0.000000000000000000e+00
4.239353797408506042e-01	6.603481692053772556e-02	0.000000000000000000e+00
4.239353797408506042e-01	6.603481692053772556e-02	0.000000000000000000e+00
4.271146910596366753e-01	5.306981763550364106e-02	0.000000000000000000e+00
4.271146910596366753e-01	2.988013473657093536e-02	0.000000000000000000e+00
4.356312395071910148e-01	-4.267342826507693893e-02	0.000000000000000000e+00
4.356312395071910148e-01	-4.267342826507693893e-02	0.000000000000000000e+00
4.356312395071910148e-01	-4.267342826507693893e-02	0.000000000000000000e+00
4.356312395071910148e-01	-4.267342826507693893e-02	0.000000000000000000e+00
4.356312395071910148e-01	-4.267342826507693893e-02	0.000000000000000000e+00
4.397011540864721457e-01	-6.795641391214121696e-02	0.000000000000000000e+00
4.397011540864721457e-01	-7.998622625238610562e-02	0.000000000000000000e+00
4.397011540864721457e-01	-7.998622625238610562e-02	0.000000000000000000e+00
4.627277742507722724e-01	-1.064676275107535042e-01	0.000000000000000000e+00
4.627277742507722724e-01	-1.064676275107535042e-01	0.000000000000000000e+00
4.627277742507722724e-01	-1.064676275107535042e-01	0.000000000000000000e+00
4.627277742507722724e-01	-1.064676275107535042e-01	0.000000000000000000e+00
4.627277742507722724e-01	-1.064676275107535042e-01	0.000000000000000000e+00
4.627277742507722724e-01	-1.064676275107535042e-01	0.000000000000000000e+00
4.627277742507722724e-01	-1.064676275107535042e-01	0.000000000000000000e+00
4.627277742507722724e-01	-1.017435874242414717e-01	0.000000000000000000e+00
4.627277742507722724e-01	-1.017435874242414717e-01	0.000000000000000000e+00
6.235397969310556565e-01	-1.677472737953832893e-01	0.000000000000000000e+00
6.235397969310556565e-01	-1.677472737953832893e-01	0.000000000000000000e+00
6.235397969310556565e-01	-1.677472737953832893e-01	0.000000000000000000e+00
6.235397969310556565e-01	-1.677472737953832893e-01	0.000000000000000000e+00
6.235397969310556565e-01	-1.677472737953832893e-01	0.000000000000000000e+00
6.235397969310556565e-01	-1.851755168212066982e-01	0.000000000000000000e+00
6.260773907219543410e-01	-2.132117810423512505e-01	0.000000000000000000e+00
6.260773907219543410e-01	-2.132117810423512505e-01	0.000000000000000000e+00
6.260773907219543410e-01	-2.220873302787074177e-01	0.000000000000000000e+00
6.325788835108825392e-01	-2.901723835669440255e-01	0.000000000000000000e+00
6.325788835108825392e-01	-2.901723835669440255e-01	0.000000000000000000e+00
6.325788835108825392e-01	-2.901723835669440255e-01	0.000000000000000000e+00
6.325788835108825392e-01	-2.853012469449406896e-01	0.000000000000000000e+00
6.325788835108825392e-01	-2.853012469449406896e-01	0.000000000000000000e+00
6.325788835108825392e-01	-2.853012469449406896e-01	0.000000000000000000e+00
6.325788835108825392e-01	-3.115080174573489069e-01	0.000000000000000000e+00
6.325788835108825392e-01	-3.115080174573489069e-01	0.000000000000000000e+00
6.325788835108825392e-01	-3.115080174573489069e-01	0.000000000000000000e+00
6.438171228160083359e-01	-3.942020257174146391e-01	0.000000000000000000e+00
6.438171228160083359e-01	-3.878292715864616325e-01	0.000000000000000000e+00
6.438171228160083359e-01	-4.007987443038837916e-01	0.000000000000000000e+00
6.438171228160083359e-01	-3.993683892837021077e-01	0.000000000000000000e+00
6.438171228160083359e-01	-3.993683892837021077e-01	0.000000000000000000e+00
6.438171228160083359e-01	-3.993683892837021077e-01	0.000000000000000000e+00
6.438171228160083359e-01	-3.993683892837021077e-01	0.000000000000000000e+00
6.438171228160083359e-01	-3.993683892837021077e-01	0.000000000000000000e+00
6.438171228160083359e-01	-3.993683892837021077e-01	0.000000000000000000e+00
6.438171228160083359e-01	-3.993683892837021077e-01	0.000000000000000000e+00
6.438171228160083359e-01	-3.993683892837021077e-01	0.000000000000000000e+00
6.438171228160083359e-01	-4.119338464319308168e-01	0.000000000000000000e+00
6.438171228160083359e-01	-4.119338464319308168e-01	0.000000000000000000e+00
6.438171228160083359e-01	-4.182009997917162658e-01	0.000000000000000000e+00
6.566041547734453587e-01	-4.293975744265066119e-01	0.000000000000000000e+00
6.566041547734453587e-01	-4.370468838891183871e-01	0.000000000000000000e+00
6.566041547734453587e-01	-4.370468838891183871e-01	0.000000000000000000e+00
