1.559913252962683017e-02	1.104092914390531144e+00	0.000000000000000000e+00
1.559913252962683017e-02	1.104092914390531144e+00	0.000000000000000000e+00
1.559913252962683017e-02	1.104092914390531144e+00	0.000000000000000000e+00
1.559913252962683017e-02	1.104092914390531144e+00	0.000000000000000000e+00
1.559913252962683017e-02	1.104092914390531144e+00	0.000000000000000000e+00
5.751538024468758059e-02	9.104778744254095058e-01	0.000000000000000000e+00
5.751538024468758059e-02	9.104778744254095058e-01	0.000000000000000000e+00
5.751538024468758059e-02	9.104778744254095058e-01	0.000000000000000000e+00
8.538008170111742456e-02	8.703973879813914349e-01	0.000000000000000000e+00
8.538008170111742456e-02	8.721629046389460793e-01	0.000000000000000000e+00
8.538008170111742456e-02	8.721629046389460793e-01	0.000000000000000000e+00
8.538008170111742456e-02	8.721629046389460793e-01	0.000000000000000000e+00
8.538008170111742456e-02	8.721629046389460793e-01	0.000000000000000000e+00
8.538008170111742456e-02	8.721629046389460793e-01	0.000000000000000000e+00
8.538008170111742456e-02	8.721629046389460793e-01	0.000000000000000000e+00
8.538008170111742456e-02	8.721629046389460793e-01	0.000000000000000000e+00
8.538008170111742456e-02	8.721629046389460793e-01	0.000000000000000000e+00
2.055916144976918936e-01	7.012870023980568579e-01	0.000000000000000000e+00
2.055916144976918936e-01	7.012870023980568579e-01	0.000000000000000000e+00
2.055916144976918936e-01	7.012870023980568579e-01	0.000000000000000000e+00
2.055916144976918936e-01	7.012870023980568579e-01	0.000000000000000000e+00
2.230459400085602895e-01	6.346025291723824679e-01	0.000000000000000000e+00
2.247630498465517934e-01	5.745694532045424463e-01	0.000000000000000000e+00
2.247630498465517934e-01	5.745694532045424463e-01	0.000000000000000000e+00
2.247630498465517934e-01	5.619152491159284946e-01	0.000000000000000000e+00
2.381617431467570323e-01	4.865853027648945894e-01	0.000000000000000000e+00
2.381617431467570323e-01	4.865853027648945894e-01	0.000000000000000000e+00
2.381617431467570323e-01	4.714686528215144001e-01	0.000000000000000000e+00
2.381617431467570323e-01	4.714686528215144001e-01	0.000000000000000000e+00
2.381617431467570323e-01	4.714686528215144001e-01	0.000000000000000000e+00
2.640732964434215901e-01	4.003421143990273379e-01	0.000000000000000000e+00
2.640732964434215901e-01	4.003421143990273379e-01	0.000000000000000000e+00
2.640732964434215901e-01	4.003421143990273379e-01	0.000000000000000000e+00
2.640732964434215901e-01	4.003421143990273379e-01	0.000000000000000000e+00
2.640732964434215901e-01	4.003421143990273379e-01	0.000000000000000000e+00
2.640732964434215901e-01	4.003421143990273379e-01	0.000000000000000000e+00
2.640732964434215901e-01	4.003421143990273379e-01	0.000000000000000000e+00
2.640732964434215901e-01	4.003421143990273379e-01	0.000000000000000000e+00
2.640732964434215901e-01	4.117795554240502032e-01	0.000000000000000000e+00
2.640732964434215901e-01	4.117795554240502032e-01	0.000000000000000000e+00
2.640732964434215901e-01	4.117795554240502032e-01	0.000000000000000000e+00
2.640732964434215901e-01	4.117795554240502032e-01	0.000000000000000000e+00
4.239353797408506042e-01	2.541045816400746005e-01	0.000000000000000000e+00
4.239353797408506042e-01	2.452047087786649593e-01	0.000000000000000000e+00
4.239353797408506042e-01	2.452047087786649593e-01	0.000000000000000000e+00
4.239353797408506042e-01	2.452047087786649593e-01	0.000000000000000000e+00
4.239353797408506042e-01	2.452047087786649593e-01	0.000000000000000000e+00
4.239353797408506042e-01	2.452047087786649593e-01	0.000000000000000000e+00
4.239353797408506042e-01	2.452047087786649593e-01	0.000000000000000000e+00
4.239353797408506042e-01	2.452047087786649593e-01	0.000000000000000000e+00
4.239353797408506042e-01	2.452047087786649593e-01	0.000000000000000000e+00
4.356549828643754285e-01	1.649816398502004511e-01	0.000000000000000000e+00
4.356549828643754285e-01	1.649816398502004511e-01	0.000000000000000000e+00
4.356549828643754285e-01	1.649816398502004511e-01	0.000000000000000000e+00
4.356549828643754285e-01	1.649816398502004511e-01	0.000000000000000000e+00
4.356549828643754285e-01	1.649816398502004511e-01	0.000000000000000000e+00
4.356549828643754285e-01	1.649816398502004511e-01	0.000000000000000000e+00
4.356549828643754285e-01	1.502980352422559618e-01	0.000000000000000000e+00
4.356549828643754285e-01	1.502980352422559618e-01	0.000000000000000000e+00
4.356549828643754285e-01	1.502980352422559618e-01	0.000000000000000000e+00
4.356549828643754285e-01	1.502980352422559618e-01	0.000000000000000000e+00
4.356549828643754285e-01	1.502980352422559618e-01	0.000000000000000000e+00
4.356549828643754285e-01	1.502980352422559618e-01	0.000000000000000000e+00
4.356549828643754285e-01	1.654907595176023649e-01	0.000000000000000000e+00
4.356549828643754285e-01	1.654907595176023649e-01	0.000000000000000000e+00
6.283701235338209345e-01	1.009066678404318788e-02	0.000000000000000000e+00
6.283701235338209345e-01	1.009066678404318788e-02	0.000000000000000000e+00
6.283701235338209345e-01	1.009066678404318788e-02	0.000000000000000000e+00
6.283701235338209345e-01	1.009066678404318788e-02	0.000000000000000000e+00
6.283701235338209345e-01	5.866838248887942808e-02	0.000000000000000000e+00
6.283701235338209345e-01	5.866838248887942808e-02	0.000000000000000000e+00
6.283701235338209345e-01	5.866838248887942808e-02	0.000000000000000000e+00
6.283701235338209345e-01	5.866838248887942808e-02	0.000000000000000000e+00
6.283701235338209345e-01	3.905499165522621774e-02	0.000000000000000000e+00
6.283701235338209345e-01	3.905499165522621774e-02	0.000000000000000000e+00
6.283701235338209345e-01	3.905499165522621774e-02	0.000000000000000000e+00
6.283701235338209345e-01	2.160613273449793134e-02	0.000000000000000000e+00
6.283701235338209345e-01	2.160613273449793134e-02	0.000000000000000000e+00
6.400326997317353772e-01	-4.933567149428616516e-02	0.000000000000000000e+00
6.400326997317353772e-01	-4.933567149428616516e-02	0.000000000000000000e+00
6.400326997317353772e-01	-4.933567149428616516e-02	0.000000000000000000e+00
6.400326997317353772e-01	-7.231168008150097581e-02	0.000000000000000000e+00
6.400326997317353772e-01	-7.231168008150097581e-02	0.000000000000000000e+00
6.400326997317353772e-01	-7.231168008150097581e-02	0.000000000000000000e+00
6.400326997317353772e-01	-7.231168008150097581e-02	0.000000000000000000e+00
6.400326997317353772e-01	-7.231168008150097581e-02	0.000000000000000000e+00
6.400326997317353772e-01	-7.231168008150097581e-02	0.000000000000000000e+00
6.566041547734453587e-01	-1.125914873406830691e-01	0.000000000000000000e+00
6.566041547734453587e-01	-1.125914873406830691e-01	0.000000000000000000e+00
6.566041547734453587e-01	-1.125914873406830691e-01	0.000000000000000000e+00
6.566041547734453587e-01	-1.125914873406830691e-01	0.000000000000000000e+00
6.566041547734453587e-01	-1.304670821940213943e-01	0.000000000000000000e+00
6.566041547734453587e-01	-1.304670821940213943e-01	0.000000000000000000e+00
6.566041547734453587e-01	-1.304670821940213943e-01	0.000000000000000000e+00
6.566041547734453587e-01	-1.656991525458222092e-01	0.000000000000000000e+00
6.566041547734453587e-01	-1.656991525458222092e-01	0.000000000000000000e+00
6.566041547734453587e-01	-1.656991525458222092e-01	0.000000000000000000e+00
6.566041547734453587e-01	-1.656991525458222092e-01	0.000000000000000000e+00
6.566041547734453587e-01	-1.656991525458222092e-01	0.000000000000000000e+00
6.566041547734453587e-01	-1.656991525458222092e-01	0.000000000000000000e+00
