0.000000000000000000e+00	1.000000000000000000e+00	0.000000000000000000e+00
0.000000000000000000e+00	1.000000000000000000e+00	0.000000000000000000e+00
2.575792186175806728e-02	8.208651748590327646e-01	0.000000000000000000e+00
3.745782991120000238e-02	7.718722445066774629e-01	0.000000000000000000e+00
3.745782991120000238e-02	7.718722445066774629e-01	0.000000000000000000e+00
5.751538024468758059e-02	7.042566243442045515e-01	0.000000000000000000e+00
6.726822776225552247e-02	6.830288169467811921e-01	0.000000000000000000e+00
8.538008170111742456e-02	6.699506664269513356e-01	0.000000000000000000e+00
8.538008170111742456e-02	6.699506664269513356e-01	0.000000000000000000e+00
8.538008170111742456e-02	6.699506664269513356e-01	0.000000000000000000e+00
8.538008170111742456e-02	6.699506664269513356e-01	0.000000000000000000e+00
8.538008170111742456e-02	6.699506664269513356e-01	0.000000000000000000e+00
8.538008170111742456e-02	6.699506664269513356e-01	0.000000000000000000e+00
8.538008170111742456e-02	6.699506664269513356e-01	0.000000000000000000e+00
8.538008170111742456e-02	6.699506664269513356e-01	0.000000000000000000e+00
8.538008170111742456e-02	6.699506664269513356e-01	0.000000000000000000e+00
2.053019292511031324e-01	5.128592238913476375e-01	0.000000000000000000e+00
2.053019292511031324e-01	5.128592238913476375e-01	0.000000000000000000e+00
2.053019292511031324e-01	5.128592238913476375e-01	0.000000000000000000e+00
2.152532475051366356e-01	4.368003528006693670e-01	0.000000000000000000e+00
2.230459400085602895e-01	3.799783610584200888e-01	0.000000000000000000e+00
2.230459400085602895e-01	3.812900404991608760e-01	0.000000000000000000e+00
2.276378219675075087e-01	3.491502974596547015e-01	0.000000000000000000e+00
2.381617431467570323e-01	2.914001704300999140e-01	0.000000000000000000e+00
2.381617431467570323e-01	2.901019981988915974e-01	0.000000000000000000e+00
2.381617431467570323e-01	2.901019981988915974e-01	0.000000000000000000e+00
2.571342756345275093e-01	2.482640192493553721e-01	0.000000000000000000e+00
2.571342756345275093e-01	2.422131096494564706e-01	0.000000000000000000e+00
2.571342756345275093e-01	2.422131096494564706e-01	0.000000000000000000e+00
2.571342756345275093e-01	2.422131096494564706e-01	0.000000000000000000e+00
2.571342756345275093e-01	2.422131096494564706e-01	0.000000000000000000e+00
2.571342756345275093e-01	2.422131096494564706e-01	0.000000000000000000e+00
2.571342756345275093e-01	2.422131096494564706e-01	0.000000000000000000e+00
2.571342756345275093e-01	2.422131096494564706e-01	0.000000000000000000e+00
2.571342756345275093e-01	2.422131096494564706e-01	0.000000000000000000e+00
2.571342756345275093e-01	2.422131096494564706e-01	0.000000000000000000e+00
2.571342756345275093e-01	2.422131096494564706e-01	0.000000000000000000e+00
2.571342756345275093e-01	2.422131096494564706e-01	0.000000000000000000e+00
4.125648541105852440e-01	2.026672199918753137e-01	0.000000000000000000e+00
4.125648541105852440e-01	1.990298823357743441e-01	0.000000000000000000e+00
4.239353797408506042e-01	5.932103300997326745e-02	0.000000000000000000e+00
4.239353797408506042e-01	5.932103300997326745e-02	0.000000000000000000e+00
4.239353797408506042e-01	5.932103300997326745e-02	0.000000000000000000e+00
4.239353797408506042e-01	5.932103300997326745e-02	0.000000000000000000e+00
4.239353797408506042e-01	5.932103300997326745e-02	0.000000000000000000e+00
4.239353797408506042e-01	5.932103300997326745e-02	0.000000000000000000e+00
4.271146910596366753e-01	3.108686451433458758e-02	0.000000000000000000e+00
4.271146910596366753e-01	2.667382849307006060e-02	0.000000000000000000e+00
4.327027141118873765e-01	-2.817346776475582182e-02	0.000000000000000000e+00
4.327027141118873765e-01	-2.672061132229430758e-02	0.000000000000000000e+00
4.327027141118873765e-01	-2.672061132229430758e-02	0.000000000000000000e+00
4.356312395071910148e-01	-5.056893166878938251e-02	0.000000000000000000e+00
4.356312395071910148e-01	-5.201938459352578592e-02	0.000000000000000000e+00
4.397011540864721457e-01	-7.998622625238610562e-02	0.000000000000000000e+00
4.397011540864721457e-01	-7.998622625238610562e-02	0.000000000000000000e+00
4.477432618795832986e-01	-9.674443086791330304e-02	0.000000000000000000e+00
4.477432618795832986e-01	-1.133062791315149198e-01	0.000000000000000000e+00
4.477432618795832986e-01	-1.157546575291842905e-01	0.000000000000000000e+00
4.477432618795832986e-01	-1.157546575291842905e-01	0.000000000000000000e+00
4.477432618795832986e-01	-1.157546575291842905e-01	0.000000000000000000e+00
4.477432618795832986e-01	-1.157546575291842905e-01	0.000000000000000000e+00
4.477432618795832986e-01	-1.157546575291842905e-01	0.000000000000000000e+00
4.477432618795832986e-01	-1.157546575291842905e-01	0.000000000000000000e+00
4.477432618795832986e-01	-1.157546575291842905e-01	0.000000000000000000e+00
4.477432618795832986e-01	-1.157546575291842905e-01	0.000000000000000000e+00
6.235397969310556565e-01	-1.885879546893933778e-01	0.000000000000000000e+00
6.235397969310556565e-01	-1.885879546893933778e-01	0.000000000000000000e+00
6.235397969310556565e-01	-1.885879546893933778e-01	0.000000000000000000e+00
6.235397969310556565e-01	-1.885879546893933778e-01	0.000000000000000000e+00
6.235397969310556565e-01	-1.885879546893933778e-01	0.000000000000000000e+00
6.235397969310556565e-01	-1.892776463037246781e-01	0.000000000000000000e+00
6.235397969310556565e-01	-2.022033470299972324e-01	0.000000000000000000e+00
6.260773907219543410e-01	-2.247147353699280869e-01	0.000000000000000000e+00
6.260773907219543410e-01	-2.247147353699280869e-01	0.000000000000000000e+00
6.260773907219543410e-01	-2.398018905819552238e-01	0.000000000000000000e+00
6.260773907219543410e-01	-2.486819553815846628e-01	0.000000000000000000e+00
6.325788835108825392e-01	-3.120622184230822938e-01	0.000000000000000000e+00
6.325788835108825392e-01	-3.120622184230822938e-01	0.000000000000000000e+00
6.325788835108825392e-01	-3.120622184230822938e-01	0.000000000000000000e+00
6.325788835108825392e-01	-3.120622184230822938e-01	0.000000000000000000e+00
6.325788835108825392e-01	-3.140817987191089067e-01	0.000000000000000000e+00
6.325788835108825392e-01	-3.140817987191089067e-01	0.000000000000000000e+00
6.325788835108825392e-01	-3.284200751569365528e-01	0.000000000000000000e+00
6.325788835108825392e-01	-3.284200751569365528e-01	0.000000000000000000e+00
6.325788835108825392e-01	-3.328554717164505794e-01	0.000000000000000000e+00
6.438171228160083359e-01	-3.976458784073912955e-01	0.000000000000000000e+00
6.438171228160083359e-01	-3.961191253251776789e-01	0.000000000000000000e+00
6.438171228160083359e-01	-3.961191253251776789e-01	0.000000000000000000e+00
6.438171228160083359e-01	-3.961191253251776789e-01	0.000000000000000000e+00
6.438171228160083359e-01	-3.961191253251776789e-01	0.000000000000000000e+00
6.438171228160083359e-01	-3.961191253251776789e-01	0.000000000000000000e+00
6.438171228160083359e-01	-3.961191253251776789e-01	0.000000000000000000e+00
6.438171228160083359e-01	-4.040469554833475141e-01	0.000000000000000000e+00
6.438171228160083359e-01	-4.073625018005899157e-01	0.000000000000000000e+00
6.438171228160083359e-01	-4.282705542581841107e-01	0.000000000000000000e+00
6.438171228160083359e-01	-4.282705542581841107e-01	0.000000000000000000e+00
6.438171228160083359e-01	-4.282705542581841107e-01	0.000000000000000000e+00
6.438171228160083359e-01	-4.339832806357658557e-01	0.000000000000000000e+00
6.566041547734453587e-01	-4.470507568316706148e-01	0.000000000000000000e+00
6.566041547734453587e-01	-4.470507568316706148e-01	0.000000000000000000e+00
