0.000000000000000000e+00	1.042247945510251350e+00	0.000000000000000000e+00
0.000000000000000000e+00	1.042146048218822951e+00	0.000000000000000000e+00
1.559913252962683017e-02	8.814803191817188743e-01	0.000000000000000000e+00
3.745782991120000238e-02	7.852795234636874566e-01	0.000000000000000000e+00
3.745782991120000238e-02	7.852795234636874566e-01	0.000000000000000000e+00
5.751538024468758059e-02	7.221074073225778323e-01	0.000000000000000000e+00
6.726822776225552247e-02	6.950739278849893399e-01	0.000000000000000000e+00
6.726822776225552247e-02	6.950739278849893399e-01	0.000000000000000000e+00
8.538008170111742456e-02	6.834758417743178605e-01	0.000000000000000000e+00
8.538008170111742456e-02	6.834758417743178605e-01	0.000000000000000000e+00
8.538008170111742456e-02	6.834758417743178605e-01	0.000000000000000000e+00
8.538008170111742456e-02	6.834758417743178605e-01	0.000000000000000000e+00
8.538008170111742456e-02	6.834758417743178605e-01	0.000000000000000000e+00
8.538008170111742456e-02	6.834758417743178605e-01	0.000000000000000000e+00
8.538008170111742456e-02	6.834758417743178605e-01	0.000000000000000000e+00
8.538008170111742456e-02	6.834758417743178605e-01	0.000000000000000000e+00
2.053019292511031324e-01	5.251159534293419195e-01	0.000000000000000000e+00
2.053019292511031324e-01	5.251159534293419195e-01	0.000000000000000000e+00
2.053019292511031324e-01	5.267569108064020789e-01	0.000000000000000000e+00
2.152532475051366356e-01	4.523910717656927094e-01	0.000000000000000000e+00
2.152532475051366356e-01	4.523910717656927094e-01	0.000000000000000000e+00
2.230459400085602895e-01	4.161182662887531469e-01	0.000000000000000000e+00
2.230459400085602895e-01	3.990777140019949876e-01	0.000000000000000000e+00
2.381617431467570323e-01	3.024254719985677853e-01	0.000000000000000000e+00
2.381617431467570323e-01	3.078366779479598248e-01	0.000000000000000000e+00
2.381617431467570323e-01	3.078366779479598248e-01	0.000000000000000000e+00
2.381617431467570323e-01	3.006643104303039493e-01	0.000000000000000000e+00
2.571342756345275093e-01	2.592031321698328727e-01	0.000000000000000000e+00
2.571342756345275093e-01	2.592031321698328727e-01	0.000000000000000000e+00
2.571342756345275093e-01	2.514598841189220613e-01	0.000000000000000000e+00
2.571342756345275093e-01	2.514598841189220613e-01	0.000000000000000000e+00
2.571342756345275093e-01	2.514598841189220613e-01	0.000000000000000000e+00
2.571342756345275093e-01	2.514598841189220613e-01	0.000000000000000000e+00
2.571342756345275093e-01	2.514598841189220613e-01	0.000000000000000000e+00
2.571342756345275093e-01	2.514598841189220613e-01	0.000000000000000000e+00
2.571342756345275093e-01	2.514598841189220613e-01	0.000000000000000000e+00
2.571342756345275093e-01	2.514598841189220613e-01	0.000000000000000000e+00
2.571342756345275093e-01	2.514598841189220613e-01	0.000000000000000000e+00
2.571342756345275093e-01	2.514598841189220613e-01	0.000000000000000000e+00
4.125648541105852440e-01	2.226845292319665215e-01	0.000000000000000000e+00
4.125648541105852440e-01	2.226845292319665215e-01	0.000000000000000000e+00
4.239353797408506042e-01	8.403341421210416828e-02	0.000000000000000000e+00
4.239353797408506042e-01	8.265205537117970014e-02	0.000000000000000000e+00
4.239353797408506042e-01	8.265205537117970014e-02	0.000000000000000000e+00
4.239353797408506042e-01	8.265205537117970014e-02	0.000000000000000000e+00
4.239353797408506042e-01	8.265205537117970014e-02	0.000000000000000000e+00
4.239353797408506042e-01	8.265205537117970014e-02	0.000000000000000000e+00
4.271146910596366753e-01	5.261788049996317385e-02	0.000000000000000000e+00
4.271146910596366753e-01	5.261788049996317385e-02	0.000000000000000000e+00
4.356312395071910148e-01	-2.400542377020053325e-02	0.000000000000000000e+00
4.356312395071910148e-01	-2.400542377020053325e-02	0.000000000000000000e+00
4.356312395071910148e-01	-2.400542377020053325e-02	0.000000000000000000e+00
4.356312395071910148e-01	-2.400542377020053325e-02	0.000000000000000000e+00
4.356312395071910148e-01	-2.400542377020053325e-02	0.000000000000000000e+00
4.356312395071910148e-01	-2.995750341551732185e-02	0.000000000000000000e+00
4.386899571281236976e-01	-5.160045770828793066e-02	0.000000000000000000e+00
4.386899571281236976e-01	-5.585343844961690452e-02	0.000000000000000000e+00
4.386899571281236976e-01	-5.585343844961690452e-02	0.000000000000000000e+00
4.386899571281236976e-01	-5.585343844961690452e-02	0.000000000000000000e+00
4.386899571281236976e-01	-5.585343844961690452e-02	0.000000000000000000e+00
4.386899571281236976e-01	-4.906704258557516990e-02	0.000000000000000000e+00
4.386899571281236976e-01	-4.906704258557516990e-02	0.000000000000000000e+00
4.386899571281236976e-01	-4.906704258557516990e-02	0.000000000000000000e+00
4.386899571281236976e-01	-4.906704258557516990e-02	0.000000000000000000e+00
4.386899571281236976e-01	-4.906704258557516990e-02	0.000000000000000000e+00
6.260773907219543410e-01	-1.925526139599232911e-01	0.000000000000000000e+00
6.260773907219543410e-01	-1.925526139599232911e-01	0.000000000000000000e+00
6.260773907219543410e-01	-1.744844516900647124e-01	0.000000000000000000e+00
6.260773907219543410e-01	-1.744844516900647124e-01	0.000000000000000000e+00
6.260773907219543410e-01	-1.941673624082172755e-01	0.000000000000000000e+00
6.260773907219543410e-01	-1.941673624082172755e-01	0.000000000000000000e+00
6.260773907219543410e-01	-1.941673624082172755e-01	0.000000000000000000e+00
6.260773907219543410e-01	-1.941673624082172755e-01	0.000000000000000000e+00
6.260773907219543410e-01	-1.941673624082172755e-01	0.000000000000000000e+00
6.260773907219543410e-01	-1.941673624082172755e-01	0.000000000000000000e+00
6.260773907219543410e-01	-1.941673624082172755e-01	0.000000000000000000e+00
6.260773907219543410e-01	-2.143388998479728302e-01	0.000000000000000000e+00
6.260773907219543410e-01	-2.143388998479728302e-01	0.000000000000000000e+00
6.438171228160083359e-01	-3.099884095049553201e-01	0.000000000000000000e+00
6.325788835108825392e-01	-2.477121492322025553e-01	0.000000000000000000e+00
6.325788835108825392e-01	-2.477121492322025553e-01	0.000000000000000000e+00
6.438171228160083359e-01	-3.432421238088449456e-01	0.000000000000000000e+00
6.438171228160083359e-01	-3.432421238088449456e-01	0.000000000000000000e+00
6.438171228160083359e-01	-3.432421238088449456e-01	0.000000000000000000e+00
6.438171228160083359e-01	-3.047156688182823259e-01	0.000000000000000000e+00
6.438171228160083359e-01	-3.047156688182823259e-01	0.000000000000000000e+00
6.438171228160083359e-01	-3.047156688182823259e-01	0.000000000000000000e+00
6.438171228160083359e-01	-3.047156688182823259e-01	0.000000000000000000e+00
6.438171228160083359e-01	-3.255740897679685331e-01	0.000000000000000000e+00
6.438171228160083359e-01	-3.255740897679685331e-01	0.000000000000000000e+00
6.438171228160083359e-01	-3.482086241482862388e-01	0.000000000000000000e+00
6.438171228160083359e-01	-3.482086241482862388e-01	0.000000000000000000e+00
6.438171228160083359e-01	-3.482086241482862388e-01	0.000000000000000000e+00
6.438171228160083359e-01	-3.568768676164005282e-01	0.000000000000000000e+00
6.438171228160083359e-01	-3.568768676164005282e-01	0.000000000000000000e+00
6.445031469303199589e-01	-3.652704744290733441e-01	0.000000000000000000e+00
6.566041547734453587e-01	-3.808108366220729346e-01	0.000000000000000000e+00
6.566041547734453587e-01	-3.808108366220729346e-01	0.000000000000000000e+00
6.566041547734453587e-01	-3.808108366220729346e-01	0.000000000000000000e+00
6.566041547734453587e-01	-3.808108366220729346e-01	0.000000000000000000e+00
