0.000000000000000000e+00	1.042247945510251350e+00	0.000000000000000000e+00
0.000000000000000000e+00	1.016709722729847831e+00	0.000000000000000000e+00
2.575792186175806728e-02	8.384612972033290701e-01	0.000000000000000000e+00
3.745782991120000238e-02	7.783337164384699358e-01	0.000000000000000000e+00
3.745782991120000238e-02	7.783337164384699358e-01	0.000000000000000000e+00
5.751538024468758059e-02	7.206142257148532293e-01	0.000000000000000000e+00
6.726822776225552247e-02	6.892553202622496711e-01	0.000000000000000000e+00
6.726822776225552247e-02	6.892553202622496711e-01	0.000000000000000000e+00
8.538008170111742456e-02	6.699506664269513356e-01	0.000000000000000000e+00
8.538008170111742456e-02	6.699506664269513356e-01	0.000000000000000000e+00
8.538008170111742456e-02	6.699506664269513356e-01	0.000000000000000000e+00
8.538008170111742456e-02	6.699506664269513356e-01	0.000000000000000000e+00
8.538008170111742456e-02	6.699506664269513356e-01	0.000000000000000000e+00
8.538008170111742456e-02	6.699506664269513356e-01	0.000000000000000000e+00
8.538008170111742456e-02	6.699506664269513356e-01	0.000000000000000000e+00
8.538008170111742456e-02	6.699506664269513356e-01	0.000000000000000000e+00
2.053019292511031324e-01	5.128592238913476375e-01	0.000000000000000000e+00
2.053019292511031324e-01	5.128592238913476375e-01	0.000000000000000000e+00
2.053019292511031324e-01	5.199669982032365523e-01	0.000000000000000000e+00
2.152532475051366356e-01	4.416788399324160230e-01	0.000000000000000000e+00
2.152532475051366356e-01	4.416788399324160230e-01	0.000000000000000000e+00
2.230459400085602895e-01	3.861580930809747625e-01	0.000000000000000000e+00
2.230459400085602895e-01	3.861310669517601379e-01	0.000000000000000000e+00
2.381617431467570323e-01	2.981447753103595444e-01	0.000000000000000000e+00
2.381617431467570323e-01	2.981447753103595444e-01	0.000000000000000000e+00
2.381617431467570323e-01	2.981447753103595444e-01	0.000000000000000000e+00
2.381617431467570323e-01	2.981447753103595444e-01	0.000000000000000000e+00
2.571342756345275093e-01	2.475552878708133508e-01	0.000000000000000000e+00
2.571342756345275093e-01	2.475552878708133508e-01	0.000000000000000000e+00
2.571342756345275093e-01	2.475552878708133508e-01	0.000000000000000000e+00
2.571342756345275093e-01	2.475552878708133508e-01	0.000000000000000000e+00
2.571342756345275093e-01	2.475552878708133508e-01	0.000000000000000000e+00
2.571342756345275093e-01	2.490735788976884690e-01	0.000000000000000000e+00
2.571342756345275093e-01	2.490735788976884690e-01	0.000000000000000000e+00
2.571342756345275093e-01	2.490735788976884690e-01	0.000000000000000000e+00
2.571342756345275093e-01	2.490735788976884690e-01	0.000000000000000000e+00
2.571342756345275093e-01	2.490735788976884690e-01	0.000000000000000000e+00
2.571342756345275093e-01	2.490735788976884690e-01	0.000000000000000000e+00
2.571342756345275093e-01	2.490735788976884690e-01	0.000000000000000000e+00
4.125648541105852440e-01	2.218515826560492343e-01	0.000000000000000000e+00
4.239353797408506042e-01	8.714390906397301295e-02	0.000000000000000000e+00
4.239353797408506042e-01	8.714390906397301295e-02	0.000000000000000000e+00
4.239353797408506042e-01	8.714390906397301295e-02	0.000000000000000000e+00
4.239353797408506042e-01	8.714390906397301295e-02	0.000000000000000000e+00
4.239353797408506042e-01	8.714390906397301295e-02	0.000000000000000000e+00
4.239353797408506042e-01	8.714390906397301295e-02	0.000000000000000000e+00
4.239353797408506042e-01	7.880466217054338252e-02	0.000000000000000000e+00
4.239353797408506042e-01	6.552170891676593889e-02	0.000000000000000000e+00
4.271146910596366753e-01	4.619165348234274132e-02	0.000000000000000000e+00
4.271146910596366753e-01	3.125028922117530084e-02	0.000000000000000000e+00
4.356312395071910148e-01	-2.327685542418119619e-02	0.000000000000000000e+00
4.356312395071910148e-01	-2.327685542418119619e-02	0.000000000000000000e+00
4.356312395071910148e-01	-2.327685542418119619e-02	0.000000000000000000e+00
4.386899571281236976e-01	-6.205846658734324311e-02	0.000000000000000000e+00
4.386899571281236976e-01	-6.205846658734324311e-02	0.000000000000000000e+00
4.386899571281236976e-01	-6.205846658734324311e-02	0.000000000000000000e+00
4.386899571281236976e-01	-6.205846658734324311e-02	0.000000000000000000e+00
4.386899571281236976e-01	-6.205846658734324311e-02	0.000000000000000000e+00
4.386899571281236976e-01	-6.205846658734324311e-02	0.000000000000000000e+00
4.386899571281236976e-01	-6.205846658734324311e-02	0.000000000000000000e+00
4.386899571281236976e-01	-6.205846658734324311e-02	0.000000000000000000e+00
4.386899571281236976e-01	-6.205846658734324311e-02	0.000000000000000000e+00
4.386899571281236976e-01	-6.205846658734324311e-02	0.000000000000000000e+00
4.386899571281236976e-01	-6.205846658734324311e-02	0.000000000000000000e+00
4.386899571281236976e-01	-6.205846658734324311e-02	0.000000000000000000e+00
6.260773907219543410e-01	-1.723032894397672765e-01	0.000000000000000000e+00
6.260773907219543410e-01	-1.723032894397672765e-01	0.000000000000000000e+00
6.260773907219543410e-01	-1.723032894397672765e-01	0.000000000000000000e+00
6.260773907219543410e-01	-1.723032894397672765e-01	0.000000000000000000e+00
6.260773907219543410e-01	-1.723032894397672765e-01	0.000000000000000000e+00
6.260773907219543410e-01	-1.731834243596932221e-01	0.000000000000000000e+00
6.260773907219543410e-01	-1.731834243596932221e-01	0.000000000000000000e+00
6.260773907219543410e-01	-1.981941442608112780e-01	0.000000000000000000e+00
6.260773907219543410e-01	-1.981941442608112780e-01	0.000000000000000000e+00
6.260773907219543410e-01	-1.981941442608112780e-01	0.000000000000000000e+00
6.260773907219543410e-01	-2.118612639366158623e-01	0.000000000000000000e+00
6.260773907219543410e-01	-2.152209048010488013e-01	0.000000000000000000e+00
6.325788835108825392e-01	-2.992652288888045242e-01	0.000000000000000000e+00
6.325788835108825392e-01	-2.992652288888045242e-01	0.000000000000000000e+00
6.325788835108825392e-01	-2.992652288888045242e-01	0.000000000000000000e+00
6.325788835108825392e-01	-2.992652288888045242e-01	0.000000000000000000e+00
6.325788835108825392e-01	-2.992652288888045242e-01	0.000000000000000000e+00
6.325788835108825392e-01	-2.992652288888045242e-01	0.000000000000000000e+00
6.325788835108825392e-01	-2.992652288888045242e-01	0.000000000000000000e+00
6.325788835108825392e-01	-2.992652288888045242e-01	0.000000000000000000e+00
6.438171228160083359e-01	-4.041643758595956371e-01	0.000000000000000000e+00
6.438171228160083359e-01	-4.041643758595956371e-01	0.000000000000000000e+00
6.438171228160083359e-01	-4.041643758595956371e-01	0.000000000000000000e+00
6.438171228160083359e-01	-3.813802197659358351e-01	0.000000000000000000e+00
6.438171228160083359e-01	-3.813802197659358351e-01	0.000000000000000000e+00
6.438171228160083359e-01	-3.813802197659358351e-01	0.000000000000000000e+00
6.438171228160083359e-01	-3.813802197659358351e-01	0.000000000000000000e+00
6.438171228160083359e-01	-3.813802197659358351e-01	0.000000000000000000e+00
6.438171228160083359e-01	-3.813802197659358351e-01	0.000000000000000000e+00
6.438171228160083359e-01	-3.813802197659358351e-01	0.000000000000000000e+00
6.566041547734453587e-01	-3.951138688530437815e-01	0.000000000000000000e+00
6.566041547734453587e-01	-3.951138688530437815e-01	0.000000000000000000e+00
6.566041547734453587e-01	-3.975304009815919248e-01	0.000000000000000000e+00
6.566041547734453587e-01	-3.975304009815919248e-01	0.000000000000000000e+00
6.566041547734453587e-01	-3.975304009815919248e-01	0.000000000000000000e+00
