5.139883397527102854e-03	1.063348199466104038e+00	0.000000000000000000e+00
5.139883397527102854e-03	1.049294925965638114e+00	0.000000000000000000e+00
1.988013383979558846e-02	9.672217100916036259e-01	0.000000000000000000e+00
4.155733435248412655e-02	8.948050867092951499e-01	0.000000000000000000e+00
4.155733435248412655e-02	8.948050867092951499e-01	0.000000000000000000e+00
7.226057852803194348e-02	7.903020576708965628e-01	0.000000000000000000e+00
7.226057852803194348e-02	7.903020576708965628e-01	0.000000000000000000e+00
7.226057852803194348e-02	7.903020576708965628e-01	0.000000000000000000e+00
7.226057852803194348e-02	7.903020576708965628e-01	0.000000000000000000e+00
7.226057852803194348e-02	7.903020576708965628e-01	0.000000000000000000e+00
7.226057852803194348e-02	7.976613578836223573e-01	0.000000000000000000e+00
7.226057852803194348e-02	7.976613578836223573e-01	0.000000000000000000e+00
7.226057852803194348e-02	7.976613578836223573e-01	0.000000000000000000e+00
2.186394627934373780e-01	5.133137506162898100e-01	0.000000000000000000e+00
2.186394627934373780e-01	5.133137506162898100e-01	0.000000000000000000e+00
2.186394627934373780e-01	5.133137506162898100e-01	0.000000000000000000e+00
2.186394627934373780e-01	5.054335606723572294e-01	0.000000000000000000e+00
2.311083709514050732e-01	4.404026786052277487e-01	0.000000000000000000e+00
2.364685931406430852e-01	3.826584513567342083e-01	0.000000000000000000e+00
2.426083079612307014e-01	3.276285734343719613e-01	0.000000000000000000e+00
2.426083079612307014e-01	3.276285734343719613e-01	0.000000000000000000e+00
2.579525720613812245e-01	2.786408715267439939e-01	0.000000000000000000e+00
2.579525720613812245e-01	2.786408715267439939e-01	0.000000000000000000e+00
2.579525720613812245e-01	2.786408715267439939e-01	0.000000000000000000e+00
2.579525720613812245e-01	2.786408715267439939e-01	0.000000000000000000e+00
2.579525720613812245e-01	2.786408715267439939e-01	0.000000000000000000e+00
2.579525720613812245e-01	2.821380520783322576e-01	0.000000000000000000e+00
2.579525720613812245e-01	2.821380520783322576e-01	0.000000000000000000e+00
2.579525720613812245e-01	2.821380520783322576e-01	0.000000000000000000e+00
2.579525720613812245e-01	2.821380520783322576e-01	0.000000000000000000e+00
2.579525720613812245e-01	2.821380520783322576e-01	0.000000000000000000e+00
4.291629760554455109e-01	3.366864048726107145e-02	0.000000000000000000e+00
4.291629760554455109e-01	3.366864048726107145e-02	0.000000000000000000e+00
4.291629760554455109e-01	3.366864048726107145e-02	0.000000000000000000e+00
4.291629760554455109e-01	3.366864048726107145e-02	0.000000000000000000e+00
4.291629760554455109e-01	3.366864048726107145e-02	0.000000000000000000e+00
4.291629760554455109e-01	3.366864048726107145e-02	0.000000000000000000e+00
4.291629760554455109e-01	3.913803523872124573e-02	0.000000000000000000e+00
4.369996796835174391e-01	-3.441870610761103150e-02	0.000000000000000000e+00
4.369996796835174391e-01	-3.441870610761103150e-02	0.000000000000000000e+00
4.369996796835174391e-01	-3.441870610761103150e-02	0.000000000000000000e+00
4.464612457657346489e-01	-7.177139215444813813e-02	0.000000000000000000e+00
4.464612457657346489e-01	-7.177139215444813813e-02	0.000000000000000000e+00
4.464612457657346489e-01	-7.490979734246615285e-02	0.000000000000000000e+00
4.464612457657346489e-01	-7.490979734246615285e-02	0.000000000000000000e+00
4.464612457657346489e-01	-7.490979734246615285e-02	0.000000000000000000e+00
4.464612457657346489e-01	-7.490979734246615285e-02	0.000000000000000000e+00
4.464612457657346489e-01	-7.490979734246615285e-02	0.000000000000000000e+00
4.464612457657346489e-01	-7.490979734246615285e-02	0.000000000000000000e+00
4.464612457657346489e-01	-7.490979734246615285e-02	0.000000000000000000e+00
4.464612457657346489e-01	-7.490979734246615285e-02	0.000000000000000000e+00
4.464612457657346489e-01	-7.490979734246615285e-02	0.000000000000000000e+00
4.464612457657346489e-01	-7.490979734246615285e-02	0.000000000000000000e+00
4.464612457657346489e-01	-7.490979734246615285e-02	0.000000000000000000e+00
4.464612457657346489e-01	-7.490979734246615285e-02	0.000000000000000000e+00
4.464612457657346489e-01	-7.248329267672543041e-02	0.000000000000000000e+00
4.464612457657346489e-01	-7.248329267672543041e-02	0.000000000000000000e+00
4.464612457657346489e-01	-7.248329267672543041e-02	0.000000000000000000e+00
8.300147111177558212e-01	-5.223250755721101646e-01	0.000000000000000000e+00
8.300147111177558212e-01	-5.223250755721101646e-01	0.000000000000000000e+00
8.300147111177558212e-01	-4.412823289247594372e-01	0.000000000000000000e+00
8.300147111177558212e-01	-4.102280845135796161e-01	0.000000000000000000e+00
8.300147111177558212e-01	-4.136031559048385930e-01	0.000000000000000000e+00
8.300147111177558212e-01	-4.136031559048385930e-01	0.000000000000000000e+00
8.300147111177558212e-01	-4.136031559048385930e-01	0.000000000000000000e+00
8.300147111177558212e-01	-4.136031559048385930e-01	0.000000000000000000e+00
8.300147111177558212e-01	-4.136031559048385930e-01	0.000000000000000000e+00
8.300147111177558212e-01	-4.136031559048385930e-01	0.000000000000000000e+00
8.300147111177558212e-01	-4.136031559048385930e-01	0.000000000000000000e+00
8.300147111177558212e-01	-4.136031559048385930e-01	0.000000000000000000e+00
8.300147111177558212e-01	-4.136031559048385930e-01	0.000000000000000000e+00
8.300147111177558212e-01	-4.136031559048385930e-01	0.000000000000000000e+00
8.300147111177558212e-01	-4.094847533105974158e-01	0.000000000000000000e+00
8.300147111177558212e-01	-4.094847533105974158e-01	0.000000000000000000e+00
8.300147111177558212e-01	-4.023851351154792977e-01	0.000000000000000000e+00
8.300147111177558212e-01	-4.245302356571722946e-01	0.000000000000000000e+00
8.303078125957560340e-01	-4.429248151359340691e-01	0.000000000000000000e+00
8.303078125957560340e-01	-4.429248151359340691e-01	0.000000000000000000e+00
8.303078125957560340e-01	-4.900838804819797612e-01	0.000000000000000000e+00
8.303078125957560340e-01	-4.900838804819797612e-01	0.000000000000000000e+00
8.303078125957560340e-01	-4.900838804819797612e-01	0.000000000000000000e+00
8.303078125957560340e-01	-4.977141163572444960e-01	0.000000000000000000e+00
8.448099434388121054e-01	-6.576937337639794379e-01	0.000000000000000000e+00
8.448099434388121054e-01	-6.576937337639794379e-01	0.000000000000000000e+00
8.448099434388121054e-01	-6.576937337639794379e-01	0.000000000000000000e+00
8.448099434388121054e-01	-6.455409825467214313e-01	0.000000000000000000e+00
8.448099434388121054e-01	-6.351793419139852848e-01	0.000000000000000000e+00
8.448099434388121054e-01	-6.351793419139852848e-01	0.000000000000000000e+00
8.448099434388121054e-01	-6.351793419139852848e-01	0.000000000000000000e+00
8.448099434388121054e-01	-6.351793419139852848e-01	0.000000000000000000e+00
8.448099434388121054e-01	-6.351793419139852848e-01	0.000000000000000000e+00
8.448099434388121054e-01	-6.351793419139852848e-01	0.000000000000000000e+00
8.448099434388121054e-01	-6.351793419139852848e-01	0.000000000000000000e+00
8.448099434388121054e-01	-6.351793419139852848e-01	0.000000000000000000e+00
8.448099434388121054e-01	-6.490678873094519741e-01	0.000000000000000000e+00
8.448099434388121054e-01	-6.490678873094519741e-01	0.000000000000000000e+00
8.448099434388121054e-01	-6.716274639351621500e-01	0.000000000000000000e+00
8.448099434388121054e-01	-6.716274639351621500e-01	0.000000000000000000e+00
8.448099434388121054e-01	-6.676035759223742927e-01	0.000000000000000000e+00
8.448099434388121054e-01	-6.676035759223742927e-01	0.000000000000000000e+00
