5.139883397527102854e-03	1.042666561262777014e+00	0.000000000000000000e+00
5.139883397527102854e-03	9.921293516272504664e-01	0.000000000000000000e+00
1.988013383979558846e-02	8.814715743320685748e-01	0.000000000000000000e+00
4.155733435248412655e-02	8.490298582822638496e-01	0.000000000000000000e+00
4.155733435248412655e-02	8.490298582822638496e-01	0.000000000000000000e+00
7.457569507771051598e-02	7.002852926231774022e-01	0.000000000000000000e+00
7.457569507771051598e-02	7.002852926231774022e-01	0.000000000000000000e+00
7.457569507771051598e-02	7.002852926231774022e-01	0.000000000000000000e+00
7.457569507771051598e-02	7.002852926231774022e-01	0.000000000000000000e+00
7.457569507771051598e-02	7.056930375733730942e-01	0.000000000000000000e+00
7.457569507771051598e-02	7.080539295005704448e-01	0.000000000000000000e+00
7.457569507771051598e-02	7.080539295005704448e-01	0.000000000000000000e+00
7.457569507771051598e-02	7.080539295005704448e-01	0.000000000000000000e+00
7.457569507771051598e-02	7.080539295005704448e-01	0.000000000000000000e+00
2.186394627934373780e-01	4.706421139364777018e-01	0.000000000000000000e+00
2.186394627934373780e-01	4.706421139364777018e-01	0.000000000000000000e+00
2.186394627934373780e-01	4.382856044818790875e-01	0.000000000000000000e+00
2.311083709514050732e-01	3.427288006737403969e-01	0.000000000000000000e+00
2.311083709514050732e-01	3.427288006737403969e-01	0.000000000000000000e+00
2.426083079612307014e-01	2.872100917630653338e-01	0.000000000000000000e+00
2.426083079612307014e-01	2.872100917630653338e-01	0.000000000000000000e+00
2.579525720613812245e-01	2.578649155827528738e-01	0.000000000000000000e+00
2.579525720613812245e-01	2.578649155827528738e-01	0.000000000000000000e+00
2.579525720613812245e-01	2.578649155827528738e-01	0.000000000000000000e+00
2.579525720613812245e-01	2.578649155827528738e-01	0.000000000000000000e+00
2.579525720613812245e-01	2.578649155827528738e-01	0.000000000000000000e+00
2.579525720613812245e-01	2.578649155827528738e-01	0.000000000000000000e+00
2.579525720613812245e-01	2.634062446093132226e-01	0.000000000000000000e+00
2.579525720613812245e-01	2.634062446093132226e-01	0.000000000000000000e+00
2.579525720613812245e-01	2.634062446093132226e-01	0.000000000000000000e+00
2.579525720613812245e-01	2.634062446093132226e-01	0.000000000000000000e+00
4.291629760554455109e-01	1.932046975610394665e-02	0.000000000000000000e+00
4.291629760554455109e-01	1.932046975610394665e-02	0.000000000000000000e+00
4.291629760554455109e-01	1.932046975610394665e-02	0.000000000000000000e+00
4.291629760554455109e-01	2.523173547080163198e-02	0.000000000000000000e+00
4.291629760554455109e-01	2.523173547080163198e-02	0.000000000000000000e+00
4.291629760554455109e-01	2.523173547080163198e-02	0.000000000000000000e+00
4.291629760554455109e-01	2.523173547080163198e-02	0.000000000000000000e+00
4.369996796835174391e-01	-3.321132860218689586e-02	0.000000000000000000e+00
4.369996796835174391e-01	-3.321132860218689586e-02	0.000000000000000000e+00
4.464612457657346489e-01	-9.414768993323915924e-02	0.000000000000000000e+00
4.464612457657346489e-01	-9.414768993323915924e-02	0.000000000000000000e+00
4.464612457657346489e-01	-9.532113194596866790e-02	0.000000000000000000e+00
4.464612457657346489e-01	-9.532113194596866790e-02	0.000000000000000000e+00
4.464612457657346489e-01	-9.532113194596866790e-02	0.000000000000000000e+00
4.464612457657346489e-01	-9.532113194596866790e-02	0.000000000000000000e+00
4.464612457657346489e-01	-1.081143506465076370e-01	0.000000000000000000e+00
4.464612457657346489e-01	-1.081143506465076370e-01	0.000000000000000000e+00
4.464612457657346489e-01	-1.081143506465076370e-01	0.000000000000000000e+00
4.464612457657346489e-01	-1.081143506465076370e-01	0.000000000000000000e+00
4.464612457657346489e-01	-1.081143506465076370e-01	0.000000000000000000e+00
4.464612457657346489e-01	-1.081143506465076370e-01	0.000000000000000000e+00
4.464612457657346489e-01	-1.081143506465076370e-01	0.000000000000000000e+00
4.464612457657346489e-01	-1.081143506465076370e-01	0.000000000000000000e+00
4.464612457657346489e-01	-1.081143506465076370e-01	0.000000000000000000e+00
4.464612457657346489e-01	-1.081143506465076370e-01	0.000000000000000000e+00
4.464612457657346489e-01	-1.081143506465076370e-01	0.000000000000000000e+00
4.464612457657346489e-01	-1.081143506465076370e-01	0.000000000000000000e+00
8.300147111177558212e-01	-5.630846795818437167e-01	0.000000000000000000e+00
8.300147111177558212e-01	-5.630846795818437167e-01	0.000000000000000000e+00
8.300147111177558212e-01	-5.630846795818437167e-01	0.000000000000000000e+00
8.300147111177558212e-01	-5.630846795818437167e-01	0.000000000000000000e+00
8.300147111177558212e-01	-5.300564522014988844e-01	0.000000000000000000e+00
8.300147111177558212e-01	-5.300564522014988844e-01	0.000000000000000000e+00
8.300147111177558212e-01	-5.300564522014988844e-01	0.000000000000000000e+00
8.300147111177558212e-01	-5.300564522014988844e-01	0.000000000000000000e+00
8.300147111177558212e-01	-5.300564522014988844e-01	0.000000000000000000e+00
8.300147111177558212e-01	-5.300564522014988844e-01	0.000000000000000000e+00
8.300147111177558212e-01	-5.300564522014988844e-01	0.000000000000000000e+00
8.300147111177558212e-01	-5.300564522014988844e-01	0.000000000000000000e+00
8.300147111177558212e-01	-5.300564522014988844e-01	0.000000000000000000e+00
8.300147111177558212e-01	-5.300564522014988844e-01	0.000000000000000000e+00
8.300147111177558212e-01	-4.522725879286088602e-01	0.000000000000000000e+00
8.300147111177558212e-01	-4.522725879286088602e-01	0.000000000000000000e+00
8.300147111177558212e-01	-4.590384610569717694e-01	0.000000000000000000e+00
8.300147111177558212e-01	-4.590384610569717694e-01	0.000000000000000000e+00
8.300147111177558212e-01	-4.590384610569717694e-01	0.000000000000000000e+00
8.300147111177558212e-01	-4.995422789545565512e-01	0.000000000000000000e+00
8.300147111177558212e-01	-4.995422789545565512e-01	0.000000000000000000e+00
8.300147111177558212e-01	-4.995422789545565512e-01	0.000000000000000000e+00
8.300147111177558212e-01	-5.306755303797725531e-01	0.000000000000000000e+00
8.300147111177558212e-01	-5.306755303797725531e-01	0.000000000000000000e+00
8.300147111177558212e-01	-5.306755303797725531e-01	0.000000000000000000e+00
8.448099434388121054e-01	-6.805079343511269974e-01	0.000000000000000000e+00
8.448099434388121054e-01	-6.805079343511269974e-01	0.000000000000000000e+00
8.448099434388121054e-01	-6.805079343511269974e-01	0.000000000000000000e+00
8.448099434388121054e-01	-6.805079343511269974e-01	0.000000000000000000e+00
8.448099434388121054e-01	-6.805079343511269974e-01	0.000000000000000000e+00
8.448099434388121054e-01	-6.575487067137587571e-01	0.000000000000000000e+00
8.448099434388121054e-01	-6.575487067137587571e-01	0.000000000000000000e+00
8.448099434388121054e-01	-6.575487067137587571e-01	0.000000000000000000e+00
8.448099434388121054e-01	-6.575487067137587571e-01	0.000000000000000000e+00
8.448099434388121054e-01	-6.575487067137587571e-01	0.000000000000000000e+00
8.448099434388121054e-01	-6.575487067137587571e-01	0.000000000000000000e+00
8.448099434388121054e-01	-6.575487067137587571e-01	0.000000000000000000e+00
8.448099434388121054e-01	-6.699877615722389379e-01	0.000000000000000000e+00
8.448099434388121054e-01	-6.751730951079873977e-01	0.000000000000000000e+00
8.448099434388121054e-01	-6.768123337812235185e-01	0.000000000000000000e+00
8.448099434388121054e-01	-6.768123337812235185e-01	0.000000000000000000e+00
8.448099434388121054e-01	-6.768123337812235185e-01	0.000000000000000000e+00
