5.139883397527102854e-03	1.792442213323258038e+00	0.000000000000000000e+00
1.988013383979558846e-02	1.536175149614120716e+00	0.000000000000000000e+00
1.988013383979558846e-02	1.536175149614120716e+00	0.000000000000000000e+00
1.988013383979558846e-02	1.536175149614120716e+00	0.000000000000000000e+00
1.988013383979558846e-02	1.536175149614120716e+00	0.000000000000000000e+00
1.988013383979558846e-02	1.536175149614120716e+00	0.000000000000000000e+00
1.988013383979558846e-02	1.536175149614120716e+00	0.000000000000000000e+00
1.302572822215573300e-01	1.246410662323465424e+00	0.000000000000000000e+00
1.302572822215573300e-01	1.246410662323465424e+00	0.000000000000000000e+00
1.324863456306303311e-01	1.235316019998167203e+00	0.000000000000000000e+00
1.324863456306303311e-01	1.235316019998167203e+00	0.000000000000000000e+00
1.324863456306303311e-01	1.235316019998167203e+00	0.000000000000000000e+00
1.324863456306303311e-01	1.235316019998167203e+00	0.000000000000000000e+00
2.186394627934373780e-01	9.188929380060851804e-01	0.000000000000000000e+00
2.186394627934373780e-01	9.188929380060851804e-01	0.000000000000000000e+00
2.186394627934373780e-01	9.188929380060851804e-01	0.000000000000000000e+00
2.186394627934373780e-01	8.979507282423936365e-01	0.000000000000000000e+00
2.186394627934373780e-01	8.891394988262648624e-01	0.000000000000000000e+00
2.186394627934373780e-01	8.955847509191566802e-01	0.000000000000000000e+00
2.579525720613812245e-01	6.970852139412826443e-01	0.000000000000000000e+00
2.579525720613812245e-01	6.970852139412826443e-01	0.000000000000000000e+00
2.579525720613812245e-01	6.970852139412826443e-01	0.000000000000000000e+00
2.579525720613812245e-01	6.704700641928964533e-01	0.000000000000000000e+00
2.579525720613812245e-01	6.704700641928964533e-01	0.000000000000000000e+00
2.579525720613812245e-01	6.704700641928964533e-01	0.000000000000000000e+00
2.579525720613812245e-01	6.704700641928964533e-01	0.000000000000000000e+00
2.579525720613812245e-01	6.704700641928964533e-01	0.000000000000000000e+00
2.579525720613812245e-01	6.704700641928964533e-01	0.000000000000000000e+00
2.579525720613812245e-01	6.704700641928964533e-01	0.000000000000000000e+00
2.579525720613812245e-01	6.704700641928964533e-01	0.000000000000000000e+00
2.579525720613812245e-01	6.704700641928964533e-01	0.000000000000000000e+00
2.579525720613812245e-01	6.736966338697113477e-01	0.000000000000000000e+00
2.579525720613812245e-01	6.754971417727378968e-01	0.000000000000000000e+00
4.424152761633303732e-01	3.730444731538833936e-01	0.000000000000000000e+00
4.424152761633303732e-01	3.730444731538833936e-01	0.000000000000000000e+00
4.424152761633303732e-01	3.730444731538833936e-01	0.000000000000000000e+00
4.424152761633303732e-01	3.730444731538833936e-01	0.000000000000000000e+00
4.424152761633303732e-01	3.730444731538833936e-01	0.000000000000000000e+00
4.424152761633303732e-01	3.433054074779022247e-01	0.000000000000000000e+00
4.424152761633303732e-01	3.433054074779022247e-01	0.000000000000000000e+00
4.424152761633303732e-01	3.433054074779022247e-01	0.000000000000000000e+00
4.424152761633303732e-01	3.433054074779022247e-01	0.000000000000000000e+00
4.424152761633303732e-01	3.433054074779022247e-01	0.000000000000000000e+00
4.424152761633303732e-01	3.433054074779022247e-01	0.000000000000000000e+00
4.424152761633303732e-01	3.223831849369547808e-01	0.000000000000000000e+00
4.464612457657346489e-01	3.046522898322595041e-01	0.000000000000000000e+00
4.464612457657346489e-01	2.695476893442598776e-01	0.000000000000000000e+00
4.464612457657346489e-01	2.695476893442598776e-01	0.000000000000000000e+00
4.464612457657346489e-01	2.695476893442598776e-01	0.000000000000000000e+00
4.464612457657346489e-01	2.666398566567992345e-01	0.000000000000000000e+00
4.464612457657346489e-01	2.666398566567992345e-01	0.000000000000000000e+00
4.464612457657346489e-01	2.666398566567992345e-01	0.000000000000000000e+00
4.464612457657346489e-01	2.666398566567992345e-01	0.000000000000000000e+00
4.464612457657346489e-01	2.666398566567992345e-01	0.000000000000000000e+00
4.464612457657346489e-01	2.666398566567992345e-01	0.000000000000000000e+00
4.464612457657346489e-01	2.666398566567992345e-01	0.000000000000000000e+00
4.464612457657346489e-01	2.666398566567992345e-01	0.000000000000000000e+00
4.464612457657346489e-01	3.053951023108782414e-01	0.000000000000000000e+00
4.464612457657346489e-01	3.143409298927433149e-01	0.000000000000000000e+00
4.464612457657346489e-01	3.143409298927433149e-01	0.000000000000000000e+00
8.125073041746717628e-01	9.844406691775715867e-02	0.000000000000000000e+00
8.125073041746717628e-01	9.844406691775715867e-02	0.000000000000000000e+00
8.125073041746717628e-01	2.311528454084580408e-01	0.000000000000000000e+00
8.125073041746717628e-01	2.311528454084580408e-01	0.000000000000000000e+00
8.125073041746717628e-01	2.150775196011124601e-01	0.000000000000000000e+00
8.303078125957560340e-01	-1.131171500546429565e-01	0.000000000000000000e+00
8.303078125957560340e-01	-1.131171500546429565e-01	0.000000000000000000e+00
8.303078125957560340e-01	-1.487002625710109605e-01	0.000000000000000000e+00
8.303078125957560340e-01	-1.487002625710109605e-01	0.000000000000000000e+00
8.303078125957560340e-01	-1.487002625710109605e-01	0.000000000000000000e+00
8.303078125957560340e-01	-1.487002625710109605e-01	0.000000000000000000e+00
8.303078125957560340e-01	-6.307802515030890012e-02	0.000000000000000000e+00
8.303078125957560340e-01	-6.307802515030890012e-02	0.000000000000000000e+00
8.303078125957560340e-01	-6.307802515030890012e-02	0.000000000000000000e+00
8.303078125957560340e-01	-6.307802515030890012e-02	0.000000000000000000e+00
8.303078125957560340e-01	-6.307802515030890012e-02	0.000000000000000000e+00
8.303078125957560340e-01	-6.307802515030890012e-02	0.000000000000000000e+00
8.303078125957560340e-01	-6.307802515030890012e-02	0.000000000000000000e+00
8.303078125957560340e-01	-6.307802515030890012e-02	0.000000000000000000e+00
8.303078125957560340e-01	-6.307802515030890012e-02	0.000000000000000000e+00
8.303078125957560340e-01	-4.599123874805247092e-02	0.000000000000000000e+00
8.303078125957560340e-01	-4.599123874805247092e-02	0.000000000000000000e+00
8.303078125957560340e-01	-5.908564761545784250e-02	0.000000000000000000e+00
8.448099434388121054e-01	-1.792869481949302124e-01	0.000000000000000000e+00
8.448099434388121054e-01	-1.792869481949302124e-01	0.000000000000000000e+00
8.448099434388121054e-01	-1.792869481949302124e-01	0.000000000000000000e+00
8.448099434388121054e-01	-1.792869481949302124e-01	0.000000000000000000e+00
8.448099434388121054e-01	-1.792869481949302124e-01	0.000000000000000000e+00
8.448099434388121054e-01	-1.792869481949302124e-01	0.000000000000000000e+00
8.448099434388121054e-01	-1.792869481949302124e-01	0.000000000000000000e+00
8.448099434388121054e-01	-1.792869481949302124e-01	0.000000000000000000e+00
8.448099434388121054e-01	-1.899677289418229553e-01	0.000000000000000000e+00
8.448099434388121054e-01	-1.899677289418229553e-01	0.000000000000000000e+00
8.448099434388121054e-01	-1.899677289418229553e-01	0.000000000000000000e+00
8.448099434388121054e-01	-1.908608267978016970e-01	0.000000000000000000e+00
8.448099434388121054e-01	-1.931894889586180386e-01	0.000000000000000000e+00
8.448099434388121054e-01	-1.931894889586180386e-01	0.000000000000000000e+00
8.448099434388121054e-01	-1.931894889586180386e-01	0.000000000000000000e+00
8.448099434388121054e-01	-1.931894889586180386e-01	0.000000000000000000e+00
8.448099434388121054e-01	-1.908608267978016970e-01	0.000000000000000000e+00
