5.139883397527102854e-03	9.563405024874316318e-01	0.000000000000000000e+00
5.139883397527102854e-03	9.462231050026056467e-01	0.000000000000000000e+00
1.988013383979558846e-02	8.651453601998579934e-01	0.000000000000000000e+00
4.155733435248412655e-02	7.735039912682556418e-01	0.000000000000000000e+00
4.155733435248412655e-02	7.735039912682556418e-01	0.000000000000000000e+00
7.457569507771051598e-02	6.907693613318941495e-01	0.000000000000000000e+00
7.457569507771051598e-02	6.907693613318941495e-01	0.000000000000000000e+00
7.457569507771051598e-02	6.907693613318941495e-01	0.000000000000000000e+00
7.457569507771051598e-02	6.907670391982918545e-01	0.000000000000000000e+00
7.457569507771051598e-02	6.907670391982918545e-01	0.000000000000000000e+00
7.457569507771051598e-02	6.907670391982918545e-01	0.000000000000000000e+00
7.457569507771051598e-02	6.907670391982918545e-01	0.000000000000000000e+00
7.457569507771051598e-02	6.907670391982918545e-01	0.000000000000000000e+00
2.042240169520416204e-01	5.363165872728694605e-01	0.000000000000000000e+00
2.042240169520416204e-01	5.363165872728694605e-01	0.000000000000000000e+00
2.186394627934373780e-01	4.345310786251517787e-01	0.000000000000000000e+00
2.186394627934373780e-01	4.339054304140649854e-01	0.000000000000000000e+00
2.311083709514050732e-01	3.556978087266621791e-01	0.000000000000000000e+00
2.311083709514050732e-01	3.427288006737403969e-01	0.000000000000000000e+00
2.426083079612307014e-01	2.999174396783117480e-01	0.000000000000000000e+00
2.426083079612307014e-01	2.872100917630653338e-01	0.000000000000000000e+00
2.579525720613812245e-01	2.573936952110474907e-01	0.000000000000000000e+00
2.579525720613812245e-01	2.573936952110474907e-01	0.000000000000000000e+00
2.579525720613812245e-01	2.573936952110474907e-01	0.000000000000000000e+00
2.579525720613812245e-01	2.573936952110474907e-01	0.000000000000000000e+00
2.579525720613812245e-01	2.573936952110474907e-01	0.000000000000000000e+00
2.579525720613812245e-01	2.569510853143408546e-01	0.000000000000000000e+00
2.579525720613812245e-01	2.569510853143408546e-01	0.000000000000000000e+00
2.579525720613812245e-01	2.569510853143408546e-01	0.000000000000000000e+00
2.579525720613812245e-01	2.569510853143408546e-01	0.000000000000000000e+00
2.579525720613812245e-01	2.569510853143408546e-01	0.000000000000000000e+00
4.291629760554455109e-01	1.849512075432129324e-02	0.000000000000000000e+00
4.291629760554455109e-01	1.849512075432129324e-02	0.000000000000000000e+00
4.291629760554455109e-01	1.849512075432129324e-02	0.000000000000000000e+00
4.291629760554455109e-01	2.972129237877610755e-02	0.000000000000000000e+00
4.291629760554455109e-01	2.972129237877610755e-02	0.000000000000000000e+00
4.291629760554455109e-01	2.972129237877610755e-02	0.000000000000000000e+00
4.291629760554455109e-01	4.447096213767542938e-03	0.000000000000000000e+00
4.369996796835174391e-01	-4.420234067777751436e-02	0.000000000000000000e+00
4.369996796835174391e-01	-5.750184429240635942e-02	0.000000000000000000e+00
4.464612457657346489e-01	-8.555778104097591652e-02	0.000000000000000000e+00
4.464612457657346489e-01	-9.981473710507661468e-02	0.000000000000000000e+00
4.464612457657346489e-01	-1.118826251891435475e-01	0.000000000000000000e+00
4.464612457657346489e-01	-1.118826251891435475e-01	0.000000000000000000e+00
4.464612457657346489e-01	-1.118826251891435475e-01	0.000000000000000000e+00
4.464612457657346489e-01	-1.118826251891435475e-01	0.000000000000000000e+00
4.464612457657346489e-01	-1.118826251891435475e-01	0.000000000000000000e+00
4.464612457657346489e-01	-1.118826251891435475e-01	0.000000000000000000e+00
4.464612457657346489e-01	-1.118826251891435475e-01	0.000000000000000000e+00
4.464612457657346489e-01	-1.118826251891435475e-01	0.000000000000000000e+00
4.464612457657346489e-01	-1.118826251891435475e-01	0.000000000000000000e+00
4.464612457657346489e-01	-1.118826251891435475e-01	0.000000000000000000e+00
4.464612457657346489e-01	-1.118826251891435475e-01	0.000000000000000000e+00
4.464612457657346489e-01	-1.118826251891435475e-01	0.000000000000000000e+00
4.464612457657346489e-01	-1.118826251891435475e-01	0.000000000000000000e+00
4.464612457657346489e-01	-1.118826251891435475e-01	0.000000000000000000e+00
4.464612457657346489e-01	-1.118826251891435475e-01	0.000000000000000000e+00
8.261605005990118045e-01	-4.827829020715331820e-01	0.000000000000000000e+00
8.261605005990118045e-01	-4.827829020715331820e-01	0.000000000000000000e+00
8.261605005990118045e-01	-4.827829020715331820e-01	0.000000000000000000e+00
8.261605005990118045e-01	-4.827829020715331820e-01	0.000000000000000000e+00
8.261605005990118045e-01	-4.827829020715331820e-01	0.000000000000000000e+00
8.261605005990118045e-01	-4.827829020715331820e-01	0.000000000000000000e+00
8.261605005990118045e-01	-4.827829020715331820e-01	0.000000000000000000e+00
8.261605005990118045e-01	-4.587180488671637191e-01	0.000000000000000000e+00
8.261605005990118045e-01	-4.587180488671637191e-01	0.000000000000000000e+00
8.261605005990118045e-01	-4.587180488671637191e-01	0.000000000000000000e+00
8.261605005990118045e-01	-4.587180488671637191e-01	0.000000000000000000e+00
8.261605005990118045e-01	-4.587180488671637191e-01	0.000000000000000000e+00
8.261605005990118045e-01	-4.587180488671637191e-01	0.000000000000000000e+00
8.261605005990118045e-01	-4.587180488671637191e-01	0.000000000000000000e+00
8.261605005990118045e-01	-4.587180488671637191e-01	0.000000000000000000e+00
8.261605005990118045e-01	-4.510239395420529429e-01	0.000000000000000000e+00
8.261605005990118045e-01	-4.510239395420529429e-01	0.000000000000000000e+00
8.261605005990118045e-01	-4.723674221524002403e-01	0.000000000000000000e+00
8.261605005990118045e-01	-4.723674221524002403e-01	0.000000000000000000e+00
8.261605005990118045e-01	-4.723674221524002403e-01	0.000000000000000000e+00
8.261605005990118045e-01	-4.906593973453788893e-01	0.000000000000000000e+00
8.300147111177558212e-01	-5.360476100662323606e-01	0.000000000000000000e+00
8.300147111177558212e-01	-5.360476100662323606e-01	0.000000000000000000e+00
8.300147111177558212e-01	-5.360476100662323606e-01	0.000000000000000000e+00
8.300147111177558212e-01	-5.411956973782331426e-01	0.000000000000000000e+00
8.448099434388121054e-01	-6.368135713844090828e-01	0.000000000000000000e+00
8.448099434388121054e-01	-6.368135713844090828e-01	0.000000000000000000e+00
8.448099434388121054e-01	-6.368135713844090828e-01	0.000000000000000000e+00
8.448099434388121054e-01	-6.368135713844090828e-01	0.000000000000000000e+00
8.448099434388121054e-01	-6.368135713844090828e-01	0.000000000000000000e+00
8.448099434388121054e-01	-6.368135713844090828e-01	0.000000000000000000e+00
8.448099434388121054e-01	-6.368135713844090828e-01	0.000000000000000000e+00
8.448099434388121054e-01	-6.903480240370435395e-01	0.000000000000000000e+00
8.448099434388121054e-01	-6.903480240370435395e-01	0.000000000000000000e+00
8.448099434388121054e-01	-6.903480240370435395e-01	0.000000000000000000e+00
8.448099434388121054e-01	-6.740158190843673625e-01	0.000000000000000000e+00
8.448099434388121054e-01	-6.740158190843673625e-01	0.000000000000000000e+00
8.448099434388121054e-01	-6.808096493124037307e-01	0.000000000000000000e+00
8.515009271401330349e-01	-6.965599422502901650e-01	0.000000000000000000e+00
8.515009271401330349e-01	-6.965599422502901650e-01	0.000000000000000000e+00
8.515009271401330349e-01	-7.048191655823322632e-01	0.000000000000000000e+00
8.515009271401330349e-01	-7.144167929282837504e-01	0.000000000000000000e+00
8.515009271401330349e-01	-7.144167929282837504e-01	0.000000000000000000e+00
