5.139883397527102854e-03	9.327172033967572329e-01	0.000000000000000000e+00
5.139883397527102854e-03	9.274806633436075698e-01	0.000000000000000000e+00
2.346951610090012089e-02	8.310237159910747184e-01	0.000000000000000000e+00
4.155733435248412655e-02	7.560397171181288956e-01	0.000000000000000000e+00
4.155733435248412655e-02	7.560397171181288956e-01	0.000000000000000000e+00
7.457569507771051598e-02	6.734832902545488942e-01	0.000000000000000000e+00
7.457569507771051598e-02	6.734832902545488942e-01	0.000000000000000000e+00
7.457569507771051598e-02	6.734832902545488942e-01	0.000000000000000000e+00
7.457569507771051598e-02	6.734832902545488942e-01	0.000000000000000000e+00
7.457569507771051598e-02	6.734832902545488942e-01	0.000000000000000000e+00
7.457569507771051598e-02	6.734832902545488942e-01	0.000000000000000000e+00
7.457569507771051598e-02	6.734832902545488942e-01	0.000000000000000000e+00
1.901144664906886106e-01	6.237688078454103335e-01	0.000000000000000000e+00
2.042240169520416204e-01	5.227419278477578590e-01	0.000000000000000000e+00
2.042240169520416204e-01	5.210671406091139657e-01	0.000000000000000000e+00
2.186394627934373780e-01	4.289412467740971735e-01	0.000000000000000000e+00
2.186394627934373780e-01	4.115734610470964672e-01	0.000000000000000000e+00
2.311083709514050732e-01	3.276762828224445978e-01	0.000000000000000000e+00
2.311083709514050732e-01	3.276762828224445978e-01	0.000000000000000000e+00
2.426083079612307014e-01	2.713507883617101712e-01	0.000000000000000000e+00
2.523268302117835371e-01	2.460255878809451957e-01	0.000000000000000000e+00
2.579525720613812245e-01	2.421658613980605113e-01	0.000000000000000000e+00
2.579525720613812245e-01	2.421658613980605113e-01	0.000000000000000000e+00
2.579525720613812245e-01	2.421658613980605113e-01	0.000000000000000000e+00
2.579525720613812245e-01	2.421658613980605113e-01	0.000000000000000000e+00
2.579525720613812245e-01	2.421658613980605113e-01	0.000000000000000000e+00
2.579525720613812245e-01	2.421658613980605113e-01	0.000000000000000000e+00
2.579525720613812245e-01	2.421658613980605113e-01	0.000000000000000000e+00
2.579525720613812245e-01	2.421658613980605113e-01	0.000000000000000000e+00
2.579525720613812245e-01	2.421658613980605113e-01	0.000000000000000000e+00
4.291629760554455109e-01	2.670878541393828520e-02	0.000000000000000000e+00
4.291629760554455109e-01	2.670878541393828520e-02	0.000000000000000000e+00
4.291629760554455109e-01	2.670878541393828520e-02	0.000000000000000000e+00
4.291629760554455109e-01	2.670878541393828520e-02	0.000000000000000000e+00
4.291629760554455109e-01	2.670878541393828520e-02	0.000000000000000000e+00
4.291629760554455109e-01	2.670878541393828520e-02	0.000000000000000000e+00
4.291629760554455109e-01	4.447096213767542938e-03	0.000000000000000000e+00
4.369996796835174391e-01	-3.995192890459734608e-02	0.000000000000000000e+00
4.369996796835174391e-01	-5.766724127032502034e-02	0.000000000000000000e+00
4.464612457657346489e-01	-1.118826251891435475e-01	0.000000000000000000e+00
4.464612457657346489e-01	-1.118826251891435475e-01	0.000000000000000000e+00
4.464612457657346489e-01	-1.118826251891435475e-01	0.000000000000000000e+00
4.548696952125126369e-01	-1.207419561134279590e-01	0.000000000000000000e+00
4.464612457657346489e-01	-1.118826251891435475e-01	0.000000000000000000e+00
4.464612457657346489e-01	-1.118826251891435475e-01	0.000000000000000000e+00
4.464612457657346489e-01	-1.118826251891435475e-01	0.000000000000000000e+00
4.464612457657346489e-01	-1.118826251891435475e-01	0.000000000000000000e+00
4.464612457657346489e-01	-1.118826251891435475e-01	0.000000000000000000e+00
4.464612457657346489e-01	-1.118826251891435475e-01	0.000000000000000000e+00
4.464612457657346489e-01	-1.118826251891435475e-01	0.000000000000000000e+00
4.464612457657346489e-01	-1.118826251891435475e-01	0.000000000000000000e+00
4.464612457657346489e-01	-1.118826251891435475e-01	0.000000000000000000e+00
4.464612457657346489e-01	-1.118826251891435475e-01	0.000000000000000000e+00
4.464612457657346489e-01	-1.118826251891435475e-01	0.000000000000000000e+00
4.464612457657346489e-01	-1.118826251891435475e-01	0.000000000000000000e+00
4.464612457657346489e-01	-1.118826251891435475e-01	0.000000000000000000e+00
8.234177577616276222e-01	-4.450852073329634173e-01	0.000000000000000000e+00
8.234177577616276222e-01	-4.450852073329634173e-01	0.000000000000000000e+00
8.234177577616276222e-01	-4.450852073329634173e-01	0.000000000000000000e+00
8.234177577616276222e-01	-4.450852073329634173e-01	0.000000000000000000e+00
8.234177577616276222e-01	-4.457653056989879792e-01	0.000000000000000000e+00
8.234177577616276222e-01	-4.457653056989879792e-01	0.000000000000000000e+00
8.234177577616276222e-01	-4.457653056989879792e-01	0.000000000000000000e+00
8.234177577616276222e-01	-4.457653056989879792e-01	0.000000000000000000e+00
8.234177577616276222e-01	-4.457653056989879792e-01	0.000000000000000000e+00
8.234177577616276222e-01	-4.114562930904040461e-01	0.000000000000000000e+00
8.234177577616276222e-01	-4.114562930904040461e-01	0.000000000000000000e+00
8.234177577616276222e-01	-4.369292063293646611e-01	0.000000000000000000e+00
8.234177577616276222e-01	-4.369292063293646611e-01	0.000000000000000000e+00
8.234177577616276222e-01	-4.072441677356781198e-01	0.000000000000000000e+00
8.234177577616276222e-01	-4.369292063293646611e-01	0.000000000000000000e+00
8.234177577616276222e-01	-4.369292063293646611e-01	0.000000000000000000e+00
8.300147111177558212e-01	-5.451158285380260926e-01	0.000000000000000000e+00
8.300147111177558212e-01	-5.451158285380260926e-01	0.000000000000000000e+00
8.300147111177558212e-01	-5.405543476925405155e-01	0.000000000000000000e+00
8.300147111177558212e-01	-5.405543476925405155e-01	0.000000000000000000e+00
8.300147111177558212e-01	-5.405543476925405155e-01	0.000000000000000000e+00
8.300147111177558212e-01	-5.577066961441240478e-01	0.000000000000000000e+00
8.300147111177558212e-01	-5.577066961441240478e-01	0.000000000000000000e+00
8.300147111177558212e-01	-5.577066961441240478e-01	0.000000000000000000e+00
8.300147111177558212e-01	-5.577066961441240478e-01	0.000000000000000000e+00
8.356183496573711400e-01	-6.478063090125145695e-01	0.000000000000000000e+00
8.356183496573711400e-01	-6.478063090125145695e-01	0.000000000000000000e+00
8.356183496573711400e-01	-6.438769394252084055e-01	0.000000000000000000e+00
8.356183496573711400e-01	-6.438769394252084055e-01	0.000000000000000000e+00
8.356183496573711400e-01	-6.438769394252084055e-01	0.000000000000000000e+00
8.356183496573711400e-01	-6.438769394252084055e-01	0.000000000000000000e+00
8.356183496573711400e-01	-6.438769394252084055e-01	0.000000000000000000e+00
8.356183496573711400e-01	-6.518031803111518085e-01	0.000000000000000000e+00
8.383911772320330469e-01	-6.821174165031010928e-01	0.000000000000000000e+00
8.383911772320330469e-01	-6.821174165031010928e-01	0.000000000000000000e+00
8.383911772320330469e-01	-6.821174165031010928e-01	0.000000000000000000e+00
8.422694337838511069e-01	-7.201329521435100300e-01	0.000000000000000000e+00
8.422694337838511069e-01	-7.201329521435100300e-01	0.000000000000000000e+00
8.422694337838511069e-01	-7.201329521435100300e-01	0.000000000000000000e+00
8.422694337838511069e-01	-7.201329521435100300e-01	0.000000000000000000e+00
8.422694337838511069e-01	-7.294059884663726123e-01	0.000000000000000000e+00
8.515009271401330349e-01	-7.512995877221770868e-01	0.000000000000000000e+00
8.515009271401330349e-01	-7.512995877221770868e-01	0.000000000000000000e+00
8.515009271401330349e-01	-7.534840733057982520e-01	0.000000000000000000e+00
