5.139883397527102854e-03	1.136020200762884569e+00	0.000000000000000000e+00
8.677299630351006932e-03	1.114650713483157363e+00	0.000000000000000000e+00
1.988013383979558846e-02	1.052518763930639700e+00	0.000000000000000000e+00
4.155733435248412655e-02	9.512640810486088228e-01	0.000000000000000000e+00
4.155733435248412655e-02	9.512640810486088228e-01	0.000000000000000000e+00
7.226057852803194348e-02	8.676742321453774220e-01	0.000000000000000000e+00
7.226057852803194348e-02	8.641873467531812070e-01	0.000000000000000000e+00
7.226057852803194348e-02	8.641873467531812070e-01	0.000000000000000000e+00
7.226057852803194348e-02	8.641873467531812070e-01	0.000000000000000000e+00
7.226057852803194348e-02	8.641873467531812070e-01	0.000000000000000000e+00
7.226057852803194348e-02	8.641873467531812070e-01	0.000000000000000000e+00
7.226057852803194348e-02	8.641873467531812070e-01	0.000000000000000000e+00
7.226057852803194348e-02	8.641873467531812070e-01	0.000000000000000000e+00
2.186394627934373780e-01	5.962342986767188435e-01	0.000000000000000000e+00
2.186394627934373780e-01	5.962342986767188435e-01	0.000000000000000000e+00
2.186394627934373780e-01	5.825921141254372104e-01	0.000000000000000000e+00
2.186394627934373780e-01	5.699216657620786997e-01	0.000000000000000000e+00
2.311083709514050732e-01	4.720530974710681615e-01	0.000000000000000000e+00
2.364685931406430852e-01	4.006719660332231370e-01	0.000000000000000000e+00
2.364685931406430852e-01	4.006719660332231370e-01	0.000000000000000000e+00
2.579525720613812245e-01	3.598457947357178166e-01	0.000000000000000000e+00
2.579525720613812245e-01	3.598457947357178166e-01	0.000000000000000000e+00
2.579525720613812245e-01	3.578704175124361453e-01	0.000000000000000000e+00
2.579525720613812245e-01	3.578704175124361453e-01	0.000000000000000000e+00
2.579525720613812245e-01	3.578704175124361453e-01	0.000000000000000000e+00
2.579525720613812245e-01	3.578704175124361453e-01	0.000000000000000000e+00
2.579525720613812245e-01	3.578704175124361453e-01	0.000000000000000000e+00
2.579525720613812245e-01	3.578704175124361453e-01	0.000000000000000000e+00
2.579525720613812245e-01	3.560483757293730345e-01	0.000000000000000000e+00
2.579525720613812245e-01	3.560483757293730345e-01	0.000000000000000000e+00
4.291629760554455109e-01	1.317626240938302995e-01	0.000000000000000000e+00
4.291629760554455109e-01	1.317626240938302995e-01	0.000000000000000000e+00
4.291629760554455109e-01	1.317626240938302995e-01	0.000000000000000000e+00
4.291629760554455109e-01	1.317626240938302995e-01	0.000000000000000000e+00
4.291629760554455109e-01	1.178454512891448647e-01	0.000000000000000000e+00
4.291629760554455109e-01	1.178454512891448647e-01	0.000000000000000000e+00
4.291629760554455109e-01	1.102747421956392082e-01	0.000000000000000000e+00
4.369996796835174391e-01	3.145923747278597804e-02	0.000000000000000000e+00
4.369996796835174391e-01	3.145923747278597804e-02	0.000000000000000000e+00
4.369996796835174391e-01	3.145923747278597804e-02	0.000000000000000000e+00
4.464612457657346489e-01	-6.978253840928366238e-03	0.000000000000000000e+00
4.464612457657346489e-01	-2.102506503263092130e-02	0.000000000000000000e+00
4.464612457657346489e-01	-2.102506503263092130e-02	0.000000000000000000e+00
4.464612457657346489e-01	-2.102506503263092130e-02	0.000000000000000000e+00
4.464612457657346489e-01	-2.102506503263092130e-02	0.000000000000000000e+00
4.464612457657346489e-01	-2.102506503263092130e-02	0.000000000000000000e+00
4.464612457657346489e-01	-2.102506503263092130e-02	0.000000000000000000e+00
4.464612457657346489e-01	-1.623706879979376974e-02	0.000000000000000000e+00
4.464612457657346489e-01	-1.439913938059696197e-02	0.000000000000000000e+00
4.464612457657346489e-01	-1.439913938059696197e-02	0.000000000000000000e+00
4.464612457657346489e-01	-1.439913938059696197e-02	0.000000000000000000e+00
4.464612457657346489e-01	-1.439913938059696197e-02	0.000000000000000000e+00
4.464612457657346489e-01	-1.439913938059696197e-02	0.000000000000000000e+00
4.464612457657346489e-01	-1.439913938059696197e-02	0.000000000000000000e+00
4.464612457657346489e-01	-1.439913938059696197e-02	0.000000000000000000e+00
4.464612457657346489e-01	-1.439913938059696197e-02	0.000000000000000000e+00
8.303078125957560340e-01	-4.993021028545681639e-01	0.000000000000000000e+00
8.303078125957560340e-01	-4.993021028545681639e-01	0.000000000000000000e+00
8.303078125957560340e-01	-4.993021028545681639e-01	0.000000000000000000e+00
8.303078125957560340e-01	-4.587926131883091618e-01	0.000000000000000000e+00
8.303078125957560340e-01	-4.587926131883091618e-01	0.000000000000000000e+00
8.303078125957560340e-01	-4.587926131883091618e-01	0.000000000000000000e+00
8.303078125957560340e-01	-4.587926131883091618e-01	0.000000000000000000e+00
8.303078125957560340e-01	-4.587926131883091618e-01	0.000000000000000000e+00
8.303078125957560340e-01	-4.587926131883091618e-01	0.000000000000000000e+00
8.303078125957560340e-01	-4.587926131883091618e-01	0.000000000000000000e+00
8.303078125957560340e-01	-4.587926131883091618e-01	0.000000000000000000e+00
8.303078125957560340e-01	-4.173349178796662562e-01	0.000000000000000000e+00
8.303078125957560340e-01	-4.173349178796662562e-01	0.000000000000000000e+00
8.303078125957560340e-01	-4.173349178796662562e-01	0.000000000000000000e+00
8.303078125957560340e-01	-4.173349178796662562e-01	0.000000000000000000e+00
8.303078125957560340e-01	-4.173349178796662562e-01	0.000000000000000000e+00
8.303078125957560340e-01	-4.117440114652659022e-01	0.000000000000000000e+00
8.303078125957560340e-01	-4.117440114652659022e-01	0.000000000000000000e+00
8.303078125957560340e-01	-4.117440114652659022e-01	0.000000000000000000e+00
8.303078125957560340e-01	-4.117440114652659022e-01	0.000000000000000000e+00
8.303078125957560340e-01	-4.117440114652659022e-01	0.000000000000000000e+00
8.303078125957560340e-01	-4.189719130360288757e-01	0.000000000000000000e+00
8.303078125957560340e-01	-4.687691314379027752e-01	0.000000000000000000e+00
8.303078125957560340e-01	-4.687691314379027752e-01	0.000000000000000000e+00
8.303078125957560340e-01	-4.687691314379027752e-01	0.000000000000000000e+00
8.303078125957560340e-01	-4.687691314379027752e-01	0.000000000000000000e+00
8.303078125957560340e-01	-4.687691314379027752e-01	0.000000000000000000e+00
8.448099434388121054e-01	-6.377211712603990668e-01	0.000000000000000000e+00
8.448099434388121054e-01	-6.530809539739708125e-01	0.000000000000000000e+00
8.448099434388121054e-01	-6.530809539739708125e-01	0.000000000000000000e+00
8.448099434388121054e-01	-6.331641053935925800e-01	0.000000000000000000e+00
8.448099434388121054e-01	-6.331641053935925800e-01	0.000000000000000000e+00
8.448099434388121054e-01	-6.331641053935925800e-01	0.000000000000000000e+00
8.448099434388121054e-01	-6.331641053935925800e-01	0.000000000000000000e+00
8.448099434388121054e-01	-6.331641053935925800e-01	0.000000000000000000e+00
8.448099434388121054e-01	-6.331641053935925800e-01	0.000000000000000000e+00
8.448099434388121054e-01	-6.331641053935925800e-01	0.000000000000000000e+00
8.448099434388121054e-01	-6.331641053935925800e-01	0.000000000000000000e+00
8.448099434388121054e-01	-6.309684734874827505e-01	0.000000000000000000e+00
8.448099434388121054e-01	-6.309684734874827505e-01	0.000000000000000000e+00
8.448099434388121054e-01	-6.309684734874827505e-01	0.000000000000000000e+00
8.448099434388121054e-01	-6.491953926347264758e-01	0.000000000000000000e+00
8.448099434388121054e-01	-6.309684734874827505e-01	0.000000000000000000e+00
8.448099434388121054e-01	-6.309684734874827505e-01	0.000000000000000000e+00
