5.139883397527102854e-03	9.459039457994637967e-01	0.000000000000000000e+00
5.139883397527102854e-03	9.459039457994637967e-01	0.000000000000000000e+00
1.988013383979558846e-02	8.651428625566358610e-01	0.000000000000000000e+00
4.155733435248412655e-02	7.732089053710984317e-01	0.000000000000000000e+00
4.155733435248412655e-02	7.732089053710984317e-01	0.000000000000000000e+00
7.457569507771051598e-02	6.899918838266121401e-01	0.000000000000000000e+00
7.457569507771051598e-02	6.899918838266121401e-01	0.000000000000000000e+00
7.457569507771051598e-02	6.899918838266121401e-01	0.000000000000000000e+00
7.457569507771051598e-02	6.899918838266121401e-01	0.000000000000000000e+00
7.457569507771051598e-02	6.899918838266121401e-01	0.000000000000000000e+00
7.457569507771051598e-02	6.899918838266121401e-01	0.000000000000000000e+00
7.457569507771051598e-02	6.899918838266121401e-01	0.000000000000000000e+00
7.457569507771051598e-02	6.899918838266121401e-01	0.000000000000000000e+00
2.042240169520416204e-01	5.449435887547331436e-01	0.000000000000000000e+00
2.042240169520416204e-01	5.363165872728694605e-01	0.000000000000000000e+00
2.186394627934373780e-01	4.354631216241182656e-01	0.000000000000000000e+00
2.186394627934373780e-01	4.269216835384817554e-01	0.000000000000000000e+00
2.311083709514050732e-01	3.427288006737403969e-01	0.000000000000000000e+00
2.311083709514050732e-01	3.356385902871321103e-01	0.000000000000000000e+00
2.426083079612307014e-01	2.867166020764772560e-01	0.000000000000000000e+00
2.426083079612307014e-01	2.867166020764772560e-01	0.000000000000000000e+00
2.579525720613812245e-01	2.480294901327139145e-01	0.000000000000000000e+00
2.579525720613812245e-01	2.480294901327139145e-01	0.000000000000000000e+00
2.579525720613812245e-01	2.480294901327139145e-01	0.000000000000000000e+00
2.579525720613812245e-01	2.480294901327139145e-01	0.000000000000000000e+00
2.579525720613812245e-01	2.480294901327139145e-01	0.000000000000000000e+00
2.579525720613812245e-01	2.480294901327139145e-01	0.000000000000000000e+00
2.579525720613812245e-01	2.480294901327139145e-01	0.000000000000000000e+00
2.579525720613812245e-01	2.480294901327139145e-01	0.000000000000000000e+00
2.579525720613812245e-01	2.514328303475368287e-01	0.000000000000000000e+00
2.579525720613812245e-01	2.514328303475368287e-01	0.000000000000000000e+00
4.291629760554455109e-01	1.246623394705728000e-02	0.000000000000000000e+00
4.291629760554455109e-01	1.246623394705728000e-02	0.000000000000000000e+00
4.291629760554455109e-01	1.246623394705728000e-02	0.000000000000000000e+00
4.291629760554455109e-01	1.246623394705728000e-02	0.000000000000000000e+00
4.291629760554455109e-01	4.447096213767542938e-03	0.000000000000000000e+00
4.291629760554455109e-01	4.447096213767542938e-03	0.000000000000000000e+00
4.291629760554455109e-01	4.447096213767542938e-03	0.000000000000000000e+00
4.369996796835174391e-01	-6.116691297906094033e-02	0.000000000000000000e+00
4.369996796835174391e-01	-6.116691297906094033e-02	0.000000000000000000e+00
4.464612457657346489e-01	-1.118826251891435475e-01	0.000000000000000000e+00
4.464612457657346489e-01	-1.118826251891435475e-01	0.000000000000000000e+00
4.464612457657346489e-01	-1.118826251891435475e-01	0.000000000000000000e+00
4.464612457657346489e-01	-1.118826251891435475e-01	0.000000000000000000e+00
4.464612457657346489e-01	-1.118826251891435475e-01	0.000000000000000000e+00
4.464612457657346489e-01	-1.118826251891435475e-01	0.000000000000000000e+00
4.464612457657346489e-01	-1.118826251891435475e-01	0.000000000000000000e+00
4.464612457657346489e-01	-1.118826251891435475e-01	0.000000000000000000e+00
4.464612457657346489e-01	-1.118826251891435475e-01	0.000000000000000000e+00
4.464612457657346489e-01	-1.118826251891435475e-01	0.000000000000000000e+00
4.464612457657346489e-01	-1.118826251891435475e-01	0.000000000000000000e+00
4.464612457657346489e-01	-1.118826251891435475e-01	0.000000000000000000e+00
4.464612457657346489e-01	-1.118826251891435475e-01	0.000000000000000000e+00
4.464612457657346489e-01	-1.118826251891435475e-01	0.000000000000000000e+00
4.464612457657346489e-01	-1.118826251891435475e-01	0.000000000000000000e+00
4.464612457657346489e-01	-1.118826251891435475e-01	0.000000000000000000e+00
4.464612457657346489e-01	-1.118826251891435475e-01	0.000000000000000000e+00
8.261605005990118045e-01	-4.493582927783344450e-01	0.000000000000000000e+00
8.261605005990118045e-01	-4.493582927783344450e-01	0.000000000000000000e+00
8.261605005990118045e-01	-4.493582927783344450e-01	0.000000000000000000e+00
8.261605005990118045e-01	-4.493582927783344450e-01	0.000000000000000000e+00
8.261605005990118045e-01	-4.493582927783344450e-01	0.000000000000000000e+00
8.261605005990118045e-01	-4.493582927783344450e-01	0.000000000000000000e+00
8.261605005990118045e-01	-4.493582927783344450e-01	0.000000000000000000e+00
8.234177577616276222e-01	-3.923685261011833902e-01	0.000000000000000000e+00
8.234177577616276222e-01	-3.923685261011833902e-01	0.000000000000000000e+00
8.234177577616276222e-01	-3.923685261011833902e-01	0.000000000000000000e+00
8.234177577616276222e-01	-3.923685261011833902e-01	0.000000000000000000e+00
8.234177577616276222e-01	-3.923685261011833902e-01	0.000000000000000000e+00
8.234177577616276222e-01	-3.923685261011833902e-01	0.000000000000000000e+00
8.234177577616276222e-01	-3.923685261011833902e-01	0.000000000000000000e+00
8.234177577616276222e-01	-4.155442405707406861e-01	0.000000000000000000e+00
8.261605005990118045e-01	-4.550033722754595611e-01	0.000000000000000000e+00
8.261605005990118045e-01	-4.550033722754595611e-01	0.000000000000000000e+00
8.261605005990118045e-01	-4.550033722754595611e-01	0.000000000000000000e+00
8.261605005990118045e-01	-4.718699835183216562e-01	0.000000000000000000e+00
8.261605005990118045e-01	-4.718699835183216562e-01	0.000000000000000000e+00
8.261605005990118045e-01	-4.906593973453788893e-01	0.000000000000000000e+00
8.300147111177558212e-01	-5.226584550509486560e-01	0.000000000000000000e+00
8.300147111177558212e-01	-5.226584550509486560e-01	0.000000000000000000e+00
8.448099434388121054e-01	-6.876707449476062717e-01	0.000000000000000000e+00
8.448099434388121054e-01	-6.876707449476062717e-01	0.000000000000000000e+00
8.448099434388121054e-01	-6.876707449476062717e-01	0.000000000000000000e+00
8.448099434388121054e-01	-6.876707449476062717e-01	0.000000000000000000e+00
8.448099434388121054e-01	-6.876707449476062717e-01	0.000000000000000000e+00
8.448099434388121054e-01	-6.876707449476062717e-01	0.000000000000000000e+00
8.448099434388121054e-01	-6.876707449476062717e-01	0.000000000000000000e+00
8.448099434388121054e-01	-7.044909930259115605e-01	0.000000000000000000e+00
8.448099434388121054e-01	-7.044909930259115605e-01	0.000000000000000000e+00
8.448099434388121054e-01	-7.044909930259115605e-01	0.000000000000000000e+00
8.448099434388121054e-01	-7.044909930259115605e-01	0.000000000000000000e+00
8.448099434388121054e-01	-7.053092569675709633e-01	0.000000000000000000e+00
8.448099434388121054e-01	-7.053092569675709633e-01	0.000000000000000000e+00
8.448099434388121054e-01	-7.053092569675709633e-01	0.000000000000000000e+00
8.448099434388121054e-01	-7.053092569675709633e-01	0.000000000000000000e+00
8.448099434388121054e-01	-7.053092569675709633e-01	0.000000000000000000e+00
8.448099434388121054e-01	-7.053092569675709633e-01	0.000000000000000000e+00
8.515009271401330349e-01	-7.294400132015785854e-01	0.000000000000000000e+00
8.515009271401330349e-01	-7.294400132015785854e-01	0.000000000000000000e+00
8.515009271401330349e-01	-7.294400132015785854e-01	0.000000000000000000e+00
