5.139883397527102854e-03	9.720496955003624651e-01	0.000000000000000000e+00
5.139883397527102854e-03	9.511991973688331825e-01	0.000000000000000000e+00
1.988013383979558846e-02	8.764947586691573811e-01	0.000000000000000000e+00
4.155733435248412655e-02	7.821751610334928273e-01	0.000000000000000000e+00
4.155733435248412655e-02	7.821751610334928273e-01	0.000000000000000000e+00
7.457569507771051598e-02	6.942487662048478780e-01	0.000000000000000000e+00
7.457569507771051598e-02	6.942487662048478780e-01	0.000000000000000000e+00
7.457569507771051598e-02	6.942487662048478780e-01	0.000000000000000000e+00
7.457569507771051598e-02	6.942487662048478780e-01	0.000000000000000000e+00
7.457569507771051598e-02	6.942487662048478780e-01	0.000000000000000000e+00
7.457569507771051598e-02	6.942487662048478780e-01	0.000000000000000000e+00
7.457569507771051598e-02	6.947402616113733664e-01	0.000000000000000000e+00
7.457569507771051598e-02	6.947402616113733664e-01	0.000000000000000000e+00
7.457569507771051598e-02	6.947402616113733664e-01	0.000000000000000000e+00
2.186394627934373780e-01	4.368359074493543548e-01	0.000000000000000000e+00
2.186394627934373780e-01	4.368359074493543548e-01	0.000000000000000000e+00
2.186394627934373780e-01	4.339054304140649854e-01	0.000000000000000000e+00
2.311083709514050732e-01	3.478872048943414397e-01	0.000000000000000000e+00
2.311083709514050732e-01	3.427288006737403969e-01	0.000000000000000000e+00
2.426083079612307014e-01	2.914058798955512231e-01	0.000000000000000000e+00
2.426083079612307014e-01	2.872100917630653338e-01	0.000000000000000000e+00
2.579525720613812245e-01	2.578649155827528738e-01	0.000000000000000000e+00
2.579525720613812245e-01	2.578649155827528738e-01	0.000000000000000000e+00
2.579525720613812245e-01	2.578649155827528738e-01	0.000000000000000000e+00
2.579525720613812245e-01	2.578649155827528738e-01	0.000000000000000000e+00
2.579525720613812245e-01	2.578649155827528738e-01	0.000000000000000000e+00
2.579525720613812245e-01	2.578649155827528738e-01	0.000000000000000000e+00
2.579525720613812245e-01	2.578649155827528738e-01	0.000000000000000000e+00
2.579525720613812245e-01	2.578649155827528738e-01	0.000000000000000000e+00
2.579525720613812245e-01	2.578649155827528738e-01	0.000000000000000000e+00
2.579525720613812245e-01	2.578649155827528738e-01	0.000000000000000000e+00
4.291629760554455109e-01	2.444743537058017419e-02	0.000000000000000000e+00
4.291629760554455109e-01	2.444743537058017419e-02	0.000000000000000000e+00
4.291629760554455109e-01	2.444743537058017419e-02	0.000000000000000000e+00
4.291629760554455109e-01	1.329329262693450774e-02	0.000000000000000000e+00
4.291629760554455109e-01	1.329329262693450774e-02	0.000000000000000000e+00
4.291629760554455109e-01	1.329329262693450774e-02	0.000000000000000000e+00
4.291629760554455109e-01	1.329329262693450774e-02	0.000000000000000000e+00
4.369996796835174391e-01	-4.507422421135531820e-02	0.000000000000000000e+00
4.369996796835174391e-01	-4.507422421135531820e-02	0.000000000000000000e+00
4.369996796835174391e-01	-4.845079792649258782e-02	0.000000000000000000e+00
4.464612457657346489e-01	-1.009120489486520778e-01	0.000000000000000000e+00
4.464612457657346489e-01	-1.114297616367799504e-01	0.000000000000000000e+00
4.464612457657346489e-01	-1.114297616367799504e-01	0.000000000000000000e+00
4.464612457657346489e-01	-1.114297616367799504e-01	0.000000000000000000e+00
4.464612457657346489e-01	-1.114297616367799504e-01	0.000000000000000000e+00
4.464612457657346489e-01	-1.114297616367799504e-01	0.000000000000000000e+00
4.464612457657346489e-01	-1.114297616367799504e-01	0.000000000000000000e+00
4.464612457657346489e-01	-1.114297616367799504e-01	0.000000000000000000e+00
4.464612457657346489e-01	-1.114297616367799504e-01	0.000000000000000000e+00
4.464612457657346489e-01	-1.114297616367799504e-01	0.000000000000000000e+00
4.464612457657346489e-01	-1.114297616367799504e-01	0.000000000000000000e+00
4.464612457657346489e-01	-1.114297616367799504e-01	0.000000000000000000e+00
4.464612457657346489e-01	-1.114297616367799504e-01	0.000000000000000000e+00
4.464612457657346489e-01	-1.114297616367799504e-01	0.000000000000000000e+00
4.464612457657346489e-01	-1.114297616367799504e-01	0.000000000000000000e+00
4.464612457657346489e-01	-1.114297616367799504e-01	0.000000000000000000e+00
4.612831561129188129e-01	-1.113344920905784963e-01	0.000000000000000000e+00
8.261605005990118045e-01	-4.945508154069874207e-01	0.000000000000000000e+00
8.261605005990118045e-01	-4.945508154069874207e-01	0.000000000000000000e+00
8.261605005990118045e-01	-4.839263322448684734e-01	0.000000000000000000e+00
8.261605005990118045e-01	-4.839263322448684734e-01	0.000000000000000000e+00
8.261605005990118045e-01	-4.794559682617083873e-01	0.000000000000000000e+00
8.261605005990118045e-01	-4.794559682617083873e-01	0.000000000000000000e+00
8.261605005990118045e-01	-4.794559682617083873e-01	0.000000000000000000e+00
8.261605005990118045e-01	-4.794559682617083873e-01	0.000000000000000000e+00
8.261605005990118045e-01	-4.794559682617083873e-01	0.000000000000000000e+00
8.261605005990118045e-01	-4.787195380262517230e-01	0.000000000000000000e+00
8.261605005990118045e-01	-4.787195380262517230e-01	0.000000000000000000e+00
8.261605005990118045e-01	-4.787195380262517230e-01	0.000000000000000000e+00
8.261605005990118045e-01	-4.787195380262517230e-01	0.000000000000000000e+00
8.261605005990118045e-01	-4.787195380262517230e-01	0.000000000000000000e+00
8.261605005990118045e-01	-4.787195380262517230e-01	0.000000000000000000e+00
8.261605005990118045e-01	-4.787195380262517230e-01	0.000000000000000000e+00
8.261605005990118045e-01	-4.787195380262517230e-01	0.000000000000000000e+00
8.300147111177558212e-01	-5.115022491332819055e-01	0.000000000000000000e+00
8.300147111177558212e-01	-5.115022491332819055e-01	0.000000000000000000e+00
8.300147111177558212e-01	-5.115022491332819055e-01	0.000000000000000000e+00
8.300147111177558212e-01	-5.115022491332819055e-01	0.000000000000000000e+00
8.300147111177558212e-01	-5.115022491332819055e-01	0.000000000000000000e+00
8.300147111177558212e-01	-5.115022491332819055e-01	0.000000000000000000e+00
8.300147111177558212e-01	-5.201590957358430689e-01	0.000000000000000000e+00
8.300147111177558212e-01	-5.306755303797725531e-01	0.000000000000000000e+00
8.448099434388121054e-01	-6.699516587518429267e-01	0.000000000000000000e+00
8.448099434388121054e-01	-6.699516587518429267e-01	0.000000000000000000e+00
8.448099434388121054e-01	-6.699516587518429267e-01	0.000000000000000000e+00
8.448099434388121054e-01	-6.699516587518429267e-01	0.000000000000000000e+00
8.448099434388121054e-01	-6.699516587518429267e-01	0.000000000000000000e+00
8.448099434388121054e-01	-6.699516587518429267e-01	0.000000000000000000e+00
8.448099434388121054e-01	-6.732890421306707562e-01	0.000000000000000000e+00
8.448099434388121054e-01	-6.732890421306707562e-01	0.000000000000000000e+00
8.448099434388121054e-01	-6.732890421306707562e-01	0.000000000000000000e+00
8.448099434388121054e-01	-6.707917136499697008e-01	0.000000000000000000e+00
8.448099434388121054e-01	-6.707917136499697008e-01	0.000000000000000000e+00
8.448099434388121054e-01	-6.707917136499697008e-01	0.000000000000000000e+00
8.448099434388121054e-01	-6.707917136499697008e-01	0.000000000000000000e+00
8.448099434388121054e-01	-6.796068954727728650e-01	0.000000000000000000e+00
8.448099434388121054e-01	-6.870046672286926892e-01	0.000000000000000000e+00
8.515009271401330349e-01	-7.010540302518208922e-01	0.000000000000000000e+00
8.515009271401330349e-01	-6.909084186094702762e-01	0.000000000000000000e+00
