5.139883397527102854e-03	9.511991973688331825e-01	0.000000000000000000e+00
5.139883397527102854e-03	9.511991973688331825e-01	0.000000000000000000e+00
1.988013383979558846e-02	8.814715743320685748e-01	0.000000000000000000e+00
4.155733435248412655e-02	7.832949491070831938e-01	0.000000000000000000e+00
4.155733435248412655e-02	7.832949491070831938e-01	0.000000000000000000e+00
7.457569507771051598e-02	6.947402616113733664e-01	0.000000000000000000e+00
7.457569507771051598e-02	6.947402616113733664e-01	0.000000000000000000e+00
7.457569507771051598e-02	6.947402616113733664e-01	0.000000000000000000e+00
7.457569507771051598e-02	6.947402616113733664e-01	0.000000000000000000e+00
7.457569507771051598e-02	6.947402616113733664e-01	0.000000000000000000e+00
7.457569507771051598e-02	6.947402616113733664e-01	0.000000000000000000e+00
7.457569507771051598e-02	6.947402616113733664e-01	0.000000000000000000e+00
7.457569507771051598e-02	6.947402616113733664e-01	0.000000000000000000e+00
7.457569507771051598e-02	6.947402616113733664e-01	0.000000000000000000e+00
2.186394627934373780e-01	4.339054304140649854e-01	0.000000000000000000e+00
2.186394627934373780e-01	4.339054304140649854e-01	0.000000000000000000e+00
2.186394627934373780e-01	4.339054304140649854e-01	0.000000000000000000e+00
2.311083709514050732e-01	3.602654550777193432e-01	0.000000000000000000e+00
2.311083709514050732e-01	3.427288006737403969e-01	0.000000000000000000e+00
2.426083079612307014e-01	2.872100917630653338e-01	0.000000000000000000e+00
2.426083079612307014e-01	2.872100917630653338e-01	0.000000000000000000e+00
2.579525720613812245e-01	2.578649155827528738e-01	0.000000000000000000e+00
2.579525720613812245e-01	2.578649155827528738e-01	0.000000000000000000e+00
2.579525720613812245e-01	2.578649155827528738e-01	0.000000000000000000e+00
2.579525720613812245e-01	2.578649155827528738e-01	0.000000000000000000e+00
2.579525720613812245e-01	2.578649155827528738e-01	0.000000000000000000e+00
2.579525720613812245e-01	2.578649155827528738e-01	0.000000000000000000e+00
2.579525720613812245e-01	2.578649155827528738e-01	0.000000000000000000e+00
2.579525720613812245e-01	2.578649155827528738e-01	0.000000000000000000e+00
2.579525720613812245e-01	2.578649155827528738e-01	0.000000000000000000e+00
2.579525720613812245e-01	2.578649155827528738e-01	0.000000000000000000e+00
4.291629760554455109e-01	4.224938081928447664e-02	0.000000000000000000e+00
4.291629760554455109e-01	4.224938081928447664e-02	0.000000000000000000e+00
4.291629760554455109e-01	4.224938081928447664e-02	0.000000000000000000e+00
4.291629760554455109e-01	4.224938081928447664e-02	0.000000000000000000e+00
4.291629760554455109e-01	4.224938081928447664e-02	0.000000000000000000e+00
4.291629760554455109e-01	4.224938081928447664e-02	0.000000000000000000e+00
4.291629760554455109e-01	1.979350738508267940e-02	0.000000000000000000e+00
4.369996796835174391e-01	-4.845079792649258782e-02	0.000000000000000000e+00
4.369996796835174391e-01	-4.845079792649258782e-02	0.000000000000000000e+00
4.464612457657346489e-01	-1.000575373687750957e-01	0.000000000000000000e+00
4.464612457657346489e-01	-1.000575373687750957e-01	0.000000000000000000e+00
4.464612457657346489e-01	-1.000575373687750957e-01	0.000000000000000000e+00
4.464612457657346489e-01	-1.114297616367799504e-01	0.000000000000000000e+00
4.464612457657346489e-01	-1.114297616367799504e-01	0.000000000000000000e+00
4.464612457657346489e-01	-1.114297616367799504e-01	0.000000000000000000e+00
4.464612457657346489e-01	-1.114297616367799504e-01	0.000000000000000000e+00
4.464612457657346489e-01	-1.114297616367799504e-01	0.000000000000000000e+00
4.464612457657346489e-01	-1.114297616367799504e-01	0.000000000000000000e+00
4.464612457657346489e-01	-1.114297616367799504e-01	0.000000000000000000e+00
4.464612457657346489e-01	-1.114297616367799504e-01	0.000000000000000000e+00
4.464612457657346489e-01	-1.114297616367799504e-01	0.000000000000000000e+00
4.464612457657346489e-01	-1.114297616367799504e-01	0.000000000000000000e+00
4.464612457657346489e-01	-1.114297616367799504e-01	0.000000000000000000e+00
4.464612457657346489e-01	-1.114297616367799504e-01	0.000000000000000000e+00
4.464612457657346489e-01	-1.114297616367799504e-01	0.000000000000000000e+00
4.464612457657346489e-01	-1.114297616367799504e-01	0.000000000000000000e+00
4.612831561129188129e-01	-1.113344920905784963e-01	0.000000000000000000e+00
8.300147111177558212e-01	-4.531703453568552420e-01	0.000000000000000000e+00
8.261605005990118045e-01	-3.947960310682621099e-01	0.000000000000000000e+00
8.261605005990118045e-01	-3.947960310682621099e-01	0.000000000000000000e+00
8.261605005990118045e-01	-3.947960310682621099e-01	0.000000000000000000e+00
8.261605005990118045e-01	-3.947960310682621099e-01	0.000000000000000000e+00
8.261605005990118045e-01	-3.947960310682621099e-01	0.000000000000000000e+00
8.261605005990118045e-01	-3.947960310682621099e-01	0.000000000000000000e+00
8.261605005990118045e-01	-3.947960310682621099e-01	0.000000000000000000e+00
8.261605005990118045e-01	-3.947960310682621099e-01	0.000000000000000000e+00
8.261605005990118045e-01	-3.983179374416597751e-01	0.000000000000000000e+00
8.261605005990118045e-01	-3.983179374416597751e-01	0.000000000000000000e+00
8.261605005990118045e-01	-3.983179374416597751e-01	0.000000000000000000e+00
8.261605005990118045e-01	-3.983179374416597751e-01	0.000000000000000000e+00
8.261605005990118045e-01	-3.983179374416597751e-01	0.000000000000000000e+00
8.261605005990118045e-01	-3.983179374416597751e-01	0.000000000000000000e+00
8.261605005990118045e-01	-4.161730557911107464e-01	0.000000000000000000e+00
8.261605005990118045e-01	-4.254210452236347195e-01	0.000000000000000000e+00
8.300147111177558212e-01	-4.943319000283867837e-01	0.000000000000000000e+00
8.300147111177558212e-01	-4.943319000283867837e-01	0.000000000000000000e+00
8.300147111177558212e-01	-5.062972789482624858e-01	0.000000000000000000e+00
8.300147111177558212e-01	-5.062972789482624858e-01	0.000000000000000000e+00
8.300147111177558212e-01	-5.062972789482624858e-01	0.000000000000000000e+00
8.300147111177558212e-01	-5.062972789482624858e-01	0.000000000000000000e+00
8.300147111177558212e-01	-5.201590957358430689e-01	0.000000000000000000e+00
8.300147111177558212e-01	-5.306755303797725531e-01	0.000000000000000000e+00
8.448099434388121054e-01	-6.928646395113601253e-01	0.000000000000000000e+00
8.448099434388121054e-01	-6.928646395113601253e-01	0.000000000000000000e+00
8.448099434388121054e-01	-6.928646395113601253e-01	0.000000000000000000e+00
8.448099434388121054e-01	-6.932725823915540930e-01	0.000000000000000000e+00
8.448099434388121054e-01	-6.932725823915540930e-01	0.000000000000000000e+00
8.448099434388121054e-01	-6.932725823915540930e-01	0.000000000000000000e+00
8.448099434388121054e-01	-6.932725823915540930e-01	0.000000000000000000e+00
8.448099434388121054e-01	-6.932725823915540930e-01	0.000000000000000000e+00
8.448099434388121054e-01	-6.932725823915540930e-01	0.000000000000000000e+00
8.448099434388121054e-01	-6.841999880167524140e-01	0.000000000000000000e+00
8.448099434388121054e-01	-6.841999880167524140e-01	0.000000000000000000e+00
8.448099434388121054e-01	-6.841999880167524140e-01	0.000000000000000000e+00
8.448099434388121054e-01	-6.841999880167524140e-01	0.000000000000000000e+00
8.448099434388121054e-01	-6.841999880167524140e-01	0.000000000000000000e+00
8.448099434388121054e-01	-6.841999880167524140e-01	0.000000000000000000e+00
8.515009271401330349e-01	-6.870309338723500359e-01	0.000000000000000000e+00
8.515009271401330349e-01	-6.870309338723500359e-01	0.000000000000000000e+00
