5.139883397527102854e-03	1.456561145449524641e+00	0.000000000000000000e+00
8.677299630351006932e-03	1.296434721871578599e+00	0.000000000000000000e+00
1.988013383979558846e-02	1.242985201532935013e+00	0.000000000000000000e+00
1.988013383979558846e-02	1.242985201532935013e+00	0.000000000000000000e+00
6.827854179620834740e-02	9.800412019506596906e-01	0.000000000000000000e+00
6.827854179620834740e-02	9.800412019506596906e-01	0.000000000000000000e+00
6.827854179620834740e-02	9.800412019506596906e-01	0.000000000000000000e+00
6.827854179620834740e-02	9.800412019506596906e-01	0.000000000000000000e+00
6.827854179620834740e-02	9.717684480375580192e-01	0.000000000000000000e+00
6.827854179620834740e-02	9.717684480375580192e-01	0.000000000000000000e+00
6.827854179620834740e-02	9.717684480375580192e-01	0.000000000000000000e+00
6.827854179620834740e-02	9.717684480375580192e-01	0.000000000000000000e+00
6.827854179620834740e-02	9.717684480375580192e-01	0.000000000000000000e+00
6.827854179620834740e-02	9.717684480375580192e-01	0.000000000000000000e+00
2.186394627934373780e-01	6.764597563319959539e-01	0.000000000000000000e+00
2.186394627934373780e-01	6.764597563319959539e-01	0.000000000000000000e+00
2.186394627934373780e-01	6.764597563319959539e-01	0.000000000000000000e+00
2.311083709514050732e-01	5.650159608063817229e-01	0.000000000000000000e+00
2.311083709514050732e-01	5.650159608063817229e-01	0.000000000000000000e+00
2.311083709514050732e-01	5.650159608063817229e-01	0.000000000000000000e+00
2.579525720613812245e-01	5.000945368194341656e-01	0.000000000000000000e+00
2.579525720613812245e-01	5.000945368194341656e-01	0.000000000000000000e+00
2.579525720613812245e-01	4.845046288189591710e-01	0.000000000000000000e+00
2.579525720613812245e-01	4.845046288189591710e-01	0.000000000000000000e+00
2.579525720613812245e-01	5.000945368194341656e-01	0.000000000000000000e+00
2.579525720613812245e-01	5.000945368194341656e-01	0.000000000000000000e+00
2.579525720613812245e-01	5.000945368194341656e-01	0.000000000000000000e+00
2.579525720613812245e-01	5.081446846096359105e-01	0.000000000000000000e+00
2.579525720613812245e-01	5.081446846096359105e-01	0.000000000000000000e+00
2.579525720613812245e-01	5.081446846096359105e-01	0.000000000000000000e+00
2.579525720613812245e-01	5.081446846096359105e-01	0.000000000000000000e+00
4.291629760554455109e-01	2.838146134054168046e-01	0.000000000000000000e+00
4.291629760554455109e-01	2.859647803982346415e-01	0.000000000000000000e+00
4.291629760554455109e-01	2.859647803982346415e-01	0.000000000000000000e+00
4.291629760554455109e-01	2.859647803982346415e-01	0.000000000000000000e+00
4.291629760554455109e-01	2.859647803982346415e-01	0.000000000000000000e+00
4.291629760554455109e-01	2.859647803982346415e-01	0.000000000000000000e+00
4.291629760554455109e-01	2.570043562171781537e-01	0.000000000000000000e+00
4.291629760554455109e-01	2.346579897670529047e-01	0.000000000000000000e+00
4.291629760554455109e-01	2.346579897670529047e-01	0.000000000000000000e+00
4.424152761633303732e-01	9.974837879533259011e-02	0.000000000000000000e+00
4.424152761633303732e-01	9.974837879533259011e-02	0.000000000000000000e+00
4.424152761633303732e-01	9.974837879533259011e-02	0.000000000000000000e+00
4.424152761633303732e-01	9.974837879533259011e-02	0.000000000000000000e+00
4.464612457657346489e-01	7.307785245694323195e-02	0.000000000000000000e+00
4.464612457657346489e-01	7.307785245694323195e-02	0.000000000000000000e+00
4.464612457657346489e-01	7.307785245694323195e-02	0.000000000000000000e+00
4.464612457657346489e-01	6.234797325404766583e-02	0.000000000000000000e+00
4.464612457657346489e-01	6.234797325404766583e-02	0.000000000000000000e+00
4.464612457657346489e-01	6.234797325404766583e-02	0.000000000000000000e+00
4.464612457657346489e-01	5.958769893038536047e-02	0.000000000000000000e+00
4.464612457657346489e-01	5.958769893038536047e-02	0.000000000000000000e+00
4.464612457657346489e-01	5.802035753167638504e-02	0.000000000000000000e+00
4.464612457657346489e-01	5.802035753167638504e-02	0.000000000000000000e+00
4.464612457657346489e-01	5.802035753167638504e-02	0.000000000000000000e+00
4.464612457657346489e-01	5.802035753167638504e-02	0.000000000000000000e+00
4.464612457657346489e-01	5.802035753167638504e-02	0.000000000000000000e+00
4.464612457657346489e-01	5.802035753167638504e-02	0.000000000000000000e+00
4.464612457657346489e-01	5.802035753167638504e-02	0.000000000000000000e+00
4.464612457657346489e-01	5.802035753167638504e-02	0.000000000000000000e+00
4.464612457657346489e-01	5.802035753167638504e-02	0.000000000000000000e+00
4.464612457657346489e-01	5.802035753167638504e-02	0.000000000000000000e+00
8.125073041746717628e-01	2.470837321876525466e-02	0.000000000000000000e+00
8.303078125957560340e-01	-3.144955354199025499e-01	0.000000000000000000e+00
8.303078125957560340e-01	-3.144955354199025499e-01	0.000000000000000000e+00
8.303078125957560340e-01	-3.144955354199025499e-01	0.000000000000000000e+00
8.303078125957560340e-01	-3.144955354199025499e-01	0.000000000000000000e+00
8.303078125957560340e-01	-2.699264467894720854e-01	0.000000000000000000e+00
8.303078125957560340e-01	-2.699264467894720854e-01	0.000000000000000000e+00
8.303078125957560340e-01	-2.870878404326437372e-01	0.000000000000000000e+00
8.303078125957560340e-01	-2.870878404326437372e-01	0.000000000000000000e+00
8.303078125957560340e-01	-2.621054952856037290e-01	0.000000000000000000e+00
8.303078125957560340e-01	-2.621054952856037290e-01	0.000000000000000000e+00
8.303078125957560340e-01	-2.621054952856037290e-01	0.000000000000000000e+00
8.303078125957560340e-01	-2.621054952856037290e-01	0.000000000000000000e+00
8.303078125957560340e-01	-2.621054952856037290e-01	0.000000000000000000e+00
8.303078125957560340e-01	-2.621054952856037290e-01	0.000000000000000000e+00
8.303078125957560340e-01	-2.621054952856037290e-01	0.000000000000000000e+00
8.303078125957560340e-01	-2.621054952856037290e-01	0.000000000000000000e+00
8.303078125957560340e-01	-2.859540516131082177e-01	0.000000000000000000e+00
8.303078125957560340e-01	-2.859540516131082177e-01	0.000000000000000000e+00
8.303078125957560340e-01	-2.859540516131082177e-01	0.000000000000000000e+00
8.303078125957560340e-01	-2.926173750405612894e-01	0.000000000000000000e+00
8.448099434388121054e-01	-4.547886418426787536e-01	0.000000000000000000e+00
8.448099434388121054e-01	-4.547886418426787536e-01	0.000000000000000000e+00
8.448099434388121054e-01	-4.547886418426787536e-01	0.000000000000000000e+00
8.448099434388121054e-01	-4.297125697546584355e-01	0.000000000000000000e+00
8.448099434388121054e-01	-4.297125697546584355e-01	0.000000000000000000e+00
8.448099434388121054e-01	-4.297125697546584355e-01	0.000000000000000000e+00
8.448099434388121054e-01	-4.297125697546584355e-01	0.000000000000000000e+00
8.448099434388121054e-01	-4.297125697546584355e-01	0.000000000000000000e+00
8.448099434388121054e-01	-4.297125697546584355e-01	0.000000000000000000e+00
8.448099434388121054e-01	-4.297125697546584355e-01	0.000000000000000000e+00
8.448099434388121054e-01	-4.297125697546584355e-01	0.000000000000000000e+00
8.448099434388121054e-01	-4.297125697546584355e-01	0.000000000000000000e+00
8.448099434388121054e-01	-4.297125697546584355e-01	0.000000000000000000e+00
8.448099434388121054e-01	-4.628760966202441485e-01	0.000000000000000000e+00
8.448099434388121054e-01	-4.628760966202441485e-01	0.000000000000000000e+00
8.448099434388121054e-01	-4.628760966202441485e-01	0.000000000000000000e+00
8.448099434388121054e-01	-4.628760966202441485e-01	0.000000000000000000e+00
