5.139883397527102854e-03	9.459039457994637967e-01	0.000000000000000000e+00
5.139883397527102854e-03	9.459039457994637967e-01	0.000000000000000000e+00
1.988013383979558846e-02	8.651453601998579934e-01	0.000000000000000000e+00
4.155733435248412655e-02	7.735039912682556418e-01	0.000000000000000000e+00
4.155733435248412655e-02	7.735039912682556418e-01	0.000000000000000000e+00
7.457569507771051598e-02	6.899918838266121401e-01	0.000000000000000000e+00
7.457569507771051598e-02	6.899918838266121401e-01	0.000000000000000000e+00
7.457569507771051598e-02	6.899918838266121401e-01	0.000000000000000000e+00
7.457569507771051598e-02	6.899918838266121401e-01	0.000000000000000000e+00
7.457569507771051598e-02	6.899918838266121401e-01	0.000000000000000000e+00
7.457569507771051598e-02	6.902757162420669612e-01	0.000000000000000000e+00
7.457569507771051598e-02	6.907670391982918545e-01	0.000000000000000000e+00
7.457569507771051598e-02	6.907670391982918545e-01	0.000000000000000000e+00
2.042240169520416204e-01	5.449435887547331436e-01	0.000000000000000000e+00
2.042240169520416204e-01	5.363165872728694605e-01	0.000000000000000000e+00
2.186394627934373780e-01	4.269216835384817554e-01	0.000000000000000000e+00
2.186394627934373780e-01	4.269216835384817554e-01	0.000000000000000000e+00
2.311083709514050732e-01	3.444471891656931684e-01	0.000000000000000000e+00
2.311083709514050732e-01	3.427288006737403969e-01	0.000000000000000000e+00
2.426083079612307014e-01	2.905102829436658207e-01	0.000000000000000000e+00
2.426083079612307014e-01	2.872100917630653338e-01	0.000000000000000000e+00
2.579525720613812245e-01	2.569510853143408546e-01	0.000000000000000000e+00
2.579525720613812245e-01	2.569510853143408546e-01	0.000000000000000000e+00
2.579525720613812245e-01	2.569510853143408546e-01	0.000000000000000000e+00
2.579525720613812245e-01	2.569510853143408546e-01	0.000000000000000000e+00
2.579525720613812245e-01	2.569510853143408546e-01	0.000000000000000000e+00
2.579525720613812245e-01	2.514328303475368287e-01	0.000000000000000000e+00
2.579525720613812245e-01	2.514328303475368287e-01	0.000000000000000000e+00
2.579525720613812245e-01	2.514328303475368287e-01	0.000000000000000000e+00
2.579525720613812245e-01	2.514328303475368287e-01	0.000000000000000000e+00
2.579525720613812245e-01	2.514328303475368287e-01	0.000000000000000000e+00
4.291629760554455109e-01	1.280353878006839849e-02	0.000000000000000000e+00
4.291629760554455109e-01	1.280353878006839849e-02	0.000000000000000000e+00
4.291629760554455109e-01	1.280353878006839849e-02	0.000000000000000000e+00
4.291629760554455109e-01	2.037266234894741582e-02	0.000000000000000000e+00
4.291629760554455109e-01	2.037266234894741582e-02	0.000000000000000000e+00
4.291629760554455109e-01	2.037266234894741582e-02	0.000000000000000000e+00
4.291629760554455109e-01	4.447096213767542938e-03	0.000000000000000000e+00
4.369996796835174391e-01	-5.344944620571256272e-02	0.000000000000000000e+00
4.369996796835174391e-01	-5.344944620571256272e-02	0.000000000000000000e+00
4.464612457657346489e-01	-1.118826251891435475e-01	0.000000000000000000e+00
4.464612457657346489e-01	-1.118826251891435475e-01	0.000000000000000000e+00
4.464612457657346489e-01	-1.118826251891435475e-01	0.000000000000000000e+00
4.464612457657346489e-01	-1.118826251891435475e-01	0.000000000000000000e+00
4.464612457657346489e-01	-1.118826251891435475e-01	0.000000000000000000e+00
4.464612457657346489e-01	-1.118826251891435475e-01	0.000000000000000000e+00
4.464612457657346489e-01	-1.118826251891435475e-01	0.000000000000000000e+00
4.464612457657346489e-01	-1.118826251891435475e-01	0.000000000000000000e+00
4.464612457657346489e-01	-1.118826251891435475e-01	0.000000000000000000e+00
4.464612457657346489e-01	-1.118826251891435475e-01	0.000000000000000000e+00
4.464612457657346489e-01	-1.118826251891435475e-01	0.000000000000000000e+00
4.464612457657346489e-01	-1.118826251891435475e-01	0.000000000000000000e+00
4.464612457657346489e-01	-1.118826251891435475e-01	0.000000000000000000e+00
4.464612457657346489e-01	-1.118826251891435475e-01	0.000000000000000000e+00
4.464612457657346489e-01	-1.118826251891435475e-01	0.000000000000000000e+00
4.464612457657346489e-01	-1.118826251891435475e-01	0.000000000000000000e+00
4.464612457657346489e-01	-1.118826251891435475e-01	0.000000000000000000e+00
8.261605005990118045e-01	-4.814828502086128670e-01	0.000000000000000000e+00
8.261605005990118045e-01	-4.814828502086128670e-01	0.000000000000000000e+00
8.261605005990118045e-01	-4.814828502086128670e-01	0.000000000000000000e+00
8.261605005990118045e-01	-4.814828502086128670e-01	0.000000000000000000e+00
8.261605005990118045e-01	-4.354238646516935818e-01	0.000000000000000000e+00
8.261605005990118045e-01	-4.354238646516935818e-01	0.000000000000000000e+00
8.261605005990118045e-01	-4.354238646516935818e-01	0.000000000000000000e+00
8.261605005990118045e-01	-4.354238646516935818e-01	0.000000000000000000e+00
8.261605005990118045e-01	-4.354238646516935818e-01	0.000000000000000000e+00
8.261605005990118045e-01	-4.354238646516935818e-01	0.000000000000000000e+00
8.261605005990118045e-01	-4.354238646516935818e-01	0.000000000000000000e+00
8.261605005990118045e-01	-4.354238646516935818e-01	0.000000000000000000e+00
8.261605005990118045e-01	-4.388690234877434260e-01	0.000000000000000000e+00
8.261605005990118045e-01	-4.467451874786735333e-01	0.000000000000000000e+00
8.261605005990118045e-01	-4.467451874786735333e-01	0.000000000000000000e+00
8.261605005990118045e-01	-4.664253699305532797e-01	0.000000000000000000e+00
8.261605005990118045e-01	-4.664253699305532797e-01	0.000000000000000000e+00
8.261605005990118045e-01	-4.664253699305532797e-01	0.000000000000000000e+00
8.261605005990118045e-01	-4.664253699305532797e-01	0.000000000000000000e+00
8.261605005990118045e-01	-4.793531518648702083e-01	0.000000000000000000e+00
8.261605005990118045e-01	-4.906593973453788893e-01	0.000000000000000000e+00
8.300147111177558212e-01	-5.153906964714229932e-01	0.000000000000000000e+00
8.300147111177558212e-01	-5.153906964714229932e-01	0.000000000000000000e+00
8.300147111177558212e-01	-5.248101806140859082e-01	0.000000000000000000e+00
8.300147111177558212e-01	-5.411956973782331426e-01	0.000000000000000000e+00
8.448099434388121054e-01	-6.763659981020648804e-01	0.000000000000000000e+00
8.448099434388121054e-01	-6.763659981020648804e-01	0.000000000000000000e+00
8.448099434388121054e-01	-6.763659981020648804e-01	0.000000000000000000e+00
8.448099434388121054e-01	-6.763659981020648804e-01	0.000000000000000000e+00
8.448099434388121054e-01	-6.763659981020648804e-01	0.000000000000000000e+00
8.448099434388121054e-01	-6.763659981020648804e-01	0.000000000000000000e+00
8.448099434388121054e-01	-6.763659981020648804e-01	0.000000000000000000e+00
8.448099434388121054e-01	-6.957903954661178725e-01	0.000000000000000000e+00
8.448099434388121054e-01	-7.080080073290233589e-01	0.000000000000000000e+00
8.448099434388121054e-01	-7.080080073290233589e-01	0.000000000000000000e+00
8.448099434388121054e-01	-7.080080073290233589e-01	0.000000000000000000e+00
8.448099434388121054e-01	-7.080080073290233589e-01	0.000000000000000000e+00
8.448099434388121054e-01	-7.080080073290233589e-01	0.000000000000000000e+00
8.448099434388121054e-01	-7.080080073290233589e-01	0.000000000000000000e+00
8.448099434388121054e-01	-7.080080073290233589e-01	0.000000000000000000e+00
8.448099434388121054e-01	-7.080080073290233589e-01	0.000000000000000000e+00
8.515009271401330349e-01	-7.175796413226799286e-01	0.000000000000000000e+00
8.515009271401330349e-01	-7.175796413226799286e-01	0.000000000000000000e+00
