1.988013383979558846e-02	4.299901938079882413e+00	0.000000000000000000e+00
1.988013383979558846e-02	4.299901938079882413e+00	0.000000000000000000e+00
1.988013383979558846e-02	4.299901938079882413e+00	0.000000000000000000e+00
1.988013383979558846e-02	4.299901938079882413e+00	0.000000000000000000e+00
1.988013383979558846e-02	4.299901938079882413e+00	0.000000000000000000e+00
1.988013383979558846e-02	4.299901938079882413e+00	0.000000000000000000e+00
1.988013383979558846e-02	4.299901938079882413e+00	0.000000000000000000e+00
1.988013383979558846e-02	4.299901938079882413e+00	0.000000000000000000e+00
1.023344288278258407e-01	5.031126023605998476e+00	0.000000000000000000e+00
2.954822856554970567e-01	4.141072088454480493e+00	0.000000000000000000e+00
2.954822856554970567e-01	4.141072088454480493e+00	0.000000000000000000e+00
2.954822856554970567e-01	4.141072088454480493e+00	0.000000000000000000e+00
2.954822856554970567e-01	3.507870199252729915e+00	0.000000000000000000e+00
2.954822856554970567e-01	3.507870199252729915e+00	0.000000000000000000e+00
2.954822856554970567e-01	3.507870199252729915e+00	0.000000000000000000e+00
2.954822856554970567e-01	3.507870199252729915e+00	0.000000000000000000e+00
2.954822856554970567e-01	3.296864218017494075e+00	0.000000000000000000e+00
2.954822856554970567e-01	3.296864218017494075e+00	0.000000000000000000e+00
2.954822856554970567e-01	2.811652268078483452e+00	0.000000000000000000e+00
2.954822856554970567e-01	2.854460580860907370e+00	0.000000000000000000e+00
2.954822856554970567e-01	2.854460580860907370e+00	0.000000000000000000e+00
2.954822856554970567e-01	2.854460580860907370e+00	0.000000000000000000e+00
2.954822856554970567e-01	2.854460580860907370e+00	0.000000000000000000e+00
2.954822856554970567e-01	2.854460580860907370e+00	0.000000000000000000e+00
2.954822856554970567e-01	2.811652268078483452e+00	0.000000000000000000e+00
2.954822856554970567e-01	2.811652268078483452e+00	0.000000000000000000e+00
2.954822856554970567e-01	2.854460580860907370e+00	0.000000000000000000e+00
4.778620044322211546e-01	2.345001836291070507e+00	0.000000000000000000e+00
4.778620044322211546e-01	2.345001836291070507e+00	0.000000000000000000e+00
4.778620044322211546e-01	2.345001836291070507e+00	0.000000000000000000e+00
4.778620044322211546e-01	2.345001836291070507e+00	0.000000000000000000e+00
4.778620044322211546e-01	2.345001836291070507e+00	0.000000000000000000e+00
7.703407380730841192e-01	3.233232123560749738e+00	0.000000000000000000e+00
7.703407380730841192e-01	3.233232123560749738e+00	0.000000000000000000e+00
7.703407380730841192e-01	3.233232123560749738e+00	0.000000000000000000e+00
7.703407380730841192e-01	3.233232123560749738e+00	0.000000000000000000e+00
7.703407380730841192e-01	3.233232123560749738e+00	0.000000000000000000e+00
7.703407380730841192e-01	3.138870109289708665e+00	0.000000000000000000e+00
7.703407380730841192e-01	3.138870109289708665e+00	0.000000000000000000e+00
7.703407380730841192e-01	3.138870109289708665e+00	0.000000000000000000e+00
8.125073041746717628e-01	2.178763408655422396e+00	0.000000000000000000e+00
8.125073041746717628e-01	2.178763408655422396e+00	0.000000000000000000e+00
7.703407380730841192e-01	3.146291734938619467e+00	0.000000000000000000e+00
2.846239689687354302e-01	3.149809117797764291e+00	0.000000000000000000e+00
2.846239689687354302e-01	3.149809117797764291e+00	0.000000000000000000e+00
2.846239689687354302e-01	3.149809117797764291e+00	0.000000000000000000e+00
2.846239689687354302e-01	3.149809117797764291e+00	0.000000000000000000e+00
2.846239689687354302e-01	3.149809117797764291e+00	0.000000000000000000e+00
2.846239689687354302e-01	3.469192548354665284e+00	0.000000000000000000e+00
8.460545992364693069e-01	2.470394063516139216e+00	0.000000000000000000e+00
8.460545992364693069e-01	2.470394063516139216e+00	0.000000000000000000e+00
8.460545992364693069e-01	2.470394063516139216e+00	0.000000000000000000e+00
8.460545992364693069e-01	2.470394063516139216e+00	0.000000000000000000e+00
8.460545992364693069e-01	2.470394063516139216e+00	0.000000000000000000e+00
8.460545992364693069e-01	2.545743746526374807e+00	0.000000000000000000e+00
8.460545992364693069e-01	2.545743746526374807e+00	0.000000000000000000e+00
8.460545992364693069e-01	2.545743746526374807e+00	0.000000000000000000e+00
8.460545992364693069e-01	2.528854213367017323e+00	0.000000000000000000e+00
8.460545992364693069e-01	2.528854213367017323e+00	0.000000000000000000e+00
6.538401991962549120e-01	2.323322532367277038e+00	0.000000000000000000e+00
6.538401991962549120e-01	2.323322532367277038e+00	0.000000000000000000e+00
6.538401991962549120e-01	2.323322532367277038e+00	0.000000000000000000e+00
6.538401991962549120e-01	2.323322532367277038e+00	0.000000000000000000e+00
6.538401991962549120e-01	2.323322532367277038e+00	0.000000000000000000e+00
6.538401991962549120e-01	2.158160975017456185e+00	0.000000000000000000e+00
6.538401991962549120e-01	2.158160975017456185e+00	0.000000000000000000e+00
6.538401991962549120e-01	2.158160975017456185e+00	0.000000000000000000e+00
6.538401991962549120e-01	2.158160975017456185e+00	0.000000000000000000e+00
6.538401991962549120e-01	2.158160975017456185e+00	0.000000000000000000e+00
6.538401991962549120e-01	2.158160975017456185e+00	0.000000000000000000e+00
6.538401991962549120e-01	2.158160975017456185e+00	0.000000000000000000e+00
6.538401991962549120e-01	2.158160975017456185e+00	0.000000000000000000e+00
6.538401991962549120e-01	1.967842175910851754e+00	0.000000000000000000e+00
6.538401991962549120e-01	1.967842175910851754e+00	0.000000000000000000e+00
6.538401991962549120e-01	1.967842175910851754e+00	0.000000000000000000e+00
6.538401991962549120e-01	1.967842175910851754e+00	0.000000000000000000e+00
6.538401991962549120e-01	1.967842175910851754e+00	0.000000000000000000e+00
8.577386145114406224e-01	2.027578784005179546e+00	0.000000000000000000e+00
8.577386145114406224e-01	2.027578784005179546e+00	0.000000000000000000e+00
8.577386145114406224e-01	2.027578784005179546e+00	0.000000000000000000e+00
8.577386145114406224e-01	2.027578784005179546e+00	0.000000000000000000e+00
8.577386145114406224e-01	2.027578784005179546e+00	0.000000000000000000e+00
8.577386145114406224e-01	2.081351783795722721e+00	0.000000000000000000e+00
8.577386145114406224e-01	2.025895388350440030e+00	0.000000000000000000e+00
8.577386145114406224e-01	2.025895388350440030e+00	0.000000000000000000e+00
8.577386145114406224e-01	2.025895388350440030e+00	0.000000000000000000e+00
8.577386145114406224e-01	2.025895388350440030e+00	0.000000000000000000e+00
8.577386145114406224e-01	2.025895388350440030e+00	0.000000000000000000e+00
8.577386145114406224e-01	2.025895388350440030e+00	0.000000000000000000e+00
8.577386145114406224e-01	2.025895388350440030e+00	0.000000000000000000e+00
8.577386145114406224e-01	2.025895388350440030e+00	0.000000000000000000e+00
8.577386145114406224e-01	2.099577184320215117e+00	0.000000000000000000e+00
8.593733283008569979e-01	2.040409082218759718e+00	0.000000000000000000e+00
8.577386145114406224e-01	2.075243944033887455e+00	0.000000000000000000e+00
8.577386145114406224e-01	2.075243944033887455e+00	0.000000000000000000e+00
8.577386145114406224e-01	2.075243944033887455e+00	0.000000000000000000e+00
8.577386145114406224e-01	2.075243944033887455e+00	0.000000000000000000e+00
8.577386145114406224e-01	2.075243944033887455e+00	0.000000000000000000e+00
8.577386145114406224e-01	2.075243944033887455e+00	0.000000000000000000e+00
8.577386145114406224e-01	2.075243944033887455e+00	0.000000000000000000e+00
