5.139883397527102854e-03	9.682803997124447282e-01	0.000000000000000000e+00
5.139883397527102854e-03	9.459039457994637967e-01	0.000000000000000000e+00
1.988013383979558846e-02	8.651428625566358610e-01	0.000000000000000000e+00
4.155733435248412655e-02	7.648371155748561190e-01	0.000000000000000000e+00
4.155733435248412655e-02	7.648371155748561190e-01	0.000000000000000000e+00
7.457569507771051598e-02	6.819425273994246250e-01	0.000000000000000000e+00
7.457569507771051598e-02	6.819425273994246250e-01	0.000000000000000000e+00
7.457569507771051598e-02	6.819425273994246250e-01	0.000000000000000000e+00
7.457569507771051598e-02	6.819425273994246250e-01	0.000000000000000000e+00
7.457569507771051598e-02	6.819425273994246250e-01	0.000000000000000000e+00
7.457569507771051598e-02	6.819425273994246250e-01	0.000000000000000000e+00
7.457569507771051598e-02	6.819425273994246250e-01	0.000000000000000000e+00
7.457569507771051598e-02	6.819425273994246250e-01	0.000000000000000000e+00
2.042240169520416204e-01	5.447884095916819547e-01	0.000000000000000000e+00
2.042240169520416204e-01	5.358755908453385342e-01	0.000000000000000000e+00
2.186394627934373780e-01	4.313950842447201728e-01	0.000000000000000000e+00
2.186394627934373780e-01	4.143623145261661200e-01	0.000000000000000000e+00
2.311083709514050732e-01	3.281928659719683949e-01	0.000000000000000000e+00
2.311083709514050732e-01	3.281928659719683949e-01	0.000000000000000000e+00
2.426083079612307014e-01	2.779592791864333168e-01	0.000000000000000000e+00
2.426083079612307014e-01	2.718633548673793365e-01	0.000000000000000000e+00
2.579525720613812245e-01	2.430464050121570185e-01	0.000000000000000000e+00
2.579525720613812245e-01	2.430464050121570185e-01	0.000000000000000000e+00
2.579525720613812245e-01	2.430464050121570185e-01	0.000000000000000000e+00
2.579525720613812245e-01	2.430464050121570185e-01	0.000000000000000000e+00
2.579525720613812245e-01	2.430464050121570185e-01	0.000000000000000000e+00
2.579525720613812245e-01	2.430464050121570185e-01	0.000000000000000000e+00
2.579525720613812245e-01	2.430464050121570185e-01	0.000000000000000000e+00
2.579525720613812245e-01	2.430464050121570185e-01	0.000000000000000000e+00
2.579525720613812245e-01	2.430464050121570185e-01	0.000000000000000000e+00
2.579525720613812245e-01	2.430464050121570185e-01	0.000000000000000000e+00
4.291629760554455109e-01	8.636302348463714695e-03	0.000000000000000000e+00
4.291629760554455109e-01	8.636302348463714695e-03	0.000000000000000000e+00
4.291629760554455109e-01	8.636302348463714695e-03	0.000000000000000000e+00
4.291629760554455109e-01	4.801812912039506338e-03	0.000000000000000000e+00
4.291629760554455109e-01	4.801812912039506338e-03	0.000000000000000000e+00
4.291629760554455109e-01	4.801812912039506338e-03	0.000000000000000000e+00
4.369996796835174391e-01	-6.211624392250447713e-02	0.000000000000000000e+00
4.369996796835174391e-01	-6.211624392250447713e-02	0.000000000000000000e+00
4.369996796835174391e-01	-6.211624392250447713e-02	0.000000000000000000e+00
4.464612457657346489e-01	-1.118826251891435475e-01	0.000000000000000000e+00
4.464612457657346489e-01	-1.073496376728619445e-01	0.000000000000000000e+00
4.464612457657346489e-01	-1.118826251891435475e-01	0.000000000000000000e+00
4.464612457657346489e-01	-1.118826251891435475e-01	0.000000000000000000e+00
4.464612457657346489e-01	-1.118826251891435475e-01	0.000000000000000000e+00
4.464612457657346489e-01	-1.118826251891435475e-01	0.000000000000000000e+00
4.464612457657346489e-01	-1.118826251891435475e-01	0.000000000000000000e+00
4.464612457657346489e-01	-1.118826251891435475e-01	0.000000000000000000e+00
4.464612457657346489e-01	-1.118826251891435475e-01	0.000000000000000000e+00
4.464612457657346489e-01	-1.118826251891435475e-01	0.000000000000000000e+00
4.464612457657346489e-01	-1.118826251891435475e-01	0.000000000000000000e+00
4.464612457657346489e-01	-1.118826251891435475e-01	0.000000000000000000e+00
4.464612457657346489e-01	-1.118826251891435475e-01	0.000000000000000000e+00
4.464612457657346489e-01	-1.118826251891435475e-01	0.000000000000000000e+00
4.464612457657346489e-01	-1.118826251891435475e-01	0.000000000000000000e+00
4.464612457657346489e-01	-1.118826251891435475e-01	0.000000000000000000e+00
4.464612457657346489e-01	-1.118826251891435475e-01	0.000000000000000000e+00
8.234177577616276222e-01	-4.237083072690215335e-01	0.000000000000000000e+00
8.234177577616276222e-01	-4.237083072690215335e-01	0.000000000000000000e+00
8.234177577616276222e-01	-3.906973337297327542e-01	0.000000000000000000e+00
8.234177577616276222e-01	-3.906973337297327542e-01	0.000000000000000000e+00
8.234177577616276222e-01	-3.906973337297327542e-01	0.000000000000000000e+00
8.234177577616276222e-01	-3.906973337297327542e-01	0.000000000000000000e+00
8.234177577616276222e-01	-3.906973337297327542e-01	0.000000000000000000e+00
8.234177577616276222e-01	-3.906973337297327542e-01	0.000000000000000000e+00
8.234177577616276222e-01	-3.906973337297327542e-01	0.000000000000000000e+00
8.234177577616276222e-01	-3.906973337297327542e-01	0.000000000000000000e+00
8.234177577616276222e-01	-4.070455770007761487e-01	0.000000000000000000e+00
8.234177577616276222e-01	-4.070455770007761487e-01	0.000000000000000000e+00
8.234177577616276222e-01	-4.070455770007761487e-01	0.000000000000000000e+00
8.234177577616276222e-01	-4.070455770007761487e-01	0.000000000000000000e+00
8.234177577616276222e-01	-4.070455770007761487e-01	0.000000000000000000e+00
8.261605005990118045e-01	-4.716498232700575555e-01	0.000000000000000000e+00
8.261605005990118045e-01	-4.716498232700575555e-01	0.000000000000000000e+00
8.261605005990118045e-01	-4.716498232700575555e-01	0.000000000000000000e+00
8.261605005990118045e-01	-4.716498232700575555e-01	0.000000000000000000e+00
8.300147111177558212e-01	-5.256623403453118959e-01	0.000000000000000000e+00
8.300147111177558212e-01	-5.256623403453118959e-01	0.000000000000000000e+00
8.300147111177558212e-01	-5.256623403453118959e-01	0.000000000000000000e+00
8.300147111177558212e-01	-5.256623403453118959e-01	0.000000000000000000e+00
8.300147111177558212e-01	-5.399389931721244595e-01	0.000000000000000000e+00
8.422694337838511069e-01	-6.793102169904947640e-01	0.000000000000000000e+00
8.422694337838511069e-01	-6.793102169904947640e-01	0.000000000000000000e+00
8.422694337838511069e-01	-6.793102169904947640e-01	0.000000000000000000e+00
8.422694337838511069e-01	-6.793102169904947640e-01	0.000000000000000000e+00
8.422694337838511069e-01	-6.793102169904947640e-01	0.000000000000000000e+00
8.422694337838511069e-01	-6.793102169904947640e-01	0.000000000000000000e+00
8.422694337838511069e-01	-6.721657440628842073e-01	0.000000000000000000e+00
8.422694337838511069e-01	-6.721657440628842073e-01	0.000000000000000000e+00
8.422694337838511069e-01	-6.721657440628842073e-01	0.000000000000000000e+00
8.422694337838511069e-01	-6.721657440628842073e-01	0.000000000000000000e+00
8.422694337838511069e-01	-6.741636400055670553e-01	0.000000000000000000e+00
8.422694337838511069e-01	-6.896275236268841757e-01	0.000000000000000000e+00
8.422694337838511069e-01	-6.896275236268841757e-01	0.000000000000000000e+00
8.422694337838511069e-01	-6.896275236268841757e-01	0.000000000000000000e+00
8.448099434388121054e-01	-7.011729172232332719e-01	0.000000000000000000e+00
8.448099434388121054e-01	-7.051055398941048491e-01	0.000000000000000000e+00
8.515009271401330349e-01	-7.216180180748886785e-01	0.000000000000000000e+00
8.515009271401330349e-01	-7.312805872846686039e-01	0.000000000000000000e+00
8.515009271401330349e-01	-7.312805872846686039e-01	0.000000000000000000e+00
