5.139883397527102854e-03	1.179903226647148307e+00	0.000000000000000000e+00
8.677299630351006932e-03	1.114650713483157363e+00	0.000000000000000000e+00
1.988013383979558846e-02	1.052518763930639700e+00	0.000000000000000000e+00
1.988013383979558846e-02	1.052518763930639700e+00	0.000000000000000000e+00
6.827854179620834740e-02	8.780983016684883458e-01	0.000000000000000000e+00
7.226057852803194348e-02	8.676742321453774220e-01	0.000000000000000000e+00
7.226057852803194348e-02	8.676742321453774220e-01	0.000000000000000000e+00
7.226057852803194348e-02	8.676742321453774220e-01	0.000000000000000000e+00
7.226057852803194348e-02	8.676742321453774220e-01	0.000000000000000000e+00
7.226057852803194348e-02	8.676742321453774220e-01	0.000000000000000000e+00
7.226057852803194348e-02	8.676742321453774220e-01	0.000000000000000000e+00
7.226057852803194348e-02	8.676742321453774220e-01	0.000000000000000000e+00
7.226057852803194348e-02	8.676742321453774220e-01	0.000000000000000000e+00
2.186394627934373780e-01	5.825921141254372104e-01	0.000000000000000000e+00
2.186394627934373780e-01	5.825921141254372104e-01	0.000000000000000000e+00
2.186394627934373780e-01	5.825921141254372104e-01	0.000000000000000000e+00
2.186394627934373780e-01	5.699216657620786997e-01	0.000000000000000000e+00
2.311083709514050732e-01	4.833704215326919962e-01	0.000000000000000000e+00
2.364685931406430852e-01	4.713058218404792554e-01	0.000000000000000000e+00
2.364685931406430852e-01	4.713058218404792554e-01	0.000000000000000000e+00
2.579525720613812245e-01	3.877792499971123297e-01	0.000000000000000000e+00
2.579525720613812245e-01	3.844796762085095354e-01	0.000000000000000000e+00
2.579525720613812245e-01	3.742151383169268208e-01	0.000000000000000000e+00
2.579525720613812245e-01	3.742151383169268208e-01	0.000000000000000000e+00
2.579525720613812245e-01	3.742151383169268208e-01	0.000000000000000000e+00
2.579525720613812245e-01	3.742151383169268208e-01	0.000000000000000000e+00
2.579525720613812245e-01	3.633560531107827840e-01	0.000000000000000000e+00
2.579525720613812245e-01	3.633560531107827840e-01	0.000000000000000000e+00
2.579525720613812245e-01	3.633560531107827840e-01	0.000000000000000000e+00
2.579525720613812245e-01	3.633560531107827840e-01	0.000000000000000000e+00
2.579525720613812245e-01	3.633560531107827840e-01	0.000000000000000000e+00
4.291629760554455109e-01	1.226008629634361968e-01	0.000000000000000000e+00
4.291629760554455109e-01	1.226008629634361968e-01	0.000000000000000000e+00
4.291629760554455109e-01	1.226008629634361968e-01	0.000000000000000000e+00
4.291629760554455109e-01	1.226008629634361968e-01	0.000000000000000000e+00
4.291629760554455109e-01	1.277964566177136330e-01	0.000000000000000000e+00
4.291629760554455109e-01	1.277964566177136330e-01	0.000000000000000000e+00
4.291629760554455109e-01	1.047136543915517387e-01	0.000000000000000000e+00
4.464612457657346489e-01	2.547862418788514847e-03	0.000000000000000000e+00
4.464612457657346489e-01	-2.174424266681811071e-03	0.000000000000000000e+00
4.464612457657346489e-01	-2.174424266681811071e-03	0.000000000000000000e+00
4.464612457657346489e-01	-2.174424266681811071e-03	0.000000000000000000e+00
4.464612457657346489e-01	-3.455429812622160847e-03	0.000000000000000000e+00
4.464612457657346489e-01	-3.455429812622160847e-03	0.000000000000000000e+00
4.464612457657346489e-01	-3.455429812622160847e-03	0.000000000000000000e+00
4.464612457657346489e-01	-3.455429812622160847e-03	0.000000000000000000e+00
4.464612457657346489e-01	-3.455429812622160847e-03	0.000000000000000000e+00
4.464612457657346489e-01	-3.455429812622160847e-03	0.000000000000000000e+00
4.464612457657346489e-01	-3.455429812622160847e-03	0.000000000000000000e+00
4.464612457657346489e-01	-3.455429812622160847e-03	0.000000000000000000e+00
4.464612457657346489e-01	-2.960064042317789995e-03	0.000000000000000000e+00
4.464612457657346489e-01	-2.960064042317789995e-03	0.000000000000000000e+00
4.464612457657346489e-01	-2.960064042317789995e-03	0.000000000000000000e+00
4.464612457657346489e-01	-2.960064042317789995e-03	0.000000000000000000e+00
4.464612457657346489e-01	-2.960064042317789995e-03	0.000000000000000000e+00
4.464612457657346489e-01	-2.960064042317789995e-03	0.000000000000000000e+00
4.464612457657346489e-01	-2.960064042317789995e-03	0.000000000000000000e+00
8.303078125957560340e-01	-4.506481407746624757e-01	0.000000000000000000e+00
8.303078125957560340e-01	-4.506481407746624757e-01	0.000000000000000000e+00
8.303078125957560340e-01	-4.623178339610451992e-01	0.000000000000000000e+00
8.303078125957560340e-01	-4.623178339610451992e-01	0.000000000000000000e+00
8.303078125957560340e-01	-4.623178339610451992e-01	0.000000000000000000e+00
8.303078125957560340e-01	-4.640584462407985056e-01	0.000000000000000000e+00
8.303078125957560340e-01	-4.640584462407985056e-01	0.000000000000000000e+00
8.303078125957560340e-01	-4.728352443838640395e-01	0.000000000000000000e+00
8.303078125957560340e-01	-4.728352443838640395e-01	0.000000000000000000e+00
8.303078125957560340e-01	-4.728352443838640395e-01	0.000000000000000000e+00
8.303078125957560340e-01	-4.728352443838640395e-01	0.000000000000000000e+00
8.303078125957560340e-01	-4.728352443838640395e-01	0.000000000000000000e+00
8.303078125957560340e-01	-4.728352443838640395e-01	0.000000000000000000e+00
8.303078125957560340e-01	-4.728352443838640395e-01	0.000000000000000000e+00
8.303078125957560340e-01	-4.728352443838640395e-01	0.000000000000000000e+00
8.303078125957560340e-01	-4.557070350895205402e-01	0.000000000000000000e+00
8.303078125957560340e-01	-4.557070350895205402e-01	0.000000000000000000e+00
8.303078125957560340e-01	-4.557070350895205402e-01	0.000000000000000000e+00
8.303078125957560340e-01	-4.557070350895205402e-01	0.000000000000000000e+00
8.303078125957560340e-01	-4.557070350895205402e-01	0.000000000000000000e+00
8.303078125957560340e-01	-4.627780478380738027e-01	0.000000000000000000e+00
8.303078125957560340e-01	-4.627780478380738027e-01	0.000000000000000000e+00
8.303078125957560340e-01	-4.627780478380738027e-01	0.000000000000000000e+00
8.303078125957560340e-01	-4.627780478380738027e-01	0.000000000000000000e+00
8.303078125957560340e-01	-4.627780478380738027e-01	0.000000000000000000e+00
8.303078125957560340e-01	-4.627780478380738027e-01	0.000000000000000000e+00
8.303078125957560340e-01	-4.627780478380738027e-01	0.000000000000000000e+00
8.303078125957560340e-01	-4.627780478380738027e-01	0.000000000000000000e+00
8.448099434388121054e-01	-6.050495015479201433e-01	0.000000000000000000e+00
8.448099434388121054e-01	-5.974515802400328646e-01	0.000000000000000000e+00
8.448099434388121054e-01	-5.974515802400328646e-01	0.000000000000000000e+00
8.448099434388121054e-01	-5.974515802400328646e-01	0.000000000000000000e+00
8.448099434388121054e-01	-5.974515802400328646e-01	0.000000000000000000e+00
8.448099434388121054e-01	-5.974515802400328646e-01	0.000000000000000000e+00
8.448099434388121054e-01	-5.974515802400328646e-01	0.000000000000000000e+00
8.448099434388121054e-01	-5.974515802400328646e-01	0.000000000000000000e+00
8.448099434388121054e-01	-5.974515802400328646e-01	0.000000000000000000e+00
8.448099434388121054e-01	-5.864270483691760294e-01	0.000000000000000000e+00
8.448099434388121054e-01	-5.864270483691760294e-01	0.000000000000000000e+00
8.448099434388121054e-01	-5.928780748948890844e-01	0.000000000000000000e+00
8.448099434388121054e-01	-5.928780748948890844e-01	0.000000000000000000e+00
8.448099434388121054e-01	-5.931352751711955751e-01	0.000000000000000000e+00
8.448099434388121054e-01	-5.928780748948890844e-01	0.000000000000000000e+00
