5.139883397527102854e-03	9.359125672917393279e-01	0.000000000000000000e+00
5.139883397527102854e-03	9.274806633436075698e-01	0.000000000000000000e+00
2.346951610090012089e-02	8.310237159910747184e-01	0.000000000000000000e+00
4.155733435248412655e-02	7.560397171181288956e-01	0.000000000000000000e+00
4.155733435248412655e-02	7.560397171181288956e-01	0.000000000000000000e+00
7.457569507771051598e-02	6.734832902545488942e-01	0.000000000000000000e+00
9.055506746235392201e-02	6.725992422384985403e-01	0.000000000000000000e+00
9.055506746235392201e-02	6.725992422384985403e-01	0.000000000000000000e+00
9.055506746235392201e-02	6.725992422384985403e-01	0.000000000000000000e+00
9.055506746235392201e-02	6.725992422384985403e-01	0.000000000000000000e+00
9.055506746235392201e-02	6.725992422384985403e-01	0.000000000000000000e+00
9.055506746235392201e-02	6.725992422384985403e-01	0.000000000000000000e+00
1.901144664906886106e-01	6.220768417675095474e-01	0.000000000000000000e+00
2.042240169520416204e-01	5.210671406091139657e-01	0.000000000000000000e+00
2.042240169520416204e-01	5.210671406091139657e-01	0.000000000000000000e+00
2.186394627934373780e-01	4.167687076420675818e-01	0.000000000000000000e+00
2.186394627934373780e-01	4.115734610470964672e-01	0.000000000000000000e+00
2.311083709514050732e-01	3.302098727652203469e-01	0.000000000000000000e+00
2.426083079612307014e-01	2.713507883617101712e-01	0.000000000000000000e+00
2.426083079612307014e-01	2.713507883617101712e-01	0.000000000000000000e+00
2.523268302117835371e-01	2.460255878809451957e-01	0.000000000000000000e+00
2.579525720613812245e-01	2.421658613980605113e-01	0.000000000000000000e+00
2.579525720613812245e-01	2.421658613980605113e-01	0.000000000000000000e+00
2.579525720613812245e-01	2.421658613980605113e-01	0.000000000000000000e+00
2.579525720613812245e-01	2.421658613980605113e-01	0.000000000000000000e+00
2.579525720613812245e-01	2.421658613980605113e-01	0.000000000000000000e+00
2.579525720613812245e-01	2.421658613980605113e-01	0.000000000000000000e+00
2.579525720613812245e-01	2.421658613980605113e-01	0.000000000000000000e+00
2.579525720613812245e-01	2.421658613980605113e-01	0.000000000000000000e+00
2.579525720613812245e-01	2.421658613980605113e-01	0.000000000000000000e+00
4.291629760554455109e-01	1.724497547196863351e-02	0.000000000000000000e+00
4.291629760554455109e-01	1.724497547196863351e-02	0.000000000000000000e+00
4.291629760554455109e-01	1.724497547196863351e-02	0.000000000000000000e+00
4.291629760554455109e-01	1.724497547196863351e-02	0.000000000000000000e+00
4.291629760554455109e-01	1.724497547196863351e-02	0.000000000000000000e+00
4.291629760554455109e-01	1.372171292173133064e-02	0.000000000000000000e+00
4.369996796835174391e-01	-4.585550798104922471e-02	0.000000000000000000e+00
4.369996796835174391e-01	-4.585550798104922471e-02	0.000000000000000000e+00
4.369996796835174391e-01	-6.211624392250447713e-02	0.000000000000000000e+00
4.464612457657346489e-01	-1.046916918779764866e-01	0.000000000000000000e+00
4.464612457657346489e-01	-1.118826251891435475e-01	0.000000000000000000e+00
4.540954346361880112e-01	-1.242081325840164174e-01	0.000000000000000000e+00
4.540954346361880112e-01	-1.242081325840164174e-01	0.000000000000000000e+00
4.540954346361880112e-01	-1.242081325840164174e-01	0.000000000000000000e+00
4.540954346361880112e-01	-1.242081325840164174e-01	0.000000000000000000e+00
4.540954346361880112e-01	-1.242081325840164174e-01	0.000000000000000000e+00
4.540954346361880112e-01	-1.242081325840164174e-01	0.000000000000000000e+00
4.540954346361880112e-01	-1.242081325840164174e-01	0.000000000000000000e+00
4.540954346361880112e-01	-1.242081325840164174e-01	0.000000000000000000e+00
4.540954346361880112e-01	-1.242081325840164174e-01	0.000000000000000000e+00
4.540954346361880112e-01	-1.242081325840164174e-01	0.000000000000000000e+00
4.540954346361880112e-01	-1.242081325840164174e-01	0.000000000000000000e+00
4.540954346361880112e-01	-1.242081325840164174e-01	0.000000000000000000e+00
4.540954346361880112e-01	-1.242081325840164174e-01	0.000000000000000000e+00
4.540954346361880112e-01	-1.242081325840164174e-01	0.000000000000000000e+00
4.540954346361880112e-01	-1.242081325840164174e-01	0.000000000000000000e+00
8.218347329096685749e-01	-3.870163311025600628e-01	0.000000000000000000e+00
8.218347329096685749e-01	-3.870163311025600628e-01	0.000000000000000000e+00
8.218347329096685749e-01	-3.870163311025600628e-01	0.000000000000000000e+00
8.218347329096685749e-01	-3.870163311025600628e-01	0.000000000000000000e+00
8.218347329096685749e-01	-3.870163311025600628e-01	0.000000000000000000e+00
8.218347329096685749e-01	-3.870163311025600628e-01	0.000000000000000000e+00
8.218347329096685749e-01	-3.870163311025600628e-01	0.000000000000000000e+00
8.218347329096685749e-01	-3.872489744126038635e-01	0.000000000000000000e+00
8.218347329096685749e-01	-4.036600986347272380e-01	0.000000000000000000e+00
8.218347329096685749e-01	-4.036600986347272380e-01	0.000000000000000000e+00
8.218347329096685749e-01	-4.036600986347272380e-01	0.000000000000000000e+00
8.218347329096685749e-01	-4.036600986347272380e-01	0.000000000000000000e+00
8.218347329096685749e-01	-4.036600986347272380e-01	0.000000000000000000e+00
8.234177577616276222e-01	-4.345100107380118759e-01	0.000000000000000000e+00
8.234177577616276222e-01	-4.345100107380118759e-01	0.000000000000000000e+00
8.234177577616276222e-01	-4.527542321894500454e-01	0.000000000000000000e+00
8.291802206585721091e-01	-5.279080666330835392e-01	0.000000000000000000e+00
8.291802206585721091e-01	-5.279080666330835392e-01	0.000000000000000000e+00
8.291802206585721091e-01	-5.279080666330835392e-01	0.000000000000000000e+00
8.291802206585721091e-01	-5.279080666330835392e-01	0.000000000000000000e+00
8.291802206585721091e-01	-5.279080666330835392e-01	0.000000000000000000e+00
8.291802206585721091e-01	-5.369852012733588031e-01	0.000000000000000000e+00
8.291802206585721091e-01	-5.582586848946379243e-01	0.000000000000000000e+00
8.300147111177558212e-01	-5.679277070483017553e-01	0.000000000000000000e+00
8.356183496573711400e-01	-6.390864011395096522e-01	0.000000000000000000e+00
8.356183496573711400e-01	-6.390864011395096522e-01	0.000000000000000000e+00
8.356183496573711400e-01	-6.390864011395096522e-01	0.000000000000000000e+00
8.356183496573711400e-01	-6.390864011395096522e-01	0.000000000000000000e+00
8.356183496573711400e-01	-6.390864011395096522e-01	0.000000000000000000e+00
8.356183496573711400e-01	-6.390864011395096522e-01	0.000000000000000000e+00
8.356183496573711400e-01	-6.593024617348358651e-01	0.000000000000000000e+00
8.356183496573711400e-01	-6.593024617348358651e-01	0.000000000000000000e+00
8.383911772320330469e-01	-6.874768026752168248e-01	0.000000000000000000e+00
8.383911772320330469e-01	-6.874768026752168248e-01	0.000000000000000000e+00
8.383911772320330469e-01	-6.874768026752168248e-01	0.000000000000000000e+00
8.422694337838511069e-01	-7.185664803331870409e-01	0.000000000000000000e+00
8.422694337838511069e-01	-7.219965724165944287e-01	0.000000000000000000e+00
8.422694337838511069e-01	-7.219965724165944287e-01	0.000000000000000000e+00
8.422694337838511069e-01	-7.298456914369002568e-01	0.000000000000000000e+00
8.515009271401330349e-01	-7.685036915973824101e-01	0.000000000000000000e+00
8.515009271401330349e-01	-7.685036915973824101e-01	0.000000000000000000e+00
8.515009271401330349e-01	-7.685036915973824101e-01	0.000000000000000000e+00
8.515009271401330349e-01	-7.685036915973824101e-01	0.000000000000000000e+00
8.515009271401330349e-01	-7.695328503042218049e-01	0.000000000000000000e+00
