5.139883397527102854e-03	9.274806633436075698e-01	0.000000000000000000e+00
5.139883397527102854e-03	9.274806633436075698e-01	0.000000000000000000e+00
2.346951610090012089e-02	8.310237159910747184e-01	0.000000000000000000e+00
4.155733435248412655e-02	7.560397171181288956e-01	0.000000000000000000e+00
4.155733435248412655e-02	7.560397171181288956e-01	0.000000000000000000e+00
7.457569507771051598e-02	6.734832902545488942e-01	0.000000000000000000e+00
7.457569507771051598e-02	6.734832902545488942e-01	0.000000000000000000e+00
7.457569507771051598e-02	6.734832902545488942e-01	0.000000000000000000e+00
7.457569507771051598e-02	6.734832902545488942e-01	0.000000000000000000e+00
7.457569507771051598e-02	6.734832902545488942e-01	0.000000000000000000e+00
7.457569507771051598e-02	6.734832902545488942e-01	0.000000000000000000e+00
7.457569507771051598e-02	6.734832902545488942e-01	0.000000000000000000e+00
1.901144664906886106e-01	6.389411720411443119e-01	0.000000000000000000e+00
2.042240169520416204e-01	5.210671406091139657e-01	0.000000000000000000e+00
2.042240169520416204e-01	5.210671406091139657e-01	0.000000000000000000e+00
2.186394627934373780e-01	4.115734610470964672e-01	0.000000000000000000e+00
2.186394627934373780e-01	4.115734610470964672e-01	0.000000000000000000e+00
2.311083709514050732e-01	3.336060206667590400e-01	0.000000000000000000e+00
2.311083709514050732e-01	3.281928659719683949e-01	0.000000000000000000e+00
2.426083079612307014e-01	2.713507883617101712e-01	0.000000000000000000e+00
2.523268302117835371e-01	2.465348335903918553e-01	0.000000000000000000e+00
2.579525720613812245e-01	2.421658613980605113e-01	0.000000000000000000e+00
2.579525720613812245e-01	2.421658613980605113e-01	0.000000000000000000e+00
2.579525720613812245e-01	2.421658613980605113e-01	0.000000000000000000e+00
2.579525720613812245e-01	2.421658613980605113e-01	0.000000000000000000e+00
2.579525720613812245e-01	2.421658613980605113e-01	0.000000000000000000e+00
2.579525720613812245e-01	2.421658613980605113e-01	0.000000000000000000e+00
2.579525720613812245e-01	2.421658613980605113e-01	0.000000000000000000e+00
2.579525720613812245e-01	2.421658613980605113e-01	0.000000000000000000e+00
2.579525720613812245e-01	2.421658613980605113e-01	0.000000000000000000e+00
4.291629760554455109e-01	2.629060834901823795e-02	0.000000000000000000e+00
4.291629760554455109e-01	2.629060834901823795e-02	0.000000000000000000e+00
4.291629760554455109e-01	2.629060834901823795e-02	0.000000000000000000e+00
4.291629760554455109e-01	2.629060834901823795e-02	0.000000000000000000e+00
4.291629760554455109e-01	2.629060834901823795e-02	0.000000000000000000e+00
4.291629760554455109e-01	2.629060834901823795e-02	0.000000000000000000e+00
4.291629760554455109e-01	4.447096213767542938e-03	0.000000000000000000e+00
4.369996796835174391e-01	-5.436879558076093688e-02	0.000000000000000000e+00
4.369996796835174391e-01	-5.436879558076093688e-02	0.000000000000000000e+00
4.464612457657346489e-01	-1.100395099079200661e-01	0.000000000000000000e+00
4.464612457657346489e-01	-1.100395099079200661e-01	0.000000000000000000e+00
4.464612457657346489e-01	-1.118826251891435475e-01	0.000000000000000000e+00
4.464612457657346489e-01	-1.118826251891435475e-01	0.000000000000000000e+00
4.464612457657346489e-01	-1.118826251891435475e-01	0.000000000000000000e+00
4.464612457657346489e-01	-1.118826251891435475e-01	0.000000000000000000e+00
4.464612457657346489e-01	-1.118826251891435475e-01	0.000000000000000000e+00
4.464612457657346489e-01	-1.118826251891435475e-01	0.000000000000000000e+00
4.464612457657346489e-01	-1.118826251891435475e-01	0.000000000000000000e+00
4.464612457657346489e-01	-1.118826251891435475e-01	0.000000000000000000e+00
4.464612457657346489e-01	-1.118826251891435475e-01	0.000000000000000000e+00
4.464612457657346489e-01	-1.118826251891435475e-01	0.000000000000000000e+00
4.464612457657346489e-01	-1.118826251891435475e-01	0.000000000000000000e+00
4.464612457657346489e-01	-1.118826251891435475e-01	0.000000000000000000e+00
4.464612457657346489e-01	-1.118826251891435475e-01	0.000000000000000000e+00
4.464612457657346489e-01	-1.118826251891435475e-01	0.000000000000000000e+00
4.464612457657346489e-01	-1.118826251891435475e-01	0.000000000000000000e+00
8.234177577616276222e-01	-4.537413347848714973e-01	0.000000000000000000e+00
8.234177577616276222e-01	-4.537413347848714973e-01	0.000000000000000000e+00
8.234177577616276222e-01	-4.537413347848714973e-01	0.000000000000000000e+00
8.234177577616276222e-01	-4.537413347848714973e-01	0.000000000000000000e+00
8.234177577616276222e-01	-4.537413347848714973e-01	0.000000000000000000e+00
8.234177577616276222e-01	-4.537413347848714973e-01	0.000000000000000000e+00
8.234177577616276222e-01	-4.537413347848714973e-01	0.000000000000000000e+00
8.234177577616276222e-01	-4.160208727941070439e-01	0.000000000000000000e+00
8.234177577616276222e-01	-4.160208727941070439e-01	0.000000000000000000e+00
8.234177577616276222e-01	-4.160208727941070439e-01	0.000000000000000000e+00
8.234177577616276222e-01	-4.160208727941070439e-01	0.000000000000000000e+00
8.234177577616276222e-01	-4.208073097179569344e-01	0.000000000000000000e+00
8.234177577616276222e-01	-4.208073097179569344e-01	0.000000000000000000e+00
8.234177577616276222e-01	-4.208073097179569344e-01	0.000000000000000000e+00
8.234177577616276222e-01	-4.208073097179569344e-01	0.000000000000000000e+00
8.300147111177558212e-01	-5.283887686481981705e-01	0.000000000000000000e+00
8.300147111177558212e-01	-5.283887686481981705e-01	0.000000000000000000e+00
8.300147111177558212e-01	-5.283887686481981705e-01	0.000000000000000000e+00
8.300147111177558212e-01	-5.283887686481981705e-01	0.000000000000000000e+00
8.300147111177558212e-01	-4.976927441746710756e-01	0.000000000000000000e+00
8.300147111177558212e-01	-5.292277837060401779e-01	0.000000000000000000e+00
8.300147111177558212e-01	-5.292277837060401779e-01	0.000000000000000000e+00
8.300147111177558212e-01	-5.372573472963452224e-01	0.000000000000000000e+00
8.300147111177558212e-01	-5.463029313471522430e-01	0.000000000000000000e+00
8.356183496573711400e-01	-6.106829510382786319e-01	0.000000000000000000e+00
8.356183496573711400e-01	-6.106829510382786319e-01	0.000000000000000000e+00
8.356183496573711400e-01	-6.106829510382786319e-01	0.000000000000000000e+00
8.356183496573711400e-01	-6.106829510382786319e-01	0.000000000000000000e+00
8.356183496573711400e-01	-6.106829510382786319e-01	0.000000000000000000e+00
8.383911772320330469e-01	-6.615403320311532553e-01	0.000000000000000000e+00
8.383911772320330469e-01	-6.593337932016398728e-01	0.000000000000000000e+00
8.384537360801732619e-01	-6.444329119964836705e-01	0.000000000000000000e+00
8.422694337838511069e-01	-7.004803264157904996e-01	0.000000000000000000e+00
8.422694337838511069e-01	-7.004803264157904996e-01	0.000000000000000000e+00
8.422694337838511069e-01	-7.138160887778779440e-01	0.000000000000000000e+00
8.422694337838511069e-01	-7.138160887778779440e-01	0.000000000000000000e+00
8.422694337838511069e-01	-7.138160887778779440e-01	0.000000000000000000e+00
8.422694337838511069e-01	-7.138160887778779440e-01	0.000000000000000000e+00
8.422694337838511069e-01	-7.138160887778779440e-01	0.000000000000000000e+00
8.422694337838511069e-01	-7.198893232977540135e-01	0.000000000000000000e+00
8.515009271401330349e-01	-7.503582962613999374e-01	0.000000000000000000e+00
8.515009271401330349e-01	-7.503582962613999374e-01	0.000000000000000000e+00
8.515009271401330349e-01	-7.503582962613999374e-01	0.000000000000000000e+00
8.515009271401330349e-01	-7.534840733057982520e-01	0.000000000000000000e+00
