5.139883397527102854e-03	9.728835507530705362e-01	0.000000000000000000e+00
5.139883397527102854e-03	9.506511748212587154e-01	0.000000000000000000e+00
1.988013383979558846e-02	8.759660594331265537e-01	0.000000000000000000e+00
4.155733435248412655e-02	7.735039912682556418e-01	0.000000000000000000e+00
4.155733435248412655e-02	7.735039912682556418e-01	0.000000000000000000e+00
7.457569507771051598e-02	6.907693613318941495e-01	0.000000000000000000e+00
7.457569507771051598e-02	6.907693613318941495e-01	0.000000000000000000e+00
7.457569507771051598e-02	6.907693613318941495e-01	0.000000000000000000e+00
7.457569507771051598e-02	6.907693613318941495e-01	0.000000000000000000e+00
7.457569507771051598e-02	6.907693613318941495e-01	0.000000000000000000e+00
7.457569507771051598e-02	6.907693613318941495e-01	0.000000000000000000e+00
7.457569507771051598e-02	6.907693613318941495e-01	0.000000000000000000e+00
7.457569507771051598e-02	6.907693613318941495e-01	0.000000000000000000e+00
7.457569507771051598e-02	6.907693613318941495e-01	0.000000000000000000e+00
2.186394627934373780e-01	4.368359074493543548e-01	0.000000000000000000e+00
2.186394627934373780e-01	4.368359074493543548e-01	0.000000000000000000e+00
2.186394627934373780e-01	4.339054304140649854e-01	0.000000000000000000e+00
2.311083709514050732e-01	3.797141830083717862e-01	0.000000000000000000e+00
2.311083709514050732e-01	3.427288006737403969e-01	0.000000000000000000e+00
2.426083079612307014e-01	2.966407814080530558e-01	0.000000000000000000e+00
2.426083079612307014e-01	2.872100917630653338e-01	0.000000000000000000e+00
2.579525720613812245e-01	2.578649155827528738e-01	0.000000000000000000e+00
2.579525720613812245e-01	2.578649155827528738e-01	0.000000000000000000e+00
2.579525720613812245e-01	2.578649155827528738e-01	0.000000000000000000e+00
2.579525720613812245e-01	2.578649155827528738e-01	0.000000000000000000e+00
2.579525720613812245e-01	2.578649155827528738e-01	0.000000000000000000e+00
2.579525720613812245e-01	2.578649155827528738e-01	0.000000000000000000e+00
2.579525720613812245e-01	2.578649155827528738e-01	0.000000000000000000e+00
2.579525720613812245e-01	2.578649155827528738e-01	0.000000000000000000e+00
2.579525720613812245e-01	2.578649155827528738e-01	0.000000000000000000e+00
2.579525720613812245e-01	2.578649155827528738e-01	0.000000000000000000e+00
4.291629760554455109e-01	2.614639751419516739e-02	0.000000000000000000e+00
4.291629760554455109e-01	1.505185868746558922e-02	0.000000000000000000e+00
4.291629760554455109e-01	1.505185868746558922e-02	0.000000000000000000e+00
4.291629760554455109e-01	1.505185868746558922e-02	0.000000000000000000e+00
4.291629760554455109e-01	1.505185868746558922e-02	0.000000000000000000e+00
4.291629760554455109e-01	1.505185868746558922e-02	0.000000000000000000e+00
4.291629760554455109e-01	7.542601680588289191e-03	0.000000000000000000e+00
4.369996796835174391e-01	-5.176091094194879699e-02	0.000000000000000000e+00
4.369996796835174391e-01	-5.176091094194879699e-02	0.000000000000000000e+00
4.464612457657346489e-01	-1.063500799132082175e-01	0.000000000000000000e+00
4.464612457657346489e-01	-1.063500799132082175e-01	0.000000000000000000e+00
4.464612457657346489e-01	-1.114297616367799504e-01	0.000000000000000000e+00
4.464612457657346489e-01	-1.114297616367799504e-01	0.000000000000000000e+00
4.464612457657346489e-01	-1.114297616367799504e-01	0.000000000000000000e+00
4.464612457657346489e-01	-1.114297616367799504e-01	0.000000000000000000e+00
4.464612457657346489e-01	-1.114297616367799504e-01	0.000000000000000000e+00
4.464612457657346489e-01	-1.114297616367799504e-01	0.000000000000000000e+00
4.464612457657346489e-01	-1.114297616367799504e-01	0.000000000000000000e+00
4.464612457657346489e-01	-1.118826251891435475e-01	0.000000000000000000e+00
4.464612457657346489e-01	-1.118826251891435475e-01	0.000000000000000000e+00
4.464612457657346489e-01	-1.118826251891435475e-01	0.000000000000000000e+00
4.464612457657346489e-01	-1.118826251891435475e-01	0.000000000000000000e+00
4.464612457657346489e-01	-1.118826251891435475e-01	0.000000000000000000e+00
4.464612457657346489e-01	-1.118826251891435475e-01	0.000000000000000000e+00
4.464612457657346489e-01	-1.118826251891435475e-01	0.000000000000000000e+00
4.464612457657346489e-01	-1.118826251891435475e-01	0.000000000000000000e+00
4.464612457657346489e-01	-1.114297616367799504e-01	0.000000000000000000e+00
8.261605005990118045e-01	-5.136517524207339092e-01	0.000000000000000000e+00
8.261605005990118045e-01	-4.953909719398468803e-01	0.000000000000000000e+00
8.261605005990118045e-01	-4.953909719398468803e-01	0.000000000000000000e+00
8.261605005990118045e-01	-4.768562515959220982e-01	0.000000000000000000e+00
8.261605005990118045e-01	-4.768562515959220982e-01	0.000000000000000000e+00
8.261605005990118045e-01	-4.768562515959220982e-01	0.000000000000000000e+00
8.261605005990118045e-01	-4.768562515959220982e-01	0.000000000000000000e+00
8.261605005990118045e-01	-4.768562515959220982e-01	0.000000000000000000e+00
8.261605005990118045e-01	-4.768562515959220982e-01	0.000000000000000000e+00
8.261605005990118045e-01	-4.768562515959220982e-01	0.000000000000000000e+00
8.261605005990118045e-01	-4.768562515959220982e-01	0.000000000000000000e+00
8.261605005990118045e-01	-4.350369189462886532e-01	0.000000000000000000e+00
8.261605005990118045e-01	-4.350369189462886532e-01	0.000000000000000000e+00
8.261605005990118045e-01	-4.350369189462886532e-01	0.000000000000000000e+00
8.261605005990118045e-01	-4.350369189462886532e-01	0.000000000000000000e+00
8.261605005990118045e-01	-4.350369189462886532e-01	0.000000000000000000e+00
8.261605005990118045e-01	-4.506552590974060579e-01	0.000000000000000000e+00
8.261605005990118045e-01	-4.506552590974060579e-01	0.000000000000000000e+00
8.261605005990118045e-01	-4.776734830723111114e-01	0.000000000000000000e+00
8.261605005990118045e-01	-4.778042429522560419e-01	0.000000000000000000e+00
8.300147111177558212e-01	-5.249596400619613856e-01	0.000000000000000000e+00
8.300147111177558212e-01	-5.249596400619613856e-01	0.000000000000000000e+00
8.448099434388121054e-01	-6.804139453819283423e-01	0.000000000000000000e+00
8.448099434388121054e-01	-6.804139453819283423e-01	0.000000000000000000e+00
8.448099434388121054e-01	-6.804139453819283423e-01	0.000000000000000000e+00
8.448099434388121054e-01	-6.804139453819283423e-01	0.000000000000000000e+00
8.448099434388121054e-01	-6.804139453819283423e-01	0.000000000000000000e+00
8.448099434388121054e-01	-6.804139453819283423e-01	0.000000000000000000e+00
8.448099434388121054e-01	-6.804139453819283423e-01	0.000000000000000000e+00
8.448099434388121054e-01	-6.954096984381348268e-01	0.000000000000000000e+00
8.448099434388121054e-01	-6.507057007350566247e-01	0.000000000000000000e+00
8.448099434388121054e-01	-6.507057007350566247e-01	0.000000000000000000e+00
8.448099434388121054e-01	-6.507057007350566247e-01	0.000000000000000000e+00
8.448099434388121054e-01	-6.507057007350566247e-01	0.000000000000000000e+00
8.448099434388121054e-01	-6.545568582960926696e-01	0.000000000000000000e+00
8.448099434388121054e-01	-6.600927966244208855e-01	0.000000000000000000e+00
8.448099434388121054e-01	-6.717564794034189823e-01	0.000000000000000000e+00
8.448099434388121054e-01	-6.805883803805000687e-01	0.000000000000000000e+00
8.515009271401330349e-01	-6.922002408224166015e-01	0.000000000000000000e+00
8.515009271401330349e-01	-7.095682319270762983e-01	0.000000000000000000e+00
8.515009271401330349e-01	-7.095682319270762983e-01	0.000000000000000000e+00
8.515009271401330349e-01	-7.095682319270762983e-01	0.000000000000000000e+00
