5.139883397527102854e-03	1.456561145449524641e+00	0.000000000000000000e+00
8.677299630351006932e-03	1.180906074965943686e+00	0.000000000000000000e+00
1.988013383979558846e-02	1.117383439008744928e+00	0.000000000000000000e+00
1.988013383979558846e-02	1.117383439008744928e+00	0.000000000000000000e+00
6.827854179620834740e-02	9.163024498703956633e-01	0.000000000000000000e+00
6.827854179620834740e-02	9.136172779619695650e-01	0.000000000000000000e+00
6.827854179620834740e-02	9.136172779619695650e-01	0.000000000000000000e+00
6.827854179620834740e-02	9.136172779619695650e-01	0.000000000000000000e+00
6.827854179620834740e-02	9.135933543721413974e-01	0.000000000000000000e+00
6.827854179620834740e-02	9.135933543721413974e-01	0.000000000000000000e+00
6.827854179620834740e-02	9.135933543721413974e-01	0.000000000000000000e+00
6.827854179620834740e-02	9.135933543721413974e-01	0.000000000000000000e+00
6.827854179620834740e-02	9.135933543721413974e-01	0.000000000000000000e+00
2.186394627934373780e-01	6.553716828771558589e-01	0.000000000000000000e+00
2.186394627934373780e-01	6.553716828771558589e-01	0.000000000000000000e+00
2.186394627934373780e-01	6.553716828771558589e-01	0.000000000000000000e+00
2.311083709514050732e-01	5.617171871214755585e-01	0.000000000000000000e+00
2.311083709514050732e-01	5.436841210159871762e-01	0.000000000000000000e+00
2.311083709514050732e-01	5.436841210159871762e-01	0.000000000000000000e+00
2.579525720613812245e-01	4.480786419646692331e-01	0.000000000000000000e+00
2.579525720613812245e-01	4.480786419646692331e-01	0.000000000000000000e+00
2.579525720613812245e-01	4.420185837539207241e-01	0.000000000000000000e+00
2.579525720613812245e-01	4.420185837539207241e-01	0.000000000000000000e+00
2.579525720613812245e-01	4.420185837539207241e-01	0.000000000000000000e+00
2.579525720613812245e-01	4.420185837539207241e-01	0.000000000000000000e+00
2.579525720613812245e-01	4.420185837539207241e-01	0.000000000000000000e+00
2.579525720613812245e-01	4.420185837539207241e-01	0.000000000000000000e+00
2.579525720613812245e-01	4.420185837539207241e-01	0.000000000000000000e+00
2.579525720613812245e-01	4.420185837539207241e-01	0.000000000000000000e+00
2.579525720613812245e-01	4.420185837539207241e-01	0.000000000000000000e+00
4.291629760554455109e-01	2.250708104201527004e-01	0.000000000000000000e+00
4.291629760554455109e-01	2.250708104201527004e-01	0.000000000000000000e+00
4.291629760554455109e-01	2.250708104201527004e-01	0.000000000000000000e+00
4.291629760554455109e-01	2.250708104201527004e-01	0.000000000000000000e+00
4.291629760554455109e-01	2.327760773743584588e-01	0.000000000000000000e+00
4.291629760554455109e-01	2.121139067165250802e-01	0.000000000000000000e+00
4.291629760554455109e-01	1.645462551377699922e-01	0.000000000000000000e+00
4.291629760554455109e-01	1.524979120146470468e-01	0.000000000000000000e+00
4.464612457657346489e-01	6.166764056839199593e-02	0.000000000000000000e+00
4.464612457657346489e-01	6.166764056839199593e-02	0.000000000000000000e+00
4.464612457657346489e-01	4.274498345593225057e-02	0.000000000000000000e+00
4.464612457657346489e-01	4.274498345593225057e-02	0.000000000000000000e+00
4.464612457657346489e-01	3.995611862692195759e-02	0.000000000000000000e+00
4.464612457657346489e-01	3.995611862692195759e-02	0.000000000000000000e+00
4.464612457657346489e-01	3.995611862692195759e-02	0.000000000000000000e+00
4.464612457657346489e-01	3.995611862692195759e-02	0.000000000000000000e+00
4.464612457657346489e-01	3.975193739262177645e-02	0.000000000000000000e+00
4.464612457657346489e-01	3.975193739262177645e-02	0.000000000000000000e+00
4.464612457657346489e-01	3.975193739262177645e-02	0.000000000000000000e+00
4.464612457657346489e-01	3.975193739262177645e-02	0.000000000000000000e+00
4.464612457657346489e-01	3.975193739262177645e-02	0.000000000000000000e+00
4.464612457657346489e-01	3.975193739262177645e-02	0.000000000000000000e+00
4.464612457657346489e-01	3.975193739262177645e-02	0.000000000000000000e+00
4.464612457657346489e-01	3.975193739262177645e-02	0.000000000000000000e+00
4.464612457657346489e-01	3.975193739262177645e-02	0.000000000000000000e+00
4.464612457657346489e-01	3.975193739262177645e-02	0.000000000000000000e+00
4.464612457657346489e-01	3.975193739262177645e-02	0.000000000000000000e+00
4.464612457657346489e-01	3.975193739262177645e-02	0.000000000000000000e+00
8.303078125957560340e-01	-4.635800304753496803e-01	0.000000000000000000e+00
8.303078125957560340e-01	-3.742809193972620463e-01	0.000000000000000000e+00
8.303078125957560340e-01	-3.742809193972620463e-01	0.000000000000000000e+00
8.303078125957560340e-01	-3.635405534168899000e-01	0.000000000000000000e+00
8.303078125957560340e-01	-3.635405534168899000e-01	0.000000000000000000e+00
8.303078125957560340e-01	-3.635405534168899000e-01	0.000000000000000000e+00
8.303078125957560340e-01	-3.635405534168899000e-01	0.000000000000000000e+00
8.303078125957560340e-01	-3.635405534168899000e-01	0.000000000000000000e+00
8.303078125957560340e-01	-3.635405534168899000e-01	0.000000000000000000e+00
8.303078125957560340e-01	-3.635405534168899000e-01	0.000000000000000000e+00
8.303078125957560340e-01	-3.635405534168899000e-01	0.000000000000000000e+00
8.303078125957560340e-01	-3.728399981455362000e-01	0.000000000000000000e+00
8.303078125957560340e-01	-3.728399981455362000e-01	0.000000000000000000e+00
8.303078125957560340e-01	-3.728399981455362000e-01	0.000000000000000000e+00
8.303078125957560340e-01	-3.728399981455362000e-01	0.000000000000000000e+00
8.303078125957560340e-01	-3.728399981455362000e-01	0.000000000000000000e+00
8.303078125957560340e-01	-3.728399981455362000e-01	0.000000000000000000e+00
8.303078125957560340e-01	-3.728399981455362000e-01	0.000000000000000000e+00
8.303078125957560340e-01	-3.728399981455362000e-01	0.000000000000000000e+00
8.303078125957560340e-01	-3.917211157086196716e-01	0.000000000000000000e+00
8.303078125957560340e-01	-3.917211157086196716e-01	0.000000000000000000e+00
8.303078125957560340e-01	-3.917211157086196716e-01	0.000000000000000000e+00
8.303078125957560340e-01	-3.998962665989406196e-01	0.000000000000000000e+00
8.303078125957560340e-01	-3.998962665989406196e-01	0.000000000000000000e+00
8.448099434388121054e-01	-5.130647345440229046e-01	0.000000000000000000e+00
8.448099434388121054e-01	-5.130647345440229046e-01	0.000000000000000000e+00
8.448099434388121054e-01	-5.130647345440229046e-01	0.000000000000000000e+00
8.448099434388121054e-01	-5.130647345440229046e-01	0.000000000000000000e+00
8.448099434388121054e-01	-5.130647345440229046e-01	0.000000000000000000e+00
8.448099434388121054e-01	-5.130647345440229046e-01	0.000000000000000000e+00
8.448099434388121054e-01	-5.130647345440229046e-01	0.000000000000000000e+00
8.448099434388121054e-01	-5.273982699623956938e-01	0.000000000000000000e+00
8.448099434388121054e-01	-5.273982699623956938e-01	0.000000000000000000e+00
8.448099434388121054e-01	-5.126612899918188138e-01	0.000000000000000000e+00
8.448099434388121054e-01	-5.086722488373215390e-01	0.000000000000000000e+00
8.448099434388121054e-01	-5.126612899918188138e-01	0.000000000000000000e+00
8.448099434388121054e-01	-5.178490850421501035e-01	0.000000000000000000e+00
8.448099434388121054e-01	-5.178490850421501035e-01	0.000000000000000000e+00
8.448099434388121054e-01	-5.178490850421501035e-01	0.000000000000000000e+00
8.448099434388121054e-01	-5.178490850421501035e-01	0.000000000000000000e+00
8.448099434388121054e-01	-5.178490850421501035e-01	0.000000000000000000e+00
8.448099434388121054e-01	-5.178490850421501035e-01	0.000000000000000000e+00
