5.139883397527102854e-03	2.251575537988560249e+00	0.000000000000000000e+00
5.139883397527102854e-03	2.251575537988560249e+00	0.000000000000000000e+00
1.988013383979558846e-02	2.099179257895242401e+00	0.000000000000000000e+00
1.988013383979558846e-02	2.099179257895242401e+00	0.000000000000000000e+00
1.988013383979558846e-02	2.099179257895242401e+00	0.000000000000000000e+00
1.988013383979558846e-02	2.099179257895242401e+00	0.000000000000000000e+00
1.988013383979558846e-02	2.099179257895242401e+00	0.000000000000000000e+00
1.988013383979558846e-02	2.099179257895242401e+00	0.000000000000000000e+00
1.988013383979558846e-02	2.111221585867423922e+00	0.000000000000000000e+00
1.636188427386498223e-01	1.856256449362865935e+00	0.000000000000000000e+00
1.636188427386498223e-01	1.856256449362865935e+00	0.000000000000000000e+00
1.636188427386498223e-01	1.856256449362865935e+00	0.000000000000000000e+00
1.636188427386498223e-01	1.856256449362865935e+00	0.000000000000000000e+00
1.636188427386498223e-01	1.774432844964265232e+00	0.000000000000000000e+00
1.636188427386498223e-01	1.774432844964265232e+00	0.000000000000000000e+00
1.636188427386498223e-01	1.774432844964265232e+00	0.000000000000000000e+00
2.579525720613812245e-01	1.430527710793246587e+00	0.000000000000000000e+00
2.579525720613812245e-01	1.430527710793246587e+00	0.000000000000000000e+00
2.579525720613812245e-01	1.275548874448066083e+00	0.000000000000000000e+00
2.579525720613812245e-01	1.275548874448066083e+00	0.000000000000000000e+00
2.579525720613812245e-01	1.275548874448066083e+00	0.000000000000000000e+00
2.579525720613812245e-01	1.275548874448066083e+00	0.000000000000000000e+00
2.579525720613812245e-01	1.275548874448066083e+00	0.000000000000000000e+00
2.579525720613812245e-01	1.276295134530371911e+00	0.000000000000000000e+00
2.579525720613812245e-01	1.276295134530371911e+00	0.000000000000000000e+00
2.579525720613812245e-01	1.276295134530371911e+00	0.000000000000000000e+00
2.579525720613812245e-01	1.276295134530371911e+00	0.000000000000000000e+00
2.579525720613812245e-01	1.276295134530371911e+00	0.000000000000000000e+00
2.579525720613812245e-01	1.276295134530371911e+00	0.000000000000000000e+00
2.579525720613812245e-01	1.263201785792608334e+00	0.000000000000000000e+00
2.579525720613812245e-01	1.263201785792608334e+00	0.000000000000000000e+00
2.579525720613812245e-01	1.263201785792608334e+00	0.000000000000000000e+00
2.579525720613812245e-01	1.263201785792608334e+00	0.000000000000000000e+00
2.579525720613812245e-01	1.263201785792608334e+00	0.000000000000000000e+00
2.579525720613812245e-01	1.263201785792608334e+00	0.000000000000000000e+00
2.579525720613812245e-01	1.263201785792608334e+00	0.000000000000000000e+00
2.579525720613812245e-01	1.263201785792608334e+00	0.000000000000000000e+00
4.778620044322211546e-01	1.061231801463054847e+00	0.000000000000000000e+00
4.778620044322211546e-01	1.061231801463054847e+00	0.000000000000000000e+00
4.778620044322211546e-01	1.061231801463054847e+00	0.000000000000000000e+00
4.778620044322211546e-01	1.061231801463054847e+00	0.000000000000000000e+00
4.778620044322211546e-01	1.061231801463054847e+00	0.000000000000000000e+00
4.778620044322211546e-01	1.061231801463054847e+00	0.000000000000000000e+00
4.778620044322211546e-01	1.035095294154798617e+00	0.000000000000000000e+00
4.778620044322211546e-01	1.035095294154798617e+00	0.000000000000000000e+00
4.778620044322211546e-01	1.035095294154798617e+00	0.000000000000000000e+00
4.778620044322211546e-01	1.035095294154798617e+00	0.000000000000000000e+00
4.778620044322211546e-01	1.035095294154798617e+00	0.000000000000000000e+00
4.778620044322211546e-01	1.035095294154798617e+00	0.000000000000000000e+00
4.778620044322211546e-01	1.035095294154798617e+00	0.000000000000000000e+00
4.778620044322211546e-01	1.035095294154798617e+00	0.000000000000000000e+00
4.778620044322211546e-01	1.070416158937251616e+00	0.000000000000000000e+00
4.778620044322211546e-01	1.070416158937251616e+00	0.000000000000000000e+00
4.778620044322211546e-01	1.070416158937251616e+00	0.000000000000000000e+00
4.778620044322211546e-01	1.070416158937251616e+00	0.000000000000000000e+00
8.125073041746717628e-01	7.582246514310121421e-01	0.000000000000000000e+00
8.125073041746717628e-01	7.582246514310121421e-01	0.000000000000000000e+00
8.125073041746717628e-01	7.582246514310121421e-01	0.000000000000000000e+00
8.125073041746717628e-01	7.582246514310121421e-01	0.000000000000000000e+00
8.125073041746717628e-01	7.582246514310121421e-01	0.000000000000000000e+00
8.125073041746717628e-01	7.582246514310121421e-01	0.000000000000000000e+00
8.125073041746717628e-01	7.582246514310121421e-01	0.000000000000000000e+00
8.125073041746717628e-01	9.256441780514980122e-01	0.000000000000000000e+00
8.303078125957560340e-01	6.421741014053388152e-01	0.000000000000000000e+00
8.303078125957560340e-01	6.421741014053388152e-01	0.000000000000000000e+00
8.303078125957560340e-01	7.094426621979088576e-01	0.000000000000000000e+00
8.303078125957560340e-01	7.016121846683649466e-01	0.000000000000000000e+00
8.303078125957560340e-01	7.016121846683649466e-01	0.000000000000000000e+00
8.303078125957560340e-01	7.016121846683649466e-01	0.000000000000000000e+00
8.303078125957560340e-01	7.016121846683649466e-01	0.000000000000000000e+00
8.303078125957560340e-01	7.016121846683649466e-01	0.000000000000000000e+00
8.303078125957560340e-01	7.016121846683649466e-01	0.000000000000000000e+00
8.303078125957560340e-01	7.016121846683649466e-01	0.000000000000000000e+00
8.303078125957560340e-01	7.016121846683649466e-01	0.000000000000000000e+00
8.303078125957560340e-01	7.083400097595806688e-01	0.000000000000000000e+00
8.303078125957560340e-01	6.476856111493565216e-01	0.000000000000000000e+00
8.303078125957560340e-01	6.476856111493565216e-01	0.000000000000000000e+00
8.303078125957560340e-01	6.597833236569508042e-01	0.000000000000000000e+00
8.303078125957560340e-01	6.506480804696525011e-01	0.000000000000000000e+00
8.369736244152055082e-01	5.354646137649892168e-01	0.000000000000000000e+00
8.303078125957560340e-01	6.270802528630451400e-01	0.000000000000000000e+00
8.369736244152055082e-01	5.354646137649892168e-01	0.000000000000000000e+00
8.369736244152055082e-01	5.354646137649892168e-01	0.000000000000000000e+00
8.369736244152055082e-01	5.354646137649892168e-01	0.000000000000000000e+00
8.369736244152055082e-01	4.586857427500992124e-01	0.000000000000000000e+00
8.369736244152055082e-01	4.586857427500992124e-01	0.000000000000000000e+00
8.369736244152055082e-01	4.586857427500992124e-01	0.000000000000000000e+00
8.369736244152055082e-01	4.586857427500992124e-01	0.000000000000000000e+00
8.369736244152055082e-01	4.551917419225866013e-01	0.000000000000000000e+00
8.369736244152055082e-01	4.551917419225866013e-01	0.000000000000000000e+00
8.369736244152055082e-01	4.813947382978352452e-01	0.000000000000000000e+00
8.369736244152055082e-01	4.813947382978352452e-01	0.000000000000000000e+00
8.369736244152055082e-01	4.813947382978352452e-01	0.000000000000000000e+00
8.369736244152055082e-01	4.813947382978352452e-01	0.000000000000000000e+00
8.369736244152055082e-01	4.740752230808691903e-01	0.000000000000000000e+00
8.369736244152055082e-01	4.529552645770918984e-01	0.000000000000000000e+00
8.369736244152055082e-01	4.529552645770918984e-01	0.000000000000000000e+00
8.460545992364693069e-01	4.469660136839136433e-01	0.000000000000000000e+00
8.460545992364693069e-01	4.418752096037784072e-01	0.000000000000000000e+00
8.460545992364693069e-01	4.469660136839136433e-01	0.000000000000000000e+00
