5.139883397527102854e-03	9.462231050026056467e-01	0.000000000000000000e+00
5.139883397527102854e-03	9.462231050026056467e-01	0.000000000000000000e+00
1.988013383979558846e-02	8.759660594331265537e-01	0.000000000000000000e+00
4.155733435248412655e-02	7.735039912682556418e-01	0.000000000000000000e+00
4.155733435248412655e-02	7.735039912682556418e-01	0.000000000000000000e+00
7.457569507771051598e-02	6.907693613318941495e-01	0.000000000000000000e+00
7.457569507771051598e-02	6.907693613318941495e-01	0.000000000000000000e+00
7.457569507771051598e-02	6.907693613318941495e-01	0.000000000000000000e+00
7.457569507771051598e-02	6.907693613318941495e-01	0.000000000000000000e+00
7.457569507771051598e-02	6.907693613318941495e-01	0.000000000000000000e+00
7.457569507771051598e-02	6.907693613318941495e-01	0.000000000000000000e+00
7.457569507771051598e-02	6.907693613318941495e-01	0.000000000000000000e+00
7.457569507771051598e-02	6.907693613318941495e-01	0.000000000000000000e+00
7.457569507771051598e-02	6.907693613318941495e-01	0.000000000000000000e+00
2.186394627934373780e-01	4.345310786251517787e-01	0.000000000000000000e+00
2.186394627934373780e-01	4.345310786251517787e-01	0.000000000000000000e+00
2.186394627934373780e-01	4.339054304140649854e-01	0.000000000000000000e+00
2.311083709514050732e-01	3.740298364330627567e-01	0.000000000000000000e+00
2.311083709514050732e-01	3.427288006737403969e-01	0.000000000000000000e+00
2.426083079612307014e-01	2.999174396783117480e-01	0.000000000000000000e+00
2.426083079612307014e-01	2.872100917630653338e-01	0.000000000000000000e+00
2.579525720613812245e-01	2.578649155827528738e-01	0.000000000000000000e+00
2.579525720613812245e-01	2.578649155827528738e-01	0.000000000000000000e+00
2.579525720613812245e-01	2.573936952110474907e-01	0.000000000000000000e+00
2.579525720613812245e-01	2.573936952110474907e-01	0.000000000000000000e+00
2.579525720613812245e-01	2.573936952110474907e-01	0.000000000000000000e+00
2.579525720613812245e-01	2.573936952110474907e-01	0.000000000000000000e+00
2.579525720613812245e-01	2.573936952110474907e-01	0.000000000000000000e+00
2.579525720613812245e-01	2.573936952110474907e-01	0.000000000000000000e+00
2.579525720613812245e-01	2.573936952110474907e-01	0.000000000000000000e+00
2.579525720613812245e-01	2.573936952110474907e-01	0.000000000000000000e+00
4.291629760554455109e-01	2.452682497347452584e-02	0.000000000000000000e+00
4.291629760554455109e-01	2.452682497347452584e-02	0.000000000000000000e+00
4.291629760554455109e-01	2.452682497347452584e-02	0.000000000000000000e+00
4.291629760554455109e-01	2.452682497347452584e-02	0.000000000000000000e+00
4.291629760554455109e-01	2.452682497347452584e-02	0.000000000000000000e+00
4.291629760554455109e-01	2.452682497347452584e-02	0.000000000000000000e+00
4.291629760554455109e-01	7.542601680588289191e-03	0.000000000000000000e+00
4.369996796835174391e-01	-5.655422112898920300e-02	0.000000000000000000e+00
4.369996796835174391e-01	-5.655422112898920300e-02	0.000000000000000000e+00
4.464612457657346489e-01	-1.118826251891435475e-01	0.000000000000000000e+00
4.464612457657346489e-01	-1.118826251891435475e-01	0.000000000000000000e+00
4.464612457657346489e-01	-1.118826251891435475e-01	0.000000000000000000e+00
4.464612457657346489e-01	-1.118826251891435475e-01	0.000000000000000000e+00
4.464612457657346489e-01	-1.118826251891435475e-01	0.000000000000000000e+00
4.464612457657346489e-01	-1.118826251891435475e-01	0.000000000000000000e+00
4.464612457657346489e-01	-1.118826251891435475e-01	0.000000000000000000e+00
4.464612457657346489e-01	-1.118826251891435475e-01	0.000000000000000000e+00
4.464612457657346489e-01	-1.118826251891435475e-01	0.000000000000000000e+00
4.464612457657346489e-01	-1.118826251891435475e-01	0.000000000000000000e+00
4.464612457657346489e-01	-1.118826251891435475e-01	0.000000000000000000e+00
4.464612457657346489e-01	-1.118826251891435475e-01	0.000000000000000000e+00
4.464612457657346489e-01	-1.118826251891435475e-01	0.000000000000000000e+00
4.464612457657346489e-01	-1.118826251891435475e-01	0.000000000000000000e+00
4.464612457657346489e-01	-1.118826251891435475e-01	0.000000000000000000e+00
4.464612457657346489e-01	-1.118826251891435475e-01	0.000000000000000000e+00
4.464612457657346489e-01	-1.118826251891435475e-01	0.000000000000000000e+00
8.261605005990118045e-01	-4.439407673097174323e-01	0.000000000000000000e+00
8.261605005990118045e-01	-4.439407673097174323e-01	0.000000000000000000e+00
8.261605005990118045e-01	-4.439407673097174323e-01	0.000000000000000000e+00
8.261605005990118045e-01	-4.439407673097174323e-01	0.000000000000000000e+00
8.261605005990118045e-01	-4.439407673097174323e-01	0.000000000000000000e+00
8.261605005990118045e-01	-4.439407673097174323e-01	0.000000000000000000e+00
8.261605005990118045e-01	-4.429892154490940870e-01	0.000000000000000000e+00
8.261605005990118045e-01	-4.429892154490940870e-01	0.000000000000000000e+00
8.261605005990118045e-01	-4.429892154490940870e-01	0.000000000000000000e+00
8.261605005990118045e-01	-4.429892154490940870e-01	0.000000000000000000e+00
8.261605005990118045e-01	-4.429892154490940870e-01	0.000000000000000000e+00
8.261605005990118045e-01	-4.429892154490940870e-01	0.000000000000000000e+00
8.261605005990118045e-01	-4.306921403786738156e-01	0.000000000000000000e+00
8.261605005990118045e-01	-4.306921403786738156e-01	0.000000000000000000e+00
8.261605005990118045e-01	-4.696065683684555458e-01	0.000000000000000000e+00
8.261605005990118045e-01	-4.696065683684555458e-01	0.000000000000000000e+00
8.261605005990118045e-01	-4.696065683684555458e-01	0.000000000000000000e+00
8.261605005990118045e-01	-4.558287896493037894e-01	0.000000000000000000e+00
8.261605005990118045e-01	-4.696065683684555458e-01	0.000000000000000000e+00
8.261605005990118045e-01	-4.906593973453788893e-01	0.000000000000000000e+00
8.300147111177558212e-01	-5.447164908577052378e-01	0.000000000000000000e+00
8.300147111177558212e-01	-5.447164908577052378e-01	0.000000000000000000e+00
8.300147111177558212e-01	-5.447164908577052378e-01	0.000000000000000000e+00
8.448099434388121054e-01	-6.467718043125233462e-01	0.000000000000000000e+00
8.448099434388121054e-01	-6.467718043125233462e-01	0.000000000000000000e+00
8.448099434388121054e-01	-6.467718043125233462e-01	0.000000000000000000e+00
8.448099434388121054e-01	-6.467718043125233462e-01	0.000000000000000000e+00
8.448099434388121054e-01	-6.467718043125233462e-01	0.000000000000000000e+00
8.448099434388121054e-01	-6.467718043125233462e-01	0.000000000000000000e+00
8.448099434388121054e-01	-6.245616140893830437e-01	0.000000000000000000e+00
8.448099434388121054e-01	-6.245616140893830437e-01	0.000000000000000000e+00
8.448099434388121054e-01	-6.245616140893830437e-01	0.000000000000000000e+00
8.448099434388121054e-01	-6.612967827454920844e-01	0.000000000000000000e+00
8.448099434388121054e-01	-6.612967827454920844e-01	0.000000000000000000e+00
8.448099434388121054e-01	-6.612967827454920844e-01	0.000000000000000000e+00
8.448099434388121054e-01	-6.612967827454920844e-01	0.000000000000000000e+00
8.515009271401330349e-01	-6.712006054532777544e-01	0.000000000000000000e+00
8.515009271401330349e-01	-6.927820578087466874e-01	0.000000000000000000e+00
8.515009271401330349e-01	-6.927820578087466874e-01	0.000000000000000000e+00
8.515009271401330349e-01	-7.008958691889066728e-01	0.000000000000000000e+00
8.515009271401330349e-01	-7.144167929282837504e-01	0.000000000000000000e+00
8.515009271401330349e-01	-7.144167929282837504e-01	0.000000000000000000e+00
8.515009271401330349e-01	-7.144167929282837504e-01	0.000000000000000000e+00
