1.016385125158714153e-02	9.124830574211447720e-01	0.000000000000000000e+00
1.016385125158714153e-02	9.124830574211447720e-01	0.000000000000000000e+00
3.292684320513119406e-02	8.124854322738234158e-01	0.000000000000000000e+00
4.273633921563362026e-02	7.732784675927129037e-01	0.000000000000000000e+00
4.273633921563362026e-02	7.732784675927129037e-01	0.000000000000000000e+00
7.434304949922543315e-02	6.766496783233237888e-01	0.000000000000000000e+00
7.434304949922543315e-02	6.766496783233237888e-01	0.000000000000000000e+00
7.434304949922543315e-02	6.766496783233237888e-01	0.000000000000000000e+00
7.434304949922543315e-02	6.887028827183330204e-01	0.000000000000000000e+00
7.434304949922543315e-02	6.887028827183330204e-01	0.000000000000000000e+00
7.434304949922543315e-02	6.887028827183330204e-01	0.000000000000000000e+00
7.434304949922543315e-02	6.887028827183330204e-01	0.000000000000000000e+00
7.434304949922543315e-02	6.887028827183330204e-01	0.000000000000000000e+00
1.940709052533030610e-01	6.165876101173233259e-01	0.000000000000000000e+00
2.135906320269027603e-01	4.561917212955668988e-01	0.000000000000000000e+00
2.135906320269027603e-01	4.561917212955668988e-01	0.000000000000000000e+00
2.135906320269027603e-01	4.561917212955668988e-01	0.000000000000000000e+00
2.257482689518836849e-01	3.830111426168258948e-01	0.000000000000000000e+00
2.353079597555635671e-01	3.099694728804487376e-01	0.000000000000000000e+00
2.353079597555635671e-01	3.099694728804487376e-01	0.000000000000000000e+00
2.504428284864670951e-01	2.548203640629088107e-01	0.000000000000000000e+00
2.504428284864670951e-01	2.548203640629088107e-01	0.000000000000000000e+00
2.504428284864670951e-01	2.548203640629088107e-01	0.000000000000000000e+00
2.504428284864670951e-01	2.548203640629088107e-01	0.000000000000000000e+00
2.504428284864670951e-01	2.548203640629088107e-01	0.000000000000000000e+00
2.504428284864670951e-01	2.548203640629088107e-01	0.000000000000000000e+00
2.504428284864670951e-01	2.548203640629088107e-01	0.000000000000000000e+00
2.504428284864670951e-01	2.548203640629088107e-01	0.000000000000000000e+00
2.504428284864670951e-01	2.548203640629088107e-01	0.000000000000000000e+00
2.504428284864670951e-01	2.548203640629088107e-01	0.000000000000000000e+00
2.504428284864670951e-01	2.548203640629088107e-01	0.000000000000000000e+00
2.504428284864670951e-01	2.548203640629088107e-01	0.000000000000000000e+00
2.504428284864670951e-01	2.548203640629088107e-01	0.000000000000000000e+00
2.504428284864670951e-01	2.548203640629088107e-01	0.000000000000000000e+00
2.504428284864670951e-01	2.548203640629088107e-01	0.000000000000000000e+00
2.504428284864670951e-01	2.548203640629088107e-01	0.000000000000000000e+00
2.504428284864670951e-01	2.548203640629088107e-01	0.000000000000000000e+00
2.504428284864670951e-01	2.548203640629088107e-01	0.000000000000000000e+00
2.504428284864670951e-01	2.548203640629088107e-01	0.000000000000000000e+00
6.080837796714548826e-01	7.205458633535975765e-02	0.000000000000000000e+00
6.080837796714548826e-01	7.205458633535975765e-02	0.000000000000000000e+00
6.080837796714548826e-01	7.205458633535975765e-02	0.000000000000000000e+00
6.080837796714548826e-01	7.205458633535975765e-02	0.000000000000000000e+00
6.080837796714548826e-01	7.926395920395458428e-02	0.000000000000000000e+00
6.226675168166537766e-01	-1.403839120809367846e-01	0.000000000000000000e+00
6.226675168166537766e-01	-1.403839120809367846e-01	0.000000000000000000e+00
6.226675168166537766e-01	-1.403839120809367846e-01	0.000000000000000000e+00
6.226675168166537766e-01	-1.403839120809367846e-01	0.000000000000000000e+00
6.226675168166537766e-01	-1.558470559029048186e-01	0.000000000000000000e+00
6.226675168166537766e-01	-1.558470559029048186e-01	0.000000000000000000e+00
6.226675168166537766e-01	-1.558470559029048186e-01	0.000000000000000000e+00
6.226675168166537766e-01	-1.558470559029048186e-01	0.000000000000000000e+00
6.226675168166537766e-01	-1.556160420499745622e-01	0.000000000000000000e+00
6.226675168166537766e-01	-1.658266649079289112e-01	0.000000000000000000e+00
6.367389127740257226e-01	-3.318724037551509798e-01	0.000000000000000000e+00
6.367389127740257226e-01	-3.342780790904124055e-01	0.000000000000000000e+00
6.367389127740257226e-01	-3.342780790904124055e-01	0.000000000000000000e+00
6.367389127740257226e-01	-3.342780790904124055e-01	0.000000000000000000e+00
6.367389127740257226e-01	-3.342780790904124055e-01	0.000000000000000000e+00
6.367389127740257226e-01	-3.342780790904124055e-01	0.000000000000000000e+00
6.367389127740257226e-01	-3.342780790904124055e-01	0.000000000000000000e+00
6.367389127740257226e-01	-3.342780790904124055e-01	0.000000000000000000e+00
6.367389127740257226e-01	-3.342780790904124055e-01	0.000000000000000000e+00
6.367389127740257226e-01	-3.447464854329935213e-01	0.000000000000000000e+00
6.367389127740257226e-01	-3.588531416604883728e-01	0.000000000000000000e+00
6.367389127740257226e-01	-3.588531416604883728e-01	0.000000000000000000e+00
6.608898387547623710e-01	-4.001683147251759998e-01	0.000000000000000000e+00
6.608898387547623710e-01	-4.205011035118099705e-01	0.000000000000000000e+00
6.608898387547623710e-01	-4.205011035118099705e-01	0.000000000000000000e+00
6.608898387547623710e-01	-4.205011035118099705e-01	0.000000000000000000e+00
6.608898387547623710e-01	-4.205011035118099705e-01	0.000000000000000000e+00
6.608898387547623710e-01	-4.205011035118099705e-01	0.000000000000000000e+00
6.608898387547623710e-01	-4.205011035118099705e-01	0.000000000000000000e+00
6.608898387547623710e-01	-4.205011035118099705e-01	0.000000000000000000e+00
8.315982383651748799e-01	-5.748472003743242409e-01	0.000000000000000000e+00
8.315982383651748799e-01	-5.748472003743242409e-01	0.000000000000000000e+00
8.315982383651748799e-01	-5.748472003743242409e-01	0.000000000000000000e+00
8.315982383651748799e-01	-5.748472003743242409e-01	0.000000000000000000e+00
8.315982383651748799e-01	-5.698344298521245133e-01	0.000000000000000000e+00
8.315982383651748799e-01	-5.520915711625414835e-01	0.000000000000000000e+00
8.315982383651748799e-01	-5.520915711625414835e-01	0.000000000000000000e+00
8.315982383651748799e-01	-5.520915711625414835e-01	0.000000000000000000e+00
8.315982383651748799e-01	-5.520915711625414835e-01	0.000000000000000000e+00
8.315982383651748799e-01	-5.520915711625414835e-01	0.000000000000000000e+00
8.315982383651748799e-01	-5.605146974530267334e-01	0.000000000000000000e+00
8.315982383651748799e-01	-5.698344298521245133e-01	0.000000000000000000e+00
8.315982383651748799e-01	-5.849129209235185423e-01	0.000000000000000000e+00
8.382548836515464341e-01	-6.562396039574378559e-01	0.000000000000000000e+00
8.382548836515464341e-01	-6.562396039574378559e-01	0.000000000000000000e+00
8.382548836515464341e-01	-6.562396039574378559e-01	0.000000000000000000e+00
8.382548836515464341e-01	-6.562396039574378559e-01	0.000000000000000000e+00
8.382548836515464341e-01	-6.562396039574378559e-01	0.000000000000000000e+00
8.382548836515464341e-01	-6.545264983359613264e-01	0.000000000000000000e+00
8.382548836515464341e-01	-6.545264983359613264e-01	0.000000000000000000e+00
8.382548836515464341e-01	-6.625150697814343737e-01	0.000000000000000000e+00
8.382548836515464341e-01	-6.688101106016043351e-01	0.000000000000000000e+00
8.382548836515464341e-01	-6.688101106016043351e-01	0.000000000000000000e+00
8.382548836515464341e-01	-6.688101106016043351e-01	0.000000000000000000e+00
8.382548836515464341e-01	-6.688101106016043351e-01	0.000000000000000000e+00
8.382548836515464341e-01	-6.688101106016043351e-01	0.000000000000000000e+00
