1.016385125158714153e-02	8.972033547467762604e-01	0.000000000000000000e+00
1.016385125158714153e-02	8.972033547467762604e-01	0.000000000000000000e+00
3.292684320513119406e-02	8.009445981352786292e-01	0.000000000000000000e+00
4.273633921563362026e-02	7.516438475396827190e-01	0.000000000000000000e+00
4.273633921563362026e-02	7.516438475396827190e-01	0.000000000000000000e+00
7.434304949922543315e-02	6.736986340750202862e-01	0.000000000000000000e+00
7.434304949922543315e-02	6.736986340750202862e-01	0.000000000000000000e+00
7.434304949922543315e-02	6.736986340750202862e-01	0.000000000000000000e+00
7.434304949922543315e-02	6.736986340750202862e-01	0.000000000000000000e+00
7.434304949922543315e-02	6.736986340750202862e-01	0.000000000000000000e+00
7.434304949922543315e-02	6.736986340750202862e-01	0.000000000000000000e+00
7.434304949922543315e-02	6.736986340750202862e-01	0.000000000000000000e+00
7.434304949922543315e-02	6.736986340750202862e-01	0.000000000000000000e+00
1.940709052533030610e-01	6.013137317195440534e-01	0.000000000000000000e+00
2.135906320269027603e-01	4.973268829525908097e-01	0.000000000000000000e+00
2.135906320269027603e-01	4.493918058670516857e-01	0.000000000000000000e+00
2.257482689518836849e-01	3.652840961967213640e-01	0.000000000000000000e+00
2.257482689518836849e-01	3.652840961967213640e-01	0.000000000000000000e+00
2.353079597555635671e-01	3.206351920935001654e-01	0.000000000000000000e+00
2.504428284864670951e-01	2.531893765148390818e-01	0.000000000000000000e+00
2.504428284864670951e-01	2.491387739184213190e-01	0.000000000000000000e+00
2.504428284864670951e-01	2.531893765148390818e-01	0.000000000000000000e+00
2.504428284864670951e-01	2.531893765148390818e-01	0.000000000000000000e+00
2.513479971423006609e-01	2.532093435991641939e-01	0.000000000000000000e+00
2.513479971423006609e-01	2.475311682680439440e-01	0.000000000000000000e+00
2.513479971423006609e-01	2.475311682680439440e-01	0.000000000000000000e+00
2.513479971423006609e-01	2.475311682680439440e-01	0.000000000000000000e+00
2.513479971423006609e-01	2.475311682680439440e-01	0.000000000000000000e+00
2.513479971423006609e-01	2.475311682680439440e-01	0.000000000000000000e+00
2.513479971423006609e-01	2.475311682680439440e-01	0.000000000000000000e+00
2.513479971423006609e-01	2.475311682680439440e-01	0.000000000000000000e+00
2.513479971423006609e-01	2.475311682680439440e-01	0.000000000000000000e+00
2.504428284864670951e-01	2.491387739184213190e-01	0.000000000000000000e+00
2.504428284864670951e-01	2.491387739184213190e-01	0.000000000000000000e+00
2.504428284864670951e-01	2.491387739184213190e-01	0.000000000000000000e+00
2.504428284864670951e-01	2.491387739184213190e-01	0.000000000000000000e+00
2.504428284864670951e-01	2.491387739184213190e-01	0.000000000000000000e+00
2.504428284864670951e-01	2.548203640629088107e-01	0.000000000000000000e+00
6.080837796714548826e-01	1.117755708872062159e-01	0.000000000000000000e+00
6.080837796714548826e-01	9.225661230947153346e-02	0.000000000000000000e+00
6.080837796714548826e-01	9.225661230947153346e-02	0.000000000000000000e+00
6.080837796714548826e-01	9.225661230947153346e-02	0.000000000000000000e+00
6.080837796714548826e-01	7.205458633535975765e-02	0.000000000000000000e+00
6.226675168166537766e-01	-1.322772457513257949e-01	0.000000000000000000e+00
6.226675168166537766e-01	-1.206897245687448827e-01	0.000000000000000000e+00
6.226675168166537766e-01	-1.206897245687448827e-01	0.000000000000000000e+00
6.226675168166537766e-01	-1.206897245687448827e-01	0.000000000000000000e+00
6.226675168166537766e-01	-1.206897245687448827e-01	0.000000000000000000e+00
6.226675168166537766e-01	-1.206897245687448827e-01	0.000000000000000000e+00
6.226675168166537766e-01	-1.206897245687448827e-01	0.000000000000000000e+00
6.226675168166537766e-01	-1.374347896938400149e-01	0.000000000000000000e+00
6.367389127740257226e-01	-3.295177432358773473e-01	0.000000000000000000e+00
6.367389127740257226e-01	-3.295177432358773473e-01	0.000000000000000000e+00
6.367389127740257226e-01	-3.295177432358773473e-01	0.000000000000000000e+00
6.367389127740257226e-01	-3.295177432358773473e-01	0.000000000000000000e+00
6.367389127740257226e-01	-3.295177432358773473e-01	0.000000000000000000e+00
6.367389127740257226e-01	-3.295177432358773473e-01	0.000000000000000000e+00
6.367389127740257226e-01	-3.395866686096570830e-01	0.000000000000000000e+00
6.367389127740257226e-01	-3.395866686096570830e-01	0.000000000000000000e+00
6.367389127740257226e-01	-3.395866686096570830e-01	0.000000000000000000e+00
6.367389127740257226e-01	-3.395866686096570830e-01	0.000000000000000000e+00
6.367389127740257226e-01	-3.540287806399415316e-01	0.000000000000000000e+00
6.608898387547623710e-01	-4.004727130473991759e-01	0.000000000000000000e+00
6.608898387547623710e-01	-4.004727130473991759e-01	0.000000000000000000e+00
6.608898387547623710e-01	-4.004727130473991759e-01	0.000000000000000000e+00
6.608898387547623710e-01	-4.205462963995258430e-01	0.000000000000000000e+00
6.608898387547623710e-01	-4.236036241360077170e-01	0.000000000000000000e+00
6.608898387547623710e-01	-4.276431600123629106e-01	0.000000000000000000e+00
6.608898387547623710e-01	-4.276431600123629106e-01	0.000000000000000000e+00
6.608898387547623710e-01	-4.287664925340042843e-01	0.000000000000000000e+00
6.608898387547623710e-01	-4.297492855114583565e-01	0.000000000000000000e+00
6.608898387547623710e-01	-4.338553323304151776e-01	0.000000000000000000e+00
8.305416660597582101e-01	-5.818001352540689286e-01	0.000000000000000000e+00
8.305416660597582101e-01	-5.818001352540689286e-01	0.000000000000000000e+00
8.305416660597582101e-01	-5.818001352540689286e-01	0.000000000000000000e+00
8.305416660597582101e-01	-5.818001352540689286e-01	0.000000000000000000e+00
8.305416660597582101e-01	-5.818001352540689286e-01	0.000000000000000000e+00
8.305416660597582101e-01	-5.818001352540689286e-01	0.000000000000000000e+00
8.305416660597582101e-01	-5.818001352540689286e-01	0.000000000000000000e+00
8.305416660597582101e-01	-5.818001352540689286e-01	0.000000000000000000e+00
8.305416660597582101e-01	-5.818001352540689286e-01	0.000000000000000000e+00
8.305416660597582101e-01	-5.818001352540689286e-01	0.000000000000000000e+00
8.382548836515464341e-01	-6.333298577544281827e-01	0.000000000000000000e+00
8.382548836515464341e-01	-6.589606600805635317e-01	0.000000000000000000e+00
8.382548836515464341e-01	-6.589606600805635317e-01	0.000000000000000000e+00
8.382548836515464341e-01	-6.589606600805635317e-01	0.000000000000000000e+00
8.382548836515464341e-01	-6.676483031713296157e-01	0.000000000000000000e+00
8.382548836515464341e-01	-6.676483031713296157e-01	0.000000000000000000e+00
8.382548836515464341e-01	-6.676483031713296157e-01	0.000000000000000000e+00
8.382548836515464341e-01	-6.676483031713296157e-01	0.000000000000000000e+00
8.382548836515464341e-01	-6.764690581399683822e-01	0.000000000000000000e+00
8.495805723007343602e-01	-7.416488932284274194e-01	0.000000000000000000e+00
8.495805723007343602e-01	-7.416488932284274194e-01	0.000000000000000000e+00
8.495805723007343602e-01	-7.416488932284274194e-01	0.000000000000000000e+00
8.495805723007343602e-01	-7.416488932284274194e-01	0.000000000000000000e+00
8.495805723007343602e-01	-7.416488932284274194e-01	0.000000000000000000e+00
8.495805723007343602e-01	-7.416488932284274194e-01	0.000000000000000000e+00
8.495805723007343602e-01	-7.416488932284274194e-01	0.000000000000000000e+00
8.495805723007343602e-01	-7.518971339337257032e-01	0.000000000000000000e+00
8.495805723007343602e-01	-7.518971339337257032e-01	0.000000000000000000e+00
