2.175795138943233120e-02	1.495266646628670593e+00	0.000000000000000000e+00
3.292684320513119406e-02	1.355221854399090375e+00	0.000000000000000000e+00
3.292684320513119406e-02	1.355221854399090375e+00	0.000000000000000000e+00
3.292684320513119406e-02	1.355221854399090375e+00	0.000000000000000000e+00
7.656845498808216577e-02	1.204539955831987807e+00	0.000000000000000000e+00
7.656845498808216577e-02	1.204539955831987807e+00	0.000000000000000000e+00
7.656845498808216577e-02	1.199719615046944909e+00	0.000000000000000000e+00
7.656845498808216577e-02	1.199719615046944909e+00	0.000000000000000000e+00
7.656845498808216577e-02	1.199719615046944909e+00	0.000000000000000000e+00
7.656845498808216577e-02	1.199719615046944909e+00	0.000000000000000000e+00
7.656845498808216577e-02	1.199719615046944909e+00	0.000000000000000000e+00
1.940709052533030610e-01	1.080577220105140679e+00	0.000000000000000000e+00
1.940709052533030610e-01	1.080577220105140679e+00	0.000000000000000000e+00
1.940709052533030610e-01	1.080577220105140679e+00	0.000000000000000000e+00
2.399505767886498109e-01	7.332004090727382017e-01	0.000000000000000000e+00
2.399505767886498109e-01	7.332004090727382017e-01	0.000000000000000000e+00
2.399505767886498109e-01	7.332004090727382017e-01	0.000000000000000000e+00
2.399505767886498109e-01	6.329226451311725787e-01	0.000000000000000000e+00
2.399505767886498109e-01	5.898877066257952606e-01	0.000000000000000000e+00
2.399505767886498109e-01	5.898877066257952606e-01	0.000000000000000000e+00
2.504428284864670951e-01	5.554731064109857952e-01	0.000000000000000000e+00
2.504428284864670951e-01	5.554731064109857952e-01	0.000000000000000000e+00
2.504428284864670951e-01	5.550019095683920156e-01	0.000000000000000000e+00
2.504428284864670951e-01	5.550019095683920156e-01	0.000000000000000000e+00
2.504428284864670951e-01	5.550019095683920156e-01	0.000000000000000000e+00
2.504428284864670951e-01	5.550019095683920156e-01	0.000000000000000000e+00
2.504428284864670951e-01	5.270977207375899809e-01	0.000000000000000000e+00
2.504428284864670951e-01	5.270977207375899809e-01	0.000000000000000000e+00
2.504428284864670951e-01	5.270977207375899809e-01	0.000000000000000000e+00
2.504428284864670951e-01	5.270977207375899809e-01	0.000000000000000000e+00
2.504428284864670951e-01	5.270977207375899809e-01	0.000000000000000000e+00
2.504428284864670951e-01	5.270977207375899809e-01	0.000000000000000000e+00
2.504428284864670951e-01	5.150914365664419625e-01	0.000000000000000000e+00
2.504428284864670951e-01	5.150914365664419625e-01	0.000000000000000000e+00
2.504428284864670951e-01	5.121820798865917013e-01	0.000000000000000000e+00
2.504428284864670951e-01	5.121820798865917013e-01	0.000000000000000000e+00
2.504428284864670951e-01	5.121820798865917013e-01	0.000000000000000000e+00
2.504428284864670951e-01	5.121820798865917013e-01	0.000000000000000000e+00
2.504428284864670951e-01	5.121820798865917013e-01	0.000000000000000000e+00
2.504428284864670951e-01	5.121820798865917013e-01	0.000000000000000000e+00
2.504428284864670951e-01	5.121820798865917013e-01	0.000000000000000000e+00
6.087107821332201629e-01	3.313759380779170427e-01	0.000000000000000000e+00
6.087107821332201629e-01	3.313759380779170427e-01	0.000000000000000000e+00
6.087107821332201629e-01	3.313759380779170427e-01	0.000000000000000000e+00
6.087107821332201629e-01	3.313759380779170427e-01	0.000000000000000000e+00
6.087107821332201629e-01	3.313759380779170427e-01	0.000000000000000000e+00
6.087107821332201629e-01	3.313759380779170427e-01	0.000000000000000000e+00
6.087107821332201629e-01	3.095199628289443949e-01	0.000000000000000000e+00
6.087107821332201629e-01	3.095199628289443949e-01	0.000000000000000000e+00
6.367389127740257226e-01	4.180998628676885903e-02	0.000000000000000000e+00
6.367389127740257226e-01	4.180998628676885903e-02	0.000000000000000000e+00
6.367389127740257226e-01	4.180998628676885903e-02	0.000000000000000000e+00
6.367389127740257226e-01	4.180998628676885903e-02	0.000000000000000000e+00
6.367389127740257226e-01	4.180998628676885903e-02	0.000000000000000000e+00
6.367389127740257226e-01	4.180998628676885903e-02	0.000000000000000000e+00
6.367389127740257226e-01	4.180998628676885903e-02	0.000000000000000000e+00
6.367389127740257226e-01	4.180998628676885903e-02	0.000000000000000000e+00
6.367389127740257226e-01	2.303598660209408774e-02	0.000000000000000000e+00
6.367389127740257226e-01	2.303598660209408774e-02	0.000000000000000000e+00
6.367389127740257226e-01	2.303598660209408774e-02	0.000000000000000000e+00
6.367389127740257226e-01	2.303598660209408774e-02	0.000000000000000000e+00
6.367389127740257226e-01	2.303598660209408774e-02	0.000000000000000000e+00
6.367389127740257226e-01	6.833454310372891541e-03	0.000000000000000000e+00
6.367389127740257226e-01	1.578838780247812310e-02	0.000000000000000000e+00
6.367389127740257226e-01	-7.041512355643281089e-03	0.000000000000000000e+00
6.367389127740257226e-01	-7.041512355643281089e-03	0.000000000000000000e+00
6.367389127740257226e-01	-7.041512355643281089e-03	0.000000000000000000e+00
6.367389127740257226e-01	-7.041512355643281089e-03	0.000000000000000000e+00
6.367389127740257226e-01	-7.041512355643281089e-03	0.000000000000000000e+00
8.389915817089728112e-01	-2.709165789554079939e-01	0.000000000000000000e+00
8.389915817089728112e-01	-2.709165789554079939e-01	0.000000000000000000e+00
8.389915817089728112e-01	-2.709165789554079939e-01	0.000000000000000000e+00
8.389915817089728112e-01	-2.351478560254189887e-01	0.000000000000000000e+00
8.389915817089728112e-01	-2.351478560254189887e-01	0.000000000000000000e+00
8.389915817089728112e-01	-2.351478560254189887e-01	0.000000000000000000e+00
8.389915817089728112e-01	-2.351478560254189887e-01	0.000000000000000000e+00
8.389915817089728112e-01	-2.351478560254189887e-01	0.000000000000000000e+00
8.389915817089728112e-01	-2.351478560254189887e-01	0.000000000000000000e+00
8.389915817089728112e-01	-2.351478560254189887e-01	0.000000000000000000e+00
8.389915817089728112e-01	-2.351478560254189887e-01	0.000000000000000000e+00
8.389915817089728112e-01	-2.388777633801878186e-01	0.000000000000000000e+00
8.389915817089728112e-01	-2.388777633801878186e-01	0.000000000000000000e+00
8.389915817089728112e-01	-2.388777633801878186e-01	0.000000000000000000e+00
8.389915817089728112e-01	-2.388777633801878186e-01	0.000000000000000000e+00
8.389915817089728112e-01	-2.388777633801878186e-01	0.000000000000000000e+00
8.389915817089728112e-01	-2.388777633801878186e-01	0.000000000000000000e+00
8.389915817089728112e-01	-2.388777633801878186e-01	0.000000000000000000e+00
8.389915817089728112e-01	-2.341937266620582048e-01	0.000000000000000000e+00
8.389915817089728112e-01	-2.341937266620582048e-01	0.000000000000000000e+00
8.389915817089728112e-01	-2.431948317460817799e-01	0.000000000000000000e+00
8.389915817089728112e-01	-2.774103399175717466e-01	0.000000000000000000e+00
8.389915817089728112e-01	-2.833045556090896810e-01	0.000000000000000000e+00
8.389915817089728112e-01	-2.833045556090896810e-01	0.000000000000000000e+00
8.389915817089728112e-01	-2.833045556090896810e-01	0.000000000000000000e+00
8.389915817089728112e-01	-2.833045556090896810e-01	0.000000000000000000e+00
8.389915817089728112e-01	-2.833045556090896810e-01	0.000000000000000000e+00
8.389915817089728112e-01	-2.833045556090896810e-01	0.000000000000000000e+00
8.389915817089728112e-01	-2.833045556090896810e-01	0.000000000000000000e+00
8.389915817089728112e-01	-2.833045556090896810e-01	0.000000000000000000e+00
8.389915817089728112e-01	-2.833045556090896810e-01	0.000000000000000000e+00
