1.016385125158714153e-02	1.084992260464079372e+00	0.000000000000000000e+00
1.016385125158714153e-02	1.084992260464079372e+00	0.000000000000000000e+00
3.292684320513119406e-02	9.356166079092673726e-01	0.000000000000000000e+00
3.292684320513119406e-02	9.356166079092673726e-01	0.000000000000000000e+00
3.292684320513119406e-02	9.356166079092673726e-01	0.000000000000000000e+00
7.656845498808216577e-02	7.969211207176856160e-01	0.000000000000000000e+00
7.656845498808216577e-02	7.969211207176856160e-01	0.000000000000000000e+00
7.656845498808216577e-02	7.969211207176856160e-01	0.000000000000000000e+00
7.656845498808216577e-02	7.984266024976608422e-01	0.000000000000000000e+00
7.656845498808216577e-02	7.984266024976608422e-01	0.000000000000000000e+00
7.656845498808216577e-02	7.984266024976608422e-01	0.000000000000000000e+00
7.656845498808216577e-02	7.984266024976608422e-01	0.000000000000000000e+00
7.656845498808216577e-02	7.984266024976608422e-01	0.000000000000000000e+00
1.940709052533030610e-01	7.152235836649057932e-01	0.000000000000000000e+00
2.135906320269027603e-01	5.546442229676445956e-01	0.000000000000000000e+00
2.135906320269027603e-01	5.546442229676445956e-01	0.000000000000000000e+00
2.190231340706459973e-01	5.286593854652100744e-01	0.000000000000000000e+00
2.257482689518836849e-01	4.598120150541629703e-01	0.000000000000000000e+00
2.257482689518836849e-01	4.342459640673564381e-01	0.000000000000000000e+00
2.353079597555635671e-01	3.876016435022920925e-01	0.000000000000000000e+00
2.353079597555635671e-01	3.876016435022920925e-01	0.000000000000000000e+00
2.504428284864670951e-01	2.966078381067653869e-01	0.000000000000000000e+00
2.504428284864670951e-01	2.966078381067653869e-01	0.000000000000000000e+00
2.504428284864670951e-01	2.966078381067653869e-01	0.000000000000000000e+00
2.504428284864670951e-01	2.966078381067653869e-01	0.000000000000000000e+00
2.504428284864670951e-01	2.966078381067653869e-01	0.000000000000000000e+00
2.504428284864670951e-01	2.966078381067653869e-01	0.000000000000000000e+00
2.504428284864670951e-01	2.966078381067653869e-01	0.000000000000000000e+00
2.504428284864670951e-01	2.966078381067653869e-01	0.000000000000000000e+00
2.504428284864670951e-01	2.966078381067653869e-01	0.000000000000000000e+00
2.504428284864670951e-01	2.966078381067653869e-01	0.000000000000000000e+00
2.504428284864670951e-01	2.966078381067653869e-01	0.000000000000000000e+00
2.504428284864670951e-01	2.966078381067653869e-01	0.000000000000000000e+00
2.504428284864670951e-01	2.966078381067653869e-01	0.000000000000000000e+00
2.504428284864670951e-01	2.966078381067653869e-01	0.000000000000000000e+00
2.504428284864670951e-01	2.966078381067653869e-01	0.000000000000000000e+00
2.504428284864670951e-01	2.966078381067653869e-01	0.000000000000000000e+00
2.504428284864670951e-01	3.084875044370221642e-01	0.000000000000000000e+00
2.504428284864670951e-01	3.084875044370221642e-01	0.000000000000000000e+00
2.504428284864670951e-01	3.084875044370221642e-01	0.000000000000000000e+00
6.080837796714548826e-01	1.298505098719859585e-01	0.000000000000000000e+00
6.080837796714548826e-01	1.298505098719859585e-01	0.000000000000000000e+00
6.080837796714548826e-01	1.769626298955750132e-01	0.000000000000000000e+00
6.080837796714548826e-01	1.769626298955750132e-01	0.000000000000000000e+00
6.080837796714548826e-01	1.696125697039083946e-01	0.000000000000000000e+00
6.080837796714548826e-01	1.389735957323504356e-01	0.000000000000000000e+00
6.226675168166537766e-01	-1.245068953345751517e-01	0.000000000000000000e+00
6.226675168166537766e-01	-7.418814663397420295e-02	0.000000000000000000e+00
6.226675168166537766e-01	-7.418814663397420295e-02	0.000000000000000000e+00
6.226675168166537766e-01	-8.465000102193687148e-02	0.000000000000000000e+00
6.226675168166537766e-01	-8.465000102193687148e-02	0.000000000000000000e+00
6.226675168166537766e-01	-8.465000102193687148e-02	0.000000000000000000e+00
6.226675168166537766e-01	-8.465000102193687148e-02	0.000000000000000000e+00
6.226675168166537766e-01	-8.465000102193687148e-02	0.000000000000000000e+00
6.226675168166537766e-01	-8.465000102193687148e-02	0.000000000000000000e+00
6.226675168166537766e-01	-8.465000102193687148e-02	0.000000000000000000e+00
6.367389127740257226e-01	-2.845873076775460309e-01	0.000000000000000000e+00
6.367389127740257226e-01	-2.845873076775460309e-01	0.000000000000000000e+00
6.367389127740257226e-01	-2.845873076775460309e-01	0.000000000000000000e+00
6.367389127740257226e-01	-2.845873076775460309e-01	0.000000000000000000e+00
6.367389127740257226e-01	-2.845873076775460309e-01	0.000000000000000000e+00
6.367389127740257226e-01	-2.845873076775460309e-01	0.000000000000000000e+00
6.367389127740257226e-01	-2.850974174506504255e-01	0.000000000000000000e+00
6.367389127740257226e-01	-2.981698804985031259e-01	0.000000000000000000e+00
6.367389127740257226e-01	-3.051451050654325203e-01	0.000000000000000000e+00
6.367389127740257226e-01	-3.051451050654325203e-01	0.000000000000000000e+00
6.367389127740257226e-01	-3.051451050654325203e-01	0.000000000000000000e+00
6.367389127740257226e-01	-3.051451050654325203e-01	0.000000000000000000e+00
6.367389127740257226e-01	-3.051451050654325203e-01	0.000000000000000000e+00
6.367389127740257226e-01	-3.305610684386794396e-01	0.000000000000000000e+00
6.367389127740257226e-01	-3.305610684386794396e-01	0.000000000000000000e+00
6.367389127740257226e-01	-3.305610684386794396e-01	0.000000000000000000e+00
6.367389127740257226e-01	-3.305610684386794396e-01	0.000000000000000000e+00
6.367389127740257226e-01	-3.305610684386794396e-01	0.000000000000000000e+00
6.367389127740257226e-01	-3.305610684386794396e-01	0.000000000000000000e+00
6.367389127740257226e-01	-3.293143320161708298e-01	0.000000000000000000e+00
8.315982383651748799e-01	-4.639086541376789552e-01	0.000000000000000000e+00
8.315982383651748799e-01	-4.639086541376789552e-01	0.000000000000000000e+00
8.315982383651748799e-01	-4.293685234609138091e-01	0.000000000000000000e+00
8.315982383651748799e-01	-4.293685234609138091e-01	0.000000000000000000e+00
8.315982383651748799e-01	-4.293685234609138091e-01	0.000000000000000000e+00
8.315982383651748799e-01	-4.293685234609138091e-01	0.000000000000000000e+00
8.315982383651748799e-01	-4.293685234609138091e-01	0.000000000000000000e+00
8.315982383651748799e-01	-4.293685234609138091e-01	0.000000000000000000e+00
8.315982383651748799e-01	-4.560681651883246035e-01	0.000000000000000000e+00
8.315982383651748799e-01	-4.560681651883246035e-01	0.000000000000000000e+00
8.315982383651748799e-01	-4.657558677319914575e-01	0.000000000000000000e+00
8.315982383651748799e-01	-4.764927590881887220e-01	0.000000000000000000e+00
8.382548836515464341e-01	-5.524288767711869053e-01	0.000000000000000000e+00
8.382548836515464341e-01	-5.524288767711869053e-01	0.000000000000000000e+00
8.382548836515464341e-01	-5.524288767711869053e-01	0.000000000000000000e+00
8.382548836515464341e-01	-5.470003935027943909e-01	0.000000000000000000e+00
8.382548836515464341e-01	-5.627890195799379880e-01	0.000000000000000000e+00
8.382548836515464341e-01	-5.627890195799379880e-01	0.000000000000000000e+00
8.382548836515464341e-01	-5.627890195799379880e-01	0.000000000000000000e+00
8.382548836515464341e-01	-5.627890195799379880e-01	0.000000000000000000e+00
8.382548836515464341e-01	-5.627890195799379880e-01	0.000000000000000000e+00
8.382548836515464341e-01	-5.680543355505067726e-01	0.000000000000000000e+00
8.382548836515464341e-01	-5.680543355505067726e-01	0.000000000000000000e+00
8.382548836515464341e-01	-5.680543355505067726e-01	0.000000000000000000e+00
