8.756250900112283464e-02	4.859223699888516990e+00	0.000000000000000000e+00
8.756250900112283464e-02	4.704813125219918568e+00	0.000000000000000000e+00
8.756250900112283464e-02	4.704813125219918568e+00	0.000000000000000000e+00
8.756250900112283464e-02	4.704813125219918568e+00	0.000000000000000000e+00
8.756250900112283464e-02	4.704813125219918568e+00	0.000000000000000000e+00
8.756250900112283464e-02	4.373640950016874029e+00	0.000000000000000000e+00
8.756250900112283464e-02	4.704813125219918568e+00	0.000000000000000000e+00
8.756250900112283464e-02	4.704813125219918568e+00	0.000000000000000000e+00
8.756250900112283464e-02	4.461798559776597450e+00	0.000000000000000000e+00
3.006117838583662882e-01	3.915915651550986976e+00	0.000000000000000000e+00
3.006117838583662882e-01	3.915915651550986976e+00	0.000000000000000000e+00
2.026490513477238187e-01	4.142502598838802008e+00	0.000000000000000000e+00
2.449941384141697265e-01	3.812752425086077590e+00	0.000000000000000000e+00
3.006117838583662882e-01	3.344588185692824567e+00	0.000000000000000000e+00
3.006117838583662882e-01	3.344588185692824567e+00	0.000000000000000000e+00
3.006117838583662882e-01	3.344588185692824567e+00	0.000000000000000000e+00
3.006117838583662882e-01	3.344588185692824567e+00	0.000000000000000000e+00
3.006117838583662882e-01	3.344588185692824567e+00	0.000000000000000000e+00
3.006117838583662882e-01	3.344588185692824567e+00	0.000000000000000000e+00
3.006117838583662882e-01	3.344588185692824567e+00	0.000000000000000000e+00
3.006117838583662882e-01	3.344588185692824567e+00	0.000000000000000000e+00
3.006117838583662882e-01	3.344588185692824567e+00	0.000000000000000000e+00
3.006117838583662882e-01	3.344588185692824567e+00	0.000000000000000000e+00
3.415696533192448259e-01	2.941857739634943236e+00	0.000000000000000000e+00
3.415696533192448259e-01	2.941857739634943236e+00	0.000000000000000000e+00
3.415696533192448259e-01	2.941857739634943236e+00	0.000000000000000000e+00
3.415696533192448259e-01	2.941857739634943236e+00	0.000000000000000000e+00
3.415696533192448259e-01	2.941857739634943236e+00	0.000000000000000000e+00
3.415696533192448259e-01	2.941857739634943236e+00	0.000000000000000000e+00
3.415696533192448259e-01	2.941857739634943236e+00	0.000000000000000000e+00
3.415696533192448259e-01	2.941857739634943236e+00	0.000000000000000000e+00
3.415696533192448259e-01	2.941857739634943236e+00	0.000000000000000000e+00
6.143392207659897908e-01	3.330370852393077286e+00	0.000000000000000000e+00
6.453939109129911422e-01	3.069571479550704307e+00	0.000000000000000000e+00
6.143392207659897908e-01	3.297751642845549558e+00	0.000000000000000000e+00
8.487979759362573873e-01	2.384165248923679314e+00	0.000000000000000000e+00
8.487979759362573873e-01	2.384165248923679314e+00	0.000000000000000000e+00
8.487979759362573873e-01	2.384165248923679314e+00	0.000000000000000000e+00
8.487979759362573873e-01	2.384165248923679314e+00	0.000000000000000000e+00
8.487979759362573873e-01	2.384165248923679314e+00	0.000000000000000000e+00
8.487979759362573873e-01	2.326229048238489305e+00	0.000000000000000000e+00
8.487979759362573873e-01	2.326229048238489305e+00	0.000000000000000000e+00
8.487979759362573873e-01	2.326229048238489305e+00	0.000000000000000000e+00
8.487979759362573873e-01	2.326229048238489305e+00	0.000000000000000000e+00
9.989014321048791389e-01	2.897115301511417496e+00	0.000000000000000000e+00
9.989014321048791389e-01	2.897115301511417496e+00	0.000000000000000000e+00
9.989014321048791389e-01	2.897115301511417496e+00	0.000000000000000000e+00
1.000000000000000000e+00	2.569410367854918498e+00	0.000000000000000000e+00
1.000000000000000000e+00	2.569410367854918498e+00	0.000000000000000000e+00
1.000000000000000000e+00	2.569410367854918498e+00	0.000000000000000000e+00
1.000000000000000000e+00	2.569410367854918498e+00	0.000000000000000000e+00
1.000000000000000000e+00	2.569410367854918498e+00	0.000000000000000000e+00
1.000000000000000000e+00	2.569410367854918498e+00	0.000000000000000000e+00
8.335651920874527221e-01	2.566913319329492182e+00	0.000000000000000000e+00
1.000000000000000000e+00	2.569410367854918498e+00	0.000000000000000000e+00
9.989014321048791389e-01	2.872492766381258722e+00	0.000000000000000000e+00
9.989014321048791389e-01	2.872492766381258722e+00	0.000000000000000000e+00
9.989014321048791389e-01	2.937279066915157610e+00	0.000000000000000000e+00
9.989014321048791389e-01	2.937279066915157610e+00	0.000000000000000000e+00
9.989014321048791389e-01	2.937279066915157610e+00	0.000000000000000000e+00
5.972495463248951308e-01	3.284223973555262965e+00	0.000000000000000000e+00
5.972495463248951308e-01	3.284223973555262965e+00	0.000000000000000000e+00
5.972495463248951308e-01	2.945865834976515885e+00	0.000000000000000000e+00
5.972495463248951308e-01	2.945865834976515885e+00	0.000000000000000000e+00
6.447877834177091483e-01	2.250310994838534029e+00	0.000000000000000000e+00
5.972495463248951308e-01	2.945865834976515885e+00	0.000000000000000000e+00
5.972495463248951308e-01	2.945865834976515885e+00	0.000000000000000000e+00
8.261623634355195200e-01	2.785202470419770648e+00	0.000000000000000000e+00
8.261623634355195200e-01	2.785202470419770648e+00	0.000000000000000000e+00
8.324765945664999167e-01	2.099956318502055108e+00	0.000000000000000000e+00
8.261623634355195200e-01	2.552600339704768739e+00	0.000000000000000000e+00
8.261623634355195200e-01	2.552600339704768739e+00	0.000000000000000000e+00
8.261623634355195200e-01	2.520307579871015946e+00	0.000000000000000000e+00
8.261623634355195200e-01	2.520307579871015946e+00	0.000000000000000000e+00
8.261623634355195200e-01	2.503308432489527835e+00	0.000000000000000000e+00
8.261623634355195200e-01	2.503308432489527835e+00	0.000000000000000000e+00
8.261623634355195200e-01	2.503308432489527835e+00	0.000000000000000000e+00
8.261623634355195200e-01	2.503308432489527835e+00	0.000000000000000000e+00
8.261623634355195200e-01	2.503308432489527835e+00	0.000000000000000000e+00
8.261623634355195200e-01	2.503308432489527835e+00	0.000000000000000000e+00
8.261623634355195200e-01	2.503308432489527835e+00	0.000000000000000000e+00
8.261623634355195200e-01	2.503308432489527835e+00	0.000000000000000000e+00
8.261623634355195200e-01	2.916425578369282512e+00	0.000000000000000000e+00
8.261623634355195200e-01	2.676185225154792402e+00	0.000000000000000000e+00
8.261623634355195200e-01	2.622379893729237299e+00	0.000000000000000000e+00
8.261623634355195200e-01	2.622379893729237299e+00	0.000000000000000000e+00
8.261623634355195200e-01	2.564993995960783035e+00	0.000000000000000000e+00
8.261623634355195200e-01	2.564993995960783035e+00	0.000000000000000000e+00
8.261623634355195200e-01	2.564993995960783035e+00	0.000000000000000000e+00
8.261623634355195200e-01	2.564993995960783035e+00	0.000000000000000000e+00
8.261623634355195200e-01	2.440711586274604272e+00	0.000000000000000000e+00
8.261623634355195200e-01	2.440711586274604272e+00	0.000000000000000000e+00
8.261623634355195200e-01	2.440711586274604272e+00	0.000000000000000000e+00
8.261623634355195200e-01	2.440711586274604272e+00	0.000000000000000000e+00
8.261623634355195200e-01	2.440711586274604272e+00	0.000000000000000000e+00
8.261623634355195200e-01	2.440711586274604272e+00	0.000000000000000000e+00
8.261623634355195200e-01	2.440711586274604272e+00	0.000000000000000000e+00
8.261623634355195200e-01	2.440711586274604272e+00	0.000000000000000000e+00
8.261623634355195200e-01	2.440711586274604272e+00	0.000000000000000000e+00
8.261623634355195200e-01	2.440711586274604272e+00	0.000000000000000000e+00
