1.016385125158714153e-02	9.120030197571947772e-01	0.000000000000000000e+00
1.016385125158714153e-02	8.959935533426094389e-01	0.000000000000000000e+00
3.213615117747802008e-02	7.935275573440437880e-01	0.000000000000000000e+00
4.273633921563362026e-02	7.516438475396827190e-01	0.000000000000000000e+00
4.855900063606379685e-02	7.311296805573451740e-01	0.000000000000000000e+00
7.434304949922543315e-02	6.736986340750202862e-01	0.000000000000000000e+00
8.118975395718094901e-02	6.698275430654937468e-01	0.000000000000000000e+00
8.118975395718094901e-02	6.698275430654937468e-01	0.000000000000000000e+00
8.118975395718094901e-02	6.698275430654937468e-01	0.000000000000000000e+00
8.118975395718094901e-02	6.698275430654937468e-01	0.000000000000000000e+00
8.118975395718094901e-02	6.698275430654937468e-01	0.000000000000000000e+00
8.118975395718094901e-02	6.698275430654937468e-01	0.000000000000000000e+00
1.940709052533030610e-01	5.954057306954235740e-01	0.000000000000000000e+00
2.016183442415840077e-01	5.407344653984437199e-01	0.000000000000000000e+00
2.135906320269027603e-01	4.525306325582887923e-01	0.000000000000000000e+00
2.135906320269027603e-01	4.493918058670516857e-01	0.000000000000000000e+00
2.257482689518836849e-01	3.615341100930080098e-01	0.000000000000000000e+00
2.329087597415532285e-01	3.330042747437525485e-01	0.000000000000000000e+00
2.353079597555635671e-01	3.042298432883833170e-01	0.000000000000000000e+00
2.504428284864670951e-01	2.536071891906793718e-01	0.000000000000000000e+00
2.513479971423006609e-01	2.475311682680439440e-01	0.000000000000000000e+00
2.513479971423006609e-01	2.475311682680439440e-01	0.000000000000000000e+00
2.513479971423006609e-01	2.475311682680439440e-01	0.000000000000000000e+00
2.513479971423006609e-01	2.475311682680439440e-01	0.000000000000000000e+00
2.513479971423006609e-01	2.475311682680439440e-01	0.000000000000000000e+00
2.513479971423006609e-01	2.475311682680439440e-01	0.000000000000000000e+00
2.513479971423006609e-01	2.475311682680439440e-01	0.000000000000000000e+00
2.513479971423006609e-01	2.475311682680439440e-01	0.000000000000000000e+00
2.513479971423006609e-01	2.475311682680439440e-01	0.000000000000000000e+00
2.513479971423006609e-01	2.475311682680439440e-01	0.000000000000000000e+00
2.513479971423006609e-01	2.475311682680439440e-01	0.000000000000000000e+00
2.513479971423006609e-01	2.475311682680439440e-01	0.000000000000000000e+00
2.513479971423006609e-01	2.475311682680439440e-01	0.000000000000000000e+00
2.513479971423006609e-01	2.475311682680439440e-01	0.000000000000000000e+00
2.513479971423006609e-01	2.475311682680439440e-01	0.000000000000000000e+00
2.513479971423006609e-01	2.475311682680439440e-01	0.000000000000000000e+00
2.513479971423006609e-01	2.475311682680439440e-01	0.000000000000000000e+00
2.513479971423006609e-01	2.475311682680439440e-01	0.000000000000000000e+00
6.080837796714548826e-01	7.267443097802622765e-02	0.000000000000000000e+00
6.080837796714548826e-01	7.267443097802622765e-02	0.000000000000000000e+00
6.080837796714548826e-01	7.267443097802622765e-02	0.000000000000000000e+00
6.080837796714548826e-01	7.267443097802622765e-02	0.000000000000000000e+00
6.080837796714548826e-01	6.742876670372879855e-02	0.000000000000000000e+00
6.226675168166537766e-01	-1.631311411536691958e-01	0.000000000000000000e+00
6.226675168166537766e-01	-1.631311411536691958e-01	0.000000000000000000e+00
6.226675168166537766e-01	-1.631311411536691958e-01	0.000000000000000000e+00
6.226675168166537766e-01	-1.631311411536691958e-01	0.000000000000000000e+00
6.226675168166537766e-01	-1.678860468041388498e-01	0.000000000000000000e+00
6.226675168166537766e-01	-1.678860468041388498e-01	0.000000000000000000e+00
6.226675168166537766e-01	-1.678860468041388498e-01	0.000000000000000000e+00
6.226675168166537766e-01	-1.678860468041388498e-01	0.000000000000000000e+00
6.226675168166537766e-01	-1.921895704156974249e-01	0.000000000000000000e+00
6.305108005329406184e-01	-2.884093955598053260e-01	0.000000000000000000e+00
6.305108005329406184e-01	-2.884093955598053260e-01	0.000000000000000000e+00
6.305108005329406184e-01	-2.884093955598053260e-01	0.000000000000000000e+00
6.305108005329406184e-01	-2.884093955598053260e-01	0.000000000000000000e+00
6.305108005329406184e-01	-2.884093955598053260e-01	0.000000000000000000e+00
6.367389127740257226e-01	-3.379017732699196030e-01	0.000000000000000000e+00
6.367389127740257226e-01	-3.379017732699196030e-01	0.000000000000000000e+00
6.367389127740257226e-01	-3.586916476464255266e-01	0.000000000000000000e+00
6.367389127740257226e-01	-3.586916476464255266e-01	0.000000000000000000e+00
6.367389127740257226e-01	-3.735023300165981608e-01	0.000000000000000000e+00
6.439137918524763249e-01	-4.244684857246294740e-01	0.000000000000000000e+00
6.439137918524763249e-01	-4.244684857246294740e-01	0.000000000000000000e+00
6.439137918524763249e-01	-4.244684857246294740e-01	0.000000000000000000e+00
6.439137918524763249e-01	-4.338087134806934420e-01	0.000000000000000000e+00
6.541275111714657253e-01	-4.551453146511981740e-01	0.000000000000000000e+00
6.541275111714657253e-01	-4.551453146511981740e-01	0.000000000000000000e+00
6.541275111714657253e-01	-4.551453146511981740e-01	0.000000000000000000e+00
6.541275111714657253e-01	-4.551453146511981740e-01	0.000000000000000000e+00
6.541275111714657253e-01	-4.551453146511981740e-01	0.000000000000000000e+00
6.541275111714657253e-01	-4.551453146511981740e-01	0.000000000000000000e+00
8.305416660597582101e-01	-5.455296647891949569e-01	0.000000000000000000e+00
8.305416660597582101e-01	-5.455296647891949569e-01	0.000000000000000000e+00
8.305416660597582101e-01	-5.371516503464216497e-01	0.000000000000000000e+00
8.305416660597582101e-01	-5.371516503464216497e-01	0.000000000000000000e+00
8.305416660597582101e-01	-5.371516503464216497e-01	0.000000000000000000e+00
8.305416660597582101e-01	-5.371516503464216497e-01	0.000000000000000000e+00
8.305416660597582101e-01	-5.582466556112393175e-01	0.000000000000000000e+00
8.305416660597582101e-01	-5.703214327604159140e-01	0.000000000000000000e+00
8.305416660597582101e-01	-5.813490118721900135e-01	0.000000000000000000e+00
8.305416660597582101e-01	-5.859247226337577219e-01	0.000000000000000000e+00
8.361086348160466919e-01	-6.349092343754142442e-01	0.000000000000000000e+00
8.361086348160466919e-01	-6.349092343754142442e-01	0.000000000000000000e+00
8.361086348160466919e-01	-6.344988347345388302e-01	0.000000000000000000e+00
8.361086348160466919e-01	-6.344988347345388302e-01	0.000000000000000000e+00
8.361086348160466919e-01	-6.721340358652956315e-01	0.000000000000000000e+00
8.361086348160466919e-01	-6.721340358652956315e-01	0.000000000000000000e+00
8.361086348160466919e-01	-6.721340358652956315e-01	0.000000000000000000e+00
8.382548836515464341e-01	-6.934796794062313419e-01	0.000000000000000000e+00
8.382548836515464341e-01	-6.934796794062313419e-01	0.000000000000000000e+00
8.382548836515464341e-01	-6.962426067779985406e-01	0.000000000000000000e+00
8.427098874397971340e-01	-7.153428222616335930e-01	0.000000000000000000e+00
8.427098874397971340e-01	-7.347876297288392644e-01	0.000000000000000000e+00
8.427098874397971340e-01	-7.347876297288392644e-01	0.000000000000000000e+00
8.427098874397971340e-01	-7.347876297288392644e-01	0.000000000000000000e+00
8.495805723007343602e-01	-7.621772415146617075e-01	0.000000000000000000e+00
8.495805723007343602e-01	-7.621772415146617075e-01	0.000000000000000000e+00
8.495805723007343602e-01	-7.621772415146617075e-01	0.000000000000000000e+00
8.495805723007343602e-01	-7.682146954528810134e-01	0.000000000000000000e+00
