1.016385125158714153e-02	9.338979036552270685e-01	0.000000000000000000e+00
1.016385125158714153e-02	9.338979036552270685e-01	0.000000000000000000e+00
3.292684320513119406e-02	8.265509803955595203e-01	0.000000000000000000e+00
3.292684320513119406e-02	8.265509803955595203e-01	0.000000000000000000e+00
3.292684320513119406e-02	8.265509803955595203e-01	0.000000000000000000e+00
7.434304949922543315e-02	7.102776114920297257e-01	0.000000000000000000e+00
7.434304949922543315e-02	7.102776114920297257e-01	0.000000000000000000e+00
7.434304949922543315e-02	7.102776114920297257e-01	0.000000000000000000e+00
7.434304949922543315e-02	7.102776114920297257e-01	0.000000000000000000e+00
7.434304949922543315e-02	7.102776114920297257e-01	0.000000000000000000e+00
7.434304949922543315e-02	7.102776114920297257e-01	0.000000000000000000e+00
7.434304949922543315e-02	7.114896328523577784e-01	0.000000000000000000e+00
7.434304949922543315e-02	7.125028231842078785e-01	0.000000000000000000e+00
1.940709052533030610e-01	6.585273385194547746e-01	0.000000000000000000e+00
2.135906320269027603e-01	5.076898869404522507e-01	0.000000000000000000e+00
2.135906320269027603e-01	4.965182340251956261e-01	0.000000000000000000e+00
2.257482689518836849e-01	3.988522148265085110e-01	0.000000000000000000e+00
2.257482689518836849e-01	3.897174863020714253e-01	0.000000000000000000e+00
2.353079597555635671e-01	3.452706928225668381e-01	0.000000000000000000e+00
2.353079597555635671e-01	3.410924995209875799e-01	0.000000000000000000e+00
2.504428284864670951e-01	2.945967631865976100e-01	0.000000000000000000e+00
2.504428284864670951e-01	2.725169875556076038e-01	0.000000000000000000e+00
2.504428284864670951e-01	2.713452699296378667e-01	0.000000000000000000e+00
2.504428284864670951e-01	2.703855411209051818e-01	0.000000000000000000e+00
2.504428284864670951e-01	2.703855411209051818e-01	0.000000000000000000e+00
2.504428284864670951e-01	2.703855411209051818e-01	0.000000000000000000e+00
2.504428284864670951e-01	2.703855411209051818e-01	0.000000000000000000e+00
2.504428284864670951e-01	2.703855411209051818e-01	0.000000000000000000e+00
2.504428284864670951e-01	2.703855411209051818e-01	0.000000000000000000e+00
2.504428284864670951e-01	2.632503806576809158e-01	0.000000000000000000e+00
2.504428284864670951e-01	2.632503806576809158e-01	0.000000000000000000e+00
2.504428284864670951e-01	2.632503806576809158e-01	0.000000000000000000e+00
2.504428284864670951e-01	2.627934094551003796e-01	0.000000000000000000e+00
2.504428284864670951e-01	2.627934094551003796e-01	0.000000000000000000e+00
2.504428284864670951e-01	2.627934094551003796e-01	0.000000000000000000e+00
2.504428284864670951e-01	2.627934094551003796e-01	0.000000000000000000e+00
2.504428284864670951e-01	2.627934094551003796e-01	0.000000000000000000e+00
2.504428284864670951e-01	2.627934094551003796e-01	0.000000000000000000e+00
2.504428284864670951e-01	2.627934094551003796e-01	0.000000000000000000e+00
6.080837796714548826e-01	1.419323851646353829e-01	0.000000000000000000e+00
6.080837796714548826e-01	1.152388336164027888e-01	0.000000000000000000e+00
6.080837796714548826e-01	1.409884933363959592e-01	0.000000000000000000e+00
6.080837796714548826e-01	1.152388336164027888e-01	0.000000000000000000e+00
6.080837796714548826e-01	1.078517510496614928e-01	0.000000000000000000e+00
6.226675168166537766e-01	-1.342719098201136108e-01	0.000000000000000000e+00
6.226675168166537766e-01	-1.342719098201136108e-01	0.000000000000000000e+00
6.226675168166537766e-01	-1.342719098201136108e-01	0.000000000000000000e+00
6.226675168166537766e-01	-1.342719098201136108e-01	0.000000000000000000e+00
6.226675168166537766e-01	-1.311164304539325087e-01	0.000000000000000000e+00
6.226675168166537766e-01	-1.208798336138171281e-01	0.000000000000000000e+00
6.226675168166537766e-01	-1.607154802580480768e-01	0.000000000000000000e+00
6.226675168166537766e-01	-1.607154802580480768e-01	0.000000000000000000e+00
6.226675168166537766e-01	-1.607154802580480768e-01	0.000000000000000000e+00
6.226675168166537766e-01	-1.661961176783000871e-01	0.000000000000000000e+00
6.226675168166537766e-01	-1.661961176783000871e-01	0.000000000000000000e+00
6.226675168166537766e-01	-1.661961176783000871e-01	0.000000000000000000e+00
6.367389127740257226e-01	-3.149427178679899963e-01	0.000000000000000000e+00
6.367389127740257226e-01	-3.064775275673869981e-01	0.000000000000000000e+00
6.367389127740257226e-01	-3.064775275673869981e-01	0.000000000000000000e+00
6.367389127740257226e-01	-3.064775275673869981e-01	0.000000000000000000e+00
6.367389127740257226e-01	-3.064775275673869981e-01	0.000000000000000000e+00
6.367389127740257226e-01	-3.171144181940318552e-01	0.000000000000000000e+00
6.367389127740257226e-01	-3.171144181940318552e-01	0.000000000000000000e+00
6.533835691346595587e-01	-3.947373410890205880e-01	0.000000000000000000e+00
6.533835691346595587e-01	-3.947373410890205880e-01	0.000000000000000000e+00
6.367389127740257226e-01	-3.373875348182432399e-01	0.000000000000000000e+00
6.367389127740257226e-01	-3.425906818407635224e-01	0.000000000000000000e+00
6.367389127740257226e-01	-3.504300042829416317e-01	0.000000000000000000e+00
6.367389127740257226e-01	-3.504300042829416317e-01	0.000000000000000000e+00
6.367389127740257226e-01	-3.504300042829416317e-01	0.000000000000000000e+00
8.315982383651748799e-01	-5.335261886241277063e-01	0.000000000000000000e+00
8.315982383651748799e-01	-4.891224056204010462e-01	0.000000000000000000e+00
8.315982383651748799e-01	-4.714356062253093338e-01	0.000000000000000000e+00
8.315982383651748799e-01	-4.714356062253093338e-01	0.000000000000000000e+00
8.315982383651748799e-01	-4.714356062253093338e-01	0.000000000000000000e+00
8.315982383651748799e-01	-4.714356062253093338e-01	0.000000000000000000e+00
8.315982383651748799e-01	-4.714356062253093338e-01	0.000000000000000000e+00
8.315982383651748799e-01	-4.714356062253093338e-01	0.000000000000000000e+00
8.315982383651748799e-01	-4.816994187954949935e-01	0.000000000000000000e+00
8.315982383651748799e-01	-4.902701964520850275e-01	0.000000000000000000e+00
8.315982383651748799e-01	-4.902701964520850275e-01	0.000000000000000000e+00
8.315982383651748799e-01	-4.902701964520850275e-01	0.000000000000000000e+00
8.315982383651748799e-01	-4.898139805079009812e-01	0.000000000000000000e+00
8.315982383651748799e-01	-5.359878418018594326e-01	0.000000000000000000e+00
8.315982383651748799e-01	-5.359878418018594326e-01	0.000000000000000000e+00
8.315982383651748799e-01	-5.359878418018594326e-01	0.000000000000000000e+00
8.382548836515464341e-01	-6.545439497955063413e-01	0.000000000000000000e+00
8.382548836515464341e-01	-6.545439497955063413e-01	0.000000000000000000e+00
8.382548836515464341e-01	-6.545439497955063413e-01	0.000000000000000000e+00
8.382548836515464341e-01	-6.545439497955063413e-01	0.000000000000000000e+00
8.382548836515464341e-01	-6.545439497955063413e-01	0.000000000000000000e+00
8.382548836515464341e-01	-6.545439497955063413e-01	0.000000000000000000e+00
8.382548836515464341e-01	-6.545439497955063413e-01	0.000000000000000000e+00
8.382548836515464341e-01	-6.545439497955063413e-01	0.000000000000000000e+00
8.382548836515464341e-01	-6.685717563131138297e-01	0.000000000000000000e+00
8.382548836515464341e-01	-6.685717563131138297e-01	0.000000000000000000e+00
8.382548836515464341e-01	-6.685717563131138297e-01	0.000000000000000000e+00
8.382548836515464341e-01	-6.685717563131138297e-01	0.000000000000000000e+00
8.382548836515464341e-01	-6.655880845607325957e-01	0.000000000000000000e+00
8.382548836515464341e-01	-6.655880845607325957e-01	0.000000000000000000e+00
