1.016385125158714153e-02	1.156641968824639655e+00	0.000000000000000000e+00
1.016385125158714153e-02	1.092927433503019463e+00	0.000000000000000000e+00
3.292684320513119406e-02	1.091358429638376037e+00	0.000000000000000000e+00
3.292684320513119406e-02	1.091292775037217444e+00	0.000000000000000000e+00
1.016385125158714153e-02	1.092927433503019463e+00	0.000000000000000000e+00
7.656845498808216577e-02	8.467281728118076778e-01	0.000000000000000000e+00
7.656845498808216577e-02	8.364479132170230535e-01	0.000000000000000000e+00
7.656845498808216577e-02	8.344421300682006715e-01	0.000000000000000000e+00
7.656845498808216577e-02	8.344421300682006715e-01	0.000000000000000000e+00
7.656845498808216577e-02	8.344421300682006715e-01	0.000000000000000000e+00
7.656845498808216577e-02	8.291910067409237195e-01	0.000000000000000000e+00
7.656845498808216577e-02	8.291910067409237195e-01	0.000000000000000000e+00
7.656845498808216577e-02	8.291910067409237195e-01	0.000000000000000000e+00
1.940709052533030610e-01	7.557946665207779802e-01	0.000000000000000000e+00
1.940709052533030610e-01	7.557946665207779802e-01	0.000000000000000000e+00
2.190231340706459973e-01	5.510115682696630213e-01	0.000000000000000000e+00
2.190231340706459973e-01	5.551816908765521141e-01	0.000000000000000000e+00
2.206553539220187654e-01	5.431607432614227182e-01	0.000000000000000000e+00
2.206553539220187654e-01	5.466813501357248306e-01	0.000000000000000000e+00
2.504428284864670951e-01	3.882014278038189437e-01	0.000000000000000000e+00
2.504428284864670951e-01	3.882014278038189437e-01	0.000000000000000000e+00
2.504428284864670951e-01	3.829713743591412478e-01	0.000000000000000000e+00
2.504428284864670951e-01	3.707803402150983696e-01	0.000000000000000000e+00
2.504428284864670951e-01	3.707803402150983696e-01	0.000000000000000000e+00
2.504428284864670951e-01	3.707803402150983696e-01	0.000000000000000000e+00
2.504428284864670951e-01	3.707803402150983696e-01	0.000000000000000000e+00
2.504428284864670951e-01	3.674006033147302897e-01	0.000000000000000000e+00
2.504428284864670951e-01	3.674006033147302897e-01	0.000000000000000000e+00
2.504428284864670951e-01	3.674006033147302897e-01	0.000000000000000000e+00
2.504428284864670951e-01	3.569773104113192486e-01	0.000000000000000000e+00
2.504428284864670951e-01	3.569773104113192486e-01	0.000000000000000000e+00
2.504428284864670951e-01	3.569773104113192486e-01	0.000000000000000000e+00
2.504428284864670951e-01	3.569773104113192486e-01	0.000000000000000000e+00
2.504428284864670951e-01	3.569773104113192486e-01	0.000000000000000000e+00
2.504428284864670951e-01	3.569773104113192486e-01	0.000000000000000000e+00
2.504428284864670951e-01	3.569773104113192486e-01	0.000000000000000000e+00
2.504428284864670951e-01	3.569773104113192486e-01	0.000000000000000000e+00
2.504428284864670951e-01	3.610106865288844613e-01	0.000000000000000000e+00
2.504428284864670951e-01	3.610106865288844613e-01	0.000000000000000000e+00
2.504428284864670951e-01	3.610106865288844613e-01	0.000000000000000000e+00
6.080837796714548826e-01	2.608557574581960026e-01	0.000000000000000000e+00
6.080837796714548826e-01	2.608557574581960026e-01	0.000000000000000000e+00
6.080837796714548826e-01	2.029414390711638816e-01	0.000000000000000000e+00
6.080837796714548826e-01	2.029414390711638816e-01	0.000000000000000000e+00
6.367389127740257226e-01	-2.317751303744792768e-01	0.000000000000000000e+00
6.367389127740257226e-01	-2.317751303744792768e-01	0.000000000000000000e+00
6.367389127740257226e-01	-2.317751303744792768e-01	0.000000000000000000e+00
6.367389127740257226e-01	-2.261601478590785641e-01	0.000000000000000000e+00
6.367389127740257226e-01	-2.261601478590785641e-01	0.000000000000000000e+00
6.367389127740257226e-01	-2.261601478590785641e-01	0.000000000000000000e+00
6.367389127740257226e-01	-2.261601478590785641e-01	0.000000000000000000e+00
6.367389127740257226e-01	-2.261601478590785641e-01	0.000000000000000000e+00
6.367389127740257226e-01	-2.261601478590785641e-01	0.000000000000000000e+00
6.367389127740257226e-01	-2.261601478590785641e-01	0.000000000000000000e+00
6.367389127740257226e-01	-2.126470681121855333e-01	0.000000000000000000e+00
6.367389127740257226e-01	-2.126470681121855333e-01	0.000000000000000000e+00
6.367389127740257226e-01	-2.126470681121855333e-01	0.000000000000000000e+00
6.367389127740257226e-01	-2.126470681121855333e-01	0.000000000000000000e+00
6.367389127740257226e-01	-2.126470681121855333e-01	0.000000000000000000e+00
6.367389127740257226e-01	-2.126470681121855333e-01	0.000000000000000000e+00
6.367389127740257226e-01	-2.126470681121855333e-01	0.000000000000000000e+00
6.367389127740257226e-01	-2.126470681121855333e-01	0.000000000000000000e+00
6.367389127740257226e-01	-2.603923097345731685e-01	0.000000000000000000e+00
6.367389127740257226e-01	-2.603923097345731685e-01	0.000000000000000000e+00
6.367389127740257226e-01	-2.603923097345731685e-01	0.000000000000000000e+00
6.367389127740257226e-01	-2.603923097345731685e-01	0.000000000000000000e+00
6.367389127740257226e-01	-2.603923097345731685e-01	0.000000000000000000e+00
6.367389127740257226e-01	-2.603923097345731685e-01	0.000000000000000000e+00
6.367389127740257226e-01	-2.603923097345731685e-01	0.000000000000000000e+00
6.367389127740257226e-01	-2.603923097345731685e-01	0.000000000000000000e+00
6.367389127740257226e-01	-2.603923097345731685e-01	0.000000000000000000e+00
6.367389127740257226e-01	-2.603923097345731685e-01	0.000000000000000000e+00
6.367389127740257226e-01	-2.540541386288299175e-01	0.000000000000000000e+00
8.382548836515464341e-01	-4.512771248174549665e-01	0.000000000000000000e+00
8.382548836515464341e-01	-4.512771248174549665e-01	0.000000000000000000e+00
8.382548836515464341e-01	-4.512771248174549665e-01	0.000000000000000000e+00
8.382548836515464341e-01	-4.512771248174549665e-01	0.000000000000000000e+00
8.382548836515464341e-01	-4.512771248174549665e-01	0.000000000000000000e+00
8.382548836515464341e-01	-4.512771248174549665e-01	0.000000000000000000e+00
8.382548836515464341e-01	-4.512771248174549665e-01	0.000000000000000000e+00
8.382548836515464341e-01	-3.895352585647330335e-01	0.000000000000000000e+00
8.382548836515464341e-01	-3.895352585647330335e-01	0.000000000000000000e+00
8.382548836515464341e-01	-3.951951459818648926e-01	0.000000000000000000e+00
8.382548836515464341e-01	-4.166237546711563100e-01	0.000000000000000000e+00
8.382548836515464341e-01	-4.166237546711563100e-01	0.000000000000000000e+00
8.382548836515464341e-01	-4.601243396317120093e-01	0.000000000000000000e+00
8.382548836515464341e-01	-4.937208720534904116e-01	0.000000000000000000e+00
8.382548836515464341e-01	-4.937208720534904116e-01	0.000000000000000000e+00
8.382548836515464341e-01	-4.937208720534904116e-01	0.000000000000000000e+00
8.382548836515464341e-01	-4.937208720534904116e-01	0.000000000000000000e+00
8.382548836515464341e-01	-4.929703911480362022e-01	0.000000000000000000e+00
8.382548836515464341e-01	-4.929703911480362022e-01	0.000000000000000000e+00
8.389915817089728112e-01	-5.031710482083818770e-01	0.000000000000000000e+00
8.389915817089728112e-01	-5.067400009279966477e-01	0.000000000000000000e+00
8.389915817089728112e-01	-5.067400009279966477e-01	0.000000000000000000e+00
8.389915817089728112e-01	-5.067400009279966477e-01	0.000000000000000000e+00
8.389915817089728112e-01	-5.067400009279966477e-01	0.000000000000000000e+00
8.389915817089728112e-01	-5.067400009279966477e-01	0.000000000000000000e+00
8.389915817089728112e-01	-5.067400009279966477e-01	0.000000000000000000e+00
8.389915817089728112e-01	-5.067400009279966477e-01	0.000000000000000000e+00
