1.016385125158714153e-02	8.959935533426094389e-01	0.000000000000000000e+00
1.016385125158714153e-02	8.959935533426094389e-01	0.000000000000000000e+00
3.213615117747802008e-02	7.935275573440437880e-01	0.000000000000000000e+00
4.273633921563362026e-02	7.516438475396827190e-01	0.000000000000000000e+00
4.273633921563362026e-02	7.516438475396827190e-01	0.000000000000000000e+00
7.434304949922543315e-02	6.736986340750202862e-01	0.000000000000000000e+00
7.434304949922543315e-02	6.736986340750202862e-01	0.000000000000000000e+00
7.434304949922543315e-02	6.736986340750202862e-01	0.000000000000000000e+00
7.434304949922543315e-02	6.736986340750202862e-01	0.000000000000000000e+00
7.434304949922543315e-02	6.736986340750202862e-01	0.000000000000000000e+00
7.434304949922543315e-02	6.736986340750202862e-01	0.000000000000000000e+00
7.434304949922543315e-02	6.736986340750202862e-01	0.000000000000000000e+00
1.940709052533030610e-01	6.129197868352082024e-01	0.000000000000000000e+00
2.016183442415840077e-01	5.407344653984437199e-01	0.000000000000000000e+00
2.135906320269027603e-01	4.729586657824542129e-01	0.000000000000000000e+00
2.135906320269027603e-01	4.493918058670516857e-01	0.000000000000000000e+00
2.257482689518836849e-01	3.691629330976335388e-01	0.000000000000000000e+00
2.257482689518836849e-01	3.615341100930080098e-01	0.000000000000000000e+00
2.353079597555635671e-01	3.042298432883833170e-01	0.000000000000000000e+00
2.504428284864670951e-01	2.566413710087738220e-01	0.000000000000000000e+00
2.513479971423006609e-01	2.475311682680439440e-01	0.000000000000000000e+00
2.513479971423006609e-01	2.475311682680439440e-01	0.000000000000000000e+00
2.513479971423006609e-01	2.475311682680439440e-01	0.000000000000000000e+00
2.513479971423006609e-01	2.475311682680439440e-01	0.000000000000000000e+00
2.513479971423006609e-01	2.475311682680439440e-01	0.000000000000000000e+00
2.513479971423006609e-01	2.475311682680439440e-01	0.000000000000000000e+00
2.513479971423006609e-01	2.475311682680439440e-01	0.000000000000000000e+00
2.513479971423006609e-01	2.475311682680439440e-01	0.000000000000000000e+00
2.513479971423006609e-01	2.475311682680439440e-01	0.000000000000000000e+00
2.513479971423006609e-01	2.475311682680439440e-01	0.000000000000000000e+00
2.513479971423006609e-01	2.475311682680439440e-01	0.000000000000000000e+00
2.513479971423006609e-01	2.475311682680439440e-01	0.000000000000000000e+00
2.513479971423006609e-01	2.475311682680439440e-01	0.000000000000000000e+00
2.513479971423006609e-01	2.475311682680439440e-01	0.000000000000000000e+00
2.513479971423006609e-01	2.475311682680439440e-01	0.000000000000000000e+00
2.513479971423006609e-01	2.475311682680439440e-01	0.000000000000000000e+00
2.513479971423006609e-01	2.475311682680439440e-01	0.000000000000000000e+00
2.513479971423006609e-01	2.475311682680439440e-01	0.000000000000000000e+00
6.080837796714548826e-01	7.364591320588959045e-02	0.000000000000000000e+00
6.080837796714548826e-01	7.364591320588959045e-02	0.000000000000000000e+00
6.080837796714548826e-01	8.482784775328605642e-02	0.000000000000000000e+00
6.080837796714548826e-01	8.482784775328605642e-02	0.000000000000000000e+00
6.080837796714548826e-01	6.742876670372879855e-02	0.000000000000000000e+00
6.226675168166537766e-01	-1.787011705217411706e-01	0.000000000000000000e+00
6.226675168166537766e-01	-1.787011705217411706e-01	0.000000000000000000e+00
6.226675168166537766e-01	-1.787011705217411706e-01	0.000000000000000000e+00
6.226675168166537766e-01	-1.787011705217411706e-01	0.000000000000000000e+00
6.226675168166537766e-01	-1.787011705217411706e-01	0.000000000000000000e+00
6.226675168166537766e-01	-1.787011705217411706e-01	0.000000000000000000e+00
6.226675168166537766e-01	-1.787011705217411706e-01	0.000000000000000000e+00
6.226675168166537766e-01	-1.787011705217411706e-01	0.000000000000000000e+00
6.226675168166537766e-01	-1.935934362448798463e-01	0.000000000000000000e+00
6.226675168166537766e-01	-1.935934362448798463e-01	0.000000000000000000e+00
6.367389127740257226e-01	-3.550579353918481007e-01	0.000000000000000000e+00
6.367389127740257226e-01	-3.550579353918481007e-01	0.000000000000000000e+00
6.367389127740257226e-01	-3.391205061157523959e-01	0.000000000000000000e+00
6.367389127740257226e-01	-3.391205061157523959e-01	0.000000000000000000e+00
6.367389127740257226e-01	-3.391205061157523959e-01	0.000000000000000000e+00
6.367389127740257226e-01	-3.391205061157523959e-01	0.000000000000000000e+00
6.367389127740257226e-01	-3.391205061157523959e-01	0.000000000000000000e+00
6.367389127740257226e-01	-3.753578387234531299e-01	0.000000000000000000e+00
6.367389127740257226e-01	-3.753578387234531299e-01	0.000000000000000000e+00
6.367389127740257226e-01	-3.794195419486958154e-01	0.000000000000000000e+00
6.608898387547623710e-01	-4.347351357684420825e-01	0.000000000000000000e+00
6.608898387547623710e-01	-4.347351357684420825e-01	0.000000000000000000e+00
6.608898387547623710e-01	-4.347351357684420825e-01	0.000000000000000000e+00
6.608898387547623710e-01	-4.347351357684420825e-01	0.000000000000000000e+00
6.608898387547623710e-01	-4.347351357684420825e-01	0.000000000000000000e+00
6.608898387547623710e-01	-4.347351357684420825e-01	0.000000000000000000e+00
6.608898387547623710e-01	-4.347351357684420825e-01	0.000000000000000000e+00
6.608898387547623710e-01	-4.347351357684420825e-01	0.000000000000000000e+00
8.305416660597582101e-01	-5.697531819527293928e-01	0.000000000000000000e+00
8.305416660597582101e-01	-5.697531819527293928e-01	0.000000000000000000e+00
8.305416660597582101e-01	-5.697531819527293928e-01	0.000000000000000000e+00
8.305416660597582101e-01	-5.697531819527293928e-01	0.000000000000000000e+00
8.305416660597582101e-01	-5.543852941874106710e-01	0.000000000000000000e+00
8.305416660597582101e-01	-5.543852941874106710e-01	0.000000000000000000e+00
8.305416660597582101e-01	-5.565858269341878994e-01	0.000000000000000000e+00
8.305416660597582101e-01	-5.565858269341878994e-01	0.000000000000000000e+00
8.305416660597582101e-01	-5.755436677443044324e-01	0.000000000000000000e+00
8.305416660597582101e-01	-5.755436677443044324e-01	0.000000000000000000e+00
8.305416660597582101e-01	-5.851232491317965856e-01	0.000000000000000000e+00
8.361086348160466919e-01	-6.489399085445952675e-01	0.000000000000000000e+00
8.361086348160466919e-01	-6.489399085445952675e-01	0.000000000000000000e+00
8.361086348160466919e-01	-6.489399085445952675e-01	0.000000000000000000e+00
8.361086348160466919e-01	-6.489399085445952675e-01	0.000000000000000000e+00
8.361086348160466919e-01	-6.489399085445952675e-01	0.000000000000000000e+00
8.361086348160466919e-01	-6.574575235743423951e-01	0.000000000000000000e+00
8.361086348160466919e-01	-6.696600497939972918e-01	0.000000000000000000e+00
8.382548836515464341e-01	-6.852864252252874877e-01	0.000000000000000000e+00
8.382548836515464341e-01	-6.852864252252874877e-01	0.000000000000000000e+00
8.382548836515464341e-01	-6.945750165912336627e-01	0.000000000000000000e+00
8.495805723007343602e-01	-7.512205319276133997e-01	0.000000000000000000e+00
8.495805723007343602e-01	-7.512205319276133997e-01	0.000000000000000000e+00
8.495805723007343602e-01	-7.512205319276133997e-01	0.000000000000000000e+00
8.495805723007343602e-01	-7.512205319276133997e-01	0.000000000000000000e+00
8.495805723007343602e-01	-7.512205319276133997e-01	0.000000000000000000e+00
8.495805723007343602e-01	-7.512205319276133997e-01	0.000000000000000000e+00
8.495805723007343602e-01	-7.599350551693316858e-01	0.000000000000000000e+00
8.495805723007343602e-01	-7.599350551693316858e-01	0.000000000000000000e+00
