1.016385125158714153e-02	9.949869655088822151e-01	0.000000000000000000e+00
1.016385125158714153e-02	9.949869655088822151e-01	0.000000000000000000e+00
3.292684320513119406e-02	8.679011244826030369e-01	0.000000000000000000e+00
3.292684320513119406e-02	8.679011244826030369e-01	0.000000000000000000e+00
3.292684320513119406e-02	8.573627673831166751e-01	0.000000000000000000e+00
7.434304949922543315e-02	7.530733562193508979e-01	0.000000000000000000e+00
7.434304949922543315e-02	7.530733562193508979e-01	0.000000000000000000e+00
7.434304949922543315e-02	7.530733562193508979e-01	0.000000000000000000e+00
7.656845498808216577e-02	7.458357498307344180e-01	0.000000000000000000e+00
7.656845498808216577e-02	7.458357498307344180e-01	0.000000000000000000e+00
7.656845498808216577e-02	7.458357498307344180e-01	0.000000000000000000e+00
7.656845498808216577e-02	7.301091438282458768e-01	0.000000000000000000e+00
7.656845498808216577e-02	7.301091438282458768e-01	0.000000000000000000e+00
1.940709052533030610e-01	6.585273385194547746e-01	0.000000000000000000e+00
2.135906320269027603e-01	4.949491256194643585e-01	0.000000000000000000e+00
2.135906320269027603e-01	4.949491256194643585e-01	0.000000000000000000e+00
2.135906320269027603e-01	4.875299821890916041e-01	0.000000000000000000e+00
2.257482689518836849e-01	4.128530293705522380e-01	0.000000000000000000e+00
2.353079597555635671e-01	3.553547967944775676e-01	0.000000000000000000e+00
2.353079597555635671e-01	3.410924995209875799e-01	0.000000000000000000e+00
2.404406984571209882e-01	3.239148127223855922e-01	0.000000000000000000e+00
2.504428284864670951e-01	2.782305114199921103e-01	0.000000000000000000e+00
2.504428284864670951e-01	2.740739390408207798e-01	0.000000000000000000e+00
2.504428284864670951e-01	2.713452699296378667e-01	0.000000000000000000e+00
2.504428284864670951e-01	2.713452699296378667e-01	0.000000000000000000e+00
2.504428284864670951e-01	2.713452699296378667e-01	0.000000000000000000e+00
2.504428284864670951e-01	2.713452699296378667e-01	0.000000000000000000e+00
2.504428284864670951e-01	2.713452699296378667e-01	0.000000000000000000e+00
2.504428284864670951e-01	2.713452699296378667e-01	0.000000000000000000e+00
2.504428284864670951e-01	2.713452699296378667e-01	0.000000000000000000e+00
2.504428284864670951e-01	2.713452699296378667e-01	0.000000000000000000e+00
2.659658499285619815e-01	2.745850224061059941e-01	0.000000000000000000e+00
2.659658499285619815e-01	2.745850224061059941e-01	0.000000000000000000e+00
2.659658499285619815e-01	2.745850224061059941e-01	0.000000000000000000e+00
2.504428284864670951e-01	2.835071962061516126e-01	0.000000000000000000e+00
2.504428284864670951e-01	2.835071962061516126e-01	0.000000000000000000e+00
2.504428284864670951e-01	2.835071962061516126e-01	0.000000000000000000e+00
2.504428284864670951e-01	2.835071962061516126e-01	0.000000000000000000e+00
2.504428284864670951e-01	2.835071962061516126e-01	0.000000000000000000e+00
2.504428284864670951e-01	2.835071962061516126e-01	0.000000000000000000e+00
6.080837796714548826e-01	1.111158886317761829e-01	0.000000000000000000e+00
6.080837796714548826e-01	1.111158886317761829e-01	0.000000000000000000e+00
6.080837796714548826e-01	1.605343147874654930e-01	0.000000000000000000e+00
6.080837796714548826e-01	1.101873109623458524e-01	0.000000000000000000e+00
6.226675168166537766e-01	-1.231872581979824022e-01	0.000000000000000000e+00
6.226675168166537766e-01	-1.231872581979824022e-01	0.000000000000000000e+00
6.226675168166537766e-01	-1.231872581979824022e-01	0.000000000000000000e+00
6.226675168166537766e-01	-1.231872581979824022e-01	0.000000000000000000e+00
6.226675168166537766e-01	-9.781520902781498661e-02	0.000000000000000000e+00
6.226675168166537766e-01	-9.781520902781498661e-02	0.000000000000000000e+00
6.226675168166537766e-01	-1.066095250516260612e-01	0.000000000000000000e+00
6.226675168166537766e-01	-1.066095250516260612e-01	0.000000000000000000e+00
6.226675168166537766e-01	-1.066095250516260612e-01	0.000000000000000000e+00
6.226675168166537766e-01	-1.117421250706985003e-01	0.000000000000000000e+00
6.367389127740257226e-01	-2.813581142450658490e-01	0.000000000000000000e+00
6.367389127740257226e-01	-3.095694060428847982e-01	0.000000000000000000e+00
6.367389127740257226e-01	-3.095694060428847982e-01	0.000000000000000000e+00
6.367389127740257226e-01	-3.122245227552986058e-01	0.000000000000000000e+00
6.367389127740257226e-01	-3.122245227552986058e-01	0.000000000000000000e+00
6.367389127740257226e-01	-3.122245227552986058e-01	0.000000000000000000e+00
6.367389127740257226e-01	-3.122245227552986058e-01	0.000000000000000000e+00
6.367389127740257226e-01	-3.122245227552986058e-01	0.000000000000000000e+00
6.367389127740257226e-01	-3.122245227552986058e-01	0.000000000000000000e+00
6.367389127740257226e-01	-3.122245227552986058e-01	0.000000000000000000e+00
6.367389127740257226e-01	-3.149755009233675129e-01	0.000000000000000000e+00
6.367389127740257226e-01	-3.341892449196082748e-01	0.000000000000000000e+00
6.367389127740257226e-01	-3.341892449196082748e-01	0.000000000000000000e+00
6.367389127740257226e-01	-3.504300042829416317e-01	0.000000000000000000e+00
6.367389127740257226e-01	-3.504300042829416317e-01	0.000000000000000000e+00
6.367389127740257226e-01	-3.504300042829416317e-01	0.000000000000000000e+00
6.367389127740257226e-01	-3.504300042829416317e-01	0.000000000000000000e+00
6.367389127740257226e-01	-3.504300042829416317e-01	0.000000000000000000e+00
6.367389127740257226e-01	-3.504300042829416317e-01	0.000000000000000000e+00
8.315982383651748799e-01	-5.517804716906590246e-01	0.000000000000000000e+00
8.315982383651748799e-01	-5.517804716906590246e-01	0.000000000000000000e+00
8.315982383651748799e-01	-5.517804716906590246e-01	0.000000000000000000e+00
8.315982383651748799e-01	-5.517804716906590246e-01	0.000000000000000000e+00
8.315982383651748799e-01	-5.517804716906590246e-01	0.000000000000000000e+00
8.315982383651748799e-01	-5.517804716906590246e-01	0.000000000000000000e+00
8.315982383651748799e-01	-5.517804716906590246e-01	0.000000000000000000e+00
8.315982383651748799e-01	-5.517804716906590246e-01	0.000000000000000000e+00
8.315982383651748799e-01	-5.666492689382438552e-01	0.000000000000000000e+00
8.315982383651748799e-01	-5.666492689382438552e-01	0.000000000000000000e+00
8.315982383651748799e-01	-5.666492689382438552e-01	0.000000000000000000e+00
8.315982383651748799e-01	-5.666492689382438552e-01	0.000000000000000000e+00
8.315982383651748799e-01	-5.666492689382438552e-01	0.000000000000000000e+00
8.315982383651748799e-01	-5.666492689382438552e-01	0.000000000000000000e+00
8.315982383651748799e-01	-5.666492689382438552e-01	0.000000000000000000e+00
8.315982383651748799e-01	-5.666492689382438552e-01	0.000000000000000000e+00
8.315982383651748799e-01	-5.605531593264296841e-01	0.000000000000000000e+00
8.382548836515464341e-01	-6.299412325141769964e-01	0.000000000000000000e+00
8.382548836515464341e-01	-6.299412325141769964e-01	0.000000000000000000e+00
8.382548836515464341e-01	-6.491258147843268489e-01	0.000000000000000000e+00
8.382548836515464341e-01	-6.491258147843268489e-01	0.000000000000000000e+00
8.382548836515464341e-01	-6.491258147843268489e-01	0.000000000000000000e+00
8.382548836515464341e-01	-6.491258147843268489e-01	0.000000000000000000e+00
8.382548836515464341e-01	-6.491258147843268489e-01	0.000000000000000000e+00
8.382548836515464341e-01	-6.491258147843268489e-01	0.000000000000000000e+00
8.382548836515464341e-01	-6.491258147843268489e-01	0.000000000000000000e+00
8.382548836515464341e-01	-6.508318120888618719e-01	0.000000000000000000e+00
