0.000000000000000000e+00	1.021082374700241768e+00	0.000000000000000000e+00
1.319075589476804977e-02	8.798378497666226039e-01	0.000000000000000000e+00
3.139835592572678968e-02	7.999043291654535093e-01	0.000000000000000000e+00
4.433081789276561296e-02	7.458215750543898404e-01	0.000000000000000000e+00
4.433081789276561296e-02	7.458215750543898404e-01	0.000000000000000000e+00
6.886088757501285240e-02	6.804643041650392243e-01	0.000000000000000000e+00
8.815383696061727947e-02	6.710377904992557152e-01	0.000000000000000000e+00
8.815383696061727947e-02	6.710377904992557152e-01	0.000000000000000000e+00
8.815383696061727947e-02	6.710377904992557152e-01	0.000000000000000000e+00
8.815383696061727947e-02	6.710377904992557152e-01	0.000000000000000000e+00
8.815383696061727947e-02	6.710377904992557152e-01	0.000000000000000000e+00
8.815383696061727947e-02	6.710377904992557152e-01	0.000000000000000000e+00
8.815383696061727947e-02	6.710377904992557152e-01	0.000000000000000000e+00
2.140674943666644181e-01	4.530463512564132933e-01	0.000000000000000000e+00
2.140674943666644181e-01	4.530463512564132933e-01	0.000000000000000000e+00
2.140674943666644181e-01	4.457697052024029438e-01	0.000000000000000000e+00
2.169660403177043340e-01	4.239584672724788783e-01	0.000000000000000000e+00
2.332342989196938277e-01	3.170691215442698052e-01	0.000000000000000000e+00
2.356953574600913481e-01	3.022220071018177912e-01	0.000000000000000000e+00
2.356953574600913481e-01	3.022220071018177912e-01	0.000000000000000000e+00
2.579546835792708714e-01	2.421659680339874332e-01	0.000000000000000000e+00
2.579546835792708714e-01	2.421659680339874332e-01	0.000000000000000000e+00
2.579546835792708714e-01	2.421659680339874332e-01	0.000000000000000000e+00
2.579546835792708714e-01	2.421659680339874332e-01	0.000000000000000000e+00
2.579546835792708714e-01	2.421659680339874332e-01	0.000000000000000000e+00
2.579546835792708714e-01	2.421659680339874332e-01	0.000000000000000000e+00
2.579546835792708714e-01	2.421659680339874332e-01	0.000000000000000000e+00
2.579546835792708714e-01	2.421659680339874332e-01	0.000000000000000000e+00
2.579546835792708714e-01	2.421659680339874332e-01	0.000000000000000000e+00
2.579546835792708714e-01	2.421659680339874332e-01	0.000000000000000000e+00
4.207099414722634823e-01	1.018674345902875200e-01	0.000000000000000000e+00
4.207099414722634823e-01	1.018674345902875200e-01	0.000000000000000000e+00
4.207099414722634823e-01	1.018674345902875200e-01	0.000000000000000000e+00
4.207099414722634823e-01	9.656222119695928585e-02	0.000000000000000000e+00
4.310993384088139257e-01	-1.388992066501126832e-02	0.000000000000000000e+00
4.310993384088139257e-01	-1.388992066501126832e-02	0.000000000000000000e+00
4.310993384088139257e-01	-1.388992066501126832e-02	0.000000000000000000e+00
4.428189335734532550e-01	-6.043401817720276542e-02	0.000000000000000000e+00
4.428189335734532550e-01	-6.043401817720276542e-02	0.000000000000000000e+00
4.428189335734532550e-01	-9.290980290483444315e-02	0.000000000000000000e+00
4.518940972048016147e-01	-1.110828596044680788e-01	0.000000000000000000e+00
4.518940972048016147e-01	-1.233249821282165759e-01	0.000000000000000000e+00
4.518940972048016147e-01	-1.233249821282165759e-01	0.000000000000000000e+00
4.518940972048016147e-01	-1.233249821282165759e-01	0.000000000000000000e+00
4.518940972048016147e-01	-1.233249821282165759e-01	0.000000000000000000e+00
4.518940972048016147e-01	-1.233249821282165759e-01	0.000000000000000000e+00
4.518940972048016147e-01	-1.233249821282165759e-01	0.000000000000000000e+00
4.518940972048016147e-01	-1.233249821282165759e-01	0.000000000000000000e+00
4.518940972048016147e-01	-1.233249821282165759e-01	0.000000000000000000e+00
6.216011631065088139e-01	-1.783994867824897634e-01	0.000000000000000000e+00
6.216011631065088139e-01	-1.783994867824897634e-01	0.000000000000000000e+00
6.216011631065088139e-01	-1.783994867824897634e-01	0.000000000000000000e+00
6.271419289372223149e-01	-2.511948066285109027e-01	0.000000000000000000e+00
6.271419289372223149e-01	-2.511948066285109027e-01	0.000000000000000000e+00
6.271419289372223149e-01	-2.511948066285109027e-01	0.000000000000000000e+00
6.271419289372223149e-01	-2.639854484808014656e-01	0.000000000000000000e+00
6.306258369997873592e-01	-2.915479506473771520e-01	0.000000000000000000e+00
6.306258369997873592e-01	-2.986991325471689551e-01	0.000000000000000000e+00
6.306258369997873592e-01	-3.112876004318204659e-01	0.000000000000000000e+00
6.402995974262715162e-01	-3.913491318176572364e-01	0.000000000000000000e+00
6.402995974262715162e-01	-3.913491318176572364e-01	0.000000000000000000e+00
6.402995974262715162e-01	-3.913491318176572364e-01	0.000000000000000000e+00
6.402995974262715162e-01	-3.913491318176572364e-01	0.000000000000000000e+00
6.402995974262715162e-01	-4.047978270900873810e-01	0.000000000000000000e+00
6.402995974262715162e-01	-4.071128542475828116e-01	0.000000000000000000e+00
6.558323650251699499e-01	-4.537023888546208861e-01	0.000000000000000000e+00
6.558323650251699499e-01	-4.537023888546208861e-01	0.000000000000000000e+00
6.558323650251699499e-01	-4.546888032371781962e-01	0.000000000000000000e+00
6.558323650251699499e-01	-4.546888032371781962e-01	0.000000000000000000e+00
6.558323650251699499e-01	-4.546888032371781962e-01	0.000000000000000000e+00
6.558323650251699499e-01	-4.546888032371781962e-01	0.000000000000000000e+00
6.558323650251699499e-01	-4.546888032371781962e-01	0.000000000000000000e+00
6.558323650251699499e-01	-4.546888032371781962e-01	0.000000000000000000e+00
8.329786487810344475e-01	-5.873443238298862168e-01	0.000000000000000000e+00
8.329786487810344475e-01	-5.873443238298862168e-01	0.000000000000000000e+00
8.329786487810344475e-01	-5.873443238298862168e-01	0.000000000000000000e+00
8.329786487810344475e-01	-5.873443238298862168e-01	0.000000000000000000e+00
8.329786487810344475e-01	-5.873443238298862168e-01	0.000000000000000000e+00
8.329786487810344475e-01	-5.873443238298862168e-01	0.000000000000000000e+00
8.329786487810344475e-01	-5.873443238298862168e-01	0.000000000000000000e+00
8.329786487810344475e-01	-5.889318716256843889e-01	0.000000000000000000e+00
8.329786487810344475e-01	-5.889318716256843889e-01	0.000000000000000000e+00
8.329786487810344475e-01	-5.889318716256843889e-01	0.000000000000000000e+00
8.329786487810344475e-01	-6.049512342443950086e-01	0.000000000000000000e+00
8.361064164891475192e-01	-6.509321834487957759e-01	0.000000000000000000e+00
8.361064164891475192e-01	-6.509321834487957759e-01	0.000000000000000000e+00
8.361064164891475192e-01	-6.509321834487957759e-01	0.000000000000000000e+00
8.361064164891475192e-01	-6.509321834487957759e-01	0.000000000000000000e+00
8.408809417718671186e-01	-7.169217639570423239e-01	0.000000000000000000e+00
8.408809417718671186e-01	-7.005446078197536952e-01	0.000000000000000000e+00
8.408809417718671186e-01	-7.005446078197536952e-01	0.000000000000000000e+00
8.408809417718671186e-01	-7.057908167978611536e-01	0.000000000000000000e+00
8.408809417718671186e-01	-7.008008892260260136e-01	0.000000000000000000e+00
8.408809417718671186e-01	-7.057908167978611536e-01	0.000000000000000000e+00
8.574238594307138639e-01	-7.289111865166590931e-01	0.000000000000000000e+00
8.574238594307138639e-01	-7.289111865166590931e-01	0.000000000000000000e+00
8.592316567004160133e-01	-7.352653229184837880e-01	0.000000000000000000e+00
8.592316567004160133e-01	-7.352653229184837880e-01	0.000000000000000000e+00
8.592316567004160133e-01	-7.352653229184837880e-01	0.000000000000000000e+00
8.592316567004160133e-01	-7.421331403044026942e-01	0.000000000000000000e+00
