0.000000000000000000e+00	1.182680978301681174e+00	0.000000000000000000e+00
1.099507533251146973e-02	1.080696248693381101e+00	0.000000000000000000e+00
1.099507533251146973e-02	1.080696248693381101e+00	0.000000000000000000e+00
4.433081789276561296e-02	8.974941644341009050e-01	0.000000000000000000e+00
4.433081789276561296e-02	8.974941644341009050e-01	0.000000000000000000e+00
6.886088757501285240e-02	8.107276134542008572e-01	0.000000000000000000e+00
6.886088757501285240e-02	8.107276134542008572e-01	0.000000000000000000e+00
6.886088757501285240e-02	8.107276134542008572e-01	0.000000000000000000e+00
6.886088757501285240e-02	8.107276134542008572e-01	0.000000000000000000e+00
6.886088757501285240e-02	8.107276134542008572e-01	0.000000000000000000e+00
6.886088757501285240e-02	8.095998583452740371e-01	0.000000000000000000e+00
6.886088757501285240e-02	8.095998583452740371e-01	0.000000000000000000e+00
6.886088757501285240e-02	8.095998583452740371e-01	0.000000000000000000e+00
6.886088757501285240e-02	8.095998583452740371e-01	0.000000000000000000e+00
2.140674943666644181e-01	5.590107970989991459e-01	0.000000000000000000e+00
2.140674943666644181e-01	5.562575060357045631e-01	0.000000000000000000e+00
2.140674943666644181e-01	5.562575060357045631e-01	0.000000000000000000e+00
2.140674943666644181e-01	5.562575060357045631e-01	0.000000000000000000e+00
2.140674943666644181e-01	5.562575060357045631e-01	0.000000000000000000e+00
2.683987261449047868e-01	3.685386388290222137e-01	0.000000000000000000e+00
2.683987261449047868e-01	3.685386388290222137e-01	0.000000000000000000e+00
2.683987261449047868e-01	3.579860348669868797e-01	0.000000000000000000e+00
2.683987261449047868e-01	3.579860348669868797e-01	0.000000000000000000e+00
2.683987261449047868e-01	3.579860348669868797e-01	0.000000000000000000e+00
2.683987261449047868e-01	3.579860348669868797e-01	0.000000000000000000e+00
2.683987261449047868e-01	3.579860348669868797e-01	0.000000000000000000e+00
2.683987261449047868e-01	3.579860348669868797e-01	0.000000000000000000e+00
2.683987261449047868e-01	3.579860348669868797e-01	0.000000000000000000e+00
2.683987261449047868e-01	3.579860348669868797e-01	0.000000000000000000e+00
2.683987261449047868e-01	3.618286503686953259e-01	0.000000000000000000e+00
2.683987261449047868e-01	3.618286503686953259e-01	0.000000000000000000e+00
4.207099414722634823e-01	2.079219925286366899e-01	0.000000000000000000e+00
4.207099414722634823e-01	2.079219925286366899e-01	0.000000000000000000e+00
4.207099414722634823e-01	2.079219925286366899e-01	0.000000000000000000e+00
4.207099414722634823e-01	2.079219925286366899e-01	0.000000000000000000e+00
4.207099414722634823e-01	1.930500064011036465e-01	0.000000000000000000e+00
4.310993384088139257e-01	8.801271105587218924e-02	0.000000000000000000e+00
4.310993384088139257e-01	8.801271105587218924e-02	0.000000000000000000e+00
4.310993384088139257e-01	8.801271105587218924e-02	0.000000000000000000e+00
4.310993384088139257e-01	6.169965944792366042e-02	0.000000000000000000e+00
4.310993384088139257e-01	6.169965944792366042e-02	0.000000000000000000e+00
4.518940972048016147e-01	-3.335163398157658943e-02	0.000000000000000000e+00
4.518940972048016147e-01	-3.335163398157658943e-02	0.000000000000000000e+00
4.518940972048016147e-01	-3.335163398157658943e-02	0.000000000000000000e+00
4.518940972048016147e-01	-3.335163398157658943e-02	0.000000000000000000e+00
4.518940972048016147e-01	-3.335163398157658943e-02	0.000000000000000000e+00
4.518940972048016147e-01	-2.966674510750397231e-02	0.000000000000000000e+00
4.518940972048016147e-01	-2.966674510750397231e-02	0.000000000000000000e+00
4.518940972048016147e-01	-2.966674510750397231e-02	0.000000000000000000e+00
4.518940972048016147e-01	-2.796555729074124211e-02	0.000000000000000000e+00
4.518940972048016147e-01	-2.786328897419112702e-02	0.000000000000000000e+00
4.518940972048016147e-01	-2.786328897419112702e-02	0.000000000000000000e+00
4.518940972048016147e-01	-2.653395329066823849e-02	0.000000000000000000e+00
6.271419289372223149e-01	-1.533296689819109992e-01	0.000000000000000000e+00
6.271419289372223149e-01	-1.737483056649107294e-01	0.000000000000000000e+00
6.271419289372223149e-01	-1.737483056649107294e-01	0.000000000000000000e+00
6.271419289372223149e-01	-1.737483056649107294e-01	0.000000000000000000e+00
6.271419289372223149e-01	-1.737483056649107294e-01	0.000000000000000000e+00
6.271419289372223149e-01	-1.737483056649107294e-01	0.000000000000000000e+00
6.271419289372223149e-01	-1.737483056649107294e-01	0.000000000000000000e+00
6.271419289372223149e-01	-1.812312838226770584e-01	0.000000000000000000e+00
6.271419289372223149e-01	-1.812312838226770584e-01	0.000000000000000000e+00
6.271419289372223149e-01	-1.812312838226770584e-01	0.000000000000000000e+00
6.271419289372223149e-01	-1.812312838226770584e-01	0.000000000000000000e+00
6.271419289372223149e-01	-1.812312838226770584e-01	0.000000000000000000e+00
6.271419289372223149e-01	-1.812312838226770584e-01	0.000000000000000000e+00
6.271419289372223149e-01	-1.812312838226770584e-01	0.000000000000000000e+00
8.223860447088735537e-01	-3.481271440649351123e-01	0.000000000000000000e+00
8.223860447088735537e-01	-3.481271440649351123e-01	0.000000000000000000e+00
8.223860447088735537e-01	-3.481271440649351123e-01	0.000000000000000000e+00
8.223860447088735537e-01	-3.481271440649351123e-01	0.000000000000000000e+00
8.223860447088735537e-01	-3.481271440649351123e-01	0.000000000000000000e+00
8.223860447088735537e-01	-3.481271440649351123e-01	0.000000000000000000e+00
8.223860447088735537e-01	-3.481271440649351123e-01	0.000000000000000000e+00
8.341639750979538137e-01	-4.494840463004364239e-01	0.000000000000000000e+00
8.341639750979538137e-01	-4.494840463004364239e-01	0.000000000000000000e+00
8.341639750979538137e-01	-4.494840463004364239e-01	0.000000000000000000e+00
8.341639750979538137e-01	-4.494840463004364239e-01	0.000000000000000000e+00
8.341639750979538137e-01	-4.494840463004364239e-01	0.000000000000000000e+00
8.341639750979538137e-01	-4.494840463004364239e-01	0.000000000000000000e+00
8.341639750979538137e-01	-4.494840463004364239e-01	0.000000000000000000e+00
8.341639750979538137e-01	-4.494840463004364239e-01	0.000000000000000000e+00
8.341639750979538137e-01	-4.610299890656378019e-01	0.000000000000000000e+00
8.341639750979538137e-01	-4.672043905774627692e-01	0.000000000000000000e+00
8.341639750979538137e-01	-4.672043905774627692e-01	0.000000000000000000e+00
8.341639750979538137e-01	-4.672043905774627692e-01	0.000000000000000000e+00
8.341639750979538137e-01	-4.672043905774627692e-01	0.000000000000000000e+00
8.341639750979538137e-01	-4.784377932600001326e-01	0.000000000000000000e+00
8.408809417718671186e-01	-5.528922557717144137e-01	0.000000000000000000e+00
8.408809417718671186e-01	-5.528922557717144137e-01	0.000000000000000000e+00
8.408809417718671186e-01	-5.528922557717144137e-01	0.000000000000000000e+00
8.408809417718671186e-01	-5.528922557717144137e-01	0.000000000000000000e+00
8.408809417718671186e-01	-5.459416016246508851e-01	0.000000000000000000e+00
8.408809417718671186e-01	-5.459416016246508851e-01	0.000000000000000000e+00
8.408809417718671186e-01	-5.459416016246508851e-01	0.000000000000000000e+00
8.408809417718671186e-01	-5.646896134230724451e-01	0.000000000000000000e+00
8.408809417718671186e-01	-5.646896134230724451e-01	0.000000000000000000e+00
8.408809417718671186e-01	-5.646896134230724451e-01	0.000000000000000000e+00
8.408809417718671186e-01	-5.646896134230724451e-01	0.000000000000000000e+00
8.408809417718671186e-01	-5.646896134230724451e-01	0.000000000000000000e+00
