0.000000000000000000e+00	1.006649608431261944e+00	0.000000000000000000e+00
1.319075589476804977e-02	8.832381334448561327e-01	0.000000000000000000e+00
2.052830825343616647e-02	8.488848563508314404e-01	0.000000000000000000e+00
4.433081789276561296e-02	7.501607655218759385e-01	0.000000000000000000e+00
4.433081789276561296e-02	7.490494113384412733e-01	0.000000000000000000e+00
6.886088757501285240e-02	6.835986802568542187e-01	0.000000000000000000e+00
8.815383696061727947e-02	6.741100092733744997e-01	0.000000000000000000e+00
8.815383696061727947e-02	6.741100092733744997e-01	0.000000000000000000e+00
8.815383696061727947e-02	6.741100092733744997e-01	0.000000000000000000e+00
8.815383696061727947e-02	6.741100092733744997e-01	0.000000000000000000e+00
8.815383696061727947e-02	6.741100092733744997e-01	0.000000000000000000e+00
8.815383696061727947e-02	6.741100092733744997e-01	0.000000000000000000e+00
8.815383696061727947e-02	6.741100092733744997e-01	0.000000000000000000e+00
8.815383696061727947e-02	6.741100092733744997e-01	0.000000000000000000e+00
2.140674943666644181e-01	4.485432117166807120e-01	0.000000000000000000e+00
2.140674943666644181e-01	4.485432117166807120e-01	0.000000000000000000e+00
2.169660403177043340e-01	4.239584672724788783e-01	0.000000000000000000e+00
2.332342989196938277e-01	3.154336048444621454e-01	0.000000000000000000e+00
2.332342989196938277e-01	3.154336048444621454e-01	0.000000000000000000e+00
2.356953574600913481e-01	3.022220071018177912e-01	0.000000000000000000e+00
2.579546835792708714e-01	2.421659680339874332e-01	0.000000000000000000e+00
2.579546835792708714e-01	2.421659680339874332e-01	0.000000000000000000e+00
2.579546835792708714e-01	2.421659680339874332e-01	0.000000000000000000e+00
2.579546835792708714e-01	2.421659680339874332e-01	0.000000000000000000e+00
2.579546835792708714e-01	2.421659680339874332e-01	0.000000000000000000e+00
2.579546835792708714e-01	2.421659680339874332e-01	0.000000000000000000e+00
2.579546835792708714e-01	2.421659680339874332e-01	0.000000000000000000e+00
2.579546835792708714e-01	2.421659680339874332e-01	0.000000000000000000e+00
2.579546835792708714e-01	2.421659680339874332e-01	0.000000000000000000e+00
2.579546835792708714e-01	2.421659680339874332e-01	0.000000000000000000e+00
4.207099414722634823e-01	1.036273349199689775e-01	0.000000000000000000e+00
4.207099414722634823e-01	1.036273349199689775e-01	0.000000000000000000e+00
4.207099414722634823e-01	1.036273349199689775e-01	0.000000000000000000e+00
4.207099414722634823e-01	1.036273349199689775e-01	0.000000000000000000e+00
4.310993384088139257e-01	1.157944851990200773e-02	0.000000000000000000e+00
4.310993384088139257e-01	1.157944851990200773e-02	0.000000000000000000e+00
4.310993384088139257e-01	1.157944851990200773e-02	0.000000000000000000e+00
4.310993384088139257e-01	-1.142661489496204705e-02	0.000000000000000000e+00
4.442071611364207806e-01	-1.033601808030258917e-01	0.000000000000000000e+00
4.442071611364207806e-01	-1.033601808030258917e-01	0.000000000000000000e+00
4.442071611364207806e-01	-1.033601808030258917e-01	0.000000000000000000e+00
4.442071611364207806e-01	-1.033601808030258917e-01	0.000000000000000000e+00
4.518940972048016147e-01	-1.233249821282165759e-01	0.000000000000000000e+00
4.518940972048016147e-01	-1.233249821282165759e-01	0.000000000000000000e+00
4.518940972048016147e-01	-1.233249821282165759e-01	0.000000000000000000e+00
4.518940972048016147e-01	-1.233249821282165759e-01	0.000000000000000000e+00
4.518940972048016147e-01	-1.233249821282165759e-01	0.000000000000000000e+00
4.518940972048016147e-01	-1.233249821282165759e-01	0.000000000000000000e+00
4.518940972048016147e-01	-1.233249821282165759e-01	0.000000000000000000e+00
4.518940972048016147e-01	-1.233249821282165759e-01	0.000000000000000000e+00
4.518940972048016147e-01	-1.233249821282165759e-01	0.000000000000000000e+00
6.216011631065088139e-01	-1.786082328747440329e-01	0.000000000000000000e+00
6.216011631065088139e-01	-1.786082328747440329e-01	0.000000000000000000e+00
6.271419289372223149e-01	-2.634000397579830399e-01	0.000000000000000000e+00
6.271419289372223149e-01	-2.634000397579830399e-01	0.000000000000000000e+00
6.271419289372223149e-01	-2.634000397579830399e-01	0.000000000000000000e+00
6.271419289372223149e-01	-2.634000397579830399e-01	0.000000000000000000e+00
6.271419289372223149e-01	-2.634000397579830399e-01	0.000000000000000000e+00
6.402995974262715162e-01	-4.101955218319168761e-01	0.000000000000000000e+00
6.402995974262715162e-01	-4.101955218319168761e-01	0.000000000000000000e+00
6.402995974262715162e-01	-4.101955218319168761e-01	0.000000000000000000e+00
6.402995974262715162e-01	-4.101955218319168761e-01	0.000000000000000000e+00
6.402995974262715162e-01	-4.101955218319168761e-01	0.000000000000000000e+00
6.402995974262715162e-01	-4.101955218319168761e-01	0.000000000000000000e+00
6.402995974262715162e-01	-4.101955218319168761e-01	0.000000000000000000e+00
6.402995974262715162e-01	-4.101955218319168761e-01	0.000000000000000000e+00
6.402995974262715162e-01	-4.109836470390599850e-01	0.000000000000000000e+00
6.558323650251699499e-01	-4.535217827909696631e-01	0.000000000000000000e+00
6.558323650251699499e-01	-4.535217827909696631e-01	0.000000000000000000e+00
6.558323650251699499e-01	-4.535217827909696631e-01	0.000000000000000000e+00
6.558323650251699499e-01	-4.539070117841210172e-01	0.000000000000000000e+00
6.558323650251699499e-01	-4.539070117841210172e-01	0.000000000000000000e+00
6.558323650251699499e-01	-4.539070117841210172e-01	0.000000000000000000e+00
6.558323650251699499e-01	-4.539070117841210172e-01	0.000000000000000000e+00
6.558323650251699499e-01	-4.539070117841210172e-01	0.000000000000000000e+00
8.329786487810344475e-01	-5.809872521290567748e-01	0.000000000000000000e+00
8.329786487810344475e-01	-5.809872521290567748e-01	0.000000000000000000e+00
8.329786487810344475e-01	-5.809872521290567748e-01	0.000000000000000000e+00
8.329786487810344475e-01	-5.809872521290567748e-01	0.000000000000000000e+00
8.329786487810344475e-01	-5.809872521290567748e-01	0.000000000000000000e+00
8.329786487810344475e-01	-5.809872521290567748e-01	0.000000000000000000e+00
8.329786487810344475e-01	-6.081899549120761694e-01	0.000000000000000000e+00
8.329786487810344475e-01	-6.081899549120761694e-01	0.000000000000000000e+00
8.329786487810344475e-01	-6.081899549120761694e-01	0.000000000000000000e+00
8.329786487810344475e-01	-6.081899549120761694e-01	0.000000000000000000e+00
8.329786487810344475e-01	-6.081899549120761694e-01	0.000000000000000000e+00
8.329786487810344475e-01	-6.081899549120761694e-01	0.000000000000000000e+00
8.361064164891475192e-01	-6.260694707859719710e-01	0.000000000000000000e+00
8.361064164891475192e-01	-6.462109688738392199e-01	0.000000000000000000e+00
8.361064164891475192e-01	-6.462109688738392199e-01	0.000000000000000000e+00
8.361064164891475192e-01	-6.585380530488978978e-01	0.000000000000000000e+00
8.361064164891475192e-01	-6.585380530488978978e-01	0.000000000000000000e+00
8.408809417718671186e-01	-7.073681856670871460e-01	0.000000000000000000e+00
8.408809417718671186e-01	-7.073681856670871460e-01	0.000000000000000000e+00
8.408809417718671186e-01	-7.073681856670871460e-01	0.000000000000000000e+00
8.408809417718671186e-01	-7.073681856670871460e-01	0.000000000000000000e+00
8.408809417718671186e-01	-7.073681856670871460e-01	0.000000000000000000e+00
8.592316567004160133e-01	-7.198387795962772895e-01	0.000000000000000000e+00
8.592316567004160133e-01	-7.225937752857851670e-01	0.000000000000000000e+00
8.592316567004160133e-01	-7.282513168208216703e-01	0.000000000000000000e+00
