0.000000000000000000e+00	1.321594579112053358e+00	0.000000000000000000e+00
0.000000000000000000e+00	1.321594579112053358e+00	0.000000000000000000e+00
0.000000000000000000e+00	1.321594579112053358e+00	0.000000000000000000e+00
4.433081789276561296e-02	1.038634147617862213e+00	0.000000000000000000e+00
6.449690229403265418e-02	9.544398176744142148e-01	0.000000000000000000e+00
6.449690229403265418e-02	9.374183135697048419e-01	0.000000000000000000e+00
6.449690229403265418e-02	9.374183135697048419e-01	0.000000000000000000e+00
6.449690229403265418e-02	9.356079203126909105e-01	0.000000000000000000e+00
6.449690229403265418e-02	9.356079203126909105e-01	0.000000000000000000e+00
6.449690229403265418e-02	9.356079203126909105e-01	0.000000000000000000e+00
6.449690229403265418e-02	9.356079203126909105e-01	0.000000000000000000e+00
6.449690229403265418e-02	9.356079203126909105e-01	0.000000000000000000e+00
6.449690229403265418e-02	9.356079203126909105e-01	0.000000000000000000e+00
2.140674943666644181e-01	6.355258115499062832e-01	0.000000000000000000e+00
2.140674943666644181e-01	6.355258115499062832e-01	0.000000000000000000e+00
2.140674943666644181e-01	6.355258115499062832e-01	0.000000000000000000e+00
2.140674943666644181e-01	6.355258115499062832e-01	0.000000000000000000e+00
2.140674943666644181e-01	6.355258115499062832e-01	0.000000000000000000e+00
2.140674943666644181e-01	6.357794480013683192e-01	0.000000000000000000e+00
2.683987261449047868e-01	5.027680781726244774e-01	0.000000000000000000e+00
2.683987261449047868e-01	5.027680781726244774e-01	0.000000000000000000e+00
2.683987261449047868e-01	4.825340542229202834e-01	0.000000000000000000e+00
2.683987261449047868e-01	4.825340542229202834e-01	0.000000000000000000e+00
2.683987261449047868e-01	4.825340542229202834e-01	0.000000000000000000e+00
2.683987261449047868e-01	4.879679870274427622e-01	0.000000000000000000e+00
2.683987261449047868e-01	4.879679870274427622e-01	0.000000000000000000e+00
2.683987261449047868e-01	4.976490652323010133e-01	0.000000000000000000e+00
2.683987261449047868e-01	4.976490652323010133e-01	0.000000000000000000e+00
2.683987261449047868e-01	4.976490652323010133e-01	0.000000000000000000e+00
4.207099414722634823e-01	3.074559559462916591e-01	0.000000000000000000e+00
4.207099414722634823e-01	2.959196497362855949e-01	0.000000000000000000e+00
4.207099414722634823e-01	2.959196497362855949e-01	0.000000000000000000e+00
4.207099414722634823e-01	2.959196497362855949e-01	0.000000000000000000e+00
4.207099414722634823e-01	2.959196497362855949e-01	0.000000000000000000e+00
4.207099414722634823e-01	2.959196497362855949e-01	0.000000000000000000e+00
4.310993384088139257e-01	1.788426867559775313e-01	0.000000000000000000e+00
4.310993384088139257e-01	1.781686885997432190e-01	0.000000000000000000e+00
4.310993384088139257e-01	1.781686885997432190e-01	0.000000000000000000e+00
4.310993384088139257e-01	1.687834943067137716e-01	0.000000000000000000e+00
4.310993384088139257e-01	1.687834943067137716e-01	0.000000000000000000e+00
4.518940972048016147e-01	6.701751692786750425e-02	0.000000000000000000e+00
4.518940972048016147e-01	6.701751692786750425e-02	0.000000000000000000e+00
4.518940972048016147e-01	6.701751692786750425e-02	0.000000000000000000e+00
4.518940972048016147e-01	6.489216870104674850e-02	0.000000000000000000e+00
4.518940972048016147e-01	5.106164792871169950e-02	0.000000000000000000e+00
4.518940972048016147e-01	5.106164792871169950e-02	0.000000000000000000e+00
4.518940972048016147e-01	5.106164792871169950e-02	0.000000000000000000e+00
4.518940972048016147e-01	6.221371278641387587e-02	0.000000000000000000e+00
4.518940972048016147e-01	6.323971978741169120e-02	0.000000000000000000e+00
4.518940972048016147e-01	6.489216870104674850e-02	0.000000000000000000e+00
4.518940972048016147e-01	6.489216870104674850e-02	0.000000000000000000e+00
6.271419289372223149e-01	-8.794488661090325843e-02	0.000000000000000000e+00
6.271419289372223149e-01	-8.794488661090325843e-02	0.000000000000000000e+00
6.271419289372223149e-01	-8.794488661090325843e-02	0.000000000000000000e+00
6.271419289372223149e-01	-8.794488661090325843e-02	0.000000000000000000e+00
6.271419289372223149e-01	-6.963296156342529963e-02	0.000000000000000000e+00
6.271419289372223149e-01	-6.963296156342529963e-02	0.000000000000000000e+00
6.271419289372223149e-01	-6.963296156342529963e-02	0.000000000000000000e+00
6.271419289372223149e-01	-7.877030382116756435e-02	0.000000000000000000e+00
6.271419289372223149e-01	-7.877030382116756435e-02	0.000000000000000000e+00
6.271419289372223149e-01	-7.877030382116756435e-02	0.000000000000000000e+00
6.271419289372223149e-01	-7.877030382116756435e-02	0.000000000000000000e+00
6.271419289372223149e-01	-1.059216080439361884e-01	0.000000000000000000e+00
6.271419289372223149e-01	-1.059216080439361884e-01	0.000000000000000000e+00
6.271419289372223149e-01	-1.059216080439361884e-01	0.000000000000000000e+00
6.271419289372223149e-01	-1.059216080439361884e-01	0.000000000000000000e+00
8.223860447088735537e-01	-2.331064263179029872e-01	0.000000000000000000e+00
8.223860447088735537e-01	-2.331064263179029872e-01	0.000000000000000000e+00
8.223860447088735537e-01	-2.331064263179029872e-01	0.000000000000000000e+00
8.223860447088735537e-01	-2.331064263179029872e-01	0.000000000000000000e+00
8.223860447088735537e-01	-1.832415486335274013e-01	0.000000000000000000e+00
8.341639750979538137e-01	-4.021353441605264867e-01	0.000000000000000000e+00
8.341639750979538137e-01	-4.021353441605264867e-01	0.000000000000000000e+00
8.341639750979538137e-01	-4.021353441605264867e-01	0.000000000000000000e+00
8.341639750979538137e-01	-4.021353441605264867e-01	0.000000000000000000e+00
8.341639750979538137e-01	-3.681423437714608227e-01	0.000000000000000000e+00
8.341639750979538137e-01	-3.681423437714608227e-01	0.000000000000000000e+00
8.341639750979538137e-01	-3.681423437714608227e-01	0.000000000000000000e+00
8.341639750979538137e-01	-3.745353400521890253e-01	0.000000000000000000e+00
8.341639750979538137e-01	-3.745353400521890253e-01	0.000000000000000000e+00
8.341639750979538137e-01	-3.745353400521890253e-01	0.000000000000000000e+00
8.341639750979538137e-01	-3.745353400521890253e-01	0.000000000000000000e+00
8.341639750979538137e-01	-3.745353400521890253e-01	0.000000000000000000e+00
8.341639750979538137e-01	-3.745353400521890253e-01	0.000000000000000000e+00
8.341639750979538137e-01	-3.911372060470871270e-01	0.000000000000000000e+00
8.341639750979538137e-01	-3.911372060470871270e-01	0.000000000000000000e+00
8.427976574278819299e-01	-4.621920612179449273e-01	0.000000000000000000e+00
8.427976574278819299e-01	-4.621920612179449273e-01	0.000000000000000000e+00
8.427976574278819299e-01	-4.621920612179449273e-01	0.000000000000000000e+00
8.427976574278819299e-01	-4.621920612179449273e-01	0.000000000000000000e+00
8.427976574278819299e-01	-4.621920612179449273e-01	0.000000000000000000e+00
8.427976574278819299e-01	-4.621920612179449273e-01	0.000000000000000000e+00
8.427976574278819299e-01	-5.273948441906555207e-01	0.000000000000000000e+00
8.427976574278819299e-01	-5.273948441906555207e-01	0.000000000000000000e+00
8.427976574278819299e-01	-5.273948441906555207e-01	0.000000000000000000e+00
8.427976574278819299e-01	-5.273948441906555207e-01	0.000000000000000000e+00
8.427976574278819299e-01	-5.273948441906555207e-01	0.000000000000000000e+00
8.427976574278819299e-01	-5.273948441906555207e-01	0.000000000000000000e+00
8.427976574278819299e-01	-5.273948441906555207e-01	0.000000000000000000e+00
8.427976574278819299e-01	-5.273948441906555207e-01	0.000000000000000000e+00
