1.408072918045837063e-01	3.310286600165045723e+00	0.000000000000000000e+00
1.408072918045837063e-01	3.310286600165045723e+00	0.000000000000000000e+00
1.408072918045837063e-01	3.310286600165045723e+00	0.000000000000000000e+00
1.408072918045837063e-01	3.310286600165045723e+00	0.000000000000000000e+00
1.408072918045837063e-01	3.310286600165045723e+00	0.000000000000000000e+00
1.408072918045837063e-01	3.310286600165045723e+00	0.000000000000000000e+00
1.408072918045837063e-01	3.310286600165045723e+00	0.000000000000000000e+00
1.408072918045837063e-01	3.310286600165045723e+00	0.000000000000000000e+00
1.408072918045837063e-01	3.321205820440442213e+00	0.000000000000000000e+00
1.408072918045837063e-01	3.321205820440442213e+00	0.000000000000000000e+00
1.408072918045837063e-01	3.345268147472599818e+00	0.000000000000000000e+00
1.408072918045837063e-01	3.345268147472599818e+00	0.000000000000000000e+00
1.408072918045837063e-01	3.345268147472599818e+00	0.000000000000000000e+00
1.408072918045837063e-01	3.345268147472599818e+00	0.000000000000000000e+00
4.289531272917094240e-01	2.406219197313324454e+00	0.000000000000000000e+00
4.289531272917094240e-01	2.432924620678587058e+00	0.000000000000000000e+00
4.289531272917094240e-01	2.432924620678587058e+00	0.000000000000000000e+00
4.289531272917094240e-01	2.432924620678587058e+00	0.000000000000000000e+00
4.289531272917094240e-01	2.480968071367274153e+00	0.000000000000000000e+00
4.289531272917094240e-01	2.480968071367274153e+00	0.000000000000000000e+00
4.289531272917094240e-01	2.432924620678587058e+00	0.000000000000000000e+00
4.289531272917094240e-01	2.432924620678587058e+00	0.000000000000000000e+00
4.750290404836643443e-01	2.400082162585047030e+00	0.000000000000000000e+00
4.750290404836643443e-01	2.400082162585047030e+00	0.000000000000000000e+00
4.750290404836643443e-01	2.400082162585047030e+00	0.000000000000000000e+00
4.750290404836643443e-01	2.400082162585047030e+00	0.000000000000000000e+00
4.750290404836643443e-01	2.400082162585047030e+00	0.000000000000000000e+00
6.349759309176108424e-01	1.970618034056227819e+00	0.000000000000000000e+00
6.349759309176108424e-01	2.107143525149877572e+00	0.000000000000000000e+00
6.349759309176108424e-01	2.107143525149877572e+00	0.000000000000000000e+00
6.349759309176108424e-01	2.107143525149877572e+00	0.000000000000000000e+00
6.349759309176108424e-01	2.105944197784669125e+00	0.000000000000000000e+00
6.349759309176108424e-01	1.962838070744715280e+00	0.000000000000000000e+00
6.349759309176108424e-01	1.962838070744715280e+00	0.000000000000000000e+00
6.349759309176108424e-01	1.884631084121467737e+00	0.000000000000000000e+00
6.349759309176108424e-01	1.742512791965566299e+00	0.000000000000000000e+00
6.349759309176108424e-01	1.742512791965566299e+00	0.000000000000000000e+00
6.349759309176108424e-01	1.742512791965566299e+00	0.000000000000000000e+00
6.349759309176108424e-01	1.555494988211396867e+00	0.000000000000000000e+00
6.349759309176108424e-01	1.555494988211396867e+00	0.000000000000000000e+00
6.349759309176108424e-01	1.555494988211396867e+00	0.000000000000000000e+00
6.349759309176108424e-01	1.555494988211396867e+00	0.000000000000000000e+00
6.349759309176108424e-01	1.555494988211396867e+00	0.000000000000000000e+00
6.349759309176108424e-01	1.555494988211396867e+00	0.000000000000000000e+00
6.349759309176108424e-01	1.555494988211396867e+00	0.000000000000000000e+00
6.349759309176108424e-01	1.555494988211396867e+00	0.000000000000000000e+00
8.223860447088735537e-01	1.621641127571572749e+00	0.000000000000000000e+00
8.223860447088735537e-01	1.621641127571572749e+00	0.000000000000000000e+00
8.223860447088735537e-01	1.621641127571572749e+00	0.000000000000000000e+00
8.223860447088735537e-01	1.415324502181441124e+00	0.000000000000000000e+00
8.223860447088735537e-01	1.415324502181441124e+00	0.000000000000000000e+00
8.223860447088735537e-01	1.415324502181441124e+00	0.000000000000000000e+00
8.223860447088735537e-01	1.415324502181441124e+00	0.000000000000000000e+00
8.223860447088735537e-01	1.415324502181441124e+00	0.000000000000000000e+00
8.223860447088735537e-01	1.415324502181441124e+00	0.000000000000000000e+00
8.223860447088735537e-01	1.300765720611936294e+00	0.000000000000000000e+00
8.223860447088735537e-01	1.300765720611936294e+00	0.000000000000000000e+00
8.223860447088735537e-01	1.300765720611936294e+00	0.000000000000000000e+00
8.223860447088735537e-01	1.300765720611936294e+00	0.000000000000000000e+00
8.223860447088735537e-01	1.300765720611936294e+00	0.000000000000000000e+00
8.223860447088735537e-01	1.299088343301146864e+00	0.000000000000000000e+00
8.223860447088735537e-01	1.299088343301146864e+00	0.000000000000000000e+00
8.528617575874292145e-01	7.608106267181055093e-01	0.000000000000000000e+00
8.528617575874292145e-01	7.608106267181055093e-01	0.000000000000000000e+00
8.528617575874292145e-01	7.608106267181055093e-01	0.000000000000000000e+00
8.528617575874292145e-01	7.608106267181055093e-01	0.000000000000000000e+00
8.528617575874292145e-01	7.608106267181055093e-01	0.000000000000000000e+00
8.528617575874292145e-01	7.608106267181055093e-01	0.000000000000000000e+00
8.528617575874292145e-01	7.608106267181055093e-01	0.000000000000000000e+00
8.528617575874292145e-01	7.608106267181055093e-01	0.000000000000000000e+00
8.528617575874292145e-01	7.524890632418630432e-01	0.000000000000000000e+00
8.528617575874292145e-01	7.524890632418630432e-01	0.000000000000000000e+00
8.528617575874292145e-01	7.524890632418630432e-01	0.000000000000000000e+00
8.528617575874292145e-01	7.524890632418630432e-01	0.000000000000000000e+00
8.528617575874292145e-01	7.738986155954600266e-01	0.000000000000000000e+00
8.528617575874292145e-01	7.738986155954600266e-01	0.000000000000000000e+00
8.528617575874292145e-01	7.738986155954600266e-01	0.000000000000000000e+00
8.528617575874292145e-01	7.738986155954600266e-01	0.000000000000000000e+00
8.528617575874292145e-01	8.691044863715579050e-01	0.000000000000000000e+00
8.528617575874292145e-01	8.691044863715579050e-01	0.000000000000000000e+00
8.528617575874292145e-01	8.691044863715579050e-01	0.000000000000000000e+00
8.528617575874292145e-01	8.691044863715579050e-01	0.000000000000000000e+00
8.528617575874292145e-01	8.691044863715579050e-01	0.000000000000000000e+00
8.528617575874292145e-01	8.691044863715579050e-01	0.000000000000000000e+00
8.528617575874292145e-01	8.691044863715579050e-01	0.000000000000000000e+00
8.528617575874292145e-01	8.691044863715579050e-01	0.000000000000000000e+00
8.528617575874292145e-01	8.624918349580722454e-01	0.000000000000000000e+00
8.528617575874292145e-01	8.885642075682155250e-01	0.000000000000000000e+00
8.528617575874292145e-01	8.885642075682155250e-01	0.000000000000000000e+00
8.528617575874292145e-01	8.885642075682155250e-01	0.000000000000000000e+00
8.528617575874292145e-01	8.885642075682155250e-01	0.000000000000000000e+00
8.528617575874292145e-01	9.197135456035214762e-01	0.000000000000000000e+00
8.528617575874292145e-01	9.197135456035214762e-01	0.000000000000000000e+00
8.528617575874292145e-01	9.197135456035214762e-01	0.000000000000000000e+00
8.528617575874292145e-01	9.197135456035214762e-01	0.000000000000000000e+00
8.528617575874292145e-01	9.197135456035214762e-01	0.000000000000000000e+00
8.528617575874292145e-01	9.379119929959752744e-01	0.000000000000000000e+00
8.528617575874292145e-01	9.379119929959752744e-01	0.000000000000000000e+00
8.528617575874292145e-01	9.379119929959752744e-01	0.000000000000000000e+00
8.528617575874292145e-01	1.042276909817433594e+00	0.000000000000000000e+00
