0.000000000000000000e+00	1.115684789686037348e+00	0.000000000000000000e+00
1.099507533251146973e-02	9.322836863733842128e-01	0.000000000000000000e+00
2.052830825343616647e-02	8.802812135440889474e-01	0.000000000000000000e+00
4.433081789276561296e-02	7.795256187741247400e-01	0.000000000000000000e+00
4.433081789276561296e-02	7.767786667692105906e-01	0.000000000000000000e+00
6.886088757501285240e-02	7.210058841487149150e-01	0.000000000000000000e+00
6.886088757501285240e-02	7.181119811865255276e-01	0.000000000000000000e+00
9.535157088742428344e-02	6.906463914073321941e-01	0.000000000000000000e+00
9.535157088742428344e-02	6.889375839768298038e-01	0.000000000000000000e+00
9.535157088742428344e-02	6.861439284456513077e-01	0.000000000000000000e+00
9.535157088742428344e-02	6.861439284456513077e-01	0.000000000000000000e+00
9.535157088742428344e-02	6.861439284456513077e-01	0.000000000000000000e+00
9.535157088742428344e-02	6.861439284456513077e-01	0.000000000000000000e+00
9.535157088742428344e-02	6.861439284456513077e-01	0.000000000000000000e+00
2.140674943666644181e-01	4.537801917060457768e-01	0.000000000000000000e+00
2.140674943666644181e-01	4.537801917060457768e-01	0.000000000000000000e+00
2.140674943666644181e-01	4.537801917060457768e-01	0.000000000000000000e+00
2.332342989196938277e-01	3.479545406254970219e-01	0.000000000000000000e+00
2.332342989196938277e-01	3.479545406254970219e-01	0.000000000000000000e+00
2.356953574600913481e-01	3.108373884705780132e-01	0.000000000000000000e+00
2.356953574600913481e-01	3.108373884705780132e-01	0.000000000000000000e+00
2.579546835792708714e-01	2.678290855839801088e-01	0.000000000000000000e+00
2.579546835792708714e-01	2.657421166369173249e-01	0.000000000000000000e+00
2.579546835792708714e-01	2.657421166369173249e-01	0.000000000000000000e+00
2.579546835792708714e-01	2.657421166369173249e-01	0.000000000000000000e+00
2.579546835792708714e-01	2.657421166369173249e-01	0.000000000000000000e+00
2.579546835792708714e-01	2.657421166369173249e-01	0.000000000000000000e+00
2.579546835792708714e-01	2.657421166369173249e-01	0.000000000000000000e+00
2.579546835792708714e-01	2.657421166369173249e-01	0.000000000000000000e+00
2.579546835792708714e-01	2.657421166369173249e-01	0.000000000000000000e+00
2.579546835792708714e-01	2.657421166369173249e-01	0.000000000000000000e+00
4.207099414722634823e-01	1.249267924642172428e-01	0.000000000000000000e+00
4.207099414722634823e-01	1.249267924642172428e-01	0.000000000000000000e+00
4.207099414722634823e-01	1.249267924642172428e-01	0.000000000000000000e+00
4.207099414722634823e-01	1.186724525568070704e-01	0.000000000000000000e+00
4.310993384088139257e-01	3.760030475267830963e-02	0.000000000000000000e+00
4.310993384088139257e-01	3.760030475267830963e-02	0.000000000000000000e+00
4.310993384088139257e-01	2.108647147284228862e-02	0.000000000000000000e+00
4.310993384088139257e-01	1.057534854386961735e-03	0.000000000000000000e+00
4.310993384088139257e-01	1.057534854386961735e-03	0.000000000000000000e+00
4.518940972048016147e-01	-1.050330437379112664e-01	0.000000000000000000e+00
4.518940972048016147e-01	-1.050330437379112664e-01	0.000000000000000000e+00
4.518940972048016147e-01	-1.050330437379112664e-01	0.000000000000000000e+00
4.518940972048016147e-01	-1.050330437379112664e-01	0.000000000000000000e+00
4.518940972048016147e-01	-1.076732823159572972e-01	0.000000000000000000e+00
4.518940972048016147e-01	-1.076732823159572972e-01	0.000000000000000000e+00
4.518940972048016147e-01	-1.050330437379112664e-01	0.000000000000000000e+00
4.518940972048016147e-01	-1.050330437379112664e-01	0.000000000000000000e+00
4.518940972048016147e-01	-8.611773340704118040e-02	0.000000000000000000e+00
4.518940972048016147e-01	-8.611773340704118040e-02	0.000000000000000000e+00
4.518940972048016147e-01	-8.611773340704118040e-02	0.000000000000000000e+00
6.271419289372223149e-01	-2.203513814713747021e-01	0.000000000000000000e+00
6.271419289372223149e-01	-2.209451107746110421e-01	0.000000000000000000e+00
6.271419289372223149e-01	-2.209451107746110421e-01	0.000000000000000000e+00
6.271419289372223149e-01	-2.209451107746110421e-01	0.000000000000000000e+00
6.271419289372223149e-01	-2.209451107746110421e-01	0.000000000000000000e+00
6.271419289372223149e-01	-2.209451107746110421e-01	0.000000000000000000e+00
6.271419289372223149e-01	-2.333047741240741602e-01	0.000000000000000000e+00
6.402995974262715162e-01	-3.612604141418397363e-01	0.000000000000000000e+00
6.402995974262715162e-01	-3.584959645801431005e-01	0.000000000000000000e+00
6.402995974262715162e-01	-3.584959645801431005e-01	0.000000000000000000e+00
6.402995974262715162e-01	-3.584959645801431005e-01	0.000000000000000000e+00
6.402995974262715162e-01	-3.584959645801431005e-01	0.000000000000000000e+00
6.402995974262715162e-01	-3.584959645801431005e-01	0.000000000000000000e+00
6.402995974262715162e-01	-3.584959645801431005e-01	0.000000000000000000e+00
6.402995974262715162e-01	-3.584959645801431005e-01	0.000000000000000000e+00
6.402995974262715162e-01	-3.776733395692531969e-01	0.000000000000000000e+00
6.445932095424612429e-01	-3.959950735528733334e-01	0.000000000000000000e+00
6.445932095424612429e-01	-4.046599427915433811e-01	0.000000000000000000e+00
6.445932095424612429e-01	-4.072936880532375681e-01	0.000000000000000000e+00
6.558323650251699499e-01	-4.247232439668817694e-01	0.000000000000000000e+00
6.558323650251699499e-01	-4.247232439668817694e-01	0.000000000000000000e+00
6.558323650251699499e-01	-4.247232439668817694e-01	0.000000000000000000e+00
6.558323650251699499e-01	-4.247232439668817694e-01	0.000000000000000000e+00
6.558323650251699499e-01	-4.247232439668817694e-01	0.000000000000000000e+00
6.558323650251699499e-01	-4.247232439668817694e-01	0.000000000000000000e+00
8.329786487810344475e-01	-5.850049668081401810e-01	0.000000000000000000e+00
8.329786487810344475e-01	-5.850049668081401810e-01	0.000000000000000000e+00
8.329786487810344475e-01	-5.850049668081401810e-01	0.000000000000000000e+00
8.329786487810344475e-01	-5.850049668081401810e-01	0.000000000000000000e+00
8.329786487810344475e-01	-5.850049668081401810e-01	0.000000000000000000e+00
8.329786487810344475e-01	-5.850049668081401810e-01	0.000000000000000000e+00
8.329786487810344475e-01	-5.850049668081401810e-01	0.000000000000000000e+00
8.329786487810344475e-01	-5.850049668081401810e-01	0.000000000000000000e+00
8.329786487810344475e-01	-5.850049668081401810e-01	0.000000000000000000e+00
8.329786487810344475e-01	-5.843603153903554892e-01	0.000000000000000000e+00
8.329786487810344475e-01	-5.843603153903554892e-01	0.000000000000000000e+00
8.329786487810344475e-01	-5.843603153903554892e-01	0.000000000000000000e+00
8.341639750979538137e-01	-5.900360854319516291e-01	0.000000000000000000e+00
8.408809417718671186e-01	-6.648236350780567516e-01	0.000000000000000000e+00
8.408809417718671186e-01	-6.648236350780567516e-01	0.000000000000000000e+00
8.408809417718671186e-01	-6.648236350780567516e-01	0.000000000000000000e+00
8.408809417718671186e-01	-6.660886531585102910e-01	0.000000000000000000e+00
8.408809417718671186e-01	-6.660886531585102910e-01	0.000000000000000000e+00
8.408809417718671186e-01	-6.660886531585102910e-01	0.000000000000000000e+00
8.408809417718671186e-01	-6.660886531585102910e-01	0.000000000000000000e+00
8.408809417718671186e-01	-6.660886531585102910e-01	0.000000000000000000e+00
8.592316567004160133e-01	-6.786655041071731898e-01	0.000000000000000000e+00
8.592316567004160133e-01	-6.800784164408519850e-01	0.000000000000000000e+00
8.592316567004160133e-01	-6.786655041071731898e-01	0.000000000000000000e+00
