0.000000000000000000e+00	1.003607245087912103e+00	0.000000000000000000e+00
1.319075589476804977e-02	8.832381334448561327e-01	0.000000000000000000e+00
3.139835592572678968e-02	8.112394116927821308e-01	0.000000000000000000e+00
4.433081789276561296e-02	7.490494113384412733e-01	0.000000000000000000e+00
4.433081789276561296e-02	7.490494113384412733e-01	0.000000000000000000e+00
6.886088757501285240e-02	6.835986802568542187e-01	0.000000000000000000e+00
8.815383696061727947e-02	6.710377904992557152e-01	0.000000000000000000e+00
8.815383696061727947e-02	6.710377904992557152e-01	0.000000000000000000e+00
8.815383696061727947e-02	6.710377904992557152e-01	0.000000000000000000e+00
8.815383696061727947e-02	6.710377904992557152e-01	0.000000000000000000e+00
8.815383696061727947e-02	6.710377904992557152e-01	0.000000000000000000e+00
8.815383696061727947e-02	6.710377904992557152e-01	0.000000000000000000e+00
8.815383696061727947e-02	6.710377904992557152e-01	0.000000000000000000e+00
8.815383696061727947e-02	6.710377904992557152e-01	0.000000000000000000e+00
2.140674943666644181e-01	4.549333546510019866e-01	0.000000000000000000e+00
2.140674943666644181e-01	4.549333546510019866e-01	0.000000000000000000e+00
2.169660403177043340e-01	4.239584672724788783e-01	0.000000000000000000e+00
2.332342989196938277e-01	3.154336048444621454e-01	0.000000000000000000e+00
2.332342989196938277e-01	3.154336048444621454e-01	0.000000000000000000e+00
2.356953574600913481e-01	3.022220071018177912e-01	0.000000000000000000e+00
2.579546835792708714e-01	2.421659680339874332e-01	0.000000000000000000e+00
2.579546835792708714e-01	2.421659680339874332e-01	0.000000000000000000e+00
2.579546835792708714e-01	2.421659680339874332e-01	0.000000000000000000e+00
2.579546835792708714e-01	2.421659680339874332e-01	0.000000000000000000e+00
2.579546835792708714e-01	2.421659680339874332e-01	0.000000000000000000e+00
2.579546835792708714e-01	2.421659680339874332e-01	0.000000000000000000e+00
2.579546835792708714e-01	2.421659680339874332e-01	0.000000000000000000e+00
2.579546835792708714e-01	2.421659680339874332e-01	0.000000000000000000e+00
2.579546835792708714e-01	2.421659680339874332e-01	0.000000000000000000e+00
2.579546835792708714e-01	2.421659680339874332e-01	0.000000000000000000e+00
4.207099414722634823e-01	1.028261663322571212e-01	0.000000000000000000e+00
4.207099414722634823e-01	1.028261663322571212e-01	0.000000000000000000e+00
4.207099414722634823e-01	1.028261663322571212e-01	0.000000000000000000e+00
4.207099414722634823e-01	1.028261663322571212e-01	0.000000000000000000e+00
4.310993384088139257e-01	-3.650312141476860783e-03	0.000000000000000000e+00
4.310993384088139257e-01	-3.650312141476860783e-03	0.000000000000000000e+00
4.310993384088139257e-01	-3.650312141476860783e-03	0.000000000000000000e+00
4.310993384088139257e-01	-1.142661489496204705e-02	0.000000000000000000e+00
4.442071611364207806e-01	-9.573046032201781852e-02	0.000000000000000000e+00
4.442071611364207806e-01	-9.573046032201781852e-02	0.000000000000000000e+00
4.442071611364207806e-01	-9.573046032201781852e-02	0.000000000000000000e+00
4.442071611364207806e-01	-1.033601808030258917e-01	0.000000000000000000e+00
4.518940972048016147e-01	-1.233249821282165759e-01	0.000000000000000000e+00
4.518940972048016147e-01	-1.233249821282165759e-01	0.000000000000000000e+00
4.518940972048016147e-01	-1.233249821282165759e-01	0.000000000000000000e+00
4.518940972048016147e-01	-1.233249821282165759e-01	0.000000000000000000e+00
4.518940972048016147e-01	-1.233249821282165759e-01	0.000000000000000000e+00
4.518940972048016147e-01	-1.233249821282165759e-01	0.000000000000000000e+00
4.518940972048016147e-01	-1.233249821282165759e-01	0.000000000000000000e+00
4.518940972048016147e-01	-1.233249821282165759e-01	0.000000000000000000e+00
6.216011631065088139e-01	-1.714997942751921856e-01	0.000000000000000000e+00
6.216011631065088139e-01	-1.714997942751921856e-01	0.000000000000000000e+00
6.216011631065088139e-01	-1.786082328747440329e-01	0.000000000000000000e+00
6.271419289372223149e-01	-2.351404409403471674e-01	0.000000000000000000e+00
6.271419289372223149e-01	-2.351404409403471674e-01	0.000000000000000000e+00
6.271419289372223149e-01	-2.608557248847865884e-01	0.000000000000000000e+00
6.271419289372223149e-01	-2.608557248847865884e-01	0.000000000000000000e+00
6.402995974262715162e-01	-3.711214164167388474e-01	0.000000000000000000e+00
6.402995974262715162e-01	-3.711214164167388474e-01	0.000000000000000000e+00
6.402995974262715162e-01	-3.711214164167388474e-01	0.000000000000000000e+00
6.402995974262715162e-01	-3.711214164167388474e-01	0.000000000000000000e+00
6.402995974262715162e-01	-3.711214164167388474e-01	0.000000000000000000e+00
6.402995974262715162e-01	-3.711214164167388474e-01	0.000000000000000000e+00
6.402995974262715162e-01	-3.767962764124443420e-01	0.000000000000000000e+00
6.402995974262715162e-01	-3.996781179243605320e-01	0.000000000000000000e+00
6.402995974262715162e-01	-4.052144576207833970e-01	0.000000000000000000e+00
6.402995974262715162e-01	-4.109836470390599850e-01	0.000000000000000000e+00
6.558323650251699499e-01	-4.367952513821787841e-01	0.000000000000000000e+00
6.558323650251699499e-01	-4.546888032371781962e-01	0.000000000000000000e+00
6.558323650251699499e-01	-4.546888032371781962e-01	0.000000000000000000e+00
6.558323650251699499e-01	-4.546888032371781962e-01	0.000000000000000000e+00
6.558323650251699499e-01	-4.546888032371781962e-01	0.000000000000000000e+00
6.558323650251699499e-01	-4.546888032371781962e-01	0.000000000000000000e+00
6.558323650251699499e-01	-4.546888032371781962e-01	0.000000000000000000e+00
8.329786487810344475e-01	-5.835096436142706011e-01	0.000000000000000000e+00
8.329786487810344475e-01	-5.835096436142706011e-01	0.000000000000000000e+00
8.329786487810344475e-01	-5.835096436142706011e-01	0.000000000000000000e+00
8.329786487810344475e-01	-5.729137778767130484e-01	0.000000000000000000e+00
8.329786487810344475e-01	-5.729137778767130484e-01	0.000000000000000000e+00
8.329786487810344475e-01	-5.729137778767130484e-01	0.000000000000000000e+00
8.329786487810344475e-01	-5.729137778767130484e-01	0.000000000000000000e+00
8.329786487810344475e-01	-5.729137778767130484e-01	0.000000000000000000e+00
8.329786487810344475e-01	-5.729137778767130484e-01	0.000000000000000000e+00
8.329786487810344475e-01	-5.785703902838371659e-01	0.000000000000000000e+00
8.329786487810344475e-01	-5.985228978917712661e-01	0.000000000000000000e+00
8.329786487810344475e-01	-6.132415360765187673e-01	0.000000000000000000e+00
8.329786487810344475e-01	-6.132415360765187673e-01	0.000000000000000000e+00
8.361064164891475192e-01	-6.550105977184255135e-01	0.000000000000000000e+00
8.361064164891475192e-01	-6.550105977184255135e-01	0.000000000000000000e+00
8.361064164891475192e-01	-6.550105977184255135e-01	0.000000000000000000e+00
8.361064164891475192e-01	-6.550105977184255135e-01	0.000000000000000000e+00
8.408809417718671186e-01	-7.024160203888739629e-01	0.000000000000000000e+00
8.408809417718671186e-01	-7.092523472320433342e-01	0.000000000000000000e+00
8.408809417718671186e-01	-7.092523472320433342e-01	0.000000000000000000e+00
8.408809417718671186e-01	-7.092523472320433342e-01	0.000000000000000000e+00
8.408809417718671186e-01	-7.092523472320433342e-01	0.000000000000000000e+00
8.408809417718671186e-01	-7.145638802212760377e-01	0.000000000000000000e+00
8.592316567004160133e-01	-7.376709394594498370e-01	0.000000000000000000e+00
8.592316567004160133e-01	-7.376709394594498370e-01	0.000000000000000000e+00
8.592316567004160133e-01	-7.385061467789995060e-01	0.000000000000000000e+00
