0.000000000000000000e+00	1.027765675241268717e+00	0.000000000000000000e+00
1.099507533251146973e-02	9.122782061115002339e-01	0.000000000000000000e+00
2.052830825343616647e-02	8.488848563508314404e-01	0.000000000000000000e+00
4.433081789276561296e-02	7.501607655218759385e-01	0.000000000000000000e+00
4.433081789276561296e-02	7.501607655218759385e-01	0.000000000000000000e+00
6.886088757501285240e-02	6.846778992457609458e-01	0.000000000000000000e+00
6.886088757501285240e-02	6.846778992457609458e-01	0.000000000000000000e+00
9.535157088742428344e-02	6.814355938166706261e-01	0.000000000000000000e+00
9.535157088742428344e-02	6.814355938166706261e-01	0.000000000000000000e+00
9.535157088742428344e-02	6.814355938166706261e-01	0.000000000000000000e+00
9.535157088742428344e-02	6.814355938166706261e-01	0.000000000000000000e+00
9.535157088742428344e-02	6.814355938166706261e-01	0.000000000000000000e+00
9.535157088742428344e-02	6.814355938166706261e-01	0.000000000000000000e+00
9.535157088742428344e-02	6.814355938166706261e-01	0.000000000000000000e+00
2.140674943666644181e-01	4.603524140624468131e-01	0.000000000000000000e+00
2.140674943666644181e-01	4.603524140624468131e-01	0.000000000000000000e+00
2.169660403177043340e-01	4.268701109596069743e-01	0.000000000000000000e+00
2.332342989196938277e-01	3.320938203593986615e-01	0.000000000000000000e+00
2.332342989196938277e-01	3.154336048444621454e-01	0.000000000000000000e+00
2.356953574600913481e-01	3.022220071018177912e-01	0.000000000000000000e+00
2.579546835792708714e-01	2.421659680339874332e-01	0.000000000000000000e+00
2.579546835792708714e-01	2.421659680339874332e-01	0.000000000000000000e+00
2.579546835792708714e-01	2.421659680339874332e-01	0.000000000000000000e+00
2.579546835792708714e-01	2.421659680339874332e-01	0.000000000000000000e+00
2.579546835792708714e-01	2.421659680339874332e-01	0.000000000000000000e+00
2.579546835792708714e-01	2.421659680339874332e-01	0.000000000000000000e+00
2.579546835792708714e-01	2.421659680339874332e-01	0.000000000000000000e+00
2.579546835792708714e-01	2.421659680339874332e-01	0.000000000000000000e+00
2.579546835792708714e-01	2.421659680339874332e-01	0.000000000000000000e+00
2.579546835792708714e-01	2.421659680339874332e-01	0.000000000000000000e+00
4.207099414722634823e-01	1.349306443029195945e-01	0.000000000000000000e+00
4.207099414722634823e-01	1.349306443029195945e-01	0.000000000000000000e+00
4.207099414722634823e-01	1.349306443029195945e-01	0.000000000000000000e+00
4.207099414722634823e-01	1.213629259116967424e-01	0.000000000000000000e+00
4.310993384088139257e-01	-1.321037662303983437e-02	0.000000000000000000e+00
4.310993384088139257e-01	-1.321037662303983437e-02	0.000000000000000000e+00
4.310993384088139257e-01	-1.321037662303983437e-02	0.000000000000000000e+00
4.310993384088139257e-01	-1.321037662303983437e-02	0.000000000000000000e+00
4.442071611364207806e-01	-9.893878502684116949e-02	0.000000000000000000e+00
4.442071611364207806e-01	-9.893878502684116949e-02	0.000000000000000000e+00
4.442071611364207806e-01	-9.893878502684116949e-02	0.000000000000000000e+00
4.442071611364207806e-01	-1.033601808030258917e-01	0.000000000000000000e+00
4.518940972048016147e-01	-1.233249821282165759e-01	0.000000000000000000e+00
4.518940972048016147e-01	-1.233249821282165759e-01	0.000000000000000000e+00
4.518940972048016147e-01	-1.233249821282165759e-01	0.000000000000000000e+00
4.518940972048016147e-01	-1.233249821282165759e-01	0.000000000000000000e+00
4.518940972048016147e-01	-1.233249821282165759e-01	0.000000000000000000e+00
4.518940972048016147e-01	-1.233249821282165759e-01	0.000000000000000000e+00
4.518940972048016147e-01	-1.233249821282165759e-01	0.000000000000000000e+00
4.518940972048016147e-01	-1.233249821282165759e-01	0.000000000000000000e+00
4.518940972048016147e-01	-1.224528516284557750e-01	0.000000000000000000e+00
6.216011631065088139e-01	-1.777979709963701527e-01	0.000000000000000000e+00
6.216011631065088139e-01	-1.777979709963701527e-01	0.000000000000000000e+00
6.271419289372223149e-01	-2.558572291534876864e-01	0.000000000000000000e+00
6.271419289372223149e-01	-2.444915676771179103e-01	0.000000000000000000e+00
6.271419289372223149e-01	-2.444915676771179103e-01	0.000000000000000000e+00
6.271419289372223149e-01	-2.634000397579830399e-01	0.000000000000000000e+00
6.271419289372223149e-01	-2.634000397579830399e-01	0.000000000000000000e+00
6.402995974262715162e-01	-3.785026621459566809e-01	0.000000000000000000e+00
6.402995974262715162e-01	-3.785026621459566809e-01	0.000000000000000000e+00
6.402995974262715162e-01	-3.785026621459566809e-01	0.000000000000000000e+00
6.402995974262715162e-01	-3.785026621459566809e-01	0.000000000000000000e+00
6.402995974262715162e-01	-3.785026621459566809e-01	0.000000000000000000e+00
6.402995974262715162e-01	-3.785026621459566809e-01	0.000000000000000000e+00
6.402995974262715162e-01	-3.952837261438647554e-01	0.000000000000000000e+00
6.402995974262715162e-01	-3.972198663210113612e-01	0.000000000000000000e+00
6.402995974262715162e-01	-4.036357021563892755e-01	0.000000000000000000e+00
6.558323650251699499e-01	-4.453223959360677053e-01	0.000000000000000000e+00
6.558323650251699499e-01	-4.453223959360677053e-01	0.000000000000000000e+00
6.558323650251699499e-01	-4.453223959360677053e-01	0.000000000000000000e+00
6.558323650251699499e-01	-4.453223959360677053e-01	0.000000000000000000e+00
6.558323650251699499e-01	-4.453223959360677053e-01	0.000000000000000000e+00
6.558323650251699499e-01	-4.395562599594518560e-01	0.000000000000000000e+00
6.558323650251699499e-01	-4.395562599594518560e-01	0.000000000000000000e+00
8.329786487810344475e-01	-5.762775614150936754e-01	0.000000000000000000e+00
8.329786487810344475e-01	-5.762775614150936754e-01	0.000000000000000000e+00
8.329786487810344475e-01	-5.786516782572566076e-01	0.000000000000000000e+00
8.329786487810344475e-01	-5.786516782572566076e-01	0.000000000000000000e+00
8.329786487810344475e-01	-5.786516782572566076e-01	0.000000000000000000e+00
8.329786487810344475e-01	-6.077944684563220124e-01	0.000000000000000000e+00
8.329786487810344475e-01	-6.077944684563220124e-01	0.000000000000000000e+00
8.329786487810344475e-01	-6.077944684563220124e-01	0.000000000000000000e+00
8.329786487810344475e-01	-6.077944684563220124e-01	0.000000000000000000e+00
8.329786487810344475e-01	-6.077944684563220124e-01	0.000000000000000000e+00
8.329786487810344475e-01	-6.077944684563220124e-01	0.000000000000000000e+00
8.329786487810344475e-01	-6.077944684563220124e-01	0.000000000000000000e+00
8.329786487810344475e-01	-6.077944684563220124e-01	0.000000000000000000e+00
8.408809417718671186e-01	-6.936549598025145702e-01	0.000000000000000000e+00
8.361064164891475192e-01	-6.268267502614950359e-01	0.000000000000000000e+00
8.408809417718671186e-01	-6.936549598025145702e-01	0.000000000000000000e+00
8.408809417718671186e-01	-6.936549598025145702e-01	0.000000000000000000e+00
8.408809417718671186e-01	-6.936549598025145702e-01	0.000000000000000000e+00
8.408809417718671186e-01	-6.936549598025145702e-01	0.000000000000000000e+00
8.408809417718671186e-01	-6.936549598025145702e-01	0.000000000000000000e+00
8.592316567004160133e-01	-6.980382386143998419e-01	0.000000000000000000e+00
8.592316567004160133e-01	-6.980382386143998419e-01	0.000000000000000000e+00
8.592316567004160133e-01	-7.075175755808977840e-01	0.000000000000000000e+00
8.592316567004160133e-01	-7.075175755808977840e-01	0.000000000000000000e+00
8.592316567004160133e-01	-7.075175755808977840e-01	0.000000000000000000e+00
8.592316567004160133e-01	-7.075175755808977840e-01	0.000000000000000000e+00
