0.000000000000000000e+00	1.167684705133881895e+00	0.000000000000000000e+00
1.099507533251146973e-02	1.017566624271456721e+00	0.000000000000000000e+00
1.099507533251146973e-02	1.017566624271456721e+00	0.000000000000000000e+00
4.433081789276561296e-02	8.590977276887949987e-01	0.000000000000000000e+00
4.433081789276561296e-02	8.590977276887949987e-01	0.000000000000000000e+00
6.886088757501285240e-02	7.943747334579108754e-01	0.000000000000000000e+00
6.886088757501285240e-02	7.943747334579108754e-01	0.000000000000000000e+00
9.535157088742428344e-02	7.718622095478819833e-01	0.000000000000000000e+00
9.535157088742428344e-02	7.718622095478819833e-01	0.000000000000000000e+00
9.535157088742428344e-02	7.718622095478819833e-01	0.000000000000000000e+00
9.535157088742428344e-02	7.718622095478819833e-01	0.000000000000000000e+00
9.535157088742428344e-02	7.718622095478819833e-01	0.000000000000000000e+00
9.535157088742428344e-02	7.718622095478819833e-01	0.000000000000000000e+00
9.535157088742428344e-02	7.718622095478819833e-01	0.000000000000000000e+00
2.140674943666644181e-01	5.378760675895242205e-01	0.000000000000000000e+00
2.140674943666644181e-01	5.378760675895242205e-01	0.000000000000000000e+00
2.140674943666644181e-01	5.258734321252424015e-01	0.000000000000000000e+00
2.140674943666644181e-01	5.258734321252424015e-01	0.000000000000000000e+00
2.579546835792708714e-01	3.107873176776122515e-01	0.000000000000000000e+00
2.579546835792708714e-01	3.107873176776122515e-01	0.000000000000000000e+00
2.579546835792708714e-01	3.107873176776122515e-01	0.000000000000000000e+00
2.579546835792708714e-01	3.107873176776122515e-01	0.000000000000000000e+00
2.590023606239133525e-01	3.100003861242318637e-01	0.000000000000000000e+00
2.579546835792708714e-01	3.098474673137022739e-01	0.000000000000000000e+00
2.579546835792708714e-01	3.098474673137022739e-01	0.000000000000000000e+00
2.579546835792708714e-01	3.098474673137022739e-01	0.000000000000000000e+00
2.579546835792708714e-01	3.098474673137022739e-01	0.000000000000000000e+00
2.579546835792708714e-01	3.098474673137022739e-01	0.000000000000000000e+00
2.579546835792708714e-01	3.098474673137022739e-01	0.000000000000000000e+00
2.579546835792708714e-01	3.098474673137022739e-01	0.000000000000000000e+00
2.579546835792708714e-01	3.098474673137022739e-01	0.000000000000000000e+00
4.207099414722634823e-01	2.010676450687438332e-01	0.000000000000000000e+00
4.207099414722634823e-01	2.010676450687438332e-01	0.000000000000000000e+00
4.207099414722634823e-01	1.773979981371938963e-01	0.000000000000000000e+00
4.207099414722634823e-01	1.749776101156984287e-01	0.000000000000000000e+00
4.310993384088139257e-01	5.167751938801091321e-02	0.000000000000000000e+00
4.310993384088139257e-01	5.167751938801091321e-02	0.000000000000000000e+00
4.310993384088139257e-01	6.617147844037547799e-02	0.000000000000000000e+00
4.310993384088139257e-01	4.601510513857690748e-02	0.000000000000000000e+00
4.310993384088139257e-01	3.991665800529410613e-02	0.000000000000000000e+00
4.518940972048016147e-01	-6.908969094150056722e-02	0.000000000000000000e+00
4.518940972048016147e-01	-6.908969094150056722e-02	0.000000000000000000e+00
4.518940972048016147e-01	-6.908969094150056722e-02	0.000000000000000000e+00
4.518940972048016147e-01	-6.908969094150056722e-02	0.000000000000000000e+00
4.518940972048016147e-01	-7.271679831359310897e-02	0.000000000000000000e+00
4.518940972048016147e-01	-7.271679831359310897e-02	0.000000000000000000e+00
4.518940972048016147e-01	-7.271679831359310897e-02	0.000000000000000000e+00
4.518940972048016147e-01	-7.271679831359310897e-02	0.000000000000000000e+00
4.518940972048016147e-01	-7.271679831359310897e-02	0.000000000000000000e+00
4.518940972048016147e-01	-7.271679831359310897e-02	0.000000000000000000e+00
4.518940972048016147e-01	-8.068599965793425699e-02	0.000000000000000000e+00
4.518940972048016147e-01	-8.068599965793425699e-02	0.000000000000000000e+00
4.518940972048016147e-01	-8.068599965793425699e-02	0.000000000000000000e+00
6.271419289372223149e-01	-1.984464437264016057e-01	0.000000000000000000e+00
6.271419289372223149e-01	-1.984464437264016057e-01	0.000000000000000000e+00
6.271419289372223149e-01	-1.984464437264016057e-01	0.000000000000000000e+00
6.271419289372223149e-01	-1.984464437264016057e-01	0.000000000000000000e+00
6.271419289372223149e-01	-2.127671923735224568e-01	0.000000000000000000e+00
6.271419289372223149e-01	-2.127671923735224568e-01	0.000000000000000000e+00
6.271419289372223149e-01	-2.195687515651697508e-01	0.000000000000000000e+00
6.271419289372223149e-01	-2.195687515651697508e-01	0.000000000000000000e+00
6.558323650251699499e-01	-3.949098660387512227e-01	0.000000000000000000e+00
6.558323650251699499e-01	-3.949098660387512227e-01	0.000000000000000000e+00
6.558323650251699499e-01	-3.676543601879597722e-01	0.000000000000000000e+00
6.558323650251699499e-01	-3.676543601879597722e-01	0.000000000000000000e+00
6.558323650251699499e-01	-3.676543601879597722e-01	0.000000000000000000e+00
6.558323650251699499e-01	-3.676543601879597722e-01	0.000000000000000000e+00
6.558323650251699499e-01	-3.892113132748318827e-01	0.000000000000000000e+00
6.558323650251699499e-01	-3.892113132748318827e-01	0.000000000000000000e+00
6.558323650251699499e-01	-3.813675680654782796e-01	0.000000000000000000e+00
6.558323650251699499e-01	-3.813675680654782796e-01	0.000000000000000000e+00
6.558323650251699499e-01	-3.892113132748318827e-01	0.000000000000000000e+00
6.558323650251699499e-01	-3.892113132748318827e-01	0.000000000000000000e+00
6.558323650251699499e-01	-3.892113132748318827e-01	0.000000000000000000e+00
6.558323650251699499e-01	-3.892113132748318827e-01	0.000000000000000000e+00
6.558323650251699499e-01	-3.892113132748318827e-01	0.000000000000000000e+00
6.558323650251699499e-01	-3.892113132748318827e-01	0.000000000000000000e+00
8.341639750979538137e-01	-5.433078041285407389e-01	0.000000000000000000e+00
8.341639750979538137e-01	-5.433078041285407389e-01	0.000000000000000000e+00
8.341639750979538137e-01	-5.433078041285407389e-01	0.000000000000000000e+00
8.341639750979538137e-01	-5.433078041285407389e-01	0.000000000000000000e+00
8.341639750979538137e-01	-5.433078041285407389e-01	0.000000000000000000e+00
8.341639750979538137e-01	-5.433078041285407389e-01	0.000000000000000000e+00
8.341639750979538137e-01	-5.304606358413119782e-01	0.000000000000000000e+00
8.341639750979538137e-01	-5.304606358413119782e-01	0.000000000000000000e+00
8.341639750979538137e-01	-5.304606358413119782e-01	0.000000000000000000e+00
8.341639750979538137e-01	-5.304606358413119782e-01	0.000000000000000000e+00
8.341639750979538137e-01	-5.304606358413119782e-01	0.000000000000000000e+00
8.341639750979538137e-01	-5.607554595909609585e-01	0.000000000000000000e+00
8.341639750979538137e-01	-5.607554595909609585e-01	0.000000000000000000e+00
8.341639750979538137e-01	-5.607554595909609585e-01	0.000000000000000000e+00
8.408809417718671186e-01	-6.260096859886116194e-01	0.000000000000000000e+00
8.408809417718671186e-01	-6.184083628305961922e-01	0.000000000000000000e+00
8.408809417718671186e-01	-6.184083628305961922e-01	0.000000000000000000e+00
8.408809417718671186e-01	-6.184083628305961922e-01	0.000000000000000000e+00
8.408809417718671186e-01	-6.184083628305961922e-01	0.000000000000000000e+00
8.408809417718671186e-01	-6.184083628305961922e-01	0.000000000000000000e+00
8.408809417718671186e-01	-6.260096859886116194e-01	0.000000000000000000e+00
8.408809417718671186e-01	-6.322821204242945470e-01	0.000000000000000000e+00
8.408809417718671186e-01	-6.365094844189035372e-01	0.000000000000000000e+00
