0.000000000000000000e+00	1.027930925764589887e+00	0.000000000000000000e+00
1.099507533251146973e-02	9.322836863733842128e-01	0.000000000000000000e+00
2.052830825343616647e-02	8.531249001026827150e-01	0.000000000000000000e+00
4.433081789276561296e-02	7.501607655218759385e-01	0.000000000000000000e+00
4.433081789276561296e-02	7.501607655218759385e-01	0.000000000000000000e+00
6.886088757501285240e-02	6.895147686785473296e-01	0.000000000000000000e+00
6.886088757501285240e-02	6.895147686785473296e-01	0.000000000000000000e+00
9.535157088742428344e-02	6.814355938166706261e-01	0.000000000000000000e+00
9.535157088742428344e-02	6.814355938166706261e-01	0.000000000000000000e+00
9.535157088742428344e-02	6.814355938166706261e-01	0.000000000000000000e+00
9.535157088742428344e-02	6.814355938166706261e-01	0.000000000000000000e+00
9.535157088742428344e-02	6.814355938166706261e-01	0.000000000000000000e+00
9.535157088742428344e-02	6.814355938166706261e-01	0.000000000000000000e+00
9.535157088742428344e-02	6.814355938166706261e-01	0.000000000000000000e+00
2.140674943666644181e-01	4.514600077470055095e-01	0.000000000000000000e+00
2.140674943666644181e-01	4.514600077470055095e-01	0.000000000000000000e+00
2.169660403177043340e-01	4.303416814775690713e-01	0.000000000000000000e+00
2.332342989196938277e-01	3.191131660430434058e-01	0.000000000000000000e+00
2.332342989196938277e-01	3.191131660430434058e-01	0.000000000000000000e+00
2.356953574600913481e-01	3.049544093407613454e-01	0.000000000000000000e+00
2.356953574600913481e-01	3.049544093407613454e-01	0.000000000000000000e+00
2.579546835792708714e-01	2.491198331227913454e-01	0.000000000000000000e+00
2.579546835792708714e-01	2.429206955142884372e-01	0.000000000000000000e+00
2.579546835792708714e-01	2.429206955142884372e-01	0.000000000000000000e+00
2.579546835792708714e-01	2.429206955142884372e-01	0.000000000000000000e+00
2.579546835792708714e-01	2.429206955142884372e-01	0.000000000000000000e+00
2.579546835792708714e-01	2.429206955142884372e-01	0.000000000000000000e+00
2.579546835792708714e-01	2.429206955142884372e-01	0.000000000000000000e+00
2.579546835792708714e-01	2.429206955142884372e-01	0.000000000000000000e+00
2.579546835792708714e-01	2.429206955142884372e-01	0.000000000000000000e+00
2.579546835792708714e-01	2.429206955142884372e-01	0.000000000000000000e+00
4.207099414722634823e-01	1.003433829268840921e-01	0.000000000000000000e+00
4.207099414722634823e-01	1.003433829268840921e-01	0.000000000000000000e+00
4.207099414722634823e-01	1.003433829268840921e-01	0.000000000000000000e+00
4.207099414722634823e-01	1.003433829268840921e-01	0.000000000000000000e+00
4.310993384088139257e-01	-1.037792116490512777e-02	0.000000000000000000e+00
4.310993384088139257e-01	-1.037792116490512777e-02	0.000000000000000000e+00
4.310993384088139257e-01	-1.037792116490512777e-02	0.000000000000000000e+00
4.310993384088139257e-01	-1.037792116490512777e-02	0.000000000000000000e+00
4.310993384088139257e-01	-1.101430810606694732e-02	0.000000000000000000e+00
4.518940972048016147e-01	-1.147110177114344792e-01	0.000000000000000000e+00
4.518940972048016147e-01	-1.147110177114344792e-01	0.000000000000000000e+00
4.518940972048016147e-01	-1.078946646195193398e-01	0.000000000000000000e+00
4.518940972048016147e-01	-1.147110177114344792e-01	0.000000000000000000e+00
4.518940972048016147e-01	-1.217809975448614496e-01	0.000000000000000000e+00
4.518940972048016147e-01	-1.217809975448614496e-01	0.000000000000000000e+00
4.518940972048016147e-01	-1.189815622596315653e-01	0.000000000000000000e+00
4.518940972048016147e-01	-1.189815622596315653e-01	0.000000000000000000e+00
4.518940972048016147e-01	-1.189815622596315653e-01	0.000000000000000000e+00
4.518940972048016147e-01	-1.189815622596315653e-01	0.000000000000000000e+00
4.518940972048016147e-01	-1.189815622596315653e-01	0.000000000000000000e+00
4.518940972048016147e-01	-1.182086933018214187e-01	0.000000000000000000e+00
6.216011631065088139e-01	-1.746439512889880197e-01	0.000000000000000000e+00
6.216011631065088139e-01	-1.746439512889880197e-01	0.000000000000000000e+00
6.271419289372223149e-01	-2.583533271930313346e-01	0.000000000000000000e+00
6.271419289372223149e-01	-2.488874303149447575e-01	0.000000000000000000e+00
6.271419289372223149e-01	-2.488874303149447575e-01	0.000000000000000000e+00
6.271419289372223149e-01	-2.488874303149447575e-01	0.000000000000000000e+00
6.271419289372223149e-01	-2.583533271930313346e-01	0.000000000000000000e+00
6.402995974262715162e-01	-3.935094176992817161e-01	0.000000000000000000e+00
6.402995974262715162e-01	-3.935094176992817161e-01	0.000000000000000000e+00
6.402995974262715162e-01	-3.935094176992817161e-01	0.000000000000000000e+00
6.402995974262715162e-01	-3.935094176992817161e-01	0.000000000000000000e+00
6.402995974262715162e-01	-3.935094176992817161e-01	0.000000000000000000e+00
6.402995974262715162e-01	-3.935094176992817161e-01	0.000000000000000000e+00
6.402995974262715162e-01	-3.935094176992817161e-01	0.000000000000000000e+00
6.402995974262715162e-01	-3.935094176992817161e-01	0.000000000000000000e+00
6.445932095424612429e-01	-4.030630977827115435e-01	0.000000000000000000e+00
6.445932095424612429e-01	-4.117045531485442056e-01	0.000000000000000000e+00
6.558323650251699499e-01	-4.264931785565642675e-01	0.000000000000000000e+00
6.558323650251699499e-01	-4.264931785565642675e-01	0.000000000000000000e+00
6.558323650251699499e-01	-4.264931785565642675e-01	0.000000000000000000e+00
6.558323650251699499e-01	-4.264931785565642675e-01	0.000000000000000000e+00
6.558323650251699499e-01	-4.264931785565642675e-01	0.000000000000000000e+00
6.558323650251699499e-01	-4.264931785565642675e-01	0.000000000000000000e+00
8.329786487810344475e-01	-5.660365281015781180e-01	0.000000000000000000e+00
8.329786487810344475e-01	-5.660365281015781180e-01	0.000000000000000000e+00
8.329786487810344475e-01	-5.660365281015781180e-01	0.000000000000000000e+00
8.329786487810344475e-01	-5.544277069830045868e-01	0.000000000000000000e+00
8.329786487810344475e-01	-5.586379279570991008e-01	0.000000000000000000e+00
8.329786487810344475e-01	-5.586379279570991008e-01	0.000000000000000000e+00
8.329786487810344475e-01	-5.586379279570991008e-01	0.000000000000000000e+00
8.329786487810344475e-01	-5.586379279570991008e-01	0.000000000000000000e+00
8.329786487810344475e-01	-5.586379279570991008e-01	0.000000000000000000e+00
8.329786487810344475e-01	-5.586379279570991008e-01	0.000000000000000000e+00
8.329786487810344475e-01	-5.721454761064606043e-01	0.000000000000000000e+00
8.329786487810344475e-01	-5.901578673578627976e-01	0.000000000000000000e+00
8.329786487810344475e-01	-5.901578673578627976e-01	0.000000000000000000e+00
8.361064164891475192e-01	-6.121153144448846506e-01	0.000000000000000000e+00
8.361064164891475192e-01	-6.121153144448846506e-01	0.000000000000000000e+00
8.361064164891475192e-01	-6.375675313011569534e-01	0.000000000000000000e+00
8.361064164891475192e-01	-6.375675313011569534e-01	0.000000000000000000e+00
8.361064164891475192e-01	-6.375675313011569534e-01	0.000000000000000000e+00
8.408809417718671186e-01	-6.836142933287312484e-01	0.000000000000000000e+00
8.408809417718671186e-01	-6.836142933287312484e-01	0.000000000000000000e+00
8.408809417718671186e-01	-6.836142933287312484e-01	0.000000000000000000e+00
8.408809417718671186e-01	-6.836142933287312484e-01	0.000000000000000000e+00
8.408809417718671186e-01	-6.836142933287312484e-01	0.000000000000000000e+00
8.592316567004160133e-01	-6.929656468901110866e-01	0.000000000000000000e+00
8.592316567004160133e-01	-7.004618374788792456e-01	0.000000000000000000e+00
