0.000000000000000000e+00	1.658223981926747914e+00	0.000000000000000000e+00
0.000000000000000000e+00	1.402723994963992693e+00	0.000000000000000000e+00
0.000000000000000000e+00	1.402723994963992693e+00	0.000000000000000000e+00
4.433081789276561296e-02	1.283547241920349302e+00	0.000000000000000000e+00
6.449690229403265418e-02	1.002296570542761334e+00	0.000000000000000000e+00
6.449690229403265418e-02	1.002296570542761334e+00	0.000000000000000000e+00
6.449690229403265418e-02	1.002296570542761334e+00	0.000000000000000000e+00
6.449690229403265418e-02	1.002296570542761334e+00	0.000000000000000000e+00
6.449690229403265418e-02	1.002296570542761334e+00	0.000000000000000000e+00
6.449690229403265418e-02	1.002296570542761334e+00	0.000000000000000000e+00
6.449690229403265418e-02	1.002296570542761334e+00	0.000000000000000000e+00
6.449690229403265418e-02	1.002296570542761334e+00	0.000000000000000000e+00
6.449690229403265418e-02	1.022377973699532872e+00	0.000000000000000000e+00
2.140674943666644181e-01	8.168043823620543264e-01	0.000000000000000000e+00
2.140674943666644181e-01	8.168043823620543264e-01	0.000000000000000000e+00
2.187104659454666700e-01	7.342967256353674088e-01	0.000000000000000000e+00
2.187104659454666700e-01	7.254952318475080819e-01	0.000000000000000000e+00
2.187104659454666700e-01	7.254952318475080819e-01	0.000000000000000000e+00
2.187104659454666700e-01	7.254952318475080819e-01	0.000000000000000000e+00
2.683987261449047868e-01	5.763295014554684625e-01	0.000000000000000000e+00
2.683987261449047868e-01	5.763295014554684625e-01	0.000000000000000000e+00
2.683987261449047868e-01	5.763295014554684625e-01	0.000000000000000000e+00
2.707362013887967267e-01	5.747933034752880088e-01	0.000000000000000000e+00
2.707362013887967267e-01	5.747933034752880088e-01	0.000000000000000000e+00
2.707362013887967267e-01	5.747933034752880088e-01	0.000000000000000000e+00
2.707362013887967267e-01	5.747933034752880088e-01	0.000000000000000000e+00
2.707362013887967267e-01	5.586853708128620699e-01	0.000000000000000000e+00
2.707362013887967267e-01	5.586853708128620699e-01	0.000000000000000000e+00
2.707362013887967267e-01	5.586853708128620699e-01	0.000000000000000000e+00
4.207099414722634823e-01	3.798325766121180003e-01	0.000000000000000000e+00
4.207099414722634823e-01	3.832506273685645781e-01	0.000000000000000000e+00
4.207099414722634823e-01	3.832506273685645781e-01	0.000000000000000000e+00
4.207099414722634823e-01	3.832506273685645781e-01	0.000000000000000000e+00
4.207099414722634823e-01	3.798325766121180003e-01	0.000000000000000000e+00
4.310993384088139257e-01	2.135778332596782736e-01	0.000000000000000000e+00
4.310993384088139257e-01	2.135778332596782736e-01	0.000000000000000000e+00
4.310993384088139257e-01	2.135778332596782736e-01	0.000000000000000000e+00
4.310993384088139257e-01	2.135778332596782736e-01	0.000000000000000000e+00
4.310993384088139257e-01	2.135778332596782736e-01	0.000000000000000000e+00
4.310993384088139257e-01	2.000215672004769241e-01	0.000000000000000000e+00
4.310993384088139257e-01	2.000215672004769241e-01	0.000000000000000000e+00
4.518940972048016147e-01	7.197480158444936882e-02	0.000000000000000000e+00
4.518940972048016147e-01	7.197480158444936882e-02	0.000000000000000000e+00
4.518940972048016147e-01	8.247777331063614603e-02	0.000000000000000000e+00
4.518940972048016147e-01	8.247777331063614603e-02	0.000000000000000000e+00
4.518940972048016147e-01	7.197480158444936882e-02	0.000000000000000000e+00
4.518940972048016147e-01	7.197480158444936882e-02	0.000000000000000000e+00
4.518940972048016147e-01	7.197480158444936882e-02	0.000000000000000000e+00
4.518940972048016147e-01	7.197480158444936882e-02	0.000000000000000000e+00
4.518940972048016147e-01	7.785668258422648313e-02	0.000000000000000000e+00
4.518940972048016147e-01	8.247777331063614603e-02	0.000000000000000000e+00
4.518940972048016147e-01	9.184269814262686904e-02	0.000000000000000000e+00
4.518940972048016147e-01	9.184269814262686904e-02	0.000000000000000000e+00
6.271419289372223149e-01	-5.306139223296028884e-02	0.000000000000000000e+00
6.271419289372223149e-01	-5.306139223296028884e-02	0.000000000000000000e+00
6.271419289372223149e-01	-3.909441211538056127e-02	0.000000000000000000e+00
6.271419289372223149e-01	-3.909441211538056127e-02	0.000000000000000000e+00
6.271419289372223149e-01	-5.338187200483445610e-02	0.000000000000000000e+00
6.271419289372223149e-01	-5.338187200483445610e-02	0.000000000000000000e+00
6.271419289372223149e-01	-5.338187200483445610e-02	0.000000000000000000e+00
6.271419289372223149e-01	-5.338187200483445610e-02	0.000000000000000000e+00
6.271419289372223149e-01	-5.338187200483445610e-02	0.000000000000000000e+00
6.271419289372223149e-01	-5.338187200483445610e-02	0.000000000000000000e+00
6.271419289372223149e-01	-5.338187200483445610e-02	0.000000000000000000e+00
6.271419289372223149e-01	-5.338187200483445610e-02	0.000000000000000000e+00
8.223860447088735537e-01	-1.929497104772866234e-01	0.000000000000000000e+00
8.223860447088735537e-01	-1.929497104772866234e-01	0.000000000000000000e+00
8.223860447088735537e-01	-1.644821741371934043e-01	0.000000000000000000e+00
8.223860447088735537e-01	-1.644821741371934043e-01	0.000000000000000000e+00
8.223860447088735537e-01	-1.644821741371934043e-01	0.000000000000000000e+00
8.223860447088735537e-01	-1.644821741371934043e-01	0.000000000000000000e+00
8.223860447088735537e-01	-1.644821741371934043e-01	0.000000000000000000e+00
8.223860447088735537e-01	-1.644821741371934043e-01	0.000000000000000000e+00
8.223860447088735537e-01	-1.929497104772866234e-01	0.000000000000000000e+00
8.223860447088735537e-01	-1.929497104772866234e-01	0.000000000000000000e+00
8.341639750979538137e-01	-3.544496479008772405e-01	0.000000000000000000e+00
8.341639750979538137e-01	-3.544496479008772405e-01	0.000000000000000000e+00
8.341639750979538137e-01	-3.544496479008772405e-01	0.000000000000000000e+00
8.341639750979538137e-01	-3.544496479008772405e-01	0.000000000000000000e+00
8.341639750979538137e-01	-3.544496479008772405e-01	0.000000000000000000e+00
8.341639750979538137e-01	-3.544496479008772405e-01	0.000000000000000000e+00
8.341639750979538137e-01	-3.544496479008772405e-01	0.000000000000000000e+00
8.341639750979538137e-01	-3.558555691909445762e-01	0.000000000000000000e+00
8.341639750979538137e-01	-3.637912571366448411e-01	0.000000000000000000e+00
8.341639750979538137e-01	-3.637912571366448411e-01	0.000000000000000000e+00
8.341639750979538137e-01	-3.637912571366448411e-01	0.000000000000000000e+00
8.341639750979538137e-01	-3.637912571366448411e-01	0.000000000000000000e+00
8.341639750979538137e-01	-3.637912571366448411e-01	0.000000000000000000e+00
8.341639750979538137e-01	-3.637912571366448411e-01	0.000000000000000000e+00
8.341639750979538137e-01	-3.759265819079281590e-01	0.000000000000000000e+00
8.427976574278819299e-01	-4.629646789348523250e-01	0.000000000000000000e+00
8.427976574278819299e-01	-4.629646789348523250e-01	0.000000000000000000e+00
8.427976574278819299e-01	-4.629646789348523250e-01	0.000000000000000000e+00
8.427976574278819299e-01	-4.629646789348523250e-01	0.000000000000000000e+00
8.427976574278819299e-01	-4.629646789348523250e-01	0.000000000000000000e+00
8.427976574278819299e-01	-4.629646789348523250e-01	0.000000000000000000e+00
8.427976574278819299e-01	-4.629646789348523250e-01	0.000000000000000000e+00
8.427976574278819299e-01	-4.629646789348523250e-01	0.000000000000000000e+00
8.427976574278819299e-01	-4.660941043225078073e-01	0.000000000000000000e+00
8.427976574278819299e-01	-4.609795782373516393e-01	0.000000000000000000e+00
