0.000000000000000000e+00	2.175601972930856221e+00	0.000000000000000000e+00
0.000000000000000000e+00	2.175601972930856221e+00	0.000000000000000000e+00
0.000000000000000000e+00	2.175601972930856221e+00	0.000000000000000000e+00
5.049935277002897543e-02	1.838230895592907199e+00	0.000000000000000000e+00
5.049935277002897543e-02	1.838230895592907199e+00	0.000000000000000000e+00
9.469612049184619740e-02	1.724251788355870341e+00	0.000000000000000000e+00
9.469612049184619740e-02	1.697857860813854813e+00	0.000000000000000000e+00
9.469612049184619740e-02	1.697857860813854813e+00	0.000000000000000000e+00
9.469612049184619740e-02	1.697857860813854813e+00	0.000000000000000000e+00
9.469612049184619740e-02	1.720882575068395592e+00	0.000000000000000000e+00
9.469612049184619740e-02	1.720882575068395592e+00	0.000000000000000000e+00
9.469612049184619740e-02	1.720882575068395592e+00	0.000000000000000000e+00
2.187104659454666700e-01	1.394865475853332759e+00	0.000000000000000000e+00
2.187104659454666700e-01	1.329298414317964694e+00	0.000000000000000000e+00
2.187104659454666700e-01	1.329298414317964694e+00	0.000000000000000000e+00
2.187104659454666700e-01	1.329298414317964694e+00	0.000000000000000000e+00
2.187104659454666700e-01	1.329298414317964694e+00	0.000000000000000000e+00
2.187104659454666700e-01	1.312878352872727916e+00	0.000000000000000000e+00
2.187104659454666700e-01	1.312878352872727916e+00	0.000000000000000000e+00
2.187104659454666700e-01	1.312878352872727916e+00	0.000000000000000000e+00
2.187104659454666700e-01	1.312878352872727916e+00	0.000000000000000000e+00
2.187104659454666700e-01	1.312878352872727916e+00	0.000000000000000000e+00
2.187104659454666700e-01	1.312878352872727916e+00	0.000000000000000000e+00
2.187104659454666700e-01	1.312878352872727916e+00	0.000000000000000000e+00
2.187104659454666700e-01	1.312878352872727916e+00	0.000000000000000000e+00
4.289531272917094240e-01	8.510227408776179781e-01	0.000000000000000000e+00
4.289531272917094240e-01	8.510227408776179781e-01	0.000000000000000000e+00
4.289531272917094240e-01	8.510227408776179781e-01	0.000000000000000000e+00
4.289531272917094240e-01	8.510227408776179781e-01	0.000000000000000000e+00
4.289531272917094240e-01	8.510227408776179781e-01	0.000000000000000000e+00
4.289531272917094240e-01	8.510227408776179781e-01	0.000000000000000000e+00
4.289531272917094240e-01	8.510227408776179781e-01	0.000000000000000000e+00
4.289531272917094240e-01	8.372703249910560253e-01	0.000000000000000000e+00
4.289531272917094240e-01	8.372703249910560253e-01	0.000000000000000000e+00
4.289531272917094240e-01	8.230634172230186785e-01	0.000000000000000000e+00
4.289531272917094240e-01	7.954414359845747295e-01	0.000000000000000000e+00
4.289531272917094240e-01	7.954414359845747295e-01	0.000000000000000000e+00
4.289531272917094240e-01	7.954414359845747295e-01	0.000000000000000000e+00
4.289531272917094240e-01	7.954414359845747295e-01	0.000000000000000000e+00
4.289531272917094240e-01	7.954414359845747295e-01	0.000000000000000000e+00
4.289531272917094240e-01	7.954414359845747295e-01	0.000000000000000000e+00
4.289531272917094240e-01	7.954414359845747295e-01	0.000000000000000000e+00
4.289531272917094240e-01	7.954414359845747295e-01	0.000000000000000000e+00
4.289531272917094240e-01	8.042608292013013749e-01	0.000000000000000000e+00
6.271419289372223149e-01	5.025093045747579534e-01	0.000000000000000000e+00
6.271419289372223149e-01	5.025093045747579534e-01	0.000000000000000000e+00
6.271419289372223149e-01	5.025093045747579534e-01	0.000000000000000000e+00
6.271419289372223149e-01	4.965861389254076497e-01	0.000000000000000000e+00
6.271419289372223149e-01	4.965861389254076497e-01	0.000000000000000000e+00
6.271419289372223149e-01	4.940117851974204499e-01	0.000000000000000000e+00
6.271419289372223149e-01	4.940117851974204499e-01	0.000000000000000000e+00
6.271419289372223149e-01	4.940117851974204499e-01	0.000000000000000000e+00
6.271419289372223149e-01	4.940117851974204499e-01	0.000000000000000000e+00
6.271419289372223149e-01	4.940117851974204499e-01	0.000000000000000000e+00
6.271419289372223149e-01	4.940117851974204499e-01	0.000000000000000000e+00
6.271419289372223149e-01	4.940117851974204499e-01	0.000000000000000000e+00
6.271419289372223149e-01	4.940117851974204499e-01	0.000000000000000000e+00
6.271419289372223149e-01	4.990558028221698250e-01	0.000000000000000000e+00
6.271419289372223149e-01	4.990558028221698250e-01	0.000000000000000000e+00
6.271419289372223149e-01	4.990558028221698250e-01	0.000000000000000000e+00
6.261122451184749638e-01	5.143500576555433135e-01	0.000000000000000000e+00
8.223860447088735537e-01	2.718905498682437361e-01	0.000000000000000000e+00
8.223860447088735537e-01	2.718905498682437361e-01	0.000000000000000000e+00
8.223860447088735537e-01	2.718905498682437361e-01	0.000000000000000000e+00
8.223860447088735537e-01	2.718905498682437361e-01	0.000000000000000000e+00
8.223860447088735537e-01	3.120605869852899339e-01	0.000000000000000000e+00
8.223860447088735537e-01	3.120605869852899339e-01	0.000000000000000000e+00
8.223860447088735537e-01	3.644814108403796049e-01	0.000000000000000000e+00
8.223860447088735537e-01	3.644814108403796049e-01	0.000000000000000000e+00
8.427976574278819299e-01	-9.606498488250349646e-03	0.000000000000000000e+00
8.427976574278819299e-01	-9.606498488250349646e-03	0.000000000000000000e+00
8.427976574278819299e-01	6.164133415451808484e-02	0.000000000000000000e+00
8.427976574278819299e-01	6.164133415451808484e-02	0.000000000000000000e+00
8.427976574278819299e-01	6.164133415451808484e-02	0.000000000000000000e+00
8.427976574278819299e-01	6.164133415451808484e-02	0.000000000000000000e+00
8.427976574278819299e-01	6.164133415451808484e-02	0.000000000000000000e+00
8.427976574278819299e-01	6.164133415451808484e-02	0.000000000000000000e+00
8.427976574278819299e-01	6.735444648743216245e-02	0.000000000000000000e+00
8.427976574278819299e-01	6.735444648743216245e-02	0.000000000000000000e+00
8.427976574278819299e-01	6.735444648743216245e-02	0.000000000000000000e+00
8.427976574278819299e-01	6.735444648743216245e-02	0.000000000000000000e+00
8.427976574278819299e-01	6.735444648743216245e-02	0.000000000000000000e+00
8.427976574278819299e-01	6.735444648743216245e-02	0.000000000000000000e+00
8.427976574278819299e-01	6.735444648743216245e-02	0.000000000000000000e+00
8.427976574278819299e-01	6.735444648743216245e-02	0.000000000000000000e+00
8.427976574278819299e-01	7.924896771883853386e-02	0.000000000000000000e+00
8.427976574278819299e-01	7.924896771883853386e-02	0.000000000000000000e+00
8.427976574278819299e-01	6.460824188865188500e-02	0.000000000000000000e+00
8.427976574278819299e-01	5.741214303329179869e-02	0.000000000000000000e+00
8.427976574278819299e-01	5.741214303329179869e-02	0.000000000000000000e+00
8.427976574278819299e-01	5.741214303329179869e-02	0.000000000000000000e+00
8.427976574278819299e-01	5.741214303329179869e-02	0.000000000000000000e+00
8.528617575874292145e-01	1.475592994288385876e-02	0.000000000000000000e+00
8.528617575874292145e-01	1.475592994288385876e-02	0.000000000000000000e+00
8.528617575874292145e-01	1.475592994288385876e-02	0.000000000000000000e+00
8.528617575874292145e-01	1.475592994288385876e-02	0.000000000000000000e+00
8.528617575874292145e-01	1.475592994288385876e-02	0.000000000000000000e+00
8.528617575874292145e-01	-2.840872489840528094e-04	0.000000000000000000e+00
8.528617575874292145e-01	-2.840872489840528094e-04	0.000000000000000000e+00
8.528617575874292145e-01	-2.840872489840528094e-04	0.000000000000000000e+00
