0.000000000000000000e+00	2.789507913989306864e+00	0.000000000000000000e+00
0.000000000000000000e+00	2.789507913989306864e+00	0.000000000000000000e+00
5.049935277002897543e-02	2.294712950383162919e+00	0.000000000000000000e+00
5.049935277002897543e-02	2.294086667758305609e+00	0.000000000000000000e+00
5.049935277002897543e-02	2.294086667758305609e+00	0.000000000000000000e+00
9.469612049184619740e-02	2.159430593851979552e+00	0.000000000000000000e+00
9.469612049184619740e-02	2.159430593851979552e+00	0.000000000000000000e+00
9.469612049184619740e-02	2.159430593851979552e+00	0.000000000000000000e+00
9.469612049184619740e-02	1.974833392029411216e+00	0.000000000000000000e+00
9.469612049184619740e-02	1.974833392029411216e+00	0.000000000000000000e+00
9.469612049184619740e-02	1.974833392029411216e+00	0.000000000000000000e+00
9.469612049184619740e-02	1.974833392029411216e+00	0.000000000000000000e+00
9.469612049184619740e-02	1.974833392029411216e+00	0.000000000000000000e+00
9.469612049184619740e-02	1.974833392029411216e+00	0.000000000000000000e+00
9.469612049184619740e-02	1.974833392029411216e+00	0.000000000000000000e+00
9.469612049184619740e-02	1.974833392029411216e+00	0.000000000000000000e+00
9.469612049184619740e-02	1.982315437581851247e+00	0.000000000000000000e+00
9.469612049184619740e-02	1.982315437581851247e+00	0.000000000000000000e+00
9.469612049184619740e-02	1.982315437581851247e+00	0.000000000000000000e+00
4.289531272917094240e-01	1.315744575518287718e+00	0.000000000000000000e+00
4.289531272917094240e-01	1.315744575518287718e+00	0.000000000000000000e+00
4.289531272917094240e-01	1.315744575518287718e+00	0.000000000000000000e+00
4.289531272917094240e-01	1.315744575518287718e+00	0.000000000000000000e+00
4.289531272917094240e-01	1.315744575518287718e+00	0.000000000000000000e+00
4.289531272917094240e-01	1.315744575518287718e+00	0.000000000000000000e+00
4.289531272917094240e-01	1.258316925670169839e+00	0.000000000000000000e+00
4.289531272917094240e-01	1.141291982721080789e+00	0.000000000000000000e+00
4.289531272917094240e-01	1.141291982721080789e+00	0.000000000000000000e+00
4.289531272917094240e-01	1.141291982721080789e+00	0.000000000000000000e+00
4.289531272917094240e-01	1.141291982721080789e+00	0.000000000000000000e+00
4.289531272917094240e-01	1.141291982721080789e+00	0.000000000000000000e+00
4.289531272917094240e-01	1.126665317331049687e+00	0.000000000000000000e+00
4.289531272917094240e-01	1.125459258682082631e+00	0.000000000000000000e+00
4.289531272917094240e-01	1.125459258682082631e+00	0.000000000000000000e+00
4.289531272917094240e-01	1.126665317331049687e+00	0.000000000000000000e+00
4.289531272917094240e-01	1.126665317331049687e+00	0.000000000000000000e+00
4.289531272917094240e-01	1.126665317331049687e+00	0.000000000000000000e+00
4.289531272917094240e-01	1.126665317331049687e+00	0.000000000000000000e+00
4.289531272917094240e-01	1.126665317331049687e+00	0.000000000000000000e+00
6.271419289372223149e-01	8.758915256290502604e-01	0.000000000000000000e+00
6.271419289372223149e-01	8.758915256290502604e-01	0.000000000000000000e+00
6.271419289372223149e-01	8.758915256290502604e-01	0.000000000000000000e+00
6.271419289372223149e-01	8.758915256290502604e-01	0.000000000000000000e+00
6.271419289372223149e-01	8.758915256290502604e-01	0.000000000000000000e+00
6.271419289372223149e-01	8.758915256290502604e-01	0.000000000000000000e+00
6.271419289372223149e-01	8.758915256290502604e-01	0.000000000000000000e+00
6.271419289372223149e-01	8.482025808661651789e-01	0.000000000000000000e+00
6.271419289372223149e-01	8.482025808661651789e-01	0.000000000000000000e+00
6.271419289372223149e-01	8.387471789256599752e-01	0.000000000000000000e+00
6.271419289372223149e-01	7.541222842442629748e-01	0.000000000000000000e+00
6.271419289372223149e-01	7.533725330893664696e-01	0.000000000000000000e+00
6.271419289372223149e-01	7.533725330893664696e-01	0.000000000000000000e+00
6.271419289372223149e-01	7.252195230984898044e-01	0.000000000000000000e+00
6.271419289372223149e-01	7.252195230984898044e-01	0.000000000000000000e+00
6.271419289372223149e-01	7.252195230984898044e-01	0.000000000000000000e+00
6.271419289372223149e-01	7.252195230984898044e-01	0.000000000000000000e+00
6.271419289372223149e-01	7.252195230984898044e-01	0.000000000000000000e+00
6.271419289372223149e-01	7.252195230984898044e-01	0.000000000000000000e+00
6.271419289372223149e-01	7.252195230984898044e-01	0.000000000000000000e+00
8.223860447088735537e-01	4.990960688341587459e-01	0.000000000000000000e+00
8.223860447088735537e-01	4.990960688341587459e-01	0.000000000000000000e+00
8.223860447088735537e-01	4.990960688341587459e-01	0.000000000000000000e+00
8.223860447088735537e-01	5.250725030619337597e-01	0.000000000000000000e+00
8.223860447088735537e-01	5.250725030619337597e-01	0.000000000000000000e+00
8.223860447088735537e-01	5.250725030619337597e-01	0.000000000000000000e+00
8.223860447088735537e-01	5.250725030619337597e-01	0.000000000000000000e+00
8.223860447088735537e-01	5.250725030619337597e-01	0.000000000000000000e+00
8.223860447088735537e-01	5.250725030619337597e-01	0.000000000000000000e+00
8.528617575874292145e-01	2.697051943694443454e-01	0.000000000000000000e+00
8.528617575874292145e-01	2.697051943694443454e-01	0.000000000000000000e+00
8.528617575874292145e-01	2.697051943694443454e-01	0.000000000000000000e+00
8.528617575874292145e-01	2.697051943694443454e-01	0.000000000000000000e+00
8.528617575874292145e-01	2.728978105963604794e-01	0.000000000000000000e+00
8.528617575874292145e-01	2.728978105963604794e-01	0.000000000000000000e+00
8.528617575874292145e-01	3.085002687769280438e-01	0.000000000000000000e+00
8.528617575874292145e-01	3.085002687769280438e-01	0.000000000000000000e+00
8.528617575874292145e-01	3.085002687769280438e-01	0.000000000000000000e+00
8.528617575874292145e-01	3.085002687769280438e-01	0.000000000000000000e+00
8.528617575874292145e-01	3.085002687769280438e-01	0.000000000000000000e+00
8.528617575874292145e-01	3.085002687769280438e-01	0.000000000000000000e+00
8.528617575874292145e-01	3.085002687769280438e-01	0.000000000000000000e+00
8.528617575874292145e-01	3.085002687769280438e-01	0.000000000000000000e+00
8.528617575874292145e-01	1.554611459014967334e-01	0.000000000000000000e+00
8.528617575874292145e-01	1.554611459014967334e-01	0.000000000000000000e+00
8.528617575874292145e-01	1.554611459014967334e-01	0.000000000000000000e+00
8.528617575874292145e-01	1.554611459014967334e-01	0.000000000000000000e+00
8.528617575874292145e-01	1.554611459014967334e-01	0.000000000000000000e+00
8.528617575874292145e-01	1.554611459014967334e-01	0.000000000000000000e+00
8.528617575874292145e-01	1.554611459014967334e-01	0.000000000000000000e+00
8.528617575874292145e-01	2.765155098535636569e-01	0.000000000000000000e+00
8.528617575874292145e-01	1.884259492442639516e-01	0.000000000000000000e+00
8.528617575874292145e-01	1.884259492442639516e-01	0.000000000000000000e+00
8.528617575874292145e-01	2.692025177499251520e-01	0.000000000000000000e+00
8.528617575874292145e-01	2.692025177499251520e-01	0.000000000000000000e+00
8.528617575874292145e-01	2.765155098535636569e-01	0.000000000000000000e+00
8.528617575874292145e-01	2.765155098535636569e-01	0.000000000000000000e+00
8.528617575874292145e-01	3.087935071552392330e-01	0.000000000000000000e+00
8.528617575874292145e-01	3.087935071552392330e-01	0.000000000000000000e+00
8.528617575874292145e-01	3.087935071552392330e-01	0.000000000000000000e+00
8.528617575874292145e-01	3.087935071552392330e-01	0.000000000000000000e+00
