0.000000000000000000e+00	1.809489352543142138e+00	0.000000000000000000e+00
0.000000000000000000e+00	1.793296321258507575e+00	0.000000000000000000e+00
0.000000000000000000e+00	1.793296321258507575e+00	0.000000000000000000e+00
5.049935277002897543e-02	1.455945709182487002e+00	0.000000000000000000e+00
5.049935277002897543e-02	1.455945709182487002e+00	0.000000000000000000e+00
5.049935277002897543e-02	1.455945709182487002e+00	0.000000000000000000e+00
5.049935277002897543e-02	1.455945709182487002e+00	0.000000000000000000e+00
5.049935277002897543e-02	1.455945709182487002e+00	0.000000000000000000e+00
5.049935277002897543e-02	1.455945709182487002e+00	0.000000000000000000e+00
9.012968948766633681e-02	1.456694278097403927e+00	0.000000000000000000e+00
9.012968948766633681e-02	1.456694278097403927e+00	0.000000000000000000e+00
9.012968948766633681e-02	1.456694278097403927e+00	0.000000000000000000e+00
9.012968948766633681e-02	1.456694278097403927e+00	0.000000000000000000e+00
2.187104659454666700e-01	1.169993156712801685e+00	0.000000000000000000e+00
2.187104659454666700e-01	1.169993156712801685e+00	0.000000000000000000e+00
2.187104659454666700e-01	1.169993156712801685e+00	0.000000000000000000e+00
2.187104659454666700e-01	1.104239586916439197e+00	0.000000000000000000e+00
2.187104659454666700e-01	1.104239586916439197e+00	0.000000000000000000e+00
2.187104659454666700e-01	1.104239586916439197e+00	0.000000000000000000e+00
2.187104659454666700e-01	1.104239586916439197e+00	0.000000000000000000e+00
2.187104659454666700e-01	1.104239586916439197e+00	0.000000000000000000e+00
2.187104659454666700e-01	1.104239586916439197e+00	0.000000000000000000e+00
2.187104659454666700e-01	1.104239586916439197e+00	0.000000000000000000e+00
2.187104659454666700e-01	1.104239586916439197e+00	0.000000000000000000e+00
2.187104659454666700e-01	1.111187328263126606e+00	0.000000000000000000e+00
2.187104659454666700e-01	1.111187328263126606e+00	0.000000000000000000e+00
2.187104659454666700e-01	1.125964232676410548e+00	0.000000000000000000e+00
4.289531272917094240e-01	6.752974477631407124e-01	0.000000000000000000e+00
4.289531272917094240e-01	6.752974477631407124e-01	0.000000000000000000e+00
4.289531272917094240e-01	6.752974477631407124e-01	0.000000000000000000e+00
4.289531272917094240e-01	6.760372978644719755e-01	0.000000000000000000e+00
4.289531272917094240e-01	6.760372978644719755e-01	0.000000000000000000e+00
4.289531272917094240e-01	6.858529475600775305e-01	0.000000000000000000e+00
4.289531272917094240e-01	6.858529475600775305e-01	0.000000000000000000e+00
4.289531272917094240e-01	6.858529475600775305e-01	0.000000000000000000e+00
4.289531272917094240e-01	6.858529475600775305e-01	0.000000000000000000e+00
4.289531272917094240e-01	6.858529475600775305e-01	0.000000000000000000e+00
4.289531272917094240e-01	6.506352312895808954e-01	0.000000000000000000e+00
4.289531272917094240e-01	6.524116064440074192e-01	0.000000000000000000e+00
4.421511726070850301e-01	5.595315590035450093e-01	0.000000000000000000e+00
4.421511726070850301e-01	5.280348900566982362e-01	0.000000000000000000e+00
4.421511726070850301e-01	5.280348900566982362e-01	0.000000000000000000e+00
4.421511726070850301e-01	5.222199674822236570e-01	0.000000000000000000e+00
4.421511726070850301e-01	5.222199674822236570e-01	0.000000000000000000e+00
4.455019249511926738e-01	5.123169849124081798e-01	0.000000000000000000e+00
4.455019249511926738e-01	5.123169849124081798e-01	0.000000000000000000e+00
4.455019249511926738e-01	5.152777824157229736e-01	0.000000000000000000e+00
4.455019249511926738e-01	5.152777824157229736e-01	0.000000000000000000e+00
4.455019249511926738e-01	5.152777824157229736e-01	0.000000000000000000e+00
4.455019249511926738e-01	5.152777824157229736e-01	0.000000000000000000e+00
4.455019249511926738e-01	5.152777824157229736e-01	0.000000000000000000e+00
4.455019249511926738e-01	5.152777824157229736e-01	0.000000000000000000e+00
4.455019249511926738e-01	5.152777824157229736e-01	0.000000000000000000e+00
6.271419289372223149e-01	3.594842230927829396e-01	0.000000000000000000e+00
6.271419289372223149e-01	3.594842230927829396e-01	0.000000000000000000e+00
6.271419289372223149e-01	3.594842230927829396e-01	0.000000000000000000e+00
6.271419289372223149e-01	3.594842230927829396e-01	0.000000000000000000e+00
6.271419289372223149e-01	3.404890638360323352e-01	0.000000000000000000e+00
6.271419289372223149e-01	3.404890638360323352e-01	0.000000000000000000e+00
6.271419289372223149e-01	3.404890638360323352e-01	0.000000000000000000e+00
6.271419289372223149e-01	3.404890638360323352e-01	0.000000000000000000e+00
6.271419289372223149e-01	3.320261155366829309e-01	0.000000000000000000e+00
6.271419289372223149e-01	3.320261155366829309e-01	0.000000000000000000e+00
6.271419289372223149e-01	3.320261155366829309e-01	0.000000000000000000e+00
6.271419289372223149e-01	3.320261155366829309e-01	0.000000000000000000e+00
8.223860447088735537e-01	2.301020988301627213e-01	0.000000000000000000e+00
8.223860447088735537e-01	2.627193856952586559e-01	0.000000000000000000e+00
8.223860447088735537e-01	2.627193856952586559e-01	0.000000000000000000e+00
8.223860447088735537e-01	2.627193856952586559e-01	0.000000000000000000e+00
8.223860447088735537e-01	2.627193856952586559e-01	0.000000000000000000e+00
8.223860447088735537e-01	2.627193856952586559e-01	0.000000000000000000e+00
8.223860447088735537e-01	2.627193856952586559e-01	0.000000000000000000e+00
8.223860447088735537e-01	2.297377739531942797e-01	0.000000000000000000e+00
8.223860447088735537e-01	2.297377739531942797e-01	0.000000000000000000e+00
8.223860447088735537e-01	1.909057744213554786e-01	0.000000000000000000e+00
8.223860447088735537e-01	2.017508444192444017e-01	0.000000000000000000e+00
8.223860447088735537e-01	2.017508444192444017e-01	0.000000000000000000e+00
8.427976574278819299e-01	3.157676149637978630e-02	0.000000000000000000e+00
8.427976574278819299e-01	3.157676149637978630e-02	0.000000000000000000e+00
8.427976574278819299e-01	3.157676149637978630e-02	0.000000000000000000e+00
8.427976574278819299e-01	3.157676149637978630e-02	0.000000000000000000e+00
8.427976574278819299e-01	3.157676149637978630e-02	0.000000000000000000e+00
8.427976574278819299e-01	5.377103597113620098e-02	0.000000000000000000e+00
8.427976574278819299e-01	2.232472390882554378e-02	0.000000000000000000e+00
8.427976574278819299e-01	2.232472390882554378e-02	0.000000000000000000e+00
8.427976574278819299e-01	2.232472390882554378e-02	0.000000000000000000e+00
8.427976574278819299e-01	2.232472390882554378e-02	0.000000000000000000e+00
8.427976574278819299e-01	2.232472390882554378e-02	0.000000000000000000e+00
8.427976574278819299e-01	2.232472390882554378e-02	0.000000000000000000e+00
8.427976574278819299e-01	2.232472390882554378e-02	0.000000000000000000e+00
8.427976574278819299e-01	-4.298557043348341655e-02	0.000000000000000000e+00
8.427976574278819299e-01	-4.298557043348341655e-02	0.000000000000000000e+00
8.427976574278819299e-01	-4.298557043348341655e-02	0.000000000000000000e+00
8.427976574278819299e-01	-4.298557043348341655e-02	0.000000000000000000e+00
8.427976574278819299e-01	-4.298557043348341655e-02	0.000000000000000000e+00
8.427976574278819299e-01	-4.298557043348341655e-02	0.000000000000000000e+00
8.427976574278819299e-01	-4.298557043348341655e-02	0.000000000000000000e+00
8.427976574278819299e-01	-4.298557043348341655e-02	0.000000000000000000e+00
8.427976574278819299e-01	-5.084456973188972856e-02	0.000000000000000000e+00
8.427976574278819299e-01	-5.084456973188972856e-02	0.000000000000000000e+00
