7.365237412062664024e-02	1.875472732064170200e+00	0.000000000000000000e+00
7.365237412062664024e-02	1.852175647770581746e+00	0.000000000000000000e+00
7.365237412062664024e-02	1.852175647770581746e+00	0.000000000000000000e+00
7.365237412062664024e-02	1.852175647770581746e+00	0.000000000000000000e+00
7.365237412062664024e-02	1.852175647770581746e+00	0.000000000000000000e+00
8.650927311018154209e-02	1.830563928789098682e+00	0.000000000000000000e+00
8.650927311018154209e-02	1.830563928789098682e+00	0.000000000000000000e+00
8.650927311018154209e-02	1.830563928789098682e+00	0.000000000000000000e+00
8.650927311018154209e-02	1.830563928789098682e+00	0.000000000000000000e+00
8.650927311018154209e-02	1.844619847756694409e+00	0.000000000000000000e+00
1.920395770811627045e-01	1.731367749721213656e+00	0.000000000000000000e+00
2.083472195375371538e-01	1.563350458451063130e+00	0.000000000000000000e+00
2.083472195375371538e-01	1.563350458451063130e+00	0.000000000000000000e+00
2.083472195375371538e-01	1.563350458451063130e+00	0.000000000000000000e+00
2.436542477241220861e-01	1.350276489172518080e+00	0.000000000000000000e+00
2.436542477241220861e-01	1.350276489172518080e+00	0.000000000000000000e+00
2.608575576583202493e-01	1.244175372411964853e+00	0.000000000000000000e+00
2.608575576583202493e-01	1.228060885992520834e+00	0.000000000000000000e+00
2.608575576583202493e-01	1.228060885992520834e+00	0.000000000000000000e+00
2.608575576583202493e-01	1.228060885992520834e+00	0.000000000000000000e+00
2.608575576583202493e-01	1.228060885992520834e+00	0.000000000000000000e+00
2.608575576583202493e-01	1.213245116520535349e+00	0.000000000000000000e+00
2.608575576583202493e-01	1.213245116520535349e+00	0.000000000000000000e+00
2.608575576583202493e-01	1.207640961332234530e+00	0.000000000000000000e+00
2.608575576583202493e-01	1.207640961332234530e+00	0.000000000000000000e+00
2.608575576583202493e-01	1.207640961332234530e+00	0.000000000000000000e+00
2.608575576583202493e-01	1.207640961332234530e+00	0.000000000000000000e+00
2.608575576583202493e-01	1.207640961332234530e+00	0.000000000000000000e+00
2.608575576583202493e-01	1.200705257034574425e+00	0.000000000000000000e+00
2.608575576583202493e-01	1.200705257034574425e+00	0.000000000000000000e+00
2.608575576583202493e-01	1.200705257034574425e+00	0.000000000000000000e+00
2.608575576583202493e-01	1.200705257034574425e+00	0.000000000000000000e+00
2.608575576583202493e-01	1.200705257034574425e+00	0.000000000000000000e+00
6.188072505634970577e-01	6.668849470949742564e-01	0.000000000000000000e+00
6.188072505634970577e-01	6.668849470949742564e-01	0.000000000000000000e+00
6.188072505634970577e-01	6.668849470949742564e-01	0.000000000000000000e+00
6.188072505634970577e-01	6.668849470949742564e-01	0.000000000000000000e+00
6.188072505634970577e-01	6.668849470949742564e-01	0.000000000000000000e+00
6.188072505634970577e-01	6.668849470949742564e-01	0.000000000000000000e+00
6.188072505634970577e-01	6.668849470949742564e-01	0.000000000000000000e+00
6.188072505634970577e-01	6.918799427894034570e-01	0.000000000000000000e+00
6.188072505634970577e-01	6.918799427894034570e-01	0.000000000000000000e+00
6.188072505634970577e-01	6.918799427894034570e-01	0.000000000000000000e+00
6.188072505634970577e-01	7.098108069142576859e-01	0.000000000000000000e+00
6.188072505634970577e-01	7.098108069142576859e-01	0.000000000000000000e+00
6.315290940364771677e-01	5.367344833963607620e-01	0.000000000000000000e+00
6.315290940364771677e-01	5.367344833963607620e-01	0.000000000000000000e+00
6.315290940364771677e-01	5.367344833963607620e-01	0.000000000000000000e+00
6.315290940364771677e-01	5.367344833963607620e-01	0.000000000000000000e+00
6.315290940364771677e-01	5.285436886087635511e-01	0.000000000000000000e+00
6.315290940364771677e-01	5.285436886087635511e-01	0.000000000000000000e+00
6.315290940364771677e-01	5.285436886087635511e-01	0.000000000000000000e+00
6.315290940364771677e-01	5.144093156740556783e-01	0.000000000000000000e+00
6.315290940364771677e-01	5.144093156740556783e-01	0.000000000000000000e+00
6.315290940364771677e-01	5.144093156740556783e-01	0.000000000000000000e+00
6.315290940364771677e-01	5.144093156740556783e-01	0.000000000000000000e+00
6.315290940364771677e-01	5.144093156740556783e-01	0.000000000000000000e+00
6.315290940364771677e-01	5.144093156740556783e-01	0.000000000000000000e+00
6.315290940364771677e-01	5.331911327507986575e-01	0.000000000000000000e+00
8.468088653009753219e-01	5.434231589757783365e-02	0.000000000000000000e+00
8.468088653009753219e-01	5.434231589757783365e-02	0.000000000000000000e+00
8.468088653009753219e-01	5.434231589757783365e-02	0.000000000000000000e+00
8.468088653009753219e-01	4.391346651077602387e-02	0.000000000000000000e+00
8.468088653009753219e-01	4.391346651077602387e-02	0.000000000000000000e+00
8.468088653009753219e-01	4.391346651077602387e-02	0.000000000000000000e+00
8.468088653009753219e-01	4.391346651077602387e-02	0.000000000000000000e+00
8.468088653009753219e-01	4.391346651077602387e-02	0.000000000000000000e+00
8.468088653009753219e-01	4.391346651077602387e-02	0.000000000000000000e+00
8.468088653009753219e-01	4.391346651077602387e-02	0.000000000000000000e+00
8.468088653009753219e-01	4.391346651077602387e-02	0.000000000000000000e+00
8.468088653009753219e-01	5.263910745389800347e-03	0.000000000000000000e+00
8.468088653009753219e-01	5.263910745389800347e-03	0.000000000000000000e+00
8.468088653009753219e-01	5.263910745389800347e-03	0.000000000000000000e+00
8.468088653009753219e-01	5.263910745389800347e-03	0.000000000000000000e+00
8.468088653009753219e-01	5.263910745389800347e-03	0.000000000000000000e+00
8.468088653009753219e-01	1.878466543867194083e-01	0.000000000000000000e+00
8.468088653009753219e-01	1.878466543867194083e-01	0.000000000000000000e+00
8.468088653009753219e-01	1.878466543867194083e-01	0.000000000000000000e+00
8.468088653009753219e-01	1.783666283485834669e-01	0.000000000000000000e+00
8.468088653009753219e-01	1.783666283485834669e-01	0.000000000000000000e+00
8.468088653009753219e-01	1.783666283485834669e-01	0.000000000000000000e+00
8.468088653009753219e-01	1.783666283485834669e-01	0.000000000000000000e+00
8.468088653009753219e-01	1.783666283485834669e-01	0.000000000000000000e+00
8.468088653009753219e-01	1.783666283485834669e-01	0.000000000000000000e+00
8.468088653009753219e-01	1.783666283485834669e-01	0.000000000000000000e+00
8.468088653009753219e-01	1.783666283485834669e-01	0.000000000000000000e+00
8.468088653009753219e-01	1.679958930611390733e-01	0.000000000000000000e+00
8.468088653009753219e-01	1.679958930611390733e-01	0.000000000000000000e+00
8.468088653009753219e-01	1.679958930611390733e-01	0.000000000000000000e+00
8.468088653009753219e-01	1.679958930611390733e-01	0.000000000000000000e+00
8.468088653009753219e-01	1.679958930611390733e-01	0.000000000000000000e+00
8.468088653009753219e-01	1.666482047500739139e-01	0.000000000000000000e+00
8.468088653009753219e-01	1.666482047500739139e-01	0.000000000000000000e+00
8.468088653009753219e-01	1.666482047500739139e-01	0.000000000000000000e+00
8.468088653009753219e-01	1.666482047500739139e-01	0.000000000000000000e+00
8.468088653009753219e-01	1.666482047500739139e-01	0.000000000000000000e+00
8.468088653009753219e-01	1.666482047500739139e-01	0.000000000000000000e+00
8.468088653009753219e-01	1.666482047500739139e-01	0.000000000000000000e+00
8.468088653009753219e-01	1.666482047500739139e-01	0.000000000000000000e+00
8.468088653009753219e-01	2.373104766653991449e-01	0.000000000000000000e+00
