2.606650137923757771e-02	9.671489585457397897e-01	0.000000000000000000e+00
2.606650137923757771e-02	9.671489585457397897e-01	0.000000000000000000e+00
2.606650137923757771e-02	9.545455041267324470e-01	0.000000000000000000e+00
2.606650137923757771e-02	9.545455041267324470e-01	0.000000000000000000e+00
2.606650137923757771e-02	9.545455041267324470e-01	0.000000000000000000e+00
7.004596641675021884e-02	7.793653111498263231e-01	0.000000000000000000e+00
7.004596641675021884e-02	7.793653111498263231e-01	0.000000000000000000e+00
9.522677200275217468e-02	7.703206621936942167e-01	0.000000000000000000e+00
9.522677200275217468e-02	7.703206621936942167e-01	0.000000000000000000e+00
9.522677200275217468e-02	7.693556841643285349e-01	0.000000000000000000e+00
9.522677200275217468e-02	7.688617644201436452e-01	0.000000000000000000e+00
9.522677200275217468e-02	7.688617644201436452e-01	0.000000000000000000e+00
9.522677200275217468e-02	7.688617644201436452e-01	0.000000000000000000e+00
1.990339395013832891e-01	6.678958488737510857e-01	0.000000000000000000e+00
1.990339395013832891e-01	6.611548793723075468e-01	0.000000000000000000e+00
1.990339395013832891e-01	6.611548793723075468e-01	0.000000000000000000e+00
2.404295920297826183e-01	3.855075721580341619e-01	0.000000000000000000e+00
2.404295920297826183e-01	3.855075721580341619e-01	0.000000000000000000e+00
2.404295920297826183e-01	3.855075721580341619e-01	0.000000000000000000e+00
2.404295920297826183e-01	3.855075721580341619e-01	0.000000000000000000e+00
2.436542477241220861e-01	2.986509735911023200e-01	0.000000000000000000e+00
2.436542477241220861e-01	2.986509735911023200e-01	0.000000000000000000e+00
2.436542477241220861e-01	2.986509735911023200e-01	0.000000000000000000e+00
2.608575576583202493e-01	2.677066209298972765e-01	0.000000000000000000e+00
2.608575576583202493e-01	2.677066209298972765e-01	0.000000000000000000e+00
2.608575576583202493e-01	2.677066209298972765e-01	0.000000000000000000e+00
2.608575576583202493e-01	2.677066209298972765e-01	0.000000000000000000e+00
2.608575576583202493e-01	2.677066209298972765e-01	0.000000000000000000e+00
2.608575576583202493e-01	2.677066209298972765e-01	0.000000000000000000e+00
2.608575576583202493e-01	2.677066209298972765e-01	0.000000000000000000e+00
2.608575576583202493e-01	2.677066209298972765e-01	0.000000000000000000e+00
2.608575576583202493e-01	2.677066209298972765e-01	0.000000000000000000e+00
2.608575576583202493e-01	2.677066209298972765e-01	0.000000000000000000e+00
2.608575576583202493e-01	2.677066209298972765e-01	0.000000000000000000e+00
2.608575576583202493e-01	2.677066209298972765e-01	0.000000000000000000e+00
2.608575576583202493e-01	2.677066209298972765e-01	0.000000000000000000e+00
2.608575576583202493e-01	2.677066209298972765e-01	0.000000000000000000e+00
2.608575576583202493e-01	2.677066209298972765e-01	0.000000000000000000e+00
2.608575576583202493e-01	2.677066209298972765e-01	0.000000000000000000e+00
2.608575576583202493e-01	2.677066209298972765e-01	0.000000000000000000e+00
2.608575576583202493e-01	2.677066209298972765e-01	0.000000000000000000e+00
6.188072505634970577e-01	1.369892279808774746e-02	0.000000000000000000e+00
6.188072505634970577e-01	1.369892279808774746e-02	0.000000000000000000e+00
6.188072505634970577e-01	1.369892279808774746e-02	0.000000000000000000e+00
6.188072505634970577e-01	1.369892279808774746e-02	0.000000000000000000e+00
6.188072505634970577e-01	1.369892279808774746e-02	0.000000000000000000e+00
6.188072505634970577e-01	1.369892279808774746e-02	0.000000000000000000e+00
6.188072505634970577e-01	1.369892279808774746e-02	0.000000000000000000e+00
6.188072505634970577e-01	1.369892279808774746e-02	0.000000000000000000e+00
6.188072505634970577e-01	1.757881830935045103e-02	0.000000000000000000e+00
6.315290940364771677e-01	-1.595940683281066308e-01	0.000000000000000000e+00
6.315290940364771677e-01	-1.595940683281066308e-01	0.000000000000000000e+00
6.315290940364771677e-01	-1.751165310841637512e-01	0.000000000000000000e+00
6.315290940364771677e-01	-1.751165310841637512e-01	0.000000000000000000e+00
6.315290940364771677e-01	-1.751165310841637512e-01	0.000000000000000000e+00
6.315290940364771677e-01	-1.751165310841637512e-01	0.000000000000000000e+00
6.315290940364771677e-01	-1.751165310841637512e-01	0.000000000000000000e+00
6.315290940364771677e-01	-1.751165310841637512e-01	0.000000000000000000e+00
6.315290940364771677e-01	-1.751165310841637512e-01	0.000000000000000000e+00
6.315290940364771677e-01	-1.751165310841637512e-01	0.000000000000000000e+00
6.418078531742372750e-01	-2.562654285551540512e-01	0.000000000000000000e+00
6.418078531742372750e-01	-2.562654285551540512e-01	0.000000000000000000e+00
6.418078531742372750e-01	-2.562654285551540512e-01	0.000000000000000000e+00
6.418078531742372750e-01	-2.461383930117158891e-01	0.000000000000000000e+00
6.418078531742372750e-01	-2.487511804642037472e-01	0.000000000000000000e+00
6.418078531742372750e-01	-2.487511804642037472e-01	0.000000000000000000e+00
6.418078531742372750e-01	-2.487511804642037472e-01	0.000000000000000000e+00
6.418078531742372750e-01	-2.487511804642037472e-01	0.000000000000000000e+00
6.418078531742372750e-01	-2.487511804642037472e-01	0.000000000000000000e+00
6.418078531742372750e-01	-2.487511804642037472e-01	0.000000000000000000e+00
8.337052226099578300e-01	-4.429368211956070667e-01	0.000000000000000000e+00
8.337052226099578300e-01	-4.429368211956070667e-01	0.000000000000000000e+00
8.337052226099578300e-01	-4.429368211956070667e-01	0.000000000000000000e+00
8.337052226099578300e-01	-4.429368211956070667e-01	0.000000000000000000e+00
8.337052226099578300e-01	-4.429368211956070667e-01	0.000000000000000000e+00
8.337052226099578300e-01	-4.691716795433967246e-01	0.000000000000000000e+00
8.337052226099578300e-01	-4.691716795433967246e-01	0.000000000000000000e+00
8.337052226099578300e-01	-4.691716795433967246e-01	0.000000000000000000e+00
8.337052226099578300e-01	-4.691716795433967246e-01	0.000000000000000000e+00
8.337052226099578300e-01	-4.691716795433967246e-01	0.000000000000000000e+00
8.337052226099578300e-01	-4.691716795433967246e-01	0.000000000000000000e+00
8.337052226099578300e-01	-4.691716795433967246e-01	0.000000000000000000e+00
8.337052226099578300e-01	-4.568337515910270707e-01	0.000000000000000000e+00
8.337052226099578300e-01	-4.568337515910270707e-01	0.000000000000000000e+00
8.337052226099578300e-01	-4.650058898050141165e-01	0.000000000000000000e+00
8.378818790071584921e-01	-5.067478183337437159e-01	0.000000000000000000e+00
8.378818790071584921e-01	-5.164716892487438704e-01	0.000000000000000000e+00
8.378818790071584921e-01	-5.164716892487438704e-01	0.000000000000000000e+00
8.378818790071584921e-01	-5.164716892487438704e-01	0.000000000000000000e+00
8.378818790071584921e-01	-5.164716892487438704e-01	0.000000000000000000e+00
8.468088653009753219e-01	-5.887264921010346708e-01	0.000000000000000000e+00
8.468088653009753219e-01	-5.775714288244723216e-01	0.000000000000000000e+00
8.468088653009753219e-01	-5.775714288244723216e-01	0.000000000000000000e+00
8.468088653009753219e-01	-5.775714288244723216e-01	0.000000000000000000e+00
8.468088653009753219e-01	-5.775714288244723216e-01	0.000000000000000000e+00
8.468088653009753219e-01	-5.775714288244723216e-01	0.000000000000000000e+00
8.468088653009753219e-01	-5.838778606310695007e-01	0.000000000000000000e+00
8.468088653009753219e-01	-5.930283423629194584e-01	0.000000000000000000e+00
8.468088653009753219e-01	-6.099308791364338456e-01	0.000000000000000000e+00
8.468088653009753219e-01	-6.099308791364338456e-01	0.000000000000000000e+00
