0.000000000000000000e+00	1.040432715088586146e+00	0.000000000000000000e+00
0.000000000000000000e+00	1.020258326844234231e+00	0.000000000000000000e+00
2.606650137923757771e-02	8.380803022045152373e-01	0.000000000000000000e+00
2.606650137923757771e-02	8.380803022045152373e-01	0.000000000000000000e+00
2.606650137923757771e-02	8.380803022045152373e-01	0.000000000000000000e+00
7.004596641675021884e-02	6.962627642468062206e-01	0.000000000000000000e+00
7.004596641675021884e-02	6.962627642468062206e-01	0.000000000000000000e+00
7.004596641675021884e-02	6.962627642468062206e-01	0.000000000000000000e+00
7.004596641675021884e-02	6.945263459021829844e-01	0.000000000000000000e+00
7.004596641675021884e-02	6.945263459021829844e-01	0.000000000000000000e+00
7.004596641675021884e-02	6.945263459021829844e-01	0.000000000000000000e+00
7.004596641675021884e-02	6.945263459021829844e-01	0.000000000000000000e+00
7.004596641675021884e-02	6.945263459021829844e-01	0.000000000000000000e+00
1.990339395013832891e-01	5.741433136447245955e-01	0.000000000000000000e+00
1.990339395013832891e-01	5.741433136447245955e-01	0.000000000000000000e+00
2.169184914212524129e-01	4.595861938081112763e-01	0.000000000000000000e+00
2.169184914212524129e-01	4.377762343744912021e-01	0.000000000000000000e+00
2.404295920297826183e-01	2.992656402923944414e-01	0.000000000000000000e+00
2.404295920297826183e-01	2.992656402923944414e-01	0.000000000000000000e+00
2.404295920297826183e-01	2.937200506730159866e-01	0.000000000000000000e+00
2.608575576583202493e-01	2.569977149831859098e-01	0.000000000000000000e+00
2.608575576583202493e-01	2.446584942073507518e-01	0.000000000000000000e+00
2.608575576583202493e-01	2.446584942073507518e-01	0.000000000000000000e+00
2.608575576583202493e-01	2.446584942073507518e-01	0.000000000000000000e+00
2.608575576583202493e-01	2.451027269780983453e-01	0.000000000000000000e+00
2.608575576583202493e-01	2.451027269780983453e-01	0.000000000000000000e+00
2.608575576583202493e-01	2.451027269780983453e-01	0.000000000000000000e+00
2.608575576583202493e-01	2.459924038182334238e-01	0.000000000000000000e+00
2.608575576583202493e-01	2.459924038182334238e-01	0.000000000000000000e+00
2.608575576583202493e-01	2.441619184129639186e-01	0.000000000000000000e+00
2.608575576583202493e-01	2.441619184129639186e-01	0.000000000000000000e+00
2.608575576583202493e-01	2.441619184129639186e-01	0.000000000000000000e+00
2.608575576583202493e-01	2.441619184129639186e-01	0.000000000000000000e+00
2.608575576583202493e-01	2.441619184129639186e-01	0.000000000000000000e+00
2.608575576583202493e-01	2.441619184129639186e-01	0.000000000000000000e+00
2.608575576583202493e-01	2.441619184129639186e-01	0.000000000000000000e+00
2.608575576583202493e-01	2.441619184129639186e-01	0.000000000000000000e+00
2.608575576583202493e-01	2.564997508135235527e-01	0.000000000000000000e+00
6.188072505634970577e-01	-1.074395512570673061e-01	0.000000000000000000e+00
6.188072505634970577e-01	-8.579071608431733387e-02	0.000000000000000000e+00
6.188072505634970577e-01	-8.579071608431733387e-02	0.000000000000000000e+00
6.188072505634970577e-01	-8.579071608431733387e-02	0.000000000000000000e+00
6.188072505634970577e-01	-3.116995709147525953e-02	0.000000000000000000e+00
6.188072505634970577e-01	-3.116995709147525953e-02	0.000000000000000000e+00
6.188072505634970577e-01	-4.353732291352634641e-03	0.000000000000000000e+00
6.188072505634970577e-01	-4.353732291352634641e-03	0.000000000000000000e+00
6.188072505634970577e-01	-3.116995709147525953e-02	0.000000000000000000e+00
6.188072505634970577e-01	-5.396728338941127884e-02	0.000000000000000000e+00
6.188072505634970577e-01	-8.050517660774156314e-02	0.000000000000000000e+00
6.315290940364771677e-01	-2.209169952947451221e-01	0.000000000000000000e+00
6.315290940364771677e-01	-2.209169952947451221e-01	0.000000000000000000e+00
6.315290940364771677e-01	-2.209169952947451221e-01	0.000000000000000000e+00
6.315290940364771677e-01	-2.209169952947451221e-01	0.000000000000000000e+00
6.315290940364771677e-01	-2.209169952947451221e-01	0.000000000000000000e+00
6.315290940364771677e-01	-2.209169952947451221e-01	0.000000000000000000e+00
6.315290940364771677e-01	-2.647100840807967703e-01	0.000000000000000000e+00
6.315290940364771677e-01	-2.647100840807967703e-01	0.000000000000000000e+00
6.315290940364771677e-01	-2.794314922466994977e-01	0.000000000000000000e+00
6.418078531742372750e-01	-3.651883899724142069e-01	0.000000000000000000e+00
6.418078531742372750e-01	-3.870032536017202207e-01	0.000000000000000000e+00
6.418078531742372750e-01	-3.870032536017202207e-01	0.000000000000000000e+00
6.418078531742372750e-01	-3.870032536017202207e-01	0.000000000000000000e+00
6.418078531742372750e-01	-3.870032536017202207e-01	0.000000000000000000e+00
6.418078531742372750e-01	-3.870032536017202207e-01	0.000000000000000000e+00
6.418078531742372750e-01	-3.870032536017202207e-01	0.000000000000000000e+00
6.418078531742372750e-01	-3.957287628078025032e-01	0.000000000000000000e+00
6.570848707923107046e-01	-4.263550037744419097e-01	0.000000000000000000e+00
6.570848707923107046e-01	-4.263550037744419097e-01	0.000000000000000000e+00
6.570848707923107046e-01	-4.303270483358013765e-01	0.000000000000000000e+00
6.570848707923107046e-01	-4.303270483358013765e-01	0.000000000000000000e+00
6.570848707923107046e-01	-4.292977596178563782e-01	0.000000000000000000e+00
6.570848707923107046e-01	-4.292977596178563782e-01	0.000000000000000000e+00
6.570848707923107046e-01	-4.292977596178563782e-01	0.000000000000000000e+00
8.337052226099578300e-01	-5.748756398159996506e-01	0.000000000000000000e+00
8.337052226099578300e-01	-5.748756398159996506e-01	0.000000000000000000e+00
8.337052226099578300e-01	-5.748756398159996506e-01	0.000000000000000000e+00
8.337052226099578300e-01	-5.748756398159996506e-01	0.000000000000000000e+00
8.337052226099578300e-01	-5.748756398159996506e-01	0.000000000000000000e+00
8.337052226099578300e-01	-5.748756398159996506e-01	0.000000000000000000e+00
8.337052226099578300e-01	-5.872269830877536734e-01	0.000000000000000000e+00
8.337052226099578300e-01	-5.872269830877536734e-01	0.000000000000000000e+00
8.337052226099578300e-01	-5.763058014595370260e-01	0.000000000000000000e+00
8.337052226099578300e-01	-5.763058014595370260e-01	0.000000000000000000e+00
8.337052226099578300e-01	-5.872269830877536734e-01	0.000000000000000000e+00
8.337052226099578300e-01	-5.986392192749717678e-01	0.000000000000000000e+00
8.337052226099578300e-01	-6.043319654599315083e-01	0.000000000000000000e+00
8.468088653009753219e-01	-7.145421300865467673e-01	0.000000000000000000e+00
8.468088653009753219e-01	-7.145421300865467673e-01	0.000000000000000000e+00
8.468088653009753219e-01	-7.145421300865467673e-01	0.000000000000000000e+00
8.468088653009753219e-01	-7.145421300865467673e-01	0.000000000000000000e+00
8.468088653009753219e-01	-7.145421300865467673e-01	0.000000000000000000e+00
8.468088653009753219e-01	-7.145421300865467673e-01	0.000000000000000000e+00
8.468088653009753219e-01	-7.145421300865467673e-01	0.000000000000000000e+00
8.468088653009753219e-01	-7.145421300865467673e-01	0.000000000000000000e+00
8.468088653009753219e-01	-6.977851536319877868e-01	0.000000000000000000e+00
8.468088653009753219e-01	-7.027243560462331784e-01	0.000000000000000000e+00
8.468088653009753219e-01	-7.121343914843321077e-01	0.000000000000000000e+00
8.468088653009753219e-01	-7.183219887352023658e-01	0.000000000000000000e+00
8.468088653009753219e-01	-7.117725097658377242e-01	0.000000000000000000e+00
8.468088653009753219e-01	-7.117725097658377242e-01	0.000000000000000000e+00
