0.000000000000000000e+00	1.027562472185758580e+00	0.000000000000000000e+00
0.000000000000000000e+00	1.027562472185758580e+00	0.000000000000000000e+00
2.606650137923757771e-02	8.415907354901611681e-01	0.000000000000000000e+00
2.606650137923757771e-02	8.415907354901611681e-01	0.000000000000000000e+00
2.606650137923757771e-02	8.415907354901611681e-01	0.000000000000000000e+00
7.004596641675021884e-02	6.988673828065176119e-01	0.000000000000000000e+00
7.004596641675021884e-02	6.988673828065176119e-01	0.000000000000000000e+00
7.004596641675021884e-02	6.988673828065176119e-01	0.000000000000000000e+00
7.004596641675021884e-02	6.988673828065176119e-01	0.000000000000000000e+00
7.004596641675021884e-02	6.988673828065176119e-01	0.000000000000000000e+00
7.004596641675021884e-02	6.988673828065176119e-01	0.000000000000000000e+00
7.004596641675021884e-02	6.988673828065176119e-01	0.000000000000000000e+00
7.004596641675021884e-02	6.988673828065176119e-01	0.000000000000000000e+00
1.990339395013832891e-01	5.862290978191526669e-01	0.000000000000000000e+00
1.990339395013832891e-01	5.758252813075807053e-01	0.000000000000000000e+00
1.990339395013832891e-01	5.735419811223134712e-01	0.000000000000000000e+00
1.990339395013832891e-01	5.735419811223134712e-01	0.000000000000000000e+00
2.404295920297826183e-01	3.024087992833124905e-01	0.000000000000000000e+00
2.404295920297826183e-01	3.024087992833124905e-01	0.000000000000000000e+00
2.404295920297826183e-01	3.024087992833124905e-01	0.000000000000000000e+00
2.404295920297826183e-01	2.932685952171812382e-01	0.000000000000000000e+00
2.404295920297826183e-01	2.932685952171812382e-01	0.000000000000000000e+00
2.608575576583202493e-01	2.564997508135235527e-01	0.000000000000000000e+00
2.608575576583202493e-01	2.564997508135235527e-01	0.000000000000000000e+00
2.608575576583202493e-01	2.564997508135235527e-01	0.000000000000000000e+00
2.608575576583202493e-01	2.564997508135235527e-01	0.000000000000000000e+00
2.608575576583202493e-01	2.564997508135235527e-01	0.000000000000000000e+00
2.608575576583202493e-01	2.564997508135235527e-01	0.000000000000000000e+00
2.608575576583202493e-01	2.564997508135235527e-01	0.000000000000000000e+00
2.608575576583202493e-01	2.564997508135235527e-01	0.000000000000000000e+00
2.608575576583202493e-01	2.564997508135235527e-01	0.000000000000000000e+00
2.608575576583202493e-01	2.564997508135235527e-01	0.000000000000000000e+00
2.608575576583202493e-01	2.564997508135235527e-01	0.000000000000000000e+00
2.608575576583202493e-01	2.564997508135235527e-01	0.000000000000000000e+00
2.608575576583202493e-01	2.564997508135235527e-01	0.000000000000000000e+00
2.608575576583202493e-01	2.564997508135235527e-01	0.000000000000000000e+00
2.608575576583202493e-01	2.564997508135235527e-01	0.000000000000000000e+00
2.608575576583202493e-01	2.564997508135235527e-01	0.000000000000000000e+00
2.608575576583202493e-01	2.564997508135235527e-01	0.000000000000000000e+00
2.608575576583202493e-01	2.564997508135235527e-01	0.000000000000000000e+00
6.188072505634970577e-01	-9.868878132181571616e-02	0.000000000000000000e+00
6.188072505634970577e-01	-9.868878132181571616e-02	0.000000000000000000e+00
6.188072505634970577e-01	-9.868878132181571616e-02	0.000000000000000000e+00
6.188072505634970577e-01	-9.868878132181571616e-02	0.000000000000000000e+00
6.188072505634970577e-01	-7.876179757818613236e-02	0.000000000000000000e+00
6.188072505634970577e-01	-7.876179757818613236e-02	0.000000000000000000e+00
6.188072505634970577e-01	-7.876179757818613236e-02	0.000000000000000000e+00
6.188072505634970577e-01	-7.876179757818613236e-02	0.000000000000000000e+00
6.188072505634970577e-01	-7.876179757818613236e-02	0.000000000000000000e+00
6.188072505634970577e-01	-7.876179757818613236e-02	0.000000000000000000e+00
6.188072505634970577e-01	-7.876179757818613236e-02	0.000000000000000000e+00
6.188072505634970577e-01	-8.371486106668321603e-02	0.000000000000000000e+00
6.188072505634970577e-01	-1.016756059161882109e-01	0.000000000000000000e+00
6.315290940364771677e-01	-2.538706238713592245e-01	0.000000000000000000e+00
6.315290940364771677e-01	-2.538706238713592245e-01	0.000000000000000000e+00
6.315290940364771677e-01	-2.538706238713592245e-01	0.000000000000000000e+00
6.315290940364771677e-01	-2.538706238713592245e-01	0.000000000000000000e+00
6.315290940364771677e-01	-2.415794944760170648e-01	0.000000000000000000e+00
6.315290940364771677e-01	-2.415794944760170648e-01	0.000000000000000000e+00
6.315290940364771677e-01	-2.415794944760170648e-01	0.000000000000000000e+00
6.315290940364771677e-01	-3.068300413842651175e-01	0.000000000000000000e+00
6.315290940364771677e-01	-3.068300413842651175e-01	0.000000000000000000e+00
6.315290940364771677e-01	-3.068300413842651175e-01	0.000000000000000000e+00
6.315290940364771677e-01	-3.068300413842651175e-01	0.000000000000000000e+00
6.418078531742372750e-01	-3.838791355967517416e-01	0.000000000000000000e+00
6.418078531742372750e-01	-3.838791355967517416e-01	0.000000000000000000e+00
6.418078531742372750e-01	-3.947351198329254185e-01	0.000000000000000000e+00
6.418078531742372750e-01	-3.947351198329254185e-01	0.000000000000000000e+00
6.418078531742372750e-01	-3.947351198329254185e-01	0.000000000000000000e+00
6.418078531742372750e-01	-3.947351198329254185e-01	0.000000000000000000e+00
6.418078531742372750e-01	-3.998478570124696652e-01	0.000000000000000000e+00
6.418078531742372750e-01	-3.998478570124696652e-01	0.000000000000000000e+00
6.418078531742372750e-01	-3.998478570124696652e-01	0.000000000000000000e+00
6.418078531742372750e-01	-3.998478570124696652e-01	0.000000000000000000e+00
6.418078531742372750e-01	-3.998478570124696652e-01	0.000000000000000000e+00
6.418078531742372750e-01	-3.998478570124696652e-01	0.000000000000000000e+00
8.337052226099578300e-01	-5.202149277567779118e-01	0.000000000000000000e+00
8.337052226099578300e-01	-5.202149277567779118e-01	0.000000000000000000e+00
8.337052226099578300e-01	-5.202149277567779118e-01	0.000000000000000000e+00
8.337052226099578300e-01	-5.202149277567779118e-01	0.000000000000000000e+00
8.337052226099578300e-01	-5.202149277567779118e-01	0.000000000000000000e+00
8.337052226099578300e-01	-5.202149277567779118e-01	0.000000000000000000e+00
8.337052226099578300e-01	-5.039462639599164850e-01	0.000000000000000000e+00
8.337052226099578300e-01	-5.039462639599164850e-01	0.000000000000000000e+00
8.337052226099578300e-01	-5.166462531718690743e-01	0.000000000000000000e+00
8.337052226099578300e-01	-5.270681191089078288e-01	0.000000000000000000e+00
8.337052226099578300e-01	-5.350868820379020008e-01	0.000000000000000000e+00
8.468088653009753219e-01	-6.561927133794266398e-01	0.000000000000000000e+00
8.468088653009753219e-01	-6.561927133794266398e-01	0.000000000000000000e+00
8.468088653009753219e-01	-6.561927133794266398e-01	0.000000000000000000e+00
8.468088653009753219e-01	-6.561927133794266398e-01	0.000000000000000000e+00
8.468088653009753219e-01	-6.580500974646935619e-01	0.000000000000000000e+00
8.468088653009753219e-01	-6.564823851841840030e-01	0.000000000000000000e+00
8.468088653009753219e-01	-6.564823851841840030e-01	0.000000000000000000e+00
8.468088653009753219e-01	-6.564823851841840030e-01	0.000000000000000000e+00
8.468088653009753219e-01	-6.564823851841840030e-01	0.000000000000000000e+00
8.468088653009753219e-01	-6.564823851841840030e-01	0.000000000000000000e+00
8.468088653009753219e-01	-6.564823851841840030e-01	0.000000000000000000e+00
8.468088653009753219e-01	-6.564823851841840030e-01	0.000000000000000000e+00
8.468088653009753219e-01	-6.630181559494632282e-01	0.000000000000000000e+00
