2.606650137923757771e-02	1.132812275485637565e+00	0.000000000000000000e+00
2.606650137923757771e-02	1.132812275485637565e+00	0.000000000000000000e+00
2.606650137923757771e-02	1.132812275485637565e+00	0.000000000000000000e+00
2.606650137923757771e-02	1.132812275485637565e+00	0.000000000000000000e+00
6.948555366353034723e-02	1.002029047268513384e+00	0.000000000000000000e+00
6.948555366353034723e-02	1.002029047268513384e+00	0.000000000000000000e+00
8.650927311018154209e-02	9.702081044895806139e-01	0.000000000000000000e+00
8.650927311018154209e-02	9.702081044895806139e-01	0.000000000000000000e+00
8.650927311018154209e-02	9.702081044895806139e-01	0.000000000000000000e+00
8.650927311018154209e-02	9.702081044895806139e-01	0.000000000000000000e+00
8.650927311018154209e-02	9.702081044895806139e-01	0.000000000000000000e+00
8.650927311018154209e-02	9.702081044895806139e-01	0.000000000000000000e+00
1.990339395013832891e-01	8.739409472932962997e-01	0.000000000000000000e+00
1.990339395013832891e-01	8.163088809393888035e-01	0.000000000000000000e+00
1.990339395013832891e-01	8.163088809393888035e-01	0.000000000000000000e+00
1.990339395013832891e-01	8.163088809393888035e-01	0.000000000000000000e+00
2.436542477241220861e-01	4.811174924939671804e-01	0.000000000000000000e+00
2.436542477241220861e-01	4.811174924939671804e-01	0.000000000000000000e+00
2.436542477241220861e-01	4.811174924939671804e-01	0.000000000000000000e+00
2.436542477241220861e-01	4.811174924939671804e-01	0.000000000000000000e+00
2.436542477241220861e-01	4.687532178095688562e-01	0.000000000000000000e+00
2.436542477241220861e-01	4.687532178095688562e-01	0.000000000000000000e+00
2.608575576583202493e-01	4.423225777603269071e-01	0.000000000000000000e+00
2.608575576583202493e-01	4.423225777603269071e-01	0.000000000000000000e+00
2.608575576583202493e-01	4.423225777603269071e-01	0.000000000000000000e+00
2.608575576583202493e-01	4.423225777603269071e-01	0.000000000000000000e+00
2.608575576583202493e-01	4.423225777603269071e-01	0.000000000000000000e+00
2.608575576583202493e-01	4.423225777603269071e-01	0.000000000000000000e+00
2.608575576583202493e-01	4.423225777603269071e-01	0.000000000000000000e+00
2.608575576583202493e-01	4.423225777603269071e-01	0.000000000000000000e+00
2.608575576583202493e-01	4.478295573208539992e-01	0.000000000000000000e+00
2.608575576583202493e-01	4.478295573208539992e-01	0.000000000000000000e+00
2.608575576583202493e-01	4.520970515969883752e-01	0.000000000000000000e+00
2.608575576583202493e-01	4.520970515969883752e-01	0.000000000000000000e+00
2.608575576583202493e-01	4.556390499643129255e-01	0.000000000000000000e+00
2.608575576583202493e-01	4.556390499643129255e-01	0.000000000000000000e+00
2.608575576583202493e-01	4.556390499643129255e-01	0.000000000000000000e+00
2.613166059575659506e-01	4.663924466061745711e-01	0.000000000000000000e+00
6.188072505634970577e-01	4.819552364441204162e-02	0.000000000000000000e+00
6.188072505634970577e-01	4.819552364441204162e-02	0.000000000000000000e+00
6.188072505634970577e-01	1.118596753089872997e-01	0.000000000000000000e+00
6.188072505634970577e-01	1.118596753089872997e-01	0.000000000000000000e+00
6.188072505634970577e-01	1.118596753089872997e-01	0.000000000000000000e+00
6.188072505634970577e-01	1.118596753089872997e-01	0.000000000000000000e+00
6.188072505634970577e-01	1.118596753089872997e-01	0.000000000000000000e+00
6.188072505634970577e-01	1.118596753089872997e-01	0.000000000000000000e+00
6.188072505634970577e-01	1.118596753089872997e-01	0.000000000000000000e+00
6.188072505634970577e-01	1.118596753089872997e-01	0.000000000000000000e+00
6.188072505634970577e-01	1.387182457685913473e-01	0.000000000000000000e+00
6.188072505634970577e-01	1.183140083069005588e-01	0.000000000000000000e+00
6.188072505634970577e-01	1.183140083069005588e-01	0.000000000000000000e+00
6.188072505634970577e-01	9.562847740778056271e-02	0.000000000000000000e+00
6.315290940364771677e-01	-3.059697778492580234e-02	0.000000000000000000e+00
6.315290940364771677e-01	-3.059697778492580234e-02	0.000000000000000000e+00
6.315290940364771677e-01	-3.431998078219349740e-02	0.000000000000000000e+00
6.315290940364771677e-01	-3.431998078219349740e-02	0.000000000000000000e+00
6.315290940364771677e-01	-3.431998078219349740e-02	0.000000000000000000e+00
6.315290940364771677e-01	-5.042359514131101311e-02	0.000000000000000000e+00
6.315290940364771677e-01	-5.042359514131101311e-02	0.000000000000000000e+00
6.315290940364771677e-01	-6.459537635527236310e-02	0.000000000000000000e+00
6.315290940364771677e-01	-6.459537635527236310e-02	0.000000000000000000e+00
6.315290940364771677e-01	-6.665826283709629096e-02	0.000000000000000000e+00
6.418078531742372750e-01	-9.734392747714556982e-02	0.000000000000000000e+00
6.418078531742372750e-01	-9.734392747714556982e-02	0.000000000000000000e+00
6.418078531742372750e-01	-9.734392747714556982e-02	0.000000000000000000e+00
6.418078531742372750e-01	-9.734392747714556982e-02	0.000000000000000000e+00
6.418078531742372750e-01	-9.734392747714556982e-02	0.000000000000000000e+00
8.337052226099578300e-01	-3.377052969216050582e-01	0.000000000000000000e+00
8.337052226099578300e-01	-3.377052969216050582e-01	0.000000000000000000e+00
8.337052226099578300e-01	-3.377052969216050582e-01	0.000000000000000000e+00
8.337052226099578300e-01	-3.377052969216050582e-01	0.000000000000000000e+00
8.337052226099578300e-01	-3.635184584307043498e-01	0.000000000000000000e+00
8.337052226099578300e-01	-3.635184584307043498e-01	0.000000000000000000e+00
8.337052226099578300e-01	-3.635184584307043498e-01	0.000000000000000000e+00
8.337052226099578300e-01	-3.635184584307043498e-01	0.000000000000000000e+00
8.337052226099578300e-01	-3.635184584307043498e-01	0.000000000000000000e+00
8.337052226099578300e-01	-3.635184584307043498e-01	0.000000000000000000e+00
8.337052226099578300e-01	-3.635184584307043498e-01	0.000000000000000000e+00
8.337052226099578300e-01	-3.635184584307043498e-01	0.000000000000000000e+00
8.337052226099578300e-01	-3.699040932358371170e-01	0.000000000000000000e+00
8.337052226099578300e-01	-3.699040932358371170e-01	0.000000000000000000e+00
8.337052226099578300e-01	-3.699040932358371170e-01	0.000000000000000000e+00
8.337052226099578300e-01	-3.699040932358371170e-01	0.000000000000000000e+00
8.337052226099578300e-01	-3.699040932358371170e-01	0.000000000000000000e+00
8.468088653009753219e-01	-5.329795542268703779e-01	0.000000000000000000e+00
8.468088653009753219e-01	-5.329795542268703779e-01	0.000000000000000000e+00
8.468088653009753219e-01	-5.329795542268703779e-01	0.000000000000000000e+00
8.468088653009753219e-01	-5.329795542268703779e-01	0.000000000000000000e+00
8.468088653009753219e-01	-5.329795542268703779e-01	0.000000000000000000e+00
8.468088653009753219e-01	-5.025681097107396189e-01	0.000000000000000000e+00
8.468088653009753219e-01	-5.025681097107396189e-01	0.000000000000000000e+00
8.468088653009753219e-01	-4.860323227575474858e-01	0.000000000000000000e+00
8.468088653009753219e-01	-4.860323227575474858e-01	0.000000000000000000e+00
8.468088653009753219e-01	-4.860323227575474858e-01	0.000000000000000000e+00
8.468088653009753219e-01	-5.025681097107396189e-01	0.000000000000000000e+00
8.468088653009753219e-01	-5.025681097107396189e-01	0.000000000000000000e+00
8.468088653009753219e-01	-4.863654365350006947e-01	0.000000000000000000e+00
8.468088653009753219e-01	-4.863654365350006947e-01	0.000000000000000000e+00
8.468088653009753219e-01	-4.863654365350006947e-01	0.000000000000000000e+00
8.468088653009753219e-01	-4.863654365350006947e-01	0.000000000000000000e+00
