0.000000000000000000e+00	1.022430211110334053e+00	0.000000000000000000e+00
0.000000000000000000e+00	1.016098675767422854e+00	0.000000000000000000e+00
2.606650137923757771e-02	8.343141541658838367e-01	0.000000000000000000e+00
3.435123092092664393e-02	7.989889296648043926e-01	0.000000000000000000e+00
3.435123092092664393e-02	7.989889296648043926e-01	0.000000000000000000e+00
7.004596641675021884e-02	6.891388878728061940e-01	0.000000000000000000e+00
7.004596641675021884e-02	6.891388878728061940e-01	0.000000000000000000e+00
7.004596641675021884e-02	6.891388878728061940e-01	0.000000000000000000e+00
7.004596641675021884e-02	6.891388878728061940e-01	0.000000000000000000e+00
7.004596641675021884e-02	6.891388878728061940e-01	0.000000000000000000e+00
7.004596641675021884e-02	6.891388878728061940e-01	0.000000000000000000e+00
7.004596641675021884e-02	6.793076646957217912e-01	0.000000000000000000e+00
1.945781605687634253e-01	5.923924335235317695e-01	0.000000000000000000e+00
1.990339395013832891e-01	5.632541107162482019e-01	0.000000000000000000e+00
1.990339395013832891e-01	5.599074906228929116e-01	0.000000000000000000e+00
2.169184914212524129e-01	4.248243671884308625e-01	0.000000000000000000e+00
2.169184914212524129e-01	4.248243671884308625e-01	0.000000000000000000e+00
2.404295920297826183e-01	2.851774164061065542e-01	0.000000000000000000e+00
2.404295920297826183e-01	2.851774164061065542e-01	0.000000000000000000e+00
2.404295920297826183e-01	2.800198090753964197e-01	0.000000000000000000e+00
2.404295920297826183e-01	2.800198090753964197e-01	0.000000000000000000e+00
2.608575576583202493e-01	2.439255100683190014e-01	0.000000000000000000e+00
2.608575576583202493e-01	2.434290179536904297e-01	0.000000000000000000e+00
2.608575576583202493e-01	2.434290179536904297e-01	0.000000000000000000e+00
2.608575576583202493e-01	2.434290179536904297e-01	0.000000000000000000e+00
2.608575576583202493e-01	2.434290179536904297e-01	0.000000000000000000e+00
2.608575576583202493e-01	2.434290179536904297e-01	0.000000000000000000e+00
2.608575576583202493e-01	2.434290179536904297e-01	0.000000000000000000e+00
2.608575576583202493e-01	2.434290179536904297e-01	0.000000000000000000e+00
2.608575576583202493e-01	2.434290179536904297e-01	0.000000000000000000e+00
2.608575576583202493e-01	2.434290179536904297e-01	0.000000000000000000e+00
2.608575576583202493e-01	2.434290179536904297e-01	0.000000000000000000e+00
2.608575576583202493e-01	2.434290179536904297e-01	0.000000000000000000e+00
2.608575576583202493e-01	2.434290179536904297e-01	0.000000000000000000e+00
2.608575576583202493e-01	2.434290179536904297e-01	0.000000000000000000e+00
2.608575576583202493e-01	2.434290179536904297e-01	0.000000000000000000e+00
2.608575576583202493e-01	2.434290179536904297e-01	0.000000000000000000e+00
2.608575576583202493e-01	2.434290179536904297e-01	0.000000000000000000e+00
2.608575576583202493e-01	2.434290179536904297e-01	0.000000000000000000e+00
6.188072505634970577e-01	-1.080939846053993875e-01	0.000000000000000000e+00
6.188072505634970577e-01	-1.080939846053993875e-01	0.000000000000000000e+00
6.188072505634970577e-01	-1.080939846053993875e-01	0.000000000000000000e+00
6.188072505634970577e-01	-7.297171751475739487e-02	0.000000000000000000e+00
6.188072505634970577e-01	-4.935514788611196357e-02	0.000000000000000000e+00
6.188072505634970577e-01	-4.935514788611196357e-02	0.000000000000000000e+00
6.188072505634970577e-01	-4.935514788611196357e-02	0.000000000000000000e+00
6.188072505634970577e-01	-4.935514788611196357e-02	0.000000000000000000e+00
6.188072505634970577e-01	-6.756593800807565720e-02	0.000000000000000000e+00
6.188072505634970577e-01	-8.982281756759954994e-02	0.000000000000000000e+00
6.315290940364771677e-01	-2.402578280886382422e-01	0.000000000000000000e+00
6.315290940364771677e-01	-2.157575967519962945e-01	0.000000000000000000e+00
6.315290940364771677e-01	-2.157575967519962945e-01	0.000000000000000000e+00
6.315290940364771677e-01	-2.157575967519962945e-01	0.000000000000000000e+00
6.315290940364771677e-01	-2.157575967519962945e-01	0.000000000000000000e+00
6.315290940364771677e-01	-2.157575967519962945e-01	0.000000000000000000e+00
6.315290940364771677e-01	-2.487289647251992863e-01	0.000000000000000000e+00
6.315290940364771677e-01	-2.679127167942286225e-01	0.000000000000000000e+00
6.315290940364771677e-01	-2.827664182575171936e-01	0.000000000000000000e+00
6.418078531742372750e-01	-3.783585661832506442e-01	0.000000000000000000e+00
6.418078531742372750e-01	-3.783585661832506442e-01	0.000000000000000000e+00
6.418078531742372750e-01	-3.783585661832506442e-01	0.000000000000000000e+00
6.418078531742372750e-01	-3.783585661832506442e-01	0.000000000000000000e+00
6.418078531742372750e-01	-3.783585661832506442e-01	0.000000000000000000e+00
6.418078531742372750e-01	-3.783585661832506442e-01	0.000000000000000000e+00
6.418078531742372750e-01	-3.955309803805440727e-01	0.000000000000000000e+00
6.418078531742372750e-01	-4.004760843859280772e-01	0.000000000000000000e+00
6.570848707923107046e-01	-4.322841708534728156e-01	0.000000000000000000e+00
6.570848707923107046e-01	-4.322841708534728156e-01	0.000000000000000000e+00
6.570848707923107046e-01	-4.322841708534728156e-01	0.000000000000000000e+00
6.570848707923107046e-01	-4.322841708534728156e-01	0.000000000000000000e+00
6.570848707923107046e-01	-4.322841708534728156e-01	0.000000000000000000e+00
6.570848707923107046e-01	-4.322841708534728156e-01	0.000000000000000000e+00
6.570848707923107046e-01	-4.322841708534728156e-01	0.000000000000000000e+00
8.337052226099578300e-01	-6.119481891593899769e-01	0.000000000000000000e+00
8.337052226099578300e-01	-6.119481891593899769e-01	0.000000000000000000e+00
8.337052226099578300e-01	-6.119481891593899769e-01	0.000000000000000000e+00
8.337052226099578300e-01	-6.119481891593899769e-01	0.000000000000000000e+00
8.337052226099578300e-01	-6.048432901479926516e-01	0.000000000000000000e+00
8.337052226099578300e-01	-6.048432901479926516e-01	0.000000000000000000e+00
8.337052226099578300e-01	-6.048432901479926516e-01	0.000000000000000000e+00
8.337052226099578300e-01	-6.048432901479926516e-01	0.000000000000000000e+00
8.337052226099578300e-01	-6.048432901479926516e-01	0.000000000000000000e+00
8.337052226099578300e-01	-6.048432901479926516e-01	0.000000000000000000e+00
8.337052226099578300e-01	-6.048432901479926516e-01	0.000000000000000000e+00
8.337052226099578300e-01	-6.048432901479926516e-01	0.000000000000000000e+00
8.337052226099578300e-01	-6.004584994412609511e-01	0.000000000000000000e+00
8.468088653009753219e-01	-6.981302987766270229e-01	0.000000000000000000e+00
8.468088653009753219e-01	-6.981302987766270229e-01	0.000000000000000000e+00
8.468088653009753219e-01	-6.981302987766270229e-01	0.000000000000000000e+00
8.468088653009753219e-01	-6.981302987766270229e-01	0.000000000000000000e+00
8.468088653009753219e-01	-6.981302987766270229e-01	0.000000000000000000e+00
8.468088653009753219e-01	-6.981302987766270229e-01	0.000000000000000000e+00
8.468088653009753219e-01	-6.981302987766270229e-01	0.000000000000000000e+00
8.468088653009753219e-01	-6.981302987766270229e-01	0.000000000000000000e+00
8.468088653009753219e-01	-7.131571356422816699e-01	0.000000000000000000e+00
8.468088653009753219e-01	-7.131571356422816699e-01	0.000000000000000000e+00
8.468088653009753219e-01	-7.131571356422816699e-01	0.000000000000000000e+00
8.468088653009753219e-01	-7.251865900049940805e-01	0.000000000000000000e+00
8.468088653009753219e-01	-7.251865900049940805e-01	0.000000000000000000e+00
8.468088653009753219e-01	-7.189611668703261849e-01	0.000000000000000000e+00
