2.606650137923757771e-02	1.235996652028640064e+00	0.000000000000000000e+00
2.606650137923757771e-02	1.235996652028640064e+00	0.000000000000000000e+00
2.606650137923757771e-02	1.235996652028640064e+00	0.000000000000000000e+00
2.606650137923757771e-02	1.235996652028640064e+00	0.000000000000000000e+00
6.948555366353034723e-02	1.076681356228208930e+00	0.000000000000000000e+00
6.948555366353034723e-02	1.076681356228208930e+00	0.000000000000000000e+00
8.650927311018154209e-02	1.060831448509429453e+00	0.000000000000000000e+00
8.650927311018154209e-02	1.060831448509429453e+00	0.000000000000000000e+00
8.650927311018154209e-02	1.060831448509429453e+00	0.000000000000000000e+00
8.650927311018154209e-02	1.076325131167358284e+00	0.000000000000000000e+00
8.650927311018154209e-02	1.076325131167358284e+00	0.000000000000000000e+00
8.650927311018154209e-02	1.076325131167358284e+00	0.000000000000000000e+00
1.990339395013832891e-01	9.214475449986661015e-01	0.000000000000000000e+00
1.990339395013832891e-01	8.642924671596510233e-01	0.000000000000000000e+00
1.990339395013832891e-01	8.642924671596510233e-01	0.000000000000000000e+00
1.990339395013832891e-01	8.642924671596510233e-01	0.000000000000000000e+00
2.436542477241220861e-01	5.501133989672748470e-01	0.000000000000000000e+00
2.436542477241220861e-01	5.471795494271671778e-01	0.000000000000000000e+00
2.436542477241220861e-01	5.471795494271671778e-01	0.000000000000000000e+00
2.436542477241220861e-01	5.471795494271671778e-01	0.000000000000000000e+00
2.436542477241220861e-01	5.408627159707031229e-01	0.000000000000000000e+00
2.608575576583202493e-01	5.162265139151804849e-01	0.000000000000000000e+00
2.608575576583202493e-01	5.162265139151804849e-01	0.000000000000000000e+00
2.608575576583202493e-01	4.969168072406635606e-01	0.000000000000000000e+00
2.608575576583202493e-01	4.969168072406635606e-01	0.000000000000000000e+00
2.608575576583202493e-01	4.969168072406635606e-01	0.000000000000000000e+00
2.608575576583202493e-01	4.969168072406635606e-01	0.000000000000000000e+00
2.608575576583202493e-01	4.969168072406635606e-01	0.000000000000000000e+00
2.608575576583202493e-01	4.969168072406635606e-01	0.000000000000000000e+00
2.608575576583202493e-01	4.969168072406635606e-01	0.000000000000000000e+00
2.608575576583202493e-01	4.969168072406635606e-01	0.000000000000000000e+00
2.608575576583202493e-01	5.039103237222294362e-01	0.000000000000000000e+00
2.608575576583202493e-01	5.039103237222294362e-01	0.000000000000000000e+00
2.608575576583202493e-01	5.039103237222294362e-01	0.000000000000000000e+00
2.608575576583202493e-01	5.039344236238475494e-01	0.000000000000000000e+00
2.608575576583202493e-01	5.039344236238475494e-01	0.000000000000000000e+00
2.608575576583202493e-01	5.039344236238475494e-01	0.000000000000000000e+00
2.608575576583202493e-01	5.110957446083383982e-01	0.000000000000000000e+00
2.608575576583202493e-01	5.110957446083383982e-01	0.000000000000000000e+00
6.188072505634970577e-01	8.012451842056472762e-02	0.000000000000000000e+00
6.188072505634970577e-01	8.687855559093939084e-02	0.000000000000000000e+00
6.188072505634970577e-01	8.687855559093939084e-02	0.000000000000000000e+00
6.188072505634970577e-01	8.687855559093939084e-02	0.000000000000000000e+00
6.188072505634970577e-01	8.687855559093939084e-02	0.000000000000000000e+00
6.188072505634970577e-01	8.687855559093939084e-02	0.000000000000000000e+00
6.188072505634970577e-01	8.687855559093939084e-02	0.000000000000000000e+00
6.188072505634970577e-01	8.687855559093939084e-02	0.000000000000000000e+00
6.188072505634970577e-01	8.687855559093939084e-02	0.000000000000000000e+00
6.315290940364771677e-01	-4.598950666207490129e-02	0.000000000000000000e+00
6.315290940364771677e-01	-4.598950666207490129e-02	0.000000000000000000e+00
6.315290940364771677e-01	-4.598950666207490129e-02	0.000000000000000000e+00
6.315290940364771677e-01	-4.598950666207490129e-02	0.000000000000000000e+00
6.315290940364771677e-01	-4.598950666207490129e-02	0.000000000000000000e+00
6.315290940364771677e-01	-4.598950666207490129e-02	0.000000000000000000e+00
6.315290940364771677e-01	-3.728199411962499626e-02	0.000000000000000000e+00
6.315290940364771677e-01	-3.728199411962499626e-02	0.000000000000000000e+00
6.315290940364771677e-01	-3.728199411962499626e-02	0.000000000000000000e+00
6.315290940364771677e-01	-3.728199411962499626e-02	0.000000000000000000e+00
6.315290940364771677e-01	-3.728199411962499626e-02	0.000000000000000000e+00
6.315290940364771677e-01	-3.728199411962499626e-02	0.000000000000000000e+00
6.315290940364771677e-01	-3.728199411962499626e-02	0.000000000000000000e+00
6.315290940364771677e-01	-3.728199411962499626e-02	0.000000000000000000e+00
6.315290940364771677e-01	-2.911258542697056292e-02	0.000000000000000000e+00
6.315290940364771677e-01	-2.911258542697056292e-02	0.000000000000000000e+00
6.315290940364771677e-01	-2.911258542697056292e-02	0.000000000000000000e+00
6.315290940364771677e-01	-2.911258542697056292e-02	0.000000000000000000e+00
8.337052226099578300e-01	-3.552549785271396643e-01	0.000000000000000000e+00
8.337052226099578300e-01	-3.552549785271396643e-01	0.000000000000000000e+00
8.337052226099578300e-01	-3.552549785271396643e-01	0.000000000000000000e+00
8.337052226099578300e-01	-3.552549785271396643e-01	0.000000000000000000e+00
8.337052226099578300e-01	-3.552549785271396643e-01	0.000000000000000000e+00
8.337052226099578300e-01	-3.552549785271396643e-01	0.000000000000000000e+00
8.337052226099578300e-01	-3.552549785271396643e-01	0.000000000000000000e+00
8.337052226099578300e-01	-3.552549785271396643e-01	0.000000000000000000e+00
8.337052226099578300e-01	-3.552549785271396643e-01	0.000000000000000000e+00
8.337052226099578300e-01	-3.552549785271396643e-01	0.000000000000000000e+00
8.337052226099578300e-01	-3.552549785271396643e-01	0.000000000000000000e+00
8.337052226099578300e-01	-3.216363740914913727e-01	0.000000000000000000e+00
8.337052226099578300e-01	-3.051659449274841673e-01	0.000000000000000000e+00
8.337052226099578300e-01	-3.051659449274841673e-01	0.000000000000000000e+00
8.337052226099578300e-01	-3.051659449274841673e-01	0.000000000000000000e+00
8.337052226099578300e-01	-2.773220281763344452e-01	0.000000000000000000e+00
8.337052226099578300e-01	-3.361988993263170244e-01	0.000000000000000000e+00
8.337052226099578300e-01	-3.168211166412185920e-01	0.000000000000000000e+00
8.337052226099578300e-01	-3.168211166412185920e-01	0.000000000000000000e+00
8.337052226099578300e-01	-3.361988993263170244e-01	0.000000000000000000e+00
8.337052226099578300e-01	-3.361988993263170244e-01	0.000000000000000000e+00
8.468088653009753219e-01	-4.062009584341820800e-01	0.000000000000000000e+00
8.468088653009753219e-01	-4.062009584341820800e-01	0.000000000000000000e+00
8.468088653009753219e-01	-4.062009584341820800e-01	0.000000000000000000e+00
8.468088653009753219e-01	-4.116628069139145474e-01	0.000000000000000000e+00
8.468088653009753219e-01	-4.116628069139145474e-01	0.000000000000000000e+00
8.468088653009753219e-01	-4.116628069139145474e-01	0.000000000000000000e+00
8.468088653009753219e-01	-4.116628069139145474e-01	0.000000000000000000e+00
8.468088653009753219e-01	-4.116628069139145474e-01	0.000000000000000000e+00
8.468088653009753219e-01	-4.229827549621006932e-01	0.000000000000000000e+00
8.468088653009753219e-01	-4.278344509679723462e-01	0.000000000000000000e+00
8.468088653009753219e-01	-4.491991420573503979e-01	0.000000000000000000e+00
8.468088653009753219e-01	-4.491991420573503979e-01	0.000000000000000000e+00
8.468088653009753219e-01	-4.491991420573503979e-01	0.000000000000000000e+00
