2.606650137923757771e-02	1.596999026541921829e+00	0.000000000000000000e+00
2.606650137923757771e-02	1.596999026541921829e+00	0.000000000000000000e+00
2.606650137923757771e-02	1.596999026541921829e+00	0.000000000000000000e+00
2.606650137923757771e-02	1.596999026541921829e+00	0.000000000000000000e+00
7.365237412062664024e-02	1.385921950128809810e+00	0.000000000000000000e+00
8.650927311018154209e-02	1.368041264913779198e+00	0.000000000000000000e+00
8.650927311018154209e-02	1.368041264913779198e+00	0.000000000000000000e+00
8.650927311018154209e-02	1.368041264913779198e+00	0.000000000000000000e+00
8.650927311018154209e-02	1.350677174973855088e+00	0.000000000000000000e+00
6.346308450989583683e-02	1.314003442265441857e+00	0.000000000000000000e+00
6.346308450989583683e-02	1.314003442265441857e+00	0.000000000000000000e+00
6.346308450989583683e-02	1.314003442265441857e+00	0.000000000000000000e+00
1.990339395013832891e-01	1.148972183272495950e+00	0.000000000000000000e+00
2.083472195375371538e-01	1.100170725349256973e+00	0.000000000000000000e+00
2.083472195375371538e-01	1.096874928140818550e+00	0.000000000000000000e+00
2.083472195375371538e-01	1.096874928140818550e+00	0.000000000000000000e+00
2.436542477241220861e-01	8.558739931537949763e-01	0.000000000000000000e+00
2.436542477241220861e-01	8.558739931537949763e-01	0.000000000000000000e+00
2.436542477241220861e-01	8.252542254945354205e-01	0.000000000000000000e+00
2.436542477241220861e-01	7.769141885576686946e-01	0.000000000000000000e+00
2.436542477241220861e-01	7.769141885576686946e-01	0.000000000000000000e+00
2.608575576583202493e-01	7.235854305642490658e-01	0.000000000000000000e+00
2.608575576583202493e-01	7.231035476232297032e-01	0.000000000000000000e+00
2.608575576583202493e-01	7.147019905808931206e-01	0.000000000000000000e+00
2.608575576583202493e-01	7.147019905808931206e-01	0.000000000000000000e+00
2.608575576583202493e-01	7.147019905808931206e-01	0.000000000000000000e+00
2.608575576583202493e-01	7.147019905808931206e-01	0.000000000000000000e+00
2.608575576583202493e-01	7.147019905808931206e-01	0.000000000000000000e+00
2.608575576583202493e-01	7.147019905808931206e-01	0.000000000000000000e+00
2.608575576583202493e-01	7.147019905808931206e-01	0.000000000000000000e+00
2.608575576583202493e-01	7.147019905808931206e-01	0.000000000000000000e+00
2.608575576583202493e-01	7.231406260223559590e-01	0.000000000000000000e+00
2.608575576583202493e-01	7.048017847090926047e-01	0.000000000000000000e+00
2.608575576583202493e-01	7.048017847090926047e-01	0.000000000000000000e+00
2.608575576583202493e-01	7.048017847090926047e-01	0.000000000000000000e+00
2.608575576583202493e-01	7.048017847090926047e-01	0.000000000000000000e+00
2.608575576583202493e-01	7.048017847090926047e-01	0.000000000000000000e+00
2.608575576583202493e-01	7.048017847090926047e-01	0.000000000000000000e+00
2.608575576583202493e-01	7.048017847090926047e-01	0.000000000000000000e+00
6.188072505634970577e-01	3.138854851597637774e-01	0.000000000000000000e+00
6.188072505634970577e-01	3.138854851597637774e-01	0.000000000000000000e+00
6.188072505634970577e-01	3.138854851597637774e-01	0.000000000000000000e+00
6.188072505634970577e-01	3.138854851597637774e-01	0.000000000000000000e+00
6.188072505634970577e-01	3.733260768918899020e-01	0.000000000000000000e+00
6.188072505634970577e-01	3.733260768918899020e-01	0.000000000000000000e+00
6.188072505634970577e-01	3.733260768918899020e-01	0.000000000000000000e+00
6.188072505634970577e-01	3.802150749775831118e-01	0.000000000000000000e+00
6.188072505634970577e-01	3.802150749775831118e-01	0.000000000000000000e+00
6.188072505634970577e-01	3.802150749775831118e-01	0.000000000000000000e+00
6.188072505634970577e-01	3.802150749775831118e-01	0.000000000000000000e+00
6.188072505634970577e-01	3.511813031323605672e-01	0.000000000000000000e+00
6.188072505634970577e-01	3.383744361070219475e-01	0.000000000000000000e+00
6.188072505634970577e-01	2.949243403102488337e-01	0.000000000000000000e+00
6.188072505634970577e-01	2.949243403102488337e-01	0.000000000000000000e+00
6.315290940364771677e-01	1.668206379153662211e-01	0.000000000000000000e+00
6.315290940364771677e-01	1.668206379153662211e-01	0.000000000000000000e+00
6.315290940364771677e-01	1.668206379153662211e-01	0.000000000000000000e+00
6.315290940364771677e-01	1.668206379153662211e-01	0.000000000000000000e+00
6.315290940364771677e-01	1.668206379153662211e-01	0.000000000000000000e+00
6.315290940364771677e-01	1.668206379153662211e-01	0.000000000000000000e+00
6.315290940364771677e-01	7.984851761536748693e-02	0.000000000000000000e+00
6.315290940364771677e-01	7.984851761536748693e-02	0.000000000000000000e+00
6.315290940364771677e-01	7.984851761536748693e-02	0.000000000000000000e+00
6.315290940364771677e-01	7.984851761536748693e-02	0.000000000000000000e+00
6.315290940364771677e-01	9.201057504412162025e-02	0.000000000000000000e+00
6.315290940364771677e-01	7.984851761536748693e-02	0.000000000000000000e+00
6.315290940364771677e-01	7.984851761536748693e-02	0.000000000000000000e+00
6.315290940364771677e-01	7.809890563551742659e-02	0.000000000000000000e+00
6.315290940364771677e-01	7.809890563551742659e-02	0.000000000000000000e+00
6.315290940364771677e-01	7.809890563551742659e-02	0.000000000000000000e+00
6.315290940364771677e-01	7.809890563551742659e-02	0.000000000000000000e+00
6.315290940364771677e-01	7.809890563551742659e-02	0.000000000000000000e+00
8.337052226099578300e-01	-1.952616949365984789e-01	0.000000000000000000e+00
8.337052226099578300e-01	-1.952616949365984789e-01	0.000000000000000000e+00
8.337052226099578300e-01	-1.952616949365984789e-01	0.000000000000000000e+00
8.337052226099578300e-01	-1.952616949365984789e-01	0.000000000000000000e+00
8.337052226099578300e-01	-1.952616949365984789e-01	0.000000000000000000e+00
8.337052226099578300e-01	-1.551028157539184049e-01	0.000000000000000000e+00
8.337052226099578300e-01	-1.551028157539184049e-01	0.000000000000000000e+00
8.337052226099578300e-01	-1.551028157539184049e-01	0.000000000000000000e+00
8.337052226099578300e-01	-1.551028157539184049e-01	0.000000000000000000e+00
8.337052226099578300e-01	-1.551028157539184049e-01	0.000000000000000000e+00
8.337052226099578300e-01	-1.551028157539184049e-01	0.000000000000000000e+00
8.337052226099578300e-01	-1.551028157539184049e-01	0.000000000000000000e+00
8.337052226099578300e-01	-1.551028157539184049e-01	0.000000000000000000e+00
8.337052226099578300e-01	-1.752888514102098616e-01	0.000000000000000000e+00
8.337052226099578300e-01	-1.752888514102098616e-01	0.000000000000000000e+00
8.337052226099578300e-01	-1.752888514102098616e-01	0.000000000000000000e+00
8.337052226099578300e-01	-1.752888514102098616e-01	0.000000000000000000e+00
8.468088653009753219e-01	-2.474220508699525312e-01	0.000000000000000000e+00
8.468088653009753219e-01	-2.474220508699525312e-01	0.000000000000000000e+00
8.468088653009753219e-01	-1.687566424289584088e-01	0.000000000000000000e+00
8.468088653009753219e-01	-1.763198819886011848e-01	0.000000000000000000e+00
8.468088653009753219e-01	-1.763198819886011848e-01	0.000000000000000000e+00
8.468088653009753219e-01	-1.763198819886011848e-01	0.000000000000000000e+00
8.468088653009753219e-01	-1.763198819886011848e-01	0.000000000000000000e+00
8.468088653009753219e-01	-1.814820150106581098e-01	0.000000000000000000e+00
8.468088653009753219e-01	-1.814820150106581098e-01	0.000000000000000000e+00
8.468088653009753219e-01	-1.814820150106581098e-01	0.000000000000000000e+00
8.468088653009753219e-01	-1.814820150106581098e-01	0.000000000000000000e+00
