0.000000000000000000e+00	1.007918580867252167e+00	0.000000000000000000e+00
0.000000000000000000e+00	1.000000000000000000e+00	0.000000000000000000e+00
2.606650137923757771e-02	8.195098652638410641e-01	0.000000000000000000e+00
4.263789853590797818e-02	7.520079945165876190e-01	0.000000000000000000e+00
4.263789853590797818e-02	7.520079945165876190e-01	0.000000000000000000e+00
7.004596641675021884e-02	6.787291521766269931e-01	0.000000000000000000e+00
7.004596641675021884e-02	6.787291521766269931e-01	0.000000000000000000e+00
7.004596641675021884e-02	6.787291521766269931e-01	0.000000000000000000e+00
7.004596641675021884e-02	6.787291521766269931e-01	0.000000000000000000e+00
7.004596641675021884e-02	6.787291521766269931e-01	0.000000000000000000e+00
7.004596641675021884e-02	6.787291521766269931e-01	0.000000000000000000e+00
7.004596641675021884e-02	6.787291521766269931e-01	0.000000000000000000e+00
1.945781605687634253e-01	6.098338697270202502e-01	0.000000000000000000e+00
1.990339395013832891e-01	5.599074906228929116e-01	0.000000000000000000e+00
2.169184914212524129e-01	4.243128772061410814e-01	0.000000000000000000e+00
2.169184914212524129e-01	4.243128772061410814e-01	0.000000000000000000e+00
2.169184914212524129e-01	4.243128772061410814e-01	0.000000000000000000e+00
2.404295920297826183e-01	2.800198090753964197e-01	0.000000000000000000e+00
2.404295920297826183e-01	2.800198090753964197e-01	0.000000000000000000e+00
2.404295920297826183e-01	2.800198090753964197e-01	0.000000000000000000e+00
2.474200592407876931e-01	2.559788158961199822e-01	0.000000000000000000e+00
2.608575576583202493e-01	2.434290179536904297e-01	0.000000000000000000e+00
2.608575576583202493e-01	2.434290179536904297e-01	0.000000000000000000e+00
2.608575576583202493e-01	2.434290179536904297e-01	0.000000000000000000e+00
2.608575576583202493e-01	2.434290179536904297e-01	0.000000000000000000e+00
2.608575576583202493e-01	2.434290179536904297e-01	0.000000000000000000e+00
2.608575576583202493e-01	2.434290179536904297e-01	0.000000000000000000e+00
2.608575576583202493e-01	2.434290179536904297e-01	0.000000000000000000e+00
2.608575576583202493e-01	2.434290179536904297e-01	0.000000000000000000e+00
2.608575576583202493e-01	2.434290179536904297e-01	0.000000000000000000e+00
2.608575576583202493e-01	2.434290179536904297e-01	0.000000000000000000e+00
2.608575576583202493e-01	2.434290179536904297e-01	0.000000000000000000e+00
2.608575576583202493e-01	2.434290179536904297e-01	0.000000000000000000e+00
2.608575576583202493e-01	2.434290179536904297e-01	0.000000000000000000e+00
2.608575576583202493e-01	2.434290179536904297e-01	0.000000000000000000e+00
2.608575576583202493e-01	2.434290179536904297e-01	0.000000000000000000e+00
2.608575576583202493e-01	2.434290179536904297e-01	0.000000000000000000e+00
2.608575576583202493e-01	2.434290179536904297e-01	0.000000000000000000e+00
6.188072505634970577e-01	-1.024914007412414951e-01	0.000000000000000000e+00
6.188072505634970577e-01	-1.024914007412414951e-01	0.000000000000000000e+00
6.188072505634970577e-01	-1.024914007412414951e-01	0.000000000000000000e+00
6.188072505634970577e-01	-1.024914007412414951e-01	0.000000000000000000e+00
6.188072505634970577e-01	-1.024914007412414951e-01	0.000000000000000000e+00
6.188072505634970577e-01	-1.145306513475256582e-01	0.000000000000000000e+00
6.188072505634970577e-01	-1.145306513475256582e-01	0.000000000000000000e+00
6.188072505634970577e-01	-1.145306513475256582e-01	0.000000000000000000e+00
6.188072505634970577e-01	-1.145306513475256582e-01	0.000000000000000000e+00
6.188072505634970577e-01	-1.145306513475256582e-01	0.000000000000000000e+00
6.188072505634970577e-01	-1.145306513475256582e-01	0.000000000000000000e+00
6.188072505634970577e-01	-1.206909607165299742e-01	0.000000000000000000e+00
6.315290940364771677e-01	-3.006818808140395149e-01	0.000000000000000000e+00
6.315290940364771677e-01	-3.006818808140395149e-01	0.000000000000000000e+00
6.315290940364771677e-01	-2.950397157690130556e-01	0.000000000000000000e+00
6.315290940364771677e-01	-2.950397157690130556e-01	0.000000000000000000e+00
6.315290940364771677e-01	-2.950397157690130556e-01	0.000000000000000000e+00
6.315290940364771677e-01	-2.950397157690130556e-01	0.000000000000000000e+00
6.315290940364771677e-01	-2.950397157690130556e-01	0.000000000000000000e+00
6.315290940364771677e-01	-2.999550807767550897e-01	0.000000000000000000e+00
6.315290940364771677e-01	-3.168862474685238406e-01	0.000000000000000000e+00
6.418078531742372750e-01	-3.865600167485062078e-01	0.000000000000000000e+00
6.418078531742372750e-01	-3.865600167485062078e-01	0.000000000000000000e+00
6.418078531742372750e-01	-3.865600167485062078e-01	0.000000000000000000e+00
6.418078531742372750e-01	-4.069937339445338642e-01	0.000000000000000000e+00
6.418078531742372750e-01	-4.069937339445338642e-01	0.000000000000000000e+00
6.418078531742372750e-01	-4.158954958704337290e-01	0.000000000000000000e+00
6.418078531742372750e-01	-4.184088916734589048e-01	0.000000000000000000e+00
6.570848707923107046e-01	-4.451849368034608290e-01	0.000000000000000000e+00
6.570848707923107046e-01	-4.451849368034608290e-01	0.000000000000000000e+00
6.570848707923107046e-01	-4.514833944405780564e-01	0.000000000000000000e+00
6.570848707923107046e-01	-4.514833944405780564e-01	0.000000000000000000e+00
6.570848707923107046e-01	-4.514833944405780564e-01	0.000000000000000000e+00
6.570848707923107046e-01	-4.514833944405780564e-01	0.000000000000000000e+00
6.570848707923107046e-01	-4.514833944405780564e-01	0.000000000000000000e+00
8.260452128410522565e-01	-5.106956555491091176e-01	0.000000000000000000e+00
8.260452128410522565e-01	-5.106956555491091176e-01	0.000000000000000000e+00
8.260452128410522565e-01	-5.106956555491091176e-01	0.000000000000000000e+00
8.260452128410522565e-01	-5.106956555491091176e-01	0.000000000000000000e+00
8.321448495280618918e-01	-6.039002928571642892e-01	0.000000000000000000e+00
8.321448495280618918e-01	-6.039002928571642892e-01	0.000000000000000000e+00
8.321448495280618918e-01	-6.039002928571642892e-01	0.000000000000000000e+00
8.321448495280618918e-01	-6.039002928571642892e-01	0.000000000000000000e+00
8.321448495280618918e-01	-6.039002928571642892e-01	0.000000000000000000e+00
8.321448495280618918e-01	-6.039002928571642892e-01	0.000000000000000000e+00
8.321448495280618918e-01	-6.039002928571642892e-01	0.000000000000000000e+00
8.321448495280618918e-01	-6.112580186706542129e-01	0.000000000000000000e+00
8.337052226099578300e-01	-6.333756479964374186e-01	0.000000000000000000e+00
8.337052226099578300e-01	-6.333756479964374186e-01	0.000000000000000000e+00
8.401296482094240403e-01	-6.959668347254880372e-01	0.000000000000000000e+00
8.401296482094240403e-01	-7.007076231402113997e-01	0.000000000000000000e+00
8.401296482094240403e-01	-7.007076231402113997e-01	0.000000000000000000e+00
8.401296482094240403e-01	-7.007076231402113997e-01	0.000000000000000000e+00
8.401296482094240403e-01	-7.007076231402113997e-01	0.000000000000000000e+00
8.401296482094240403e-01	-7.007076231402113997e-01	0.000000000000000000e+00
8.401296482094240403e-01	-7.122295822156513578e-01	0.000000000000000000e+00
8.468088653009753219e-01	-7.375899640744082442e-01	0.000000000000000000e+00
8.468088653009753219e-01	-7.375899640744082442e-01	0.000000000000000000e+00
8.468088653009753219e-01	-7.375899640744082442e-01	0.000000000000000000e+00
8.468088653009753219e-01	-7.435835207255254709e-01	0.000000000000000000e+00
8.468088653009753219e-01	-7.519984334472044063e-01	0.000000000000000000e+00
8.468088653009753219e-01	-7.554821708778968192e-01	0.000000000000000000e+00
