7.365237412062664024e-02	1.908960919789154387e+00	0.000000000000000000e+00
7.365237412062664024e-02	1.875459715946627970e+00	0.000000000000000000e+00
7.365237412062664024e-02	1.875459715946627970e+00	0.000000000000000000e+00
7.365237412062664024e-02	1.875459715946627970e+00	0.000000000000000000e+00
7.365237412062664024e-02	1.860503287074926071e+00	0.000000000000000000e+00
8.650927311018154209e-02	1.848843740711480166e+00	0.000000000000000000e+00
8.650927311018154209e-02	1.848843740711480166e+00	0.000000000000000000e+00
8.650927311018154209e-02	1.848843740711480166e+00	0.000000000000000000e+00
7.365237412062664024e-02	1.854549289485141639e+00	0.000000000000000000e+00
7.365237412062664024e-02	1.854549289485141639e+00	0.000000000000000000e+00
7.365237412062664024e-02	1.854549289485141639e+00	0.000000000000000000e+00
1.999345568879855595e-01	1.658720360851190456e+00	0.000000000000000000e+00
1.999345568879855595e-01	1.637369353622109225e+00	0.000000000000000000e+00
1.999345568879855595e-01	1.637369353622109225e+00	0.000000000000000000e+00
2.436542477241220861e-01	1.351173921643681552e+00	0.000000000000000000e+00
2.436542477241220861e-01	1.351173921643681552e+00	0.000000000000000000e+00
2.436542477241220861e-01	1.317557587187576429e+00	0.000000000000000000e+00
2.436542477241220861e-01	1.317557587187576429e+00	0.000000000000000000e+00
2.608575576583202493e-01	1.253848232131923979e+00	0.000000000000000000e+00
2.608575576583202493e-01	1.253848232131923979e+00	0.000000000000000000e+00
2.608575576583202493e-01	1.253848232131923979e+00	0.000000000000000000e+00
2.608575576583202493e-01	1.253848232131923979e+00	0.000000000000000000e+00
2.608575576583202493e-01	1.253848232131923979e+00	0.000000000000000000e+00
2.608575576583202493e-01	1.253848232131923979e+00	0.000000000000000000e+00
2.608575576583202493e-01	1.253848232131923979e+00	0.000000000000000000e+00
2.608575576583202493e-01	1.253848232131923979e+00	0.000000000000000000e+00
2.608575576583202493e-01	1.252289807174347125e+00	0.000000000000000000e+00
2.608575576583202493e-01	1.252289807174347125e+00	0.000000000000000000e+00
2.608575576583202493e-01	1.252289807174347125e+00	0.000000000000000000e+00
2.608575576583202493e-01	1.252289807174347125e+00	0.000000000000000000e+00
2.608575576583202493e-01	1.252289807174347125e+00	0.000000000000000000e+00
2.608575576583202493e-01	1.252289807174347125e+00	0.000000000000000000e+00
2.608575576583202493e-01	1.252289807174347125e+00	0.000000000000000000e+00
2.608575576583202493e-01	1.252289807174347125e+00	0.000000000000000000e+00
6.188072505634970577e-01	7.181925469988282851e-01	0.000000000000000000e+00
6.188072505634970577e-01	7.734258102199799145e-01	0.000000000000000000e+00
6.188072505634970577e-01	7.734258102199799145e-01	0.000000000000000000e+00
6.188072505634970577e-01	7.734258102199799145e-01	0.000000000000000000e+00
6.188072505634970577e-01	7.734258102199799145e-01	0.000000000000000000e+00
6.188072505634970577e-01	7.734258102199799145e-01	0.000000000000000000e+00
6.188072505634970577e-01	7.519066324855220307e-01	0.000000000000000000e+00
6.188072505634970577e-01	7.519066324855220307e-01	0.000000000000000000e+00
6.188072505634970577e-01	7.519066324855220307e-01	0.000000000000000000e+00
6.188072505634970577e-01	7.519066324855220307e-01	0.000000000000000000e+00
6.188072505634970577e-01	7.519066324855220307e-01	0.000000000000000000e+00
6.188072505634970577e-01	7.519066324855220307e-01	0.000000000000000000e+00
6.188072505634970577e-01	7.519066324855220307e-01	0.000000000000000000e+00
6.188072505634970577e-01	7.305367016993722373e-01	0.000000000000000000e+00
6.188072505634970577e-01	7.305367016993722373e-01	0.000000000000000000e+00
6.315290940364771677e-01	5.328247355840399768e-01	0.000000000000000000e+00
6.315290940364771677e-01	5.328247355840399768e-01	0.000000000000000000e+00
6.315290940364771677e-01	5.328247355840399768e-01	0.000000000000000000e+00
6.315290940364771677e-01	5.328247355840399768e-01	0.000000000000000000e+00
6.315290940364771677e-01	5.328247355840399768e-01	0.000000000000000000e+00
6.315290940364771677e-01	5.428013811914572662e-01	0.000000000000000000e+00
6.315290940364771677e-01	5.428013811914572662e-01	0.000000000000000000e+00
6.315290940364771677e-01	5.428013811914572662e-01	0.000000000000000000e+00
6.315290940364771677e-01	5.343222369960123341e-01	0.000000000000000000e+00
6.315290940364771677e-01	5.364416891098571227e-01	0.000000000000000000e+00
6.315290940364771677e-01	5.364416891098571227e-01	0.000000000000000000e+00
6.315290940364771677e-01	5.364416891098571227e-01	0.000000000000000000e+00
6.315290940364771677e-01	5.364416891098571227e-01	0.000000000000000000e+00
6.315290940364771677e-01	5.364416891098571227e-01	0.000000000000000000e+00
8.468088653009753219e-01	5.874741037842968333e-02	0.000000000000000000e+00
8.468088653009753219e-01	5.874741037842968333e-02	0.000000000000000000e+00
8.468088653009753219e-01	2.532757569856151636e-01	0.000000000000000000e+00
8.468088653009753219e-01	2.532757569856151636e-01	0.000000000000000000e+00
8.468088653009753219e-01	3.388115834434473617e-01	0.000000000000000000e+00
8.468088653009753219e-01	3.388115834434473617e-01	0.000000000000000000e+00
8.468088653009753219e-01	2.926935450301144104e-01	0.000000000000000000e+00
8.468088653009753219e-01	2.926935450301144104e-01	0.000000000000000000e+00
8.468088653009753219e-01	2.926935450301144104e-01	0.000000000000000000e+00
8.468088653009753219e-01	2.926935450301144104e-01	0.000000000000000000e+00
8.468088653009753219e-01	2.926935450301144104e-01	0.000000000000000000e+00
8.468088653009753219e-01	2.926935450301144104e-01	0.000000000000000000e+00
8.468088653009753219e-01	2.926935450301144104e-01	0.000000000000000000e+00
8.468088653009753219e-01	2.926935450301144104e-01	0.000000000000000000e+00
8.468088653009753219e-01	2.480590133078067472e-01	0.000000000000000000e+00
8.468088653009753219e-01	2.480590133078067472e-01	0.000000000000000000e+00
8.468088653009753219e-01	2.480590133078067472e-01	0.000000000000000000e+00
8.468088653009753219e-01	2.480590133078067472e-01	0.000000000000000000e+00
8.468088653009753219e-01	2.480590133078067472e-01	0.000000000000000000e+00
8.468088653009753219e-01	2.594255150655570552e-01	0.000000000000000000e+00
8.468088653009753219e-01	2.509936026568962975e-01	0.000000000000000000e+00
8.468088653009753219e-01	2.509936026568962975e-01	0.000000000000000000e+00
8.468088653009753219e-01	2.509936026568962975e-01	0.000000000000000000e+00
8.468088653009753219e-01	2.509936026568962975e-01	0.000000000000000000e+00
8.468088653009753219e-01	2.509936026568962975e-01	0.000000000000000000e+00
8.468088653009753219e-01	2.407159295678413524e-01	0.000000000000000000e+00
8.468088653009753219e-01	2.407159295678413524e-01	0.000000000000000000e+00
8.468088653009753219e-01	2.407159295678413524e-01	0.000000000000000000e+00
8.468088653009753219e-01	2.407159295678413524e-01	0.000000000000000000e+00
8.468088653009753219e-01	2.394618703785816316e-01	0.000000000000000000e+00
8.468088653009753219e-01	2.394618703785816316e-01	0.000000000000000000e+00
8.468088653009753219e-01	2.394618703785816316e-01	0.000000000000000000e+00
8.468088653009753219e-01	2.394618703785816316e-01	0.000000000000000000e+00
8.468088653009753219e-01	2.394618703785816316e-01	0.000000000000000000e+00
8.468088653009753219e-01	2.394618703785816316e-01	0.000000000000000000e+00
8.468088653009753219e-01	2.394618703785816316e-01	0.000000000000000000e+00
8.468088653009753219e-01	2.394618703785816316e-01	0.000000000000000000e+00
