7.365237412062664024e-02	1.424808345202807081e+00	0.000000000000000000e+00
7.365237412062664024e-02	1.424808345202807081e+00	0.000000000000000000e+00
7.365237412062664024e-02	1.424808345202807081e+00	0.000000000000000000e+00
7.365237412062664024e-02	1.424808345202807081e+00	0.000000000000000000e+00
7.365237412062664024e-02	1.424808345202807081e+00	0.000000000000000000e+00
8.650927311018154209e-02	1.388659765209527164e+00	0.000000000000000000e+00
8.650927311018154209e-02	1.369051401193291051e+00	0.000000000000000000e+00
8.650927311018154209e-02	1.369051401193291051e+00	0.000000000000000000e+00
8.650927311018154209e-02	1.369051401193291051e+00	0.000000000000000000e+00
8.650927311018154209e-02	1.387024182274352979e+00	0.000000000000000000e+00
1.791726447882841522e-01	1.333930074129587640e+00	0.000000000000000000e+00
1.791726447882841522e-01	1.333930074129587640e+00	0.000000000000000000e+00
1.990339395013832891e-01	1.201490882683071471e+00	0.000000000000000000e+00
2.083472195375371538e-01	1.096874928140818550e+00	0.000000000000000000e+00
2.083472195375371538e-01	1.096874928140818550e+00	0.000000000000000000e+00
2.083472195375371538e-01	1.096874928140818550e+00	0.000000000000000000e+00
2.436542477241220861e-01	8.308000324490264488e-01	0.000000000000000000e+00
2.436542477241220861e-01	8.308000324490264488e-01	0.000000000000000000e+00
2.436542477241220861e-01	8.308000324490264488e-01	0.000000000000000000e+00
2.436542477241220861e-01	8.198792442386618751e-01	0.000000000000000000e+00
2.436542477241220861e-01	8.198792442386618751e-01	0.000000000000000000e+00
2.608575576583202493e-01	7.305480467313781867e-01	0.000000000000000000e+00
2.608575576583202493e-01	7.305480467313781867e-01	0.000000000000000000e+00
2.608575576583202493e-01	7.305480467313781867e-01	0.000000000000000000e+00
2.608575576583202493e-01	7.305480467313781867e-01	0.000000000000000000e+00
2.608575576583202493e-01	7.305480467313781867e-01	0.000000000000000000e+00
2.608575576583202493e-01	7.305480467313781867e-01	0.000000000000000000e+00
2.608575576583202493e-01	7.305480467313781867e-01	0.000000000000000000e+00
2.608575576583202493e-01	7.305480467313781867e-01	0.000000000000000000e+00
2.608575576583202493e-01	7.317864292178390961e-01	0.000000000000000000e+00
2.608575576583202493e-01	7.317864292178390961e-01	0.000000000000000000e+00
2.608575576583202493e-01	7.317864292178390961e-01	0.000000000000000000e+00
2.608575576583202493e-01	7.318587335898774082e-01	0.000000000000000000e+00
2.608575576583202493e-01	7.318587335898774082e-01	0.000000000000000000e+00
2.608575576583202493e-01	7.772507733582516565e-01	0.000000000000000000e+00
2.608575576583202493e-01	7.772507733582516565e-01	0.000000000000000000e+00
2.608575576583202493e-01	7.772507733582516565e-01	0.000000000000000000e+00
2.608575576583202493e-01	7.772507733582516565e-01	0.000000000000000000e+00
2.608575576583202493e-01	7.772507733582516565e-01	0.000000000000000000e+00
6.188072505634970577e-01	3.507962417848124459e-01	0.000000000000000000e+00
6.188072505634970577e-01	3.507962417848124459e-01	0.000000000000000000e+00
6.188072505634970577e-01	3.507962417848124459e-01	0.000000000000000000e+00
6.188072505634970577e-01	3.507962417848124459e-01	0.000000000000000000e+00
6.188072505634970577e-01	3.383744361070219475e-01	0.000000000000000000e+00
6.188072505634970577e-01	3.383744361070219475e-01	0.000000000000000000e+00
6.188072505634970577e-01	3.383744361070219475e-01	0.000000000000000000e+00
6.188072505634970577e-01	3.383744361070219475e-01	0.000000000000000000e+00
6.188072505634970577e-01	3.383744361070219475e-01	0.000000000000000000e+00
6.188072505634970577e-01	3.383744361070219475e-01	0.000000000000000000e+00
6.188072505634970577e-01	3.383744361070219475e-01	0.000000000000000000e+00
6.188072505634970577e-01	3.383744361070219475e-01	0.000000000000000000e+00
6.188072505634970577e-01	3.699154458905692944e-01	0.000000000000000000e+00
6.188072505634970577e-01	2.949243403102488337e-01	0.000000000000000000e+00
6.188072505634970577e-01	2.949243403102488337e-01	0.000000000000000000e+00
6.188072505634970577e-01	2.949243403102488337e-01	0.000000000000000000e+00
6.315290940364771677e-01	1.646670427131475545e-01	0.000000000000000000e+00
6.315290940364771677e-01	1.646670427131475545e-01	0.000000000000000000e+00
6.315290940364771677e-01	1.646670427131475545e-01	0.000000000000000000e+00
6.315290940364771677e-01	1.646670427131475545e-01	0.000000000000000000e+00
6.315290940364771677e-01	1.306194701536639580e-01	0.000000000000000000e+00
6.315290940364771677e-01	1.306194701536639580e-01	0.000000000000000000e+00
6.315290940364771677e-01	1.306194701536639580e-01	0.000000000000000000e+00
6.315290940364771677e-01	1.306194701536639580e-01	0.000000000000000000e+00
6.315290940364771677e-01	1.306194701536639580e-01	0.000000000000000000e+00
6.315290940364771677e-01	1.306194701536639580e-01	0.000000000000000000e+00
6.315290940364771677e-01	1.296655467081548330e-01	0.000000000000000000e+00
6.315290940364771677e-01	1.296655467081548330e-01	0.000000000000000000e+00
6.315290940364771677e-01	1.296655467081548330e-01	0.000000000000000000e+00
6.315290940364771677e-01	1.296655467081548330e-01	0.000000000000000000e+00
6.315290940364771677e-01	1.296655467081548330e-01	0.000000000000000000e+00
6.315290940364771677e-01	1.296655467081548330e-01	0.000000000000000000e+00
8.337052226099578300e-01	-2.019991615179084210e-01	0.000000000000000000e+00
8.337052226099578300e-01	-9.776910159092300212e-02	0.000000000000000000e+00
8.337052226099578300e-01	-9.776910159092300212e-02	0.000000000000000000e+00
8.337052226099578300e-01	-1.029145482351536134e-01	0.000000000000000000e+00
8.337052226099578300e-01	-1.029145482351536134e-01	0.000000000000000000e+00
8.337052226099578300e-01	-1.029145482351536134e-01	0.000000000000000000e+00
8.337052226099578300e-01	-1.029145482351536134e-01	0.000000000000000000e+00
8.337052226099578300e-01	-1.029145482351536134e-01	0.000000000000000000e+00
8.337052226099578300e-01	-1.029145482351536134e-01	0.000000000000000000e+00
8.337052226099578300e-01	-1.029145482351536134e-01	0.000000000000000000e+00
8.337052226099578300e-01	-1.029145482351536134e-01	0.000000000000000000e+00
8.337052226099578300e-01	-1.010101236205189768e-01	0.000000000000000000e+00
8.337052226099578300e-01	-1.369104099849660638e-01	0.000000000000000000e+00
8.337052226099578300e-01	-1.369104099849660638e-01	0.000000000000000000e+00
8.337052226099578300e-01	-1.369104099849660638e-01	0.000000000000000000e+00
8.337052226099578300e-01	-1.369104099849660638e-01	0.000000000000000000e+00
8.337052226099578300e-01	-1.369104099849660638e-01	0.000000000000000000e+00
8.337052226099578300e-01	-1.369104099849660638e-01	0.000000000000000000e+00
8.337052226099578300e-01	-1.369104099849660638e-01	0.000000000000000000e+00
8.337052226099578300e-01	-1.369104099849660638e-01	0.000000000000000000e+00
8.468088653009753219e-01	-1.814820150106581098e-01	0.000000000000000000e+00
8.468088653009753219e-01	-1.814820150106581098e-01	0.000000000000000000e+00
8.468088653009753219e-01	-1.814820150106581098e-01	0.000000000000000000e+00
8.468088653009753219e-01	-1.814820150106581098e-01	0.000000000000000000e+00
8.468088653009753219e-01	-1.814820150106581098e-01	0.000000000000000000e+00
8.468088653009753219e-01	-1.814820150106581098e-01	0.000000000000000000e+00
8.468088653009753219e-01	-1.814820150106581098e-01	0.000000000000000000e+00
8.468088653009753219e-01	-1.814820150106581098e-01	0.000000000000000000e+00
8.468088653009753219e-01	-1.814820150106581098e-01	0.000000000000000000e+00
