2.606650137923757771e-02	1.133169764878534380e+00	0.000000000000000000e+00
2.606650137923757771e-02	1.133169764878534380e+00	0.000000000000000000e+00
2.606650137923757771e-02	1.122161772005089153e+00	0.000000000000000000e+00
2.606650137923757771e-02	1.122161772005089153e+00	0.000000000000000000e+00
6.948555366353034723e-02	1.022803743465381388e+00	0.000000000000000000e+00
6.948555366353034723e-02	1.002029047268513384e+00	0.000000000000000000e+00
8.650927311018154209e-02	9.191949206780456461e-01	0.000000000000000000e+00
8.650927311018154209e-02	8.844452993869229562e-01	0.000000000000000000e+00
8.650927311018154209e-02	8.844452993869229562e-01	0.000000000000000000e+00
8.650927311018154209e-02	8.844452993869229562e-01	0.000000000000000000e+00
8.650927311018154209e-02	8.832186316055414821e-01	0.000000000000000000e+00
8.650927311018154209e-02	8.832186316055414821e-01	0.000000000000000000e+00
8.650927311018154209e-02	8.832186316055414821e-01	0.000000000000000000e+00
1.990339395013832891e-01	7.590200414358885261e-01	0.000000000000000000e+00
1.990339395013832891e-01	7.549848129626616222e-01	0.000000000000000000e+00
1.990339395013832891e-01	7.549848129626616222e-01	0.000000000000000000e+00
2.436542477241220861e-01	4.861088372324179341e-01	0.000000000000000000e+00
2.436542477241220861e-01	4.861088372324179341e-01	0.000000000000000000e+00
2.436542477241220861e-01	4.847213178930764865e-01	0.000000000000000000e+00
2.436542477241220861e-01	4.847213178930764865e-01	0.000000000000000000e+00
2.436542477241220861e-01	4.687532178095688562e-01	0.000000000000000000e+00
2.608575576583202493e-01	4.234998001966935877e-01	0.000000000000000000e+00
2.608575576583202493e-01	4.234998001966935877e-01	0.000000000000000000e+00
2.608575576583202493e-01	4.234998001966935877e-01	0.000000000000000000e+00
2.608575576583202493e-01	4.234998001966935877e-01	0.000000000000000000e+00
2.608575576583202493e-01	4.234998001966935877e-01	0.000000000000000000e+00
2.608575576583202493e-01	4.234998001966935877e-01	0.000000000000000000e+00
2.608575576583202493e-01	4.234998001966935877e-01	0.000000000000000000e+00
2.608575576583202493e-01	4.234998001966935877e-01	0.000000000000000000e+00
2.608575576583202493e-01	4.234998001966935877e-01	0.000000000000000000e+00
2.608575576583202493e-01	4.234998001966935877e-01	0.000000000000000000e+00
2.608575576583202493e-01	4.234998001966935877e-01	0.000000000000000000e+00
2.608575576583202493e-01	4.234998001966935877e-01	0.000000000000000000e+00
2.608575576583202493e-01	4.234998001966935877e-01	0.000000000000000000e+00
2.608575576583202493e-01	4.234998001966935877e-01	0.000000000000000000e+00
2.608575576583202493e-01	4.234998001966935877e-01	0.000000000000000000e+00
2.608575576583202493e-01	4.234998001966935877e-01	0.000000000000000000e+00
2.608575576583202493e-01	4.234998001966935877e-01	0.000000000000000000e+00
2.608575576583202493e-01	4.466807436610336079e-01	0.000000000000000000e+00
6.188072505634970577e-01	5.005500679121314273e-02	0.000000000000000000e+00
6.188072505634970577e-01	4.420277964630665857e-02	0.000000000000000000e+00
6.188072505634970577e-01	4.420277964630665857e-02	0.000000000000000000e+00
6.188072505634970577e-01	4.420277964630665857e-02	0.000000000000000000e+00
6.188072505634970577e-01	4.420277964630665857e-02	0.000000000000000000e+00
6.188072505634970577e-01	4.420277964630665857e-02	0.000000000000000000e+00
6.188072505634970577e-01	4.420277964630665857e-02	0.000000000000000000e+00
6.188072505634970577e-01	4.420277964630665857e-02	0.000000000000000000e+00
6.188072505634970577e-01	4.420277964630665857e-02	0.000000000000000000e+00
6.188072505634970577e-01	9.648353158972687582e-02	0.000000000000000000e+00
6.188072505634970577e-01	9.648353158972687582e-02	0.000000000000000000e+00
6.188072505634970577e-01	8.069578525118939472e-02	0.000000000000000000e+00
6.315290940364771677e-01	-1.021226628224813082e-01	0.000000000000000000e+00
6.315290940364771677e-01	-5.874766074596050880e-02	0.000000000000000000e+00
6.315290940364771677e-01	-5.874766074596050880e-02	0.000000000000000000e+00
6.315290940364771677e-01	-5.874766074596050880e-02	0.000000000000000000e+00
6.315290940364771677e-01	-5.874766074596050880e-02	0.000000000000000000e+00
6.315290940364771677e-01	-5.874766074596050880e-02	0.000000000000000000e+00
6.315290940364771677e-01	-1.021226628224813082e-01	0.000000000000000000e+00
6.418078531742372750e-01	-1.303973983372001544e-01	0.000000000000000000e+00
6.418078531742372750e-01	-1.183558552411374115e-01	0.000000000000000000e+00
6.418078531742372750e-01	-1.183558552411374115e-01	0.000000000000000000e+00
6.418078531742372750e-01	-1.347628390814579746e-01	0.000000000000000000e+00
6.418078531742372750e-01	-1.347628390814579746e-01	0.000000000000000000e+00
6.418078531742372750e-01	-1.347628390814579746e-01	0.000000000000000000e+00
6.418078531742372750e-01	-1.347628390814579746e-01	0.000000000000000000e+00
6.418078531742372750e-01	-1.347628390814579746e-01	0.000000000000000000e+00
6.418078531742372750e-01	-1.347628390814579746e-01	0.000000000000000000e+00
8.337052226099578300e-01	-3.065036454282577538e-01	0.000000000000000000e+00
8.337052226099578300e-01	-3.065036454282577538e-01	0.000000000000000000e+00
8.337052226099578300e-01	-3.248419711704141899e-01	0.000000000000000000e+00
8.337052226099578300e-01	-3.248419711704141899e-01	0.000000000000000000e+00
8.337052226099578300e-01	-3.248419711704141899e-01	0.000000000000000000e+00
8.337052226099578300e-01	-3.248419711704141899e-01	0.000000000000000000e+00
8.337052226099578300e-01	-3.248419711704141899e-01	0.000000000000000000e+00
8.337052226099578300e-01	-3.248419711704141899e-01	0.000000000000000000e+00
8.337052226099578300e-01	-3.248419711704141899e-01	0.000000000000000000e+00
8.337052226099578300e-01	-3.248419711704141899e-01	0.000000000000000000e+00
8.337052226099578300e-01	-3.410370182751915613e-01	0.000000000000000000e+00
8.337052226099578300e-01	-3.410370182751915613e-01	0.000000000000000000e+00
8.337052226099578300e-01	-3.733972709397893053e-01	0.000000000000000000e+00
8.337052226099578300e-01	-3.733972709397893053e-01	0.000000000000000000e+00
8.337052226099578300e-01	-3.733972709397893053e-01	0.000000000000000000e+00
8.337052226099578300e-01	-3.733972709397893053e-01	0.000000000000000000e+00
8.337052226099578300e-01	-3.733972709397893053e-01	0.000000000000000000e+00
8.337052226099578300e-01	-3.881810730739819748e-01	0.000000000000000000e+00
8.337052226099578300e-01	-4.093023391347225814e-01	0.000000000000000000e+00
8.337052226099578300e-01	-4.093023391347225814e-01	0.000000000000000000e+00
8.468088653009753219e-01	-5.251820219243606980e-01	0.000000000000000000e+00
8.468088653009753219e-01	-5.124571643760387207e-01	0.000000000000000000e+00
8.468088653009753219e-01	-5.124571643760387207e-01	0.000000000000000000e+00
8.468088653009753219e-01	-5.124571643760387207e-01	0.000000000000000000e+00
8.468088653009753219e-01	-5.124571643760387207e-01	0.000000000000000000e+00
8.468088653009753219e-01	-5.124571643760387207e-01	0.000000000000000000e+00
8.468088653009753219e-01	-5.124571643760387207e-01	0.000000000000000000e+00
8.468088653009753219e-01	-5.124571643760387207e-01	0.000000000000000000e+00
8.468088653009753219e-01	-5.124571643760387207e-01	0.000000000000000000e+00
8.468088653009753219e-01	-5.140290321845821797e-01	0.000000000000000000e+00
8.468088653009753219e-01	-5.140290321845821797e-01	0.000000000000000000e+00
8.468088653009753219e-01	-5.140290321845821797e-01	0.000000000000000000e+00
8.468088653009753219e-01	-5.140290321845821797e-01	0.000000000000000000e+00
