0.000000000000000000e+00	1.042501086234643992e+00	0.000000000000000000e+00
0.000000000000000000e+00	1.000000000000000000e+00	0.000000000000000000e+00
2.606650137923757771e-02	8.195098652638410641e-01	0.000000000000000000e+00
3.435123092092664393e-02	7.843761685902074232e-01	0.000000000000000000e+00
3.435123092092664393e-02	7.843761685902074232e-01	0.000000000000000000e+00
7.004596641675021884e-02	6.787291521766269931e-01	0.000000000000000000e+00
7.004596641675021884e-02	6.787291521766269931e-01	0.000000000000000000e+00
7.004596641675021884e-02	6.787291521766269931e-01	0.000000000000000000e+00
7.004596641675021884e-02	6.787291521766269931e-01	0.000000000000000000e+00
7.004596641675021884e-02	6.787291521766269931e-01	0.000000000000000000e+00
7.004596641675021884e-02	6.787291521766269931e-01	0.000000000000000000e+00
7.004596641675021884e-02	6.787291521766269931e-01	0.000000000000000000e+00
1.945781605687634253e-01	6.006271456509946205e-01	0.000000000000000000e+00
1.990339395013832891e-01	5.599074906228929116e-01	0.000000000000000000e+00
1.990339395013832891e-01	5.599074906228929116e-01	0.000000000000000000e+00
2.169184914212524129e-01	4.243128772061410814e-01	0.000000000000000000e+00
2.169184914212524129e-01	4.243128772061410814e-01	0.000000000000000000e+00
2.404295920297826183e-01	2.800198090753964197e-01	0.000000000000000000e+00
2.404295920297826183e-01	2.800198090753964197e-01	0.000000000000000000e+00
2.404295920297826183e-01	2.800198090753964197e-01	0.000000000000000000e+00
2.474200592407876931e-01	2.559788158961199822e-01	0.000000000000000000e+00
2.608575576583202493e-01	2.434290179536904297e-01	0.000000000000000000e+00
2.608575576583202493e-01	2.434290179536904297e-01	0.000000000000000000e+00
2.608575576583202493e-01	2.434290179536904297e-01	0.000000000000000000e+00
2.608575576583202493e-01	2.434290179536904297e-01	0.000000000000000000e+00
2.608575576583202493e-01	2.434290179536904297e-01	0.000000000000000000e+00
2.608575576583202493e-01	2.434290179536904297e-01	0.000000000000000000e+00
2.608575576583202493e-01	2.434290179536904297e-01	0.000000000000000000e+00
2.608575576583202493e-01	2.434290179536904297e-01	0.000000000000000000e+00
2.608575576583202493e-01	2.434290179536904297e-01	0.000000000000000000e+00
2.608575576583202493e-01	2.434290179536904297e-01	0.000000000000000000e+00
2.608575576583202493e-01	2.434290179536904297e-01	0.000000000000000000e+00
2.608575576583202493e-01	2.434290179536904297e-01	0.000000000000000000e+00
2.608575576583202493e-01	2.434290179536904297e-01	0.000000000000000000e+00
2.608575576583202493e-01	2.434290179536904297e-01	0.000000000000000000e+00
2.608575576583202493e-01	2.434290179536904297e-01	0.000000000000000000e+00
2.608575576583202493e-01	2.434290179536904297e-01	0.000000000000000000e+00
2.608575576583202493e-01	2.434290179536904297e-01	0.000000000000000000e+00
6.188072505634970577e-01	-5.450240970097286475e-02	0.000000000000000000e+00
6.188072505634970577e-01	-5.182644708807824380e-02	0.000000000000000000e+00
6.188072505634970577e-01	-5.182644708807824380e-02	0.000000000000000000e+00
6.188072505634970577e-01	-4.540355198000798481e-02	0.000000000000000000e+00
6.188072505634970577e-01	-4.540355198000798481e-02	0.000000000000000000e+00
6.188072505634970577e-01	-4.540355198000798481e-02	0.000000000000000000e+00
6.188072505634970577e-01	-4.540355198000798481e-02	0.000000000000000000e+00
6.188072505634970577e-01	-4.540355198000798481e-02	0.000000000000000000e+00
6.188072505634970577e-01	-4.540355198000798481e-02	0.000000000000000000e+00
6.188072505634970577e-01	-9.843179126569319426e-02	0.000000000000000000e+00
6.188072505634970577e-01	-9.843179126569319426e-02	0.000000000000000000e+00
6.188072505634970577e-01	-1.206909607165299742e-01	0.000000000000000000e+00
6.315290940364771677e-01	-2.783956347872711956e-01	0.000000000000000000e+00
6.315290940364771677e-01	-2.783956347872711956e-01	0.000000000000000000e+00
6.315290940364771677e-01	-2.783956347872711956e-01	0.000000000000000000e+00
6.315290940364771677e-01	-2.783956347872711956e-01	0.000000000000000000e+00
6.315290940364771677e-01	-2.783956347872711956e-01	0.000000000000000000e+00
6.315290940364771677e-01	-2.783956347872711956e-01	0.000000000000000000e+00
6.315290940364771677e-01	-2.783956347872711956e-01	0.000000000000000000e+00
6.315290940364771677e-01	-2.871718846881116671e-01	0.000000000000000000e+00
6.315290940364771677e-01	-3.114187763337322168e-01	0.000000000000000000e+00
6.418078531742372750e-01	-3.924601250163750610e-01	0.000000000000000000e+00
6.418078531742372750e-01	-3.924601250163750610e-01	0.000000000000000000e+00
6.418078531742372750e-01	-3.897424057565502808e-01	0.000000000000000000e+00
6.418078531742372750e-01	-3.897424057565502808e-01	0.000000000000000000e+00
6.418078531742372750e-01	-3.897424057565502808e-01	0.000000000000000000e+00
6.418078531742372750e-01	-4.098984555565924337e-01	0.000000000000000000e+00
6.418078531742372750e-01	-4.176639828422160639e-01	0.000000000000000000e+00
6.570848707923107046e-01	-4.514833944405780564e-01	0.000000000000000000e+00
6.570848707923107046e-01	-4.514833944405780564e-01	0.000000000000000000e+00
6.570848707923107046e-01	-4.514833944405780564e-01	0.000000000000000000e+00
6.570848707923107046e-01	-4.514833944405780564e-01	0.000000000000000000e+00
6.570848707923107046e-01	-4.514833944405780564e-01	0.000000000000000000e+00
6.570848707923107046e-01	-4.514833944405780564e-01	0.000000000000000000e+00
6.570848707923107046e-01	-4.514833944405780564e-01	0.000000000000000000e+00
8.321448495280618918e-01	-5.880810295455076719e-01	0.000000000000000000e+00
8.321448495280618918e-01	-5.880810295455076719e-01	0.000000000000000000e+00
8.321448495280618918e-01	-5.880810295455076719e-01	0.000000000000000000e+00
8.321448495280618918e-01	-5.853447469536002812e-01	0.000000000000000000e+00
8.321448495280618918e-01	-5.853447469536002812e-01	0.000000000000000000e+00
8.321448495280618918e-01	-5.853447469536002812e-01	0.000000000000000000e+00
8.321448495280618918e-01	-5.935659059911786439e-01	0.000000000000000000e+00
8.321448495280618918e-01	-5.935659059911786439e-01	0.000000000000000000e+00
8.321448495280618918e-01	-5.935659059911786439e-01	0.000000000000000000e+00
8.321448495280618918e-01	-5.935659059911786439e-01	0.000000000000000000e+00
8.321448495280618918e-01	-5.935659059911786439e-01	0.000000000000000000e+00
8.321448495280618918e-01	-6.056816131144373561e-01	0.000000000000000000e+00
8.337052226099578300e-01	-6.245872319400058714e-01	0.000000000000000000e+00
8.401296482094240403e-01	-6.996593481358079902e-01	0.000000000000000000e+00
8.401296482094240403e-01	-6.996593481358079902e-01	0.000000000000000000e+00
8.401296482094240403e-01	-6.996593481358079902e-01	0.000000000000000000e+00
8.401296482094240403e-01	-6.996593481358079902e-01	0.000000000000000000e+00
8.401296482094240403e-01	-7.012725128072325731e-01	0.000000000000000000e+00
8.401296482094240403e-01	-7.012725128072325731e-01	0.000000000000000000e+00
8.401296482094240403e-01	-7.012725128072325731e-01	0.000000000000000000e+00
8.401296482094240403e-01	-7.012725128072325731e-01	0.000000000000000000e+00
8.468088653009753219e-01	-7.423168618683853026e-01	0.000000000000000000e+00
8.468088653009753219e-01	-7.423168618683853026e-01	0.000000000000000000e+00
8.468088653009753219e-01	-7.423168618683853026e-01	0.000000000000000000e+00
8.468088653009753219e-01	-7.423168618683853026e-01	0.000000000000000000e+00
8.468088653009753219e-01	-7.517204713377635406e-01	0.000000000000000000e+00
8.468088653009753219e-01	-7.520324978631285351e-01	0.000000000000000000e+00
