2.606650137923757771e-02	1.494936184497042797e+00	0.000000000000000000e+00
2.606650137923757771e-02	1.494936184497042797e+00	0.000000000000000000e+00
2.606650137923757771e-02	1.494936184497042797e+00	0.000000000000000000e+00
2.606650137923757771e-02	1.494936184497042797e+00	0.000000000000000000e+00
7.365237412062664024e-02	1.362829617359396117e+00	0.000000000000000000e+00
8.650927311018154209e-02	1.309892830346004677e+00	0.000000000000000000e+00
8.650927311018154209e-02	1.260934188559224234e+00	0.000000000000000000e+00
8.650927311018154209e-02	1.260934188559224234e+00	0.000000000000000000e+00
8.650927311018154209e-02	1.259948153206693622e+00	0.000000000000000000e+00
8.650927311018154209e-02	1.259948153206693622e+00	0.000000000000000000e+00
8.650927311018154209e-02	1.259948153206693622e+00	0.000000000000000000e+00
8.650927311018154209e-02	1.259948153206693622e+00	0.000000000000000000e+00
1.990339395013832891e-01	1.091842053239071131e+00	0.000000000000000000e+00
1.990339395013832891e-01	1.091842053239071131e+00	0.000000000000000000e+00
2.083472195375371538e-01	1.079496974237404316e+00	0.000000000000000000e+00
2.436542477241220861e-01	7.755024735297475491e-01	0.000000000000000000e+00
2.436542477241220861e-01	7.755024735297475491e-01	0.000000000000000000e+00
2.436542477241220861e-01	7.755024735297475491e-01	0.000000000000000000e+00
2.436542477241220861e-01	7.120582103983778000e-01	0.000000000000000000e+00
2.436542477241220861e-01	7.120582103983778000e-01	0.000000000000000000e+00
2.436542477241220861e-01	7.120582103983778000e-01	0.000000000000000000e+00
2.608575576583202493e-01	6.743027036346114222e-01	0.000000000000000000e+00
2.608575576583202493e-01	6.596299669423255629e-01	0.000000000000000000e+00
2.608575576583202493e-01	6.596299669423255629e-01	0.000000000000000000e+00
2.608575576583202493e-01	6.596299669423255629e-01	0.000000000000000000e+00
2.608575576583202493e-01	6.669493837813499360e-01	0.000000000000000000e+00
2.608575576583202493e-01	6.443798972908176825e-01	0.000000000000000000e+00
2.608575576583202493e-01	6.443798972908176825e-01	0.000000000000000000e+00
2.608575576583202493e-01	6.443798972908176825e-01	0.000000000000000000e+00
2.608575576583202493e-01	6.443798972908176825e-01	0.000000000000000000e+00
2.608575576583202493e-01	6.443798972908176825e-01	0.000000000000000000e+00
2.608575576583202493e-01	6.443798972908176825e-01	0.000000000000000000e+00
2.608575576583202493e-01	6.443798972908176825e-01	0.000000000000000000e+00
2.608575576583202493e-01	6.443798972908176825e-01	0.000000000000000000e+00
2.608575576583202493e-01	6.483802497062345349e-01	0.000000000000000000e+00
2.608575576583202493e-01	6.483802497062345349e-01	0.000000000000000000e+00
2.608575576583202493e-01	6.483802497062345349e-01	0.000000000000000000e+00
2.608575576583202493e-01	6.483802497062345349e-01	0.000000000000000000e+00
2.608575576583202493e-01	6.483802497062345349e-01	0.000000000000000000e+00
2.608575576583202493e-01	6.483802497062345349e-01	0.000000000000000000e+00
6.188072505634970577e-01	2.697050763502247817e-01	0.000000000000000000e+00
6.188072505634970577e-01	2.697050763502247817e-01	0.000000000000000000e+00
6.188072505634970577e-01	2.697050763502247817e-01	0.000000000000000000e+00
6.188072505634970577e-01	2.697050763502247817e-01	0.000000000000000000e+00
6.188072505634970577e-01	2.697050763502247817e-01	0.000000000000000000e+00
6.188072505634970577e-01	2.697050763502247817e-01	0.000000000000000000e+00
6.188072505634970577e-01	2.895009155634161724e-01	0.000000000000000000e+00
6.188072505634970577e-01	2.895009155634161724e-01	0.000000000000000000e+00
6.188072505634970577e-01	2.895009155634161724e-01	0.000000000000000000e+00
6.188072505634970577e-01	2.895009155634161724e-01	0.000000000000000000e+00
6.188072505634970577e-01	2.895009155634161724e-01	0.000000000000000000e+00
6.188072505634970577e-01	2.895009155634161724e-01	0.000000000000000000e+00
6.188072505634970577e-01	2.895009155634161724e-01	0.000000000000000000e+00
6.315290940364771677e-01	8.186394684848780079e-02	0.000000000000000000e+00
6.315290940364771677e-01	8.186394684848780079e-02	0.000000000000000000e+00
6.315290940364771677e-01	8.186394684848780079e-02	0.000000000000000000e+00
6.315290940364771677e-01	8.186394684848780079e-02	0.000000000000000000e+00
6.315290940364771677e-01	5.757430023157693311e-02	0.000000000000000000e+00
6.315290940364771677e-01	5.757430023157693311e-02	0.000000000000000000e+00
6.315290940364771677e-01	5.757430023157693311e-02	0.000000000000000000e+00
6.315290940364771677e-01	5.757430023157693311e-02	0.000000000000000000e+00
6.315290940364771677e-01	5.757430023157693311e-02	0.000000000000000000e+00
6.315290940364771677e-01	4.595364632577689928e-02	0.000000000000000000e+00
6.315290940364771677e-01	4.595364632577689928e-02	0.000000000000000000e+00
6.315290940364771677e-01	4.595364632577689928e-02	0.000000000000000000e+00
6.315290940364771677e-01	4.595364632577689928e-02	0.000000000000000000e+00
6.315290940364771677e-01	4.595364632577689928e-02	0.000000000000000000e+00
6.315290940364771677e-01	3.663922837452975034e-02	0.000000000000000000e+00
6.315290940364771677e-01	3.663922837452975034e-02	0.000000000000000000e+00
6.315290940364771677e-01	3.663922837452975034e-02	0.000000000000000000e+00
6.315290940364771677e-01	3.663922837452975034e-02	0.000000000000000000e+00
6.315290940364771677e-01	3.663922837452975034e-02	0.000000000000000000e+00
8.337052226099578300e-01	-1.964472763127512733e-01	0.000000000000000000e+00
8.337052226099578300e-01	-1.964472763127512733e-01	0.000000000000000000e+00
8.337052226099578300e-01	-1.445688761579875803e-01	0.000000000000000000e+00
8.337052226099578300e-01	-1.445688761579875803e-01	0.000000000000000000e+00
8.337052226099578300e-01	-1.445688761579875803e-01	0.000000000000000000e+00
8.337052226099578300e-01	-1.445688761579875803e-01	0.000000000000000000e+00
8.337052226099578300e-01	-1.445688761579875803e-01	0.000000000000000000e+00
8.337052226099578300e-01	-1.445688761579875803e-01	0.000000000000000000e+00
8.337052226099578300e-01	-1.445688761579875803e-01	0.000000000000000000e+00
8.337052226099578300e-01	-1.445688761579875803e-01	0.000000000000000000e+00
8.337052226099578300e-01	-1.491211716990214486e-01	0.000000000000000000e+00
8.337052226099578300e-01	-1.491211716990214486e-01	0.000000000000000000e+00
8.337052226099578300e-01	-1.491211716990214486e-01	0.000000000000000000e+00
8.337052226099578300e-01	-1.666501596992515932e-01	0.000000000000000000e+00
8.337052226099578300e-01	-1.551142904826139091e-01	0.000000000000000000e+00
8.337052226099578300e-01	-1.666501596992515932e-01	0.000000000000000000e+00
8.337052226099578300e-01	-1.800217448650034968e-01	0.000000000000000000e+00
8.337052226099578300e-01	-1.858875068749237802e-01	0.000000000000000000e+00
8.468088653009753219e-01	-2.461677042436882512e-01	0.000000000000000000e+00
8.468088653009753219e-01	-2.461677042436882512e-01	0.000000000000000000e+00
8.468088653009753219e-01	-2.461677042436882512e-01	0.000000000000000000e+00
8.468088653009753219e-01	-2.461677042436882512e-01	0.000000000000000000e+00
8.468088653009753219e-01	-2.461677042436882512e-01	0.000000000000000000e+00
8.468088653009753219e-01	-2.461677042436882512e-01	0.000000000000000000e+00
8.468088653009753219e-01	-2.716670131313578262e-01	0.000000000000000000e+00
8.468088653009753219e-01	-2.716670131313578262e-01	0.000000000000000000e+00
8.468088653009753219e-01	-2.716670131313578262e-01	0.000000000000000000e+00
8.468088653009753219e-01	-2.773117639578078220e-01	0.000000000000000000e+00
