0.000000000000000000e+00	1.077958626975225709e+00	0.000000000000000000e+00
3.417522140452777107e-03	1.067842190002360470e+00	0.000000000000000000e+00
1.915298309707294186e-02	9.627948174611169474e-01	0.000000000000000000e+00
4.017820775841697556e-02	8.554651204665298936e-01	0.000000000000000000e+00
4.017820775841697556e-02	8.554651204665298936e-01	0.000000000000000000e+00
8.143967411498205522e-02	7.700377996368937827e-01	0.000000000000000000e+00
8.143967411498205522e-02	7.398532302223302937e-01	0.000000000000000000e+00
8.143967411498205522e-02	7.398532302223302937e-01	0.000000000000000000e+00
8.143967411498205522e-02	7.398532302223302937e-01	0.000000000000000000e+00
8.143967411498205522e-02	7.363654214802214382e-01	0.000000000000000000e+00
8.143967411498205522e-02	7.363654214802214382e-01	0.000000000000000000e+00
8.143967411498205522e-02	7.363654214802214382e-01	0.000000000000000000e+00
1.902137496514600123e-01	6.851711497593807598e-01	0.000000000000000000e+00
1.968378078504486317e-01	6.581150485735424160e-01	0.000000000000000000e+00
2.186784365696186894e-01	4.938638586498843575e-01	0.000000000000000000e+00
2.186784365696186894e-01	4.938638586498843575e-01	0.000000000000000000e+00
2.186784365696186894e-01	4.664432096497044822e-01	0.000000000000000000e+00
2.186784365696186894e-01	4.664432096497044822e-01	0.000000000000000000e+00
2.475741769915927593e-01	3.482161886989417754e-01	0.000000000000000000e+00
2.475741769915927593e-01	3.069376448835447468e-01	0.000000000000000000e+00
2.475741769915927593e-01	3.062818099515284831e-01	0.000000000000000000e+00
2.475741769915927593e-01	3.069376448835447468e-01	0.000000000000000000e+00
2.475741769915927593e-01	3.069376448835447468e-01	0.000000000000000000e+00
2.475741769915927593e-01	3.069376448835447468e-01	0.000000000000000000e+00
2.475741769915927593e-01	3.069376448835447468e-01	0.000000000000000000e+00
2.475741769915927593e-01	3.111982561522599333e-01	0.000000000000000000e+00
2.475741769915927593e-01	3.111982561522599333e-01	0.000000000000000000e+00
2.475741769915927593e-01	3.111982561522599333e-01	0.000000000000000000e+00
2.475741769915927593e-01	3.111982561522599333e-01	0.000000000000000000e+00
2.475741769915927593e-01	3.111982561522599333e-01	0.000000000000000000e+00
4.166910046541408841e-01	2.065688060085343336e-01	0.000000000000000000e+00
4.166910046541408841e-01	2.065688060085343336e-01	0.000000000000000000e+00
4.279962325023880521e-01	6.691187743755239170e-02	0.000000000000000000e+00
4.279962325023880521e-01	6.691187743755239170e-02	0.000000000000000000e+00
4.279962325023880521e-01	6.691187743755239170e-02	0.000000000000000000e+00
4.279962325023880521e-01	6.691187743755239170e-02	0.000000000000000000e+00
4.279962325023880521e-01	5.264050184025984708e-02	0.000000000000000000e+00
4.450718589304645256e-01	-4.810614550191895378e-02	0.000000000000000000e+00
4.450718589304645256e-01	-4.810614550191895378e-02	0.000000000000000000e+00
4.450718589304645256e-01	-4.810614550191895378e-02	0.000000000000000000e+00
4.450718589304645256e-01	-6.512984938994675899e-02	0.000000000000000000e+00
4.558672985378427467e-01	-7.944768769501020511e-02	0.000000000000000000e+00
4.558672985378427467e-01	-8.102435491479673124e-02	0.000000000000000000e+00
4.558672985378427467e-01	-8.181504945370411674e-02	0.000000000000000000e+00
4.558672985378427467e-01	-8.181504945370411674e-02	0.000000000000000000e+00
4.558672985378427467e-01	-8.181504945370411674e-02	0.000000000000000000e+00
4.558672985378427467e-01	-8.181504945370411674e-02	0.000000000000000000e+00
4.558672985378427467e-01	-8.181504945370411674e-02	0.000000000000000000e+00
4.558672985378427467e-01	-8.181504945370411674e-02	0.000000000000000000e+00
4.558672985378427467e-01	-8.181504945370411674e-02	0.000000000000000000e+00
6.324795298192569248e-01	-2.794482229183676836e-01	0.000000000000000000e+00
6.324795298192569248e-01	-2.794482229183676836e-01	0.000000000000000000e+00
6.324795298192569248e-01	-2.866736350593555582e-01	0.000000000000000000e+00
6.324795298192569248e-01	-2.866736350593555582e-01	0.000000000000000000e+00
6.324795298192569248e-01	-2.866736350593555582e-01	0.000000000000000000e+00
6.324795298192569248e-01	-2.851472080243697693e-01	0.000000000000000000e+00
6.324795298192569248e-01	-2.851472080243697693e-01	0.000000000000000000e+00
6.324795298192569248e-01	-2.851472080243697693e-01	0.000000000000000000e+00
6.324795298192569248e-01	-2.851472080243697693e-01	0.000000000000000000e+00
6.324795298192569248e-01	-2.851472080243697693e-01	0.000000000000000000e+00
6.389539838990501153e-01	-3.417245996308322376e-01	0.000000000000000000e+00
6.389539838990501153e-01	-3.417245996308322376e-01	0.000000000000000000e+00
6.389539838990501153e-01	-3.417245996308322376e-01	0.000000000000000000e+00
6.389539838990501153e-01	-3.593933668401884662e-01	0.000000000000000000e+00
6.389539838990501153e-01	-3.593933668401884662e-01	0.000000000000000000e+00
6.389539838990501153e-01	-3.593933668401884662e-01	0.000000000000000000e+00
6.389539838990501153e-01	-3.593933668401884662e-01	0.000000000000000000e+00
6.389539838990501153e-01	-3.593933668401884662e-01	0.000000000000000000e+00
6.389539838990501153e-01	-3.593933668401884662e-01	0.000000000000000000e+00
6.389539838990501153e-01	-3.593933668401884662e-01	0.000000000000000000e+00
8.338442715665176364e-01	-5.430758735787029057e-01	0.000000000000000000e+00
8.338442715665176364e-01	-5.430758735787029057e-01	0.000000000000000000e+00
8.338442715665176364e-01	-5.430758735787029057e-01	0.000000000000000000e+00
8.338442715665176364e-01	-5.430758735787029057e-01	0.000000000000000000e+00
8.338442715665176364e-01	-5.430758735787029057e-01	0.000000000000000000e+00
8.338442715665176364e-01	-5.430758735787029057e-01	0.000000000000000000e+00
8.338442715665176364e-01	-5.430758735787029057e-01	0.000000000000000000e+00
8.338442715665176364e-01	-5.437560189260731702e-01	0.000000000000000000e+00
8.338442715665176364e-01	-5.437560189260731702e-01	0.000000000000000000e+00
8.338442715665176364e-01	-5.437560189260731702e-01	0.000000000000000000e+00
8.338442715665176364e-01	-5.716942832608871150e-01	0.000000000000000000e+00
8.338442715665176364e-01	-5.716942832608871150e-01	0.000000000000000000e+00
8.338442715665176364e-01	-5.716942832608871150e-01	0.000000000000000000e+00
8.338442715665176364e-01	-5.716942832608871150e-01	0.000000000000000000e+00
8.338442715665176364e-01	-5.716942832608871150e-01	0.000000000000000000e+00
8.338442715665176364e-01	-5.814044012504552272e-01	0.000000000000000000e+00
8.464397467932690544e-01	-6.830249207357751429e-01	0.000000000000000000e+00
8.464397467932690544e-01	-6.830249207357751429e-01	0.000000000000000000e+00
8.464397467932690544e-01	-6.830249207357751429e-01	0.000000000000000000e+00
8.464397467932690544e-01	-6.830249207357751429e-01	0.000000000000000000e+00
8.464397467932690544e-01	-6.880063827146817301e-01	0.000000000000000000e+00
8.464397467932690544e-01	-6.880063827146817301e-01	0.000000000000000000e+00
8.464397467932690544e-01	-6.880063827146817301e-01	0.000000000000000000e+00
8.464397467932690544e-01	-6.880063827146817301e-01	0.000000000000000000e+00
8.464397467932690544e-01	-6.880063827146817301e-01	0.000000000000000000e+00
8.464397467932690544e-01	-6.880063827146817301e-01	0.000000000000000000e+00
8.464397467932690544e-01	-6.880063827146817301e-01	0.000000000000000000e+00
8.464397467932690544e-01	-6.880063827146817301e-01	0.000000000000000000e+00
8.586515372432514948e-01	-6.830005052759970940e-01	0.000000000000000000e+00
8.586515372432514948e-01	-6.830005052759970940e-01	0.000000000000000000e+00
