0.000000000000000000e+00	1.029928704643136461e+00	0.000000000000000000e+00
3.417522140452777107e-03	9.411742065607436869e-01	0.000000000000000000e+00
1.915298309707294186e-02	8.507641144031021785e-01	0.000000000000000000e+00
4.017820775841697556e-02	7.612743182941584807e-01	0.000000000000000000e+00
4.017820775841697556e-02	7.612743182941584807e-01	0.000000000000000000e+00
7.466280315931503320e-02	6.737395915298971527e-01	0.000000000000000000e+00
8.143967411498205522e-02	6.697824664542491035e-01	0.000000000000000000e+00
8.143967411498205522e-02	6.697824664542491035e-01	0.000000000000000000e+00
8.143967411498205522e-02	6.697824664542491035e-01	0.000000000000000000e+00
8.143967411498205522e-02	6.697824664542491035e-01	0.000000000000000000e+00
8.143967411498205522e-02	6.697824664542491035e-01	0.000000000000000000e+00
8.143967411498205522e-02	6.697824664542491035e-01	0.000000000000000000e+00
1.902137496514600123e-01	6.217319338323261668e-01	0.000000000000000000e+00
1.968378078504486317e-01	5.758582777779628348e-01	0.000000000000000000e+00
1.968378078504486317e-01	5.758582777779628348e-01	0.000000000000000000e+00
2.185168522938656377e-01	4.417676191374307892e-01	0.000000000000000000e+00
2.185168522938656377e-01	4.124747231641118783e-01	0.000000000000000000e+00
2.383422129669751088e-01	2.892615116969653455e-01	0.000000000000000000e+00
2.383422129669751088e-01	2.892615116969653455e-01	0.000000000000000000e+00
2.383422129669751088e-01	2.892615116969653455e-01	0.000000000000000000e+00
2.475741769915927593e-01	2.555761525715138371e-01	0.000000000000000000e+00
2.475741769915927593e-01	2.555761525715138371e-01	0.000000000000000000e+00
2.475741769915927593e-01	2.555761525715138371e-01	0.000000000000000000e+00
2.475741769915927593e-01	2.555761525715138371e-01	0.000000000000000000e+00
2.475741769915927593e-01	2.555761525715138371e-01	0.000000000000000000e+00
2.475741769915927593e-01	2.555761525715138371e-01	0.000000000000000000e+00
2.475741769915927593e-01	2.555761525715138371e-01	0.000000000000000000e+00
2.475741769915927593e-01	2.555761525715138371e-01	0.000000000000000000e+00
2.475741769915927593e-01	2.555761525715138371e-01	0.000000000000000000e+00
2.475741769915927593e-01	2.555761525715138371e-01	0.000000000000000000e+00
4.166910046541408841e-01	1.694385272181282431e-01	0.000000000000000000e+00
4.166910046541408841e-01	1.635475126897051046e-01	0.000000000000000000e+00
4.166910046541408841e-01	1.458625648544680797e-01	0.000000000000000000e+00
4.279962325023880521e-01	1.604131759239241228e-02	0.000000000000000000e+00
4.279962325023880521e-01	1.604131759239241228e-02	0.000000000000000000e+00
4.279962325023880521e-01	1.604131759239241228e-02	0.000000000000000000e+00
4.279962325023880521e-01	1.604131759239241228e-02	0.000000000000000000e+00
4.450718589304645256e-01	-1.068854055952522253e-01	0.000000000000000000e+00
4.450718589304645256e-01	-1.068854055952522253e-01	0.000000000000000000e+00
4.450718589304645256e-01	-1.068854055952522253e-01	0.000000000000000000e+00
4.450718589304645256e-01	-1.068854055952522253e-01	0.000000000000000000e+00
4.450718589304645256e-01	-1.068854055952522253e-01	0.000000000000000000e+00
4.558672985378427467e-01	-1.233243145929300844e-01	0.000000000000000000e+00
4.558672985378427467e-01	-1.233243145929300844e-01	0.000000000000000000e+00
4.558672985378427467e-01	-1.233243145929300844e-01	0.000000000000000000e+00
4.558672985378427467e-01	-1.233243145929300844e-01	0.000000000000000000e+00
4.558672985378427467e-01	-1.233243145929300844e-01	0.000000000000000000e+00
4.558672985378427467e-01	-1.233243145929300844e-01	0.000000000000000000e+00
4.558672985378427467e-01	-1.233243145929300844e-01	0.000000000000000000e+00
4.558672985378427467e-01	-1.233243145929300844e-01	0.000000000000000000e+00
6.324795298192569248e-01	-3.129711192279446275e-01	0.000000000000000000e+00
6.324795298192569248e-01	-3.129711192279446275e-01	0.000000000000000000e+00
6.324795298192569248e-01	-3.129711192279446275e-01	0.000000000000000000e+00
6.324795298192569248e-01	-3.129711192279446275e-01	0.000000000000000000e+00
6.324795298192569248e-01	-3.129711192279446275e-01	0.000000000000000000e+00
6.324795298192569248e-01	-3.129711192279446275e-01	0.000000000000000000e+00
6.324795298192569248e-01	-3.129711192279446275e-01	0.000000000000000000e+00
6.324795298192569248e-01	-3.129711192279446275e-01	0.000000000000000000e+00
6.324795298192569248e-01	-3.168535174810545030e-01	0.000000000000000000e+00
6.324795298192569248e-01	-3.280189814835157702e-01	0.000000000000000000e+00
6.389539838990501153e-01	-3.980405127974998569e-01	0.000000000000000000e+00
6.389539838990501153e-01	-3.980405127974998569e-01	0.000000000000000000e+00
6.389539838990501153e-01	-3.980405127974998569e-01	0.000000000000000000e+00
6.389539838990501153e-01	-3.980405127974998569e-01	0.000000000000000000e+00
6.389539838990501153e-01	-3.980405127974998569e-01	0.000000000000000000e+00
6.389539838990501153e-01	-3.980405127974998569e-01	0.000000000000000000e+00
6.389539838990501153e-01	-3.980405127974998569e-01	0.000000000000000000e+00
6.389539838990501153e-01	-3.980405127974998569e-01	0.000000000000000000e+00
6.389539838990501153e-01	-3.980405127974998569e-01	0.000000000000000000e+00
6.389539838990501153e-01	-3.980405127974998569e-01	0.000000000000000000e+00
8.321871099258562055e-01	-5.808461880170576741e-01	0.000000000000000000e+00
8.321871099258562055e-01	-5.808461880170576741e-01	0.000000000000000000e+00
8.321871099258562055e-01	-5.808461880170576741e-01	0.000000000000000000e+00
8.321871099258562055e-01	-5.808461880170576741e-01	0.000000000000000000e+00
8.321871099258562055e-01	-5.808461880170576741e-01	0.000000000000000000e+00
8.321871099258562055e-01	-5.808461880170576741e-01	0.000000000000000000e+00
8.321871099258562055e-01	-5.808461880170576741e-01	0.000000000000000000e+00
8.321871099258562055e-01	-5.808461880170576741e-01	0.000000000000000000e+00
8.321871099258562055e-01	-5.808461880170576741e-01	0.000000000000000000e+00
8.321871099258562055e-01	-5.808461880170576741e-01	0.000000000000000000e+00
8.321871099258562055e-01	-5.639769019102863767e-01	0.000000000000000000e+00
8.321871099258562055e-01	-5.981635780893400645e-01	0.000000000000000000e+00
8.321871099258562055e-01	-5.981635780893400645e-01	0.000000000000000000e+00
8.321871099258562055e-01	-5.981635780893400645e-01	0.000000000000000000e+00
8.321871099258562055e-01	-6.003537290341303123e-01	0.000000000000000000e+00
8.338442715665176364e-01	-6.240254263780200539e-01	0.000000000000000000e+00
8.338442715665176364e-01	-6.240254263780200539e-01	0.000000000000000000e+00
8.464397467932690544e-01	-7.061440858701677481e-01	0.000000000000000000e+00
8.464397467932690544e-01	-7.061440858701677481e-01	0.000000000000000000e+00
8.464397467932690544e-01	-7.061440858701677481e-01	0.000000000000000000e+00
8.464397467932690544e-01	-7.061440858701677481e-01	0.000000000000000000e+00
8.464397467932690544e-01	-7.061440858701677481e-01	0.000000000000000000e+00
8.464397467932690544e-01	-7.331025352394573424e-01	0.000000000000000000e+00
8.464397467932690544e-01	-7.331025352394573424e-01	0.000000000000000000e+00
8.464397467932690544e-01	-7.331025352394573424e-01	0.000000000000000000e+00
8.464397467932690544e-01	-7.331025352394573424e-01	0.000000000000000000e+00
8.464397467932690544e-01	-7.331025352394573424e-01	0.000000000000000000e+00
8.464397467932690544e-01	-7.331025352394573424e-01	0.000000000000000000e+00
8.464397467932690544e-01	-7.433772822425418481e-01	0.000000000000000000e+00
8.464397467932690544e-01	-7.461574894664342317e-01	0.000000000000000000e+00
