2.430656162948696686e-02	2.163748316475969879e+00	0.000000000000000000e+00
2.430656162948696686e-02	2.163748316475969879e+00	0.000000000000000000e+00
2.430656162948696686e-02	2.163748316475969879e+00	0.000000000000000000e+00
2.430656162948696686e-02	2.163748316475969879e+00	0.000000000000000000e+00
6.409257357983977332e-02	1.983079251849773073e+00	0.000000000000000000e+00
6.409257357983977332e-02	1.983079251849773073e+00	0.000000000000000000e+00
1.113973826987030846e-01	1.883046583911195837e+00	0.000000000000000000e+00
1.113973826987030846e-01	1.883046583911195837e+00	0.000000000000000000e+00
1.113973826987030846e-01	1.883046583911195837e+00	0.000000000000000000e+00
1.113973826987030846e-01	1.882900648815321709e+00	0.000000000000000000e+00
1.113973826987030846e-01	1.882900648815321709e+00	0.000000000000000000e+00
1.113973826987030846e-01	1.882900648815321709e+00	0.000000000000000000e+00
1.113973826987030846e-01	1.882900648815321709e+00	0.000000000000000000e+00
1.113973826987030846e-01	1.882900648815321709e+00	0.000000000000000000e+00
1.113973826987030846e-01	1.882900648815321709e+00	0.000000000000000000e+00
1.113973826987030846e-01	1.882900648815321709e+00	0.000000000000000000e+00
1.113973826987030846e-01	1.882900648815321709e+00	0.000000000000000000e+00
1.113973826987030846e-01	1.903947887015066787e+00	0.000000000000000000e+00
4.000332405792497159e-01	1.395950936553853383e+00	0.000000000000000000e+00
4.000332405792497159e-01	1.395950936553853383e+00	0.000000000000000000e+00
4.000332405792497159e-01	1.395950936553853383e+00	0.000000000000000000e+00
4.000332405792497159e-01	1.411723315953362867e+00	0.000000000000000000e+00
4.000332405792497159e-01	1.411723315953362867e+00	0.000000000000000000e+00
4.000332405792497159e-01	1.411723315953362867e+00	0.000000000000000000e+00
4.000332405792497159e-01	1.395950936553853383e+00	0.000000000000000000e+00
4.166910046541408841e-01	1.150123155921394913e+00	0.000000000000000000e+00
4.166910046541408841e-01	1.150123155921394913e+00	0.000000000000000000e+00
4.166910046541408841e-01	1.150123155921394913e+00	0.000000000000000000e+00
4.166910046541408841e-01	1.150123155921394913e+00	0.000000000000000000e+00
4.166910046541408841e-01	1.150123155921394913e+00	0.000000000000000000e+00
4.319722623713879717e-01	1.016323950467100445e+00	0.000000000000000000e+00
4.319722623713879717e-01	1.016323950467100445e+00	0.000000000000000000e+00
4.319722623713879717e-01	1.016323950467100445e+00	0.000000000000000000e+00
4.450718589304645256e-01	9.291515828964946877e-01	0.000000000000000000e+00
4.450718589304645256e-01	9.296517812530948888e-01	0.000000000000000000e+00
4.450718589304645256e-01	9.066038519720248656e-01	0.000000000000000000e+00
4.450718589304645256e-01	9.111665316485551003e-01	0.000000000000000000e+00
4.450718589304645256e-01	9.066038519720248656e-01	0.000000000000000000e+00
4.450718589304645256e-01	9.066038519720248656e-01	0.000000000000000000e+00
4.450718589304645256e-01	9.066038519720248656e-01	0.000000000000000000e+00
4.450718589304645256e-01	9.066038519720248656e-01	0.000000000000000000e+00
4.450718589304645256e-01	9.066038519720248656e-01	0.000000000000000000e+00
4.450718589304645256e-01	9.111665316485551003e-01	0.000000000000000000e+00
4.450718589304645256e-01	9.111665316485551003e-01	0.000000000000000000e+00
4.450718589304645256e-01	9.117708667356362318e-01	0.000000000000000000e+00
6.389539838990501153e-01	6.525942120064307517e-01	0.000000000000000000e+00
6.389539838990501153e-01	6.525942120064307517e-01	0.000000000000000000e+00
6.389539838990501153e-01	6.525942120064307517e-01	0.000000000000000000e+00
6.389539838990501153e-01	6.525942120064307517e-01	0.000000000000000000e+00
6.389539838990501153e-01	6.525942120064307517e-01	0.000000000000000000e+00
6.389539838990501153e-01	6.525942120064307517e-01	0.000000000000000000e+00
6.389539838990501153e-01	6.443611968293569969e-01	0.000000000000000000e+00
6.389539838990501153e-01	6.305043207687692774e-01	0.000000000000000000e+00
6.389539838990501153e-01	6.305043207687692774e-01	0.000000000000000000e+00
6.389539838990501153e-01	6.305043207687692774e-01	0.000000000000000000e+00
6.389539838990501153e-01	6.305043207687692774e-01	0.000000000000000000e+00
6.389539838990501153e-01	4.547981404582438492e-01	0.000000000000000000e+00
6.389539838990501153e-01	4.547981404582438492e-01	0.000000000000000000e+00
6.389539838990501153e-01	4.547981404582438492e-01	0.000000000000000000e+00
6.389539838990501153e-01	4.576810591061650779e-01	0.000000000000000000e+00
6.389539838990501153e-01	4.576810591061650779e-01	0.000000000000000000e+00
6.389539838990501153e-01	4.500682675041084435e-01	0.000000000000000000e+00
6.389539838990501153e-01	4.500682675041084435e-01	0.000000000000000000e+00
6.389539838990501153e-01	4.500682675041084435e-01	0.000000000000000000e+00
6.389539838990501153e-01	4.500682675041084435e-01	0.000000000000000000e+00
6.389539838990501153e-01	4.500682675041084435e-01	0.000000000000000000e+00
6.389539838990501153e-01	4.368891812184153567e-01	0.000000000000000000e+00
6.389539838990501153e-01	4.368891812184153567e-01	0.000000000000000000e+00
6.389539838990501153e-01	4.368891812184153567e-01	0.000000000000000000e+00
6.389539838990501153e-01	4.368891812184153567e-01	0.000000000000000000e+00
6.389539838990501153e-01	4.368891812184153567e-01	0.000000000000000000e+00
8.338442715665176364e-01	1.466141083433460390e-01	0.000000000000000000e+00
8.338442715665176364e-01	1.466141083433460390e-01	0.000000000000000000e+00
8.338442715665176364e-01	1.466141083433460390e-01	0.000000000000000000e+00
8.338442715665176364e-01	1.466141083433460390e-01	0.000000000000000000e+00
8.338442715665176364e-01	1.466141083433460390e-01	0.000000000000000000e+00
8.338442715665176364e-01	1.038917976609796401e-01	0.000000000000000000e+00
8.338442715665176364e-01	1.038917976609796401e-01	0.000000000000000000e+00
8.338442715665176364e-01	1.038917976609796401e-01	0.000000000000000000e+00
8.338442715665176364e-01	1.038917976609796401e-01	0.000000000000000000e+00
8.338442715665176364e-01	1.038917976609796401e-01	0.000000000000000000e+00
8.338442715665176364e-01	1.038917976609796401e-01	0.000000000000000000e+00
8.338442715665176364e-01	1.038917976609796401e-01	0.000000000000000000e+00
8.338442715665176364e-01	1.038917976609796401e-01	0.000000000000000000e+00
8.338442715665176364e-01	1.051269130859535106e-01	0.000000000000000000e+00
8.338442715665176364e-01	1.051269130859535106e-01	0.000000000000000000e+00
8.338442715665176364e-01	1.051269130859535106e-01	0.000000000000000000e+00
8.338442715665176364e-01	2.399666736397036704e-01	0.000000000000000000e+00
8.513693581603208882e-01	2.274532540801495473e-01	0.000000000000000000e+00
8.513693581603208882e-01	2.274532540801495473e-01	0.000000000000000000e+00
8.513693581603208882e-01	2.274532540801495473e-01	0.000000000000000000e+00
8.513693581603208882e-01	2.274532540801495473e-01	0.000000000000000000e+00
8.513693581603208882e-01	2.274532540801495473e-01	0.000000000000000000e+00
8.513693581603208882e-01	2.274532540801495473e-01	0.000000000000000000e+00
8.513693581603208882e-01	2.274532540801495473e-01	0.000000000000000000e+00
8.513693581603208882e-01	2.274532540801495473e-01	0.000000000000000000e+00
8.513693581603208882e-01	2.455857826100890096e-01	0.000000000000000000e+00
8.513693581603208882e-01	2.455857826100890096e-01	0.000000000000000000e+00
8.513693581603208882e-01	2.455857826100890096e-01	0.000000000000000000e+00
8.513693581603208882e-01	2.455857826100890096e-01	0.000000000000000000e+00
