2.430656162948696686e-02	1.115427935917829627e+00	0.000000000000000000e+00
2.430656162948696686e-02	1.112194054007065391e+00	0.000000000000000000e+00
2.430656162948696686e-02	1.112194054007065391e+00	0.000000000000000000e+00
4.017820775841697556e-02	1.042514806314026377e+00	0.000000000000000000e+00
4.017820775841697556e-02	1.042514806314026377e+00	0.000000000000000000e+00
4.017820775841697556e-02	1.042514806314026377e+00	0.000000000000000000e+00
9.390679390314599084e-02	9.390199667635151792e-01	0.000000000000000000e+00
9.390679390314599084e-02	9.302154227530063935e-01	0.000000000000000000e+00
9.390679390314599084e-02	9.302154227530063935e-01	0.000000000000000000e+00
9.390679390314599084e-02	9.302154227530063935e-01	0.000000000000000000e+00
9.390679390314599084e-02	9.302154227530063935e-01	0.000000000000000000e+00
9.390679390314599084e-02	9.302154227530063935e-01	0.000000000000000000e+00
1.902137496514600123e-01	8.675448132619433261e-01	0.000000000000000000e+00
1.902137496514600123e-01	8.675448132619433261e-01	0.000000000000000000e+00
2.193039541501827783e-01	6.167631094812418002e-01	0.000000000000000000e+00
2.193039541501827783e-01	6.164837320904694717e-01	0.000000000000000000e+00
2.193039541501827783e-01	6.164837320904694717e-01	0.000000000000000000e+00
2.193039541501827783e-01	6.164837320904694717e-01	0.000000000000000000e+00
2.193039541501827783e-01	6.164837320904694717e-01	0.000000000000000000e+00
2.475741769915927593e-01	4.557855385036629903e-01	0.000000000000000000e+00
2.475741769915927593e-01	4.557855385036629903e-01	0.000000000000000000e+00
2.531813447728733513e-01	4.498238704148148082e-01	0.000000000000000000e+00
2.531813447728733513e-01	4.498238704148148082e-01	0.000000000000000000e+00
2.531813447728733513e-01	4.470039667108964276e-01	0.000000000000000000e+00
2.531813447728733513e-01	4.470039667108964276e-01	0.000000000000000000e+00
2.531813447728733513e-01	4.470039667108964276e-01	0.000000000000000000e+00
2.531813447728733513e-01	4.470039667108964276e-01	0.000000000000000000e+00
2.531813447728733513e-01	4.470039667108964276e-01	0.000000000000000000e+00
2.531813447728733513e-01	4.470039667108964276e-01	0.000000000000000000e+00
2.531813447728733513e-01	4.470039667108964276e-01	0.000000000000000000e+00
2.531813447728733513e-01	4.470039667108964276e-01	0.000000000000000000e+00
4.166910046541408841e-01	3.369465939016608180e-01	0.000000000000000000e+00
4.166910046541408841e-01	3.369465939016608180e-01	0.000000000000000000e+00
4.166910046541408841e-01	3.369465939016608180e-01	0.000000000000000000e+00
4.279962325023880521e-01	2.156815422201118215e-01	0.000000000000000000e+00
4.279962325023880521e-01	2.156815422201118215e-01	0.000000000000000000e+00
4.279962325023880521e-01	2.156815422201118215e-01	0.000000000000000000e+00
4.279962325023880521e-01	2.156815422201118215e-01	0.000000000000000000e+00
4.315876725257591917e-01	1.805593083307472368e-01	0.000000000000000000e+00
4.315876725257591917e-01	1.795847263385611237e-01	0.000000000000000000e+00
4.450718589304645256e-01	6.105830949646433303e-02	0.000000000000000000e+00
4.450718589304645256e-01	6.105830949646433303e-02	0.000000000000000000e+00
4.450718589304645256e-01	7.046523982317436097e-02	0.000000000000000000e+00
4.450718589304645256e-01	7.046523982317436097e-02	0.000000000000000000e+00
4.450718589304645256e-01	5.651588766626624433e-02	0.000000000000000000e+00
4.450718589304645256e-01	5.651588766626624433e-02	0.000000000000000000e+00
4.450718589304645256e-01	5.651588766626624433e-02	0.000000000000000000e+00
4.450718589304645256e-01	5.651588766626624433e-02	0.000000000000000000e+00
4.450718589304645256e-01	5.651588766626624433e-02	0.000000000000000000e+00
4.450718589304645256e-01	5.651588766626624433e-02	0.000000000000000000e+00
4.450718589304645256e-01	5.651588766626624433e-02	0.000000000000000000e+00
4.450718589304645256e-01	5.651588766626624433e-02	0.000000000000000000e+00
4.450718589304645256e-01	6.138412858861501398e-02	0.000000000000000000e+00
6.324795298192569248e-01	-1.915029674990605391e-01	0.000000000000000000e+00
6.324795298192569248e-01	-1.915029674990605391e-01	0.000000000000000000e+00
6.324795298192569248e-01	-1.033125691139995528e-01	0.000000000000000000e+00
6.324795298192569248e-01	-1.033125691139995528e-01	0.000000000000000000e+00
6.324795298192569248e-01	-1.033125691139995528e-01	0.000000000000000000e+00
6.324795298192569248e-01	-1.033125691139995528e-01	0.000000000000000000e+00
6.324795298192569248e-01	-1.033125691139995528e-01	0.000000000000000000e+00
6.324795298192569248e-01	-1.033125691139995528e-01	0.000000000000000000e+00
6.324795298192569248e-01	-1.033125691139995528e-01	0.000000000000000000e+00
6.324795298192569248e-01	-1.345933278674998068e-01	0.000000000000000000e+00
6.324795298192569248e-01	-1.345933278674998068e-01	0.000000000000000000e+00
6.324795298192569248e-01	-1.496402933326610174e-01	0.000000000000000000e+00
6.389539838990501153e-01	-1.741895738531979709e-01	0.000000000000000000e+00
6.389539838990501153e-01	-1.791230627803803988e-01	0.000000000000000000e+00
6.389539838990501153e-01	-1.791230627803803988e-01	0.000000000000000000e+00
6.389539838990501153e-01	-1.791230627803803988e-01	0.000000000000000000e+00
6.389539838990501153e-01	-1.791230627803803988e-01	0.000000000000000000e+00
6.389539838990501153e-01	-1.791230627803803988e-01	0.000000000000000000e+00
6.389539838990501153e-01	-1.791230627803803988e-01	0.000000000000000000e+00
8.338442715665176364e-01	-3.419866788200466301e-01	0.000000000000000000e+00
8.338442715665176364e-01	-3.419866788200466301e-01	0.000000000000000000e+00
8.338442715665176364e-01	-3.419866788200466301e-01	0.000000000000000000e+00
8.338442715665176364e-01	-3.419866788200466301e-01	0.000000000000000000e+00
8.338442715665176364e-01	-3.419866788200466301e-01	0.000000000000000000e+00
8.338442715665176364e-01	-3.419866788200466301e-01	0.000000000000000000e+00
8.338442715665176364e-01	-3.419866788200466301e-01	0.000000000000000000e+00
8.338442715665176364e-01	-3.419866788200466301e-01	0.000000000000000000e+00
8.338442715665176364e-01	-3.888285686819801246e-01	0.000000000000000000e+00
8.338442715665176364e-01	-3.888285686819801246e-01	0.000000000000000000e+00
8.338442715665176364e-01	-3.888285686819801246e-01	0.000000000000000000e+00
8.338442715665176364e-01	-3.888285686819801246e-01	0.000000000000000000e+00
8.338442715665176364e-01	-3.888285686819801246e-01	0.000000000000000000e+00
8.338442715665176364e-01	-3.624464787860358639e-01	0.000000000000000000e+00
8.464397467932690544e-01	-4.888871722968283762e-01	0.000000000000000000e+00
8.464397467932690544e-01	-4.888871722968283762e-01	0.000000000000000000e+00
8.464397467932690544e-01	-4.888871722968283762e-01	0.000000000000000000e+00
8.464397467932690544e-01	-4.325418788446881435e-01	0.000000000000000000e+00
8.464397467932690544e-01	-4.325418788446881435e-01	0.000000000000000000e+00
8.464397467932690544e-01	-4.325418788446881435e-01	0.000000000000000000e+00
8.464397467932690544e-01	-4.792743826961451958e-01	0.000000000000000000e+00
8.464397467932690544e-01	-4.792743826961451958e-01	0.000000000000000000e+00
8.464397467932690544e-01	-4.792743826961451958e-01	0.000000000000000000e+00
8.464397467932690544e-01	-4.792743826961451958e-01	0.000000000000000000e+00
8.464397467932690544e-01	-4.792743826961451958e-01	0.000000000000000000e+00
8.464397467932690544e-01	-4.792743826961451958e-01	0.000000000000000000e+00
8.464397467932690544e-01	-4.841819373385785052e-01	0.000000000000000000e+00
8.464397467932690544e-01	-4.833611687840117521e-01	0.000000000000000000e+00
