0.000000000000000000e+00	1.027053735747153640e+00	0.000000000000000000e+00
3.417522140452777107e-03	9.492917266219363936e-01	0.000000000000000000e+00
1.915298309707294186e-02	8.550807080121637371e-01	0.000000000000000000e+00
4.017820775841697556e-02	7.702109607943246061e-01	0.000000000000000000e+00
4.017820775841697556e-02	7.702109607943246061e-01	0.000000000000000000e+00
4.017820775841697556e-02	7.702109607943246061e-01	0.000000000000000000e+00
8.143967411498205522e-02	6.725796242183802454e-01	0.000000000000000000e+00
8.143967411498205522e-02	6.725796242183802454e-01	0.000000000000000000e+00
8.143967411498205522e-02	6.725796242183802454e-01	0.000000000000000000e+00
8.143967411498205522e-02	6.725796242183802454e-01	0.000000000000000000e+00
8.143967411498205522e-02	6.779215638127980004e-01	0.000000000000000000e+00
8.143967411498205522e-02	6.779215638127980004e-01	0.000000000000000000e+00
1.902137496514600123e-01	6.270295912930119453e-01	0.000000000000000000e+00
1.968378078504486317e-01	5.789733150899291081e-01	0.000000000000000000e+00
1.968378078504486317e-01	5.789733150899291081e-01	0.000000000000000000e+00
2.185168522938656377e-01	4.409259772170284197e-01	0.000000000000000000e+00
2.185168522938656377e-01	4.176476239685115166e-01	0.000000000000000000e+00
2.185168522938656377e-01	4.176476239685115166e-01	0.000000000000000000e+00
2.383422129669751088e-01	2.952664206840179273e-01	0.000000000000000000e+00
2.383422129669751088e-01	2.952664206840179273e-01	0.000000000000000000e+00
2.475741769915927593e-01	2.592835741043572617e-01	0.000000000000000000e+00
2.475741769915927593e-01	2.592835741043572617e-01	0.000000000000000000e+00
2.475741769915927593e-01	2.592835741043572617e-01	0.000000000000000000e+00
2.475741769915927593e-01	2.592835741043572617e-01	0.000000000000000000e+00
2.475741769915927593e-01	2.592835741043572617e-01	0.000000000000000000e+00
2.475741769915927593e-01	2.592835741043572617e-01	0.000000000000000000e+00
2.475741769915927593e-01	2.592835741043572617e-01	0.000000000000000000e+00
2.475741769915927593e-01	2.592835741043572617e-01	0.000000000000000000e+00
2.475741769915927593e-01	2.592835741043572617e-01	0.000000000000000000e+00
2.475741769915927593e-01	2.607450974321341430e-01	0.000000000000000000e+00
4.166910046541408841e-01	1.648421005102748693e-01	0.000000000000000000e+00
4.166910046541408841e-01	1.648421005102748693e-01	0.000000000000000000e+00
4.166910046541408841e-01	1.557404825824696970e-01	0.000000000000000000e+00
4.279962325023880521e-01	3.433432192827395174e-02	0.000000000000000000e+00
4.279962325023880521e-01	3.433432192827395174e-02	0.000000000000000000e+00
4.279962325023880521e-01	3.433432192827395174e-02	0.000000000000000000e+00
4.279962325023880521e-01	3.433432192827395174e-02	0.000000000000000000e+00
4.450718589304645256e-01	-9.521780836586864194e-02	0.000000000000000000e+00
4.450718589304645256e-01	-9.521780836586864194e-02	0.000000000000000000e+00
4.450718589304645256e-01	-9.521780836586864194e-02	0.000000000000000000e+00
4.450718589304645256e-01	-9.521780836586864194e-02	0.000000000000000000e+00
4.450718589304645256e-01	-9.647335659677554187e-02	0.000000000000000000e+00
4.558672985378427467e-01	-1.150759286839645179e-01	0.000000000000000000e+00
4.558672985378427467e-01	-1.150759286839645179e-01	0.000000000000000000e+00
4.558672985378427467e-01	-1.150759286839645179e-01	0.000000000000000000e+00
4.558672985378427467e-01	-1.150759286839645179e-01	0.000000000000000000e+00
4.558672985378427467e-01	-1.150759286839645179e-01	0.000000000000000000e+00
4.558672985378427467e-01	-1.150759286839645179e-01	0.000000000000000000e+00
4.558672985378427467e-01	-1.150759286839645179e-01	0.000000000000000000e+00
4.558672985378427467e-01	-1.150759286839645179e-01	0.000000000000000000e+00
4.558672985378427467e-01	-1.150759286839645179e-01	0.000000000000000000e+00
6.324795298192569248e-01	-2.924841736095568634e-01	0.000000000000000000e+00
6.324795298192569248e-01	-2.896228355914814423e-01	0.000000000000000000e+00
6.324795298192569248e-01	-2.896228355914814423e-01	0.000000000000000000e+00
6.324795298192569248e-01	-2.896228355914814423e-01	0.000000000000000000e+00
6.324795298192569248e-01	-2.896228355914814423e-01	0.000000000000000000e+00
6.324795298192569248e-01	-2.896228355914814423e-01	0.000000000000000000e+00
6.324795298192569248e-01	-2.896228355914814423e-01	0.000000000000000000e+00
6.324795298192569248e-01	-2.896228355914814423e-01	0.000000000000000000e+00
6.324795298192569248e-01	-3.046875506236070841e-01	0.000000000000000000e+00
6.324795298192569248e-01	-3.137694886953375506e-01	0.000000000000000000e+00
6.389539838990501153e-01	-3.719839975805095955e-01	0.000000000000000000e+00
6.389539838990501153e-01	-3.719839975805095955e-01	0.000000000000000000e+00
6.389539838990501153e-01	-3.719839975805095955e-01	0.000000000000000000e+00
6.389539838990501153e-01	-3.807103706175058999e-01	0.000000000000000000e+00
6.389539838990501153e-01	-3.845789221569582694e-01	0.000000000000000000e+00
6.389539838990501153e-01	-3.845789221569582694e-01	0.000000000000000000e+00
6.389539838990501153e-01	-3.845789221569582694e-01	0.000000000000000000e+00
6.389539838990501153e-01	-3.845789221569582694e-01	0.000000000000000000e+00
6.389539838990501153e-01	-3.845789221569582694e-01	0.000000000000000000e+00
6.389539838990501153e-01	-3.845789221569582694e-01	0.000000000000000000e+00
8.338442715665176364e-01	-6.017740442857880678e-01	0.000000000000000000e+00
8.338442715665176364e-01	-5.936526094198506520e-01	0.000000000000000000e+00
8.338442715665176364e-01	-5.936526094198506520e-01	0.000000000000000000e+00
8.338442715665176364e-01	-5.859020939704496778e-01	0.000000000000000000e+00
8.338442715665176364e-01	-5.859020939704496778e-01	0.000000000000000000e+00
8.338442715665176364e-01	-5.810795267713465551e-01	0.000000000000000000e+00
8.338442715665176364e-01	-5.810795267713465551e-01	0.000000000000000000e+00
8.338442715665176364e-01	-5.810795267713465551e-01	0.000000000000000000e+00
8.338442715665176364e-01	-5.810795267713465551e-01	0.000000000000000000e+00
8.338442715665176364e-01	-5.810795267713465551e-01	0.000000000000000000e+00
8.338442715665176364e-01	-5.810795267713465551e-01	0.000000000000000000e+00
8.338442715665176364e-01	-5.810795267713465551e-01	0.000000000000000000e+00
8.338442715665176364e-01	-5.810795267713465551e-01	0.000000000000000000e+00
8.338442715665176364e-01	-5.810795267713465551e-01	0.000000000000000000e+00
8.338442715665176364e-01	-5.944062445766371550e-01	0.000000000000000000e+00
8.464397467932690544e-01	-7.209852561862928333e-01	0.000000000000000000e+00
8.464397467932690544e-01	-7.209852561862928333e-01	0.000000000000000000e+00
8.464397467932690544e-01	-7.135085236596324654e-01	0.000000000000000000e+00
8.464397467932690544e-01	-7.135085236596324654e-01	0.000000000000000000e+00
8.464397467932690544e-01	-7.024412100997153852e-01	0.000000000000000000e+00
8.464397467932690544e-01	-7.024412100997153852e-01	0.000000000000000000e+00
8.464397467932690544e-01	-7.195028872418891552e-01	0.000000000000000000e+00
8.464397467932690544e-01	-7.195028872418891552e-01	0.000000000000000000e+00
8.464397467932690544e-01	-7.195028872418891552e-01	0.000000000000000000e+00
8.464397467932690544e-01	-7.195028872418891552e-01	0.000000000000000000e+00
8.464397467932690544e-01	-7.195028872418891552e-01	0.000000000000000000e+00
8.464397467932690544e-01	-7.195028872418891552e-01	0.000000000000000000e+00
8.464397467932690544e-01	-7.264160382633045865e-01	0.000000000000000000e+00
8.464397467932690544e-01	-7.264160382633045865e-01	0.000000000000000000e+00
