0.000000000000000000e+00	1.000388486354403250e+00	0.000000000000000000e+00
3.417522140452777107e-03	9.450592493354039725e-01	0.000000000000000000e+00
1.915298309707294186e-02	8.536184755310227690e-01	0.000000000000000000e+00
4.017820775841697556e-02	7.616238733508936543e-01	0.000000000000000000e+00
4.017820775841697556e-02	7.616238733508936543e-01	0.000000000000000000e+00
7.466280315931503320e-02	6.760519434529035365e-01	0.000000000000000000e+00
8.143967411498205522e-02	6.701155257779528585e-01	0.000000000000000000e+00
8.143967411498205522e-02	6.701155257779528585e-01	0.000000000000000000e+00
8.143967411498205522e-02	6.701155257779528585e-01	0.000000000000000000e+00
8.143967411498205522e-02	6.701155257779528585e-01	0.000000000000000000e+00
8.143967411498205522e-02	6.701155257779528585e-01	0.000000000000000000e+00
8.143967411498205522e-02	6.701155257779528585e-01	0.000000000000000000e+00
1.902137496514600123e-01	6.338887366683433333e-01	0.000000000000000000e+00
1.968378078504486317e-01	5.789733150899291081e-01	0.000000000000000000e+00
1.968378078504486317e-01	5.789733150899291081e-01	0.000000000000000000e+00
2.185168522938656377e-01	4.218922738074536993e-01	0.000000000000000000e+00
2.185168522938656377e-01	4.155262041503494652e-01	0.000000000000000000e+00
2.383422129669751088e-01	2.915799594210198853e-01	0.000000000000000000e+00
2.383422129669751088e-01	3.017244251363483953e-01	0.000000000000000000e+00
2.383422129669751088e-01	2.908998102012036457e-01	0.000000000000000000e+00
2.475741769915927593e-01	2.572043094746527259e-01	0.000000000000000000e+00
2.475741769915927593e-01	2.572043094746527259e-01	0.000000000000000000e+00
2.475741769915927593e-01	2.572043094746527259e-01	0.000000000000000000e+00
2.475741769915927593e-01	2.562251217557416916e-01	0.000000000000000000e+00
2.475741769915927593e-01	2.562251217557416916e-01	0.000000000000000000e+00
2.475741769915927593e-01	2.562251217557416916e-01	0.000000000000000000e+00
2.475741769915927593e-01	2.562251217557416916e-01	0.000000000000000000e+00
2.475741769915927593e-01	2.562251217557416916e-01	0.000000000000000000e+00
2.475741769915927593e-01	2.562251217557416916e-01	0.000000000000000000e+00
2.475741769915927593e-01	2.562251217557416916e-01	0.000000000000000000e+00
4.166910046541408841e-01	1.618657910293488933e-01	0.000000000000000000e+00
4.166910046541408841e-01	1.618657910293488933e-01	0.000000000000000000e+00
4.166910046541408841e-01	1.533986845102941199e-01	0.000000000000000000e+00
4.279962325023880521e-01	2.871295261475691890e-02	0.000000000000000000e+00
4.279962325023880521e-01	5.025252541264887962e-02	0.000000000000000000e+00
4.279962325023880521e-01	2.871295261475691890e-02	0.000000000000000000e+00
4.279962325023880521e-01	1.993907612161293849e-02	0.000000000000000000e+00
4.450718589304645256e-01	-9.934005288035221981e-02	0.000000000000000000e+00
4.450718589304645256e-01	-9.934005288035221981e-02	0.000000000000000000e+00
4.450718589304645256e-01	-9.934005288035221981e-02	0.000000000000000000e+00
4.450718589304645256e-01	-9.934005288035221981e-02	0.000000000000000000e+00
4.450718589304645256e-01	-1.050412562410316802e-01	0.000000000000000000e+00
4.558672985378427467e-01	-1.161063750559093860e-01	0.000000000000000000e+00
4.558672985378427467e-01	-1.161063750559093860e-01	0.000000000000000000e+00
4.558672985378427467e-01	-1.161063750559093860e-01	0.000000000000000000e+00
4.558672985378427467e-01	-1.161063750559093860e-01	0.000000000000000000e+00
4.558672985378427467e-01	-1.161063750559093860e-01	0.000000000000000000e+00
4.558672985378427467e-01	-1.161063750559093860e-01	0.000000000000000000e+00
4.558672985378427467e-01	-1.154201589158494190e-01	0.000000000000000000e+00
4.558672985378427467e-01	-1.154201589158494190e-01	0.000000000000000000e+00
6.324795298192569248e-01	-2.862276303235565811e-01	0.000000000000000000e+00
6.324795298192569248e-01	-2.862276303235565811e-01	0.000000000000000000e+00
6.324795298192569248e-01	-2.862276303235565811e-01	0.000000000000000000e+00
6.324795298192569248e-01	-2.862276303235565811e-01	0.000000000000000000e+00
6.324795298192569248e-01	-2.862276303235565811e-01	0.000000000000000000e+00
6.324795298192569248e-01	-2.904403949739819968e-01	0.000000000000000000e+00
6.324795298192569248e-01	-2.904403949739819968e-01	0.000000000000000000e+00
6.324795298192569248e-01	-2.904403949739819968e-01	0.000000000000000000e+00
6.324795298192569248e-01	-3.066126647228203939e-01	0.000000000000000000e+00
6.389539838990501153e-01	-3.930453104204599812e-01	0.000000000000000000e+00
6.389539838990501153e-01	-3.819527306346632289e-01	0.000000000000000000e+00
6.389539838990501153e-01	-3.819527306346632289e-01	0.000000000000000000e+00
6.389539838990501153e-01	-3.819527306346632289e-01	0.000000000000000000e+00
6.389539838990501153e-01	-3.819527306346632289e-01	0.000000000000000000e+00
6.389539838990501153e-01	-3.886626262768991813e-01	0.000000000000000000e+00
6.389539838990501153e-01	-3.886626262768991813e-01	0.000000000000000000e+00
6.389539838990501153e-01	-3.886626262768991813e-01	0.000000000000000000e+00
6.389539838990501153e-01	-3.886626262768991813e-01	0.000000000000000000e+00
6.389539838990501153e-01	-3.886626262768991813e-01	0.000000000000000000e+00
6.389539838990501153e-01	-3.886626262768991813e-01	0.000000000000000000e+00
8.338442715665176364e-01	-6.105524899219370027e-01	0.000000000000000000e+00
8.338442715665176364e-01	-6.105524899219370027e-01	0.000000000000000000e+00
8.338442715665176364e-01	-6.105524899219370027e-01	0.000000000000000000e+00
8.338442715665176364e-01	-6.105524899219370027e-01	0.000000000000000000e+00
8.338442715665176364e-01	-6.156834392844307002e-01	0.000000000000000000e+00
8.338442715665176364e-01	-6.156834392844307002e-01	0.000000000000000000e+00
8.338442715665176364e-01	-5.961306199551725804e-01	0.000000000000000000e+00
8.338442715665176364e-01	-5.961306199551725804e-01	0.000000000000000000e+00
8.338442715665176364e-01	-5.961306199551725804e-01	0.000000000000000000e+00
8.338442715665176364e-01	-5.961306199551725804e-01	0.000000000000000000e+00
8.338442715665176364e-01	-5.961306199551725804e-01	0.000000000000000000e+00
8.338442715665176364e-01	-5.961306199551725804e-01	0.000000000000000000e+00
8.338442715665176364e-01	-5.961306199551725804e-01	0.000000000000000000e+00
8.338442715665176364e-01	-5.961306199551725804e-01	0.000000000000000000e+00
8.338442715665176364e-01	-5.956336865332463315e-01	0.000000000000000000e+00
8.338442715665176364e-01	-6.049056874788322213e-01	0.000000000000000000e+00
8.338442715665176364e-01	-6.152320160069483235e-01	0.000000000000000000e+00
8.464397467932690544e-01	-7.321543402524115507e-01	0.000000000000000000e+00
8.464397467932690544e-01	-7.367836258898473600e-01	0.000000000000000000e+00
8.464397467932690544e-01	-7.367836258898473600e-01	0.000000000000000000e+00
8.464397467932690544e-01	-7.367836258898473600e-01	0.000000000000000000e+00
8.464397467932690544e-01	-7.367836258898473600e-01	0.000000000000000000e+00
8.464397467932690544e-01	-7.367836258898473600e-01	0.000000000000000000e+00
8.464397467932690544e-01	-7.367836258898473600e-01	0.000000000000000000e+00
8.464397467932690544e-01	-7.367836258898473600e-01	0.000000000000000000e+00
8.464397467932690544e-01	-7.367836258898473600e-01	0.000000000000000000e+00
8.464397467932690544e-01	-7.239364184648502398e-01	0.000000000000000000e+00
8.464397467932690544e-01	-7.239364184648502398e-01	0.000000000000000000e+00
8.464397467932690544e-01	-7.411859820991792969e-01	0.000000000000000000e+00
8.464397467932690544e-01	-7.411859820991792969e-01	0.000000000000000000e+00
