2.430656162948696686e-02	2.122478197467184913e+00	0.000000000000000000e+00
2.430656162948696686e-02	2.122478197467184913e+00	0.000000000000000000e+00
2.430656162948696686e-02	2.040846735620585051e+00	0.000000000000000000e+00
2.430656162948696686e-02	2.040846735620585051e+00	0.000000000000000000e+00
6.409257357983977332e-02	1.844475107191911878e+00	0.000000000000000000e+00
6.409257357983977332e-02	1.844475107191911878e+00	0.000000000000000000e+00
1.113973826987030846e-01	1.675870068127103707e+00	0.000000000000000000e+00
1.113973826987030846e-01	1.675870068127103707e+00	0.000000000000000000e+00
1.113973826987030846e-01	1.552432562075446443e+00	0.000000000000000000e+00
1.113973826987030846e-01	1.552432562075446443e+00	0.000000000000000000e+00
1.113973826987030846e-01	1.552432562075446443e+00	0.000000000000000000e+00
1.113973826987030846e-01	1.552432562075446443e+00	0.000000000000000000e+00
1.113973826987030846e-01	1.552432562075446443e+00	0.000000000000000000e+00
1.113973826987030846e-01	1.552432562075446443e+00	0.000000000000000000e+00
1.113973826987030846e-01	1.552432562075446443e+00	0.000000000000000000e+00
1.113973826987030846e-01	1.552432562075446443e+00	0.000000000000000000e+00
1.113973826987030846e-01	1.566680320260777970e+00	0.000000000000000000e+00
1.113973826987030846e-01	1.566680320260777970e+00	0.000000000000000000e+00
1.799159712290041013e-01	1.571203629697947468e+00	0.000000000000000000e+00
1.799159712290041013e-01	1.571203629697947468e+00	0.000000000000000000e+00
1.799159712290041013e-01	1.571203629697947468e+00	0.000000000000000000e+00
4.000332405792497159e-01	1.210465613255519823e+00	0.000000000000000000e+00
4.000332405792497159e-01	1.210465613255519823e+00	0.000000000000000000e+00
4.000332405792497159e-01	1.210465613255519823e+00	0.000000000000000000e+00
4.000332405792497159e-01	1.210465613255519823e+00	0.000000000000000000e+00
4.000332405792497159e-01	1.210465613255519823e+00	0.000000000000000000e+00
4.166910046541408841e-01	1.098893164948801404e+00	0.000000000000000000e+00
4.166910046541408841e-01	1.098893164948801404e+00	0.000000000000000000e+00
4.166910046541408841e-01	1.057579115651918977e+00	0.000000000000000000e+00
4.319722623713879717e-01	9.555823386836090894e-01	0.000000000000000000e+00
4.315876725257591917e-01	9.216237465628582815e-01	0.000000000000000000e+00
4.319722623713879717e-01	9.555823386836090894e-01	0.000000000000000000e+00
4.319722623713879717e-01	8.914741243535297954e-01	0.000000000000000000e+00
4.319722623713879717e-01	8.914741243535297954e-01	0.000000000000000000e+00
4.450718589304645256e-01	8.071298420777501814e-01	0.000000000000000000e+00
4.450718589304645256e-01	7.745905509137831491e-01	0.000000000000000000e+00
4.450718589304645256e-01	7.407008753869783746e-01	0.000000000000000000e+00
4.450718589304645256e-01	7.407008753869783746e-01	0.000000000000000000e+00
4.450718589304645256e-01	7.407008753869783746e-01	0.000000000000000000e+00
4.450718589304645256e-01	7.407008753869783746e-01	0.000000000000000000e+00
4.450718589304645256e-01	7.396656462619952688e-01	0.000000000000000000e+00
4.450718589304645256e-01	7.396656462619952688e-01	0.000000000000000000e+00
4.450718589304645256e-01	7.396656462619952688e-01	0.000000000000000000e+00
4.450718589304645256e-01	7.396656462619952688e-01	0.000000000000000000e+00
4.450718589304645256e-01	7.396656462619952688e-01	0.000000000000000000e+00
4.450718589304645256e-01	7.396656462619952688e-01	0.000000000000000000e+00
4.450718589304645256e-01	7.396656462619952688e-01	0.000000000000000000e+00
6.389539838990501153e-01	4.187647501423297780e-01	0.000000000000000000e+00
6.389539838990501153e-01	4.187647501423297780e-01	0.000000000000000000e+00
6.389539838990501153e-01	4.187647501423297780e-01	0.000000000000000000e+00
6.389539838990501153e-01	4.187647501423297780e-01	0.000000000000000000e+00
6.389539838990501153e-01	4.187647501423297780e-01	0.000000000000000000e+00
6.389539838990501153e-01	4.108317712724157689e-01	0.000000000000000000e+00
6.389539838990501153e-01	4.108317712724157689e-01	0.000000000000000000e+00
6.389539838990501153e-01	4.108317712724157689e-01	0.000000000000000000e+00
6.389539838990501153e-01	4.108317712724157689e-01	0.000000000000000000e+00
6.389539838990501153e-01	4.108317712724157689e-01	0.000000000000000000e+00
6.389539838990501153e-01	4.108317712724157689e-01	0.000000000000000000e+00
6.389539838990501153e-01	4.108317712724157689e-01	0.000000000000000000e+00
6.389539838990501153e-01	4.108317712724157689e-01	0.000000000000000000e+00
6.389539838990501153e-01	2.948272086977804518e-01	0.000000000000000000e+00
6.389539838990501153e-01	2.948272086977804518e-01	0.000000000000000000e+00
6.389539838990501153e-01	3.126979995623555553e-01	0.000000000000000000e+00
6.389539838990501153e-01	3.126979995623555553e-01	0.000000000000000000e+00
6.389539838990501153e-01	3.126979995623555553e-01	0.000000000000000000e+00
6.389539838990501153e-01	3.126979995623555553e-01	0.000000000000000000e+00
6.389539838990501153e-01	3.126979995623555553e-01	0.000000000000000000e+00
6.389539838990501153e-01	3.126979995623555553e-01	0.000000000000000000e+00
6.389539838990501153e-01	3.126979995623555553e-01	0.000000000000000000e+00
6.389539838990501153e-01	3.126979995623555553e-01	0.000000000000000000e+00
6.389539838990501153e-01	3.273455617410772622e-01	0.000000000000000000e+00
6.389539838990501153e-01	3.273455617410772622e-01	0.000000000000000000e+00
8.338442715665176364e-01	1.189902765790451372e-01	0.000000000000000000e+00
8.338442715665176364e-01	1.189902765790451372e-01	0.000000000000000000e+00
8.338442715665176364e-01	1.189902765790451372e-01	0.000000000000000000e+00
8.338442715665176364e-01	1.189902765790451372e-01	0.000000000000000000e+00
8.338442715665176364e-01	1.189902765790451372e-01	0.000000000000000000e+00
8.338442715665176364e-01	1.189902765790451372e-01	0.000000000000000000e+00
8.338442715665176364e-01	1.189902765790451372e-01	0.000000000000000000e+00
8.338442715665176364e-01	1.189902765790451372e-01	0.000000000000000000e+00
8.338442715665176364e-01	1.737423513721366164e-01	0.000000000000000000e+00
8.338442715665176364e-01	1.737423513721366164e-01	0.000000000000000000e+00
8.338442715665176364e-01	1.737423513721366164e-01	0.000000000000000000e+00
8.338442715665176364e-01	1.630128733725681456e-01	0.000000000000000000e+00
8.338442715665176364e-01	1.630128733725681456e-01	0.000000000000000000e+00
8.338442715665176364e-01	1.630128733725681456e-01	0.000000000000000000e+00
8.338442715665176364e-01	1.492701854503517556e-01	0.000000000000000000e+00
8.604983223132651737e-01	2.156938648141476858e-02	0.000000000000000000e+00
8.338442715665176364e-01	1.053716854617312015e-01	0.000000000000000000e+00
8.338442715665176364e-01	1.053716854617312015e-01	0.000000000000000000e+00
8.604983223132651737e-01	1.281410447969742565e-02	0.000000000000000000e+00
8.604983223132651737e-01	1.281410447969742565e-02	0.000000000000000000e+00
8.604983223132651737e-01	1.658960658069222674e-02	0.000000000000000000e+00
8.604983223132651737e-01	1.658960658069222674e-02	0.000000000000000000e+00
8.604983223132651737e-01	1.658960658069222674e-02	0.000000000000000000e+00
8.604983223132651737e-01	1.658960658069222674e-02	0.000000000000000000e+00
8.604983223132651737e-01	1.658960658069222674e-02	0.000000000000000000e+00
8.604983223132651737e-01	1.658960658069222674e-02	0.000000000000000000e+00
8.604983223132651737e-01	1.658960658069222674e-02	0.000000000000000000e+00
8.604983223132651737e-01	1.658960658069222674e-02	0.000000000000000000e+00
