2.430656162948696686e-02	2.055377565968166564e+00	0.000000000000000000e+00
2.430656162948696686e-02	2.055377565968166564e+00	0.000000000000000000e+00
2.430656162948696686e-02	2.040846735620585051e+00	0.000000000000000000e+00
2.430656162948696686e-02	2.040846735620585051e+00	0.000000000000000000e+00
6.409257357983977332e-02	1.852440827796790979e+00	0.000000000000000000e+00
6.409257357983977332e-02	1.852440827796790979e+00	0.000000000000000000e+00
1.113973826987030846e-01	1.700808461532035576e+00	0.000000000000000000e+00
1.113973826987030846e-01	1.700808461532035576e+00	0.000000000000000000e+00
1.113973826987030846e-01	1.700808461532035576e+00	0.000000000000000000e+00
1.113973826987030846e-01	1.700808461532035576e+00	0.000000000000000000e+00
1.113973826987030846e-01	1.700808461532035576e+00	0.000000000000000000e+00
1.113973826987030846e-01	1.593097369217473025e+00	0.000000000000000000e+00
1.113973826987030846e-01	1.593097369217473025e+00	0.000000000000000000e+00
1.113973826987030846e-01	1.593097369217473025e+00	0.000000000000000000e+00
1.113973826987030846e-01	1.593097369217473025e+00	0.000000000000000000e+00
1.113973826987030846e-01	1.593097369217473025e+00	0.000000000000000000e+00
1.113973826987030846e-01	1.593097369217473025e+00	0.000000000000000000e+00
1.113973826987030846e-01	1.593097369217473025e+00	0.000000000000000000e+00
1.113973826987030846e-01	1.593097369217473025e+00	0.000000000000000000e+00
1.113973826987030846e-01	1.613124575862386889e+00	0.000000000000000000e+00
1.113973826987030846e-01	1.613124575862386889e+00	0.000000000000000000e+00
4.000332405792497159e-01	1.246747937413356544e+00	0.000000000000000000e+00
4.000332405792497159e-01	1.246747937413356544e+00	0.000000000000000000e+00
4.000332405792497159e-01	1.246747937413356544e+00	0.000000000000000000e+00
4.000332405792497159e-01	1.246747937413356544e+00	0.000000000000000000e+00
4.000332405792497159e-01	1.246747937413356544e+00	0.000000000000000000e+00
4.000332405792497159e-01	1.246747937413356544e+00	0.000000000000000000e+00
4.166910046541408841e-01	1.101273085196063484e+00	0.000000000000000000e+00
4.166910046541408841e-01	1.101273085196063484e+00	0.000000000000000000e+00
4.166910046541408841e-01	1.101273085196063484e+00	0.000000000000000000e+00
4.319722623713879717e-01	9.742170854442049333e-01	0.000000000000000000e+00
4.319722623713879717e-01	9.742170854442049333e-01	0.000000000000000000e+00
4.319722623713879717e-01	9.742170854442049333e-01	0.000000000000000000e+00
4.319722623713879717e-01	8.921011237741630628e-01	0.000000000000000000e+00
4.319722623713879717e-01	9.395672930013744262e-01	0.000000000000000000e+00
4.450718589304645256e-01	8.196690268717750083e-01	0.000000000000000000e+00
4.450718589304645256e-01	7.831274452322913859e-01	0.000000000000000000e+00
4.450718589304645256e-01	7.831274452322913859e-01	0.000000000000000000e+00
4.450718589304645256e-01	7.831274452322913859e-01	0.000000000000000000e+00
4.450718589304645256e-01	7.831274452322913859e-01	0.000000000000000000e+00
4.450718589304645256e-01	7.831274452322913859e-01	0.000000000000000000e+00
4.450718589304645256e-01	7.831274452322913859e-01	0.000000000000000000e+00
4.450718589304645256e-01	7.831274452322913859e-01	0.000000000000000000e+00
4.450718589304645256e-01	7.831274452322913859e-01	0.000000000000000000e+00
4.450718589304645256e-01	7.996491990895469026e-01	0.000000000000000000e+00
4.450718589304645256e-01	7.996491990895469026e-01	0.000000000000000000e+00
4.450718589304645256e-01	7.996491990895469026e-01	0.000000000000000000e+00
4.450718589304645256e-01	7.996491990895469026e-01	0.000000000000000000e+00
6.389539838990501153e-01	4.548991954709531993e-01	0.000000000000000000e+00
6.389539838990501153e-01	4.548991954709531993e-01	0.000000000000000000e+00
6.389539838990501153e-01	4.548991954709531993e-01	0.000000000000000000e+00
6.389539838990501153e-01	4.548991954709531993e-01	0.000000000000000000e+00
6.389539838990501153e-01	4.548991954709531993e-01	0.000000000000000000e+00
6.389539838990501153e-01	4.548991954709531993e-01	0.000000000000000000e+00
6.389539838990501153e-01	4.548991954709531993e-01	0.000000000000000000e+00
6.389539838990501153e-01	3.604021136642367451e-01	0.000000000000000000e+00
6.389539838990501153e-01	3.604021136642367451e-01	0.000000000000000000e+00
6.389539838990501153e-01	3.904460190755735249e-01	0.000000000000000000e+00
6.389539838990501153e-01	3.904460190755735249e-01	0.000000000000000000e+00
6.389539838990501153e-01	3.687958928532382163e-01	0.000000000000000000e+00
6.389539838990501153e-01	3.687958928532382163e-01	0.000000000000000000e+00
6.389539838990501153e-01	3.687958928532382163e-01	0.000000000000000000e+00
6.389539838990501153e-01	3.687958928532382163e-01	0.000000000000000000e+00
6.389539838990501153e-01	3.687958928532382163e-01	0.000000000000000000e+00
6.389539838990501153e-01	3.687958928532382163e-01	0.000000000000000000e+00
6.389539838990501153e-01	3.687958928532382163e-01	0.000000000000000000e+00
6.389539838990501153e-01	3.687958928532382163e-01	0.000000000000000000e+00
6.389539838990501153e-01	3.718740016251185776e-01	0.000000000000000000e+00
6.389539838990501153e-01	3.718740016251185776e-01	0.000000000000000000e+00
6.389539838990501153e-01	3.718740016251185776e-01	0.000000000000000000e+00
6.389539838990501153e-01	3.273455617410772622e-01	0.000000000000000000e+00
6.389539838990501153e-01	3.273455617410772622e-01	0.000000000000000000e+00
8.338442715665176364e-01	5.432944391460039352e-02	0.000000000000000000e+00
8.338442715665176364e-01	5.432944391460039352e-02	0.000000000000000000e+00
8.338442715665176364e-01	5.432944391460039352e-02	0.000000000000000000e+00
8.338442715665176364e-01	1.239277922393122039e-01	0.000000000000000000e+00
8.338442715665176364e-01	1.239277922393122039e-01	0.000000000000000000e+00
8.338442715665176364e-01	1.266905136113005981e-01	0.000000000000000000e+00
8.338442715665176364e-01	1.266905136113005981e-01	0.000000000000000000e+00
8.338442715665176364e-01	1.266905136113005981e-01	0.000000000000000000e+00
8.338442715665176364e-01	1.266905136113005981e-01	0.000000000000000000e+00
8.338442715665176364e-01	1.266905136113005981e-01	0.000000000000000000e+00
8.338442715665176364e-01	1.266905136113005981e-01	0.000000000000000000e+00
8.338442715665176364e-01	9.688414317353358229e-02	0.000000000000000000e+00
8.338442715665176364e-01	1.023052799724696871e-01	0.000000000000000000e+00
8.338442715665176364e-01	1.023052799724696871e-01	0.000000000000000000e+00
8.338442715665176364e-01	1.023052799724696871e-01	0.000000000000000000e+00
8.338442715665176364e-01	1.023052799724696871e-01	0.000000000000000000e+00
8.338442715665176364e-01	1.023052799724696871e-01	0.000000000000000000e+00
8.338442715665176364e-01	1.023052799724696871e-01	0.000000000000000000e+00
8.338442715665176364e-01	1.431667182070329447e-01	0.000000000000000000e+00
8.338442715665176364e-01	1.431667182070329447e-01	0.000000000000000000e+00
8.338442715665176364e-01	1.431667182070329447e-01	0.000000000000000000e+00
8.338442715665176364e-01	1.431667182070329447e-01	0.000000000000000000e+00
8.338442715665176364e-01	1.344647332204664536e-01	0.000000000000000000e+00
8.338442715665176364e-01	1.264674934329307054e-01	0.000000000000000000e+00
8.338442715665176364e-01	1.264674934329307054e-01	0.000000000000000000e+00
8.338442715665176364e-01	1.264674934329307054e-01	0.000000000000000000e+00
8.338442715665176364e-01	1.264674934329307054e-01	0.000000000000000000e+00
8.338442715665176364e-01	1.264674934329307054e-01	0.000000000000000000e+00
