2.430656162948696686e-02	1.706243568399617772e+00	0.000000000000000000e+00
2.430656162948696686e-02	1.706243568399617772e+00	0.000000000000000000e+00
2.430656162948696686e-02	1.706243568399617772e+00	0.000000000000000000e+00
2.430656162948696686e-02	1.706243568399617772e+00	0.000000000000000000e+00
2.430656162948696686e-02	1.706243568399617772e+00	0.000000000000000000e+00
2.430656162948696686e-02	1.706243568399617772e+00	0.000000000000000000e+00
1.113973826987030846e-01	1.506757549334354129e+00	0.000000000000000000e+00
1.113973826987030846e-01	1.502713570504236484e+00	0.000000000000000000e+00
1.113973826987030846e-01	1.502713570504236484e+00	0.000000000000000000e+00
1.113973826987030846e-01	1.502713570504236484e+00	0.000000000000000000e+00
1.113973826987030846e-01	1.502713570504236484e+00	0.000000000000000000e+00
1.799159712290041013e-01	1.462244393096644002e+00	0.000000000000000000e+00
1.799159712290041013e-01	1.462244393096644002e+00	0.000000000000000000e+00
1.799159712290041013e-01	1.461637221997373004e+00	0.000000000000000000e+00
1.799159712290041013e-01	1.461637221997373004e+00	0.000000000000000000e+00
1.799159712290041013e-01	1.461637221997373004e+00	0.000000000000000000e+00
1.799159712290041013e-01	1.461637221997373004e+00	0.000000000000000000e+00
1.799159712290041013e-01	1.461637221997373004e+00	0.000000000000000000e+00
1.799159712290041013e-01	1.461637221997373004e+00	0.000000000000000000e+00
1.799159712290041013e-01	1.461637221997373004e+00	0.000000000000000000e+00
1.799159712290041013e-01	1.461637221997373004e+00	0.000000000000000000e+00
3.811257130336834775e-01	1.429592285388108008e+00	0.000000000000000000e+00
4.000332405792497159e-01	1.134095883418657191e+00	0.000000000000000000e+00
4.000332405792497159e-01	1.134095883418657191e+00	0.000000000000000000e+00
4.000332405792497159e-01	1.134095883418657191e+00	0.000000000000000000e+00
4.000332405792497159e-01	1.134095883418657191e+00	0.000000000000000000e+00
4.053749799303628665e-01	1.061321671191544080e+00	0.000000000000000000e+00
4.053749799303628665e-01	1.055383824835699036e+00	0.000000000000000000e+00
4.166910046541408841e-01	9.565679294520029741e-01	0.000000000000000000e+00
4.315876725257591917e-01	7.486092699525338512e-01	0.000000000000000000e+00
4.315876725257591917e-01	8.334440641541291939e-01	0.000000000000000000e+00
4.315876725257591917e-01	8.334440641541291939e-01	0.000000000000000000e+00
4.315876725257591917e-01	8.334440641541291939e-01	0.000000000000000000e+00
4.315876725257591917e-01	7.939105504045030903e-01	0.000000000000000000e+00
4.319722623713879717e-01	7.657015114135292677e-01	0.000000000000000000e+00
4.319722623713879717e-01	7.540507990102824909e-01	0.000000000000000000e+00
4.450718589304645256e-01	6.615630068639904993e-01	0.000000000000000000e+00
4.450718589304645256e-01	6.615630068639904993e-01	0.000000000000000000e+00
4.450718589304645256e-01	6.615630068639904993e-01	0.000000000000000000e+00
4.450718589304645256e-01	6.387492320111243238e-01	0.000000000000000000e+00
4.450718589304645256e-01	6.520709628825457349e-01	0.000000000000000000e+00
4.450718589304645256e-01	6.520709628825457349e-01	0.000000000000000000e+00
4.450718589304645256e-01	6.520709628825457349e-01	0.000000000000000000e+00
4.450718589304645256e-01	6.520709628825457349e-01	0.000000000000000000e+00
4.450718589304645256e-01	6.520709628825457349e-01	0.000000000000000000e+00
4.450718589304645256e-01	6.520709628825457349e-01	0.000000000000000000e+00
4.450718589304645256e-01	6.586406043698387336e-01	0.000000000000000000e+00
4.450718589304645256e-01	6.623984949738468408e-01	0.000000000000000000e+00
6.389539838990501153e-01	3.790004792627548746e-01	0.000000000000000000e+00
6.389539838990501153e-01	3.790004792627548746e-01	0.000000000000000000e+00
6.389539838990501153e-01	3.790004792627548746e-01	0.000000000000000000e+00
6.389539838990501153e-01	3.790004792627548746e-01	0.000000000000000000e+00
6.389539838990501153e-01	3.790004792627548746e-01	0.000000000000000000e+00
6.389539838990501153e-01	3.790004792627548746e-01	0.000000000000000000e+00
6.389539838990501153e-01	3.790004792627548746e-01	0.000000000000000000e+00
6.389539838990501153e-01	3.879318305342353002e-01	0.000000000000000000e+00
6.389539838990501153e-01	3.879318305342353002e-01	0.000000000000000000e+00
6.389539838990501153e-01	2.525071024201741010e-01	0.000000000000000000e+00
6.389539838990501153e-01	2.525071024201741010e-01	0.000000000000000000e+00
6.389539838990501153e-01	2.525071024201741010e-01	0.000000000000000000e+00
6.389539838990501153e-01	2.525071024201741010e-01	0.000000000000000000e+00
6.389539838990501153e-01	2.525071024201741010e-01	0.000000000000000000e+00
6.389539838990501153e-01	2.525071024201741010e-01	0.000000000000000000e+00
6.389539838990501153e-01	2.525071024201741010e-01	0.000000000000000000e+00
6.389539838990501153e-01	2.525071024201741010e-01	0.000000000000000000e+00
6.389539838990501153e-01	2.545280637198548135e-01	0.000000000000000000e+00
6.389539838990501153e-01	2.545280637198548135e-01	0.000000000000000000e+00
6.389539838990501153e-01	2.545280637198548135e-01	0.000000000000000000e+00
6.389539838990501153e-01	2.545280637198548135e-01	0.000000000000000000e+00
6.389539838990501153e-01	2.545280637198548135e-01	0.000000000000000000e+00
6.389539838990501153e-01	2.572940187342868668e-01	0.000000000000000000e+00
6.389539838990501153e-01	2.572940187342868668e-01	0.000000000000000000e+00
8.338442715665176364e-01	5.442508220178076533e-02	0.000000000000000000e+00
8.338442715665176364e-01	5.442508220178076533e-02	0.000000000000000000e+00
8.338442715665176364e-01	5.442508220178076533e-02	0.000000000000000000e+00
8.338442715665176364e-01	5.442508220178076533e-02	0.000000000000000000e+00
8.338442715665176364e-01	5.442508220178076533e-02	0.000000000000000000e+00
8.338442715665176364e-01	7.377246387074926082e-02	0.000000000000000000e+00
8.338442715665176364e-01	7.377246387074926082e-02	0.000000000000000000e+00
8.338442715665176364e-01	7.377246387074926082e-02	0.000000000000000000e+00
8.338442715665176364e-01	7.377246387074926082e-02	0.000000000000000000e+00
8.338442715665176364e-01	7.377246387074926082e-02	0.000000000000000000e+00
8.338442715665176364e-01	7.377246387074926082e-02	0.000000000000000000e+00
8.338442715665176364e-01	7.377246387074926082e-02	0.000000000000000000e+00
8.338442715665176364e-01	7.377246387074926082e-02	0.000000000000000000e+00
8.338442715665176364e-01	4.010286269003803666e-02	0.000000000000000000e+00
8.604983223132651737e-01	-3.529743744530836058e-02	0.000000000000000000e+00
8.604983223132651737e-01	-3.529743744530836058e-02	0.000000000000000000e+00
8.604983223132651737e-01	-3.971368597455780108e-02	0.000000000000000000e+00
8.604983223132651737e-01	-3.971368597455780108e-02	0.000000000000000000e+00
8.604983223132651737e-01	-3.971368597455780108e-02	0.000000000000000000e+00
8.604983223132651737e-01	-3.971368597455780108e-02	0.000000000000000000e+00
8.604983223132651737e-01	-3.971368597455780108e-02	0.000000000000000000e+00
8.604983223132651737e-01	-3.971368597455780108e-02	0.000000000000000000e+00
8.604983223132651737e-01	-3.971368597455780108e-02	0.000000000000000000e+00
8.604983223132651737e-01	-3.971368597455780108e-02	0.000000000000000000e+00
8.604983223132651737e-01	-3.300333530474167110e-02	0.000000000000000000e+00
8.604983223132651737e-01	-3.300333530474167110e-02	0.000000000000000000e+00
8.604983223132651737e-01	-3.300333530474167110e-02	0.000000000000000000e+00
8.604983223132651737e-01	-3.300333530474167110e-02	0.000000000000000000e+00
