0.000000000000000000e+00	1.101046687420148551e+00	0.000000000000000000e+00
3.417522140452777107e-03	1.029662930598280512e+00	0.000000000000000000e+00
1.915298309707294186e-02	9.547685944365438271e-01	0.000000000000000000e+00
4.017820775841697556e-02	8.216267638082836999e-01	0.000000000000000000e+00
4.017820775841697556e-02	8.216267638082836999e-01	0.000000000000000000e+00
8.143967411498205522e-02	7.273377258634491360e-01	0.000000000000000000e+00
8.143967411498205522e-02	7.247038622345386427e-01	0.000000000000000000e+00
8.143967411498205522e-02	7.247038622345386427e-01	0.000000000000000000e+00
8.143967411498205522e-02	7.247038622345386427e-01	0.000000000000000000e+00
8.143967411498205522e-02	7.247038622345386427e-01	0.000000000000000000e+00
8.143967411498205522e-02	7.247038622345386427e-01	0.000000000000000000e+00
8.143967411498205522e-02	7.247038622345386427e-01	0.000000000000000000e+00
1.902137496514600123e-01	6.716075661011504661e-01	0.000000000000000000e+00
1.968378078504486317e-01	6.258607779012251848e-01	0.000000000000000000e+00
2.185168522938656377e-01	4.991070963531920035e-01	0.000000000000000000e+00
2.185168522938656377e-01	4.991070963531920035e-01	0.000000000000000000e+00
2.185168522938656377e-01	4.361911260661419099e-01	0.000000000000000000e+00
2.185168522938656377e-01	4.361911260661419099e-01	0.000000000000000000e+00
2.475741769915927593e-01	2.801018756501670870e-01	0.000000000000000000e+00
2.475741769915927593e-01	2.801018756501670870e-01	0.000000000000000000e+00
2.475741769915927593e-01	2.720852714089285751e-01	0.000000000000000000e+00
2.475741769915927593e-01	2.720852714089285751e-01	0.000000000000000000e+00
2.475741769915927593e-01	2.720852714089285751e-01	0.000000000000000000e+00
2.475741769915927593e-01	2.720852714089285751e-01	0.000000000000000000e+00
2.475741769915927593e-01	2.720852714089285751e-01	0.000000000000000000e+00
2.475741769915927593e-01	2.720852714089285751e-01	0.000000000000000000e+00
2.475741769915927593e-01	2.739973645090295618e-01	0.000000000000000000e+00
2.475741769915927593e-01	2.739973645090295618e-01	0.000000000000000000e+00
2.475741769915927593e-01	2.739973645090295618e-01	0.000000000000000000e+00
2.475741769915927593e-01	2.773209443634668259e-01	0.000000000000000000e+00
4.166910046541408841e-01	1.964554658828298883e-01	0.000000000000000000e+00
4.166910046541408841e-01	1.964554658828298883e-01	0.000000000000000000e+00
4.279962325023880521e-01	5.609545504381786840e-02	0.000000000000000000e+00
4.279962325023880521e-01	5.609545504381786840e-02	0.000000000000000000e+00
4.279962325023880521e-01	5.609545504381786840e-02	0.000000000000000000e+00
4.279962325023880521e-01	5.609545504381786840e-02	0.000000000000000000e+00
4.279962325023880521e-01	3.947831649475548599e-02	0.000000000000000000e+00
4.450718589304645256e-01	-4.451136037574224269e-02	0.000000000000000000e+00
4.450718589304645256e-01	-4.451136037574224269e-02	0.000000000000000000e+00
4.450718589304645256e-01	-4.451136037574224269e-02	0.000000000000000000e+00
4.450718589304645256e-01	-7.316726083007860093e-02	0.000000000000000000e+00
4.450718589304645256e-01	-9.035835426693397676e-02	0.000000000000000000e+00
4.558672985378427467e-01	-1.039408723601112361e-01	0.000000000000000000e+00
4.558672985378427467e-01	-1.113930241377845964e-01	0.000000000000000000e+00
4.558672985378427467e-01	-1.113930241377845964e-01	0.000000000000000000e+00
4.558672985378427467e-01	-1.113930241377845964e-01	0.000000000000000000e+00
4.558672985378427467e-01	-1.113930241377845964e-01	0.000000000000000000e+00
4.558672985378427467e-01	-1.113930241377845964e-01	0.000000000000000000e+00
4.558672985378427467e-01	-1.113930241377845964e-01	0.000000000000000000e+00
4.558672985378427467e-01	-1.023660508711564249e-01	0.000000000000000000e+00
4.558672985378427467e-01	-1.023660508711564249e-01	0.000000000000000000e+00
6.324795298192569248e-01	-2.867581441193594594e-01	0.000000000000000000e+00
6.324795298192569248e-01	-2.662588003625093735e-01	0.000000000000000000e+00
6.324795298192569248e-01	-2.662588003625093735e-01	0.000000000000000000e+00
6.324795298192569248e-01	-2.662588003625093735e-01	0.000000000000000000e+00
6.324795298192569248e-01	-2.662588003625093735e-01	0.000000000000000000e+00
6.324795298192569248e-01	-2.662588003625093735e-01	0.000000000000000000e+00
6.324795298192569248e-01	-2.662588003625093735e-01	0.000000000000000000e+00
6.324795298192569248e-01	-2.978586868159840972e-01	0.000000000000000000e+00
6.324795298192569248e-01	-2.978586868159840972e-01	0.000000000000000000e+00
6.389539838990501153e-01	-3.734392357153464848e-01	0.000000000000000000e+00
6.389539838990501153e-01	-3.734392357153464848e-01	0.000000000000000000e+00
6.389539838990501153e-01	-3.734392357153464848e-01	0.000000000000000000e+00
6.389539838990501153e-01	-3.734392357153464848e-01	0.000000000000000000e+00
6.389539838990501153e-01	-3.734392357153464848e-01	0.000000000000000000e+00
6.389539838990501153e-01	-3.734392357153464848e-01	0.000000000000000000e+00
6.389539838990501153e-01	-3.734392357153464848e-01	0.000000000000000000e+00
6.389539838990501153e-01	-3.702319193214419490e-01	0.000000000000000000e+00
6.389539838990501153e-01	-3.702319193214419490e-01	0.000000000000000000e+00
6.389539838990501153e-01	-3.702319193214419490e-01	0.000000000000000000e+00
8.338442715665176364e-01	-5.785606744580463756e-01	0.000000000000000000e+00
8.338442715665176364e-01	-5.785606744580463756e-01	0.000000000000000000e+00
8.338442715665176364e-01	-5.804410755162673352e-01	0.000000000000000000e+00
8.338442715665176364e-01	-5.804410755162673352e-01	0.000000000000000000e+00
8.338442715665176364e-01	-5.517156644673524291e-01	0.000000000000000000e+00
8.338442715665176364e-01	-5.517156644673524291e-01	0.000000000000000000e+00
8.338442715665176364e-01	-5.517156644673524291e-01	0.000000000000000000e+00
8.338442715665176364e-01	-5.517156644673524291e-01	0.000000000000000000e+00
8.338442715665176364e-01	-5.517156644673524291e-01	0.000000000000000000e+00
8.338442715665176364e-01	-5.517156644673524291e-01	0.000000000000000000e+00
8.338442715665176364e-01	-5.517156644673524291e-01	0.000000000000000000e+00
8.338442715665176364e-01	-5.517156644673524291e-01	0.000000000000000000e+00
8.338442715665176364e-01	-5.884622430154983208e-01	0.000000000000000000e+00
8.338442715665176364e-01	-5.884622430154983208e-01	0.000000000000000000e+00
8.338442715665176364e-01	-5.884622430154983208e-01	0.000000000000000000e+00
8.338442715665176364e-01	-5.884622430154983208e-01	0.000000000000000000e+00
8.338442715665176364e-01	-5.941022261536735849e-01	0.000000000000000000e+00
8.464397467932690544e-01	-6.876708860636435716e-01	0.000000000000000000e+00
8.464397467932690544e-01	-6.923437782614720870e-01	0.000000000000000000e+00
8.464397467932690544e-01	-6.923437782614720870e-01	0.000000000000000000e+00
8.464397467932690544e-01	-6.998767663322108534e-01	0.000000000000000000e+00
8.464397467932690544e-01	-6.998767663322108534e-01	0.000000000000000000e+00
8.464397467932690544e-01	-6.998767663322108534e-01	0.000000000000000000e+00
8.464397467932690544e-01	-6.998767663322108534e-01	0.000000000000000000e+00
8.464397467932690544e-01	-6.998767663322108534e-01	0.000000000000000000e+00
8.464397467932690544e-01	-6.998767663322108534e-01	0.000000000000000000e+00
8.464397467932690544e-01	-6.998767663322108534e-01	0.000000000000000000e+00
8.464397467932690544e-01	-6.998767663322108534e-01	0.000000000000000000e+00
8.464397467932690544e-01	-7.007344207121964930e-01	0.000000000000000000e+00
8.464397467932690544e-01	-7.007344207121964930e-01	0.000000000000000000e+00
