2.430656162948696686e-02	4.179513107168666863e+00	0.000000000000000000e+00
2.430656162948696686e-02	4.179513107168666863e+00	0.000000000000000000e+00
4.287194516336823025e-02	3.905702103063094732e+00	0.000000000000000000e+00
4.287194516336823025e-02	3.905702103063094732e+00	0.000000000000000000e+00
4.287194516336823025e-02	3.905702103063094732e+00	0.000000000000000000e+00
4.287194516336823025e-02	3.905702103063094732e+00	0.000000000000000000e+00
4.287194516336823025e-02	3.905702103063094732e+00	0.000000000000000000e+00
4.287194516336823025e-02	3.905702103063094732e+00	0.000000000000000000e+00
4.287194516336823025e-02	3.905702103063094732e+00	0.000000000000000000e+00
4.287194516336823025e-02	3.887765039118598942e+00	0.000000000000000000e+00
4.287194516336823025e-02	3.887765039118598942e+00	0.000000000000000000e+00
4.287194516336823025e-02	3.887765039118598942e+00	0.000000000000000000e+00
4.287194516336823025e-02	3.887765039118598942e+00	0.000000000000000000e+00
4.287194516336823025e-02	3.887765039118598942e+00	0.000000000000000000e+00
4.287194516336823025e-02	3.887765039118598942e+00	0.000000000000000000e+00
4.287194516336823025e-02	3.887765039118598942e+00	0.000000000000000000e+00
4.287194516336823025e-02	3.887765039118598942e+00	0.000000000000000000e+00
4.319722623713879717e-01	2.814081369240579278e+00	0.000000000000000000e+00
4.319722623713879717e-01	2.814081369240579278e+00	0.000000000000000000e+00
4.319722623713879717e-01	2.814081369240579278e+00	0.000000000000000000e+00
4.319722623713879717e-01	2.814081369240579278e+00	0.000000000000000000e+00
4.319722623713879717e-01	2.865800255791775442e+00	0.000000000000000000e+00
4.319722623713879717e-01	2.865800255791775442e+00	0.000000000000000000e+00
4.319722623713879717e-01	2.865800255791775442e+00	0.000000000000000000e+00
4.319722623713879717e-01	2.996204387853946383e+00	0.000000000000000000e+00
4.319722623713879717e-01	2.996204387853946383e+00	0.000000000000000000e+00
4.319722623713879717e-01	2.996204387853946383e+00	0.000000000000000000e+00
4.319722623713879717e-01	3.006626015952155839e+00	0.000000000000000000e+00
4.319722623713879717e-01	3.006626015952155839e+00	0.000000000000000000e+00
4.319722623713879717e-01	2.849524756698984973e+00	0.000000000000000000e+00
4.319722623713879717e-01	2.849524756698984973e+00	0.000000000000000000e+00
4.319722623713879717e-01	2.849524756698984973e+00	0.000000000000000000e+00
4.319722623713879717e-01	2.849524756698984973e+00	0.000000000000000000e+00
4.319722623713879717e-01	2.849524756698984973e+00	0.000000000000000000e+00
4.319722623713879717e-01	2.849524756698984973e+00	0.000000000000000000e+00
4.319722623713879717e-01	2.849524756698984973e+00	0.000000000000000000e+00
4.319722623713879717e-01	2.849524756698984973e+00	0.000000000000000000e+00
4.319722623713879717e-01	2.849524756698984973e+00	0.000000000000000000e+00
4.319722623713879717e-01	2.856731194600374391e+00	0.000000000000000000e+00
6.850423123802679148e-01	2.712272519877927390e+00	0.000000000000000000e+00
8.258485939290005629e-01	2.892721026138304286e+00	0.000000000000000000e+00
8.258485939290005629e-01	2.892721026138304286e+00	0.000000000000000000e+00
8.258485939290005629e-01	2.665169656896201555e+00	0.000000000000000000e+00
8.258485939290005629e-01	2.665169656896201555e+00	0.000000000000000000e+00
8.258485939290005629e-01	2.813847707694137057e+00	0.000000000000000000e+00
8.567008762461806315e-01	2.323499587147393797e+00	0.000000000000000000e+00
8.567008762461806315e-01	2.323499587147393797e+00	0.000000000000000000e+00
8.567008762461806315e-01	2.323499587147393797e+00	0.000000000000000000e+00
8.567008762461806315e-01	2.323499587147393797e+00	0.000000000000000000e+00
8.567008762461806315e-01	2.477022969324558677e+00	0.000000000000000000e+00
8.567008762461806315e-01	2.477022969324558677e+00	0.000000000000000000e+00
8.567008762461806315e-01	2.477022969324558677e+00	0.000000000000000000e+00
8.567008762461806315e-01	2.477022969324558677e+00	0.000000000000000000e+00
8.567008762461806315e-01	2.477022969324558677e+00	0.000000000000000000e+00
8.567008762461806315e-01	2.477022969324558677e+00	0.000000000000000000e+00
8.567008762461806315e-01	2.341685047201599090e+00	0.000000000000000000e+00
8.567008762461806315e-01	2.341685047201599090e+00	0.000000000000000000e+00
8.567008762461806315e-01	2.216671653436311118e+00	0.000000000000000000e+00
8.567008762461806315e-01	2.216671653436311118e+00	0.000000000000000000e+00
8.567008762461806315e-01	2.216671653436311118e+00	0.000000000000000000e+00
8.567008762461806315e-01	2.216671653436311118e+00	0.000000000000000000e+00
8.513693581603208882e-01	2.240774985881637260e+00	0.000000000000000000e+00
8.513693581603208882e-01	1.976480365016775931e+00	0.000000000000000000e+00
8.513693581603208882e-01	1.976480365016775931e+00	0.000000000000000000e+00
8.513693581603208882e-01	1.976480365016775931e+00	0.000000000000000000e+00
8.513693581603208882e-01	1.976480365016775931e+00	0.000000000000000000e+00
8.513693581603208882e-01	1.976480365016775931e+00	0.000000000000000000e+00
8.513693581603208882e-01	1.976480365016775931e+00	0.000000000000000000e+00
8.513693581603208882e-01	1.976480365016775931e+00	0.000000000000000000e+00
8.513693581603208882e-01	1.976480365016775931e+00	0.000000000000000000e+00
8.513693581603208882e-01	1.981384459225773442e+00	0.000000000000000000e+00
8.513693581603208882e-01	1.981384459225773442e+00	0.000000000000000000e+00
8.513693581603208882e-01	2.089107235500561544e+00	0.000000000000000000e+00
8.513693581603208882e-01	2.089107235500561544e+00	0.000000000000000000e+00
8.513693581603208882e-01	1.765255745604703330e+00	0.000000000000000000e+00
8.513693581603208882e-01	1.765255745604703330e+00	0.000000000000000000e+00
8.513693581603208882e-01	1.765255745604703330e+00	0.000000000000000000e+00
8.513693581603208882e-01	1.765255745604703330e+00	0.000000000000000000e+00
8.513693581603208882e-01	1.765255745604703330e+00	0.000000000000000000e+00
8.513693581603208882e-01	1.958996469515570382e+00	0.000000000000000000e+00
8.513693581603208882e-01	1.958996469515570382e+00	0.000000000000000000e+00
8.513693581603208882e-01	1.765255745604703330e+00	0.000000000000000000e+00
8.513693581603208882e-01	1.958996469515570382e+00	0.000000000000000000e+00
8.513693581603208882e-01	1.958996469515570382e+00	0.000000000000000000e+00
8.513693581603208882e-01	1.958996469515570382e+00	0.000000000000000000e+00
8.513693581603208882e-01	1.958996469515570382e+00	0.000000000000000000e+00
8.513693581603208882e-01	1.938325420699434032e+00	0.000000000000000000e+00
8.513693581603208882e-01	1.938325420699434032e+00	0.000000000000000000e+00
8.513693581603208882e-01	1.938325420699434032e+00	0.000000000000000000e+00
8.513693581603208882e-01	1.938325420699434032e+00	0.000000000000000000e+00
8.513693581603208882e-01	1.938325420699434032e+00	0.000000000000000000e+00
8.612696517551069464e-01	1.934696763769011119e+00	0.000000000000000000e+00
8.612696517551069464e-01	1.934696763769011119e+00	0.000000000000000000e+00
8.612696517551069464e-01	1.934696763769011119e+00	0.000000000000000000e+00
8.612696517551069464e-01	1.934696763769011119e+00	0.000000000000000000e+00
8.612696517551069464e-01	1.934696763769011119e+00	0.000000000000000000e+00
8.612696517551069464e-01	1.936107924044766948e+00	0.000000000000000000e+00
8.612696517551069464e-01	1.936107924044766948e+00	0.000000000000000000e+00
8.612696517551069464e-01	1.936107924044766948e+00	0.000000000000000000e+00
8.612696517551069464e-01	1.936107924044766948e+00	0.000000000000000000e+00
