2.430656162948696686e-02	1.217871616068348928e+00	0.000000000000000000e+00
2.430656162948696686e-02	1.217871616068348928e+00	0.000000000000000000e+00
2.430656162948696686e-02	1.217871616068348928e+00	0.000000000000000000e+00
2.430656162948696686e-02	1.217871616068348928e+00	0.000000000000000000e+00
2.430656162948696686e-02	1.217871616068348928e+00	0.000000000000000000e+00
2.430656162948696686e-02	1.217871616068348928e+00	0.000000000000000000e+00
9.390679390314599084e-02	1.038582769329387645e+00	0.000000000000000000e+00
9.390679390314599084e-02	1.038582769329387645e+00	0.000000000000000000e+00
9.390679390314599084e-02	1.040568305821722772e+00	0.000000000000000000e+00
9.390679390314599084e-02	1.040568305821722772e+00	0.000000000000000000e+00
9.390679390314599084e-02	1.040568305821722772e+00	0.000000000000000000e+00
1.799159712290041013e-01	1.050339141328775039e+00	0.000000000000000000e+00
1.799159712290041013e-01	1.050339141328775039e+00	0.000000000000000000e+00
2.193039541501827783e-01	7.518630953168857767e-01	0.000000000000000000e+00
2.193039541501827783e-01	7.518630953168857767e-01	0.000000000000000000e+00
2.193039541501827783e-01	7.504623742139664433e-01	0.000000000000000000e+00
2.193039541501827783e-01	7.504623742139664433e-01	0.000000000000000000e+00
2.193039541501827783e-01	7.504623742139664433e-01	0.000000000000000000e+00
2.475741769915927593e-01	6.185946639835585570e-01	0.000000000000000000e+00
2.475741769915927593e-01	6.185946639835585570e-01	0.000000000000000000e+00
2.531813447728733513e-01	5.957419592657106078e-01	0.000000000000000000e+00
2.531813447728733513e-01	5.957419592657106078e-01	0.000000000000000000e+00
2.531813447728733513e-01	5.957419592657106078e-01	0.000000000000000000e+00
2.531813447728733513e-01	5.957419592657106078e-01	0.000000000000000000e+00
2.531813447728733513e-01	5.957419592657106078e-01	0.000000000000000000e+00
2.531813447728733513e-01	5.957419592657106078e-01	0.000000000000000000e+00
2.531813447728733513e-01	5.957419592657106078e-01	0.000000000000000000e+00
2.531813447728733513e-01	5.957419592657106078e-01	0.000000000000000000e+00
2.531813447728733513e-01	5.957419592657106078e-01	0.000000000000000000e+00
4.166910046541408841e-01	5.237748484770997637e-01	0.000000000000000000e+00
4.166910046541408841e-01	5.237748484770997637e-01	0.000000000000000000e+00
4.166910046541408841e-01	4.904869430926356300e-01	0.000000000000000000e+00
4.315876725257591917e-01	3.239225012647747315e-01	0.000000000000000000e+00
4.315876725257591917e-01	3.239225012647747315e-01	0.000000000000000000e+00
4.315876725257591917e-01	3.239225012647747315e-01	0.000000000000000000e+00
4.315876725257591917e-01	3.239225012647747315e-01	0.000000000000000000e+00
4.315876725257591917e-01	3.044562526755661969e-01	0.000000000000000000e+00
4.315876725257591917e-01	3.044562526755661969e-01	0.000000000000000000e+00
4.450718589304645256e-01	2.318159251961343648e-01	0.000000000000000000e+00
4.450718589304645256e-01	2.318159251961343648e-01	0.000000000000000000e+00
4.450718589304645256e-01	2.258726795081786864e-01	0.000000000000000000e+00
4.450718589304645256e-01	2.258726795081786864e-01	0.000000000000000000e+00
4.450718589304645256e-01	2.258726795081786864e-01	0.000000000000000000e+00
4.450718589304645256e-01	2.258726795081786864e-01	0.000000000000000000e+00
4.450718589304645256e-01	2.258726795081786864e-01	0.000000000000000000e+00
4.450718589304645256e-01	2.258726795081786864e-01	0.000000000000000000e+00
4.450718589304645256e-01	2.258726795081786864e-01	0.000000000000000000e+00
4.450718589304645256e-01	2.258726795081786864e-01	0.000000000000000000e+00
4.450718589304645256e-01	2.258726795081786864e-01	0.000000000000000000e+00
6.324795298192569248e-01	-1.585159586440173379e-02	0.000000000000000000e+00
6.324795298192569248e-01	-1.585159586440173379e-02	0.000000000000000000e+00
6.324795298192569248e-01	-1.585159586440173379e-02	0.000000000000000000e+00
6.324795298192569248e-01	-1.585159586440173379e-02	0.000000000000000000e+00
6.324795298192569248e-01	-1.585159586440173379e-02	0.000000000000000000e+00
6.324795298192569248e-01	-1.585159586440173379e-02	0.000000000000000000e+00
6.324795298192569248e-01	-1.585159586440173379e-02	0.000000000000000000e+00
6.324795298192569248e-01	-1.585159586440173379e-02	0.000000000000000000e+00
6.324795298192569248e-01	1.392768219499678590e-03	0.000000000000000000e+00
6.324795298192569248e-01	1.392768219499678590e-03	0.000000000000000000e+00
6.324795298192569248e-01	-3.039771614137980540e-02	0.000000000000000000e+00
6.324795298192569248e-01	-3.039771614137980540e-02	0.000000000000000000e+00
6.389539838990501153e-01	-4.086383321133400803e-02	0.000000000000000000e+00
6.389539838990501153e-01	-4.086383321133400803e-02	0.000000000000000000e+00
6.389539838990501153e-01	-4.086383321133400803e-02	0.000000000000000000e+00
6.389539838990501153e-01	-4.086383321133400803e-02	0.000000000000000000e+00
6.389539838990501153e-01	-4.086383321133400803e-02	0.000000000000000000e+00
6.389539838990501153e-01	-4.086383321133400803e-02	0.000000000000000000e+00
6.389539838990501153e-01	-4.086383321133400803e-02	0.000000000000000000e+00
8.338442715665176364e-01	-2.233847559984590003e-01	0.000000000000000000e+00
8.338442715665176364e-01	-2.262235547303926564e-01	0.000000000000000000e+00
8.338442715665176364e-01	-2.262235547303926564e-01	0.000000000000000000e+00
8.338442715665176364e-01	-2.262235547303926564e-01	0.000000000000000000e+00
8.338442715665176364e-01	-2.262235547303926564e-01	0.000000000000000000e+00
8.338442715665176364e-01	-2.262235547303926564e-01	0.000000000000000000e+00
8.338442715665176364e-01	-2.262235547303926564e-01	0.000000000000000000e+00
8.338442715665176364e-01	-2.262235547303926564e-01	0.000000000000000000e+00
8.338442715665176364e-01	-2.262235547303926564e-01	0.000000000000000000e+00
8.338442715665176364e-01	-2.839207715650341468e-01	0.000000000000000000e+00
8.338442715665176364e-01	-2.839207715650341468e-01	0.000000000000000000e+00
8.338442715665176364e-01	-2.839207715650341468e-01	0.000000000000000000e+00
8.338442715665176364e-01	-2.839207715650341468e-01	0.000000000000000000e+00
8.338442715665176364e-01	-2.839207715650341468e-01	0.000000000000000000e+00
8.338442715665176364e-01	-2.839207715650341468e-01	0.000000000000000000e+00
8.338442715665176364e-01	-2.839207715650341468e-01	0.000000000000000000e+00
8.604983223132651737e-01	-3.646356958861997621e-01	0.000000000000000000e+00
8.604983223132651737e-01	-3.646356958861997621e-01	0.000000000000000000e+00
8.604983223132651737e-01	-3.646356958861997621e-01	0.000000000000000000e+00
8.604983223132651737e-01	-3.958674407976753296e-01	0.000000000000000000e+00
8.604983223132651737e-01	-3.958674407976753296e-01	0.000000000000000000e+00
8.604983223132651737e-01	-3.958674407976753296e-01	0.000000000000000000e+00
8.604983223132651737e-01	-3.958674407976753296e-01	0.000000000000000000e+00
8.604983223132651737e-01	-3.958674407976753296e-01	0.000000000000000000e+00
8.604983223132651737e-01	-3.958674407976753296e-01	0.000000000000000000e+00
8.604983223132651737e-01	-3.958674407976753296e-01	0.000000000000000000e+00
8.604983223132651737e-01	-3.917539922561438237e-01	0.000000000000000000e+00
8.604983223132651737e-01	-4.129315346317724011e-01	0.000000000000000000e+00
8.604983223132651737e-01	-4.129315346317724011e-01	0.000000000000000000e+00
8.604983223132651737e-01	-4.208966597873420312e-01	0.000000000000000000e+00
8.604983223132651737e-01	-4.301541401279726506e-01	0.000000000000000000e+00
8.604983223132651737e-01	-4.337775505955615563e-01	0.000000000000000000e+00
