2.430656162948696686e-02	1.651968097543353275e+00	0.000000000000000000e+00
2.430656162948696686e-02	1.664470187018125547e+00	0.000000000000000000e+00
2.430656162948696686e-02	1.641539397224857755e+00	0.000000000000000000e+00
2.430656162948696686e-02	1.641539397224857755e+00	0.000000000000000000e+00
2.430656162948696686e-02	1.641539397224857755e+00	0.000000000000000000e+00
2.430656162948696686e-02	1.641539397224857755e+00	0.000000000000000000e+00
1.113973826987030846e-01	1.484699349011425973e+00	0.000000000000000000e+00
1.113973826987030846e-01	1.455367982568535723e+00	0.000000000000000000e+00
1.113973826987030846e-01	1.455367982568535723e+00	0.000000000000000000e+00
1.113973826987030846e-01	1.455367982568535723e+00	0.000000000000000000e+00
1.799159712290041013e-01	1.384840536615056683e+00	0.000000000000000000e+00
1.799159712290041013e-01	1.384840536615056683e+00	0.000000000000000000e+00
1.799159712290041013e-01	1.391936848695260576e+00	0.000000000000000000e+00
2.193039541501827783e-01	1.075947473134265753e+00	0.000000000000000000e+00
2.193039541501827783e-01	1.075947473134265753e+00	0.000000000000000000e+00
2.193039541501827783e-01	1.075947473134265753e+00	0.000000000000000000e+00
2.193039541501827783e-01	1.070332708949826461e+00	0.000000000000000000e+00
2.475741769915927593e-01	9.210324275234396119e-01	0.000000000000000000e+00
2.475741769915927593e-01	9.210324275234396119e-01	0.000000000000000000e+00
2.475741769915927593e-01	9.210324275234396119e-01	0.000000000000000000e+00
2.475741769915927593e-01	9.210324275234396119e-01	0.000000000000000000e+00
2.475741769915927593e-01	9.210324275234396119e-01	0.000000000000000000e+00
2.475741769915927593e-01	9.210324275234396119e-01	0.000000000000000000e+00
2.475741769915927593e-01	9.210324275234396119e-01	0.000000000000000000e+00
2.475741769915927593e-01	9.210324275234396119e-01	0.000000000000000000e+00
2.475741769915927593e-01	9.299462531590584335e-01	0.000000000000000000e+00
2.475741769915927593e-01	9.299462531590584335e-01	0.000000000000000000e+00
2.475741769915927593e-01	9.299462531590584335e-01	0.000000000000000000e+00
4.166910046541408841e-01	7.799321231448019809e-01	0.000000000000000000e+00
4.166910046541408841e-01	7.799321231448019809e-01	0.000000000000000000e+00
4.166910046541408841e-01	7.799321231448019809e-01	0.000000000000000000e+00
4.166910046541408841e-01	7.860873699637221934e-01	0.000000000000000000e+00
4.315876725257591917e-01	6.246225758883153789e-01	0.000000000000000000e+00
4.315876725257591917e-01	6.246225758883153789e-01	0.000000000000000000e+00
4.315876725257591917e-01	6.246225758883153789e-01	0.000000000000000000e+00
4.315876725257591917e-01	6.246225758883153789e-01	0.000000000000000000e+00
4.315876725257591917e-01	5.763527833333738082e-01	0.000000000000000000e+00
4.315876725257591917e-01	5.763527833333738082e-01	0.000000000000000000e+00
4.450718589304645256e-01	5.454458326637960930e-01	0.000000000000000000e+00
4.450718589304645256e-01	4.681141862198658354e-01	0.000000000000000000e+00
4.450718589304645256e-01	4.681141862198658354e-01	0.000000000000000000e+00
4.450718589304645256e-01	4.681141862198658354e-01	0.000000000000000000e+00
4.450718589304645256e-01	4.617421731169794596e-01	0.000000000000000000e+00
4.450718589304645256e-01	4.605578548510752546e-01	0.000000000000000000e+00
4.450718589304645256e-01	4.605578548510752546e-01	0.000000000000000000e+00
4.450718589304645256e-01	4.605578548510752546e-01	0.000000000000000000e+00
4.450718589304645256e-01	4.605578548510752546e-01	0.000000000000000000e+00
4.450718589304645256e-01	4.605578548510752546e-01	0.000000000000000000e+00
4.450718589304645256e-01	4.605578548510752546e-01	0.000000000000000000e+00
6.324795298192569248e-01	2.166823535990141658e-01	0.000000000000000000e+00
6.324795298192569248e-01	2.166823535990141658e-01	0.000000000000000000e+00
6.324795298192569248e-01	2.166823535990141658e-01	0.000000000000000000e+00
6.324795298192569248e-01	2.166823535990141658e-01	0.000000000000000000e+00
6.324795298192569248e-01	2.166823535990141658e-01	0.000000000000000000e+00
6.324795298192569248e-01	2.166823535990141658e-01	0.000000000000000000e+00
6.324795298192569248e-01	3.075262084043855482e-01	0.000000000000000000e+00
6.324795298192569248e-01	3.075262084043855482e-01	0.000000000000000000e+00
6.324795298192569248e-01	3.175548935784113236e-01	0.000000000000000000e+00
6.324795298192569248e-01	2.951525791090977013e-01	0.000000000000000000e+00
6.389539838990501153e-01	2.438076769865053506e-01	0.000000000000000000e+00
6.389539838990501153e-01	2.438076769865053506e-01	0.000000000000000000e+00
6.389539838990501153e-01	2.438076769865053506e-01	0.000000000000000000e+00
6.389539838990501153e-01	2.248671007313033376e-01	0.000000000000000000e+00
6.389539838990501153e-01	2.248671007313033376e-01	0.000000000000000000e+00
6.389539838990501153e-01	2.184723786154438574e-01	0.000000000000000000e+00
6.389539838990501153e-01	2.184723786154438574e-01	0.000000000000000000e+00
6.389539838990501153e-01	2.184723786154438574e-01	0.000000000000000000e+00
6.389539838990501153e-01	2.080421761297228667e-01	0.000000000000000000e+00
6.389539838990501153e-01	2.080421761297228667e-01	0.000000000000000000e+00
6.389539838990501153e-01	2.080421761297228667e-01	0.000000000000000000e+00
8.338442715665176364e-01	-1.223644352305357057e-02	0.000000000000000000e+00
8.338442715665176364e-01	2.456288971902782087e-02	0.000000000000000000e+00
8.338442715665176364e-01	2.456288971902782087e-02	0.000000000000000000e+00
8.338442715665176364e-01	2.456288971902782087e-02	0.000000000000000000e+00
8.338442715665176364e-01	2.456288971902782087e-02	0.000000000000000000e+00
8.338442715665176364e-01	2.456288971902782087e-02	0.000000000000000000e+00
8.338442715665176364e-01	2.456288971902782087e-02	0.000000000000000000e+00
8.338442715665176364e-01	2.456288971902782087e-02	0.000000000000000000e+00
8.338442715665176364e-01	2.456288971902782087e-02	0.000000000000000000e+00
8.338442715665176364e-01	1.309943709770957504e-02	0.000000000000000000e+00
8.338442715665176364e-01	2.663248473644897960e-02	0.000000000000000000e+00
8.338442715665176364e-01	8.780751421256848682e-03	0.000000000000000000e+00
8.338442715665176364e-01	8.780751421256848682e-03	0.000000000000000000e+00
8.338442715665176364e-01	8.780751421256848682e-03	0.000000000000000000e+00
8.604983223132651737e-01	-1.017104005273486850e-01	0.000000000000000000e+00
8.604983223132651737e-01	-1.017104005273486850e-01	0.000000000000000000e+00
8.604983223132651737e-01	-1.017104005273486850e-01	0.000000000000000000e+00
8.604983223132651737e-01	-1.017104005273486850e-01	0.000000000000000000e+00
8.604983223132651737e-01	-1.017104005273486850e-01	0.000000000000000000e+00
8.604983223132651737e-01	-8.961084666231769469e-02	0.000000000000000000e+00
8.604983223132651737e-01	-1.026209863341053241e-01	0.000000000000000000e+00
8.604983223132651737e-01	-1.026209863341053241e-01	0.000000000000000000e+00
8.604983223132651737e-01	-1.026209863341053241e-01	0.000000000000000000e+00
8.604983223132651737e-01	-1.026209863341053241e-01	0.000000000000000000e+00
8.604983223132651737e-01	-1.026209863341053241e-01	0.000000000000000000e+00
8.604983223132651737e-01	-1.455787872832526308e-01	0.000000000000000000e+00
8.604983223132651737e-01	-1.455787872832526308e-01	0.000000000000000000e+00
8.604983223132651737e-01	-1.455787872832526308e-01	0.000000000000000000e+00
8.604983223132651737e-01	-1.455787872832526308e-01	0.000000000000000000e+00
8.604983223132651737e-01	-1.455787872832526308e-01	0.000000000000000000e+00
