2.430656162948696686e-02	1.565774168138525990e+00	0.000000000000000000e+00
2.430656162948696686e-02	1.565774168138525990e+00	0.000000000000000000e+00
2.430656162948696686e-02	1.561736991244428774e+00	0.000000000000000000e+00
2.430656162948696686e-02	1.561736991244428774e+00	0.000000000000000000e+00
2.430656162948696686e-02	1.561736991244428774e+00	0.000000000000000000e+00
2.430656162948696686e-02	1.561736991244428774e+00	0.000000000000000000e+00
1.113973826987030846e-01	1.419575522717112959e+00	0.000000000000000000e+00
1.113973826987030846e-01	1.384709242552434549e+00	0.000000000000000000e+00
1.113973826987030846e-01	1.373154873899906869e+00	0.000000000000000000e+00
1.113973826987030846e-01	1.373154873899906869e+00	0.000000000000000000e+00
1.799159712290041013e-01	1.323447966092815786e+00	0.000000000000000000e+00
1.799159712290041013e-01	1.272905465350544274e+00	0.000000000000000000e+00
1.799159712290041013e-01	1.272905465350544274e+00	0.000000000000000000e+00
2.193039541501827783e-01	9.161670766520890741e-01	0.000000000000000000e+00
2.193039541501827783e-01	9.161670766520890741e-01	0.000000000000000000e+00
2.193039541501827783e-01	9.161670766520890741e-01	0.000000000000000000e+00
2.193039541501827783e-01	9.161670766520890741e-01	0.000000000000000000e+00
2.193039541501827783e-01	9.161670766520890741e-01	0.000000000000000000e+00
2.475741769915927593e-01	7.564762015388395433e-01	0.000000000000000000e+00
2.475741769915927593e-01	7.564762015388395433e-01	0.000000000000000000e+00
2.475741769915927593e-01	7.534578044503364991e-01	0.000000000000000000e+00
2.475741769915927593e-01	7.534578044503364991e-01	0.000000000000000000e+00
2.475741769915927593e-01	7.534578044503364991e-01	0.000000000000000000e+00
2.475741769915927593e-01	7.534578044503364991e-01	0.000000000000000000e+00
2.475741769915927593e-01	7.574458729128002998e-01	0.000000000000000000e+00
2.475741769915927593e-01	7.574458729128002998e-01	0.000000000000000000e+00
2.475741769915927593e-01	7.574458729128002998e-01	0.000000000000000000e+00
2.475741769915927593e-01	7.574458729128002998e-01	0.000000000000000000e+00
2.475741769915927593e-01	7.574458729128002998e-01	0.000000000000000000e+00
4.166910046541408841e-01	6.554138935485712691e-01	0.000000000000000000e+00
4.166910046541408841e-01	6.554138935485712691e-01	0.000000000000000000e+00
4.166910046541408841e-01	6.642616289426660492e-01	0.000000000000000000e+00
4.315876725257591917e-01	4.989523878109969335e-01	0.000000000000000000e+00
4.315876725257591917e-01	4.989523878109969335e-01	0.000000000000000000e+00
4.315876725257591917e-01	4.989523878109969335e-01	0.000000000000000000e+00
4.315876725257591917e-01	4.989523878109969335e-01	0.000000000000000000e+00
4.315876725257591917e-01	4.602637401799922756e-01	0.000000000000000000e+00
4.315876725257591917e-01	4.602637401799922756e-01	0.000000000000000000e+00
4.450718589304645256e-01	3.585543705739236975e-01	0.000000000000000000e+00
4.450718589304645256e-01	3.585543705739236975e-01	0.000000000000000000e+00
4.450718589304645256e-01	3.585543705739236975e-01	0.000000000000000000e+00
4.450718589304645256e-01	3.585543705739236975e-01	0.000000000000000000e+00
4.450718589304645256e-01	3.585543705739236975e-01	0.000000000000000000e+00
4.450718589304645256e-01	3.585543705739236975e-01	0.000000000000000000e+00
4.450718589304645256e-01	3.585543705739236975e-01	0.000000000000000000e+00
4.450718589304645256e-01	3.585543705739236975e-01	0.000000000000000000e+00
4.450718589304645256e-01	3.749030192793891825e-01	0.000000000000000000e+00
4.450718589304645256e-01	3.749030192793891825e-01	0.000000000000000000e+00
4.450718589304645256e-01	3.749030192793891825e-01	0.000000000000000000e+00
6.324795298192569248e-01	1.703641814847533242e-01	0.000000000000000000e+00
6.324795298192569248e-01	1.703641814847533242e-01	0.000000000000000000e+00
6.324795298192569248e-01	1.703641814847533242e-01	0.000000000000000000e+00
6.324795298192569248e-01	1.703641814847533242e-01	0.000000000000000000e+00
6.324795298192569248e-01	1.703641814847533242e-01	0.000000000000000000e+00
6.324795298192569248e-01	1.703641814847533242e-01	0.000000000000000000e+00
6.324795298192569248e-01	1.703641814847533242e-01	0.000000000000000000e+00
6.324795298192569248e-01	1.703641814847533242e-01	0.000000000000000000e+00
6.324795298192569248e-01	1.793804073786676723e-01	0.000000000000000000e+00
6.324795298192569248e-01	1.793804073786676723e-01	0.000000000000000000e+00
6.324795298192569248e-01	1.668038013755633320e-01	0.000000000000000000e+00
6.532356483420926896e-01	3.461203652589260604e-02	0.000000000000000000e+00
6.389539838990501153e-01	6.173471531214540231e-02	0.000000000000000000e+00
6.389539838990501153e-01	7.919797154605430489e-02	0.000000000000000000e+00
6.389539838990501153e-01	7.919797154605430489e-02	0.000000000000000000e+00
6.389539838990501153e-01	6.173471531214540231e-02	0.000000000000000000e+00
6.389539838990501153e-01	7.525365951296827949e-02	0.000000000000000000e+00
6.389539838990501153e-01	7.525365951296827949e-02	0.000000000000000000e+00
6.389539838990501153e-01	7.525365951296827949e-02	0.000000000000000000e+00
6.389539838990501153e-01	7.525365951296827949e-02	0.000000000000000000e+00
6.389539838990501153e-01	7.525365951296827949e-02	0.000000000000000000e+00
8.338442715665176364e-01	-1.628262093027701973e-01	0.000000000000000000e+00
8.338442715665176364e-01	-1.628262093027701973e-01	0.000000000000000000e+00
8.338442715665176364e-01	-1.488851488732034767e-01	0.000000000000000000e+00
8.338442715665176364e-01	-1.488851488732034767e-01	0.000000000000000000e+00
8.338442715665176364e-01	-1.488851488732034767e-01	0.000000000000000000e+00
8.338442715665176364e-01	-1.488851488732034767e-01	0.000000000000000000e+00
8.338442715665176364e-01	-1.488851488732034767e-01	0.000000000000000000e+00
8.338442715665176364e-01	-1.488851488732034767e-01	0.000000000000000000e+00
8.338442715665176364e-01	-1.488851488732034767e-01	0.000000000000000000e+00
8.338442715665176364e-01	-1.488851488732034767e-01	0.000000000000000000e+00
8.338442715665176364e-01	-1.488851488732034767e-01	0.000000000000000000e+00
8.338442715665176364e-01	-1.488851488732034767e-01	0.000000000000000000e+00
8.338442715665176364e-01	-1.536071817077848956e-01	0.000000000000000000e+00
8.338442715665176364e-01	-1.536071817077848956e-01	0.000000000000000000e+00
8.338442715665176364e-01	-1.536071817077848956e-01	0.000000000000000000e+00
8.338442715665176364e-01	-1.536071817077848956e-01	0.000000000000000000e+00
8.338442715665176364e-01	-1.833994260575122770e-01	0.000000000000000000e+00
8.338442715665176364e-01	-1.833994260575122770e-01	0.000000000000000000e+00
8.338442715665176364e-01	-1.833994260575122770e-01	0.000000000000000000e+00
8.604983223132651737e-01	-2.752377697835229897e-01	0.000000000000000000e+00
8.604983223132651737e-01	-2.752377697835229897e-01	0.000000000000000000e+00
8.604983223132651737e-01	-2.247658291433750344e-01	0.000000000000000000e+00
8.604983223132651737e-01	-2.247658291433750344e-01	0.000000000000000000e+00
8.604983223132651737e-01	-2.247658291433750344e-01	0.000000000000000000e+00
8.604983223132651737e-01	-2.352938506228187121e-01	0.000000000000000000e+00
8.604983223132651737e-01	-2.352938506228187121e-01	0.000000000000000000e+00
8.604983223132651737e-01	-2.352938506228187121e-01	0.000000000000000000e+00
8.604983223132651737e-01	-2.352938506228187121e-01	0.000000000000000000e+00
8.604983223132651737e-01	-2.352938506228187121e-01	0.000000000000000000e+00
8.604983223132651737e-01	-2.352938506228187121e-01	0.000000000000000000e+00
