0.000000000000000000e+00	1.000388486354403250e+00	0.000000000000000000e+00
3.417522140452777107e-03	9.411742065607436869e-01	0.000000000000000000e+00
1.915298309707294186e-02	8.511257212187181009e-01	0.000000000000000000e+00
4.017820775841697556e-02	7.612743182941584807e-01	0.000000000000000000e+00
4.017820775841697556e-02	7.612743182941584807e-01	0.000000000000000000e+00
7.466280315931503320e-02	6.760519434529035365e-01	0.000000000000000000e+00
8.143967411498205522e-02	6.701155257779528585e-01	0.000000000000000000e+00
8.143967411498205522e-02	6.701155257779528585e-01	0.000000000000000000e+00
8.143967411498205522e-02	6.701155257779528585e-01	0.000000000000000000e+00
8.143967411498205522e-02	6.701155257779528585e-01	0.000000000000000000e+00
8.143967411498205522e-02	6.701155257779528585e-01	0.000000000000000000e+00
8.143967411498205522e-02	6.701155257779528585e-01	0.000000000000000000e+00
1.902137496514600123e-01	6.217319338323261668e-01	0.000000000000000000e+00
1.968378078504486317e-01	5.758582777779628348e-01	0.000000000000000000e+00
1.968378078504486317e-01	5.758582777779628348e-01	0.000000000000000000e+00
2.185168522938656377e-01	4.131366946751335867e-01	0.000000000000000000e+00
2.185168522938656377e-01	4.131366946751335867e-01	0.000000000000000000e+00
2.383422129669751088e-01	3.037061361597099829e-01	0.000000000000000000e+00
2.383422129669751088e-01	3.037061361597099829e-01	0.000000000000000000e+00
2.383422129669751088e-01	2.892615116969653455e-01	0.000000000000000000e+00
2.475741769915927593e-01	2.562251217557416916e-01	0.000000000000000000e+00
2.475741769915927593e-01	2.562251217557416916e-01	0.000000000000000000e+00
2.475741769915927593e-01	2.562251217557416916e-01	0.000000000000000000e+00
2.475741769915927593e-01	2.555761525715138371e-01	0.000000000000000000e+00
2.475741769915927593e-01	2.555761525715138371e-01	0.000000000000000000e+00
2.475741769915927593e-01	2.555761525715138371e-01	0.000000000000000000e+00
2.475741769915927593e-01	2.555761525715138371e-01	0.000000000000000000e+00
2.475741769915927593e-01	2.555761525715138371e-01	0.000000000000000000e+00
2.475741769915927593e-01	2.555761525715138371e-01	0.000000000000000000e+00
2.475741769915927593e-01	2.555761525715138371e-01	0.000000000000000000e+00
4.166910046541408841e-01	1.464476469541287629e-01	0.000000000000000000e+00
4.166910046541408841e-01	1.464476469541287629e-01	0.000000000000000000e+00
4.166910046541408841e-01	1.464476469541287629e-01	0.000000000000000000e+00
4.279962325023880521e-01	2.804256160228787292e-02	0.000000000000000000e+00
4.279962325023880521e-01	2.804256160228787292e-02	0.000000000000000000e+00
4.279962325023880521e-01	2.804256160228787292e-02	0.000000000000000000e+00
4.279962325023880521e-01	1.662264364864937324e-02	0.000000000000000000e+00
4.450718589304645256e-01	-1.052031145417786223e-01	0.000000000000000000e+00
4.450718589304645256e-01	-1.052031145417786223e-01	0.000000000000000000e+00
4.450718589304645256e-01	-1.052031145417786223e-01	0.000000000000000000e+00
4.450718589304645256e-01	-1.063096599075075560e-01	0.000000000000000000e+00
4.450718589304645256e-01	-1.063096599075075560e-01	0.000000000000000000e+00
4.558672985378427467e-01	-1.227520417863205981e-01	0.000000000000000000e+00
4.558672985378427467e-01	-1.227520417863205981e-01	0.000000000000000000e+00
4.558672985378427467e-01	-1.227520417863205981e-01	0.000000000000000000e+00
4.558672985378427467e-01	-1.227520417863205981e-01	0.000000000000000000e+00
4.558672985378427467e-01	-1.227520417863205981e-01	0.000000000000000000e+00
4.558672985378427467e-01	-1.227520417863205981e-01	0.000000000000000000e+00
4.558672985378427467e-01	-1.227520417863205981e-01	0.000000000000000000e+00
4.558672985378427467e-01	-1.217487868544255836e-01	0.000000000000000000e+00
6.324795298192569248e-01	-3.180170306897114330e-01	0.000000000000000000e+00
6.324795298192569248e-01	-3.180170306897114330e-01	0.000000000000000000e+00
6.324795298192569248e-01	-3.125224938587684020e-01	0.000000000000000000e+00
6.324795298192569248e-01	-3.125224938587684020e-01	0.000000000000000000e+00
6.324795298192569248e-01	-3.125224938587684020e-01	0.000000000000000000e+00
6.324795298192569248e-01	-3.125224938587684020e-01	0.000000000000000000e+00
6.324795298192569248e-01	-3.125224938587684020e-01	0.000000000000000000e+00
6.324795298192569248e-01	-3.125224938587684020e-01	0.000000000000000000e+00
6.324795298192569248e-01	-3.125224938587684020e-01	0.000000000000000000e+00
6.324795298192569248e-01	-3.246774398026165409e-01	0.000000000000000000e+00
6.389539838990501153e-01	-3.669478048147242766e-01	0.000000000000000000e+00
6.389539838990501153e-01	-3.669478048147242766e-01	0.000000000000000000e+00
6.389539838990501153e-01	-3.735824541646718400e-01	0.000000000000000000e+00
6.389539838990501153e-01	-3.886280070997930602e-01	0.000000000000000000e+00
6.389539838990501153e-01	-3.905711618179266709e-01	0.000000000000000000e+00
6.389539838990501153e-01	-3.905711618179266709e-01	0.000000000000000000e+00
6.389539838990501153e-01	-3.905711618179266709e-01	0.000000000000000000e+00
6.389539838990501153e-01	-3.905711618179266709e-01	0.000000000000000000e+00
6.389539838990501153e-01	-3.905711618179266709e-01	0.000000000000000000e+00
6.389539838990501153e-01	-3.905711618179266709e-01	0.000000000000000000e+00
8.338442715665176364e-01	-5.608319075611835069e-01	0.000000000000000000e+00
8.338442715665176364e-01	-5.608319075611835069e-01	0.000000000000000000e+00
8.338442715665176364e-01	-5.608319075611835069e-01	0.000000000000000000e+00
8.338442715665176364e-01	-5.608319075611835069e-01	0.000000000000000000e+00
8.338442715665176364e-01	-5.655713815233277542e-01	0.000000000000000000e+00
8.338442715665176364e-01	-5.655713815233277542e-01	0.000000000000000000e+00
8.321871099258562055e-01	-5.411220018470780380e-01	0.000000000000000000e+00
8.321871099258562055e-01	-5.411220018470780380e-01	0.000000000000000000e+00
8.321871099258562055e-01	-5.411220018470780380e-01	0.000000000000000000e+00
8.321871099258562055e-01	-5.411220018470780380e-01	0.000000000000000000e+00
8.338442715665176364e-01	-5.890271300976762658e-01	0.000000000000000000e+00
8.338442715665176364e-01	-5.890271300976762658e-01	0.000000000000000000e+00
8.338442715665176364e-01	-5.890271300976762658e-01	0.000000000000000000e+00
8.338442715665176364e-01	-5.890271300976762658e-01	0.000000000000000000e+00
8.338442715665176364e-01	-6.031310217661616235e-01	0.000000000000000000e+00
8.338442715665176364e-01	-6.163356607501677686e-01	0.000000000000000000e+00
8.464397467932690544e-01	-7.273224915374937316e-01	0.000000000000000000e+00
8.464397467932690544e-01	-7.273224915374937316e-01	0.000000000000000000e+00
8.464397467932690544e-01	-7.273224915374937316e-01	0.000000000000000000e+00
8.464397467932690544e-01	-7.273224915374937316e-01	0.000000000000000000e+00
8.464397467932690544e-01	-7.273224915374937316e-01	0.000000000000000000e+00
8.464397467932690544e-01	-7.273224915374937316e-01	0.000000000000000000e+00
8.464397467932690544e-01	-7.461574894664342317e-01	0.000000000000000000e+00
8.464397467932690544e-01	-7.461574894664342317e-01	0.000000000000000000e+00
8.464397467932690544e-01	-7.461574894664342317e-01	0.000000000000000000e+00
8.464397467932690544e-01	-7.461574894664342317e-01	0.000000000000000000e+00
8.464397467932690544e-01	-7.461574894664342317e-01	0.000000000000000000e+00
8.464397467932690544e-01	-7.461574894664342317e-01	0.000000000000000000e+00
8.464397467932690544e-01	-7.461574894664342317e-01	0.000000000000000000e+00
8.464397467932690544e-01	-7.461574894664342317e-01	0.000000000000000000e+00
