0.000000000000000000e+00	1.136479828385886126e+00	0.000000000000000000e+00
3.417522140452777107e-03	1.067842190002360470e+00	0.000000000000000000e+00
1.915298309707294186e-02	9.627948174611169474e-01	0.000000000000000000e+00
4.017820775841697556e-02	8.554651204665298936e-01	0.000000000000000000e+00
4.017820775841697556e-02	8.554651204665298936e-01	0.000000000000000000e+00
8.143967411498205522e-02	7.618640630613872089e-01	0.000000000000000000e+00
8.143967411498205522e-02	7.465949499843059778e-01	0.000000000000000000e+00
8.143967411498205522e-02	7.465949499843059778e-01	0.000000000000000000e+00
8.143967411498205522e-02	7.465949499843059778e-01	0.000000000000000000e+00
8.143967411498205522e-02	7.465949499843059778e-01	0.000000000000000000e+00
8.143967411498205522e-02	7.432098982420024536e-01	0.000000000000000000e+00
8.143967411498205522e-02	7.432098982420024536e-01	0.000000000000000000e+00
1.902137496514600123e-01	7.005014668474257578e-01	0.000000000000000000e+00
1.968378078504486317e-01	6.581150485735424160e-01	0.000000000000000000e+00
2.186784365696186894e-01	5.174786342874323486e-01	0.000000000000000000e+00
2.186784365696186894e-01	5.174786342874323486e-01	0.000000000000000000e+00
2.186784365696186894e-01	4.664432096497044822e-01	0.000000000000000000e+00
2.186784365696186894e-01	4.664432096497044822e-01	0.000000000000000000e+00
2.475741769915927593e-01	3.480710360112596047e-01	0.000000000000000000e+00
2.475741769915927593e-01	3.180124386553268012e-01	0.000000000000000000e+00
2.475741769915927593e-01	3.111982561522599333e-01	0.000000000000000000e+00
2.475741769915927593e-01	3.111982561522599333e-01	0.000000000000000000e+00
2.475741769915927593e-01	3.111982561522599333e-01	0.000000000000000000e+00
2.475741769915927593e-01	3.111982561522599333e-01	0.000000000000000000e+00
2.475741769915927593e-01	3.111982561522599333e-01	0.000000000000000000e+00
2.475741769915927593e-01	3.111982561522599333e-01	0.000000000000000000e+00
2.475741769915927593e-01	3.111982561522599333e-01	0.000000000000000000e+00
2.475741769915927593e-01	3.111982561522599333e-01	0.000000000000000000e+00
2.475741769915927593e-01	3.111982561522599333e-01	0.000000000000000000e+00
2.475741769915927593e-01	3.111982561522599333e-01	0.000000000000000000e+00
4.166910046541408841e-01	2.497631286464216394e-01	0.000000000000000000e+00
4.166910046541408841e-01	2.399356526983190407e-01	0.000000000000000000e+00
4.279962325023880521e-01	1.001220661934593553e-01	0.000000000000000000e+00
4.279962325023880521e-01	1.001220661934593553e-01	0.000000000000000000e+00
4.279962325023880521e-01	8.454494916155140538e-02	0.000000000000000000e+00
4.279962325023880521e-01	8.454494916155140538e-02	0.000000000000000000e+00
4.279962325023880521e-01	7.067553454515268507e-02	0.000000000000000000e+00
4.450718589304645256e-01	-5.276087418131596152e-02	0.000000000000000000e+00
4.450718589304645256e-01	-6.090059324774538957e-02	0.000000000000000000e+00
4.450718589304645256e-01	-6.090059324774538957e-02	0.000000000000000000e+00
4.450718589304645256e-01	-6.090059324774538957e-02	0.000000000000000000e+00
4.450718589304645256e-01	-6.484974344709432126e-02	0.000000000000000000e+00
4.558672985378427467e-01	-8.153655916257979142e-02	0.000000000000000000e+00
4.558672985378427467e-01	-8.181504945370411674e-02	0.000000000000000000e+00
4.558672985378427467e-01	-8.181504945370411674e-02	0.000000000000000000e+00
4.558672985378427467e-01	-8.181504945370411674e-02	0.000000000000000000e+00
4.558672985378427467e-01	-8.181504945370411674e-02	0.000000000000000000e+00
4.558672985378427467e-01	-8.181504945370411674e-02	0.000000000000000000e+00
4.558672985378427467e-01	-8.181504945370411674e-02	0.000000000000000000e+00
4.558672985378427467e-01	-8.181504945370411674e-02	0.000000000000000000e+00
4.558672985378427467e-01	-8.181504945370411674e-02	0.000000000000000000e+00
6.324795298192569248e-01	-2.671805996072072475e-01	0.000000000000000000e+00
6.324795298192569248e-01	-2.671805996072072475e-01	0.000000000000000000e+00
6.324795298192569248e-01	-2.671805996072072475e-01	0.000000000000000000e+00
6.324795298192569248e-01	-2.555474543655779085e-01	0.000000000000000000e+00
6.324795298192569248e-01	-2.555474543655779085e-01	0.000000000000000000e+00
6.324795298192569248e-01	-2.555474543655779085e-01	0.000000000000000000e+00
6.324795298192569248e-01	-2.555474543655779085e-01	0.000000000000000000e+00
6.324795298192569248e-01	-2.555474543655779085e-01	0.000000000000000000e+00
6.389539838990501153e-01	-3.159402415046143053e-01	0.000000000000000000e+00
6.389539838990501153e-01	-3.159402415046143053e-01	0.000000000000000000e+00
6.389539838990501153e-01	-3.159402415046143053e-01	0.000000000000000000e+00
6.389539838990501153e-01	-3.159402415046143053e-01	0.000000000000000000e+00
6.389539838990501153e-01	-3.471766975807486499e-01	0.000000000000000000e+00
6.389539838990501153e-01	-3.471766975807486499e-01	0.000000000000000000e+00
6.389539838990501153e-01	-3.471766975807486499e-01	0.000000000000000000e+00
6.389539838990501153e-01	-3.588764173985116712e-01	0.000000000000000000e+00
6.389539838990501153e-01	-3.593933668401884662e-01	0.000000000000000000e+00
6.389539838990501153e-01	-3.593933668401884662e-01	0.000000000000000000e+00
6.389539838990501153e-01	-3.593933668401884662e-01	0.000000000000000000e+00
6.389539838990501153e-01	-3.593933668401884662e-01	0.000000000000000000e+00
8.338442715665176364e-01	-5.856001321922059688e-01	0.000000000000000000e+00
8.338442715665176364e-01	-5.856001321922059688e-01	0.000000000000000000e+00
8.338442715665176364e-01	-5.856001321922059688e-01	0.000000000000000000e+00
8.338442715665176364e-01	-5.856001321922059688e-01	0.000000000000000000e+00
8.338442715665176364e-01	-5.856001321922059688e-01	0.000000000000000000e+00
8.338442715665176364e-01	-5.856001321922059688e-01	0.000000000000000000e+00
8.338442715665176364e-01	-5.824375860407133843e-01	0.000000000000000000e+00
8.338442715665176364e-01	-5.824375860407133843e-01	0.000000000000000000e+00
8.338442715665176364e-01	-5.824375860407133843e-01	0.000000000000000000e+00
8.338442715665176364e-01	-5.824375860407133843e-01	0.000000000000000000e+00
8.338442715665176364e-01	-5.824375860407133843e-01	0.000000000000000000e+00
8.338442715665176364e-01	-5.824375860407133843e-01	0.000000000000000000e+00
8.338442715665176364e-01	-5.824375860407133843e-01	0.000000000000000000e+00
8.464397467932690544e-01	-6.939878533325564147e-01	0.000000000000000000e+00
8.464397467932690544e-01	-6.939878533325564147e-01	0.000000000000000000e+00
8.464397467932690544e-01	-6.939878533325564147e-01	0.000000000000000000e+00
8.464397467932690544e-01	-6.939878533325564147e-01	0.000000000000000000e+00
8.464397467932690544e-01	-6.939878533325564147e-01	0.000000000000000000e+00
8.464397467932690544e-01	-6.806216914263061302e-01	0.000000000000000000e+00
8.464397467932690544e-01	-6.633123027889077372e-01	0.000000000000000000e+00
8.464397467932690544e-01	-6.633123027889077372e-01	0.000000000000000000e+00
8.464397467932690544e-01	-6.633123027889077372e-01	0.000000000000000000e+00
8.464397467932690544e-01	-6.633123027889077372e-01	0.000000000000000000e+00
8.464397467932690544e-01	-6.633123027889077372e-01	0.000000000000000000e+00
8.464397467932690544e-01	-6.633123027889077372e-01	0.000000000000000000e+00
8.464397467932690544e-01	-6.756188149187151160e-01	0.000000000000000000e+00
8.464397467932690544e-01	-6.822988079057633604e-01	0.000000000000000000e+00
8.464397467932690544e-01	-6.811681486839658017e-01	0.000000000000000000e+00
8.464397467932690544e-01	-6.811681486839658017e-01	0.000000000000000000e+00
