0.000000000000000000e+00	1.618231984608524687e+00	0.000000000000000000e+00
0.000000000000000000e+00	1.590688023924794692e+00	0.000000000000000000e+00
0.000000000000000000e+00	1.590688023924794692e+00	0.000000000000000000e+00
0.000000000000000000e+00	1.590688023924794692e+00	0.000000000000000000e+00
6.397097803462006849e-02	1.243555064623784068e+00	0.000000000000000000e+00
6.397097803462006849e-02	1.243555064623784068e+00	0.000000000000000000e+00
1.030392432942600772e-01	1.187151595350842026e+00	0.000000000000000000e+00
1.030392432942600772e-01	1.187151595350842026e+00	0.000000000000000000e+00
1.030392432942600772e-01	1.187151595350842026e+00	0.000000000000000000e+00
1.030392432942600772e-01	1.187151595350842026e+00	0.000000000000000000e+00
1.030392432942600772e-01	1.187151595350842026e+00	0.000000000000000000e+00
1.980227545619999419e-01	1.074879296570266929e+00	0.000000000000000000e+00
1.980227545619999419e-01	1.031755990452343008e+00	0.000000000000000000e+00
1.980227545619999419e-01	1.031755990452343008e+00	0.000000000000000000e+00
2.252998988582901041e-01	9.020602412560055905e-01	0.000000000000000000e+00
2.288136160549554265e-01	8.381481162568017451e-01	0.000000000000000000e+00
2.288136160549554265e-01	8.067390545564369075e-01	0.000000000000000000e+00
2.288136160549554265e-01	8.067390545564369075e-01	0.000000000000000000e+00
2.539739031829876814e-01	7.117163890289075479e-01	0.000000000000000000e+00
2.539739031829876814e-01	6.692388225949699176e-01	0.000000000000000000e+00
2.539739031829876814e-01	6.692388225949699176e-01	0.000000000000000000e+00
2.539739031829876814e-01	7.078507806168121697e-01	0.000000000000000000e+00
2.539739031829876814e-01	7.078507806168121697e-01	0.000000000000000000e+00
2.539739031829876814e-01	7.078507806168121697e-01	0.000000000000000000e+00
2.539739031829876814e-01	7.078507806168121697e-01	0.000000000000000000e+00
2.539739031829876814e-01	7.150890511021837925e-01	0.000000000000000000e+00
2.539739031829876814e-01	7.176899273854221439e-01	0.000000000000000000e+00
2.539739031829876814e-01	7.252853724350042386e-01	0.000000000000000000e+00
2.539739031829876814e-01	7.252853724350042386e-01	0.000000000000000000e+00
4.534822477696831000e-01	3.470626419855651901e-01	0.000000000000000000e+00
4.534822477696831000e-01	3.470626419855651901e-01	0.000000000000000000e+00
4.534822477696831000e-01	3.470626419855651901e-01	0.000000000000000000e+00
4.534822477696831000e-01	3.470626419855651901e-01	0.000000000000000000e+00
4.534822477696831000e-01	3.470626419855651901e-01	0.000000000000000000e+00
4.534822477696831000e-01	3.823054806136020889e-01	0.000000000000000000e+00
4.534822477696831000e-01	3.823054806136020889e-01	0.000000000000000000e+00
4.534822477696831000e-01	3.823054806136020889e-01	0.000000000000000000e+00
4.534822477696831000e-01	2.852797664548235024e-01	0.000000000000000000e+00
4.534822477696831000e-01	2.852797664548235024e-01	0.000000000000000000e+00
4.534822477696831000e-01	2.852797664548235024e-01	0.000000000000000000e+00
4.534822477696831000e-01	2.852797664548235024e-01	0.000000000000000000e+00
4.534822477696831000e-01	2.852797664548235024e-01	0.000000000000000000e+00
4.534822477696831000e-01	2.852797664548235024e-01	0.000000000000000000e+00
4.534822477696831000e-01	2.852797664548235024e-01	0.000000000000000000e+00
4.534822477696831000e-01	2.913901613433687587e-01	0.000000000000000000e+00
4.534822477696831000e-01	2.913901613433687587e-01	0.000000000000000000e+00
4.534822477696831000e-01	2.913901613433687587e-01	0.000000000000000000e+00
6.304776991893266125e-01	7.138179267528271810e-02	0.000000000000000000e+00
6.304776991893266125e-01	7.138179267528271810e-02	0.000000000000000000e+00
6.304776991893266125e-01	7.138179267528271810e-02	0.000000000000000000e+00
6.304776991893266125e-01	6.378277389059844316e-02	0.000000000000000000e+00
6.304776991893266125e-01	6.378277389059844316e-02	0.000000000000000000e+00
6.304776991893266125e-01	6.378277389059844316e-02	0.000000000000000000e+00
6.304776991893266125e-01	6.378277389059844316e-02	0.000000000000000000e+00
6.304776991893266125e-01	6.378277389059844316e-02	0.000000000000000000e+00
6.304776991893266125e-01	6.378277389059844316e-02	0.000000000000000000e+00
6.304776991893266125e-01	6.378277389059844316e-02	0.000000000000000000e+00
6.304776991893266125e-01	4.396618380522470532e-02	0.000000000000000000e+00
6.304776991893266125e-01	3.863531308347204624e-02	0.000000000000000000e+00
6.400520791003604382e-01	1.354030855056281499e-02	0.000000000000000000e+00
6.421039470050199371e-01	-9.199203834549221637e-02	0.000000000000000000e+00
6.421039470050199371e-01	-9.199203834549221637e-02	0.000000000000000000e+00
6.421039470050199371e-01	-9.199203834549221637e-02	0.000000000000000000e+00
6.421039470050199371e-01	-9.199203834549221637e-02	0.000000000000000000e+00
6.421039470050199371e-01	-9.199203834549221637e-02	0.000000000000000000e+00
6.421039470050199371e-01	-9.199203834549221637e-02	0.000000000000000000e+00
6.421039470050199371e-01	-9.199203834549221637e-02	0.000000000000000000e+00
6.421039470050199371e-01	-1.150089771707920455e-01	0.000000000000000000e+00
6.421039470050199371e-01	-1.150089771707920455e-01	0.000000000000000000e+00
6.512485958613551951e-01	-1.528098694324676599e-01	0.000000000000000000e+00
6.512485958613551951e-01	-1.528098694324676599e-01	0.000000000000000000e+00
6.512485958613551951e-01	-1.528098694324676599e-01	0.000000000000000000e+00
6.512485958613551951e-01	-1.528098694324676599e-01	0.000000000000000000e+00
6.512485958613551951e-01	-1.528098694324676599e-01	0.000000000000000000e+00
6.512485958613551951e-01	-1.528098694324676599e-01	0.000000000000000000e+00
6.512485958613551951e-01	-1.430733966874797036e-01	0.000000000000000000e+00
8.354955468079739989e-01	-3.536571767481861972e-01	0.000000000000000000e+00
8.354955468079739989e-01	-3.536571767481861972e-01	0.000000000000000000e+00
8.354955468079739989e-01	-3.536571767481861972e-01	0.000000000000000000e+00
8.354955468079739989e-01	-3.343044085687787992e-01	0.000000000000000000e+00
8.354955468079739989e-01	-3.343044085687787992e-01	0.000000000000000000e+00
8.354955468079739989e-01	-3.343044085687787992e-01	0.000000000000000000e+00
8.354955468079739989e-01	-3.343044085687787992e-01	0.000000000000000000e+00
8.354955468079739989e-01	-3.289001557128991005e-01	0.000000000000000000e+00
8.354955468079739989e-01	-3.063980070588077642e-01	0.000000000000000000e+00
8.354955468079739989e-01	-3.063980070588077642e-01	0.000000000000000000e+00
8.354955468079739989e-01	-3.063980070588077642e-01	0.000000000000000000e+00
8.354955468079739989e-01	-3.063980070588077642e-01	0.000000000000000000e+00
8.354955468079739989e-01	-3.063980070588077642e-01	0.000000000000000000e+00
8.354955468079739989e-01	-3.289001557128991005e-01	0.000000000000000000e+00
8.354955468079739989e-01	-3.289001557128991005e-01	0.000000000000000000e+00
8.482493204191695613e-01	-3.978830029798838819e-01	0.000000000000000000e+00
8.482493204191695613e-01	-3.978830029798838819e-01	0.000000000000000000e+00
8.482493204191695613e-01	-3.978830029798838819e-01	0.000000000000000000e+00
8.482493204191695613e-01	-3.978830029798838819e-01	0.000000000000000000e+00
8.482493204191695613e-01	-3.978830029798838819e-01	0.000000000000000000e+00
8.482493204191695613e-01	-3.978830029798838819e-01	0.000000000000000000e+00
8.482493204191695613e-01	-3.978830029798838819e-01	0.000000000000000000e+00
8.482493204191695613e-01	-3.978830029798838819e-01	0.000000000000000000e+00
8.482493204191695613e-01	-3.649960361310911061e-01	0.000000000000000000e+00
