0.000000000000000000e+00	1.013431327756951772e+00	0.000000000000000000e+00
0.000000000000000000e+00	1.009251564361695275e+00	0.000000000000000000e+00
3.200821537451788851e-02	8.077768086584782292e-01	0.000000000000000000e+00
4.609385436693348020e-02	7.454729754728339763e-01	0.000000000000000000e+00
4.609385436693348020e-02	7.445229563759396818e-01	0.000000000000000000e+00
6.996262094223536232e-02	6.828218909981139673e-01	0.000000000000000000e+00
7.879843610957484867e-02	6.736451979386505196e-01	0.000000000000000000e+00
7.879843610957484867e-02	6.736451979386505196e-01	0.000000000000000000e+00
7.879843610957484867e-02	6.736451979386505196e-01	0.000000000000000000e+00
7.879843610957484867e-02	6.736451979386505196e-01	0.000000000000000000e+00
7.879843610957484867e-02	6.736451979386505196e-01	0.000000000000000000e+00
7.879843610957484867e-02	6.736451979386505196e-01	0.000000000000000000e+00
7.879843610957484867e-02	6.756014091879902761e-01	0.000000000000000000e+00
1.955347178473505199e-01	6.099771124657059618e-01	0.000000000000000000e+00
1.980227545619999419e-01	5.718195039776389210e-01	0.000000000000000000e+00
2.135501339289322120e-01	4.771279164930603556e-01	0.000000000000000000e+00
2.135501339289322120e-01	4.502860832887263243e-01	0.000000000000000000e+00
2.280345752035918827e-01	3.495567711895503638e-01	0.000000000000000000e+00
2.280345752035918827e-01	3.479802664693709136e-01	0.000000000000000000e+00
2.410875217895214473e-01	2.857755667590287652e-01	0.000000000000000000e+00
2.410875217895214473e-01	2.786537046573905330e-01	0.000000000000000000e+00
2.539739031829876814e-01	2.448216209315254299e-01	0.000000000000000000e+00
2.539739031829876814e-01	2.448216209315254299e-01	0.000000000000000000e+00
2.539739031829876814e-01	2.448216209315254299e-01	0.000000000000000000e+00
2.539739031829876814e-01	2.448216209315254299e-01	0.000000000000000000e+00
2.539739031829876814e-01	2.448216209315254299e-01	0.000000000000000000e+00
2.539739031829876814e-01	2.448216209315254299e-01	0.000000000000000000e+00
2.539739031829876814e-01	2.453920851905858902e-01	0.000000000000000000e+00
2.539739031829876814e-01	2.453920851905858902e-01	0.000000000000000000e+00
2.539739031829876814e-01	2.453920851905858902e-01	0.000000000000000000e+00
2.539739031829876814e-01	2.453920851905858902e-01	0.000000000000000000e+00
4.341033785401078315e-01	-1.043652193282580513e-02	0.000000000000000000e+00
4.341033785401078315e-01	-9.092428391379005215e-03	0.000000000000000000e+00
4.341033785401078315e-01	-9.092428391379005215e-03	0.000000000000000000e+00
4.341033785401078315e-01	-9.092428391379005215e-03	0.000000000000000000e+00
4.341033785401078315e-01	-9.092428391379005215e-03	0.000000000000000000e+00
4.341033785401078315e-01	-9.092428391379005215e-03	0.000000000000000000e+00
4.341033785401078315e-01	-9.092428391379005215e-03	0.000000000000000000e+00
4.341033785401078315e-01	-2.175904924807351565e-02	0.000000000000000000e+00
4.402390189014019350e-01	-5.734402126296987701e-02	0.000000000000000000e+00
4.402390189014019350e-01	-7.977537706079293467e-02	0.000000000000000000e+00
4.473556061660878269e-01	-1.131260775186890971e-01	0.000000000000000000e+00
4.473556061660878269e-01	-1.131260775186890971e-01	0.000000000000000000e+00
4.568068507501170661e-01	-1.207517380327451095e-01	0.000000000000000000e+00
4.568068507501170661e-01	-1.207517380327451095e-01	0.000000000000000000e+00
4.568068507501170661e-01	-1.207517380327451095e-01	0.000000000000000000e+00
4.568068507501170661e-01	-1.207517380327451095e-01	0.000000000000000000e+00
4.568068507501170661e-01	-1.207517380327451095e-01	0.000000000000000000e+00
4.568068507501170661e-01	-1.203844158464470182e-01	0.000000000000000000e+00
4.568068507501170661e-01	-1.203844158464470182e-01	0.000000000000000000e+00
4.568068507501170661e-01	-1.203844158464470182e-01	0.000000000000000000e+00
6.304776991893266125e-01	-2.953145045196472473e-01	0.000000000000000000e+00
6.304776991893266125e-01	-2.953145045196472473e-01	0.000000000000000000e+00
6.304776991893266125e-01	-2.953145045196472473e-01	0.000000000000000000e+00
6.304776991893266125e-01	-2.624710195119498435e-01	0.000000000000000000e+00
6.304776991893266125e-01	-2.624710195119498435e-01	0.000000000000000000e+00
6.304776991893266125e-01	-2.624710195119498435e-01	0.000000000000000000e+00
6.304776991893266125e-01	-2.624710195119498435e-01	0.000000000000000000e+00
6.304776991893266125e-01	-2.860694452553860234e-01	0.000000000000000000e+00
6.304776991893266125e-01	-2.878402634184833442e-01	0.000000000000000000e+00
6.371034352218118979e-01	-3.502289294837743205e-01	0.000000000000000000e+00
6.371034352218118979e-01	-3.502289294837743205e-01	0.000000000000000000e+00
6.371034352218118979e-01	-3.502289294837743205e-01	0.000000000000000000e+00
6.371034352218118979e-01	-3.502289294837743205e-01	0.000000000000000000e+00
6.512485958613551951e-01	-4.259525577110520045e-01	0.000000000000000000e+00
6.512485958613551951e-01	-4.259525577110520045e-01	0.000000000000000000e+00
6.512485958613551951e-01	-4.259525577110520045e-01	0.000000000000000000e+00
6.512485958613551951e-01	-4.259525577110520045e-01	0.000000000000000000e+00
6.512485958613551951e-01	-4.259525577110520045e-01	0.000000000000000000e+00
6.512485958613551951e-01	-4.259525577110520045e-01	0.000000000000000000e+00
6.512485958613551951e-01	-4.259525577110520045e-01	0.000000000000000000e+00
6.512485958613551951e-01	-4.259525577110520045e-01	0.000000000000000000e+00
6.512485958613551951e-01	-4.148590964216469223e-01	0.000000000000000000e+00
8.354955468079739989e-01	-6.366857537599331929e-01	0.000000000000000000e+00
8.354955468079739989e-01	-6.366857537599331929e-01	0.000000000000000000e+00
8.354955468079739989e-01	-6.366857537599331929e-01	0.000000000000000000e+00
8.354955468079739989e-01	-6.366857537599331929e-01	0.000000000000000000e+00
8.354955468079739989e-01	-5.628095714785276149e-01	0.000000000000000000e+00
8.354955468079739989e-01	-5.628095714785276149e-01	0.000000000000000000e+00
8.354955468079739989e-01	-5.628095714785276149e-01	0.000000000000000000e+00
8.354955468079739989e-01	-5.628095714785276149e-01	0.000000000000000000e+00
8.354955468079739989e-01	-5.628095714785276149e-01	0.000000000000000000e+00
8.354955468079739989e-01	-5.628095714785276149e-01	0.000000000000000000e+00
8.354955468079739989e-01	-5.628095714785276149e-01	0.000000000000000000e+00
8.354955468079739989e-01	-5.790493540628514069e-01	0.000000000000000000e+00
8.354955468079739989e-01	-5.811243039812753475e-01	0.000000000000000000e+00
8.466119472782022148e-01	-6.623595944236891908e-01	0.000000000000000000e+00
8.466119472782022148e-01	-6.623595944236891908e-01	0.000000000000000000e+00
8.466119472782022148e-01	-6.776277948565088138e-01	0.000000000000000000e+00
8.466119472782022148e-01	-6.776277948565088138e-01	0.000000000000000000e+00
8.466119472782022148e-01	-6.776277948565088138e-01	0.000000000000000000e+00
8.466119472782022148e-01	-6.776277948565088138e-01	0.000000000000000000e+00
8.466119472782022148e-01	-6.776277948565088138e-01	0.000000000000000000e+00
8.466119472782022148e-01	-6.776277948565088138e-01	0.000000000000000000e+00
8.466119472782022148e-01	-6.776277948565088138e-01	0.000000000000000000e+00
8.466119472782022148e-01	-6.817098245065376094e-01	0.000000000000000000e+00
8.466119472782022148e-01	-6.817098245065376094e-01	0.000000000000000000e+00
8.466119472782022148e-01	-6.817098245065376094e-01	0.000000000000000000e+00
8.466119472782022148e-01	-6.890845585814193708e-01	0.000000000000000000e+00
8.466119472782022148e-01	-6.911654904026871549e-01	0.000000000000000000e+00
