0.000000000000000000e+00	1.511147970332378687e+00	0.000000000000000000e+00
0.000000000000000000e+00	1.511147970332378687e+00	0.000000000000000000e+00
0.000000000000000000e+00	1.511147970332378687e+00	0.000000000000000000e+00
0.000000000000000000e+00	1.511147970332378687e+00	0.000000000000000000e+00
6.397097803462006849e-02	1.180853155174100166e+00	0.000000000000000000e+00
7.879843610957484867e-02	1.084536623239085174e+00	0.000000000000000000e+00
7.879843610957484867e-02	1.084536623239085174e+00	0.000000000000000000e+00
7.879843610957484867e-02	1.084536623239085174e+00	0.000000000000000000e+00
7.879843610957484867e-02	1.084536623239085174e+00	0.000000000000000000e+00
7.879843610957484867e-02	1.084536623239085174e+00	0.000000000000000000e+00
7.879843610957484867e-02	1.084536623239085174e+00	0.000000000000000000e+00
7.879843610957484867e-02	1.084536623239085174e+00	0.000000000000000000e+00
1.980227545619999419e-01	9.547777410204568715e-01	0.000000000000000000e+00
1.980227545619999419e-01	9.547777410204568715e-01	0.000000000000000000e+00
2.252998988582901041e-01	7.520081191638479101e-01	0.000000000000000000e+00
2.252998988582901041e-01	7.520081191638479101e-01	0.000000000000000000e+00
2.288136160549554265e-01	7.080785540253855537e-01	0.000000000000000000e+00
2.364375606027600829e-01	6.464753064811761263e-01	0.000000000000000000e+00
2.364375606027600829e-01	6.464753064811761263e-01	0.000000000000000000e+00
2.539739031829876814e-01	5.750417008151769149e-01	0.000000000000000000e+00
2.539739031829876814e-01	5.705881362145064362e-01	0.000000000000000000e+00
2.539739031829876814e-01	5.705881362145064362e-01	0.000000000000000000e+00
2.539739031829876814e-01	5.705881362145064362e-01	0.000000000000000000e+00
2.539739031829876814e-01	5.705881362145064362e-01	0.000000000000000000e+00
2.539739031829876814e-01	5.705881362145064362e-01	0.000000000000000000e+00
2.539739031829876814e-01	5.705881362145064362e-01	0.000000000000000000e+00
2.539739031829876814e-01	5.750417008151769149e-01	0.000000000000000000e+00
2.539739031829876814e-01	5.809063432898751156e-01	0.000000000000000000e+00
2.539739031829876814e-01	5.809063432898751156e-01	0.000000000000000000e+00
2.539739031829876814e-01	5.809063432898751156e-01	0.000000000000000000e+00
4.534822477696831000e-01	1.860567147706672364e-01	0.000000000000000000e+00
4.534822477696831000e-01	1.860567147706672364e-01	0.000000000000000000e+00
4.534822477696831000e-01	1.627481835133235688e-01	0.000000000000000000e+00
4.534822477696831000e-01	1.627481835133235688e-01	0.000000000000000000e+00
4.534822477696831000e-01	1.627481835133235688e-01	0.000000000000000000e+00
4.534822477696831000e-01	1.627481835133235688e-01	0.000000000000000000e+00
4.534822477696831000e-01	1.627481835133235688e-01	0.000000000000000000e+00
4.534822477696831000e-01	1.627481835133235688e-01	0.000000000000000000e+00
4.534822477696831000e-01	1.495087362544562926e-01	0.000000000000000000e+00
4.534822477696831000e-01	1.495087362544562926e-01	0.000000000000000000e+00
4.534822477696831000e-01	1.495087362544562926e-01	0.000000000000000000e+00
4.534822477696831000e-01	1.495087362544562926e-01	0.000000000000000000e+00
4.534822477696831000e-01	1.266213085138501449e-01	0.000000000000000000e+00
4.534822477696831000e-01	1.266213085138501449e-01	0.000000000000000000e+00
4.534822477696831000e-01	1.266213085138501449e-01	0.000000000000000000e+00
4.534822477696831000e-01	1.266213085138501449e-01	0.000000000000000000e+00
4.534822477696831000e-01	1.266213085138501449e-01	0.000000000000000000e+00
4.534822477696831000e-01	1.266213085138501449e-01	0.000000000000000000e+00
4.534822477696831000e-01	1.339749176353182414e-01	0.000000000000000000e+00
4.534822477696831000e-01	1.339749176353182414e-01	0.000000000000000000e+00
4.534822477696831000e-01	1.339749176353182414e-01	0.000000000000000000e+00
6.304776991893266125e-01	-5.699700611308311515e-02	0.000000000000000000e+00
6.304776991893266125e-01	-5.699700611308311515e-02	0.000000000000000000e+00
6.304776991893266125e-01	-5.699700611308311515e-02	0.000000000000000000e+00
6.304776991893266125e-01	-5.699700611308311515e-02	0.000000000000000000e+00
6.304776991893266125e-01	-5.699700611308311515e-02	0.000000000000000000e+00
6.304776991893266125e-01	-5.699700611308311515e-02	0.000000000000000000e+00
6.304776991893266125e-01	-5.699700611308311515e-02	0.000000000000000000e+00
6.304776991893266125e-01	-4.155221847197976270e-02	0.000000000000000000e+00
6.304776991893266125e-01	-4.155221847197976270e-02	0.000000000000000000e+00
6.421039470050199371e-01	-1.522222368088570754e-01	0.000000000000000000e+00
6.421039470050199371e-01	-1.522222368088570754e-01	0.000000000000000000e+00
6.421039470050199371e-01	-1.522222368088570754e-01	0.000000000000000000e+00
6.421039470050199371e-01	-1.522222368088570754e-01	0.000000000000000000e+00
6.421039470050199371e-01	-1.522222368088570754e-01	0.000000000000000000e+00
6.421039470050199371e-01	-1.604259055711116655e-01	0.000000000000000000e+00
6.421039470050199371e-01	-1.604259055711116655e-01	0.000000000000000000e+00
6.512485958613551951e-01	-1.837049480083341735e-01	0.000000000000000000e+00
6.512485958613551951e-01	-1.837049480083341735e-01	0.000000000000000000e+00
6.512485958613551951e-01	-1.837049480083341735e-01	0.000000000000000000e+00
6.512485958613551951e-01	-1.837049480083341735e-01	0.000000000000000000e+00
6.512485958613551951e-01	-1.837049480083341735e-01	0.000000000000000000e+00
6.512485958613551951e-01	-1.837049480083341735e-01	0.000000000000000000e+00
6.512485958613551951e-01	-1.837049480083341735e-01	0.000000000000000000e+00
8.354955468079739989e-01	-3.744226267255587048e-01	0.000000000000000000e+00
8.354955468079739989e-01	-3.744226267255587048e-01	0.000000000000000000e+00
8.354955468079739989e-01	-3.744226267255587048e-01	0.000000000000000000e+00
8.354955468079739989e-01	-3.574500181332469495e-01	0.000000000000000000e+00
8.354955468079739989e-01	-3.574500181332469495e-01	0.000000000000000000e+00
8.354955468079739989e-01	-3.574500181332469495e-01	0.000000000000000000e+00
8.354955468079739989e-01	-3.574500181332469495e-01	0.000000000000000000e+00
8.354955468079739989e-01	-3.574500181332469495e-01	0.000000000000000000e+00
8.354955468079739989e-01	-3.574500181332469495e-01	0.000000000000000000e+00
8.354955468079739989e-01	-3.574500181332469495e-01	0.000000000000000000e+00
8.354955468079739989e-01	-3.574500181332469495e-01	0.000000000000000000e+00
8.354955468079739989e-01	-3.408962469816659291e-01	0.000000000000000000e+00
8.354955468079739989e-01	-3.633096130070348484e-01	0.000000000000000000e+00
8.354955468079739989e-01	-3.633096130070348484e-01	0.000000000000000000e+00
8.482493204191695613e-01	-4.430293315486230621e-01	0.000000000000000000e+00
8.482493204191695613e-01	-4.430293315486230621e-01	0.000000000000000000e+00
8.482493204191695613e-01	-4.430293315486230621e-01	0.000000000000000000e+00
8.482493204191695613e-01	-4.430293315486230621e-01	0.000000000000000000e+00
8.482493204191695613e-01	-4.430293315486230621e-01	0.000000000000000000e+00
8.482493204191695613e-01	-4.430293315486230621e-01	0.000000000000000000e+00
8.482493204191695613e-01	-4.633838417055675118e-01	0.000000000000000000e+00
8.482493204191695613e-01	-4.633838417055675118e-01	0.000000000000000000e+00
8.482493204191695613e-01	-4.633838417055675118e-01	0.000000000000000000e+00
8.482493204191695613e-01	-4.633838417055675118e-01	0.000000000000000000e+00
8.482493204191695613e-01	-4.719377037013368081e-01	0.000000000000000000e+00
8.482493204191695613e-01	-4.719377037013368081e-01	0.000000000000000000e+00
