0.000000000000000000e+00	1.007721651284937847e+00	0.000000000000000000e+00
0.000000000000000000e+00	1.007721651284937847e+00	0.000000000000000000e+00
3.200821537451788851e-02	8.065898370651545246e-01	0.000000000000000000e+00
4.609385436693348020e-02	7.543035754845430763e-01	0.000000000000000000e+00
4.609385436693348020e-02	7.436475056292289887e-01	0.000000000000000000e+00
6.996262094223536232e-02	6.828218909981139673e-01	0.000000000000000000e+00
7.879843610957484867e-02	6.736451979386505196e-01	0.000000000000000000e+00
7.879843610957484867e-02	6.736451979386505196e-01	0.000000000000000000e+00
7.879843610957484867e-02	6.736451979386505196e-01	0.000000000000000000e+00
7.879843610957484867e-02	6.736451979386505196e-01	0.000000000000000000e+00
7.879843610957484867e-02	6.736451979386505196e-01	0.000000000000000000e+00
7.879843610957484867e-02	6.736451979386505196e-01	0.000000000000000000e+00
7.879843610957484867e-02	6.736451979386505196e-01	0.000000000000000000e+00
1.955347178473505199e-01	5.879063288669397203e-01	0.000000000000000000e+00
1.980227545619999419e-01	5.718195039776389210e-01	0.000000000000000000e+00
2.135501339289322120e-01	4.764043675707634873e-01	0.000000000000000000e+00
2.135501339289322120e-01	4.502860832887263243e-01	0.000000000000000000e+00
2.280345752035918827e-01	3.486154524549059386e-01	0.000000000000000000e+00
2.280345752035918827e-01	3.478244193795308470e-01	0.000000000000000000e+00
2.410875217895214473e-01	2.895924647341507341e-01	0.000000000000000000e+00
2.410875217895214473e-01	2.786537046573905330e-01	0.000000000000000000e+00
2.539739031829876814e-01	2.448216209315254299e-01	0.000000000000000000e+00
2.539739031829876814e-01	2.448216209315254299e-01	0.000000000000000000e+00
2.539739031829876814e-01	2.448216209315254299e-01	0.000000000000000000e+00
2.539739031829876814e-01	2.448216209315254299e-01	0.000000000000000000e+00
2.539739031829876814e-01	2.448216209315254299e-01	0.000000000000000000e+00
2.539739031829876814e-01	2.448216209315254299e-01	0.000000000000000000e+00
2.539739031829876814e-01	2.448216209315254299e-01	0.000000000000000000e+00
2.539739031829876814e-01	2.448216209315254299e-01	0.000000000000000000e+00
2.539739031829876814e-01	2.448216209315254299e-01	0.000000000000000000e+00
2.539739031829876814e-01	2.453920851905858902e-01	0.000000000000000000e+00
4.341033785401078315e-01	-3.646923482636586777e-02	0.000000000000000000e+00
4.341033785401078315e-01	-3.646923482636586777e-02	0.000000000000000000e+00
4.341033785401078315e-01	-3.646923482636586777e-02	0.000000000000000000e+00
4.341033785401078315e-01	9.891841461789868672e-03	0.000000000000000000e+00
4.341033785401078315e-01	9.021199001522239511e-03	0.000000000000000000e+00
4.341033785401078315e-01	6.067883526708887053e-03	0.000000000000000000e+00
4.341033785401078315e-01	6.067883526708887053e-03	0.000000000000000000e+00
4.341033785401078315e-01	-2.175904924807351565e-02	0.000000000000000000e+00
4.402390189014019350e-01	-4.476711786703693047e-02	0.000000000000000000e+00
4.402390189014019350e-01	-7.722929729688629563e-02	0.000000000000000000e+00
4.473556061660878269e-01	-1.131260775186890971e-01	0.000000000000000000e+00
4.473556061660878269e-01	-1.131260775186890971e-01	0.000000000000000000e+00
4.568068507501170661e-01	-1.207517380327451095e-01	0.000000000000000000e+00
4.568068507501170661e-01	-1.207517380327451095e-01	0.000000000000000000e+00
4.568068507501170661e-01	-1.207517380327451095e-01	0.000000000000000000e+00
4.568068507501170661e-01	-1.207517380327451095e-01	0.000000000000000000e+00
4.568068507501170661e-01	-1.207517380327451095e-01	0.000000000000000000e+00
4.568068507501170661e-01	-1.207517380327451095e-01	0.000000000000000000e+00
4.568068507501170661e-01	-1.207517380327451095e-01	0.000000000000000000e+00
4.568068507501170661e-01	-1.203844158464470182e-01	0.000000000000000000e+00
6.304776991893266125e-01	-3.029172652972997315e-01	0.000000000000000000e+00
6.304776991893266125e-01	-2.770045181633762899e-01	0.000000000000000000e+00
6.304776991893266125e-01	-2.770045181633762899e-01	0.000000000000000000e+00
6.304776991893266125e-01	-2.770045181633762899e-01	0.000000000000000000e+00
6.304776991893266125e-01	-2.770045181633762899e-01	0.000000000000000000e+00
6.304776991893266125e-01	-2.770045181633762899e-01	0.000000000000000000e+00
6.304776991893266125e-01	-2.770045181633762899e-01	0.000000000000000000e+00
6.304776991893266125e-01	-2.731446538913959721e-01	0.000000000000000000e+00
6.304776991893266125e-01	-2.878402634184833442e-01	0.000000000000000000e+00
6.371034352218118979e-01	-3.636356511523500812e-01	0.000000000000000000e+00
6.371034352218118979e-01	-3.636356511523500812e-01	0.000000000000000000e+00
6.371034352218118979e-01	-3.523916624078606841e-01	0.000000000000000000e+00
6.371034352218118979e-01	-3.502289294837743205e-01	0.000000000000000000e+00
6.512485958613551951e-01	-4.295207708761394350e-01	0.000000000000000000e+00
6.512485958613551951e-01	-4.295207708761394350e-01	0.000000000000000000e+00
6.512485958613551951e-01	-4.295207708761394350e-01	0.000000000000000000e+00
6.512485958613551951e-01	-4.295207708761394350e-01	0.000000000000000000e+00
6.512485958613551951e-01	-4.295207708761394350e-01	0.000000000000000000e+00
6.512485958613551951e-01	-4.259525577110520045e-01	0.000000000000000000e+00
6.512485958613551951e-01	-4.259525577110520045e-01	0.000000000000000000e+00
6.512485958613551951e-01	-4.259525577110520045e-01	0.000000000000000000e+00
6.512485958613551951e-01	-4.148590964216469223e-01	0.000000000000000000e+00
8.354955468079739989e-01	-5.921240059677705947e-01	0.000000000000000000e+00
8.354955468079739989e-01	-5.921240059677705947e-01	0.000000000000000000e+00
8.354955468079739989e-01	-5.694304492821326003e-01	0.000000000000000000e+00
8.354955468079739989e-01	-5.694304492821326003e-01	0.000000000000000000e+00
8.354955468079739989e-01	-6.009115555612257742e-01	0.000000000000000000e+00
8.354955468079739989e-01	-6.009115555612257742e-01	0.000000000000000000e+00
8.354955468079739989e-01	-6.009115555612257742e-01	0.000000000000000000e+00
8.354955468079739989e-01	-6.009115555612257742e-01	0.000000000000000000e+00
8.354955468079739989e-01	-5.952268863933957155e-01	0.000000000000000000e+00
8.354955468079739989e-01	-5.952268863933957155e-01	0.000000000000000000e+00
8.354955468079739989e-01	-5.952268863933957155e-01	0.000000000000000000e+00
8.354955468079739989e-01	-5.952268863933957155e-01	0.000000000000000000e+00
8.354955468079739989e-01	-5.952268863933957155e-01	0.000000000000000000e+00
8.354955468079739989e-01	-5.952268863933957155e-01	0.000000000000000000e+00
8.354955468079739989e-01	-6.028291649805116448e-01	0.000000000000000000e+00
8.466119472782022148e-01	-6.826817684916132167e-01	0.000000000000000000e+00
8.466119472782022148e-01	-6.826817684916132167e-01	0.000000000000000000e+00
8.466119472782022148e-01	-6.826817684916132167e-01	0.000000000000000000e+00
8.466119472782022148e-01	-6.462861703891225051e-01	0.000000000000000000e+00
8.466119472782022148e-01	-6.735829690434845807e-01	0.000000000000000000e+00
8.466119472782022148e-01	-6.735829690434845807e-01	0.000000000000000000e+00
8.466119472782022148e-01	-6.735829690434845807e-01	0.000000000000000000e+00
8.466119472782022148e-01	-6.920760561350929319e-01	0.000000000000000000e+00
8.466119472782022148e-01	-6.920760561350929319e-01	0.000000000000000000e+00
8.466119472782022148e-01	-6.920760561350929319e-01	0.000000000000000000e+00
8.466119472782022148e-01	-6.920760561350929319e-01	0.000000000000000000e+00
8.466119472782022148e-01	-6.920760561350929319e-01	0.000000000000000000e+00
