1.170330355346418383e-01	3.613672175718134927e+00	0.000000000000000000e+00
1.170330355346418383e-01	3.613672175718134927e+00	0.000000000000000000e+00
1.170330355346418383e-01	3.613672175718134927e+00	0.000000000000000000e+00
1.170330355346418383e-01	3.613672175718134927e+00	0.000000000000000000e+00
1.170330355346418383e-01	3.607574436018243791e+00	0.000000000000000000e+00
1.170330355346418383e-01	3.607574436018243791e+00	0.000000000000000000e+00
1.170330355346418383e-01	3.607574436018243791e+00	0.000000000000000000e+00
1.170330355346418383e-01	3.607574436018243791e+00	0.000000000000000000e+00
2.391995650077272106e-01	2.749831802448184259e+00	0.000000000000000000e+00
2.391995650077272106e-01	2.540950375768634473e+00	0.000000000000000000e+00
2.391995650077272106e-01	2.540950375768634473e+00	0.000000000000000000e+00
2.391995650077272106e-01	2.540950375768634473e+00	0.000000000000000000e+00
2.391995650077272106e-01	2.540950375768634473e+00	0.000000000000000000e+00
2.391995650077272106e-01	2.540950375768634473e+00	0.000000000000000000e+00
2.391995650077272106e-01	2.540950375768634473e+00	0.000000000000000000e+00
2.391995650077272106e-01	2.408504324229002069e+00	0.000000000000000000e+00
2.391995650077272106e-01	2.408504324229002069e+00	0.000000000000000000e+00
2.391995650077272106e-01	2.408504324229002069e+00	0.000000000000000000e+00
2.391995650077272106e-01	2.408504324229002069e+00	0.000000000000000000e+00
2.391995650077272106e-01	2.408504324229002069e+00	0.000000000000000000e+00
2.391995650077272106e-01	2.408504324229002069e+00	0.000000000000000000e+00
2.391995650077272106e-01	2.408504324229002069e+00	0.000000000000000000e+00
2.391995650077272106e-01	2.408504324229002069e+00	0.000000000000000000e+00
2.391995650077272106e-01	2.568393085855612767e+00	0.000000000000000000e+00
5.038813096822185589e-01	2.456135034048575694e+00	0.000000000000000000e+00
5.038813096822185589e-01	2.456135034048575694e+00	0.000000000000000000e+00
5.038813096822185589e-01	2.456135034048575694e+00	0.000000000000000000e+00
5.038813096822185589e-01	2.456135034048575694e+00	0.000000000000000000e+00
5.038813096822185589e-01	2.456135034048575694e+00	0.000000000000000000e+00
5.038813096822185589e-01	2.456135034048575694e+00	0.000000000000000000e+00
6.126390590614251286e-01	2.035388609231160828e+00	0.000000000000000000e+00
6.126390590614251286e-01	2.035388609231160828e+00	0.000000000000000000e+00
6.126390590614251286e-01	2.035388609231160828e+00	0.000000000000000000e+00
6.126390590614251286e-01	2.035388609231160828e+00	0.000000000000000000e+00
6.314797071393267736e-01	1.648545073416832984e+00	0.000000000000000000e+00
6.314797071393267736e-01	1.648545073416832984e+00	0.000000000000000000e+00
6.314797071393267736e-01	1.648545073416832984e+00	0.000000000000000000e+00
6.314797071393267736e-01	1.648545073416832984e+00	0.000000000000000000e+00
6.314797071393267736e-01	1.648545073416832984e+00	0.000000000000000000e+00
6.314797071393267736e-01	1.648545073416832984e+00	0.000000000000000000e+00
6.314797071393267736e-01	1.833888396196162285e+00	0.000000000000000000e+00
6.314797071393267736e-01	1.833888396196162285e+00	0.000000000000000000e+00
6.314797071393267736e-01	1.833888396196162285e+00	0.000000000000000000e+00
6.314797071393267736e-01	1.833888396196162285e+00	0.000000000000000000e+00
6.314797071393267736e-01	1.833888396196162285e+00	0.000000000000000000e+00
6.314797071393267736e-01	1.833888396196162285e+00	0.000000000000000000e+00
8.391679248647100353e-01	1.471456450492570234e+00	0.000000000000000000e+00
8.391679248647100353e-01	1.462037700519247529e+00	0.000000000000000000e+00
8.391679248647100353e-01	1.462037700519247529e+00	0.000000000000000000e+00
8.391679248647100353e-01	1.462037700519247529e+00	0.000000000000000000e+00
8.391679248647100353e-01	1.462037700519247529e+00	0.000000000000000000e+00
8.391679248647100353e-01	1.462037700519247529e+00	0.000000000000000000e+00
8.391679248647100353e-01	1.462037700519247529e+00	0.000000000000000000e+00
8.391679248647100353e-01	1.462037700519247529e+00	0.000000000000000000e+00
8.391679248647100353e-01	1.462037700519247529e+00	0.000000000000000000e+00
8.391679248647100353e-01	1.443383085584864611e+00	0.000000000000000000e+00
8.391679248647100353e-01	1.443383085584864611e+00	0.000000000000000000e+00
8.391679248647100353e-01	1.540621165766476341e+00	0.000000000000000000e+00
8.391679248647100353e-01	1.540621165766476341e+00	0.000000000000000000e+00
8.391679248647100353e-01	1.268096932885701467e+00	0.000000000000000000e+00
8.391679248647100353e-01	1.268096932885701467e+00	0.000000000000000000e+00
8.391679248647100353e-01	1.268096932885701467e+00	0.000000000000000000e+00
8.391679248647100353e-01	1.268096932885701467e+00	0.000000000000000000e+00
8.391679248647100353e-01	1.268096932885701467e+00	0.000000000000000000e+00
8.391679248647100353e-01	1.268096932885701467e+00	0.000000000000000000e+00
8.391679248647100353e-01	1.268096932885701467e+00	0.000000000000000000e+00
8.391679248647100353e-01	1.268096932885701467e+00	0.000000000000000000e+00
8.391679248647100353e-01	1.238702952814988212e+00	0.000000000000000000e+00
8.391679248647100353e-01	1.238702952814988212e+00	0.000000000000000000e+00
8.391679248647100353e-01	1.238702952814988212e+00	0.000000000000000000e+00
8.391679248647100353e-01	1.197999039162091384e+00	0.000000000000000000e+00
8.391679248647100353e-01	1.197999039162091384e+00	0.000000000000000000e+00
8.391679248647100353e-01	1.189855689692105090e+00	0.000000000000000000e+00
8.391679248647100353e-01	1.189855689692105090e+00	0.000000000000000000e+00
8.391679248647100353e-01	8.872341346604611934e-01	0.000000000000000000e+00
8.391679248647100353e-01	8.872341346604611934e-01	0.000000000000000000e+00
8.391679248647100353e-01	8.920755535400646252e-01	0.000000000000000000e+00
8.391679248647100353e-01	8.920755535400646252e-01	0.000000000000000000e+00
8.391679248647100353e-01	8.920755535400646252e-01	0.000000000000000000e+00
8.391679248647100353e-01	8.920755535400646252e-01	0.000000000000000000e+00
8.391679248647100353e-01	8.920755535400646252e-01	0.000000000000000000e+00
8.391679248647100353e-01	8.920755535400646252e-01	0.000000000000000000e+00
8.391679248647100353e-01	8.920755535400646252e-01	0.000000000000000000e+00
8.391679248647100353e-01	8.920755535400646252e-01	0.000000000000000000e+00
8.391679248647100353e-01	1.098021682067906735e+00	0.000000000000000000e+00
8.391679248647100353e-01	1.098021682067906735e+00	0.000000000000000000e+00
8.391679248647100353e-01	1.098021682067906735e+00	0.000000000000000000e+00
8.391679248647100353e-01	1.114062749935596841e+00	0.000000000000000000e+00
8.391679248647100353e-01	1.033994260391316811e+00	0.000000000000000000e+00
8.391679248647100353e-01	1.033994260391316811e+00	0.000000000000000000e+00
8.391679248647100353e-01	1.005600913040118893e+00	0.000000000000000000e+00
8.391679248647100353e-01	1.005600913040118893e+00	0.000000000000000000e+00
8.391679248647100353e-01	9.865094741127559130e-01	0.000000000000000000e+00
8.391679248647100353e-01	9.865094741127559130e-01	0.000000000000000000e+00
8.391679248647100353e-01	9.865094741127559130e-01	0.000000000000000000e+00
8.391679248647100353e-01	9.865094741127559130e-01	0.000000000000000000e+00
8.391679248647100353e-01	9.865094741127559130e-01	0.000000000000000000e+00
8.391679248647100353e-01	9.865094741127559130e-01	0.000000000000000000e+00
8.391679248647100353e-01	9.865094741127559130e-01	0.000000000000000000e+00
8.391679248647100353e-01	9.865094741127559130e-01	0.000000000000000000e+00
