0.000000000000000000e+00	1.618231984608524687e+00	0.000000000000000000e+00
0.000000000000000000e+00	1.590688023924794692e+00	0.000000000000000000e+00
0.000000000000000000e+00	1.590688023924794692e+00	0.000000000000000000e+00
0.000000000000000000e+00	1.590688023924794692e+00	0.000000000000000000e+00
6.397097803462006849e-02	1.205011816481213138e+00	0.000000000000000000e+00
7.879843610957484867e-02	1.179293410844356238e+00	0.000000000000000000e+00
7.879843610957484867e-02	1.179293410844356238e+00	0.000000000000000000e+00
1.030392432942600772e-01	1.165431860528264751e+00	0.000000000000000000e+00
1.030392432942600772e-01	1.165431860528264751e+00	0.000000000000000000e+00
1.030392432942600772e-01	1.165431860528264751e+00	0.000000000000000000e+00
1.030392432942600772e-01	1.165431860528264751e+00	0.000000000000000000e+00
1.030392432942600772e-01	1.165431860528264751e+00	0.000000000000000000e+00
1.980227545619999419e-01	1.002873803503720573e+00	0.000000000000000000e+00
1.980227545619999419e-01	1.002873803503720573e+00	0.000000000000000000e+00
2.252998988582901041e-01	8.351532028730079826e-01	0.000000000000000000e+00
2.252998988582901041e-01	8.351532028730079826e-01	0.000000000000000000e+00
2.288136160549554265e-01	7.435021786256389431e-01	0.000000000000000000e+00
2.288136160549554265e-01	7.435021786256389431e-01	0.000000000000000000e+00
2.539739031829876814e-01	6.720517112507905511e-01	0.000000000000000000e+00
2.539739031829876814e-01	6.399134540383198955e-01	0.000000000000000000e+00
2.539739031829876814e-01	6.399134540383198955e-01	0.000000000000000000e+00
2.539739031829876814e-01	6.399134540383198955e-01	0.000000000000000000e+00
2.539739031829876814e-01	6.399134540383198955e-01	0.000000000000000000e+00
2.539739031829876814e-01	6.399134540383198955e-01	0.000000000000000000e+00
2.539739031829876814e-01	6.399134540383198955e-01	0.000000000000000000e+00
2.539739031829876814e-01	6.399134540383198955e-01	0.000000000000000000e+00
2.539739031829876814e-01	6.399134540383198955e-01	0.000000000000000000e+00
2.539739031829876814e-01	6.399134540383198955e-01	0.000000000000000000e+00
2.539739031829876814e-01	6.399134540383198955e-01	0.000000000000000000e+00
2.539739031829876814e-01	6.399134540383198955e-01	0.000000000000000000e+00
4.534822477696831000e-01	2.621809905293148724e-01	0.000000000000000000e+00
4.534822477696831000e-01	2.621809905293148724e-01	0.000000000000000000e+00
4.534822477696831000e-01	2.621809905293148724e-01	0.000000000000000000e+00
4.534822477696831000e-01	2.621809905293148724e-01	0.000000000000000000e+00
4.534822477696831000e-01	2.621809905293148724e-01	0.000000000000000000e+00
4.534822477696831000e-01	2.621809905293148724e-01	0.000000000000000000e+00
4.534822477696831000e-01	2.621809905293148724e-01	0.000000000000000000e+00
4.534822477696831000e-01	2.621809905293148724e-01	0.000000000000000000e+00
4.534822477696831000e-01	2.548648587833048929e-01	0.000000000000000000e+00
4.534822477696831000e-01	2.548648587833048929e-01	0.000000000000000000e+00
4.534822477696831000e-01	2.600547159023461341e-01	0.000000000000000000e+00
4.534822477696831000e-01	2.450439394759444112e-01	0.000000000000000000e+00
4.534822477696831000e-01	2.548648587833048929e-01	0.000000000000000000e+00
4.534822477696831000e-01	2.600547159023461341e-01	0.000000000000000000e+00
4.534822477696831000e-01	2.600547159023461341e-01	0.000000000000000000e+00
4.534822477696831000e-01	2.600547159023461341e-01	0.000000000000000000e+00
4.534822477696831000e-01	2.600547159023461341e-01	0.000000000000000000e+00
4.534822477696831000e-01	2.600547159023461341e-01	0.000000000000000000e+00
6.304776991893266125e-01	8.209686510252257874e-02	0.000000000000000000e+00
6.304776991893266125e-01	8.209686510252257874e-02	0.000000000000000000e+00
6.304776991893266125e-01	8.209686510252257874e-02	0.000000000000000000e+00
6.304776991893266125e-01	8.209686510252257874e-02	0.000000000000000000e+00
6.304776991893266125e-01	8.209686510252257874e-02	0.000000000000000000e+00
6.304776991893266125e-01	8.209686510252257874e-02	0.000000000000000000e+00
6.304776991893266125e-01	7.909361038997866911e-02	0.000000000000000000e+00
6.304776991893266125e-01	9.329738326223054393e-03	0.000000000000000000e+00
6.304776991893266125e-01	9.329738326223054393e-03	0.000000000000000000e+00
6.304776991893266125e-01	9.329738326223054393e-03	0.000000000000000000e+00
6.304776991893266125e-01	9.329738326223054393e-03	0.000000000000000000e+00
6.304776991893266125e-01	9.329738326223054393e-03	0.000000000000000000e+00
6.304776991893266125e-01	9.329738326223054393e-03	0.000000000000000000e+00
6.421039470050199371e-01	-6.797215943691609086e-02	0.000000000000000000e+00
6.421039470050199371e-01	-9.965579070936465833e-02	0.000000000000000000e+00
6.421039470050199371e-01	-9.965579070936465833e-02	0.000000000000000000e+00
6.421039470050199371e-01	-9.965579070936465833e-02	0.000000000000000000e+00
6.421039470050199371e-01	-9.965579070936465833e-02	0.000000000000000000e+00
6.421039470050199371e-01	-9.965579070936465833e-02	0.000000000000000000e+00
6.421039470050199371e-01	-1.150089771707920455e-01	0.000000000000000000e+00
6.421039470050199371e-01	-1.150089771707920455e-01	0.000000000000000000e+00
6.512485958613551951e-01	-1.549355957248739757e-01	0.000000000000000000e+00
6.512485958613551951e-01	-1.549355957248739757e-01	0.000000000000000000e+00
6.512485958613551951e-01	-1.549355957248739757e-01	0.000000000000000000e+00
6.512485958613551951e-01	-1.556084803199885569e-01	0.000000000000000000e+00
6.512485958613551951e-01	-1.556084803199885569e-01	0.000000000000000000e+00
6.512485958613551951e-01	-1.556084803199885569e-01	0.000000000000000000e+00
6.512485958613551951e-01	-1.556084803199885569e-01	0.000000000000000000e+00
6.512485958613551951e-01	-1.556084803199885569e-01	0.000000000000000000e+00
8.354955468079739989e-01	-3.724953767298416207e-01	0.000000000000000000e+00
8.354955468079739989e-01	-3.724953767298416207e-01	0.000000000000000000e+00
8.354955468079739989e-01	-3.724953767298416207e-01	0.000000000000000000e+00
8.354955468079739989e-01	-2.729189270324666738e-01	0.000000000000000000e+00
8.354955468079739989e-01	-3.194039676210405077e-01	0.000000000000000000e+00
8.354955468079739989e-01	-3.194039676210405077e-01	0.000000000000000000e+00
8.354955468079739989e-01	-3.194039676210405077e-01	0.000000000000000000e+00
8.354955468079739989e-01	-3.194039676210405077e-01	0.000000000000000000e+00
8.354955468079739989e-01	-3.194039676210405077e-01	0.000000000000000000e+00
8.354955468079739989e-01	-3.194039676210405077e-01	0.000000000000000000e+00
8.354955468079739989e-01	-3.194039676210405077e-01	0.000000000000000000e+00
8.354955468079739989e-01	-3.194039676210405077e-01	0.000000000000000000e+00
8.354955468079739989e-01	-3.194039676210405077e-01	0.000000000000000000e+00
8.354955468079739989e-01	-3.289001557128991005e-01	0.000000000000000000e+00
8.482493204191695613e-01	-3.905600997158372167e-01	0.000000000000000000e+00
8.482493204191695613e-01	-3.957296781797248753e-01	0.000000000000000000e+00
8.482493204191695613e-01	-3.957296781797248753e-01	0.000000000000000000e+00
8.482493204191695613e-01	-3.957296781797248753e-01	0.000000000000000000e+00
8.482493204191695613e-01	-3.957296781797248753e-01	0.000000000000000000e+00
8.482493204191695613e-01	-3.957296781797248753e-01	0.000000000000000000e+00
8.482493204191695613e-01	-3.957296781797248753e-01	0.000000000000000000e+00
8.482493204191695613e-01	-3.978830029798838819e-01	0.000000000000000000e+00
8.482493204191695613e-01	-3.957296781797248753e-01	0.000000000000000000e+00
