0.000000000000000000e+00	1.001801249292110230e+00	0.000000000000000000e+00
0.000000000000000000e+00	1.000762449301492163e+00	0.000000000000000000e+00
3.200821537451788851e-02	8.188270436502742555e-01	0.000000000000000000e+00
4.609385436693348020e-02	7.419106409094465837e-01	0.000000000000000000e+00
4.609385436693348020e-02	7.419106409094465837e-01	0.000000000000000000e+00
6.996262094223536232e-02	6.797477692111096870e-01	0.000000000000000000e+00
7.879843610957484867e-02	6.712554492553167718e-01	0.000000000000000000e+00
7.879843610957484867e-02	6.712554492553167718e-01	0.000000000000000000e+00
7.879843610957484867e-02	6.712554492553167718e-01	0.000000000000000000e+00
7.879843610957484867e-02	6.712554492553167718e-01	0.000000000000000000e+00
7.879843610957484867e-02	6.712554492553167718e-01	0.000000000000000000e+00
7.879843610957484867e-02	6.712554492553167718e-01	0.000000000000000000e+00
7.879843610957484867e-02	6.712554492553167718e-01	0.000000000000000000e+00
1.955347178473505199e-01	5.851468479433554748e-01	0.000000000000000000e+00
1.980227545619999419e-01	5.672951930910078433e-01	0.000000000000000000e+00
2.135501339289322120e-01	4.563731236752082698e-01	0.000000000000000000e+00
2.135501339289322120e-01	4.496997699919608737e-01	0.000000000000000000e+00
2.280345752035918827e-01	3.466088986635211810e-01	0.000000000000000000e+00
2.280345752035918827e-01	3.466088986635211810e-01	0.000000000000000000e+00
2.410875217895214473e-01	2.772944690931243850e-01	0.000000000000000000e+00
2.410875217895214473e-01	2.772944690931243850e-01	0.000000000000000000e+00
2.539739031829876814e-01	2.440445089033672077e-01	0.000000000000000000e+00
2.539739031829876814e-01	2.440445089033672077e-01	0.000000000000000000e+00
2.539739031829876814e-01	2.440445089033672077e-01	0.000000000000000000e+00
2.539739031829876814e-01	2.440445089033672077e-01	0.000000000000000000e+00
2.539739031829876814e-01	2.440445089033672077e-01	0.000000000000000000e+00
2.539739031829876814e-01	2.440445089033672077e-01	0.000000000000000000e+00
2.539739031829876814e-01	2.440445089033672077e-01	0.000000000000000000e+00
2.539739031829876814e-01	2.440445089033672077e-01	0.000000000000000000e+00
2.539739031829876814e-01	2.440445089033672077e-01	0.000000000000000000e+00
2.539739031829876814e-01	2.440445089033672077e-01	0.000000000000000000e+00
4.255696485815406716e-01	5.787157915189551638e-02	0.000000000000000000e+00
4.255696485815406716e-01	9.100773490224035867e-02	0.000000000000000000e+00
4.255696485815406716e-01	9.100773490224035867e-02	0.000000000000000000e+00
4.255696485815406716e-01	4.207202240750916589e-02	0.000000000000000000e+00
4.255696485815406716e-01	4.207202240750916589e-02	0.000000000000000000e+00
4.341033785401078315e-01	-4.507256490832508601e-03	0.000000000000000000e+00
4.341033785401078315e-01	-4.507256490832508601e-03	0.000000000000000000e+00
4.341033785401078315e-01	-2.765142718747860828e-02	0.000000000000000000e+00
4.402390189014019350e-01	-8.166771492802117616e-02	0.000000000000000000e+00
4.402390189014019350e-01	-8.166771492802117616e-02	0.000000000000000000e+00
4.473556061660878269e-01	-1.136337906847320611e-01	0.000000000000000000e+00
4.473556061660878269e-01	-1.136337906847320611e-01	0.000000000000000000e+00
4.568068507501170661e-01	-1.207517380327451095e-01	0.000000000000000000e+00
4.568068507501170661e-01	-1.207517380327451095e-01	0.000000000000000000e+00
4.568068507501170661e-01	-1.207517380327451095e-01	0.000000000000000000e+00
4.568068507501170661e-01	-1.207517380327451095e-01	0.000000000000000000e+00
4.568068507501170661e-01	-1.207517380327451095e-01	0.000000000000000000e+00
4.568068507501170661e-01	-1.207517380327451095e-01	0.000000000000000000e+00
4.568068507501170661e-01	-1.207517380327451095e-01	0.000000000000000000e+00
4.568068507501170661e-01	-1.207517380327451095e-01	0.000000000000000000e+00
6.304776991893266125e-01	-3.069113167989520052e-01	0.000000000000000000e+00
6.304776991893266125e-01	-3.069113167989520052e-01	0.000000000000000000e+00
6.304776991893266125e-01	-3.069113167989520052e-01	0.000000000000000000e+00
6.304776991893266125e-01	-2.953479368416896400e-01	0.000000000000000000e+00
6.304776991893266125e-01	-2.953479368416896400e-01	0.000000000000000000e+00
6.304776991893266125e-01	-2.953479368416896400e-01	0.000000000000000000e+00
6.304776991893266125e-01	-2.953479368416896400e-01	0.000000000000000000e+00
6.304776991893266125e-01	-2.953479368416896400e-01	0.000000000000000000e+00
6.304776991893266125e-01	-2.953479368416896400e-01	0.000000000000000000e+00
6.371034352218118979e-01	-3.462279349291439434e-01	0.000000000000000000e+00
6.371034352218118979e-01	-3.462279349291439434e-01	0.000000000000000000e+00
6.371034352218118979e-01	-3.462279349291439434e-01	0.000000000000000000e+00
6.371034352218118979e-01	-3.612803583473491731e-01	0.000000000000000000e+00
6.371034352218118979e-01	-3.706252101947355992e-01	0.000000000000000000e+00
6.512485958613551951e-01	-4.454437096831371234e-01	0.000000000000000000e+00
6.512485958613551951e-01	-4.454437096831371234e-01	0.000000000000000000e+00
6.512485958613551951e-01	-4.454437096831371234e-01	0.000000000000000000e+00
6.512485958613551951e-01	-4.454437096831371234e-01	0.000000000000000000e+00
6.512485958613551951e-01	-4.454437096831371234e-01	0.000000000000000000e+00
6.512485958613551951e-01	-4.479535103719868294e-01	0.000000000000000000e+00
6.512485958613551951e-01	-4.479535103719868294e-01	0.000000000000000000e+00
6.512485958613551951e-01	-4.460563438342788345e-01	0.000000000000000000e+00
6.512485958613551951e-01	-4.460563438342788345e-01	0.000000000000000000e+00
6.512485958613551951e-01	-4.460563438342788345e-01	0.000000000000000000e+00
8.354955468079739989e-01	-6.319690000170662403e-01	0.000000000000000000e+00
8.354955468079739989e-01	-6.319690000170662403e-01	0.000000000000000000e+00
8.354955468079739989e-01	-6.319690000170662403e-01	0.000000000000000000e+00
8.354955468079739989e-01	-6.237662764832413442e-01	0.000000000000000000e+00
8.354955468079739989e-01	-6.237662764832413442e-01	0.000000000000000000e+00
8.354955468079739989e-01	-6.237662764832413442e-01	0.000000000000000000e+00
8.354955468079739989e-01	-5.955174573449919517e-01	0.000000000000000000e+00
8.354955468079739989e-01	-5.955174573449919517e-01	0.000000000000000000e+00
8.354955468079739989e-01	-5.955174573449919517e-01	0.000000000000000000e+00
8.354955468079739989e-01	-5.955174573449919517e-01	0.000000000000000000e+00
8.354955468079739989e-01	-5.955174573449919517e-01	0.000000000000000000e+00
8.354955468079739989e-01	-5.955174573449919517e-01	0.000000000000000000e+00
8.354955468079739989e-01	-6.137265818357893199e-01	0.000000000000000000e+00
8.354955468079739989e-01	-6.154509717877960639e-01	0.000000000000000000e+00
8.466119472782022148e-01	-6.970594235578351228e-01	0.000000000000000000e+00
8.466119472782022148e-01	-6.970594235578351228e-01	0.000000000000000000e+00
8.466119472782022148e-01	-7.096717985130455153e-01	0.000000000000000000e+00
8.466119472782022148e-01	-7.012186764783641113e-01	0.000000000000000000e+00
8.466119472782022148e-01	-7.012186764783641113e-01	0.000000000000000000e+00
8.466119472782022148e-01	-7.012186764783641113e-01	0.000000000000000000e+00
8.466119472782022148e-01	-7.012186764783641113e-01	0.000000000000000000e+00
8.466119472782022148e-01	-7.012186764783641113e-01	0.000000000000000000e+00
8.466119472782022148e-01	-7.100321703786757199e-01	0.000000000000000000e+00
8.466119472782022148e-01	-7.105658953203394246e-01	0.000000000000000000e+00
8.466119472782022148e-01	-7.105658953203394246e-01	0.000000000000000000e+00
