0.000000000000000000e+00	1.009263365327844442e+00	0.000000000000000000e+00
0.000000000000000000e+00	1.000000000000000000e+00	0.000000000000000000e+00
3.200821537451788851e-02	8.042882062736040893e-01	0.000000000000000000e+00
4.609385436693348020e-02	7.395579808447017012e-01	0.000000000000000000e+00
5.179886082098052180e-02	7.206902014332778883e-01	0.000000000000000000e+00
6.996262094223536232e-02	6.788463171871387258e-01	0.000000000000000000e+00
7.879843610957484867e-02	6.705999933606057173e-01	0.000000000000000000e+00
7.879843610957484867e-02	6.705999933606057173e-01	0.000000000000000000e+00
7.879843610957484867e-02	6.705999933606057173e-01	0.000000000000000000e+00
7.879843610957484867e-02	6.705999933606057173e-01	0.000000000000000000e+00
7.879843610957484867e-02	6.705999933606057173e-01	0.000000000000000000e+00
7.879843610957484867e-02	6.705999933606057173e-01	0.000000000000000000e+00
7.879843610957484867e-02	6.705999933606057173e-01	0.000000000000000000e+00
1.980227545619999419e-01	5.672951930910078433e-01	0.000000000000000000e+00
2.135501339289322120e-01	4.511906588704912568e-01	0.000000000000000000e+00
2.135501339289322120e-01	4.511906588704912568e-01	0.000000000000000000e+00
2.280345752035918827e-01	3.548475527594301404e-01	0.000000000000000000e+00
2.280345752035918827e-01	3.548475527594301404e-01	0.000000000000000000e+00
2.327368100358503944e-01	3.182320211012723554e-01	0.000000000000000000e+00
2.410875217895214473e-01	2.772944690931243850e-01	0.000000000000000000e+00
2.539739031829876814e-01	2.440445089033672077e-01	0.000000000000000000e+00
2.539739031829876814e-01	2.440445089033672077e-01	0.000000000000000000e+00
2.539739031829876814e-01	2.440445089033672077e-01	0.000000000000000000e+00
2.539739031829876814e-01	2.440445089033672077e-01	0.000000000000000000e+00
2.539739031829876814e-01	2.440445089033672077e-01	0.000000000000000000e+00
2.539739031829876814e-01	2.440445089033672077e-01	0.000000000000000000e+00
2.539739031829876814e-01	2.440445089033672077e-01	0.000000000000000000e+00
2.539739031829876814e-01	2.440445089033672077e-01	0.000000000000000000e+00
2.539739031829876814e-01	2.440445089033672077e-01	0.000000000000000000e+00
2.539739031829876814e-01	2.440445089033672077e-01	0.000000000000000000e+00
4.202983024826433822e-01	1.601387141363502520e-01	0.000000000000000000e+00
4.202983024826433822e-01	1.601387141363502520e-01	0.000000000000000000e+00
4.202983024826433822e-01	1.106443590939094335e-01	0.000000000000000000e+00
4.202983024826433822e-01	1.019363112070932470e-01	0.000000000000000000e+00
4.255696485815406716e-01	5.098635108069145966e-02	0.000000000000000000e+00
4.255696485815406716e-01	4.138296237239358355e-02	0.000000000000000000e+00
4.341033785401078315e-01	-3.077048593524315742e-02	0.000000000000000000e+00
4.341033785401078315e-01	-3.077048593524315742e-02	0.000000000000000000e+00
4.341033785401078315e-01	-3.995010457883446664e-02	0.000000000000000000e+00
4.394017001998896665e-01	-7.768748969813653316e-02	0.000000000000000000e+00
4.402390189014019350e-01	-8.320700944155273726e-02	0.000000000000000000e+00
4.473556061660878269e-01	-1.146592254516355380e-01	0.000000000000000000e+00
4.568068507501170661e-01	-1.222767980364757867e-01	0.000000000000000000e+00
4.568068507501170661e-01	-1.222767980364757867e-01	0.000000000000000000e+00
4.568068507501170661e-01	-1.222767980364757867e-01	0.000000000000000000e+00
4.568068507501170661e-01	-1.222767980364757867e-01	0.000000000000000000e+00
4.568068507501170661e-01	-1.222767980364757867e-01	0.000000000000000000e+00
4.568068507501170661e-01	-1.222767980364757867e-01	0.000000000000000000e+00
4.568068507501170661e-01	-1.222767980364757867e-01	0.000000000000000000e+00
4.568068507501170661e-01	-1.222767980364757867e-01	0.000000000000000000e+00
6.266291115544679879e-01	-2.439231770550596701e-01	0.000000000000000000e+00
6.266291115544679879e-01	-2.439231770550596701e-01	0.000000000000000000e+00
6.266291115544679879e-01	-2.439231770550596701e-01	0.000000000000000000e+00
6.266291115544679879e-01	-2.439231770550596701e-01	0.000000000000000000e+00
6.266291115544679879e-01	-2.439231770550596701e-01	0.000000000000000000e+00
6.266291115544679879e-01	-2.439231770550596701e-01	0.000000000000000000e+00
6.304776991893266125e-01	-3.073329428845872902e-01	0.000000000000000000e+00
6.304776991893266125e-01	-3.073329428845872902e-01	0.000000000000000000e+00
6.304776991893266125e-01	-3.073329428845872902e-01	0.000000000000000000e+00
6.371034352218118979e-01	-3.826426913327370394e-01	0.000000000000000000e+00
6.371034352218118979e-01	-3.826426913327370394e-01	0.000000000000000000e+00
6.371034352218118979e-01	-3.826426913327370394e-01	0.000000000000000000e+00
6.371034352218118979e-01	-3.826426913327370394e-01	0.000000000000000000e+00
6.371034352218118979e-01	-3.826426913327370394e-01	0.000000000000000000e+00
6.512485958613551951e-01	-4.504603896971843269e-01	0.000000000000000000e+00
6.512485958613551951e-01	-4.504603896971843269e-01	0.000000000000000000e+00
6.512485958613551951e-01	-4.504603896971843269e-01	0.000000000000000000e+00
6.512485958613551951e-01	-4.551274070421153506e-01	0.000000000000000000e+00
6.512485958613551951e-01	-4.551274070421153506e-01	0.000000000000000000e+00
6.512485958613551951e-01	-4.568283117100647717e-01	0.000000000000000000e+00
6.512485958613551951e-01	-4.568283117100647717e-01	0.000000000000000000e+00
6.512485958613551951e-01	-4.568283117100647717e-01	0.000000000000000000e+00
6.512485958613551951e-01	-4.568283117100647717e-01	0.000000000000000000e+00
6.512485958613551951e-01	-4.568283117100647717e-01	0.000000000000000000e+00
8.354955468079739989e-01	-6.091353093183680123e-01	0.000000000000000000e+00
8.354955468079739989e-01	-6.091353093183680123e-01	0.000000000000000000e+00
8.354955468079739989e-01	-6.091353093183680123e-01	0.000000000000000000e+00
8.354955468079739989e-01	-6.091353093183680123e-01	0.000000000000000000e+00
8.354955468079739989e-01	-6.243094982153275518e-01	0.000000000000000000e+00
8.354955468079739989e-01	-6.047686007473834779e-01	0.000000000000000000e+00
8.354955468079739989e-01	-6.047686007473834779e-01	0.000000000000000000e+00
8.354955468079739989e-01	-6.047686007473834779e-01	0.000000000000000000e+00
8.354955468079739989e-01	-6.047686007473834779e-01	0.000000000000000000e+00
8.354955468079739989e-01	-6.047686007473834779e-01	0.000000000000000000e+00
8.354955468079739989e-01	-6.047686007473834779e-01	0.000000000000000000e+00
8.354955468079739989e-01	-6.243094982153275518e-01	0.000000000000000000e+00
8.354955468079739989e-01	-6.280461253780662556e-01	0.000000000000000000e+00
8.354955468079739989e-01	-6.438317388790717466e-01	0.000000000000000000e+00
8.354955468079739989e-01	-6.438317388790717466e-01	0.000000000000000000e+00
8.354955468079739989e-01	-6.546723335913026132e-01	0.000000000000000000e+00
8.466119472782022148e-01	-7.081971630562691189e-01	0.000000000000000000e+00
8.466119472782022148e-01	-7.081971630562691189e-01	0.000000000000000000e+00
8.466119472782022148e-01	-7.081971630562691189e-01	0.000000000000000000e+00
8.466119472782022148e-01	-7.081971630562691189e-01	0.000000000000000000e+00
8.466119472782022148e-01	-7.081971630562691189e-01	0.000000000000000000e+00
8.466119472782022148e-01	-7.081971630562691189e-01	0.000000000000000000e+00
8.466119472782022148e-01	-7.365551582612682724e-01	0.000000000000000000e+00
8.466119472782022148e-01	-7.365551582612682724e-01	0.000000000000000000e+00
8.466119472782022148e-01	-7.365551582612682724e-01	0.000000000000000000e+00
8.466119472782022148e-01	-7.381788384284404536e-01	0.000000000000000000e+00
