0.000000000000000000e+00	1.673090042082706397e+00	0.000000000000000000e+00
0.000000000000000000e+00	1.673090042082706397e+00	0.000000000000000000e+00
0.000000000000000000e+00	1.673090042082706397e+00	0.000000000000000000e+00
0.000000000000000000e+00	1.662107605508417407e+00	0.000000000000000000e+00
6.397097803462006849e-02	1.302893913226939260e+00	0.000000000000000000e+00
6.397097803462006849e-02	1.302893913226939260e+00	0.000000000000000000e+00
6.397097803462006849e-02	1.290999293771709855e+00	0.000000000000000000e+00
6.397097803462006849e-02	1.284588331284703733e+00	0.000000000000000000e+00
6.397097803462006849e-02	1.284588331284703733e+00	0.000000000000000000e+00
6.397097803462006849e-02	1.284290373262579665e+00	0.000000000000000000e+00
6.397097803462006849e-02	1.284290373262579665e+00	0.000000000000000000e+00
6.397097803462006849e-02	1.284290373262579665e+00	0.000000000000000000e+00
6.397097803462006849e-02	1.284290373262579665e+00	0.000000000000000000e+00
2.252998988582901041e-01	9.199473375151756560e-01	0.000000000000000000e+00
2.252998988582901041e-01	9.199473375151756560e-01	0.000000000000000000e+00
2.252998988582901041e-01	9.199473375151756560e-01	0.000000000000000000e+00
2.252998988582901041e-01	8.952535016247885613e-01	0.000000000000000000e+00
2.288136160549554265e-01	8.888173719615826140e-01	0.000000000000000000e+00
2.457468078005245471e-01	8.322149890486261192e-01	0.000000000000000000e+00
2.577987681368197337e-01	7.975309672524142357e-01	0.000000000000000000e+00
2.577987681368197337e-01	7.975309672524142357e-01	0.000000000000000000e+00
2.577987681368197337e-01	7.975309672524142357e-01	0.000000000000000000e+00
2.577987681368197337e-01	7.855742585583438409e-01	0.000000000000000000e+00
2.577987681368197337e-01	7.855742585583438409e-01	0.000000000000000000e+00
2.577987681368197337e-01	7.855742585583438409e-01	0.000000000000000000e+00
2.577987681368197337e-01	7.855742585583438409e-01	0.000000000000000000e+00
2.577987681368197337e-01	7.614717537154596094e-01	0.000000000000000000e+00
2.577987681368197337e-01	7.614717537154596094e-01	0.000000000000000000e+00
2.577987681368197337e-01	7.614717537154596094e-01	0.000000000000000000e+00
2.577987681368197337e-01	7.614717537154596094e-01	0.000000000000000000e+00
2.577987681368197337e-01	7.614717537154596094e-01	0.000000000000000000e+00
4.534822477696831000e-01	3.950388470477092517e-01	0.000000000000000000e+00
4.534822477696831000e-01	3.950388470477092517e-01	0.000000000000000000e+00
4.534822477696831000e-01	3.950388470477092517e-01	0.000000000000000000e+00
4.534822477696831000e-01	3.950388470477092517e-01	0.000000000000000000e+00
4.534822477696831000e-01	4.178671813281952807e-01	0.000000000000000000e+00
4.534822477696831000e-01	4.178671813281952807e-01	0.000000000000000000e+00
4.534822477696831000e-01	4.178671813281952807e-01	0.000000000000000000e+00
4.534822477696831000e-01	4.178671813281952807e-01	0.000000000000000000e+00
4.534822477696831000e-01	4.178671813281952807e-01	0.000000000000000000e+00
4.534822477696831000e-01	3.761220831277223842e-01	0.000000000000000000e+00
4.534822477696831000e-01	3.761220831277223842e-01	0.000000000000000000e+00
4.534822477696831000e-01	3.675437711493271808e-01	0.000000000000000000e+00
4.534822477696831000e-01	3.675437711493271808e-01	0.000000000000000000e+00
4.534822477696831000e-01	3.675437711493271808e-01	0.000000000000000000e+00
4.534822477696831000e-01	3.675437711493271808e-01	0.000000000000000000e+00
4.534822477696831000e-01	3.761220831277223842e-01	0.000000000000000000e+00
4.534822477696831000e-01	3.761220831277223842e-01	0.000000000000000000e+00
4.534822477696831000e-01	3.766489342588827949e-01	0.000000000000000000e+00
4.534822477696831000e-01	3.766489342588827949e-01	0.000000000000000000e+00
6.304776991893266125e-01	2.235399334549241501e-01	0.000000000000000000e+00
6.304776991893266125e-01	2.235399334549241501e-01	0.000000000000000000e+00
6.304776991893266125e-01	2.235399334549241501e-01	0.000000000000000000e+00
6.304776991893266125e-01	2.235399334549241501e-01	0.000000000000000000e+00
6.304776991893266125e-01	2.235399334549241501e-01	0.000000000000000000e+00
6.304776991893266125e-01	2.235399334549241501e-01	0.000000000000000000e+00
6.304776991893266125e-01	2.235399334549241501e-01	0.000000000000000000e+00
6.304776991893266125e-01	1.891314072962840265e-01	0.000000000000000000e+00
6.304776991893266125e-01	1.891314072962840265e-01	0.000000000000000000e+00
6.512485958613551951e-01	5.046470105980339210e-02	0.000000000000000000e+00
6.512485958613551951e-01	5.046470105980339210e-02	0.000000000000000000e+00
6.512485958613551951e-01	5.046470105980339210e-02	0.000000000000000000e+00
6.512485958613551951e-01	4.531369200776975970e-02	0.000000000000000000e+00
6.512485958613551951e-01	4.531369200776975970e-02	0.000000000000000000e+00
6.512485958613551951e-01	4.531369200776975970e-02	0.000000000000000000e+00
6.512485958613551951e-01	4.531369200776975970e-02	0.000000000000000000e+00
6.512485958613551951e-01	4.531369200776975970e-02	0.000000000000000000e+00
6.512485958613551951e-01	4.531369200776975970e-02	0.000000000000000000e+00
6.512485958613551951e-01	1.070220516968336394e-02	0.000000000000000000e+00
6.512485958613551951e-01	-6.833179858158149565e-03	0.000000000000000000e+00
6.512485958613551951e-01	-6.833179858158149565e-03	0.000000000000000000e+00
6.512485958613551951e-01	-6.833179858158149565e-03	0.000000000000000000e+00
6.512485958613551951e-01	-6.833179858158149565e-03	0.000000000000000000e+00
6.512485958613551951e-01	-6.833179858158149565e-03	0.000000000000000000e+00
6.512485958613551951e-01	-6.833179858158149565e-03	0.000000000000000000e+00
6.512485958613551951e-01	-6.833179858158149565e-03	0.000000000000000000e+00
8.354955468079739989e-01	-1.463402678671822943e-01	0.000000000000000000e+00
8.354955468079739989e-01	-1.463402678671822943e-01	0.000000000000000000e+00
8.354955468079739989e-01	-1.463402678671822943e-01	0.000000000000000000e+00
8.354955468079739989e-01	-1.571522874558968219e-01	0.000000000000000000e+00
8.354955468079739989e-01	-1.571522874558968219e-01	0.000000000000000000e+00
8.354955468079739989e-01	-1.571522874558968219e-01	0.000000000000000000e+00
8.354955468079739989e-01	-1.571522874558968219e-01	0.000000000000000000e+00
8.354955468079739989e-01	-1.571522874558968219e-01	0.000000000000000000e+00
8.354955468079739989e-01	-1.536246512444673640e-01	0.000000000000000000e+00
8.354955468079739989e-01	-1.536246512444673640e-01	0.000000000000000000e+00
8.354955468079739989e-01	-1.380755180090131040e-01	0.000000000000000000e+00
8.482493204191695613e-01	-2.187985793193171491e-01	0.000000000000000000e+00
8.482493204191695613e-01	-2.187985793193171491e-01	0.000000000000000000e+00
8.482493204191695613e-01	-2.187985793193171491e-01	0.000000000000000000e+00
8.482493204191695613e-01	-2.187985793193171491e-01	0.000000000000000000e+00
8.482493204191695613e-01	-2.187985793193171491e-01	0.000000000000000000e+00
8.482493204191695613e-01	-2.383758417109967387e-01	0.000000000000000000e+00
8.482493204191695613e-01	-2.383758417109967387e-01	0.000000000000000000e+00
8.482493204191695613e-01	-2.383758417109967387e-01	0.000000000000000000e+00
8.482493204191695613e-01	-2.383758417109967387e-01	0.000000000000000000e+00
8.482493204191695613e-01	-2.383758417109967387e-01	0.000000000000000000e+00
8.482493204191695613e-01	-2.553956595861182066e-01	0.000000000000000000e+00
8.482493204191695613e-01	-2.594550150355200424e-01	0.000000000000000000e+00
8.482493204191695613e-01	-2.594550150355200424e-01	0.000000000000000000e+00
