0.000000000000000000e+00	1.959559291692883676e+00	0.000000000000000000e+00
0.000000000000000000e+00	1.958979474068928806e+00	0.000000000000000000e+00
0.000000000000000000e+00	1.958979474068928806e+00	0.000000000000000000e+00
0.000000000000000000e+00	1.958979474068928806e+00	0.000000000000000000e+00
6.397097803462006849e-02	1.478962624405623094e+00	0.000000000000000000e+00
6.397097803462006849e-02	1.478962624405623094e+00	0.000000000000000000e+00
8.636405166537081124e-02	1.463926119375298596e+00	0.000000000000000000e+00
8.636405166537081124e-02	1.463926119375298596e+00	0.000000000000000000e+00
8.636405166537081124e-02	1.463926119375298596e+00	0.000000000000000000e+00
8.636405166537081124e-02	1.477303695764842217e+00	0.000000000000000000e+00
8.636405166537081124e-02	1.477303695764842217e+00	0.000000000000000000e+00
8.636405166537081124e-02	1.503217473246665215e+00	0.000000000000000000e+00
8.636405166537081124e-02	1.503217473246665215e+00	0.000000000000000000e+00
2.252998988582901041e-01	1.229018278947866083e+00	0.000000000000000000e+00
2.252998988582901041e-01	1.229018278947866083e+00	0.000000000000000000e+00
2.252998988582901041e-01	1.202800177636503154e+00	0.000000000000000000e+00
2.252998988582901041e-01	1.161870927245107987e+00	0.000000000000000000e+00
2.252998988582901041e-01	1.161870927245107987e+00	0.000000000000000000e+00
2.577987681368197337e-01	1.024514212845821781e+00	0.000000000000000000e+00
2.577987681368197337e-01	1.024514212845821781e+00	0.000000000000000000e+00
2.577987681368197337e-01	1.024514212845821781e+00	0.000000000000000000e+00
2.577987681368197337e-01	1.024514212845821781e+00	0.000000000000000000e+00
2.577987681368197337e-01	1.024514212845821781e+00	0.000000000000000000e+00
2.577987681368197337e-01	1.024514212845821781e+00	0.000000000000000000e+00
2.579224336435296250e-01	1.032656300778407976e+00	0.000000000000000000e+00
2.579224336435296250e-01	1.032656300778407976e+00	0.000000000000000000e+00
2.579224336435296250e-01	1.032656300778407976e+00	0.000000000000000000e+00
2.579224336435296250e-01	1.032656300778407976e+00	0.000000000000000000e+00
2.579224336435296250e-01	1.032656300778407976e+00	0.000000000000000000e+00
2.579224336435296250e-01	1.032656300778407976e+00	0.000000000000000000e+00
2.579224336435296250e-01	1.032656300778407976e+00	0.000000000000000000e+00
4.791473527467403071e-01	7.360477294022423900e-01	0.000000000000000000e+00
4.791473527467403071e-01	6.917289153942575153e-01	0.000000000000000000e+00
4.791473527467403071e-01	6.917289153942575153e-01	0.000000000000000000e+00
4.791473527467403071e-01	6.917289153942575153e-01	0.000000000000000000e+00
4.791473527467403071e-01	6.917289153942575153e-01	0.000000000000000000e+00
4.791473527467403071e-01	6.917289153942575153e-01	0.000000000000000000e+00
4.791473527467403071e-01	6.917289153942575153e-01	0.000000000000000000e+00
4.791473527467403071e-01	6.917289153942575153e-01	0.000000000000000000e+00
4.791473527467403071e-01	6.761653718973751337e-01	0.000000000000000000e+00
4.791473527467403071e-01	6.660364778333722757e-01	0.000000000000000000e+00
4.791473527467403071e-01	6.660364778333722757e-01	0.000000000000000000e+00
4.791473527467403071e-01	6.660364778333722757e-01	0.000000000000000000e+00
4.791473527467403071e-01	6.660364778333722757e-01	0.000000000000000000e+00
4.791473527467403071e-01	6.660364778333722757e-01	0.000000000000000000e+00
4.791473527467403071e-01	6.660364778333722757e-01	0.000000000000000000e+00
6.138884051180349966e-01	5.721321723437389206e-01	0.000000000000000000e+00
6.138884051180349966e-01	5.721321723437389206e-01	0.000000000000000000e+00
6.304776991893266125e-01	4.705261405036322842e-01	0.000000000000000000e+00
6.304776991893266125e-01	4.255033103151166229e-01	0.000000000000000000e+00
6.304776991893266125e-01	4.255033103151166229e-01	0.000000000000000000e+00
6.304776991893266125e-01	4.255033103151166229e-01	0.000000000000000000e+00
6.304776991893266125e-01	4.255033103151166229e-01	0.000000000000000000e+00
6.304776991893266125e-01	4.255033103151166229e-01	0.000000000000000000e+00
6.304776991893266125e-01	4.255033103151166229e-01	0.000000000000000000e+00
6.304776991893266125e-01	4.255033103151166229e-01	0.000000000000000000e+00
6.304776991893266125e-01	4.255033103151166229e-01	0.000000000000000000e+00
6.304776991893266125e-01	4.061722778041389481e-01	0.000000000000000000e+00
6.304776991893266125e-01	3.781625804930726087e-01	0.000000000000000000e+00
6.304776991893266125e-01	3.781625804930726087e-01	0.000000000000000000e+00
6.512485958613551951e-01	3.090121072063943819e-01	0.000000000000000000e+00
6.512485958613551951e-01	3.090121072063943819e-01	0.000000000000000000e+00
6.512485958613551951e-01	3.090121072063943819e-01	0.000000000000000000e+00
6.512485958613551951e-01	3.090121072063943819e-01	0.000000000000000000e+00
6.512485958613551951e-01	2.995001608794241599e-01	0.000000000000000000e+00
6.512485958613551951e-01	2.316090283174474795e-01	0.000000000000000000e+00
6.512485958613551951e-01	2.420923270135409422e-01	0.000000000000000000e+00
6.512485958613551951e-01	2.380030358573545779e-01	0.000000000000000000e+00
6.512485958613551951e-01	2.380030358573545779e-01	0.000000000000000000e+00
6.512485958613551951e-01	2.316090283174474795e-01	0.000000000000000000e+00
6.512485958613551951e-01	2.316090283174474795e-01	0.000000000000000000e+00
6.512485958613551951e-01	2.316090283174474795e-01	0.000000000000000000e+00
6.512485958613551951e-01	2.380030358573545779e-01	0.000000000000000000e+00
6.512485958613551951e-01	2.380030358573545779e-01	0.000000000000000000e+00
8.354955468079739989e-01	4.574261244036811197e-02	0.000000000000000000e+00
8.354955468079739989e-01	4.574261244036811197e-02	0.000000000000000000e+00
8.354955468079739989e-01	4.574261244036811197e-02	0.000000000000000000e+00
8.354955468079739989e-01	4.574261244036811197e-02	0.000000000000000000e+00
8.354955468079739989e-01	4.574261244036811197e-02	0.000000000000000000e+00
8.354955468079739989e-01	4.574261244036811197e-02	0.000000000000000000e+00
8.354955468079739989e-01	4.574261244036811197e-02	0.000000000000000000e+00
8.354955468079739989e-01	4.574261244036811197e-02	0.000000000000000000e+00
8.354955468079739989e-01	5.625870207803349010e-02	0.000000000000000000e+00
8.354955468079739989e-01	4.387608081760988044e-02	0.000000000000000000e+00
8.354955468079739989e-01	4.387608081760988044e-02	0.000000000000000000e+00
8.354955468079739989e-01	4.387608081760988044e-02	0.000000000000000000e+00
8.354955468079739989e-01	4.387608081760988044e-02	0.000000000000000000e+00
8.354955468079739989e-01	4.387608081760988044e-02	0.000000000000000000e+00
8.354955468079739989e-01	4.387608081760988044e-02	0.000000000000000000e+00
8.354955468079739989e-01	4.022285012424813011e-02	0.000000000000000000e+00
8.381541868995897593e-01	-9.221505648821445855e-03	0.000000000000000000e+00
8.381541868995897593e-01	-9.221505648821445855e-03	0.000000000000000000e+00
8.381541868995897593e-01	-3.279067411651663544e-02	0.000000000000000000e+00
8.381541868995897593e-01	-3.279067411651663544e-02	0.000000000000000000e+00
8.381541868995897593e-01	-3.279067411651663544e-02	0.000000000000000000e+00
8.381541868995897593e-01	-3.279067411651663544e-02	0.000000000000000000e+00
8.381541868995897593e-01	-3.279067411651663544e-02	0.000000000000000000e+00
8.381541868995897593e-01	-3.279067411651663544e-02	0.000000000000000000e+00
8.381541868995897593e-01	-3.279067411651663544e-02	0.000000000000000000e+00
8.381541868995897593e-01	-3.279067411651663544e-02	0.000000000000000000e+00
