0.000000000000000000e+00	2.109553695931812634e+00	0.000000000000000000e+00
0.000000000000000000e+00	2.109553695931812634e+00	0.000000000000000000e+00
2.214257898856057671e-02	2.006359851926156512e+00	0.000000000000000000e+00
2.214257898856057671e-02	2.006359851926156512e+00	0.000000000000000000e+00
6.397097803462006849e-02	1.683147875059777920e+00	0.000000000000000000e+00
8.636405166537081124e-02	1.584859369770585724e+00	0.000000000000000000e+00
8.636405166537081124e-02	1.568087771497917116e+00	0.000000000000000000e+00
8.636405166537081124e-02	1.568087771497917116e+00	0.000000000000000000e+00
8.636405166537081124e-02	1.568087771497917116e+00	0.000000000000000000e+00
8.636405166537081124e-02	1.553856163247142819e+00	0.000000000000000000e+00
8.636405166537081124e-02	1.553856163247142819e+00	0.000000000000000000e+00
8.636405166537081124e-02	1.553856163247142819e+00	0.000000000000000000e+00
8.636405166537081124e-02	1.553856163247142819e+00	0.000000000000000000e+00
2.252998988582901041e-01	1.180668242211484920e+00	0.000000000000000000e+00
2.252998988582901041e-01	1.180668242211484920e+00	0.000000000000000000e+00
2.252998988582901041e-01	1.180668242211484920e+00	0.000000000000000000e+00
2.252998988582901041e-01	1.211916527698407409e+00	0.000000000000000000e+00
2.252998988582901041e-01	1.211916527698407409e+00	0.000000000000000000e+00
2.577987681368197337e-01	1.108969301113479577e+00	0.000000000000000000e+00
2.577987681368197337e-01	1.091714851799413966e+00	0.000000000000000000e+00
2.579224336435296250e-01	1.075350899241258373e+00	0.000000000000000000e+00
2.579224336435296250e-01	1.075350899241258373e+00	0.000000000000000000e+00
2.579224336435296250e-01	1.075350899241258373e+00	0.000000000000000000e+00
2.579224336435296250e-01	1.062431554727103933e+00	0.000000000000000000e+00
2.579224336435296250e-01	1.062431554727103933e+00	0.000000000000000000e+00
2.579224336435296250e-01	1.062431554727103933e+00	0.000000000000000000e+00
2.579224336435296250e-01	1.060789619870688760e+00	0.000000000000000000e+00
2.579224336435296250e-01	1.060789619870688760e+00	0.000000000000000000e+00
2.579224336435296250e-01	1.055709018760848217e+00	0.000000000000000000e+00
2.579224336435296250e-01	1.055709018760848217e+00	0.000000000000000000e+00
2.579224336435296250e-01	1.055709018760848217e+00	0.000000000000000000e+00
2.579224336435296250e-01	1.055709018760848217e+00	0.000000000000000000e+00
2.579224336435296250e-01	1.055709018760848217e+00	0.000000000000000000e+00
2.579224336435296250e-01	1.055709018760848217e+00	0.000000000000000000e+00
2.579224336435296250e-01	1.055709018760848217e+00	0.000000000000000000e+00
2.579224336435296250e-01	1.055709018760848217e+00	0.000000000000000000e+00
2.579224336435296250e-01	1.028668744851058747e+00	0.000000000000000000e+00
2.579224336435296250e-01	1.028668744851058747e+00	0.000000000000000000e+00
6.126390590614251286e-01	6.675929254060761764e-01	0.000000000000000000e+00
6.126390590614251286e-01	6.675929254060761764e-01	0.000000000000000000e+00
6.126390590614251286e-01	6.535513534143301273e-01	0.000000000000000000e+00
6.126390590614251286e-01	6.535513534143301273e-01	0.000000000000000000e+00
6.126390590614251286e-01	6.629251282162591519e-01	0.000000000000000000e+00
6.126390590614251286e-01	6.629251282162591519e-01	0.000000000000000000e+00
6.126390590614251286e-01	6.629251282162591519e-01	0.000000000000000000e+00
6.126390590614251286e-01	6.629251282162591519e-01	0.000000000000000000e+00
6.126390590614251286e-01	6.629251282162591519e-01	0.000000000000000000e+00
6.126390590614251286e-01	6.535513534143301273e-01	0.000000000000000000e+00
6.304776991893266125e-01	4.798315571436379545e-01	0.000000000000000000e+00
6.304776991893266125e-01	4.798315571436379545e-01	0.000000000000000000e+00
6.304776991893266125e-01	4.798315571436379545e-01	0.000000000000000000e+00
6.304776991893266125e-01	4.798315571436379545e-01	0.000000000000000000e+00
6.304776991893266125e-01	4.798315571436379545e-01	0.000000000000000000e+00
6.304776991893266125e-01	4.798315571436379545e-01	0.000000000000000000e+00
6.304776991893266125e-01	4.214368005322567945e-01	0.000000000000000000e+00
6.304776991893266125e-01	4.214368005322567945e-01	0.000000000000000000e+00
6.304776991893266125e-01	4.214368005322567945e-01	0.000000000000000000e+00
6.304776991893266125e-01	4.214368005322567945e-01	0.000000000000000000e+00
6.304776991893266125e-01	4.214368005322567945e-01	0.000000000000000000e+00
6.512485958613551951e-01	2.752628285484792769e-01	0.000000000000000000e+00
6.512485958613551951e-01	2.752628285484792769e-01	0.000000000000000000e+00
6.512485958613551951e-01	2.863733539921836102e-01	0.000000000000000000e+00
6.512485958613551951e-01	2.863733539921836102e-01	0.000000000000000000e+00
6.512485958613551951e-01	2.863733539921836102e-01	0.000000000000000000e+00
6.512485958613551951e-01	2.863733539921836102e-01	0.000000000000000000e+00
6.512485958613551951e-01	2.863733539921836102e-01	0.000000000000000000e+00
6.512485958613551951e-01	2.863733539921836102e-01	0.000000000000000000e+00
6.512485958613551951e-01	2.863733539921836102e-01	0.000000000000000000e+00
6.512485958613551951e-01	2.648861373418303078e-01	0.000000000000000000e+00
6.512485958613551951e-01	2.648861373418303078e-01	0.000000000000000000e+00
6.512485958613551951e-01	2.648861373418303078e-01	0.000000000000000000e+00
6.512485958613551951e-01	2.592496204822594130e-01	0.000000000000000000e+00
6.512485958613551951e-01	2.502153043395684562e-01	0.000000000000000000e+00
6.512485958613551951e-01	2.502153043395684562e-01	0.000000000000000000e+00
6.512485958613551951e-01	2.502153043395684562e-01	0.000000000000000000e+00
8.354955468079739989e-01	-2.043209821107025773e-02	0.000000000000000000e+00
8.354955468079739989e-01	-2.043209821107025773e-02	0.000000000000000000e+00
8.354955468079739989e-01	-7.095464050190907965e-03	0.000000000000000000e+00
8.354955468079739989e-01	-7.095464050190907965e-03	0.000000000000000000e+00
8.354955468079739989e-01	-7.095464050190907965e-03	0.000000000000000000e+00
8.354955468079739989e-01	-7.095464050190907965e-03	0.000000000000000000e+00
8.354955468079739989e-01	-7.095464050190907965e-03	0.000000000000000000e+00
8.354955468079739989e-01	-7.095464050190907965e-03	0.000000000000000000e+00
8.354955468079739989e-01	-7.095464050190907965e-03	0.000000000000000000e+00
8.354955468079739989e-01	-7.095464050190907965e-03	0.000000000000000000e+00
8.354955468079739989e-01	5.553617527166406637e-02	0.000000000000000000e+00
8.354955468079739989e-01	5.553617527166406637e-02	0.000000000000000000e+00
8.354955468079739989e-01	5.553617527166406637e-02	0.000000000000000000e+00
8.354955468079739989e-01	1.398347747617657844e-02	0.000000000000000000e+00
8.354955468079739989e-01	1.398347747617657844e-02	0.000000000000000000e+00
8.354955468079739989e-01	1.398347747617657844e-02	0.000000000000000000e+00
8.354955468079739989e-01	4.136739775562627008e-02	0.000000000000000000e+00
8.354955468079739989e-01	4.136739775562627008e-02	0.000000000000000000e+00
8.354955468079739989e-01	4.136739775562627008e-02	0.000000000000000000e+00
8.354955468079739989e-01	4.136739775562627008e-02	0.000000000000000000e+00
8.354955468079739989e-01	4.136739775562627008e-02	0.000000000000000000e+00
8.354955468079739989e-01	2.810215847204534934e-02	0.000000000000000000e+00
8.354955468079739989e-01	2.810215847204534934e-02	0.000000000000000000e+00
8.354955468079739989e-01	2.810215847204534934e-02	0.000000000000000000e+00
8.354955468079739989e-01	2.810215847204534934e-02	0.000000000000000000e+00
