0.000000000000000000e+00	1.000000000000000000e+00	0.000000000000000000e+00
1.403949154785773083e-02	8.755181589136132869e-01	0.000000000000000000e+00
1.403949154785773083e-02	8.755181589136132869e-01	0.000000000000000000e+00
1.403949154785773083e-02	8.755181589136132869e-01	0.000000000000000000e+00
5.604803401356730358e-02	7.082159818917690419e-01	0.000000000000000000e+00
6.483701686763075622e-02	6.904080757815327374e-01	0.000000000000000000e+00
8.868507283690268972e-02	6.713345424028372976e-01	0.000000000000000000e+00
8.868507283690268972e-02	6.713345424028372976e-01	0.000000000000000000e+00
8.868507283690268972e-02	6.713345424028372976e-01	0.000000000000000000e+00
8.868507283690268972e-02	6.713345424028372976e-01	0.000000000000000000e+00
8.868507283690268972e-02	6.713345424028372976e-01	0.000000000000000000e+00
8.868507283690268972e-02	6.713345424028372976e-01	0.000000000000000000e+00
1.876100601647805177e-01	6.406711677577439090e-01	0.000000000000000000e+00
2.030003810856451374e-01	5.541101006153269504e-01	0.000000000000000000e+00
2.030003810856451374e-01	5.303379210183470915e-01	0.000000000000000000e+00
2.111678533005044156e-01	4.710926775837444014e-01	0.000000000000000000e+00
2.201677585103179458e-01	4.004313260157675303e-01	0.000000000000000000e+00
2.255634340037545593e-01	3.627692780946859541e-01	0.000000000000000000e+00
2.375908999965155310e-01	2.928029090915311716e-01	0.000000000000000000e+00
2.418204291850520327e-01	2.743673863697871362e-01	0.000000000000000000e+00
2.520948692386637546e-01	2.463603780550872036e-01	0.000000000000000000e+00
2.520948692386637546e-01	2.463603780550872036e-01	0.000000000000000000e+00
2.520948692386637546e-01	2.463603780550872036e-01	0.000000000000000000e+00
2.520948692386637546e-01	2.463603780550872036e-01	0.000000000000000000e+00
2.520948692386637546e-01	2.463603780550872036e-01	0.000000000000000000e+00
2.520948692386637546e-01	2.463603780550872036e-01	0.000000000000000000e+00
2.520948692386637546e-01	2.463603780550872036e-01	0.000000000000000000e+00
2.520948692386637546e-01	2.463603780550872036e-01	0.000000000000000000e+00
2.520948692386637546e-01	2.463603780550872036e-01	0.000000000000000000e+00
2.520948692386637546e-01	2.463603780550872036e-01	0.000000000000000000e+00
4.220307786738862754e-01	8.196912381927350111e-02	0.000000000000000000e+00
4.220307786738862754e-01	8.196912381927350111e-02	0.000000000000000000e+00
4.220307786738862754e-01	8.214596489627248865e-02	0.000000000000000000e+00
4.220307786738862754e-01	8.214596489627248865e-02	0.000000000000000000e+00
4.263310036388879842e-01	3.614434622048062762e-02	0.000000000000000000e+00
4.263310036388879842e-01	3.325983573901025725e-02	0.000000000000000000e+00
4.409667758054371389e-01	-8.738226214215111254e-02	0.000000000000000000e+00
4.409667758054371389e-01	-7.908113975093704340e-02	0.000000000000000000e+00
4.409667758054371389e-01	-7.908113975093704340e-02	0.000000000000000000e+00
4.409667758054371389e-01	-7.908113975093704340e-02	0.000000000000000000e+00
4.409667758054371389e-01	-8.738226214215111254e-02	0.000000000000000000e+00
4.590870043258275524e-01	-1.035049330342815016e-01	0.000000000000000000e+00
4.590870043258275524e-01	-1.180662126236654563e-01	0.000000000000000000e+00
4.590870043258275524e-01	-1.180662126236654563e-01	0.000000000000000000e+00
4.590870043258275524e-01	-1.180662126236654563e-01	0.000000000000000000e+00
4.590870043258275524e-01	-1.180662126236654563e-01	0.000000000000000000e+00
4.590870043258275524e-01	-1.180662126236654563e-01	0.000000000000000000e+00
4.590870043258275524e-01	-1.180662126236654563e-01	0.000000000000000000e+00
4.590870043258275524e-01	-1.180662126236654563e-01	0.000000000000000000e+00
4.590870043258275524e-01	-1.180662126236654563e-01	0.000000000000000000e+00
6.328539793483508591e-01	-3.387616729565898765e-01	0.000000000000000000e+00
6.328539793483508591e-01	-3.387616729565898765e-01	0.000000000000000000e+00
6.328539793483508591e-01	-3.387616729565898765e-01	0.000000000000000000e+00
6.328539793483508591e-01	-3.387616729565898765e-01	0.000000000000000000e+00
6.328539793483508591e-01	-3.387616729565898765e-01	0.000000000000000000e+00
6.328539793483508591e-01	-3.387616729565898765e-01	0.000000000000000000e+00
6.328539793483508591e-01	-3.387616729565898765e-01	0.000000000000000000e+00
6.328539793483508591e-01	-3.243279093826479387e-01	0.000000000000000000e+00
6.328539793483508591e-01	-3.243279093826479387e-01	0.000000000000000000e+00
6.328539793483508591e-01	-3.243279093826479387e-01	0.000000000000000000e+00
6.380627002279402049e-01	-3.925054900967491767e-01	0.000000000000000000e+00
6.380627002279402049e-01	-3.925054900967491767e-01	0.000000000000000000e+00
6.380627002279402049e-01	-3.925054900967491767e-01	0.000000000000000000e+00
6.380627002279402049e-01	-3.925054900967491767e-01	0.000000000000000000e+00
6.380627002279402049e-01	-3.925054900967491767e-01	0.000000000000000000e+00
6.599380253931373952e-01	-4.403999199984310886e-01	0.000000000000000000e+00
6.599380253931373952e-01	-4.403999199984310886e-01	0.000000000000000000e+00
6.599380253931373952e-01	-4.403999199984310886e-01	0.000000000000000000e+00
6.599380253931373952e-01	-4.403999199984310886e-01	0.000000000000000000e+00
6.599380253931373952e-01	-4.403999199984310886e-01	0.000000000000000000e+00
6.599380253931373952e-01	-4.403999199984310886e-01	0.000000000000000000e+00
6.599380253931373952e-01	-4.403999199984310886e-01	0.000000000000000000e+00
6.599380253931373952e-01	-4.403999199984310886e-01	0.000000000000000000e+00
8.330592260042607444e-01	-6.000709784107146616e-01	0.000000000000000000e+00
8.330592260042607444e-01	-6.000709784107146616e-01	0.000000000000000000e+00
8.330592260042607444e-01	-6.000709784107146616e-01	0.000000000000000000e+00
8.330592260042607444e-01	-6.000709784107146616e-01	0.000000000000000000e+00
8.330592260042607444e-01	-6.000709784107146616e-01	0.000000000000000000e+00
8.330592260042607444e-01	-6.000709784107146616e-01	0.000000000000000000e+00
8.330592260042607444e-01	-6.125246402977712057e-01	0.000000000000000000e+00
8.330592260042607444e-01	-6.125246402977712057e-01	0.000000000000000000e+00
8.330592260042607444e-01	-6.125246402977712057e-01	0.000000000000000000e+00
8.330592260042607444e-01	-6.125246402977712057e-01	0.000000000000000000e+00
8.330592260042607444e-01	-6.125246402977712057e-01	0.000000000000000000e+00
8.330592260042607444e-01	-6.125246402977712057e-01	0.000000000000000000e+00
8.330592260042607444e-01	-6.125246402977712057e-01	0.000000000000000000e+00
8.355591402598399053e-01	-6.404009687559240049e-01	0.000000000000000000e+00
8.355591402598399053e-01	-6.404009687559240049e-01	0.000000000000000000e+00
8.355591402598399053e-01	-6.483880085488271661e-01	0.000000000000000000e+00
8.443187914892639201e-01	-7.200615802226019158e-01	0.000000000000000000e+00
8.443187914892639201e-01	-7.200615802226019158e-01	0.000000000000000000e+00
8.443187914892639201e-01	-7.200615802226019158e-01	0.000000000000000000e+00
8.443187914892639201e-01	-7.200615802226019158e-01	0.000000000000000000e+00
8.443187914892639201e-01	-7.200615802226019158e-01	0.000000000000000000e+00
8.443187914892639201e-01	-7.200615802226019158e-01	0.000000000000000000e+00
8.443187914892639201e-01	-7.200615802226019158e-01	0.000000000000000000e+00
8.443187914892639201e-01	-7.361629270966644212e-01	0.000000000000000000e+00
8.443187914892639201e-01	-7.361629270966644212e-01	0.000000000000000000e+00
8.443187914892639201e-01	-7.427611661507192986e-01	0.000000000000000000e+00
8.443187914892639201e-01	-7.427611661507192986e-01	0.000000000000000000e+00
