1.403949154785773083e-02	1.741288344646725550e+00	0.000000000000000000e+00
1.403949154785773083e-02	1.741288344646725550e+00	0.000000000000000000e+00
1.403949154785773083e-02	1.741288344646725550e+00	0.000000000000000000e+00
1.403949154785773083e-02	1.741288344646725550e+00	0.000000000000000000e+00
1.403949154785773083e-02	1.741288344646725550e+00	0.000000000000000000e+00
1.403949154785773083e-02	1.741288344646725550e+00	0.000000000000000000e+00
1.015337844294038616e-01	1.481135404980278070e+00	0.000000000000000000e+00
1.015337844294038616e-01	1.481135404980278070e+00	0.000000000000000000e+00
1.015337844294038616e-01	1.481135404980278070e+00	0.000000000000000000e+00
1.015337844294038616e-01	1.467941820695730648e+00	0.000000000000000000e+00
1.015337844294038616e-01	1.401132691278953235e+00	0.000000000000000000e+00
1.015337844294038616e-01	1.401132691278953235e+00	0.000000000000000000e+00
1.015337844294038616e-01	1.401132691278953235e+00	0.000000000000000000e+00
2.201677585103179458e-01	1.098830039672261671e+00	0.000000000000000000e+00
2.201677585103179458e-01	1.098830039672261671e+00	0.000000000000000000e+00
2.201677585103179458e-01	1.098830039672261671e+00	0.000000000000000000e+00
2.260106966012787044e-01	1.082965060829753634e+00	0.000000000000000000e+00
2.352475219152315167e-01	9.918062802268392542e-01	0.000000000000000000e+00
2.352475219152315167e-01	9.918062802268392542e-01	0.000000000000000000e+00
2.471943482819778382e-01	9.462470395289924729e-01	0.000000000000000000e+00
2.471943482819778382e-01	9.376602609133716237e-01	0.000000000000000000e+00
2.471943482819778382e-01	9.376602609133716237e-01	0.000000000000000000e+00
2.471943482819778382e-01	9.376602609133716237e-01	0.000000000000000000e+00
2.471943482819778382e-01	9.376602609133716237e-01	0.000000000000000000e+00
2.471943482819778382e-01	9.376602609133716237e-01	0.000000000000000000e+00
2.471943482819778382e-01	9.376602609133716237e-01	0.000000000000000000e+00
2.471943482819778382e-01	9.376602609133716237e-01	0.000000000000000000e+00
2.471943482819778382e-01	9.376602609133716237e-01	0.000000000000000000e+00
2.471943482819778382e-01	9.376602609133716237e-01	0.000000000000000000e+00
2.471943482819778382e-01	9.376602609133716237e-01	0.000000000000000000e+00
4.284849398693474365e-01	6.770064173009846531e-01	0.000000000000000000e+00
4.284849398693474365e-01	6.770064173009846531e-01	0.000000000000000000e+00
4.284849398693474365e-01	5.996334957061099091e-01	0.000000000000000000e+00
4.284849398693474365e-01	5.996334957061099091e-01	0.000000000000000000e+00
4.284849398693474365e-01	5.996334957061099091e-01	0.000000000000000000e+00
4.284849398693474365e-01	5.996334957061099091e-01	0.000000000000000000e+00
4.284849398693474365e-01	5.996334957061099091e-01	0.000000000000000000e+00
4.284849398693474365e-01	5.996334957061099091e-01	0.000000000000000000e+00
4.284849398693474365e-01	5.996334957061099091e-01	0.000000000000000000e+00
4.284849398693474365e-01	5.996334957061099091e-01	0.000000000000000000e+00
4.440601593763832677e-01	6.004688799116603137e-01	0.000000000000000000e+00
4.440601593763832677e-01	6.004688799116603137e-01	0.000000000000000000e+00
4.440601593763832677e-01	6.004688799116603137e-01	0.000000000000000000e+00
4.440601593763832677e-01	6.004688799116603137e-01	0.000000000000000000e+00
4.440601593763832677e-01	6.004688799116603137e-01	0.000000000000000000e+00
4.440601593763832677e-01	6.004688799116603137e-01	0.000000000000000000e+00
4.440601593763832677e-01	6.025874978480418864e-01	0.000000000000000000e+00
4.440601593763832677e-01	6.025874978480418864e-01	0.000000000000000000e+00
4.440601593763832677e-01	6.025874978480418864e-01	0.000000000000000000e+00
6.418791354792837689e-01	4.438863112864819827e-01	0.000000000000000000e+00
6.418791354792837689e-01	4.438863112864819827e-01	0.000000000000000000e+00
6.418791354792837689e-01	4.438863112864819827e-01	0.000000000000000000e+00
6.418791354792837689e-01	3.866629552473764830e-01	0.000000000000000000e+00
6.418791354792837689e-01	3.866629552473764830e-01	0.000000000000000000e+00
6.418791354792837689e-01	3.866629552473764830e-01	0.000000000000000000e+00
6.418791354792837689e-01	3.866629552473764830e-01	0.000000000000000000e+00
6.418791354792837689e-01	3.866629552473764830e-01	0.000000000000000000e+00
6.418791354792837689e-01	3.866629552473764830e-01	0.000000000000000000e+00
6.418791354792837689e-01	3.409985100347408538e-01	0.000000000000000000e+00
6.418791354792837689e-01	3.409985100347408538e-01	0.000000000000000000e+00
6.418791354792837689e-01	3.409985100347408538e-01	0.000000000000000000e+00
6.444479967228207151e-01	2.862776072309269892e-01	0.000000000000000000e+00
6.444479967228207151e-01	2.728231163872275600e-01	0.000000000000000000e+00
6.444479967228207151e-01	2.728231163872275600e-01	0.000000000000000000e+00
6.444479967228207151e-01	2.728231163872275600e-01	0.000000000000000000e+00
6.444479967228207151e-01	2.593519623801310847e-01	0.000000000000000000e+00
6.444479967228207151e-01	2.593519623801310847e-01	0.000000000000000000e+00
6.444479967228207151e-01	2.593519623801310847e-01	0.000000000000000000e+00
6.444479967228207151e-01	2.593519623801310847e-01	0.000000000000000000e+00
6.444479967228207151e-01	2.593519623801310847e-01	0.000000000000000000e+00
6.444479967228207151e-01	2.593519623801310847e-01	0.000000000000000000e+00
6.444479967228207151e-01	2.593519623801310847e-01	0.000000000000000000e+00
8.355591402598399053e-01	3.021484648158000511e-02	0.000000000000000000e+00
8.355591402598399053e-01	3.021484648158000511e-02	0.000000000000000000e+00
8.355591402598399053e-01	3.021484648158000511e-02	0.000000000000000000e+00
8.355591402598399053e-01	3.021484648158000511e-02	0.000000000000000000e+00
8.355591402598399053e-01	3.021484648158000511e-02	0.000000000000000000e+00
8.355591402598399053e-01	3.021484648158000511e-02	0.000000000000000000e+00
8.355591402598399053e-01	3.021484648158000511e-02	0.000000000000000000e+00
8.355591402598399053e-01	9.179186117566483227e-02	0.000000000000000000e+00
8.355591402598399053e-01	9.179186117566483227e-02	0.000000000000000000e+00
8.355591402598399053e-01	9.179186117566483227e-02	0.000000000000000000e+00
8.355591402598399053e-01	9.179186117566483227e-02	0.000000000000000000e+00
8.355591402598399053e-01	9.179186117566483227e-02	0.000000000000000000e+00
8.355591402598399053e-01	4.928589698865483426e-03	0.000000000000000000e+00
8.355591402598399053e-01	4.928589698865483426e-03	0.000000000000000000e+00
8.355591402598399053e-01	4.928589698865483426e-03	0.000000000000000000e+00
8.355591402598399053e-01	4.928589698865483426e-03	0.000000000000000000e+00
8.355591402598399053e-01	4.928589698865483426e-03	0.000000000000000000e+00
8.355591402598399053e-01	4.928589698865483426e-03	0.000000000000000000e+00
8.355591402598399053e-01	4.928589698865483426e-03	0.000000000000000000e+00
8.464360262853808381e-01	-6.826310960925005555e-02	0.000000000000000000e+00
8.464360262853808381e-01	-6.826310960925005555e-02	0.000000000000000000e+00
8.464360262853808381e-01	-6.826310960925005555e-02	0.000000000000000000e+00
8.464360262853808381e-01	-6.826310960925005555e-02	0.000000000000000000e+00
8.464360262853808381e-01	-6.826310960925005555e-02	0.000000000000000000e+00
8.464360262853808381e-01	-1.853312835378032736e-02	0.000000000000000000e+00
8.464360262853808381e-01	-1.853312835378032736e-02	0.000000000000000000e+00
8.464360262853808381e-01	-1.853312835378032736e-02	0.000000000000000000e+00
8.464360262853808381e-01	-1.853312835378032736e-02	0.000000000000000000e+00
