9.452037813595711574e-04	1.041260800215870086e+00	0.000000000000000000e+00
1.403949154785773083e-02	9.263859669663319085e-01	0.000000000000000000e+00
1.403949154785773083e-02	9.238504533065936553e-01	0.000000000000000000e+00
1.403949154785773083e-02	9.238504533065936553e-01	0.000000000000000000e+00
5.604803401356730358e-02	7.623957270549190923e-01	0.000000000000000000e+00
6.483701686763075622e-02	7.391724572746235511e-01	0.000000000000000000e+00
8.868507283690268972e-02	7.237348384225310571e-01	0.000000000000000000e+00
8.868507283690268972e-02	7.237348384225310571e-01	0.000000000000000000e+00
8.868507283690268972e-02	7.237348384225310571e-01	0.000000000000000000e+00
8.868507283690268972e-02	7.237348384225310571e-01	0.000000000000000000e+00
8.868507283690268972e-02	7.237348384225310571e-01	0.000000000000000000e+00
8.868507283690268972e-02	7.120055343958191507e-01	0.000000000000000000e+00
8.868507283690268972e-02	7.120055343958191507e-01	0.000000000000000000e+00
2.030003810856451374e-01	5.645619272543080935e-01	0.000000000000000000e+00
2.030003810856451374e-01	5.645619272543080935e-01	0.000000000000000000e+00
2.201677585103179458e-01	4.403541127238511654e-01	0.000000000000000000e+00
2.201677585103179458e-01	4.403541127238511654e-01	0.000000000000000000e+00
2.255634340037545593e-01	3.989214056788363827e-01	0.000000000000000000e+00
2.255634340037545593e-01	3.989214056788363827e-01	0.000000000000000000e+00
2.471943482819778382e-01	2.979023020015659773e-01	0.000000000000000000e+00
2.471943482819778382e-01	2.940539534646731124e-01	0.000000000000000000e+00
2.502656527132098296e-01	2.869345008062552660e-01	0.000000000000000000e+00
2.502656527132098296e-01	2.869345008062552660e-01	0.000000000000000000e+00
2.502656527132098296e-01	2.869345008062552660e-01	0.000000000000000000e+00
2.502656527132098296e-01	2.897012299736613783e-01	0.000000000000000000e+00
2.502656527132098296e-01	2.897012299736613783e-01	0.000000000000000000e+00
2.502656527132098296e-01	2.897012299736613783e-01	0.000000000000000000e+00
2.502656527132098296e-01	2.897012299736613783e-01	0.000000000000000000e+00
2.502656527132098296e-01	2.897012299736613783e-01	0.000000000000000000e+00
2.502656527132098296e-01	2.897012299736613783e-01	0.000000000000000000e+00
2.502656527132098296e-01	2.897012299736613783e-01	0.000000000000000000e+00
4.263310036388879842e-01	9.047551316737549587e-02	0.000000000000000000e+00
4.263310036388879842e-01	9.047551316737549587e-02	0.000000000000000000e+00
4.263310036388879842e-01	9.047551316737549587e-02	0.000000000000000000e+00
4.263310036388879842e-01	9.779264090623850103e-02	0.000000000000000000e+00
4.263310036388879842e-01	6.945948326009392104e-02	0.000000000000000000e+00
4.263310036388879842e-01	6.302383919942203261e-02	0.000000000000000000e+00
4.327022836465417854e-01	1.937757477942855452e-02	0.000000000000000000e+00
4.409667758054371389e-01	-2.654997983227763703e-02	0.000000000000000000e+00
4.409667758054371389e-01	-2.654997983227763703e-02	0.000000000000000000e+00
4.440601593763832677e-01	-4.786362126203965589e-02	0.000000000000000000e+00
4.440601593763832677e-01	-4.786362126203965589e-02	0.000000000000000000e+00
4.440601593763832677e-01	-4.786362126203965589e-02	0.000000000000000000e+00
4.440601593763832677e-01	-4.786362126203965589e-02	0.000000000000000000e+00
4.440601593763832677e-01	-4.786362126203965589e-02	0.000000000000000000e+00
4.440601593763832677e-01	-4.786362126203965589e-02	0.000000000000000000e+00
4.440601593763832677e-01	-4.786362126203965589e-02	0.000000000000000000e+00
4.440601593763832677e-01	-4.786362126203965589e-02	0.000000000000000000e+00
4.440601593763832677e-01	-4.786362126203965589e-02	0.000000000000000000e+00
4.440601593763832677e-01	-4.786362126203965589e-02	0.000000000000000000e+00
6.380627002279402049e-01	-3.249270005981562126e-01	0.000000000000000000e+00
6.380627002279402049e-01	-3.249270005981562126e-01	0.000000000000000000e+00
6.380627002279402049e-01	-3.249270005981562126e-01	0.000000000000000000e+00
6.380627002279402049e-01	-3.249270005981562126e-01	0.000000000000000000e+00
6.380627002279402049e-01	-3.249270005981562126e-01	0.000000000000000000e+00
6.380627002279402049e-01	-3.249270005981562126e-01	0.000000000000000000e+00
6.380627002279402049e-01	-3.249270005981562126e-01	0.000000000000000000e+00
6.380627002279402049e-01	-3.249270005981562126e-01	0.000000000000000000e+00
6.380627002279402049e-01	-3.272433866286952875e-01	0.000000000000000000e+00
6.380627002279402049e-01	-3.272433866286952875e-01	0.000000000000000000e+00
6.380627002279402049e-01	-3.272433866286952875e-01	0.000000000000000000e+00
6.380627002279402049e-01	-3.272433866286952875e-01	0.000000000000000000e+00
6.380627002279402049e-01	-3.190284596660309946e-01	0.000000000000000000e+00
6.380627002279402049e-01	-3.348092033983074423e-01	0.000000000000000000e+00
6.380627002279402049e-01	-3.348092033983074423e-01	0.000000000000000000e+00
6.599380253931373952e-01	-3.774712054715817500e-01	0.000000000000000000e+00
6.599380253931373952e-01	-3.774712054715817500e-01	0.000000000000000000e+00
6.599380253931373952e-01	-3.774712054715817500e-01	0.000000000000000000e+00
6.599380253931373952e-01	-3.774712054715817500e-01	0.000000000000000000e+00
6.599380253931373952e-01	-3.774712054715817500e-01	0.000000000000000000e+00
6.599380253931373952e-01	-3.774712054715817500e-01	0.000000000000000000e+00
6.599380253931373952e-01	-3.774712054715817500e-01	0.000000000000000000e+00
8.330592260042607444e-01	-5.645826300446962209e-01	0.000000000000000000e+00
8.330592260042607444e-01	-5.645826300446962209e-01	0.000000000000000000e+00
8.330592260042607444e-01	-5.645826300446962209e-01	0.000000000000000000e+00
8.330592260042607444e-01	-5.645826300446962209e-01	0.000000000000000000e+00
8.330592260042607444e-01	-5.645826300446962209e-01	0.000000000000000000e+00
8.330592260042607444e-01	-5.645826300446962209e-01	0.000000000000000000e+00
8.330592260042607444e-01	-5.645826300446962209e-01	0.000000000000000000e+00
8.330592260042607444e-01	-5.645826300446962209e-01	0.000000000000000000e+00
8.330592260042607444e-01	-5.255761586908138661e-01	0.000000000000000000e+00
8.330592260042607444e-01	-5.378239811598727327e-01	0.000000000000000000e+00
8.330592260042607444e-01	-5.378239811598727327e-01	0.000000000000000000e+00
8.330592260042607444e-01	-5.404982522261887468e-01	0.000000000000000000e+00
8.330592260042607444e-01	-5.428912795461070528e-01	0.000000000000000000e+00
8.330592260042607444e-01	-5.557724529221197418e-01	0.000000000000000000e+00
8.355591402598399053e-01	-5.671843859107720265e-01	0.000000000000000000e+00
8.355591402598399053e-01	-5.751919963890189669e-01	0.000000000000000000e+00
8.355591402598399053e-01	-5.852795161926773737e-01	0.000000000000000000e+00
8.452048949047186177e-01	-6.673281300962089491e-01	0.000000000000000000e+00
8.452048949047186177e-01	-6.839302390353425576e-01	0.000000000000000000e+00
8.452048949047186177e-01	-6.839302390353425576e-01	0.000000000000000000e+00
8.452048949047186177e-01	-6.839302390353425576e-01	0.000000000000000000e+00
8.452048949047186177e-01	-6.839302390353425576e-01	0.000000000000000000e+00
8.452048949047186177e-01	-6.839302390353425576e-01	0.000000000000000000e+00
8.452048949047186177e-01	-6.839302390353425576e-01	0.000000000000000000e+00
8.452048949047186177e-01	-6.839302390353425576e-01	0.000000000000000000e+00
8.452048949047186177e-01	-6.839302390353425576e-01	0.000000000000000000e+00
8.452048949047186177e-01	-6.839302390353425576e-01	0.000000000000000000e+00
8.452048949047186177e-01	-6.900359392540835746e-01	0.000000000000000000e+00
