9.452037813595711574e-04	9.925636789253808878e-01	0.000000000000000000e+00
1.403949154785773083e-02	8.794256302518581592e-01	0.000000000000000000e+00
1.403949154785773083e-02	8.794256302518581592e-01	0.000000000000000000e+00
1.403949154785773083e-02	8.794256302518581592e-01	0.000000000000000000e+00
5.604803401356730358e-02	7.364907790426895584e-01	0.000000000000000000e+00
6.483701686763075622e-02	6.920465185951034659e-01	0.000000000000000000e+00
8.868507283690268972e-02	6.758188144166051847e-01	0.000000000000000000e+00
8.868507283690268972e-02	6.758188144166051847e-01	0.000000000000000000e+00
8.868507283690268972e-02	6.758188144166051847e-01	0.000000000000000000e+00
8.868507283690268972e-02	6.758188144166051847e-01	0.000000000000000000e+00
8.868507283690268972e-02	6.758188144166051847e-01	0.000000000000000000e+00
8.868507283690268972e-02	6.758188144166051847e-01	0.000000000000000000e+00
1.876100601647805177e-01	6.567461911353792425e-01	0.000000000000000000e+00
2.030003810856451374e-01	5.407683019392177659e-01	0.000000000000000000e+00
2.030003810856451374e-01	5.336154389886585969e-01	0.000000000000000000e+00
2.201677585103179458e-01	4.036112090218382242e-01	0.000000000000000000e+00
2.201677585103179458e-01	4.036112090218382242e-01	0.000000000000000000e+00
2.255634340037545593e-01	3.659373057997580281e-01	0.000000000000000000e+00
2.375908999965155310e-01	3.020860383756760470e-01	0.000000000000000000e+00
2.471943482819778382e-01	2.565788292681400184e-01	0.000000000000000000e+00
2.520948692386637546e-01	2.463603780550872036e-01	0.000000000000000000e+00
2.520948692386637546e-01	2.463603780550872036e-01	0.000000000000000000e+00
2.520948692386637546e-01	2.463603780550872036e-01	0.000000000000000000e+00
2.520948692386637546e-01	2.463603780550872036e-01	0.000000000000000000e+00
2.520948692386637546e-01	2.463603780550872036e-01	0.000000000000000000e+00
2.520948692386637546e-01	2.463603780550872036e-01	0.000000000000000000e+00
2.520948692386637546e-01	2.463603780550872036e-01	0.000000000000000000e+00
2.520948692386637546e-01	2.463603780550872036e-01	0.000000000000000000e+00
2.520948692386637546e-01	2.463603780550872036e-01	0.000000000000000000e+00
2.520948692386637546e-01	2.463603780550872036e-01	0.000000000000000000e+00
4.223235076543704336e-01	8.430047969817494602e-02	0.000000000000000000e+00
4.223235076543704336e-01	8.430047969817494602e-02	0.000000000000000000e+00
4.223235076543704336e-01	9.426447978451991949e-02	0.000000000000000000e+00
4.223235076543704336e-01	9.426447978451991949e-02	0.000000000000000000e+00
4.263310036388879842e-01	3.331727050224999459e-02	0.000000000000000000e+00
4.263310036388879842e-01	3.325983573901025725e-02	0.000000000000000000e+00
4.409667758054371389e-01	-6.425036857258351053e-02	0.000000000000000000e+00
4.409667758054371389e-01	-6.425036857258351053e-02	0.000000000000000000e+00
4.409667758054371389e-01	-6.425036857258351053e-02	0.000000000000000000e+00
4.409667758054371389e-01	-8.732530119109525868e-02	0.000000000000000000e+00
4.409667758054371389e-01	-8.732530119109525868e-02	0.000000000000000000e+00
4.590870043258275524e-01	-1.180098275243544603e-01	0.000000000000000000e+00
4.590870043258275524e-01	-1.180098275243544603e-01	0.000000000000000000e+00
4.590870043258275524e-01	-1.180098275243544603e-01	0.000000000000000000e+00
4.590870043258275524e-01	-1.180098275243544603e-01	0.000000000000000000e+00
4.590870043258275524e-01	-1.180098275243544603e-01	0.000000000000000000e+00
4.590870043258275524e-01	-1.180098275243544603e-01	0.000000000000000000e+00
4.590870043258275524e-01	-1.180098275243544603e-01	0.000000000000000000e+00
4.590870043258275524e-01	-1.180098275243544603e-01	0.000000000000000000e+00
4.590870043258275524e-01	-1.180098275243544603e-01	0.000000000000000000e+00
6.380627002279402049e-01	-3.487882435023897387e-01	0.000000000000000000e+00
6.380627002279402049e-01	-3.487882435023897387e-01	0.000000000000000000e+00
6.380627002279402049e-01	-3.487882435023897387e-01	0.000000000000000000e+00
6.380627002279402049e-01	-3.487882435023897387e-01	0.000000000000000000e+00
6.380627002279402049e-01	-3.487882435023897387e-01	0.000000000000000000e+00
6.380627002279402049e-01	-3.487882435023897387e-01	0.000000000000000000e+00
6.380627002279402049e-01	-3.487882435023897387e-01	0.000000000000000000e+00
6.380627002279402049e-01	-3.487882435023897387e-01	0.000000000000000000e+00
6.380627002279402049e-01	-3.739985994427024729e-01	0.000000000000000000e+00
6.380627002279402049e-01	-3.739985994427024729e-01	0.000000000000000000e+00
6.380627002279402049e-01	-3.739985994427024729e-01	0.000000000000000000e+00
6.380627002279402049e-01	-3.739985994427024729e-01	0.000000000000000000e+00
6.380627002279402049e-01	-3.739985994427024729e-01	0.000000000000000000e+00
6.380627002279402049e-01	-3.798188055894612947e-01	0.000000000000000000e+00
6.599380253931373952e-01	-4.227556918717840784e-01	0.000000000000000000e+00
6.599380253931373952e-01	-4.227556918717840784e-01	0.000000000000000000e+00
6.599380253931373952e-01	-4.227556918717840784e-01	0.000000000000000000e+00
6.599380253931373952e-01	-4.255369564832838791e-01	0.000000000000000000e+00
6.599380253931373952e-01	-4.255369564832838791e-01	0.000000000000000000e+00
6.599380253931373952e-01	-4.255369564832838791e-01	0.000000000000000000e+00
6.599380253931373952e-01	-4.255369564832838791e-01	0.000000000000000000e+00
6.599380253931373952e-01	-4.255369564832838791e-01	0.000000000000000000e+00
8.330592260042607444e-01	-5.798850642149832035e-01	0.000000000000000000e+00
8.330592260042607444e-01	-5.798850642149832035e-01	0.000000000000000000e+00
8.330592260042607444e-01	-5.798850642149832035e-01	0.000000000000000000e+00
8.330592260042607444e-01	-5.798850642149832035e-01	0.000000000000000000e+00
8.330592260042607444e-01	-5.798850642149832035e-01	0.000000000000000000e+00
8.330592260042607444e-01	-5.798850642149832035e-01	0.000000000000000000e+00
8.330592260042607444e-01	-5.735182253482556947e-01	0.000000000000000000e+00
8.330592260042607444e-01	-5.735182253482556947e-01	0.000000000000000000e+00
8.330592260042607444e-01	-5.735182253482556947e-01	0.000000000000000000e+00
8.330592260042607444e-01	-5.735182253482556947e-01	0.000000000000000000e+00
8.330592260042607444e-01	-5.773381931218544150e-01	0.000000000000000000e+00
8.330592260042607444e-01	-5.930798344577633552e-01	0.000000000000000000e+00
8.330592260042607444e-01	-6.113214348874658199e-01	0.000000000000000000e+00
8.330592260042607444e-01	-6.113214348874658199e-01	0.000000000000000000e+00
8.355591402598399053e-01	-6.229903732098228675e-01	0.000000000000000000e+00
8.355591402598399053e-01	-6.360949001451220441e-01	0.000000000000000000e+00
8.443187914892639201e-01	-7.004581634807907076e-01	0.000000000000000000e+00
8.443187914892639201e-01	-7.004581634807907076e-01	0.000000000000000000e+00
8.443187914892639201e-01	-7.004581634807907076e-01	0.000000000000000000e+00
8.443187914892639201e-01	-7.004581634807907076e-01	0.000000000000000000e+00
8.443187914892639201e-01	-7.004581634807907076e-01	0.000000000000000000e+00
8.443187914892639201e-01	-7.004581634807907076e-01	0.000000000000000000e+00
8.443187914892639201e-01	-7.080682135949104561e-01	0.000000000000000000e+00
8.443187914892639201e-01	-7.149434601882846962e-01	0.000000000000000000e+00
8.443187914892639201e-01	-7.206241561650852390e-01	0.000000000000000000e+00
8.443187914892639201e-01	-7.206241561650852390e-01	0.000000000000000000e+00
8.443187914892639201e-01	-7.206241561650852390e-01	0.000000000000000000e+00
8.443187914892639201e-01	-7.206241561650852390e-01	0.000000000000000000e+00
