9.452037813595711574e-04	1.106983807320933710e+00	0.000000000000000000e+00
1.403949154785773083e-02	9.932604590052968030e-01	0.000000000000000000e+00
1.403949154785773083e-02	9.932604590052968030e-01	0.000000000000000000e+00
1.403949154785773083e-02	9.932604590052968030e-01	0.000000000000000000e+00
5.766095275134833220e-02	8.199524394944125438e-01	0.000000000000000000e+00
6.483701686763075622e-02	7.856453991456187058e-01	0.000000000000000000e+00
8.868507283690268972e-02	7.709383837695547026e-01	0.000000000000000000e+00
8.868507283690268972e-02	7.582493084879214917e-01	0.000000000000000000e+00
8.868507283690268972e-02	7.582493084879214917e-01	0.000000000000000000e+00
8.868507283690268972e-02	7.582493084879214917e-01	0.000000000000000000e+00
8.868507283690268972e-02	7.582493084879214917e-01	0.000000000000000000e+00
8.868507283690268972e-02	7.582493084879214917e-01	0.000000000000000000e+00
8.868507283690268972e-02	7.582493084879214917e-01	0.000000000000000000e+00
2.030003810856451374e-01	6.171469230417795382e-01	0.000000000000000000e+00
2.030003810856451374e-01	6.084911550571160399e-01	0.000000000000000000e+00
2.201677585103179458e-01	4.885631292941146064e-01	0.000000000000000000e+00
2.201677585103179458e-01	4.853213913900587539e-01	0.000000000000000000e+00
2.255634340037545593e-01	4.493850363751044075e-01	0.000000000000000000e+00
2.255634340037545593e-01	4.493850363751044075e-01	0.000000000000000000e+00
2.471943482819778382e-01	3.348713585025263062e-01	0.000000000000000000e+00
2.502656527132098296e-01	3.259945776765932890e-01	0.000000000000000000e+00
2.502656527132098296e-01	3.259945776765932890e-01	0.000000000000000000e+00
2.502656527132098296e-01	3.259945776765932890e-01	0.000000000000000000e+00
2.502656527132098296e-01	3.259945776765932890e-01	0.000000000000000000e+00
2.502656527132098296e-01	3.259945776765932890e-01	0.000000000000000000e+00
2.502656527132098296e-01	3.259945776765932890e-01	0.000000000000000000e+00
2.502656527132098296e-01	3.290491016096437349e-01	0.000000000000000000e+00
2.502656527132098296e-01	3.290491016096437349e-01	0.000000000000000000e+00
2.502656527132098296e-01	3.290491016096437349e-01	0.000000000000000000e+00
2.502656527132098296e-01	3.324989289567396034e-01	0.000000000000000000e+00
4.263310036388879842e-01	1.141256810589135195e-01	0.000000000000000000e+00
4.263310036388879842e-01	1.141256810589135195e-01	0.000000000000000000e+00
4.263310036388879842e-01	1.141256810589135195e-01	0.000000000000000000e+00
4.263310036388879842e-01	1.141256810589135195e-01	0.000000000000000000e+00
4.263310036388879842e-01	1.141256810589135195e-01	0.000000000000000000e+00
4.263310036388879842e-01	1.103471355607802962e-01	0.000000000000000000e+00
4.409667758054371389e-01	1.770755064359540512e-02	0.000000000000000000e+00
4.409667758054371389e-01	1.770755064359540512e-02	0.000000000000000000e+00
4.440601593763832677e-01	-3.022967811143066619e-02	0.000000000000000000e+00
4.440601593763832677e-01	-3.022967811143066619e-02	0.000000000000000000e+00
4.440601593763832677e-01	-3.022967811143066619e-02	0.000000000000000000e+00
4.440601593763832677e-01	-3.230714944490394730e-02	0.000000000000000000e+00
4.440601593763832677e-01	-3.230714944490394730e-02	0.000000000000000000e+00
4.440601593763832677e-01	-3.230714944490394730e-02	0.000000000000000000e+00
4.440601593763832677e-01	-3.230714944490394730e-02	0.000000000000000000e+00
4.440601593763832677e-01	-3.230714944490394730e-02	0.000000000000000000e+00
4.440601593763832677e-01	-3.230714944490394730e-02	0.000000000000000000e+00
4.440601593763832677e-01	-3.230714944490394730e-02	0.000000000000000000e+00
4.440601593763832677e-01	-3.230714944490394730e-02	0.000000000000000000e+00
4.440601593763832677e-01	-3.076099642107728641e-02	0.000000000000000000e+00
6.401121536119543931e-01	-3.395462433071548269e-01	0.000000000000000000e+00
6.401121536119543931e-01	-3.395462433071548269e-01	0.000000000000000000e+00
6.401121536119543931e-01	-3.259102104392999633e-01	0.000000000000000000e+00
6.401121536119543931e-01	-3.259102104392999633e-01	0.000000000000000000e+00
6.401121536119543931e-01	-3.259102104392999633e-01	0.000000000000000000e+00
6.401121536119543931e-01	-3.259102104392999633e-01	0.000000000000000000e+00
6.401121536119543931e-01	-3.259102104392999633e-01	0.000000000000000000e+00
6.401121536119543931e-01	-3.259102104392999633e-01	0.000000000000000000e+00
6.401121536119543931e-01	-3.259102104392999633e-01	0.000000000000000000e+00
6.401121536119543931e-01	-3.259102104392999633e-01	0.000000000000000000e+00
6.401121536119543931e-01	-3.210138267617657082e-01	0.000000000000000000e+00
6.401121536119543931e-01	-3.210138267617657082e-01	0.000000000000000000e+00
6.401121536119543931e-01	-3.210138267617657082e-01	0.000000000000000000e+00
6.401121536119543931e-01	-3.174137597960763335e-01	0.000000000000000000e+00
6.401121536119543931e-01	-3.174137597960763335e-01	0.000000000000000000e+00
6.599380253931373952e-01	-3.411073145729405787e-01	0.000000000000000000e+00
6.599380253931373952e-01	-3.411073145729405787e-01	0.000000000000000000e+00
6.599380253931373952e-01	-3.411073145729405787e-01	0.000000000000000000e+00
6.599380253931373952e-01	-3.411073145729405787e-01	0.000000000000000000e+00
6.599380253931373952e-01	-3.411073145729405787e-01	0.000000000000000000e+00
6.599380253931373952e-01	-3.411073145729405787e-01	0.000000000000000000e+00
8.355591402598399053e-01	-5.448987924572936681e-01	0.000000000000000000e+00
8.355591402598399053e-01	-5.448987924572936681e-01	0.000000000000000000e+00
8.355591402598399053e-01	-5.448987924572936681e-01	0.000000000000000000e+00
8.355591402598399053e-01	-5.448987924572936681e-01	0.000000000000000000e+00
8.355591402598399053e-01	-5.448987924572936681e-01	0.000000000000000000e+00
8.355591402598399053e-01	-5.448987924572936681e-01	0.000000000000000000e+00
8.355591402598399053e-01	-5.470636372595779617e-01	0.000000000000000000e+00
8.355591402598399053e-01	-5.376213282887826184e-01	0.000000000000000000e+00
8.355591402598399053e-01	-5.376213282887826184e-01	0.000000000000000000e+00
8.355591402598399053e-01	-5.376213282887826184e-01	0.000000000000000000e+00
8.355591402598399053e-01	-5.376213282887826184e-01	0.000000000000000000e+00
8.355591402598399053e-01	-5.376213282887826184e-01	0.000000000000000000e+00
8.355591402598399053e-01	-5.376213282887826184e-01	0.000000000000000000e+00
8.355591402598399053e-01	-5.376213282887826184e-01	0.000000000000000000e+00
8.355591402598399053e-01	-5.376213282887826184e-01	0.000000000000000000e+00
8.355591402598399053e-01	-5.539414504722066646e-01	0.000000000000000000e+00
8.355591402598399053e-01	-5.615317162753675762e-01	0.000000000000000000e+00
8.464360262853808381e-01	-6.378302668353541538e-01	0.000000000000000000e+00
8.464360262853808381e-01	-6.378302668353541538e-01	0.000000000000000000e+00
8.464360262853808381e-01	-6.378302668353541538e-01	0.000000000000000000e+00
8.464360262853808381e-01	-6.378302668353541538e-01	0.000000000000000000e+00
8.464360262853808381e-01	-6.378302668353541538e-01	0.000000000000000000e+00
8.464360262853808381e-01	-6.378302668353541538e-01	0.000000000000000000e+00
8.464360262853808381e-01	-6.378302668353541538e-01	0.000000000000000000e+00
8.464360262853808381e-01	-6.378302668353541538e-01	0.000000000000000000e+00
8.464360262853808381e-01	-6.272461113883381900e-01	0.000000000000000000e+00
8.464360262853808381e-01	-6.272461113883381900e-01	0.000000000000000000e+00
8.464360262853808381e-01	-6.272461113883381900e-01	0.000000000000000000e+00
8.464360262853808381e-01	-6.272461113883381900e-01	0.000000000000000000e+00
