9.452037813595711574e-04	1.450900459768894368e+00	0.000000000000000000e+00
1.403949154785773083e-02	1.197063018280068336e+00	0.000000000000000000e+00
1.403949154785773083e-02	1.197063018280068336e+00	0.000000000000000000e+00
1.403949154785773083e-02	1.197063018280068336e+00	0.000000000000000000e+00
1.403949154785773083e-02	1.197063018280068336e+00	0.000000000000000000e+00
8.868507283690268972e-02	9.673127842614507310e-01	0.000000000000000000e+00
8.868507283690268972e-02	9.651542002780812979e-01	0.000000000000000000e+00
8.868507283690268972e-02	9.651542002780812979e-01	0.000000000000000000e+00
8.868507283690268972e-02	9.651542002780812979e-01	0.000000000000000000e+00
8.868507283690268972e-02	9.651542002780812979e-01	0.000000000000000000e+00
8.868507283690268972e-02	9.651542002780812979e-01	0.000000000000000000e+00
8.868507283690268972e-02	9.651542002780812979e-01	0.000000000000000000e+00
2.030003810856451374e-01	8.427904519338130784e-01	0.000000000000000000e+00
2.030003810856451374e-01	8.427904519338130784e-01	0.000000000000000000e+00
2.201677585103179458e-01	6.818393563295577220e-01	0.000000000000000000e+00
2.201677585103179458e-01	6.818393563295577220e-01	0.000000000000000000e+00
2.255634340037545593e-01	6.164822897594787188e-01	0.000000000000000000e+00
2.255634340037545593e-01	5.923687389348004650e-01	0.000000000000000000e+00
2.471943482819778382e-01	5.136096806968521999e-01	0.000000000000000000e+00
2.471943482819778382e-01	5.131188214751981613e-01	0.000000000000000000e+00
2.471943482819778382e-01	5.131188214751981613e-01	0.000000000000000000e+00
2.471943482819778382e-01	5.131188214751981613e-01	0.000000000000000000e+00
2.471943482819778382e-01	5.120780217238098952e-01	0.000000000000000000e+00
2.471943482819778382e-01	5.000817825649397363e-01	0.000000000000000000e+00
2.471943482819778382e-01	4.907015361734483050e-01	0.000000000000000000e+00
2.471943482819778382e-01	4.907015361734483050e-01	0.000000000000000000e+00
2.471943482819778382e-01	4.907015361734483050e-01	0.000000000000000000e+00
2.471943482819778382e-01	4.907015361734483050e-01	0.000000000000000000e+00
2.471943482819778382e-01	4.907015361734483050e-01	0.000000000000000000e+00
4.112225777616111411e-01	4.438057901091986279e-01	0.000000000000000000e+00
4.112225777616111411e-01	4.065480567530457834e-01	0.000000000000000000e+00
4.112225777616111411e-01	4.065480567530457834e-01	0.000000000000000000e+00
4.284849398693474365e-01	1.882254677350492789e-01	0.000000000000000000e+00
4.284849398693474365e-01	1.882254677350492789e-01	0.000000000000000000e+00
4.284849398693474365e-01	1.882254677350492789e-01	0.000000000000000000e+00
4.284849398693474365e-01	1.882254677350492789e-01	0.000000000000000000e+00
4.284849398693474365e-01	1.882254677350492789e-01	0.000000000000000000e+00
4.284849398693474365e-01	1.798301774646657303e-01	0.000000000000000000e+00
4.440601593763832677e-01	6.210479026561045029e-02	0.000000000000000000e+00
4.440601593763832677e-01	6.210479026561045029e-02	0.000000000000000000e+00
4.440601593763832677e-01	7.485627121201046674e-02	0.000000000000000000e+00
4.440601593763832677e-01	7.485627121201046674e-02	0.000000000000000000e+00
4.440601593763832677e-01	7.485627121201046674e-02	0.000000000000000000e+00
4.440601593763832677e-01	7.055638985935266949e-02	0.000000000000000000e+00
4.440601593763832677e-01	7.055638985935266949e-02	0.000000000000000000e+00
4.440601593763832677e-01	7.055638985935266949e-02	0.000000000000000000e+00
4.440601593763832677e-01	7.485627121201046674e-02	0.000000000000000000e+00
4.440601593763832677e-01	7.485627121201046674e-02	0.000000000000000000e+00
4.440601593763832677e-01	7.485627121201046674e-02	0.000000000000000000e+00
4.440601593763832677e-01	7.485627121201046674e-02	0.000000000000000000e+00
4.440601593763832677e-01	7.485627121201046674e-02	0.000000000000000000e+00
6.401121536119543931e-01	-1.981027956624954178e-01	0.000000000000000000e+00
6.401121536119543931e-01	-1.981027956624954178e-01	0.000000000000000000e+00
6.401121536119543931e-01	-1.981027956624954178e-01	0.000000000000000000e+00
6.401121536119543931e-01	-1.981027956624954178e-01	0.000000000000000000e+00
6.401121536119543931e-01	-1.981027956624954178e-01	0.000000000000000000e+00
6.401121536119543931e-01	-1.981027956624954178e-01	0.000000000000000000e+00
6.401121536119543931e-01	-1.981027956624954178e-01	0.000000000000000000e+00
6.401121536119543931e-01	-1.378405137801967939e-01	0.000000000000000000e+00
6.401121536119543931e-01	-1.378405137801967939e-01	0.000000000000000000e+00
6.401121536119543931e-01	-1.378405137801967939e-01	0.000000000000000000e+00
6.401121536119543931e-01	-1.378405137801967939e-01	0.000000000000000000e+00
6.401121536119543931e-01	-1.378405137801967939e-01	0.000000000000000000e+00
6.401121536119543931e-01	-1.683241593401444969e-01	0.000000000000000000e+00
6.401121536119543931e-01	-1.683241593401444969e-01	0.000000000000000000e+00
6.599380253931373952e-01	-1.990349339583453447e-01	0.000000000000000000e+00
6.599380253931373952e-01	-1.990349339583453447e-01	0.000000000000000000e+00
6.599380253931373952e-01	-1.990349339583453447e-01	0.000000000000000000e+00
6.599380253931373952e-01	-1.990349339583453447e-01	0.000000000000000000e+00
6.599380253931373952e-01	-1.990349339583453447e-01	0.000000000000000000e+00
6.599380253931373952e-01	-1.941685758450057697e-01	0.000000000000000000e+00
8.355591402598399053e-01	-4.026014528642505863e-01	0.000000000000000000e+00
8.355591402598399053e-01	-4.026014528642505863e-01	0.000000000000000000e+00
8.355591402598399053e-01	-4.026014528642505863e-01	0.000000000000000000e+00
8.355591402598399053e-01	-4.026014528642505863e-01	0.000000000000000000e+00
8.355591402598399053e-01	-4.031209444230521854e-01	0.000000000000000000e+00
8.355591402598399053e-01	-4.031209444230521854e-01	0.000000000000000000e+00
8.355591402598399053e-01	-4.031209444230521854e-01	0.000000000000000000e+00
8.355591402598399053e-01	-4.031209444230521854e-01	0.000000000000000000e+00
8.355591402598399053e-01	-4.031209444230521854e-01	0.000000000000000000e+00
8.355591402598399053e-01	-3.848569990579920330e-01	0.000000000000000000e+00
8.355591402598399053e-01	-3.848569990579920330e-01	0.000000000000000000e+00
8.355591402598399053e-01	-3.967601137869042338e-01	0.000000000000000000e+00
8.355591402598399053e-01	-3.967601137869042338e-01	0.000000000000000000e+00
8.355591402598399053e-01	-3.967601137869042338e-01	0.000000000000000000e+00
8.355591402598399053e-01	-3.967601137869042338e-01	0.000000000000000000e+00
8.355591402598399053e-01	-4.378640580932866566e-01	0.000000000000000000e+00
8.355591402598399053e-01	-4.378640580932866566e-01	0.000000000000000000e+00
8.355591402598399053e-01	-4.378640580932866566e-01	0.000000000000000000e+00
8.464360262853808381e-01	-5.314374472546599115e-01	0.000000000000000000e+00
8.464360262853808381e-01	-5.314374472546599115e-01	0.000000000000000000e+00
8.464360262853808381e-01	-5.314374472546599115e-01	0.000000000000000000e+00
8.464360262853808381e-01	-5.314374472546599115e-01	0.000000000000000000e+00
8.464360262853808381e-01	-5.314374472546599115e-01	0.000000000000000000e+00
8.464360262853808381e-01	-5.314374472546599115e-01	0.000000000000000000e+00
8.464360262853808381e-01	-5.314374472546599115e-01	0.000000000000000000e+00
8.464360262853808381e-01	-5.314374472546599115e-01	0.000000000000000000e+00
8.464360262853808381e-01	-5.314374472546599115e-01	0.000000000000000000e+00
8.464360262853808381e-01	-5.314374472546599115e-01	0.000000000000000000e+00
8.464360262853808381e-01	-5.359478793140818320e-01	0.000000000000000000e+00
