1.403949154785773083e-02	1.544827185706825867e+00	0.000000000000000000e+00
1.403949154785773083e-02	1.544827185706825867e+00	0.000000000000000000e+00
1.403949154785773083e-02	1.544827185706825867e+00	0.000000000000000000e+00
1.403949154785773083e-02	1.544827185706825867e+00	0.000000000000000000e+00
1.403949154785773083e-02	1.544827185706825867e+00	0.000000000000000000e+00
8.868507283690268972e-02	1.295266383099713536e+00	0.000000000000000000e+00
8.868507283690268972e-02	1.268673412362774977e+00	0.000000000000000000e+00
8.868507283690268972e-02	1.268673412362774977e+00	0.000000000000000000e+00
8.868507283690268972e-02	1.268673412362774977e+00	0.000000000000000000e+00
8.868507283690268972e-02	1.268673412362774977e+00	0.000000000000000000e+00
8.868507283690268972e-02	1.283330023017029919e+00	0.000000000000000000e+00
8.868507283690268972e-02	1.283330023017029919e+00	0.000000000000000000e+00
2.030003810856451374e-01	1.084543126766164711e+00	0.000000000000000000e+00
2.030003810856451374e-01	1.084543126766164711e+00	0.000000000000000000e+00
2.030003810856451374e-01	1.084543126766164711e+00	0.000000000000000000e+00
2.201677585103179458e-01	9.655026520161313908e-01	0.000000000000000000e+00
2.352475219152315167e-01	9.325712538209897096e-01	0.000000000000000000e+00
2.471943482819778382e-01	8.860782406149468882e-01	0.000000000000000000e+00
2.471943482819778382e-01	8.860782406149468882e-01	0.000000000000000000e+00
2.471943482819778382e-01	8.860782406149468882e-01	0.000000000000000000e+00
2.471943482819778382e-01	8.860782406149468882e-01	0.000000000000000000e+00
2.471943482819778382e-01	8.860782406149468882e-01	0.000000000000000000e+00
2.471943482819778382e-01	8.860782406149468882e-01	0.000000000000000000e+00
2.471943482819778382e-01	8.860782406149468882e-01	0.000000000000000000e+00
2.471943482819778382e-01	8.860782406149468882e-01	0.000000000000000000e+00
2.471943482819778382e-01	8.885801559494552748e-01	0.000000000000000000e+00
2.471943482819778382e-01	8.885801559494552748e-01	0.000000000000000000e+00
4.284849398693474365e-01	5.889116876086163410e-01	0.000000000000000000e+00
4.284849398693474365e-01	5.889116876086163410e-01	0.000000000000000000e+00
4.284849398693474365e-01	5.889116876086163410e-01	0.000000000000000000e+00
4.284849398693474365e-01	5.889116876086163410e-01	0.000000000000000000e+00
4.284849398693474365e-01	6.135941267049308534e-01	0.000000000000000000e+00
4.284849398693474365e-01	6.135941267049308534e-01	0.000000000000000000e+00
4.284849398693474365e-01	5.934314028949484454e-01	0.000000000000000000e+00
4.379696074341403733e-01	4.687710965346480463e-01	0.000000000000000000e+00
4.379696074341403733e-01	4.687710965346480463e-01	0.000000000000000000e+00
4.379696074341403733e-01	4.687710965346480463e-01	0.000000000000000000e+00
4.379696074341403733e-01	4.537261710371671697e-01	0.000000000000000000e+00
4.440601593763832677e-01	4.284203905114666866e-01	0.000000000000000000e+00
4.440601593763832677e-01	3.955596817131861176e-01	0.000000000000000000e+00
4.440601593763832677e-01	3.884601791737700704e-01	0.000000000000000000e+00
4.440601593763832677e-01	3.884601791737700704e-01	0.000000000000000000e+00
4.440601593763832677e-01	3.884601791737700704e-01	0.000000000000000000e+00
4.440601593763832677e-01	3.884601791737700704e-01	0.000000000000000000e+00
4.440601593763832677e-01	3.884601791737700704e-01	0.000000000000000000e+00
4.440601593763832677e-01	3.884601791737700704e-01	0.000000000000000000e+00
4.440601593763832677e-01	3.884601791737700704e-01	0.000000000000000000e+00
4.440601593763832677e-01	3.884601791737700704e-01	0.000000000000000000e+00
6.418791354792837689e-01	9.804274719546118844e-03	0.000000000000000000e+00
6.418791354792837689e-01	6.774352579176891320e-02	0.000000000000000000e+00
6.401121536119543931e-01	1.059208046756241334e-01	0.000000000000000000e+00
6.401121536119543931e-01	1.059208046756241334e-01	0.000000000000000000e+00
6.401121536119543931e-01	1.059208046756241334e-01	0.000000000000000000e+00
6.401121536119543931e-01	1.059208046756241334e-01	0.000000000000000000e+00
6.401121536119543931e-01	1.059208046756241334e-01	0.000000000000000000e+00
6.401121536119543931e-01	1.059208046756241334e-01	0.000000000000000000e+00
6.401121536119543931e-01	1.059208046756241334e-01	0.000000000000000000e+00
6.401121536119543931e-01	1.059208046756241334e-01	0.000000000000000000e+00
6.401121536119543931e-01	1.059208046756241334e-01	0.000000000000000000e+00
6.401121536119543931e-01	1.059208046756241334e-01	0.000000000000000000e+00
6.433942244858066317e-01	1.349761276745259919e-01	0.000000000000000000e+00
6.433942244858066317e-01	5.923798262356438915e-02	0.000000000000000000e+00
6.433942244858066317e-01	1.097725620393603940e-01	0.000000000000000000e+00
6.433942244858066317e-01	1.073375942515692877e-01	0.000000000000000000e+00
6.433942244858066317e-01	1.073375942515692877e-01	0.000000000000000000e+00
6.433942244858066317e-01	1.073375942515692877e-01	0.000000000000000000e+00
6.433942244858066317e-01	1.073375942515692877e-01	0.000000000000000000e+00
6.433942244858066317e-01	1.073375942515692877e-01	0.000000000000000000e+00
6.433942244858066317e-01	1.073375942515692877e-01	0.000000000000000000e+00
6.433942244858066317e-01	1.073375942515692877e-01	0.000000000000000000e+00
8.355591402598399053e-01	-1.211363977249106105e-01	0.000000000000000000e+00
8.355591402598399053e-01	-1.143763932879265782e-01	0.000000000000000000e+00
8.355591402598399053e-01	-1.143763932879265782e-01	0.000000000000000000e+00
8.355591402598399053e-01	-1.143763932879265782e-01	0.000000000000000000e+00
8.355591402598399053e-01	-1.244524723401360805e-01	0.000000000000000000e+00
8.355591402598399053e-01	-1.244524723401360805e-01	0.000000000000000000e+00
8.355591402598399053e-01	-1.244524723401360805e-01	0.000000000000000000e+00
8.355591402598399053e-01	-1.244524723401360805e-01	0.000000000000000000e+00
8.355591402598399053e-01	-1.244524723401360805e-01	0.000000000000000000e+00
8.355591402598399053e-01	-1.040428760064510266e-01	0.000000000000000000e+00
8.355591402598399053e-01	-1.040428760064510266e-01	0.000000000000000000e+00
8.355591402598399053e-01	-1.040428760064510266e-01	0.000000000000000000e+00
8.355591402598399053e-01	-1.040428760064510266e-01	0.000000000000000000e+00
8.355591402598399053e-01	-1.530956962558748247e-01	0.000000000000000000e+00
8.355591402598399053e-01	-1.530956962558748247e-01	0.000000000000000000e+00
8.355591402598399053e-01	-1.530956962558748247e-01	0.000000000000000000e+00
8.355591402598399053e-01	-1.530956962558748247e-01	0.000000000000000000e+00
8.464360262853808381e-01	-2.161077541672504765e-01	0.000000000000000000e+00
8.464360262853808381e-01	-2.161077541672504765e-01	0.000000000000000000e+00
8.464360262853808381e-01	-2.161077541672504765e-01	0.000000000000000000e+00
8.464360262853808381e-01	-2.383876559768247361e-01	0.000000000000000000e+00
8.464360262853808381e-01	-2.383876559768247361e-01	0.000000000000000000e+00
8.464360262853808381e-01	-2.383876559768247361e-01	0.000000000000000000e+00
8.464360262853808381e-01	-2.383876559768247361e-01	0.000000000000000000e+00
8.464360262853808381e-01	-2.383876559768247361e-01	0.000000000000000000e+00
8.464360262853808381e-01	-2.383876559768247361e-01	0.000000000000000000e+00
8.464360262853808381e-01	-2.383876559768247361e-01	0.000000000000000000e+00
8.464360262853808381e-01	-2.383876559768247361e-01	0.000000000000000000e+00
8.464360262853808381e-01	-2.383876559768247361e-01	0.000000000000000000e+00
8.464360262853808381e-01	-2.257224759854774554e-01	0.000000000000000000e+00
