9.452037813595711574e-04	1.216581701102541047e+00	0.000000000000000000e+00
1.403949154785773083e-02	9.935424620795418882e-01	0.000000000000000000e+00
1.403949154785773083e-02	9.935424620795418882e-01	0.000000000000000000e+00
1.403949154785773083e-02	9.935424620795418882e-01	0.000000000000000000e+00
6.483701686763075622e-02	8.420500460764173134e-01	0.000000000000000000e+00
6.483701686763075622e-02	8.334398650572166778e-01	0.000000000000000000e+00
8.868507283690268972e-02	7.823946941023176560e-01	0.000000000000000000e+00
8.868507283690268972e-02	7.784627832433396177e-01	0.000000000000000000e+00
8.868507283690268972e-02	7.823946941023176560e-01	0.000000000000000000e+00
8.868507283690268972e-02	7.823946941023176560e-01	0.000000000000000000e+00
8.868507283690268972e-02	7.823946941023176560e-01	0.000000000000000000e+00
8.868507283690268972e-02	7.823946941023176560e-01	0.000000000000000000e+00
8.868507283690268972e-02	7.823946941023176560e-01	0.000000000000000000e+00
2.030003810856451374e-01	6.566234100217072100e-01	0.000000000000000000e+00
2.030003810856451374e-01	6.389736555863461120e-01	0.000000000000000000e+00
2.030003810856451374e-01	6.389736555863461120e-01	0.000000000000000000e+00
2.201677585103179458e-01	5.411803067440777992e-01	0.000000000000000000e+00
2.255634340037545593e-01	4.770387738732135841e-01	0.000000000000000000e+00
2.255634340037545593e-01	4.551333184773180274e-01	0.000000000000000000e+00
2.471943482819778382e-01	3.546806888005689662e-01	0.000000000000000000e+00
2.471943482819778382e-01	3.546806888005689662e-01	0.000000000000000000e+00
2.502656527132098296e-01	3.388678068473485738e-01	0.000000000000000000e+00
2.502656527132098296e-01	3.381621898161966677e-01	0.000000000000000000e+00
2.502656527132098296e-01	3.381621898161966677e-01	0.000000000000000000e+00
2.502656527132098296e-01	3.381621898161966677e-01	0.000000000000000000e+00
2.502656527132098296e-01	3.381621898161966677e-01	0.000000000000000000e+00
2.502656527132098296e-01	3.381621898161966677e-01	0.000000000000000000e+00
2.502656527132098296e-01	3.381621898161966677e-01	0.000000000000000000e+00
2.502656527132098296e-01	3.381621898161966677e-01	0.000000000000000000e+00
2.502656527132098296e-01	3.381621898161966677e-01	0.000000000000000000e+00
2.502656527132098296e-01	3.381621898161966677e-01	0.000000000000000000e+00
2.502656527132098296e-01	3.381621898161966677e-01	0.000000000000000000e+00
4.263310036388879842e-01	1.168699807633587634e-01	0.000000000000000000e+00
4.263310036388879842e-01	1.168699807633587634e-01	0.000000000000000000e+00
4.263310036388879842e-01	1.168699807633587634e-01	0.000000000000000000e+00
4.263310036388879842e-01	1.168699807633587634e-01	0.000000000000000000e+00
4.263310036388879842e-01	1.168699807633587634e-01	0.000000000000000000e+00
4.263310036388879842e-01	1.061202472345255526e-01	0.000000000000000000e+00
4.284849398693474365e-01	9.416715057330687921e-02	0.000000000000000000e+00
4.284849398693474365e-01	8.810786356380212458e-02	0.000000000000000000e+00
4.440601593763832677e-01	-2.039588823149262112e-02	0.000000000000000000e+00
4.440601593763832677e-01	-2.039588823149262112e-02	0.000000000000000000e+00
4.440601593763832677e-01	-2.039588823149262112e-02	0.000000000000000000e+00
4.440601593763832677e-01	-2.039588823149262112e-02	0.000000000000000000e+00
4.440601593763832677e-01	-2.039588823149262112e-02	0.000000000000000000e+00
4.440601593763832677e-01	-2.039588823149262112e-02	0.000000000000000000e+00
4.440601593763832677e-01	-2.039588823149262112e-02	0.000000000000000000e+00
4.440601593763832677e-01	-2.039588823149262112e-02	0.000000000000000000e+00
4.440601593763832677e-01	-2.039588823149262112e-02	0.000000000000000000e+00
4.440601593763832677e-01	-2.039588823149262112e-02	0.000000000000000000e+00
4.440601593763832677e-01	-2.039588823149262112e-02	0.000000000000000000e+00
4.440601593763832677e-01	-2.039588823149262112e-02	0.000000000000000000e+00
6.401121536119543931e-01	-3.281963676803796304e-01	0.000000000000000000e+00
6.401121536119543931e-01	-3.281963676803796304e-01	0.000000000000000000e+00
6.401121536119543931e-01	-3.281963676803796304e-01	0.000000000000000000e+00
6.401121536119543931e-01	-2.893012472371407906e-01	0.000000000000000000e+00
6.401121536119543931e-01	-2.893012472371407906e-01	0.000000000000000000e+00
6.401121536119543931e-01	-2.893012472371407906e-01	0.000000000000000000e+00
6.401121536119543931e-01	-2.893012472371407906e-01	0.000000000000000000e+00
6.401121536119543931e-01	-2.893012472371407906e-01	0.000000000000000000e+00
6.401121536119543931e-01	-2.893012472371407906e-01	0.000000000000000000e+00
6.401121536119543931e-01	-2.893012472371407906e-01	0.000000000000000000e+00
6.401121536119543931e-01	-2.774871166397815392e-01	0.000000000000000000e+00
6.401121536119543931e-01	-2.774871166397815392e-01	0.000000000000000000e+00
6.401121536119543931e-01	-2.774871166397815392e-01	0.000000000000000000e+00
6.401121536119543931e-01	-2.774871166397815392e-01	0.000000000000000000e+00
6.401121536119543931e-01	-2.774871166397815392e-01	0.000000000000000000e+00
6.401121536119543931e-01	-2.884337958361591348e-01	0.000000000000000000e+00
6.401121536119543931e-01	-3.002630320868227565e-01	0.000000000000000000e+00
6.401121536119543931e-01	-3.068309742376098548e-01	0.000000000000000000e+00
6.599380253931373952e-01	-3.262870692693213281e-01	0.000000000000000000e+00
6.599380253931373952e-01	-3.262870692693213281e-01	0.000000000000000000e+00
6.599380253931373952e-01	-3.258825642598836558e-01	0.000000000000000000e+00
6.599380253931373952e-01	-3.258825642598836558e-01	0.000000000000000000e+00
6.599380253931373952e-01	-3.257566589841727200e-01	0.000000000000000000e+00
6.599380253931373952e-01	-3.243262796588592400e-01	0.000000000000000000e+00
8.355591402598399053e-01	-5.578934993397430819e-01	0.000000000000000000e+00
8.355591402598399053e-01	-5.578934993397430819e-01	0.000000000000000000e+00
8.355591402598399053e-01	-5.578934993397430819e-01	0.000000000000000000e+00
8.355591402598399053e-01	-5.240547178995583755e-01	0.000000000000000000e+00
8.355591402598399053e-01	-5.240547178995583755e-01	0.000000000000000000e+00
8.355591402598399053e-01	-5.295356066746387258e-01	0.000000000000000000e+00
8.355591402598399053e-01	-5.295356066746387258e-01	0.000000000000000000e+00
8.355591402598399053e-01	-5.295356066746387258e-01	0.000000000000000000e+00
8.355591402598399053e-01	-5.295356066746387258e-01	0.000000000000000000e+00
8.355591402598399053e-01	-5.295356066746387258e-01	0.000000000000000000e+00
8.355591402598399053e-01	-5.010568198365776826e-01	0.000000000000000000e+00
8.355591402598399053e-01	-5.010568198365776826e-01	0.000000000000000000e+00
8.355591402598399053e-01	-5.010568198365776826e-01	0.000000000000000000e+00
8.355591402598399053e-01	-5.010568198365776826e-01	0.000000000000000000e+00
8.355591402598399053e-01	-5.179777414268216251e-01	0.000000000000000000e+00
8.355591402598399053e-01	-5.265664490309409640e-01	0.000000000000000000e+00
8.464360262853808381e-01	-5.559362792782991392e-01	0.000000000000000000e+00
8.464360262853808381e-01	-5.559362792782991392e-01	0.000000000000000000e+00
8.464360262853808381e-01	-5.559362792782991392e-01	0.000000000000000000e+00
8.464360262853808381e-01	-5.559362792782991392e-01	0.000000000000000000e+00
8.464360262853808381e-01	-5.675418951414847868e-01	0.000000000000000000e+00
8.464360262853808381e-01	-5.892952738751481290e-01	0.000000000000000000e+00
8.464360262853808381e-01	-5.892952738751481290e-01	0.000000000000000000e+00
8.464360262853808381e-01	-5.892952738751481290e-01	0.000000000000000000e+00
