9.452037813595711574e-04	1.450900459768894368e+00	0.000000000000000000e+00
1.403949154785773083e-02	1.183622523008636573e+00	0.000000000000000000e+00
1.403949154785773083e-02	1.183622523008636573e+00	0.000000000000000000e+00
1.403949154785773083e-02	1.183622523008636573e+00	0.000000000000000000e+00
1.403949154785773083e-02	1.183622523008636573e+00	0.000000000000000000e+00
8.868507283690268972e-02	9.510411782370915557e-01	0.000000000000000000e+00
8.868507283690268972e-02	9.510411782370915557e-01	0.000000000000000000e+00
8.868507283690268972e-02	9.510411782370915557e-01	0.000000000000000000e+00
8.868507283690268972e-02	9.515400990824784966e-01	0.000000000000000000e+00
8.868507283690268972e-02	9.515400990824784966e-01	0.000000000000000000e+00
8.868507283690268972e-02	9.542103401004036201e-01	0.000000000000000000e+00
8.868507283690268972e-02	9.553579349610175075e-01	0.000000000000000000e+00
2.030003810856451374e-01	8.321020816413757792e-01	0.000000000000000000e+00
2.030003810856451374e-01	7.075932069478817477e-01	0.000000000000000000e+00
2.030003810856451374e-01	7.075932069478817477e-01	0.000000000000000000e+00
2.201677585103179458e-01	5.636560388388042186e-01	0.000000000000000000e+00
2.201677585103179458e-01	5.636560388388042186e-01	0.000000000000000000e+00
2.255634340037545593e-01	5.475694237084112181e-01	0.000000000000000000e+00
2.255634340037545593e-01	5.475694237084112181e-01	0.000000000000000000e+00
2.471943482819778382e-01	4.666659339618784985e-01	0.000000000000000000e+00
2.471943482819778382e-01	4.666659339618784985e-01	0.000000000000000000e+00
2.471943482819778382e-01	4.655643937488325723e-01	0.000000000000000000e+00
2.471943482819778382e-01	4.655643937488325723e-01	0.000000000000000000e+00
2.471943482819778382e-01	4.655643937488325723e-01	0.000000000000000000e+00
2.471943482819778382e-01	4.655643937488325723e-01	0.000000000000000000e+00
2.471943482819778382e-01	4.655643937488325723e-01	0.000000000000000000e+00
2.471943482819778382e-01	4.655643937488325723e-01	0.000000000000000000e+00
2.471943482819778382e-01	4.655643937488325723e-01	0.000000000000000000e+00
2.471943482819778382e-01	4.655643937488325723e-01	0.000000000000000000e+00
4.112225777616111411e-01	4.142647203425520730e-01	0.000000000000000000e+00
4.112225777616111411e-01	4.065480567530457834e-01	0.000000000000000000e+00
4.284849398693474365e-01	2.183076980600109629e-01	0.000000000000000000e+00
4.284849398693474365e-01	2.183076980600109629e-01	0.000000000000000000e+00
4.284849398693474365e-01	2.183076980600109629e-01	0.000000000000000000e+00
4.284849398693474365e-01	2.183076980600109629e-01	0.000000000000000000e+00
4.284849398693474365e-01	2.183076980600109629e-01	0.000000000000000000e+00
4.284849398693474365e-01	1.706969213894836135e-01	0.000000000000000000e+00
4.284849398693474365e-01	1.706969213894836135e-01	0.000000000000000000e+00
4.440601593763832677e-01	6.290047262612130652e-02	0.000000000000000000e+00
4.440601593763832677e-01	6.290047262612130652e-02	0.000000000000000000e+00
4.440601593763832677e-01	5.595916887561509789e-02	0.000000000000000000e+00
4.440601593763832677e-01	5.595916887561509789e-02	0.000000000000000000e+00
4.440601593763832677e-01	5.595916887561509789e-02	0.000000000000000000e+00
4.440601593763832677e-01	4.530599470585040811e-02	0.000000000000000000e+00
4.440601593763832677e-01	4.530599470585040811e-02	0.000000000000000000e+00
4.440601593763832677e-01	4.530599470585040811e-02	0.000000000000000000e+00
4.440601593763832677e-01	4.530599470585040811e-02	0.000000000000000000e+00
4.440601593763832677e-01	4.530599470585040811e-02	0.000000000000000000e+00
4.440601593763832677e-01	4.530599470585040811e-02	0.000000000000000000e+00
4.440601593763832677e-01	4.530599470585040811e-02	0.000000000000000000e+00
4.440601593763832677e-01	4.530599470585040811e-02	0.000000000000000000e+00
6.401121536119543931e-01	-2.268718631450617473e-01	0.000000000000000000e+00
6.401121536119543931e-01	-2.326667232938217089e-01	0.000000000000000000e+00
6.401121536119543931e-01	-2.326667232938217089e-01	0.000000000000000000e+00
6.401121536119543931e-01	-2.326667232938217089e-01	0.000000000000000000e+00
6.401121536119543931e-01	-2.326667232938217089e-01	0.000000000000000000e+00
6.401121536119543931e-01	-2.326667232938217089e-01	0.000000000000000000e+00
6.401121536119543931e-01	-2.326667232938217089e-01	0.000000000000000000e+00
6.401121536119543931e-01	-2.326667232938217089e-01	0.000000000000000000e+00
6.401121536119543931e-01	-2.326667232938217089e-01	0.000000000000000000e+00
6.401121536119543931e-01	-2.318185943220371914e-01	0.000000000000000000e+00
6.401121536119543931e-01	-2.318185943220371914e-01	0.000000000000000000e+00
6.401121536119543931e-01	-2.318185943220371914e-01	0.000000000000000000e+00
6.401121536119543931e-01	-2.318185943220371914e-01	0.000000000000000000e+00
6.401121536119543931e-01	-2.318185943220371914e-01	0.000000000000000000e+00
6.401121536119543931e-01	-2.318185943220371914e-01	0.000000000000000000e+00
6.401121536119543931e-01	-2.318185943220371914e-01	0.000000000000000000e+00
6.401121536119543931e-01	-2.425358769603536968e-01	0.000000000000000000e+00
6.401121536119543931e-01	-2.539364794477867449e-01	0.000000000000000000e+00
6.599380253931373952e-01	-2.580805686339913696e-01	0.000000000000000000e+00
6.599380253931373952e-01	-2.580805686339913696e-01	0.000000000000000000e+00
6.599380253931373952e-01	-2.580805686339913696e-01	0.000000000000000000e+00
6.599380253931373952e-01	-2.580805686339913696e-01	0.000000000000000000e+00
6.599380253931373952e-01	-2.580805686339913696e-01	0.000000000000000000e+00
8.355591402598399053e-01	-4.069359763814325293e-01	0.000000000000000000e+00
8.355591402598399053e-01	-4.069359763814325293e-01	0.000000000000000000e+00
8.355591402598399053e-01	-4.069359763814325293e-01	0.000000000000000000e+00
8.355591402598399053e-01	-4.069359763814325293e-01	0.000000000000000000e+00
8.355591402598399053e-01	-4.069359763814325293e-01	0.000000000000000000e+00
8.355591402598399053e-01	-4.069359763814325293e-01	0.000000000000000000e+00
8.355591402598399053e-01	-4.069359763814325293e-01	0.000000000000000000e+00
8.355591402598399053e-01	-4.069359763814325293e-01	0.000000000000000000e+00
8.355591402598399053e-01	-4.351561045579547260e-01	0.000000000000000000e+00
8.355591402598399053e-01	-4.351561045579547260e-01	0.000000000000000000e+00
8.355591402598399053e-01	-4.351561045579547260e-01	0.000000000000000000e+00
8.355591402598399053e-01	-4.351561045579547260e-01	0.000000000000000000e+00
8.355591402598399053e-01	-4.351561045579547260e-01	0.000000000000000000e+00
8.355591402598399053e-01	-4.351561045579547260e-01	0.000000000000000000e+00
8.355591402598399053e-01	-4.411188591097443545e-01	0.000000000000000000e+00
8.464360262853808381e-01	-5.362013680035374596e-01	0.000000000000000000e+00
8.464360262853808381e-01	-5.362013680035374596e-01	0.000000000000000000e+00
8.464360262853808381e-01	-5.362013680035374596e-01	0.000000000000000000e+00
8.464360262853808381e-01	-5.375792097247122925e-01	0.000000000000000000e+00
8.464360262853808381e-01	-5.375792097247122925e-01	0.000000000000000000e+00
8.464360262853808381e-01	-5.375792097247122925e-01	0.000000000000000000e+00
8.464360262853808381e-01	-5.375792097247122925e-01	0.000000000000000000e+00
8.464360262853808381e-01	-5.375792097247122925e-01	0.000000000000000000e+00
8.464360262853808381e-01	-5.375792097247122925e-01	0.000000000000000000e+00
8.464360262853808381e-01	-5.375792097247122925e-01	0.000000000000000000e+00
8.464360262853808381e-01	-5.434896432186818727e-01	0.000000000000000000e+00
