0.000000000000000000e+00	1.004153273675640667e+00	0.000000000000000000e+00
1.403949154785773083e-02	8.794256302518581592e-01	0.000000000000000000e+00
1.403949154785773083e-02	8.794256302518581592e-01	0.000000000000000000e+00
1.403949154785773083e-02	8.794256302518581592e-01	0.000000000000000000e+00
5.604803401356730358e-02	7.112056588443126381e-01	0.000000000000000000e+00
6.483701686763075622e-02	6.910737422073455205e-01	0.000000000000000000e+00
8.868507283690268972e-02	6.742207960353963081e-01	0.000000000000000000e+00
8.868507283690268972e-02	6.742207960353963081e-01	0.000000000000000000e+00
8.868507283690268972e-02	6.742207960353963081e-01	0.000000000000000000e+00
8.868507283690268972e-02	6.742207960353963081e-01	0.000000000000000000e+00
8.868507283690268972e-02	6.742207960353963081e-01	0.000000000000000000e+00
8.868507283690268972e-02	6.748700336066241201e-01	0.000000000000000000e+00
1.876100601647805177e-01	6.413104857317666330e-01	0.000000000000000000e+00
2.030003810856451374e-01	5.335565237433652630e-01	0.000000000000000000e+00
2.030003810856451374e-01	5.335565237433652630e-01	0.000000000000000000e+00
2.201677585103179458e-01	4.321690378345766637e-01	0.000000000000000000e+00
2.201677585103179458e-01	4.004313260157675303e-01	0.000000000000000000e+00
2.255634340037545593e-01	3.627692780946859541e-01	0.000000000000000000e+00
2.375908999965155310e-01	3.020860383756760470e-01	0.000000000000000000e+00
2.418204291850520327e-01	2.743673863697871362e-01	0.000000000000000000e+00
2.520948692386637546e-01	2.463603780550872036e-01	0.000000000000000000e+00
2.520948692386637546e-01	2.463603780550872036e-01	0.000000000000000000e+00
2.520948692386637546e-01	2.463603780550872036e-01	0.000000000000000000e+00
2.520948692386637546e-01	2.463603780550872036e-01	0.000000000000000000e+00
2.520948692386637546e-01	2.463603780550872036e-01	0.000000000000000000e+00
2.520948692386637546e-01	2.463603780550872036e-01	0.000000000000000000e+00
2.520948692386637546e-01	2.463603780550872036e-01	0.000000000000000000e+00
2.520948692386637546e-01	2.463603780550872036e-01	0.000000000000000000e+00
2.520948692386637546e-01	2.463603780550872036e-01	0.000000000000000000e+00
2.520948692386637546e-01	2.463603780550872036e-01	0.000000000000000000e+00
4.223235076543704336e-01	1.098124658790232966e-01	0.000000000000000000e+00
4.223235076543704336e-01	1.098124658790232966e-01	0.000000000000000000e+00
4.223235076543704336e-01	1.098124658790232966e-01	0.000000000000000000e+00
4.223235076543704336e-01	9.265938964832845515e-02	0.000000000000000000e+00
4.263310036388879842e-01	6.529232769617002163e-02	0.000000000000000000e+00
4.263310036388879842e-01	3.325983573901025725e-02	0.000000000000000000e+00
4.409667758054371389e-01	-5.979706076172892903e-02	0.000000000000000000e+00
4.409667758054371389e-01	-5.979706076172892903e-02	0.000000000000000000e+00
4.409667758054371389e-01	-5.979706076172892903e-02	0.000000000000000000e+00
4.409667758054371389e-01	-7.252280926751457357e-02	0.000000000000000000e+00
4.409667758054371389e-01	-8.732530119109525868e-02	0.000000000000000000e+00
4.590870043258275524e-01	-1.132037759594928805e-01	0.000000000000000000e+00
4.590870043258275524e-01	-1.180662126236654563e-01	0.000000000000000000e+00
4.590870043258275524e-01	-1.180662126236654563e-01	0.000000000000000000e+00
4.590870043258275524e-01	-1.180662126236654563e-01	0.000000000000000000e+00
4.590870043258275524e-01	-1.180662126236654563e-01	0.000000000000000000e+00
4.590870043258275524e-01	-1.180662126236654563e-01	0.000000000000000000e+00
4.590870043258275524e-01	-1.180662126236654563e-01	0.000000000000000000e+00
4.590870043258275524e-01	-1.180662126236654563e-01	0.000000000000000000e+00
4.590870043258275524e-01	-1.180662126236654563e-01	0.000000000000000000e+00
6.380627002279402049e-01	-3.773423980891666418e-01	0.000000000000000000e+00
6.380627002279402049e-01	-3.773423980891666418e-01	0.000000000000000000e+00
6.380627002279402049e-01	-3.773423980891666418e-01	0.000000000000000000e+00
6.380627002279402049e-01	-3.773423980891666418e-01	0.000000000000000000e+00
6.380627002279402049e-01	-3.875881705125790444e-01	0.000000000000000000e+00
6.380627002279402049e-01	-3.875881705125790444e-01	0.000000000000000000e+00
6.380627002279402049e-01	-3.875881705125790444e-01	0.000000000000000000e+00
6.380627002279402049e-01	-3.875881705125790444e-01	0.000000000000000000e+00
6.380627002279402049e-01	-3.875881705125790444e-01	0.000000000000000000e+00
6.380627002279402049e-01	-3.875881705125790444e-01	0.000000000000000000e+00
6.380627002279402049e-01	-3.875881705125790444e-01	0.000000000000000000e+00
6.380627002279402049e-01	-3.875881705125790444e-01	0.000000000000000000e+00
6.380627002279402049e-01	-3.875881705125790444e-01	0.000000000000000000e+00
6.380627002279402049e-01	-3.925054900967491767e-01	0.000000000000000000e+00
6.380627002279402049e-01	-3.925054900967491767e-01	0.000000000000000000e+00
6.599380253931373952e-01	-4.256266678821980509e-01	0.000000000000000000e+00
6.599380253931373952e-01	-4.256266678821980509e-01	0.000000000000000000e+00
6.599380253931373952e-01	-4.256266678821980509e-01	0.000000000000000000e+00
6.599380253931373952e-01	-4.256266678821980509e-01	0.000000000000000000e+00
6.599380253931373952e-01	-4.256266678821980509e-01	0.000000000000000000e+00
6.599380253931373952e-01	-4.255369564832838791e-01	0.000000000000000000e+00
6.599380253931373952e-01	-4.255369564832838791e-01	0.000000000000000000e+00
8.330592260042607444e-01	-6.087772726405614732e-01	0.000000000000000000e+00
8.330592260042607444e-01	-6.087772726405614732e-01	0.000000000000000000e+00
8.330592260042607444e-01	-6.087772726405614732e-01	0.000000000000000000e+00
8.330592260042607444e-01	-6.087772726405614732e-01	0.000000000000000000e+00
8.330592260042607444e-01	-6.087772726405614732e-01	0.000000000000000000e+00
8.330592260042607444e-01	-5.836788217697682635e-01	0.000000000000000000e+00
8.330592260042607444e-01	-5.836788217697682635e-01	0.000000000000000000e+00
8.330592260042607444e-01	-5.836788217697682635e-01	0.000000000000000000e+00
8.330592260042607444e-01	-5.836788217697682635e-01	0.000000000000000000e+00
8.330592260042607444e-01	-5.836788217697682635e-01	0.000000000000000000e+00
8.330592260042607444e-01	-5.836788217697682635e-01	0.000000000000000000e+00
8.330592260042607444e-01	-5.901458819464370231e-01	0.000000000000000000e+00
8.330592260042607444e-01	-6.041265133605158155e-01	0.000000000000000000e+00
8.330592260042607444e-01	-6.113214348874658199e-01	0.000000000000000000e+00
8.355591402598399053e-01	-6.276909853686765128e-01	0.000000000000000000e+00
8.355591402598399053e-01	-6.428703571201320743e-01	0.000000000000000000e+00
8.443187914892639201e-01	-7.181548223449497614e-01	0.000000000000000000e+00
8.443187914892639201e-01	-7.181548223449497614e-01	0.000000000000000000e+00
8.443187914892639201e-01	-7.181548223449497614e-01	0.000000000000000000e+00
8.443187914892639201e-01	-7.181548223449497614e-01	0.000000000000000000e+00
8.443187914892639201e-01	-7.181548223449497614e-01	0.000000000000000000e+00
8.443187914892639201e-01	-7.181548223449497614e-01	0.000000000000000000e+00
8.443187914892639201e-01	-7.139533629995402642e-01	0.000000000000000000e+00
8.443187914892639201e-01	-7.139533629995402642e-01	0.000000000000000000e+00
8.443187914892639201e-01	-7.245545246019015062e-01	0.000000000000000000e+00
8.443187914892639201e-01	-7.245545246019015062e-01	0.000000000000000000e+00
8.443187914892639201e-01	-7.245545246019015062e-01	0.000000000000000000e+00
8.443187914892639201e-01	-7.245545246019015062e-01	0.000000000000000000e+00
