0.000000000000000000e+00	1.000000000000000000e+00	0.000000000000000000e+00
1.403949154785773083e-02	8.755181589136132869e-01	0.000000000000000000e+00
2.747776523039852092e-02	8.133540283462589171e-01	0.000000000000000000e+00
2.747776523039852092e-02	8.133540283462589171e-01	0.000000000000000000e+00
5.812694914094201221e-02	7.026620042598485938e-01	0.000000000000000000e+00
7.018534791481222113e-02	6.785348642834163613e-01	0.000000000000000000e+00
8.232350284268907803e-02	6.696768215073135577e-01	0.000000000000000000e+00
8.232350284268907803e-02	6.696768215073135577e-01	0.000000000000000000e+00
8.232350284268907803e-02	6.696768215073135577e-01	0.000000000000000000e+00
8.232350284268907803e-02	6.696768215073135577e-01	0.000000000000000000e+00
8.232350284268907803e-02	6.696768215073135577e-01	0.000000000000000000e+00
8.232350284268907803e-02	6.696768215073135577e-01	0.000000000000000000e+00
1.876100601647805177e-01	6.380557540519873339e-01	0.000000000000000000e+00
2.030003810856451374e-01	5.303379210183470915e-01	0.000000000000000000e+00
2.030003810856451374e-01	5.303379210183470915e-01	0.000000000000000000e+00
2.111678533005044156e-01	4.678926921163080177e-01	0.000000000000000000e+00
2.201677585103179458e-01	4.004313260157675303e-01	0.000000000000000000e+00
2.255634340037545593e-01	3.627692780946859541e-01	0.000000000000000000e+00
2.375908999965155310e-01	2.928029090915311716e-01	0.000000000000000000e+00
2.418204291850520327e-01	2.743673863697871362e-01	0.000000000000000000e+00
2.520948692386637546e-01	2.463603780550872036e-01	0.000000000000000000e+00
2.520948692386637546e-01	2.463603780550872036e-01	0.000000000000000000e+00
2.520948692386637546e-01	2.463603780550872036e-01	0.000000000000000000e+00
2.520948692386637546e-01	2.463603780550872036e-01	0.000000000000000000e+00
2.520948692386637546e-01	2.463603780550872036e-01	0.000000000000000000e+00
2.520948692386637546e-01	2.463603780550872036e-01	0.000000000000000000e+00
2.520948692386637546e-01	2.463603780550872036e-01	0.000000000000000000e+00
2.520948692386637546e-01	2.463603780550872036e-01	0.000000000000000000e+00
2.520948692386637546e-01	2.463603780550872036e-01	0.000000000000000000e+00
2.520948692386637546e-01	2.463603780550872036e-01	0.000000000000000000e+00
4.220307786738862754e-01	1.035413427423496346e-01	0.000000000000000000e+00
4.220307786738862754e-01	1.035413427423496346e-01	0.000000000000000000e+00
4.220307786738862754e-01	1.035413427423496346e-01	0.000000000000000000e+00
4.220307786738862754e-01	8.603078927554991262e-02	0.000000000000000000e+00
4.263310036388879842e-01	4.322862984069537201e-02	0.000000000000000000e+00
4.263310036388879842e-01	3.325983573901025725e-02	0.000000000000000000e+00
4.409667758054371389e-01	-6.628981968534355951e-02	0.000000000000000000e+00
4.409667758054371389e-01	-8.247441694800650147e-02	0.000000000000000000e+00
4.409667758054371389e-01	-8.247441694800650147e-02	0.000000000000000000e+00
4.409667758054371389e-01	-8.247441694800650147e-02	0.000000000000000000e+00
4.409667758054371389e-01	-8.738226214215111254e-02	0.000000000000000000e+00
4.490655542436217118e-01	-1.189956017015829648e-01	0.000000000000000000e+00
4.563791105202326670e-01	-1.228034644089406324e-01	0.000000000000000000e+00
4.563791105202326670e-01	-1.228034644089406324e-01	0.000000000000000000e+00
4.563791105202326670e-01	-1.228034644089406324e-01	0.000000000000000000e+00
4.563791105202326670e-01	-1.228034644089406324e-01	0.000000000000000000e+00
4.563791105202326670e-01	-1.228034644089406324e-01	0.000000000000000000e+00
4.563791105202326670e-01	-1.228034644089406324e-01	0.000000000000000000e+00
4.563791105202326670e-01	-1.228034644089406324e-01	0.000000000000000000e+00
4.563791105202326670e-01	-1.228034644089406324e-01	0.000000000000000000e+00
6.319370311149878905e-01	-3.055306198198404766e-01	0.000000000000000000e+00
6.319370311149878905e-01	-3.055306198198404766e-01	0.000000000000000000e+00
6.319370311149878905e-01	-3.055306198198404766e-01	0.000000000000000000e+00
6.319370311149878905e-01	-3.055306198198404766e-01	0.000000000000000000e+00
6.319370311149878905e-01	-3.055306198198404766e-01	0.000000000000000000e+00
6.319370311149878905e-01	-2.877513275053020791e-01	0.000000000000000000e+00
6.319370311149878905e-01	-2.877513275053020791e-01	0.000000000000000000e+00
6.319370311149878905e-01	-2.877513275053020791e-01	0.000000000000000000e+00
6.319370311149878905e-01	-3.174553116345121828e-01	0.000000000000000000e+00
6.319370311149878905e-01	-3.239752876921440650e-01	0.000000000000000000e+00
6.328539793483508591e-01	-3.387616729565898765e-01	0.000000000000000000e+00
6.380627002279402049e-01	-3.886571927697243245e-01	0.000000000000000000e+00
6.380627002279402049e-01	-3.886571927697243245e-01	0.000000000000000000e+00
6.380627002279402049e-01	-3.886571927697243245e-01	0.000000000000000000e+00
6.380627002279402049e-01	-3.925054900967491767e-01	0.000000000000000000e+00
6.599380253931373952e-01	-4.395728207764620921e-01	0.000000000000000000e+00
6.599380253931373952e-01	-4.395728207764620921e-01	0.000000000000000000e+00
6.599380253931373952e-01	-4.395728207764620921e-01	0.000000000000000000e+00
6.599380253931373952e-01	-4.403999199984310886e-01	0.000000000000000000e+00
6.599380253931373952e-01	-4.403999199984310886e-01	0.000000000000000000e+00
6.599380253931373952e-01	-4.403999199984310886e-01	0.000000000000000000e+00
6.599380253931373952e-01	-4.403999199984310886e-01	0.000000000000000000e+00
6.599380253931373952e-01	-4.403999199984310886e-01	0.000000000000000000e+00
8.330592260042607444e-01	-6.197262934957777913e-01	0.000000000000000000e+00
8.330592260042607444e-01	-6.197262934957777913e-01	0.000000000000000000e+00
8.330592260042607444e-01	-6.197262934957777913e-01	0.000000000000000000e+00
8.330592260042607444e-01	-6.197262934957777913e-01	0.000000000000000000e+00
8.330592260042607444e-01	-6.197262934957777913e-01	0.000000000000000000e+00
8.330592260042607444e-01	-6.197262934957777913e-01	0.000000000000000000e+00
8.330592260042607444e-01	-6.160751987644186300e-01	0.000000000000000000e+00
8.330592260042607444e-01	-6.160751987644186300e-01	0.000000000000000000e+00
8.330592260042607444e-01	-6.117441676036736720e-01	0.000000000000000000e+00
8.330592260042607444e-01	-6.117441676036736720e-01	0.000000000000000000e+00
8.330592260042607444e-01	-6.117441676036736720e-01	0.000000000000000000e+00
8.330592260042607444e-01	-6.117441676036736720e-01	0.000000000000000000e+00
8.330592260042607444e-01	-6.117441676036736720e-01	0.000000000000000000e+00
8.330592260042607444e-01	-6.269360909108628865e-01	0.000000000000000000e+00
8.355591402598399053e-01	-6.544100050385989187e-01	0.000000000000000000e+00
8.355591402598399053e-01	-6.544100050385989187e-01	0.000000000000000000e+00
8.355591402598399053e-01	-6.651260665451702581e-01	0.000000000000000000e+00
8.355591402598399053e-01	-6.651260665451702581e-01	0.000000000000000000e+00
8.443187914892639201e-01	-7.387207912673962040e-01	0.000000000000000000e+00
8.443187914892639201e-01	-7.387207912673962040e-01	0.000000000000000000e+00
8.443187914892639201e-01	-7.387207912673962040e-01	0.000000000000000000e+00
8.443187914892639201e-01	-7.396812462281985301e-01	0.000000000000000000e+00
8.443187914892639201e-01	-7.396812462281985301e-01	0.000000000000000000e+00
8.443187914892639201e-01	-7.396812462281985301e-01	0.000000000000000000e+00
8.443187914892639201e-01	-7.396812462281985301e-01	0.000000000000000000e+00
8.443187914892639201e-01	-7.422123206480557567e-01	0.000000000000000000e+00
8.443187914892639201e-01	-7.436836207151918954e-01	0.000000000000000000e+00
