2.319036809936214638e-02	4.286323158841334191e+00	0.000000000000000000e+00
2.319036809936214638e-02	4.286323158841334191e+00	0.000000000000000000e+00
5.324254529835203975e-02	4.079728496662957227e+00	0.000000000000000000e+00
5.324254529835203975e-02	4.060374449640039352e+00	0.000000000000000000e+00
5.324254529835203975e-02	4.060374449640039352e+00	0.000000000000000000e+00
5.324254529835203975e-02	4.060374449640039352e+00	0.000000000000000000e+00
5.324254529835203975e-02	4.060374449640039352e+00	0.000000000000000000e+00
5.324254529835203975e-02	4.060374449640039352e+00	0.000000000000000000e+00
5.324254529835203975e-02	4.075505098119177383e+00	0.000000000000000000e+00
5.324254529835203975e-02	4.061515800955314504e+00	0.000000000000000000e+00
2.471943482819778382e-01	2.844689211283353725e+00	0.000000000000000000e+00
2.471943482819778382e-01	2.844689211283353725e+00	0.000000000000000000e+00
2.471943482819778382e-01	2.844689211283353725e+00	0.000000000000000000e+00
2.471943482819778382e-01	2.844689211283353725e+00	0.000000000000000000e+00
2.471943482819778382e-01	2.844689211283353725e+00	0.000000000000000000e+00
2.471943482819778382e-01	2.844689211283353725e+00	0.000000000000000000e+00
2.471943482819778382e-01	2.575586605953343433e+00	0.000000000000000000e+00
2.471943482819778382e-01	2.585119579163945858e+00	0.000000000000000000e+00
2.471943482819778382e-01	2.585119579163945858e+00	0.000000000000000000e+00
2.471943482819778382e-01	2.585119579163945858e+00	0.000000000000000000e+00
2.471943482819778382e-01	2.585119579163945858e+00	0.000000000000000000e+00
2.471943482819778382e-01	2.585119579163945858e+00	0.000000000000000000e+00
2.471943482819778382e-01	2.575586605953343433e+00	0.000000000000000000e+00
2.471943482819778382e-01	2.390537859306052226e+00	0.000000000000000000e+00
2.471943482819778382e-01	2.390537859306052226e+00	0.000000000000000000e+00
2.471943482819778382e-01	2.390537859306052226e+00	0.000000000000000000e+00
2.471943482819778382e-01	2.404768403971710100e+00	0.000000000000000000e+00
2.471943482819778382e-01	2.383426565117520823e+00	0.000000000000000000e+00
2.471943482819778382e-01	2.383426565117520823e+00	0.000000000000000000e+00
2.471943482819778382e-01	2.383426565117520823e+00	0.000000000000000000e+00
2.471943482819778382e-01	2.383426565117520823e+00	0.000000000000000000e+00
2.471943482819778382e-01	2.399913082922120910e+00	0.000000000000000000e+00
2.471943482819778382e-01	2.399913082922120910e+00	0.000000000000000000e+00
2.471943482819778382e-01	2.399913082922120910e+00	0.000000000000000000e+00
2.471943482819778382e-01	2.328141276048967701e+00	0.000000000000000000e+00
2.471943482819778382e-01	2.328141276048967701e+00	0.000000000000000000e+00
2.471943482819778382e-01	2.328141276048967701e+00	0.000000000000000000e+00
2.471943482819778382e-01	2.328141276048967701e+00	0.000000000000000000e+00
2.471943482819778382e-01	2.328141276048967701e+00	0.000000000000000000e+00
2.471943482819778382e-01	2.328141276048967701e+00	0.000000000000000000e+00
2.471943482819778382e-01	2.328141276048967701e+00	0.000000000000000000e+00
2.471943482819778382e-01	2.328141276048967701e+00	0.000000000000000000e+00
4.440601593763832677e-01	1.807501851448651609e+00	0.000000000000000000e+00
4.440601593763832677e-01	1.807501851448651609e+00	0.000000000000000000e+00
4.440601593763832677e-01	1.807501851448651609e+00	0.000000000000000000e+00
4.440601593763832677e-01	1.807501851448651609e+00	0.000000000000000000e+00
4.440601593763832677e-01	1.807501851448651609e+00	0.000000000000000000e+00
4.440601593763832677e-01	1.807501851448651609e+00	0.000000000000000000e+00
4.440601593763832677e-01	1.807501851448651609e+00	0.000000000000000000e+00
4.440601593763832677e-01	1.997950333777620546e+00	0.000000000000000000e+00
4.440601593763832677e-01	1.997950333777620546e+00	0.000000000000000000e+00
4.440601593763832677e-01	1.997950333777620546e+00	0.000000000000000000e+00
4.440601593763832677e-01	1.997950333777620546e+00	0.000000000000000000e+00
4.440601593763832677e-01	1.997950333777620546e+00	0.000000000000000000e+00
4.440601593763832677e-01	1.997950333777620546e+00	0.000000000000000000e+00
4.440601593763832677e-01	1.997950333777620546e+00	0.000000000000000000e+00
4.440601593763832677e-01	1.997950333777620546e+00	0.000000000000000000e+00
4.440601593763832677e-01	2.013997573139634234e+00	0.000000000000000000e+00
6.444479967228207151e-01	1.806034387894035254e+00	0.000000000000000000e+00
6.444479967228207151e-01	1.720525141790011592e+00	0.000000000000000000e+00
6.444479967228207151e-01	1.720525141790011592e+00	0.000000000000000000e+00
6.444479967228207151e-01	1.720525141790011592e+00	0.000000000000000000e+00
6.444479967228207151e-01	1.925571862848367566e+00	0.000000000000000000e+00
6.444479967228207151e-01	1.925571862848367566e+00	0.000000000000000000e+00
6.444479967228207151e-01	1.925571862848367566e+00	0.000000000000000000e+00
6.444479967228207151e-01	1.925571862848367566e+00	0.000000000000000000e+00
6.444479967228207151e-01	1.925571862848367566e+00	0.000000000000000000e+00
6.444479967228207151e-01	1.925571862848367566e+00	0.000000000000000000e+00
6.444479967228207151e-01	1.925571862848367566e+00	0.000000000000000000e+00
6.444479967228207151e-01	1.925571862848367566e+00	0.000000000000000000e+00
6.444479967228207151e-01	2.017236529750258800e+00	0.000000000000000000e+00
6.444479967228207151e-01	2.017236529750258800e+00	0.000000000000000000e+00
6.444479967228207151e-01	2.017236529750258800e+00	0.000000000000000000e+00
6.444479967228207151e-01	2.017236529750258800e+00	0.000000000000000000e+00
6.444479967228207151e-01	2.017236529750258800e+00	0.000000000000000000e+00
6.444479967228207151e-01	2.096381595091434846e+00	0.000000000000000000e+00
6.444479967228207151e-01	2.096381595091434846e+00	0.000000000000000000e+00
6.444479967228207151e-01	2.105237759192739588e+00	0.000000000000000000e+00
8.957309157519590670e-01	2.024303999966092338e+00	0.000000000000000000e+00
8.957309157519590670e-01	2.024264648261217214e+00	0.000000000000000000e+00
8.957309157519590670e-01	2.024264648261217214e+00	0.000000000000000000e+00
8.957309157519590670e-01	2.024264648261217214e+00	0.000000000000000000e+00
8.957309157519590670e-01	2.024264648261217214e+00	0.000000000000000000e+00
8.957309157519590670e-01	1.934550569313441715e+00	0.000000000000000000e+00
8.957309157519590670e-01	1.934550569313441715e+00	0.000000000000000000e+00
8.957309157519590670e-01	1.934550569313441715e+00	0.000000000000000000e+00
8.957309157519590670e-01	1.934550569313441715e+00	0.000000000000000000e+00
8.957309157519590670e-01	1.934550569313441715e+00	0.000000000000000000e+00
8.957309157519590670e-01	1.934550569313441715e+00	0.000000000000000000e+00
8.957309157519590670e-01	1.934550569313441715e+00	0.000000000000000000e+00
8.957309157519590670e-01	1.934550569313441715e+00	0.000000000000000000e+00
8.957309157519590670e-01	1.935851268340905706e+00	0.000000000000000000e+00
8.957309157519590670e-01	2.175664342690242226e+00	0.000000000000000000e+00
8.957309157519590670e-01	2.175664342690242226e+00	0.000000000000000000e+00
8.957309157519590670e-01	2.175664342690242226e+00	0.000000000000000000e+00
8.957309157519590670e-01	2.175664342690242226e+00	0.000000000000000000e+00
8.957309157519590670e-01	2.175664342690242226e+00	0.000000000000000000e+00
8.957309157519590670e-01	2.175664342690242226e+00	0.000000000000000000e+00
8.957309157519590670e-01	2.193427873835592123e+00	0.000000000000000000e+00
8.957309157519590670e-01	2.193427873835592123e+00	0.000000000000000000e+00
