1.403949154785773083e-02	2.681769941892643505e+00	0.000000000000000000e+00
1.403949154785773083e-02	2.681769941892643505e+00	0.000000000000000000e+00
1.403949154785773083e-02	2.681769941892643505e+00	0.000000000000000000e+00
5.324254529835203975e-02	2.375748748536920640e+00	0.000000000000000000e+00
5.324254529835203975e-02	2.375748748536920640e+00	0.000000000000000000e+00
5.324254529835203975e-02	2.375748748536920640e+00	0.000000000000000000e+00
1.289845902759690910e-01	2.312588137281312406e+00	0.000000000000000000e+00
1.289845902759690910e-01	2.312588137281312406e+00	0.000000000000000000e+00
1.869716341732044762e-01	2.174486970007162068e+00	0.000000000000000000e+00
1.869716341732044762e-01	1.947131877429632452e+00	0.000000000000000000e+00
1.869716341732044762e-01	1.919708054597743185e+00	0.000000000000000000e+00
1.869716341732044762e-01	1.919708054597743185e+00	0.000000000000000000e+00
1.869716341732044762e-01	1.919708054597743185e+00	0.000000000000000000e+00
2.471943482819778382e-01	1.555869445857177125e+00	0.000000000000000000e+00
2.471943482819778382e-01	1.555869445857177125e+00	0.000000000000000000e+00
2.471943482819778382e-01	1.555869445857177125e+00	0.000000000000000000e+00
2.471943482819778382e-01	1.597127752047366789e+00	0.000000000000000000e+00
2.471943482819778382e-01	1.222385001127961557e+00	0.000000000000000000e+00
2.471943482819778382e-01	1.222385001127961557e+00	0.000000000000000000e+00
2.471943482819778382e-01	1.222385001127961557e+00	0.000000000000000000e+00
2.471943482819778382e-01	1.222385001127961557e+00	0.000000000000000000e+00
2.471943482819778382e-01	1.222385001127961557e+00	0.000000000000000000e+00
2.471943482819778382e-01	1.222385001127961557e+00	0.000000000000000000e+00
2.471943482819778382e-01	1.222385001127961557e+00	0.000000000000000000e+00
2.471943482819778382e-01	1.222385001127961557e+00	0.000000000000000000e+00
2.471943482819778382e-01	1.222385001127961557e+00	0.000000000000000000e+00
2.471943482819778382e-01	1.264967211131615032e+00	0.000000000000000000e+00
2.471943482819778382e-01	1.264967211131615032e+00	0.000000000000000000e+00
2.471943482819778382e-01	1.264967211131615032e+00	0.000000000000000000e+00
4.440601593763832677e-01	9.436958438372016200e-01	0.000000000000000000e+00
4.440601593763832677e-01	9.436958438372016200e-01	0.000000000000000000e+00
4.440601593763832677e-01	9.436958438372016200e-01	0.000000000000000000e+00
4.440601593763832677e-01	9.436958438372016200e-01	0.000000000000000000e+00
4.440601593763832677e-01	9.436958438372016200e-01	0.000000000000000000e+00
4.440601593763832677e-01	9.436958438372016200e-01	0.000000000000000000e+00
4.440601593763832677e-01	9.436958438372016200e-01	0.000000000000000000e+00
4.440601593763832677e-01	9.436958438372016200e-01	0.000000000000000000e+00
4.440601593763832677e-01	9.263266757368672222e-01	0.000000000000000000e+00
4.440601593763832677e-01	9.034420132408320647e-01	0.000000000000000000e+00
4.440601593763832677e-01	9.034420132408320647e-01	0.000000000000000000e+00
4.440601593763832677e-01	9.034420132408320647e-01	0.000000000000000000e+00
4.440601593763832677e-01	9.034420132408320647e-01	0.000000000000000000e+00
4.440601593763832677e-01	9.034420132408320647e-01	0.000000000000000000e+00
4.440601593763832677e-01	9.034420132408320647e-01	0.000000000000000000e+00
4.440601593763832677e-01	9.034420132408320647e-01	0.000000000000000000e+00
4.440601593763832677e-01	9.034420132408320647e-01	0.000000000000000000e+00
4.440601593763832677e-01	9.034420132408320647e-01	0.000000000000000000e+00
4.440601593763832677e-01	9.034420132408320647e-01	0.000000000000000000e+00
6.444479967228207151e-01	5.010260901136037726e-01	0.000000000000000000e+00
6.444479967228207151e-01	5.010260901136037726e-01	0.000000000000000000e+00
6.444479967228207151e-01	5.010260901136037726e-01	0.000000000000000000e+00
6.444479967228207151e-01	5.010260901136037726e-01	0.000000000000000000e+00
6.444479967228207151e-01	5.010260901136037726e-01	0.000000000000000000e+00
6.444479967228207151e-01	5.010260901136037726e-01	0.000000000000000000e+00
6.444479967228207151e-01	5.010260901136037726e-01	0.000000000000000000e+00
6.444479967228207151e-01	5.631658186420192003e-01	0.000000000000000000e+00
6.444479967228207151e-01	5.631658186420192003e-01	0.000000000000000000e+00
6.444479967228207151e-01	5.631658186420192003e-01	0.000000000000000000e+00
6.444479967228207151e-01	5.631658186420192003e-01	0.000000000000000000e+00
6.444479967228207151e-01	5.631658186420192003e-01	0.000000000000000000e+00
6.444479967228207151e-01	5.631658186420192003e-01	0.000000000000000000e+00
6.444479967228207151e-01	5.631658186420192003e-01	0.000000000000000000e+00
6.444479967228207151e-01	5.631658186420192003e-01	0.000000000000000000e+00
6.444479967228207151e-01	5.631658186420192003e-01	0.000000000000000000e+00
6.444479967228207151e-01	5.430553696315530976e-01	0.000000000000000000e+00
6.444479967228207151e-01	5.314508331672904706e-01	0.000000000000000000e+00
6.444479967228207151e-01	5.314508331672904706e-01	0.000000000000000000e+00
6.444479967228207151e-01	5.314508331672904706e-01	0.000000000000000000e+00
6.444479967228207151e-01	5.314508331672904706e-01	0.000000000000000000e+00
6.444479967228207151e-01	5.314508331672904706e-01	0.000000000000000000e+00
6.444479967228207151e-01	5.400165614273968462e-01	0.000000000000000000e+00
8.355591402598399053e-01	2.235559883581091367e-01	0.000000000000000000e+00
8.355591402598399053e-01	2.235559883581091367e-01	0.000000000000000000e+00
8.355591402598399053e-01	2.235559883581091367e-01	0.000000000000000000e+00
8.355591402598399053e-01	2.501459916421477359e-01	0.000000000000000000e+00
8.355591402598399053e-01	2.501459916421477359e-01	0.000000000000000000e+00
8.355591402598399053e-01	2.501459916421477359e-01	0.000000000000000000e+00
8.355591402598399053e-01	2.501459916421477359e-01	0.000000000000000000e+00
8.355591402598399053e-01	2.501459916421477359e-01	0.000000000000000000e+00
8.355591402598399053e-01	2.501459916421477359e-01	0.000000000000000000e+00
8.355591402598399053e-01	2.501459916421477359e-01	0.000000000000000000e+00
8.355591402598399053e-01	2.501459916421477359e-01	0.000000000000000000e+00
8.355591402598399053e-01	3.622380246041290719e-01	0.000000000000000000e+00
8.355591402598399053e-01	3.426389514546606119e-01	0.000000000000000000e+00
8.355591402598399053e-01	3.481303703777548497e-01	0.000000000000000000e+00
8.464360262853808381e-01	2.380192394752602136e-01	0.000000000000000000e+00
8.464360262853808381e-01	2.380192394752602136e-01	0.000000000000000000e+00
8.464360262853808381e-01	2.615943286114501554e-01	0.000000000000000000e+00
8.464360262853808381e-01	2.615943286114501554e-01	0.000000000000000000e+00
8.464360262853808381e-01	2.615943286114501554e-01	0.000000000000000000e+00
8.464360262853808381e-01	2.615943286114501554e-01	0.000000000000000000e+00
8.464360262853808381e-01	2.153479030120414028e-01	0.000000000000000000e+00
8.464360262853808381e-01	2.268984168120908584e-01	0.000000000000000000e+00
8.464360262853808381e-01	2.268984168120908584e-01	0.000000000000000000e+00
8.464360262853808381e-01	2.268984168120908584e-01	0.000000000000000000e+00
8.464360262853808381e-01	2.268984168120908584e-01	0.000000000000000000e+00
8.464360262853808381e-01	2.268984168120908584e-01	0.000000000000000000e+00
8.464360262853808381e-01	2.153479030120414028e-01	0.000000000000000000e+00
8.464360262853808381e-01	2.108049267943878646e-01	0.000000000000000000e+00
8.464360262853808381e-01	2.108049267943878646e-01	0.000000000000000000e+00
