9.452037813595711574e-04	1.047719802546930978e+00	0.000000000000000000e+00
1.403949154785773083e-02	9.264575821197010841e-01	0.000000000000000000e+00
1.403949154785773083e-02	9.264575821197010841e-01	0.000000000000000000e+00
1.403949154785773083e-02	9.264575821197010841e-01	0.000000000000000000e+00
5.604803401356730358e-02	7.623957270549190923e-01	0.000000000000000000e+00
6.483701686763075622e-02	7.391724572746235511e-01	0.000000000000000000e+00
8.868507283690268972e-02	7.237348384225310571e-01	0.000000000000000000e+00
8.868507283690268972e-02	7.237348384225310571e-01	0.000000000000000000e+00
8.868507283690268972e-02	7.237348384225310571e-01	0.000000000000000000e+00
8.868507283690268972e-02	7.237348384225310571e-01	0.000000000000000000e+00
8.868507283690268972e-02	7.237348384225310571e-01	0.000000000000000000e+00
8.868507283690268972e-02	7.286225970827993059e-01	0.000000000000000000e+00
8.868507283690268972e-02	7.286225970827993059e-01	0.000000000000000000e+00
2.030003810856451374e-01	5.762276974800363272e-01	0.000000000000000000e+00
2.030003810856451374e-01	5.699431917307562490e-01	0.000000000000000000e+00
2.201677585103179458e-01	4.766123568396941068e-01	0.000000000000000000e+00
2.201677585103179458e-01	4.484132378092822169e-01	0.000000000000000000e+00
2.255634340037545593e-01	3.989214056788363827e-01	0.000000000000000000e+00
2.255634340037545593e-01	3.989214056788363827e-01	0.000000000000000000e+00
2.471943482819778382e-01	3.063563616724496730e-01	0.000000000000000000e+00
2.502656527132098296e-01	2.869345008062552660e-01	0.000000000000000000e+00
2.502656527132098296e-01	2.869345008062552660e-01	0.000000000000000000e+00
2.502656527132098296e-01	2.869345008062552660e-01	0.000000000000000000e+00
2.502656527132098296e-01	2.869345008062552660e-01	0.000000000000000000e+00
2.502656527132098296e-01	2.911439023757064204e-01	0.000000000000000000e+00
2.502656527132098296e-01	2.911439023757064204e-01	0.000000000000000000e+00
2.502656527132098296e-01	2.906542053239904999e-01	0.000000000000000000e+00
2.502656527132098296e-01	2.906542053239904999e-01	0.000000000000000000e+00
2.502656527132098296e-01	2.906542053239904999e-01	0.000000000000000000e+00
2.502656527132098296e-01	2.906542053239904999e-01	0.000000000000000000e+00
4.263310036388879842e-01	6.302383919942203261e-02	0.000000000000000000e+00
4.263310036388879842e-01	6.302383919942203261e-02	0.000000000000000000e+00
4.263310036388879842e-01	6.302383919942203261e-02	0.000000000000000000e+00
4.263310036388879842e-01	6.302383919942203261e-02	0.000000000000000000e+00
4.263310036388879842e-01	6.302383919942203261e-02	0.000000000000000000e+00
4.263310036388879842e-01	6.302383919942203261e-02	0.000000000000000000e+00
4.263310036388879842e-01	6.302383919942203261e-02	0.000000000000000000e+00
4.327022836465417854e-01	1.937757477942855452e-02	0.000000000000000000e+00
4.409667758054371389e-01	-2.672220402593258881e-02	0.000000000000000000e+00
4.409667758054371389e-01	-2.672220402593258881e-02	0.000000000000000000e+00
4.440601593763832677e-01	-4.440382374118460179e-02	0.000000000000000000e+00
4.440601593763832677e-01	-4.688037348315305525e-02	0.000000000000000000e+00
4.440601593763832677e-01	-4.688037348315305525e-02	0.000000000000000000e+00
4.440601593763832677e-01	-4.688037348315305525e-02	0.000000000000000000e+00
4.440601593763832677e-01	-4.688037348315305525e-02	0.000000000000000000e+00
4.440601593763832677e-01	-4.688037348315305525e-02	0.000000000000000000e+00
4.440601593763832677e-01	-4.688037348315305525e-02	0.000000000000000000e+00
4.440601593763832677e-01	-4.688037348315305525e-02	0.000000000000000000e+00
4.440601593763832677e-01	-4.688037348315305525e-02	0.000000000000000000e+00
4.440601593763832677e-01	-4.341713356089857423e-02	0.000000000000000000e+00
6.380627002279402049e-01	-3.027089149315246863e-01	0.000000000000000000e+00
6.380627002279402049e-01	-3.027089149315246863e-01	0.000000000000000000e+00
6.380627002279402049e-01	-3.027089149315246863e-01	0.000000000000000000e+00
6.380627002279402049e-01	-3.027089149315246863e-01	0.000000000000000000e+00
6.380627002279402049e-01	-3.027089149315246863e-01	0.000000000000000000e+00
6.380627002279402049e-01	-3.027089149315246863e-01	0.000000000000000000e+00
6.380627002279402049e-01	-3.027089149315246863e-01	0.000000000000000000e+00
6.380627002279402049e-01	-3.291698894334252889e-01	0.000000000000000000e+00
6.380627002279402049e-01	-3.291698894334252889e-01	0.000000000000000000e+00
6.380627002279402049e-01	-3.291698894334252889e-01	0.000000000000000000e+00
6.380627002279402049e-01	-3.291698894334252889e-01	0.000000000000000000e+00
6.380627002279402049e-01	-3.291698894334252889e-01	0.000000000000000000e+00
6.380627002279402049e-01	-3.316850103445228015e-01	0.000000000000000000e+00
6.380627002279402049e-01	-3.316850103445228015e-01	0.000000000000000000e+00
6.380627002279402049e-01	-3.342453230206936521e-01	0.000000000000000000e+00
6.599380253931373952e-01	-3.705458039026923722e-01	0.000000000000000000e+00
6.599380253931373952e-01	-3.705458039026923722e-01	0.000000000000000000e+00
6.599380253931373952e-01	-3.705458039026923722e-01	0.000000000000000000e+00
6.599380253931373952e-01	-3.705458039026923722e-01	0.000000000000000000e+00
6.599380253931373952e-01	-3.634297672213135377e-01	0.000000000000000000e+00
6.599380253931373952e-01	-3.634297672213135377e-01	0.000000000000000000e+00
6.599380253931373952e-01	-3.634297672213135377e-01	0.000000000000000000e+00
8.330592260042607444e-01	-5.323491394282132694e-01	0.000000000000000000e+00
8.330592260042607444e-01	-5.323491394282132694e-01	0.000000000000000000e+00
8.330592260042607444e-01	-5.323491394282132694e-01	0.000000000000000000e+00
8.330592260042607444e-01	-5.323491394282132694e-01	0.000000000000000000e+00
8.330592260042607444e-01	-5.323491394282132694e-01	0.000000000000000000e+00
8.330592260042607444e-01	-5.323491394282132694e-01	0.000000000000000000e+00
8.330592260042607444e-01	-5.323491394282132694e-01	0.000000000000000000e+00
8.330592260042607444e-01	-5.323491394282132694e-01	0.000000000000000000e+00
8.330592260042607444e-01	-5.161489117063638998e-01	0.000000000000000000e+00
8.330592260042607444e-01	-5.161489117063638998e-01	0.000000000000000000e+00
8.330592260042607444e-01	-5.327156199877643994e-01	0.000000000000000000e+00
8.330592260042607444e-01	-5.327156199877643994e-01	0.000000000000000000e+00
8.330592260042607444e-01	-5.557724529221197418e-01	0.000000000000000000e+00
8.330592260042607444e-01	-5.557724529221197418e-01	0.000000000000000000e+00
8.355591402598399053e-01	-5.717478436653801177e-01	0.000000000000000000e+00
8.355591402598399053e-01	-5.764415892278359488e-01	0.000000000000000000e+00
8.355591402598399053e-01	-5.852795161926773737e-01	0.000000000000000000e+00
8.452048949047186177e-01	-6.644422429355518744e-01	0.000000000000000000e+00
8.452048949047186177e-01	-6.644422429355518744e-01	0.000000000000000000e+00
8.452048949047186177e-01	-6.644422429355518744e-01	0.000000000000000000e+00
8.452048949047186177e-01	-6.718835207588181868e-01	0.000000000000000000e+00
8.452048949047186177e-01	-6.718835207588181868e-01	0.000000000000000000e+00
8.452048949047186177e-01	-6.718835207588181868e-01	0.000000000000000000e+00
8.452048949047186177e-01	-6.718835207588181868e-01	0.000000000000000000e+00
8.452048949047186177e-01	-6.718835207588181868e-01	0.000000000000000000e+00
8.452048949047186177e-01	-6.778469988037615357e-01	0.000000000000000000e+00
8.452048949047186177e-01	-6.848231677670351125e-01	0.000000000000000000e+00
8.452048949047186177e-01	-6.900359392540835746e-01	0.000000000000000000e+00
