9.452037813595711574e-04	1.050627931128334858e+00	0.000000000000000000e+00
1.403949154785773083e-02	9.049517378625979713e-01	0.000000000000000000e+00
1.403949154785773083e-02	9.049517378625979713e-01	0.000000000000000000e+00
1.403949154785773083e-02	9.049517378625979713e-01	0.000000000000000000e+00
5.604803401356730358e-02	7.364907790426895584e-01	0.000000000000000000e+00
6.483701686763075622e-02	7.078048862432509969e-01	0.000000000000000000e+00
8.868507283690268972e-02	6.935107721922642021e-01	0.000000000000000000e+00
8.868507283690268972e-02	6.935107721922642021e-01	0.000000000000000000e+00
8.868507283690268972e-02	6.935107721922642021e-01	0.000000000000000000e+00
8.868507283690268972e-02	6.935107721922642021e-01	0.000000000000000000e+00
8.868507283690268972e-02	6.935107721922642021e-01	0.000000000000000000e+00
8.868507283690268972e-02	6.935107721922642021e-01	0.000000000000000000e+00
8.868507283690268972e-02	6.935107721922642021e-01	0.000000000000000000e+00
2.030003810856451374e-01	5.647908776041730139e-01	0.000000000000000000e+00
2.030003810856451374e-01	5.505981588390078674e-01	0.000000000000000000e+00
2.201677585103179458e-01	4.203911347239497887e-01	0.000000000000000000e+00
2.201677585103179458e-01	4.203911347239497887e-01	0.000000000000000000e+00
2.255634340037545593e-01	3.706175205590303001e-01	0.000000000000000000e+00
2.255634340037545593e-01	3.706175205590303001e-01	0.000000000000000000e+00
2.471943482819778382e-01	2.872535623344683042e-01	0.000000000000000000e+00
2.471943482819778382e-01	2.745110091822656195e-01	0.000000000000000000e+00
2.520948692386637546e-01	2.463603780550872036e-01	0.000000000000000000e+00
2.520948692386637546e-01	2.463603780550872036e-01	0.000000000000000000e+00
2.520948692386637546e-01	2.463603780550872036e-01	0.000000000000000000e+00
2.520948692386637546e-01	2.463603780550872036e-01	0.000000000000000000e+00
2.520948692386637546e-01	2.463603780550872036e-01	0.000000000000000000e+00
2.520948692386637546e-01	2.463603780550872036e-01	0.000000000000000000e+00
2.520948692386637546e-01	2.463603780550872036e-01	0.000000000000000000e+00
2.520948692386637546e-01	2.463603780550872036e-01	0.000000000000000000e+00
2.520948692386637546e-01	2.463603780550872036e-01	0.000000000000000000e+00
2.520948692386637546e-01	2.463603780550872036e-01	0.000000000000000000e+00
4.263310036388879842e-01	3.947760174712768716e-02	0.000000000000000000e+00
4.263310036388879842e-01	3.947760174712768716e-02	0.000000000000000000e+00
4.263310036388879842e-01	3.947760174712768716e-02	0.000000000000000000e+00
4.263310036388879842e-01	3.947760174712768716e-02	0.000000000000000000e+00
4.263310036388879842e-01	3.947760174712768716e-02	0.000000000000000000e+00
4.263310036388879842e-01	3.492863219584917828e-02	0.000000000000000000e+00
4.409667758054371389e-01	-7.173847654048598477e-02	0.000000000000000000e+00
4.409667758054371389e-01	-7.173847654048598477e-02	0.000000000000000000e+00
4.409667758054371389e-01	-7.173847654048598477e-02	0.000000000000000000e+00
4.409667758054371389e-01	-7.173847654048598477e-02	0.000000000000000000e+00
4.409667758054371389e-01	-8.100708475469207970e-02	0.000000000000000000e+00
4.590870043258275524e-01	-1.025792217925325239e-01	0.000000000000000000e+00
4.590870043258275524e-01	-1.180098275243544603e-01	0.000000000000000000e+00
4.590870043258275524e-01	-1.180098275243544603e-01	0.000000000000000000e+00
4.590870043258275524e-01	-1.180098275243544603e-01	0.000000000000000000e+00
4.590870043258275524e-01	-1.180098275243544603e-01	0.000000000000000000e+00
4.590870043258275524e-01	-1.180098275243544603e-01	0.000000000000000000e+00
4.590870043258275524e-01	-1.180098275243544603e-01	0.000000000000000000e+00
4.590870043258275524e-01	-1.180098275243544603e-01	0.000000000000000000e+00
4.590870043258275524e-01	-1.180098275243544603e-01	0.000000000000000000e+00
6.380627002279402049e-01	-3.855857000698797443e-01	0.000000000000000000e+00
6.380627002279402049e-01	-3.855857000698797443e-01	0.000000000000000000e+00
6.380627002279402049e-01	-3.855857000698797443e-01	0.000000000000000000e+00
6.380627002279402049e-01	-3.855857000698797443e-01	0.000000000000000000e+00
6.380627002279402049e-01	-3.501813802964249267e-01	0.000000000000000000e+00
6.380627002279402049e-01	-3.501813802964249267e-01	0.000000000000000000e+00
6.380627002279402049e-01	-3.501813802964249267e-01	0.000000000000000000e+00
6.380627002279402049e-01	-3.501813802964249267e-01	0.000000000000000000e+00
6.380627002279402049e-01	-3.501813802964249267e-01	0.000000000000000000e+00
6.380627002279402049e-01	-3.664438154502039913e-01	0.000000000000000000e+00
6.380627002279402049e-01	-3.664438154502039913e-01	0.000000000000000000e+00
6.380627002279402049e-01	-3.664438154502039913e-01	0.000000000000000000e+00
6.380627002279402049e-01	-3.664438154502039913e-01	0.000000000000000000e+00
6.380627002279402049e-01	-3.664438154502039913e-01	0.000000000000000000e+00
6.599380253931373952e-01	-4.124454554395517447e-01	0.000000000000000000e+00
6.599380253931373952e-01	-4.124454554395517447e-01	0.000000000000000000e+00
6.599380253931373952e-01	-4.109351867921093859e-01	0.000000000000000000e+00
6.599380253931373952e-01	-4.183617596800830452e-01	0.000000000000000000e+00
6.599380253931373952e-01	-4.183617596800830452e-01	0.000000000000000000e+00
6.599380253931373952e-01	-4.183617596800830452e-01	0.000000000000000000e+00
6.599380253931373952e-01	-4.183617596800830452e-01	0.000000000000000000e+00
6.599380253931373952e-01	-4.183617596800830452e-01	0.000000000000000000e+00
8.330592260042607444e-01	-5.827691797290908138e-01	0.000000000000000000e+00
8.330592260042607444e-01	-5.827691797290908138e-01	0.000000000000000000e+00
8.330592260042607444e-01	-5.827691797290908138e-01	0.000000000000000000e+00
8.330592260042607444e-01	-5.827691797290908138e-01	0.000000000000000000e+00
8.330592260042607444e-01	-5.937797565441663705e-01	0.000000000000000000e+00
8.330592260042607444e-01	-5.937797565441663705e-01	0.000000000000000000e+00
8.330592260042607444e-01	-5.583867248917736559e-01	0.000000000000000000e+00
8.330592260042607444e-01	-5.583867248917736559e-01	0.000000000000000000e+00
8.330592260042607444e-01	-5.583867248917736559e-01	0.000000000000000000e+00
8.330592260042607444e-01	-5.583867248917736559e-01	0.000000000000000000e+00
8.330592260042607444e-01	-5.813914490438734095e-01	0.000000000000000000e+00
8.330592260042607444e-01	-5.813914490438734095e-01	0.000000000000000000e+00
8.330592260042607444e-01	-5.865011657749784613e-01	0.000000000000000000e+00
8.355591402598399053e-01	-5.930278714573913312e-01	0.000000000000000000e+00
8.355591402598399053e-01	-6.085582259767926550e-01	0.000000000000000000e+00
8.443187914892639201e-01	-6.669549226790522090e-01	0.000000000000000000e+00
8.443187914892639201e-01	-6.669549226790522090e-01	0.000000000000000000e+00
8.443187914892639201e-01	-6.669549226790522090e-01	0.000000000000000000e+00
8.443187914892639201e-01	-6.669549226790522090e-01	0.000000000000000000e+00
8.443187914892639201e-01	-6.669549226790522090e-01	0.000000000000000000e+00
8.443187914892639201e-01	-6.669549226790522090e-01	0.000000000000000000e+00
8.443187914892639201e-01	-7.041732205739557049e-01	0.000000000000000000e+00
8.443187914892639201e-01	-7.041732205739557049e-01	0.000000000000000000e+00
8.443187914892639201e-01	-7.041732205739557049e-01	0.000000000000000000e+00
8.443187914892639201e-01	-7.041732205739557049e-01	0.000000000000000000e+00
8.443187914892639201e-01	-7.202670713807070024e-01	0.000000000000000000e+00
8.443187914892639201e-01	-7.202670713807070024e-01	0.000000000000000000e+00
