0.000000000000000000e+00	1.010004934336634852e+00	0.000000000000000000e+00
0.000000000000000000e+00	1.000000000000000000e+00	0.000000000000000000e+00
2.873204896329539793e-02	8.079409639079294658e-01	0.000000000000000000e+00
4.472993825917087607e-02	7.443871828300676619e-01	0.000000000000000000e+00
5.353654444376230309e-02	7.154138905796539882e-01	0.000000000000000000e+00
7.690983240582384417e-02	6.716491783832508888e-01	0.000000000000000000e+00
8.215314241893370562e-02	6.696906772016578691e-01	0.000000000000000000e+00
8.215314241893370562e-02	6.696906772016578691e-01	0.000000000000000000e+00
8.215314241893370562e-02	6.696906772016578691e-01	0.000000000000000000e+00
8.215314241893370562e-02	6.696906772016578691e-01	0.000000000000000000e+00
8.215314241893370562e-02	6.696906772016578691e-01	0.000000000000000000e+00
8.215314241893370562e-02	6.696906772016578691e-01	0.000000000000000000e+00
8.215314241893370562e-02	6.696906772016578691e-01	0.000000000000000000e+00
2.067616580213479383e-01	5.016979620853487809e-01	0.000000000000000000e+00
2.067616580213479383e-01	5.016979620853487809e-01	0.000000000000000000e+00
2.067616580213479383e-01	5.016979620853487809e-01	0.000000000000000000e+00
2.320442691197961149e-01	3.221960775010395128e-01	0.000000000000000000e+00
2.320442691197961149e-01	3.221960775010395128e-01	0.000000000000000000e+00
2.327345758725966329e-01	3.182446819953859141e-01	0.000000000000000000e+00
2.434116905069757808e-01	2.684158771281528466e-01	0.000000000000000000e+00
2.598206145087131880e-01	2.427213452759767187e-01	0.000000000000000000e+00
2.598206145087131880e-01	2.427213452759767187e-01	0.000000000000000000e+00
2.598206145087131880e-01	2.427213452759767187e-01	0.000000000000000000e+00
2.598206145087131880e-01	2.427213452759767187e-01	0.000000000000000000e+00
2.598206145087131880e-01	2.427213452759767187e-01	0.000000000000000000e+00
2.598206145087131880e-01	2.427213452759767187e-01	0.000000000000000000e+00
2.598206145087131880e-01	2.427213452759767187e-01	0.000000000000000000e+00
2.598206145087131880e-01	2.427213452759767187e-01	0.000000000000000000e+00
2.598206145087131880e-01	2.427213452759767187e-01	0.000000000000000000e+00
2.598206145087131880e-01	2.427213452759767187e-01	0.000000000000000000e+00
2.598206145087131880e-01	2.427213452759767187e-01	0.000000000000000000e+00
4.474118840682214659e-01	-9.292795870623728194e-02	0.000000000000000000e+00
4.474118840682214659e-01	-9.292795870623728194e-02	0.000000000000000000e+00
4.474118840682214659e-01	-9.292795870623728194e-02	0.000000000000000000e+00
4.474118840682214659e-01	-9.807963244180928353e-02	0.000000000000000000e+00
4.474118840682214659e-01	-9.807963244180928353e-02	0.000000000000000000e+00
4.474118840682214659e-01	-9.807963244180928353e-02	0.000000000000000000e+00
4.474118840682214659e-01	-9.807963244180928353e-02	0.000000000000000000e+00
4.474118840682214659e-01	-9.807963244180928353e-02	0.000000000000000000e+00
4.474118840682214659e-01	-9.807963244180928353e-02	0.000000000000000000e+00
4.474118840682214659e-01	-1.082825813381428914e-01	0.000000000000000000e+00
4.604367626460030283e-01	-1.144628249930545461e-01	0.000000000000000000e+00
4.604367626460030283e-01	-1.144628249930545461e-01	0.000000000000000000e+00
4.604367626460030283e-01	-1.144628249930545461e-01	0.000000000000000000e+00
4.604367626460030283e-01	-1.144628249930545461e-01	0.000000000000000000e+00
4.604367626460030283e-01	-1.144628249930545461e-01	0.000000000000000000e+00
4.604367626460030283e-01	-1.144628249930545461e-01	0.000000000000000000e+00
4.604367626460030283e-01	-1.144628249930545461e-01	0.000000000000000000e+00
4.604367626460030283e-01	-1.144628249930545461e-01	0.000000000000000000e+00
6.218824202018743419e-01	-1.699787642446996816e-01	0.000000000000000000e+00
6.218824202018743419e-01	-1.699787642446996816e-01	0.000000000000000000e+00
6.218824202018743419e-01	-1.832253019095988478e-01	0.000000000000000000e+00
6.296930296018699025e-01	-2.720317022952742358e-01	0.000000000000000000e+00
6.296930296018699025e-01	-2.720317022952742358e-01	0.000000000000000000e+00
6.296930296018699025e-01	-2.720317022952742358e-01	0.000000000000000000e+00
6.296930296018699025e-01	-2.861783022517845332e-01	0.000000000000000000e+00
6.296930296018699025e-01	-2.861783022517845332e-01	0.000000000000000000e+00
6.296930296018699025e-01	-2.993713356453688856e-01	0.000000000000000000e+00
6.345990147122919645e-01	-3.569857580908226691e-01	0.000000000000000000e+00
6.345990147122919645e-01	-3.569857580908226691e-01	0.000000000000000000e+00
6.345990147122919645e-01	-3.583750128839584548e-01	0.000000000000000000e+00
6.371286878642103968e-01	-3.839494110669376958e-01	0.000000000000000000e+00
6.371286878642103968e-01	-3.839494110669376958e-01	0.000000000000000000e+00
6.428727021792524088e-01	-4.153802413426834761e-01	0.000000000000000000e+00
6.428727021792524088e-01	-4.153802413426834761e-01	0.000000000000000000e+00
6.428727021792524088e-01	-4.286178207076567492e-01	0.000000000000000000e+00
6.488196051233392492e-01	-4.464898003958115424e-01	0.000000000000000000e+00
6.488196051233392492e-01	-4.538669320359480785e-01	0.000000000000000000e+00
6.488196051233392492e-01	-4.538669320359480785e-01	0.000000000000000000e+00
6.488196051233392492e-01	-4.538669320359480785e-01	0.000000000000000000e+00
6.488196051233392492e-01	-4.538669320359480785e-01	0.000000000000000000e+00
6.488196051233392492e-01	-4.538669320359480785e-01	0.000000000000000000e+00
8.263254809367719389e-01	-5.098020041574211625e-01	0.000000000000000000e+00
8.263254809367719389e-01	-5.098020041574211625e-01	0.000000000000000000e+00
8.263254809367719389e-01	-4.954554858529714445e-01	0.000000000000000000e+00
8.263254809367719389e-01	-5.098020041574211625e-01	0.000000000000000000e+00
8.263254809367719389e-01	-5.167601646845453311e-01	0.000000000000000000e+00
8.295629364086828383e-01	-5.590333006291881013e-01	0.000000000000000000e+00
8.295629364086828383e-01	-5.590333006291881013e-01	0.000000000000000000e+00
8.295629364086828383e-01	-5.590333006291881013e-01	0.000000000000000000e+00
8.295629364086828383e-01	-5.696769903965207549e-01	0.000000000000000000e+00
8.388199479040516771e-01	-6.995662610115638280e-01	0.000000000000000000e+00
8.388199479040516771e-01	-6.995662610115638280e-01	0.000000000000000000e+00
8.388199479040516771e-01	-6.995662610115638280e-01	0.000000000000000000e+00
8.388199479040516771e-01	-6.995662610115638280e-01	0.000000000000000000e+00
8.388199479040516771e-01	-6.995662610115638280e-01	0.000000000000000000e+00
8.388199479040516771e-01	-6.832855264761251712e-01	0.000000000000000000e+00
8.388199479040516771e-01	-6.832855264761251712e-01	0.000000000000000000e+00
8.388199479040516771e-01	-6.832855264761251712e-01	0.000000000000000000e+00
8.388199479040516771e-01	-6.832855264761251712e-01	0.000000000000000000e+00
8.388199479040516771e-01	-6.832855264761251712e-01	0.000000000000000000e+00
8.388199479040516771e-01	-6.925377608821199349e-01	0.000000000000000000e+00
8.487305243904226248e-01	-7.591833312966512759e-01	0.000000000000000000e+00
8.487305243904226248e-01	-7.591833312966512759e-01	0.000000000000000000e+00
8.487305243904226248e-01	-7.591833312966512759e-01	0.000000000000000000e+00
8.487305243904226248e-01	-7.591833312966512759e-01	0.000000000000000000e+00
8.487305243904226248e-01	-7.591833312966512759e-01	0.000000000000000000e+00
8.487305243904226248e-01	-7.591833312966512759e-01	0.000000000000000000e+00
8.487305243904226248e-01	-7.591833312966512759e-01	0.000000000000000000e+00
8.487305243904226248e-01	-7.644390835986654142e-01	0.000000000000000000e+00
