2.873204896329539793e-02	1.982660984185992126e+00	0.000000000000000000e+00
2.873204896329539793e-02	1.982660984185992126e+00	0.000000000000000000e+00
2.873204896329539793e-02	1.982660984185992126e+00	0.000000000000000000e+00
5.709605175971538271e-02	1.812166620457788424e+00	0.000000000000000000e+00
5.709605175971538271e-02	1.812166620457788424e+00	0.000000000000000000e+00
5.709605175971538271e-02	1.812166620457788424e+00	0.000000000000000000e+00
5.709605175971538271e-02	1.812166620457788424e+00	0.000000000000000000e+00
5.709605175971538271e-02	1.812166620457788424e+00	0.000000000000000000e+00
5.709605175971538271e-02	1.818252096995794931e+00	0.000000000000000000e+00
5.709605175971538271e-02	1.823257983767818668e+00	0.000000000000000000e+00
1.966088181745156427e-01	1.602675389415952001e+00	0.000000000000000000e+00
1.966088181745156427e-01	1.656344316288790086e+00	0.000000000000000000e+00
1.966088181745156427e-01	1.563816451697324306e+00	0.000000000000000000e+00
1.966088181745156427e-01	1.557480632388723141e+00	0.000000000000000000e+00
1.966088181745156427e-01	1.557480632388723141e+00	0.000000000000000000e+00
1.966088181745156427e-01	1.557480632388723141e+00	0.000000000000000000e+00
2.598206145087131880e-01	1.206562302560511446e+00	0.000000000000000000e+00
2.598206145087131880e-01	1.206562302560511446e+00	0.000000000000000000e+00
2.598206145087131880e-01	1.183800995627256603e+00	0.000000000000000000e+00
2.598206145087131880e-01	1.183800995627256603e+00	0.000000000000000000e+00
2.598206145087131880e-01	1.183800995627256603e+00	0.000000000000000000e+00
2.598206145087131880e-01	1.183800995627256603e+00	0.000000000000000000e+00
2.598206145087131880e-01	1.183800995627256603e+00	0.000000000000000000e+00
2.598206145087131880e-01	1.183800995627256603e+00	0.000000000000000000e+00
2.598206145087131880e-01	1.183800995627256603e+00	0.000000000000000000e+00
2.598206145087131880e-01	1.183800995627256603e+00	0.000000000000000000e+00
2.598206145087131880e-01	1.177638477336978795e+00	0.000000000000000000e+00
2.598206145087131880e-01	1.177638477336978795e+00	0.000000000000000000e+00
2.598206145087131880e-01	1.177638477336978795e+00	0.000000000000000000e+00
2.598206145087131880e-01	1.177638477336978795e+00	0.000000000000000000e+00
2.598206145087131880e-01	1.177638477336978795e+00	0.000000000000000000e+00
2.598206145087131880e-01	1.177638477336978795e+00	0.000000000000000000e+00
2.598206145087131880e-01	1.177638477336978795e+00	0.000000000000000000e+00
2.598206145087131880e-01	1.177638477336978795e+00	0.000000000000000000e+00
2.598206145087131880e-01	1.195944865725502959e+00	0.000000000000000000e+00
2.598206145087131880e-01	1.194714995482857089e+00	0.000000000000000000e+00
2.598206145087131880e-01	1.194714995482857089e+00	0.000000000000000000e+00
2.598206145087131880e-01	1.194714995482857089e+00	0.000000000000000000e+00
2.598206145087131880e-01	1.194714995482857089e+00	0.000000000000000000e+00
6.243435378927624235e-01	7.295836604645442591e-01	0.000000000000000000e+00
6.243435378927624235e-01	7.295836604645442591e-01	0.000000000000000000e+00
6.243435378927624235e-01	7.295836604645442591e-01	0.000000000000000000e+00
6.243435378927624235e-01	7.295836604645442591e-01	0.000000000000000000e+00
6.243435378927624235e-01	7.295836604645442591e-01	0.000000000000000000e+00
6.243435378927624235e-01	7.460471255684191227e-01	0.000000000000000000e+00
6.243435378927624235e-01	7.460471255684191227e-01	0.000000000000000000e+00
6.243435378927624235e-01	7.460471255684191227e-01	0.000000000000000000e+00
6.243435378927624235e-01	7.442809656414015596e-01	0.000000000000000000e+00
6.243435378927624235e-01	7.442809656414015596e-01	0.000000000000000000e+00
6.243435378927624235e-01	7.442809656414015596e-01	0.000000000000000000e+00
6.243435378927624235e-01	7.442809656414015596e-01	0.000000000000000000e+00
6.243435378927624235e-01	7.442809656414015596e-01	0.000000000000000000e+00
6.243435378927624235e-01	7.442809656414015596e-01	0.000000000000000000e+00
6.243435378927624235e-01	7.442809656414015596e-01	0.000000000000000000e+00
6.243435378927624235e-01	7.442809656414015596e-01	0.000000000000000000e+00
6.447405467788196454e-01	6.942874575285289396e-01	0.000000000000000000e+00
6.447405467788196454e-01	6.942874575285289396e-01	0.000000000000000000e+00
6.447405467788196454e-01	5.677478838175090692e-01	0.000000000000000000e+00
6.447405467788196454e-01	5.677478838175090692e-01	0.000000000000000000e+00
6.447405467788196454e-01	5.677478838175090692e-01	0.000000000000000000e+00
6.447405467788196454e-01	5.677478838175090692e-01	0.000000000000000000e+00
6.447405467788196454e-01	5.677478838175090692e-01	0.000000000000000000e+00
6.447405467788196454e-01	5.677478838175090692e-01	0.000000000000000000e+00
6.447405467788196454e-01	5.677478838175090692e-01	0.000000000000000000e+00
6.447405467788196454e-01	5.677478838175090692e-01	0.000000000000000000e+00
6.447405467788196454e-01	5.677478838175090692e-01	0.000000000000000000e+00
6.447405467788196454e-01	5.558000133488260053e-01	0.000000000000000000e+00
6.447405467788196454e-01	5.349719404775969966e-01	0.000000000000000000e+00
6.447405467788196454e-01	5.349719404775969966e-01	0.000000000000000000e+00
6.447405467788196454e-01	5.349719404775969966e-01	0.000000000000000000e+00
6.447405467788196454e-01	5.349719404775969966e-01	0.000000000000000000e+00
6.447405467788196454e-01	5.349719404775969966e-01	0.000000000000000000e+00
6.447405467788196454e-01	5.349719404775969966e-01	0.000000000000000000e+00
8.295629364086828383e-01	3.568132905813479194e-01	0.000000000000000000e+00
8.295629364086828383e-01	3.794012930752633794e-01	0.000000000000000000e+00
8.295629364086828383e-01	3.794012930752633794e-01	0.000000000000000000e+00
8.295629364086828383e-01	3.794012930752633794e-01	0.000000000000000000e+00
8.295629364086828383e-01	3.706317644947292878e-01	0.000000000000000000e+00
8.295629364086828383e-01	3.706317644947292878e-01	0.000000000000000000e+00
8.295629364086828383e-01	3.706317644947292878e-01	0.000000000000000000e+00
8.295629364086828383e-01	3.706317644947292878e-01	0.000000000000000000e+00
8.295629364086828383e-01	3.706317644947292878e-01	0.000000000000000000e+00
8.295629364086828383e-01	3.706317644947292878e-01	0.000000000000000000e+00
8.295629364086828383e-01	3.706317644947292878e-01	0.000000000000000000e+00
8.295629364086828383e-01	3.706317644947292878e-01	0.000000000000000000e+00
8.388199479040516771e-01	2.411746203151229617e-01	0.000000000000000000e+00
8.388199479040516771e-01	2.411746203151229617e-01	0.000000000000000000e+00
8.388199479040516771e-01	2.411746203151229617e-01	0.000000000000000000e+00
8.388199479040516771e-01	3.317032268839971709e-01	0.000000000000000000e+00
8.388199479040516771e-01	3.317032268839971709e-01	0.000000000000000000e+00
8.388199479040516771e-01	2.777020883117564121e-01	0.000000000000000000e+00
8.388199479040516771e-01	2.777020883117564121e-01	0.000000000000000000e+00
8.388199479040516771e-01	2.777020883117564121e-01	0.000000000000000000e+00
8.388199479040516771e-01	2.777020883117564121e-01	0.000000000000000000e+00
8.388199479040516771e-01	2.777020883117564121e-01	0.000000000000000000e+00
8.388199479040516771e-01	2.731324733196434096e-01	0.000000000000000000e+00
8.388199479040516771e-01	2.436509431988840291e-01	0.000000000000000000e+00
8.388199479040516771e-01	2.436509431988840291e-01	0.000000000000000000e+00
8.388199479040516771e-01	2.436509431988840291e-01	0.000000000000000000e+00
8.388199479040516771e-01	2.436509431988840291e-01	0.000000000000000000e+00
