2.873204896329539793e-02	2.586736703788039549e+00	0.000000000000000000e+00
2.873204896329539793e-02	2.508864794565652812e+00	0.000000000000000000e+00
2.873204896329539793e-02	2.508864794565652812e+00	0.000000000000000000e+00
2.873204896329539793e-02	2.508864794565652812e+00	0.000000000000000000e+00
2.873204896329539793e-02	2.508864794565652812e+00	0.000000000000000000e+00
2.873204896329539793e-02	2.508864794565652812e+00	0.000000000000000000e+00
2.873204896329539793e-02	2.508864794565652812e+00	0.000000000000000000e+00
2.873204896329539793e-02	2.508864794565652812e+00	0.000000000000000000e+00
1.966088181745156427e-01	2.041319083325556338e+00	0.000000000000000000e+00
1.966088181745156427e-01	2.041319083325556338e+00	0.000000000000000000e+00
1.966088181745156427e-01	1.891200919694738136e+00	0.000000000000000000e+00
1.966088181745156427e-01	1.891200919694738136e+00	0.000000000000000000e+00
1.966088181745156427e-01	1.891200919694738136e+00	0.000000000000000000e+00
1.966088181745156427e-01	1.860278482088359109e+00	0.000000000000000000e+00
1.966088181745156427e-01	1.860278482088359109e+00	0.000000000000000000e+00
2.598206145087131880e-01	1.502889205480710366e+00	0.000000000000000000e+00
2.598206145087131880e-01	1.502889205480710366e+00	0.000000000000000000e+00
2.598206145087131880e-01	1.484694608005117544e+00	0.000000000000000000e+00
2.598206145087131880e-01	1.484694608005117544e+00	0.000000000000000000e+00
2.598206145087131880e-01	1.484694608005117544e+00	0.000000000000000000e+00
2.598206145087131880e-01	1.484694608005117544e+00	0.000000000000000000e+00
2.598206145087131880e-01	1.484694608005117544e+00	0.000000000000000000e+00
2.598206145087131880e-01	1.484694608005117544e+00	0.000000000000000000e+00
2.598206145087131880e-01	1.484694608005117544e+00	0.000000000000000000e+00
2.598206145087131880e-01	1.484694608005117544e+00	0.000000000000000000e+00
2.598206145087131880e-01	1.490262676253752749e+00	0.000000000000000000e+00
2.598206145087131880e-01	1.490262676253752749e+00	0.000000000000000000e+00
2.598206145087131880e-01	1.490262676253752749e+00	0.000000000000000000e+00
2.598206145087131880e-01	1.490262676253752749e+00	0.000000000000000000e+00
2.598206145087131880e-01	1.490262676253752749e+00	0.000000000000000000e+00
2.598206145087131880e-01	1.490262676253752749e+00	0.000000000000000000e+00
2.598206145087131880e-01	1.490499020660285057e+00	0.000000000000000000e+00
2.598206145087131880e-01	1.490499020660285057e+00	0.000000000000000000e+00
2.598206145087131880e-01	1.490499020660285057e+00	0.000000000000000000e+00
2.598206145087131880e-01	1.490499020660285057e+00	0.000000000000000000e+00
2.598206145087131880e-01	1.490499020660285057e+00	0.000000000000000000e+00
2.598206145087131880e-01	1.490499020660285057e+00	0.000000000000000000e+00
6.243435378927624235e-01	1.029279495915876863e+00	0.000000000000000000e+00
6.243435378927624235e-01	1.029279495915876863e+00	0.000000000000000000e+00
6.243435378927624235e-01	1.029279495915876863e+00	0.000000000000000000e+00
6.243435378927624235e-01	1.029279495915876863e+00	0.000000000000000000e+00
6.243435378927624235e-01	1.029279495915876863e+00	0.000000000000000000e+00
6.243435378927624235e-01	1.029279495915876863e+00	0.000000000000000000e+00
6.243435378927624235e-01	1.029279495915876863e+00	0.000000000000000000e+00
6.243435378927624235e-01	1.030269543504068297e+00	0.000000000000000000e+00
6.243435378927624235e-01	1.030269543504068297e+00	0.000000000000000000e+00
6.243435378927624235e-01	1.030269543504068297e+00	0.000000000000000000e+00
6.243435378927624235e-01	1.042375130417869444e+00	0.000000000000000000e+00
6.243435378927624235e-01	1.042375130417869444e+00	0.000000000000000000e+00
6.243435378927624235e-01	1.042375130417869444e+00	0.000000000000000000e+00
6.243435378927624235e-01	1.042375130417869444e+00	0.000000000000000000e+00
6.243435378927624235e-01	9.143485192070593959e-01	0.000000000000000000e+00
6.243435378927624235e-01	8.747274103531742506e-01	0.000000000000000000e+00
6.243435378927624235e-01	8.747274103531742506e-01	0.000000000000000000e+00
6.243435378927624235e-01	8.747274103531742506e-01	0.000000000000000000e+00
6.243435378927624235e-01	8.747274103531742506e-01	0.000000000000000000e+00
6.243435378927624235e-01	8.747274103531742506e-01	0.000000000000000000e+00
6.243435378927624235e-01	8.715946211021519119e-01	0.000000000000000000e+00
6.243435378927624235e-01	8.715946211021519119e-01	0.000000000000000000e+00
6.243435378927624235e-01	8.715946211021519119e-01	0.000000000000000000e+00
6.326837419232961279e-01	7.505346518480406903e-01	0.000000000000000000e+00
6.326837419232961279e-01	8.148649922650142985e-01	0.000000000000000000e+00
6.326837419232961279e-01	8.148649922650142985e-01	0.000000000000000000e+00
6.326837419232961279e-01	8.148649922650142985e-01	0.000000000000000000e+00
6.447405467788196454e-01	7.238554384722356572e-01	0.000000000000000000e+00
6.447405467788196454e-01	7.238554384722356572e-01	0.000000000000000000e+00
6.447405467788196454e-01	7.238554384722356572e-01	0.000000000000000000e+00
6.326837419232961279e-01	8.148649922650142985e-01	0.000000000000000000e+00
6.326837419232961279e-01	8.148649922650142985e-01	0.000000000000000000e+00
8.388199479040516771e-01	4.820044845870855577e-01	0.000000000000000000e+00
8.388199479040516771e-01	4.820044845870855577e-01	0.000000000000000000e+00
8.388199479040516771e-01	4.820044845870855577e-01	0.000000000000000000e+00
8.388199479040516771e-01	4.456335035686603829e-01	0.000000000000000000e+00
8.388199479040516771e-01	4.456335035686603829e-01	0.000000000000000000e+00
8.388199479040516771e-01	4.456335035686603829e-01	0.000000000000000000e+00
8.388199479040516771e-01	4.456335035686603829e-01	0.000000000000000000e+00
8.388199479040516771e-01	5.664419520487220527e-01	0.000000000000000000e+00
8.388199479040516771e-01	5.664419520487220527e-01	0.000000000000000000e+00
8.388199479040516771e-01	5.664419520487220527e-01	0.000000000000000000e+00
8.388199479040516771e-01	5.664419520487220527e-01	0.000000000000000000e+00
8.388199479040516771e-01	5.664419520487220527e-01	0.000000000000000000e+00
8.388199479040516771e-01	4.796698382611452316e-01	0.000000000000000000e+00
8.388199479040516771e-01	4.796698382611452316e-01	0.000000000000000000e+00
8.388199479040516771e-01	4.796698382611452316e-01	0.000000000000000000e+00
8.388199479040516771e-01	4.796698382611452316e-01	0.000000000000000000e+00
8.388199479040516771e-01	4.796698382611452316e-01	0.000000000000000000e+00
8.388199479040516771e-01	4.796698382611452316e-01	0.000000000000000000e+00
8.388199479040516771e-01	4.796698382611452316e-01	0.000000000000000000e+00
8.388199479040516771e-01	4.796698382611452316e-01	0.000000000000000000e+00
8.388199479040516771e-01	4.937679270852061153e-01	0.000000000000000000e+00
8.388199479040516771e-01	4.937679270852061153e-01	0.000000000000000000e+00
8.388199479040516771e-01	4.803734659978586841e-01	0.000000000000000000e+00
8.388199479040516771e-01	4.669384905611080883e-01	0.000000000000000000e+00
8.388199479040516771e-01	4.669384905611080883e-01	0.000000000000000000e+00
8.388199479040516771e-01	4.669384905611080883e-01	0.000000000000000000e+00
8.388199479040516771e-01	4.669384905611080883e-01	0.000000000000000000e+00
8.388199479040516771e-01	4.669384905611080883e-01	0.000000000000000000e+00
8.388199479040516771e-01	4.669384905611080883e-01	0.000000000000000000e+00
8.388199479040516771e-01	4.608547628983540312e-01	0.000000000000000000e+00
8.388199479040516771e-01	4.608547628983540312e-01	0.000000000000000000e+00
