2.873204896329539793e-02	3.769131958911827063e+00	0.000000000000000000e+00
2.873204896329539793e-02	3.765281989412256447e+00	0.000000000000000000e+00
2.873204896329539793e-02	3.765281989412256447e+00	0.000000000000000000e+00
2.873204896329539793e-02	3.765281989412256447e+00	0.000000000000000000e+00
2.873204896329539793e-02	3.765281989412256447e+00	0.000000000000000000e+00
1.412011831252310556e-01	3.668069288525216187e+00	0.000000000000000000e+00
1.412011831252310556e-01	3.633907157378831521e+00	0.000000000000000000e+00
1.412011831252310556e-01	3.633907157378831521e+00	0.000000000000000000e+00
1.844321785828030302e-01	3.620102100354159802e+00	0.000000000000000000e+00
1.844321785828030302e-01	3.620102100354159802e+00	0.000000000000000000e+00
2.598206145087131880e-01	2.899778438846095874e+00	0.000000000000000000e+00
2.598206145087131880e-01	2.899778438846095874e+00	0.000000000000000000e+00
2.598206145087131880e-01	2.899778438846095874e+00	0.000000000000000000e+00
2.598206145087131880e-01	2.874187312283464024e+00	0.000000000000000000e+00
2.598206145087131880e-01	2.776287610361960478e+00	0.000000000000000000e+00
2.598206145087131880e-01	2.874187312283464024e+00	0.000000000000000000e+00
2.598206145087131880e-01	2.874187312283464024e+00	0.000000000000000000e+00
2.598206145087131880e-01	2.874187312283464024e+00	0.000000000000000000e+00
2.598206145087131880e-01	2.805187032022974591e+00	0.000000000000000000e+00
2.598206145087131880e-01	2.805187032022974591e+00	0.000000000000000000e+00
2.598206145087131880e-01	2.805187032022974591e+00	0.000000000000000000e+00
2.598206145087131880e-01	2.805187032022974591e+00	0.000000000000000000e+00
2.598206145087131880e-01	2.805187032022974591e+00	0.000000000000000000e+00
2.598206145087131880e-01	2.805187032022974591e+00	0.000000000000000000e+00
2.598206145087131880e-01	2.805187032022974591e+00	0.000000000000000000e+00
2.598206145087131880e-01	2.805187032022974591e+00	0.000000000000000000e+00
2.598206145087131880e-01	2.855639188777408854e+00	0.000000000000000000e+00
2.598206145087131880e-01	2.855639188777408854e+00	0.000000000000000000e+00
2.598206145087131880e-01	2.855639188777408854e+00	0.000000000000000000e+00
6.243435378927624235e-01	2.283554916095438259e+00	0.000000000000000000e+00
6.243435378927624235e-01	2.040030423449593844e+00	0.000000000000000000e+00
6.243435378927624235e-01	2.040030423449593844e+00	0.000000000000000000e+00
6.243435378927624235e-01	2.040030423449593844e+00	0.000000000000000000e+00
6.243435378927624235e-01	2.040030423449593844e+00	0.000000000000000000e+00
6.243435378927624235e-01	2.039141564908377724e+00	0.000000000000000000e+00
6.243435378927624235e-01	2.039141564908377724e+00	0.000000000000000000e+00
6.243435378927624235e-01	2.039141564908377724e+00	0.000000000000000000e+00
6.243435378927624235e-01	2.039141564908377724e+00	0.000000000000000000e+00
6.243435378927624235e-01	2.039141564908377724e+00	0.000000000000000000e+00
6.243435378927624235e-01	2.039141564908377724e+00	0.000000000000000000e+00
6.243435378927624235e-01	2.039141564908377724e+00	0.000000000000000000e+00
6.243435378927624235e-01	2.039141564908377724e+00	0.000000000000000000e+00
6.243435378927624235e-01	1.896371089253112041e+00	0.000000000000000000e+00
6.243435378927624235e-01	1.896371089253112041e+00	0.000000000000000000e+00
6.243435378927624235e-01	1.896371089253112041e+00	0.000000000000000000e+00
6.243435378927624235e-01	1.896371089253112041e+00	0.000000000000000000e+00
6.243435378927624235e-01	1.896371089253112041e+00	0.000000000000000000e+00
6.243435378927624235e-01	1.896371089253112041e+00	0.000000000000000000e+00
6.243435378927624235e-01	1.896371089253112041e+00	0.000000000000000000e+00
6.243435378927624235e-01	1.586729005933378511e+00	0.000000000000000000e+00
6.243435378927624235e-01	1.586729005933378511e+00	0.000000000000000000e+00
6.243435378927624235e-01	1.586729005933378511e+00	0.000000000000000000e+00
6.243435378927624235e-01	1.586729005933378511e+00	0.000000000000000000e+00
6.243435378927624235e-01	1.586729005933378511e+00	0.000000000000000000e+00
6.243435378927624235e-01	1.586729005933378511e+00	0.000000000000000000e+00
6.243435378927624235e-01	1.586729005933378511e+00	0.000000000000000000e+00
6.243435378927624235e-01	1.586729005933378511e+00	0.000000000000000000e+00
6.447405467788196454e-01	1.777293018318502948e+00	0.000000000000000000e+00
6.447405467788196454e-01	1.614115211444378195e+00	0.000000000000000000e+00
6.447405467788196454e-01	1.614115211444378195e+00	0.000000000000000000e+00
6.447405467788196454e-01	1.614115211444378195e+00	0.000000000000000000e+00
6.447405467788196454e-01	1.614115211444378195e+00	0.000000000000000000e+00
6.447405467788196454e-01	1.614115211444378195e+00	0.000000000000000000e+00
6.447405467788196454e-01	1.769832277007473698e+00	0.000000000000000000e+00
6.447405467788196454e-01	1.769832277007473698e+00	0.000000000000000000e+00
6.447405467788196454e-01	1.769832277007473698e+00	0.000000000000000000e+00
8.658277105410596697e-01	1.420996829640824854e+00	0.000000000000000000e+00
8.658277105410596697e-01	1.420996829640824854e+00	0.000000000000000000e+00
8.658277105410596697e-01	1.420996829640824854e+00	0.000000000000000000e+00
8.658277105410596697e-01	1.420996829640824854e+00	0.000000000000000000e+00
8.658277105410596697e-01	1.537697890444154281e+00	0.000000000000000000e+00
8.658277105410596697e-01	1.537697890444154281e+00	0.000000000000000000e+00
8.658277105410596697e-01	1.445860757238611294e+00	0.000000000000000000e+00
8.658277105410596697e-01	1.445860757238611294e+00	0.000000000000000000e+00
8.658277105410596697e-01	1.445860757238611294e+00	0.000000000000000000e+00
8.658277105410596697e-01	1.445860757238611294e+00	0.000000000000000000e+00
8.658277105410596697e-01	1.445860757238611294e+00	0.000000000000000000e+00
8.565791747561553038e-01	1.425078190616578144e+00	0.000000000000000000e+00
8.565791747561553038e-01	1.425078190616578144e+00	0.000000000000000000e+00
8.565791747561553038e-01	1.425078190616578144e+00	0.000000000000000000e+00
8.565791747561553038e-01	1.425078190616578144e+00	0.000000000000000000e+00
8.565791747561553038e-01	1.425078190616578144e+00	0.000000000000000000e+00
8.565791747561553038e-01	1.425078190616578144e+00	0.000000000000000000e+00
8.565791747561553038e-01	1.425078190616578144e+00	0.000000000000000000e+00
8.565791747561553038e-01	1.425078190616578144e+00	0.000000000000000000e+00
8.565791747561553038e-01	1.407363647293271125e+00	0.000000000000000000e+00
8.565791747561553038e-01	1.407363647293271125e+00	0.000000000000000000e+00
8.658277105410596697e-01	1.537233802284634354e+00	0.000000000000000000e+00
8.658277105410596697e-01	1.385159779072109520e+00	0.000000000000000000e+00
8.658277105410596697e-01	1.385159779072109520e+00	0.000000000000000000e+00
8.658277105410596697e-01	1.385159779072109520e+00	0.000000000000000000e+00
8.658277105410596697e-01	1.385159779072109520e+00	0.000000000000000000e+00
8.658277105410596697e-01	1.385159779072109520e+00	0.000000000000000000e+00
8.658277105410596697e-01	1.385159779072109520e+00	0.000000000000000000e+00
8.658277105410596697e-01	1.385159779072109520e+00	0.000000000000000000e+00
8.658277105410596697e-01	1.385159779072109520e+00	0.000000000000000000e+00
8.658277105410596697e-01	1.429022666626044380e+00	0.000000000000000000e+00
8.658277105410596697e-01	1.429022666626044380e+00	0.000000000000000000e+00
8.658277105410596697e-01	1.436517627646367590e+00	0.000000000000000000e+00
8.658277105410596697e-01	1.816575404750956579e+00	0.000000000000000000e+00
