0.000000000000000000e+00	2.241131195318287528e+00	0.000000000000000000e+00
0.000000000000000000e+00	2.241131195318287528e+00	0.000000000000000000e+00
2.873204896329539793e-02	1.960019854811993145e+00	0.000000000000000000e+00
5.709605175971538271e-02	1.858215458635997130e+00	0.000000000000000000e+00
5.709605175971538271e-02	1.812166620457788424e+00	0.000000000000000000e+00
5.709605175971538271e-02	1.812166620457788424e+00	0.000000000000000000e+00
9.705815330252234863e-02	1.751585937000622817e+00	0.000000000000000000e+00
9.705815330252234863e-02	1.628031659343294191e+00	0.000000000000000000e+00
9.705815330252234863e-02	1.620108643813822136e+00	0.000000000000000000e+00
9.705815330252234863e-02	1.620108643813822136e+00	0.000000000000000000e+00
9.705815330252234863e-02	1.620108643813822136e+00	0.000000000000000000e+00
9.705815330252234863e-02	1.620108643813822136e+00	0.000000000000000000e+00
1.966088181745156427e-01	1.473610746305587860e+00	0.000000000000000000e+00
1.966088181745156427e-01	1.449118619082707671e+00	0.000000000000000000e+00
1.966088181745156427e-01	1.449118619082707671e+00	0.000000000000000000e+00
1.966088181745156427e-01	1.449118619082707671e+00	0.000000000000000000e+00
1.966088181745156427e-01	1.449118619082707671e+00	0.000000000000000000e+00
2.598206145087131880e-01	1.137220668021529768e+00	0.000000000000000000e+00
2.598206145087131880e-01	1.137220668021529768e+00	0.000000000000000000e+00
2.598206145087131880e-01	1.163533207456718843e+00	0.000000000000000000e+00
2.598206145087131880e-01	1.137220668021529768e+00	0.000000000000000000e+00
2.598206145087131880e-01	1.128029362233453847e+00	0.000000000000000000e+00
2.598206145087131880e-01	1.128029362233453847e+00	0.000000000000000000e+00
2.598206145087131880e-01	1.137220668021529768e+00	0.000000000000000000e+00
2.598206145087131880e-01	1.114825398929913947e+00	0.000000000000000000e+00
2.598206145087131880e-01	1.114825398929913947e+00	0.000000000000000000e+00
2.598206145087131880e-01	1.102139926805231207e+00	0.000000000000000000e+00
2.598206145087131880e-01	1.102139926805231207e+00	0.000000000000000000e+00
2.598206145087131880e-01	1.102139926805231207e+00	0.000000000000000000e+00
2.598206145087131880e-01	1.102139926805231207e+00	0.000000000000000000e+00
2.598206145087131880e-01	1.102139926805231207e+00	0.000000000000000000e+00
2.598206145087131880e-01	1.102139926805231207e+00	0.000000000000000000e+00
2.598206145087131880e-01	1.102139926805231207e+00	0.000000000000000000e+00
2.598206145087131880e-01	1.102139926805231207e+00	0.000000000000000000e+00
2.598206145087131880e-01	1.102139926805231207e+00	0.000000000000000000e+00
2.598206145087131880e-01	1.102139926805231207e+00	0.000000000000000000e+00
2.598206145087131880e-01	1.102139926805231207e+00	0.000000000000000000e+00
2.598206145087131880e-01	1.102139926805231207e+00	0.000000000000000000e+00
6.243435378927624235e-01	5.775585537361997979e-01	0.000000000000000000e+00
6.243435378927624235e-01	5.775585537361997979e-01	0.000000000000000000e+00
6.243435378927624235e-01	5.775585537361997979e-01	0.000000000000000000e+00
6.243435378927624235e-01	6.305197099781792991e-01	0.000000000000000000e+00
6.243435378927624235e-01	6.305197099781792991e-01	0.000000000000000000e+00
6.243435378927624235e-01	6.530549789324254784e-01	0.000000000000000000e+00
6.243435378927624235e-01	6.530549789324254784e-01	0.000000000000000000e+00
6.243435378927624235e-01	6.530549789324254784e-01	0.000000000000000000e+00
6.243435378927624235e-01	6.530549789324254784e-01	0.000000000000000000e+00
6.243435378927624235e-01	6.530549789324254784e-01	0.000000000000000000e+00
6.243435378927624235e-01	6.530549789324254784e-01	0.000000000000000000e+00
6.243435378927624235e-01	6.530549789324254784e-01	0.000000000000000000e+00
6.243435378927624235e-01	6.530549789324254784e-01	0.000000000000000000e+00
6.447405467788196454e-01	5.894102865348231912e-01	0.000000000000000000e+00
6.447405467788196454e-01	5.894102865348231912e-01	0.000000000000000000e+00
6.447405467788196454e-01	5.894102865348231912e-01	0.000000000000000000e+00
6.447405467788196454e-01	5.894102865348231912e-01	0.000000000000000000e+00
6.447405467788196454e-01	5.894102865348231912e-01	0.000000000000000000e+00
6.447405467788196454e-01	5.894102865348231912e-01	0.000000000000000000e+00
6.447405467788196454e-01	5.894102865348231912e-01	0.000000000000000000e+00
6.447405467788196454e-01	5.457131370269856507e-01	0.000000000000000000e+00
6.447405467788196454e-01	5.537315470634294190e-01	0.000000000000000000e+00
6.447405467788196454e-01	5.457131370269856507e-01	0.000000000000000000e+00
6.447405467788196454e-01	5.457131370269856507e-01	0.000000000000000000e+00
6.447405467788196454e-01	5.457131370269856507e-01	0.000000000000000000e+00
6.447405467788196454e-01	5.536291797369334855e-01	0.000000000000000000e+00
6.447405467788196454e-01	5.031697306807300096e-01	0.000000000000000000e+00
6.447405467788196454e-01	5.031697306807300096e-01	0.000000000000000000e+00
6.447405467788196454e-01	5.031697306807300096e-01	0.000000000000000000e+00
6.447405467788196454e-01	5.031697306807300096e-01	0.000000000000000000e+00
8.295629364086828383e-01	2.800872644775613818e-01	0.000000000000000000e+00
8.295629364086828383e-01	2.800872644775613818e-01	0.000000000000000000e+00
8.295629364086828383e-01	2.800872644775613818e-01	0.000000000000000000e+00
8.295629364086828383e-01	2.800872644775613818e-01	0.000000000000000000e+00
8.295629364086828383e-01	2.800872644775613818e-01	0.000000000000000000e+00
8.295629364086828383e-01	2.800872644775613818e-01	0.000000000000000000e+00
8.295629364086828383e-01	2.800872644775613818e-01	0.000000000000000000e+00
8.295629364086828383e-01	2.840865314243846695e-01	0.000000000000000000e+00
8.295629364086828383e-01	2.840865314243846695e-01	0.000000000000000000e+00
8.295629364086828383e-01	3.425778740123517907e-01	0.000000000000000000e+00
8.295629364086828383e-01	3.425778740123517907e-01	0.000000000000000000e+00
8.295629364086828383e-01	3.394123268782849867e-01	0.000000000000000000e+00
8.295629364086828383e-01	3.394123268782849867e-01	0.000000000000000000e+00
8.295629364086828383e-01	2.837260399035448355e-01	0.000000000000000000e+00
8.295629364086828383e-01	2.837260399035448355e-01	0.000000000000000000e+00
8.295629364086828383e-01	2.837260399035448355e-01	0.000000000000000000e+00
8.388199479040516771e-01	1.840773510393642343e-01	0.000000000000000000e+00
8.388199479040516771e-01	1.840773510393642343e-01	0.000000000000000000e+00
8.388199479040516771e-01	1.678978281567959363e-01	0.000000000000000000e+00
8.388199479040516771e-01	1.678978281567959363e-01	0.000000000000000000e+00
8.388199479040516771e-01	1.678978281567959363e-01	0.000000000000000000e+00
8.388199479040516771e-01	1.678978281567959363e-01	0.000000000000000000e+00
8.388199479040516771e-01	1.678978281567959363e-01	0.000000000000000000e+00
8.388199479040516771e-01	1.678978281567959363e-01	0.000000000000000000e+00
8.388199479040516771e-01	1.473161324182409859e-01	0.000000000000000000e+00
8.388199479040516771e-01	1.473161324182409859e-01	0.000000000000000000e+00
8.388199479040516771e-01	1.473161324182409859e-01	0.000000000000000000e+00
8.388199479040516771e-01	1.473161324182409859e-01	0.000000000000000000e+00
8.388199479040516771e-01	1.473161324182409859e-01	0.000000000000000000e+00
8.388199479040516771e-01	1.473161324182409859e-01	0.000000000000000000e+00
8.388199479040516771e-01	1.473161324182409859e-01	0.000000000000000000e+00
8.388199479040516771e-01	1.473161324182409859e-01	0.000000000000000000e+00
