0.000000000000000000e+00	1.307580371999682578e+00	0.000000000000000000e+00
0.000000000000000000e+00	1.302204911406496857e+00	0.000000000000000000e+00
2.873204896329539793e-02	1.127805242359025684e+00	0.000000000000000000e+00
4.472993825917087607e-02	9.995633889592613341e-01	0.000000000000000000e+00
4.472993825917087607e-02	9.995633889592613341e-01	0.000000000000000000e+00
4.472993825917087607e-02	9.995633889592613341e-01	0.000000000000000000e+00
9.705815330252234863e-02	9.419844270268952213e-01	0.000000000000000000e+00
9.705815330252234863e-02	9.358781606049629831e-01	0.000000000000000000e+00
9.705815330252234863e-02	9.212761705098220233e-01	0.000000000000000000e+00
9.705815330252234863e-02	9.212761705098220233e-01	0.000000000000000000e+00
9.705815330252234863e-02	9.212761705098220233e-01	0.000000000000000000e+00
9.705815330252234863e-02	9.212761705098220233e-01	0.000000000000000000e+00
1.966088181745156427e-01	8.266572658193982459e-01	0.000000000000000000e+00
1.966088181745156427e-01	7.908263841098532865e-01	0.000000000000000000e+00
2.067616580213479383e-01	7.272406420097495827e-01	0.000000000000000000e+00
2.067616580213479383e-01	7.272406420097495827e-01	0.000000000000000000e+00
2.327345758725966329e-01	5.734448466868439231e-01	0.000000000000000000e+00
2.327345758725966329e-01	5.318858642926582725e-01	0.000000000000000000e+00
2.327345758725966329e-01	5.318858642926582725e-01	0.000000000000000000e+00
2.327345758725966329e-01	5.318858642926582725e-01	0.000000000000000000e+00
2.598206145087131880e-01	4.719937760917826131e-01	0.000000000000000000e+00
2.598206145087131880e-01	4.528218369758363893e-01	0.000000000000000000e+00
2.598206145087131880e-01	4.528218369758363893e-01	0.000000000000000000e+00
2.598206145087131880e-01	4.528218369758363893e-01	0.000000000000000000e+00
2.598206145087131880e-01	4.528218369758363893e-01	0.000000000000000000e+00
2.598206145087131880e-01	4.528218369758363893e-01	0.000000000000000000e+00
2.598206145087131880e-01	4.516457317008228944e-01	0.000000000000000000e+00
2.598206145087131880e-01	4.516457317008228944e-01	0.000000000000000000e+00
2.598206145087131880e-01	4.516457317008228944e-01	0.000000000000000000e+00
2.598206145087131880e-01	4.516457317008228944e-01	0.000000000000000000e+00
2.598206145087131880e-01	4.516457317008228944e-01	0.000000000000000000e+00
2.598206145087131880e-01	4.516457317008228944e-01	0.000000000000000000e+00
2.598206145087131880e-01	4.516457317008228944e-01	0.000000000000000000e+00
2.598206145087131880e-01	4.516457317008228944e-01	0.000000000000000000e+00
2.598206145087131880e-01	4.516457317008228944e-01	0.000000000000000000e+00
2.598206145087131880e-01	4.516457317008228944e-01	0.000000000000000000e+00
2.598206145087131880e-01	4.516457317008228944e-01	0.000000000000000000e+00
2.598206145087131880e-01	4.590262372231069810e-01	0.000000000000000000e+00
6.218824202018743419e-01	7.246136109940675731e-03	0.000000000000000000e+00
6.218824202018743419e-01	7.246136109940675731e-03	0.000000000000000000e+00
6.218824202018743419e-01	7.246136109940675731e-03	0.000000000000000000e+00
6.218824202018743419e-01	7.246136109940675731e-03	0.000000000000000000e+00
6.218824202018743419e-01	7.246136109940675731e-03	0.000000000000000000e+00
6.218824202018743419e-01	2.574499708817108365e-02	0.000000000000000000e+00
6.218824202018743419e-01	2.574499708817108365e-02	0.000000000000000000e+00
6.218824202018743419e-01	2.574499708817108365e-02	0.000000000000000000e+00
6.218824202018743419e-01	2.574499708817108365e-02	0.000000000000000000e+00
6.218824202018743419e-01	2.574499708817108365e-02	0.000000000000000000e+00
6.218824202018743419e-01	-1.301473065140394854e-02	0.000000000000000000e+00
6.218824202018743419e-01	-1.369076769018918137e-02	0.000000000000000000e+00
6.218824202018743419e-01	-1.369076769018918137e-02	0.000000000000000000e+00
6.218824202018743419e-01	-1.369076769018918137e-02	0.000000000000000000e+00
6.218824202018743419e-01	-1.369076769018918137e-02	0.000000000000000000e+00
6.218824202018743419e-01	-1.369076769018918137e-02	0.000000000000000000e+00
6.345990147122919645e-01	-1.764860989483595655e-01	0.000000000000000000e+00
6.345990147122919645e-01	-1.764860989483595655e-01	0.000000000000000000e+00
6.345990147122919645e-01	-1.764860989483595655e-01	0.000000000000000000e+00
6.345990147122919645e-01	-1.764860989483595655e-01	0.000000000000000000e+00
6.345990147122919645e-01	-1.764860989483595655e-01	0.000000000000000000e+00
6.345990147122919645e-01	-1.742133590250736219e-01	0.000000000000000000e+00
6.345990147122919645e-01	-1.742133590250736219e-01	0.000000000000000000e+00
6.345990147122919645e-01	-1.742133590250736219e-01	0.000000000000000000e+00
6.345990147122919645e-01	-1.742133590250736219e-01	0.000000000000000000e+00
6.345990147122919645e-01	-1.860959110003395645e-01	0.000000000000000000e+00
6.600368164225519640e-01	-2.701482991501008013e-01	0.000000000000000000e+00
6.600368164225519640e-01	-2.701482991501008013e-01	0.000000000000000000e+00
6.600368164225519640e-01	-2.701482991501008013e-01	0.000000000000000000e+00
6.600368164225519640e-01	-2.932302985128049100e-01	0.000000000000000000e+00
6.600368164225519640e-01	-2.932302985128049100e-01	0.000000000000000000e+00
6.600368164225519640e-01	-2.932302985128049100e-01	0.000000000000000000e+00
6.600368164225519640e-01	-2.932302985128049100e-01	0.000000000000000000e+00
6.600368164225519640e-01	-2.932302985128049100e-01	0.000000000000000000e+00
6.600368164225519640e-01	-2.932302985128049100e-01	0.000000000000000000e+00
6.600368164225519640e-01	-2.932302985128049100e-01	0.000000000000000000e+00
6.600368164225519640e-01	-2.932302985128049100e-01	0.000000000000000000e+00
8.295629364086828383e-01	-4.167272653920310321e-01	0.000000000000000000e+00
8.295629364086828383e-01	-4.167272653920310321e-01	0.000000000000000000e+00
8.295629364086828383e-01	-4.167272653920310321e-01	0.000000000000000000e+00
8.295629364086828383e-01	-4.010064353339706233e-01	0.000000000000000000e+00
8.295629364086828383e-01	-4.010064353339706233e-01	0.000000000000000000e+00
8.295629364086828383e-01	-4.010064353339706233e-01	0.000000000000000000e+00
8.295629364086828383e-01	-4.010064353339706233e-01	0.000000000000000000e+00
8.295629364086828383e-01	-4.010064353339706233e-01	0.000000000000000000e+00
8.295629364086828383e-01	-4.010064353339706233e-01	0.000000000000000000e+00
8.295629364086828383e-01	-4.010064353339706233e-01	0.000000000000000000e+00
8.388199479040516771e-01	-5.131921667228415140e-01	0.000000000000000000e+00
8.388199479040516771e-01	-5.131921667228415140e-01	0.000000000000000000e+00
8.388199479040516771e-01	-5.131921667228415140e-01	0.000000000000000000e+00
8.388199479040516771e-01	-5.131921667228415140e-01	0.000000000000000000e+00
8.475687630593932154e-01	-5.114252002721197954e-01	0.000000000000000000e+00
8.475687630593932154e-01	-5.114252002721197954e-01	0.000000000000000000e+00
8.475687630593932154e-01	-5.114252002721197954e-01	0.000000000000000000e+00
8.475687630593932154e-01	-5.163771208947426361e-01	0.000000000000000000e+00
8.475687630593932154e-01	-5.163771208947426361e-01	0.000000000000000000e+00
8.475687630593932154e-01	-5.163771208947426361e-01	0.000000000000000000e+00
8.475687630593932154e-01	-5.163771208947426361e-01	0.000000000000000000e+00
8.487305243904226248e-01	-5.176282459316877693e-01	0.000000000000000000e+00
8.487305243904226248e-01	-5.176282459316877693e-01	0.000000000000000000e+00
8.487305243904226248e-01	-5.176282459316877693e-01	0.000000000000000000e+00
8.487305243904226248e-01	-5.176282459316877693e-01	0.000000000000000000e+00
