0.000000000000000000e+00	1.000000000000000000e+00	0.000000000000000000e+00
0.000000000000000000e+00	1.000000000000000000e+00	0.000000000000000000e+00
3.014807595191851958e-02	8.018955101760951720e-01	0.000000000000000000e+00
4.448746379094398878e-02	7.452574849161925918e-01	0.000000000000000000e+00
5.586013577191697305e-02	7.087363489265168237e-01	0.000000000000000000e+00
6.643639841424825443e-02	6.844730038667236061e-01	0.000000000000000000e+00
7.953118316338600446e-02	6.702974616516871320e-01	0.000000000000000000e+00
7.953118316338600446e-02	6.702974616516871320e-01	0.000000000000000000e+00
7.953118316338600446e-02	6.702974616516871320e-01	0.000000000000000000e+00
7.953118316338600446e-02	6.702974616516871320e-01	0.000000000000000000e+00
7.953118316338600446e-02	6.702974616516871320e-01	0.000000000000000000e+00
7.953118316338600446e-02	6.702974616516871320e-01	0.000000000000000000e+00
7.953118316338600446e-02	6.702974616516871320e-01	0.000000000000000000e+00
1.998207800123505407e-01	5.541118808221038305e-01	0.000000000000000000e+00
2.090632965978066471e-01	4.861415830803514360e-01	0.000000000000000000e+00
2.184574164055123335e-01	4.258286543811836689e-01	0.000000000000000000e+00
2.184574164055123335e-01	4.129119844310632503e-01	0.000000000000000000e+00
2.184574164055123335e-01	4.129119844310632503e-01	0.000000000000000000e+00
2.448319257796191251e-01	2.635830272035160071e-01	0.000000000000000000e+00
2.448319257796191251e-01	2.635830272035160071e-01	0.000000000000000000e+00
2.556320747176823449e-01	2.427582815325248222e-01	0.000000000000000000e+00
2.556320747176823449e-01	2.427582815325248222e-01	0.000000000000000000e+00
2.556320747176823449e-01	2.427582815325248222e-01	0.000000000000000000e+00
2.556320747176823449e-01	2.427582815325248222e-01	0.000000000000000000e+00
2.556320747176823449e-01	2.427582815325248222e-01	0.000000000000000000e+00
2.556320747176823449e-01	2.427582815325248222e-01	0.000000000000000000e+00
2.556320747176823449e-01	2.427582815325248222e-01	0.000000000000000000e+00
2.556320747176823449e-01	2.427582815325248222e-01	0.000000000000000000e+00
2.556320747176823449e-01	2.427582815325248222e-01	0.000000000000000000e+00
4.172525655768717923e-01	1.477503042778820497e-01	0.000000000000000000e+00
4.172525655768717923e-01	1.477503042778820497e-01	0.000000000000000000e+00
4.172525655768717923e-01	1.477503042778820497e-01	0.000000000000000000e+00
4.211562599981272803e-01	9.127431545284170333e-02	0.000000000000000000e+00
4.284260982757379654e-01	1.425959036207264177e-02	0.000000000000000000e+00
4.284260982757379654e-01	1.425959036207264177e-02	0.000000000000000000e+00
4.284260982757379654e-01	1.425959036207264177e-02	0.000000000000000000e+00
4.345621482081090670e-01	-4.113325329098956734e-02	0.000000000000000000e+00
4.345621482081090670e-01	-4.113325329098956734e-02	0.000000000000000000e+00
4.414974942278560022e-01	-8.129130189476140023e-02	0.000000000000000000e+00
4.414974942278560022e-01	-8.610964834046376526e-02	0.000000000000000000e+00
4.447462120264057406e-01	-1.055949366504826958e-01	0.000000000000000000e+00
4.507996201550432125e-01	-1.220735183538447233e-01	0.000000000000000000e+00
4.507996201550432125e-01	-1.220735183538447233e-01	0.000000000000000000e+00
4.507996201550432125e-01	-1.220735183538447233e-01	0.000000000000000000e+00
4.507996201550432125e-01	-1.220735183538447233e-01	0.000000000000000000e+00
4.507996201550432125e-01	-1.220735183538447233e-01	0.000000000000000000e+00
4.507996201550432125e-01	-1.220735183538447233e-01	0.000000000000000000e+00
4.507996201550432125e-01	-1.220735183538447233e-01	0.000000000000000000e+00
4.507996201550432125e-01	-1.220735183538447233e-01	0.000000000000000000e+00
6.246542641740692181e-01	-2.015858687028711238e-01	0.000000000000000000e+00
6.246542641740692181e-01	-2.015858687028711238e-01	0.000000000000000000e+00
6.246542641740692181e-01	-2.015858687028711238e-01	0.000000000000000000e+00
6.246542641740692181e-01	-2.015858687028711238e-01	0.000000000000000000e+00
6.246542641740692181e-01	-2.272244843903274969e-01	0.000000000000000000e+00
6.352841764281950132e-01	-3.552425586127810897e-01	0.000000000000000000e+00
6.352841764281950132e-01	-3.552425586127810897e-01	0.000000000000000000e+00
6.352841764281950132e-01	-3.552425586127810897e-01	0.000000000000000000e+00
6.352841764281950132e-01	-3.552425586127810897e-01	0.000000000000000000e+00
6.352841764281950132e-01	-3.552425586127810897e-01	0.000000000000000000e+00
6.352841764281950132e-01	-3.552425586127810897e-01	0.000000000000000000e+00
6.352841764281950132e-01	-3.552425586127810897e-01	0.000000000000000000e+00
6.413891637860666961e-01	-4.085649506404073761e-01	0.000000000000000000e+00
6.413891637860666961e-01	-4.085649506404073761e-01	0.000000000000000000e+00
6.413891637860666961e-01	-4.085649506404073761e-01	0.000000000000000000e+00
6.443131328844380334e-01	-4.267000545582748661e-01	0.000000000000000000e+00
6.443131328844380334e-01	-4.267000545582748661e-01	0.000000000000000000e+00
6.529084406522234207e-01	-4.563323583421071694e-01	0.000000000000000000e+00
6.529084406522234207e-01	-4.563323583421071694e-01	0.000000000000000000e+00
6.529084406522234207e-01	-4.582123597250958857e-01	0.000000000000000000e+00
6.529084406522234207e-01	-4.582123597250958857e-01	0.000000000000000000e+00
6.529084406522234207e-01	-4.582123597250958857e-01	0.000000000000000000e+00
6.529084406522234207e-01	-4.582123597250958857e-01	0.000000000000000000e+00
6.529084406522234207e-01	-4.582123597250958857e-01	0.000000000000000000e+00
8.328558088046960073e-01	-6.021658228594737317e-01	0.000000000000000000e+00
8.328558088046960073e-01	-6.021658228594737317e-01	0.000000000000000000e+00
8.328558088046960073e-01	-5.625048672567156682e-01	0.000000000000000000e+00
8.328558088046960073e-01	-5.625048672567156682e-01	0.000000000000000000e+00
8.328558088046960073e-01	-5.625048672567156682e-01	0.000000000000000000e+00
8.328558088046960073e-01	-5.625048672567156682e-01	0.000000000000000000e+00
8.328558088046960073e-01	-6.141529173647486406e-01	0.000000000000000000e+00
8.328558088046960073e-01	-6.141529173647486406e-01	0.000000000000000000e+00
8.328558088046960073e-01	-6.141529173647486406e-01	0.000000000000000000e+00
8.328558088046960073e-01	-6.141529173647486406e-01	0.000000000000000000e+00
8.328558088046960073e-01	-6.141529173647486406e-01	0.000000000000000000e+00
8.328558088046960073e-01	-6.201422966993274111e-01	0.000000000000000000e+00
8.356232840009615304e-01	-6.555033122344462448e-01	0.000000000000000000e+00
8.356232840009615304e-01	-6.555033122344462448e-01	0.000000000000000000e+00
8.356232840009615304e-01	-6.555033122344462448e-01	0.000000000000000000e+00
8.356232840009615304e-01	-6.620395462874599790e-01	0.000000000000000000e+00
8.411086166877086434e-01	-7.017281289194414740e-01	0.000000000000000000e+00
8.411086166877086434e-01	-7.017281289194414740e-01	0.000000000000000000e+00
8.411086166877086434e-01	-7.017281289194414740e-01	0.000000000000000000e+00
8.411086166877086434e-01	-7.111998055749123582e-01	0.000000000000000000e+00
8.411086166877086434e-01	-7.239141706071084981e-01	0.000000000000000000e+00
8.411086166877086434e-01	-7.239141706071084981e-01	0.000000000000000000e+00
8.451145186042317015e-01	-7.531578545761508092e-01	0.000000000000000000e+00
8.451145186042317015e-01	-7.531578545761508092e-01	0.000000000000000000e+00
8.451145186042317015e-01	-7.531578545761508092e-01	0.000000000000000000e+00
8.451145186042317015e-01	-7.531578545761508092e-01	0.000000000000000000e+00
8.451145186042317015e-01	-7.531578545761508092e-01	0.000000000000000000e+00
