0.000000000000000000e+00	1.482961351415909013e+00	0.000000000000000000e+00
0.000000000000000000e+00	1.442270635763507780e+00	0.000000000000000000e+00
3.996814334014284209e-02	1.211240339504468411e+00	0.000000000000000000e+00
3.996814334014284209e-02	1.196355070010778121e+00	0.000000000000000000e+00
6.586132120649533517e-02	1.087133646407562049e+00	0.000000000000000000e+00
6.586132120649533517e-02	1.087133646407562049e+00	0.000000000000000000e+00
6.586132120649533517e-02	1.082574079852726801e+00	0.000000000000000000e+00
6.586132120649533517e-02	1.082574079852726801e+00	0.000000000000000000e+00
6.586132120649533517e-02	1.080087633127457147e+00	0.000000000000000000e+00
6.586132120649533517e-02	1.080087633127457147e+00	0.000000000000000000e+00
6.586132120649533517e-02	1.025204297495843742e+00	0.000000000000000000e+00
6.586132120649533517e-02	1.025204297495843742e+00	0.000000000000000000e+00
2.090632965978066471e-01	8.526845228459998260e-01	0.000000000000000000e+00
2.090632965978066471e-01	8.437214116084860160e-01	0.000000000000000000e+00
2.090632965978066471e-01	8.437214116084860160e-01	0.000000000000000000e+00
2.090632965978066471e-01	8.437214116084860160e-01	0.000000000000000000e+00
2.529064622833343545e-01	5.473460229923544640e-01	0.000000000000000000e+00
2.529064622833343545e-01	5.473460229923544640e-01	0.000000000000000000e+00
2.529064622833343545e-01	5.473460229923544640e-01	0.000000000000000000e+00
2.529064622833343545e-01	5.446054904096271354e-01	0.000000000000000000e+00
2.529064622833343545e-01	5.446054904096271354e-01	0.000000000000000000e+00
2.529064622833343545e-01	5.446054904096271354e-01	0.000000000000000000e+00
2.529064622833343545e-01	5.446054904096271354e-01	0.000000000000000000e+00
2.529064622833343545e-01	5.446054904096271354e-01	0.000000000000000000e+00
2.529064622833343545e-01	5.446054904096271354e-01	0.000000000000000000e+00
2.529064622833343545e-01	5.446054904096271354e-01	0.000000000000000000e+00
2.529064622833343545e-01	5.446054904096271354e-01	0.000000000000000000e+00
2.529064622833343545e-01	5.473460229923544640e-01	0.000000000000000000e+00
4.284260982757379654e-01	3.021300910418556196e-01	0.000000000000000000e+00
4.284260982757379654e-01	3.021300910418556196e-01	0.000000000000000000e+00
4.284260982757379654e-01	3.020734145424699979e-01	0.000000000000000000e+00
4.284260982757379654e-01	3.020734145424699979e-01	0.000000000000000000e+00
4.284260982757379654e-01	3.020734145424699979e-01	0.000000000000000000e+00
4.284260982757379654e-01	2.527065117120773641e-01	0.000000000000000000e+00
4.284260982757379654e-01	2.527065117120773641e-01	0.000000000000000000e+00
4.359933960801377073e-01	2.192270176523951897e-01	0.000000000000000000e+00
4.436921564157547682e-01	1.512589441278111568e-01	0.000000000000000000e+00
4.436921564157547682e-01	1.512589441278111568e-01	0.000000000000000000e+00
4.436921564157547682e-01	1.512589441278111568e-01	0.000000000000000000e+00
4.436921564157547682e-01	1.422264199500818949e-01	0.000000000000000000e+00
4.573696817802334058e-01	8.843824652789541996e-02	0.000000000000000000e+00
4.573696817802334058e-01	8.843824652789541996e-02	0.000000000000000000e+00
4.573696817802334058e-01	8.843824652789541996e-02	0.000000000000000000e+00
4.573696817802334058e-01	8.843824652789541996e-02	0.000000000000000000e+00
4.573696817802334058e-01	8.843824652789541996e-02	0.000000000000000000e+00
4.573696817802334058e-01	8.843824652789541996e-02	0.000000000000000000e+00
4.573696817802334058e-01	8.843824652789541996e-02	0.000000000000000000e+00
4.573696817802334058e-01	8.843824652789541996e-02	0.000000000000000000e+00
4.573696817802334058e-01	9.735205962395011847e-02	0.000000000000000000e+00
4.573696817802334058e-01	9.637442602297753569e-02	0.000000000000000000e+00
6.578886865929752803e-01	-2.331752940859023460e-01	0.000000000000000000e+00
6.578886865929752803e-01	-2.331752940859023460e-01	0.000000000000000000e+00
6.578886865929752803e-01	-2.331752940859023460e-01	0.000000000000000000e+00
6.578886865929752803e-01	-2.331752940859023460e-01	0.000000000000000000e+00
6.578886865929752803e-01	-2.331752940859023460e-01	0.000000000000000000e+00
6.578886865929752803e-01	-2.105915532376753385e-01	0.000000000000000000e+00
6.578886865929752803e-01	-2.105915532376753385e-01	0.000000000000000000e+00
6.578886865929752803e-01	-2.105915532376753385e-01	0.000000000000000000e+00
6.578886865929752803e-01	-2.105915532376753385e-01	0.000000000000000000e+00
6.578886865929752803e-01	-2.105915532376753385e-01	0.000000000000000000e+00
6.578886865929752803e-01	-2.105915532376753385e-01	0.000000000000000000e+00
6.578886865929752803e-01	-2.105915532376753385e-01	0.000000000000000000e+00
6.578886865929752803e-01	-2.105915532376753385e-01	0.000000000000000000e+00
6.578886865929752803e-01	-2.256081723911380621e-01	0.000000000000000000e+00
6.578886865929752803e-01	-2.256081723911380621e-01	0.000000000000000000e+00
6.578886865929752803e-01	-2.391143917816182796e-01	0.000000000000000000e+00
6.578886865929752803e-01	-2.869254795481835374e-01	0.000000000000000000e+00
6.578886865929752803e-01	-2.869254795481835374e-01	0.000000000000000000e+00
6.578886865929752803e-01	-2.869254795481835374e-01	0.000000000000000000e+00
6.578886865929752803e-01	-2.910772958768900742e-01	0.000000000000000000e+00
6.578886865929752803e-01	-2.910772958768900742e-01	0.000000000000000000e+00
6.578886865929752803e-01	-2.916824441617990593e-01	0.000000000000000000e+00
6.578886865929752803e-01	-2.916824441617990593e-01	0.000000000000000000e+00
6.578886865929752803e-01	-2.916824441617990593e-01	0.000000000000000000e+00
6.578886865929752803e-01	-2.916824441617990593e-01	0.000000000000000000e+00
8.248851806291229716e-01	-3.204991795163875112e-01	0.000000000000000000e+00
8.248851806291229716e-01	-3.204991795163875112e-01	0.000000000000000000e+00
8.248851806291229716e-01	-3.237590715685564335e-01	0.000000000000000000e+00
8.328558088046960073e-01	-4.185893160665631330e-01	0.000000000000000000e+00
8.328558088046960073e-01	-4.118976357276568634e-01	0.000000000000000000e+00
8.328558088046960073e-01	-4.118976357276568634e-01	0.000000000000000000e+00
8.328558088046960073e-01	-4.118976357276568634e-01	0.000000000000000000e+00
8.328558088046960073e-01	-4.118976357276568634e-01	0.000000000000000000e+00
8.328558088046960073e-01	-4.118976357276568634e-01	0.000000000000000000e+00
8.328558088046960073e-01	-4.261777825468332503e-01	0.000000000000000000e+00
8.451145186042317015e-01	-5.201528560402064461e-01	0.000000000000000000e+00
8.451145186042317015e-01	-5.201528560402064461e-01	0.000000000000000000e+00
8.451145186042317015e-01	-5.201528560402064461e-01	0.000000000000000000e+00
8.451145186042317015e-01	-5.201528560402064461e-01	0.000000000000000000e+00
8.451145186042317015e-01	-5.051387500392863217e-01	0.000000000000000000e+00
8.451145186042317015e-01	-5.051387500392863217e-01	0.000000000000000000e+00
8.451145186042317015e-01	-5.077065130648787949e-01	0.000000000000000000e+00
8.451145186042317015e-01	-5.077065130648787949e-01	0.000000000000000000e+00
8.576831885240824294e-01	-5.642902792274674395e-01	0.000000000000000000e+00
8.576831885240824294e-01	-5.642902792274674395e-01	0.000000000000000000e+00
8.576831885240824294e-01	-5.642902792274674395e-01	0.000000000000000000e+00
8.576831885240824294e-01	-5.642902792274674395e-01	0.000000000000000000e+00
8.576831885240824294e-01	-5.642902792274674395e-01	0.000000000000000000e+00
8.576831885240824294e-01	-5.642902792274674395e-01	0.000000000000000000e+00
8.576831885240824294e-01	-5.642902792274674395e-01	0.000000000000000000e+00
