0.000000000000000000e+00	1.001340382165115672e+00	0.000000000000000000e+00
0.000000000000000000e+00	1.001340382165115672e+00	0.000000000000000000e+00
3.014807595191851958e-02	8.031195646822519851e-01	0.000000000000000000e+00
3.014807595191851958e-02	8.031195646822519851e-01	0.000000000000000000e+00
6.412952180111124167e-02	6.900181070450653875e-01	0.000000000000000000e+00
6.412952180111124167e-02	6.900181070450653875e-01	0.000000000000000000e+00
6.412952180111124167e-02	6.900181070450653875e-01	0.000000000000000000e+00
6.412952180111124167e-02	6.900181070450653875e-01	0.000000000000000000e+00
6.412952180111124167e-02	6.900181070450653875e-01	0.000000000000000000e+00
6.412952180111124167e-02	6.900181070450653875e-01	0.000000000000000000e+00
6.412952180111124167e-02	6.900181070450653875e-01	0.000000000000000000e+00
6.412952180111124167e-02	6.900181070450653875e-01	0.000000000000000000e+00
6.412952180111124167e-02	6.900181070450653875e-01	0.000000000000000000e+00
2.025940410321591945e-01	5.395591718759145117e-01	0.000000000000000000e+00
2.025940410321591945e-01	5.334035511437360544e-01	0.000000000000000000e+00
2.090632965978066471e-01	4.840396953399818680e-01	0.000000000000000000e+00
2.090632965978066471e-01	4.840396953399818680e-01	0.000000000000000000e+00
2.455592069520755039e-01	2.662534841067884517e-01	0.000000000000000000e+00
2.455592069520755039e-01	2.662534841067884517e-01	0.000000000000000000e+00
2.455592069520755039e-01	2.662534841067884517e-01	0.000000000000000000e+00
2.455592069520755039e-01	2.612873304703389743e-01	0.000000000000000000e+00
2.529064622833343545e-01	2.452490294151419281e-01	0.000000000000000000e+00
2.529064622833343545e-01	2.452490294151419281e-01	0.000000000000000000e+00
2.529064622833343545e-01	2.452490294151419281e-01	0.000000000000000000e+00
2.529064622833343545e-01	2.452490294151419281e-01	0.000000000000000000e+00
2.529064622833343545e-01	2.452490294151419281e-01	0.000000000000000000e+00
2.529064622833343545e-01	2.452490294151419281e-01	0.000000000000000000e+00
2.529064622833343545e-01	2.452490294151419281e-01	0.000000000000000000e+00
2.529064622833343545e-01	2.452490294151419281e-01	0.000000000000000000e+00
2.529064622833343545e-01	2.452490294151419281e-01	0.000000000000000000e+00
4.211562599981272803e-01	1.137379660067364129e-01	0.000000000000000000e+00
4.211562599981272803e-01	1.137379660067364129e-01	0.000000000000000000e+00
4.211562599981272803e-01	1.137379660067364129e-01	0.000000000000000000e+00
4.211562599981272803e-01	1.022077035488626190e-01	0.000000000000000000e+00
4.284260982757379654e-01	4.326301113414711408e-02	0.000000000000000000e+00
4.284260982757379654e-01	4.326301113414711408e-02	0.000000000000000000e+00
4.284260982757379654e-01	1.799345278910945839e-02	0.000000000000000000e+00
4.345621482081090670e-01	-8.732219334745201442e-03	0.000000000000000000e+00
4.345621482081090670e-01	-3.280970904299920776e-02	0.000000000000000000e+00
4.447462120264057406e-01	-9.341133578131186055e-02	0.000000000000000000e+00
4.447462120264057406e-01	-9.341133578131186055e-02	0.000000000000000000e+00
4.447462120264057406e-01	-9.978048692407109899e-02	0.000000000000000000e+00
4.573696817802334058e-01	-1.170648846322437375e-01	0.000000000000000000e+00
4.573696817802334058e-01	-1.170648846322437375e-01	0.000000000000000000e+00
4.573696817802334058e-01	-1.170648846322437375e-01	0.000000000000000000e+00
4.573696817802334058e-01	-1.170648846322437375e-01	0.000000000000000000e+00
4.573696817802334058e-01	-1.170648846322437375e-01	0.000000000000000000e+00
4.573696817802334058e-01	-1.170648846322437375e-01	0.000000000000000000e+00
4.573696817802334058e-01	-1.170648846322437375e-01	0.000000000000000000e+00
4.573696817802334058e-01	-1.170648846322437375e-01	0.000000000000000000e+00
4.573696817802334058e-01	-1.170648846322437375e-01	0.000000000000000000e+00
6.352841764281950132e-01	-3.294632683982871013e-01	0.000000000000000000e+00
6.352841764281950132e-01	-3.294632683982871013e-01	0.000000000000000000e+00
6.352841764281950132e-01	-3.294632683982871013e-01	0.000000000000000000e+00
6.352841764281950132e-01	-3.294632683982871013e-01	0.000000000000000000e+00
6.352841764281950132e-01	-3.294632683982871013e-01	0.000000000000000000e+00
6.352841764281950132e-01	-3.294632683982871013e-01	0.000000000000000000e+00
6.352841764281950132e-01	-3.294632683982871013e-01	0.000000000000000000e+00
6.352841764281950132e-01	-3.294632683982871013e-01	0.000000000000000000e+00
6.352841764281950132e-01	-3.294632683982871013e-01	0.000000000000000000e+00
6.352841764281950132e-01	-3.294632683982871013e-01	0.000000000000000000e+00
6.352841764281950132e-01	-3.446222491723310855e-01	0.000000000000000000e+00
6.352841764281950132e-01	-3.510560742970915138e-01	0.000000000000000000e+00
6.443131328844380334e-01	-4.123186282407602099e-01	0.000000000000000000e+00
6.443131328844380334e-01	-4.274243890335017726e-01	0.000000000000000000e+00
6.443131328844380334e-01	-4.274243890335017726e-01	0.000000000000000000e+00
6.443131328844380334e-01	-4.274243890335017726e-01	0.000000000000000000e+00
6.443131328844380334e-01	-4.274243890335017726e-01	0.000000000000000000e+00
6.443131328844380334e-01	-4.333097846977296830e-01	0.000000000000000000e+00
6.443131328844380334e-01	-4.333097846977296830e-01	0.000000000000000000e+00
6.443131328844380334e-01	-4.319978158275191715e-01	0.000000000000000000e+00
6.443131328844380334e-01	-4.319978158275191715e-01	0.000000000000000000e+00
6.443131328844380334e-01	-4.319978158275191715e-01	0.000000000000000000e+00
8.328558088046960073e-01	-6.046412940153454985e-01	0.000000000000000000e+00
8.328558088046960073e-01	-6.046412940153454985e-01	0.000000000000000000e+00
8.328558088046960073e-01	-6.046412940153454985e-01	0.000000000000000000e+00
8.328558088046960073e-01	-6.046412940153454985e-01	0.000000000000000000e+00
8.328558088046960073e-01	-6.029827377418489620e-01	0.000000000000000000e+00
8.328558088046960073e-01	-6.029827377418489620e-01	0.000000000000000000e+00
8.328558088046960073e-01	-5.589887972527948223e-01	0.000000000000000000e+00
8.328558088046960073e-01	-5.589887972527948223e-01	0.000000000000000000e+00
8.328558088046960073e-01	-5.589887972527948223e-01	0.000000000000000000e+00
8.328558088046960073e-01	-5.589887972527948223e-01	0.000000000000000000e+00
8.328558088046960073e-01	-5.835085394800644254e-01	0.000000000000000000e+00
8.328558088046960073e-01	-5.823903314151265276e-01	0.000000000000000000e+00
8.328558088046960073e-01	-5.981923129269677286e-01	0.000000000000000000e+00
8.356232840009615304e-01	-6.376365129620613637e-01	0.000000000000000000e+00
8.356232840009615304e-01	-6.376365129620613637e-01	0.000000000000000000e+00
8.356232840009615304e-01	-6.376365129620613637e-01	0.000000000000000000e+00
8.356232840009615304e-01	-6.387720912468339840e-01	0.000000000000000000e+00
8.411086166877086434e-01	-6.970779203908781252e-01	0.000000000000000000e+00
8.411086166877086434e-01	-6.970779203908781252e-01	0.000000000000000000e+00
8.411086166877086434e-01	-6.970779203908781252e-01	0.000000000000000000e+00
8.411086166877086434e-01	-6.970779203908781252e-01	0.000000000000000000e+00
8.411086166877086434e-01	-6.970779203908781252e-01	0.000000000000000000e+00
8.411086166877086434e-01	-6.970779203908781252e-01	0.000000000000000000e+00
8.411086166877086434e-01	-7.045013743514583204e-01	0.000000000000000000e+00
8.451145186042317015e-01	-7.294989584952309425e-01	0.000000000000000000e+00
8.451145186042317015e-01	-7.294989584952309425e-01	0.000000000000000000e+00
8.451145186042317015e-01	-7.295114668991370399e-01	0.000000000000000000e+00
