0.000000000000000000e+00	1.000000000000000000e+00	0.000000000000000000e+00
0.000000000000000000e+00	1.000000000000000000e+00	0.000000000000000000e+00
3.014807595191851958e-02	8.018955101760951720e-01	0.000000000000000000e+00
4.448746379094398878e-02	7.452574849161925918e-01	0.000000000000000000e+00
5.586013577191697305e-02	7.087363489265168237e-01	0.000000000000000000e+00
6.643639841424825443e-02	6.844730038667236061e-01	0.000000000000000000e+00
7.953118316338600446e-02	6.702974616516871320e-01	0.000000000000000000e+00
7.953118316338600446e-02	6.702974616516871320e-01	0.000000000000000000e+00
7.953118316338600446e-02	6.702974616516871320e-01	0.000000000000000000e+00
7.953118316338600446e-02	6.702974616516871320e-01	0.000000000000000000e+00
7.953118316338600446e-02	6.702974616516871320e-01	0.000000000000000000e+00
7.953118316338600446e-02	6.702974616516871320e-01	0.000000000000000000e+00
7.953118316338600446e-02	6.702974616516871320e-01	0.000000000000000000e+00
1.998207800123505407e-01	5.541118808221038305e-01	0.000000000000000000e+00
2.090632965978066471e-01	4.909570797379194662e-01	0.000000000000000000e+00
2.184574164055123335e-01	4.162053234988743466e-01	0.000000000000000000e+00
2.184574164055123335e-01	4.129119844310632503e-01	0.000000000000000000e+00
2.184574164055123335e-01	4.129119844310632503e-01	0.000000000000000000e+00
2.448319257796191251e-01	2.635830272035160071e-01	0.000000000000000000e+00
2.448319257796191251e-01	2.635830272035160071e-01	0.000000000000000000e+00
2.556320747176823449e-01	2.427582815325248222e-01	0.000000000000000000e+00
2.556320747176823449e-01	2.427582815325248222e-01	0.000000000000000000e+00
2.556320747176823449e-01	2.427582815325248222e-01	0.000000000000000000e+00
2.556320747176823449e-01	2.427582815325248222e-01	0.000000000000000000e+00
2.556320747176823449e-01	2.427582815325248222e-01	0.000000000000000000e+00
2.556320747176823449e-01	2.427582815325248222e-01	0.000000000000000000e+00
2.556320747176823449e-01	2.427582815325248222e-01	0.000000000000000000e+00
2.556320747176823449e-01	2.427582815325248222e-01	0.000000000000000000e+00
2.556320747176823449e-01	2.427582815325248222e-01	0.000000000000000000e+00
4.172525655768717923e-01	1.652435500906286325e-01	0.000000000000000000e+00
4.172525655768717923e-01	1.652435500906286325e-01	0.000000000000000000e+00
4.172525655768717923e-01	1.447880698092343654e-01	0.000000000000000000e+00
4.211562599981272803e-01	9.663655255716786796e-02	0.000000000000000000e+00
4.284260982757379654e-01	4.338315313898014752e-02	0.000000000000000000e+00
4.284260982757379654e-01	4.338315313898014752e-02	0.000000000000000000e+00
4.284260982757379654e-01	1.660409229426990790e-02	0.000000000000000000e+00
4.345621482081090670e-01	-4.284014817208790099e-02	0.000000000000000000e+00
4.345621482081090670e-01	-4.284014817208790099e-02	0.000000000000000000e+00
4.414974942278560022e-01	-7.971491777511111043e-02	0.000000000000000000e+00
4.414974942278560022e-01	-8.610964834046376526e-02	0.000000000000000000e+00
4.447462120264057406e-01	-1.055949366504826958e-01	0.000000000000000000e+00
4.507996201550432125e-01	-1.220735183538447233e-01	0.000000000000000000e+00
4.507996201550432125e-01	-1.220735183538447233e-01	0.000000000000000000e+00
4.507996201550432125e-01	-1.220735183538447233e-01	0.000000000000000000e+00
4.507996201550432125e-01	-1.220735183538447233e-01	0.000000000000000000e+00
4.507996201550432125e-01	-1.220735183538447233e-01	0.000000000000000000e+00
4.507996201550432125e-01	-1.220735183538447233e-01	0.000000000000000000e+00
4.507996201550432125e-01	-1.220735183538447233e-01	0.000000000000000000e+00
4.507996201550432125e-01	-1.220735183538447233e-01	0.000000000000000000e+00
6.246542641740692181e-01	-2.163257167083729449e-01	0.000000000000000000e+00
6.246542641740692181e-01	-2.163257167083729449e-01	0.000000000000000000e+00
6.246542641740692181e-01	-2.163257167083729449e-01	0.000000000000000000e+00
6.246542641740692181e-01	-2.163257167083729449e-01	0.000000000000000000e+00
6.246542641740692181e-01	-2.272244843903274969e-01	0.000000000000000000e+00
6.352841764281950132e-01	-3.400185114146094256e-01	0.000000000000000000e+00
6.352841764281950132e-01	-3.501696922755556662e-01	0.000000000000000000e+00
6.352841764281950132e-01	-3.501696922755556662e-01	0.000000000000000000e+00
6.352841764281950132e-01	-3.501696922755556662e-01	0.000000000000000000e+00
6.352841764281950132e-01	-3.501696922755556662e-01	0.000000000000000000e+00
6.352841764281950132e-01	-3.501696922755556662e-01	0.000000000000000000e+00
6.352841764281950132e-01	-3.548028930517218571e-01	0.000000000000000000e+00
6.413891637860666961e-01	-4.111011876759057548e-01	0.000000000000000000e+00
6.413891637860666961e-01	-4.018279542672480442e-01	0.000000000000000000e+00
6.413891637860666961e-01	-4.018279542672480442e-01	0.000000000000000000e+00
6.413891637860666961e-01	-4.172586351191503451e-01	0.000000000000000000e+00
6.443131328844380334e-01	-4.279180693757949627e-01	0.000000000000000000e+00
6.529084406522234207e-01	-4.509778832700994666e-01	0.000000000000000000e+00
6.529084406522234207e-01	-4.582123597250958857e-01	0.000000000000000000e+00
6.529084406522234207e-01	-4.582123597250958857e-01	0.000000000000000000e+00
6.529084406522234207e-01	-4.582123597250958857e-01	0.000000000000000000e+00
6.529084406522234207e-01	-4.582123597250958857e-01	0.000000000000000000e+00
6.529084406522234207e-01	-4.582123597250958857e-01	0.000000000000000000e+00
6.529084406522234207e-01	-4.582123597250958857e-01	0.000000000000000000e+00
8.328558088046960073e-01	-6.143608857632131270e-01	0.000000000000000000e+00
8.328558088046960073e-01	-6.143608857632131270e-01	0.000000000000000000e+00
8.328558088046960073e-01	-6.143608857632131270e-01	0.000000000000000000e+00
8.328558088046960073e-01	-6.143608857632131270e-01	0.000000000000000000e+00
8.328558088046960073e-01	-6.143608857632131270e-01	0.000000000000000000e+00
8.328558088046960073e-01	-6.143608857632131270e-01	0.000000000000000000e+00
8.328558088046960073e-01	-6.143608857632131270e-01	0.000000000000000000e+00
8.328558088046960073e-01	-5.897028882170799458e-01	0.000000000000000000e+00
8.328558088046960073e-01	-5.897028882170799458e-01	0.000000000000000000e+00
8.328558088046960073e-01	-6.029430780929110334e-01	0.000000000000000000e+00
8.328558088046960073e-01	-6.077941023588662173e-01	0.000000000000000000e+00
8.328558088046960073e-01	-6.216567503983992937e-01	0.000000000000000000e+00
8.356232840009615304e-01	-6.297226904871765507e-01	0.000000000000000000e+00
8.356232840009615304e-01	-6.496041313978623277e-01	0.000000000000000000e+00
8.356232840009615304e-01	-6.642423973713779128e-01	0.000000000000000000e+00
8.356232840009615304e-01	-6.642423973713779128e-01	0.000000000000000000e+00
8.411086166877086434e-01	-7.239188981634876452e-01	0.000000000000000000e+00
8.411086166877086434e-01	-7.112303006537938899e-01	0.000000000000000000e+00
8.411086166877086434e-01	-7.112303006537938899e-01	0.000000000000000000e+00
8.411086166877086434e-01	-7.112303006537938899e-01	0.000000000000000000e+00
8.411086166877086434e-01	-7.239188981634876452e-01	0.000000000000000000e+00
8.411086166877086434e-01	-7.239188981634876452e-01	0.000000000000000000e+00
8.434146223539531473e-01	-7.327136453352925960e-01	0.000000000000000000e+00
8.451145186042317015e-01	-7.413043712181832667e-01	0.000000000000000000e+00
8.451145186042317015e-01	-7.510646335321716771e-01	0.000000000000000000e+00
8.451145186042317015e-01	-7.531578545761508092e-01	0.000000000000000000e+00
8.451145186042317015e-01	-7.531578545761508092e-01	0.000000000000000000e+00
