0.000000000000000000e+00	1.217229542041517787e+00	0.000000000000000000e+00
0.000000000000000000e+00	1.210059018659062069e+00	0.000000000000000000e+00
3.014807595191851958e-02	9.941787002630539938e-01	0.000000000000000000e+00
3.996814334014284209e-02	9.691872085164879858e-01	0.000000000000000000e+00
6.586132120649533517e-02	8.687776212933498998e-01	0.000000000000000000e+00
6.586132120649533517e-02	8.623957910820233552e-01	0.000000000000000000e+00
6.586132120649533517e-02	8.623957910820233552e-01	0.000000000000000000e+00
6.586132120649533517e-02	8.606540713112060814e-01	0.000000000000000000e+00
6.586132120649533517e-02	8.606540713112060814e-01	0.000000000000000000e+00
6.586132120649533517e-02	8.606540713112060814e-01	0.000000000000000000e+00
6.586132120649533517e-02	8.606540713112060814e-01	0.000000000000000000e+00
6.586132120649533517e-02	8.606540713112060814e-01	0.000000000000000000e+00
2.025940410321591945e-01	7.231338369306333780e-01	0.000000000000000000e+00
2.090632965978066471e-01	6.002015370422831841e-01	0.000000000000000000e+00
2.090632965978066471e-01	5.516672960123480962e-01	0.000000000000000000e+00
2.090632965978066471e-01	5.447940753363331723e-01	0.000000000000000000e+00
2.090632965978066471e-01	5.447940753363331723e-01	0.000000000000000000e+00
2.529064622833343545e-01	3.027880657002625098e-01	0.000000000000000000e+00
2.529064622833343545e-01	3.027880657002625098e-01	0.000000000000000000e+00
2.529064622833343545e-01	3.027880657002625098e-01	0.000000000000000000e+00
2.529064622833343545e-01	3.027880657002625098e-01	0.000000000000000000e+00
2.529064622833343545e-01	3.027880657002625098e-01	0.000000000000000000e+00
2.529064622833343545e-01	3.027880657002625098e-01	0.000000000000000000e+00
2.529064622833343545e-01	2.913667541042800901e-01	0.000000000000000000e+00
2.529064622833343545e-01	2.913667541042800901e-01	0.000000000000000000e+00
2.529064622833343545e-01	2.913667541042800901e-01	0.000000000000000000e+00
2.529064622833343545e-01	2.913667541042800901e-01	0.000000000000000000e+00
2.529064622833343545e-01	2.913667541042800901e-01	0.000000000000000000e+00
2.529064622833343545e-01	2.913667541042800901e-01	0.000000000000000000e+00
2.529064622833343545e-01	2.913667541042800901e-01	0.000000000000000000e+00
2.529064622833343545e-01	2.913667541042800901e-01	0.000000000000000000e+00
4.284260982757379654e-01	7.768526391451210933e-02	0.000000000000000000e+00
4.284260982757379654e-01	7.768526391451210933e-02	0.000000000000000000e+00
4.284260982757379654e-01	7.768526391451210933e-02	0.000000000000000000e+00
4.284260982757379654e-01	7.768526391451210933e-02	0.000000000000000000e+00
4.284260982757379654e-01	7.768526391451210933e-02	0.000000000000000000e+00
4.284260982757379654e-01	7.768526391451210933e-02	0.000000000000000000e+00
4.345621482081090670e-01	6.266120243940650689e-03	0.000000000000000000e+00
4.345621482081090670e-01	6.266120243940650689e-03	0.000000000000000000e+00
4.345621482081090670e-01	-1.496435763636636300e-03	0.000000000000000000e+00
4.345621482081090670e-01	-2.134032124040648529e-03	0.000000000000000000e+00
4.573696817802334058e-01	-7.809982506248731859e-02	0.000000000000000000e+00
4.573696817802334058e-01	-7.809982506248731859e-02	0.000000000000000000e+00
4.573696817802334058e-01	-7.809982506248731859e-02	0.000000000000000000e+00
4.573696817802334058e-01	-8.044766459259720948e-02	0.000000000000000000e+00
4.573696817802334058e-01	-8.044766459259720948e-02	0.000000000000000000e+00
4.573696817802334058e-01	-8.044766459259720948e-02	0.000000000000000000e+00
4.573696817802334058e-01	-8.044766459259720948e-02	0.000000000000000000e+00
4.573696817802334058e-01	-8.044766459259720948e-02	0.000000000000000000e+00
4.573696817802334058e-01	-7.809982506248731859e-02	0.000000000000000000e+00
4.573696817802334058e-01	-7.714641109171523070e-02	0.000000000000000000e+00
4.573696817802334058e-01	-7.201758202330633962e-02	0.000000000000000000e+00
6.443131328844380334e-01	-3.476729122253137683e-01	0.000000000000000000e+00
6.443131328844380334e-01	-3.476729122253137683e-01	0.000000000000000000e+00
6.443131328844380334e-01	-3.476729122253137683e-01	0.000000000000000000e+00
6.443131328844380334e-01	-3.628087285493827308e-01	0.000000000000000000e+00
6.443131328844380334e-01	-3.628087285493827308e-01	0.000000000000000000e+00
6.443131328844380334e-01	-3.628087285493827308e-01	0.000000000000000000e+00
6.443131328844380334e-01	-3.628087285493827308e-01	0.000000000000000000e+00
6.443131328844380334e-01	-3.628087285493827308e-01	0.000000000000000000e+00
6.443131328844380334e-01	-3.628087285493827308e-01	0.000000000000000000e+00
6.443131328844380334e-01	-3.628087285493827308e-01	0.000000000000000000e+00
6.443131328844380334e-01	-3.628087285493827308e-01	0.000000000000000000e+00
6.443131328844380334e-01	-3.451562940095979082e-01	0.000000000000000000e+00
6.443131328844380334e-01	-3.451562940095979082e-01	0.000000000000000000e+00
6.443131328844380334e-01	-3.451562940095979082e-01	0.000000000000000000e+00
6.443131328844380334e-01	-3.561942239409142119e-01	0.000000000000000000e+00
6.443131328844380334e-01	-3.561942239409142119e-01	0.000000000000000000e+00
6.576963288093086168e-01	-3.637172486302737151e-01	0.000000000000000000e+00
6.578886865929752803e-01	-3.668457149376903037e-01	0.000000000000000000e+00
6.578886865929752803e-01	-3.673877436205809643e-01	0.000000000000000000e+00
6.578886865929752803e-01	-3.673877436205809643e-01	0.000000000000000000e+00
6.578886865929752803e-01	-3.668457149376903037e-01	0.000000000000000000e+00
8.328558088046960073e-01	-5.195026392077353172e-01	0.000000000000000000e+00
8.328558088046960073e-01	-5.156255190326602955e-01	0.000000000000000000e+00
8.328558088046960073e-01	-5.156255190326602955e-01	0.000000000000000000e+00
8.328558088046960073e-01	-5.156255190326602955e-01	0.000000000000000000e+00
8.328558088046960073e-01	-5.156255190326602955e-01	0.000000000000000000e+00
8.328558088046960073e-01	-5.279514099403751493e-01	0.000000000000000000e+00
8.328558088046960073e-01	-5.279514099403751493e-01	0.000000000000000000e+00
8.328558088046960073e-01	-5.279514099403751493e-01	0.000000000000000000e+00
8.328558088046960073e-01	-5.279514099403751493e-01	0.000000000000000000e+00
8.328558088046960073e-01	-5.279514099403751493e-01	0.000000000000000000e+00
8.328558088046960073e-01	-5.279514099403751493e-01	0.000000000000000000e+00
8.328558088046960073e-01	-5.279514099403751493e-01	0.000000000000000000e+00
8.328558088046960073e-01	-5.363923700913526549e-01	0.000000000000000000e+00
8.451145186042317015e-01	-6.664116660874424003e-01	0.000000000000000000e+00
8.451145186042317015e-01	-6.664116660874424003e-01	0.000000000000000000e+00
8.451145186042317015e-01	-6.664116660874424003e-01	0.000000000000000000e+00
8.451145186042317015e-01	-6.664116660874424003e-01	0.000000000000000000e+00
8.451145186042317015e-01	-6.664116660874424003e-01	0.000000000000000000e+00
8.451145186042317015e-01	-6.664116660874424003e-01	0.000000000000000000e+00
8.451145186042317015e-01	-6.664116660874424003e-01	0.000000000000000000e+00
8.451145186042317015e-01	-6.664116660874424003e-01	0.000000000000000000e+00
8.451145186042317015e-01	-6.500933524439914679e-01	0.000000000000000000e+00
8.451145186042317015e-01	-6.500933524439914679e-01	0.000000000000000000e+00
8.451145186042317015e-01	-6.531977855569143232e-01	0.000000000000000000e+00
8.451145186042317015e-01	-6.531977855569143232e-01	0.000000000000000000e+00
8.451145186042317015e-01	-6.560019103874913382e-01	0.000000000000000000e+00
8.451145186042317015e-01	-6.560019103874913382e-01	0.000000000000000000e+00
