0.000000000000000000e+00	1.010125929206897366e+00	0.000000000000000000e+00
0.000000000000000000e+00	1.001340382165115672e+00	0.000000000000000000e+00
3.014807595191851958e-02	8.031195646822519851e-01	0.000000000000000000e+00
3.014807595191851958e-02	8.031195646822519851e-01	0.000000000000000000e+00
6.412952180111124167e-02	6.900181070450653875e-01	0.000000000000000000e+00
6.412952180111124167e-02	6.900181070450653875e-01	0.000000000000000000e+00
6.412952180111124167e-02	6.900181070450653875e-01	0.000000000000000000e+00
6.412952180111124167e-02	6.900181070450653875e-01	0.000000000000000000e+00
6.412952180111124167e-02	6.900181070450653875e-01	0.000000000000000000e+00
6.412952180111124167e-02	6.900181070450653875e-01	0.000000000000000000e+00
6.412952180111124167e-02	6.900181070450653875e-01	0.000000000000000000e+00
6.412952180111124167e-02	6.900181070450653875e-01	0.000000000000000000e+00
6.412952180111124167e-02	6.900181070450653875e-01	0.000000000000000000e+00
2.025940410321591945e-01	5.334035511437360544e-01	0.000000000000000000e+00
2.025940410321591945e-01	5.334035511437360544e-01	0.000000000000000000e+00
2.090632965978066471e-01	4.840396953399818680e-01	0.000000000000000000e+00
2.090632965978066471e-01	4.840396953399818680e-01	0.000000000000000000e+00
2.455592069520755039e-01	2.787730446502196813e-01	0.000000000000000000e+00
2.455592069520755039e-01	2.787730446502196813e-01	0.000000000000000000e+00
2.455592069520755039e-01	2.787730446502196813e-01	0.000000000000000000e+00
2.455592069520755039e-01	2.612873304703389743e-01	0.000000000000000000e+00
2.529064622833343545e-01	2.452490294151419281e-01	0.000000000000000000e+00
2.529064622833343545e-01	2.452490294151419281e-01	0.000000000000000000e+00
2.529064622833343545e-01	2.452490294151419281e-01	0.000000000000000000e+00
2.529064622833343545e-01	2.452490294151419281e-01	0.000000000000000000e+00
2.529064622833343545e-01	2.452490294151419281e-01	0.000000000000000000e+00
2.529064622833343545e-01	2.452490294151419281e-01	0.000000000000000000e+00
2.529064622833343545e-01	2.452490294151419281e-01	0.000000000000000000e+00
2.529064622833343545e-01	2.452490294151419281e-01	0.000000000000000000e+00
2.529064622833343545e-01	2.452490294151419281e-01	0.000000000000000000e+00
4.211562599981272803e-01	1.022077035488626190e-01	0.000000000000000000e+00
4.211562599981272803e-01	1.022077035488626190e-01	0.000000000000000000e+00
4.211562599981272803e-01	1.022077035488626190e-01	0.000000000000000000e+00
4.211562599981272803e-01	1.022077035488626190e-01	0.000000000000000000e+00
4.284260982757379654e-01	1.799345278910945839e-02	0.000000000000000000e+00
4.284260982757379654e-01	1.799345278910945839e-02	0.000000000000000000e+00
4.284260982757379654e-01	1.799345278910945839e-02	0.000000000000000000e+00
4.345621482081090670e-01	-1.097098313644642373e-02	0.000000000000000000e+00
4.345621482081090670e-01	-3.280970904299920776e-02	0.000000000000000000e+00
4.447462120264057406e-01	-9.126324640564240087e-02	0.000000000000000000e+00
4.447462120264057406e-01	-9.126324640564240087e-02	0.000000000000000000e+00
4.447462120264057406e-01	-9.829814358125785190e-02	0.000000000000000000e+00
4.573696817802334058e-01	-1.139180279000936435e-01	0.000000000000000000e+00
4.573696817802334058e-01	-1.166998839147287692e-01	0.000000000000000000e+00
4.573696817802334058e-01	-1.166998839147287692e-01	0.000000000000000000e+00
4.573696817802334058e-01	-1.166998839147287692e-01	0.000000000000000000e+00
4.573696817802334058e-01	-1.166998839147287692e-01	0.000000000000000000e+00
4.573696817802334058e-01	-1.151009259919075489e-01	0.000000000000000000e+00
4.573696817802334058e-01	-1.151009259919075489e-01	0.000000000000000000e+00
4.573696817802334058e-01	-1.151009259919075489e-01	0.000000000000000000e+00
4.573696817802334058e-01	-1.151009259919075489e-01	0.000000000000000000e+00
6.352841764281950132e-01	-3.314109327747062905e-01	0.000000000000000000e+00
6.352841764281950132e-01	-3.314109327747062905e-01	0.000000000000000000e+00
6.352841764281950132e-01	-3.314109327747062905e-01	0.000000000000000000e+00
6.352841764281950132e-01	-3.314109327747062905e-01	0.000000000000000000e+00
6.352841764281950132e-01	-3.187624519730481443e-01	0.000000000000000000e+00
6.352841764281950132e-01	-3.187624519730481443e-01	0.000000000000000000e+00
6.352841764281950132e-01	-3.187624519730481443e-01	0.000000000000000000e+00
6.352841764281950132e-01	-2.909488016469306548e-01	0.000000000000000000e+00
6.352841764281950132e-01	-3.393087115645026519e-01	0.000000000000000000e+00
6.352841764281950132e-01	-3.393087115645026519e-01	0.000000000000000000e+00
6.352841764281950132e-01	-3.393087115645026519e-01	0.000000000000000000e+00
6.352841764281950132e-01	-3.497114955894199961e-01	0.000000000000000000e+00
6.443131328844380334e-01	-4.211910554078656665e-01	0.000000000000000000e+00
6.443131328844380334e-01	-4.211910554078656665e-01	0.000000000000000000e+00
6.443131328844380334e-01	-4.211910554078656665e-01	0.000000000000000000e+00
6.443131328844380334e-01	-4.211910554078656665e-01	0.000000000000000000e+00
6.443131328844380334e-01	-4.307697412320576347e-01	0.000000000000000000e+00
6.443131328844380334e-01	-4.333097846977296830e-01	0.000000000000000000e+00
6.443131328844380334e-01	-4.333097846977296830e-01	0.000000000000000000e+00
6.443131328844380334e-01	-4.319978158275191715e-01	0.000000000000000000e+00
6.443131328844380334e-01	-4.319978158275191715e-01	0.000000000000000000e+00
6.443131328844380334e-01	-4.319978158275191715e-01	0.000000000000000000e+00
8.328558088046960073e-01	-5.852516293137238756e-01	0.000000000000000000e+00
8.328558088046960073e-01	-5.852516293137238756e-01	0.000000000000000000e+00
8.328558088046960073e-01	-5.852516293137238756e-01	0.000000000000000000e+00
8.328558088046960073e-01	-5.852516293137238756e-01	0.000000000000000000e+00
8.328558088046960073e-01	-5.852516293137238756e-01	0.000000000000000000e+00
8.328558088046960073e-01	-5.852516293137238756e-01	0.000000000000000000e+00
8.328558088046960073e-01	-5.852516293137238756e-01	0.000000000000000000e+00
8.328558088046960073e-01	-5.852516293137238756e-01	0.000000000000000000e+00
8.328558088046960073e-01	-5.852516293137238756e-01	0.000000000000000000e+00
8.328558088046960073e-01	-5.799970475077035337e-01	0.000000000000000000e+00
8.328558088046960073e-01	-5.988640370659435996e-01	0.000000000000000000e+00
8.328558088046960073e-01	-5.988640370659435996e-01	0.000000000000000000e+00
8.328558088046960073e-01	-5.988640370659435996e-01	0.000000000000000000e+00
8.356232840009615304e-01	-6.293493071015966445e-01	0.000000000000000000e+00
8.356232840009615304e-01	-6.293493071015966445e-01	0.000000000000000000e+00
8.356232840009615304e-01	-6.293493071015966445e-01	0.000000000000000000e+00
8.356232840009615304e-01	-6.387720912468339840e-01	0.000000000000000000e+00
8.411086166877086434e-01	-6.918789667951286138e-01	0.000000000000000000e+00
8.411086166877086434e-01	-6.918789667951286138e-01	0.000000000000000000e+00
8.411086166877086434e-01	-6.918789667951286138e-01	0.000000000000000000e+00
8.411086166877086434e-01	-6.918789667951286138e-01	0.000000000000000000e+00
8.411086166877086434e-01	-6.918789667951286138e-01	0.000000000000000000e+00
8.411086166877086434e-01	-7.006080725172515455e-01	0.000000000000000000e+00
8.451145186042317015e-01	-7.204539715736386629e-01	0.000000000000000000e+00
8.451145186042317015e-01	-7.204539715736386629e-01	0.000000000000000000e+00
8.451145186042317015e-01	-7.291684011067075533e-01	0.000000000000000000e+00
8.451145186042317015e-01	-7.295114668991370399e-01	0.000000000000000000e+00
