0.000000000000000000e+00	1.210059018659062069e+00	0.000000000000000000e+00
0.000000000000000000e+00	1.210059018659062069e+00	0.000000000000000000e+00
3.014807595191851958e-02	1.006855392600932042e+00	0.000000000000000000e+00
3.996814334014284209e-02	9.691872085164879858e-01	0.000000000000000000e+00
6.586132120649533517e-02	8.724645064840564901e-01	0.000000000000000000e+00
6.586132120649533517e-02	8.699016653250224440e-01	0.000000000000000000e+00
6.586132120649533517e-02	8.699016653250224440e-01	0.000000000000000000e+00
6.586132120649533517e-02	8.699016653250224440e-01	0.000000000000000000e+00
6.586132120649533517e-02	8.664165194570917494e-01	0.000000000000000000e+00
6.586132120649533517e-02	8.664165194570917494e-01	0.000000000000000000e+00
6.586132120649533517e-02	8.664165194570917494e-01	0.000000000000000000e+00
6.586132120649533517e-02	8.664165194570917494e-01	0.000000000000000000e+00
2.090632965978066471e-01	6.040094396537476484e-01	0.000000000000000000e+00
2.090632965978066471e-01	6.040094396537476484e-01	0.000000000000000000e+00
2.090632965978066471e-01	6.040094396537476484e-01	0.000000000000000000e+00
2.090632965978066471e-01	5.703952368545213147e-01	0.000000000000000000e+00
2.090632965978066471e-01	5.703952368545213147e-01	0.000000000000000000e+00
2.529064622833343545e-01	4.060902230244082811e-01	0.000000000000000000e+00
2.529064622833343545e-01	3.286553834132359131e-01	0.000000000000000000e+00
2.529064622833343545e-01	3.286553834132359131e-01	0.000000000000000000e+00
2.529064622833343545e-01	3.286553834132359131e-01	0.000000000000000000e+00
2.529064622833343545e-01	3.286553834132359131e-01	0.000000000000000000e+00
2.529064622833343545e-01	3.286553834132359131e-01	0.000000000000000000e+00
2.529064622833343545e-01	3.221767520630459680e-01	0.000000000000000000e+00
2.529064622833343545e-01	3.221767520630459680e-01	0.000000000000000000e+00
2.529064622833343545e-01	3.221767520630459680e-01	0.000000000000000000e+00
2.529064622833343545e-01	3.221767520630459680e-01	0.000000000000000000e+00
2.529064622833343545e-01	3.221767520630459680e-01	0.000000000000000000e+00
2.529064622833343545e-01	3.221767520630459680e-01	0.000000000000000000e+00
2.529064622833343545e-01	3.221767520630459680e-01	0.000000000000000000e+00
2.529064622833343545e-01	3.152696530905776395e-01	0.000000000000000000e+00
4.284260982757379654e-01	1.311830912992723863e-01	0.000000000000000000e+00
4.284260982757379654e-01	1.311830912992723863e-01	0.000000000000000000e+00
4.284260982757379654e-01	1.311830912992723863e-01	0.000000000000000000e+00
4.284260982757379654e-01	1.018075822741428688e-01	0.000000000000000000e+00
4.284260982757379654e-01	1.018075822741428688e-01	0.000000000000000000e+00
4.284260982757379654e-01	7.921384561335773067e-02	0.000000000000000000e+00
4.345621482081090670e-01	1.632428389253889195e-02	0.000000000000000000e+00
4.345621482081090670e-01	1.632428389253889195e-02	0.000000000000000000e+00
4.345621482081090670e-01	1.632428389253889195e-02	0.000000000000000000e+00
4.345621482081090670e-01	1.632428389253889195e-02	0.000000000000000000e+00
4.573696817802334058e-01	-6.713160526433657738e-02	0.000000000000000000e+00
4.573696817802334058e-01	-6.713160526433657738e-02	0.000000000000000000e+00
4.573696817802334058e-01	-6.713160526433657738e-02	0.000000000000000000e+00
4.573696817802334058e-01	-6.713160526433657738e-02	0.000000000000000000e+00
4.573696817802334058e-01	-6.713160526433657738e-02	0.000000000000000000e+00
4.573696817802334058e-01	-6.713160526433657738e-02	0.000000000000000000e+00
4.573696817802334058e-01	-6.713160526433657738e-02	0.000000000000000000e+00
4.573696817802334058e-01	-6.713160526433657738e-02	0.000000000000000000e+00
4.573696817802334058e-01	-6.713160526433657738e-02	0.000000000000000000e+00
4.573696817802334058e-01	-6.713160526433657738e-02	0.000000000000000000e+00
4.573696817802334058e-01	-6.713160526433657738e-02	0.000000000000000000e+00
6.443131328844380334e-01	-3.819249627520434620e-01	0.000000000000000000e+00
6.443131328844380334e-01	-3.819249627520434620e-01	0.000000000000000000e+00
6.443131328844380334e-01	-3.289759276556805112e-01	0.000000000000000000e+00
6.443131328844380334e-01	-3.289759276556805112e-01	0.000000000000000000e+00
6.443131328844380334e-01	-3.289759276556805112e-01	0.000000000000000000e+00
6.443131328844380334e-01	-3.289759276556805112e-01	0.000000000000000000e+00
6.443131328844380334e-01	-3.289759276556805112e-01	0.000000000000000000e+00
6.443131328844380334e-01	-3.289759276556805112e-01	0.000000000000000000e+00
6.443131328844380334e-01	-3.289759276556805112e-01	0.000000000000000000e+00
6.443131328844380334e-01	-3.289759276556805112e-01	0.000000000000000000e+00
6.443131328844380334e-01	-3.289759276556805112e-01	0.000000000000000000e+00
6.443131328844380334e-01	-3.289759276556805112e-01	0.000000000000000000e+00
6.443131328844380334e-01	-3.289759276556805112e-01	0.000000000000000000e+00
6.443131328844380334e-01	-3.289759276556805112e-01	0.000000000000000000e+00
6.443131328844380334e-01	-3.289759276556805112e-01	0.000000000000000000e+00
6.443131328844380334e-01	-3.491761539988053609e-01	0.000000000000000000e+00
6.443131328844380334e-01	-3.605047847371567471e-01	0.000000000000000000e+00
6.578886865929752803e-01	-3.673877436205809643e-01	0.000000000000000000e+00
6.578886865929752803e-01	-3.673877436205809643e-01	0.000000000000000000e+00
6.578886865929752803e-01	-3.673877436205809643e-01	0.000000000000000000e+00
6.578886865929752803e-01	-3.641649693767032292e-01	0.000000000000000000e+00
6.578886865929752803e-01	-3.641649693767032292e-01	0.000000000000000000e+00
8.328558088046960073e-01	-5.295800792085103570e-01	0.000000000000000000e+00
8.328558088046960073e-01	-5.295800792085103570e-01	0.000000000000000000e+00
8.328558088046960073e-01	-5.295800792085103570e-01	0.000000000000000000e+00
8.328558088046960073e-01	-5.295800792085103570e-01	0.000000000000000000e+00
8.328558088046960073e-01	-5.189052804832898769e-01	0.000000000000000000e+00
8.328558088046960073e-01	-5.189052804832898769e-01	0.000000000000000000e+00
8.328558088046960073e-01	-5.189052804832898769e-01	0.000000000000000000e+00
8.328558088046960073e-01	-5.189052804832898769e-01	0.000000000000000000e+00
8.328558088046960073e-01	-5.189052804832898769e-01	0.000000000000000000e+00
8.328558088046960073e-01	-5.189052804832898769e-01	0.000000000000000000e+00
8.328558088046960073e-01	-5.189052804832898769e-01	0.000000000000000000e+00
8.328558088046960073e-01	-5.189052804832898769e-01	0.000000000000000000e+00
8.328558088046960073e-01	-5.386421178092549722e-01	0.000000000000000000e+00
8.451145186042317015e-01	-6.156317088287641681e-01	0.000000000000000000e+00
8.451145186042317015e-01	-6.223565988758479328e-01	0.000000000000000000e+00
8.451145186042317015e-01	-6.223565988758479328e-01	0.000000000000000000e+00
8.451145186042317015e-01	-6.223565988758479328e-01	0.000000000000000000e+00
8.451145186042317015e-01	-6.223565988758479328e-01	0.000000000000000000e+00
8.451145186042317015e-01	-6.223565988758479328e-01	0.000000000000000000e+00
8.451145186042317015e-01	-6.223565988758479328e-01	0.000000000000000000e+00
8.451145186042317015e-01	-6.223565988758479328e-01	0.000000000000000000e+00
8.451145186042317015e-01	-6.223565988758479328e-01	0.000000000000000000e+00
8.451145186042317015e-01	-6.323794373270372748e-01	0.000000000000000000e+00
8.451145186042317015e-01	-6.418365776498343722e-01	0.000000000000000000e+00
8.451145186042317015e-01	-6.418365776498343722e-01	0.000000000000000000e+00
8.451145186042317015e-01	-6.503025853198851625e-01	0.000000000000000000e+00
