1.037415388569995489e-02	5.545018665868802543e+00	0.000000000000000000e+00
9.376458450026892155e-02	2.786063218692514720e+00	0.000000000000000000e+00
9.376458450026892155e-02	2.786063218692514720e+00	0.000000000000000000e+00
9.376458450026892155e-02	2.786063218692514720e+00	0.000000000000000000e+00
9.376458450026892155e-02	2.786063218692514720e+00	0.000000000000000000e+00
9.376458450026892155e-02	2.786063218692514720e+00	0.000000000000000000e+00
9.376458450026892155e-02	2.732687572136351939e+00	0.000000000000000000e+00
9.376458450026892155e-02	2.732687572136351939e+00	0.000000000000000000e+00
9.376458450026892155e-02	2.732687572136351939e+00	0.000000000000000000e+00
9.376458450026892155e-02	2.698034286834739781e+00	0.000000000000000000e+00
9.376458450026892155e-02	2.698034286834739781e+00	0.000000000000000000e+00
9.376458450026892155e-02	2.698034286834739781e+00	0.000000000000000000e+00
9.376458450026892155e-02	2.698034286834739781e+00	0.000000000000000000e+00
9.376458450026892155e-02	2.698034286834739781e+00	0.000000000000000000e+00
9.376458450026892155e-02	2.698034286834739781e+00	0.000000000000000000e+00
2.536734117896901619e-01	2.182694782855380211e+00	0.000000000000000000e+00
2.536734117896901619e-01	2.182694782855380211e+00	0.000000000000000000e+00
2.536734117896901619e-01	2.182694782855380211e+00	0.000000000000000000e+00
2.536734117896901619e-01	2.182694782855380211e+00	0.000000000000000000e+00
2.536734117896901619e-01	2.182694782855380211e+00	0.000000000000000000e+00
2.536734117896901619e-01	2.182694782855380211e+00	0.000000000000000000e+00
2.536734117896901619e-01	1.921885684131013683e+00	0.000000000000000000e+00
2.536734117896901619e-01	1.956074570604217744e+00	0.000000000000000000e+00
2.536734117896901619e-01	1.956074570604217744e+00	0.000000000000000000e+00
2.536734117896901619e-01	1.956074570604217744e+00	0.000000000000000000e+00
2.536734117896901619e-01	1.956074570604217744e+00	0.000000000000000000e+00
2.536734117896901619e-01	1.782960388698117571e+00	0.000000000000000000e+00
2.536734117896901619e-01	1.782960388698117571e+00	0.000000000000000000e+00
2.536734117896901619e-01	1.759387043309351029e+00	0.000000000000000000e+00
2.536734117896901619e-01	1.759387043309351029e+00	0.000000000000000000e+00
2.536734117896901619e-01	1.759387043309351029e+00	0.000000000000000000e+00
2.536734117896901619e-01	1.759387043309351029e+00	0.000000000000000000e+00
2.536734117896901619e-01	1.759387043309351029e+00	0.000000000000000000e+00
2.536734117896901619e-01	1.759387043309351029e+00	0.000000000000000000e+00
2.536734117896901619e-01	1.759387043309351029e+00	0.000000000000000000e+00
2.536734117896901619e-01	1.759387043309351029e+00	0.000000000000000000e+00
2.536734117896901619e-01	1.890800607593038585e+00	0.000000000000000000e+00
2.536734117896901619e-01	1.890800607593038585e+00	0.000000000000000000e+00
2.536734117896901619e-01	1.890800607593038585e+00	0.000000000000000000e+00
2.536734117896901619e-01	1.890800607593038585e+00	0.000000000000000000e+00
2.536734117896901619e-01	1.890800607593038585e+00	0.000000000000000000e+00
2.536734117896901619e-01	1.890800607593038585e+00	0.000000000000000000e+00
2.536734117896901619e-01	1.880695519535871219e+00	0.000000000000000000e+00
4.590078640980503888e-01	1.754720936435401279e+00	0.000000000000000000e+00
4.590078640980503888e-01	1.754720936435401279e+00	0.000000000000000000e+00
4.590078640980503888e-01	1.754720936435401279e+00	0.000000000000000000e+00
4.590078640980503888e-01	1.754720936435401279e+00	0.000000000000000000e+00
4.590078640980503888e-01	1.754720936435401279e+00	0.000000000000000000e+00
4.590078640980503888e-01	1.754720936435401279e+00	0.000000000000000000e+00
4.590078640980503888e-01	1.677499118527005839e+00	0.000000000000000000e+00
4.590078640980503888e-01	1.605348845769675181e+00	0.000000000000000000e+00
4.590078640980503888e-01	1.605348845769675181e+00	0.000000000000000000e+00
4.590078640980503888e-01	1.605348845769675181e+00	0.000000000000000000e+00
4.590078640980503888e-01	1.605348845769675181e+00	0.000000000000000000e+00
4.590078640980503888e-01	1.605348845769675181e+00	0.000000000000000000e+00
4.590078640980503888e-01	1.598655664302662593e+00	0.000000000000000000e+00
4.590078640980503888e-01	1.598655664302662593e+00	0.000000000000000000e+00
4.590078640980503888e-01	1.598655664302662593e+00	0.000000000000000000e+00
4.590078640980503888e-01	1.598655664302662593e+00	0.000000000000000000e+00
4.590078640980503888e-01	1.597131373707742608e+00	0.000000000000000000e+00
4.590078640980503888e-01	1.598655664302662593e+00	0.000000000000000000e+00
4.590078640980503888e-01	1.598655664302662593e+00	0.000000000000000000e+00
4.590078640980503888e-01	1.598655664302662593e+00	0.000000000000000000e+00
4.590078640980503888e-01	1.715096644451476582e+00	0.000000000000000000e+00
4.590078640980503888e-01	1.715096644451476582e+00	0.000000000000000000e+00
8.248851806291229716e-01	1.405476342789659716e+00	0.000000000000000000e+00
8.248851806291229716e-01	1.405476342789659716e+00	0.000000000000000000e+00
8.248851806291229716e-01	1.405476342789659716e+00	0.000000000000000000e+00
8.248851806291229716e-01	1.405476342789659716e+00	0.000000000000000000e+00
8.248851806291229716e-01	1.405476342789659716e+00	0.000000000000000000e+00
8.248851806291229716e-01	1.405476342789659716e+00	0.000000000000000000e+00
8.248851806291229716e-01	1.382853535448002713e+00	0.000000000000000000e+00
8.248851806291229716e-01	1.382853535448002713e+00	0.000000000000000000e+00
8.248851806291229716e-01	1.382853535448002713e+00	0.000000000000000000e+00
8.248851806291229716e-01	1.382853535448002713e+00	0.000000000000000000e+00
8.248851806291229716e-01	1.382853535448002713e+00	0.000000000000000000e+00
8.248851806291229716e-01	1.382853535448002713e+00	0.000000000000000000e+00
8.248851806291229716e-01	1.382853535448002713e+00	0.000000000000000000e+00
8.248851806291229716e-01	1.382853535448002713e+00	0.000000000000000000e+00
8.248851806291229716e-01	1.388672974759387779e+00	0.000000000000000000e+00
8.248851806291229716e-01	1.377462714992762516e+00	0.000000000000000000e+00
8.248851806291229716e-01	1.332352762482223119e+00	0.000000000000000000e+00
8.248851806291229716e-01	1.332352762482223119e+00	0.000000000000000000e+00
8.248851806291229716e-01	1.332352762482223119e+00	0.000000000000000000e+00
8.248851806291229716e-01	1.332352762482223119e+00	0.000000000000000000e+00
8.248851806291229716e-01	1.332352762482223119e+00	0.000000000000000000e+00
8.248851806291229716e-01	1.332352762482223119e+00	0.000000000000000000e+00
8.248851806291229716e-01	1.332352762482223119e+00	0.000000000000000000e+00
8.248851806291229716e-01	1.332352762482223119e+00	0.000000000000000000e+00
8.248851806291229716e-01	1.403365499043304876e+00	0.000000000000000000e+00
8.248851806291229716e-01	1.403365499043304876e+00	0.000000000000000000e+00
8.248851806291229716e-01	1.403365499043304876e+00	0.000000000000000000e+00
8.248851806291229716e-01	1.361518352292919953e+00	0.000000000000000000e+00
8.248851806291229716e-01	1.361518352292919953e+00	0.000000000000000000e+00
8.248851806291229716e-01	1.361518352292919953e+00	0.000000000000000000e+00
8.248851806291229716e-01	1.361518352292919953e+00	0.000000000000000000e+00
8.248851806291229716e-01	1.361518352292919953e+00	0.000000000000000000e+00
8.248851806291229716e-01	1.361518352292919953e+00	0.000000000000000000e+00
8.248851806291229716e-01	1.361518352292919953e+00	0.000000000000000000e+00
8.248851806291229716e-01	1.361518352292919953e+00	0.000000000000000000e+00
