0.000000000000000000e+00	1.000000000000000000e+00	0.000000000000000000e+00
0.000000000000000000e+00	1.000000000000000000e+00	0.000000000000000000e+00
3.014807595191851958e-02	8.018955101760951720e-01	0.000000000000000000e+00
3.014807595191851958e-02	8.018955101760951720e-01	0.000000000000000000e+00
5.586013577191697305e-02	7.087363489265168237e-01	0.000000000000000000e+00
6.643639841424825443e-02	6.844730038667236061e-01	0.000000000000000000e+00
7.953118316338600446e-02	6.702974616516871320e-01	0.000000000000000000e+00
7.953118316338600446e-02	6.702974616516871320e-01	0.000000000000000000e+00
7.953118316338600446e-02	6.702974616516871320e-01	0.000000000000000000e+00
7.953118316338600446e-02	6.702974616516871320e-01	0.000000000000000000e+00
7.953118316338600446e-02	6.702974616516871320e-01	0.000000000000000000e+00
7.953118316338600446e-02	6.702974616516871320e-01	0.000000000000000000e+00
7.953118316338600446e-02	6.702974616516871320e-01	0.000000000000000000e+00
2.025940410321591945e-01	5.463028426408828020e-01	0.000000000000000000e+00
2.090632965978066471e-01	4.840396953399818680e-01	0.000000000000000000e+00
2.184574164055123335e-01	4.129119844310632503e-01	0.000000000000000000e+00
2.184574164055123335e-01	4.129119844310632503e-01	0.000000000000000000e+00
2.184574164055123335e-01	4.129119844310632503e-01	0.000000000000000000e+00
2.455592069520755039e-01	2.644792855117544250e-01	0.000000000000000000e+00
2.455592069520755039e-01	2.644792855117544250e-01	0.000000000000000000e+00
2.556320747176823449e-01	2.427582815325248222e-01	0.000000000000000000e+00
2.556320747176823449e-01	2.427582815325248222e-01	0.000000000000000000e+00
2.556320747176823449e-01	2.427582815325248222e-01	0.000000000000000000e+00
2.556320747176823449e-01	2.427582815325248222e-01	0.000000000000000000e+00
2.556320747176823449e-01	2.427582815325248222e-01	0.000000000000000000e+00
2.556320747176823449e-01	2.427582815325248222e-01	0.000000000000000000e+00
2.556320747176823449e-01	2.427582815325248222e-01	0.000000000000000000e+00
2.556320747176823449e-01	2.427582815325248222e-01	0.000000000000000000e+00
2.556320747176823449e-01	2.427582815325248222e-01	0.000000000000000000e+00
4.172525655768717923e-01	1.686732254830916045e-01	0.000000000000000000e+00
4.172525655768717923e-01	1.686732254830916045e-01	0.000000000000000000e+00
4.172525655768717923e-01	1.388072991898614550e-01	0.000000000000000000e+00
4.211562599981272803e-01	9.777196206177009297e-02	0.000000000000000000e+00
4.211562599981272803e-01	9.179433917308120472e-02	0.000000000000000000e+00
4.284260982757379654e-01	1.508265704705814315e-02	0.000000000000000000e+00
4.284260982757379654e-01	1.508265704705814315e-02	0.000000000000000000e+00
4.345621482081090670e-01	-1.430304620701906837e-02	0.000000000000000000e+00
4.345621482081090670e-01	-2.639697670461711373e-02	0.000000000000000000e+00
4.447462120264057406e-01	-9.836170939437614835e-02	0.000000000000000000e+00
4.447462120264057406e-01	-9.836170939437614835e-02	0.000000000000000000e+00
4.447462120264057406e-01	-1.055949366504826958e-01	0.000000000000000000e+00
4.573696817802334058e-01	-1.214570417487293441e-01	0.000000000000000000e+00
4.573696817802334058e-01	-1.214570417487293441e-01	0.000000000000000000e+00
4.573696817802334058e-01	-1.214570417487293441e-01	0.000000000000000000e+00
4.573696817802334058e-01	-1.214570417487293441e-01	0.000000000000000000e+00
4.573696817802334058e-01	-1.214570417487293441e-01	0.000000000000000000e+00
4.573696817802334058e-01	-1.214570417487293441e-01	0.000000000000000000e+00
4.573696817802334058e-01	-1.214570417487293441e-01	0.000000000000000000e+00
4.573696817802334058e-01	-1.214570417487293441e-01	0.000000000000000000e+00
4.573696817802334058e-01	-1.214570417487293441e-01	0.000000000000000000e+00
6.352841764281950132e-01	-3.493136862911110363e-01	0.000000000000000000e+00
6.352841764281950132e-01	-3.493136862911110363e-01	0.000000000000000000e+00
6.352841764281950132e-01	-3.493136862911110363e-01	0.000000000000000000e+00
6.352841764281950132e-01	-3.493136862911110363e-01	0.000000000000000000e+00
6.352841764281950132e-01	-3.493136862911110363e-01	0.000000000000000000e+00
6.352841764281950132e-01	-3.493136862911110363e-01	0.000000000000000000e+00
6.352841764281950132e-01	-3.493136862911110363e-01	0.000000000000000000e+00
6.352841764281950132e-01	-3.527413582542332504e-01	0.000000000000000000e+00
6.352841764281950132e-01	-3.527413582542332504e-01	0.000000000000000000e+00
6.352841764281950132e-01	-3.527413582542332504e-01	0.000000000000000000e+00
6.352841764281950132e-01	-3.562963414453311772e-01	0.000000000000000000e+00
6.529084406522234207e-01	-4.511837194386192351e-01	0.000000000000000000e+00
6.529084406522234207e-01	-4.511837194386192351e-01	0.000000000000000000e+00
6.443131328844380334e-01	-4.156015498131335195e-01	0.000000000000000000e+00
6.443131328844380334e-01	-4.156015498131335195e-01	0.000000000000000000e+00
6.529084406522234207e-01	-4.560535360931636251e-01	0.000000000000000000e+00
6.529084406522234207e-01	-4.560535360931636251e-01	0.000000000000000000e+00
6.529084406522234207e-01	-4.560535360931636251e-01	0.000000000000000000e+00
6.529084406522234207e-01	-4.582123597250958857e-01	0.000000000000000000e+00
6.529084406522234207e-01	-4.582123597250958857e-01	0.000000000000000000e+00
6.529084406522234207e-01	-4.582123597250958857e-01	0.000000000000000000e+00
6.529084406522234207e-01	-4.582123597250958857e-01	0.000000000000000000e+00
6.529084406522234207e-01	-4.582123597250958857e-01	0.000000000000000000e+00
8.328558088046960073e-01	-5.948897595415586492e-01	0.000000000000000000e+00
8.328558088046960073e-01	-5.948897595415586492e-01	0.000000000000000000e+00
8.328558088046960073e-01	-5.948897595415586492e-01	0.000000000000000000e+00
8.328558088046960073e-01	-5.948897595415586492e-01	0.000000000000000000e+00
8.328558088046960073e-01	-5.948897595415586492e-01	0.000000000000000000e+00
8.328558088046960073e-01	-5.948897595415586492e-01	0.000000000000000000e+00
8.328558088046960073e-01	-5.948897595415586492e-01	0.000000000000000000e+00
8.328558088046960073e-01	-6.042404523768180047e-01	0.000000000000000000e+00
8.328558088046960073e-01	-6.042404523768180047e-01	0.000000000000000000e+00
8.328558088046960073e-01	-6.053935628777431521e-01	0.000000000000000000e+00
8.328558088046960073e-01	-6.053935628777431521e-01	0.000000000000000000e+00
8.358979229458948224e-01	-6.521876427344146521e-01	0.000000000000000000e+00
8.358979229458948224e-01	-6.521876427344146521e-01	0.000000000000000000e+00
8.358979229458948224e-01	-6.521876427344146521e-01	0.000000000000000000e+00
8.356232840009615304e-01	-6.580537588346173639e-01	0.000000000000000000e+00
8.411086166877086434e-01	-7.142801982015264395e-01	0.000000000000000000e+00
8.411086166877086434e-01	-7.142801982015264395e-01	0.000000000000000000e+00
8.411086166877086434e-01	-7.142801982015264395e-01	0.000000000000000000e+00
8.411086166877086434e-01	-7.142801982015264395e-01	0.000000000000000000e+00
8.411086166877086434e-01	-7.142801982015264395e-01	0.000000000000000000e+00
8.411086166877086434e-01	-7.142801982015264395e-01	0.000000000000000000e+00
8.451145186042317015e-01	-7.438411688492407858e-01	0.000000000000000000e+00
8.451145186042317015e-01	-7.438411688492407858e-01	0.000000000000000000e+00
8.451145186042317015e-01	-7.438411688492407858e-01	0.000000000000000000e+00
8.451145186042317015e-01	-7.438411688492407858e-01	0.000000000000000000e+00
8.451145186042317015e-01	-7.450553301598604738e-01	0.000000000000000000e+00
8.451145186042317015e-01	-7.475823286159659631e-01	0.000000000000000000e+00
