0.000000000000000000e+00	2.425015701413202329e+00	0.000000000000000000e+00
1.037415388569995489e-02	2.010739928561692036e+00	0.000000000000000000e+00
3.996814334014284209e-02	1.816410976632295560e+00	0.000000000000000000e+00
3.996814334014284209e-02	1.816410976632295560e+00	0.000000000000000000e+00
3.996814334014284209e-02	1.816410976632295560e+00	0.000000000000000000e+00
9.376458450026892155e-02	1.660987079204971240e+00	0.000000000000000000e+00
9.376458450026892155e-02	1.656811402148058443e+00	0.000000000000000000e+00
9.376458450026892155e-02	1.656811402148058443e+00	0.000000000000000000e+00
9.376458450026892155e-02	1.656811402148058443e+00	0.000000000000000000e+00
9.376458450026892155e-02	1.656811402148058443e+00	0.000000000000000000e+00
9.376458450026892155e-02	1.656811402148058443e+00	0.000000000000000000e+00
2.090632965978066471e-01	1.343570008458264020e+00	0.000000000000000000e+00
2.090632965978066471e-01	1.343570008458264020e+00	0.000000000000000000e+00
2.090632965978066471e-01	1.297072002635868193e+00	0.000000000000000000e+00
2.090632965978066471e-01	1.297072002635868193e+00	0.000000000000000000e+00
2.090632965978066471e-01	1.297072002635868193e+00	0.000000000000000000e+00
2.536734117896901619e-01	1.028934579703578711e+00	0.000000000000000000e+00
2.536734117896901619e-01	1.028934579703578711e+00	0.000000000000000000e+00
2.536734117896901619e-01	1.028934579703578711e+00	0.000000000000000000e+00
2.536734117896901619e-01	1.028934579703578711e+00	0.000000000000000000e+00
2.536734117896901619e-01	1.028934579703578711e+00	0.000000000000000000e+00
2.536734117896901619e-01	1.003636663702724752e+00	0.000000000000000000e+00
2.536734117896901619e-01	1.003636663702724752e+00	0.000000000000000000e+00
2.536734117896901619e-01	1.003636663702724752e+00	0.000000000000000000e+00
2.536734117896901619e-01	1.003636663702724752e+00	0.000000000000000000e+00
2.536734117896901619e-01	1.003636663702724752e+00	0.000000000000000000e+00
2.536734117896901619e-01	1.003636663702724752e+00	0.000000000000000000e+00
2.536734117896901619e-01	1.003636663702724752e+00	0.000000000000000000e+00
2.536734117896901619e-01	1.003636663702724752e+00	0.000000000000000000e+00
2.536734117896901619e-01	1.003636663702724752e+00	0.000000000000000000e+00
4.590078640980503888e-01	6.716461225366934240e-01	0.000000000000000000e+00
4.590078640980503888e-01	6.716461225366934240e-01	0.000000000000000000e+00
4.590078640980503888e-01	6.716461225366934240e-01	0.000000000000000000e+00
4.590078640980503888e-01	6.716461225366934240e-01	0.000000000000000000e+00
4.359933960801377073e-01	6.218541582282798297e-01	0.000000000000000000e+00
4.359933960801377073e-01	6.218541582282798297e-01	0.000000000000000000e+00
4.359933960801377073e-01	6.218541582282798297e-01	0.000000000000000000e+00
4.359933960801377073e-01	6.218541582282798297e-01	0.000000000000000000e+00
4.359933960801377073e-01	6.218541582282798297e-01	0.000000000000000000e+00
4.359933960801377073e-01	6.218541582282798297e-01	0.000000000000000000e+00
4.359933960801377073e-01	5.917978167587767402e-01	0.000000000000000000e+00
4.359933960801377073e-01	5.917978167587767402e-01	0.000000000000000000e+00
4.590078640980503888e-01	5.840881767629364507e-01	0.000000000000000000e+00
4.590078640980503888e-01	4.968022098234879946e-01	0.000000000000000000e+00
4.590078640980503888e-01	4.968022098234879946e-01	0.000000000000000000e+00
4.590078640980503888e-01	4.968022098234879946e-01	0.000000000000000000e+00
4.590078640980503888e-01	4.968022098234879946e-01	0.000000000000000000e+00
4.590078640980503888e-01	4.968022098234879946e-01	0.000000000000000000e+00
4.590078640980503888e-01	5.211000153535625401e-01	0.000000000000000000e+00
4.573696817802334058e-01	5.162214152476223283e-01	0.000000000000000000e+00
4.573696817802334058e-01	5.162214152476223283e-01	0.000000000000000000e+00
4.573696817802334058e-01	5.162214152476223283e-01	0.000000000000000000e+00
4.573696817802334058e-01	5.028050395587601029e-01	0.000000000000000000e+00
4.573696817802334058e-01	5.028050395587601029e-01	0.000000000000000000e+00
4.573696817802334058e-01	5.028050395587601029e-01	0.000000000000000000e+00
4.573696817802334058e-01	5.028050395587601029e-01	0.000000000000000000e+00
4.573696817802334058e-01	5.028050395587601029e-01	0.000000000000000000e+00
4.573696817802334058e-01	5.028050395587601029e-01	0.000000000000000000e+00
4.573696817802334058e-01	5.028050395587601029e-01	0.000000000000000000e+00
4.573696817802334058e-01	5.028050395587601029e-01	0.000000000000000000e+00
8.248851806291229716e-01	8.937882828267572355e-02	0.000000000000000000e+00
8.248851806291229716e-01	8.937882828267572355e-02	0.000000000000000000e+00
8.248851806291229716e-01	8.937882828267572355e-02	0.000000000000000000e+00
8.248851806291229716e-01	1.898335483055668960e-01	0.000000000000000000e+00
8.248851806291229716e-01	2.082100280340354881e-01	0.000000000000000000e+00
8.248851806291229716e-01	2.082100280340354881e-01	0.000000000000000000e+00
8.248851806291229716e-01	2.082100280340354881e-01	0.000000000000000000e+00
8.248851806291229716e-01	1.885809788210346671e-01	0.000000000000000000e+00
8.248851806291229716e-01	1.885809788210346671e-01	0.000000000000000000e+00
8.248851806291229716e-01	1.885809788210346671e-01	0.000000000000000000e+00
8.248851806291229716e-01	1.885809788210346671e-01	0.000000000000000000e+00
8.248851806291229716e-01	1.885809788210346671e-01	0.000000000000000000e+00
8.248851806291229716e-01	1.885809788210346671e-01	0.000000000000000000e+00
8.248851806291229716e-01	1.885809788210346671e-01	0.000000000000000000e+00
8.248851806291229716e-01	1.885809788210346671e-01	0.000000000000000000e+00
8.248851806291229716e-01	2.285989574152789694e-01	0.000000000000000000e+00
8.376249697253630444e-01	1.487532017597182135e-03	0.000000000000000000e+00
8.376249697253630444e-01	6.908055152792132170e-02	0.000000000000000000e+00
8.376249697253630444e-01	6.908055152792132170e-02	0.000000000000000000e+00
8.376249697253630444e-01	6.908055152792132170e-02	0.000000000000000000e+00
8.376249697253630444e-01	6.908055152792132170e-02	0.000000000000000000e+00
8.376249697253630444e-01	6.908055152792132170e-02	0.000000000000000000e+00
8.376249697253630444e-01	6.908055152792132170e-02	0.000000000000000000e+00
8.376249697253630444e-01	-1.253322507251765534e-02	0.000000000000000000e+00
8.376249697253630444e-01	-1.253322507251765534e-02	0.000000000000000000e+00
8.376249697253630444e-01	-1.253322507251765534e-02	0.000000000000000000e+00
8.376249697253630444e-01	-1.253322507251765534e-02	0.000000000000000000e+00
8.376249697253630444e-01	-1.253322507251765534e-02	0.000000000000000000e+00
8.376249697253630444e-01	-1.253322507251765534e-02	0.000000000000000000e+00
8.376249697253630444e-01	-1.253322507251765534e-02	0.000000000000000000e+00
8.376249697253630444e-01	-1.253322507251765534e-02	0.000000000000000000e+00
8.376249697253630444e-01	-3.071372114281478022e-02	0.000000000000000000e+00
8.376249697253630444e-01	-3.071372114281478022e-02	0.000000000000000000e+00
8.376249697253630444e-01	-3.071372114281478022e-02	0.000000000000000000e+00
8.376249697253630444e-01	-2.095698950110492370e-02	0.000000000000000000e+00
8.376249697253630444e-01	-2.095698950110492370e-02	0.000000000000000000e+00
8.376249697253630444e-01	-2.095698950110492370e-02	0.000000000000000000e+00
8.376249697253630444e-01	-2.095698950110492370e-02	0.000000000000000000e+00
8.376249697253630444e-01	-1.922248785290968636e-04	0.000000000000000000e+00
8.376249697253630444e-01	-1.922248785290968636e-04	0.000000000000000000e+00
