0.000000000000000000e+00	1.009221463272685471e+00	0.000000000000000000e+00
0.000000000000000000e+00	1.009221463272685471e+00	0.000000000000000000e+00
3.014807595191851958e-02	8.056975444791459884e-01	0.000000000000000000e+00
3.014807595191851958e-02	8.056975444791459884e-01	0.000000000000000000e+00
6.412952180111124167e-02	6.941682327996139268e-01	0.000000000000000000e+00
6.412952180111124167e-02	6.941682327996139268e-01	0.000000000000000000e+00
6.412952180111124167e-02	6.941682327996139268e-01	0.000000000000000000e+00
6.412952180111124167e-02	6.941682327996139268e-01	0.000000000000000000e+00
6.412952180111124167e-02	6.946968726294410201e-01	0.000000000000000000e+00
6.412952180111124167e-02	6.946968726294410201e-01	0.000000000000000000e+00
6.412952180111124167e-02	6.946968726294410201e-01	0.000000000000000000e+00
6.412952180111124167e-02	6.946968726294410201e-01	0.000000000000000000e+00
6.412952180111124167e-02	6.946968726294410201e-01	0.000000000000000000e+00
2.025940410321591945e-01	5.385950385206447200e-01	0.000000000000000000e+00
2.025940410321591945e-01	5.385950385206447200e-01	0.000000000000000000e+00
2.090632965978066471e-01	4.884185860596547690e-01	0.000000000000000000e+00
2.090632965978066471e-01	4.884185860596547690e-01	0.000000000000000000e+00
2.455592069520755039e-01	2.724152859868566035e-01	0.000000000000000000e+00
2.455592069520755039e-01	2.724152859868566035e-01	0.000000000000000000e+00
2.455592069520755039e-01	2.724152859868566035e-01	0.000000000000000000e+00
2.455592069520755039e-01	2.636510559565036216e-01	0.000000000000000000e+00
2.529064622833343545e-01	2.466646873910087745e-01	0.000000000000000000e+00
2.529064622833343545e-01	2.466646873910087745e-01	0.000000000000000000e+00
2.529064622833343545e-01	2.466646873910087745e-01	0.000000000000000000e+00
2.529064622833343545e-01	2.466646873910087745e-01	0.000000000000000000e+00
2.529064622833343545e-01	2.466646873910087745e-01	0.000000000000000000e+00
2.529064622833343545e-01	2.466646873910087745e-01	0.000000000000000000e+00
2.529064622833343545e-01	2.466646873910087745e-01	0.000000000000000000e+00
2.529064622833343545e-01	2.466646873910087745e-01	0.000000000000000000e+00
2.529064622833343545e-01	2.466646873910087745e-01	0.000000000000000000e+00
4.211562599981272803e-01	1.057682281630073357e-01	0.000000000000000000e+00
4.211562599981272803e-01	1.057682281630073357e-01	0.000000000000000000e+00
4.211562599981272803e-01	1.057682281630073357e-01	0.000000000000000000e+00
4.211562599981272803e-01	1.057682281630073357e-01	0.000000000000000000e+00
4.284260982757379654e-01	3.800577150465563742e-02	0.000000000000000000e+00
4.284260982757379654e-01	3.800577150465563742e-02	0.000000000000000000e+00
4.284260982757379654e-01	1.389072042567808529e-02	0.000000000000000000e+00
4.345621482081090670e-01	-3.632200028004678449e-02	0.000000000000000000e+00
4.345621482081090670e-01	-3.632200028004678449e-02	0.000000000000000000e+00
4.345621482081090670e-01	-3.632200028004678449e-02	0.000000000000000000e+00
4.573696817802334058e-01	-1.083422219947492160e-01	0.000000000000000000e+00
4.573696817802334058e-01	-1.083422219947492160e-01	0.000000000000000000e+00
4.573696817802334058e-01	-1.083422219947492160e-01	0.000000000000000000e+00
4.573696817802334058e-01	-1.083422219947492160e-01	0.000000000000000000e+00
4.573696817802334058e-01	-1.083422219947492160e-01	0.000000000000000000e+00
4.573696817802334058e-01	-1.083422219947492160e-01	0.000000000000000000e+00
4.573696817802334058e-01	-1.083422219947492160e-01	0.000000000000000000e+00
4.573696817802334058e-01	-1.083422219947492160e-01	0.000000000000000000e+00
4.573696817802334058e-01	-1.083422219947492160e-01	0.000000000000000000e+00
4.573696817802334058e-01	-1.083422219947492160e-01	0.000000000000000000e+00
4.573696817802334058e-01	-1.083422219947492160e-01	0.000000000000000000e+00
6.352841764281950132e-01	-2.660758306964839948e-01	0.000000000000000000e+00
6.352841764281950132e-01	-2.703651877829777450e-01	0.000000000000000000e+00
6.352841764281950132e-01	-2.703651877829777450e-01	0.000000000000000000e+00
6.352841764281950132e-01	-2.703651877829777450e-01	0.000000000000000000e+00
6.352841764281950132e-01	-2.703651877829777450e-01	0.000000000000000000e+00
6.352841764281950132e-01	-2.703651877829777450e-01	0.000000000000000000e+00
6.352841764281950132e-01	-2.703651877829777450e-01	0.000000000000000000e+00
6.352841764281950132e-01	-3.039734518669143237e-01	0.000000000000000000e+00
6.352841764281950132e-01	-3.165956495026031603e-01	0.000000000000000000e+00
6.352841764281950132e-01	-3.165956495026031603e-01	0.000000000000000000e+00
6.352841764281950132e-01	-3.366554255189523892e-01	0.000000000000000000e+00
6.443131328844380334e-01	-4.155951936929508372e-01	0.000000000000000000e+00
6.443131328844380334e-01	-4.155951936929508372e-01	0.000000000000000000e+00
6.443131328844380334e-01	-4.155951936929508372e-01	0.000000000000000000e+00
6.443131328844380334e-01	-4.236847979032219991e-01	0.000000000000000000e+00
6.443131328844380334e-01	-4.243613000394538259e-01	0.000000000000000000e+00
6.443131328844380334e-01	-4.243613000394538259e-01	0.000000000000000000e+00
6.443131328844380334e-01	-4.287301486343034207e-01	0.000000000000000000e+00
6.443131328844380334e-01	-4.287301486343034207e-01	0.000000000000000000e+00
6.443131328844380334e-01	-4.287301486343034207e-01	0.000000000000000000e+00
6.443131328844380334e-01	-4.287301486343034207e-01	0.000000000000000000e+00
6.443131328844380334e-01	-4.243613000394538259e-01	0.000000000000000000e+00
8.328558088046960073e-01	-6.054915749447186135e-01	0.000000000000000000e+00
8.328558088046960073e-01	-6.054915749447186135e-01	0.000000000000000000e+00
8.328558088046960073e-01	-5.449958336030272799e-01	0.000000000000000000e+00
8.328558088046960073e-01	-5.449958336030272799e-01	0.000000000000000000e+00
8.328558088046960073e-01	-5.449958336030272799e-01	0.000000000000000000e+00
8.328558088046960073e-01	-5.449958336030272799e-01	0.000000000000000000e+00
8.328558088046960073e-01	-5.681718715317788382e-01	0.000000000000000000e+00
8.328558088046960073e-01	-5.681718715317788382e-01	0.000000000000000000e+00
8.328558088046960073e-01	-5.681718715317788382e-01	0.000000000000000000e+00
8.328558088046960073e-01	-5.681718715317788382e-01	0.000000000000000000e+00
8.328558088046960073e-01	-5.681718715317788382e-01	0.000000000000000000e+00
8.328558088046960073e-01	-5.960516563731615980e-01	0.000000000000000000e+00
8.328558088046960073e-01	-5.960516563731615980e-01	0.000000000000000000e+00
8.451145186042317015e-01	-7.112649155533641299e-01	0.000000000000000000e+00
8.451145186042317015e-01	-7.112649155533641299e-01	0.000000000000000000e+00
8.451145186042317015e-01	-7.112649155533641299e-01	0.000000000000000000e+00
8.451145186042317015e-01	-7.112649155533641299e-01	0.000000000000000000e+00
8.451145186042317015e-01	-7.112649155533641299e-01	0.000000000000000000e+00
8.451145186042317015e-01	-7.112649155533641299e-01	0.000000000000000000e+00
8.451145186042317015e-01	-7.112649155533641299e-01	0.000000000000000000e+00
8.451145186042317015e-01	-7.112649155533641299e-01	0.000000000000000000e+00
8.451145186042317015e-01	-7.177013699994662099e-01	0.000000000000000000e+00
8.451145186042317015e-01	-7.177013699994662099e-01	0.000000000000000000e+00
8.451145186042317015e-01	-7.177013699994662099e-01	0.000000000000000000e+00
8.451145186042317015e-01	-7.177013699994662099e-01	0.000000000000000000e+00
8.451145186042317015e-01	-7.177013699994662099e-01	0.000000000000000000e+00
8.451145186042317015e-01	-7.177013699994662099e-01	0.000000000000000000e+00
