1.037415388569995489e-02	4.186930043091483533e+00	0.000000000000000000e+00
3.050342721492783904e-02	3.571689047005504936e+00	0.000000000000000000e+00
4.052826208125689944e-02	2.851568511255272664e+00	0.000000000000000000e+00
4.052826208125689944e-02	2.851568511255272664e+00	0.000000000000000000e+00
9.376458450026892155e-02	2.639778196120391218e+00	0.000000000000000000e+00
9.376458450026892155e-02	2.639778196120391218e+00	0.000000000000000000e+00
9.376458450026892155e-02	2.605716808941793250e+00	0.000000000000000000e+00
9.376458450026892155e-02	2.605716808941793250e+00	0.000000000000000000e+00
9.376458450026892155e-02	2.605716808941793250e+00	0.000000000000000000e+00
9.376458450026892155e-02	2.605716808941793250e+00	0.000000000000000000e+00
9.376458450026892155e-02	2.545204916199399481e+00	0.000000000000000000e+00
2.090632965978066471e-01	1.927513135694478574e+00	0.000000000000000000e+00
2.090632965978066471e-01	1.927513135694478574e+00	0.000000000000000000e+00
2.090632965978066471e-01	1.927513135694478574e+00	0.000000000000000000e+00
2.090632965978066471e-01	1.927513135694478574e+00	0.000000000000000000e+00
2.090632965978066471e-01	1.927513135694478574e+00	0.000000000000000000e+00
2.090632965978066471e-01	1.840227563039346537e+00	0.000000000000000000e+00
2.536734117896901619e-01	1.710264450949314341e+00	0.000000000000000000e+00
2.536734117896901619e-01	1.566908583662537380e+00	0.000000000000000000e+00
2.536734117896901619e-01	1.545038716275624502e+00	0.000000000000000000e+00
2.536734117896901619e-01	1.545038716275624502e+00	0.000000000000000000e+00
2.536734117896901619e-01	1.545038716275624502e+00	0.000000000000000000e+00
2.536734117896901619e-01	1.528419551664151221e+00	0.000000000000000000e+00
2.536734117896901619e-01	1.528419551664151221e+00	0.000000000000000000e+00
2.536734117896901619e-01	1.528419551664151221e+00	0.000000000000000000e+00
2.536734117896901619e-01	1.528419551664151221e+00	0.000000000000000000e+00
2.536734117896901619e-01	1.528419551664151221e+00	0.000000000000000000e+00
2.536734117896901619e-01	1.528419551664151221e+00	0.000000000000000000e+00
2.536734117896901619e-01	1.528419551664151221e+00	0.000000000000000000e+00
2.536734117896901619e-01	1.528419551664151221e+00	0.000000000000000000e+00
2.536734117896901619e-01	1.539012304035355383e+00	0.000000000000000000e+00
2.536734117896901619e-01	1.539012304035355383e+00	0.000000000000000000e+00
2.536734117896901619e-01	1.539012304035355383e+00	0.000000000000000000e+00
2.536734117896901619e-01	1.539012304035355383e+00	0.000000000000000000e+00
4.590078640980503888e-01	1.205977322582334033e+00	0.000000000000000000e+00
4.590078640980503888e-01	1.205977322582334033e+00	0.000000000000000000e+00
4.590078640980503888e-01	1.205977322582334033e+00	0.000000000000000000e+00
4.590078640980503888e-01	1.205977322582334033e+00	0.000000000000000000e+00
4.590078640980503888e-01	1.205977322582334033e+00	0.000000000000000000e+00
4.590078640980503888e-01	1.205977322582334033e+00	0.000000000000000000e+00
4.590078640980503888e-01	9.908753570398557420e-01	0.000000000000000000e+00
4.590078640980503888e-01	9.908753570398557420e-01	0.000000000000000000e+00
4.590078640980503888e-01	9.908753570398557420e-01	0.000000000000000000e+00
4.590078640980503888e-01	9.908753570398557420e-01	0.000000000000000000e+00
4.590078640980503888e-01	9.908753570398557420e-01	0.000000000000000000e+00
4.590078640980503888e-01	9.908753570398557420e-01	0.000000000000000000e+00
4.590078640980503888e-01	9.908753570398557420e-01	0.000000000000000000e+00
4.590078640980503888e-01	9.908753570398557420e-01	0.000000000000000000e+00
4.590078640980503888e-01	9.967186067875809519e-01	0.000000000000000000e+00
4.590078640980503888e-01	9.967186067875809519e-01	0.000000000000000000e+00
4.590078640980503888e-01	9.967186067875809519e-01	0.000000000000000000e+00
4.590078640980503888e-01	9.967186067875809519e-01	0.000000000000000000e+00
4.590078640980503888e-01	1.100757232928325724e+00	0.000000000000000000e+00
4.590078640980503888e-01	1.100757232928325724e+00	0.000000000000000000e+00
4.590078640980503888e-01	1.100757232928325724e+00	0.000000000000000000e+00
4.590078640980503888e-01	1.100757232928325724e+00	0.000000000000000000e+00
4.590078640980503888e-01	1.100757232928325724e+00	0.000000000000000000e+00
4.590078640980503888e-01	1.207541109407318292e+00	0.000000000000000000e+00
8.248851806291229716e-01	7.857648167160521391e-01	0.000000000000000000e+00
8.248851806291229716e-01	7.857648167160521391e-01	0.000000000000000000e+00
8.248851806291229716e-01	7.857648167160521391e-01	0.000000000000000000e+00
8.248851806291229716e-01	7.857648167160521391e-01	0.000000000000000000e+00
8.248851806291229716e-01	7.857648167160521391e-01	0.000000000000000000e+00
8.248851806291229716e-01	7.857648167160521391e-01	0.000000000000000000e+00
8.248851806291229716e-01	7.857648167160521391e-01	0.000000000000000000e+00
8.248851806291229716e-01	9.879541737166688264e-01	0.000000000000000000e+00
8.248851806291229716e-01	9.879541737166688264e-01	0.000000000000000000e+00
8.248851806291229716e-01	7.748790002602562454e-01	0.000000000000000000e+00
8.248851806291229716e-01	7.748790002602562454e-01	0.000000000000000000e+00
8.248851806291229716e-01	7.748790002602562454e-01	0.000000000000000000e+00
8.248851806291229716e-01	7.748790002602562454e-01	0.000000000000000000e+00
8.248851806291229716e-01	7.748790002602562454e-01	0.000000000000000000e+00
8.248851806291229716e-01	7.748790002602562454e-01	0.000000000000000000e+00
8.248851806291229716e-01	7.748790002602562454e-01	0.000000000000000000e+00
8.248851806291229716e-01	7.748790002602562454e-01	0.000000000000000000e+00
8.248851806291229716e-01	8.767701362279650690e-01	0.000000000000000000e+00
8.248851806291229716e-01	8.767701362279650690e-01	0.000000000000000000e+00
8.248851806291229716e-01	8.767701362279650690e-01	0.000000000000000000e+00
8.248851806291229716e-01	8.552910176070526171e-01	0.000000000000000000e+00
8.248851806291229716e-01	8.211159711687211482e-01	0.000000000000000000e+00
8.248851806291229716e-01	8.211159711687211482e-01	0.000000000000000000e+00
8.248851806291229716e-01	7.910125768296436544e-01	0.000000000000000000e+00
8.248851806291229716e-01	7.910125768296436544e-01	0.000000000000000000e+00
8.248851806291229716e-01	7.910125768296436544e-01	0.000000000000000000e+00
8.376249697253630444e-01	6.059277008676585696e-01	0.000000000000000000e+00
8.376249697253630444e-01	6.059277008676585696e-01	0.000000000000000000e+00
8.376249697253630444e-01	7.223637037599555111e-01	0.000000000000000000e+00
8.376249697253630444e-01	6.059277008676585696e-01	0.000000000000000000e+00
8.376249697253630444e-01	6.059277008676585696e-01	0.000000000000000000e+00
8.376249697253630444e-01	6.059277008676585696e-01	0.000000000000000000e+00
8.376249697253630444e-01	6.059277008676585696e-01	0.000000000000000000e+00
8.376249697253630444e-01	6.059277008676585696e-01	0.000000000000000000e+00
8.376249697253630444e-01	7.223637037599555111e-01	0.000000000000000000e+00
8.376249697253630444e-01	7.223637037599555111e-01	0.000000000000000000e+00
8.376249697253630444e-01	8.501743315495913222e-01	0.000000000000000000e+00
8.376249697253630444e-01	8.501743315495913222e-01	0.000000000000000000e+00
8.376249697253630444e-01	8.580261505078630169e-01	0.000000000000000000e+00
8.376249697253630444e-01	8.580261505078630169e-01	0.000000000000000000e+00
8.376249697253630444e-01	8.829464876448368527e-01	0.000000000000000000e+00
8.376249697253630444e-01	8.829464876448368527e-01	0.000000000000000000e+00
