0.000000000000000000e+00	1.080339684723649052e+00	0.000000000000000000e+00
0.000000000000000000e+00	1.066340194011251574e+00	0.000000000000000000e+00
3.014807595191851958e-02	8.625687904038653597e-01	0.000000000000000000e+00
3.014807595191851958e-02	8.625687904038653597e-01	0.000000000000000000e+00
6.412952180111124167e-02	6.974744826936778441e-01	0.000000000000000000e+00
6.412952180111124167e-02	6.974744826936778441e-01	0.000000000000000000e+00
6.412952180111124167e-02	6.974744826936778441e-01	0.000000000000000000e+00
6.412952180111124167e-02	6.974744826936778441e-01	0.000000000000000000e+00
6.412952180111124167e-02	6.974744826936778441e-01	0.000000000000000000e+00
6.412952180111124167e-02	6.974744826936778441e-01	0.000000000000000000e+00
6.412952180111124167e-02	6.974744826936778441e-01	0.000000000000000000e+00
6.412952180111124167e-02	6.974744826936778441e-01	0.000000000000000000e+00
6.412952180111124167e-02	7.162534609354072046e-01	0.000000000000000000e+00
2.025940410321591945e-01	5.750219024735399032e-01	0.000000000000000000e+00
2.090632965978066471e-01	5.233446643092478645e-01	0.000000000000000000e+00
2.090632965978066471e-01	5.123643485340072523e-01	0.000000000000000000e+00
2.090632965978066471e-01	5.123643485340072523e-01	0.000000000000000000e+00
2.090632965978066471e-01	5.123643485340072523e-01	0.000000000000000000e+00
2.529064622833343545e-01	2.647938706199099990e-01	0.000000000000000000e+00
2.529064622833343545e-01	2.647938706199099990e-01	0.000000000000000000e+00
2.529064622833343545e-01	2.647938706199099990e-01	0.000000000000000000e+00
2.529064622833343545e-01	2.600352552377486193e-01	0.000000000000000000e+00
2.529064622833343545e-01	2.600352552377486193e-01	0.000000000000000000e+00
2.529064622833343545e-01	2.600352552377486193e-01	0.000000000000000000e+00
2.529064622833343545e-01	2.600352552377486193e-01	0.000000000000000000e+00
2.529064622833343545e-01	2.600352552377486193e-01	0.000000000000000000e+00
2.529064622833343545e-01	2.600352552377486193e-01	0.000000000000000000e+00
2.529064622833343545e-01	2.600352552377486193e-01	0.000000000000000000e+00
2.529064622833343545e-01	2.600352552377486193e-01	0.000000000000000000e+00
2.529064622833343545e-01	2.600352552377486193e-01	0.000000000000000000e+00
2.529064622833343545e-01	2.600352552377486193e-01	0.000000000000000000e+00
4.284260982757379654e-01	2.992842731306032469e-02	0.000000000000000000e+00
4.284260982757379654e-01	3.557338874112158517e-02	0.000000000000000000e+00
4.284260982757379654e-01	3.557338874112158517e-02	0.000000000000000000e+00
4.284260982757379654e-01	3.557338874112158517e-02	0.000000000000000000e+00
4.284260982757379654e-01	3.557338874112158517e-02	0.000000000000000000e+00
4.284260982757379654e-01	3.557338874112158517e-02	0.000000000000000000e+00
4.284260982757379654e-01	2.992842731306032469e-02	0.000000000000000000e+00
4.345621482081090670e-01	-2.665141899892954289e-02	0.000000000000000000e+00
4.345621482081090670e-01	-2.917823194851353399e-02	0.000000000000000000e+00
4.345621482081090670e-01	-2.917823194851353399e-02	0.000000000000000000e+00
4.573696817802334058e-01	-1.044230461160077922e-01	0.000000000000000000e+00
4.573696817802334058e-01	-1.071576193267685662e-01	0.000000000000000000e+00
4.573696817802334058e-01	-1.071576193267685662e-01	0.000000000000000000e+00
4.573696817802334058e-01	-1.071576193267685662e-01	0.000000000000000000e+00
4.573696817802334058e-01	-1.071576193267685662e-01	0.000000000000000000e+00
4.573696817802334058e-01	-1.071576193267685662e-01	0.000000000000000000e+00
4.573696817802334058e-01	-1.071576193267685662e-01	0.000000000000000000e+00
4.573696817802334058e-01	-1.071576193267685662e-01	0.000000000000000000e+00
4.573696817802334058e-01	-1.071576193267685662e-01	0.000000000000000000e+00
4.573696817802334058e-01	-1.071576193267685662e-01	0.000000000000000000e+00
4.573696817802334058e-01	-1.016292824187738225e-01	0.000000000000000000e+00
6.352841764281950132e-01	-2.748814394517949400e-01	0.000000000000000000e+00
6.352841764281950132e-01	-2.748814394517949400e-01	0.000000000000000000e+00
6.352841764281950132e-01	-2.748814394517949400e-01	0.000000000000000000e+00
6.352841764281950132e-01	-2.748814394517949400e-01	0.000000000000000000e+00
6.352841764281950132e-01	-2.748814394517949400e-01	0.000000000000000000e+00
6.352841764281950132e-01	-2.911987613400520147e-01	0.000000000000000000e+00
6.352841764281950132e-01	-2.911987613400520147e-01	0.000000000000000000e+00
6.352841764281950132e-01	-2.911987613400520147e-01	0.000000000000000000e+00
6.352841764281950132e-01	-2.953290063495509488e-01	0.000000000000000000e+00
6.352841764281950132e-01	-3.069403444928406888e-01	0.000000000000000000e+00
6.352841764281950132e-01	-3.311586206332160498e-01	0.000000000000000000e+00
6.352841764281950132e-01	-3.311586206332160498e-01	0.000000000000000000e+00
6.443131328844380334e-01	-3.887151867956969431e-01	0.000000000000000000e+00
6.443131328844380334e-01	-3.887151867956969431e-01	0.000000000000000000e+00
6.443131328844380334e-01	-3.887151867956969431e-01	0.000000000000000000e+00
6.443131328844380334e-01	-3.983274677257597762e-01	0.000000000000000000e+00
6.443131328844380334e-01	-4.025704876047719871e-01	0.000000000000000000e+00
6.443131328844380334e-01	-4.025704876047719871e-01	0.000000000000000000e+00
6.443131328844380334e-01	-3.983274677257597762e-01	0.000000000000000000e+00
6.443131328844380334e-01	-3.983274677257597762e-01	0.000000000000000000e+00
6.443131328844380334e-01	-3.954505162337595414e-01	0.000000000000000000e+00
8.328558088046960073e-01	-5.713955727610774415e-01	0.000000000000000000e+00
8.328558088046960073e-01	-5.713955727610774415e-01	0.000000000000000000e+00
8.328558088046960073e-01	-5.478644895703006501e-01	0.000000000000000000e+00
8.328558088046960073e-01	-5.478644895703006501e-01	0.000000000000000000e+00
8.328558088046960073e-01	-5.478644895703006501e-01	0.000000000000000000e+00
8.328558088046960073e-01	-5.409445945843506243e-01	0.000000000000000000e+00
8.328558088046960073e-01	-5.409445945843506243e-01	0.000000000000000000e+00
8.328558088046960073e-01	-5.409445945843506243e-01	0.000000000000000000e+00
8.328558088046960073e-01	-5.409445945843506243e-01	0.000000000000000000e+00
8.328558088046960073e-01	-5.409445945843506243e-01	0.000000000000000000e+00
8.328558088046960073e-01	-5.409445945843506243e-01	0.000000000000000000e+00
8.328558088046960073e-01	-5.544919957688458911e-01	0.000000000000000000e+00
8.328558088046960073e-01	-5.611232264607848297e-01	0.000000000000000000e+00
8.328558088046960073e-01	-5.796904664069891799e-01	0.000000000000000000e+00
8.451145186042317015e-01	-6.358105434511576171e-01	0.000000000000000000e+00
8.451145186042317015e-01	-6.358105434511576171e-01	0.000000000000000000e+00
8.451145186042317015e-01	-6.472041588479442442e-01	0.000000000000000000e+00
8.451145186042317015e-01	-6.722055600565939315e-01	0.000000000000000000e+00
8.451145186042317015e-01	-6.722055600565939315e-01	0.000000000000000000e+00
8.451145186042317015e-01	-6.547249247792273907e-01	0.000000000000000000e+00
8.451145186042317015e-01	-6.547249247792273907e-01	0.000000000000000000e+00
8.451145186042317015e-01	-6.547249247792273907e-01	0.000000000000000000e+00
8.451145186042317015e-01	-6.722055600565939315e-01	0.000000000000000000e+00
8.451145186042317015e-01	-6.722055600565939315e-01	0.000000000000000000e+00
8.451145186042317015e-01	-6.886370905255091435e-01	0.000000000000000000e+00
8.451145186042317015e-01	-6.886370905255091435e-01	0.000000000000000000e+00
8.451145186042317015e-01	-6.886370905255091435e-01	0.000000000000000000e+00
