0.000000000000000000e+00	1.043190683182452450e+00	0.000000000000000000e+00
2.999517983726737724e-02	8.260481249126023773e-01	0.000000000000000000e+00
5.870626958081964081e-02	7.256062946666677060e-01	0.000000000000000000e+00
8.166527457470597329e-02	6.885145583120098056e-01	0.000000000000000000e+00
8.166527457470597329e-02	6.885145583120098056e-01	0.000000000000000000e+00
8.166527457470597329e-02	6.885145583120098056e-01	0.000000000000000000e+00
1.981384430358200388e-01	6.595976767104889671e-01	0.000000000000000000e+00
2.089542580461943300e-01	4.997379299196930691e-01	0.000000000000000000e+00
2.259269447044369716e-01	4.015052906114370268e-01	0.000000000000000000e+00
2.376932116770062720e-01	3.164810007507641854e-01	0.000000000000000000e+00
2.554205324998176652e-01	2.522630170410210537e-01	0.000000000000000000e+00
2.554205324998176652e-01	2.522630170410210537e-01	0.000000000000000000e+00
2.554205324998176652e-01	2.522630170410210537e-01	0.000000000000000000e+00
2.554205324998176652e-01	2.522630170410210537e-01	0.000000000000000000e+00
2.554205324998176652e-01	2.522630170410210537e-01	0.000000000000000000e+00
4.182706253237633010e-01	1.620933746760459260e-01	0.000000000000000000e+00
4.268967244690086704e-01	6.271561024707295040e-02	0.000000000000000000e+00
4.268967244690086704e-01	6.271561024707295040e-02	0.000000000000000000e+00
4.330174192214536477e-01	2.840888955836036803e-03	0.000000000000000000e+00
4.483630653519966591e-01	-3.810784663262224009e-02	0.000000000000000000e+00
4.483630653519966591e-01	-1.018593885340390304e-01	0.000000000000000000e+00
4.483630653519966591e-01	-1.074251238958800758e-01	0.000000000000000000e+00
4.483630653519966591e-01	-1.074251238958800758e-01	0.000000000000000000e+00
4.483630653519966591e-01	-1.081319317866536178e-01	0.000000000000000000e+00
4.537600018930511014e-01	-1.155380562707659237e-01	0.000000000000000000e+00
6.309431446071820382e-01	-2.985150059351604490e-01	0.000000000000000000e+00
6.309431446071820382e-01	-2.985150059351604490e-01	0.000000000000000000e+00
6.309431446071820382e-01	-2.985150059351604490e-01	0.000000000000000000e+00
6.309431446071820382e-01	-2.985150059351604490e-01	0.000000000000000000e+00
6.314338040564460020e-01	-3.058580507060618681e-01	0.000000000000000000e+00
6.369891153244342519e-01	-3.401936659925189899e-01	0.000000000000000000e+00
6.415506680317313304e-01	-3.928624311025927796e-01	0.000000000000000000e+00
6.422197894829478892e-01	-3.990234241536393944e-01	0.000000000000000000e+00
6.483613773605390040e-01	-4.235094782211934472e-01	0.000000000000000000e+00
6.534198093481816683e-01	-4.335806825773609874e-01	0.000000000000000000e+00
6.534198093481816683e-01	-4.335806825773609874e-01	0.000000000000000000e+00
6.534198093481816683e-01	-4.335806825773609874e-01	0.000000000000000000e+00
8.456295375013528348e-01	-5.544522052615779018e-01	0.000000000000000000e+00
8.456295375013528348e-01	-5.544522052615779018e-01	0.000000000000000000e+00
8.456295375013528348e-01	-5.544522052615779018e-01	0.000000000000000000e+00
8.456295375013528348e-01	-5.544522052615779018e-01	0.000000000000000000e+00
8.456295375013528348e-01	-7.172648764233076069e-01	0.000000000000000000e+00
8.456295375013528348e-01	-7.172648764233076069e-01	0.000000000000000000e+00
8.456295375013528348e-01	-7.172648764233076069e-01	0.000000000000000000e+00
8.456295375013528348e-01	-7.172648764233076069e-01	0.000000000000000000e+00
8.456295375013528348e-01	-7.172648764233076069e-01	0.000000000000000000e+00
8.456295375013528348e-01	-7.081911020625424324e-01	0.000000000000000000e+00
8.456295375013528348e-01	-7.053254905937498265e-01	0.000000000000000000e+00
8.456295375013528348e-01	-7.197366855905146243e-01	0.000000000000000000e+00
8.456295375013528348e-01	-7.263028661683450515e-01	0.000000000000000000e+00
