0.000000000000000000e+00	1.397173958801166238e+00	0.000000000000000000e+00
1.966408888352558226e-02	8.865891851599290163e-01	0.000000000000000000e+00
5.558786517767042717e-02	7.506584815925638754e-01	0.000000000000000000e+00
8.031464691024930991e-02	7.051682466230317914e-01	0.000000000000000000e+00
8.031464691024930991e-02	7.051682466230317914e-01	0.000000000000000000e+00
8.031464691024930991e-02	7.051682466230317914e-01	0.000000000000000000e+00
8.031464691024930991e-02	7.051682466230317914e-01	0.000000000000000000e+00
1.965569601727405469e-01	6.099230089864361437e-01	0.000000000000000000e+00
2.132170484845242187e-01	4.954482799794531211e-01	0.000000000000000000e+00
2.259269447044369716e-01	3.924789723340075809e-01	0.000000000000000000e+00
2.406038494744351663e-01	3.316164597232358902e-01	0.000000000000000000e+00
2.554205324998176652e-01	2.637883478660495995e-01	0.000000000000000000e+00
2.554205324998176652e-01	2.637883478660495995e-01	0.000000000000000000e+00
2.554205324998176652e-01	2.637883478660495995e-01	0.000000000000000000e+00
2.554205324998176652e-01	2.637883478660495995e-01	0.000000000000000000e+00
2.554205324998176652e-01	2.637883478660495995e-01	0.000000000000000000e+00
4.195664330873354331e-01	1.632386491763294090e-01	0.000000000000000000e+00
4.195664330873354331e-01	1.632386491763294090e-01	0.000000000000000000e+00
4.239937758327986805e-01	1.190213909537523457e-01	0.000000000000000000e+00
4.268242277564616161e-01	6.878565627178040431e-02	0.000000000000000000e+00
4.308103432331795712e-01	2.000623132045277128e-02	0.000000000000000000e+00
4.340825566888046882e-01	-2.099216739387883141e-02	0.000000000000000000e+00
4.415541193426084643e-01	-6.595386482096542158e-02	0.000000000000000000e+00
4.490046631256959242e-01	-9.941126137700039000e-02	0.000000000000000000e+00
4.551720113613848540e-01	-1.066567451395530747e-01	0.000000000000000000e+00
4.551720113613848540e-01	-1.066567451395530747e-01	0.000000000000000000e+00
4.551720113613848540e-01	-1.066567451395530747e-01	0.000000000000000000e+00
4.551720113613848540e-01	-1.066567451395530747e-01	0.000000000000000000e+00
6.221878104803529874e-01	-1.435088746432778006e-01	0.000000000000000000e+00
6.223132457571237675e-01	-1.708804406112984786e-01	0.000000000000000000e+00
6.300808397520337722e-01	-2.612766587820411490e-01	0.000000000000000000e+00
6.300808397520337722e-01	-2.612766587820411490e-01	0.000000000000000000e+00
6.322767817470933416e-01	-2.790564152071425275e-01	0.000000000000000000e+00
6.352680235360340655e-01	-3.168994306745507306e-01	0.000000000000000000e+00
6.381451745548614163e-01	-3.385456428366748760e-01	0.000000000000000000e+00
6.412918407382967034e-01	-3.704313826185479663e-01	0.000000000000000000e+00
6.412918407382967034e-01	-3.704313826185479663e-01	0.000000000000000000e+00
6.445960495973209747e-01	-4.016671948627341115e-01	0.000000000000000000e+00
6.524129156824212128e-01	-4.212628832787304600e-01	0.000000000000000000e+00
6.524129156824212128e-01	-4.254666944476628299e-01	0.000000000000000000e+00
6.524129156824212128e-01	-4.254666944476628299e-01	0.000000000000000000e+00
6.524129156824212128e-01	-4.254666944476628299e-01	0.000000000000000000e+00
6.524129156824212128e-01	-4.254666944476628299e-01	0.000000000000000000e+00
6.524129156824212128e-01	-4.254666944476628299e-01	0.000000000000000000e+00
6.524129156824212128e-01	-4.254666944476628299e-01	0.000000000000000000e+00
6.524129156824212128e-01	-4.254666944476628299e-01	0.000000000000000000e+00
6.524129156824212128e-01	-4.254666944476628299e-01	0.000000000000000000e+00
6.524129156824212128e-01	-4.254666944476628299e-01	0.000000000000000000e+00
6.524129156824212128e-01	-4.254666944476628299e-01	0.000000000000000000e+00
6.524129156824212128e-01	-4.254666944476628299e-01	0.000000000000000000e+00
