0.000000000000000000e+00	1.389962367628518880e+00	0.000000000000000000e+00
3.189182787774019756e-02	8.769395149261226541e-01	0.000000000000000000e+00
5.884614906739304985e-02	7.508966311724331044e-01	0.000000000000000000e+00
8.671018314397149762e-02	7.181441513173295599e-01	0.000000000000000000e+00
8.671018314397149762e-02	7.181441513173295599e-01	0.000000000000000000e+00
8.671018314397149762e-02	7.181441513173295599e-01	0.000000000000000000e+00
8.671018314397149762e-02	7.181441513173295599e-01	0.000000000000000000e+00
1.929383375882848806e-01	6.505590659251990759e-01	0.000000000000000000e+00
2.165261594518366750e-01	4.914813665387947061e-01	0.000000000000000000e+00
2.329630305637994392e-01	3.544611047158581218e-01	0.000000000000000000e+00
2.384080500872148012e-01	3.441790395026553817e-01	0.000000000000000000e+00
2.554205324998176652e-01	2.871102718433946599e-01	0.000000000000000000e+00
2.554205324998176652e-01	2.871102718433946599e-01	0.000000000000000000e+00
2.554205324998176652e-01	2.871102718433946599e-01	0.000000000000000000e+00
2.554205324998176652e-01	2.871102718433946599e-01	0.000000000000000000e+00
2.554205324998176652e-01	2.871102718433946599e-01	0.000000000000000000e+00
4.195664330873354331e-01	1.936345496231205443e-01	0.000000000000000000e+00
4.195664330873354331e-01	1.936345496231205443e-01	0.000000000000000000e+00
4.284211185782619280e-01	1.094057914862871378e-01	0.000000000000000000e+00
4.308377281707834738e-01	4.817358614101027725e-02	0.000000000000000000e+00
4.371117866485544345e-01	1.401517125126915120e-02	0.000000000000000000e+00
4.430657960132619588e-01	-1.650838358838238942e-02	0.000000000000000000e+00
4.524256844967785574e-01	-5.359451146492458240e-02	0.000000000000000000e+00
4.524256844967785574e-01	-5.407826920432465267e-02	0.000000000000000000e+00
4.524256844967785574e-01	-5.407826920432465267e-02	0.000000000000000000e+00
4.524256844967785574e-01	-5.407826920432465267e-02	0.000000000000000000e+00
4.524256844967785574e-01	-5.407826920432465267e-02	0.000000000000000000e+00
6.223132457571237675e-01	-1.001219925627242074e-01	0.000000000000000000e+00
6.243893319721756097e-01	-1.353513633610581579e-01	0.000000000000000000e+00
6.269620980040687686e-01	-1.739992271748740937e-01	0.000000000000000000e+00
6.321235109964333798e-01	-2.211999454237422724e-01	0.000000000000000000e+00
6.343721799592760835e-01	-2.511342579925067153e-01	0.000000000000000000e+00
6.368742973178784794e-01	-2.794991076718512102e-01	0.000000000000000000e+00
6.377141953270782926e-01	-2.906879103552091337e-01	0.000000000000000000e+00
6.381451745548614163e-01	-3.227988015119990228e-01	0.000000000000000000e+00
6.415499892547058547e-01	-3.427103898139227667e-01	0.000000000000000000e+00
6.487212817198444448e-01	-3.863337496433910112e-01	0.000000000000000000e+00
6.487212817198444448e-01	-3.863337496433910112e-01	0.000000000000000000e+00
6.487212817198444448e-01	-3.863337496433910112e-01	0.000000000000000000e+00
6.487212817198444448e-01	-3.863337496433910112e-01	0.000000000000000000e+00
6.487212817198444448e-01	-3.863337496433910112e-01	0.000000000000000000e+00
6.538353933196132672e-01	-3.779108367801145008e-01	0.000000000000000000e+00
6.538353933196132672e-01	-3.779108367801145008e-01	0.000000000000000000e+00
6.538353933196132672e-01	-3.779108367801145008e-01	0.000000000000000000e+00
6.538353933196132672e-01	-3.779108367801145008e-01	0.000000000000000000e+00
6.538353933196132672e-01	-3.779108367801145008e-01	0.000000000000000000e+00
6.538353933196132672e-01	-3.779108367801145008e-01	0.000000000000000000e+00
6.538353933196132672e-01	-3.779068056198546799e-01	0.000000000000000000e+00
6.538353933196132672e-01	-3.779068056198546799e-01	0.000000000000000000e+00
6.538353933196132672e-01	-3.779068056198546799e-01	0.000000000000000000e+00
