0.000000000000000000e+00	1.138339346986690703e+00	0.000000000000000000e+00
3.189182787774019756e-02	9.427652841860587607e-01	0.000000000000000000e+00
5.884614906739304985e-02	7.872832558517264268e-01	0.000000000000000000e+00
8.671018314397149762e-02	7.387710896536542338e-01	0.000000000000000000e+00
8.671018314397149762e-02	7.387710896536542338e-01	0.000000000000000000e+00
8.671018314397149762e-02	7.387710896536542338e-01	0.000000000000000000e+00
8.671018314397149762e-02	7.387710896536542338e-01	0.000000000000000000e+00
2.102610696214277375e-01	6.133959262980170912e-01	0.000000000000000000e+00
2.256654652499450187e-01	4.547068050610420520e-01	0.000000000000000000e+00
2.368969865765988003e-01	4.530885212506484683e-01	0.000000000000000000e+00
2.384080500872148012e-01	3.441790395026553817e-01	0.000000000000000000e+00
2.628340905007239270e-01	2.975198013726951807e-01	0.000000000000000000e+00
2.628340905007239270e-01	2.882582698581211411e-01	0.000000000000000000e+00
2.628340905007239270e-01	2.882582698581211411e-01	0.000000000000000000e+00
2.628340905007239270e-01	2.882582698581211411e-01	0.000000000000000000e+00
2.628340905007239270e-01	2.966377467743029350e-01	0.000000000000000000e+00
4.215254113931488078e-01	2.376765023318623826e-01	0.000000000000000000e+00
4.284211185782619280e-01	1.170398858242989865e-01	0.000000000000000000e+00
4.284211185782619280e-01	1.170398858242989865e-01	0.000000000000000000e+00
4.354495637429368626e-01	8.096745422911363899e-02	0.000000000000000000e+00
4.371117866485544345e-01	9.631799871325464821e-03	0.000000000000000000e+00
4.430657960132619588e-01	-1.728173833775657406e-02	0.000000000000000000e+00
4.493057216689396727e-01	-3.936536688741586187e-02	0.000000000000000000e+00
4.493057216689396727e-01	-3.936536688741586187e-02	0.000000000000000000e+00
4.493057216689396727e-01	-3.936536688741586187e-02	0.000000000000000000e+00
4.493057216689396727e-01	-3.936536688741586187e-02	0.000000000000000000e+00
6.223132457571237675e-01	-1.001219925627242074e-01	0.000000000000000000e+00
6.223132457571237675e-01	-1.001219925627242074e-01	0.000000000000000000e+00
6.243893319721756097e-01	-1.367650970301547142e-01	0.000000000000000000e+00
6.269620980040687686e-01	-1.849815758712287650e-01	0.000000000000000000e+00
6.368742973178784794e-01	-2.748143105988531953e-01	0.000000000000000000e+00
6.360198709844540055e-01	-2.592125609303129741e-01	0.000000000000000000e+00
6.368742973178784794e-01	-2.748143105988531953e-01	0.000000000000000000e+00
6.377141953270782926e-01	-2.963092688412169440e-01	0.000000000000000000e+00
6.425648640263206257e-01	-3.309839184380750643e-01	0.000000000000000000e+00
6.441070450545902659e-01	-3.481811739741045852e-01	0.000000000000000000e+00
6.487212817198444448e-01	-3.661824300910661578e-01	0.000000000000000000e+00
6.487212817198444448e-01	-3.661824300910661578e-01	0.000000000000000000e+00
6.487212817198444448e-01	-3.670504617151719162e-01	0.000000000000000000e+00
6.487212817198444448e-01	-3.670504617151719162e-01	0.000000000000000000e+00
6.487212817198444448e-01	-3.670504617151719162e-01	0.000000000000000000e+00
6.487212817198444448e-01	-3.672094469301215858e-01	0.000000000000000000e+00
6.487212817198444448e-01	-3.672094469301215858e-01	0.000000000000000000e+00
6.487212817198444448e-01	-3.672094469301215858e-01	0.000000000000000000e+00
6.487212817198444448e-01	-3.672094469301215858e-01	0.000000000000000000e+00
6.487212817198444448e-01	-3.672094469301215858e-01	0.000000000000000000e+00
6.487212817198444448e-01	-3.672094469301215858e-01	0.000000000000000000e+00
6.487212817198444448e-01	-3.672094469301215858e-01	0.000000000000000000e+00
6.487212817198444448e-01	-3.672094469301215858e-01	0.000000000000000000e+00
6.487212817198444448e-01	-3.672094469301215858e-01	0.000000000000000000e+00
