0.000000000000000000e+00	1.953546695590321125e+00	0.000000000000000000e+00
1.966408888352558226e-02	9.021868633676671800e-01	0.000000000000000000e+00
4.908716341722210719e-02	7.797047356082034142e-01	0.000000000000000000e+00
8.031464691024930991e-02	7.051682466230317914e-01	0.000000000000000000e+00
8.031464691024930991e-02	7.051682466230317914e-01	0.000000000000000000e+00
8.031464691024930991e-02	7.051682466230317914e-01	0.000000000000000000e+00
8.031464691024930991e-02	7.051682466230317914e-01	0.000000000000000000e+00
1.965569601727405469e-01	6.145905714384919394e-01	0.000000000000000000e+00
2.132170484845242187e-01	4.954482799794531211e-01	0.000000000000000000e+00
2.266236708213898443e-01	4.053789171377362166e-01	0.000000000000000000e+00
2.406038494744351663e-01	3.316164597232358902e-01	0.000000000000000000e+00
2.554205324998176652e-01	2.741368576060194684e-01	0.000000000000000000e+00
2.554205324998176652e-01	2.734679557144323869e-01	0.000000000000000000e+00
2.554205324998176652e-01	2.734679557144323869e-01	0.000000000000000000e+00
2.554205324998176652e-01	2.734679557144323869e-01	0.000000000000000000e+00
2.554205324998176652e-01	2.734679557144323869e-01	0.000000000000000000e+00
4.195664330873354331e-01	1.426157314149298361e-01	0.000000000000000000e+00
4.195664330873354331e-01	1.426157314149298361e-01	0.000000000000000000e+00
4.239937758327986805e-01	1.329374053180797932e-01	0.000000000000000000e+00
4.268242277564616161e-01	6.878565627178040431e-02	0.000000000000000000e+00
4.308103432331795712e-01	2.000623132045277128e-02	0.000000000000000000e+00
4.340825566888046882e-01	-2.099216739387883141e-02	0.000000000000000000e+00
4.459025590874103884e-01	-5.464110500183896879e-02	0.000000000000000000e+00
4.510036593366729685e-01	-9.630994868014210175e-02	0.000000000000000000e+00
4.589254686724322796e-01	-1.063544357106958604e-01	0.000000000000000000e+00
4.551720113613848540e-01	-1.025667158949999935e-01	0.000000000000000000e+00
4.551720113613848540e-01	-1.025667158949999935e-01	0.000000000000000000e+00
4.551720113613848540e-01	-1.025667158949999935e-01	0.000000000000000000e+00
6.221878104803529874e-01	-1.435088746432778006e-01	0.000000000000000000e+00
6.223132457571237675e-01	-1.708804406112984786e-01	0.000000000000000000e+00
6.300808397520337722e-01	-2.017573991962770541e-01	0.000000000000000000e+00
6.321235109964333798e-01	-2.524725097550464814e-01	0.000000000000000000e+00
6.352680235360340655e-01	-3.168994306745507306e-01	0.000000000000000000e+00
6.352680235360340655e-01	-3.168994306745507306e-01	0.000000000000000000e+00
6.381451745548614163e-01	-3.385456428366748760e-01	0.000000000000000000e+00
6.412918407382967034e-01	-3.503871189348634618e-01	0.000000000000000000e+00
6.445960495973209747e-01	-4.012011241308568454e-01	0.000000000000000000e+00
6.445960495973209747e-01	-4.012011241308568454e-01	0.000000000000000000e+00
6.524129156824212128e-01	-4.212389267838176354e-01	0.000000000000000000e+00
6.524129156824212128e-01	-4.253123780566497314e-01	0.000000000000000000e+00
6.524129156824212128e-01	-4.253123780566497314e-01	0.000000000000000000e+00
6.524129156824212128e-01	-4.253123780566497314e-01	0.000000000000000000e+00
6.524129156824212128e-01	-4.253123780566497314e-01	0.000000000000000000e+00
6.524129156824212128e-01	-4.253123780566497314e-01	0.000000000000000000e+00
6.524129156824212128e-01	-4.253123780566497314e-01	0.000000000000000000e+00
6.524129156824212128e-01	-4.253123780566497314e-01	0.000000000000000000e+00
6.524129156824212128e-01	-4.248121921617080132e-01	0.000000000000000000e+00
6.524129156824212128e-01	-4.248121921617080132e-01	0.000000000000000000e+00
6.524129156824212128e-01	-4.248121921617080132e-01	0.000000000000000000e+00
6.524129156824212128e-01	-4.248121921617080132e-01	0.000000000000000000e+00
