1.407114601597130310e-01	4.824567051053323397e+00	0.000000000000000000e+00
1.407114601597130310e-01	4.824567051053323397e+00	0.000000000000000000e+00
1.407114601597130310e-01	4.824567051053323397e+00	0.000000000000000000e+00
1.407114601597130310e-01	4.625349975241036304e+00	0.000000000000000000e+00
1.744376854905579366e-01	3.415920645930773158e+00	0.000000000000000000e+00
1.744376854905579366e-01	3.415920645930773158e+00	0.000000000000000000e+00
1.744376854905579366e-01	3.415920645930773158e+00	0.000000000000000000e+00
1.744376854905579366e-01	3.415920645930773158e+00	0.000000000000000000e+00
2.084374235073879200e-01	3.211313435522050952e+00	0.000000000000000000e+00
2.084374235073879200e-01	3.140894004521636695e+00	0.000000000000000000e+00
2.084374235073879200e-01	3.140894004521636695e+00	0.000000000000000000e+00
2.542356484811236772e-01	2.871099414488625712e+00	0.000000000000000000e+00
2.926332040958290470e-01	3.128022689033996162e+00	0.000000000000000000e+00
2.926332040958290470e-01	3.128022689033996162e+00	0.000000000000000000e+00
2.926332040958290470e-01	3.128022689033996162e+00	0.000000000000000000e+00
4.627572094195138153e-01	2.690977634695476794e+00	0.000000000000000000e+00
4.627572094195138153e-01	2.690977634695476794e+00	0.000000000000000000e+00
4.627572094195138153e-01	2.690977634695476794e+00	0.000000000000000000e+00
4.627572094195138153e-01	2.690977634695476794e+00	0.000000000000000000e+00
4.627572094195138153e-01	2.690977634695476794e+00	0.000000000000000000e+00
6.362448108021335758e-01	2.924713070721051800e+00	0.000000000000000000e+00
6.362448108021335758e-01	2.924713070721051800e+00	0.000000000000000000e+00
6.669789759015157804e-01	2.782771007344771785e+00	0.000000000000000000e+00
6.669789759015157804e-01	2.782771007344771785e+00	0.000000000000000000e+00
6.669789759015157804e-01	2.782771007344771785e+00	0.000000000000000000e+00
6.669789759015157804e-01	2.782771007344771785e+00	0.000000000000000000e+00
6.669789759015157804e-01	2.782771007344771785e+00	0.000000000000000000e+00
6.669789759015157804e-01	2.782771007344771785e+00	0.000000000000000000e+00
8.198318021149910706e-01	2.348760999761434043e+00	0.000000000000000000e+00
8.198318021149910706e-01	2.348760999761434043e+00	0.000000000000000000e+00
8.198318021149910706e-01	2.348760999761434043e+00	0.000000000000000000e+00
6.358381373207363518e-01	2.071919850839966326e+00	0.000000000000000000e+00
6.358381373207363518e-01	2.071919850839966326e+00	0.000000000000000000e+00
4.518444725264816331e-01	2.182533183336571092e+00	0.000000000000000000e+00
4.518444725264816331e-01	2.182533183336571092e+00	0.000000000000000000e+00
4.518444725264816331e-01	2.164530576940924433e+00	0.000000000000000000e+00
4.518444725264816331e-01	2.194515413085632805e+00	0.000000000000000000e+00
4.518444725264816331e-01	2.194515413085632805e+00	0.000000000000000000e+00
4.518444725264816331e-01	2.194515413085632805e+00	0.000000000000000000e+00
4.518444725264816331e-01	2.164530576940924433e+00	0.000000000000000000e+00
4.518444725264816331e-01	2.164530576940924433e+00	0.000000000000000000e+00
4.518444725264816331e-01	2.074131862063995690e+00	0.000000000000000000e+00
4.518444725264816331e-01	2.074131862063995690e+00	0.000000000000000000e+00
4.518444725264816331e-01	2.074131862063995690e+00	0.000000000000000000e+00
4.518444725264816331e-01	2.074131862063995690e+00	0.000000000000000000e+00
4.518444725264816331e-01	2.074131862063995690e+00	0.000000000000000000e+00
6.412856149456201971e-01	2.329271254382970557e+00	0.000000000000000000e+00
6.412856149456201971e-01	2.329271254382970557e+00	0.000000000000000000e+00
6.412856149456201971e-01	2.329271254382970557e+00	0.000000000000000000e+00
6.412856149456201971e-01	2.429537453814834436e+00	0.000000000000000000e+00
