0.000000000000000000e+00	1.691733834314609775e+00	0.000000000000000000e+00
2.806360906363911459e-02	9.607342528589761788e-01	0.000000000000000000e+00
4.561776733387926108e-02	9.252144131241213376e-01	0.000000000000000000e+00
8.687412836306417085e-02	8.120028498844344966e-01	0.000000000000000000e+00
8.687412836306417085e-02	8.120028498844344966e-01	0.000000000000000000e+00
8.687412836306417085e-02	8.120028498844344966e-01	0.000000000000000000e+00
8.687412836306417085e-02	8.120028498844344966e-01	0.000000000000000000e+00
2.020483578482353548e-01	7.440483373614590334e-01	0.000000000000000000e+00
2.116237157707507865e-01	6.237585941224873531e-01	0.000000000000000000e+00
2.167184511219995002e-01	5.830930824983765470e-01	0.000000000000000000e+00
2.333166491027167389e-01	4.704522247113370192e-01	0.000000000000000000e+00
2.472552280986566597e-01	3.700226651021334412e-01	0.000000000000000000e+00
2.538706919591435796e-01	3.525544613459127841e-01	0.000000000000000000e+00
2.676778060664289360e-01	3.422281711665997594e-01	0.000000000000000000e+00
2.676778060664289360e-01	3.422281711665997594e-01	0.000000000000000000e+00
2.676778060664289360e-01	3.422281711665997594e-01	0.000000000000000000e+00
2.676778060664289360e-01	3.422281711665997594e-01	0.000000000000000000e+00
2.676778060664289360e-01	3.422281711665997594e-01	0.000000000000000000e+00
4.182564426967811944e-01	2.753724411774389758e-01	0.000000000000000000e+00
4.251599997504238448e-01	2.003613674707643011e-01	0.000000000000000000e+00
4.295944724052707109e-01	1.548215102903242046e-01	0.000000000000000000e+00
4.371418226404611973e-01	1.257403321522217454e-01	0.000000000000000000e+00
4.446451004554098363e-01	9.575229294174268657e-02	0.000000000000000000e+00
4.463657190229705640e-01	3.881150693731933582e-02	0.000000000000000000e+00
4.510608486944995832e-01	3.783436641703948056e-02	0.000000000000000000e+00
4.510608486944995832e-01	3.783436641703948056e-02	0.000000000000000000e+00
4.510608486944995832e-01	3.783436641703948056e-02	0.000000000000000000e+00
4.510608486944995832e-01	3.783436641703948056e-02	0.000000000000000000e+00
6.263635205565163400e-01	-3.282566208172513905e-02	0.000000000000000000e+00
6.263635205565163400e-01	-3.282566208172513905e-02	0.000000000000000000e+00
6.290650649504386793e-01	-1.052966081445849550e-01	0.000000000000000000e+00
6.290650649504386793e-01	-1.052966081445849550e-01	0.000000000000000000e+00
6.312850264597611449e-01	-1.301194856311137515e-01	0.000000000000000000e+00
6.320382786841418632e-01	-1.567677288319046791e-01	0.000000000000000000e+00
6.335447831329034107e-01	-1.703380711652323076e-01	0.000000000000000000e+00
6.358229692960974955e-01	-1.881914638143988017e-01	0.000000000000000000e+00
6.402444628246906078e-01	-2.153665309287337848e-01	0.000000000000000000e+00
6.403254780297191751e-01	-2.358231234616595118e-01	0.000000000000000000e+00
6.425285003831759933e-01	-2.570115089114961560e-01	0.000000000000000000e+00
6.451639792609189517e-01	-2.953238073077569248e-01	0.000000000000000000e+00
6.476425220711468089e-01	-3.014875776546858677e-01	0.000000000000000000e+00
6.512907753530212673e-01	-3.160640120624907956e-01	0.000000000000000000e+00
6.512907753530212673e-01	-3.161152119722294151e-01	0.000000000000000000e+00
6.512907753530212673e-01	-3.161152119722294151e-01	0.000000000000000000e+00
6.512907753530212673e-01	-3.161152119722294151e-01	0.000000000000000000e+00
6.512907753530212673e-01	-3.161152119722294151e-01	0.000000000000000000e+00
6.512907753530212673e-01	-3.161152119722294151e-01	0.000000000000000000e+00
6.512907753530212673e-01	-3.161152119722294151e-01	0.000000000000000000e+00
6.512907753530212673e-01	-3.161152119722294151e-01	0.000000000000000000e+00
6.512907753530212673e-01	-3.161152119722294151e-01	0.000000000000000000e+00
