0.000000000000000000e+00	1.330813513347354871e+00	0.000000000000000000e+00
1.966408888352558226e-02	8.865891851599290163e-01	0.000000000000000000e+00
5.558786517767042717e-02	7.460786584909639974e-01	0.000000000000000000e+00
8.031464691024930991e-02	7.042748464033001810e-01	0.000000000000000000e+00
8.031464691024930991e-02	7.042748464033001810e-01	0.000000000000000000e+00
8.031464691024930991e-02	7.042748464033001810e-01	0.000000000000000000e+00
8.031464691024930991e-02	7.042748464033001810e-01	0.000000000000000000e+00
1.994337846910749779e-01	6.002152872479293855e-01	0.000000000000000000e+00
2.132170484845242187e-01	4.954482799794531211e-01	0.000000000000000000e+00
2.259269447044369716e-01	3.924789723340075809e-01	0.000000000000000000e+00
2.406038494744351663e-01	3.235254184225713203e-01	0.000000000000000000e+00
2.554205324998176652e-01	2.640038283269607322e-01	0.000000000000000000e+00
2.554205324998176652e-01	2.637883478660495995e-01	0.000000000000000000e+00
2.554205324998176652e-01	2.637883478660495995e-01	0.000000000000000000e+00
2.554205324998176652e-01	2.637883478660495995e-01	0.000000000000000000e+00
2.554205324998176652e-01	2.637883478660495995e-01	0.000000000000000000e+00
4.170863901673176888e-01	2.158246891797883649e-01	0.000000000000000000e+00
4.170863901673176888e-01	1.782267811060031237e-01	0.000000000000000000e+00
4.239937758327986805e-01	1.190213909537523457e-01	0.000000000000000000e+00
4.268242277564616161e-01	5.973317072304711040e-02	0.000000000000000000e+00
4.308103432331795712e-01	1.989872064945101549e-02	0.000000000000000000e+00
4.340825566888046882e-01	-2.181170886982731691e-02	0.000000000000000000e+00
4.415541193426084643e-01	-6.880166392859345115e-02	0.000000000000000000e+00
4.490046631256959242e-01	-9.302942670976573070e-02	0.000000000000000000e+00
4.551720113613848540e-01	-1.077147018241923632e-01	0.000000000000000000e+00
4.551720113613848540e-01	-1.077147018241923632e-01	0.000000000000000000e+00
4.551720113613848540e-01	-1.077147018241923632e-01	0.000000000000000000e+00
4.551720113613848540e-01	-1.077147018241923632e-01	0.000000000000000000e+00
6.221878104803529874e-01	-1.672110845372281052e-01	0.000000000000000000e+00
6.223132457571237675e-01	-1.737887527642256180e-01	0.000000000000000000e+00
6.290530785772461275e-01	-2.393485080602739123e-01	0.000000000000000000e+00
6.290530785772461275e-01	-2.393485080602739123e-01	0.000000000000000000e+00
6.300808397520337722e-01	-2.789401550906648874e-01	0.000000000000000000e+00
6.352680235360340655e-01	-3.168994306745507306e-01	0.000000000000000000e+00
6.381451745548614163e-01	-3.554526265696789644e-01	0.000000000000000000e+00
6.381451745548614163e-01	-3.554526265696789644e-01	0.000000000000000000e+00
6.412918407382967034e-01	-3.739310543783891938e-01	0.000000000000000000e+00
6.445960495973209747e-01	-4.016671948627341115e-01	0.000000000000000000e+00
6.524129156824212128e-01	-4.250448069549687125e-01	0.000000000000000000e+00
6.524129156824212128e-01	-4.254666944476628299e-01	0.000000000000000000e+00
6.524129156824212128e-01	-4.254666944476628299e-01	0.000000000000000000e+00
6.524129156824212128e-01	-4.254666944476628299e-01	0.000000000000000000e+00
6.524129156824212128e-01	-4.254666944476628299e-01	0.000000000000000000e+00
6.524129156824212128e-01	-4.254666944476628299e-01	0.000000000000000000e+00
6.524129156824212128e-01	-4.254666944476628299e-01	0.000000000000000000e+00
6.524129156824212128e-01	-4.254666944476628299e-01	0.000000000000000000e+00
6.524129156824212128e-01	-4.254666944476628299e-01	0.000000000000000000e+00
6.524129156824212128e-01	-4.254666944476628299e-01	0.000000000000000000e+00
6.524129156824212128e-01	-4.254666944476628299e-01	0.000000000000000000e+00
6.524129156824212128e-01	-4.254666944476628299e-01	0.000000000000000000e+00
