0.000000000000000000e+00	2.731167306958180330e+00	0.000000000000000000e+00
3.080308187812114129e-02	2.403727131861419064e+00	0.000000000000000000e+00
6.382452536310695423e-02	2.316332868524183741e+00	0.000000000000000000e+00
8.424122281535298407e-02	2.307652369221952604e+00	0.000000000000000000e+00
1.167187528344079267e-01	2.251555890390407377e+00	0.000000000000000000e+00
1.313500174463839709e-01	2.099449434247034674e+00	0.000000000000000000e+00
1.313500174463839709e-01	2.099449434247034674e+00	0.000000000000000000e+00
2.041904552990225774e-01	1.933700108771997161e+00	0.000000000000000000e+00
2.063847812278167826e-01	1.824623083044723648e+00	0.000000000000000000e+00
2.090017515875804976e-01	1.797852435991570408e+00	0.000000000000000000e+00
2.248951331758070882e-01	1.662150998660342438e+00	0.000000000000000000e+00
2.298907837626521788e-01	1.632999768259680629e+00	0.000000000000000000e+00
2.352698790813140539e-01	1.527151814999064827e+00	0.000000000000000000e+00
2.360123838062806456e-01	1.502054688182534070e+00	0.000000000000000000e+00
2.393486356177383922e-01	1.463202921736427964e+00	0.000000000000000000e+00
2.393486356177383922e-01	1.463202921736427964e+00	0.000000000000000000e+00
2.393486356177383922e-01	1.463202921736427964e+00	0.000000000000000000e+00
2.393486356177383922e-01	1.463202921736427964e+00	0.000000000000000000e+00
2.393486356177383922e-01	1.463202921736427964e+00	0.000000000000000000e+00
2.393486356177383922e-01	1.463202921736427964e+00	0.000000000000000000e+00
4.221231156537101903e-01	1.364738470910906942e+00	0.000000000000000000e+00
4.221231156537101903e-01	1.364738470910906942e+00	0.000000000000000000e+00
4.221231156537101903e-01	1.364738470910906942e+00	0.000000000000000000e+00
4.210074422801240446e-01	1.169530915886359823e+00	0.000000000000000000e+00
4.210074422801240446e-01	1.169530915886359823e+00	0.000000000000000000e+00
4.210074422801240446e-01	1.169530915886359823e+00	0.000000000000000000e+00
4.210074422801240446e-01	1.169530915886359823e+00	0.000000000000000000e+00
4.210074422801240446e-01	1.169530915886359823e+00	0.000000000000000000e+00
4.210074422801240446e-01	1.169530915886359823e+00	0.000000000000000000e+00
4.518444725264816331e-01	1.153377067215437757e+00	0.000000000000000000e+00
4.518444725264816331e-01	1.153377067215437757e+00	0.000000000000000000e+00
4.518444725264816331e-01	1.158931539422993540e+00	0.000000000000000000e+00
4.518444725264816331e-01	1.158931539422993540e+00	0.000000000000000000e+00
6.280275563878201517e-01	1.125333476731554372e+00	0.000000000000000000e+00
6.280275563878201517e-01	1.100314294615972077e+00	0.000000000000000000e+00
6.280275563878201517e-01	1.085665012799896134e+00	0.000000000000000000e+00
6.302635898075936716e-01	1.067477213555505733e+00	0.000000000000000000e+00
6.338057215597958649e-01	1.032143372939838155e+00	0.000000000000000000e+00
6.338057215597958649e-01	1.014004453159946584e+00	0.000000000000000000e+00
6.345379198829952383e-01	9.548156961154437017e-01	0.000000000000000000e+00
6.345379198829952383e-01	9.548156961154437017e-01	0.000000000000000000e+00
6.345379198829952383e-01	9.548156961154437017e-01	0.000000000000000000e+00
6.352701182061946117e-01	9.005809104659302511e-01	0.000000000000000000e+00
6.352701182061946117e-01	9.005809104659302511e-01	0.000000000000000000e+00
6.352701182061946117e-01	9.005809104659302511e-01	0.000000000000000000e+00
6.352701182061946117e-01	9.005809104659302511e-01	0.000000000000000000e+00
6.359471154871005893e-01	8.587648090818222890e-01	0.000000000000000000e+00
6.359471154871005893e-01	8.587648090818222890e-01	0.000000000000000000e+00
6.359471154871005893e-01	8.575159445748617992e-01	0.000000000000000000e+00
6.359471154871005893e-01	8.575159445748617992e-01	0.000000000000000000e+00
