1.188584338601684220e-01	4.062074510290544893e+00	0.000000000000000000e+00
1.188584338601684220e-01	4.062074510290544893e+00	0.000000000000000000e+00
1.188584338601684220e-01	4.062074510290544893e+00	0.000000000000000000e+00
1.275401609683292636e-01	3.538946429779048053e+00	0.000000000000000000e+00
1.275401609683292636e-01	3.538946429779048053e+00	0.000000000000000000e+00
1.275401609683292636e-01	3.538946429779048053e+00	0.000000000000000000e+00
1.744376854905579366e-01	3.415920645930773158e+00	0.000000000000000000e+00
2.084374235073879200e-01	3.200700758691044534e+00	0.000000000000000000e+00
2.084374235073879200e-01	3.200700758691044534e+00	0.000000000000000000e+00
2.084374235073879200e-01	3.140894004521636695e+00	0.000000000000000000e+00
2.451305240237358074e-01	2.891764938552336517e+00	0.000000000000000000e+00
2.451305240237358074e-01	2.891764938552336517e+00	0.000000000000000000e+00
2.451305240237358074e-01	2.800439088982835667e+00	0.000000000000000000e+00
2.451305240237358074e-01	2.800439088982835667e+00	0.000000000000000000e+00
2.451305240237358074e-01	2.800439088982835667e+00	0.000000000000000000e+00
2.451305240237358074e-01	2.873872199061239030e+00	0.000000000000000000e+00
2.451305240237358074e-01	2.891764938552336517e+00	0.000000000000000000e+00
2.451305240237358074e-01	2.936920282280646610e+00	0.000000000000000000e+00
4.627572094195138153e-01	2.644224982217230124e+00	0.000000000000000000e+00
4.627572094195138153e-01	2.644224982217230124e+00	0.000000000000000000e+00
4.518444725264816331e-01	2.491512433673460869e+00	0.000000000000000000e+00
4.518444725264816331e-01	2.491512433673460869e+00	0.000000000000000000e+00
4.518444725264816331e-01	2.491512433673460869e+00	0.000000000000000000e+00
4.518444725264816331e-01	2.491512433673460869e+00	0.000000000000000000e+00
4.518444725264816331e-01	2.491512433673460869e+00	0.000000000000000000e+00
4.518444725264816331e-01	2.491512433673460869e+00	0.000000000000000000e+00
4.518444725264816331e-01	2.205088188588752107e+00	0.000000000000000000e+00
4.518444725264816331e-01	2.205088188588752107e+00	0.000000000000000000e+00
4.518444725264816331e-01	2.204938068872614121e+00	0.000000000000000000e+00
4.518444725264816331e-01	2.204938068872614121e+00	0.000000000000000000e+00
4.518444725264816331e-01	2.204938068872614121e+00	0.000000000000000000e+00
4.518444725264816331e-01	2.204938068872614121e+00	0.000000000000000000e+00
4.518444725264816331e-01	2.204938068872614121e+00	0.000000000000000000e+00
4.518444725264816331e-01	2.204938068872614121e+00	0.000000000000000000e+00
4.518444725264816331e-01	2.204938068872614121e+00	0.000000000000000000e+00
4.518444725264816331e-01	2.204938068872614121e+00	0.000000000000000000e+00
4.518444725264816331e-01	2.183162963620514319e+00	0.000000000000000000e+00
4.518444725264816331e-01	2.183162963620514319e+00	0.000000000000000000e+00
4.518444725264816331e-01	2.172097643700845460e+00	0.000000000000000000e+00
4.518444725264816331e-01	2.172097643700845460e+00	0.000000000000000000e+00
4.518444725264816331e-01	2.172097643700845460e+00	0.000000000000000000e+00
4.518444725264816331e-01	2.102397558516607923e+00	0.000000000000000000e+00
4.518444725264816331e-01	2.102397558516607923e+00	0.000000000000000000e+00
4.518444725264816331e-01	2.081195001551161106e+00	0.000000000000000000e+00
4.518444725264816331e-01	2.074131862063995690e+00	0.000000000000000000e+00
4.518444725264816331e-01	2.074131862063995690e+00	0.000000000000000000e+00
6.412856149456201971e-01	2.323198376462348946e+00	0.000000000000000000e+00
6.412856149456201971e-01	2.323198376462348946e+00	0.000000000000000000e+00
6.412856149456201971e-01	2.323198376462348946e+00	0.000000000000000000e+00
6.412856149456201971e-01	2.323198376462348946e+00	0.000000000000000000e+00
