0.000000000000000000e+00	3.019751271374262469e+00	0.000000000000000000e+00
3.080308187812114129e-02	2.403727131861419064e+00	0.000000000000000000e+00
6.382452536310695423e-02	2.230422233563020828e+00	0.000000000000000000e+00
1.040200014368681120e-01	2.132768737247914270e+00	0.000000000000000000e+00
1.313500174463839709e-01	2.082549817969423511e+00	0.000000000000000000e+00
1.680208669104644448e-01	1.897879800601031342e+00	0.000000000000000000e+00
1.752898913141180681e-01	1.877278752871615053e+00	0.000000000000000000e+00
2.069030799260287157e-01	1.726908393461747071e+00	0.000000000000000000e+00
2.154172556846449260e-01	1.475260144332660728e+00	0.000000000000000000e+00
2.154172556846449260e-01	1.475260144332660728e+00	0.000000000000000000e+00
2.458621674548066294e-01	1.284289836723340628e+00	0.000000000000000000e+00
2.458621674548066294e-01	1.284289836723340628e+00	0.000000000000000000e+00
2.523756992918748665e-01	1.225618543029559415e+00	0.000000000000000000e+00
2.523756992918748665e-01	1.220818967821992507e+00	0.000000000000000000e+00
2.523756992918748665e-01	1.220818967821992507e+00	0.000000000000000000e+00
2.523756992918748665e-01	1.220818967821992507e+00	0.000000000000000000e+00
2.523756992918748665e-01	1.220818967821992507e+00	0.000000000000000000e+00
2.523756992918748665e-01	1.220818967821992507e+00	0.000000000000000000e+00
4.215652789669170897e-01	1.120865062344367447e+00	0.000000000000000000e+00
4.215652789669170897e-01	1.120865062344367447e+00	0.000000000000000000e+00
4.215652789669170897e-01	1.114914151876598813e+00	0.000000000000000000e+00
4.215652789669170897e-01	1.114914151876598813e+00	0.000000000000000000e+00
4.215652789669170897e-01	1.115450328792616519e+00	0.000000000000000000e+00
4.215652789669170897e-01	1.115450328792616519e+00	0.000000000000000000e+00
4.215652789669170897e-01	1.115450328792616519e+00	0.000000000000000000e+00
6.280275563878201517e-01	9.817147705525341994e-01	0.000000000000000000e+00
6.280275563878201517e-01	9.817147705525341994e-01	0.000000000000000000e+00
6.280275563878201517e-01	9.394537133279348140e-01	0.000000000000000000e+00
6.280275563878201517e-01	9.394537133279348140e-01	0.000000000000000000e+00
6.408581868320633035e-01	8.890614355402614022e-01	0.000000000000000000e+00
6.425388327725656268e-01	8.809085601894325324e-01	0.000000000000000000e+00
6.425388327725656268e-01	8.809085601894325324e-01	0.000000000000000000e+00
6.425388327725656268e-01	8.809085601894325324e-01	0.000000000000000000e+00
6.359406141676441360e-01	7.968519345380988828e-01	0.000000000000000000e+00
6.359406141676441360e-01	7.968519345380988828e-01	0.000000000000000000e+00
6.359406141676441360e-01	7.968519345380988828e-01	0.000000000000000000e+00
6.359406141676441360e-01	7.968519345380988828e-01	0.000000000000000000e+00
6.359406141676441360e-01	7.968519345380988828e-01	0.000000000000000000e+00
6.359406141676441360e-01	7.968519345380988828e-01	0.000000000000000000e+00
6.359406141676441360e-01	7.968519345380988828e-01	0.000000000000000000e+00
6.359406141676441360e-01	7.968519345380988828e-01	0.000000000000000000e+00
6.359406141676441360e-01	7.968519345380988828e-01	0.000000000000000000e+00
6.359406141676441360e-01	7.968519345380988828e-01	0.000000000000000000e+00
6.359406141676441360e-01	8.397217942556207682e-01	0.000000000000000000e+00
6.359406141676441360e-01	8.397217942556207682e-01	0.000000000000000000e+00
6.359406141676441360e-01	8.397217942556207682e-01	0.000000000000000000e+00
6.359530352914141149e-01	8.399154376342184980e-01	0.000000000000000000e+00
6.359530352914141149e-01	8.399154376342184980e-01	0.000000000000000000e+00
6.359530352914141149e-01	8.399154376342184980e-01	0.000000000000000000e+00
6.359530352914141149e-01	8.399154376342184980e-01	0.000000000000000000e+00
