0.000000000000000000e+00	2.325569420744689531e+00	0.000000000000000000e+00
3.080308187812114129e-02	1.980106145695354591e+00	0.000000000000000000e+00
3.570270261202761891e-02	1.798018632174453568e+00	0.000000000000000000e+00
8.725306273319326233e-02	1.570493672962103959e+00	0.000000000000000000e+00
8.725306273319326233e-02	1.570493672962103959e+00	0.000000000000000000e+00
1.131000525484856523e-01	1.557025133811299478e+00	0.000000000000000000e+00
1.433407613077797849e-01	1.536804647701299986e+00	0.000000000000000000e+00
2.001496421726465802e-01	1.449798143660945948e+00	0.000000000000000000e+00
2.084426219748580777e-01	1.300950499669691007e+00	0.000000000000000000e+00
2.084426219748580777e-01	1.300950499669691007e+00	0.000000000000000000e+00
2.324342350632795096e-01	1.156427176119832811e+00	0.000000000000000000e+00
2.473903332347260342e-01	1.079544258243516408e+00	0.000000000000000000e+00
2.473903332347260342e-01	1.079544258243516408e+00	0.000000000000000000e+00
2.623464314061725311e-01	1.058278951439026949e+00	0.000000000000000000e+00
2.623464314061725311e-01	1.058278951439026949e+00	0.000000000000000000e+00
2.623464314061725311e-01	1.058278951439026949e+00	0.000000000000000000e+00
2.623464314061725311e-01	1.058278951439026949e+00	0.000000000000000000e+00
2.623464314061725311e-01	1.058278951439026949e+00	0.000000000000000000e+00
4.471325969931025379e-01	1.003890835685969485e+00	0.000000000000000000e+00
4.471325969931025379e-01	1.003890835685969485e+00	0.000000000000000000e+00
4.471325969931025379e-01	6.246157319548817366e-01	0.000000000000000000e+00
4.471325969931025379e-01	6.246157319548817366e-01	0.000000000000000000e+00
4.471325969931025379e-01	6.246157319548817366e-01	0.000000000000000000e+00
4.471325969931025379e-01	6.529479536003193196e-01	0.000000000000000000e+00
4.471325969931025379e-01	6.529479536003193196e-01	0.000000000000000000e+00
4.471325969931025379e-01	6.529479536003193196e-01	0.000000000000000000e+00
4.471325969931025379e-01	6.529479536003193196e-01	0.000000000000000000e+00
4.471325969931025379e-01	6.529479536003193196e-01	0.000000000000000000e+00
4.471325969931025379e-01	6.123749592844749401e-01	0.000000000000000000e+00
4.471325969931025379e-01	5.821725056704576406e-01	0.000000000000000000e+00
4.471325969931025379e-01	5.810539637730258722e-01	0.000000000000000000e+00
4.471325969931025379e-01	5.668754831753455292e-01	0.000000000000000000e+00
4.471325969931025379e-01	5.622532318039049626e-01	0.000000000000000000e+00
6.145879331896835218e-01	3.745528531049334697e-01	0.000000000000000000e+00
6.145879331896835218e-01	3.745528531049334697e-01	0.000000000000000000e+00
6.145879331896835218e-01	3.745528531049334697e-01	0.000000000000000000e+00
6.145879331896835218e-01	3.745528531049334697e-01	0.000000000000000000e+00
6.145879331896835218e-01	3.745528531049334697e-01	0.000000000000000000e+00
6.145879331896835218e-01	3.745528531049334697e-01	0.000000000000000000e+00
6.145879331896835218e-01	3.993865161230444327e-01	0.000000000000000000e+00
6.145879331896835218e-01	3.993865161230444327e-01	0.000000000000000000e+00
6.145879331896835218e-01	3.616830018832432603e-01	0.000000000000000000e+00
6.145879331896835218e-01	3.616830018832432603e-01	0.000000000000000000e+00
6.145879331896835218e-01	3.367725073809608727e-01	0.000000000000000000e+00
6.329305317443502110e-01	2.613912345431362305e-01	0.000000000000000000e+00
6.329305317443502110e-01	2.613912345431362305e-01	0.000000000000000000e+00
6.329305317443502110e-01	2.613912345431362305e-01	0.000000000000000000e+00
6.329305317443502110e-01	2.613912345431362305e-01	0.000000000000000000e+00
6.329305317443502110e-01	2.613912345431362305e-01	0.000000000000000000e+00
6.329305317443502110e-01	2.613912345431362305e-01	0.000000000000000000e+00
