0.000000000000000000e+00	2.279617969176386705e+00	0.000000000000000000e+00
3.630029539616336232e-02	1.572109270909163303e+00	0.000000000000000000e+00
3.630029539616336232e-02	1.572109270909163303e+00	0.000000000000000000e+00
8.725306273319326233e-02	1.508800410720163576e+00	0.000000000000000000e+00
1.137614997572704290e-01	1.455607891272670873e+00	0.000000000000000000e+00
1.137614997572704290e-01	1.455607891272670873e+00	0.000000000000000000e+00
1.671546550574310730e-01	1.435948843287268684e+00	0.000000000000000000e+00
1.890442386783330597e-01	1.332688368884563879e+00	0.000000000000000000e+00
2.084426219748580777e-01	1.182854197045935640e+00	0.000000000000000000e+00
2.327456173671357265e-01	1.111013306572225856e+00	0.000000000000000000e+00
2.361144392615041887e-01	8.578836105605942564e-01	0.000000000000000000e+00
2.361144392615041887e-01	8.578836105605942564e-01	0.000000000000000000e+00
2.361144392615041887e-01	8.578836105605942564e-01	0.000000000000000000e+00
2.591176276423326486e-01	8.500869850196384192e-01	0.000000000000000000e+00
2.591176276423326486e-01	8.500869850196384192e-01	0.000000000000000000e+00
2.591176276423326486e-01	8.500869850196384192e-01	0.000000000000000000e+00
2.591176276423326486e-01	8.500869850196384192e-01	0.000000000000000000e+00
2.591176276423326486e-01	8.500869850196384192e-01	0.000000000000000000e+00
2.591176276423326486e-01	8.500869850196384192e-01	0.000000000000000000e+00
4.471325969931025379e-01	7.151053309872053010e-01	0.000000000000000000e+00
4.471325969931025379e-01	4.889858172399610958e-01	0.000000000000000000e+00
4.471325969931025379e-01	4.889858172399610958e-01	0.000000000000000000e+00
4.471325969931025379e-01	4.889858172399610958e-01	0.000000000000000000e+00
4.471325969931025379e-01	4.889858172399610958e-01	0.000000000000000000e+00
4.471325969931025379e-01	4.889858172399610958e-01	0.000000000000000000e+00
4.471325969931025379e-01	4.112552056892208041e-01	0.000000000000000000e+00
4.471325969931025379e-01	4.112552056892208041e-01	0.000000000000000000e+00
4.471325969931025379e-01	4.112552056892208041e-01	0.000000000000000000e+00
4.471325969931025379e-01	4.112552056892208041e-01	0.000000000000000000e+00
4.471325969931025379e-01	4.112552056892208041e-01	0.000000000000000000e+00
4.471325969931025379e-01	4.112552056892208041e-01	0.000000000000000000e+00
4.471325969931025379e-01	4.112552056892208041e-01	0.000000000000000000e+00
4.471325969931025379e-01	4.112552056892208041e-01	0.000000000000000000e+00
6.218360477382707252e-01	3.568509710078989761e-01	0.000000000000000000e+00
6.218360477382707252e-01	3.568509710078989761e-01	0.000000000000000000e+00
6.218360477382707252e-01	3.374491756695471301e-01	0.000000000000000000e+00
6.253607315402013311e-01	2.412334981631299724e-01	0.000000000000000000e+00
6.253607315402013311e-01	2.412334981631299724e-01	0.000000000000000000e+00
6.253607315402013311e-01	2.412334981631299724e-01	0.000000000000000000e+00
6.253607315402013311e-01	2.412334981631299724e-01	0.000000000000000000e+00
6.339975676771267832e-01	1.794356384489105838e-01	0.000000000000000000e+00
6.314556617412253603e-01	1.921586334648378858e-01	0.000000000000000000e+00
6.339975676771267832e-01	1.794356384489105838e-01	0.000000000000000000e+00
6.339975676771267832e-01	1.794356384489105838e-01	0.000000000000000000e+00
6.404225952467197391e-01	1.512419084401990799e-01	0.000000000000000000e+00
6.418239056162837741e-01	1.323585458763600342e-01	0.000000000000000000e+00
6.418239056162837741e-01	1.323585458763600342e-01	0.000000000000000000e+00
6.418239056162837741e-01	1.191496787364248050e-01	0.000000000000000000e+00
6.446085146035662738e-01	1.044374253686915360e-01	0.000000000000000000e+00
6.473931235908487736e-01	9.460350805150719022e-02	0.000000000000000000e+00
