0.000000000000000000e+00	1.928638132181209386e+00	0.000000000000000000e+00
2.734528168603564402e-02	1.532973056113745791e+00	0.000000000000000000e+00
6.081611236658737013e-02	1.498407591083514623e+00	0.000000000000000000e+00
7.757261055678790762e-02	1.306842341408162245e+00	0.000000000000000000e+00
8.533192933701137795e-02	1.294306441394471818e+00	0.000000000000000000e+00
8.533192933701137795e-02	1.294306441394471818e+00	0.000000000000000000e+00
8.533192933701137795e-02	1.294306441394471818e+00	0.000000000000000000e+00
1.947390307986736069e-01	1.173417880812057668e+00	0.000000000000000000e+00
2.062391513571840973e-01	1.074062482175155653e+00	0.000000000000000000e+00
2.288659579770239982e-01	8.907164276616026388e-01	0.000000000000000000e+00
2.288659579770239982e-01	8.907164276616026388e-01	0.000000000000000000e+00
2.361144392615041887e-01	8.331888000023049967e-01	0.000000000000000000e+00
2.457844950686232932e-01	7.308953736822220160e-01	0.000000000000000000e+00
2.594968378823205857e-01	6.798354738422413002e-01	0.000000000000000000e+00
2.603188180506339489e-01	6.791967607560377429e-01	0.000000000000000000e+00
2.603188180506339489e-01	6.791967607560377429e-01	0.000000000000000000e+00
2.603188180506339489e-01	6.791967607560377429e-01	0.000000000000000000e+00
2.603188180506339489e-01	6.791967607560377429e-01	0.000000000000000000e+00
2.603188180506339489e-01	6.791967607560377429e-01	0.000000000000000000e+00
2.603188180506339489e-01	6.791967607560377429e-01	0.000000000000000000e+00
4.471325969931025379e-01	6.308608107665207854e-01	0.000000000000000000e+00
4.471325969931025379e-01	5.054761952779253109e-01	0.000000000000000000e+00
4.471325969931025379e-01	4.668474873082514853e-01	0.000000000000000000e+00
4.471325969931025379e-01	4.668474873082514853e-01	0.000000000000000000e+00
4.471325969931025379e-01	4.668474873082514853e-01	0.000000000000000000e+00
4.471325969931025379e-01	4.185900924216305885e-01	0.000000000000000000e+00
4.471325969931025379e-01	4.185900924216305885e-01	0.000000000000000000e+00
4.471325969931025379e-01	4.097783680311532506e-01	0.000000000000000000e+00
4.471325969931025379e-01	4.097783680311532506e-01	0.000000000000000000e+00
4.471325969931025379e-01	4.097783680311532506e-01	0.000000000000000000e+00
4.511682960488166416e-01	4.101742839139316810e-01	0.000000000000000000e+00
6.253607315402013311e-01	2.318662248161720008e-01	0.000000000000000000e+00
6.253607315402013311e-01	2.318662248161720008e-01	0.000000000000000000e+00
6.253607315402013311e-01	2.318662248161720008e-01	0.000000000000000000e+00
6.253607315402013311e-01	2.318662248161720008e-01	0.000000000000000000e+00
6.253607315402013311e-01	2.318662248161720008e-01	0.000000000000000000e+00
6.253607315402013311e-01	2.318662248161720008e-01	0.000000000000000000e+00
6.284081966407133457e-01	1.840732790266148000e-01	0.000000000000000000e+00
6.284081966407133457e-01	1.840732790266148000e-01	0.000000000000000000e+00
6.396468437304224652e-01	6.020601051256436326e-02	0.000000000000000000e+00
6.336100642493045498e-01	8.854337385530733351e-02	0.000000000000000000e+00
6.336100642493045498e-01	8.854337385530733351e-02	0.000000000000000000e+00
6.336100642493045498e-01	8.854337385530733351e-02	0.000000000000000000e+00
6.336100642493045498e-01	8.854337385530733351e-02	0.000000000000000000e+00
6.377169849327941620e-01	4.298637550372208516e-02	0.000000000000000000e+00
6.377169849327941620e-01	4.298637550372208516e-02	0.000000000000000000e+00
6.377169849327941620e-01	4.298637550372208516e-02	0.000000000000000000e+00
6.418239056162837741e-01	5.260792078051669540e-03	0.000000000000000000e+00
6.418239056162837741e-01	5.260792078051669540e-03	0.000000000000000000e+00
6.418239056162837741e-01	5.260792078051669540e-03	0.000000000000000000e+00
