0.000000000000000000e+00	1.681278418325811153e+00	0.000000000000000000e+00
7.199424566919035429e-03	1.481136756654144238e+00	0.000000000000000000e+00
3.934394189930338903e-02	1.380345604588580688e+00	0.000000000000000000e+00
7.555082738894507155e-02	1.184887264680000829e+00	0.000000000000000000e+00
7.555082738894507155e-02	1.184887264680000829e+00	0.000000000000000000e+00
7.555082738894507155e-02	1.184887264680000829e+00	0.000000000000000000e+00
7.555082738894507155e-02	1.184887264680000829e+00	0.000000000000000000e+00
1.947390307986736069e-01	1.173417880812057668e+00	0.000000000000000000e+00
2.337033290353217052e-01	8.338447733040538212e-01	0.000000000000000000e+00
2.337033290353217052e-01	8.338447733040538212e-01	0.000000000000000000e+00
2.337033290353217052e-01	8.338447733040538212e-01	0.000000000000000000e+00
2.337033290353217052e-01	7.880443632397318154e-01	0.000000000000000000e+00
2.606341448128204341e-01	6.263531440433599551e-01	0.000000000000000000e+00
2.606341448128204341e-01	6.263531440433599551e-01	0.000000000000000000e+00
2.606341448128204341e-01	6.263531440433599551e-01	0.000000000000000000e+00
2.606341448128204341e-01	6.251321629602623053e-01	0.000000000000000000e+00
2.606341448128204341e-01	6.251321629602623053e-01	0.000000000000000000e+00
4.584607284681385120e-01	2.534260191339159918e-01	0.000000000000000000e+00
4.584607284681385120e-01	2.534260191339159918e-01	0.000000000000000000e+00
4.471325969931025379e-01	2.982090938707542827e-01	0.000000000000000000e+00
4.471325969931025379e-01	2.982090938707542827e-01	0.000000000000000000e+00
4.471325969931025379e-01	2.982090938707542827e-01	0.000000000000000000e+00
4.471325969931025379e-01	2.982090938707542827e-01	0.000000000000000000e+00
4.471325969931025379e-01	2.982090938707542827e-01	0.000000000000000000e+00
4.471325969931025379e-01	2.982090938707542827e-01	0.000000000000000000e+00
4.466879330903520406e-01	2.320922452293432692e-01	0.000000000000000000e+00
4.466879330903520406e-01	2.320922452293432692e-01	0.000000000000000000e+00
4.466879330903520406e-01	2.320922452293432692e-01	0.000000000000000000e+00
4.466879330903520406e-01	2.320922452293432692e-01	0.000000000000000000e+00
4.466879330903520406e-01	2.320922452293432692e-01	0.000000000000000000e+00
4.466879330903520406e-01	2.320922452293432692e-01	0.000000000000000000e+00
4.466879330903520406e-01	2.320922452293432692e-01	0.000000000000000000e+00
4.466879330903520406e-01	2.320922452293432692e-01	0.000000000000000000e+00
4.466879330903520406e-01	2.328187698270779427e-01	0.000000000000000000e+00
4.398178283257097587e-01	2.692506313903595405e-01	0.000000000000000000e+00
6.360545784618882870e-01	7.027909319315275329e-03	0.000000000000000000e+00
6.360545784618882870e-01	7.027909319315275329e-03	0.000000000000000000e+00
6.360545784618882870e-01	7.027909319315275329e-03	0.000000000000000000e+00
6.397459256934987515e-01	-1.169855186288312233e-02	0.000000000000000000e+00
6.490743670774353768e-01	-8.156629039786890412e-02	0.000000000000000000e+00
6.490743670774353768e-01	-8.156629039786890412e-02	0.000000000000000000e+00
6.490743670774353768e-01	-8.156629039786890412e-02	0.000000000000000000e+00
6.490743670774353768e-01	-8.204627551471246893e-02	0.000000000000000000e+00
6.490743670774353768e-01	-8.204627551471246893e-02	0.000000000000000000e+00
6.490743670774353768e-01	-8.791678723897466963e-02	0.000000000000000000e+00
6.490743670774353768e-01	-8.791678723897466963e-02	0.000000000000000000e+00
6.490743670774353768e-01	-8.791678723897466963e-02	0.000000000000000000e+00
6.490743670774353768e-01	-8.791678723897466963e-02	0.000000000000000000e+00
6.490743670774353768e-01	-8.791678723897466963e-02	0.000000000000000000e+00
6.490743670774353768e-01	-8.204627551471246893e-02	0.000000000000000000e+00
