0.000000000000000000e+00	1.716477035593538147e+00	0.000000000000000000e+00
2.438187605869937200e-02	1.199813984533852906e+00	0.000000000000000000e+00
5.726233352527251158e-02	1.062837503237535008e+00	0.000000000000000000e+00
7.555082738894507155e-02	9.776737594927075170e-01	0.000000000000000000e+00
7.555082738894507155e-02	9.776737594927075170e-01	0.000000000000000000e+00
7.555082738894507155e-02	9.776737594927075170e-01	0.000000000000000000e+00
7.555082738894507155e-02	9.776737594927075170e-01	0.000000000000000000e+00
1.945977630189634211e-01	8.753812373468354835e-01	0.000000000000000000e+00
2.116237157707507865e-01	7.386591517620118008e-01	0.000000000000000000e+00
2.215650758967505629e-01	6.792141887474552053e-01	0.000000000000000000e+00
2.302289470720964570e-01	6.055832051963410123e-01	0.000000000000000000e+00
2.488879592122656137e-01	5.439188002995681837e-01	0.000000000000000000e+00
2.654431456172851034e-01	5.030215290089107283e-01	0.000000000000000000e+00
2.654431456172851034e-01	5.030215290089107283e-01	0.000000000000000000e+00
2.654431456172851034e-01	5.030215290089107283e-01	0.000000000000000000e+00
2.654431456172851034e-01	5.030215290089107283e-01	0.000000000000000000e+00
2.654431456172851034e-01	5.030215290089107283e-01	0.000000000000000000e+00
4.166365611181391260e-01	4.169106275246388105e-01	0.000000000000000000e+00
4.166365611181391260e-01	4.169106275246388105e-01	0.000000000000000000e+00
4.215032956293859323e-01	3.380984385742216713e-01	0.000000000000000000e+00
4.233679531768346216e-01	3.091955296474951376e-01	0.000000000000000000e+00
4.303235916049533705e-01	2.661740903245650158e-01	0.000000000000000000e+00
4.303235916049533705e-01	2.179777037805650242e-01	0.000000000000000000e+00
4.340618653715238029e-01	1.809189949332041802e-01	0.000000000000000000e+00
4.403748992309379218e-01	1.508172760477289320e-01	0.000000000000000000e+00
4.456247527721723944e-01	1.031742596129427980e-01	0.000000000000000000e+00
4.456247527721723944e-01	9.753480032184956572e-02	0.000000000000000000e+00
4.510608486944995832e-01	6.222925083896949788e-02	0.000000000000000000e+00
4.510608486944995832e-01	6.222925083896949788e-02	0.000000000000000000e+00
4.510608486944995832e-01	6.222925083896949788e-02	0.000000000000000000e+00
4.510608486944995832e-01	6.222925083896949788e-02	0.000000000000000000e+00
4.510608486944995832e-01	6.222925083896949788e-02	0.000000000000000000e+00
6.239344697187664268e-01	1.404126007719290643e-02	0.000000000000000000e+00
6.254327698845354444e-01	-2.412155204430135175e-02	0.000000000000000000e+00
6.254327698845354444e-01	-2.412155204430135175e-02	0.000000000000000000e+00
6.254327698845354444e-01	-5.062972678995270731e-02	0.000000000000000000e+00
6.286952417989227770e-01	-8.473376987938116556e-02	0.000000000000000000e+00
6.356942742641480404e-01	-1.574608315579779649e-01	0.000000000000000000e+00
6.356942742641480404e-01	-1.218786313404214006e-01	0.000000000000000000e+00
6.356942742641480404e-01	-1.574608315579779649e-01	0.000000000000000000e+00
6.356942742641480404e-01	-1.574608315579779649e-01	0.000000000000000000e+00
6.490743670774353768e-01	-1.908735671062543604e-01	0.000000000000000000e+00
6.490743670774353768e-01	-1.908735671062543604e-01	0.000000000000000000e+00
6.490743670774353768e-01	-1.908735671062543604e-01	0.000000000000000000e+00
6.490743670774353768e-01	-1.908735671062543604e-01	0.000000000000000000e+00
6.490743670774353768e-01	-1.908735671062543604e-01	0.000000000000000000e+00
6.490743670774353768e-01	-1.908735671062543604e-01	0.000000000000000000e+00
6.490743670774353768e-01	-1.908735671062543604e-01	0.000000000000000000e+00
6.490743670774353768e-01	-1.908735671062543604e-01	0.000000000000000000e+00
6.490743670774353768e-01	-1.908735671062543604e-01	0.000000000000000000e+00
