0.000000000000000000e+00	1.418301109971070728e+00	0.000000000000000000e+00
1.978339393923217449e-02	1.201690446589568362e+00	0.000000000000000000e+00
5.726233352527251158e-02	1.062837503237535008e+00	0.000000000000000000e+00
7.555082738894507155e-02	1.010596063644883635e+00	0.000000000000000000e+00
7.555082738894507155e-02	1.010596063644883635e+00	0.000000000000000000e+00
7.555082738894507155e-02	1.010596063644883635e+00	0.000000000000000000e+00
7.555082738894507155e-02	1.010596063644883635e+00	0.000000000000000000e+00
1.945977630189634211e-01	8.753812373468354835e-01	0.000000000000000000e+00
2.116237157707507865e-01	7.386591517620118008e-01	0.000000000000000000e+00
2.215650758967505629e-01	6.724711639646391292e-01	0.000000000000000000e+00
2.290052389602660610e-01	6.109300880154970859e-01	0.000000000000000000e+00
2.488879592122656137e-01	5.248006454908750174e-01	0.000000000000000000e+00
2.654431456172851034e-01	5.146776351066681965e-01	0.000000000000000000e+00
2.654431456172851034e-01	5.074029053572470804e-01	0.000000000000000000e+00
2.654431456172851034e-01	5.074029053572470804e-01	0.000000000000000000e+00
2.654431456172851034e-01	5.074029053572470804e-01	0.000000000000000000e+00
2.654431456172851034e-01	5.074029053572470804e-01	0.000000000000000000e+00
4.166365611181391260e-01	4.178544664555655097e-01	0.000000000000000000e+00
4.166365611181391260e-01	4.178544664555655097e-01	0.000000000000000000e+00
4.215032956293859323e-01	3.380984385742216713e-01	0.000000000000000000e+00
4.233679531768346216e-01	3.100454705803314392e-01	0.000000000000000000e+00
4.340618653715238029e-01	1.809189949332041802e-01	0.000000000000000000e+00
4.340618653715238029e-01	1.809189949332041802e-01	0.000000000000000000e+00
4.340618653715238029e-01	1.809189949332041802e-01	0.000000000000000000e+00
4.403748992309379218e-01	1.625391396891377183e-01	0.000000000000000000e+00
4.456247527721723944e-01	1.031742596129427980e-01	0.000000000000000000e+00
4.456247527721723944e-01	9.753480032184956572e-02	0.000000000000000000e+00
4.564969446168267164e-01	8.698918377808277647e-02	0.000000000000000000e+00
4.564969446168267164e-01	8.698918377808277647e-02	0.000000000000000000e+00
4.564969446168267164e-01	8.698918377808277647e-02	0.000000000000000000e+00
4.564969446168267164e-01	8.698918377808277647e-02	0.000000000000000000e+00
6.254327698845354444e-01	-2.412155204430135175e-02	0.000000000000000000e+00
6.254327698845354444e-01	-2.412155204430135175e-02	0.000000000000000000e+00
6.254327698845354444e-01	-2.412155204430135175e-02	0.000000000000000000e+00
6.254327698845354444e-01	-2.412155204430135175e-02	0.000000000000000000e+00
6.254327698845354444e-01	-5.062972678995270731e-02	0.000000000000000000e+00
6.286952417989227770e-01	-8.651585844710241169e-02	0.000000000000000000e+00
6.356942742641480404e-01	-9.997206606304918919e-02	0.000000000000000000e+00
6.386001371348762889e-01	-1.644704245710706392e-01	0.000000000000000000e+00
6.386001371348762889e-01	-1.644704245710706392e-01	0.000000000000000000e+00
6.386001371348762889e-01	-1.644704245710706392e-01	0.000000000000000000e+00
6.490743670774353768e-01	-1.867261077423496840e-01	0.000000000000000000e+00
6.490743670774353768e-01	-1.908735671062543604e-01	0.000000000000000000e+00
6.490743670774353768e-01	-1.908735671062543604e-01	0.000000000000000000e+00
6.490743670774353768e-01	-1.908735671062543604e-01	0.000000000000000000e+00
6.490743670774353768e-01	-1.908735671062543604e-01	0.000000000000000000e+00
6.490743670774353768e-01	-1.908735671062543604e-01	0.000000000000000000e+00
6.490743670774353768e-01	-1.908735671062543604e-01	0.000000000000000000e+00
6.490743670774353768e-01	-1.908735671062543604e-01	0.000000000000000000e+00
6.490743670774353768e-01	-1.908735671062543604e-01	0.000000000000000000e+00
