0.000000000000000000e+00	1.587328300271051429e+00	0.000000000000000000e+00
2.438187605869937200e-02	1.103697039701320826e+00	0.000000000000000000e+00
4.806907510121533750e-02	1.059232815867358513e+00	0.000000000000000000e+00
7.757151271239133561e-02	9.312362611828800540e-01	0.000000000000000000e+00
7.757151271239133561e-02	9.312362611828800540e-01	0.000000000000000000e+00
7.757151271239133561e-02	9.312362611828800540e-01	0.000000000000000000e+00
7.757151271239133561e-02	9.312362611828800540e-01	0.000000000000000000e+00
1.945977630189634211e-01	8.667311452033888974e-01	0.000000000000000000e+00
2.116237157707507865e-01	7.742282188359435047e-01	0.000000000000000000e+00
2.215650758967505629e-01	6.685946001012366136e-01	0.000000000000000000e+00
2.302289470720964570e-01	5.993964148082140397e-01	0.000000000000000000e+00
2.411984645022300922e-01	5.403993328875613678e-01	0.000000000000000000e+00
2.654431456172851034e-01	4.384948137774786203e-01	0.000000000000000000e+00
2.654431456172851034e-01	4.300303357651094061e-01	0.000000000000000000e+00
2.654431456172851034e-01	4.300303357651094061e-01	0.000000000000000000e+00
2.654431456172851034e-01	4.300303357651094061e-01	0.000000000000000000e+00
2.654431456172851034e-01	4.300303357651094061e-01	0.000000000000000000e+00
2.654431456172851034e-01	4.300303357651094061e-01	0.000000000000000000e+00
4.132280658626111269e-01	4.041159900836986396e-01	0.000000000000000000e+00
4.184172894771703288e-01	3.424683721647830970e-01	0.000000000000000000e+00
4.233679531768346216e-01	3.089158886875520982e-01	0.000000000000000000e+00
4.291277092149686223e-01	2.150518853085597593e-01	0.000000000000000000e+00
4.291277092149686223e-01	2.150518853085597593e-01	0.000000000000000000e+00
4.340618653715238029e-01	1.808913410847799441e-01	0.000000000000000000e+00
4.383841556471114176e-01	1.496706247292621805e-01	0.000000000000000000e+00
4.383841556471114176e-01	1.102609515887870151e-01	0.000000000000000000e+00
4.483428007333359888e-01	7.590048909138337463e-02	0.000000000000000000e+00
4.510608486944995832e-01	5.181215816513491668e-02	0.000000000000000000e+00
4.510608486944995832e-01	3.996625628494386573e-02	0.000000000000000000e+00
4.510608486944995832e-01	3.996625628494386573e-02	0.000000000000000000e+00
4.510608486944995832e-01	3.996625628494386573e-02	0.000000000000000000e+00
4.492070213322965078e-01	4.214570100843380990e-02	0.000000000000000000e+00
6.215423750489060817e-01	-1.676995274598821681e-02	0.000000000000000000e+00
6.215423750489060817e-01	-1.676995274598821681e-02	0.000000000000000000e+00
6.252500297733122325e-01	-3.422749183452249849e-02	0.000000000000000000e+00
6.257905456535179933e-01	-7.100612719871450540e-02	0.000000000000000000e+00
6.257905456535179933e-01	-7.811088293488004097e-02	0.000000000000000000e+00
6.288803668963166560e-01	-1.089983426547148082e-01	0.000000000000000000e+00
6.323754901024036812e-01	-1.226825676183856545e-01	0.000000000000000000e+00
6.349347692964064649e-01	-1.630239043586780012e-01	0.000000000000000000e+00
6.349347692964064649e-01	-1.630239043586780012e-01	0.000000000000000000e+00
6.380613262029219968e-01	-1.931689699067349053e-01	0.000000000000000000e+00
6.384982254077428143e-01	-2.005451379430167602e-01	0.000000000000000000e+00
6.401050008664602720e-01	-2.297342734248085383e-01	0.000000000000000000e+00
6.495427109590582448e-01	-2.603213572336400272e-01	0.000000000000000000e+00
6.442961225820528215e-01	-2.745707325996159520e-01	0.000000000000000000e+00
6.442961225820528215e-01	-2.745707325996159520e-01	0.000000000000000000e+00
6.495427109590582448e-01	-2.970256505511406631e-01	0.000000000000000000e+00
6.490743670774353768e-01	-2.928964887242813120e-01	0.000000000000000000e+00
6.495427109590582448e-01	-2.970256505511406631e-01	0.000000000000000000e+00
