0.000000000000000000e+00	3.866100545159931734e+00	0.000000000000000000e+00
3.087005312521149542e-02	3.448393510152069297e+00	0.000000000000000000e+00
6.641805599138964067e-02	3.095055857473770100e+00	0.000000000000000000e+00
9.764862117339401237e-02	2.988416543789025770e+00	0.000000000000000000e+00
1.754855641642778519e-01	2.770246318433366106e+00	0.000000000000000000e+00
2.147699344857104675e-01	2.687393865687784267e+00	0.000000000000000000e+00
2.451305240237358074e-01	2.244735470387993814e+00	0.000000000000000000e+00
2.451305240237358074e-01	2.244735470387993814e+00	0.000000000000000000e+00
2.451305240237358074e-01	2.061262748968250680e+00	0.000000000000000000e+00
2.451305240237358074e-01	1.985525279971774193e+00	0.000000000000000000e+00
2.451305240237358074e-01	1.985525279971774193e+00	0.000000000000000000e+00
2.451305240237358074e-01	1.985525279971774193e+00	0.000000000000000000e+00
2.451305240237358074e-01	1.985525279971774193e+00	0.000000000000000000e+00
2.451305240237358074e-01	1.985525279971774193e+00	0.000000000000000000e+00
4.160685823994852983e-01	1.730978052357534214e+00	0.000000000000000000e+00
4.160685823994852983e-01	1.730978052357534214e+00	0.000000000000000000e+00
4.160685823994852983e-01	1.730978052357534214e+00	0.000000000000000000e+00
4.518444725264816331e-01	1.586273688116227376e+00	0.000000000000000000e+00
4.518444725264816331e-01	1.557799300745295046e+00	0.000000000000000000e+00
4.518444725264816331e-01	1.557799300745295046e+00	0.000000000000000000e+00
4.518444725264816331e-01	1.552057321452726901e+00	0.000000000000000000e+00
4.518444725264816331e-01	1.552057321452726901e+00	0.000000000000000000e+00
4.518444725264816331e-01	1.552057321452726901e+00	0.000000000000000000e+00
4.518444725264816331e-01	1.552057321452726901e+00	0.000000000000000000e+00
6.235726538794372775e-01	1.439572625168316522e+00	0.000000000000000000e+00
6.235726538794372775e-01	1.439572625168316522e+00	0.000000000000000000e+00
6.287581467882160657e-01	1.377605620032344991e+00	0.000000000000000000e+00
6.287581467882160657e-01	1.377605620032344991e+00	0.000000000000000000e+00
6.287581467882160657e-01	1.377605620032344991e+00	0.000000000000000000e+00
6.287581467882160657e-01	1.377605620032344991e+00	0.000000000000000000e+00
6.287581467882160657e-01	1.377605620032344991e+00	0.000000000000000000e+00
6.235726538794372775e-01	1.439572625168316522e+00	0.000000000000000000e+00
6.235726538794372775e-01	1.439572625168316522e+00	0.000000000000000000e+00
6.235726538794372775e-01	1.445494910147592682e+00	0.000000000000000000e+00
6.235726538794372775e-01	1.445494910147592682e+00	0.000000000000000000e+00
6.235726538794372775e-01	1.445494910147592682e+00	0.000000000000000000e+00
6.235726538794372775e-01	1.434801752308037415e+00	0.000000000000000000e+00
6.235726538794372775e-01	1.434801752308037415e+00	0.000000000000000000e+00
6.235726538794372775e-01	1.434801752308037415e+00	0.000000000000000000e+00
6.235726538794372775e-01	1.434801752308037415e+00	0.000000000000000000e+00
6.235726538794372775e-01	1.434801752308037415e+00	0.000000000000000000e+00
6.235726538794372775e-01	1.434801752308037415e+00	0.000000000000000000e+00
6.235726538794372775e-01	1.434801752308037415e+00	0.000000000000000000e+00
6.235726538794372775e-01	1.434801752308037415e+00	0.000000000000000000e+00
6.235726538794372775e-01	1.434801752308037415e+00	0.000000000000000000e+00
6.235726538794372775e-01	1.434801752308037415e+00	0.000000000000000000e+00
6.235726538794372775e-01	1.450393459349351266e+00	0.000000000000000000e+00
6.235726538794372775e-01	1.471823817007311908e+00	0.000000000000000000e+00
6.235726538794372775e-01	1.471823817007311908e+00	0.000000000000000000e+00
6.235726538794372775e-01	1.471823817007311908e+00	0.000000000000000000e+00
