0.000000000000000000e+00	1.025452520570900194e+00	0.000000000000000000e+00
3.194797418972394887e-02	7.946211513683623107e-01	0.000000000000000000e+00
6.190477557737870257e-02	6.948298813288266151e-01	0.000000000000000000e+00
8.964013216686492203e-02	6.721290741126962898e-01	0.000000000000000000e+00
8.964013216686492203e-02	6.721290741126962898e-01	0.000000000000000000e+00
8.964013216686492203e-02	6.721290741126962898e-01	0.000000000000000000e+00
8.964013216686492203e-02	6.721290741126962898e-01	0.000000000000000000e+00
2.112022838580678297e-01	5.093897691536941608e-01	0.000000000000000000e+00
2.194739816300671498e-01	4.056396851144069005e-01	0.000000000000000000e+00
2.329044362429703030e-01	3.195079126002533521e-01	0.000000000000000000e+00
2.480595125103705056e-01	2.565463778265577588e-01	0.000000000000000000e+00
2.480595125103705056e-01	2.565463778265577588e-01	0.000000000000000000e+00
2.480595125103705056e-01	2.565463778265577588e-01	0.000000000000000000e+00
2.480595125103705056e-01	2.565463778265577588e-01	0.000000000000000000e+00
2.480595125103705056e-01	2.565463778265577588e-01	0.000000000000000000e+00
4.145412820055184855e-01	1.752829988515918203e-01	0.000000000000000000e+00
4.269136212367247163e-01	6.171362757495289786e-02	0.000000000000000000e+00
4.269136212367247163e-01	6.171362757495289786e-02	0.000000000000000000e+00
4.389193891343834419e-01	-7.027269603850672119e-02	0.000000000000000000e+00
4.389193891343834419e-01	-7.027269603850672119e-02	0.000000000000000000e+00
4.389193891343834419e-01	-7.390731834374068832e-02	0.000000000000000000e+00
4.389193891343834419e-01	-7.390731834374068832e-02	0.000000000000000000e+00
4.389193891343834419e-01	-7.390731834374068832e-02	0.000000000000000000e+00
4.389193891343834419e-01	-6.817685763242246899e-02	0.000000000000000000e+00
6.291008882628695842e-01	-2.749123894905132204e-01	0.000000000000000000e+00
6.291008882628695842e-01	-2.749123894905132204e-01	0.000000000000000000e+00
6.291008882628695842e-01	-2.636202327594933670e-01	0.000000000000000000e+00
6.291008882628695842e-01	-2.636202327594933670e-01	0.000000000000000000e+00
6.291008882628695842e-01	-2.675011339175190073e-01	0.000000000000000000e+00
6.459039800006525223e-01	-4.074322803557166028e-01	0.000000000000000000e+00
6.459039800006525223e-01	-4.115550906396110986e-01	0.000000000000000000e+00
6.459039800006525223e-01	-4.115550906396110986e-01	0.000000000000000000e+00
6.459039800006525223e-01	-4.115550906396110986e-01	0.000000000000000000e+00
6.459039800006525223e-01	-4.184740277723452140e-01	0.000000000000000000e+00
6.459039800006525223e-01	-4.177964710542750315e-01	0.000000000000000000e+00
6.459039800006525223e-01	-4.177964710542750315e-01	0.000000000000000000e+00
8.386826213115776696e-01	-6.518665078926395573e-01	0.000000000000000000e+00
8.386826213115776696e-01	-6.518665078926395573e-01	0.000000000000000000e+00
8.386826213115776696e-01	-6.383997924313781214e-01	0.000000000000000000e+00
8.386826213115776696e-01	-6.152560465132324019e-01	0.000000000000000000e+00
8.386826213115776696e-01	-5.965563143510522748e-01	0.000000000000000000e+00
8.386826213115776696e-01	-5.965563143510522748e-01	0.000000000000000000e+00
8.386826213115776696e-01	-5.965563143510522748e-01	0.000000000000000000e+00
8.486579256714926744e-01	-6.609533143505474939e-01	0.000000000000000000e+00
8.486579256714926744e-01	-6.609533143505474939e-01	0.000000000000000000e+00
8.486579256714926744e-01	-6.609533143505474939e-01	0.000000000000000000e+00
8.486579256714926744e-01	-6.865173161355464515e-01	0.000000000000000000e+00
8.486579256714926744e-01	-6.997229850921686811e-01	0.000000000000000000e+00
8.486579256714926744e-01	-6.997229850921686811e-01	0.000000000000000000e+00
8.486579256714926744e-01	-6.997229850921686811e-01	0.000000000000000000e+00
