0.000000000000000000e+00	1.000224694763761413e+00	0.000000000000000000e+00
3.194797418972394887e-02	7.943134860354632565e-01	0.000000000000000000e+00
6.190477557737870257e-02	7.030537788821805689e-01	0.000000000000000000e+00
8.660508989831719462e-02	6.703341226441126288e-01	0.000000000000000000e+00
8.660508989831719462e-02	6.703341226441126288e-01	0.000000000000000000e+00
8.660508989831719462e-02	6.703341226441126288e-01	0.000000000000000000e+00
8.660508989831719462e-02	6.703341226441126288e-01	0.000000000000000000e+00
2.112022838580678297e-01	4.676289059214430166e-01	0.000000000000000000e+00
2.194739816300671498e-01	4.054676199523794544e-01	0.000000000000000000e+00
2.329044362429703030e-01	3.172844673755949030e-01	0.000000000000000000e+00
2.480595125103705056e-01	2.543455555323602124e-01	0.000000000000000000e+00
2.480595125103705056e-01	2.543455555323602124e-01	0.000000000000000000e+00
2.480595125103705056e-01	2.543455555323602124e-01	0.000000000000000000e+00
2.480595125103705056e-01	2.543455555323602124e-01	0.000000000000000000e+00
2.480595125103705056e-01	2.543455555323602124e-01	0.000000000000000000e+00
4.145412820055184855e-01	1.825641158110223872e-01	0.000000000000000000e+00
4.256776345090715341e-01	4.162462327916292837e-02	0.000000000000000000e+00
4.256776345090715341e-01	5.087976115600095772e-02	0.000000000000000000e+00
4.389193891343834419e-01	-5.714036280843468735e-02	0.000000000000000000e+00
4.389193891343834419e-01	-5.714036280843468735e-02	0.000000000000000000e+00
4.596146009751039818e-01	-1.010939133740043905e-01	0.000000000000000000e+00
4.596146009751039818e-01	-1.133158940731422704e-01	0.000000000000000000e+00
4.596146009751039818e-01	-1.133158940731422704e-01	0.000000000000000000e+00
4.596146009751039818e-01	-1.133158940731422704e-01	0.000000000000000000e+00
4.596146009751039818e-01	-1.133158940731422704e-01	0.000000000000000000e+00
6.274900756310690664e-01	-2.329660957948902489e-01	0.000000000000000000e+00
6.274900756310690664e-01	-2.329660957948902489e-01	0.000000000000000000e+00
6.274900756310690664e-01	-2.573673606802631131e-01	0.000000000000000000e+00
6.397505157675676957e-01	-3.829584911661699231e-01	0.000000000000000000e+00
6.397505157675676957e-01	-3.879370463320564455e-01	0.000000000000000000e+00
6.397505157675676957e-01	-3.879370463320564455e-01	0.000000000000000000e+00
6.397505157675676957e-01	-3.879370463320564455e-01	0.000000000000000000e+00
6.459039800006525223e-01	-4.359364556433744098e-01	0.000000000000000000e+00
6.459039800006525223e-01	-4.359364556433744098e-01	0.000000000000000000e+00
6.470202936728032261e-01	-4.394954228843560573e-01	0.000000000000000000e+00
6.470202936728032261e-01	-4.392559635210200319e-01	0.000000000000000000e+00
8.386826213115776696e-01	-6.501153681241326199e-01	0.000000000000000000e+00
8.386826213115776696e-01	-6.501153681241326199e-01	0.000000000000000000e+00
8.386826213115776696e-01	-6.501153681241326199e-01	0.000000000000000000e+00
8.386826213115776696e-01	-6.157952917557006911e-01	0.000000000000000000e+00
8.386826213115776696e-01	-6.157952917557006911e-01	0.000000000000000000e+00
8.386826213115776696e-01	-6.157952917557006911e-01	0.000000000000000000e+00
8.386826213115776696e-01	-6.157952917557006911e-01	0.000000000000000000e+00
8.386826213115776696e-01	-6.733123443576701783e-01	0.000000000000000000e+00
8.386826213115776696e-01	-6.733123443576701783e-01	0.000000000000000000e+00
8.386826213115776696e-01	-6.733123443576701783e-01	0.000000000000000000e+00
8.486579256714926744e-01	-7.159261972320434264e-01	0.000000000000000000e+00
8.486579256714926744e-01	-7.159261972320434264e-01	0.000000000000000000e+00
8.486579256714926744e-01	-7.357012224736858563e-01	0.000000000000000000e+00
8.486579256714926744e-01	-7.460297168671927714e-01	0.000000000000000000e+00
