0.000000000000000000e+00	1.048389550568333606e+00	0.000000000000000000e+00
3.194797418972394887e-02	8.291547182893431733e-01	0.000000000000000000e+00
6.190477557737870257e-02	7.343658323130205501e-01	0.000000000000000000e+00
8.964013216686492203e-02	7.066453933040262037e-01	0.000000000000000000e+00
8.964013216686492203e-02	6.958897979426231784e-01	0.000000000000000000e+00
8.964013216686492203e-02	6.958897979426231784e-01	0.000000000000000000e+00
8.964013216686492203e-02	6.958897979426231784e-01	0.000000000000000000e+00
2.112022838580678297e-01	4.889005044411596224e-01	0.000000000000000000e+00
2.112022838580678297e-01	4.889005044411596224e-01	0.000000000000000000e+00
2.329044362429703030e-01	3.298668301749047016e-01	0.000000000000000000e+00
2.480595125103705056e-01	2.668004655388768187e-01	0.000000000000000000e+00
2.480595125103705056e-01	2.661466064798490572e-01	0.000000000000000000e+00
2.480595125103705056e-01	2.668004655388768187e-01	0.000000000000000000e+00
2.480595125103705056e-01	2.668004655388768187e-01	0.000000000000000000e+00
2.480595125103705056e-01	2.668004655388768187e-01	0.000000000000000000e+00
2.480595125103705056e-01	2.717537211027826194e-01	0.000000000000000000e+00
4.269136212367247163e-01	5.057372094678576346e-02	0.000000000000000000e+00
4.269136212367247163e-01	5.057372094678576346e-02	0.000000000000000000e+00
4.269136212367247163e-01	4.963752479137711199e-02	0.000000000000000000e+00
4.389193891343834419e-01	-5.276428543411434968e-02	0.000000000000000000e+00
4.389193891343834419e-01	-5.276428543411434968e-02	0.000000000000000000e+00
4.389193891343834419e-01	-5.350807735303788476e-02	0.000000000000000000e+00
4.389193891343834419e-01	-5.350807735303788476e-02	0.000000000000000000e+00
4.389193891343834419e-01	-5.350807735303788476e-02	0.000000000000000000e+00
4.389193891343834419e-01	-5.350807735303788476e-02	0.000000000000000000e+00
6.291008882628695842e-01	-1.947022226023402414e-01	0.000000000000000000e+00
6.291008882628695842e-01	-1.947022226023402414e-01	0.000000000000000000e+00
6.291008882628695842e-01	-1.947022226023402414e-01	0.000000000000000000e+00
6.291008882628695842e-01	-2.176267456729942817e-01	0.000000000000000000e+00
6.291008882628695842e-01	-2.365405555340669430e-01	0.000000000000000000e+00
6.459039800006525223e-01	-3.487383889949499105e-01	0.000000000000000000e+00
6.459039800006525223e-01	-3.487383889949499105e-01	0.000000000000000000e+00
6.459039800006525223e-01	-3.487383889949499105e-01	0.000000000000000000e+00
6.459039800006525223e-01	-3.568055394499781152e-01	0.000000000000000000e+00
6.459039800006525223e-01	-3.568055394499781152e-01	0.000000000000000000e+00
6.459039800006525223e-01	-3.568055394499781152e-01	0.000000000000000000e+00
8.486579256714926744e-01	-6.730404869765937992e-01	0.000000000000000000e+00
8.486579256714926744e-01	-6.730404869765937992e-01	0.000000000000000000e+00
8.486579256714926744e-01	-6.730404869765937992e-01	0.000000000000000000e+00
8.486579256714926744e-01	-6.073826951793523943e-01	0.000000000000000000e+00
8.486579256714926744e-01	-5.838998267891047922e-01	0.000000000000000000e+00
8.486579256714926744e-01	-5.838998267891047922e-01	0.000000000000000000e+00
8.486579256714926744e-01	-5.838998267891047922e-01	0.000000000000000000e+00
8.486579256714926744e-01	-5.838998267891047922e-01	0.000000000000000000e+00
8.486579256714926744e-01	-6.273043473099094713e-01	0.000000000000000000e+00
8.486579256714926744e-01	-6.747359181241306958e-01	0.000000000000000000e+00
8.486579256714926744e-01	-6.747359181241306958e-01	0.000000000000000000e+00
8.486579256714926744e-01	-6.747359181241306958e-01	0.000000000000000000e+00
8.486579256714926744e-01	-6.747359181241306958e-01	0.000000000000000000e+00
8.486579256714926744e-01	-6.747359181241306958e-01	0.000000000000000000e+00
