0.000000000000000000e+00	1.008808352012160903e+00	0.000000000000000000e+00
3.194797418972394887e-02	7.943134860354632565e-01	0.000000000000000000e+00
6.190477557737870257e-02	6.935677759734497627e-01	0.000000000000000000e+00
8.660508989831719462e-02	6.703341226441126288e-01	0.000000000000000000e+00
8.660508989831719462e-02	6.703341226441126288e-01	0.000000000000000000e+00
8.660508989831719462e-02	6.703341226441126288e-01	0.000000000000000000e+00
8.660508989831719462e-02	6.703341226441126288e-01	0.000000000000000000e+00
2.112022838580678297e-01	4.714983385748113820e-01	0.000000000000000000e+00
2.194739816300671498e-01	4.054676199523794544e-01	0.000000000000000000e+00
2.329044362429703030e-01	3.172844673755949030e-01	0.000000000000000000e+00
2.480595125103705056e-01	2.543455555323602124e-01	0.000000000000000000e+00
2.480595125103705056e-01	2.543455555323602124e-01	0.000000000000000000e+00
2.480595125103705056e-01	2.543455555323602124e-01	0.000000000000000000e+00
2.480595125103705056e-01	2.543455555323602124e-01	0.000000000000000000e+00
2.480595125103705056e-01	2.543455555323602124e-01	0.000000000000000000e+00
4.145412820055184855e-01	1.732956013950853746e-01	0.000000000000000000e+00
4.256776345090715341e-01	4.022155707683583437e-02	0.000000000000000000e+00
4.256776345090715341e-01	4.081859752456271084e-02	0.000000000000000000e+00
4.389193891343834419e-01	-7.510288128583081368e-02	0.000000000000000000e+00
4.389193891343834419e-01	-7.510288128583081368e-02	0.000000000000000000e+00
4.596146009751039818e-01	-1.167558351089143520e-01	0.000000000000000000e+00
4.596146009751039818e-01	-1.167558351089143520e-01	0.000000000000000000e+00
4.596146009751039818e-01	-1.167558351089143520e-01	0.000000000000000000e+00
4.596146009751039818e-01	-1.167558351089143520e-01	0.000000000000000000e+00
4.596146009751039818e-01	-1.167558351089143520e-01	0.000000000000000000e+00
6.274900756310690664e-01	-2.532632899887357625e-01	0.000000000000000000e+00
6.274900756310690664e-01	-2.532632899887357625e-01	0.000000000000000000e+00
6.274900756310690664e-01	-2.532632899887357625e-01	0.000000000000000000e+00
6.397505157675676957e-01	-3.864211564392623921e-01	0.000000000000000000e+00
6.397505157675676957e-01	-3.864211564392623921e-01	0.000000000000000000e+00
6.397505157675676957e-01	-3.803273950414277627e-01	0.000000000000000000e+00
6.397505157675676957e-01	-3.856387026153208497e-01	0.000000000000000000e+00
6.459039800006525223e-01	-4.219491299412146401e-01	0.000000000000000000e+00
6.470202936728032261e-01	-4.394954228843560573e-01	0.000000000000000000e+00
6.470202936728032261e-01	-4.394954228843560573e-01	0.000000000000000000e+00
6.470202936728032261e-01	-4.394954228843560573e-01	0.000000000000000000e+00
8.386826213115776696e-01	-6.359149839374245161e-01	0.000000000000000000e+00
8.386826213115776696e-01	-6.359149839374245161e-01	0.000000000000000000e+00
8.386826213115776696e-01	-6.359149839374245161e-01	0.000000000000000000e+00
8.370531300315166012e-01	-6.175623739482006824e-01	0.000000000000000000e+00
8.370531300315166012e-01	-6.079575935897765238e-01	0.000000000000000000e+00
8.370531300315166012e-01	-6.079575935897765238e-01	0.000000000000000000e+00
8.370531300315166012e-01	-6.175623739482006824e-01	0.000000000000000000e+00
8.386826213115776696e-01	-6.605064631710735323e-01	0.000000000000000000e+00
8.386826213115776696e-01	-6.813544295044021704e-01	0.000000000000000000e+00
8.486579256714926744e-01	-7.510171851195506232e-01	0.000000000000000000e+00
8.486579256714926744e-01	-7.510171851195506232e-01	0.000000000000000000e+00
8.486579256714926744e-01	-7.510171851195506232e-01	0.000000000000000000e+00
8.486579256714926744e-01	-7.510171851195506232e-01	0.000000000000000000e+00
8.486579256714926744e-01	-7.497178616055558686e-01	0.000000000000000000e+00
