0.000000000000000000e+00	1.025927635544557681e+00	0.000000000000000000e+00
3.194797418972394887e-02	7.943134860354632565e-01	0.000000000000000000e+00
6.190477557737870257e-02	6.935677759734497627e-01	0.000000000000000000e+00
8.660508989831719462e-02	6.703341226441126288e-01	0.000000000000000000e+00
8.660508989831719462e-02	6.703341226441126288e-01	0.000000000000000000e+00
8.660508989831719462e-02	6.703341226441126288e-01	0.000000000000000000e+00
8.660508989831719462e-02	6.703341226441126288e-01	0.000000000000000000e+00
2.112022838580678297e-01	4.676289059214430166e-01	0.000000000000000000e+00
2.194739816300671498e-01	4.054676199523794544e-01	0.000000000000000000e+00
2.329044362429703030e-01	3.172844673755949030e-01	0.000000000000000000e+00
2.480595125103705056e-01	2.543455555323602124e-01	0.000000000000000000e+00
2.480595125103705056e-01	2.543455555323602124e-01	0.000000000000000000e+00
2.480595125103705056e-01	2.543455555323602124e-01	0.000000000000000000e+00
2.480595125103705056e-01	2.543455555323602124e-01	0.000000000000000000e+00
2.480595125103705056e-01	2.543455555323602124e-01	0.000000000000000000e+00
4.145412820055184855e-01	1.732956013950853746e-01	0.000000000000000000e+00
4.256776345090715341e-01	4.022155707683583437e-02	0.000000000000000000e+00
4.256776345090715341e-01	4.370043902888982867e-02	0.000000000000000000e+00
4.389193891343834419e-01	-7.178796373869759939e-02	0.000000000000000000e+00
4.389193891343834419e-01	-7.178796373869759939e-02	0.000000000000000000e+00
4.596146009751039818e-01	-1.167558351089143520e-01	0.000000000000000000e+00
4.596146009751039818e-01	-1.167558351089143520e-01	0.000000000000000000e+00
4.596146009751039818e-01	-1.167558351089143520e-01	0.000000000000000000e+00
4.596146009751039818e-01	-1.167558351089143520e-01	0.000000000000000000e+00
4.596146009751039818e-01	-1.167558351089143520e-01	0.000000000000000000e+00
6.274900756310690664e-01	-2.440904627854389441e-01	0.000000000000000000e+00
6.274900756310690664e-01	-2.440904627854389441e-01	0.000000000000000000e+00
6.274900756310690664e-01	-2.509879989499116948e-01	0.000000000000000000e+00
6.397505157675676957e-01	-3.782228244970080033e-01	0.000000000000000000e+00
6.397505157675676957e-01	-3.886393452744806298e-01	0.000000000000000000e+00
6.397505157675676957e-01	-3.886393452744806298e-01	0.000000000000000000e+00
6.397505157675676957e-01	-3.876310562514629909e-01	0.000000000000000000e+00
6.459039800006525223e-01	-4.200664518039823325e-01	0.000000000000000000e+00
6.470202936728032261e-01	-4.396890618624902380e-01	0.000000000000000000e+00
6.470202936728032261e-01	-4.396890618624902380e-01	0.000000000000000000e+00
6.470202936728032261e-01	-4.396890618624902380e-01	0.000000000000000000e+00
8.370531300315166012e-01	-6.603048706278039637e-01	0.000000000000000000e+00
8.370531300315166012e-01	-6.603048706278039637e-01	0.000000000000000000e+00
8.370531300315166012e-01	-6.603048706278039637e-01	0.000000000000000000e+00
8.370531300315166012e-01	-6.562996852840849993e-01	0.000000000000000000e+00
8.370531300315166012e-01	-6.550755799879172114e-01	0.000000000000000000e+00
8.370531300315166012e-01	-6.550755799879172114e-01	0.000000000000000000e+00
8.370531300315166012e-01	-6.550755799879172114e-01	0.000000000000000000e+00
8.370531300315166012e-01	-6.550755799879172114e-01	0.000000000000000000e+00
8.370531300315166012e-01	-6.620242252941027639e-01	0.000000000000000000e+00
8.486579256714926744e-01	-7.377944774191637078e-01	0.000000000000000000e+00
8.486579256714926744e-01	-7.377944774191637078e-01	0.000000000000000000e+00
8.486579256714926744e-01	-7.377944774191637078e-01	0.000000000000000000e+00
8.486579256714926744e-01	-7.414039436426064222e-01	0.000000000000000000e+00
8.486579256714926744e-01	-7.540465618787380864e-01	0.000000000000000000e+00
