0.000000000000000000e+00	1.000000000000000000e+00	0.000000000000000000e+00
3.194797418972394887e-02	7.943134860354632565e-01	0.000000000000000000e+00
6.190477557737870257e-02	6.962600637330812470e-01	0.000000000000000000e+00
8.660508989831719462e-02	6.703341226441126288e-01	0.000000000000000000e+00
8.660508989831719462e-02	6.703341226441126288e-01	0.000000000000000000e+00
8.660508989831719462e-02	6.703341226441126288e-01	0.000000000000000000e+00
8.660508989831719462e-02	6.703341226441126288e-01	0.000000000000000000e+00
2.112022838580678297e-01	4.752895456903324933e-01	0.000000000000000000e+00
2.194739816300671498e-01	4.054676199523794544e-01	0.000000000000000000e+00
2.329044362429703030e-01	3.172844673755949030e-01	0.000000000000000000e+00
2.480595125103705056e-01	2.543455555323602124e-01	0.000000000000000000e+00
2.480595125103705056e-01	2.543455555323602124e-01	0.000000000000000000e+00
2.480595125103705056e-01	2.543455555323602124e-01	0.000000000000000000e+00
2.480595125103705056e-01	2.543455555323602124e-01	0.000000000000000000e+00
2.480595125103705056e-01	2.543455555323602124e-01	0.000000000000000000e+00
4.145412820055184855e-01	1.836738879962791782e-01	0.000000000000000000e+00
4.256776345090715341e-01	5.053446613470593402e-02	0.000000000000000000e+00
4.256776345090715341e-01	4.022155707683583437e-02	0.000000000000000000e+00
4.389193891343834419e-01	-7.510288128583081368e-02	0.000000000000000000e+00
4.389193891343834419e-01	-6.985881817252760639e-02	0.000000000000000000e+00
4.596146009751039818e-01	-1.167558351089143520e-01	0.000000000000000000e+00
4.596146009751039818e-01	-1.167558351089143520e-01	0.000000000000000000e+00
4.596146009751039818e-01	-1.167558351089143520e-01	0.000000000000000000e+00
4.596146009751039818e-01	-1.133158940731422704e-01	0.000000000000000000e+00
4.596146009751039818e-01	-1.133158940731422704e-01	0.000000000000000000e+00
6.274900756310690664e-01	-2.488908440063747063e-01	0.000000000000000000e+00
6.274900756310690664e-01	-2.488908440063747063e-01	0.000000000000000000e+00
6.274900756310690664e-01	-2.488908440063747063e-01	0.000000000000000000e+00
6.397505157675676957e-01	-3.792724687770896996e-01	0.000000000000000000e+00
6.397505157675676957e-01	-3.843300866633400648e-01	0.000000000000000000e+00
6.397505157675676957e-01	-3.843300866633400648e-01	0.000000000000000000e+00
6.397505157675676957e-01	-3.950138771867964804e-01	0.000000000000000000e+00
6.459039800006525223e-01	-4.228979704772206638e-01	0.000000000000000000e+00
6.470202936728032261e-01	-4.392559635210200319e-01	0.000000000000000000e+00
6.470202936728032261e-01	-4.394954228843560573e-01	0.000000000000000000e+00
6.470202936728032261e-01	-4.392559635210200319e-01	0.000000000000000000e+00
8.386826213115776696e-01	-6.709582876094352111e-01	0.000000000000000000e+00
8.386826213115776696e-01	-6.709582876094352111e-01	0.000000000000000000e+00
8.386826213115776696e-01	-6.386348709794450462e-01	0.000000000000000000e+00
8.386826213115776696e-01	-6.386348709794450462e-01	0.000000000000000000e+00
8.386826213115776696e-01	-6.401560735900879706e-01	0.000000000000000000e+00
8.386826213115776696e-01	-6.401560735900879706e-01	0.000000000000000000e+00
8.386826213115776696e-01	-6.401560735900879706e-01	0.000000000000000000e+00
8.386826213115776696e-01	-6.401560735900879706e-01	0.000000000000000000e+00
8.486579256714926744e-01	-7.382165292296605230e-01	0.000000000000000000e+00
8.486579256714926744e-01	-7.382165292296605230e-01	0.000000000000000000e+00
8.486579256714926744e-01	-7.419185690573444347e-01	0.000000000000000000e+00
8.486579256714926744e-01	-7.419185690573444347e-01	0.000000000000000000e+00
8.486579256714926744e-01	-7.419185690573444347e-01	0.000000000000000000e+00
8.486579256714926744e-01	-7.497178616055558686e-01	0.000000000000000000e+00
