1.842086457761996088e-01	2.727750234383468086e+00	0.000000000000000000e+00
1.842086457761996088e-01	2.727618379072420662e+00	0.000000000000000000e+00
1.842086457761996088e-01	2.727618379072420662e+00	0.000000000000000000e+00
1.842086457761996088e-01	2.715215818242605383e+00	0.000000000000000000e+00
2.480595125103705056e-01	2.273823384331148389e+00	0.000000000000000000e+00
2.480595125103705056e-01	2.257865731312100888e+00	0.000000000000000000e+00
2.480595125103705056e-01	2.268593611985673331e+00	0.000000000000000000e+00
2.480595125103705056e-01	2.268593611985673331e+00	0.000000000000000000e+00
4.269136212367247163e-01	1.937402908795281542e+00	0.000000000000000000e+00
4.269136212367247163e-01	1.327129969613745741e+00	0.000000000000000000e+00
4.269136212367247163e-01	1.327129969613745741e+00	0.000000000000000000e+00
4.269136212367247163e-01	1.327129969613745741e+00	0.000000000000000000e+00
4.269136212367247163e-01	1.327129969613745741e+00	0.000000000000000000e+00
4.269136212367247163e-01	1.325189687257842142e+00	0.000000000000000000e+00
4.269136212367247163e-01	1.325189687257842142e+00	0.000000000000000000e+00
4.269136212367247163e-01	1.325189687257842142e+00	0.000000000000000000e+00
4.269136212367247163e-01	1.325189687257842142e+00	0.000000000000000000e+00
6.166381222842142185e-01	1.152384105708845752e+00	0.000000000000000000e+00
6.166381222842142185e-01	1.095097587217828350e+00	0.000000000000000000e+00
6.166381222842142185e-01	1.095097587217828350e+00	0.000000000000000000e+00
6.459039800006525223e-01	8.729835203528814036e-01	0.000000000000000000e+00
6.459039800006525223e-01	8.341122297438395838e-01	0.000000000000000000e+00
6.459039800006525223e-01	8.341122297438395838e-01	0.000000000000000000e+00
6.459039800006525223e-01	8.341122297438395838e-01	0.000000000000000000e+00
6.459039800006525223e-01	6.744340630080392085e-01	0.000000000000000000e+00
6.459039800006525223e-01	6.293068502901775219e-01	0.000000000000000000e+00
6.459039800006525223e-01	6.293068502901775219e-01	0.000000000000000000e+00
6.459039800006525223e-01	6.293068502901775219e-01	0.000000000000000000e+00
6.459039800006525223e-01	6.293068502901775219e-01	0.000000000000000000e+00
6.459039800006525223e-01	5.930716675456624287e-01	0.000000000000000000e+00
6.459039800006525223e-01	5.354225911704657559e-01	0.000000000000000000e+00
6.459039800006525223e-01	5.354225911704657559e-01	0.000000000000000000e+00
6.459039800006525223e-01	5.354225911704657559e-01	0.000000000000000000e+00
6.459039800006525223e-01	5.354225911704657559e-01	0.000000000000000000e+00
6.459039800006525223e-01	5.394764821309611103e-01	0.000000000000000000e+00
8.533991600106451969e-01	1.880302883992742424e-01	0.000000000000000000e+00
8.533991600106451969e-01	1.880302883992742424e-01	0.000000000000000000e+00
8.533991600106451969e-01	1.880302883992742424e-01	0.000000000000000000e+00
8.533991600106451969e-01	1.716719954458124919e-01	0.000000000000000000e+00
8.533991600106451969e-01	1.580759481685468371e-01	0.000000000000000000e+00
8.533991600106451969e-01	1.580759481685468371e-01	0.000000000000000000e+00
8.533991600106451969e-01	1.580759481685468371e-01	0.000000000000000000e+00
8.533991600106451969e-01	1.580759481685468371e-01	0.000000000000000000e+00
8.533991600106451969e-01	2.628633979977184065e-01	0.000000000000000000e+00
8.533991600106451969e-01	2.731100890735799203e-01	0.000000000000000000e+00
8.533991600106451969e-01	2.467564090807631283e-01	0.000000000000000000e+00
8.533991600106451969e-01	2.467564090807631283e-01	0.000000000000000000e+00
8.533991600106451969e-01	2.467564090807631283e-01	0.000000000000000000e+00
8.533991600106451969e-01	2.467564090807631283e-01	0.000000000000000000e+00
8.533991600106451969e-01	2.467564090807631283e-01	0.000000000000000000e+00
