0.000000000000000000e+00	1.039581981803782584e+00	0.000000000000000000e+00
3.194797418972394887e-02	8.339649606504848656e-01	0.000000000000000000e+00
6.190477557737870257e-02	7.253324189023713231e-01	0.000000000000000000e+00
8.964013216686492203e-02	6.949558779939000175e-01	0.000000000000000000e+00
8.964013216686492203e-02	6.949558779939000175e-01	0.000000000000000000e+00
8.964013216686492203e-02	6.949558779939000175e-01	0.000000000000000000e+00
8.964013216686492203e-02	6.958897979426231784e-01	0.000000000000000000e+00
2.112022838580678297e-01	4.984549852003987702e-01	0.000000000000000000e+00
2.112022838580678297e-01	4.889005044411596224e-01	0.000000000000000000e+00
2.329044362429703030e-01	3.513782275526470267e-01	0.000000000000000000e+00
2.480595125103705056e-01	2.894954845905249319e-01	0.000000000000000000e+00
2.480595125103705056e-01	2.608360571568299480e-01	0.000000000000000000e+00
2.480595125103705056e-01	2.608360571568299480e-01	0.000000000000000000e+00
2.480595125103705056e-01	2.608360571568299480e-01	0.000000000000000000e+00
2.480595125103705056e-01	2.608360571568299480e-01	0.000000000000000000e+00
2.480595125103705056e-01	2.608360571568299480e-01	0.000000000000000000e+00
4.269136212367247163e-01	5.318434763046507585e-02	0.000000000000000000e+00
4.269136212367247163e-01	3.538011493194338775e-02	0.000000000000000000e+00
4.269136212367247163e-01	3.538011493194338775e-02	0.000000000000000000e+00
4.389193891343834419e-01	-5.473239317010372695e-02	0.000000000000000000e+00
4.389193891343834419e-01	-5.473239317010372695e-02	0.000000000000000000e+00
4.389193891343834419e-01	-5.350807735303788476e-02	0.000000000000000000e+00
4.389193891343834419e-01	-5.350807735303788476e-02	0.000000000000000000e+00
4.389193891343834419e-01	-5.350807735303788476e-02	0.000000000000000000e+00
4.389193891343834419e-01	-5.350807735303788476e-02	0.000000000000000000e+00
6.291008882628695842e-01	-1.958578409019526845e-01	0.000000000000000000e+00
6.291008882628695842e-01	-2.108175454436840290e-01	0.000000000000000000e+00
6.291008882628695842e-01	-2.108175454436840290e-01	0.000000000000000000e+00
6.291008882628695842e-01	-2.108175454436840290e-01	0.000000000000000000e+00
6.291008882628695842e-01	-2.365405555340669430e-01	0.000000000000000000e+00
6.459039800006525223e-01	-3.507759378562179675e-01	0.000000000000000000e+00
6.459039800006525223e-01	-3.507759378562179675e-01	0.000000000000000000e+00
6.459039800006525223e-01	-3.507759378562179675e-01	0.000000000000000000e+00
6.459039800006525223e-01	-3.605540556466834690e-01	0.000000000000000000e+00
6.459039800006525223e-01	-3.605540556466834690e-01	0.000000000000000000e+00
6.459039800006525223e-01	-3.568055394499781152e-01	0.000000000000000000e+00
8.486579256714926744e-01	-6.291504812689860948e-01	0.000000000000000000e+00
8.486579256714926744e-01	-6.291504812689860948e-01	0.000000000000000000e+00
8.486579256714926744e-01	-5.667570566249222619e-01	0.000000000000000000e+00
8.486579256714926744e-01	-5.667570566249222619e-01	0.000000000000000000e+00
8.486579256714926744e-01	-5.866411792614897314e-01	0.000000000000000000e+00
8.486579256714926744e-01	-5.866411792614897314e-01	0.000000000000000000e+00
8.486579256714926744e-01	-5.866411792614897314e-01	0.000000000000000000e+00
8.486579256714926744e-01	-5.866411792614897314e-01	0.000000000000000000e+00
8.486579256714926744e-01	-6.353295390224735772e-01	0.000000000000000000e+00
8.486579256714926744e-01	-6.353295390224735772e-01	0.000000000000000000e+00
8.486579256714926744e-01	-6.353295390224735772e-01	0.000000000000000000e+00
8.486579256714926744e-01	-6.775674535649413022e-01	0.000000000000000000e+00
8.486579256714926744e-01	-6.775674535649413022e-01	0.000000000000000000e+00
8.486579256714926744e-01	-6.775674535649413022e-01	0.000000000000000000e+00
