0.000000000000000000e+00	1.039086652211940631e+00	0.000000000000000000e+00
3.194797418972394887e-02	8.248372681267363005e-01	0.000000000000000000e+00
6.190477557737870257e-02	7.031659004509133171e-01	0.000000000000000000e+00
8.964013216686492203e-02	6.797277013708467042e-01	0.000000000000000000e+00
8.964013216686492203e-02	6.797277013708467042e-01	0.000000000000000000e+00
8.964013216686492203e-02	6.807678231861278295e-01	0.000000000000000000e+00
8.964013216686492203e-02	6.808013815999662821e-01	0.000000000000000000e+00
2.112022838580678297e-01	4.819884478746620515e-01	0.000000000000000000e+00
2.194739816300671498e-01	4.232815666389901921e-01	0.000000000000000000e+00
2.329044362429703030e-01	3.358503412005554578e-01	0.000000000000000000e+00
2.480595125103705056e-01	2.597020937181138134e-01	0.000000000000000000e+00
2.480595125103705056e-01	2.597020937181138134e-01	0.000000000000000000e+00
2.480595125103705056e-01	2.587189087996530357e-01	0.000000000000000000e+00
2.480595125103705056e-01	2.587189087996530357e-01	0.000000000000000000e+00
2.480595125103705056e-01	2.587189087996530357e-01	0.000000000000000000e+00
4.269136212367247163e-01	3.295292930961892658e-02	0.000000000000000000e+00
4.269136212367247163e-01	3.295292930961892658e-02	0.000000000000000000e+00
4.269136212367247163e-01	3.295292930961892658e-02	0.000000000000000000e+00
4.389193891343834419e-01	-5.848707202997255328e-02	0.000000000000000000e+00
4.389193891343834419e-01	-5.362282530901300859e-02	0.000000000000000000e+00
4.389193891343834419e-01	-5.848707202997255328e-02	0.000000000000000000e+00
4.389193891343834419e-01	-6.291609816352967954e-02	0.000000000000000000e+00
4.389193891343834419e-01	-6.291609816352967954e-02	0.000000000000000000e+00
4.389193891343834419e-01	-6.291609816352967954e-02	0.000000000000000000e+00
6.291008882628695842e-01	-2.580628397982948630e-01	0.000000000000000000e+00
6.291008882628695842e-01	-2.580628397982948630e-01	0.000000000000000000e+00
6.291008882628695842e-01	-2.284346045845656314e-01	0.000000000000000000e+00
6.291008882628695842e-01	-2.284346045845656314e-01	0.000000000000000000e+00
6.291008882628695842e-01	-2.478519083295278869e-01	0.000000000000000000e+00
6.459039800006525223e-01	-3.585451871057135365e-01	0.000000000000000000e+00
6.459039800006525223e-01	-3.746027638037888186e-01	0.000000000000000000e+00
6.459039800006525223e-01	-3.746027638037888186e-01	0.000000000000000000e+00
6.459039800006525223e-01	-3.753118588265137445e-01	0.000000000000000000e+00
6.459039800006525223e-01	-3.857442395900377852e-01	0.000000000000000000e+00
6.459039800006525223e-01	-3.784051335158375440e-01	0.000000000000000000e+00
8.486579256714926744e-01	-6.777667173336341389e-01	0.000000000000000000e+00
8.486579256714926744e-01	-7.057158313006913763e-01	0.000000000000000000e+00
8.486579256714926744e-01	-7.057158313006913763e-01	0.000000000000000000e+00
8.486579256714926744e-01	-7.057158313006913763e-01	0.000000000000000000e+00
8.486579256714926744e-01	-7.057158313006913763e-01	0.000000000000000000e+00
8.486579256714926744e-01	-6.042088627230589593e-01	0.000000000000000000e+00
8.486579256714926744e-01	-6.042088627230589593e-01	0.000000000000000000e+00
8.486579256714926744e-01	-6.042088627230589593e-01	0.000000000000000000e+00
8.486579256714926744e-01	-6.414161130860326354e-01	0.000000000000000000e+00
8.486579256714926744e-01	-6.773642550326580691e-01	0.000000000000000000e+00
8.486579256714926744e-01	-6.773642550326580691e-01	0.000000000000000000e+00
8.486579256714926744e-01	-6.773642550326580691e-01	0.000000000000000000e+00
8.486579256714926744e-01	-6.773642550326580691e-01	0.000000000000000000e+00
8.486579256714926744e-01	-6.773642550326580691e-01	0.000000000000000000e+00
8.486579256714926744e-01	-6.775674535649413022e-01	0.000000000000000000e+00
