0.000000000000000000e+00	1.050323828027507345e+00	0.000000000000000000e+00
3.194797418972394887e-02	8.239040417606892097e-01	0.000000000000000000e+00
6.190477557737870257e-02	7.172650567973055669e-01	0.000000000000000000e+00
8.964013216686492203e-02	6.949558779939000175e-01	0.000000000000000000e+00
8.964013216686492203e-02	6.949558779939000175e-01	0.000000000000000000e+00
8.964013216686492203e-02	6.949558779939000175e-01	0.000000000000000000e+00
8.964013216686492203e-02	6.958897979426231784e-01	0.000000000000000000e+00
2.112022838580678297e-01	5.067358338422511821e-01	0.000000000000000000e+00
2.112022838580678297e-01	4.889005044411596224e-01	0.000000000000000000e+00
2.329044362429703030e-01	3.536213052102090693e-01	0.000000000000000000e+00
2.480595125103705056e-01	2.730332810359771267e-01	0.000000000000000000e+00
2.480595125103705056e-01	2.608360571568299480e-01	0.000000000000000000e+00
2.480595125103705056e-01	2.608360571568299480e-01	0.000000000000000000e+00
2.480595125103705056e-01	2.608360571568299480e-01	0.000000000000000000e+00
2.480595125103705056e-01	2.608360571568299480e-01	0.000000000000000000e+00
2.480595125103705056e-01	2.608360571568299480e-01	0.000000000000000000e+00
4.269136212367247163e-01	3.138633113747055225e-02	0.000000000000000000e+00
4.269136212367247163e-01	3.138633113747055225e-02	0.000000000000000000e+00
4.269136212367247163e-01	3.138633113747055225e-02	0.000000000000000000e+00
4.389193891343834419e-01	-3.734694353855114862e-02	0.000000000000000000e+00
4.389193891343834419e-01	-5.275794422706444470e-02	0.000000000000000000e+00
4.389193891343834419e-01	-5.350807735303788476e-02	0.000000000000000000e+00
4.389193891343834419e-01	-5.350807735303788476e-02	0.000000000000000000e+00
4.389193891343834419e-01	-5.350807735303788476e-02	0.000000000000000000e+00
4.389193891343834419e-01	-5.350807735303788476e-02	0.000000000000000000e+00
6.291008882628695842e-01	-2.423381157080947979e-01	0.000000000000000000e+00
6.291008882628695842e-01	-2.423381157080947979e-01	0.000000000000000000e+00
6.291008882628695842e-01	-2.423381157080947979e-01	0.000000000000000000e+00
6.291008882628695842e-01	-2.422141014425376049e-01	0.000000000000000000e+00
6.291008882628695842e-01	-2.422141014425376049e-01	0.000000000000000000e+00
6.459039800006525223e-01	-3.191651682754468311e-01	0.000000000000000000e+00
6.459039800006525223e-01	-3.191651682754468311e-01	0.000000000000000000e+00
6.459039800006525223e-01	-3.532914110093863247e-01	0.000000000000000000e+00
6.459039800006525223e-01	-3.605540556466834690e-01	0.000000000000000000e+00
6.459039800006525223e-01	-3.605540556466834690e-01	0.000000000000000000e+00
6.459039800006525223e-01	-3.568055394499781152e-01	0.000000000000000000e+00
8.486579256714926744e-01	-6.188911989842955652e-01	0.000000000000000000e+00
8.486579256714926744e-01	-6.188911989842955652e-01	0.000000000000000000e+00
8.486579256714926744e-01	-5.880279458953467930e-01	0.000000000000000000e+00
8.486579256714926744e-01	-5.875293674069796968e-01	0.000000000000000000e+00
8.486579256714926744e-01	-6.108507841098393953e-01	0.000000000000000000e+00
8.486579256714926744e-01	-6.217521036155042591e-01	0.000000000000000000e+00
8.486579256714926744e-01	-6.217521036155042591e-01	0.000000000000000000e+00
8.486579256714926744e-01	-6.217521036155042591e-01	0.000000000000000000e+00
8.486579256714926744e-01	-6.217521036155042591e-01	0.000000000000000000e+00
8.486579256714926744e-01	-6.589446958115614539e-01	0.000000000000000000e+00
8.486579256714926744e-01	-6.589446958115614539e-01	0.000000000000000000e+00
8.486579256714926744e-01	-6.589446958115614539e-01	0.000000000000000000e+00
8.486579256714926744e-01	-6.775674535649413022e-01	0.000000000000000000e+00
8.486579256714926744e-01	-6.775674535649413022e-01	0.000000000000000000e+00
