0.000000000000000000e+00	1.000224694763761413e+00	0.000000000000000000e+00
3.194797418972394887e-02	7.945181009602971800e-01	0.000000000000000000e+00
6.190477557737870257e-02	7.019996799940504406e-01	0.000000000000000000e+00
8.660508989831719462e-02	6.705257568429200399e-01	0.000000000000000000e+00
8.660508989831719462e-02	6.703341226441126288e-01	0.000000000000000000e+00
8.660508989831719462e-02	6.703341226441126288e-01	0.000000000000000000e+00
8.660508989831719462e-02	6.703341226441126288e-01	0.000000000000000000e+00
2.112022838580678297e-01	4.801197386222218477e-01	0.000000000000000000e+00
2.194739816300671498e-01	4.054676199523794544e-01	0.000000000000000000e+00
2.329044362429703030e-01	3.172844673755949030e-01	0.000000000000000000e+00
2.480595125103705056e-01	2.543455555323602124e-01	0.000000000000000000e+00
2.480595125103705056e-01	2.543455555323602124e-01	0.000000000000000000e+00
2.480595125103705056e-01	2.543455555323602124e-01	0.000000000000000000e+00
2.480595125103705056e-01	2.543455555323602124e-01	0.000000000000000000e+00
2.480595125103705056e-01	2.543455555323602124e-01	0.000000000000000000e+00
4.145412820055184855e-01	1.898945918083516093e-01	0.000000000000000000e+00
4.256776345090715341e-01	4.372774187730180812e-02	0.000000000000000000e+00
4.256776345090715341e-01	4.372774187730180812e-02	0.000000000000000000e+00
4.389193891343834419e-01	-4.808200999235957146e-02	0.000000000000000000e+00
4.389193891343834419e-01	-5.810473836220166055e-02	0.000000000000000000e+00
4.596146009751039818e-01	-1.167558351089143520e-01	0.000000000000000000e+00
4.596146009751039818e-01	-1.133158940731422704e-01	0.000000000000000000e+00
4.596146009751039818e-01	-1.133158940731422704e-01	0.000000000000000000e+00
4.596146009751039818e-01	-1.133158940731422704e-01	0.000000000000000000e+00
4.596146009751039818e-01	-1.133158940731422704e-01	0.000000000000000000e+00
6.274900756310690664e-01	-2.177056423083597869e-01	0.000000000000000000e+00
6.274900756310690664e-01	-2.367474572396885413e-01	0.000000000000000000e+00
6.274900756310690664e-01	-2.367474572396885413e-01	0.000000000000000000e+00
6.274900756310690664e-01	-2.644677352579678509e-01	0.000000000000000000e+00
6.459039800006525223e-01	-4.231711177512366695e-01	0.000000000000000000e+00
6.459039800006525223e-01	-4.227512886005748149e-01	0.000000000000000000e+00
6.459039800006525223e-01	-4.227512886005748149e-01	0.000000000000000000e+00
6.459039800006525223e-01	-4.227512886005748149e-01	0.000000000000000000e+00
6.470202936728032261e-01	-4.370698364011145753e-01	0.000000000000000000e+00
6.470202936728032261e-01	-4.389020734591889128e-01	0.000000000000000000e+00
6.470202936728032261e-01	-4.389020734591889128e-01	0.000000000000000000e+00
8.386826213115776696e-01	-6.703077691366303714e-01	0.000000000000000000e+00
8.386826213115776696e-01	-6.703077691366303714e-01	0.000000000000000000e+00
8.386826213115776696e-01	-6.703077691366303714e-01	0.000000000000000000e+00
8.386826213115776696e-01	-6.580709826530708462e-01	0.000000000000000000e+00
8.386826213115776696e-01	-6.573742239077408067e-01	0.000000000000000000e+00
8.386826213115776696e-01	-6.573742239077408067e-01	0.000000000000000000e+00
8.386826213115776696e-01	-6.573742239077408067e-01	0.000000000000000000e+00
8.386826213115776696e-01	-6.573742239077408067e-01	0.000000000000000000e+00
8.386826213115776696e-01	-6.683491970637069901e-01	0.000000000000000000e+00
8.486579256714926744e-01	-7.294727661570404864e-01	0.000000000000000000e+00
8.486579256714926744e-01	-7.294727661570404864e-01	0.000000000000000000e+00
8.486579256714926744e-01	-7.294727661570404864e-01	0.000000000000000000e+00
8.486579256714926744e-01	-7.388610498848200425e-01	0.000000000000000000e+00
8.486579256714926744e-01	-7.454824714483260228e-01	0.000000000000000000e+00
