0.000000000000000000e+00	1.000000000000000000e+00	0.000000000000000000e+00
3.194797418972394887e-02	7.943134860354632565e-01	0.000000000000000000e+00
6.190477557737870257e-02	6.935677759734497627e-01	0.000000000000000000e+00
8.660508989831719462e-02	6.703341226441126288e-01	0.000000000000000000e+00
8.660508989831719462e-02	6.703341226441126288e-01	0.000000000000000000e+00
8.660508989831719462e-02	6.703341226441126288e-01	0.000000000000000000e+00
8.660508989831719462e-02	6.703341226441126288e-01	0.000000000000000000e+00
2.112022838580678297e-01	4.858066620923109369e-01	0.000000000000000000e+00
2.194739816300671498e-01	4.054676199523794544e-01	0.000000000000000000e+00
2.329044362429703030e-01	3.172844673755949030e-01	0.000000000000000000e+00
2.480595125103705056e-01	2.543455555323602124e-01	0.000000000000000000e+00
2.480595125103705056e-01	2.543455555323602124e-01	0.000000000000000000e+00
2.480595125103705056e-01	2.543455555323602124e-01	0.000000000000000000e+00
2.480595125103705056e-01	2.543455555323602124e-01	0.000000000000000000e+00
2.480595125103705056e-01	2.543455555323602124e-01	0.000000000000000000e+00
4.145412820055184855e-01	1.732956013950853746e-01	0.000000000000000000e+00
4.256776345090715341e-01	4.108818959403388871e-02	0.000000000000000000e+00
4.256776345090715341e-01	4.108818959403388871e-02	0.000000000000000000e+00
4.389193891343834419e-01	-7.424272192472967935e-02	0.000000000000000000e+00
4.389193891343834419e-01	-7.424272192472967935e-02	0.000000000000000000e+00
4.596146009751039818e-01	-1.167558351089143520e-01	0.000000000000000000e+00
4.596146009751039818e-01	-1.167558351089143520e-01	0.000000000000000000e+00
4.596146009751039818e-01	-1.167558351089143520e-01	0.000000000000000000e+00
4.596146009751039818e-01	-1.167558351089143520e-01	0.000000000000000000e+00
4.596146009751039818e-01	-1.167558351089143520e-01	0.000000000000000000e+00
6.274900756310690664e-01	-2.624482316251660619e-01	0.000000000000000000e+00
6.274900756310690664e-01	-2.506407234734406297e-01	0.000000000000000000e+00
6.274900756310690664e-01	-2.506407234734406297e-01	0.000000000000000000e+00
6.397505157675676957e-01	-3.901057318173294930e-01	0.000000000000000000e+00
6.397505157675676957e-01	-3.768852643197259100e-01	0.000000000000000000e+00
6.397505157675676957e-01	-3.708286248540856866e-01	0.000000000000000000e+00
6.397505157675676957e-01	-3.919614538288986871e-01	0.000000000000000000e+00
6.459039800006525223e-01	-4.158008495118575287e-01	0.000000000000000000e+00
6.470202936728032261e-01	-4.428496304380420412e-01	0.000000000000000000e+00
6.470202936728032261e-01	-4.428496304380420412e-01	0.000000000000000000e+00
6.470202936728032261e-01	-4.428496304380420412e-01	0.000000000000000000e+00
8.276470727088369728e-01	-5.299863708635553783e-01	0.000000000000000000e+00
8.276470727088369728e-01	-5.299863708635553783e-01	0.000000000000000000e+00
8.276470727088369728e-01	-5.299863708635553783e-01	0.000000000000000000e+00
8.318872605163668554e-01	-5.830387336166578116e-01	0.000000000000000000e+00
8.318872605163668554e-01	-5.830387336166578116e-01	0.000000000000000000e+00
8.318872605163668554e-01	-5.998514291948516819e-01	0.000000000000000000e+00
8.370531300315166012e-01	-6.706731665919313246e-01	0.000000000000000000e+00
8.370531300315166012e-01	-6.706731665919313246e-01	0.000000000000000000e+00
8.370531300315166012e-01	-6.692877085829999073e-01	0.000000000000000000e+00
8.484058420833906489e-01	-7.363662053440892530e-01	0.000000000000000000e+00
8.484058420833906489e-01	-7.384348218140502906e-01	0.000000000000000000e+00
8.484058420833906489e-01	-7.384348218140502906e-01	0.000000000000000000e+00
8.484058420833906489e-01	-7.384348218140502906e-01	0.000000000000000000e+00
8.484058420833906489e-01	-7.547464714677110109e-01	0.000000000000000000e+00
