1.842086457761996088e-01	3.209170696582586135e+00	0.000000000000000000e+00
1.842086457761996088e-01	3.151841062460829068e+00	0.000000000000000000e+00
1.842086457761996088e-01	3.151841062460829068e+00	0.000000000000000000e+00
1.842086457761996088e-01	3.151841062460829068e+00	0.000000000000000000e+00
2.480595125103705056e-01	2.703289034688738823e+00	0.000000000000000000e+00
2.480595125103705056e-01	2.582285046429176667e+00	0.000000000000000000e+00
2.480595125103705056e-01	2.582285046429176667e+00	0.000000000000000000e+00
2.480595125103705056e-01	2.582285046429176667e+00	0.000000000000000000e+00
4.269136212367247163e-01	2.233248429922020772e+00	0.000000000000000000e+00
4.269136212367247163e-01	2.233248429922020772e+00	0.000000000000000000e+00
4.269136212367247163e-01	2.354266080821166174e+00	0.000000000000000000e+00
4.269136212367247163e-01	2.336317210721009729e+00	0.000000000000000000e+00
6.179866391969308648e-01	1.992297024513418835e+00	0.000000000000000000e+00
6.459039800006525223e-01	1.515961776797559279e+00	0.000000000000000000e+00
6.459039800006525223e-01	1.515961776797559279e+00	0.000000000000000000e+00
6.459039800006525223e-01	1.515961776797559279e+00	0.000000000000000000e+00
6.459039800006525223e-01	1.440294251786764290e+00	0.000000000000000000e+00
6.459039800006525223e-01	1.076963700377671751e+00	0.000000000000000000e+00
6.459039800006525223e-01	1.076963700377671751e+00	0.000000000000000000e+00
6.459039800006525223e-01	1.076963700377671751e+00	0.000000000000000000e+00
6.459039800006525223e-01	1.076963700377671751e+00	0.000000000000000000e+00
6.459039800006525223e-01	9.791532108320805117e-01	0.000000000000000000e+00
6.459039800006525223e-01	9.791532108320805117e-01	0.000000000000000000e+00
6.459039800006525223e-01	9.021786074741544592e-01	0.000000000000000000e+00
6.459039800006525223e-01	8.789214164736344204e-01	0.000000000000000000e+00
6.459039800006525223e-01	7.640969733904371397e-01	0.000000000000000000e+00
6.459039800006525223e-01	7.570533172689152268e-01	0.000000000000000000e+00
6.459039800006525223e-01	7.370335378753501976e-01	0.000000000000000000e+00
6.459039800006525223e-01	7.370335378753501976e-01	0.000000000000000000e+00
6.459039800006525223e-01	7.370335378753501976e-01	0.000000000000000000e+00
6.459039800006525223e-01	7.370335378753501976e-01	0.000000000000000000e+00
8.533991600106451969e-01	4.131822577344319569e-01	0.000000000000000000e+00
8.533991600106451969e-01	4.131822577344319569e-01	0.000000000000000000e+00
8.533991600106451969e-01	4.131822577344319569e-01	0.000000000000000000e+00
8.533991600106451969e-01	5.297364153382980723e-01	0.000000000000000000e+00
8.533991600106451969e-01	5.460256599041933834e-01	0.000000000000000000e+00
8.533991600106451969e-01	5.297364153382980723e-01	0.000000000000000000e+00
8.533991600106451969e-01	5.331688107023302425e-01	0.000000000000000000e+00
8.533991600106451969e-01	2.640636042944645712e-01	0.000000000000000000e+00
8.533991600106451969e-01	2.375224764063031679e-01	0.000000000000000000e+00
8.533991600106451969e-01	2.375224764063031679e-01	0.000000000000000000e+00
8.533991600106451969e-01	3.834528990683062077e-01	0.000000000000000000e+00
8.533991600106451969e-01	2.375224764063031679e-01	0.000000000000000000e+00
8.533991600106451969e-01	2.894834053042150690e-01	0.000000000000000000e+00
8.533991600106451969e-01	3.834528990683062077e-01	0.000000000000000000e+00
8.533991600106451969e-01	5.114039300611584737e-01	0.000000000000000000e+00
8.533991600106451969e-01	4.991383861075407435e-01	0.000000000000000000e+00
8.533991600106451969e-01	4.991383861075407435e-01	0.000000000000000000e+00
8.533991600106451969e-01	4.991383861075407435e-01	0.000000000000000000e+00
8.533991600106451969e-01	4.991383861075407435e-01	0.000000000000000000e+00
