1.842086457761996088e-01	2.975999755566780536e+00	0.000000000000000000e+00
1.842086457761996088e-01	2.897694304383564567e+00	0.000000000000000000e+00
1.842086457761996088e-01	2.897694304383564567e+00	0.000000000000000000e+00
1.842086457761996088e-01	2.837342143757250135e+00	0.000000000000000000e+00
2.480595125103705056e-01	2.257865731312100888e+00	0.000000000000000000e+00
2.480595125103705056e-01	2.257865731312100888e+00	0.000000000000000000e+00
2.480595125103705056e-01	2.312150964735028236e+00	0.000000000000000000e+00
2.480595125103705056e-01	2.312150964735028236e+00	0.000000000000000000e+00
4.269136212367247163e-01	1.970388323556098165e+00	0.000000000000000000e+00
4.269136212367247163e-01	1.970388323556098165e+00	0.000000000000000000e+00
4.269136212367247163e-01	2.028542150087385920e+00	0.000000000000000000e+00
4.269136212367247163e-01	1.694642602458559244e+00	0.000000000000000000e+00
4.269136212367247163e-01	1.694642602458559244e+00	0.000000000000000000e+00
4.269136212367247163e-01	1.694642602458559244e+00	0.000000000000000000e+00
4.269136212367247163e-01	1.694642602458559244e+00	0.000000000000000000e+00
6.459039800006525223e-01	1.010865265938515112e+00	0.000000000000000000e+00
6.459039800006525223e-01	1.010865265938515112e+00	0.000000000000000000e+00
6.459039800006525223e-01	1.010865265938515112e+00	0.000000000000000000e+00
6.459039800006525223e-01	9.733771820583706491e-01	0.000000000000000000e+00
6.459039800006525223e-01	6.917308697556836528e-01	0.000000000000000000e+00
6.459039800006525223e-01	6.917308697556836528e-01	0.000000000000000000e+00
6.459039800006525223e-01	6.917308697556836528e-01	0.000000000000000000e+00
6.459039800006525223e-01	6.917308697556836528e-01	0.000000000000000000e+00
6.459039800006525223e-01	7.930854114847738501e-01	0.000000000000000000e+00
6.459039800006525223e-01	7.930854114847738501e-01	0.000000000000000000e+00
6.459039800006525223e-01	6.395974752890105641e-01	0.000000000000000000e+00
6.459039800006525223e-01	6.615656597230302749e-01	0.000000000000000000e+00
6.459039800006525223e-01	6.615656597230302749e-01	0.000000000000000000e+00
6.459039800006525223e-01	6.615656597230302749e-01	0.000000000000000000e+00
6.459039800006525223e-01	6.615656597230302749e-01	0.000000000000000000e+00
6.459039800006525223e-01	6.799754840351036611e-01	0.000000000000000000e+00
8.533991600106451969e-01	1.937368848546913158e-01	0.000000000000000000e+00
8.533991600106451969e-01	1.937368848546913158e-01	0.000000000000000000e+00
8.533991600106451969e-01	1.937368848546913158e-01	0.000000000000000000e+00
8.533991600106451969e-01	1.986399254243793044e-01	0.000000000000000000e+00
8.533991600106451969e-01	2.027587122046625168e-01	0.000000000000000000e+00
8.533991600106451969e-01	2.027587122046625168e-01	0.000000000000000000e+00
8.533991600106451969e-01	2.027587122046625168e-01	0.000000000000000000e+00
8.533991600106451969e-01	3.079392864920181827e-01	0.000000000000000000e+00
8.533991600106451969e-01	2.941376538041422517e-01	0.000000000000000000e+00
8.533991600106451969e-01	2.941376538041422517e-01	0.000000000000000000e+00
8.533991600106451969e-01	2.941376538041422517e-01	0.000000000000000000e+00
8.533991600106451969e-01	2.941376538041422517e-01	0.000000000000000000e+00
8.533991600106451969e-01	2.991162962486610399e-01	0.000000000000000000e+00
8.533991600106451969e-01	2.521609235839516461e-01	0.000000000000000000e+00
8.533991600106451969e-01	2.637656501596819525e-01	0.000000000000000000e+00
8.533991600106451969e-01	2.521609235839516461e-01	0.000000000000000000e+00
8.533991600106451969e-01	2.521609235839516461e-01	0.000000000000000000e+00
8.533991600106451969e-01	2.637656501596819525e-01	0.000000000000000000e+00
8.533991600106451969e-01	2.739417440767549783e-01	0.000000000000000000e+00
