0.000000000000000000e+00	1.004021999473563964e+00	0.000000000000000000e+00
3.194797418972394887e-02	7.945181009602971800e-01	0.000000000000000000e+00
6.190477557737870257e-02	7.007189217493398070e-01	0.000000000000000000e+00
8.660508989831719462e-02	6.705257568429200399e-01	0.000000000000000000e+00
8.660508989831719462e-02	6.703341226441126288e-01	0.000000000000000000e+00
8.660508989831719462e-02	6.703341226441126288e-01	0.000000000000000000e+00
8.660508989831719462e-02	6.703341226441126288e-01	0.000000000000000000e+00
2.112022838580678297e-01	4.676289059214430166e-01	0.000000000000000000e+00
2.194739816300671498e-01	4.054676199523794544e-01	0.000000000000000000e+00
2.329044362429703030e-01	3.172844673755949030e-01	0.000000000000000000e+00
2.480595125103705056e-01	2.543455555323602124e-01	0.000000000000000000e+00
2.480595125103705056e-01	2.543455555323602124e-01	0.000000000000000000e+00
2.480595125103705056e-01	2.543455555323602124e-01	0.000000000000000000e+00
2.480595125103705056e-01	2.543455555323602124e-01	0.000000000000000000e+00
2.480595125103705056e-01	2.543455555323602124e-01	0.000000000000000000e+00
4.145412820055184855e-01	1.732956013950853746e-01	0.000000000000000000e+00
4.256776345090715341e-01	4.372774187730180812e-02	0.000000000000000000e+00
4.256776345090715341e-01	4.372774187730180812e-02	0.000000000000000000e+00
4.389193891343834419e-01	-5.853745826367921790e-02	0.000000000000000000e+00
4.389193891343834419e-01	-5.853745826367921790e-02	0.000000000000000000e+00
4.596146009751039818e-01	-9.959860866150006820e-02	0.000000000000000000e+00
4.596146009751039818e-01	-1.133158940731422704e-01	0.000000000000000000e+00
4.596146009751039818e-01	-1.133158940731422704e-01	0.000000000000000000e+00
4.596146009751039818e-01	-1.133158940731422704e-01	0.000000000000000000e+00
4.596146009751039818e-01	-1.133158940731422704e-01	0.000000000000000000e+00
6.274900756310690664e-01	-2.292510663478117827e-01	0.000000000000000000e+00
6.274900756310690664e-01	-2.292510663478117827e-01	0.000000000000000000e+00
6.274900756310690664e-01	-2.429490275368315910e-01	0.000000000000000000e+00
6.274900756310690664e-01	-2.644677352579678509e-01	0.000000000000000000e+00
6.459039800006525223e-01	-4.351413929537862879e-01	0.000000000000000000e+00
6.459039800006525223e-01	-4.365444125620951410e-01	0.000000000000000000e+00
6.459039800006525223e-01	-4.365444125620951410e-01	0.000000000000000000e+00
6.459039800006525223e-01	-4.365444125620951410e-01	0.000000000000000000e+00
6.459039800006525223e-01	-4.365444125620951410e-01	0.000000000000000000e+00
6.470202936728032261e-01	-4.389020734591889128e-01	0.000000000000000000e+00
6.470202936728032261e-01	-4.389020734591889128e-01	0.000000000000000000e+00
8.386826213115776696e-01	-6.642608832676791808e-01	0.000000000000000000e+00
8.386826213115776696e-01	-6.642608832676791808e-01	0.000000000000000000e+00
8.386826213115776696e-01	-6.390558952086448086e-01	0.000000000000000000e+00
8.386826213115776696e-01	-6.390558952086448086e-01	0.000000000000000000e+00
8.386826213115776696e-01	-6.390558952086448086e-01	0.000000000000000000e+00
8.386826213115776696e-01	-6.365639252172736740e-01	0.000000000000000000e+00
8.386826213115776696e-01	-6.365639252172736740e-01	0.000000000000000000e+00
8.386826213115776696e-01	-6.365639252172736740e-01	0.000000000000000000e+00
8.386826213115776696e-01	-6.567933490352936277e-01	0.000000000000000000e+00
8.486579256714926744e-01	-7.241171008217258676e-01	0.000000000000000000e+00
8.486579256714926744e-01	-7.241171008217258676e-01	0.000000000000000000e+00
8.486579256714926744e-01	-7.241171008217258676e-01	0.000000000000000000e+00
8.486579256714926744e-01	-7.331615551414003562e-01	0.000000000000000000e+00
8.486579256714926744e-01	-7.454824714483260228e-01	0.000000000000000000e+00
