0.000000000000000000e+00	1.000224694763761413e+00	0.000000000000000000e+00
3.194797418972394887e-02	7.945181009602971800e-01	0.000000000000000000e+00
6.190477557737870257e-02	6.937645195255423003e-01	0.000000000000000000e+00
8.660508989831719462e-02	6.705257568429200399e-01	0.000000000000000000e+00
8.660508989831719462e-02	6.705257568429200399e-01	0.000000000000000000e+00
8.660508989831719462e-02	6.705257568429200399e-01	0.000000000000000000e+00
8.660508989831719462e-02	6.705257568429200399e-01	0.000000000000000000e+00
2.112022838580678297e-01	4.678019723801624119e-01	0.000000000000000000e+00
2.194739816300671498e-01	4.056396851144069005e-01	0.000000000000000000e+00
2.329044362429703030e-01	3.172844673755949030e-01	0.000000000000000000e+00
2.480595125103705056e-01	2.543455555323602124e-01	0.000000000000000000e+00
2.480595125103705056e-01	2.543455555323602124e-01	0.000000000000000000e+00
2.480595125103705056e-01	2.543455555323602124e-01	0.000000000000000000e+00
2.480595125103705056e-01	2.543455555323602124e-01	0.000000000000000000e+00
2.480595125103705056e-01	2.543455555323602124e-01	0.000000000000000000e+00
4.145412820055184855e-01	1.732956013950853746e-01	0.000000000000000000e+00
4.256776345090715341e-01	4.218975569084535554e-02	0.000000000000000000e+00
4.256776345090715341e-01	5.331853219936192462e-02	0.000000000000000000e+00
4.389193891343834419e-01	-7.314937488382139419e-02	0.000000000000000000e+00
4.389193891343834419e-01	-6.513203809394542410e-02	0.000000000000000000e+00
4.596146009751039818e-01	-9.480575167645453882e-02	0.000000000000000000e+00
4.596146009751039818e-01	-1.133158940731422704e-01	0.000000000000000000e+00
4.596146009751039818e-01	-1.133158940731422704e-01	0.000000000000000000e+00
4.596146009751039818e-01	-1.133158940731422704e-01	0.000000000000000000e+00
4.596146009751039818e-01	-1.133158940731422704e-01	0.000000000000000000e+00
6.274900756310690664e-01	-2.455568550344944256e-01	0.000000000000000000e+00
6.274900756310690664e-01	-2.515051642610059979e-01	0.000000000000000000e+00
6.274900756310690664e-01	-2.515051642610059979e-01	0.000000000000000000e+00
6.274900756310690664e-01	-2.644677352579678509e-01	0.000000000000000000e+00
6.459039800006525223e-01	-4.254213277747724842e-01	0.000000000000000000e+00
6.459039800006525223e-01	-4.252262726288552619e-01	0.000000000000000000e+00
6.459039800006525223e-01	-4.252262726288552619e-01	0.000000000000000000e+00
6.459039800006525223e-01	-4.252262726288552619e-01	0.000000000000000000e+00
6.470202936728032261e-01	-4.323176442100276073e-01	0.000000000000000000e+00
6.470202936728032261e-01	-4.389020734591889128e-01	0.000000000000000000e+00
6.470202936728032261e-01	-4.389020734591889128e-01	0.000000000000000000e+00
8.386826213115776696e-01	-6.781816279601757813e-01	0.000000000000000000e+00
8.386826213115776696e-01	-6.781816279601757813e-01	0.000000000000000000e+00
8.386826213115776696e-01	-6.781816279601757813e-01	0.000000000000000000e+00
8.386826213115776696e-01	-6.500515330966097904e-01	0.000000000000000000e+00
8.386826213115776696e-01	-6.500515330966097904e-01	0.000000000000000000e+00
8.386826213115776696e-01	-6.500515330966097904e-01	0.000000000000000000e+00
8.386826213115776696e-01	-6.561546052036820731e-01	0.000000000000000000e+00
8.386826213115776696e-01	-6.561546052036820731e-01	0.000000000000000000e+00
8.386826213115776696e-01	-6.561546052036820731e-01	0.000000000000000000e+00
8.486579256714926744e-01	-7.159983781423355786e-01	0.000000000000000000e+00
8.486579256714926744e-01	-7.159983781423355786e-01	0.000000000000000000e+00
8.486579256714926744e-01	-7.159983781423355786e-01	0.000000000000000000e+00
8.486579256714926744e-01	-7.349595365707749517e-01	0.000000000000000000e+00
8.486579256714926744e-01	-7.454824714483260228e-01	0.000000000000000000e+00
