2.480595125103705056e-01	3.612770002314849460e+00	0.000000000000000000e+00
2.480595125103705056e-01	3.550486934546733142e+00	0.000000000000000000e+00
2.480595125103705056e-01	3.550486934546733142e+00	0.000000000000000000e+00
2.480595125103705056e-01	3.550486934546733142e+00	0.000000000000000000e+00
2.480595125103705056e-01	3.170098856803412524e+00	0.000000000000000000e+00
2.480595125103705056e-01	3.102802975267982877e+00	0.000000000000000000e+00
2.480595125103705056e-01	3.102802975267982877e+00	0.000000000000000000e+00
2.480595125103705056e-01	3.102802975267982877e+00	0.000000000000000000e+00
4.269136212367247163e-01	2.676884988173580560e+00	0.000000000000000000e+00
4.269136212367247163e-01	2.676884988173580560e+00	0.000000000000000000e+00
4.269136212367247163e-01	2.676884988173580560e+00	0.000000000000000000e+00
4.269136212367247163e-01	2.676884988173580560e+00	0.000000000000000000e+00
6.251734319285174868e-01	2.199507774400301763e+00	0.000000000000000000e+00
6.251734319285174868e-01	2.199507774400301763e+00	0.000000000000000000e+00
6.251734319285174868e-01	2.199507774400301763e+00	0.000000000000000000e+00
6.459039800006525223e-01	2.164991809895132846e+00	0.000000000000000000e+00
6.459039800006525223e-01	2.018451606261922660e+00	0.000000000000000000e+00
6.459039800006525223e-01	1.882376027269861973e+00	0.000000000000000000e+00
6.459039800006525223e-01	1.845334805678684909e+00	0.000000000000000000e+00
6.459039800006525223e-01	1.743254202534212371e+00	0.000000000000000000e+00
6.459039800006525223e-01	1.743254202534212371e+00	0.000000000000000000e+00
6.459039800006525223e-01	1.627842858238309764e+00	0.000000000000000000e+00
6.459039800006525223e-01	1.587838401819005707e+00	0.000000000000000000e+00
6.459039800006525223e-01	1.587838401819005707e+00	0.000000000000000000e+00
6.459039800006525223e-01	1.310534018097402553e+00	0.000000000000000000e+00
6.459039800006525223e-01	1.310534018097402553e+00	0.000000000000000000e+00
6.459039800006525223e-01	1.310534018097402553e+00	0.000000000000000000e+00
6.459039800006525223e-01	1.310534018097402553e+00	0.000000000000000000e+00
6.459039800006525223e-01	1.366689897976134827e+00	0.000000000000000000e+00
6.459039800006525223e-01	1.232859874247980159e+00	0.000000000000000000e+00
6.459039800006525223e-01	1.120911207093591599e+00	0.000000000000000000e+00
6.459039800006525223e-01	1.120911207093591599e+00	0.000000000000000000e+00
6.459039800006525223e-01	1.120911207093591599e+00	0.000000000000000000e+00
6.459039800006525223e-01	1.081894578703299414e+00	0.000000000000000000e+00
6.459039800006525223e-01	1.081894578703299414e+00	0.000000000000000000e+00
6.459039800006525223e-01	8.904307399423351255e-01	0.000000000000000000e+00
6.459039800006525223e-01	8.904307399423351255e-01	0.000000000000000000e+00
6.459039800006525223e-01	8.904307399423351255e-01	0.000000000000000000e+00
6.459039800006525223e-01	8.904307399423351255e-01	0.000000000000000000e+00
6.459039800006525223e-01	8.892883819330270612e-01	0.000000000000000000e+00
8.808668977451360460e-01	1.105322223622381417e+00	0.000000000000000000e+00
8.533991600106451969e-01	7.974190520535144877e-01	0.000000000000000000e+00
8.533991600106451969e-01	7.974190520535144877e-01	0.000000000000000000e+00
8.533991600106451969e-01	7.974190520535144877e-01	0.000000000000000000e+00
8.533991600106451969e-01	7.974190520535144877e-01	0.000000000000000000e+00
8.533991600106451969e-01	9.792006067123915081e-01	0.000000000000000000e+00
8.533991600106451969e-01	9.792006067123915081e-01	0.000000000000000000e+00
8.533991600106451969e-01	9.814657617227696695e-01	0.000000000000000000e+00
8.533991600106451969e-01	1.082143513955523773e+00	0.000000000000000000e+00
8.533991600106451969e-01	1.131301760035632542e+00	0.000000000000000000e+00
