2.921326395251427899e-01	4.157573886246630934e+00	0.000000000000000000e+00
2.921326395251427899e-01	4.157573886246630934e+00	0.000000000000000000e+00
2.921326395251427899e-01	4.157573886246630934e+00	0.000000000000000000e+00
2.921326395251427899e-01	4.157573886246630934e+00	0.000000000000000000e+00
2.921326395251427899e-01	4.031412118577357262e+00	0.000000000000000000e+00
2.921326395251427899e-01	4.031412118577357262e+00	0.000000000000000000e+00
2.921326395251427899e-01	4.031412118577357262e+00	0.000000000000000000e+00
2.921326395251427899e-01	4.031412118577357262e+00	0.000000000000000000e+00
4.269136212367247163e-01	3.940151949872065185e+00	0.000000000000000000e+00
4.269136212367247163e-01	3.531813357172986390e+00	0.000000000000000000e+00
4.269136212367247163e-01	3.531813357172986390e+00	0.000000000000000000e+00
4.269136212367247163e-01	3.531813357172986390e+00	0.000000000000000000e+00
4.269136212367247163e-01	3.531813357172986390e+00	0.000000000000000000e+00
6.459039800006525223e-01	2.377121181157693108e+00	0.000000000000000000e+00
6.459039800006525223e-01	2.377121181157693108e+00	0.000000000000000000e+00
6.459039800006525223e-01	2.377121181157693108e+00	0.000000000000000000e+00
6.459039800006525223e-01	2.377121181157693108e+00	0.000000000000000000e+00
6.459039800006525223e-01	2.090206126567441647e+00	0.000000000000000000e+00
6.459039800006525223e-01	2.090206126567441647e+00	0.000000000000000000e+00
6.459039800006525223e-01	1.955974467054641730e+00	0.000000000000000000e+00
6.459039800006525223e-01	1.955974467054641730e+00	0.000000000000000000e+00
6.965732161872770778e-01	2.068738595043148276e+00	0.000000000000000000e+00
6.965732161872770778e-01	2.068738595043148276e+00	0.000000000000000000e+00
6.965732161872770778e-01	2.471174901128764922e+00	0.000000000000000000e+00
6.965732161872770778e-01	2.471174901128764922e+00	0.000000000000000000e+00
6.965732161872770778e-01	2.495714562428025030e+00	0.000000000000000000e+00
6.965732161872770778e-01	2.495714562428025030e+00	0.000000000000000000e+00
6.965732161872770778e-01	2.495714562428025030e+00	0.000000000000000000e+00
6.965732161872770778e-01	2.487963461222399086e+00	0.000000000000000000e+00
6.965732161872770778e-01	2.479322949503822926e+00	0.000000000000000000e+00
8.808668977451360460e-01	2.274061896022578910e+00	0.000000000000000000e+00
8.808668977451360460e-01	2.274061896022578910e+00	0.000000000000000000e+00
8.808668977451360460e-01	2.274061896022578910e+00	0.000000000000000000e+00
8.808668977451360460e-01	2.274061896022578910e+00	0.000000000000000000e+00
8.808668977451360460e-01	2.554030438461649233e+00	0.000000000000000000e+00
8.808668977451360460e-01	2.554030438461649233e+00	0.000000000000000000e+00
8.808668977451360460e-01	2.554030438461649233e+00	0.000000000000000000e+00
8.808668977451360460e-01	2.554030438461649233e+00	0.000000000000000000e+00
8.808668977451360460e-01	2.114686277472314302e+00	0.000000000000000000e+00
8.808668977451360460e-01	2.114686277472314302e+00	0.000000000000000000e+00
8.808668977451360460e-01	2.114686277472314302e+00	0.000000000000000000e+00
8.808668977451360460e-01	2.114686277472314302e+00	0.000000000000000000e+00
4.984123436000582608e-01	2.818202417769598345e+00	0.000000000000000000e+00
4.984123436000582608e-01	2.828155693858508180e+00	0.000000000000000000e+00
4.984123436000582608e-01	2.828155693858508180e+00	0.000000000000000000e+00
4.346420817021421357e-01	2.673884418133618990e+00	0.000000000000000000e+00
4.346420817021421357e-01	2.541415483056472802e+00	0.000000000000000000e+00
4.346420817021421357e-01	2.541415483056472802e+00	0.000000000000000000e+00
4.346420817021421357e-01	2.541415483056472802e+00	0.000000000000000000e+00
4.346420817021421357e-01	2.541415483056472802e+00	0.000000000000000000e+00
