3.194797418972394887e-02	1.765321372682959300e+00	0.000000000000000000e+00
6.318382014209809883e-02	1.535716390141089072e+00	0.000000000000000000e+00
8.929524096290136770e-02	1.498736939701303950e+00	0.000000000000000000e+00
8.929524096290136770e-02	1.498736939701303950e+00	0.000000000000000000e+00
8.929524096290136770e-02	1.433271722624703148e+00	0.000000000000000000e+00
2.116550928729794556e-01	1.218384957992100670e+00	0.000000000000000000e+00
2.116550928729794556e-01	1.218384957992100670e+00	0.000000000000000000e+00
2.480595125103705056e-01	9.672193737607820418e-01	0.000000000000000000e+00
2.480595125103705056e-01	9.492287034696800241e-01	0.000000000000000000e+00
2.480595125103705056e-01	9.330032793860175699e-01	0.000000000000000000e+00
2.480595125103705056e-01	9.330032793860175699e-01	0.000000000000000000e+00
2.480595125103705056e-01	8.925606113448912859e-01	0.000000000000000000e+00
2.480595125103705056e-01	8.925606113448912859e-01	0.000000000000000000e+00
4.269136212367247163e-01	6.478492955134163012e-01	0.000000000000000000e+00
4.269136212367247163e-01	6.478492955134163012e-01	0.000000000000000000e+00
4.269136212367247163e-01	6.478492955134163012e-01	0.000000000000000000e+00
4.269136212367247163e-01	6.180685523967017758e-01	0.000000000000000000e+00
4.269136212367247163e-01	5.968024020016943210e-01	0.000000000000000000e+00
4.269136212367247163e-01	5.968024020016943210e-01	0.000000000000000000e+00
4.269136212367247163e-01	5.968024020016943210e-01	0.000000000000000000e+00
4.269136212367247163e-01	5.968024020016943210e-01	0.000000000000000000e+00
6.124196975839115709e-01	5.995318707083069354e-01	0.000000000000000000e+00
6.459039800006525223e-01	9.010090794781377976e-02	0.000000000000000000e+00
6.459039800006525223e-01	9.010090794781377976e-02	0.000000000000000000e+00
6.459039800006525223e-01	7.919032115368178359e-02	0.000000000000000000e+00
6.459039800006525223e-01	7.919032115368178359e-02	0.000000000000000000e+00
6.459039800006525223e-01	7.919032115368178359e-02	0.000000000000000000e+00
6.459039800006525223e-01	7.919032115368178359e-02	0.000000000000000000e+00
6.459039800006525223e-01	2.038081890127063089e-01	0.000000000000000000e+00
6.459039800006525223e-01	2.038081890127063089e-01	0.000000000000000000e+00
6.459039800006525223e-01	1.804998850128802790e-01	0.000000000000000000e+00
6.459039800006525223e-01	1.804998850128802790e-01	0.000000000000000000e+00
6.459039800006525223e-01	1.804998850128802790e-01	0.000000000000000000e+00
6.459039800006525223e-01	1.693865428242476712e-01	0.000000000000000000e+00
8.533991600106451969e-01	-1.922837387934010489e-01	0.000000000000000000e+00
8.533991600106451969e-01	-1.741246367615552626e-01	0.000000000000000000e+00
8.533991600106451969e-01	-1.741246367615552626e-01	0.000000000000000000e+00
8.533991600106451969e-01	-1.741246367615552626e-01	0.000000000000000000e+00
8.533991600106451969e-01	-1.342827676386902647e-01	0.000000000000000000e+00
8.533991600106451969e-01	-1.342827676386902647e-01	0.000000000000000000e+00
8.533991600106451969e-01	-1.342827676386902647e-01	0.000000000000000000e+00
8.533991600106451969e-01	-1.342827676386902647e-01	0.000000000000000000e+00
8.533991600106451969e-01	-1.649608475388582574e-01	0.000000000000000000e+00
8.533991600106451969e-01	-1.516560947316828445e-01	0.000000000000000000e+00
8.533991600106451969e-01	-1.516560947316828445e-01	0.000000000000000000e+00
8.533991600106451969e-01	-1.919677071989404904e-01	0.000000000000000000e+00
8.533991600106451969e-01	-1.924389529853559877e-01	0.000000000000000000e+00
8.533991600106451969e-01	-1.924389529853559877e-01	0.000000000000000000e+00
8.533991600106451969e-01	-2.072471068117735793e-01	0.000000000000000000e+00
8.533991600106451969e-01	-2.072471068117735793e-01	0.000000000000000000e+00
