3.194797418972394887e-02	1.844103341493475101e+00	0.000000000000000000e+00
6.318382014209809883e-02	1.542815096197037050e+00	0.000000000000000000e+00
8.929524096290136770e-02	1.523889884702563036e+00	0.000000000000000000e+00
8.929524096290136770e-02	1.523889884702563036e+00	0.000000000000000000e+00
8.929524096290136770e-02	1.523889884702563036e+00	0.000000000000000000e+00
2.116550928729794556e-01	1.251597681877619772e+00	0.000000000000000000e+00
2.116550928729794556e-01	1.222293522707825986e+00	0.000000000000000000e+00
2.480595125103705056e-01	9.943687159432407219e-01	0.000000000000000000e+00
2.480595125103705056e-01	9.766039828642429921e-01	0.000000000000000000e+00
2.480595125103705056e-01	9.487157339535176037e-01	0.000000000000000000e+00
2.480595125103705056e-01	9.487157339535176037e-01	0.000000000000000000e+00
2.480595125103705056e-01	9.475308138333202734e-01	0.000000000000000000e+00
2.480595125103705056e-01	9.475308138333202734e-01	0.000000000000000000e+00
4.269136212367247163e-01	6.366213847060584463e-01	0.000000000000000000e+00
4.269136212367247163e-01	6.350779954247938175e-01	0.000000000000000000e+00
4.269136212367247163e-01	6.350779954247938175e-01	0.000000000000000000e+00
4.269136212367247163e-01	6.350779954247938175e-01	0.000000000000000000e+00
4.269136212367247163e-01	6.316316179639701600e-01	0.000000000000000000e+00
4.269136212367247163e-01	6.316316179639701600e-01	0.000000000000000000e+00
4.269136212367247163e-01	6.316316179639701600e-01	0.000000000000000000e+00
4.269136212367247163e-01	6.316316179639701600e-01	0.000000000000000000e+00
6.124196975839115709e-01	5.995318707083069354e-01	0.000000000000000000e+00
6.459039800006525223e-01	1.929676751236744925e-01	0.000000000000000000e+00
6.459039800006525223e-01	1.929676751236744925e-01	0.000000000000000000e+00
6.459039800006525223e-01	2.095546206594180449e-01	0.000000000000000000e+00
6.459039800006525223e-01	1.923450133411575835e-01	0.000000000000000000e+00
6.459039800006525223e-01	1.923450133411575835e-01	0.000000000000000000e+00
6.459039800006525223e-01	1.923450133411575835e-01	0.000000000000000000e+00
6.459039800006525223e-01	1.923450133411575835e-01	0.000000000000000000e+00
6.459039800006525223e-01	2.024981216437463649e-01	0.000000000000000000e+00
6.459039800006525223e-01	1.804998850128802790e-01	0.000000000000000000e+00
6.459039800006525223e-01	1.804998850128802790e-01	0.000000000000000000e+00
6.459039800006525223e-01	1.804998850128802790e-01	0.000000000000000000e+00
6.459039800006525223e-01	1.804998850128802790e-01	0.000000000000000000e+00
8.533991600106451969e-01	-1.988729159667197155e-01	0.000000000000000000e+00
8.533991600106451969e-01	-1.445837859711039119e-01	0.000000000000000000e+00
8.533991600106451969e-01	-1.445837859711039119e-01	0.000000000000000000e+00
8.533991600106451969e-01	-1.445837859711039119e-01	0.000000000000000000e+00
8.533991600106451969e-01	-1.445837859711039119e-01	0.000000000000000000e+00
8.533991600106451969e-01	-1.752081148889916840e-01	0.000000000000000000e+00
8.533991600106451969e-01	-1.752081148889916840e-01	0.000000000000000000e+00
8.533991600106451969e-01	-1.406772166056416140e-01	0.000000000000000000e+00
8.533991600106451969e-01	-1.406772166056416140e-01	0.000000000000000000e+00
8.533991600106451969e-01	-1.406772166056416140e-01	0.000000000000000000e+00
8.533991600106451969e-01	-2.062302920023934283e-01	0.000000000000000000e+00
8.533991600106451969e-01	-2.062302920023934283e-01	0.000000000000000000e+00
8.533991600106451969e-01	-1.998044820031970314e-01	0.000000000000000000e+00
8.533991600106451969e-01	-1.998044820031970314e-01	0.000000000000000000e+00
8.533991600106451969e-01	-1.998044820031970314e-01	0.000000000000000000e+00
8.533991600106451969e-01	-1.998044820031970314e-01	0.000000000000000000e+00
