3.194797418972394887e-02	1.569278090236682077e+00	0.000000000000000000e+00
6.318382014209809883e-02	1.420708048621363240e+00	0.000000000000000000e+00
8.929524096290136770e-02	1.332210415007323068e+00	0.000000000000000000e+00
8.929524096290136770e-02	1.332210415007323068e+00	0.000000000000000000e+00
8.929524096290136770e-02	1.332210415007323068e+00	0.000000000000000000e+00
2.116550928729794556e-01	1.063530598968224439e+00	0.000000000000000000e+00
2.116550928729794556e-01	1.052980190629069224e+00	0.000000000000000000e+00
2.480595125103705056e-01	8.388061441166602128e-01	0.000000000000000000e+00
2.480595125103705056e-01	8.335747614363420155e-01	0.000000000000000000e+00
2.480595125103705056e-01	8.254025394489324929e-01	0.000000000000000000e+00
2.480595125103705056e-01	8.254025394489324929e-01	0.000000000000000000e+00
2.480595125103705056e-01	8.254025394489324929e-01	0.000000000000000000e+00
2.480595125103705056e-01	8.250587737338148653e-01	0.000000000000000000e+00
4.140942700462162951e-01	7.211474710224977658e-01	0.000000000000000000e+00
4.269136212367247163e-01	5.514504006490065224e-01	0.000000000000000000e+00
4.269136212367247163e-01	5.514504006490065224e-01	0.000000000000000000e+00
4.269136212367247163e-01	5.218783106330922017e-01	0.000000000000000000e+00
4.269136212367247163e-01	4.839445055099704796e-01	0.000000000000000000e+00
4.269136212367247163e-01	4.839445055099704796e-01	0.000000000000000000e+00
4.269136212367247163e-01	4.839445055099704796e-01	0.000000000000000000e+00
4.269136212367247163e-01	4.839445055099704796e-01	0.000000000000000000e+00
4.269136212367247163e-01	4.974438085987975544e-01	0.000000000000000000e+00
6.459039800006525223e-01	2.795184086873337553e-02	0.000000000000000000e+00
6.459039800006525223e-01	2.795184086873337553e-02	0.000000000000000000e+00
6.459039800006525223e-01	2.795184086873337553e-02	0.000000000000000000e+00
6.459039800006525223e-01	9.152716214496453562e-02	0.000000000000000000e+00
6.459039800006525223e-01	9.152716214496453562e-02	0.000000000000000000e+00
6.459039800006525223e-01	6.674147282624283417e-02	0.000000000000000000e+00
6.459039800006525223e-01	6.674147282624283417e-02	0.000000000000000000e+00
6.459039800006525223e-01	6.674147282624283417e-02	0.000000000000000000e+00
6.459039800006525223e-01	6.400431155430602592e-02	0.000000000000000000e+00
6.459039800006525223e-01	6.400431155430602592e-02	0.000000000000000000e+00
6.459039800006525223e-01	4.200323216212166477e-02	0.000000000000000000e+00
6.459039800006525223e-01	4.200323216212166477e-02	0.000000000000000000e+00
6.459039800006525223e-01	4.577612707201501874e-02	0.000000000000000000e+00
8.533991600106451969e-01	-1.409896753328207797e-01	0.000000000000000000e+00
8.533991600106451969e-01	-1.409896753328207797e-01	0.000000000000000000e+00
8.533991600106451969e-01	-1.409896753328207797e-01	0.000000000000000000e+00
8.533991600106451969e-01	-1.899063808499882322e-01	0.000000000000000000e+00
8.533991600106451969e-01	-1.899063808499882322e-01	0.000000000000000000e+00
8.533991600106451969e-01	-2.025612210274216896e-01	0.000000000000000000e+00
8.533991600106451969e-01	-2.025612210274216896e-01	0.000000000000000000e+00
8.533991600106451969e-01	-2.025612210274216896e-01	0.000000000000000000e+00
8.533991600106451969e-01	-2.528484120648952782e-01	0.000000000000000000e+00
8.533991600106451969e-01	-2.372100210261003650e-01	0.000000000000000000e+00
8.533991600106451969e-01	-2.372100210261003650e-01	0.000000000000000000e+00
8.533991600106451969e-01	-2.838175070260103294e-01	0.000000000000000000e+00
8.533991600106451969e-01	-2.838175070260103294e-01	0.000000000000000000e+00
8.533991600106451969e-01	-2.838175070260103294e-01	0.000000000000000000e+00
8.533991600106451969e-01	-2.838175070260103294e-01	0.000000000000000000e+00
