3.194797418972394887e-02	1.569278090236682077e+00	0.000000000000000000e+00
6.318382014209809883e-02	1.471330676141120009e+00	0.000000000000000000e+00
8.929524096290136770e-02	1.409652610129997097e+00	0.000000000000000000e+00
8.929524096290136770e-02	1.409652610129997097e+00	0.000000000000000000e+00
8.929524096290136770e-02	1.416933933184782779e+00	0.000000000000000000e+00
2.116550928729794556e-01	1.116610916992638813e+00	0.000000000000000000e+00
2.116550928729794556e-01	1.116610916992638813e+00	0.000000000000000000e+00
2.480595125103705056e-01	8.789022695858071943e-01	0.000000000000000000e+00
2.480595125103705056e-01	8.789022695858071943e-01	0.000000000000000000e+00
2.480595125103705056e-01	8.884769363365788708e-01	0.000000000000000000e+00
2.480595125103705056e-01	8.884769363365788708e-01	0.000000000000000000e+00
2.480595125103705056e-01	8.884769363365788708e-01	0.000000000000000000e+00
2.480595125103705056e-01	8.884769363365788708e-01	0.000000000000000000e+00
4.269136212367247163e-01	6.192180200428055725e-01	0.000000000000000000e+00
4.269136212367247163e-01	6.192180200428055725e-01	0.000000000000000000e+00
4.269136212367247163e-01	6.192180200428055725e-01	0.000000000000000000e+00
4.269136212367247163e-01	5.976244730197205479e-01	0.000000000000000000e+00
4.269136212367247163e-01	5.422103814487251316e-01	0.000000000000000000e+00
4.269136212367247163e-01	5.422103814487251316e-01	0.000000000000000000e+00
4.269136212367247163e-01	5.422103814487251316e-01	0.000000000000000000e+00
4.269136212367247163e-01	5.422103814487251316e-01	0.000000000000000000e+00
6.124196975839115709e-01	5.018619295968520522e-01	0.000000000000000000e+00
6.459039800006525223e-01	8.809784867747950943e-02	0.000000000000000000e+00
6.459039800006525223e-01	8.809784867747950943e-02	0.000000000000000000e+00
6.459039800006525223e-01	8.809784867747950943e-02	0.000000000000000000e+00
6.459039800006525223e-01	8.809784867747950943e-02	0.000000000000000000e+00
6.459039800006525223e-01	8.856209579081507355e-02	0.000000000000000000e+00
6.459039800006525223e-01	8.856209579081507355e-02	0.000000000000000000e+00
6.459039800006525223e-01	8.856209579081507355e-02	0.000000000000000000e+00
6.459039800006525223e-01	8.856209579081507355e-02	0.000000000000000000e+00
6.459039800006525223e-01	1.145522911937880417e-01	0.000000000000000000e+00
6.459039800006525223e-01	9.805471511543763230e-02	0.000000000000000000e+00
6.459039800006525223e-01	9.805471511543763230e-02	0.000000000000000000e+00
6.459039800006525223e-01	8.311509800735630837e-02	0.000000000000000000e+00
8.533991600106451969e-01	-2.346769571073653582e-01	0.000000000000000000e+00
8.533991600106451969e-01	-2.346769571073653582e-01	0.000000000000000000e+00
8.533991600106451969e-01	-1.697431835710635495e-01	0.000000000000000000e+00
8.533991600106451969e-01	-1.697431835710635495e-01	0.000000000000000000e+00
8.533991600106451969e-01	-1.697431835710635495e-01	0.000000000000000000e+00
8.533991600106451969e-01	-1.697431835710635495e-01	0.000000000000000000e+00
8.533991600106451969e-01	-1.542398857544625967e-01	0.000000000000000000e+00
8.533991600106451969e-01	-1.650311261437259203e-01	0.000000000000000000e+00
8.533991600106451969e-01	-1.650311261437259203e-01	0.000000000000000000e+00
8.533991600106451969e-01	-1.650311261437259203e-01	0.000000000000000000e+00
8.533991600106451969e-01	-2.743271960602577386e-01	0.000000000000000000e+00
8.533991600106451969e-01	-2.743271960602577386e-01	0.000000000000000000e+00
8.533991600106451969e-01	-2.743271960602577386e-01	0.000000000000000000e+00
8.533991600106451969e-01	-2.743271960602577386e-01	0.000000000000000000e+00
8.533991600106451969e-01	-2.487038229560268043e-01	0.000000000000000000e+00
8.533991600106451969e-01	-2.487038229560268043e-01	0.000000000000000000e+00
