3.194797418972394887e-02	1.390507630546153228e+00	0.000000000000000000e+00
6.318382014209809883e-02	1.284983913947306933e+00	0.000000000000000000e+00
8.929524096290136770e-02	1.154387374083615247e+00	0.000000000000000000e+00
8.929524096290136770e-02	1.154387374083615247e+00	0.000000000000000000e+00
8.929524096290136770e-02	1.154387374083615247e+00	0.000000000000000000e+00
8.929524096290136770e-02	1.123221063507305661e+00	0.000000000000000000e+00
2.116550928729794556e-01	8.796674107923769803e-01	0.000000000000000000e+00
2.116550928729794556e-01	8.796674107923769803e-01	0.000000000000000000e+00
2.480595125103705056e-01	6.506649444358539869e-01	0.000000000000000000e+00
2.480595125103705056e-01	6.448160253192053437e-01	0.000000000000000000e+00
2.480595125103705056e-01	6.448160253192053437e-01	0.000000000000000000e+00
2.480595125103705056e-01	6.448160253192053437e-01	0.000000000000000000e+00
2.480595125103705056e-01	6.448160253192053437e-01	0.000000000000000000e+00
2.480595125103705056e-01	6.625456791650516930e-01	0.000000000000000000e+00
4.140942700462162951e-01	5.974443684360853934e-01	0.000000000000000000e+00
4.269136212367247163e-01	3.921996079835654014e-01	0.000000000000000000e+00
4.269136212367247163e-01	3.921996079835654014e-01	0.000000000000000000e+00
4.269136212367247163e-01	4.000415850535769535e-01	0.000000000000000000e+00
4.269136212367247163e-01	3.966784782792997510e-01	0.000000000000000000e+00
4.269136212367247163e-01	3.978524316147932782e-01	0.000000000000000000e+00
4.269136212367247163e-01	3.978524316147932782e-01	0.000000000000000000e+00
4.269136212367247163e-01	3.978524316147932782e-01	0.000000000000000000e+00
6.459039800006525223e-01	1.445797480307899237e-02	0.000000000000000000e+00
6.459039800006525223e-01	1.445797480307899237e-02	0.000000000000000000e+00
6.459039800006525223e-01	4.125281057720560363e-02	0.000000000000000000e+00
6.459039800006525223e-01	4.125281057720560363e-02	0.000000000000000000e+00
6.459039800006525223e-01	4.125281057720560363e-02	0.000000000000000000e+00
6.459039800006525223e-01	4.125281057720560363e-02	0.000000000000000000e+00
6.459039800006525223e-01	1.903985267538080978e-02	0.000000000000000000e+00
6.459039800006525223e-01	2.890533020939733619e-02	0.000000000000000000e+00
6.459039800006525223e-01	4.553187909642142199e-03	0.000000000000000000e+00
6.459039800006525223e-01	-8.402329158043181020e-03	0.000000000000000000e+00
6.459039800006525223e-01	-1.735519211589680103e-02	0.000000000000000000e+00
6.459039800006525223e-01	-1.735519211589680103e-02	0.000000000000000000e+00
6.459039800006525223e-01	-8.402329158043181020e-03	0.000000000000000000e+00
8.533991600106451969e-01	-3.131305279986985046e-01	0.000000000000000000e+00
8.533991600106451969e-01	-3.131305279986985046e-01	0.000000000000000000e+00
8.533991600106451969e-01	-3.131305279986985046e-01	0.000000000000000000e+00
8.533991600106451969e-01	-2.184205963181637955e-01	0.000000000000000000e+00
8.533991600106451969e-01	-2.184205963181637955e-01	0.000000000000000000e+00
8.533991600106451969e-01	-2.184205963181637955e-01	0.000000000000000000e+00
8.533991600106451969e-01	-2.184205963181637955e-01	0.000000000000000000e+00
8.533991600106451969e-01	-2.083828034155718600e-01	0.000000000000000000e+00
8.533991600106451969e-01	-3.065645320713131783e-01	0.000000000000000000e+00
8.533991600106451969e-01	-3.065645320713131783e-01	0.000000000000000000e+00
8.533991600106451969e-01	-3.088278010579064703e-01	0.000000000000000000e+00
8.533991600106451969e-01	-3.088278010579064703e-01	0.000000000000000000e+00
8.533991600106451969e-01	-3.088278010579064703e-01	0.000000000000000000e+00
8.533991600106451969e-01	-3.375456811059161510e-01	0.000000000000000000e+00
8.533991600106451969e-01	-3.217610627633987752e-01	0.000000000000000000e+00
