2.480595125103705056e-01	3.828969973176539643e+00	0.000000000000000000e+00
2.480595125103705056e-01	3.828969973176539643e+00	0.000000000000000000e+00
2.480595125103705056e-01	3.828969973176539643e+00	0.000000000000000000e+00
2.480595125103705056e-01	3.828969973176539643e+00	0.000000000000000000e+00
2.480595125103705056e-01	3.491690251476861739e+00	0.000000000000000000e+00
2.480595125103705056e-01	3.491690251476861739e+00	0.000000000000000000e+00
2.921326395251427899e-01	3.482936647196878788e+00	0.000000000000000000e+00
2.921326395251427899e-01	3.482936647196878788e+00	0.000000000000000000e+00
2.921326395251427899e-01	3.482936647196878788e+00	0.000000000000000000e+00
4.269136212367247163e-01	3.041336620329200713e+00	0.000000000000000000e+00
4.269136212367247163e-01	3.041336620329200713e+00	0.000000000000000000e+00
4.269136212367247163e-01	2.965558897016688178e+00	0.000000000000000000e+00
4.269136212367247163e-01	2.965558897016688178e+00	0.000000000000000000e+00
4.269136212367247163e-01	2.942315482721504782e+00	0.000000000000000000e+00
4.269136212367247163e-01	2.942315482721504782e+00	0.000000000000000000e+00
6.459039800006525223e-01	2.555503393851116467e+00	0.000000000000000000e+00
6.459039800006525223e-01	2.555503393851116467e+00	0.000000000000000000e+00
6.459039800006525223e-01	2.438836508681613058e+00	0.000000000000000000e+00
6.459039800006525223e-01	2.438836508681613058e+00	0.000000000000000000e+00
6.459039800006525223e-01	2.438836508681613058e+00	0.000000000000000000e+00
6.459039800006525223e-01	2.409307543014426845e+00	0.000000000000000000e+00
6.459039800006525223e-01	2.061659897095348359e+00	0.000000000000000000e+00
6.459039800006525223e-01	1.981305162506130868e+00	0.000000000000000000e+00
6.459039800006525223e-01	1.981305162506130868e+00	0.000000000000000000e+00
6.459039800006525223e-01	1.537222361827325079e+00	0.000000000000000000e+00
6.459039800006525223e-01	1.537222361827325079e+00	0.000000000000000000e+00
6.459039800006525223e-01	1.537222361827325079e+00	0.000000000000000000e+00
6.459039800006525223e-01	1.537222361827325079e+00	0.000000000000000000e+00
8.808668977451360460e-01	1.642280301724008185e+00	0.000000000000000000e+00
8.808668977451360460e-01	1.571209719354666579e+00	0.000000000000000000e+00
8.808668977451360460e-01	1.571209719354666579e+00	0.000000000000000000e+00
8.808668977451360460e-01	1.571209719354666579e+00	0.000000000000000000e+00
8.808668977451360460e-01	1.571209719354666579e+00	0.000000000000000000e+00
8.808668977451360460e-01	1.619231080121774413e+00	0.000000000000000000e+00
8.808668977451360460e-01	1.619231080121774413e+00	0.000000000000000000e+00
8.808668977451360460e-01	1.579699891296744374e+00	0.000000000000000000e+00
8.808668977451360460e-01	1.579699891296744374e+00	0.000000000000000000e+00
8.808668977451360460e-01	1.579699891296744374e+00	0.000000000000000000e+00
8.808668977451360460e-01	1.579699891296744374e+00	0.000000000000000000e+00
8.808668977451360460e-01	1.673793824535289687e+00	0.000000000000000000e+00
8.808668977451360460e-01	1.673793824535289687e+00	0.000000000000000000e+00
8.808668977451360460e-01	1.581286181467182805e+00	0.000000000000000000e+00
8.808668977451360460e-01	1.581286181467182805e+00	0.000000000000000000e+00
8.808668977451360460e-01	1.581286181467182805e+00	0.000000000000000000e+00
8.808668977451360460e-01	1.581286181467182805e+00	0.000000000000000000e+00
8.808668977451360460e-01	1.567962746631875293e+00	0.000000000000000000e+00
8.808668977451360460e-01	1.567962746631875293e+00	0.000000000000000000e+00
8.808668977451360460e-01	1.567962746631875293e+00	0.000000000000000000e+00
8.808668977451360460e-01	1.567962746631875293e+00	0.000000000000000000e+00
8.808668977451360460e-01	1.594823191563636611e+00	0.000000000000000000e+00
