0.000000000000000000e+00	1.345484845647923811e+00	0.000000000000000000e+00
3.194797418972394887e-02	1.129186523629571948e+00	0.000000000000000000e+00
3.874257528280489193e-02	1.061363749612433072e+00	0.000000000000000000e+00
8.929524096290136770e-02	9.623096852979405869e-01	0.000000000000000000e+00
8.929524096290136770e-02	9.623096852979405869e-01	0.000000000000000000e+00
8.929524096290136770e-02	9.620357436881905588e-01	0.000000000000000000e+00
8.929524096290136770e-02	9.620357436881905588e-01	0.000000000000000000e+00
2.112022838580678297e-01	7.328303291268724040e-01	0.000000000000000000e+00
2.112022838580678297e-01	7.328303291268724040e-01	0.000000000000000000e+00
2.480595125103705056e-01	5.374769620612478427e-01	0.000000000000000000e+00
2.480595125103705056e-01	5.374769620612478427e-01	0.000000000000000000e+00
2.480595125103705056e-01	5.374769620612478427e-01	0.000000000000000000e+00
2.480595125103705056e-01	5.374769620612478427e-01	0.000000000000000000e+00
2.480595125103705056e-01	5.515106039009445293e-01	0.000000000000000000e+00
4.269136212367247163e-01	3.311661726660197202e-01	0.000000000000000000e+00
4.269136212367247163e-01	3.311661726660197202e-01	0.000000000000000000e+00
4.269136212367247163e-01	3.311661726660197202e-01	0.000000000000000000e+00
4.389193891343834419e-01	1.247116833981340156e-01	0.000000000000000000e+00
4.389193891343834419e-01	1.247116833981340156e-01	0.000000000000000000e+00
4.389193891343834419e-01	1.247116833981340156e-01	0.000000000000000000e+00
4.389193891343834419e-01	1.247116833981340156e-01	0.000000000000000000e+00
4.389193891343834419e-01	1.247116833981340156e-01	0.000000000000000000e+00
4.389193891343834419e-01	1.247116833981340156e-01	0.000000000000000000e+00
4.389193891343834419e-01	1.617872282703386178e-01	0.000000000000000000e+00
6.291008882628695842e-01	-4.860298373112285214e-02	0.000000000000000000e+00
6.291008882628695842e-01	-5.782800536318459528e-02	0.000000000000000000e+00
6.291008882628695842e-01	-5.782800536318459528e-02	0.000000000000000000e+00
6.291008882628695842e-01	-2.910886760403738616e-02	0.000000000000000000e+00
6.291008882628695842e-01	-5.782800536318459528e-02	0.000000000000000000e+00
6.459039800006525223e-01	-1.905476340159781012e-01	0.000000000000000000e+00
6.459039800006525223e-01	-2.287171016942027568e-01	0.000000000000000000e+00
6.459039800006525223e-01	-2.190966586863179466e-01	0.000000000000000000e+00
6.459039800006525223e-01	-2.190966586863179466e-01	0.000000000000000000e+00
6.459039800006525223e-01	-2.190966586863179466e-01	0.000000000000000000e+00
6.459039800006525223e-01	-2.190966586863179466e-01	0.000000000000000000e+00
8.533991600106451969e-01	-4.474729113200409669e-01	0.000000000000000000e+00
8.533991600106451969e-01	-4.451505558535892026e-01	0.000000000000000000e+00
8.533991600106451969e-01	-4.451505558535892026e-01	0.000000000000000000e+00
8.533991600106451969e-01	-4.451505558535892026e-01	0.000000000000000000e+00
8.533991600106451969e-01	-4.451505558535892026e-01	0.000000000000000000e+00
8.533991600106451969e-01	-4.485552834304447067e-01	0.000000000000000000e+00
8.533991600106451969e-01	-4.485552834304447067e-01	0.000000000000000000e+00
8.533991600106451969e-01	-4.485552834304447067e-01	0.000000000000000000e+00
8.533991600106451969e-01	-4.485552834304447067e-01	0.000000000000000000e+00
8.533991600106451969e-01	-4.595257472136879962e-01	0.000000000000000000e+00
8.533991600106451969e-01	-4.890544874249731500e-01	0.000000000000000000e+00
8.533991600106451969e-01	-4.890544874249731500e-01	0.000000000000000000e+00
8.533991600106451969e-01	-5.065482351502162972e-01	0.000000000000000000e+00
8.533991600106451969e-01	-5.065482351502162972e-01	0.000000000000000000e+00
8.533991600106451969e-01	-5.065482351502162972e-01	0.000000000000000000e+00
