0.000000000000000000e+00	1.292981744402550648e+00	0.000000000000000000e+00
3.194797418972394887e-02	9.943023230144606428e-01	0.000000000000000000e+00
3.194797418972394887e-02	9.943023230144606428e-01	0.000000000000000000e+00
8.929524096290136770e-02	8.596832396007522137e-01	0.000000000000000000e+00
8.929524096290136770e-02	8.596832396007522137e-01	0.000000000000000000e+00
8.929524096290136770e-02	8.427421120037633662e-01	0.000000000000000000e+00
8.929524096290136770e-02	8.427421120037633662e-01	0.000000000000000000e+00
2.112022838580678297e-01	6.296031389034127956e-01	0.000000000000000000e+00
2.112022838580678297e-01	5.888422860761608479e-01	0.000000000000000000e+00
2.480595125103705056e-01	3.744805988543361552e-01	0.000000000000000000e+00
2.480595125103705056e-01	3.744805988543361552e-01	0.000000000000000000e+00
2.480595125103705056e-01	3.738615786674107655e-01	0.000000000000000000e+00
2.480595125103705056e-01	3.738615786674107655e-01	0.000000000000000000e+00
2.480595125103705056e-01	3.738615786674107655e-01	0.000000000000000000e+00
2.480595125103705056e-01	3.738615786674107655e-01	0.000000000000000000e+00
4.269136212367247163e-01	1.749068454055446031e-01	0.000000000000000000e+00
4.269136212367247163e-01	1.749068454055446031e-01	0.000000000000000000e+00
4.269136212367247163e-01	1.749068454055446031e-01	0.000000000000000000e+00
4.389193891343834419e-01	1.845662305722487601e-02	0.000000000000000000e+00
4.389193891343834419e-01	1.845662305722487601e-02	0.000000000000000000e+00
4.389193891343834419e-01	1.845662305722487601e-02	0.000000000000000000e+00
4.389193891343834419e-01	4.613286571502849681e-03	0.000000000000000000e+00
4.389193891343834419e-01	4.613286571502849681e-03	0.000000000000000000e+00
4.389193891343834419e-01	4.613286571502849681e-03	0.000000000000000000e+00
4.389193891343834419e-01	4.613286571502849681e-03	0.000000000000000000e+00
6.291008882628695842e-01	-1.772444352855192806e-01	0.000000000000000000e+00
6.291008882628695842e-01	-1.772444352855192806e-01	0.000000000000000000e+00
6.291008882628695842e-01	-1.772444352855192806e-01	0.000000000000000000e+00
6.291008882628695842e-01	-1.772444352855192806e-01	0.000000000000000000e+00
6.291008882628695842e-01	-1.831256736244565864e-01	0.000000000000000000e+00
6.459039800006525223e-01	-3.004917870487623932e-01	0.000000000000000000e+00
6.459039800006525223e-01	-3.004917870487623932e-01	0.000000000000000000e+00
6.459039800006525223e-01	-3.004917870487623932e-01	0.000000000000000000e+00
6.459039800006525223e-01	-3.004917870487623932e-01	0.000000000000000000e+00
6.459039800006525223e-01	-2.785892812200516655e-01	0.000000000000000000e+00
8.505984879045014324e-01	-6.255545145348359037e-01	0.000000000000000000e+00
8.505984879045014324e-01	-6.527908588891672137e-01	0.000000000000000000e+00
8.505984879045014324e-01	-6.527908588891672137e-01	0.000000000000000000e+00
8.505984879045014324e-01	-6.527908588891672137e-01	0.000000000000000000e+00
8.505984879045014324e-01	-6.527908588891672137e-01	0.000000000000000000e+00
8.505984879045014324e-01	-5.472450919782362311e-01	0.000000000000000000e+00
8.505984879045014324e-01	-5.288812004418141921e-01	0.000000000000000000e+00
8.505984879045014324e-01	-5.288812004418141921e-01	0.000000000000000000e+00
8.505984879045014324e-01	-5.288812004418141921e-01	0.000000000000000000e+00
8.505984879045014324e-01	-5.288812004418141921e-01	0.000000000000000000e+00
8.505984879045014324e-01	-5.134147499063078657e-01	0.000000000000000000e+00
8.533991600106451969e-01	-5.325881715934031035e-01	0.000000000000000000e+00
8.533991600106451969e-01	-5.669946560720409146e-01	0.000000000000000000e+00
8.533991600106451969e-01	-5.669946560720409146e-01	0.000000000000000000e+00
8.533991600106451969e-01	-5.710009569400037455e-01	0.000000000000000000e+00
