0.000000000000000000e+00	1.148787139731346496e+00	0.000000000000000000e+00
3.194797418972394887e-02	8.730049880632413384e-01	0.000000000000000000e+00
6.190477557737870257e-02	7.568210077507919742e-01	0.000000000000000000e+00
8.964013216686492203e-02	7.394730889362748361e-01	0.000000000000000000e+00
8.964013216686492203e-02	7.394730889362748361e-01	0.000000000000000000e+00
8.964013216686492203e-02	7.394730889362748361e-01	0.000000000000000000e+00
8.964013216686492203e-02	7.540219234842794327e-01	0.000000000000000000e+00
2.112022838580678297e-01	5.518489453465850181e-01	0.000000000000000000e+00
2.329044362429703030e-01	3.770088729605381994e-01	0.000000000000000000e+00
2.329044362429703030e-01	3.803811491374196052e-01	0.000000000000000000e+00
2.480595125103705056e-01	3.215589543252295734e-01	0.000000000000000000e+00
2.480595125103705056e-01	3.215589543252295734e-01	0.000000000000000000e+00
2.480595125103705056e-01	3.215589543252295734e-01	0.000000000000000000e+00
2.480595125103705056e-01	3.276351935431839335e-01	0.000000000000000000e+00
2.480595125103705056e-01	3.253181730604867150e-01	0.000000000000000000e+00
4.269136212367247163e-01	1.188854085050715381e-01	0.000000000000000000e+00
4.269136212367247163e-01	1.188854085050715381e-01	0.000000000000000000e+00
4.269136212367247163e-01	1.188854085050715381e-01	0.000000000000000000e+00
4.269136212367247163e-01	7.079211500540291691e-02	0.000000000000000000e+00
4.389193891343834419e-01	-3.174807352653311737e-02	0.000000000000000000e+00
4.389193891343834419e-01	-3.174807352653311737e-02	0.000000000000000000e+00
4.389193891343834419e-01	-4.098368604073379662e-02	0.000000000000000000e+00
4.389193891343834419e-01	-4.098368604073379662e-02	0.000000000000000000e+00
4.389193891343834419e-01	-4.098368604073379662e-02	0.000000000000000000e+00
4.389193891343834419e-01	-4.098368604073379662e-02	0.000000000000000000e+00
6.291008882628695842e-01	-2.045464036771516003e-01	0.000000000000000000e+00
6.291008882628695842e-01	-2.045464036771516003e-01	0.000000000000000000e+00
6.291008882628695842e-01	-2.045464036771516003e-01	0.000000000000000000e+00
6.291008882628695842e-01	-2.045464036771516003e-01	0.000000000000000000e+00
6.291008882628695842e-01	-2.342934154364594013e-01	0.000000000000000000e+00
6.459039800006525223e-01	-3.431484249888440696e-01	0.000000000000000000e+00
6.459039800006525223e-01	-3.431484249888440696e-01	0.000000000000000000e+00
6.459039800006525223e-01	-3.431484249888440696e-01	0.000000000000000000e+00
6.459039800006525223e-01	-3.423140520443748169e-01	0.000000000000000000e+00
6.459039800006525223e-01	-3.423140520443748169e-01	0.000000000000000000e+00
8.505984879045014324e-01	-6.249446892787429153e-01	0.000000000000000000e+00
8.505984879045014324e-01	-6.125979384881687917e-01	0.000000000000000000e+00
8.505984879045014324e-01	-6.125979384881687917e-01	0.000000000000000000e+00
8.486579256714926744e-01	-5.985343668915056314e-01	0.000000000000000000e+00
8.486579256714926744e-01	-5.979093826990518057e-01	0.000000000000000000e+00
8.486579256714926744e-01	-6.258197306723497499e-01	0.000000000000000000e+00
8.486579256714926744e-01	-6.258197306723497499e-01	0.000000000000000000e+00
8.486579256714926744e-01	-6.258197306723497499e-01	0.000000000000000000e+00
8.486579256714926744e-01	-6.258197306723497499e-01	0.000000000000000000e+00
8.486579256714926744e-01	-6.396469782908957846e-01	0.000000000000000000e+00
8.486579256714926744e-01	-6.389652964506847832e-01	0.000000000000000000e+00
8.486579256714926744e-01	-6.389652964506847832e-01	0.000000000000000000e+00
8.486579256714926744e-01	-6.389652964506847832e-01	0.000000000000000000e+00
8.486579256714926744e-01	-6.389652964506847832e-01	0.000000000000000000e+00
8.505984879045014324e-01	-6.384217022284103260e-01	0.000000000000000000e+00
