0.000000000000000000e+00	1.265494443473414776e+00	0.000000000000000000e+00
3.194797418972394887e-02	9.636382553460084432e-01	0.000000000000000000e+00
6.190477557737870257e-02	8.737057297795730593e-01	0.000000000000000000e+00
8.929524096290136770e-02	8.165212697869510539e-01	0.000000000000000000e+00
8.929524096290136770e-02	8.190930705715601112e-01	0.000000000000000000e+00
8.929524096290136770e-02	8.346209024877213611e-01	0.000000000000000000e+00
8.929524096290136770e-02	8.346209024877213611e-01	0.000000000000000000e+00
2.112022838580678297e-01	6.206805246165957302e-01	0.000000000000000000e+00
2.329044362429703030e-01	4.786465438048389531e-01	0.000000000000000000e+00
2.329044362429703030e-01	4.120505313021729510e-01	0.000000000000000000e+00
2.480595125103705056e-01	3.520144463901662690e-01	0.000000000000000000e+00
2.480595125103705056e-01	3.520144463901662690e-01	0.000000000000000000e+00
2.480595125103705056e-01	3.520144463901662690e-01	0.000000000000000000e+00
2.480595125103705056e-01	3.520144463901662690e-01	0.000000000000000000e+00
2.480595125103705056e-01	3.520144463901662690e-01	0.000000000000000000e+00
4.269136212367247163e-01	8.648884759295205615e-02	0.000000000000000000e+00
4.269136212367247163e-01	8.648884759295205615e-02	0.000000000000000000e+00
4.269136212367247163e-01	8.648884759295205615e-02	0.000000000000000000e+00
4.269136212367247163e-01	9.699624918600023571e-02	0.000000000000000000e+00
4.389193891343834419e-01	1.229084708921398227e-03	0.000000000000000000e+00
4.389193891343834419e-01	1.229084708921398227e-03	0.000000000000000000e+00
4.389193891343834419e-01	1.229084708921398227e-03	0.000000000000000000e+00
4.389193891343834419e-01	1.229084708921398227e-03	0.000000000000000000e+00
4.389193891343834419e-01	4.613286571502849681e-03	0.000000000000000000e+00
6.291008882628695842e-01	-2.062422565733610658e-01	0.000000000000000000e+00
6.291008882628695842e-01	-2.062422565733610658e-01	0.000000000000000000e+00
6.291008882628695842e-01	-1.807337406490719112e-01	0.000000000000000000e+00
6.291008882628695842e-01	-1.807337406490719112e-01	0.000000000000000000e+00
6.291008882628695842e-01	-1.995589489117577664e-01	0.000000000000000000e+00
6.459039800006525223e-01	-3.307938794292292206e-01	0.000000000000000000e+00
6.459039800006525223e-01	-3.307938794292292206e-01	0.000000000000000000e+00
6.459039800006525223e-01	-3.307938794292292206e-01	0.000000000000000000e+00
6.459039800006525223e-01	-3.307938794292292206e-01	0.000000000000000000e+00
6.459039800006525223e-01	-3.277386559284202194e-01	0.000000000000000000e+00
6.459039800006525223e-01	-3.254567398311281057e-01	0.000000000000000000e+00
8.505984879045014324e-01	-5.544372184524111180e-01	0.000000000000000000e+00
8.505984879045014324e-01	-5.544372184524111180e-01	0.000000000000000000e+00
8.505984879045014324e-01	-5.544372184524111180e-01	0.000000000000000000e+00
8.505984879045014324e-01	-5.839977148337620605e-01	0.000000000000000000e+00
8.505984879045014324e-01	-5.839977148337620605e-01	0.000000000000000000e+00
8.505984879045014324e-01	-5.839977148337620605e-01	0.000000000000000000e+00
8.505984879045014324e-01	-5.839977148337620605e-01	0.000000000000000000e+00
8.505984879045014324e-01	-6.114246633920313867e-01	0.000000000000000000e+00
8.505984879045014324e-01	-6.114246633920313867e-01	0.000000000000000000e+00
8.505984879045014324e-01	-6.319233780944976120e-01	0.000000000000000000e+00
8.505984879045014324e-01	-6.319233780944976120e-01	0.000000000000000000e+00
8.505984879045014324e-01	-6.319233780944976120e-01	0.000000000000000000e+00
8.533991600106451969e-01	-6.022343017333356974e-01	0.000000000000000000e+00
8.533991600106451969e-01	-6.022343017333356974e-01	0.000000000000000000e+00
8.533991600106451969e-01	-6.022343017333356974e-01	0.000000000000000000e+00
