0.000000000000000000e+00	1.265494443473414776e+00	0.000000000000000000e+00
3.194797418972394887e-02	9.800767623703279252e-01	0.000000000000000000e+00
3.194797418972394887e-02	9.800767623703279252e-01	0.000000000000000000e+00
8.929524096290136770e-02	8.433693618432384076e-01	0.000000000000000000e+00
8.929524096290136770e-02	8.346209024877213611e-01	0.000000000000000000e+00
8.929524096290136770e-02	8.346209024877213611e-01	0.000000000000000000e+00
8.929524096290136770e-02	8.346209024877213611e-01	0.000000000000000000e+00
2.112022838580678297e-01	6.215992161120333925e-01	0.000000000000000000e+00
2.329044362429703030e-01	4.810178657111867651e-01	0.000000000000000000e+00
2.329044362429703030e-01	4.120505313021729510e-01	0.000000000000000000e+00
2.480595125103705056e-01	3.562351106349346264e-01	0.000000000000000000e+00
2.480595125103705056e-01	3.558235960087731686e-01	0.000000000000000000e+00
2.480595125103705056e-01	3.558235960087731686e-01	0.000000000000000000e+00
2.480595125103705056e-01	3.558235960087731686e-01	0.000000000000000000e+00
2.480595125103705056e-01	3.558235960087731686e-01	0.000000000000000000e+00
4.269136212367247163e-01	1.151110942037986279e-01	0.000000000000000000e+00
4.269136212367247163e-01	1.182491699986744083e-01	0.000000000000000000e+00
4.269136212367247163e-01	1.182491699986744083e-01	0.000000000000000000e+00
4.389193891343834419e-01	2.330606818634574709e-02	0.000000000000000000e+00
4.389193891343834419e-01	2.330606818634574709e-02	0.000000000000000000e+00
4.389193891343834419e-01	1.229084708921398227e-03	0.000000000000000000e+00
4.389193891343834419e-01	1.229084708921398227e-03	0.000000000000000000e+00
4.389193891343834419e-01	1.229084708921398227e-03	0.000000000000000000e+00
4.389193891343834419e-01	4.613286571502849681e-03	0.000000000000000000e+00
6.291008882628695842e-01	-1.482973342016511709e-01	0.000000000000000000e+00
6.291008882628695842e-01	-1.482973342016511709e-01	0.000000000000000000e+00
6.291008882628695842e-01	-1.482973342016511709e-01	0.000000000000000000e+00
6.291008882628695842e-01	-1.482973342016511709e-01	0.000000000000000000e+00
6.291008882628695842e-01	-1.995589489117577664e-01	0.000000000000000000e+00
6.459039800006525223e-01	-3.528746532510619871e-01	0.000000000000000000e+00
6.459039800006525223e-01	-3.528746532510619871e-01	0.000000000000000000e+00
6.459039800006525223e-01	-3.277386559284202194e-01	0.000000000000000000e+00
6.459039800006525223e-01	-3.277386559284202194e-01	0.000000000000000000e+00
6.459039800006525223e-01	-3.277386559284202194e-01	0.000000000000000000e+00
6.459039800006525223e-01	-3.254567398311281057e-01	0.000000000000000000e+00
8.505984879045014324e-01	-5.564306024359160219e-01	0.000000000000000000e+00
8.505984879045014324e-01	-5.564306024359160219e-01	0.000000000000000000e+00
8.505984879045014324e-01	-5.564306024359160219e-01	0.000000000000000000e+00
8.505984879045014324e-01	-5.564306024359160219e-01	0.000000000000000000e+00
8.505984879045014324e-01	-5.564306024359160219e-01	0.000000000000000000e+00
8.505984879045014324e-01	-6.190544222071947544e-01	0.000000000000000000e+00
8.505984879045014324e-01	-6.190544222071947544e-01	0.000000000000000000e+00
8.505984879045014324e-01	-5.950580083748491234e-01	0.000000000000000000e+00
8.505984879045014324e-01	-6.069729858897405794e-01	0.000000000000000000e+00
8.505984879045014324e-01	-5.672859962004734857e-01	0.000000000000000000e+00
8.533991600106451969e-01	-5.977537132843891987e-01	0.000000000000000000e+00
8.533991600106451969e-01	-5.979541902191491953e-01	0.000000000000000000e+00
8.533991600106451969e-01	-5.979541902191491953e-01	0.000000000000000000e+00
8.533991600106451969e-01	-5.979541902191491953e-01	0.000000000000000000e+00
8.533991600106451969e-01	-5.979541902191491953e-01	0.000000000000000000e+00
