0.000000000000000000e+00	1.097430123177458805e+00	0.000000000000000000e+00
3.194797418972394887e-02	8.730049880632413384e-01	0.000000000000000000e+00
6.190477557737870257e-02	7.676351168738897446e-01	0.000000000000000000e+00
8.964013216686492203e-02	7.334000393678622443e-01	0.000000000000000000e+00
8.964013216686492203e-02	7.334000393678622443e-01	0.000000000000000000e+00
8.964013216686492203e-02	7.280571354309059995e-01	0.000000000000000000e+00
8.964013216686492203e-02	7.280571354309059995e-01	0.000000000000000000e+00
2.112022838580678297e-01	5.408883560791413192e-01	0.000000000000000000e+00
2.329044362429703030e-01	4.004487731804073358e-01	0.000000000000000000e+00
2.329044362429703030e-01	3.803811491374196052e-01	0.000000000000000000e+00
2.480595125103705056e-01	3.201348714258114292e-01	0.000000000000000000e+00
2.480595125103705056e-01	3.201348714258114292e-01	0.000000000000000000e+00
2.480595125103705056e-01	3.201348714258114292e-01	0.000000000000000000e+00
2.480595125103705056e-01	3.231890867129572631e-01	0.000000000000000000e+00
2.480595125103705056e-01	3.231890867129572631e-01	0.000000000000000000e+00
4.269136212367247163e-01	8.105535924839855910e-02	0.000000000000000000e+00
4.269136212367247163e-01	8.105535924839855910e-02	0.000000000000000000e+00
4.269136212367247163e-01	8.105535924839855910e-02	0.000000000000000000e+00
4.269136212367247163e-01	6.301186076870091135e-02	0.000000000000000000e+00
4.389193891343834419e-01	-1.891722165729508090e-02	0.000000000000000000e+00
4.389193891343834419e-01	-4.022706671418677798e-02	0.000000000000000000e+00
4.389193891343834419e-01	-4.098368604073379662e-02	0.000000000000000000e+00
4.389193891343834419e-01	-4.098368604073379662e-02	0.000000000000000000e+00
4.389193891343834419e-01	-4.098368604073379662e-02	0.000000000000000000e+00
4.389193891343834419e-01	-4.098368604073379662e-02	0.000000000000000000e+00
6.291008882628695842e-01	-2.387411226397672670e-01	0.000000000000000000e+00
6.291008882628695842e-01	-2.387411226397672670e-01	0.000000000000000000e+00
6.291008882628695842e-01	-2.387411226397672670e-01	0.000000000000000000e+00
6.291008882628695842e-01	-2.387411226397672670e-01	0.000000000000000000e+00
6.291008882628695842e-01	-2.406749978831938808e-01	0.000000000000000000e+00
6.459039800006525223e-01	-3.476974138184895646e-01	0.000000000000000000e+00
6.459039800006525223e-01	-3.476974138184895646e-01	0.000000000000000000e+00
6.459039800006525223e-01	-3.476974138184895646e-01	0.000000000000000000e+00
6.459039800006525223e-01	-3.492861934763257237e-01	0.000000000000000000e+00
6.459039800006525223e-01	-3.492861934763257237e-01	0.000000000000000000e+00
8.486579256714926744e-01	-6.277280869267077845e-01	0.000000000000000000e+00
8.486579256714926744e-01	-6.277280869267077845e-01	0.000000000000000000e+00
8.486579256714926744e-01	-6.277280869267077845e-01	0.000000000000000000e+00
8.486579256714926744e-01	-6.277280869267077845e-01	0.000000000000000000e+00
8.486579256714926744e-01	-6.006586194527004929e-01	0.000000000000000000e+00
8.486579256714926744e-01	-6.006586194527004929e-01	0.000000000000000000e+00
8.486579256714926744e-01	-6.006586194527004929e-01	0.000000000000000000e+00
8.486579256714926744e-01	-6.006586194527004929e-01	0.000000000000000000e+00
8.486579256714926744e-01	-5.821390167703547336e-01	0.000000000000000000e+00
8.486579256714926744e-01	-6.419784764510062525e-01	0.000000000000000000e+00
8.486579256714926744e-01	-6.419784764510062525e-01	0.000000000000000000e+00
8.486579256714926744e-01	-6.419784764510062525e-01	0.000000000000000000e+00
8.486579256714926744e-01	-6.611354984858902606e-01	0.000000000000000000e+00
8.486579256714926744e-01	-6.611354984858902606e-01	0.000000000000000000e+00
8.486579256714926744e-01	-6.554492708745756069e-01	0.000000000000000000e+00
