0.000000000000000000e+00	1.265494443473414776e+00	0.000000000000000000e+00
3.194797418972394887e-02	9.636382553460084432e-01	0.000000000000000000e+00
6.190477557737870257e-02	8.489440323561037172e-01	0.000000000000000000e+00
8.929524096290136770e-02	8.165212697869510539e-01	0.000000000000000000e+00
8.929524096290136770e-02	8.190930705715601112e-01	0.000000000000000000e+00
8.929524096290136770e-02	8.295856658914412263e-01	0.000000000000000000e+00
8.929524096290136770e-02	8.295856658914412263e-01	0.000000000000000000e+00
2.112022838580678297e-01	6.206805246165957302e-01	0.000000000000000000e+00
2.329044362429703030e-01	4.786465438048389531e-01	0.000000000000000000e+00
2.329044362429703030e-01	4.120505313021729510e-01	0.000000000000000000e+00
2.480595125103705056e-01	3.414099599067491608e-01	0.000000000000000000e+00
2.480595125103705056e-01	3.414099599067491608e-01	0.000000000000000000e+00
2.480595125103705056e-01	3.490410958989889068e-01	0.000000000000000000e+00
2.480595125103705056e-01	3.520144463901662690e-01	0.000000000000000000e+00
2.480595125103705056e-01	3.520144463901662690e-01	0.000000000000000000e+00
4.269136212367247163e-01	1.337052134823052685e-01	0.000000000000000000e+00
4.269136212367247163e-01	1.337052134823052685e-01	0.000000000000000000e+00
4.269136212367247163e-01	1.020367452938115982e-01	0.000000000000000000e+00
4.269136212367247163e-01	9.699624918600023571e-02	0.000000000000000000e+00
4.389193891343834419e-01	-2.600070346372468019e-02	0.000000000000000000e+00
4.389193891343834419e-01	-2.600070346372468019e-02	0.000000000000000000e+00
4.389193891343834419e-01	-2.873488987571186024e-02	0.000000000000000000e+00
4.389193891343834419e-01	-2.873488987571186024e-02	0.000000000000000000e+00
4.389193891343834419e-01	4.613286571502849681e-03	0.000000000000000000e+00
6.291008882628695842e-01	-2.078311749926469998e-01	0.000000000000000000e+00
6.291008882628695842e-01	-2.078311749926469998e-01	0.000000000000000000e+00
6.291008882628695842e-01	-1.795634598860028353e-01	0.000000000000000000e+00
6.291008882628695842e-01	-1.795634598860028353e-01	0.000000000000000000e+00
6.291008882628695842e-01	-1.847637619758997485e-01	0.000000000000000000e+00
6.459039800006525223e-01	-3.172430857057781384e-01	0.000000000000000000e+00
6.459039800006525223e-01	-3.172430857057781384e-01	0.000000000000000000e+00
6.459039800006525223e-01	-3.423140520443748169e-01	0.000000000000000000e+00
6.459039800006525223e-01	-3.423140520443748169e-01	0.000000000000000000e+00
6.459039800006525223e-01	-3.423140520443748169e-01	0.000000000000000000e+00
6.459039800006525223e-01	-3.423140520443748169e-01	0.000000000000000000e+00
8.505984879045014324e-01	-6.158628302621558248e-01	0.000000000000000000e+00
8.505984879045014324e-01	-6.158628302621558248e-01	0.000000000000000000e+00
8.505984879045014324e-01	-6.158628302621558248e-01	0.000000000000000000e+00
8.505984879045014324e-01	-6.158628302621558248e-01	0.000000000000000000e+00
8.505984879045014324e-01	-6.218558860802615440e-01	0.000000000000000000e+00
8.505984879045014324e-01	-5.974148363260486372e-01	0.000000000000000000e+00
8.505984879045014324e-01	-5.974148363260486372e-01	0.000000000000000000e+00
8.505984879045014324e-01	-5.974148363260486372e-01	0.000000000000000000e+00
8.505984879045014324e-01	-5.974148363260486372e-01	0.000000000000000000e+00
8.505984879045014324e-01	-6.015395944076393775e-01	0.000000000000000000e+00
8.505984879045014324e-01	-6.183574696366322954e-01	0.000000000000000000e+00
8.505984879045014324e-01	-6.183574696366322954e-01	0.000000000000000000e+00
8.505984879045014324e-01	-6.183574696366322954e-01	0.000000000000000000e+00
8.505984879045014324e-01	-6.251535740421299003e-01	0.000000000000000000e+00
8.505984879045014324e-01	-6.251535740421299003e-01	0.000000000000000000e+00
