0.000000000000000000e+00	4.733622530781516957e+00	0.000000000000000000e+00
1.753435027557331827e-02	4.045078040259888930e+00	0.000000000000000000e+00
5.470433123668973219e-02	3.878759490697364143e+00	0.000000000000000000e+00
8.977303178783636872e-02	3.788824165849799197e+00	0.000000000000000000e+00
1.021058149509231350e-01	3.090976902227886569e+00	0.000000000000000000e+00
1.117648492304492702e-01	3.047368059018562558e+00	0.000000000000000000e+00
1.117648492304492702e-01	3.047368059018562558e+00	0.000000000000000000e+00
1.117648492304492702e-01	3.047368059018562558e+00	0.000000000000000000e+00
1.594522918749673446e-01	3.081686718549289328e+00	0.000000000000000000e+00
2.167987687990115819e-01	2.770609395759019655e+00	0.000000000000000000e+00
2.167987687990115819e-01	2.770609395759019655e+00	0.000000000000000000e+00
2.167987687990115819e-01	2.770609395759019655e+00	0.000000000000000000e+00
2.704388883778929276e-01	2.723411733428767523e+00	0.000000000000000000e+00
2.704388883778929276e-01	2.723411733428767523e+00	0.000000000000000000e+00
2.704388883778929276e-01	2.723411733428767523e+00	0.000000000000000000e+00
2.704388883778929276e-01	2.723411733428767523e+00	0.000000000000000000e+00
2.704388883778929276e-01	2.723411733428767523e+00	0.000000000000000000e+00
2.704388883778929276e-01	2.740673300575252824e+00	0.000000000000000000e+00
4.307388424875110422e-01	2.365385370587804736e+00	0.000000000000000000e+00
4.307388424875110422e-01	2.365385370587804736e+00	0.000000000000000000e+00
4.307388424875110422e-01	2.264440007925036635e+00	0.000000000000000000e+00
4.307388424875110422e-01	2.264440007925036635e+00	0.000000000000000000e+00
4.352108841475440526e-01	1.954671360206083008e+00	0.000000000000000000e+00
4.352108841475440526e-01	1.954671360206083008e+00	0.000000000000000000e+00
4.352108841475440526e-01	1.954671360206083008e+00	0.000000000000000000e+00
4.352108841475440526e-01	1.954671360206083008e+00	0.000000000000000000e+00
4.352108841475440526e-01	1.954671360206083008e+00	0.000000000000000000e+00
4.352108841475440526e-01	1.791373683749114321e+00	0.000000000000000000e+00
4.352108841475440526e-01	1.791373683749114321e+00	0.000000000000000000e+00
4.352108841475440526e-01	1.791373683749114321e+00	0.000000000000000000e+00
4.352108841475440526e-01	1.791373683749114321e+00	0.000000000000000000e+00
4.352108841475440526e-01	1.791373683749114321e+00	0.000000000000000000e+00
4.352108841475440526e-01	1.832976345189743617e+00	0.000000000000000000e+00
4.352108841475440526e-01	1.832976345189743617e+00	0.000000000000000000e+00
4.352108841475440526e-01	1.832976345189743617e+00	0.000000000000000000e+00
4.374280661013384974e-01	1.827536131148504328e+00	0.000000000000000000e+00
6.188769964223396203e-01	1.579404628443867864e+00	0.000000000000000000e+00
6.188769964223396203e-01	1.558609095137859502e+00	0.000000000000000000e+00
6.188769964223396203e-01	1.558609095137859502e+00	0.000000000000000000e+00
6.233113603299285099e-01	1.546569746920001265e+00	0.000000000000000000e+00
6.233113603299285099e-01	1.546569746920001265e+00	0.000000000000000000e+00
6.233113603299285099e-01	1.546569746920001265e+00	0.000000000000000000e+00
6.233113603299285099e-01	1.540658552208077348e+00	0.000000000000000000e+00
6.233113603299285099e-01	1.540658552208077348e+00	0.000000000000000000e+00
6.233113603299285099e-01	1.551965732022946076e+00	0.000000000000000000e+00
6.233113603299285099e-01	1.520570723792255219e+00	0.000000000000000000e+00
6.233113603299285099e-01	1.513291578466837928e+00	0.000000000000000000e+00
6.246869925916064270e-01	1.456463788642185175e+00	0.000000000000000000e+00
6.246869925916064270e-01	1.456463788642185175e+00	0.000000000000000000e+00
6.288138893766401782e-01	1.337201243404179785e+00	0.000000000000000000e+00
6.271631306626266333e-01	1.374093491690940416e+00	0.000000000000000000e+00
6.271631306626266333e-01	1.374093491690940416e+00	0.000000000000000000e+00
6.288138893766401782e-01	1.337201243404179785e+00	0.000000000000000000e+00
6.284003396643332851e-01	1.126602489837764454e+00	0.000000000000000000e+00
6.284003396643332851e-01	1.126602489837764454e+00	0.000000000000000000e+00
6.284003396643332851e-01	1.126602489837764454e+00	0.000000000000000000e+00
6.284003396643332851e-01	1.126602489837764454e+00	0.000000000000000000e+00
6.284003396643332851e-01	1.126602489837764454e+00	0.000000000000000000e+00
6.284003396643332851e-01	1.127558742554329640e+00	0.000000000000000000e+00
6.284003396643332851e-01	1.127558742554329640e+00	0.000000000000000000e+00
6.284003396643332851e-01	1.127558742554329640e+00	0.000000000000000000e+00
6.284003396643332851e-01	8.888724992246389567e-01	0.000000000000000000e+00
6.284003396643332851e-01	8.888724992246389567e-01	0.000000000000000000e+00
6.284003396643332851e-01	8.888724992246389567e-01	0.000000000000000000e+00
6.284003396643332851e-01	8.888724992246389567e-01	0.000000000000000000e+00
6.284003396643332851e-01	8.888724992246389567e-01	0.000000000000000000e+00
6.284003396643332851e-01	9.073508822282966291e-01	0.000000000000000000e+00
6.549099395791997402e-01	1.119104838900229826e+00	0.000000000000000000e+00
8.479458796004725185e-01	1.031748741712658068e+00	0.000000000000000000e+00
8.479458796004725185e-01	1.031748741712658068e+00	0.000000000000000000e+00
8.479458796004725185e-01	1.031748741712658068e+00	0.000000000000000000e+00
8.479458796004725185e-01	1.031748741712658068e+00	0.000000000000000000e+00
8.479458796004725185e-01	1.031748741712658068e+00	0.000000000000000000e+00
8.479458796004725185e-01	1.026126616920529644e+00	0.000000000000000000e+00
8.479458796004725185e-01	1.026126616920529644e+00	0.000000000000000000e+00
8.479458796004725185e-01	1.026126616920529644e+00	0.000000000000000000e+00
8.479458796004725185e-01	1.036304180614718851e+00	0.000000000000000000e+00
8.483138104548915148e-01	8.517394342037438726e-01	0.000000000000000000e+00
8.483138104548915148e-01	8.517394342037438726e-01	0.000000000000000000e+00
8.483138104548915148e-01	8.517394342037438726e-01	0.000000000000000000e+00
8.483138104548915148e-01	8.517394342037438726e-01	0.000000000000000000e+00
8.483138104548915148e-01	8.517394342037438726e-01	0.000000000000000000e+00
8.486817413093106222e-01	8.579180913941613085e-01	0.000000000000000000e+00
8.486817413093106222e-01	8.579180913941613085e-01	0.000000000000000000e+00
8.508893264358249331e-01	8.284323019558096357e-01	0.000000000000000000e+00
8.508893264358249331e-01	8.284323019558096357e-01	0.000000000000000000e+00
8.508893264358249331e-01	8.284323019558096357e-01	0.000000000000000000e+00
8.508893264358249331e-01	8.121677499954662593e-01	0.000000000000000000e+00
8.508893264358249331e-01	8.121677499954662593e-01	0.000000000000000000e+00
8.529926342728402222e-01	7.258609242270331885e-01	0.000000000000000000e+00
8.529926342728402222e-01	7.258609242270331885e-01	0.000000000000000000e+00
8.529926342728402222e-01	7.258609242270331885e-01	0.000000000000000000e+00
8.529926342728402222e-01	7.587246458124634607e-01	0.000000000000000000e+00
8.529926342728402222e-01	7.587246458124634607e-01	0.000000000000000000e+00
8.529926342728402222e-01	7.587246458124634607e-01	0.000000000000000000e+00
8.529926342728402222e-01	7.587246458124634607e-01	0.000000000000000000e+00
8.529926342728402222e-01	7.587246458124634607e-01	0.000000000000000000e+00
8.550959421098556223e-01	7.799952547288308002e-01	0.000000000000000000e+00
8.550959421098556223e-01	7.799952547288308002e-01	0.000000000000000000e+00
8.551310811285727231e-01	9.417457259506897271e-01	0.000000000000000000e+00
