0.000000000000000000e+00	2.974927387108681209e+00	0.000000000000000000e+00
1.895446296730509197e-02	2.605362344910351791e+00	0.000000000000000000e+00
4.417863633898019143e-02	2.450546164633863100e+00	0.000000000000000000e+00
6.634062038556781671e-02	2.326893664947218276e+00	0.000000000000000000e+00
8.369132281323164724e-02	2.130297708825475755e+00	0.000000000000000000e+00
8.369132281323164724e-02	2.130297708825475755e+00	0.000000000000000000e+00
8.369132281323164724e-02	2.130297708825475755e+00	0.000000000000000000e+00
8.369132281323164724e-02	2.130297708825475755e+00	0.000000000000000000e+00
8.369132281323164724e-02	2.130297708825475755e+00	0.000000000000000000e+00
1.569500607534817516e-01	2.128535864185435944e+00	0.000000000000000000e+00
2.167987687990115819e-01	1.894717143467910647e+00	0.000000000000000000e+00
2.167987687990115819e-01	1.824030671534544679e+00	0.000000000000000000e+00
2.235037837463717258e-01	1.673393205013874896e+00	0.000000000000000000e+00
2.235037837463717258e-01	1.642782165104673231e+00	0.000000000000000000e+00
2.436188285884522409e-01	1.505719714595876502e+00	0.000000000000000000e+00
2.570288584831725842e-01	1.404182207709383734e+00	0.000000000000000000e+00
2.570288584831725842e-01	1.404182207709383734e+00	0.000000000000000000e+00
2.570288584831725842e-01	1.403235866254693986e+00	0.000000000000000000e+00
2.570288584831725842e-01	1.403235866254693986e+00	0.000000000000000000e+00
2.570288584831725842e-01	1.392410284406391474e+00	0.000000000000000000e+00
2.570288584831725842e-01	1.392410284406391474e+00	0.000000000000000000e+00
2.570288584831725842e-01	1.392410284406391474e+00	0.000000000000000000e+00
2.570288584831725842e-01	1.392410284406391474e+00	0.000000000000000000e+00
2.570288584831725842e-01	1.392410284406391474e+00	0.000000000000000000e+00
4.300289096518400411e-01	1.314345810957001204e+00	0.000000000000000000e+00
4.300289096518400411e-01	1.314345810957001204e+00	0.000000000000000000e+00
4.300289096518400411e-01	1.314345810957001204e+00	0.000000000000000000e+00
4.344298884309281683e-01	1.125669460562694457e+00	0.000000000000000000e+00
4.344298884309281683e-01	1.125669460562694457e+00	0.000000000000000000e+00
4.339408907888072653e-01	1.153388289677117484e+00	0.000000000000000000e+00
4.366303778204722041e-01	1.077391319632509781e+00	0.000000000000000000e+00
4.368748766415326834e-01	9.418689533511617196e-01	0.000000000000000000e+00
4.368748766415326834e-01	9.796437214212369016e-01	0.000000000000000000e+00
4.368748766415326834e-01	9.796437214212369016e-01	0.000000000000000000e+00
4.368748766415326834e-01	8.431728426785740638e-01	0.000000000000000000e+00
4.368748766415326834e-01	8.431728426785740638e-01	0.000000000000000000e+00
4.368748766415326834e-01	8.431728426785740638e-01	0.000000000000000000e+00
4.368748766415326834e-01	8.431728426785740638e-01	0.000000000000000000e+00
4.368748766415326834e-01	8.431728426785740638e-01	0.000000000000000000e+00
4.368748766415326834e-01	8.706824766605281152e-01	0.000000000000000000e+00
4.368748766415326834e-01	8.706824766605281152e-01	0.000000000000000000e+00
4.368748766415326834e-01	9.370272701522780467e-01	0.000000000000000000e+00
4.368748766415326834e-01	9.370272701522780467e-01	0.000000000000000000e+00
6.220568412751812382e-01	7.052616002731733058e-01	0.000000000000000000e+00
6.220568412751812382e-01	7.052616002731733058e-01	0.000000000000000000e+00
6.220568412751812382e-01	7.052616002731733058e-01	0.000000000000000000e+00
6.220568412751812382e-01	7.052616002731733058e-01	0.000000000000000000e+00
6.220568412751812382e-01	6.741253927323210826e-01	0.000000000000000000e+00
6.239529634722718043e-01	6.699968160879368195e-01	0.000000000000000000e+00
6.239529634722718043e-01	6.699968160879368195e-01	0.000000000000000000e+00
6.239529634722718043e-01	6.699968160879368195e-01	0.000000000000000000e+00
6.239529634722718043e-01	6.699968160879368195e-01	0.000000000000000000e+00
6.239529634722718043e-01	6.699968160879368195e-01	0.000000000000000000e+00
6.256299060676656643e-01	6.156866593061861570e-01	0.000000000000000000e+00
6.256299060676656643e-01	6.156866593061861570e-01	0.000000000000000000e+00
6.256299060676656643e-01	6.156866593061861570e-01	0.000000000000000000e+00
6.256299060676656643e-01	6.054738910084591641e-01	0.000000000000000000e+00
6.279359149322998324e-01	4.271211141929789346e-01	0.000000000000000000e+00
6.279359149322998324e-01	4.271211141929789346e-01	0.000000000000000000e+00
6.281681272983166142e-01	4.209297766465049939e-01	0.000000000000000000e+00
6.281681272983166142e-01	4.182060279986757889e-01	0.000000000000000000e+00
6.281681272983166142e-01	4.182060279986757889e-01	0.000000000000000000e+00
6.281681272983166142e-01	4.182060279986757889e-01	0.000000000000000000e+00
6.281681272983166142e-01	4.182060279986757889e-01	0.000000000000000000e+00
6.281681272983166142e-01	4.182060279986757889e-01	0.000000000000000000e+00
6.281681272983166142e-01	4.182060279986757889e-01	0.000000000000000000e+00
6.284003396643332851e-01	4.487785237476760725e-01	0.000000000000000000e+00
6.284003396643332851e-01	4.573399608024416585e-01	0.000000000000000000e+00
6.284003396643332851e-01	4.573399608024416585e-01	0.000000000000000000e+00
6.284003396643332851e-01	4.605786638294372959e-01	0.000000000000000000e+00
6.284003396643332851e-01	4.605786638294372959e-01	0.000000000000000000e+00
8.488147936417594908e-01	1.175090821033485501e-03	0.000000000000000000e+00
8.488147936417594908e-01	2.192168504701575218e-02	0.000000000000000000e+00
8.488147936417594908e-01	2.192168504701575218e-02	0.000000000000000000e+00
8.488147936417594908e-01	2.192168504701575218e-02	0.000000000000000000e+00
8.488147936417594908e-01	2.192168504701575218e-02	0.000000000000000000e+00
8.488147936417594908e-01	2.192168504701575218e-02	0.000000000000000000e+00
8.453920575150366545e-01	2.968714237486614893e-01	0.000000000000000000e+00
8.453920575150366545e-01	2.968714237486614893e-01	0.000000000000000000e+00
8.453920575150366545e-01	2.968714237486614893e-01	0.000000000000000000e+00
8.453920575150366545e-01	3.210436318522739141e-01	0.000000000000000000e+00
8.453920575150366545e-01	2.968714237486614893e-01	0.000000000000000000e+00
8.453920575150366545e-01	2.968714237486614893e-01	0.000000000000000000e+00
8.469829383430216296e-01	2.556522264284523116e-01	0.000000000000000000e+00
8.502239117059667839e-01	2.428798221424146031e-01	0.000000000000000000e+00
8.502239117059667839e-01	2.428798221424146031e-01	0.000000000000000000e+00
8.463487320230569377e-01	2.095427905398956347e-01	0.000000000000000000e+00
8.463487320230569377e-01	2.095427905398956347e-01	0.000000000000000000e+00
8.476404585840269235e-01	1.866373317840542279e-01	0.000000000000000000e+00
8.476404585840269235e-01	1.866373317840542279e-01	0.000000000000000000e+00
8.476404585840269235e-01	1.321751309599264734e-01	0.000000000000000000e+00
8.476404585840269235e-01	1.321751309599264734e-01	0.000000000000000000e+00
8.476404585840269235e-01	1.321751309599264734e-01	0.000000000000000000e+00
8.476404585840269235e-01	1.321751309599264734e-01	0.000000000000000000e+00
8.476404585840269235e-01	1.321751309599264734e-01	0.000000000000000000e+00
8.476404585840269235e-01	1.321751309599264734e-01	0.000000000000000000e+00
8.476404585840269235e-01	1.321751309599264734e-01	0.000000000000000000e+00
8.476404585840269235e-01	1.321751309599264734e-01	0.000000000000000000e+00
8.476404585840269235e-01	1.321751309599264734e-01	0.000000000000000000e+00
8.476404585840269235e-01	1.321751309599264734e-01	0.000000000000000000e+00
