0.000000000000000000e+00	2.740156275920584417e+00	0.000000000000000000e+00
1.895446296730509197e-02	2.539347255948401827e+00	0.000000000000000000e+00
4.417863633898019143e-02	2.391102056146569677e+00	0.000000000000000000e+00
6.634062038556781671e-02	2.326893664947218276e+00	0.000000000000000000e+00
8.369132281323164724e-02	2.130297708825475755e+00	0.000000000000000000e+00
9.477231483652545641e-02	2.046297053716059633e+00	0.000000000000000000e+00
9.477231483652545641e-02	2.046297053716059633e+00	0.000000000000000000e+00
8.369132281323164724e-02	2.072053828648690921e+00	0.000000000000000000e+00
8.369132281323164724e-02	2.072053828648690921e+00	0.000000000000000000e+00
8.369132281323164724e-02	2.072053828648690921e+00	0.000000000000000000e+00
2.167987687990115819e-01	1.894717143467910647e+00	0.000000000000000000e+00
2.235037837463717258e-01	1.601180742132404244e+00	0.000000000000000000e+00
2.235037837463717258e-01	1.601180742132404244e+00	0.000000000000000000e+00
2.235037837463717258e-01	1.567752826667050847e+00	0.000000000000000000e+00
2.402663211147721412e-01	1.447939350143720549e+00	0.000000000000000000e+00
2.570288584831725842e-01	1.378173176025933255e+00	0.000000000000000000e+00
2.570288584831725842e-01	1.378173176025933255e+00	0.000000000000000000e+00
2.570288584831725842e-01	1.378173176025933255e+00	0.000000000000000000e+00
2.570288584831725842e-01	1.362758197899416768e+00	0.000000000000000000e+00
2.570288584831725842e-01	1.350262059772837642e+00	0.000000000000000000e+00
2.570288584831725842e-01	1.350262059772837642e+00	0.000000000000000000e+00
2.570288584831725842e-01	1.350262059772837642e+00	0.000000000000000000e+00
2.570288584831725842e-01	1.350262059772837642e+00	0.000000000000000000e+00
2.570288584831725842e-01	1.350262059772837642e+00	0.000000000000000000e+00
4.225946211840260203e-01	1.344684997465771525e+00	0.000000000000000000e+00
4.322293990413841325e-01	1.212640382901573943e+00	0.000000000000000000e+00
4.321071496308538928e-01	1.149490709604928940e+00	0.000000000000000000e+00
4.321071496308538928e-01	1.149490709604928940e+00	0.000000000000000000e+00
4.356523825362303981e-01	1.025435624821886771e+00	0.000000000000000000e+00
4.356523825362303981e-01	1.025435624821886771e+00	0.000000000000000000e+00
4.362636295888815408e-01	9.736708908988771505e-01	0.000000000000000000e+00
4.368748766415326834e-01	9.418689533511617196e-01	0.000000000000000000e+00
4.368748766415326834e-01	8.632208094499709272e-01	0.000000000000000000e+00
4.368748766415326834e-01	8.632208094499709272e-01	0.000000000000000000e+00
4.368748766415326834e-01	8.222179186691166430e-01	0.000000000000000000e+00
4.368748766415326834e-01	8.222179186691166430e-01	0.000000000000000000e+00
4.368748766415326834e-01	8.222179186691166430e-01	0.000000000000000000e+00
4.368748766415326834e-01	8.222179186691166430e-01	0.000000000000000000e+00
4.368748766415326834e-01	7.320441591293757044e-01	0.000000000000000000e+00
4.368748766415326834e-01	7.257150318039685688e-01	0.000000000000000000e+00
4.368748766415326834e-01	7.257150318039685688e-01	0.000000000000000000e+00
4.368748766415326834e-01	7.257150318039685688e-01	0.000000000000000000e+00
4.368748766415326834e-01	7.257150318039685688e-01	0.000000000000000000e+00
4.368748766415326834e-01	7.257150318039685688e-01	0.000000000000000000e+00
6.220568412751812382e-01	7.778549557901243139e-01	0.000000000000000000e+00
6.220568412751812382e-01	7.213499244856671488e-01	0.000000000000000000e+00
6.220568412751812382e-01	7.052616002731733058e-01	0.000000000000000000e+00
6.220568412751812382e-01	6.741253927323210826e-01	0.000000000000000000e+00
6.239529634722718043e-01	6.591863344723613016e-01	0.000000000000000000e+00
6.249010245708170874e-01	6.477203206836210647e-01	0.000000000000000000e+00
6.276213817976796783e-01	5.982356170692543218e-01	0.000000000000000000e+00
6.276213817976796783e-01	5.982356170692543218e-01	0.000000000000000000e+00
6.276213817976796783e-01	5.982356170692543218e-01	0.000000000000000000e+00
6.276213817976796783e-01	5.982356170692543218e-01	0.000000000000000000e+00
6.279359149322998324e-01	4.860169226264974274e-01	0.000000000000000000e+00
6.279359149322998324e-01	4.860169226264974274e-01	0.000000000000000000e+00
6.279359149322998324e-01	4.754818356573859428e-01	0.000000000000000000e+00
6.279359149322998324e-01	4.271211141929789346e-01	0.000000000000000000e+00
6.279359149322998324e-01	4.271211141929789346e-01	0.000000000000000000e+00
6.281681272983166142e-01	3.953497925047929629e-01	0.000000000000000000e+00
6.281681272983166142e-01	3.953497925047929629e-01	0.000000000000000000e+00
6.281681272983166142e-01	3.953497925047929629e-01	0.000000000000000000e+00
6.284003396643332851e-01	3.927552891392430134e-01	0.000000000000000000e+00
6.284003396643332851e-01	3.927552891392430134e-01	0.000000000000000000e+00
6.284003396643332851e-01	3.927552891392430134e-01	0.000000000000000000e+00
6.284003396643332851e-01	3.878623279992933770e-01	0.000000000000000000e+00
6.284003396643332851e-01	3.878623279992933770e-01	0.000000000000000000e+00
6.284003396643332851e-01	3.878623279992933770e-01	0.000000000000000000e+00
6.284003396643332851e-01	3.878623279992933770e-01	0.000000000000000000e+00
8.488147936417594908e-01	2.351176965148527032e-02	0.000000000000000000e+00
8.488147936417594908e-01	2.351176965148527032e-02	0.000000000000000000e+00
8.488147936417594908e-01	2.627692360493075197e-02	0.000000000000000000e+00
8.488147936417594908e-01	3.453534929346039478e-02	0.000000000000000000e+00
8.488147936417594908e-01	3.292924559183533356e-02	0.000000000000000000e+00
8.488147936417594908e-01	3.292924559183533356e-02	0.000000000000000000e+00
8.488147936417594908e-01	3.292924559183533356e-02	0.000000000000000000e+00
8.488147936417594908e-01	3.292924559183533356e-02	0.000000000000000000e+00
8.488147936417594908e-01	3.292924559183533356e-02	0.000000000000000000e+00
8.488147936417594908e-01	3.946926669275840210e-02	0.000000000000000000e+00
8.453920575150366545e-01	2.956112992789986516e-01	0.000000000000000000e+00
8.453920575150366545e-01	2.956112992789986516e-01	0.000000000000000000e+00
8.502239117059667839e-01	2.917284288252549596e-01	0.000000000000000000e+00
8.487794620452659977e-01	2.336895544687072890e-01	0.000000000000000000e+00
8.492609452654995561e-01	2.320198292525230965e-01	0.000000000000000000e+00
8.492609452654995561e-01	2.320198292525230965e-01	0.000000000000000000e+00
8.492609452654995561e-01	2.320198292525230965e-01	0.000000000000000000e+00
8.476404585840269235e-01	1.710984427381027906e-01	0.000000000000000000e+00
8.476404585840269235e-01	1.710984427381027906e-01	0.000000000000000000e+00
8.476404585840269235e-01	1.710984427381027906e-01	0.000000000000000000e+00
8.476404585840269235e-01	1.585121277019768959e-01	0.000000000000000000e+00
8.476404585840269235e-01	1.063348635320314206e-01	0.000000000000000000e+00
8.476404585840269235e-01	1.063348635320314206e-01	0.000000000000000000e+00
8.476404585840269235e-01	1.063348635320314206e-01	0.000000000000000000e+00
8.476404585840269235e-01	1.063348635320314206e-01	0.000000000000000000e+00
8.476404585840269235e-01	1.063348635320314206e-01	0.000000000000000000e+00
8.476404585840269235e-01	1.321751309599264734e-01	0.000000000000000000e+00
8.476404585840269235e-01	1.321751309599264734e-01	0.000000000000000000e+00
8.476404585840269235e-01	1.321751309599264734e-01	0.000000000000000000e+00
8.476404585840269235e-01	1.321751309599264734e-01	0.000000000000000000e+00
8.476404585840269235e-01	1.321751309599264734e-01	0.000000000000000000e+00
