0.000000000000000000e+00	3.584263766853503341e+00	0.000000000000000000e+00
2.571526608217033355e-02	2.686512886438686021e+00	0.000000000000000000e+00
4.642077030408617994e-02	2.346349321213364369e+00	0.000000000000000000e+00
5.198598342576697673e-02	2.290337582524893278e+00	0.000000000000000000e+00
8.482181089442542010e-02	2.171224360079547555e+00	0.000000000000000000e+00
9.595223713778701369e-02	2.121776587905670919e+00	0.000000000000000000e+00
8.684610317636302923e-02	2.083515501591315378e+00	0.000000000000000000e+00
1.616238920751039143e-01	1.980024718735868161e+00	0.000000000000000000e+00
1.616238920751039143e-01	1.980024718735868161e+00	0.000000000000000000e+00
1.955360161321055001e-01	1.758878538569528249e+00	0.000000000000000000e+00
2.022446930780693042e-01	1.717654152193466954e+00	0.000000000000000000e+00
2.022446930780693042e-01	1.703860970023245880e+00	0.000000000000000000e+00
2.022446930780693042e-01	1.703860970023245880e+00	0.000000000000000000e+00
2.022446930780693042e-01	1.703860970023245880e+00	0.000000000000000000e+00
2.303400671138589040e-01	1.525249081575227539e+00	0.000000000000000000e+00
2.303400671138589040e-01	1.525249081575227539e+00	0.000000000000000000e+00
2.303400671138589040e-01	1.525249081575227539e+00	0.000000000000000000e+00
2.303400671138589040e-01	1.525249081575227539e+00	0.000000000000000000e+00
2.303400671138589040e-01	1.525249081575227539e+00	0.000000000000000000e+00
4.215373181688145121e-01	1.479469203035957969e+00	0.000000000000000000e+00
4.215373181688145121e-01	1.479469203035957969e+00	0.000000000000000000e+00
4.215373181688145121e-01	1.445084418178008256e+00	0.000000000000000000e+00
4.242048526892442384e-01	1.325381895325207893e+00	0.000000000000000000e+00
4.242048526892442384e-01	1.286612270520339996e+00	0.000000000000000000e+00
4.239199796224243366e-01	1.154865775873515021e+00	0.000000000000000000e+00
4.259530096782358499e-01	1.126440650984418701e+00	0.000000000000000000e+00
4.259530096782358499e-01	1.091568826396920100e+00	0.000000000000000000e+00
4.304463793900887292e-01	1.045932947826389459e+00	0.000000000000000000e+00
4.456746455146389785e-01	8.067020262647479623e-01	0.000000000000000000e+00
4.446372709789162547e-01	8.285550426872262397e-01	0.000000000000000000e+00
4.446372709789162547e-01	8.285550426872262397e-01	0.000000000000000000e+00
4.446372709789162547e-01	8.285550426872262397e-01	0.000000000000000000e+00
4.446372709789162547e-01	8.285550426872262397e-01	0.000000000000000000e+00
4.435257982620705031e-01	7.477453205110905499e-01	0.000000000000000000e+00
4.435257982620705031e-01	7.256066400537596328e-01	0.000000000000000000e+00
4.435257982620705031e-01	7.256066400537596328e-01	0.000000000000000000e+00
4.435257982620705031e-01	7.256066400537596328e-01	0.000000000000000000e+00
4.435257982620705031e-01	7.256066400537596328e-01	0.000000000000000000e+00
4.435257982620705031e-01	7.256066400537596328e-01	0.000000000000000000e+00
4.435257982620705031e-01	7.297256286843136763e-01	0.000000000000000000e+00
4.418585891868018756e-01	8.198991465862783823e-01	0.000000000000000000e+00
6.361426561333776153e-01	6.938646148460698715e-01	0.000000000000000000e+00
6.361426561333776153e-01	6.938646148460698715e-01	0.000000000000000000e+00
6.361426561333776153e-01	6.938646148460698715e-01	0.000000000000000000e+00
6.361426561333776153e-01	6.938646148460698715e-01	0.000000000000000000e+00
6.361426561333776153e-01	5.593482810579161191e-01	0.000000000000000000e+00
6.361426561333776153e-01	5.593482810579161191e-01	0.000000000000000000e+00
6.361426561333776153e-01	5.593482810579161191e-01	0.000000000000000000e+00
6.310045180975547563e-01	4.933977363384936532e-01	0.000000000000000000e+00
6.310045180975547563e-01	4.933977363384936532e-01	0.000000000000000000e+00
6.310045180975547563e-01	4.933977363384936532e-01	0.000000000000000000e+00
6.310045180975547563e-01	4.933977363384936532e-01	0.000000000000000000e+00
6.438741062901492951e-01	3.544403600802394361e-01	0.000000000000000000e+00
6.438741062901492951e-01	3.544403600802394361e-01	0.000000000000000000e+00
6.438741062901492951e-01	3.544403600802394361e-01	0.000000000000000000e+00
6.438741062901492951e-01	3.544403600802394361e-01	0.000000000000000000e+00
6.438741062901492951e-01	3.786442392556421122e-01	0.000000000000000000e+00
6.438741062901492951e-01	3.655340501928115438e-01	0.000000000000000000e+00
6.502831029302408306e-01	3.427034448957216317e-01	0.000000000000000000e+00
6.505778025058295277e-01	3.178252003690319460e-01	0.000000000000000000e+00
6.505778025058295277e-01	3.178252003690319460e-01	0.000000000000000000e+00
6.528371659186755771e-01	2.301742249212407054e-01	0.000000000000000000e+00
6.528371659186755771e-01	2.301742249212407054e-01	0.000000000000000000e+00
6.528371659186755771e-01	2.301742249212407054e-01	0.000000000000000000e+00
6.528371659186755771e-01	2.301742249212407054e-01	0.000000000000000000e+00
6.528371659186755771e-01	2.301742249212407054e-01	0.000000000000000000e+00
6.528371659186755771e-01	2.301742249212407054e-01	0.000000000000000000e+00
6.528371659186755771e-01	2.414618128630470206e-01	0.000000000000000000e+00
6.528371659186755771e-01	2.407880923882084190e-01	0.000000000000000000e+00
6.528371659186755771e-01	2.407880923882084190e-01	0.000000000000000000e+00
6.528371659186755771e-01	2.407880923882084190e-01	0.000000000000000000e+00
8.327923340086189619e-01	-3.107177991546615503e-02	0.000000000000000000e+00
8.327923340086189619e-01	-3.107177991546615503e-02	0.000000000000000000e+00
8.327923340086189619e-01	-3.107177991546615503e-02	0.000000000000000000e+00
8.326905884004052183e-01	1.282816922472735932e-01	0.000000000000000000e+00
8.326905884004052183e-01	1.287546409210502674e-01	0.000000000000000000e+00
8.323978124820524682e-01	1.316239054448791190e-01	0.000000000000000000e+00
8.323978124820524682e-01	1.316239054448791190e-01	0.000000000000000000e+00
8.326905884004052183e-01	1.179201695490484925e-01	0.000000000000000000e+00
8.332761402371107184e-01	8.646590818051097527e-02	0.000000000000000000e+00
8.332761402371107184e-01	8.646590818051097527e-02	0.000000000000000000e+00
8.332761402371107184e-01	8.470828851041402319e-02	0.000000000000000000e+00
8.338616920738162186e-01	6.879435607236863981e-02	0.000000000000000000e+00
8.369743797617075209e-01	5.474473239634131128e-02	0.000000000000000000e+00
8.369743797617075209e-01	2.335737614120413780e-02	0.000000000000000000e+00
8.375313156461029473e-01	-1.963740122649732661e-02	0.000000000000000000e+00
8.375313156461029473e-01	-1.963740122649732661e-02	0.000000000000000000e+00
8.375313156461029473e-01	-1.963740122649732661e-02	0.000000000000000000e+00
8.375313156461029473e-01	-1.963740122649732661e-02	0.000000000000000000e+00
8.380882515304983738e-01	-1.705229566609849090e-02	0.000000000000000000e+00
8.416827237229471681e-01	-7.834346111638196275e-02	0.000000000000000000e+00
8.416827237229471681e-01	-7.834346111638196275e-02	0.000000000000000000e+00
8.416827237229471681e-01	-7.834346111638196275e-02	0.000000000000000000e+00
8.416827237229471681e-01	-7.834346111638196275e-02	0.000000000000000000e+00
8.416827237229471681e-01	-7.834346111638196275e-02	0.000000000000000000e+00
8.416619923225941990e-01	-8.747142041770999965e-02	0.000000000000000000e+00
8.416619923225941990e-01	-8.747142041770999965e-02	0.000000000000000000e+00
8.416619923225941990e-01	-8.747142041770999965e-02	0.000000000000000000e+00
8.416827237229471681e-01	-1.004237181071840346e-01	0.000000000000000000e+00
8.417241865236531062e-01	-9.118707938736084206e-02	0.000000000000000000e+00
