0.000000000000000000e+00	2.847229925305163611e+00	0.000000000000000000e+00
2.997718715904665321e-03	2.665201506293835898e+00	0.000000000000000000e+00
4.642077030408617994e-02	2.093024626708645641e+00	0.000000000000000000e+00
6.963115545612927337e-02	2.054499839390714122e+00	0.000000000000000000e+00
8.684610317636302923e-02	1.904893420390988856e+00	0.000000000000000000e+00
9.020044164934493125e-02	1.860521434633056304e+00	0.000000000000000000e+00
9.020044164934493125e-02	1.860281116101830889e+00	0.000000000000000000e+00
9.020044164934493125e-02	1.860281116101830889e+00	0.000000000000000000e+00
9.020044164934493125e-02	1.860281116101830889e+00	0.000000000000000000e+00
1.955360161321055001e-01	1.661096233808874389e+00	0.000000000000000000e+00
2.022446930780693042e-01	1.595422445736184081e+00	0.000000000000000000e+00
2.146152108594731600e-01	1.552198010404299611e+00	0.000000000000000000e+00
2.247316838137715100e-01	1.447948581654320277e+00	0.000000000000000000e+00
2.348481567680698878e-01	1.179676739586175804e+00	0.000000000000000000e+00
2.348481567680698878e-01	1.204643397835350571e+00	0.000000000000000000e+00
2.348481567680698878e-01	1.179676739586175804e+00	0.000000000000000000e+00
2.348481567680698878e-01	1.162552692856835934e+00	0.000000000000000000e+00
2.348481567680698878e-01	1.160587863486250759e+00	0.000000000000000000e+00
2.348481567680698878e-01	1.159799322498439089e+00	0.000000000000000000e+00
2.348481567680698878e-01	1.153379827573841832e+00	0.000000000000000000e+00
2.348481567680698878e-01	1.153379827573841832e+00	0.000000000000000000e+00
2.348481567680698878e-01	1.153379827573841832e+00	0.000000000000000000e+00
2.348481567680698878e-01	1.153379827573841832e+00	0.000000000000000000e+00
2.348481567680698878e-01	1.153379827573841832e+00	0.000000000000000000e+00
4.170827875581774036e-01	1.044431462437466429e+00	0.000000000000000000e+00
4.170827875581774036e-01	1.038777258873050613e+00	0.000000000000000000e+00
4.241255567205805543e-01	9.706198422725893504e-01	0.000000000000000000e+00
4.265414119852019570e-01	8.723894919269986614e-01	0.000000000000000000e+00
4.265414119852019570e-01	8.253577126253232032e-01	0.000000000000000000e+00
4.265414119852019570e-01	8.253577126253232032e-01	0.000000000000000000e+00
4.318902723758786255e-01	7.089877591960290770e-01	0.000000000000000000e+00
4.318902723758786255e-01	7.089877591960290770e-01	0.000000000000000000e+00
4.318902723758786255e-01	7.089877591960290770e-01	0.000000000000000000e+00
4.318902723758786255e-01	7.089877591960290770e-01	0.000000000000000000e+00
4.432131965604576562e-01	6.235608305939398521e-01	0.000000000000000000e+00
4.432131965604576562e-01	6.181838064280837930e-01	0.000000000000000000e+00
4.432131965604576562e-01	6.181838064280837930e-01	0.000000000000000000e+00
4.432131965604576562e-01	6.181838064280837930e-01	0.000000000000000000e+00
4.432131965604576562e-01	6.181838064280837930e-01	0.000000000000000000e+00
4.432131965604576562e-01	6.181838064280837930e-01	0.000000000000000000e+00
4.432131965604576562e-01	6.225069549289111714e-01	0.000000000000000000e+00
4.432131965604576562e-01	6.331952716356298305e-01	0.000000000000000000e+00
4.432131965604576562e-01	6.331952716356298305e-01	0.000000000000000000e+00
4.432131965604576562e-01	6.331952716356298305e-01	0.000000000000000000e+00
6.265086473162098102e-01	4.766844818465196254e-01	0.000000000000000000e+00
6.265086473162098102e-01	4.766844818465196254e-01	0.000000000000000000e+00
6.265086473162098102e-01	4.766844818465196254e-01	0.000000000000000000e+00
6.265086473162098102e-01	4.766844818465196254e-01	0.000000000000000000e+00
6.281143154524044814e-01	4.720364359787026509e-01	0.000000000000000000e+00
6.322890526065104710e-01	4.039114306450674596e-01	0.000000000000000000e+00
6.322890526065104710e-01	4.039114306450674596e-01	0.000000000000000000e+00
6.322890526065104710e-01	4.039114306450674596e-01	0.000000000000000000e+00
6.322890526065104710e-01	3.848463109721142472e-01	0.000000000000000000e+00
6.382268550734276902e-01	3.091863963636519719e-01	0.000000000000000000e+00
6.382268550734276902e-01	3.091863963636519719e-01	0.000000000000000000e+00
6.382268550734276902e-01	3.091863963636519719e-01	0.000000000000000000e+00
6.382268550734276902e-01	3.091863963636519719e-01	0.000000000000000000e+00
6.501188693125951046e-01	2.095370893138170931e-01	0.000000000000000000e+00
6.498717514393150818e-01	2.046866743320667759e-01	0.000000000000000000e+00
6.498717514393150818e-01	2.046866743320667759e-01	0.000000000000000000e+00
6.498717514393150818e-01	1.405611042269266642e-01	0.000000000000000000e+00
6.498717514393150818e-01	1.405611042269266642e-01	0.000000000000000000e+00
6.498717514393150818e-01	1.405611042269266642e-01	0.000000000000000000e+00
6.498717514393150818e-01	1.405611042269266642e-01	0.000000000000000000e+00
6.498717514393150818e-01	1.405611042269266642e-01	0.000000000000000000e+00
6.498717514393150818e-01	1.224732488394631585e-01	0.000000000000000000e+00
6.498717514393150818e-01	1.347933681590044452e-01	0.000000000000000000e+00
6.498717514393150818e-01	1.347933681590044452e-01	0.000000000000000000e+00
6.508602229324352839e-01	9.851578135922005319e-02	0.000000000000000000e+00
6.508602229324352839e-01	9.851578135922005319e-02	0.000000000000000000e+00
6.508602229324352839e-01	9.851578135922005319e-02	0.000000000000000000e+00
6.508602229324352839e-01	9.851578135922005319e-02	0.000000000000000000e+00
6.508602229324352839e-01	9.851578135922005319e-02	0.000000000000000000e+00
8.310930643233798154e-01	-1.392692057522832427e-01	0.000000000000000000e+00
8.310930643233798154e-01	-1.392692057522832427e-01	0.000000000000000000e+00
8.310285922819338200e-01	1.493909541940016857e-02	0.000000000000000000e+00
8.308996481990419403e-01	2.621365332444311816e-02	0.000000000000000000e+00
8.308996481990419403e-01	2.621365332444311816e-02	0.000000000000000000e+00
8.308996481990419403e-01	2.621365332444311816e-02	0.000000000000000000e+00
8.308996481990419403e-01	2.621365332444311816e-02	0.000000000000000000e+00
8.310285922819338200e-01	8.416850828802400000e-03	0.000000000000000000e+00
8.322996768950231550e-01	5.720020450960846062e-03	0.000000000000000000e+00
8.339943061884493858e-01	-1.182066564716684198e-02	0.000000000000000000e+00
8.357628109172761111e-01	-6.209459650876523323e-02	0.000000000000000000e+00
8.357628109172761111e-01	-6.209459650876523323e-02	0.000000000000000000e+00
8.357628109172761111e-01	-5.878134027161895092e-02	0.000000000000000000e+00
8.357628109172761111e-01	-5.878134027161895092e-02	0.000000000000000000e+00
8.357628109172761111e-01	-5.878134027161895092e-02	0.000000000000000000e+00
8.357628109172761111e-01	-7.959093389637390825e-02	0.000000000000000000e+00
8.357628109172761111e-01	-7.959093389637390825e-02	0.000000000000000000e+00
8.395914711342602477e-01	-1.812558502817712414e-01	0.000000000000000000e+00
8.395914711342602477e-01	-1.812558502817712414e-01	0.000000000000000000e+00
8.395914711342602477e-01	-1.812558502817712414e-01	0.000000000000000000e+00
8.395914711342602477e-01	-1.812558502817712414e-01	0.000000000000000000e+00
8.395914711342602477e-01	-1.643650509704334683e-01	0.000000000000000000e+00
8.395914711342602477e-01	-1.643650509704334683e-01	0.000000000000000000e+00
8.395914711342602477e-01	-1.643650509704334683e-01	0.000000000000000000e+00
8.395914711342602477e-01	-1.643650509704334683e-01	0.000000000000000000e+00
8.398567648454122736e-01	-1.797314697744978873e-01	0.000000000000000000e+00
8.398567648454122736e-01	-1.797314697744978873e-01	0.000000000000000000e+00
