0.000000000000000000e+00	1.616305777711815272e+00	0.000000000000000000e+00
1.664167704196952910e-02	1.416870248524857878e+00	0.000000000000000000e+00
3.824221373790372136e-02	1.229997308689335211e+00	0.000000000000000000e+00
4.799815042382803154e-02	1.104097306985222460e+00	0.000000000000000000e+00
6.224128894981773713e-02	1.038838402344836487e+00	0.000000000000000000e+00
8.051684993415932079e-02	9.860014167492540116e-01	0.000000000000000000e+00
8.051684993415932079e-02	9.675898076560879302e-01	0.000000000000000000e+00
8.051684993415932079e-02	9.637099678630648425e-01	0.000000000000000000e+00
8.051684993415932079e-02	9.637099678630648425e-01	0.000000000000000000e+00
8.051684993415932079e-02	9.635793062285591404e-01	0.000000000000000000e+00
8.051684993415932079e-02	9.635793062285591404e-01	0.000000000000000000e+00
8.051684993415932079e-02	9.635793062285591404e-01	0.000000000000000000e+00
2.026815907952697060e-01	9.029157664670882655e-01	0.000000000000000000e+00
2.075108182914448540e-01	8.137887515862936016e-01	0.000000000000000000e+00
2.243081476948810549e-01	7.291832729649665445e-01	0.000000000000000000e+00
2.243081476948810549e-01	7.169752764920410693e-01	0.000000000000000000e+00
2.413504622569266900e-01	5.669115332930779738e-01	0.000000000000000000e+00
2.413504622569266900e-01	5.669115332930779738e-01	0.000000000000000000e+00
2.488143646407321719e-01	5.299592561330712659e-01	0.000000000000000000e+00
2.596214744725287016e-01	5.066334965061766171e-01	0.000000000000000000e+00
2.596214744725287016e-01	4.620325858983587719e-01	0.000000000000000000e+00
2.596214744725287016e-01	4.620325858983587719e-01	0.000000000000000000e+00
2.596214744725287016e-01	4.620325858983587719e-01	0.000000000000000000e+00
2.596214744725287016e-01	4.620325858983587719e-01	0.000000000000000000e+00
2.596214744725287016e-01	4.620325858983587719e-01	0.000000000000000000e+00
2.597392086135519307e-01	4.677538031938051066e-01	0.000000000000000000e+00
2.597392086135519307e-01	4.677538031938051066e-01	0.000000000000000000e+00
2.597392086135519307e-01	4.677538031938051066e-01	0.000000000000000000e+00
2.599746768955984999e-01	4.687065461588764692e-01	0.000000000000000000e+00
4.155711718215768791e-01	3.983929031594352632e-01	0.000000000000000000e+00
4.218690252391621431e-01	2.893331733607939493e-01	0.000000000000000000e+00
4.250179519479547752e-01	2.867236669789146042e-01	0.000000000000000000e+00
4.218690252391621431e-01	2.893331733607939493e-01	0.000000000000000000e+00
4.250179519479547752e-01	2.867236669789146042e-01	0.000000000000000000e+00
4.281668786567474072e-01	2.041279118304967499e-01	0.000000000000000000e+00
4.281668786567474072e-01	2.041279118304967499e-01	0.000000000000000000e+00
4.352592387880014901e-01	1.052578208681462513e-01	0.000000000000000000e+00
4.352592387880014901e-01	9.311861113927612232e-02	0.000000000000000000e+00
4.352592387880014901e-01	9.311861113927612232e-02	0.000000000000000000e+00
4.352592387880014901e-01	9.046473939996228786e-02	0.000000000000000000e+00
4.384741076311583496e-01	5.023810289602177043e-02	0.000000000000000000e+00
4.416889764743152647e-01	2.529628581250946417e-02	0.000000000000000000e+00
4.416889764743152647e-01	2.529628581250946417e-02	0.000000000000000000e+00
4.494492211200398213e-01	-2.227996383580469267e-02	0.000000000000000000e+00
4.494492211200398213e-01	-2.270404877491107726e-02	0.000000000000000000e+00
4.494492211200398213e-01	-2.270404877491107726e-02	0.000000000000000000e+00
4.494492211200398213e-01	-2.270404877491107726e-02	0.000000000000000000e+00
4.494492211200398213e-01	-2.270404877491107726e-02	0.000000000000000000e+00
4.494492211200398213e-01	-2.270404877491107726e-02	0.000000000000000000e+00
4.494492211200398213e-01	-1.582124191176296699e-02	0.000000000000000000e+00
4.494492211200398213e-01	-1.582124191176296699e-02	0.000000000000000000e+00
4.494492211200398213e-01	-1.918698863306562974e-02	0.000000000000000000e+00
4.494492211200398213e-01	-1.918698863306562974e-02	0.000000000000000000e+00
4.494492211200398213e-01	-1.927484118660164475e-02	0.000000000000000000e+00
6.204631689532965622e-01	-7.473261220090919588e-02	0.000000000000000000e+00
6.204631689532965622e-01	-7.473261220090919588e-02	0.000000000000000000e+00
6.225136569170358625e-01	-1.048209494115078105e-01	0.000000000000000000e+00
6.225136569170358625e-01	-1.048209494115078105e-01	0.000000000000000000e+00
6.322140646569838207e-01	-1.587001674006027208e-01	0.000000000000000000e+00
6.322140646569838207e-01	-1.587001674006027208e-01	0.000000000000000000e+00
6.322140646569838207e-01	-1.587001674006027208e-01	0.000000000000000000e+00
6.342593173323051170e-01	-1.819250228946476811e-01	0.000000000000000000e+00
6.322140646569838207e-01	-1.730139019772355125e-01	0.000000000000000000e+00
6.383498226829475986e-01	-2.255334764725027141e-01	0.000000000000000000e+00
6.383498226829475986e-01	-2.438352592278067998e-01	0.000000000000000000e+00
6.383498226829475986e-01	-2.438352592278067998e-01	0.000000000000000000e+00
6.383498226829475986e-01	-2.438352592278067998e-01	0.000000000000000000e+00
6.383498226829475986e-01	-2.293967463649588534e-01	0.000000000000000000e+00
6.383498226829475986e-01	-2.293967463649588534e-01	0.000000000000000000e+00
6.383498226829475986e-01	-2.293967463649588534e-01	0.000000000000000000e+00
8.315439965651498788e-01	-3.459727205191367450e-01	0.000000000000000000e+00
8.315439965651498788e-01	-3.459727205191367450e-01	0.000000000000000000e+00
8.315439965651498788e-01	-3.459727205191367450e-01	0.000000000000000000e+00
8.315439965651498788e-01	-3.459727205191367450e-01	0.000000000000000000e+00
8.315439965651498788e-01	-3.459727205191367450e-01	0.000000000000000000e+00
8.315439965651498788e-01	-3.390961372573266241e-01	0.000000000000000000e+00
8.315439965651498788e-01	-3.400807524069199839e-01	0.000000000000000000e+00
8.329350290283508151e-01	-3.517009312479109640e-01	0.000000000000000000e+00
8.329350290283508151e-01	-3.595116757754572845e-01	0.000000000000000000e+00
8.329350290283508151e-01	-3.595116757754572845e-01	0.000000000000000000e+00
8.335633896648009245e-01	-3.906537914828885905e-01	0.000000000000000000e+00
8.335633896648009245e-01	-4.221604545207777170e-01	0.000000000000000000e+00
8.335633896648009245e-01	-4.221604545207777170e-01	0.000000000000000000e+00
8.335633896648009245e-01	-4.221604545207777170e-01	0.000000000000000000e+00
8.335633896648009245e-01	-4.221604545207777170e-01	0.000000000000000000e+00
8.335633896648009245e-01	-4.221604545207777170e-01	0.000000000000000000e+00
8.367085158999607586e-01	-4.518423621852310501e-01	0.000000000000000000e+00
8.367085158999607586e-01	-4.518423621852310501e-01	0.000000000000000000e+00
8.410314214416858558e-01	-4.999843686912631702e-01	0.000000000000000000e+00
8.410314214416858558e-01	-4.999843686912631702e-01	0.000000000000000000e+00
8.410314214416858558e-01	-4.999843686912631702e-01	0.000000000000000000e+00
8.412070818065350286e-01	-5.041188536244455287e-01	0.000000000000000000e+00
8.412070818065350286e-01	-5.041188536244455287e-01	0.000000000000000000e+00
8.451766378270415547e-01	-5.553465888540188855e-01	0.000000000000000000e+00
8.451766378270415547e-01	-5.553465888540188855e-01	0.000000000000000000e+00
8.451766378270415547e-01	-5.553465888540188855e-01	0.000000000000000000e+00
8.451766378270415547e-01	-5.553465888540188855e-01	0.000000000000000000e+00
8.471614158372948733e-01	-5.644160128992142811e-01	0.000000000000000000e+00
8.481538048424215326e-01	-5.781247358032777228e-01	0.000000000000000000e+00
8.481538048424215326e-01	-5.781247358032777228e-01	0.000000000000000000e+00
