0.000000000000000000e+00	1.616305777711815272e+00	0.000000000000000000e+00
1.664167704196952910e-02	1.416870248524857878e+00	0.000000000000000000e+00
3.777899514009733228e-02	1.211583697851465136e+00	0.000000000000000000e+00
4.799815042382803154e-02	1.104097306985222460e+00	0.000000000000000000e+00
6.224128894981773713e-02	1.038838402344836487e+00	0.000000000000000000e+00
8.051684993415932079e-02	9.339274182867617347e-01	0.000000000000000000e+00
8.051684993415932079e-02	9.339274182867617347e-01	0.000000000000000000e+00
8.051684993415932079e-02	9.339274182867617347e-01	0.000000000000000000e+00
8.051684993415932079e-02	9.407179266195604406e-01	0.000000000000000000e+00
8.051684993415932079e-02	9.407179266195604406e-01	0.000000000000000000e+00
8.051684993415932079e-02	9.407179266195604406e-01	0.000000000000000000e+00
8.051684993415932079e-02	9.443747447904852210e-01	0.000000000000000000e+00
2.026815907952697060e-01	8.669320254414842886e-01	0.000000000000000000e+00
2.075108182914448540e-01	8.137887515862936016e-01	0.000000000000000000e+00
2.243081476948810549e-01	6.372442355850116424e-01	0.000000000000000000e+00
2.243081476948810549e-01	6.372442355850116424e-01	0.000000000000000000e+00
2.365612561678065995e-01	5.610811074045818359e-01	0.000000000000000000e+00
2.365612561678065995e-01	5.314042294813305922e-01	0.000000000000000000e+00
2.488143646407321719e-01	5.030563384147777040e-01	0.000000000000000000e+00
2.596214744725287016e-01	4.515876357568943678e-01	0.000000000000000000e+00
2.596214744725287016e-01	4.515876357568943678e-01	0.000000000000000000e+00
2.596214744725287016e-01	4.515876357568943678e-01	0.000000000000000000e+00
2.596214744725287016e-01	4.515876357568943678e-01	0.000000000000000000e+00
2.596214744725287016e-01	4.515876357568943678e-01	0.000000000000000000e+00
2.596214744725287016e-01	4.467592799319056729e-01	0.000000000000000000e+00
2.596214744725287016e-01	4.467592799319056729e-01	0.000000000000000000e+00
2.596214744725287016e-01	4.467592799319056729e-01	0.000000000000000000e+00
2.596214744725287016e-01	4.467592799319056729e-01	0.000000000000000000e+00
2.596214744725287016e-01	4.467592799319056729e-01	0.000000000000000000e+00
4.155711718215768791e-01	3.915111746012482907e-01	0.000000000000000000e+00
4.218690252391621431e-01	3.002064981719284043e-01	0.000000000000000000e+00
4.218690252391621431e-01	3.002064981719284043e-01	0.000000000000000000e+00
4.218690252391621431e-01	2.868760623994757730e-01	0.000000000000000000e+00
4.250179519479547752e-01	2.451733722616109279e-01	0.000000000000000000e+00
4.320773410120267166e-01	1.301464382897986882e-01	0.000000000000000000e+00
4.281668786567474072e-01	1.918476243889407906e-01	0.000000000000000000e+00
4.336518043664230326e-01	9.007371148770082492e-02	0.000000000000000000e+00
4.336518043664230326e-01	9.007371148770082492e-02	0.000000000000000000e+00
4.336518043664230326e-01	9.007371148770082492e-02	0.000000000000000000e+00
4.384741076311583496e-01	6.447693382584039623e-02	0.000000000000000000e+00
4.384741076311583496e-01	5.023810289602177043e-02	0.000000000000000000e+00
4.416889764743152647e-01	2.222689663092358714e-02	0.000000000000000000e+00
4.439616643755990855e-01	1.261545650123768172e-03	0.000000000000000000e+00
4.455690987971775430e-01	-1.408055765069585706e-02	0.000000000000000000e+00
4.494492211200398213e-01	-4.069175013417192233e-02	0.000000000000000000e+00
4.494492211200398213e-01	-4.784422059235075159e-02	0.000000000000000000e+00
4.494492211200398213e-01	-4.784422059235075159e-02	0.000000000000000000e+00
4.494492211200398213e-01	-4.784422059235075159e-02	0.000000000000000000e+00
4.494492211200398213e-01	-4.784422059235075159e-02	0.000000000000000000e+00
4.494492211200398213e-01	-3.773022106682585863e-02	0.000000000000000000e+00
4.494492211200398213e-01	-2.619238258014496348e-02	0.000000000000000000e+00
4.494492211200398213e-01	-2.619238258014496348e-02	0.000000000000000000e+00
6.261136720949690426e-01	-1.534913804962769190e-01	0.000000000000000000e+00
6.261136720949690426e-01	-1.534913804962769190e-01	0.000000000000000000e+00
6.222708158823939684e-01	-8.114103635085613553e-02	0.000000000000000000e+00
6.240784628114914856e-01	-1.226456733085395795e-01	0.000000000000000000e+00
6.240784628114914856e-01	-1.226456733085395795e-01	0.000000000000000000e+00
6.261136720949690426e-01	-1.492472824218617766e-01	0.000000000000000000e+00
6.273664784312187326e-01	-1.652868563975562199e-01	0.000000000000000000e+00
6.349034032324043508e-01	-2.134138762450133731e-01	0.000000000000000000e+00
6.349034032324043508e-01	-2.134138762450133731e-01	0.000000000000000000e+00
6.349034032324043508e-01	-2.134138762450133731e-01	0.000000000000000000e+00
6.349034032324043508e-01	-2.503782373003498596e-01	0.000000000000000000e+00
6.383498226829475986e-01	-2.595353898005171578e-01	0.000000000000000000e+00
6.383498226829475986e-01	-2.595353898005171578e-01	0.000000000000000000e+00
6.383498226829475986e-01	-2.595353898005171578e-01	0.000000000000000000e+00
6.383498226829475986e-01	-2.595353898005171578e-01	0.000000000000000000e+00
6.383498226829475986e-01	-2.595353898005171578e-01	0.000000000000000000e+00
6.383498226829475986e-01	-2.497873580175455077e-01	0.000000000000000000e+00
6.383498226829475986e-01	-2.432600834593109107e-01	0.000000000000000000e+00
8.315439965651498788e-01	-2.968014779782353063e-01	0.000000000000000000e+00
8.315439965651498788e-01	-3.039901981855964164e-01	0.000000000000000000e+00
8.315439965651498788e-01	-3.039901981855964164e-01	0.000000000000000000e+00
8.315439965651498788e-01	-3.039901981855964164e-01	0.000000000000000000e+00
8.315439965651498788e-01	-3.490378838182636168e-01	0.000000000000000000e+00
8.315439965651498788e-01	-3.490378838182636168e-01	0.000000000000000000e+00
8.315439965651498788e-01	-3.490378838182636168e-01	0.000000000000000000e+00
8.315439965651498788e-01	-3.619728440155715044e-01	0.000000000000000000e+00
8.325536931149754016e-01	-3.744924263974049872e-01	0.000000000000000000e+00
8.335633896648009245e-01	-4.055604418213982765e-01	0.000000000000000000e+00
8.335633896648009245e-01	-4.055604418213982765e-01	0.000000000000000000e+00
8.335633896648009245e-01	-4.160338962822078268e-01	0.000000000000000000e+00
8.388699686708233072e-01	-4.860106530404356140e-01	0.000000000000000000e+00
8.388699686708233072e-01	-4.860106530404356140e-01	0.000000000000000000e+00
8.388699686708233072e-01	-4.860106530404356140e-01	0.000000000000000000e+00
8.377892422853920884e-01	-4.811730489153405177e-01	0.000000000000000000e+00
8.377892422853920884e-01	-4.811730489153405177e-01	0.000000000000000000e+00
8.388699686708233072e-01	-4.903119733773587674e-01	0.000000000000000000e+00
8.410314214416858558e-01	-5.237309794533354657e-01	0.000000000000000000e+00
8.410314214416858558e-01	-5.237309794533354657e-01	0.000000000000000000e+00
8.410314214416858558e-01	-5.237309794533354657e-01	0.000000000000000000e+00
8.447166617676945544e-01	-5.558020655534681165e-01	0.000000000000000000e+00
8.447166617676945544e-01	-5.558020655534681165e-01	0.000000000000000000e+00
8.447166617676945544e-01	-5.558020655534681165e-01	0.000000000000000000e+00
8.447166617676945544e-01	-5.558020655534681165e-01	0.000000000000000000e+00
8.456909415512130490e-01	-5.676356961496364928e-01	0.000000000000000000e+00
8.466652213347315437e-01	-5.982306058639982327e-01	0.000000000000000000e+00
8.466652213347315437e-01	-5.982306058639982327e-01	0.000000000000000000e+00
8.466652213347315437e-01	-5.982306058639982327e-01	0.000000000000000000e+00
8.466652213347315437e-01	-5.982306058639982327e-01	0.000000000000000000e+00
