0.000000000000000000e+00	1.260361657624321063e+00	0.000000000000000000e+00
5.085543747099442735e-03	1.202225230884902851e+00	0.000000000000000000e+00
3.202935720078058102e-02	1.017544871784934690e+00	0.000000000000000000e+00
4.799815042382803154e-02	9.598883305575367508e-01	0.000000000000000000e+00
6.425750017899367617e-02	9.328120748094166359e-01	0.000000000000000000e+00
7.238717505657649154e-02	8.468898626392311613e-01	0.000000000000000000e+00
8.051684993415932079e-02	8.318175016210324069e-01	0.000000000000000000e+00
8.051684993415932079e-02	8.318175016210324069e-01	0.000000000000000000e+00
8.051684993415932079e-02	8.318175016210324069e-01	0.000000000000000000e+00
8.051684993415932079e-02	8.318175016210324069e-01	0.000000000000000000e+00
8.051684993415932079e-02	8.230937727119124192e-01	0.000000000000000000e+00
8.051684993415932079e-02	8.230937727119124192e-01	0.000000000000000000e+00
8.051684993415932079e-02	8.230937727119124192e-01	0.000000000000000000e+00
2.026815907952697060e-01	6.837760678338836717e-01	0.000000000000000000e+00
2.103902057887759025e-01	6.348100718129753295e-01	0.000000000000000000e+00
2.216063702369319155e-01	5.672743538757254456e-01	0.000000000000000000e+00
2.266959804486251562e-01	5.350732818132447610e-01	0.000000000000000000e+00
2.311101462958310981e-01	4.731311712764387778e-01	0.000000000000000000e+00
2.392630336257557389e-01	3.940954030437607281e-01	0.000000000000000000e+00
2.392630336257557389e-01	3.940954030437607281e-01	0.000000000000000000e+00
2.511308649603604115e-01	3.562397208022096695e-01	0.000000000000000000e+00
2.589460301080414029e-01	2.948356178177333753e-01	0.000000000000000000e+00
2.589460301080414029e-01	2.948356178177333753e-01	0.000000000000000000e+00
2.589460301080414029e-01	2.948356178177333753e-01	0.000000000000000000e+00
2.589460301080414029e-01	2.948356178177333753e-01	0.000000000000000000e+00
2.589460301080414029e-01	2.948356178177333753e-01	0.000000000000000000e+00
2.589460301080414029e-01	2.974235256397210203e-01	0.000000000000000000e+00
2.589460301080414029e-01	2.974235256397210203e-01	0.000000000000000000e+00
2.589460301080414029e-01	2.977375001404983235e-01	0.000000000000000000e+00
2.589460301080414029e-01	2.977375001404983235e-01	0.000000000000000000e+00
2.589460301080414029e-01	2.977375001404983235e-01	0.000000000000000000e+00
4.203128848869200351e-01	1.905766503479038032e-01	0.000000000000000000e+00
4.203128848869200351e-01	1.905766503479038032e-01	0.000000000000000000e+00
4.203128848869200351e-01	1.905766503479038032e-01	0.000000000000000000e+00
4.233157706927067609e-01	1.535337524115358843e-01	0.000000000000000000e+00
4.233157706927067609e-01	1.405677102029191106e-01	0.000000000000000000e+00
4.263186564984935423e-01	1.147768668362689481e-01	0.000000000000000000e+00
4.303995736462638000e-01	6.522708412541150524e-02	0.000000000000000000e+00
4.303995736462638000e-01	5.584099842985493223e-02	0.000000000000000000e+00
4.358687929900218472e-01	1.758372219416356325e-02	0.000000000000000000e+00
4.358687929900218472e-01	6.214586402451967827e-03	0.000000000000000000e+00
4.494492211200398213e-01	-5.370675210634381913e-02	0.000000000000000000e+00
4.494492211200398213e-01	-5.370675210634381913e-02	0.000000000000000000e+00
4.494492211200398213e-01	-5.370675210634381913e-02	0.000000000000000000e+00
4.504192517007553631e-01	-7.752515285802007161e-02	0.000000000000000000e+00
4.513892822814709604e-01	-8.167308842861316365e-02	0.000000000000000000e+00
4.513892822814709604e-01	-8.688087096222298078e-02	0.000000000000000000e+00
4.513892822814709604e-01	-8.688087096222298078e-02	0.000000000000000000e+00
4.513892822814709604e-01	-8.688087096222298078e-02	0.000000000000000000e+00
4.513892822814709604e-01	-8.688087096222298078e-02	0.000000000000000000e+00
4.513892822814709604e-01	-8.688087096222298078e-02	0.000000000000000000e+00
4.513892822814709604e-01	-8.688087096222298078e-02	0.000000000000000000e+00
4.513892822814709604e-01	-8.688087096222298078e-02	0.000000000000000000e+00
6.212658954963710123e-01	-1.275385117456959427e-01	0.000000000000000000e+00
6.212658954963710123e-01	-1.275385117456959427e-01	0.000000000000000000e+00
6.218688477279847859e-01	-1.382702385312704063e-01	0.000000000000000000e+00
6.230747521912124443e-01	-1.585645346909577702e-01	0.000000000000000000e+00
6.262055758051041643e-01	-1.839815622641675086e-01	0.000000000000000000e+00
6.268085280367179379e-01	-2.054532266051201927e-01	0.000000000000000000e+00
6.281419026270764761e-01	-2.135818872710116834e-01	0.000000000000000000e+00
6.300782294490487878e-01	-2.419778875192943046e-01	0.000000000000000000e+00
6.312416731015854099e-01	-2.425632659233751820e-01	0.000000000000000000e+00
6.327007704062946880e-01	-2.733294465196384193e-01	0.000000000000000000e+00
6.329964240584673441e-01	-2.819424500964098357e-01	0.000000000000000000e+00
6.345038484850307192e-01	-2.929462904114130684e-01	0.000000000000000000e+00
6.369931406990405609e-01	-3.121140380679854331e-01	0.000000000000000000e+00
6.377468529123222485e-01	-3.184782738967218418e-01	0.000000000000000000e+00
6.388397356215806955e-01	-3.408540754714384224e-01	0.000000000000000000e+00
6.402341032161520396e-01	-3.585190057422972809e-01	0.000000000000000000e+00
6.402341032161520396e-01	-3.585190057422972809e-01	0.000000000000000000e+00
6.402341032161520396e-01	-3.585190057422972809e-01	0.000000000000000000e+00
6.402341032161520396e-01	-3.585190057422972809e-01	0.000000000000000000e+00
6.402341032161520396e-01	-3.585190057422972809e-01	0.000000000000000000e+00
8.307510862783381578e-01	-3.849495251867122714e-01	0.000000000000000000e+00
8.307510862783381578e-01	-3.925657980847490625e-01	0.000000000000000000e+00
8.306523423695315600e-01	-3.890508134544516383e-01	0.000000000000000000e+00
8.306523423695315600e-01	-3.890508134544516383e-01	0.000000000000000000e+00
8.307510862783381578e-01	-4.129471923622239360e-01	0.000000000000000000e+00
8.307510862783381578e-01	-4.129471923622239360e-01	0.000000000000000000e+00
8.309485740959513533e-01	-4.311773166509969002e-01	0.000000000000000000e+00
8.310473180047579511e-01	-4.418612654927202565e-01	0.000000000000000000e+00
8.310473180047579511e-01	-4.531693369550511830e-01	0.000000000000000000e+00
8.338436731800653590e-01	-5.098719442203815122e-01	0.000000000000000000e+00
8.338436731800653590e-01	-4.761916623922179959e-01	0.000000000000000000e+00
8.349063127238602888e-01	-5.262369595322423654e-01	0.000000000000000000e+00
8.349063127238602888e-01	-5.262369595322423654e-01	0.000000000000000000e+00
8.349063127238602888e-01	-5.262369595322423654e-01	0.000000000000000000e+00
8.354376324957577538e-01	-5.233701224694806697e-01	0.000000000000000000e+00
8.367387722641792536e-01	-5.363550341654884646e-01	0.000000000000000000e+00
8.379577869250645072e-01	-5.427471596057638070e-01	0.000000000000000000e+00
8.383060768281745956e-01	-5.525862967120336311e-01	0.000000000000000000e+00
8.395274008505643204e-01	-5.676061906092033649e-01	0.000000000000000000e+00
8.401221732395282027e-01	-5.729311389976688984e-01	0.000000000000000000e+00
8.404891248665891101e-01	-5.871479271143337231e-01	0.000000000000000000e+00
8.414065039342413233e-01	-5.921014250124614353e-01	0.000000000000000000e+00
8.442473310339431158e-01	-6.251586154050439159e-01	0.000000000000000000e+00
8.442473310339431158e-01	-6.251586154050439159e-01	0.000000000000000000e+00
8.442473310339431158e-01	-6.251586154050439159e-01	0.000000000000000000e+00
8.470881581336449084e-01	-6.366379600599700872e-01	0.000000000000000000e+00
8.470881581336449084e-01	-6.366379600599700872e-01	0.000000000000000000e+00
