0.000000000000000000e+00	1.212430721510257214e+00	0.000000000000000000e+00
1.891578099323149367e-02	1.116060165726204367e+00	0.000000000000000000e+00
3.355265866496557475e-02	1.000220508689762200e+00	0.000000000000000000e+00
4.818953633669965930e-02	9.382155130768717877e-01	0.000000000000000000e+00
6.503372245988381373e-02	8.578998791717219463e-01	0.000000000000000000e+00
7.345581552147589788e-02	8.471025479345211107e-01	0.000000000000000000e+00
7.345581552147589788e-02	8.471025479345211107e-01	0.000000000000000000e+00
7.345581552147589788e-02	8.471025479345211107e-01	0.000000000000000000e+00
7.345581552147589788e-02	8.452420854418365437e-01	0.000000000000000000e+00
7.345581552147589788e-02	8.452420854418365437e-01	0.000000000000000000e+00
7.345581552147589788e-02	8.452420854418365437e-01	0.000000000000000000e+00
7.345581552147589788e-02	8.452420854418365437e-01	0.000000000000000000e+00
1.910288111563315794e-01	7.928959538630997450e-01	0.000000000000000000e+00
2.072324409066975681e-01	7.065605812243735961e-01	0.000000000000000000e+00
2.162367039359401610e-01	6.614084291924834380e-01	0.000000000000000000e+00
2.231602561759947201e-01	5.537298525827859530e-01	0.000000000000000000e+00
2.276623876906160304e-01	4.918003272221782018e-01	0.000000000000000000e+00
2.362089589856960492e-01	4.567635027355311239e-01	0.000000000000000000e+00
2.416984807029919358e-01	4.151259814652300539e-01	0.000000000000000000e+00
2.494390681775984497e-01	3.892260311137646367e-01	0.000000000000000000e+00
2.604181116121901951e-01	3.817936520508165010e-01	0.000000000000000000e+00
2.604181116121901951e-01	3.817936520508165010e-01	0.000000000000000000e+00
2.604181116121901951e-01	3.817779984403301130e-01	0.000000000000000000e+00
2.604181116121901951e-01	3.817779984403301130e-01	0.000000000000000000e+00
2.604181116121901951e-01	3.817779984403301130e-01	0.000000000000000000e+00
2.604181116121901951e-01	3.817779984403301130e-01	0.000000000000000000e+00
2.604181116121901951e-01	3.817779984403301130e-01	0.000000000000000000e+00
2.604181116121901951e-01	3.819608260722420212e-01	0.000000000000000000e+00
4.144082624250111091e-01	3.203843282544019955e-01	0.000000000000000000e+00
4.144082624250111091e-01	3.203843282544019955e-01	0.000000000000000000e+00
4.165795168383352176e-01	2.694304616922311157e-01	0.000000000000000000e+00
4.205850441954746000e-01	2.460787673493781136e-01	0.000000000000000000e+00
4.239450178393864288e-01	2.100836265301839478e-01	0.000000000000000000e+00
4.262651400216659336e-01	1.782297137899118700e-01	0.000000000000000000e+00
4.279397084907179405e-01	1.396983164242832642e-01	0.000000000000000000e+00
4.292712720411617777e-01	1.104821693598899701e-01	0.000000000000000000e+00
4.325680810704684021e-01	8.159012819651169368e-02	0.000000000000000000e+00
4.367211442202144078e-01	4.175193786958395631e-02	0.000000000000000000e+00
4.390353305100896386e-01	2.977091881564288348e-02	0.000000000000000000e+00
4.413937273059368449e-01	8.227920677400084055e-04	0.000000000000000000e+00
4.487167711576326989e-01	-1.376823425488967780e-02	0.000000000000000000e+00
4.487167711576326989e-01	-2.938607457096499218e-02	0.000000000000000000e+00
4.487167711576326989e-01	-2.938607457096499218e-02	0.000000000000000000e+00
4.487167711576326989e-01	-2.938607457096499218e-02	0.000000000000000000e+00
4.487167711576326989e-01	-2.938607457096499218e-02	0.000000000000000000e+00
4.487167711576326989e-01	-2.938607457096499218e-02	0.000000000000000000e+00
4.487167711576326989e-01	-2.645626830871177990e-02	0.000000000000000000e+00
4.487167711576326989e-01	-2.645626830871177990e-02	0.000000000000000000e+00
4.487167711576326989e-01	-2.645626830871177990e-02	0.000000000000000000e+00
6.242999276630183392e-01	-5.958689505060581898e-02	0.000000000000000000e+00
6.242999276630183392e-01	-7.434038854549694653e-02	0.000000000000000000e+00
6.242999276630183392e-01	-9.226402162602258261e-02	0.000000000000000000e+00
6.230447331646498110e-01	-1.208637565696071003e-01	0.000000000000000000e+00
6.258752647570020589e-01	-1.467400966306159904e-01	0.000000000000000000e+00
6.275351824899090269e-01	-1.893690376302084311e-01	0.000000000000000000e+00
6.275351824899090269e-01	-1.893690376302084311e-01	0.000000000000000000e+00
6.303548251212187647e-01	-1.997487979614687714e-01	0.000000000000000000e+00
6.303548251212187647e-01	-2.112675986194734179e-01	0.000000000000000000e+00
6.337440261009543718e-01	-2.698568669148947441e-01	0.000000000000000000e+00
6.337440261009543718e-01	-2.698568669148947441e-01	0.000000000000000000e+00
6.337440261009543718e-01	-2.684780209425098318e-01	0.000000000000000000e+00
6.352746410441848512e-01	-2.842520630784447500e-01	0.000000000000000000e+00
6.368052559874153307e-01	-2.977498079263876662e-01	0.000000000000000000e+00
6.368052559874153307e-01	-3.163548320516908485e-01	0.000000000000000000e+00
6.376628661821615029e-01	-3.285282262825286459e-01	0.000000000000000000e+00
6.406645018637729949e-01	-3.442172199446860148e-01	0.000000000000000000e+00
6.415221120585191672e-01	-3.605154682498009078e-01	0.000000000000000000e+00
6.425226572857229979e-01	-3.764150818275132093e-01	0.000000000000000000e+00
6.426655923181807673e-01	-3.870636960748196631e-01	0.000000000000000000e+00
6.426655923181807673e-01	-3.870636960748196631e-01	0.000000000000000000e+00
6.426655923181807673e-01	-3.870636960748196631e-01	0.000000000000000000e+00
6.426655923181807673e-01	-3.911843045235538496e-01	0.000000000000000000e+00
6.426655923181807673e-01	-3.911843045235538496e-01	0.000000000000000000e+00
6.426655923181807673e-01	-3.911843045235538496e-01	0.000000000000000000e+00
8.277684370052179608e-01	-4.546885773038646383e-01	0.000000000000000000e+00
8.277684370052179608e-01	-4.546885773038646383e-01	0.000000000000000000e+00
8.277684370052179608e-01	-4.517459664860378199e-01	0.000000000000000000e+00
8.277684370052179608e-01	-4.517459664860378199e-01	0.000000000000000000e+00
8.277684370052179608e-01	-4.546885773038646383e-01	0.000000000000000000e+00
8.288048829179266441e-01	-4.873320708748287156e-01	0.000000000000000000e+00
8.288048829179266441e-01	-4.873320708748287156e-01	0.000000000000000000e+00
8.288048829179266441e-01	-4.927598874791455641e-01	0.000000000000000000e+00
8.319142206560526942e-01	-5.502711558998093500e-01	0.000000000000000000e+00
8.319142206560526942e-01	-5.336753083740612968e-01	0.000000000000000000e+00
8.314789253914125489e-01	-5.308944842034014622e-01	0.000000000000000000e+00
8.319142206560526942e-01	-5.502711558998093500e-01	0.000000000000000000e+00
8.319142206560526942e-01	-5.502711558998093500e-01	0.000000000000000000e+00
8.327848111853330959e-01	-5.669735086315800254e-01	0.000000000000000000e+00
8.327848111853330959e-01	-5.843438367478526185e-01	0.000000000000000000e+00
8.327848111853330959e-01	-5.843438367478526185e-01	0.000000000000000000e+00
8.334482327190460005e-01	-5.923304424537494395e-01	0.000000000000000000e+00
8.334482327190460005e-01	-6.023737332302205871e-01	0.000000000000000000e+00
8.347750757864718096e-01	-6.188731396371081050e-01	0.000000000000000000e+00
8.347750757864718096e-01	-6.244781741714660050e-01	0.000000000000000000e+00
8.362206668091857198e-01	-6.319058382940495600e-01	0.000000000000000000e+00
8.382703053879685395e-01	-6.527104679452470082e-01	0.000000000000000000e+00
8.382703053879685395e-01	-6.527104679452470082e-01	0.000000000000000000e+00
8.389931008993254391e-01	-6.683256183036736520e-01	0.000000000000000000e+00
8.389931008993254391e-01	-6.683256183036736520e-01	0.000000000000000000e+00
8.389931008993254391e-01	-6.683256183036736520e-01	0.000000000000000000e+00
