0.000000000000000000e+00	1.212080006479887340e+00	0.000000000000000000e+00
1.622450221962026817e-02	1.039669331027704979e+00	0.000000000000000000e+00
2.513056560337349754e-02	9.871028134811775656e-01	0.000000000000000000e+00
4.818953633669965930e-02	8.862940477511075388e-01	0.000000000000000000e+00
6.503372245988381373e-02	8.578998791717219463e-01	0.000000000000000000e+00
7.345581552147589788e-02	8.193008935898176137e-01	0.000000000000000000e+00
8.512401783177972470e-02	7.876741424068176567e-01	0.000000000000000000e+00
7.345581552147589788e-02	8.000520543821515451e-01	0.000000000000000000e+00
7.345581552147589788e-02	7.956258915563896306e-01	0.000000000000000000e+00
7.345581552147589788e-02	7.956258915563896306e-01	0.000000000000000000e+00
7.345581552147589788e-02	7.956258915563896306e-01	0.000000000000000000e+00
7.345581552147589788e-02	7.956258915563896306e-01	0.000000000000000000e+00
1.971513079876275887e-01	7.813592171184780000e-01	0.000000000000000000e+00
2.072324409066975681e-01	6.600605810309089216e-01	0.000000000000000000e+00
2.129452827840354889e-01	6.470200482438484002e-01	0.000000000000000000e+00
2.225549009946364287e-01	5.466483433711309958e-01	0.000000000000000000e+00
2.276623876906160304e-01	4.918003272221782018e-01	0.000000000000000000e+00
2.362089589856960492e-01	4.615256452995090131e-01	0.000000000000000000e+00
2.416984807029919358e-01	4.151259814652300539e-01	0.000000000000000000e+00
2.510582961575910654e-01	3.651137397897071257e-01	0.000000000000000000e+00
2.604181116121901951e-01	3.598499329181306106e-01	0.000000000000000000e+00
2.604181116121901951e-01	3.598499329181306106e-01	0.000000000000000000e+00
2.604181116121901951e-01	3.578661962607886382e-01	0.000000000000000000e+00
2.604181116121901951e-01	3.578661962607886382e-01	0.000000000000000000e+00
2.604181116121901951e-01	3.578661962607886382e-01	0.000000000000000000e+00
2.604181116121901951e-01	3.578661962607886382e-01	0.000000000000000000e+00
2.604181116121901951e-01	3.578661962607886382e-01	0.000000000000000000e+00
2.604181116121901951e-01	3.604055880410819701e-01	0.000000000000000000e+00
2.604181116121901951e-01	3.638314531279764896e-01	0.000000000000000000e+00
4.144082624250111091e-01	3.234211194859592520e-01	0.000000000000000000e+00
4.165795168383352176e-01	2.694304616922311157e-01	0.000000000000000000e+00
4.205850441954746000e-01	2.341804303628350903e-01	0.000000000000000000e+00
4.239450178393864288e-01	2.100836265301839478e-01	0.000000000000000000e+00
4.262651400216659336e-01	1.564023969040226336e-01	0.000000000000000000e+00
4.279397084907179405e-01	1.396983164242832642e-01	0.000000000000000000e+00
4.292712720411617777e-01	1.012734090703072964e-01	0.000000000000000000e+00
4.325680810704684021e-01	8.159012819651169368e-02	0.000000000000000000e+00
4.366990389672283923e-01	4.247737920968268355e-02	0.000000000000000000e+00
4.373869259954363264e-01	1.901524041852804478e-02	0.000000000000000000e+00
4.413937273059368449e-01	8.227920677400084055e-04	0.000000000000000000e+00
4.475375727597090680e-01	-2.734252937405879172e-02	0.000000000000000000e+00
4.487167711576326989e-01	-3.802432438195698511e-02	0.000000000000000000e+00
4.487167711576326989e-01	-3.898015445565002068e-02	0.000000000000000000e+00
4.487167711576326989e-01	-3.898015445565002068e-02	0.000000000000000000e+00
4.487167711576326989e-01	-3.898015445565002068e-02	0.000000000000000000e+00
4.487167711576326989e-01	-3.898015445565002068e-02	0.000000000000000000e+00
4.487167711576326989e-01	-5.310658014966555818e-02	0.000000000000000000e+00
4.487167711576326989e-01	-5.310658014966555818e-02	0.000000000000000000e+00
4.487167711576326989e-01	-5.310658014966555818e-02	0.000000000000000000e+00
4.487167711576326989e-01	-5.310658014966555818e-02	0.000000000000000000e+00
6.230447331646498110e-01	-1.062324619620758359e-01	0.000000000000000000e+00
6.230447331646498110e-01	-1.062324619620758359e-01	0.000000000000000000e+00
6.230447331646498110e-01	-1.142785695975476606e-01	0.000000000000000000e+00
6.241673454959646428e-01	-1.347082165755645322e-01	0.000000000000000000e+00
6.252899578272794745e-01	-1.559535160067297144e-01	0.000000000000000000e+00
6.275351824899090269e-01	-1.951121924887773140e-01	0.000000000000000000e+00
6.275351824899090269e-01	-1.951121924887773140e-01	0.000000000000000000e+00
6.303548251212187647e-01	-2.246462155661810844e-01	0.000000000000000000e+00
6.312841181394712731e-01	-2.383356319879012808e-01	0.000000000000000000e+00
6.337440261009543718e-01	-2.711921935815016504e-01	0.000000000000000000e+00
6.337440261009543718e-01	-2.711921935815016504e-01	0.000000000000000000e+00
6.352746410441848512e-01	-2.946275234139096866e-01	0.000000000000000000e+00
6.356111434184270603e-01	-2.992071321213007895e-01	0.000000000000000000e+00
6.362081997029211955e-01	-3.128267406000018180e-01	0.000000000000000000e+00
6.376628661821615029e-01	-3.285282262825286459e-01	0.000000000000000000e+00
6.402356967663999088e-01	-3.419096096766706117e-01	0.000000000000000000e+00
6.415221120585191672e-01	-3.579660102998131754e-01	0.000000000000000000e+00
6.415221120585191672e-01	-3.783971122219502159e-01	0.000000000000000000e+00
6.426655923181807673e-01	-3.916354053421051695e-01	0.000000000000000000e+00
6.432373324480116228e-01	-3.993296235463100752e-01	0.000000000000000000e+00
6.432373324480116228e-01	-3.993727115335852784e-01	0.000000000000000000e+00
6.432373324480116228e-01	-3.993296235463100752e-01	0.000000000000000000e+00
6.432373324480116228e-01	-3.993296235463100752e-01	0.000000000000000000e+00
6.426655923181807673e-01	-3.913224954243820775e-01	0.000000000000000000e+00
8.277684370052179608e-01	-4.932464287574259698e-01	0.000000000000000000e+00
8.277684370052179608e-01	-4.558890760657587915e-01	0.000000000000000000e+00
8.277684370052179608e-01	-4.558890760657587915e-01	0.000000000000000000e+00
8.277684370052179608e-01	-4.558890760657587915e-01	0.000000000000000000e+00
8.277684370052179608e-01	-4.558890760657587915e-01	0.000000000000000000e+00
8.277684370052179608e-01	-4.714836595704492983e-01	0.000000000000000000e+00
8.277684370052179608e-01	-4.821061893352182604e-01	0.000000000000000000e+00
8.285457714397495010e-01	-4.981324977725462566e-01	0.000000000000000000e+00
8.294526616133697239e-01	-5.078806594972241628e-01	0.000000000000000000e+00
8.298413288306354385e-01	-5.183059321557006438e-01	0.000000000000000000e+00
8.298413288306354385e-01	-5.272286938721424399e-01	0.000000000000000000e+00
8.308777747433440108e-01	-5.507918499408372970e-01	0.000000000000000000e+00
8.308777747433440108e-01	-5.507918499408372970e-01	0.000000000000000000e+00
8.319142206560526942e-01	-5.653270021991153582e-01	0.000000000000000000e+00
8.327848111853330959e-01	-5.877851221330808729e-01	0.000000000000000000e+00
8.327848111853330959e-01	-5.877851221330808729e-01	0.000000000000000000e+00
8.334482327190460005e-01	-5.989419215207660852e-01	0.000000000000000000e+00
8.334482327190460005e-01	-6.029739242081821882e-01	0.000000000000000000e+00
8.341723167028564090e-01	-6.135010251728498787e-01	0.000000000000000000e+00
8.347750757864718096e-01	-6.244781741714660050e-01	0.000000000000000000e+00
8.361612928315416138e-01	-6.449834216568556267e-01	0.000000000000000000e+00
8.373668109987724151e-01	-6.434006295950421839e-01	0.000000000000000000e+00
8.379089076322900898e-01	-6.531302369753367865e-01	0.000000000000000000e+00
8.389931008993254391e-01	-6.604506602499541357e-01	0.000000000000000000e+00
8.389931008993254391e-01	-6.671146622072552379e-01	0.000000000000000000e+00
8.398062458496019511e-01	-6.719580099785488203e-01	0.000000000000000000e+00
