0.000000000000000000e+00	1.117565414915933752e+00	0.000000000000000000e+00
1.622450221962026817e-02	9.662024931862827071e-01	0.000000000000000000e+00
3.220701927815996374e-02	9.005496603281564205e-01	0.000000000000000000e+00
4.818953633669965930e-02	8.304615246589719391e-01	0.000000000000000000e+00
5.240058286749570138e-02	8.041106968711508873e-01	0.000000000000000000e+00
7.345581552147589788e-02	7.571437810282656278e-01	0.000000000000000000e+00
8.512401783177972470e-02	7.474740255306766556e-01	0.000000000000000000e+00
8.512401783177972470e-02	7.474740255306766556e-01	0.000000000000000000e+00
8.512401783177972470e-02	7.474740255306766556e-01	0.000000000000000000e+00
8.512401783177972470e-02	7.425198154260888028e-01	0.000000000000000000e+00
8.512401783177972470e-02	7.425198154260888028e-01	0.000000000000000000e+00
8.512401783177972470e-02	7.425198154260888028e-01	0.000000000000000000e+00
1.971513079876275887e-01	6.664077626777650254e-01	0.000000000000000000e+00
2.029854091427795160e-01	6.317790583931678361e-01	0.000000000000000000e+00
2.098634168892042073e-01	5.637835846110758053e-01	0.000000000000000000e+00
2.172120844109808324e-01	5.347398729204100309e-01	0.000000000000000000e+00
2.309680999038302152e-01	4.711319940098540604e-01	0.000000000000000000e+00
2.383106588215007093e-01	3.870249859147631977e-01	0.000000000000000000e+00
2.421506126364910694e-01	3.564322214257839572e-01	0.000000000000000000e+00
2.421506126364910694e-01	3.564322214257839572e-01	0.000000000000000000e+00
2.604181116121901951e-01	3.177077160178521376e-01	0.000000000000000000e+00
2.604181116121901951e-01	3.101527765035622664e-01	0.000000000000000000e+00
2.604181116121901951e-01	3.101527765035622664e-01	0.000000000000000000e+00
2.604181116121901951e-01	3.101527765035622664e-01	0.000000000000000000e+00
2.604181116121901951e-01	3.101527765035622664e-01	0.000000000000000000e+00
2.604181116121901951e-01	3.101527765035622664e-01	0.000000000000000000e+00
2.604181116121901951e-01	3.382626622731584876e-01	0.000000000000000000e+00
2.604181116121901951e-01	3.382626622731584876e-01	0.000000000000000000e+00
4.143597459735411381e-01	2.866358009256014250e-01	0.000000000000000000e+00
4.143597459735411381e-01	2.590459531426990702e-01	0.000000000000000000e+00
4.224871195092411158e-01	1.671302340650931417e-01	0.000000000000000000e+00
4.224871195092411158e-01	1.671302340650931417e-01	0.000000000000000000e+00
4.224871195092411158e-01	1.589012895716108154e-01	0.000000000000000000e+00
4.308293896964245917e-01	6.907439206581458824e-02	0.000000000000000000e+00
4.308293896964245917e-01	6.907439206581458824e-02	0.000000000000000000e+00
4.308293896964245917e-01	6.144901708096289078e-02	0.000000000000000000e+00
4.366990389672283923e-01	2.194944662049448658e-02	0.000000000000000000e+00
4.371125908935315496e-01	-5.186460631118490310e-03	0.000000000000000000e+00
4.430518485765345127e-01	-5.549789638662980945e-02	0.000000000000000000e+00
4.430518485765345127e-01	-5.549789638662980945e-02	0.000000000000000000e+00
4.487167711576326989e-01	-6.341848094013498305e-02	0.000000000000000000e+00
4.487167711576326989e-01	-6.400298957746423933e-02	0.000000000000000000e+00
4.487167711576326989e-01	-6.429423677621412536e-02	0.000000000000000000e+00
4.487167711576326989e-01	-6.429423677621412536e-02	0.000000000000000000e+00
4.487167711576326989e-01	-7.245311957267520919e-02	0.000000000000000000e+00
4.487167711576326989e-01	-7.245311957267520919e-02	0.000000000000000000e+00
4.487167711576326989e-01	-7.245311957267520919e-02	0.000000000000000000e+00
4.487167711576326989e-01	-7.245311957267520919e-02	0.000000000000000000e+00
4.487167711576326989e-01	-7.245311957267520919e-02	0.000000000000000000e+00
6.230447331646498110e-01	-1.120161344116228919e-01	0.000000000000000000e+00
6.230447331646498110e-01	-1.252484740296791188e-01	0.000000000000000000e+00
6.296236910121384422e-01	-1.953607997772964788e-01	0.000000000000000000e+00
6.296236910121384422e-01	-1.953607997772964788e-01	0.000000000000000000e+00
6.296236910121384422e-01	-1.953607997772964788e-01	0.000000000000000000e+00
6.362026488596271845e-01	-2.836827294414686618e-01	0.000000000000000000e+00
6.362026488596271845e-01	-2.836827294414686618e-01	0.000000000000000000e+00
6.362026488596271845e-01	-2.836827294414686618e-01	0.000000000000000000e+00
6.362026488596271845e-01	-2.836827294414686618e-01	0.000000000000000000e+00
6.362026488596271845e-01	-2.836827294414686618e-01	0.000000000000000000e+00
6.362026488596271845e-01	-3.031152928091542798e-01	0.000000000000000000e+00
6.428002521488416221e-01	-3.253188514871256376e-01	0.000000000000000000e+00
6.428002521488416221e-01	-3.358871336303849708e-01	0.000000000000000000e+00
6.431239247723206098e-01	-3.514054179710113801e-01	0.000000000000000000e+00
6.434475973957997086e-01	-3.873329936391029515e-01	0.000000000000000000e+00
6.434475973957997086e-01	-3.873329936391029515e-01	0.000000000000000000e+00
6.440949426427577951e-01	-4.065451864395126513e-01	0.000000000000000000e+00
6.440949426427577951e-01	-4.124392938547215559e-01	0.000000000000000000e+00
6.440949426427577951e-01	-4.135024951742673482e-01	0.000000000000000000e+00
6.440949426427577951e-01	-4.145027153681821730e-01	0.000000000000000000e+00
6.440949426427577951e-01	-4.154453644242853683e-01	0.000000000000000000e+00
6.440949426427577951e-01	-4.154453644242853683e-01	0.000000000000000000e+00
6.440949426427577951e-01	-4.154453644242853683e-01	0.000000000000000000e+00
8.272502140488636746e-01	-4.688418354075542527e-01	0.000000000000000000e+00
8.272502140488636746e-01	-4.688418354075542527e-01	0.000000000000000000e+00
8.272502140488636746e-01	-4.688418354075542527e-01	0.000000000000000000e+00
8.272502140488636746e-01	-4.751707321448288557e-01	0.000000000000000000e+00
8.272502140488636746e-01	-4.916631160131978429e-01	0.000000000000000000e+00
8.272502140488636746e-01	-4.977803301125682256e-01	0.000000000000000000e+00
8.316988140880989810e-01	-5.474723091798494590e-01	0.000000000000000000e+00
8.316988140880989810e-01	-5.474723091798494590e-01	0.000000000000000000e+00
8.316988140880989810e-01	-5.474723091798494590e-01	0.000000000000000000e+00
8.361474141273341765e-01	-5.868314520874846618e-01	0.000000000000000000e+00
8.361474141273341765e-01	-5.868314520874846618e-01	0.000000000000000000e+00
8.361474141273341765e-01	-6.179242049758532085e-01	0.000000000000000000e+00
8.361474141273341765e-01	-6.179242049758532085e-01	0.000000000000000000e+00
8.361474141273341765e-01	-6.179242049758532085e-01	0.000000000000000000e+00
8.361474141273341765e-01	-6.179242049758532085e-01	0.000000000000000000e+00
8.361474141273341765e-01	-6.179242049758532085e-01	0.000000000000000000e+00
8.383717141469517742e-01	-6.330889157690799962e-01	0.000000000000000000e+00
8.405960141665694829e-01	-6.525514810596352300e-01	0.000000000000000000e+00
8.405960141665694829e-01	-6.525514810596352300e-01	0.000000000000000000e+00
8.405960141665694829e-01	-6.626562920830622039e-01	0.000000000000000000e+00
8.405960141665694829e-01	-6.768374220910212680e-01	0.000000000000000000e+00
8.408963635578001750e-01	-6.802553483160312942e-01	0.000000000000000000e+00
8.417974117314925842e-01	-6.895576577733742996e-01	0.000000000000000000e+00
8.417974117314925842e-01	-7.018424693147325977e-01	0.000000000000000000e+00
8.427929946724379562e-01	-7.091396250823823744e-01	0.000000000000000000e+00
8.437885776133833282e-01	-7.168989234434073321e-01	0.000000000000000000e+00
8.437885776133833282e-01	-7.181343957170353010e-01	0.000000000000000000e+00
8.437885776133833282e-01	-7.168989234434073321e-01	0.000000000000000000e+00
