0.000000000000000000e+00	1.162068893042825124e+00	0.000000000000000000e+00
1.296605052129673474e-02	1.013588758136823920e+00	0.000000000000000000e+00
2.542985531606067190e-02	9.346062341814020957e-01	0.000000000000000000e+00
4.903847083293887132e-02	8.466998431820530469e-01	0.000000000000000000e+00
5.868660079675233621e-02	8.126485708357846782e-01	0.000000000000000000e+00
7.924658823453697987e-02	8.087090475543193824e-01	0.000000000000000000e+00
7.924658823453697987e-02	7.979313071444471550e-01	0.000000000000000000e+00
7.924658823453697987e-02	7.979313071444471550e-01	0.000000000000000000e+00
7.924658823453697987e-02	7.979313071444471550e-01	0.000000000000000000e+00
7.924658823453697987e-02	7.979313071444471550e-01	0.000000000000000000e+00
7.924658823453697987e-02	7.979313071444471550e-01	0.000000000000000000e+00
7.924658823453697987e-02	7.979855240818020112e-01	0.000000000000000000e+00
1.932106989875303216e-01	7.267943262118489178e-01	0.000000000000000000e+00
2.026815907952697060e-01	6.620162893056787956e-01	0.000000000000000000e+00
2.105535151178349607e-01	5.654273264582156955e-01	0.000000000000000000e+00
2.222754167172499296e-01	5.043233420881927387e-01	0.000000000000000000e+00
2.225680270277348716e-01	4.566083205479889440e-01	0.000000000000000000e+00
2.301828585941502192e-01	3.928966394348117896e-01	0.000000000000000000e+00
2.367907703264506836e-01	3.580851231807411494e-01	0.000000000000000000e+00
2.431706161995962345e-01	3.295278540030443515e-01	0.000000000000000000e+00
2.482482620864935319e-01	2.985641402573289693e-01	0.000000000000000000e+00
2.627662855373427142e-01	2.806383973668377108e-01	0.000000000000000000e+00
2.622205347617282412e-01	2.800798597773064280e-01	0.000000000000000000e+00
2.622205347617282412e-01	2.800798597773064280e-01	0.000000000000000000e+00
2.622205347617282412e-01	2.710707187382003225e-01	0.000000000000000000e+00
2.622205347617282412e-01	2.620791590986438768e-01	0.000000000000000000e+00
2.622205347617282412e-01	2.620791590986438768e-01	0.000000000000000000e+00
2.622205347617282412e-01	2.620791590986438768e-01	0.000000000000000000e+00
2.622205347617282412e-01	2.620791590986438768e-01	0.000000000000000000e+00
2.622205347617282412e-01	2.620791590986438768e-01	0.000000000000000000e+00
4.152313725012916068e-01	2.202454427080265675e-01	0.000000000000000000e+00
4.152313725012916068e-01	2.062669484020730470e-01	0.000000000000000000e+00
4.206014767253941633e-01	1.728957118185336650e-01	0.000000000000000000e+00
4.223915114667616821e-01	1.422846595478877152e-01	0.000000000000000000e+00
4.259715809494966088e-01	9.805498024441784699e-02	0.000000000000000000e+00
4.259715809494966088e-01	8.538221754641070471e-02	0.000000000000000000e+00
4.292058065848227688e-01	4.685572332404937951e-02	0.000000000000000000e+00
4.324400322201489288e-01	2.619569768549121283e-02	0.000000000000000000e+00
4.342984170783791287e-01	-9.475164898139414732e-03	0.000000000000000000e+00
4.351512523643955577e-01	-3.077493964933853202e-02	0.000000000000000000e+00
4.401476227623347670e-01	-5.955794264496996199e-02	0.000000000000000000e+00
4.438743879632327527e-01	-7.352823661189214488e-02	0.000000000000000000e+00
4.438743879632327527e-01	-9.093290032233457276e-02	0.000000000000000000e+00
4.538671287591111714e-01	-1.162563729361072024e-01	0.000000000000000000e+00
4.538671287591111714e-01	-1.162563729361072024e-01	0.000000000000000000e+00
4.538671287591111714e-01	-1.162563729361072024e-01	0.000000000000000000e+00
4.538671287591111714e-01	-1.162563729361072024e-01	0.000000000000000000e+00
4.538671287591111714e-01	-1.162127981252999431e-01	0.000000000000000000e+00
4.538671287591111714e-01	-1.162127981252999431e-01	0.000000000000000000e+00
4.538671287591111714e-01	-1.162127981252999431e-01	0.000000000000000000e+00
4.538671287591111714e-01	-1.162127981252999431e-01	0.000000000000000000e+00
4.538671287591111714e-01	-1.152983650495416207e-01	0.000000000000000000e+00
6.237566363128479452e-01	-1.947295898826825189e-01	0.000000000000000000e+00
6.237566363128479452e-01	-1.947295898826825189e-01	0.000000000000000000e+00
6.237566363128479452e-01	-1.947295898826825189e-01	0.000000000000000000e+00
6.245897531072395203e-01	-1.982922623259860961e-01	0.000000000000000000e+00
6.261536815941617373e-01	-2.206663478687899971e-01	0.000000000000000000e+00
6.275930858130762680e-01	-2.417232781638433414e-01	0.000000000000000000e+00
6.290695903745324724e-01	-2.566000716886774891e-01	0.000000000000000000e+00
6.312583564572485928e-01	-2.856004778335008432e-01	0.000000000000000000e+00
6.327163108474339603e-01	-3.035459946334284065e-01	0.000000000000000000e+00
6.327163108474339603e-01	-3.035459946334284065e-01	0.000000000000000000e+00
6.342802393343562883e-01	-3.193309314145172939e-01	0.000000000000000000e+00
6.358441678212785053e-01	-3.354862949254610038e-01	0.000000000000000000e+00
6.366712899747796195e-01	-3.489330705437604929e-01	0.000000000000000000e+00
6.394331113103988162e-01	-3.658201228861437948e-01	0.000000000000000000e+00
6.410184349880985177e-01	-3.867090576820534364e-01	0.000000000000000000e+00
6.414106008740716458e-01	-3.920941781512159441e-01	0.000000000000000000e+00
6.418027667600448849e-01	-4.002679041357804501e-01	0.000000000000000000e+00
6.418027667600448849e-01	-4.007346336607719439e-01	0.000000000000000000e+00
6.418027667600448849e-01	-4.007346336607719439e-01	0.000000000000000000e+00
6.418027667600448849e-01	-4.007346336607719439e-01	0.000000000000000000e+00
6.418027667600448849e-01	-4.007346336607719439e-01	0.000000000000000000e+00
8.294407719398095846e-01	-5.005907986339827032e-01	0.000000000000000000e+00
8.294407719398095846e-01	-5.005907986339827032e-01	0.000000000000000000e+00
8.292507048580457507e-01	-4.893126475648298390e-01	0.000000000000000000e+00
8.292507048580457507e-01	-4.893126475648298390e-01	0.000000000000000000e+00
8.292507048580457507e-01	-4.893126475648298390e-01	0.000000000000000000e+00
8.292507048580457507e-01	-4.893126475648298390e-01	0.000000000000000000e+00
8.292507048580457507e-01	-4.893126475648298390e-01	0.000000000000000000e+00
8.298209061033372524e-01	-5.028606494366150148e-01	0.000000000000000000e+00
8.298209061033372524e-01	-5.145986320885235221e-01	0.000000000000000000e+00
8.313315359373012470e-01	-5.321870940859204646e-01	0.000000000000000000e+00
8.325547286515314616e-01	-5.582451509388263178e-01	0.000000000000000000e+00
8.325547286515314616e-01	-5.582451509388263178e-01	0.000000000000000000e+00
8.325547286515314616e-01	-5.603973750484948502e-01	0.000000000000000000e+00
8.350011140799920017e-01	-5.863743727580554843e-01	0.000000000000000000e+00
8.350011140799920017e-01	-5.863743727580554843e-01	0.000000000000000000e+00
8.362243067942223274e-01	-6.052160356557441112e-01	0.000000000000000000e+00
8.362243067942223274e-01	-6.038261582948818429e-01	0.000000000000000000e+00
8.374474995084525419e-01	-6.182197707786549756e-01	0.000000000000000000e+00
8.382686068456091100e-01	-6.377538616428299889e-01	0.000000000000000000e+00
8.382686068456091100e-01	-6.377538616428299889e-01	0.000000000000000000e+00
8.394826371552401856e-01	-6.439070846671842707e-01	0.000000000000000000e+00
8.423153745443794360e-01	-6.613764107369314305e-01	0.000000000000000000e+00
8.425177129293180966e-01	-6.753374740985977898e-01	0.000000000000000000e+00
8.425177129293180966e-01	-6.753374740985977898e-01	0.000000000000000000e+00
8.448629243934697719e-01	-6.819501266958093444e-01	0.000000000000000000e+00
8.466563534728797080e-01	-6.888088786884980497e-01	0.000000000000000000e+00
8.466563534728797080e-01	-6.969716029479975372e-01	0.000000000000000000e+00
