0.000000000000000000e+00	1.953334349938240289e+00	0.000000000000000000e+00
1.964417380653213363e-03	1.428405022193339091e+00	0.000000000000000000e+00
2.978923129858398328e-02	1.313181173201828811e+00	0.000000000000000000e+00
4.817194106532190351e-02	1.222616329687543857e+00	0.000000000000000000e+00
5.949488761189896530e-02	1.106984406219367445e+00	0.000000000000000000e+00
6.218869983707041305e-02	1.044793518528966958e+00	0.000000000000000000e+00
8.377010447254792935e-02	9.398449361479523922e-01	0.000000000000000000e+00
8.377010447254792935e-02	9.398449361479523922e-01	0.000000000000000000e+00
8.377010447254792935e-02	9.398449361479523922e-01	0.000000000000000000e+00
8.377010447254792935e-02	9.398449361479523922e-01	0.000000000000000000e+00
8.377010447254792935e-02	9.398449361479523922e-01	0.000000000000000000e+00
8.377010447254792935e-02	9.398449361479523922e-01	0.000000000000000000e+00
8.877691687552835553e-02	9.710071919210297997e-01	0.000000000000000000e+00
8.877691687552835553e-02	9.710071919210297997e-01	0.000000000000000000e+00
2.072827012866153840e-01	8.820362900352051172e-01	0.000000000000000000e+00
2.072827012866153840e-01	8.820362900352051172e-01	0.000000000000000000e+00
2.132887172204319670e-01	8.338318622184196505e-01	0.000000000000000000e+00
2.185649845600138030e-01	7.570761572139107498e-01	0.000000000000000000e+00
2.298506650431317022e-01	7.264785880739957902e-01	0.000000000000000000e+00
2.389820660882057135e-01	6.812875595539716889e-01	0.000000000000000000e+00
2.389820660882057135e-01	6.451542411891162399e-01	0.000000000000000000e+00
2.507152946689634732e-01	6.279865004228294412e-01	0.000000000000000000e+00
2.507152946689634732e-01	5.956133412951728490e-01	0.000000000000000000e+00
2.554667145367564007e-01	5.406177229506490267e-01	0.000000000000000000e+00
2.554667145367564007e-01	5.344986875047225139e-01	0.000000000000000000e+00
2.554667145367564007e-01	5.344986875047225139e-01	0.000000000000000000e+00
2.554667145367564007e-01	5.344986875047225139e-01	0.000000000000000000e+00
2.554667145367564007e-01	5.344986875047225139e-01	0.000000000000000000e+00
2.554667145367564007e-01	5.344986875047225139e-01	0.000000000000000000e+00
2.554667145367564007e-01	5.344986875047225139e-01	0.000000000000000000e+00
2.554667145367564007e-01	5.344986875047225139e-01	0.000000000000000000e+00
2.554667145367564007e-01	5.344986875047225139e-01	0.000000000000000000e+00
2.554667145367564007e-01	5.349038076780697759e-01	0.000000000000000000e+00
2.554667145367564007e-01	5.349038076780697759e-01	0.000000000000000000e+00
4.145001572330257456e-01	4.910507933125859426e-01	0.000000000000000000e+00
4.145001572330257456e-01	4.647851178402285233e-01	0.000000000000000000e+00
4.209845044351078203e-01	4.388275522236176340e-01	0.000000000000000000e+00
4.260045325443002073e-01	3.884835059611089214e-01	0.000000000000000000e+00
4.260045325443002073e-01	3.884835059611089214e-01	0.000000000000000000e+00
4.377115916089381331e-01	3.333907150662048791e-01	0.000000000000000000e+00
4.377115916089381331e-01	3.333907150662048791e-01	0.000000000000000000e+00
4.377115916089381331e-01	2.907224547132239434e-01	0.000000000000000000e+00
4.377115916089381331e-01	2.907224547132239434e-01	0.000000000000000000e+00
4.411674436459886994e-01	2.725878420093986176e-01	0.000000000000000000e+00
4.428469034324268305e-01	2.662570159494216382e-01	0.000000000000000000e+00
4.475421348978778635e-01	2.174887650626637636e-01	0.000000000000000000e+00
4.475421348978778635e-01	2.174887650626637636e-01	0.000000000000000000e+00
4.517703405533047278e-01	2.068935467296480202e-01	0.000000000000000000e+00
4.517703405533047278e-01	2.068935467296480202e-01	0.000000000000000000e+00
4.517703405533047278e-01	2.068935467296480202e-01	0.000000000000000000e+00
4.517703405533047278e-01	2.068935467296480202e-01	0.000000000000000000e+00
4.614042926650748777e-01	2.293617244658887888e-01	0.000000000000000000e+00
4.538198936855927235e-01	2.318025744998244431e-01	0.000000000000000000e+00
4.538198936855927235e-01	2.318025744998244431e-01	0.000000000000000000e+00
6.242320566043293439e-01	1.145616650029119693e-01	0.000000000000000000e+00
6.306850997049976426e-01	1.312853158448782642e-01	0.000000000000000000e+00
6.306850997049976426e-01	1.312853158448782642e-01	0.000000000000000000e+00
6.299803953317567595e-01	1.324767401217219198e-01	0.000000000000000000e+00
6.299803953317567595e-01	1.324767401217219198e-01	0.000000000000000000e+00
6.299803953317567595e-01	1.324767401217219198e-01	0.000000000000000000e+00
6.306850997049976426e-01	5.924627199468132654e-02	0.000000000000000000e+00
6.306850997049976426e-01	5.924627199468132654e-02	0.000000000000000000e+00
6.306850997049976426e-01	5.924627199468132654e-02	0.000000000000000000e+00
6.334275422244945997e-01	6.944037722313135819e-02	0.000000000000000000e+00
6.375793934904733229e-01	5.516316550711203304e-02	0.000000000000000000e+00
6.375793934904733229e-01	3.341252030753172342e-02	0.000000000000000000e+00
6.469236698491070969e-01	-2.958669505553423312e-02	0.000000000000000000e+00
6.469236698491070969e-01	-2.958669505553423312e-02	0.000000000000000000e+00
6.469236698491070969e-01	-2.958669505553423312e-02	0.000000000000000000e+00
6.469236698491070969e-01	-2.958669505553423312e-02	0.000000000000000000e+00
6.499415987548600171e-01	-4.297694289507060506e-02	0.000000000000000000e+00
6.499415987548600171e-01	-4.297694289507060506e-02	0.000000000000000000e+00
6.499415987548600171e-01	-4.297694289507060506e-02	0.000000000000000000e+00
6.499415987548600171e-01	-4.297694289507060506e-02	0.000000000000000000e+00
6.529595276606129373e-01	-3.249784080803441028e-02	0.000000000000000000e+00
6.529595276606129373e-01	-3.249784080803441028e-02	0.000000000000000000e+00
8.275337952450512180e-01	-1.462725256142127506e-01	0.000000000000000000e+00
8.273837811415648558e-01	-1.172790517217900813e-01	0.000000000000000000e+00
8.273837811415648558e-01	-1.172790517217900813e-01	0.000000000000000000e+00
8.273837811415648558e-01	-1.172790517217900813e-01	0.000000000000000000e+00
8.273837811415648558e-01	-1.172790517217900813e-01	0.000000000000000000e+00
8.273837811415648558e-01	-1.172790517217900813e-01	0.000000000000000000e+00
8.275337952450512180e-01	-1.193299185195402373e-01	0.000000000000000000e+00
8.371722332206038564e-01	-1.460847394314911951e-01	0.000000000000000000e+00
8.371722332206038564e-01	-1.460847394314911951e-01	0.000000000000000000e+00
8.404431812733552665e-01	-1.683508830910261656e-01	0.000000000000000000e+00
8.404431812733552665e-01	-1.683508830910261656e-01	0.000000000000000000e+00
8.410171242535555702e-01	-1.777342986605412734e-01	0.000000000000000000e+00
8.402498284427242226e-01	-2.068361547002641743e-01	0.000000000000000000e+00
8.402498284427242226e-01	-2.068361547002641743e-01	0.000000000000000000e+00
8.410171242535555702e-01	-2.226977284771616827e-01	0.000000000000000000e+00
8.410171242535555702e-01	-2.226977284771616827e-01	0.000000000000000000e+00
8.416458615537789623e-01	-2.559868495886467588e-01	0.000000000000000000e+00
8.416458615537789623e-01	-2.559868495886467588e-01	0.000000000000000000e+00
8.416458615537789623e-01	-2.559868495886467588e-01	0.000000000000000000e+00
8.431804531754417686e-01	-2.573039076728562691e-01	0.000000000000000000e+00
8.446021545554243115e-01	-2.836358112044036761e-01	0.000000000000000000e+00
8.446021545554243115e-01	-2.836358112044036761e-01	0.000000000000000000e+00
8.471908176177348482e-01	-2.893540181226038621e-01	0.000000000000000000e+00
8.471908176177348482e-01	-2.924703825533324641e-01	0.000000000000000000e+00
