2.689125456639005485e-01	4.179990824695377860e+00	0.000000000000000000e+00
2.689125456639005485e-01	4.179990824695377860e+00	0.000000000000000000e+00
2.131865653786481074e-01	4.065283068815936929e+00	0.000000000000000000e+00
2.131865653786481074e-01	4.065283068815936929e+00	0.000000000000000000e+00
2.131865653786481074e-01	4.065283068815936929e+00	0.000000000000000000e+00
2.131865653786481074e-01	4.065283068815936929e+00	0.000000000000000000e+00
2.131865653786481074e-01	4.238815887771547608e+00	0.000000000000000000e+00
8.749305252390537913e-02	4.409045529195966040e+00	0.000000000000000000e+00
8.749305252390537913e-02	4.409045529195966040e+00	0.000000000000000000e+00
8.749305252390537913e-02	4.321002592391933739e+00	0.000000000000000000e+00
8.749305252390537913e-02	4.248339210485964301e+00	0.000000000000000000e+00
8.749305252390537913e-02	4.207981009133672679e+00	0.000000000000000000e+00
8.749305252390537913e-02	4.207981009133672679e+00	0.000000000000000000e+00
8.749305252390537913e-02	4.207981009133672679e+00	0.000000000000000000e+00
8.749305252390537913e-02	4.207981009133672679e+00	0.000000000000000000e+00
8.749305252390537913e-02	4.207981009133672679e+00	0.000000000000000000e+00
2.363533952237782954e-01	3.111864652413600663e+00	0.000000000000000000e+00
8.749305252390537913e-02	4.207981009133672679e+00	0.000000000000000000e+00
1.949346647830867418e-01	3.791388767635187840e+00	0.000000000000000000e+00
4.017978829990966894e-01	3.829986553773065960e+00	0.000000000000000000e+00
4.017978829990966894e-01	3.829986553773065960e+00	0.000000000000000000e+00
4.017978829990966894e-01	3.829986553773065960e+00	0.000000000000000000e+00
4.017978829990966894e-01	3.823884925882461872e+00	0.000000000000000000e+00
4.017978829990966894e-01	3.823884925882461872e+00	0.000000000000000000e+00
4.017978829990966894e-01	3.829986553773065960e+00	0.000000000000000000e+00
4.017978829990966894e-01	3.829986553773065960e+00	0.000000000000000000e+00
2.112221425705577138e-01	3.965422696734893560e+00	0.000000000000000000e+00
4.356549828643754285e-01	3.644891659688205721e+00	0.000000000000000000e+00
2.112221425705577138e-01	3.965422696734893560e+00	0.000000000000000000e+00
3.214651055206573238e-01	3.016440632572345848e+00	0.000000000000000000e+00
3.214651055206573238e-01	3.016440632572345848e+00	0.000000000000000000e+00
3.214651055206573238e-01	3.016440632572345848e+00	0.000000000000000000e+00
3.214651055206573238e-01	3.016440632572345848e+00	0.000000000000000000e+00
3.214651055206573238e-01	3.016440632572345848e+00	0.000000000000000000e+00
3.214651055206573238e-01	3.016440632572345848e+00	0.000000000000000000e+00
3.214651055206573238e-01	3.016440632572345848e+00	0.000000000000000000e+00
3.214651055206573238e-01	3.016440632572345848e+00	0.000000000000000000e+00
4.638976085172779040e-01	2.669586568051064202e+00	0.000000000000000000e+00
4.638976085172779040e-01	2.669586568051064202e+00	0.000000000000000000e+00
4.638976085172779040e-01	2.669586568051064202e+00	0.000000000000000000e+00
4.638976085172779040e-01	2.669586568051064202e+00	0.000000000000000000e+00
4.638976085172779040e-01	2.669586568051064202e+00	0.000000000000000000e+00
4.638976085172779040e-01	2.669586568051064202e+00	0.000000000000000000e+00
6.032292573539261848e-01	3.148317648477274577e+00	0.000000000000000000e+00
6.032292573539261848e-01	3.148317648477274577e+00	0.000000000000000000e+00
6.032292573539261848e-01	3.148317648477274577e+00	0.000000000000000000e+00
6.032292573539261848e-01	2.895695529017156211e+00	0.000000000000000000e+00
6.032292573539261848e-01	2.895695529017156211e+00	0.000000000000000000e+00
6.032292573539261848e-01	2.895695529017156211e+00	0.000000000000000000e+00
6.032292573539261848e-01	2.895695529017156211e+00	0.000000000000000000e+00
6.032292573539261848e-01	2.895695529017156211e+00	0.000000000000000000e+00
6.032292573539261848e-01	2.895695529017156211e+00	0.000000000000000000e+00
6.032292573539261848e-01	2.895695529017156211e+00	0.000000000000000000e+00
6.032292573539261848e-01	2.895695529017156211e+00	0.000000000000000000e+00
8.183144604075709427e-01	2.823506936247105248e+00	0.000000000000000000e+00
8.183144604075709427e-01	2.823506936247105248e+00	0.000000000000000000e+00
8.183144604075709427e-01	2.823506936247105248e+00	0.000000000000000000e+00
8.183144604075709427e-01	2.823506936247105248e+00	0.000000000000000000e+00
8.183144604075709427e-01	2.823506936247105248e+00	0.000000000000000000e+00
6.439902035247436762e-01	2.897118386339838647e+00	0.000000000000000000e+00
8.219951017623718936e-01	2.897209666786330740e+00	0.000000000000000000e+00
8.219951017623718936e-01	2.897209666786330740e+00	0.000000000000000000e+00
6.244287695863071086e-01	2.563319651171479752e+00	0.000000000000000000e+00
6.244287695863071086e-01	2.563319651171479752e+00	0.000000000000000000e+00
6.244287695863071086e-01	2.563319651171479752e+00	0.000000000000000000e+00
6.244287695863071086e-01	2.563319651171479752e+00	0.000000000000000000e+00
6.244287695863071086e-01	2.563319651171479752e+00	0.000000000000000000e+00
6.244287695863071086e-01	2.563319651171479752e+00	0.000000000000000000e+00
6.244287695863071086e-01	2.563319651171479752e+00	0.000000000000000000e+00
6.244287695863071086e-01	2.563319651171479752e+00	0.000000000000000000e+00
6.244306649051374336e-01	2.660335594922012881e+00	0.000000000000000000e+00
4.414071587046975997e-01	2.625194028618203834e+00	0.000000000000000000e+00
6.244306649051374336e-01	2.660335594922012881e+00	0.000000000000000000e+00
6.244306649051374336e-01	2.660335594922012881e+00	0.000000000000000000e+00
6.244306649051374336e-01	2.660335594922012881e+00	0.000000000000000000e+00
6.244306649051374336e-01	2.660335594922012881e+00	0.000000000000000000e+00
6.244306649051374336e-01	2.660335594922012881e+00	0.000000000000000000e+00
6.790711021298680983e-01	2.742270711121878257e+00	0.000000000000000000e+00
6.790711021298680983e-01	2.742270711121878257e+00	0.000000000000000000e+00
6.790711021298680983e-01	2.742270711121878257e+00	0.000000000000000000e+00
6.790711021298680983e-01	2.742270711121878257e+00	0.000000000000000000e+00
6.790711021298680983e-01	2.742270711121878257e+00	0.000000000000000000e+00
6.790987152807399507e-01	2.794264058699768238e+00	0.000000000000000000e+00
8.226565496498384755e-01	2.393275038082910200e+00	0.000000000000000000e+00
8.226565496498384755e-01	2.393275038082910200e+00	0.000000000000000000e+00
8.226565496498384755e-01	2.393275038082910200e+00	0.000000000000000000e+00
8.226565496498384755e-01	2.393275038082910200e+00	0.000000000000000000e+00
8.226565496498384755e-01	2.393275038082910200e+00	0.000000000000000000e+00
8.226565496498384755e-01	2.393275038082910200e+00	0.000000000000000000e+00
8.226565496498384755e-01	2.393275038082910200e+00	0.000000000000000000e+00
8.226565496498384755e-01	2.393275038082910200e+00	0.000000000000000000e+00
8.226565496498384755e-01	2.393275038082910200e+00	0.000000000000000000e+00
1.000000000000000000e+00	2.448175958263871799e+00	0.000000000000000000e+00
1.000000000000000000e+00	2.448175958263871799e+00	0.000000000000000000e+00
1.000000000000000000e+00	2.423347669212034816e+00	0.000000000000000000e+00
1.000000000000000000e+00	2.423347669212034816e+00	0.000000000000000000e+00
1.000000000000000000e+00	2.423347669212034816e+00	0.000000000000000000e+00
1.000000000000000000e+00	2.418992818538451939e+00	0.000000000000000000e+00
1.000000000000000000e+00	2.423347669212034816e+00	0.000000000000000000e+00
1.000000000000000000e+00	2.423347669212034816e+00	0.000000000000000000e+00
