0.000000000000000000e+00	1.175957166022038258e+00	0.000000000000000000e+00
3.285931202535011947e-03	1.031731141495357162e+00	0.000000000000000000e+00
3.010286196754028212e-02	8.890610431185063112e-01	0.000000000000000000e+00
4.510460353713934001e-02	8.691162993914179902e-01	0.000000000000000000e+00
5.935251087494109595e-02	7.784886385267443254e-01	0.000000000000000000e+00
5.935251087494109595e-02	7.784886385267443254e-01	0.000000000000000000e+00
7.474025244964420389e-02	7.502026500333370818e-01	0.000000000000000000e+00
7.474025244964420389e-02	7.502026500333370818e-01	0.000000000000000000e+00
7.474025244964420389e-02	7.502026500333370818e-01	0.000000000000000000e+00
7.474025244964420389e-02	7.502026500333370818e-01	0.000000000000000000e+00
8.373672349755081901e-02	7.559461012525119372e-01	0.000000000000000000e+00
8.373672349755081901e-02	7.559461012525119372e-01	0.000000000000000000e+00
8.373672349755081901e-02	7.559461012525119372e-01	0.000000000000000000e+00
1.951159500441959904e-01	6.736426639251131832e-01	0.000000000000000000e+00
2.037609285813921645e-01	6.028190026751029107e-01	0.000000000000000000e+00
2.119715544251375150e-01	5.661312799440937349e-01	0.000000000000000000e+00
2.186029396935192659e-01	5.090744235947325391e-01	0.000000000000000000e+00
2.258619113938183376e-01	4.527803911348162180e-01	0.000000000000000000e+00
2.292071964043393140e-01	4.010634003976749073e-01	0.000000000000000000e+00
2.352710845842514720e-01	3.787260233479042837e-01	0.000000000000000000e+00
2.454973790073732842e-01	3.230243145715199771e-01	0.000000000000000000e+00
2.454973790073732842e-01	3.230243145715199771e-01	0.000000000000000000e+00
2.557236734304950687e-01	3.221741627695014487e-01	0.000000000000000000e+00
2.557236734304950687e-01	3.221741627695014487e-01	0.000000000000000000e+00
2.557236734304950687e-01	3.221741627695014487e-01	0.000000000000000000e+00
2.557236734304950687e-01	3.221741627695014487e-01	0.000000000000000000e+00
2.557236734304950687e-01	3.221741627695014487e-01	0.000000000000000000e+00
2.557236734304950687e-01	3.226379507839607919e-01	0.000000000000000000e+00
2.557236734304950687e-01	3.226379507839607919e-01	0.000000000000000000e+00
2.557236734304950687e-01	3.226379507839607919e-01	0.000000000000000000e+00
2.557236734304950687e-01	3.226379507839607919e-01	0.000000000000000000e+00
4.138348122853563460e-01	2.716729200982074821e-01	0.000000000000000000e+00
4.196109791134139955e-01	2.114905690595904331e-01	0.000000000000000000e+00
4.196109791134139955e-01	2.114905690595904331e-01	0.000000000000000000e+00
4.231131475149322863e-01	1.891646572171748197e-01	0.000000000000000000e+00
4.267199768683676009e-01	1.586682597509511405e-01	0.000000000000000000e+00
4.269964151194759472e-01	1.298043628033302699e-01	0.000000000000000000e+00
4.318990610474373049e-01	1.018382309691444887e-01	0.000000000000000000e+00
4.370061984519170717e-01	6.373417758687247026e-02	0.000000000000000000e+00
4.374675034406043106e-01	4.240649320037002262e-02	0.000000000000000000e+00
4.409652604997296721e-01	2.253052776320671122e-02	0.000000000000000000e+00
4.441877833628614103e-01	-1.084911898769592119e-02	0.000000000000000000e+00
4.441877833628614103e-01	-1.517098891791288269e-02	0.000000000000000000e+00
4.547688860792109544e-01	-4.591954449019627904e-02	0.000000000000000000e+00
4.547688860792109544e-01	-4.591954449019627904e-02	0.000000000000000000e+00
4.547688860792109544e-01	-4.591954449019627904e-02	0.000000000000000000e+00
4.547688860792109544e-01	-4.591954449019627904e-02	0.000000000000000000e+00
4.547688860792109544e-01	-4.591954449019627904e-02	0.000000000000000000e+00
4.547688860792109544e-01	-4.591954449019627904e-02	0.000000000000000000e+00
4.547688860792109544e-01	-4.591954449019627904e-02	0.000000000000000000e+00
4.547688860792109544e-01	-4.591954449019627904e-02	0.000000000000000000e+00
4.547688860792109544e-01	-4.560779811082769919e-02	0.000000000000000000e+00
6.282270578540887218e-01	-7.396760973105101500e-02	0.000000000000000000e+00
6.282270578540887218e-01	-1.051332045183951819e-01	0.000000000000000000e+00
6.282270578540887218e-01	-1.051332045183951819e-01	0.000000000000000000e+00
6.297602781391089533e-01	-1.497711201810340564e-01	0.000000000000000000e+00
6.297602781391089533e-01	-1.497711201810340564e-01	0.000000000000000000e+00
6.318732835397682379e-01	-1.739375624592501279e-01	0.000000000000000000e+00
6.318732835397682379e-01	-1.739375624592501279e-01	0.000000000000000000e+00
6.311968323470991127e-01	-2.106141526309680823e-01	0.000000000000000000e+00
6.311968323470991127e-01	-2.106141526309680823e-01	0.000000000000000000e+00
6.332108165287780865e-01	-2.442935054863174527e-01	0.000000000000000000e+00
6.332108165287780865e-01	-2.442935054863174527e-01	0.000000000000000000e+00
6.338253960066713155e-01	-2.780744015031270111e-01	0.000000000000000000e+00
6.338253960066713155e-01	-2.780744015031270111e-01	0.000000000000000000e+00
6.372828916864445858e-01	-2.866585988633800208e-01	0.000000000000000000e+00
6.485146361848835861e-01	-3.049245711036061568e-01	0.000000000000000000e+00
6.485146361848835861e-01	-3.049245711036061568e-01	0.000000000000000000e+00
6.485146361848835861e-01	-3.049245711036061568e-01	0.000000000000000000e+00
6.485146361848835861e-01	-3.049245711036061568e-01	0.000000000000000000e+00
6.628907520829449007e-01	-2.923325112499516876e-01	0.000000000000000000e+00
8.247134186710161075e-01	-3.171722699889633623e-01	0.000000000000000000e+00
8.247134186710161075e-01	-3.171722699889633623e-01	0.000000000000000000e+00
8.254935977648596435e-01	-3.392537398147534300e-01	0.000000000000000000e+00
8.258875439839125088e-01	-3.496948519210953954e-01	0.000000000000000000e+00
8.266754364220182394e-01	-3.576295761938763640e-01	0.000000000000000000e+00
8.288365399191214289e-01	-3.791701434141965810e-01	0.000000000000000000e+00
8.288365399191214289e-01	-3.913806696240573757e-01	0.000000000000000000e+00
8.292271225431465664e-01	-3.967711652103726450e-01	0.000000000000000000e+00
8.317362301257488211e-01	-4.196672265283884484e-01	0.000000000000000000e+00
8.330541524279339027e-01	-4.425569798468227400e-01	0.000000000000000000e+00
8.327679352403377644e-01	-4.430343018395643817e-01	0.000000000000000000e+00
8.330541524279339027e-01	-4.503231904843084665e-01	0.000000000000000000e+00
8.337792698115612522e-01	-4.700957750135291713e-01	0.000000000000000000e+00
8.337792698115612522e-01	-5.018095420967245701e-01	0.000000000000000000e+00
8.337792698115612522e-01	-5.018095420967245701e-01	0.000000000000000000e+00
8.337792698115612522e-01	-5.018095420967245701e-01	0.000000000000000000e+00
8.355175813540750562e-01	-5.051521341087157335e-01	0.000000000000000000e+00
8.366115998496281847e-01	-5.213977784349311806e-01	0.000000000000000000e+00
8.373219655330101929e-01	-5.566344948417979444e-01	0.000000000000000000e+00
8.373219655330101929e-01	-5.566344948417979444e-01	0.000000000000000000e+00
8.373219655330101929e-01	-5.566344948417979444e-01	0.000000000000000000e+00
8.373219655330101929e-01	-5.566344948417979444e-01	0.000000000000000000e+00
8.412958944532993311e-01	-5.702709740210071265e-01	0.000000000000000000e+00
8.427563946876434064e-01	-5.807171446686129057e-01	0.000000000000000000e+00
8.442168949219874818e-01	-5.920745604412707142e-01	0.000000000000000000e+00
8.451869825349355159e-01	-5.944326391145565713e-01	0.000000000000000000e+00
8.467742355227820816e-01	-6.008106713048227965e-01	0.000000000000000000e+00
8.451869825349355159e-01	-5.944326391145565713e-01	0.000000000000000000e+00
8.451869825349355159e-01	-5.944326391145565713e-01	0.000000000000000000e+00
