0.000000000000000000e+00	2.555281623939397839e+00	0.000000000000000000e+00
1.689019851690835849e-02	2.174743635432314193e+00	0.000000000000000000e+00
1.689019851690835849e-02	2.174743635432314193e+00	0.000000000000000000e+00
5.093230662801997988e-02	1.647476888016323304e+00	0.000000000000000000e+00
5.093230662801997988e-02	1.544615527675744948e+00	0.000000000000000000e+00
5.093230662801997988e-02	1.544615527675744948e+00	0.000000000000000000e+00
5.093230662801997988e-02	1.544615527675744948e+00	0.000000000000000000e+00
5.093230662801997988e-02	1.544615527675744948e+00	0.000000000000000000e+00
1.044429881483530387e-01	1.434843179424283743e+00	0.000000000000000000e+00
1.044429881483530387e-01	1.434843179424283743e+00	0.000000000000000000e+00
1.044429881483530387e-01	1.434843179424283743e+00	0.000000000000000000e+00
1.044429881483530387e-01	1.434843179424283743e+00	0.000000000000000000e+00
2.077730688136095738e-01	1.361795677284487027e+00	0.000000000000000000e+00
2.077730688136095738e-01	1.361795677284487027e+00	0.000000000000000000e+00
2.077730688136095738e-01	1.361795677284487027e+00	0.000000000000000000e+00
2.077730688136095738e-01	1.356995870561112705e+00	0.000000000000000000e+00
2.077730688136095738e-01	1.356995870561112705e+00	0.000000000000000000e+00
2.202056405714560849e-01	1.064815216113277563e+00	0.000000000000000000e+00
2.202056405714560849e-01	1.064815216113277563e+00	0.000000000000000000e+00
2.202056405714560849e-01	1.064815216113277563e+00	0.000000000000000000e+00
2.202056405714560849e-01	1.064815216113277563e+00	0.000000000000000000e+00
2.202056405714560849e-01	1.064815216113277563e+00	0.000000000000000000e+00
2.202056405714560849e-01	1.064815216113277563e+00	0.000000000000000000e+00
2.202056405714560849e-01	1.064815216113277563e+00	0.000000000000000000e+00
2.202056405714560849e-01	1.064815216113277563e+00	0.000000000000000000e+00
2.377367459869802746e-01	1.097973490810184583e+00	0.000000000000000000e+00
2.377367459869802746e-01	1.079146702514681921e+00	0.000000000000000000e+00
2.377367459869802746e-01	1.079146702514681921e+00	0.000000000000000000e+00
2.377367459869802746e-01	1.079146702514681921e+00	0.000000000000000000e+00
2.377367459869802746e-01	1.079146702514681921e+00	0.000000000000000000e+00
2.377367459869802746e-01	1.079146702514681921e+00	0.000000000000000000e+00
2.377367459869802746e-01	1.079146702514681921e+00	0.000000000000000000e+00
2.377367459869802746e-01	1.079146702514681921e+00	0.000000000000000000e+00
2.377367459869802746e-01	1.079146702514681921e+00	0.000000000000000000e+00
4.198760218114110931e-01	9.073645735974006366e-01	0.000000000000000000e+00
4.198760218114110931e-01	9.962950156505875343e-01	0.000000000000000000e+00
4.198760218114110931e-01	9.962950156505875343e-01	0.000000000000000000e+00
4.198760218114110931e-01	9.355303248610952194e-01	0.000000000000000000e+00
4.198760218114110931e-01	9.191786987663989050e-01	0.000000000000000000e+00
4.198760218114110931e-01	9.191786987663989050e-01	0.000000000000000000e+00
4.198760218114110931e-01	9.187741952950738700e-01	0.000000000000000000e+00
4.198760218114110931e-01	9.187741952950738700e-01	0.000000000000000000e+00
4.198760218114110931e-01	9.187741952950738700e-01	0.000000000000000000e+00
4.835520917511915151e-01	9.106900458718186764e-01	0.000000000000000000e+00
4.835520917511915151e-01	9.106900458718186764e-01	0.000000000000000000e+00
4.835520917511915151e-01	9.106900458718186764e-01	0.000000000000000000e+00
4.835520917511915151e-01	9.106900458718186764e-01	0.000000000000000000e+00
6.865190126392922698e-01	9.017308747994801088e-01	0.000000000000000000e+00
6.865190126392922698e-01	9.017308747994801088e-01	0.000000000000000000e+00
6.186099169036087808e-01	8.418867742993625392e-01	0.000000000000000000e+00
6.186099169036087808e-01	8.418867742993625392e-01	0.000000000000000000e+00
6.186099169036087808e-01	8.418867742993625392e-01	0.000000000000000000e+00
6.201375507337070214e-01	7.851187889878747939e-01	0.000000000000000000e+00
6.186099169036087808e-01	7.702131908152854978e-01	0.000000000000000000e+00
6.216651845638051510e-01	7.070201444877133312e-01	0.000000000000000000e+00
6.216651845638051510e-01	7.070201444877133312e-01	0.000000000000000000e+00
6.216651845638051510e-01	7.070201444877133312e-01	0.000000000000000000e+00
6.216651845638051510e-01	7.070201444877133312e-01	0.000000000000000000e+00
6.216651845638051510e-01	7.070201444877133312e-01	0.000000000000000000e+00
6.273360825258633700e-01	6.382530004653585998e-01	0.000000000000000000e+00
6.273360825258633700e-01	6.382530004653585998e-01	0.000000000000000000e+00
6.273360825258633700e-01	6.382530004653585998e-01	0.000000000000000000e+00
6.273360825258633700e-01	6.382530004653585998e-01	0.000000000000000000e+00
6.273360825258633700e-01	6.382530004653585998e-01	0.000000000000000000e+00
6.333832625504089986e-01	5.991680643636011494e-01	0.000000000000000000e+00
6.333832625504089986e-01	5.991680643636011494e-01	0.000000000000000000e+00
6.333832625504089986e-01	5.991680643636011494e-01	0.000000000000000000e+00
6.333832625504089986e-01	5.991680643636011494e-01	0.000000000000000000e+00
6.333832625504089986e-01	5.991680643636011494e-01	0.000000000000000000e+00
6.333832625504089986e-01	5.991680643636011494e-01	0.000000000000000000e+00
8.419675772104262546e-01	4.474666646299546025e-01	0.000000000000000000e+00
8.419675772104262546e-01	4.474666646299546025e-01	0.000000000000000000e+00
8.419675772104262546e-01	4.474666646299546025e-01	0.000000000000000000e+00
8.419675772104262546e-01	4.474666646299546025e-01	0.000000000000000000e+00
8.418866891587515333e-01	4.422406060303682440e-01	0.000000000000000000e+00
8.418866891587515333e-01	4.422406060303682440e-01	0.000000000000000000e+00
8.418866891587515333e-01	4.422406060303682440e-01	0.000000000000000000e+00
8.418866891587515333e-01	4.422406060303682440e-01	0.000000000000000000e+00
8.418866891587515333e-01	4.422406060303682440e-01	0.000000000000000000e+00
8.417043032896099897e-01	4.184837510627259505e-01	0.000000000000000000e+00
8.417043032896099897e-01	4.184837510627259505e-01	0.000000000000000000e+00
8.417043032896099897e-01	4.184837510627259505e-01	0.000000000000000000e+00
8.417043032896099897e-01	4.184837510627259505e-01	0.000000000000000000e+00
8.417043032896099897e-01	4.184837510627259505e-01	0.000000000000000000e+00
8.417043032896099897e-01	4.184837510627259505e-01	0.000000000000000000e+00
8.417043032896099897e-01	3.926358215039795208e-01	0.000000000000000000e+00
8.417043032896099897e-01	3.926358215039795208e-01	0.000000000000000000e+00
8.417043032896099897e-01	3.926358215039795208e-01	0.000000000000000000e+00
8.417043032896099897e-01	3.784695982278024062e-01	0.000000000000000000e+00
8.419245234549335155e-01	3.271663694257887500e-01	0.000000000000000000e+00
8.419245234549335155e-01	3.271663694257887500e-01	0.000000000000000000e+00
8.421447436202569303e-01	3.170846321912584309e-01	0.000000000000000000e+00
8.421447436202569303e-01	3.170846321912584309e-01	0.000000000000000000e+00
8.421447436202569303e-01	3.170846321912584309e-01	0.000000000000000000e+00
8.421447436202569303e-01	3.170846321912584309e-01	0.000000000000000000e+00
8.421610565648477431e-01	3.097365897000180501e-01	0.000000000000000000e+00
8.421610565648477431e-01	3.097365897000180501e-01	0.000000000000000000e+00
8.421610565648477431e-01	3.097365897000180501e-01	0.000000000000000000e+00
8.422037990902005999e-01	3.457606044968423165e-01	0.000000000000000000e+00
8.422037990902005999e-01	3.457606044968423165e-01	0.000000000000000000e+00
