0.000000000000000000e+00	2.067551641403647888e+00	0.000000000000000000e+00
1.964417380653213363e-03	1.333992212562783886e+00	0.000000000000000000e+00
2.978923129858398328e-02	1.162166183460502378e+00	0.000000000000000000e+00
3.915281174529118557e-02	1.122945622004877242e+00	0.000000000000000000e+00
4.994351406302994373e-02	1.059663095236553998e+00	0.000000000000000000e+00
7.130037768298994050e-02	9.226630726603911592e-01	0.000000000000000000e+00
8.377010447254792935e-02	8.906522209914773391e-01	0.000000000000000000e+00
8.377010447254792935e-02	8.906522209914773391e-01	0.000000000000000000e+00
8.377010447254792935e-02	8.906522209914773391e-01	0.000000000000000000e+00
8.377010447254792935e-02	8.906522209914773391e-01	0.000000000000000000e+00
8.377010447254792935e-02	8.973169374906326823e-01	0.000000000000000000e+00
8.377010447254792935e-02	8.973169374906326823e-01	0.000000000000000000e+00
8.377010447254792935e-02	8.973169374906326823e-01	0.000000000000000000e+00
8.377010447254792935e-02	8.973169374906326823e-01	0.000000000000000000e+00
8.377010447254792935e-02	9.000951526114395751e-01	0.000000000000000000e+00
2.185649845600138030e-01	7.546263144516675014e-01	0.000000000000000000e+00
2.234231814455952536e-01	7.186621652839311203e-01	0.000000000000000000e+00
2.234231814455952536e-01	6.940872076804881496e-01	0.000000000000000000e+00
2.279274384948152821e-01	6.771987711210190053e-01	0.000000000000000000e+00
2.379977721023395221e-01	6.421306297488310610e-01	0.000000000000000000e+00
2.448486803785845933e-01	5.989487175203578317e-01	0.000000000000000000e+00
2.554667145367564007e-01	5.470203047079111869e-01	0.000000000000000000e+00
2.554667145367564007e-01	5.161385203488777496e-01	0.000000000000000000e+00
2.554667145367564007e-01	5.041747158920294458e-01	0.000000000000000000e+00
2.554667145367564007e-01	5.020308726314574033e-01	0.000000000000000000e+00
2.554667145367564007e-01	5.020308726314574033e-01	0.000000000000000000e+00
2.554667145367564007e-01	5.020308726314574033e-01	0.000000000000000000e+00
2.554667145367564007e-01	5.020308726314574033e-01	0.000000000000000000e+00
2.554667145367564007e-01	5.020308726314574033e-01	0.000000000000000000e+00
2.554667145367564007e-01	5.020308726314574033e-01	0.000000000000000000e+00
2.554667145367564007e-01	5.020308726314574033e-01	0.000000000000000000e+00
2.554667145367564007e-01	5.020308726314574033e-01	0.000000000000000000e+00
4.260045325443002073e-01	2.847966437772479487e-01	0.000000000000000000e+00
4.260045325443002073e-01	2.847966437772479487e-01	0.000000000000000000e+00
4.194210222559163759e-01	3.715363532780823763e-01	0.000000000000000000e+00
4.194210222559163759e-01	3.715363532780823763e-01	0.000000000000000000e+00
4.260045325443002073e-01	2.847966437772479487e-01	0.000000000000000000e+00
4.260045325443002073e-01	2.847966437772479487e-01	0.000000000000000000e+00
4.260045325443002073e-01	2.847966437772479487e-01	0.000000000000000000e+00
4.343928744092737659e-01	2.405716343417352854e-01	0.000000000000000000e+00
4.343928744092737659e-01	2.405716343417352854e-01	0.000000000000000000e+00
4.406477287469320880e-01	1.936667516785011423e-01	0.000000000000000000e+00
4.406477287469320880e-01	1.936667516785011423e-01	0.000000000000000000e+00
4.475421348978778635e-01	1.777635380465071580e-01	0.000000000000000000e+00
4.475421348978778635e-01	1.685722897193253911e-01	0.000000000000000000e+00
4.475421348978778635e-01	1.685722897193253911e-01	0.000000000000000000e+00
4.475421348978778635e-01	1.685722897193253911e-01	0.000000000000000000e+00
4.475421348978778635e-01	1.685722897193253911e-01	0.000000000000000000e+00
4.475421348978778635e-01	1.685722897193253911e-01	0.000000000000000000e+00
4.475421348978778635e-01	1.685722897193253911e-01	0.000000000000000000e+00
4.475421348978778635e-01	1.685722897193253911e-01	0.000000000000000000e+00
4.475421348978778635e-01	1.724113472099271793e-01	0.000000000000000000e+00
4.475421348978778635e-01	1.724113472099271793e-01	0.000000000000000000e+00
6.496581175589830615e-01	-5.446313909085982730e-02	0.000000000000000000e+00
6.242320566043293439e-01	1.145616650029119693e-01	0.000000000000000000e+00
6.496581175589830615e-01	-5.446313909085982730e-02	0.000000000000000000e+00
6.496581175589830615e-01	-5.446313909085982730e-02	0.000000000000000000e+00
6.496581175589830615e-01	-5.446313909085982730e-02	0.000000000000000000e+00
6.496581175589830615e-01	-5.446313909085982730e-02	0.000000000000000000e+00
6.496581175589830615e-01	-5.446313909085982730e-02	0.000000000000000000e+00
6.497738604830696207e-01	-9.065050216895317869e-02	0.000000000000000000e+00
6.496581175589830615e-01	-1.189184691418914558e-01	0.000000000000000000e+00
6.496581175589830615e-01	-1.189184691418914558e-01	0.000000000000000000e+00
6.497738604830696207e-01	-9.065050216895317869e-02	0.000000000000000000e+00
6.497738604830696207e-01	-9.065050216895317869e-02	0.000000000000000000e+00
6.497738604830696207e-01	-9.065050216895317869e-02	0.000000000000000000e+00
6.497738604830696207e-01	-9.065050216895317869e-02	0.000000000000000000e+00
6.499582079825005909e-01	-9.492856951814476751e-02	0.000000000000000000e+00
6.499415987548600171e-01	-9.512787313584679383e-02	0.000000000000000000e+00
6.499415987548600171e-01	-9.512787313584679383e-02	0.000000000000000000e+00
6.499415987548600171e-01	-9.512787313584679383e-02	0.000000000000000000e+00
6.499415987548600171e-01	-9.512787313584679383e-02	0.000000000000000000e+00
6.499415987548600171e-01	-9.512787313584679383e-02	0.000000000000000000e+00
6.499415987548600171e-01	-9.512787313584679383e-02	0.000000000000000000e+00
8.422715106105832517e-01	-1.959224253541245186e-01	0.000000000000000000e+00
8.422715106105832517e-01	-1.959224253541245186e-01	0.000000000000000000e+00
8.422715106105832517e-01	-1.959224253541245186e-01	0.000000000000000000e+00
8.422715106105832517e-01	-1.781536167379109137e-01	0.000000000000000000e+00
8.422715106105832517e-01	-1.781536167379109137e-01	0.000000000000000000e+00
8.422715106105832517e-01	-1.959224253541245186e-01	0.000000000000000000e+00
8.422715106105832517e-01	-1.959224253541245186e-01	0.000000000000000000e+00
8.421682828714694979e-01	-2.281033052695312646e-01	0.000000000000000000e+00
8.421682828714694979e-01	-4.035436081943192810e-01	0.000000000000000000e+00
8.421682828714694979e-01	-4.016537393576872228e-01	0.000000000000000000e+00
8.421682828714694979e-01	-4.016537393576872228e-01	0.000000000000000000e+00
8.421682828714694979e-01	-4.016537393576872228e-01	0.000000000000000000e+00
8.421682828714694979e-01	-4.016537393576872228e-01	0.000000000000000000e+00
8.421682828714694979e-01	-4.016537393576872228e-01	0.000000000000000000e+00
8.421682828714694979e-01	-4.016537393576872228e-01	0.000000000000000000e+00
8.421682828714694979e-01	-4.016537393576872228e-01	0.000000000000000000e+00
8.421682828714694979e-01	-4.016537393576872228e-01	0.000000000000000000e+00
8.429208321415462279e-01	-3.223677268250804695e-01	0.000000000000000000e+00
8.471075093853197568e-01	-3.602472307363415172e-01	0.000000000000000000e+00
8.471075093853197568e-01	-3.602472307363415172e-01	0.000000000000000000e+00
8.471075093853197568e-01	-3.602472307363415172e-01	0.000000000000000000e+00
8.471075093853197568e-01	-3.602472307363415172e-01	0.000000000000000000e+00
8.471075093853197568e-01	-3.602472307363415172e-01	0.000000000000000000e+00
8.471075093853197568e-01	-3.602472307363415172e-01	0.000000000000000000e+00
8.471075093853197568e-01	-3.602472307363415172e-01	0.000000000000000000e+00
8.471075093853197568e-01	-3.602472307363415172e-01	0.000000000000000000e+00
