0.000000000000000000e+00	1.678944307375028089e+00	0.000000000000000000e+00
3.285931202535011947e-03	1.023270813186721861e+00	0.000000000000000000e+00
3.010286196754028212e-02	8.890610431185063112e-01	0.000000000000000000e+00
4.353802302132157159e-02	7.875249629283355146e-01	0.000000000000000000e+00
4.353802302132157159e-02	7.875249629283355146e-01	0.000000000000000000e+00
7.088706998734016496e-02	7.415536104125327599e-01	0.000000000000000000e+00
8.134389387347464029e-02	7.089310893919923418e-01	0.000000000000000000e+00
8.134389387347464029e-02	7.089310893919923418e-01	0.000000000000000000e+00
8.134389387347464029e-02	7.119071089938351360e-01	0.000000000000000000e+00
8.134389387347464029e-02	7.119071089938351360e-01	0.000000000000000000e+00
8.301188397753807291e-02	7.211713272871126401e-01	0.000000000000000000e+00
8.301188397753807291e-02	7.211713272871126401e-01	0.000000000000000000e+00
8.301188397753807291e-02	7.211713272871126401e-01	0.000000000000000000e+00
1.951159500441959904e-01	6.702668109734595259e-01	0.000000000000000000e+00
2.037609285813921645e-01	6.089993111461901032e-01	0.000000000000000000e+00
2.087143743822212349e-01	5.377766702695842005e-01	0.000000000000000000e+00
2.143570099690972064e-01	5.040071603961804314e-01	0.000000000000000000e+00
2.218501914611931414e-01	4.384069630061809275e-01	0.000000000000000000e+00
2.292071964043393140e-01	4.010634003976749073e-01	0.000000000000000000e+00
2.356326433738608339e-01	3.566495461805018197e-01	0.000000000000000000e+00
2.454973790073732842e-01	3.485544277597132368e-01	0.000000000000000000e+00
2.506105262189342042e-01	3.014050277758096308e-01	0.000000000000000000e+00
2.543734958889660724e-01	2.994424596036756592e-01	0.000000000000000000e+00
2.581364655589979962e-01	2.976294548173586962e-01	0.000000000000000000e+00
2.581364655589979962e-01	2.976294548173586962e-01	0.000000000000000000e+00
2.581364655589979962e-01	2.976294548173586962e-01	0.000000000000000000e+00
2.581364655589979962e-01	2.976294548173586962e-01	0.000000000000000000e+00
2.581364655589979962e-01	2.976294548173586962e-01	0.000000000000000000e+00
2.581364655589979962e-01	2.976294548173586962e-01	0.000000000000000000e+00
2.581364655589979962e-01	2.976294548173586962e-01	0.000000000000000000e+00
2.581364655589979962e-01	2.976294548173586962e-01	0.000000000000000000e+00
4.138348122853563460e-01	2.725350976459688379e-01	0.000000000000000000e+00
4.196109791134139955e-01	2.144273397368275380e-01	0.000000000000000000e+00
4.196109791134139955e-01	2.031938059476896541e-01	0.000000000000000000e+00
4.266676463924090612e-01	1.692891388059288849e-01	0.000000000000000000e+00
4.266676463924090612e-01	1.417331143617348577e-01	0.000000000000000000e+00
4.299026549723362067e-01	1.066532617455013682e-01	0.000000000000000000e+00
4.366748270786627306e-01	4.971302180005391508e-02	0.000000000000000000e+00
4.366748270786627306e-01	4.971302180005391508e-02	0.000000000000000000e+00
4.366748270786627306e-01	2.581594120034375398e-02	0.000000000000000000e+00
4.400519243018869986e-01	2.319749319312882502e-02	0.000000000000000000e+00
4.414393158006130191e-01	-4.972203541745282739e-05	0.000000000000000000e+00
4.498853599827962735e-01	-3.154504080373041891e-02	0.000000000000000000e+00
4.525115273068274768e-01	-4.947051541791337020e-02	0.000000000000000000e+00
4.547688860792109544e-01	-5.112987741096852029e-02	0.000000000000000000e+00
4.547688860792109544e-01	-5.112987741096852029e-02	0.000000000000000000e+00
4.547688860792109544e-01	-5.227288278165533736e-02	0.000000000000000000e+00
4.547688860792109544e-01	-5.227288278165533736e-02	0.000000000000000000e+00
4.547688860792109544e-01	-5.227288278165533736e-02	0.000000000000000000e+00
4.547688860792109544e-01	-5.227288278165533736e-02	0.000000000000000000e+00
4.547688860792109544e-01	-5.227288278165533736e-02	0.000000000000000000e+00
4.547688860792109544e-01	-5.227288278165533736e-02	0.000000000000000000e+00
6.249932715059055566e-01	-1.370127759357502029e-01	0.000000000000000000e+00
6.249932715059055566e-01	-1.370127759357502029e-01	0.000000000000000000e+00
6.249932715059055566e-01	-1.370127759357502029e-01	0.000000000000000000e+00
6.249932715059055566e-01	-1.370127759357502029e-01	0.000000000000000000e+00
6.269425903525289723e-01	-1.708424216443724386e-01	0.000000000000000000e+00
6.269425903525289723e-01	-1.708424216443724386e-01	0.000000000000000000e+00
6.297602781391089533e-01	-1.909992991804985440e-01	0.000000000000000000e+00
6.298336998698597089e-01	-2.311871922468997087e-01	0.000000000000000000e+00
6.298336998698597089e-01	-2.311871922468997087e-01	0.000000000000000000e+00
6.328184039158317731e-01	-2.555896000909786969e-01	0.000000000000000000e+00
6.328184039158317731e-01	-2.592290762479471655e-01	0.000000000000000000e+00
6.378103951907476699e-01	-3.155096357242676564e-01	0.000000000000000000e+00
6.378103951907476699e-01	-3.155096357242676564e-01	0.000000000000000000e+00
6.378103951907476699e-01	-3.155096357242676564e-01	0.000000000000000000e+00
6.378103951907476699e-01	-3.155096357242676564e-01	0.000000000000000000e+00
6.419042967532592181e-01	-3.434221738424035886e-01	0.000000000000000000e+00
6.419042967532592181e-01	-3.434221738424035886e-01	0.000000000000000000e+00
6.503197065790904396e-01	-3.641030995073979426e-01	0.000000000000000000e+00
6.503197065790904396e-01	-3.641030995073979426e-01	0.000000000000000000e+00
6.503197065790904396e-01	-3.641030995073979426e-01	0.000000000000000000e+00
6.503197065790904396e-01	-3.641030995073979426e-01	0.000000000000000000e+00
6.503197065790904396e-01	-3.641030995073979426e-01	0.000000000000000000e+00
6.503197065790904396e-01	-3.641030995073979426e-01	0.000000000000000000e+00
8.266754364220182394e-01	-3.809231843667301165e-01	0.000000000000000000e+00
8.266754364220182394e-01	-4.275991150167429700e-01	0.000000000000000000e+00
8.266754364220182394e-01	-4.275991150167429700e-01	0.000000000000000000e+00
8.266754364220182394e-01	-4.275991150167429700e-01	0.000000000000000000e+00
8.266754364220182394e-01	-4.275991150167429700e-01	0.000000000000000000e+00
8.275287635573869149e-01	-4.414247320304807154e-01	0.000000000000000000e+00
8.282234470342886290e-01	-4.599769630790760400e-01	0.000000000000000000e+00
8.282234470342886290e-01	-4.629870674675314879e-01	0.000000000000000000e+00
8.317954416624737668e-01	-4.744824938515369017e-01	0.000000000000000000e+00
8.324774865692641246e-01	-4.912290647120046150e-01	0.000000000000000000e+00
8.330088955967820397e-01	-4.991893840929043646e-01	0.000000000000000000e+00
8.374495531060441866e-01	-5.128099947774723555e-01	0.000000000000000000e+00
8.374495531060441866e-01	-5.406076640748184170e-01	0.000000000000000000e+00
8.373219655330101929e-01	-5.429437322985152248e-01	0.000000000000000000e+00
8.373219655330101929e-01	-5.429437322985152248e-01	0.000000000000000000e+00
8.397896780852621701e-01	-5.847271561133291495e-01	0.000000000000000000e+00
8.397896780852621701e-01	-5.728922590647042012e-01	0.000000000000000000e+00
8.397896780852621701e-01	-5.728922590647042012e-01	0.000000000000000000e+00
8.397896780852621701e-01	-5.847271561133291495e-01	0.000000000000000000e+00
8.397896780852621701e-01	-6.044588490009999981e-01	0.000000000000000000e+00
8.397896780852621701e-01	-6.044588490009999981e-01	0.000000000000000000e+00
8.413606676166931475e-01	-6.266777874478730581e-01	0.000000000000000000e+00
8.413606676166931475e-01	-6.266777874478730581e-01	0.000000000000000000e+00
8.413606676166931475e-01	-6.266777874478730581e-01	0.000000000000000000e+00
8.430647418922359027e-01	-6.349265712521546812e-01	0.000000000000000000e+00
