0.000000000000000000e+00	2.695655909928758920e+00	0.000000000000000000e+00
7.101177024687696515e-03	1.633857924767478709e+00	0.000000000000000000e+00
2.978923129858398328e-02	1.516984771873940430e+00	0.000000000000000000e+00
5.093230662801997988e-02	1.433113582224813554e+00	0.000000000000000000e+00
5.424174837748396705e-02	1.364058729396472991e+00	0.000000000000000000e+00
7.494846748662986613e-02	1.291419228329519386e+00	0.000000000000000000e+00
7.494846748662986613e-02	1.291419228329519386e+00	0.000000000000000000e+00
7.494846748662986613e-02	1.291419228329519386e+00	0.000000000000000000e+00
7.494846748662986613e-02	1.291419228329519386e+00	0.000000000000000000e+00
7.494846748662986613e-02	1.291419228329519386e+00	0.000000000000000000e+00
7.494846748662986613e-02	1.291419228329519386e+00	0.000000000000000000e+00
1.753992201127327344e-01	1.159938575914027270e+00	0.000000000000000000e+00
1.834286626466170855e-01	1.129044940638541439e+00	0.000000000000000000e+00
1.839018930188869028e-01	1.119982887940267346e+00	0.000000000000000000e+00
1.994875477143857878e-01	1.033367870741747963e+00	0.000000000000000000e+00
2.135035083952449841e-01	9.970928318283071023e-01	0.000000000000000000e+00
2.135035083952449841e-01	9.417263717968434866e-01	0.000000000000000000e+00
2.207052879426107672e-01	8.798414351163454938e-01	0.000000000000000000e+00
2.207052879426107672e-01	8.798414351163454938e-01	0.000000000000000000e+00
2.554667145367564007e-01	6.891242539981484727e-01	0.000000000000000000e+00
2.554667145367564007e-01	6.891242539981484727e-01	0.000000000000000000e+00
2.554667145367564007e-01	6.891242539981484727e-01	0.000000000000000000e+00
2.554667145367564007e-01	6.891242539981484727e-01	0.000000000000000000e+00
2.554667145367564007e-01	7.877902041102685660e-01	0.000000000000000000e+00
2.554667145367564007e-01	7.877902041102685660e-01	0.000000000000000000e+00
2.554667145367564007e-01	8.188546537784344714e-01	0.000000000000000000e+00
2.554667145367564007e-01	8.188546537784344714e-01	0.000000000000000000e+00
2.554667145367564007e-01	8.188546537784344714e-01	0.000000000000000000e+00
2.554667145367564007e-01	8.188546537784344714e-01	0.000000000000000000e+00
2.554667145367564007e-01	8.188546537784344714e-01	0.000000000000000000e+00
4.261523920574916691e-01	5.947227497947281671e-01	0.000000000000000000e+00
4.261523920574916691e-01	5.947227497947281671e-01	0.000000000000000000e+00
4.261523920574916691e-01	5.947227497947281671e-01	0.000000000000000000e+00
4.261523920574916691e-01	5.947227497947281671e-01	0.000000000000000000e+00
4.261523920574916691e-01	5.947227497947281671e-01	0.000000000000000000e+00
4.261523920574916691e-01	5.868985503133238302e-01	0.000000000000000000e+00
4.363423764776719338e-01	5.429028574171091970e-01	0.000000000000000000e+00
4.382963675877532550e-01	4.838685415452793626e-01	0.000000000000000000e+00
4.382963675877532550e-01	4.838685415452793626e-01	0.000000000000000000e+00
4.382963675877532550e-01	4.838685415452793626e-01	0.000000000000000000e+00
4.465571144119008795e-01	4.304319597018769206e-01	0.000000000000000000e+00
4.465571144119008795e-01	4.304319597018769206e-01	0.000000000000000000e+00
4.465571144119008795e-01	3.846481215714453450e-01	0.000000000000000000e+00
4.465571144119008795e-01	3.846481215714453450e-01	0.000000000000000000e+00
4.465571144119008795e-01	4.095897648358606258e-01	0.000000000000000000e+00
4.465571144119008795e-01	4.095897648358606258e-01	0.000000000000000000e+00
4.465571144119008795e-01	4.095897648358606258e-01	0.000000000000000000e+00
4.465571144119008795e-01	4.095897648358606258e-01	0.000000000000000000e+00
4.465571144119008795e-01	4.095897648358606258e-01	0.000000000000000000e+00
4.465571144119008795e-01	4.095897648358606258e-01	0.000000000000000000e+00
4.465571144119008795e-01	4.095897648358606258e-01	0.000000000000000000e+00
6.396397942789041613e-01	3.048602891124535530e-01	0.000000000000000000e+00
6.396397942789041613e-01	3.048602891124535530e-01	0.000000000000000000e+00
6.396397942789041613e-01	3.048602891124535530e-01	0.000000000000000000e+00
6.396397942789041613e-01	3.048602891124535530e-01	0.000000000000000000e+00
6.396397942789041613e-01	2.353944906811379356e-01	0.000000000000000000e+00
6.396397942789041613e-01	2.353944906811379356e-01	0.000000000000000000e+00
6.396397942789041613e-01	2.426696787976497793e-01	0.000000000000000000e+00
6.396397942789041613e-01	2.426696787976497793e-01	0.000000000000000000e+00
6.396397942789041613e-01	2.353944906811379356e-01	0.000000000000000000e+00
6.396397942789041613e-01	2.426696787976497793e-01	0.000000000000000000e+00
6.396397942789041613e-01	2.426696787976497793e-01	0.000000000000000000e+00
6.396397942789041613e-01	2.426696787976497793e-01	0.000000000000000000e+00
6.396397942789041613e-01	2.426696787976497793e-01	0.000000000000000000e+00
6.396397942789041613e-01	2.426696787976497793e-01	0.000000000000000000e+00
8.373035463003425383e-01	4.030629845875455253e-02	0.000000000000000000e+00
8.373035463003425383e-01	1.789902091968191833e-01	0.000000000000000000e+00
8.373035463003425383e-01	1.789902091968191833e-01	0.000000000000000000e+00
8.373035463003425383e-01	1.789902091968191833e-01	0.000000000000000000e+00
8.373035463003425383e-01	8.282670936876711243e-02	0.000000000000000000e+00
8.373035463003425383e-01	8.282670936876711243e-02	0.000000000000000000e+00
8.373035463003425383e-01	8.282670936876711243e-02	0.000000000000000000e+00
8.373035463003425383e-01	8.282670936876711243e-02	0.000000000000000000e+00
8.373035463003425383e-01	8.282670936876711243e-02	0.000000000000000000e+00
8.373035463003425383e-01	8.282670936876711243e-02	0.000000000000000000e+00
8.395487293277239527e-01	4.877694823322070022e-02	0.000000000000000000e+00
8.395487293277239527e-01	4.877694823322070022e-02	0.000000000000000000e+00
8.395487293277239527e-01	2.678280800800053943e-02	0.000000000000000000e+00
8.395487293277239527e-01	2.678280800800053943e-02	0.000000000000000000e+00
8.410561095946965660e-01	3.034355136125053368e-03	0.000000000000000000e+00
8.431056435541681715e-01	-6.847059068011301930e-02	0.000000000000000000e+00
8.431056435541681715e-01	-6.847059068011301930e-02	0.000000000000000000e+00
8.431056435541681715e-01	-6.847059068011301930e-02	0.000000000000000000e+00
8.431056435541681715e-01	-6.847059068011301930e-02	0.000000000000000000e+00
8.431056435541681715e-01	-6.847059068011301930e-02	0.000000000000000000e+00
8.436490623486821994e-01	-9.062463399193233793e-02	0.000000000000000000e+00
8.436490623486821994e-01	-9.062463399193233793e-02	0.000000000000000000e+00
8.445056717511456590e-01	-8.225969073642941387e-02	0.000000000000000000e+00
8.453622811536091186e-01	-1.174111314613951879e-01	0.000000000000000000e+00
8.453622811536091186e-01	-1.174111314613951879e-01	0.000000000000000000e+00
8.453622811536091186e-01	-1.174111314613951879e-01	0.000000000000000000e+00
8.453622811536091186e-01	-1.573402621849445404e-01	0.000000000000000000e+00
8.453622811536091186e-01	-1.431905546574789023e-01	0.000000000000000000e+00
8.453622811536091186e-01	-1.431905546574789023e-01	0.000000000000000000e+00
8.453622811536091186e-01	-1.573402621849445404e-01	0.000000000000000000e+00
8.453622811536091186e-01	-1.758820239235704963e-01	0.000000000000000000e+00
8.453622811536091186e-01	-1.758820239235704963e-01	0.000000000000000000e+00
8.453622811536091186e-01	-1.883922314158164302e-01	0.000000000000000000e+00
8.453622811536091186e-01	-1.931358501866225486e-01	0.000000000000000000e+00
8.453622811536091186e-01	-1.975012749143561230e-01	0.000000000000000000e+00
