0.000000000000000000e+00	1.624218414437823110e+00	0.000000000000000000e+00
1.964417380653213363e-03	1.333992212562783886e+00	0.000000000000000000e+00
2.978923129858398328e-02	1.162166183460502378e+00	0.000000000000000000e+00
3.915281174529118557e-02	1.042044354843642884e+00	0.000000000000000000e+00
3.915281174529118557e-02	1.042044354843642884e+00	0.000000000000000000e+00
7.130037768298994050e-02	9.226630726603911592e-01	0.000000000000000000e+00
8.377010447254792935e-02	8.946184346655465802e-01	0.000000000000000000e+00
8.377010447254792935e-02	8.906522209914773391e-01	0.000000000000000000e+00
8.377010447254792935e-02	8.906522209914773391e-01	0.000000000000000000e+00
8.377010447254792935e-02	8.906522209914773391e-01	0.000000000000000000e+00
8.377010447254792935e-02	8.931225676758108856e-01	0.000000000000000000e+00
8.377010447254792935e-02	8.946184346655465802e-01	0.000000000000000000e+00
8.377010447254792935e-02	8.958025297469053294e-01	0.000000000000000000e+00
8.377010447254792935e-02	8.958025297469053294e-01	0.000000000000000000e+00
2.125786878567076932e-01	7.323616047214736025e-01	0.000000000000000000e+00
2.125786878567076932e-01	7.323616047214736025e-01	0.000000000000000000e+00
2.185649845600138030e-01	7.093606163986417856e-01	0.000000000000000000e+00
2.185649845600138030e-01	6.496935013317799434e-01	0.000000000000000000e+00
2.185649845600138030e-01	6.496935013317799434e-01	0.000000000000000000e+00
2.379977721023395221e-01	5.521500988819950662e-01	0.000000000000000000e+00
2.379977721023395221e-01	5.521500988819950662e-01	0.000000000000000000e+00
2.488345177053852275e-01	5.012797317855884893e-01	0.000000000000000000e+00
2.548552888453382015e-01	4.980103520334088762e-01	0.000000000000000000e+00
2.548552888453382015e-01	4.980103520334088762e-01	0.000000000000000000e+00
2.548552888453382015e-01	4.980103520334088762e-01	0.000000000000000000e+00
2.548552888453382015e-01	4.980103520334088762e-01	0.000000000000000000e+00
2.569934298455598953e-01	4.917873654610840362e-01	0.000000000000000000e+00
2.569934298455598953e-01	4.917873654610840362e-01	0.000000000000000000e+00
2.569934298455598953e-01	4.917873654610840362e-01	0.000000000000000000e+00
2.569934298455598953e-01	4.917873654610840362e-01	0.000000000000000000e+00
2.569934298455598953e-01	4.917873654610840362e-01	0.000000000000000000e+00
2.569934298455598953e-01	4.917873654610840362e-01	0.000000000000000000e+00
4.190310386996392578e-01	3.495008566810530737e-01	0.000000000000000000e+00
4.190310386996392578e-01	3.495008566810530737e-01	0.000000000000000000e+00
4.190310386996392578e-01	3.495008566810530737e-01	0.000000000000000000e+00
4.190310386996392578e-01	3.495008566810530737e-01	0.000000000000000000e+00
4.260045325443002073e-01	2.936367328076753269e-01	0.000000000000000000e+00
4.260045325443002073e-01	2.936367328076753269e-01	0.000000000000000000e+00
4.263278145241568007e-01	2.670237183917108514e-01	0.000000000000000000e+00
4.311011192650818780e-01	2.230002815569193941e-01	0.000000000000000000e+00
4.311011192650818780e-01	2.230002815569193941e-01	0.000000000000000000e+00
4.343928744092737659e-01	2.097556788445114340e-01	0.000000000000000000e+00
4.406477287469320880e-01	1.936667516785011423e-01	0.000000000000000000e+00
4.475421348978778635e-01	1.205696312233056622e-01	0.000000000000000000e+00
4.475421348978778635e-01	1.205696312233056622e-01	0.000000000000000000e+00
4.475421348978778635e-01	1.205696312233056622e-01	0.000000000000000000e+00
4.475421348978778635e-01	1.205696312233056622e-01	0.000000000000000000e+00
4.475421348978778635e-01	1.205696312233056622e-01	0.000000000000000000e+00
4.475421348978778635e-01	1.205696312233056622e-01	0.000000000000000000e+00
4.475421348978778635e-01	1.205696312233056622e-01	0.000000000000000000e+00
4.475421348978778635e-01	1.205696312233056622e-01	0.000000000000000000e+00
4.475421348978778635e-01	1.611483255572873641e-01	0.000000000000000000e+00
6.242320566043293439e-01	1.242014442995623656e-02	0.000000000000000000e+00
6.242320566043293439e-01	1.242014442995623656e-02	0.000000000000000000e+00
6.242320566043293439e-01	1.242014442995623656e-02	0.000000000000000000e+00
6.242320566043293439e-01	1.242014442995623656e-02	0.000000000000000000e+00
6.242320566043293439e-01	1.242014442995623656e-02	0.000000000000000000e+00
6.242320566043293439e-01	1.242014442995623656e-02	0.000000000000000000e+00
6.494403173055006695e-01	-5.601829000349244081e-02	0.000000000000000000e+00
6.494403173055006695e-01	-5.601829000349244081e-02	0.000000000000000000e+00
6.494403173055006695e-01	-5.601829000349244081e-02	0.000000000000000000e+00
6.494403173055006695e-01	-5.601829000349244081e-02	0.000000000000000000e+00
6.494403173055006695e-01	-5.601829000349244081e-02	0.000000000000000000e+00
6.494403173055006695e-01	-8.946543957523775403e-02	0.000000000000000000e+00
6.494403173055006695e-01	-8.946543957523775403e-02	0.000000000000000000e+00
6.496482800018640313e-01	-6.977641951564231282e-02	0.000000000000000000e+00
6.496482800018640313e-01	-9.612587890949249314e-02	0.000000000000000000e+00
6.496482800018640313e-01	-9.612587890949249314e-02	0.000000000000000000e+00
6.496482800018640313e-01	-9.612587890949249314e-02	0.000000000000000000e+00
6.499415987548600171e-01	-9.512787313584679383e-02	0.000000000000000000e+00
6.499415987548600171e-01	-9.512787313584679383e-02	0.000000000000000000e+00
6.499415987548600171e-01	-9.512787313584679383e-02	0.000000000000000000e+00
6.499415987548600171e-01	-9.512787313584679383e-02	0.000000000000000000e+00
8.421166690019126211e-01	-2.509828766180593473e-01	0.000000000000000000e+00
8.421166690019126211e-01	-2.509828766180593473e-01	0.000000000000000000e+00
8.421166690019126211e-01	-2.509828766180593473e-01	0.000000000000000000e+00
8.421166690019126211e-01	-2.509828766180593473e-01	0.000000000000000000e+00
8.421166690019126211e-01	-2.509828766180593473e-01	0.000000000000000000e+00
8.421166690019126211e-01	-2.509828766180593473e-01	0.000000000000000000e+00
8.421166690019126211e-01	-2.509828766180593473e-01	0.000000000000000000e+00
8.421166690019126211e-01	-2.207041636757942349e-01	0.000000000000000000e+00
8.377834050700756485e-01	-2.807231474772079460e-01	0.000000000000000000e+00
8.377834050700756485e-01	-2.807231474772079460e-01	0.000000000000000000e+00
8.377834050700756485e-01	-2.807231474772079460e-01	0.000000000000000000e+00
8.377834050700756485e-01	-2.807231474772079460e-01	0.000000000000000000e+00
8.377834050700756485e-01	-2.807231474772079460e-01	0.000000000000000000e+00
8.377834050700756485e-01	-2.807231474772079460e-01	0.000000000000000000e+00
8.377834050700756485e-01	-2.975509296184726260e-01	0.000000000000000000e+00
8.377834050700756485e-01	-3.009773768576341491e-01	0.000000000000000000e+00
8.421682828714694979e-01	-3.292419708092819142e-01	0.000000000000000000e+00
8.421682828714694979e-01	-3.292419708092819142e-01	0.000000000000000000e+00
8.421682828714694979e-01	-3.322016181824365422e-01	0.000000000000000000e+00
8.471075093853197568e-01	-3.880672152475152514e-01	0.000000000000000000e+00
8.471075093853197568e-01	-3.880672152475152514e-01	0.000000000000000000e+00
8.471075093853197568e-01	-3.880672152475152514e-01	0.000000000000000000e+00
8.471075093853197568e-01	-3.880672152475152514e-01	0.000000000000000000e+00
8.471075093853197568e-01	-3.880672152475152514e-01	0.000000000000000000e+00
8.471075093853197568e-01	-3.880672152475152514e-01	0.000000000000000000e+00
8.471075093853197568e-01	-3.880672152475152514e-01	0.000000000000000000e+00
8.471075093853197568e-01	-3.880672152475152514e-01	0.000000000000000000e+00
