0.000000000000000000e+00	1.953334349938240289e+00	0.000000000000000000e+00
1.964417380653213363e-03	1.382530142537994111e+00	0.000000000000000000e+00
2.978923129858398328e-02	1.162166183460502378e+00	0.000000000000000000e+00
3.915281174529118557e-02	1.122945622004877242e+00	0.000000000000000000e+00
4.994351406302994373e-02	1.059663095236553998e+00	0.000000000000000000e+00
6.218869983707041305e-02	1.044793518528966958e+00	0.000000000000000000e+00
8.377010447254792935e-02	9.398449361479523922e-01	0.000000000000000000e+00
8.377010447254792935e-02	9.398449361479523922e-01	0.000000000000000000e+00
8.877691687552835553e-02	9.383546157789166564e-01	0.000000000000000000e+00
8.877691687552835553e-02	9.383546157789166564e-01	0.000000000000000000e+00
8.877691687552835553e-02	9.383546157789166564e-01	0.000000000000000000e+00
8.877691687552835553e-02	9.383546157789166564e-01	0.000000000000000000e+00
8.877691687552835553e-02	9.383546157789166564e-01	0.000000000000000000e+00
8.877691687552835553e-02	9.383546157789166564e-01	0.000000000000000000e+00
8.877691687552835553e-02	9.383546157789166564e-01	0.000000000000000000e+00
2.072827012866153840e-01	8.820362900352051172e-01	0.000000000000000000e+00
2.132887172204319670e-01	8.338318622184196505e-01	0.000000000000000000e+00
2.185649845600138030e-01	7.570761572139107498e-01	0.000000000000000000e+00
2.298506650431317022e-01	7.264785880739957902e-01	0.000000000000000000e+00
2.379977721023395221e-01	6.421306297488310610e-01	0.000000000000000000e+00
2.379977721023395221e-01	6.421306297488310610e-01	0.000000000000000000e+00
2.448486803785845933e-01	5.952496351719602785e-01	0.000000000000000000e+00
2.554667145367564007e-01	5.349576046540615026e-01	0.000000000000000000e+00
2.554667145367564007e-01	5.349576046540615026e-01	0.000000000000000000e+00
2.554667145367564007e-01	5.344986875047225139e-01	0.000000000000000000e+00
2.554667145367564007e-01	5.344986875047225139e-01	0.000000000000000000e+00
2.554667145367564007e-01	5.344986875047225139e-01	0.000000000000000000e+00
2.554667145367564007e-01	5.344986875047225139e-01	0.000000000000000000e+00
2.554667145367564007e-01	5.344986875047225139e-01	0.000000000000000000e+00
2.554667145367564007e-01	5.344986875047225139e-01	0.000000000000000000e+00
2.554667145367564007e-01	5.344986875047225139e-01	0.000000000000000000e+00
2.554667145367564007e-01	5.344986875047225139e-01	0.000000000000000000e+00
2.554667145367564007e-01	5.349038076780697759e-01	0.000000000000000000e+00
2.554667145367564007e-01	5.349038076780697759e-01	0.000000000000000000e+00
4.145001572330257456e-01	4.910507933125859426e-01	0.000000000000000000e+00
4.209845044351078203e-01	4.336607222931019856e-01	0.000000000000000000e+00
4.327497847638710482e-01	3.361178889194110786e-01	0.000000000000000000e+00
4.260045325443002073e-01	3.884835059611089214e-01	0.000000000000000000e+00
4.327497847638710482e-01	3.361178889194110786e-01	0.000000000000000000e+00
4.327497847638710482e-01	3.361178889194110786e-01	0.000000000000000000e+00
4.377115916089381331e-01	2.849404252856183595e-01	0.000000000000000000e+00
4.377115916089381331e-01	2.849404252856183595e-01	0.000000000000000000e+00
4.475421348978778635e-01	1.977401280987803323e-01	0.000000000000000000e+00
4.475421348978778635e-01	1.977401280987803323e-01	0.000000000000000000e+00
4.475421348978778635e-01	1.977401280987803323e-01	0.000000000000000000e+00
4.475421348978778635e-01	1.977401280987803323e-01	0.000000000000000000e+00
4.475421348978778635e-01	1.796605893102823925e-01	0.000000000000000000e+00
4.475421348978778635e-01	1.796605893102823925e-01	0.000000000000000000e+00
4.475421348978778635e-01	1.796605893102823925e-01	0.000000000000000000e+00
4.475421348978778635e-01	1.796605893102823925e-01	0.000000000000000000e+00
4.475421348978778635e-01	1.796605893102823925e-01	0.000000000000000000e+00
4.475421348978778635e-01	1.796605893102823925e-01	0.000000000000000000e+00
4.531008131334254285e-01	2.286625862618336946e-01	0.000000000000000000e+00
4.531008131334254285e-01	2.286625862618336946e-01	0.000000000000000000e+00
6.242320566043293439e-01	1.145616650029119693e-01	0.000000000000000000e+00
6.296317113624138040e-01	1.523388591660051194e-01	0.000000000000000000e+00
6.296317113624138040e-01	1.523388591660051194e-01	0.000000000000000000e+00
6.296317113624138040e-01	1.293862405581365504e-01	0.000000000000000000e+00
6.296317113624138040e-01	1.293862405581365504e-01	0.000000000000000000e+00
6.299803953317567595e-01	9.380308045099952641e-02	0.000000000000000000e+00
6.299803953317567595e-01	9.380308045099952641e-02	0.000000000000000000e+00
6.306850997049976426e-01	8.643500670176133827e-02	0.000000000000000000e+00
6.306850997049976426e-01	5.924627199468132654e-02	0.000000000000000000e+00
6.334275422244945997e-01	6.944037722313135819e-02	0.000000000000000000e+00
6.469236698491070969e-01	5.381022339155393935e-03	0.000000000000000000e+00
6.469236698491070969e-01	5.381022339155393935e-03	0.000000000000000000e+00
6.469236698491070969e-01	-1.553231746371867145e-02	0.000000000000000000e+00
6.469236698491070969e-01	-1.553231746371867145e-02	0.000000000000000000e+00
6.469236698491070969e-01	-1.553231746371867145e-02	0.000000000000000000e+00
6.499415987548600171e-01	-5.601886728216137062e-02	0.000000000000000000e+00
6.499415987548600171e-01	-5.601886728216137062e-02	0.000000000000000000e+00
6.499415987548600171e-01	-5.601886728216137062e-02	0.000000000000000000e+00
6.499415987548600171e-01	-5.601886728216137062e-02	0.000000000000000000e+00
6.499415987548600171e-01	-5.601886728216137062e-02	0.000000000000000000e+00
6.499415987548600171e-01	-5.601886728216137062e-02	0.000000000000000000e+00
8.273837811415648558e-01	-9.259263470130774110e-02	0.000000000000000000e+00
8.273837811415648558e-01	-9.259263470130774110e-02	0.000000000000000000e+00
8.273837811415648558e-01	-9.259263470130774110e-02	0.000000000000000000e+00
8.273837811415648558e-01	-9.259263470130774110e-02	0.000000000000000000e+00
8.273837811415648558e-01	-1.172790517217900813e-01	0.000000000000000000e+00
8.509743451873599263e-01	-1.973747261962089661e-01	0.000000000000000000e+00
8.509743451873599263e-01	-1.973747261962089661e-01	0.000000000000000000e+00
8.509743451873599263e-01	-1.973747261962089661e-01	0.000000000000000000e+00
8.376698935175049821e-01	-2.098441867378267878e-01	0.000000000000000000e+00
8.376698935175049821e-01	-2.098441867378267878e-01	0.000000000000000000e+00
8.376698935175049821e-01	-2.098441867378267878e-01	0.000000000000000000e+00
8.376698935175049821e-01	-2.098441867378267878e-01	0.000000000000000000e+00
8.427143766633187205e-01	-2.713906010354294462e-01	0.000000000000000000e+00
8.445301082776122126e-01	-3.167609891059254834e-01	0.000000000000000000e+00
8.427143766633187205e-01	-2.713906010354294462e-01	0.000000000000000000e+00
8.438163976488368689e-01	-2.989783860841831453e-01	0.000000000000000000e+00
8.427143766633187205e-01	-2.713906010354294462e-01	0.000000000000000000e+00
8.438163976488368689e-01	-2.989783860841831453e-01	0.000000000000000000e+00
8.438163976488368689e-01	-2.989783860841831453e-01	0.000000000000000000e+00
8.438163976488368689e-01	-2.989783860841831453e-01	0.000000000000000000e+00
8.477867981397682051e-01	-3.404811320470700342e-01	0.000000000000000000e+00
8.477867981397682051e-01	-3.404811320470700342e-01	0.000000000000000000e+00
8.477867981397682051e-01	-3.404811320470700342e-01	0.000000000000000000e+00
8.477867981397682051e-01	-3.404811320470700342e-01	0.000000000000000000e+00
8.477867981397682051e-01	-3.404811320470700342e-01	0.000000000000000000e+00
