0.000000000000000000e+00	3.363717252774697908e+00	0.000000000000000000e+00
1.689019851690835849e-02	2.941292615091154694e+00	0.000000000000000000e+00
0.000000000000000000e+00	2.561943201325082242e+00	0.000000000000000000e+00
4.272345883661951560e-02	2.361711924758065795e+00	0.000000000000000000e+00
4.272345883661951560e-02	2.361711924758065795e+00	0.000000000000000000e+00
4.272345883661951560e-02	2.361711924758065795e+00	0.000000000000000000e+00
1.039388255842283865e-01	2.356260599358066532e+00	0.000000000000000000e+00
1.071854066562967500e-01	2.333212958228606304e+00	0.000000000000000000e+00
1.071854066562967500e-01	2.333212958228606304e+00	0.000000000000000000e+00
1.071854066562967500e-01	2.333212958228606304e+00	0.000000000000000000e+00
1.798634106980879221e-01	2.296180339662809544e+00	0.000000000000000000e+00
1.870068415588705957e-01	2.256160642222838408e+00	0.000000000000000000e+00
1.870068415588705957e-01	2.256160642222838408e+00	0.000000000000000000e+00
2.213956446294949865e-01	1.933754071214675019e+00	0.000000000000000000e+00
2.250349337589584164e-01	1.912714223907396427e+00	0.000000000000000000e+00
2.250349337589584164e-01	1.912714223907396427e+00	0.000000000000000000e+00
2.308220023717648672e-01	1.756786347203877607e+00	0.000000000000000000e+00
2.308220023717648672e-01	1.756786347203877607e+00	0.000000000000000000e+00
2.308220023717648672e-01	1.756786347203877607e+00	0.000000000000000000e+00
2.518972227109289030e-01	1.667534730453811509e+00	0.000000000000000000e+00
2.518972227109289030e-01	1.667534730453811509e+00	0.000000000000000000e+00
2.518972227109289030e-01	1.667534730453811509e+00	0.000000000000000000e+00
2.484524101815104302e-01	1.620157759817724141e+00	0.000000000000000000e+00
2.484524101815104302e-01	1.548004272824243355e+00	0.000000000000000000e+00
2.484524101815104302e-01	1.548004272824243355e+00	0.000000000000000000e+00
2.484524101815104302e-01	1.548004272824243355e+00	0.000000000000000000e+00
2.484524101815104302e-01	1.548004272824243355e+00	0.000000000000000000e+00
2.484524101815104302e-01	1.548004272824243355e+00	0.000000000000000000e+00
2.484524101815104302e-01	1.548004272824243355e+00	0.000000000000000000e+00
2.484524101815104302e-01	1.548004272824243355e+00	0.000000000000000000e+00
2.484524101815104302e-01	1.548004272824243355e+00	0.000000000000000000e+00
2.484524101815104302e-01	1.552375000576612596e+00	0.000000000000000000e+00
4.075251849870071275e-01	1.454315101883140171e+00	0.000000000000000000e+00
4.075251849870071275e-01	1.454315101883140171e+00	0.000000000000000000e+00
4.115592239277137132e-01	1.354567224129885394e+00	0.000000000000000000e+00
4.115592239277137132e-01	1.354567224129885394e+00	0.000000000000000000e+00
4.115592239277137132e-01	1.354567224129885394e+00	0.000000000000000000e+00
4.115592239277137132e-01	1.354567224129885394e+00	0.000000000000000000e+00
4.198760218114110931e-01	1.254483660315905524e+00	0.000000000000000000e+00
4.198760218114110931e-01	1.254483660315905524e+00	0.000000000000000000e+00
4.198760218114110931e-01	1.254483660315905524e+00	0.000000000000000000e+00
4.198760218114110931e-01	1.254483660315905524e+00	0.000000000000000000e+00
4.198760218114110931e-01	1.254483660315905524e+00	0.000000000000000000e+00
4.198760218114110931e-01	1.254483660315905524e+00	0.000000000000000000e+00
4.198760218114110931e-01	1.254483660315905524e+00	0.000000000000000000e+00
4.198760218114110931e-01	1.254483660315905524e+00	0.000000000000000000e+00
4.293822750823435008e-01	1.310735225594017672e+00	0.000000000000000000e+00
4.293822750823435008e-01	1.310735225594017672e+00	0.000000000000000000e+00
4.293822750823435008e-01	1.310735225594017672e+00	0.000000000000000000e+00
4.293822750823435008e-01	1.310735225594017672e+00	0.000000000000000000e+00
6.413734497374652399e-01	1.277556526760669442e+00	0.000000000000000000e+00
6.413734497374652399e-01	1.025707841295170564e+00	0.000000000000000000e+00
6.413734497374652399e-01	1.134828806677659507e+00	0.000000000000000000e+00
6.413734497374652399e-01	1.134828806677659507e+00	0.000000000000000000e+00
6.413734497374652399e-01	1.134828806677659507e+00	0.000000000000000000e+00
6.413734497374652399e-01	1.134828806677659507e+00	0.000000000000000000e+00
6.413734497374652399e-01	1.134828806677659507e+00	0.000000000000000000e+00
6.412774421064461050e-01	1.047121053648445210e+00	0.000000000000000000e+00
6.412774421064461050e-01	1.047121053648445210e+00	0.000000000000000000e+00
6.412774421064461050e-01	1.047121053648445210e+00	0.000000000000000000e+00
6.412774421064461050e-01	1.047121053648445210e+00	0.000000000000000000e+00
6.412774421064461050e-01	1.047121053648445210e+00	0.000000000000000000e+00
6.412774421064461050e-01	1.047121053648445210e+00	0.000000000000000000e+00
6.413734497374652399e-01	1.019404108189564395e+00	0.000000000000000000e+00
6.413734497374652399e-01	1.006821930557172395e+00	0.000000000000000000e+00
6.415249206505697632e-01	1.001707868016105119e+00	0.000000000000000000e+00
6.415249206505697632e-01	1.001707868016105119e+00	0.000000000000000000e+00
6.417052952187243253e-01	9.993338491552143932e-01	0.000000000000000000e+00
6.417052952187243253e-01	9.993338491552143932e-01	0.000000000000000000e+00
6.417052952187243253e-01	9.993338491552143932e-01	0.000000000000000000e+00
6.416763915636743976e-01	9.917713217679237081e-01	0.000000000000000000e+00
6.416763915636743976e-01	9.917713217679237081e-01	0.000000000000000000e+00
8.583941015882153858e-01	8.844873933121305543e-01	0.000000000000000000e+00
8.583941015882153858e-01	8.844873933121305543e-01	0.000000000000000000e+00
8.420666311255472491e-01	9.156386700515491972e-01	0.000000000000000000e+00
8.420666311255472491e-01	9.156386700515491972e-01	0.000000000000000000e+00
8.420666311255472491e-01	9.156386700515491972e-01	0.000000000000000000e+00
8.421475431863442163e-01	8.352278060653716141e-01	0.000000000000000000e+00
8.421475431863442163e-01	8.352278060653716141e-01	0.000000000000000000e+00
8.419833098735060029e-01	8.443500688683212019e-01	0.000000000000000000e+00
8.419833098735060029e-01	8.443500688683212019e-01	0.000000000000000000e+00
8.419833098735060029e-01	8.443500688683212019e-01	0.000000000000000000e+00
8.419833098735060029e-01	7.900313734282076172e-01	0.000000000000000000e+00
8.419833098735060029e-01	7.988860731603488752e-01	0.000000000000000000e+00
8.419833098735060029e-01	7.988860731603488752e-01	0.000000000000000000e+00
8.419833098735060029e-01	7.988860731603488752e-01	0.000000000000000000e+00
8.419833098735060029e-01	7.541012774853004252e-01	0.000000000000000000e+00
8.419833098735060029e-01	7.541012774853004252e-01	0.000000000000000000e+00
8.419833098735060029e-01	7.541012774853004252e-01	0.000000000000000000e+00
8.419833098735060029e-01	7.541012774853004252e-01	0.000000000000000000e+00
8.419833098735060029e-01	7.242952574725343151e-01	0.000000000000000000e+00
8.419833098735060029e-01	7.242952574725343151e-01	0.000000000000000000e+00
8.419794867836446484e-01	6.894926534641474536e-01	0.000000000000000000e+00
8.419794867836446484e-01	6.894926534641474536e-01	0.000000000000000000e+00
8.419794867836446484e-01	6.894926534641474536e-01	0.000000000000000000e+00
8.419794867836446484e-01	6.894926534641474536e-01	0.000000000000000000e+00
8.419794867836446484e-01	6.894926534641474536e-01	0.000000000000000000e+00
8.421608316987523324e-01	6.666507137763800772e-01	0.000000000000000000e+00
8.421608316987523324e-01	6.666507137763800772e-01	0.000000000000000000e+00
8.423383535239987729e-01	6.668476247653188915e-01	0.000000000000000000e+00
