0.000000000000000000e+00	2.137520054614737042e+00	0.000000000000000000e+00
1.964417380653213363e-03	1.434835123905602527e+00	0.000000000000000000e+00
2.978923129858398328e-02	1.391269033904313668e+00	0.000000000000000000e+00
4.032862689787762578e-02	1.279334720693189320e+00	0.000000000000000000e+00
5.213659830595993028e-02	1.221392346316299893e+00	0.000000000000000000e+00
7.656347735233888507e-02	1.087490660523850572e+00	0.000000000000000000e+00
7.656347735233888507e-02	1.087490660523850572e+00	0.000000000000000000e+00
7.656347735233888507e-02	1.087490660523850572e+00	0.000000000000000000e+00
7.656347735233888507e-02	1.087490660523850572e+00	0.000000000000000000e+00
7.656347735233888507e-02	1.087490660523850572e+00	0.000000000000000000e+00
7.656347735233888507e-02	1.087490660523850572e+00	0.000000000000000000e+00
7.656347735233888507e-02	1.087490660523850572e+00	0.000000000000000000e+00
7.656347735233888507e-02	1.104067183876934255e+00	0.000000000000000000e+00
1.981616630070771323e-01	1.020928921920729149e+00	0.000000000000000000e+00
2.072827012866153840e-01	9.822953584569800167e-01	0.000000000000000000e+00
2.207052879426107672e-01	8.785590296896240714e-01	0.000000000000000000e+00
2.207052879426107672e-01	8.604885643704216491e-01	0.000000000000000000e+00
2.296291958960142154e-01	8.119657151321555411e-01	0.000000000000000000e+00
2.296291958960142154e-01	7.897821438368455293e-01	0.000000000000000000e+00
2.454860303513038411e-01	6.675306032493846242e-01	0.000000000000000000e+00
2.454860303513038411e-01	6.675306032493846242e-01	0.000000000000000000e+00
2.554667145367564007e-01	6.435217794977433625e-01	0.000000000000000000e+00
2.554667145367564007e-01	6.435217794977433625e-01	0.000000000000000000e+00
2.554667145367564007e-01	6.435217794977433625e-01	0.000000000000000000e+00
2.554667145367564007e-01	6.435217794977433625e-01	0.000000000000000000e+00
2.554667145367564007e-01	6.435217794977433625e-01	0.000000000000000000e+00
2.554667145367564007e-01	6.435217794977433625e-01	0.000000000000000000e+00
2.554667145367564007e-01	6.435217794977433625e-01	0.000000000000000000e+00
2.554667145367564007e-01	6.435217794977433625e-01	0.000000000000000000e+00
2.554667145367564007e-01	6.435217794977433625e-01	0.000000000000000000e+00
2.554667145367564007e-01	6.435217794977433625e-01	0.000000000000000000e+00
4.260045325443002073e-01	5.320331366757313774e-01	0.000000000000000000e+00
4.260045325443002073e-01	5.320331366757313774e-01	0.000000000000000000e+00
4.260045325443002073e-01	5.320331366757313774e-01	0.000000000000000000e+00
4.308524859778545268e-01	4.354350472288392448e-01	0.000000000000000000e+00
4.308524859778545268e-01	4.354350472288392448e-01	0.000000000000000000e+00
4.308524859778545268e-01	4.354350472288392448e-01	0.000000000000000000e+00
4.308524859778545268e-01	4.354350472288392448e-01	0.000000000000000000e+00
4.424344303900615283e-01	3.978938180528399093e-01	0.000000000000000000e+00
4.424344303900615283e-01	3.978938180528399093e-01	0.000000000000000000e+00
4.441571216191601001e-01	3.574933944086986504e-01	0.000000000000000000e+00
4.534855974256920552e-01	3.404715960420206522e-01	0.000000000000000000e+00
4.534855974256920552e-01	3.152118685079409732e-01	0.000000000000000000e+00
4.603031993653312060e-01	3.112013664955126657e-01	0.000000000000000000e+00
4.603031993653312060e-01	3.112013664955126657e-01	0.000000000000000000e+00
4.603031993653312060e-01	3.112013664955126657e-01	0.000000000000000000e+00
4.603031993653312060e-01	3.112013664955126657e-01	0.000000000000000000e+00
4.603031993653312060e-01	3.112013664955126657e-01	0.000000000000000000e+00
4.603031993653312060e-01	3.112013664955126657e-01	0.000000000000000000e+00
4.603031993653312060e-01	3.112013664955126657e-01	0.000000000000000000e+00
4.603031993653312060e-01	3.113969522212939878e-01	0.000000000000000000e+00
6.307481161545009929e-01	1.205668975916382307e-01	0.000000000000000000e+00
6.307481161545009929e-01	1.205668975916382307e-01	0.000000000000000000e+00
6.307481161545009929e-01	1.205668975916382307e-01	0.000000000000000000e+00
6.307481161545009929e-01	1.205668975916382307e-01	0.000000000000000000e+00
6.307481161545009929e-01	1.205668975916382307e-01	0.000000000000000000e+00
6.307481161545009929e-01	1.205668975916382307e-01	0.000000000000000000e+00
6.396397942789041613e-01	1.446195123149548734e-01	0.000000000000000000e+00
6.396397942789041613e-01	1.446195123149548734e-01	0.000000000000000000e+00
6.396397942789041613e-01	1.377547657859672647e-01	0.000000000000000000e+00
6.414302519736240216e-01	1.167875734877587279e-01	0.000000000000000000e+00
6.438380279668224349e-01	1.102358689521801688e-01	0.000000000000000000e+00
6.541138287007952634e-01	8.929406824729084480e-02	0.000000000000000000e+00
6.541138287007952634e-01	8.929406824729084480e-02	0.000000000000000000e+00
6.541138287007952634e-01	8.929406824729084480e-02	0.000000000000000000e+00
6.541138287007952634e-01	8.929406824729084480e-02	0.000000000000000000e+00
6.541138287007952634e-01	8.929406824729084480e-02	0.000000000000000000e+00
6.541138287007952634e-01	1.051213666703582628e-01	0.000000000000000000e+00
8.368613465859509049e-01	1.933798006621733137e-02	0.000000000000000000e+00
8.368613465859509049e-01	-4.070245353018771273e-02	0.000000000000000000e+00
8.368613465859509049e-01	-4.070245353018771273e-02	0.000000000000000000e+00
8.368613465859509049e-01	-4.070245353018771273e-02	0.000000000000000000e+00
8.368613465859509049e-01	-4.070245353018771273e-02	0.000000000000000000e+00
8.368613465859509049e-01	-4.070245353018771273e-02	0.000000000000000000e+00
8.368613465859509049e-01	-4.070245353018771273e-02	0.000000000000000000e+00
8.368613465859509049e-01	-4.070245353018771273e-02	0.000000000000000000e+00
8.368613465859509049e-01	-4.070245353018771273e-02	0.000000000000000000e+00
8.389552751907218830e-01	-8.168557999182411711e-02	0.000000000000000000e+00
8.389552751907218830e-01	-8.168557999182411711e-02	0.000000000000000000e+00
8.389552751907218830e-01	-8.168557999182411711e-02	0.000000000000000000e+00
8.404431812733552665e-01	-9.568932624124186492e-02	0.000000000000000000e+00
8.404431812733552665e-01	-1.075628875931531475e-01	0.000000000000000000e+00
8.419055972847367952e-01	-1.327152671873869372e-01	0.000000000000000000e+00
8.419055972847367952e-01	-1.327152671873869372e-01	0.000000000000000000e+00
8.423287106101611244e-01	-1.609144447798611099e-01	0.000000000000000000e+00
8.423287106101611244e-01	-1.609144447798611099e-01	0.000000000000000000e+00
8.429626171635593579e-01	-1.776048440070780998e-01	0.000000000000000000e+00
8.429626171635593579e-01	-1.776048440070780998e-01	0.000000000000000000e+00
8.429626171635593579e-01	-1.891032887072618129e-01	0.000000000000000000e+00
8.471908176177348482e-01	-1.974423142111233209e-01	0.000000000000000000e+00
8.471908176177348482e-01	-2.893540181226038621e-01	0.000000000000000000e+00
8.471908176177348482e-01	-2.893540181226038621e-01	0.000000000000000000e+00
8.471908176177348482e-01	-2.893540181226038621e-01	0.000000000000000000e+00
8.471908176177348482e-01	-2.893540181226038621e-01	0.000000000000000000e+00
8.471908176177348482e-01	-2.893540181226038621e-01	0.000000000000000000e+00
8.471908176177348482e-01	-2.893540181226038621e-01	0.000000000000000000e+00
8.471908176177348482e-01	-2.893540181226038621e-01	0.000000000000000000e+00
8.471908176177348482e-01	-2.893540181226038621e-01	0.000000000000000000e+00
8.471908176177348482e-01	-2.893540181226038621e-01	0.000000000000000000e+00
8.471908176177348482e-01	-2.924703825533324641e-01	0.000000000000000000e+00
