0.000000000000000000e+00	1.509377150048257787e+00	0.000000000000000000e+00
6.468356087727560218e-03	1.123650518583398483e+00	0.000000000000000000e+00
3.010286196754028212e-02	9.941400553679912155e-01	0.000000000000000000e+00
3.990864072648522831e-02	9.419544847990674041e-01	0.000000000000000000e+00
6.002766729250864908e-02	8.669422093758383241e-01	0.000000000000000000e+00
7.047352046233724965e-02	7.864393704861570855e-01	0.000000000000000000e+00
7.672062949819673239e-02	7.659249056919316123e-01	0.000000000000000000e+00
9.097571248045807635e-02	7.647671838885642392e-01	0.000000000000000000e+00
9.097571248045807635e-02	7.647671838885642392e-01	0.000000000000000000e+00
8.373672349755081901e-02	7.632186899447075401e-01	0.000000000000000000e+00
8.373672349755081901e-02	7.632186899447075401e-01	0.000000000000000000e+00
8.373672349755081901e-02	7.632186899447075401e-01	0.000000000000000000e+00
8.373672349755081901e-02	7.632186899447075401e-01	0.000000000000000000e+00
2.037609285813921645e-01	6.028190026751029107e-01	0.000000000000000000e+00
2.037609285813921645e-01	6.028190026751029107e-01	0.000000000000000000e+00
2.163754392584529007e-01	5.617673323230324423e-01	0.000000000000000000e+00
2.163754392584529007e-01	5.158974132542951674e-01	0.000000000000000000e+00
2.209309653569591914e-01	4.833823446490108644e-01	0.000000000000000000e+00
2.292071964043393140e-01	4.198449463566115702e-01	0.000000000000000000e+00
2.352710845842514720e-01	3.855108658855612158e-01	0.000000000000000000e+00
2.450222835866254778e-01	3.546524396348973984e-01	0.000000000000000000e+00
2.557236734304950687e-01	3.450539288768622037e-01	0.000000000000000000e+00
2.557236734304950687e-01	3.399002573468766220e-01	0.000000000000000000e+00
2.557236734304950687e-01	3.399002573468766220e-01	0.000000000000000000e+00
2.557236734304950687e-01	3.399002573468766220e-01	0.000000000000000000e+00
2.557236734304950687e-01	3.399002573468766220e-01	0.000000000000000000e+00
2.557236734304950687e-01	3.399002573468766220e-01	0.000000000000000000e+00
2.557236734304950687e-01	3.399002573468766220e-01	0.000000000000000000e+00
2.557236734304950687e-01	3.399002573468766220e-01	0.000000000000000000e+00
2.557236734304950687e-01	3.399002573468766220e-01	0.000000000000000000e+00
4.138348122853563460e-01	2.793654618445753912e-01	0.000000000000000000e+00
4.138348122853563460e-01	2.793654618445753912e-01	0.000000000000000000e+00
4.196109791134139955e-01	2.418556362634165791e-01	0.000000000000000000e+00
4.231131475149322863e-01	2.197300349856858570e-01	0.000000000000000000e+00
4.231131475149322863e-01	1.891646572171748197e-01	0.000000000000000000e+00
4.267199768683676009e-01	1.586682597509511405e-01	0.000000000000000000e+00
4.299634936586916312e-01	1.294526800547183831e-01	0.000000000000000000e+00
4.318990610474373049e-01	1.009266797396316528e-01	0.000000000000000000e+00
4.389242368146000772e-01	6.030623630310968930e-02	0.000000000000000000e+00
4.403489205468621992e-01	3.696047013633327327e-02	0.000000000000000000e+00
4.409652604997296721e-01	3.053380772701065268e-02	0.000000000000000000e+00
4.462261376013214043e-01	1.046818327821251102e-02	0.000000000000000000e+00
4.471975484095161435e-01	-1.165000950688088732e-02	0.000000000000000000e+00
4.547688860792109544e-01	-4.491993487912371991e-02	0.000000000000000000e+00
4.547688860792109544e-01	-4.491993487912371991e-02	0.000000000000000000e+00
4.547688860792109544e-01	-4.491993487912371991e-02	0.000000000000000000e+00
4.547688860792109544e-01	-4.491993487912371991e-02	0.000000000000000000e+00
4.547688860792109544e-01	-4.491993487912371991e-02	0.000000000000000000e+00
4.547688860792109544e-01	-4.491993487912371991e-02	0.000000000000000000e+00
4.547688860792109544e-01	-4.491993487912371991e-02	0.000000000000000000e+00
4.547688860792109544e-01	-4.491993487912371991e-02	0.000000000000000000e+00
4.547688860792109544e-01	-3.139386156393653149e-02	0.000000000000000000e+00
6.309053986391746083e-01	-1.485941132077840121e-01	0.000000000000000000e+00
6.309053986391746083e-01	-1.485941132077840121e-01	0.000000000000000000e+00
6.309053986391746083e-01	-1.485941132077840121e-01	0.000000000000000000e+00
6.309053986391746083e-01	-1.485941132077840121e-01	0.000000000000000000e+00
6.309053986391746083e-01	-1.485941132077840121e-01	0.000000000000000000e+00
6.332108165287780865e-01	-1.552148805897934358e-01	0.000000000000000000e+00
6.332108165287780865e-01	-1.993471137977901320e-01	0.000000000000000000e+00
6.332108165287780865e-01	-1.993471137977901320e-01	0.000000000000000000e+00
6.337811469803299458e-01	-2.167211789885192252e-01	0.000000000000000000e+00
6.337811469803299458e-01	-2.270812697637015209e-01	0.000000000000000000e+00
6.352190211509076700e-01	-2.409266739493639009e-01	0.000000000000000000e+00
6.401698830112563243e-01	-2.726335102964214108e-01	0.000000000000000000e+00
6.401698830112563243e-01	-2.726335102964214108e-01	0.000000000000000000e+00
6.401698830112563243e-01	-2.774544097217122585e-01	0.000000000000000000e+00
6.401698830112563243e-01	-2.774544097217122585e-01	0.000000000000000000e+00
6.401698830112563243e-01	-2.774544097217122585e-01	0.000000000000000000e+00
6.401698830112563243e-01	-2.774544097217122585e-01	0.000000000000000000e+00
6.401698830112563243e-01	-2.774544097217122585e-01	0.000000000000000000e+00
8.258875439839125088e-01	-3.257174318550498104e-01	0.000000000000000000e+00
8.258875439839125088e-01	-3.257174318550498104e-01	0.000000000000000000e+00
8.252844671500358942e-01	-3.154014906665051909e-01	0.000000000000000000e+00
8.258875439839125088e-01	-3.496948519210953954e-01	0.000000000000000000e+00
8.258875439839125088e-01	-3.496948519210953954e-01	0.000000000000000000e+00
8.266754364220182394e-01	-3.576295761938763640e-01	0.000000000000000000e+00
8.312147644416270076e-01	-3.871791878123761466e-01	0.000000000000000000e+00
8.312147644416270076e-01	-3.871791878123761466e-01	0.000000000000000000e+00
8.324209181093803478e-01	-4.188581371556210908e-01	0.000000000000000000e+00
8.324209181093803478e-01	-4.188581371556210908e-01	0.000000000000000000e+00
8.331052740185682648e-01	-4.522870006610265059e-01	0.000000000000000000e+00
8.331052740185682648e-01	-4.522870006610265059e-01	0.000000000000000000e+00
8.331052740185682648e-01	-4.522870006610265059e-01	0.000000000000000000e+00
8.337792698115612522e-01	-4.597949361992184070e-01	0.000000000000000000e+00
8.355175813540750562e-01	-4.769793673776430709e-01	0.000000000000000000e+00
8.370183203204420996e-01	-4.989112625843797888e-01	0.000000000000000000e+00
8.370183203204420996e-01	-4.989112625843797888e-01	0.000000000000000000e+00
8.391429115283349782e-01	-5.237453545536475685e-01	0.000000000000000000e+00
8.391429115283349782e-01	-5.237453545536475685e-01	0.000000000000000000e+00
8.391429115283349782e-01	-5.313196228346200867e-01	0.000000000000000000e+00
8.410088938789067603e-01	-5.470620035981891283e-01	0.000000000000000000e+00
8.410088938789067603e-01	-5.470620035981891283e-01	0.000000000000000000e+00
8.418022876822828238e-01	-5.594419309157449005e-01	0.000000000000000000e+00
8.426349451691546033e-01	-5.678372880391200361e-01	0.000000000000000000e+00
8.434479708142785803e-01	-5.765150712907164410e-01	0.000000000000000000e+00
8.434479708142785803e-01	-5.785452315153822855e-01	0.000000000000000000e+00
8.434479708142785803e-01	-5.785452315153822855e-01	0.000000000000000000e+00
8.434479708142785803e-01	-5.785452315153822855e-01	0.000000000000000000e+00
8.434479708142785803e-01	-5.785452315153822855e-01	0.000000000000000000e+00
8.434479708142785803e-01	-5.785452315153822855e-01	0.000000000000000000e+00
