0.000000000000000000e+00	2.579470351590315680e+00	0.000000000000000000e+00
1.689019851690835849e-02	2.401571460375032441e+00	0.000000000000000000e+00
1.689019851690835849e-02	2.401571460375032441e+00	0.000000000000000000e+00
4.974703295187826724e-02	2.115664514638695870e+00	0.000000000000000000e+00
6.862730413558973397e-02	2.087927500950017556e+00	0.000000000000000000e+00
8.267445236610723724e-02	1.964555506893424841e+00	0.000000000000000000e+00
6.414647056595709773e-02	1.757620642772620645e+00	0.000000000000000000e+00
6.414647056595709773e-02	1.757620642772620645e+00	0.000000000000000000e+00
6.414647056595709773e-02	1.757620642772620645e+00	0.000000000000000000e+00
6.414647056595709773e-02	1.757620642772620645e+00	0.000000000000000000e+00
1.452237605898584194e-01	1.563563027155936869e+00	0.000000000000000000e+00
1.452237605898584194e-01	1.563563027155936869e+00	0.000000000000000000e+00
1.452237605898584194e-01	1.563563027155936869e+00	0.000000000000000000e+00
1.856365514832446217e-01	1.473114667229471930e+00	0.000000000000000000e+00
1.856365514832446217e-01	1.473114667229471930e+00	0.000000000000000000e+00
1.856365514832446217e-01	1.473114667229471930e+00	0.000000000000000000e+00
2.077730688136095738e-01	1.378198440929510049e+00	0.000000000000000000e+00
2.202056405714560849e-01	1.274786400290956800e+00	0.000000000000000000e+00
2.202056405714560849e-01	1.274786400290956800e+00	0.000000000000000000e+00
2.260493423766308241e-01	1.207409660571412857e+00	0.000000000000000000e+00
2.260493423766308241e-01	1.207409660571412857e+00	0.000000000000000000e+00
2.260493423766308241e-01	1.207409660571412857e+00	0.000000000000000000e+00
2.377367459869802746e-01	1.170200923315774189e+00	0.000000000000000000e+00
2.377367459869802746e-01	1.170200923315774189e+00	0.000000000000000000e+00
2.377367459869802746e-01	1.170200923315774189e+00	0.000000000000000000e+00
2.377367459869802746e-01	1.170200923315774189e+00	0.000000000000000000e+00
2.377367459869802746e-01	1.170200923315774189e+00	0.000000000000000000e+00
2.377367459869802746e-01	1.170200923315774189e+00	0.000000000000000000e+00
2.377367459869802746e-01	1.170200923315774189e+00	0.000000000000000000e+00
2.377367459869802746e-01	1.170200923315774189e+00	0.000000000000000000e+00
2.377367459869802746e-01	1.170200923315774189e+00	0.000000000000000000e+00
2.377367459869802746e-01	1.170200923315774189e+00	0.000000000000000000e+00
2.377367459869802746e-01	1.194356908021704466e+00	0.000000000000000000e+00
2.377367459869802746e-01	1.194356908021704466e+00	0.000000000000000000e+00
4.198760218114110931e-01	9.724636610604748821e-01	0.000000000000000000e+00
4.198760218114110931e-01	9.724636610604748821e-01	0.000000000000000000e+00
4.198760218114110931e-01	9.724636610604748821e-01	0.000000000000000000e+00
4.198760218114110931e-01	9.724636610604748821e-01	0.000000000000000000e+00
4.198760218114110931e-01	9.683142126900402546e-01	0.000000000000000000e+00
4.198760218114110931e-01	9.656844660385824897e-01	0.000000000000000000e+00
4.198760218114110931e-01	9.641426376030076684e-01	0.000000000000000000e+00
4.198760218114110931e-01	9.612174669321775777e-01	0.000000000000000000e+00
4.198760218114110931e-01	9.641426376030076684e-01	0.000000000000000000e+00
4.198760218114110931e-01	9.641426376030076684e-01	0.000000000000000000e+00
4.198760218114110931e-01	9.683142126900402546e-01	0.000000000000000000e+00
4.198760218114110931e-01	9.683142126900402546e-01	0.000000000000000000e+00
4.198760218114110931e-01	9.814911881491478196e-01	0.000000000000000000e+00
6.186099169036087808e-01	9.595579721359277503e-01	0.000000000000000000e+00
6.186099169036087808e-01	8.014814028570129700e-01	0.000000000000000000e+00
6.186099169036087808e-01	8.014814028570129700e-01	0.000000000000000000e+00
6.186099169036087808e-01	8.014814028570129700e-01	0.000000000000000000e+00
6.186099169036087808e-01	8.014814028570129700e-01	0.000000000000000000e+00
6.186099169036087808e-01	8.014814028570129700e-01	0.000000000000000000e+00
6.186099169036087808e-01	8.014814028570129700e-01	0.000000000000000000e+00
6.186099169036087808e-01	8.014814028570129700e-01	0.000000000000000000e+00
6.247204522240015212e-01	7.578183916431453504e-01	0.000000000000000000e+00
6.247204522240015212e-01	7.578183916431453504e-01	0.000000000000000000e+00
6.245950381238746241e-01	7.549857715878773856e-01	0.000000000000000000e+00
6.245950381238746241e-01	7.549857715878773856e-01	0.000000000000000000e+00
6.288900892002187160e-01	6.539824413955730442e-01	0.000000000000000000e+00
6.288900892002187160e-01	6.539824413955730442e-01	0.000000000000000000e+00
6.288900892002187160e-01	6.539824413955730442e-01	0.000000000000000000e+00
6.288900892002187160e-01	6.539824413955730442e-01	0.000000000000000000e+00
6.288900892002187160e-01	6.539824413955730442e-01	0.000000000000000000e+00
6.288900892002187160e-01	6.539824413955730442e-01	0.000000000000000000e+00
6.319981025489294080e-01	6.324228632628571267e-01	0.000000000000000000e+00
6.347684225518884782e-01	6.160612846351979366e-01	0.000000000000000000e+00
6.347684225518884782e-01	6.160612846351979366e-01	0.000000000000000000e+00
6.347684225518884782e-01	6.160612846351979366e-01	0.000000000000000000e+00
6.347684225518884782e-01	6.160612846351979366e-01	0.000000000000000000e+00
8.419675772104262546e-01	5.786640147589472427e-01	0.000000000000000000e+00
8.419675772104262546e-01	5.786640147589472427e-01	0.000000000000000000e+00
8.419675772104262546e-01	6.160918660076161180e-01	0.000000000000000000e+00
8.419675772104262546e-01	5.786640147589472427e-01	0.000000000000000000e+00
8.419675772104262546e-01	4.848204431801692582e-01	0.000000000000000000e+00
8.419675772104262546e-01	4.848204431801692582e-01	0.000000000000000000e+00
8.419675772104262546e-01	5.027622026404957589e-01	0.000000000000000000e+00
8.419675772104262546e-01	5.027622026404957589e-01	0.000000000000000000e+00
8.419675772104262546e-01	5.027622026404957589e-01	0.000000000000000000e+00
8.419675772104262546e-01	5.027622026404957589e-01	0.000000000000000000e+00
8.419675772104262546e-01	5.027622026404957589e-01	0.000000000000000000e+00
8.419675772104262546e-01	3.648559427600168714e-01	0.000000000000000000e+00
8.419675772104262546e-01	3.648559427600168714e-01	0.000000000000000000e+00
8.419675772104262546e-01	3.648559427600168714e-01	0.000000000000000000e+00
8.419675772104262546e-01	3.648559427600168714e-01	0.000000000000000000e+00
8.419675772104262546e-01	3.648559427600168714e-01	0.000000000000000000e+00
8.419675772104262546e-01	4.154382741739922613e-01	0.000000000000000000e+00
8.419675772104262546e-01	4.154382741739922613e-01	0.000000000000000000e+00
8.419675772104262546e-01	4.154382741739922613e-01	0.000000000000000000e+00
8.419675772104262546e-01	4.008168595374353438e-01	0.000000000000000000e+00
8.420856372354933450e-01	3.938122941800373256e-01	0.000000000000000000e+00
8.422037990902005999e-01	3.138175398454708387e-01	0.000000000000000000e+00
8.422037990902005999e-01	3.728184794573140559e-01	0.000000000000000000e+00
8.422037990902005999e-01	3.457606044968423165e-01	0.000000000000000000e+00
8.422037990902005999e-01	3.457606044968423165e-01	0.000000000000000000e+00
8.422037990902005999e-01	3.457606044968423165e-01	0.000000000000000000e+00
8.422037990902005999e-01	3.457606044968423165e-01	0.000000000000000000e+00
8.422037990902005999e-01	3.457606044968423165e-01	0.000000000000000000e+00
8.422037990902005999e-01	3.457606044968423165e-01	0.000000000000000000e+00
8.422037990902005999e-01	3.457606044968423165e-01	0.000000000000000000e+00
