0.000000000000000000e+00	1.770599898071020917e+00	0.000000000000000000e+00
1.964417380653213363e-03	1.382530142537994111e+00	0.000000000000000000e+00
2.978923129858398328e-02	1.162166183460502378e+00	0.000000000000000000e+00
3.915281174529118557e-02	1.122945622004877242e+00	0.000000000000000000e+00
4.994351406302994373e-02	1.059663095236553998e+00	0.000000000000000000e+00
6.218869983707041305e-02	1.044793518528966958e+00	0.000000000000000000e+00
8.377010447254792935e-02	8.973169374906326823e-01	0.000000000000000000e+00
8.377010447254792935e-02	8.973169374906326823e-01	0.000000000000000000e+00
8.377010447254792935e-02	8.973169374906326823e-01	0.000000000000000000e+00
8.377010447254792935e-02	8.973169374906326823e-01	0.000000000000000000e+00
8.377010447254792935e-02	8.973169374906326823e-01	0.000000000000000000e+00
8.377010447254792935e-02	8.973169374906326823e-01	0.000000000000000000e+00
8.377010447254792935e-02	8.973169374906326823e-01	0.000000000000000000e+00
8.377010447254792935e-02	8.973169374906326823e-01	0.000000000000000000e+00
8.377010447254792935e-02	9.078077350707425275e-01	0.000000000000000000e+00
2.185649845600138030e-01	7.983626904111681410e-01	0.000000000000000000e+00
2.185649845600138030e-01	7.983626904111681410e-01	0.000000000000000000e+00
2.282813783311766764e-01	6.857545392169962506e-01	0.000000000000000000e+00
2.282813783311766764e-01	6.857545392169962506e-01	0.000000000000000000e+00
2.379977721023395221e-01	6.421306297488310610e-01	0.000000000000000000e+00
2.379977721023395221e-01	6.421306297488310610e-01	0.000000000000000000e+00
2.448486803785845933e-01	5.952496351719602785e-01	0.000000000000000000e+00
2.554667145367564007e-01	5.349576046540615026e-01	0.000000000000000000e+00
2.554667145367564007e-01	5.344986875047225139e-01	0.000000000000000000e+00
2.554667145367564007e-01	5.344986875047225139e-01	0.000000000000000000e+00
2.554667145367564007e-01	5.344986875047225139e-01	0.000000000000000000e+00
2.554667145367564007e-01	5.344986875047225139e-01	0.000000000000000000e+00
2.554667145367564007e-01	5.344986875047225139e-01	0.000000000000000000e+00
2.554667145367564007e-01	5.344986875047225139e-01	0.000000000000000000e+00
2.554667145367564007e-01	5.344986875047225139e-01	0.000000000000000000e+00
2.554667145367564007e-01	5.344986875047225139e-01	0.000000000000000000e+00
2.554667145367564007e-01	5.344986875047225139e-01	0.000000000000000000e+00
4.209845044351078203e-01	5.161387609374905594e-01	0.000000000000000000e+00
4.260045325443002073e-01	4.256875774827451608e-01	0.000000000000000000e+00
4.260045325443002073e-01	3.976795770258020335e-01	0.000000000000000000e+00
4.260045325443002073e-01	3.976795770258020335e-01	0.000000000000000000e+00
4.410842177187235258e-01	2.652886203376314533e-01	0.000000000000000000e+00
4.410842177187235258e-01	2.652886203376314533e-01	0.000000000000000000e+00
4.406477287469320880e-01	2.243521546938054001e-01	0.000000000000000000e+00
4.406477287469320880e-01	2.243521546938054001e-01	0.000000000000000000e+00
4.406477287469320880e-01	2.243521546938054001e-01	0.000000000000000000e+00
4.406477287469320880e-01	2.243521546938054001e-01	0.000000000000000000e+00
4.475421348978778635e-01	2.027228754346504513e-01	0.000000000000000000e+00
4.475421348978778635e-01	1.977808764925868268e-01	0.000000000000000000e+00
4.475421348978778635e-01	1.970741975917255084e-01	0.000000000000000000e+00
4.475421348978778635e-01	1.936100121758259629e-01	0.000000000000000000e+00
4.475421348978778635e-01	1.796605893102823925e-01	0.000000000000000000e+00
4.475421348978778635e-01	1.796605893102823925e-01	0.000000000000000000e+00
4.475421348978778635e-01	1.796605893102823925e-01	0.000000000000000000e+00
4.475421348978778635e-01	1.796605893102823925e-01	0.000000000000000000e+00
4.475421348978778635e-01	1.796605893102823925e-01	0.000000000000000000e+00
4.475421348978778635e-01	1.796605893102823925e-01	0.000000000000000000e+00
4.531008131334254285e-01	1.804463470521701363e-01	0.000000000000000000e+00
4.531008131334254285e-01	1.804463470521701363e-01	0.000000000000000000e+00
6.242320566043293439e-01	1.145616650029119693e-01	0.000000000000000000e+00
6.496581175589830615e-01	5.316148923296066912e-03	0.000000000000000000e+00
6.496581175589830615e-01	5.316148923296066912e-03	0.000000000000000000e+00
6.496581175589830615e-01	5.316148923296066912e-03	0.000000000000000000e+00
6.496581175589830615e-01	5.316148923296066912e-03	0.000000000000000000e+00
6.496581175589830615e-01	5.316148923296066912e-03	0.000000000000000000e+00
6.496581175589830615e-01	5.316148923296066912e-03	0.000000000000000000e+00
6.496581175589830615e-01	5.316148923296066912e-03	0.000000000000000000e+00
6.499415987548600171e-01	-1.230323392839613970e-02	0.000000000000000000e+00
6.499415987548600171e-01	-3.356507130985808551e-02	0.000000000000000000e+00
6.499415987548600171e-01	-3.356507130985808551e-02	0.000000000000000000e+00
6.499415987548600171e-01	-3.356507130985808551e-02	0.000000000000000000e+00
6.499415987548600171e-01	-3.356507130985808551e-02	0.000000000000000000e+00
6.499415987548600171e-01	-8.651440905315987973e-02	0.000000000000000000e+00
6.499415987548600171e-01	-8.651440905315987973e-02	0.000000000000000000e+00
6.499415987548600171e-01	-8.651440905315987973e-02	0.000000000000000000e+00
6.499415987548600171e-01	-8.651440905315987973e-02	0.000000000000000000e+00
6.499415987548600171e-01	-8.651440905315987973e-02	0.000000000000000000e+00
6.499415987548600171e-01	-8.651440905315987973e-02	0.000000000000000000e+00
6.499415987548600171e-01	-8.651440905315987973e-02	0.000000000000000000e+00
8.552982498253033361e-01	-3.437836280574177450e-01	0.000000000000000000e+00
8.552982498253033361e-01	-3.437836280574177450e-01	0.000000000000000000e+00
8.503674549030808549e-01	-3.137389806114321278e-01	0.000000000000000000e+00
8.503674549030808549e-01	-3.137389806114321278e-01	0.000000000000000000e+00
8.440186742102928630e-01	-2.533786871652257133e-01	0.000000000000000000e+00
8.552982498253033361e-01	-2.307430916177887759e-01	0.000000000000000000e+00
8.552982498253033361e-01	-2.307430916177887759e-01	0.000000000000000000e+00
8.552982498253033361e-01	-2.307430916177887759e-01	0.000000000000000000e+00
8.552982498253033361e-01	-2.307430916177887759e-01	0.000000000000000000e+00
8.427143766633187205e-01	-2.237685051415499726e-01	0.000000000000000000e+00
8.477055332451141068e-01	-3.837430324939975490e-01	0.000000000000000000e+00
8.440186742102928630e-01	-2.533786871652257133e-01	0.000000000000000000e+00
8.477055332451141068e-01	-3.837430324939975490e-01	0.000000000000000000e+00
8.427143766633187205e-01	-2.713906010354294462e-01	0.000000000000000000e+00
8.439702008202051298e-01	-3.381320178144788247e-01	0.000000000000000000e+00
8.477055332451141068e-01	-3.837430324939975490e-01	0.000000000000000000e+00
8.429208321415462279e-01	-3.280501173224563138e-01	0.000000000000000000e+00
8.429208321415462279e-01	-3.280501173224563138e-01	0.000000000000000000e+00
8.429208321415462279e-01	-3.280501173224563138e-01	0.000000000000000000e+00
8.429208321415462279e-01	-3.294814498554670124e-01	0.000000000000000000e+00
8.429208321415462279e-01	-3.294814498554670124e-01	0.000000000000000000e+00
8.429208321415462279e-01	-3.294814498554670124e-01	0.000000000000000000e+00
8.429208321415462279e-01	-3.294814498554670124e-01	0.000000000000000000e+00
8.458015978943025370e-01	-3.423354904065951665e-01	0.000000000000000000e+00
8.477867981397682051e-01	-3.528841574368629108e-01	0.000000000000000000e+00
8.477867981397682051e-01	-3.528841574368629108e-01	0.000000000000000000e+00
