0.000000000000000000e+00	2.112910615992264152e+00	0.000000000000000000e+00
1.089631013554108810e-02	1.690620548183726646e+00	0.000000000000000000e+00
2.909108563462276670e-02	1.606133725549654390e+00	0.000000000000000000e+00
2.909108563462276670e-02	1.606133725549654390e+00	0.000000000000000000e+00
6.580538167215517487e-02	1.371304605334823457e+00	0.000000000000000000e+00
6.580538167215517487e-02	1.371304605334823457e+00	0.000000000000000000e+00
6.580538167215517487e-02	1.371304605334823457e+00	0.000000000000000000e+00
9.492710192279259218e-02	1.364135847190980577e+00	0.000000000000000000e+00
9.492710192279259218e-02	1.364135847190980577e+00	0.000000000000000000e+00
9.492710192279259218e-02	1.364135847190980577e+00	0.000000000000000000e+00
8.036624179747388352e-02	1.376610111833441064e+00	0.000000000000000000e+00
8.036624179747388352e-02	1.376610111833441064e+00	0.000000000000000000e+00
1.937028506444506692e-01	1.266266951690679265e+00	0.000000000000000000e+00
1.949385653818304642e-01	1.183848386647120554e+00	0.000000000000000000e+00
1.960006598727305760e-01	1.134878715266154581e+00	0.000000000000000000e+00
2.113804732780145412e-01	1.116690513247857952e+00	0.000000000000000000e+00
2.180598376516923176e-01	9.457102207890766277e-01	0.000000000000000000e+00
2.180598376516923176e-01	9.457102207890766277e-01	0.000000000000000000e+00
2.247588113274536503e-01	8.590864522173397022e-01	0.000000000000000000e+00
2.247588113274536503e-01	8.590864522173397022e-01	0.000000000000000000e+00
2.247588113274536503e-01	8.535869563485903866e-01	0.000000000000000000e+00
2.399717675211014978e-01	8.190197356060636702e-01	0.000000000000000000e+00
2.438967194807172556e-01	6.074643360206807285e-01	0.000000000000000000e+00
2.438967194807172556e-01	6.074643360206807285e-01	0.000000000000000000e+00
2.438967194807172556e-01	6.074643360206807285e-01	0.000000000000000000e+00
2.438967194807172556e-01	6.074643360206807285e-01	0.000000000000000000e+00
2.438967194807172556e-01	6.074643360206807285e-01	0.000000000000000000e+00
2.438967194807172556e-01	6.074643360206807285e-01	0.000000000000000000e+00
2.438967194807172556e-01	6.074643360206807285e-01	0.000000000000000000e+00
2.438967194807172556e-01	6.074643360206807285e-01	0.000000000000000000e+00
2.438967194807172556e-01	6.074643360206807285e-01	0.000000000000000000e+00
2.425949752005649995e-01	6.190106181230659033e-01	0.000000000000000000e+00
2.425949752005649995e-01	6.190106181230659033e-01	0.000000000000000000e+00
2.425949752005649995e-01	6.190106181230659033e-01	0.000000000000000000e+00
2.425949752005649995e-01	6.190106181230659033e-01	0.000000000000000000e+00
2.425949752005649995e-01	6.190106181230659033e-01	0.000000000000000000e+00
2.425949752005649995e-01	6.190106181230659033e-01	0.000000000000000000e+00
4.173556744566599974e-01	4.556668133661586073e-01	0.000000000000000000e+00
4.173556744566599974e-01	5.929216203525076168e-01	0.000000000000000000e+00
4.226295143689320910e-01	5.358853050139504859e-01	0.000000000000000000e+00
4.226295143689320910e-01	5.358853050139504859e-01	0.000000000000000000e+00
4.243595012226580310e-01	4.027096541906989846e-01	0.000000000000000000e+00
4.243595012226580310e-01	4.027096541906989846e-01	0.000000000000000000e+00
4.243595012226580310e-01	4.027096541906989846e-01	0.000000000000000000e+00
4.243595012226580310e-01	4.027096541906989846e-01	0.000000000000000000e+00
4.243595012226580310e-01	4.027096541906989846e-01	0.000000000000000000e+00
4.450715505748945588e-01	4.373705951374227130e-01	0.000000000000000000e+00
4.450715505748945588e-01	4.373705951374227130e-01	0.000000000000000000e+00
4.450715505748945588e-01	4.373705951374227130e-01	0.000000000000000000e+00
4.450715505748945588e-01	4.373705951374227130e-01	0.000000000000000000e+00
4.450715505748945588e-01	4.373705951374227130e-01	0.000000000000000000e+00
4.450715505748945588e-01	4.373705951374227130e-01	0.000000000000000000e+00
4.450715505748945588e-01	4.373705951374227130e-01	0.000000000000000000e+00
4.450715505748945588e-01	4.373705951374227130e-01	0.000000000000000000e+00
4.450715505748945588e-01	4.376818128677094077e-01	0.000000000000000000e+00
6.413746734102176994e-01	3.403743933149528389e-01	0.000000000000000000e+00
6.413746734102176994e-01	3.403743933149528389e-01	0.000000000000000000e+00
6.413746734102176994e-01	3.403743933149528389e-01	0.000000000000000000e+00
6.413746734102176994e-01	3.403743933149528389e-01	0.000000000000000000e+00
6.413746734102176994e-01	3.403743933149528389e-01	0.000000000000000000e+00
6.413746734102176994e-01	3.188752296485911075e-01	0.000000000000000000e+00
6.413746734102176994e-01	3.188752296485911075e-01	0.000000000000000000e+00
6.437582220692763535e-01	2.936967194910053425e-01	0.000000000000000000e+00
6.477068797459852867e-01	2.795063816285919267e-01	0.000000000000000000e+00
6.479165787881953076e-01	2.668336676890029624e-01	0.000000000000000000e+00
6.479165787881953076e-01	2.668336676890029624e-01	0.000000000000000000e+00
6.479165787881953076e-01	2.668336676890029624e-01	0.000000000000000000e+00
6.479165787881953076e-01	2.668336676890029624e-01	0.000000000000000000e+00
6.479165787881953076e-01	2.668336676890029624e-01	0.000000000000000000e+00
6.479165787881953076e-01	2.668336676890029624e-01	0.000000000000000000e+00
8.378245984873956553e-01	6.760109671341892057e-02	0.000000000000000000e+00
8.378245984873956553e-01	6.760109671341892057e-02	0.000000000000000000e+00
8.379705983409375669e-01	1.928634758833037421e-01	0.000000000000000000e+00
8.379705983409375669e-01	1.928634758833037421e-01	0.000000000000000000e+00
8.379705983409375669e-01	8.042646365343424086e-02	0.000000000000000000e+00
8.379705983409375669e-01	8.042646365343424086e-02	0.000000000000000000e+00
8.379705983409375669e-01	8.042646365343424086e-02	0.000000000000000000e+00
8.379220403597660294e-01	8.047312647324408874e-02	0.000000000000000000e+00
8.379220403597660294e-01	8.047312647324408874e-02	0.000000000000000000e+00
8.379220403597660294e-01	1.711450563980964137e-02	0.000000000000000000e+00
8.379220403597660294e-01	1.711450563980964137e-02	0.000000000000000000e+00
8.379220403597660294e-01	1.711450563980964137e-02	0.000000000000000000e+00
8.379220403597660294e-01	1.711450563980964137e-02	0.000000000000000000e+00
8.379220403597660294e-01	1.711450563980964137e-02	0.000000000000000000e+00
8.379220403597660294e-01	1.711450563980964137e-02	0.000000000000000000e+00
8.379220403597660294e-01	1.711450563980964137e-02	0.000000000000000000e+00
8.379220403597660294e-01	1.711450563980964137e-02	0.000000000000000000e+00
8.378814339181451798e-01	-9.080189730612897234e-03	0.000000000000000000e+00
8.378814339181451798e-01	-9.080189730612897234e-03	0.000000000000000000e+00
8.378814339181451798e-01	-9.080189730612897234e-03	0.000000000000000000e+00
8.378814339181451798e-01	-9.080189730612897234e-03	0.000000000000000000e+00
8.378814339181451798e-01	-9.080189730612897234e-03	0.000000000000000000e+00
8.382594908023253133e-01	-7.179515620012089094e-02	0.000000000000000000e+00
8.381656790094913489e-01	-3.770587062173653969e-02	0.000000000000000000e+00
8.382594908023253133e-01	-7.179515620012089094e-02	0.000000000000000000e+00
8.382594908023253133e-01	-7.179515620012089094e-02	0.000000000000000000e+00
8.382468918927330481e-01	-5.918074846153855567e-02	0.000000000000000000e+00
8.382594908023253133e-01	-7.179515620012089094e-02	0.000000000000000000e+00
8.382594908023253133e-01	-8.534456242040007468e-02	0.000000000000000000e+00
8.382594908023253133e-01	-8.534456242040007468e-02	0.000000000000000000e+00
