0.000000000000000000e+00	2.650594378996134814e+00	0.000000000000000000e+00
8.377837172653862519e-03	2.015565695144094782e+00	0.000000000000000000e+00
2.909108563462276670e-02	1.606133725549654390e+00	0.000000000000000000e+00
2.909108563462276670e-02	1.606133725549654390e+00	0.000000000000000000e+00
6.974563087369478609e-02	1.450209377930695265e+00	0.000000000000000000e+00
6.974563087369478609e-02	1.450209377930695265e+00	0.000000000000000000e+00
6.974563087369478609e-02	1.450209377930695265e+00	0.000000000000000000e+00
6.974563087369478609e-02	1.450209377930695265e+00	0.000000000000000000e+00
6.974563087369478609e-02	1.450209377930695265e+00	0.000000000000000000e+00
6.974563087369478609e-02	1.469427241959689878e+00	0.000000000000000000e+00
6.974563087369478609e-02	1.469427241959689878e+00	0.000000000000000000e+00
1.822087451856830298e-01	1.420035458182588917e+00	0.000000000000000000e+00
1.937028506444506692e-01	1.242345568617130969e+00	0.000000000000000000e+00
1.949385653818304642e-01	1.216184778579459280e+00	0.000000000000000000e+00
2.113804732780145412e-01	1.141352467763246947e+00	0.000000000000000000e+00
2.113804732780145412e-01	1.116690513247857952e+00	0.000000000000000000e+00
2.260112384572111055e-01	8.991008155863216000e-01	0.000000000000000000e+00
2.260112384572111055e-01	8.991008155863216000e-01	0.000000000000000000e+00
2.260112384572111055e-01	8.991008155863216000e-01	0.000000000000000000e+00
2.260112384572111055e-01	8.991008155863216000e-01	0.000000000000000000e+00
2.399717675211014978e-01	8.190197356060636702e-01	0.000000000000000000e+00
2.399717675211014978e-01	8.190197356060636702e-01	0.000000000000000000e+00
2.399717675211014978e-01	8.190197356060636702e-01	0.000000000000000000e+00
2.637672555372512773e-01	7.486053955517226743e-01	0.000000000000000000e+00
2.637672555372512773e-01	7.478271235185638410e-01	0.000000000000000000e+00
2.637672555372512773e-01	7.478271235185638410e-01	0.000000000000000000e+00
2.637672555372512773e-01	7.478271235185638410e-01	0.000000000000000000e+00
2.637672555372512773e-01	7.478271235185638410e-01	0.000000000000000000e+00
2.637672555372512773e-01	7.478271235185638410e-01	0.000000000000000000e+00
2.637672555372512773e-01	7.478271235185638410e-01	0.000000000000000000e+00
2.637672555372512773e-01	7.478271235185638410e-01	0.000000000000000000e+00
2.637672555372512773e-01	7.478271235185638410e-01	0.000000000000000000e+00
2.637672555372512773e-01	7.499002744734524217e-01	0.000000000000000000e+00
2.637672555372512773e-01	7.499002744734524217e-01	0.000000000000000000e+00
4.173556744566599974e-01	6.392681798665678095e-01	0.000000000000000000e+00
4.173556744566599974e-01	6.392681798665678095e-01	0.000000000000000000e+00
4.173556744566599974e-01	6.392681798665678095e-01	0.000000000000000000e+00
4.213122361795387794e-01	5.858857820621098389e-01	0.000000000000000000e+00
4.213122361795387794e-01	5.858857820621098389e-01	0.000000000000000000e+00
4.260492485085610181e-01	5.551838980315599859e-01	0.000000000000000000e+00
4.260492485085610181e-01	5.551838980315599859e-01	0.000000000000000000e+00
4.299945514964747528e-01	4.246203918627704521e-01	0.000000000000000000e+00
4.451526207213120645e-01	4.428404162497139862e-01	0.000000000000000000e+00
4.451526207213120645e-01	4.428404162497139862e-01	0.000000000000000000e+00
4.451526207213120645e-01	4.428404162497139862e-01	0.000000000000000000e+00
4.451526207213120645e-01	4.428404162497139862e-01	0.000000000000000000e+00
4.453147610141470758e-01	4.413257772585293948e-01	0.000000000000000000e+00
4.453147610141470758e-01	4.413257772585293948e-01	0.000000000000000000e+00
4.451526207213120645e-01	4.428404162497139862e-01	0.000000000000000000e+00
4.451526207213120645e-01	4.508640560740807546e-01	0.000000000000000000e+00
4.454847491354628763e-01	4.736610939440255574e-01	0.000000000000000000e+00
4.454847491354628763e-01	5.178802769123432848e-01	0.000000000000000000e+00
6.442986093252014435e-01	4.863876441267753203e-01	0.000000000000000000e+00
6.442986093252014435e-01	3.254832136244927288e-01	0.000000000000000000e+00
6.442986093252014435e-01	3.323813452596831031e-01	0.000000000000000000e+00
6.442986093252014435e-01	3.323813452596831031e-01	0.000000000000000000e+00
6.442986093252014435e-01	3.323813452596831031e-01	0.000000000000000000e+00
6.442986093252014435e-01	3.323813452596831031e-01	0.000000000000000000e+00
6.442986093252014435e-01	3.323813452596831031e-01	0.000000000000000000e+00
6.442986093252014435e-01	3.323813452596831031e-01	0.000000000000000000e+00
6.442986093252014435e-01	3.323813452596831031e-01	0.000000000000000000e+00
6.482318407054459275e-01	3.084350544382576387e-01	0.000000000000000000e+00
6.482318407054459275e-01	3.084350544382576387e-01	0.000000000000000000e+00
6.521650720856903005e-01	3.069312177081702786e-01	0.000000000000000000e+00
6.478687666209157481e-01	2.777533564500461183e-01	0.000000000000000000e+00
6.478687666209157481e-01	2.777533564500461183e-01	0.000000000000000000e+00
6.478687666209157481e-01	2.777533564500461183e-01	0.000000000000000000e+00
6.478687666209157481e-01	2.777533564500461183e-01	0.000000000000000000e+00
6.478687666209157481e-01	2.777533564500461183e-01	0.000000000000000000e+00
6.478687666209157481e-01	2.777533564500461183e-01	0.000000000000000000e+00
8.379705983409375669e-01	6.176382195490318777e-02	0.000000000000000000e+00
8.379705983409375669e-01	6.176382195490318777e-02	0.000000000000000000e+00
8.379705983409375669e-01	6.176382195490318777e-02	0.000000000000000000e+00
8.379705983409375669e-01	6.176382195490318777e-02	0.000000000000000000e+00
8.379705983409375669e-01	8.765621630822655053e-02	0.000000000000000000e+00
8.379705983409375669e-01	8.765621630822655053e-02	0.000000000000000000e+00
8.379705983409375669e-01	8.765621630822655053e-02	0.000000000000000000e+00
8.379705983409375669e-01	8.765621630822655053e-02	0.000000000000000000e+00
8.379705983409375669e-01	3.988219298106438632e-02	0.000000000000000000e+00
8.379705983409375669e-01	3.988219298106438632e-02	0.000000000000000000e+00
8.379705983409375669e-01	3.988219298106438632e-02	0.000000000000000000e+00
8.379705983409375669e-01	3.988219298106438632e-02	0.000000000000000000e+00
8.379705983409375669e-01	3.988219298106438632e-02	0.000000000000000000e+00
8.379705983409375669e-01	3.988219298106438632e-02	0.000000000000000000e+00
8.379705983409375669e-01	3.988219298106438632e-02	0.000000000000000000e+00
8.379705983409375669e-01	3.988219298106438632e-02	0.000000000000000000e+00
8.379705983409375669e-01	7.387009684156752021e-03	0.000000000000000000e+00
8.379705983409375669e-01	7.387009684156752021e-03	0.000000000000000000e+00
8.379705983409375669e-01	7.387009684156752021e-03	0.000000000000000000e+00
8.382983955445499902e-01	1.685530489929248574e-02	0.000000000000000000e+00
8.382468918927330481e-01	-1.998836329474223961e-02	0.000000000000000000e+00
8.382468918927330481e-01	-1.998836329474223961e-02	0.000000000000000000e+00
8.382468918927330481e-01	-1.998836329474223961e-02	0.000000000000000000e+00
8.382468918927330481e-01	-3.099383084892531198e-02	0.000000000000000000e+00
8.382468918927330481e-01	-4.045953882137526963e-02	0.000000000000000000e+00
8.382468918927330481e-01	-4.045953882137526963e-02	0.000000000000000000e+00
8.382468918927330481e-01	-4.045953882137526963e-02	0.000000000000000000e+00
8.382468918927330481e-01	-4.045953882137526963e-02	0.000000000000000000e+00
8.382468918927330481e-01	-4.045953882137526963e-02	0.000000000000000000e+00
8.382468918927330481e-01	-4.045953882137526963e-02	0.000000000000000000e+00
