0.000000000000000000e+00	1.496984710576626298e+00	0.000000000000000000e+00
1.486379986012692674e-02	1.056832704432181025e+00	0.000000000000000000e+00
3.283043805289052181e-02	9.391086502824200766e-01	0.000000000000000000e+00
3.283043805289052181e-02	9.182494418104055756e-01	0.000000000000000000e+00
5.558816459649559144e-02	8.246111818476649091e-01	0.000000000000000000e+00
5.558816459649559144e-02	8.246111818476649091e-01	0.000000000000000000e+00
8.091051071856886212e-02	7.879678143214611241e-01	0.000000000000000000e+00
8.925172828484904952e-02	7.798624191184618804e-01	0.000000000000000000e+00
8.925172828484904952e-02	7.798624191184618804e-01	0.000000000000000000e+00
8.925172828484904952e-02	7.798624191184618804e-01	0.000000000000000000e+00
8.925172828484904952e-02	7.798624191184618804e-01	0.000000000000000000e+00
8.925172828484904952e-02	7.798624191184618804e-01	0.000000000000000000e+00
8.925172828484904952e-02	7.798624191184618804e-01	0.000000000000000000e+00
8.925172828484904952e-02	7.798624191184618804e-01	0.000000000000000000e+00
2.085058709630148166e-01	7.127355926153537968e-01	0.000000000000000000e+00
2.160825159491576164e-01	6.362846552386919319e-01	0.000000000000000000e+00
2.223663088451534042e-01	6.289404760622805401e-01	0.000000000000000000e+00
2.308941167762761926e-01	5.594701300463652549e-01	0.000000000000000000e+00
2.378120240400197483e-01	5.041663671904889066e-01	0.000000000000000000e+00
2.469368843526104917e-01	4.873420957228827843e-01	0.000000000000000000e+00
2.510142613196481576e-01	4.362990506162797710e-01	0.000000000000000000e+00
2.550916382866857957e-01	4.093309889994263262e-01	0.000000000000000000e+00
2.550916382866857957e-01	4.093309889994263262e-01	0.000000000000000000e+00
2.550916382866857957e-01	4.090311067415358104e-01	0.000000000000000000e+00
2.550916382866857957e-01	4.090311067415358104e-01	0.000000000000000000e+00
2.550916382866857957e-01	4.090311067415358104e-01	0.000000000000000000e+00
2.550916382866857957e-01	4.090311067415358104e-01	0.000000000000000000e+00
2.550916382866857957e-01	4.090311067415358104e-01	0.000000000000000000e+00
2.550916382866857957e-01	4.090311067415358104e-01	0.000000000000000000e+00
2.550916382866857957e-01	4.090311067415358104e-01	0.000000000000000000e+00
2.550916382866857957e-01	4.090311067415358104e-01	0.000000000000000000e+00
4.211579169977049397e-01	3.238206870567751361e-01	0.000000000000000000e+00
4.211579169977049397e-01	3.238206870567751361e-01	0.000000000000000000e+00
4.246671498956681168e-01	1.876259787039964433e-01	0.000000000000000000e+00
4.246671498956681168e-01	1.876259787039964433e-01	0.000000000000000000e+00
4.246671498956681168e-01	1.876259787039964433e-01	0.000000000000000000e+00
4.246671498956681168e-01	1.876259787039964433e-01	0.000000000000000000e+00
4.260038652858241792e-01	1.655893377716022574e-01	0.000000000000000000e+00
4.328079423374232015e-01	1.238074222400377400e-01	0.000000000000000000e+00
4.345107395012648976e-01	1.040171104597854002e-01	0.000000000000000000e+00
4.369990077366423531e-01	7.423873761713208064e-02	0.000000000000000000e+00
4.401266205057298708e-01	6.000392953737106183e-02	0.000000000000000000e+00
4.448293712991930882e-01	4.534902631626021308e-02	0.000000000000000000e+00
4.491196195363256205e-01	3.300411034138774763e-02	0.000000000000000000e+00
4.491196195363256205e-01	3.300411034138774763e-02	0.000000000000000000e+00
4.491196195363256205e-01	3.300411034138774763e-02	0.000000000000000000e+00
4.491196195363256205e-01	3.300411034138774763e-02	0.000000000000000000e+00
4.491196195363256205e-01	3.300411034138774763e-02	0.000000000000000000e+00
4.491196195363256205e-01	3.300411034138774763e-02	0.000000000000000000e+00
4.491196195363256205e-01	3.300411034138774763e-02	0.000000000000000000e+00
4.491196195363256205e-01	3.300411034138774763e-02	0.000000000000000000e+00
4.500621530942838233e-01	3.615848903570717532e-02	0.000000000000000000e+00
6.413600205468955595e-01	-1.473042610306617151e-01	0.000000000000000000e+00
6.413600205468955595e-01	-1.473042610306617151e-01	0.000000000000000000e+00
6.413600205468955595e-01	-1.473042610306617151e-01	0.000000000000000000e+00
6.413600205468955595e-01	-1.473042610306617151e-01	0.000000000000000000e+00
6.413600205468955595e-01	-1.473042610306617151e-01	0.000000000000000000e+00
6.413600205468955595e-01	-1.473042610306617151e-01	0.000000000000000000e+00
6.413600205468955595e-01	-1.473042610306617151e-01	0.000000000000000000e+00
6.413594884688824660e-01	-1.371119089801625945e-01	0.000000000000000000e+00
6.413594884688824660e-01	-1.371119089801625945e-01	0.000000000000000000e+00
6.413611598347165321e-01	-1.576987875656227500e-01	0.000000000000000000e+00
6.413685286965989940e-01	-1.771934086716006329e-01	0.000000000000000000e+00
6.413685286965989940e-01	-1.887900093974552718e-01	0.000000000000000000e+00
6.577353737640437847e-01	-1.926111328501273201e-01	0.000000000000000000e+00
6.577353737640437847e-01	-1.926111328501273201e-01	0.000000000000000000e+00
6.577353737640437847e-01	-2.151505914164826561e-01	0.000000000000000000e+00
6.577353737640437847e-01	-2.151505914164826561e-01	0.000000000000000000e+00
6.577353737640437847e-01	-2.151505914164826561e-01	0.000000000000000000e+00
6.577353737640437847e-01	-2.151505914164826561e-01	0.000000000000000000e+00
6.577353737640437847e-01	-2.151505914164826561e-01	0.000000000000000000e+00
8.338565761610280402e-01	-3.376675529653016539e-01	0.000000000000000000e+00
8.338565761610280402e-01	-3.479740305894871710e-01	0.000000000000000000e+00
8.338565761610280402e-01	-3.479740305894871710e-01	0.000000000000000000e+00
8.338565761610280402e-01	-3.479740305894871710e-01	0.000000000000000000e+00
8.338565761610280402e-01	-3.479740305894871710e-01	0.000000000000000000e+00
8.338565761610280402e-01	-3.479740305894871710e-01	0.000000000000000000e+00
8.338565761610280402e-01	-3.479740305894871710e-01	0.000000000000000000e+00
8.338565761610280402e-01	-3.479740305894871710e-01	0.000000000000000000e+00
8.338565761610280402e-01	-3.479740305894871710e-01	0.000000000000000000e+00
8.338565761610280402e-01	-3.847800697738275044e-01	0.000000000000000000e+00
8.338565761610280402e-01	-3.847800697738275044e-01	0.000000000000000000e+00
8.338565761610280402e-01	-3.847800697738275044e-01	0.000000000000000000e+00
8.327747471101978327e-01	-4.113662439430822437e-01	0.000000000000000000e+00
8.327747471101978327e-01	-4.113662439430822437e-01	0.000000000000000000e+00
8.338633581309253806e-01	-4.267963058244018670e-01	0.000000000000000000e+00
8.338633581309253806e-01	-4.267963058244018670e-01	0.000000000000000000e+00
8.425454048462068801e-01	-5.172534258971923649e-01	0.000000000000000000e+00
8.425454048462068801e-01	-5.045397581283337374e-01	0.000000000000000000e+00
8.425454048462068801e-01	-5.045397581283337374e-01	0.000000000000000000e+00
8.425454048462068801e-01	-5.045397581283337374e-01	0.000000000000000000e+00
8.425454048462068801e-01	-5.045397581283337374e-01	0.000000000000000000e+00
8.425454048462068801e-01	-5.045397581283337374e-01	0.000000000000000000e+00
8.425454048462068801e-01	-5.045397581283337374e-01	0.000000000000000000e+00
8.425454048462068801e-01	-5.078675051812209240e-01	0.000000000000000000e+00
8.425454048462068801e-01	-5.078675051812209240e-01	0.000000000000000000e+00
8.425454048462068801e-01	-4.984888816390909416e-01	0.000000000000000000e+00
8.425454048462068801e-01	-4.984888816390909416e-01	0.000000000000000000e+00
8.425454048462068801e-01	-4.984888816390909416e-01	0.000000000000000000e+00
8.425454048462068801e-01	-4.984888816390909416e-01	0.000000000000000000e+00
