0.000000000000000000e+00	4.533267514344794691e+00	0.000000000000000000e+00
2.605736013054102407e-02	3.745900391914459782e+00	0.000000000000000000e+00
4.940816024589737843e-02	3.642716654052750247e+00	0.000000000000000000e+00
5.692260175885673068e-02	3.328194255063472884e+00	0.000000000000000000e+00
5.692260175885673068e-02	3.328194255063472884e+00	0.000000000000000000e+00
5.692260175885673068e-02	3.328194255063472884e+00	0.000000000000000000e+00
5.692260175885673068e-02	3.328194255063472884e+00	0.000000000000000000e+00
1.711335328082723706e-01	3.127555114991913854e+00	0.000000000000000000e+00
1.711335328082723706e-01	3.127555114991913854e+00	0.000000000000000000e+00
1.818989773030910972e-01	3.000091303215726590e+00	0.000000000000000000e+00
1.963248284993934223e-01	2.864465368618148489e+00	0.000000000000000000e+00
2.178557174890308756e-01	2.601926872039743266e+00	0.000000000000000000e+00
2.178557174890308756e-01	2.601926872039743266e+00	0.000000000000000000e+00
2.178557174890308756e-01	2.481900186089807114e+00	0.000000000000000000e+00
2.178557174890308756e-01	2.456724471366825924e+00	0.000000000000000000e+00
2.178557174890308756e-01	2.456724471366825924e+00	0.000000000000000000e+00
2.178557174890308756e-01	2.456724471366825924e+00	0.000000000000000000e+00
2.178557174890308756e-01	2.467959800309302398e+00	0.000000000000000000e+00
2.178557174890308756e-01	2.467959800309302398e+00	0.000000000000000000e+00
2.178557174890308756e-01	2.467959800309302398e+00	0.000000000000000000e+00
2.178557174890308756e-01	2.467959800309302398e+00	0.000000000000000000e+00
2.178557174890308756e-01	2.471837021707494308e+00	0.000000000000000000e+00
2.178557174890308756e-01	2.471837021707494308e+00	0.000000000000000000e+00
2.178557174890308756e-01	2.471837021707494308e+00	0.000000000000000000e+00
4.413290034976913301e-01	1.877384263601266756e+00	0.000000000000000000e+00
4.413290034976913301e-01	1.877384263601266756e+00	0.000000000000000000e+00
4.413290034976913301e-01	1.877384263601266756e+00	0.000000000000000000e+00
4.413290034976913301e-01	1.877384263601266756e+00	0.000000000000000000e+00
4.413290034976913301e-01	1.877384263601266756e+00	0.000000000000000000e+00
4.413290034976913301e-01	1.877384263601266756e+00	0.000000000000000000e+00
4.413290034976913301e-01	2.028856569419206224e+00	0.000000000000000000e+00
4.413290034976913301e-01	1.995008689061302576e+00	0.000000000000000000e+00
4.413640265320360467e-01	1.916901445186013575e+00	0.000000000000000000e+00
4.413640265320360467e-01	1.916901445186013575e+00	0.000000000000000000e+00
4.413640265320360467e-01	1.916901445186013575e+00	0.000000000000000000e+00
4.413640265320360467e-01	1.916901445186013575e+00	0.000000000000000000e+00
4.413640265320360467e-01	1.916901445186013575e+00	0.000000000000000000e+00
4.413640265320360467e-01	1.916901445186013575e+00	0.000000000000000000e+00
4.413640265320360467e-01	1.916901445186013575e+00	0.000000000000000000e+00
4.413640265320360467e-01	1.916901445186013575e+00	0.000000000000000000e+00
4.413640265320360467e-01	1.927265920483773654e+00	0.000000000000000000e+00
4.413640265320360467e-01	1.927265920483773654e+00	0.000000000000000000e+00
4.413640265320360467e-01	1.927265920483773654e+00	0.000000000000000000e+00
6.521650720856903005e-01	1.622914740500141839e+00	0.000000000000000000e+00
6.521650720856903005e-01	1.622914740500141839e+00	0.000000000000000000e+00
6.521650720856903005e-01	1.622914740500141839e+00	0.000000000000000000e+00
6.521650720856903005e-01	1.622914740500141839e+00	0.000000000000000000e+00
6.521650720856903005e-01	1.539235499476463875e+00	0.000000000000000000e+00
6.521650720856903005e-01	1.539235499476463875e+00	0.000000000000000000e+00
6.521650720856903005e-01	1.539235499476463875e+00	0.000000000000000000e+00
6.521650720856903005e-01	1.539235499476463875e+00	0.000000000000000000e+00
6.521650720856903005e-01	1.539235499476463875e+00	0.000000000000000000e+00
6.521650720856903005e-01	1.539235499476463875e+00	0.000000000000000000e+00
6.521650720856903005e-01	1.539235499476463875e+00	0.000000000000000000e+00
6.521650720856903005e-01	1.539235499476463875e+00	0.000000000000000000e+00
6.521650720856903005e-01	1.412015148225964856e+00	0.000000000000000000e+00
6.521650720856903005e-01	1.412015148225964856e+00	0.000000000000000000e+00
6.521650720856903005e-01	1.412015148225964856e+00	0.000000000000000000e+00
6.521650720856903005e-01	1.605605120061006197e+00	0.000000000000000000e+00
6.521650720856903005e-01	1.605605120061006197e+00	0.000000000000000000e+00
6.521650720856903005e-01	1.605605120061006197e+00	0.000000000000000000e+00
6.521650720856903005e-01	1.605605120061006197e+00	0.000000000000000000e+00
8.578879350622128364e-01	1.241683046571189886e+00	0.000000000000000000e+00
8.578879350622128364e-01	1.241683046571189886e+00	0.000000000000000000e+00
8.578462474377506197e-01	1.413819779586987346e+00	0.000000000000000000e+00
8.578462474377506197e-01	1.413819779586987346e+00	0.000000000000000000e+00
8.569792543327727774e-01	1.096241681483999253e+00	0.000000000000000000e+00
8.569792543327727774e-01	1.060614111665288961e+00	0.000000000000000000e+00
8.569792543327727774e-01	1.060614111665288961e+00	0.000000000000000000e+00
8.569792543327727774e-01	1.060614111665288961e+00	0.000000000000000000e+00
8.569792543327727774e-01	1.060614111665288961e+00	0.000000000000000000e+00
8.569792543327727774e-01	1.060614111665288961e+00	0.000000000000000000e+00
8.569792543327727774e-01	1.060614111665288961e+00	0.000000000000000000e+00
8.569792543327727774e-01	1.060614111665288961e+00	0.000000000000000000e+00
8.569792543327727774e-01	1.060614111665288961e+00	0.000000000000000000e+00
8.571548645182054393e-01	1.177304465890924190e+00	0.000000000000000000e+00
8.571548645182054393e-01	1.177304465890924190e+00	0.000000000000000000e+00
8.571548645182054393e-01	1.126005715571752219e+00	0.000000000000000000e+00
8.571548645182054393e-01	1.126005715571752219e+00	0.000000000000000000e+00
8.571548645182054393e-01	1.126005715571752219e+00	0.000000000000000000e+00
8.571548645182054393e-01	1.126005715571752219e+00	0.000000000000000000e+00
8.571548645182054393e-01	1.126005715571752219e+00	0.000000000000000000e+00
8.572586210586434774e-01	1.054331479672074634e+00	0.000000000000000000e+00
8.572586210586434774e-01	1.054331479672074634e+00	0.000000000000000000e+00
8.572586210586434774e-01	1.054331479672074634e+00	0.000000000000000000e+00
8.572586210586434774e-01	1.054331479672074634e+00	0.000000000000000000e+00
8.572586210586434774e-01	1.054331479672074634e+00	0.000000000000000000e+00
8.572586210586434774e-01	1.054331479672074634e+00	0.000000000000000000e+00
8.572586210586434774e-01	1.054331479672074634e+00	0.000000000000000000e+00
8.573623775990815155e-01	1.174499133952805252e+00	0.000000000000000000e+00
8.573623775990815155e-01	1.174499133952805252e+00	0.000000000000000000e+00
8.585324262394741224e-01	1.154650209798733229e+00	0.000000000000000000e+00
8.585324262394741224e-01	1.154650209798733229e+00	0.000000000000000000e+00
8.585324262394741224e-01	1.154650209798733229e+00	0.000000000000000000e+00
8.585324262394741224e-01	1.154650209798733229e+00	0.000000000000000000e+00
8.585324262394741224e-01	1.154650209798733229e+00	0.000000000000000000e+00
8.585324262394741224e-01	1.154650209798733229e+00	0.000000000000000000e+00
8.585324262394741224e-01	1.154650209798733229e+00	0.000000000000000000e+00
8.585324262394741224e-01	1.154650209798733229e+00	0.000000000000000000e+00
8.585324262394741224e-01	1.157844694151377363e+00	0.000000000000000000e+00
