0.000000000000000000e+00	2.650594378996134814e+00	0.000000000000000000e+00
8.377837172653862519e-03	2.015565695144094782e+00	0.000000000000000000e+00
2.909108563462276670e-02	1.744618844817547698e+00	0.000000000000000000e+00
2.909108563462276670e-02	1.744618844817547698e+00	0.000000000000000000e+00
6.974563087369478609e-02	1.527003952919932406e+00	0.000000000000000000e+00
6.974563087369478609e-02	1.469427241959689878e+00	0.000000000000000000e+00
6.974563087369478609e-02	1.469427241959689878e+00	0.000000000000000000e+00
6.974563087369478609e-02	1.469427241959689878e+00	0.000000000000000000e+00
6.974563087369478609e-02	1.469427241959689878e+00	0.000000000000000000e+00
6.974563087369478609e-02	1.469427241959689878e+00	0.000000000000000000e+00
6.974563087369478609e-02	1.469427241959689878e+00	0.000000000000000000e+00
1.822087451856830298e-01	1.420035458182588917e+00	0.000000000000000000e+00
1.937028506444506692e-01	1.242345568617130969e+00	0.000000000000000000e+00
1.949385653818304642e-01	1.216184778579459280e+00	0.000000000000000000e+00
2.113804732780145412e-01	1.116690513247857952e+00	0.000000000000000000e+00
2.113804732780145412e-01	1.116690513247857952e+00	0.000000000000000000e+00
2.260112384572111055e-01	8.991008155863216000e-01	0.000000000000000000e+00
2.260112384572111055e-01	8.991008155863216000e-01	0.000000000000000000e+00
2.260112384572111055e-01	8.991008155863216000e-01	0.000000000000000000e+00
2.260112384572111055e-01	8.991008155863216000e-01	0.000000000000000000e+00
2.289753526659568106e-01	8.927844139864523632e-01	0.000000000000000000e+00
2.337195121410343135e-01	8.596369998254752565e-01	0.000000000000000000e+00
2.337195121410343135e-01	8.596369998254752565e-01	0.000000000000000000e+00
2.637672555372512773e-01	7.741777226780423016e-01	0.000000000000000000e+00
2.637672555372512773e-01	7.533049518889878282e-01	0.000000000000000000e+00
2.637672555372512773e-01	7.533049518889878282e-01	0.000000000000000000e+00
2.637672555372512773e-01	7.533049518889878282e-01	0.000000000000000000e+00
2.637672555372512773e-01	7.533049518889878282e-01	0.000000000000000000e+00
2.637672555372512773e-01	7.533049518889878282e-01	0.000000000000000000e+00
2.637672555372512773e-01	7.533049518889878282e-01	0.000000000000000000e+00
2.637672555372512773e-01	7.533049518889878282e-01	0.000000000000000000e+00
2.396939425372873189e-01	7.534529150496445116e-01	0.000000000000000000e+00
2.396939425372873189e-01	7.534529150496445116e-01	0.000000000000000000e+00
2.396939425372873189e-01	7.534529150496445116e-01	0.000000000000000000e+00
4.173556744566599974e-01	7.405982521838971877e-01	0.000000000000000000e+00
4.173556744566599974e-01	6.274171166092276097e-01	0.000000000000000000e+00
4.173556744566599974e-01	6.274171166092276097e-01	0.000000000000000000e+00
4.213122361795387794e-01	5.858857820621098389e-01	0.000000000000000000e+00
4.213122361795387794e-01	5.858857820621098389e-01	0.000000000000000000e+00
4.213122361795387794e-01	5.858857820621098389e-01	0.000000000000000000e+00
4.264671196538145082e-01	5.703870944233658813e-01	0.000000000000000000e+00
4.264671196538145082e-01	5.526092318008160031e-01	0.000000000000000000e+00
4.454847491354628763e-01	4.736610939440255574e-01	0.000000000000000000e+00
4.454847491354628763e-01	4.736610939440255574e-01	0.000000000000000000e+00
4.454847491354628763e-01	4.736610939440255574e-01	0.000000000000000000e+00
4.454847491354628763e-01	4.736610939440255574e-01	0.000000000000000000e+00
4.454847491354628763e-01	4.736610939440255574e-01	0.000000000000000000e+00
4.454847491354628763e-01	4.736610939440255574e-01	0.000000000000000000e+00
4.454847491354628763e-01	4.736610939440255574e-01	0.000000000000000000e+00
4.454847491354628763e-01	5.178802769123432848e-01	0.000000000000000000e+00
4.454847491354628763e-01	5.178802769123432848e-01	0.000000000000000000e+00
4.454847491354628763e-01	5.178802769123432848e-01	0.000000000000000000e+00
4.454847491354628763e-01	5.178802769123432848e-01	0.000000000000000000e+00
6.442986093252014435e-01	3.254832136244927288e-01	0.000000000000000000e+00
6.442986093252014435e-01	3.254832136244927288e-01	0.000000000000000000e+00
6.442986093252014435e-01	3.418245675994048272e-01	0.000000000000000000e+00
6.442986093252014435e-01	3.418245675994048272e-01	0.000000000000000000e+00
6.442986093252014435e-01	3.418245675994048272e-01	0.000000000000000000e+00
6.442986093252014435e-01	3.418245675994048272e-01	0.000000000000000000e+00
6.442986093252014435e-01	3.418245675994048272e-01	0.000000000000000000e+00
6.442986093252014435e-01	3.418245675994048272e-01	0.000000000000000000e+00
6.482318407054459275e-01	3.084350544382576387e-01	0.000000000000000000e+00
6.482318407054459275e-01	3.084350544382576387e-01	0.000000000000000000e+00
6.521650720856903005e-01	3.069312177081702786e-01	0.000000000000000000e+00
6.521650720856903005e-01	3.069312177081702786e-01	0.000000000000000000e+00
6.521650720856903005e-01	3.069312177081702786e-01	0.000000000000000000e+00
6.521650720856903005e-01	3.066852339416050177e-01	0.000000000000000000e+00
6.521650720856903005e-01	3.066852339416050177e-01	0.000000000000000000e+00
6.521650720856903005e-01	3.066852339416050177e-01	0.000000000000000000e+00
8.379705983409375669e-01	1.940566084652632639e-01	0.000000000000000000e+00
8.379705983409375669e-01	1.940566084652632639e-01	0.000000000000000000e+00
8.379705983409375669e-01	1.940566084652632639e-01	0.000000000000000000e+00
8.379705983409375669e-01	1.920791069237487991e-01	0.000000000000000000e+00
8.379705983409375669e-01	1.920791069237487991e-01	0.000000000000000000e+00
8.379705983409375669e-01	1.920791069237487991e-01	0.000000000000000000e+00
8.379705983409375669e-01	1.920791069237487991e-01	0.000000000000000000e+00
8.379705983409375669e-01	5.318833575453123241e-02	0.000000000000000000e+00
8.379705983409375669e-01	5.318833575453123241e-02	0.000000000000000000e+00
8.379705983409375669e-01	5.318833575453123241e-02	0.000000000000000000e+00
8.379705983409375669e-01	5.318833575453123241e-02	0.000000000000000000e+00
8.379705983409375669e-01	5.318833575453123241e-02	0.000000000000000000e+00
8.379705983409375669e-01	5.318833575453123241e-02	0.000000000000000000e+00
8.379705983409375669e-01	-2.079647191732141021e-02	0.000000000000000000e+00
8.379705983409375669e-01	-2.079647191732141021e-02	0.000000000000000000e+00
8.379705983409375669e-01	-2.079647191732141021e-02	0.000000000000000000e+00
8.379705983409375669e-01	-2.079647191732141021e-02	0.000000000000000000e+00
8.379705983409375669e-01	-2.079647191732141021e-02	0.000000000000000000e+00
8.379705983409375669e-01	-2.079647191732141021e-02	0.000000000000000000e+00
8.379705983409375669e-01	-2.079647191732141021e-02	0.000000000000000000e+00
8.382983955445499902e-01	-2.189324146767136769e-02	0.000000000000000000e+00
8.382983955445499902e-01	-2.189324146767136769e-02	0.000000000000000000e+00
8.382983955445499902e-01	-2.189324146767136769e-02	0.000000000000000000e+00
8.382983955445499902e-01	-2.189324146767136769e-02	0.000000000000000000e+00
8.382983955445499902e-01	-2.189324146767136769e-02	0.000000000000000000e+00
8.382983955445499902e-01	-2.189324146767136769e-02	0.000000000000000000e+00
8.382983955445499902e-01	-2.189324146767136769e-02	0.000000000000000000e+00
8.385477389066542386e-01	-2.369727473069831430e-03	0.000000000000000000e+00
8.385477389066542386e-01	-2.369727473069831430e-03	0.000000000000000000e+00
8.385477389066542386e-01	1.204827958200317822e-01	0.000000000000000000e+00
8.385477389066542386e-01	1.204827958200317822e-01	0.000000000000000000e+00
