0.000000000000000000e+00	1.111961224910536616e+00	0.000000000000000000e+00
1.241126190017330030e-02	9.788854487335495458e-01	0.000000000000000000e+00
2.882648092661856121e-02	9.440620180770281644e-01	0.000000000000000000e+00
4.519710330598988163e-02	8.522596810156756186e-01	0.000000000000000000e+00
5.726147232605426074e-02	8.065600814042173106e-01	0.000000000000000000e+00
7.096094101663556752e-02	7.565550577409537736e-01	0.000000000000000000e+00
8.436112812843601927e-02	7.443651072872198293e-01	0.000000000000000000e+00
8.436112812843601927e-02	7.443651072872198293e-01	0.000000000000000000e+00
8.436112812843601927e-02	7.443651072872198293e-01	0.000000000000000000e+00
8.436112812843601927e-02	7.443651072872198293e-01	0.000000000000000000e+00
8.436112812843601927e-02	7.443651072872198293e-01	0.000000000000000000e+00
1.034426951288249102e-01	7.471941415114344842e-01	0.000000000000000000e+00
1.034426951288249102e-01	7.471941415114344842e-01	0.000000000000000000e+00
1.964254971946769734e-01	6.513177338243472114e-01	0.000000000000000000e+00
1.964254971946769734e-01	6.513177338243472114e-01	0.000000000000000000e+00
2.085058709630148166e-01	5.597270089942684157e-01	0.000000000000000000e+00
2.174863208633209810e-01	4.733397338440844537e-01	0.000000000000000000e+00
2.174863208633209810e-01	4.733397338440844537e-01	0.000000000000000000e+00
2.329444904573793884e-01	4.441177791868032854e-01	0.000000000000000000e+00
2.415878315816683275e-01	3.663463174335561123e-01	0.000000000000000000e+00
2.415878315816683275e-01	3.663463174335561123e-01	0.000000000000000000e+00
2.469893829298647203e-01	3.469882889898434630e-01	0.000000000000000000e+00
2.610342754023500245e-01	3.251272872920357715e-01	0.000000000000000000e+00
2.613458012263425445e-01	3.226181586193149764e-01	0.000000000000000000e+00
2.613458012263425445e-01	3.220797877298762213e-01	0.000000000000000000e+00
2.613458012263425445e-01	3.220797877298762213e-01	0.000000000000000000e+00
2.613458012263425445e-01	3.220797877298762213e-01	0.000000000000000000e+00
2.613458012263425445e-01	3.220797877298762213e-01	0.000000000000000000e+00
2.613458012263425445e-01	3.220797877298762213e-01	0.000000000000000000e+00
2.613458012263425445e-01	3.220797877298762213e-01	0.000000000000000000e+00
2.613458012263425445e-01	3.220797877298762213e-01	0.000000000000000000e+00
2.613458012263425445e-01	3.220797877298762213e-01	0.000000000000000000e+00
4.185155200283446342e-01	2.309065658501098239e-01	0.000000000000000000e+00
4.185155200283446342e-01	2.309065658501098239e-01	0.000000000000000000e+00
4.198888997983890592e-01	2.128571098438351572e-01	0.000000000000000000e+00
4.235535135136294649e-01	1.848594587976755133e-01	0.000000000000000000e+00
4.264042465183925934e-01	1.598641868634951280e-01	0.000000000000000000e+00
4.306747554109603415e-01	1.224618643008066610e-01	0.000000000000000000e+00
4.308550997755135059e-01	9.318323572169481817e-02	0.000000000000000000e+00
4.349840862685469545e-01	7.474711195592906310e-02	0.000000000000000000e+00
4.430322935951858110e-01	4.698686225917999421e-02	0.000000000000000000e+00
4.416789960223794775e-01	3.720965742667372428e-02	0.000000000000000000e+00
4.467173452353527252e-01	7.977247327439190155e-03	0.000000000000000000e+00
4.468356395288941574e-01	-1.123362349135067703e-02	0.000000000000000000e+00
4.502684802882429560e-01	-3.267273159957174294e-02	0.000000000000000000e+00
4.509174599483502521e-01	-4.363405155800200580e-02	0.000000000000000000e+00
4.502684802882429560e-01	-3.282393700829858846e-02	0.000000000000000000e+00
4.502684802882429560e-01	-3.282393700829858846e-02	0.000000000000000000e+00
4.502684802882429560e-01	-3.282393700829858846e-02	0.000000000000000000e+00
4.502684802882429560e-01	-3.282393700829858846e-02	0.000000000000000000e+00
4.502684802882429560e-01	-3.282393700829858846e-02	0.000000000000000000e+00
4.502684802882429560e-01	-3.282393700829858846e-02	0.000000000000000000e+00
4.502684802882429560e-01	-3.282393700829858846e-02	0.000000000000000000e+00
6.296116570603500495e-01	-1.469973159838980081e-01	0.000000000000000000e+00
6.296116570603500495e-01	-1.469973159838980081e-01	0.000000000000000000e+00
6.296116570603500495e-01	-1.469973159838980081e-01	0.000000000000000000e+00
6.296116570603500495e-01	-1.469973159838980081e-01	0.000000000000000000e+00
6.296116570603500495e-01	-1.469973159838980081e-01	0.000000000000000000e+00
6.296116570603500495e-01	-1.469973159838980081e-01	0.000000000000000000e+00
6.301639719464851019e-01	-1.702196827208250496e-01	0.000000000000000000e+00
6.348345865058870885e-01	-1.978296600839678232e-01	0.000000000000000000e+00
6.348345865058870885e-01	-1.978296600839678232e-01	0.000000000000000000e+00
6.392834703654967088e-01	-2.102188156000691366e-01	0.000000000000000000e+00
6.407426573688269622e-01	-2.357989160194544354e-01	0.000000000000000000e+00
6.399667714719942113e-01	-2.460425579553755238e-01	0.000000000000000000e+00
6.419226283554171353e-01	-2.739781716839178038e-01	0.000000000000000000e+00
6.419226283554171353e-01	-2.739781716839178038e-01	0.000000000000000000e+00
6.430540409457522477e-01	-2.818702267320413180e-01	0.000000000000000000e+00
6.434215832320473449e-01	-3.019969795044259442e-01	0.000000000000000000e+00
6.453930657176601970e-01	-3.168146716873672109e-01	0.000000000000000000e+00
6.453930657176601970e-01	-3.168904950160044143e-01	0.000000000000000000e+00
6.453930657176601970e-01	-3.168904950160044143e-01	0.000000000000000000e+00
6.453930657176601970e-01	-3.168904950160044143e-01	0.000000000000000000e+00
6.453930657176601970e-01	-3.168904950160044143e-01	0.000000000000000000e+00
6.453930657176601970e-01	-3.168904950160044143e-01	0.000000000000000000e+00
8.279358977696508193e-01	-3.985388826418082009e-01	0.000000000000000000e+00
8.267338395828497388e-01	-3.770839131402874411e-01	0.000000000000000000e+00
8.267338395828497388e-01	-3.770839131402874411e-01	0.000000000000000000e+00
8.267338395828497388e-01	-3.770839131402874411e-01	0.000000000000000000e+00
8.279358977696508193e-01	-3.985388826418082009e-01	0.000000000000000000e+00
8.279358977696508193e-01	-3.954503693965753519e-01	0.000000000000000000e+00
8.291263523200128605e-01	-4.337006909264967680e-01	0.000000000000000000e+00
8.291263523200128605e-01	-4.337006909264967680e-01	0.000000000000000000e+00
8.291263523200128605e-01	-4.337006909264967680e-01	0.000000000000000000e+00
8.291263523200128605e-01	-4.495025679649085060e-01	0.000000000000000000e+00
8.320746057442374166e-01	-4.633958901156533527e-01	0.000000000000000000e+00
8.312719907539725117e-01	-4.735946099102585904e-01	0.000000000000000000e+00
8.312719907539725117e-01	-4.735946099102585904e-01	0.000000000000000000e+00
8.349790477231265884e-01	-5.264007204788856420e-01	0.000000000000000000e+00
8.349790477231265884e-01	-5.264007204788856420e-01	0.000000000000000000e+00
8.349790477231265884e-01	-5.264007204788856420e-01	0.000000000000000000e+00
8.368546584916900510e-01	-5.317514140115106036e-01	0.000000000000000000e+00
8.368546584916900510e-01	-5.317514140115106036e-01	0.000000000000000000e+00
8.376660224064488292e-01	-5.378006609464320853e-01	0.000000000000000000e+00
8.376660224064488292e-01	-5.504458283905599991e-01	0.000000000000000000e+00
8.387028311087640908e-01	-5.550227206973160632e-01	0.000000000000000000e+00
8.394269670030629626e-01	-5.667789715666198269e-01	0.000000000000000000e+00
8.408161346276084025e-01	-5.790898988894027655e-01	0.000000000000000000e+00
8.411879115996769851e-01	-5.864211027598699166e-01	0.000000000000000000e+00
8.411879115996769851e-01	-5.881187174976407750e-01	0.000000000000000000e+00
