0.000000000000000000e+00	1.416026399328351060e+00	0.000000000000000000e+00
1.486379986012692674e-02	1.059162324374070874e+00	0.000000000000000000e+00
1.486379986012692674e-02	1.059162324374070874e+00	0.000000000000000000e+00
3.283043805289052181e-02	9.292158109876625938e-01	0.000000000000000000e+00
5.434224705848885589e-02	8.783537760126421956e-01	0.000000000000000000e+00
6.800032718028693746e-02	8.429958891442870250e-01	0.000000000000000000e+00
8.091051071856886212e-02	7.879678143214611241e-01	0.000000000000000000e+00
8.091051071856886212e-02	7.879678143214611241e-01	0.000000000000000000e+00
8.091051071856886212e-02	7.879678143214611241e-01	0.000000000000000000e+00
8.091051071856886212e-02	7.879678143214611241e-01	0.000000000000000000e+00
8.091051071856886212e-02	7.879678143214611241e-01	0.000000000000000000e+00
8.091051071856886212e-02	7.879678143214611241e-01	0.000000000000000000e+00
8.091051071856886212e-02	7.879678143214611241e-01	0.000000000000000000e+00
8.091051071856886212e-02	7.879678143214611241e-01	0.000000000000000000e+00
1.934044762252399852e-01	7.949314006336558602e-01	0.000000000000000000e+00
2.085058709630148166e-01	7.288957929839401384e-01	0.000000000000000000e+00
2.223663088451534042e-01	5.997044330083185493e-01	0.000000000000000000e+00
2.223663088451534042e-01	5.904834009423217678e-01	0.000000000000000000e+00
2.223663088451534042e-01	5.904834009423217678e-01	0.000000000000000000e+00
2.336633409495831870e-01	5.502020445968568430e-01	0.000000000000000000e+00
2.469368843526104917e-01	4.476957992616625859e-01	0.000000000000000000e+00
2.469368843526104917e-01	4.476957992616625859e-01	0.000000000000000000e+00
2.469368843526104917e-01	4.476957992616625859e-01	0.000000000000000000e+00
2.550916382866857957e-01	4.335824742553495703e-01	0.000000000000000000e+00
2.550916382866857957e-01	4.335824742553495703e-01	0.000000000000000000e+00
2.550916382866857957e-01	4.335824742553495703e-01	0.000000000000000000e+00
2.550916382866857957e-01	4.335824742553495703e-01	0.000000000000000000e+00
2.550916382866857957e-01	4.335824742553495703e-01	0.000000000000000000e+00
2.550916382866857957e-01	4.335824742553495703e-01	0.000000000000000000e+00
2.550916382866857957e-01	4.335824742553495703e-01	0.000000000000000000e+00
2.550916382866857957e-01	4.335824742553495703e-01	0.000000000000000000e+00
2.550916382866857957e-01	4.335824742553495703e-01	0.000000000000000000e+00
2.550916382866857957e-01	4.335824742553495703e-01	0.000000000000000000e+00
4.158108545459406891e-01	3.543259042593104313e-01	0.000000000000000000e+00
4.211579169977049397e-01	2.886677979751185452e-01	0.000000000000000000e+00
4.211579169977049397e-01	2.886677979751185452e-01	0.000000000000000000e+00
4.218104383589155737e-01	2.714805461617654792e-01	0.000000000000000000e+00
4.218104383589155737e-01	2.714805461617654792e-01	0.000000000000000000e+00
4.229755476438008532e-01	2.370360810437310284e-01	0.000000000000000000e+00
4.260038652858241792e-01	1.469700892685741056e-01	0.000000000000000000e+00
4.260038652858241792e-01	1.469700892685741056e-01	0.000000000000000000e+00
4.260038652858241792e-01	1.469700892685741056e-01	0.000000000000000000e+00
4.260038652858241792e-01	1.469700892685741056e-01	0.000000000000000000e+00
4.287305706330365451e-01	1.282862736794755099e-01	0.000000000000000000e+00
4.463805698871471939e-01	1.197304654686424941e-01	0.000000000000000000e+00
4.397637312165388890e-01	9.071798196862075614e-02	0.000000000000000000e+00
4.463805698871471939e-01	6.226374836230574167e-02	0.000000000000000000e+00
4.463805698871471939e-01	6.226374836230574167e-02	0.000000000000000000e+00
4.463805698871471939e-01	6.226374836230574167e-02	0.000000000000000000e+00
4.463805698871471939e-01	6.226374836230574167e-02	0.000000000000000000e+00
4.439046189308785140e-01	7.637502316085478804e-02	0.000000000000000000e+00
4.439046189308785140e-01	7.637502316085478804e-02	0.000000000000000000e+00
4.439046189308785140e-01	7.637502316085478804e-02	0.000000000000000000e+00
4.439046189308785140e-01	7.637502316085478804e-02	0.000000000000000000e+00
6.413710382219338646e-01	-4.160466441153771316e-02	0.000000000000000000e+00
6.413710382219338646e-01	-4.160466441153771316e-02	0.000000000000000000e+00
6.413710382219338646e-01	-4.160466441153771316e-02	0.000000000000000000e+00
6.413616538477309170e-01	-3.444568300393164445e-02	0.000000000000000000e+00
6.413616538477309170e-01	-3.444568300393164445e-02	0.000000000000000000e+00
6.413647819724652699e-01	-9.424233829352496317e-02	0.000000000000000000e+00
6.413647819724652699e-01	-9.424233829352496317e-02	0.000000000000000000e+00
6.413647819724652699e-01	-9.424233829352496317e-02	0.000000000000000000e+00
6.413647819724652699e-01	-1.250260658539981973e-01	0.000000000000000000e+00
6.413647819724652699e-01	-1.250260658539981973e-01	0.000000000000000000e+00
6.413647819724652699e-01	-1.250260658539981973e-01	0.000000000000000000e+00
6.413647819724652699e-01	-1.250260658539981973e-01	0.000000000000000000e+00
6.413647819724652699e-01	-1.250260658539981973e-01	0.000000000000000000e+00
6.413654323727345785e-01	-1.332898142077663939e-01	0.000000000000000000e+00
6.413654323727345785e-01	-1.452789677058409501e-01	0.000000000000000000e+00
6.413783696566864867e-01	-1.521166004788401527e-01	0.000000000000000000e+00
6.413746734102176994e-01	-1.534305982661923751e-01	0.000000000000000000e+00
6.413746734102176994e-01	-1.534305982661923751e-01	0.000000000000000000e+00
6.413746734102176994e-01	-1.534305982661923751e-01	0.000000000000000000e+00
6.413746734102176994e-01	-1.534305982661923751e-01	0.000000000000000000e+00
6.413746734102176994e-01	-1.534305982661923751e-01	0.000000000000000000e+00
8.340255299052414806e-01	-2.702292166720798861e-01	0.000000000000000000e+00
8.340255299052414806e-01	-2.702292166720798861e-01	0.000000000000000000e+00
8.340255299052414806e-01	-2.702292166720798861e-01	0.000000000000000000e+00
8.340255299052414806e-01	-2.702292166720798861e-01	0.000000000000000000e+00
8.338633581309253806e-01	-3.384104981644958099e-01	0.000000000000000000e+00
8.338633581309253806e-01	-3.384104981644958099e-01	0.000000000000000000e+00
8.338633581309253806e-01	-3.384104981644958099e-01	0.000000000000000000e+00
8.338633581309253806e-01	-3.384104981644958099e-01	0.000000000000000000e+00
8.338633581309253806e-01	-3.384104981644958099e-01	0.000000000000000000e+00
8.338633581309253806e-01	-3.384104981644958099e-01	0.000000000000000000e+00
8.338633581309253806e-01	-3.936826680795918465e-01	0.000000000000000000e+00
8.338633581309253806e-01	-3.936826680795918465e-01	0.000000000000000000e+00
8.338633581309253806e-01	-3.936826680795918465e-01	0.000000000000000000e+00
8.338633581309253806e-01	-3.936826680795918465e-01	0.000000000000000000e+00
8.578079955255778488e-01	-4.049148368833346279e-01	0.000000000000000000e+00
8.578079955255778488e-01	-4.049148368833346279e-01	0.000000000000000000e+00
8.507771123788497869e-01	-4.331095809649113115e-01	0.000000000000000000e+00
8.492462624196519538e-01	-4.794387334461042149e-01	0.000000000000000000e+00
8.492462624196519538e-01	-4.794387334461042149e-01	0.000000000000000000e+00
8.492462624196519538e-01	-4.794387334461042149e-01	0.000000000000000000e+00
8.492462624196519538e-01	-4.794387334461042149e-01	0.000000000000000000e+00
8.492462624196519538e-01	-4.794387334461042149e-01	0.000000000000000000e+00
8.492462624196519538e-01	-4.794387334461042149e-01	0.000000000000000000e+00
8.492462624196519538e-01	-4.794387334461042149e-01	0.000000000000000000e+00
8.492462624196519538e-01	-4.794387334461042149e-01	0.000000000000000000e+00
