0.000000000000000000e+00	3.460044090381382720e+00	0.000000000000000000e+00
2.660080155180512274e-02	2.969928972763059338e+00	0.000000000000000000e+00
3.712945770240396598e-02	2.782684215697570185e+00	0.000000000000000000e+00
3.712945770240396598e-02	2.782684215697570185e+00	0.000000000000000000e+00
8.748377392777759165e-02	2.314477734351619187e+00	0.000000000000000000e+00
8.748377392777759165e-02	2.314477734351619187e+00	0.000000000000000000e+00
8.748377392777759165e-02	2.314477734351619187e+00	0.000000000000000000e+00
8.748377392777759165e-02	2.314477734351619187e+00	0.000000000000000000e+00
8.748377392777759165e-02	2.314477734351619187e+00	0.000000000000000000e+00
1.786904452147592137e-01	2.361110062821671907e+00	0.000000000000000000e+00
1.865974833253939980e-01	2.149164101008064875e+00	0.000000000000000000e+00
1.882545680280283407e-01	2.094610394420857169e+00	0.000000000000000000e+00
2.147389384548326063e-01	1.880205619960668706e+00	0.000000000000000000e+00
2.134344916642993417e-01	1.765917190053423402e+00	0.000000000000000000e+00
2.134344916642993417e-01	1.765917190053423402e+00	0.000000000000000000e+00
2.134344916642993417e-01	1.765917190053423402e+00	0.000000000000000000e+00
2.259221473134873093e-01	1.620063894291983830e+00	0.000000000000000000e+00
2.259221473134873093e-01	1.620063894291983830e+00	0.000000000000000000e+00
2.259221473134873093e-01	1.620063894291983830e+00	0.000000000000000000e+00
2.452133081382998903e-01	1.468191102676491999e+00	0.000000000000000000e+00
2.452133081382998903e-01	1.468191102676491999e+00	0.000000000000000000e+00
2.452133081382998903e-01	1.468191102676491999e+00	0.000000000000000000e+00
2.452133081382998903e-01	1.468191102676491999e+00	0.000000000000000000e+00
2.452133081382998903e-01	1.468191102676491999e+00	0.000000000000000000e+00
2.651078122095557044e-01	1.477384761832147619e+00	0.000000000000000000e+00
2.651078122095557044e-01	1.477384761832147619e+00	0.000000000000000000e+00
2.651078122095557044e-01	1.477384761832147619e+00	0.000000000000000000e+00
2.651078122095557044e-01	1.477384761832147619e+00	0.000000000000000000e+00
2.651078122095557044e-01	1.477384761832147619e+00	0.000000000000000000e+00
2.675797258556092961e-01	1.495910361816881862e+00	0.000000000000000000e+00
2.596113298172625372e-01	1.449884444189222243e+00	0.000000000000000000e+00
4.015379471046012227e-01	1.387044161859622093e+00	0.000000000000000000e+00
4.015379471046012227e-01	1.387044161859622093e+00	0.000000000000000000e+00
4.256727395730681152e-01	1.241096510320718771e+00	0.000000000000000000e+00
4.256727395730681152e-01	1.241096510320718771e+00	0.000000000000000000e+00
4.256727395730681152e-01	1.241096510320718771e+00	0.000000000000000000e+00
4.256727395730681152e-01	1.241096510320718771e+00	0.000000000000000000e+00
4.361690212443419812e-01	9.834134351861401058e-01	0.000000000000000000e+00
4.361690212443419812e-01	9.834134351861401058e-01	0.000000000000000000e+00
4.361690212443419812e-01	9.834134351861401058e-01	0.000000000000000000e+00
4.361690212443419812e-01	9.834134351861401058e-01	0.000000000000000000e+00
4.361690212443419812e-01	9.834134351861401058e-01	0.000000000000000000e+00
4.361690212443419812e-01	1.024937127594389707e+00	0.000000000000000000e+00
4.361690212443419812e-01	1.024937127594389707e+00	0.000000000000000000e+00
4.382419547143280858e-01	1.083188800457953072e+00	0.000000000000000000e+00
4.558506400433774419e-01	9.919754190449114883e-01	0.000000000000000000e+00
4.558506400433774419e-01	9.919754190449114883e-01	0.000000000000000000e+00
4.495742866597638998e-01	8.944726783998849795e-01	0.000000000000000000e+00
4.495742866597638998e-01	8.944726783998849795e-01	0.000000000000000000e+00
4.495742866597638998e-01	9.023008276650237303e-01	0.000000000000000000e+00
4.495742866597638998e-01	9.023008276650237303e-01	0.000000000000000000e+00
4.495742866597638998e-01	9.023008276650237303e-01	0.000000000000000000e+00
4.495742866597638998e-01	9.023008276650237303e-01	0.000000000000000000e+00
4.495742866597638998e-01	9.023008276650237303e-01	0.000000000000000000e+00
4.495742866597638998e-01	9.023008276650237303e-01	0.000000000000000000e+00
4.547391853500826198e-01	8.548532339075193276e-01	0.000000000000000000e+00
4.547391853500826198e-01	8.548532339075193276e-01	0.000000000000000000e+00
4.547391853500826198e-01	8.548532339075193276e-01	0.000000000000000000e+00
4.547391853500826198e-01	8.548532339075193276e-01	0.000000000000000000e+00
4.547391853500826198e-01	8.548532339075193276e-01	0.000000000000000000e+00
4.547391853500826198e-01	8.990758069983904033e-01	0.000000000000000000e+00
4.547391853500826198e-01	8.990758069983904033e-01	0.000000000000000000e+00
4.547391853500826198e-01	8.990758069983904033e-01	0.000000000000000000e+00
6.521650720856903005e-01	8.509236536254253247e-01	0.000000000000000000e+00
6.521650720856903005e-01	8.509236536254253247e-01	0.000000000000000000e+00
6.521650720856903005e-01	8.509236536254253247e-01	0.000000000000000000e+00
6.521650720856903005e-01	8.509236536254253247e-01	0.000000000000000000e+00
6.521650720856903005e-01	7.736607313982878376e-01	0.000000000000000000e+00
6.521650720856903005e-01	7.736607313982878376e-01	0.000000000000000000e+00
6.521650720856903005e-01	8.509236536254253247e-01	0.000000000000000000e+00
8.389906081112418201e-01	6.030672056334095421e-01	0.000000000000000000e+00
8.389906081112418201e-01	6.030672056334095421e-01	0.000000000000000000e+00
8.389906081112418201e-01	6.030672056334095421e-01	0.000000000000000000e+00
8.389906081112418201e-01	6.030672056334095421e-01	0.000000000000000000e+00
8.389906081112418201e-01	6.030672056334095421e-01	0.000000000000000000e+00
8.389906081112418201e-01	7.263354602633539381e-01	0.000000000000000000e+00
8.389906081112418201e-01	7.263354602633539381e-01	0.000000000000000000e+00
8.393100016249088746e-01	7.401279854658352475e-01	0.000000000000000000e+00
8.393100016249088746e-01	7.401279854658352475e-01	0.000000000000000000e+00
8.393100016249088746e-01	7.401279854658352475e-01	0.000000000000000000e+00
8.425190768865853386e-01	5.569520131745282487e-01	0.000000000000000000e+00
8.425190768865853386e-01	5.569520131745282487e-01	0.000000000000000000e+00
8.425190768865853386e-01	5.569520131745282487e-01	0.000000000000000000e+00
8.425190768865853386e-01	5.569520131745282487e-01	0.000000000000000000e+00
8.425190768865853386e-01	5.569520131745282487e-01	0.000000000000000000e+00
8.438827905919459305e-01	6.257522482623474325e-01	0.000000000000000000e+00
8.438827905919459305e-01	5.845623597859009868e-01	0.000000000000000000e+00
8.438827905919459305e-01	5.845623597859009868e-01	0.000000000000000000e+00
8.438827905919459305e-01	5.845623597859009868e-01	0.000000000000000000e+00
8.438827905919459305e-01	5.845623597859009868e-01	0.000000000000000000e+00
8.436817719533978854e-01	5.886277543385833866e-01	0.000000000000000000e+00
8.436817719533978854e-01	5.886277543385833866e-01	0.000000000000000000e+00
8.436817719533978854e-01	5.886277543385833866e-01	0.000000000000000000e+00
8.436817719533978854e-01	5.886277543385833866e-01	0.000000000000000000e+00
8.462186822027197852e-01	5.557533105628714720e-01	0.000000000000000000e+00
8.462186822027197852e-01	5.557533105628714720e-01	0.000000000000000000e+00
8.462186822027197852e-01	5.557533105628714720e-01	0.000000000000000000e+00
8.462186822027197852e-01	5.504422224687999243e-01	0.000000000000000000e+00
8.462186822027197852e-01	5.360195837616841263e-01	0.000000000000000000e+00
8.462186822027197852e-01	5.360195837616841263e-01	0.000000000000000000e+00
