0.000000000000000000e+00	1.149689406087310628e+00	0.000000000000000000e+00
1.241126190017330030e-02	9.788854487335495458e-01	0.000000000000000000e+00
2.882648092661856121e-02	9.292697758377124195e-01	0.000000000000000000e+00
4.519710330598988163e-02	8.522596810156756186e-01	0.000000000000000000e+00
5.726147232605426074e-02	7.880962965541533638e-01	0.000000000000000000e+00
7.096094101663556752e-02	7.531354266376816264e-01	0.000000000000000000e+00
8.436112812843601927e-02	7.198428356344778178e-01	0.000000000000000000e+00
8.436112812843601927e-02	7.173162963516772628e-01	0.000000000000000000e+00
8.436112812843601927e-02	7.173162963516772628e-01	0.000000000000000000e+00
8.436112812843601927e-02	7.173162963516772628e-01	0.000000000000000000e+00
8.436112812843601927e-02	7.173162963516772628e-01	0.000000000000000000e+00
8.436112812843601927e-02	7.173162963516772628e-01	0.000000000000000000e+00
8.436112812843601927e-02	7.173162963516772628e-01	0.000000000000000000e+00
1.980736695300316097e-01	6.515742529418073747e-01	0.000000000000000000e+00
2.072618166410960250e-01	5.759325506106726111e-01	0.000000000000000000e+00
2.085058709630148166e-01	5.442124083800136125e-01	0.000000000000000000e+00
2.174863208633209810e-01	4.737921641536890216e-01	0.000000000000000000e+00
2.273662172395780057e-01	4.170781061926056021e-01	0.000000000000000000e+00
2.332427210369888704e-01	3.775724601099889055e-01	0.000000000000000000e+00
2.382156631360931032e-01	3.565825518152817009e-01	0.000000000000000000e+00
2.449332249539462603e-01	3.180577552781226891e-01	0.000000000000000000e+00
2.531395130901443746e-01	2.922270437835572943e-01	0.000000000000000000e+00
2.531395130901443746e-01	2.922270437835572943e-01	0.000000000000000000e+00
2.531395130901443746e-01	2.922270437835572943e-01	0.000000000000000000e+00
2.531395130901443746e-01	2.922270437835572943e-01	0.000000000000000000e+00
2.531395130901443746e-01	2.922270437835572943e-01	0.000000000000000000e+00
2.531395130901443746e-01	2.922270437835572943e-01	0.000000000000000000e+00
2.531395130901443746e-01	2.922270437835572943e-01	0.000000000000000000e+00
2.531395130901443746e-01	2.922270437835572943e-01	0.000000000000000000e+00
2.531395130901443746e-01	2.922270437835572943e-01	0.000000000000000000e+00
2.613458012263425445e-01	2.944269374361711544e-01	0.000000000000000000e+00
4.146592779483275759e-01	2.532592447588850604e-01	0.000000000000000000e+00
4.221102338860091008e-01	1.590131280218104182e-01	0.000000000000000000e+00
4.221102338860091008e-01	1.590131280218104182e-01	0.000000000000000000e+00
4.227708377601648859e-01	1.559332801407510571e-01	0.000000000000000000e+00
4.270069526899040735e-01	1.252963875534862104e-01	0.000000000000000000e+00
4.308550997755135059e-01	9.585548029690377225e-02	0.000000000000000000e+00
4.322168475475263172e-01	5.835337204239602477e-02	0.000000000000000000e+00
4.362635589644403011e-01	4.288193651420869890e-02	0.000000000000000000e+00
4.384457462184181975e-01	7.615797531413727797e-03	0.000000000000000000e+00
4.394081203589290663e-01	4.348929649252761438e-03	0.000000000000000000e+00
4.452507059861573468e-01	-2.805295926005409515e-02	0.000000000000000000e+00
4.452507059861573468e-01	-6.580748938143442250e-02	0.000000000000000000e+00
4.452507059861573468e-01	-6.580748938143442250e-02	0.000000000000000000e+00
4.566965325048136792e-01	-7.301124835749042696e-02	0.000000000000000000e+00
4.566965325048136792e-01	-7.301124835749042696e-02	0.000000000000000000e+00
4.566965325048136792e-01	-7.301124835749042696e-02	0.000000000000000000e+00
4.567734711403576564e-01	-7.373963635157544660e-02	0.000000000000000000e+00
4.567734711403576564e-01	-7.373963635157544660e-02	0.000000000000000000e+00
4.567734711403576564e-01	-7.373963635157544660e-02	0.000000000000000000e+00
4.567734711403576564e-01	-7.373963635157544660e-02	0.000000000000000000e+00
4.567734711403576564e-01	-7.373963635157544660e-02	0.000000000000000000e+00
6.271721243880312713e-01	-1.510381008882562826e-01	0.000000000000000000e+00
6.271721243880312713e-01	-1.510381008882562826e-01	0.000000000000000000e+00
6.271721243880312713e-01	-1.510381008882562826e-01	0.000000000000000000e+00
6.271721243880312713e-01	-1.510381008882562826e-01	0.000000000000000000e+00
6.271721243880312713e-01	-1.725318880493004192e-01	0.000000000000000000e+00
6.278417121497906761e-01	-2.075956752084094359e-01	0.000000000000000000e+00
6.278417121497906761e-01	-2.075956752084094359e-01	0.000000000000000000e+00
6.328385720173412832e-01	-2.216227302810204192e-01	0.000000000000000000e+00
6.362096844770425141e-01	-2.436914064222981680e-01	0.000000000000000000e+00
6.362096844770425141e-01	-2.583253718428086265e-01	0.000000000000000000e+00
6.399109191308800515e-01	-2.757433874244492045e-01	0.000000000000000000e+00
6.417813921166556357e-01	-3.118106071741386098e-01	0.000000000000000000e+00
6.417813921166556357e-01	-3.118106071741386098e-01	0.000000000000000000e+00
6.436121537847174778e-01	-3.317924555279823662e-01	0.000000000000000000e+00
6.436121537847174778e-01	-3.317924555279823662e-01	0.000000000000000000e+00
6.509698601293648634e-01	-3.556043833301961721e-01	0.000000000000000000e+00
6.509698601293648634e-01	-3.556043833301961721e-01	0.000000000000000000e+00
6.509698601293648634e-01	-3.564908875313750336e-01	0.000000000000000000e+00
6.509698601293648634e-01	-3.564908875313750336e-01	0.000000000000000000e+00
6.509698601293648634e-01	-3.564908875313750336e-01	0.000000000000000000e+00
6.509698601293648634e-01	-3.564908875313750336e-01	0.000000000000000000e+00
8.252910100039363428e-01	-3.937618959912491667e-01	0.000000000000000000e+00
8.252910100039363428e-01	-3.937618959912491667e-01	0.000000000000000000e+00
8.252910100039363428e-01	-3.937618959912491667e-01	0.000000000000000000e+00
8.252910100039363428e-01	-4.138699348454406013e-01	0.000000000000000000e+00
8.279732836720501421e-01	-4.415346417448128280e-01	0.000000000000000000e+00
8.279732836720501421e-01	-4.415346417448128280e-01	0.000000000000000000e+00
8.279732836720501421e-01	-4.415346417448128280e-01	0.000000000000000000e+00
8.323597448719726177e-01	-4.931386587993578097e-01	0.000000000000000000e+00
8.323597448719726177e-01	-4.931386587993578097e-01	0.000000000000000000e+00
8.323597448719726177e-01	-4.931386587993578097e-01	0.000000000000000000e+00
8.323597448719726177e-01	-4.931386587993578097e-01	0.000000000000000000e+00
8.323597448719726177e-01	-5.040632625925863808e-01	0.000000000000000000e+00
8.342560871141102563e-01	-5.297627898877119712e-01	0.000000000000000000e+00
8.342560871141102563e-01	-5.297627898877119712e-01	0.000000000000000000e+00
8.451031775628110587e-01	-5.610254674414277831e-01	0.000000000000000000e+00
8.451031775628110587e-01	-5.610254674414277831e-01	0.000000000000000000e+00
8.451031775628110587e-01	-5.610254674414277831e-01	0.000000000000000000e+00
8.451031775628110587e-01	-5.988633719384416354e-01	0.000000000000000000e+00
8.451031775628110587e-01	-5.988633719384416354e-01	0.000000000000000000e+00
8.451031775628110587e-01	-5.988633719384416354e-01	0.000000000000000000e+00
8.451031775628110587e-01	-5.988633719384416354e-01	0.000000000000000000e+00
8.451666034983424947e-01	-6.495913714781894610e-01	0.000000000000000000e+00
8.451666034983424947e-01	-6.495913714781894610e-01	0.000000000000000000e+00
8.451666034983424947e-01	-6.495913714781894610e-01	0.000000000000000000e+00
8.451666034983424947e-01	-6.495913714781894610e-01	0.000000000000000000e+00
8.451666034983424947e-01	-6.495913714781894610e-01	0.000000000000000000e+00
8.451666034983424947e-01	-6.519668117904353632e-01	0.000000000000000000e+00
