0.000000000000000000e+00	2.776247415890290338e+00	0.000000000000000000e+00
8.825443012301335821e-03	2.507512068634656366e+00	0.000000000000000000e+00
2.660080155180512274e-02	2.395124455508405248e+00	0.000000000000000000e+00
4.719468150458763084e-02	2.199687936831763668e+00	0.000000000000000000e+00
7.037832144044897653e-02	2.073800280885460090e+00	0.000000000000000000e+00
7.037832144044897653e-02	2.073800280885460090e+00	0.000000000000000000e+00
7.037832144044897653e-02	2.073800280885460090e+00	0.000000000000000000e+00
7.037832144044897653e-02	2.073800280885460090e+00	0.000000000000000000e+00
1.596099393195131999e-01	2.065357030323583754e+00	0.000000000000000000e+00
1.911830902839242174e-01	1.927790343850080523e+00	0.000000000000000000e+00
1.911830902839242174e-01	1.927790343850080523e+00	0.000000000000000000e+00
1.911830902839242174e-01	1.799324832579157318e+00	0.000000000000000000e+00
2.098670440595386821e-01	1.673581615845633364e+00	0.000000000000000000e+00
2.286864181673996244e-01	1.401856595800208938e+00	0.000000000000000000e+00
2.286864181673996244e-01	1.401856595800208938e+00	0.000000000000000000e+00
2.286864181673996244e-01	1.401856595800208938e+00	0.000000000000000000e+00
2.286864181673996244e-01	1.359737805543560274e+00	0.000000000000000000e+00
2.409281692833155075e-01	1.223272973942269637e+00	0.000000000000000000e+00
2.409281692833155075e-01	1.223272973942269637e+00	0.000000000000000000e+00
2.531699203992314184e-01	1.168812786364586076e+00	0.000000000000000000e+00
2.563935742153879427e-01	1.152882539640069703e+00	0.000000000000000000e+00
2.563935742153879427e-01	1.104720127505993688e+00	0.000000000000000000e+00
2.631451311702891482e-01	1.069305562133432641e+00	0.000000000000000000e+00
2.631451311702891482e-01	1.069305562133432641e+00	0.000000000000000000e+00
2.631451311702891482e-01	1.069305562133432641e+00	0.000000000000000000e+00
2.631451311702891482e-01	1.069305562133432641e+00	0.000000000000000000e+00
2.631451311702891482e-01	1.069305562133432641e+00	0.000000000000000000e+00
2.631451311702891482e-01	1.069305562133432641e+00	0.000000000000000000e+00
2.631451311702891482e-01	1.069305562133432641e+00	0.000000000000000000e+00
2.631451311702891482e-01	1.069305562133432641e+00	0.000000000000000000e+00
2.631451311702891482e-01	1.069305562133432641e+00	0.000000000000000000e+00
2.631451311702891482e-01	1.069305562133432641e+00	0.000000000000000000e+00
4.231265885320374398e-01	8.189867025265396006e-01	0.000000000000000000e+00
4.231265885320374398e-01	8.189867025265396006e-01	0.000000000000000000e+00
4.231265885320374398e-01	8.189867025265396006e-01	0.000000000000000000e+00
4.231265885320374398e-01	8.189867025265396006e-01	0.000000000000000000e+00
4.231265885320374398e-01	8.189867025265396006e-01	0.000000000000000000e+00
4.231265885320374398e-01	8.189867025265396006e-01	0.000000000000000000e+00
4.231265885320374398e-01	8.189867025265396006e-01	0.000000000000000000e+00
4.331819213481751807e-01	8.127381960689495921e-01	0.000000000000000000e+00
4.432372541643129216e-01	7.393456807693851163e-01	0.000000000000000000e+00
4.432372541643129216e-01	7.393456807693851163e-01	0.000000000000000000e+00
4.432372541643129216e-01	7.393456807693851163e-01	0.000000000000000000e+00
4.432372541643129216e-01	7.360006619608793210e-01	0.000000000000000000e+00
4.469918373146045676e-01	7.282894275069597967e-01	0.000000000000000000e+00
4.469918373146045676e-01	7.282894275069597967e-01	0.000000000000000000e+00
4.469918373146045676e-01	7.282894275069597967e-01	0.000000000000000000e+00
4.469918373146045676e-01	7.282894275069597967e-01	0.000000000000000000e+00
4.469918373146045676e-01	7.282894275069597967e-01	0.000000000000000000e+00
4.469918373146045676e-01	7.282894275069597967e-01	0.000000000000000000e+00
4.469918373146045676e-01	7.282894275069597967e-01	0.000000000000000000e+00
4.469918373146045676e-01	7.282894275069597967e-01	0.000000000000000000e+00
4.469918373146045676e-01	7.291998050903689688e-01	0.000000000000000000e+00
6.521650720856903005e-01	4.974395259649818102e-01	0.000000000000000000e+00
6.521650720856903005e-01	4.974395259649818102e-01	0.000000000000000000e+00
6.521650720856903005e-01	4.974395259649818102e-01	0.000000000000000000e+00
6.521650720856903005e-01	4.974395259649818102e-01	0.000000000000000000e+00
6.521650720856903005e-01	4.359215572949636242e-01	0.000000000000000000e+00
6.521650720856903005e-01	4.359215572949636242e-01	0.000000000000000000e+00
6.521650720856903005e-01	4.359215572949636242e-01	0.000000000000000000e+00
6.521650720856903005e-01	4.359215572949636242e-01	0.000000000000000000e+00
6.521650720856903005e-01	4.359215572949636242e-01	0.000000000000000000e+00
6.521650720856903005e-01	4.359215572949636242e-01	0.000000000000000000e+00
6.521650720856903005e-01	4.359215572949636242e-01	0.000000000000000000e+00
6.521650720856903005e-01	4.359215572949636242e-01	0.000000000000000000e+00
6.521650720856903005e-01	4.359215572949636242e-01	0.000000000000000000e+00
6.521650720856903005e-01	4.359215572949636242e-01	0.000000000000000000e+00
6.521650720856903005e-01	4.258201367811061400e-01	0.000000000000000000e+00
6.521650720856903005e-01	4.258201367811061400e-01	0.000000000000000000e+00
6.521650720856903005e-01	5.048605977967772773e-01	0.000000000000000000e+00
8.383724815142573616e-01	3.054029836260479525e-01	0.000000000000000000e+00
8.383724815142573616e-01	3.365463117730548848e-01	0.000000000000000000e+00
8.383724815142573616e-01	3.365463117730548848e-01	0.000000000000000000e+00
8.383724815142573616e-01	3.365463117730548848e-01	0.000000000000000000e+00
8.383724815142573616e-01	3.365463117730548848e-01	0.000000000000000000e+00
8.383724815142573616e-01	3.365463117730548848e-01	0.000000000000000000e+00
8.383724815142573616e-01	3.365463117730548848e-01	0.000000000000000000e+00
8.383724815142573616e-01	3.365463117730548848e-01	0.000000000000000000e+00
8.383724815142573616e-01	3.365463117730548848e-01	0.000000000000000000e+00
8.383724815142573616e-01	3.437647012398874491e-01	0.000000000000000000e+00
8.387094438793722961e-01	2.689174511758375963e-01	0.000000000000000000e+00
8.387094438793722961e-01	2.451600389511238987e-01	0.000000000000000000e+00
8.387094438793722961e-01	2.451600389511238987e-01	0.000000000000000000e+00
8.387094438793722961e-01	2.561929209275565222e-01	0.000000000000000000e+00
8.387094438793722961e-01	2.561929209275565222e-01	0.000000000000000000e+00
8.387094438793722961e-01	2.561929209275565222e-01	0.000000000000000000e+00
8.387094438793722961e-01	2.561929209275565222e-01	0.000000000000000000e+00
8.387094438793722961e-01	2.561929209275565222e-01	0.000000000000000000e+00
8.387094438793722961e-01	2.451600389511238987e-01	0.000000000000000000e+00
8.387094438793722961e-01	2.393144501548532810e-01	0.000000000000000000e+00
8.387094438793722961e-01	1.798450097559041450e-01	0.000000000000000000e+00
8.387094438793722961e-01	1.798450097559041450e-01	0.000000000000000000e+00
8.387094438793722961e-01	1.798450097559041450e-01	0.000000000000000000e+00
8.387094438793722961e-01	1.798450097559041450e-01	0.000000000000000000e+00
8.387094438793722961e-01	1.798450097559041450e-01	0.000000000000000000e+00
8.387094438793722961e-01	1.798450097559041450e-01	0.000000000000000000e+00
8.387094438793722961e-01	1.631591384586852378e-01	0.000000000000000000e+00
8.387094438793722961e-01	1.631591384586852378e-01	0.000000000000000000e+00
8.387094438793722961e-01	1.631591384586852378e-01	0.000000000000000000e+00
8.397597272245453937e-01	1.863560714012804376e-01	0.000000000000000000e+00
