0.000000000000000000e+00	2.771223475094029887e+00	0.000000000000000000e+00
8.825443012301335821e-03	2.507512068634656366e+00	0.000000000000000000e+00
2.660080155180512274e-02	2.395124455508405248e+00	0.000000000000000000e+00
4.719468150458763084e-02	2.199687936831763668e+00	0.000000000000000000e+00
7.037832144044897653e-02	2.073800280885460090e+00	0.000000000000000000e+00
7.037832144044897653e-02	2.073800280885460090e+00	0.000000000000000000e+00
7.037832144044897653e-02	2.073800280885460090e+00	0.000000000000000000e+00
7.037832144044897653e-02	2.073800280885460090e+00	0.000000000000000000e+00
1.596099393195131999e-01	2.065357030323583754e+00	0.000000000000000000e+00
1.911830902839242174e-01	1.676342454050162578e+00	0.000000000000000000e+00
1.709745268850880184e-01	1.763335730478091445e+00	0.000000000000000000e+00
1.852678992846057415e-01	1.593837950943030712e+00	0.000000000000000000e+00
1.852678992846057415e-01	1.593837950943030712e+00	0.000000000000000000e+00
1.852678992846057415e-01	1.593837950943030712e+00	0.000000000000000000e+00
2.286864181673996244e-01	1.134567857179155537e+00	0.000000000000000000e+00
2.286864181673996244e-01	1.134567857179155537e+00	0.000000000000000000e+00
2.286864181673996244e-01	1.134567857179155537e+00	0.000000000000000000e+00
2.286864181673996244e-01	1.134567857179155537e+00	0.000000000000000000e+00
2.286864181673996244e-01	1.134567857179155537e+00	0.000000000000000000e+00
2.286864181673996244e-01	1.134567857179155537e+00	0.000000000000000000e+00
2.459157746688443724e-01	1.041943670473503891e+00	0.000000000000000000e+00
2.459157746688443724e-01	1.041943670473503891e+00	0.000000000000000000e+00
2.459157746688443724e-01	1.041943670473503891e+00	0.000000000000000000e+00
2.657292693850171195e-01	9.023384154469706875e-01	0.000000000000000000e+00
2.459157746688443724e-01	1.055684388121545636e+00	0.000000000000000000e+00
2.459157746688443724e-01	1.055684388121545636e+00	0.000000000000000000e+00
2.631451311702891482e-01	1.069305562133432641e+00	0.000000000000000000e+00
2.631451311702891482e-01	1.069305562133432641e+00	0.000000000000000000e+00
2.631451311702891482e-01	1.069305562133432641e+00	0.000000000000000000e+00
2.631451311702891482e-01	1.069305562133432641e+00	0.000000000000000000e+00
2.631451311702891482e-01	1.069305562133432641e+00	0.000000000000000000e+00
2.631451311702891482e-01	1.069305562133432641e+00	0.000000000000000000e+00
4.231265885320374398e-01	8.372026751374648246e-01	0.000000000000000000e+00
4.231265885320374398e-01	8.372026751374648246e-01	0.000000000000000000e+00
4.231265885320374398e-01	9.223134692699470616e-01	0.000000000000000000e+00
4.231265885320374398e-01	9.223134692699470616e-01	0.000000000000000000e+00
4.173556744566599974e-01	8.319263655071329477e-01	0.000000000000000000e+00
4.173556744566599974e-01	8.319263655071329477e-01	0.000000000000000000e+00
4.231265885320374398e-01	8.189867025265396006e-01	0.000000000000000000e+00
4.331819213481751807e-01	8.127381960689495921e-01	0.000000000000000000e+00
4.432372541643129216e-01	7.431129006107526358e-01	0.000000000000000000e+00
4.432372541643129216e-01	7.453595838481487101e-01	0.000000000000000000e+00
4.432372541643129216e-01	7.453595838481487101e-01	0.000000000000000000e+00
4.432372541643129216e-01	7.244197057564361053e-01	0.000000000000000000e+00
4.469918373146045676e-01	7.241121288865350891e-01	0.000000000000000000e+00
4.469918373146045676e-01	7.241121288865350891e-01	0.000000000000000000e+00
4.469918373146045676e-01	7.241121288865350891e-01	0.000000000000000000e+00
4.469918373146045676e-01	7.241121288865350891e-01	0.000000000000000000e+00
4.469918373146045676e-01	7.241121288865350891e-01	0.000000000000000000e+00
4.469918373146045676e-01	7.241121288865350891e-01	0.000000000000000000e+00
4.469918373146045676e-01	7.241121288865350891e-01	0.000000000000000000e+00
4.469918373146045676e-01	7.241121288865350891e-01	0.000000000000000000e+00
4.469918373146045676e-01	7.291998050903689688e-01	0.000000000000000000e+00
6.521650720856903005e-01	5.780616992484649552e-01	0.000000000000000000e+00
6.521650720856903005e-01	5.780616992484649552e-01	0.000000000000000000e+00
6.521650720856903005e-01	4.773991606594732429e-01	0.000000000000000000e+00
6.521650720856903005e-01	4.773991606594732429e-01	0.000000000000000000e+00
6.521650720856903005e-01	4.773991606594732429e-01	0.000000000000000000e+00
6.521650720856903005e-01	4.773991606594732429e-01	0.000000000000000000e+00
6.521650720856903005e-01	4.773991606594732429e-01	0.000000000000000000e+00
6.521650720856903005e-01	4.773991606594732429e-01	0.000000000000000000e+00
6.521650720856903005e-01	4.796401879460475692e-01	0.000000000000000000e+00
6.521650720856903005e-01	4.796401879460475692e-01	0.000000000000000000e+00
6.521650720856903005e-01	4.796401879460475692e-01	0.000000000000000000e+00
6.521650720856903005e-01	4.796401879460475692e-01	0.000000000000000000e+00
6.521650720856903005e-01	4.796401879460475692e-01	0.000000000000000000e+00
6.521650720856903005e-01	4.455581420887368416e-01	0.000000000000000000e+00
6.521650720856903005e-01	4.518282337262060633e-01	0.000000000000000000e+00
6.521650720856903005e-01	4.455581420887368416e-01	0.000000000000000000e+00
6.521650720856903005e-01	4.415843036222493190e-01	0.000000000000000000e+00
6.521650720856903005e-01	4.455581420887368416e-01	0.000000000000000000e+00
6.521650720856903005e-01	4.455581420887368416e-01	0.000000000000000000e+00
6.521650720856903005e-01	4.455581420887368416e-01	0.000000000000000000e+00
6.521650720856903005e-01	4.455581420887368416e-01	0.000000000000000000e+00
8.383724815142573616e-01	3.473001315735897987e-01	0.000000000000000000e+00
8.383724815142573616e-01	3.473001315735897987e-01	0.000000000000000000e+00
8.383724815142573616e-01	3.473001315735897987e-01	0.000000000000000000e+00
8.383724815142573616e-01	3.473001315735897987e-01	0.000000000000000000e+00
8.383724815142573616e-01	3.473001315735897987e-01	0.000000000000000000e+00
8.383724815142573616e-01	3.366377230477252125e-01	0.000000000000000000e+00
8.387094438793722961e-01	2.633308542151812648e-01	0.000000000000000000e+00
8.387094438793722961e-01	1.729522030810345112e-01	0.000000000000000000e+00
8.387094438793722961e-01	1.729522030810345112e-01	0.000000000000000000e+00
8.387094438793722961e-01	1.729522030810345112e-01	0.000000000000000000e+00
8.387094438793722961e-01	1.729522030810345112e-01	0.000000000000000000e+00
8.387094438793722961e-01	1.729522030810345112e-01	0.000000000000000000e+00
8.387094438793722961e-01	1.729522030810345112e-01	0.000000000000000000e+00
8.387094438793722961e-01	1.729522030810345112e-01	0.000000000000000000e+00
8.387094438793722961e-01	2.227899459141407523e-01	0.000000000000000000e+00
8.387094438793722961e-01	2.227899459141407523e-01	0.000000000000000000e+00
8.387094438793722961e-01	2.227899459141407523e-01	0.000000000000000000e+00
8.387094438793722961e-01	2.227899459141407523e-01	0.000000000000000000e+00
8.387094438793722961e-01	1.637679382492671920e-01	0.000000000000000000e+00
8.387094438793722961e-01	1.637679382492671920e-01	0.000000000000000000e+00
8.387094438793722961e-01	1.637679382492671920e-01	0.000000000000000000e+00
8.387094438793722961e-01	1.637679382492671920e-01	0.000000000000000000e+00
8.387094438793722961e-01	1.637679382492671920e-01	0.000000000000000000e+00
8.387094438793722961e-01	1.637679382492671920e-01	0.000000000000000000e+00
8.387094438793722961e-01	1.631591384586852378e-01	0.000000000000000000e+00
8.387094438793722961e-01	1.631591384586852378e-01	0.000000000000000000e+00
