0.000000000000000000e+00	1.718590012602396744e+00	0.000000000000000000e+00
1.241126190017330030e-02	1.012905284744906709e+00	0.000000000000000000e+00
2.882648092661856121e-02	9.440620180770281644e-01	0.000000000000000000e+00
4.519710330598988163e-02	8.522596810156756186e-01	0.000000000000000000e+00
5.726147232605426074e-02	8.065600814042173106e-01	0.000000000000000000e+00
7.096094101663556752e-02	7.565550577409537736e-01	0.000000000000000000e+00
7.096094101663556752e-02	7.565550577409537736e-01	0.000000000000000000e+00
7.096094101663556752e-02	7.565550577409537736e-01	0.000000000000000000e+00
7.096094101663556752e-02	7.565550577409537736e-01	0.000000000000000000e+00
9.321471954278193195e-02	7.614130051897893825e-01	0.000000000000000000e+00
7.395423023863578749e-02	7.639009411518817849e-01	0.000000000000000000e+00
7.395423023863578749e-02	7.639009411518817849e-01	0.000000000000000000e+00
8.105539692178337363e-02	7.645600964611086736e-01	0.000000000000000000e+00
8.105539692178337363e-02	7.645600964611086736e-01	0.000000000000000000e+00
2.050469173311430526e-01	6.644352217549363004e-01	0.000000000000000000e+00
2.085058709630148166e-01	5.755689000276655864e-01	0.000000000000000000e+00
2.085058709630148166e-01	5.755689000276655864e-01	0.000000000000000000e+00
2.265033261274416732e-01	4.897890384833428201e-01	0.000000000000000000e+00
2.329444904573793884e-01	4.465099189780881161e-01	0.000000000000000000e+00
2.344198990354820211e-01	4.320823812348023041e-01	0.000000000000000000e+00
2.419008485740395398e-01	3.675482766910663224e-01	0.000000000000000000e+00
2.496325585446184936e-01	3.557050826378753139e-01	0.000000000000000000e+00
2.604112237543649844e-01	3.523131674622076437e-01	0.000000000000000000e+00
2.604112237543649844e-01	3.522643726186358015e-01	0.000000000000000000e+00
2.604112237543649844e-01	3.522643726186358015e-01	0.000000000000000000e+00
2.604112237543649844e-01	3.522643726186358015e-01	0.000000000000000000e+00
2.604112237543649844e-01	3.522643726186358015e-01	0.000000000000000000e+00
2.604112237543649844e-01	3.522643726186358015e-01	0.000000000000000000e+00
2.604112237543649844e-01	3.522643726186358015e-01	0.000000000000000000e+00
2.604112237543649844e-01	3.522643726186358015e-01	0.000000000000000000e+00
2.604112237543649844e-01	3.522643726186358015e-01	0.000000000000000000e+00
4.189929621097517320e-01	2.833447539397211945e-01	0.000000000000000000e+00
4.189929621097517320e-01	2.833447539397211945e-01	0.000000000000000000e+00
4.198888997983890592e-01	2.428655768782018443e-01	0.000000000000000000e+00
4.198888997983890592e-01	2.192773273876474360e-01	0.000000000000000000e+00
4.240815944418969141e-01	1.802033219982623058e-01	0.000000000000000000e+00
4.264042465183925934e-01	1.598641868634951280e-01	0.000000000000000000e+00
4.264042465183925934e-01	1.379481703635478951e-01	0.000000000000000000e+00
4.286839208648954846e-01	1.043710601567939406e-01	0.000000000000000000e+00
4.306747554109603415e-01	8.695810993605973538e-02	0.000000000000000000e+00
4.416789960223794775e-01	2.698586168008619557e-02	0.000000000000000000e+00
4.416789960223794775e-01	2.698586168008619557e-02	0.000000000000000000e+00
4.417807270885653614e-01	2.162259349482355611e-02	0.000000000000000000e+00
4.448989851366211834e-01	2.404382520281978571e-03	0.000000000000000000e+00
4.455411081812720164e-01	-1.461205185830141348e-02	0.000000000000000000e+00
4.502684802882429560e-01	-2.235046595667597447e-02	0.000000000000000000e+00
4.502684802882429560e-01	-2.235046595667597447e-02	0.000000000000000000e+00
4.502684802882429560e-01	-2.235046595667597447e-02	0.000000000000000000e+00
4.502684802882429560e-01	-2.235046595667597447e-02	0.000000000000000000e+00
4.502684802882429560e-01	-2.235046595667597447e-02	0.000000000000000000e+00
4.502684802882429560e-01	-2.235046595667597447e-02	0.000000000000000000e+00
4.502684802882429560e-01	-2.235046595667597447e-02	0.000000000000000000e+00
4.502684802882429560e-01	-1.974340125209339894e-02	0.000000000000000000e+00
6.356603608365752889e-01	-1.327993741423711960e-01	0.000000000000000000e+00
6.356603608365752889e-01	-1.327993741423711960e-01	0.000000000000000000e+00
6.356603608365752889e-01	-1.327993741423711960e-01	0.000000000000000000e+00
6.356603608365752889e-01	-1.327993741423711960e-01	0.000000000000000000e+00
6.356603608365752889e-01	-1.327993741423711960e-01	0.000000000000000000e+00
6.369169302553316925e-01	-1.406587536475394085e-01	0.000000000000000000e+00
6.369169302553316925e-01	-1.456624642775504186e-01	0.000000000000000000e+00
6.393819272280101274e-01	-1.917107687237069036e-01	0.000000000000000000e+00
6.388247581587319646e-01	-1.858671737843106131e-01	0.000000000000000000e+00
6.403917548283444283e-01	-2.006792072488012002e-01	0.000000000000000000e+00
6.403917548283444283e-01	-2.257946454187350904e-01	0.000000000000000000e+00
6.403917548283444283e-01	-2.420706792041723288e-01	0.000000000000000000e+00
6.432858026185401812e-01	-2.567545556804627926e-01	0.000000000000000000e+00
6.432858026185401812e-01	-2.567545556804627926e-01	0.000000000000000000e+00
6.439940233927440305e-01	-3.012243004980466599e-01	0.000000000000000000e+00
6.439940233927440305e-01	-3.012243004980466599e-01	0.000000000000000000e+00
6.439940233927440305e-01	-3.012243004980466599e-01	0.000000000000000000e+00
6.453930657176601970e-01	-3.110047447987691061e-01	0.000000000000000000e+00
6.453930657176601970e-01	-3.110047447987691061e-01	0.000000000000000000e+00
6.453930657176601970e-01	-3.110047447987691061e-01	0.000000000000000000e+00
6.453930657176601970e-01	-3.110047447987691061e-01	0.000000000000000000e+00
6.453930657176601970e-01	-3.110047447987691061e-01	0.000000000000000000e+00
8.291263523200128605e-01	-3.894445908948596657e-01	0.000000000000000000e+00
8.291263523200128605e-01	-3.894445908948596657e-01	0.000000000000000000e+00
8.291263523200128605e-01	-3.894445908948596657e-01	0.000000000000000000e+00
8.291263523200128605e-01	-3.894445908948596657e-01	0.000000000000000000e+00
8.291263523200128605e-01	-3.894445908948596657e-01	0.000000000000000000e+00
8.291263523200128605e-01	-3.894445908948596657e-01	0.000000000000000000e+00
8.306442175108381676e-01	-4.215160159487916780e-01	0.000000000000000000e+00
8.306442175108381676e-01	-4.215160159487916780e-01	0.000000000000000000e+00
8.306442175108381676e-01	-4.215160159487916780e-01	0.000000000000000000e+00
8.320746057442374166e-01	-4.433574241451246900e-01	0.000000000000000000e+00
8.320746057442374166e-01	-4.433574241451246900e-01	0.000000000000000000e+00
8.320746057442374166e-01	-4.559036359641522873e-01	0.000000000000000000e+00
8.359319105780333992e-01	-5.079037367994292396e-01	0.000000000000000000e+00
8.349790477231265884e-01	-4.844514224528310153e-01	0.000000000000000000e+00
8.349790477231265884e-01	-4.844514224528310153e-01	0.000000000000000000e+00
8.359319105780333992e-01	-5.079037367994292396e-01	0.000000000000000000e+00
8.359319105780333992e-01	-5.079037367994292396e-01	0.000000000000000000e+00
8.376660224064488292e-01	-5.325665777660574252e-01	0.000000000000000000e+00
8.376660224064488292e-01	-5.325665777660574252e-01	0.000000000000000000e+00
8.376660224064488292e-01	-5.380936550548088837e-01	0.000000000000000000e+00
8.379001418621607744e-01	-5.452795960626766192e-01	0.000000000000000000e+00
8.392906341425719896e-01	-5.572996756616391822e-01	0.000000000000000000e+00
8.411879115996769851e-01	-5.655823778172112126e-01	0.000000000000000000e+00
8.411879115996769851e-01	-5.701295563691773927e-01	0.000000000000000000e+00
8.411879115996769851e-01	-5.773683050865358046e-01	0.000000000000000000e+00
