0.000000000000000000e+00	2.455060546968714341e+00	0.000000000000000000e+00
1.089631013554108810e-02	1.690620548183726646e+00	0.000000000000000000e+00
2.909108563462276670e-02	1.606133725549654390e+00	0.000000000000000000e+00
4.429581251181399781e-02	1.581857234305152682e+00	0.000000000000000000e+00
6.580538167215517487e-02	1.371304605334823457e+00	0.000000000000000000e+00
6.580538167215517487e-02	1.371304605334823457e+00	0.000000000000000000e+00
6.580538167215517487e-02	1.371304605334823457e+00	0.000000000000000000e+00
9.492710192279259218e-02	1.294046361440155390e+00	0.000000000000000000e+00
9.492710192279259218e-02	1.294046361440155390e+00	0.000000000000000000e+00
9.492710192279259218e-02	1.294046361440155390e+00	0.000000000000000000e+00
9.492710192279259218e-02	1.294046361440155390e+00	0.000000000000000000e+00
8.036624179747388352e-02	1.376610111833441064e+00	0.000000000000000000e+00
1.937028506444506692e-01	1.266266951690679265e+00	0.000000000000000000e+00
1.949385653818304642e-01	1.183848386647120554e+00	0.000000000000000000e+00
1.960006598727305760e-01	1.134878715266154581e+00	0.000000000000000000e+00
2.113804732780145412e-01	1.116690513247857952e+00	0.000000000000000000e+00
2.180598376516923176e-01	9.457102207890766277e-01	0.000000000000000000e+00
2.180598376516923176e-01	9.457102207890766277e-01	0.000000000000000000e+00
2.242277640820035944e-01	8.884067138850030299e-01	0.000000000000000000e+00
2.247588113274536503e-01	7.314539465895830705e-01	0.000000000000000000e+00
2.247588113274536503e-01	7.314539465895830705e-01	0.000000000000000000e+00
2.247588113274536503e-01	7.314539465895830705e-01	0.000000000000000000e+00
2.247588113274536503e-01	7.314539465895830705e-01	0.000000000000000000e+00
2.405472326428365892e-01	6.112121444277577309e-01	0.000000000000000000e+00
2.438967194807172556e-01	6.012995539778307474e-01	0.000000000000000000e+00
2.438967194807172556e-01	6.012995539778307474e-01	0.000000000000000000e+00
2.438967194807172556e-01	6.012995539778307474e-01	0.000000000000000000e+00
2.438967194807172556e-01	6.012995539778307474e-01	0.000000000000000000e+00
2.438967194807172556e-01	6.012995539778307474e-01	0.000000000000000000e+00
2.438967194807172556e-01	6.012995539778307474e-01	0.000000000000000000e+00
2.438967194807172556e-01	6.012995539778307474e-01	0.000000000000000000e+00
2.438967194807172556e-01	6.012995539778307474e-01	0.000000000000000000e+00
2.417252880206528232e-01	6.123302229526272900e-01	0.000000000000000000e+00
2.417252880206528232e-01	6.123302229526272900e-01	0.000000000000000000e+00
2.417252880206528232e-01	6.123302229526272900e-01	0.000000000000000000e+00
2.417252880206528232e-01	6.123302229526272900e-01	0.000000000000000000e+00
2.417252880206528232e-01	6.123302229526272900e-01	0.000000000000000000e+00
4.173556744566599974e-01	4.556668133661586073e-01	0.000000000000000000e+00
4.226295143689320910e-01	4.896119963034918920e-01	0.000000000000000000e+00
4.226295143689320910e-01	4.896119963034918920e-01	0.000000000000000000e+00
4.226295143689320910e-01	4.896119963034918920e-01	0.000000000000000000e+00
4.226295143689320910e-01	4.896119963034918920e-01	0.000000000000000000e+00
4.243595012226580310e-01	4.791591536764109871e-01	0.000000000000000000e+00
4.243595012226580310e-01	4.027096541906989846e-01	0.000000000000000000e+00
4.243595012226580310e-01	4.027096541906989846e-01	0.000000000000000000e+00
4.243595012226580310e-01	4.027096541906989846e-01	0.000000000000000000e+00
4.347155258987762672e-01	3.242611940492868272e-01	0.000000000000000000e+00
4.347155258987762672e-01	3.242611940492868272e-01	0.000000000000000000e+00
4.367420517716980588e-01	3.889430366711249532e-01	0.000000000000000000e+00
4.367420517716980588e-01	3.889430366711249532e-01	0.000000000000000000e+00
4.450715505748945588e-01	4.206059835496803734e-01	0.000000000000000000e+00
4.412306948962104736e-01	4.318775214243468219e-01	0.000000000000000000e+00
4.412306948962104736e-01	4.318775214243468219e-01	0.000000000000000000e+00
4.412306948962104736e-01	4.318775214243468219e-01	0.000000000000000000e+00
4.412306948962104736e-01	4.318775214243468219e-01	0.000000000000000000e+00
6.413746734102176994e-01	2.572038563441050862e-01	0.000000000000000000e+00
6.413746734102176994e-01	2.572038563441050862e-01	0.000000000000000000e+00
6.413746734102176994e-01	2.572038563441050862e-01	0.000000000000000000e+00
6.413746734102176994e-01	2.572038563441050862e-01	0.000000000000000000e+00
6.413746734102176994e-01	2.572038563441050862e-01	0.000000000000000000e+00
6.413746734102176994e-01	3.188752296485911075e-01	0.000000000000000000e+00
6.444792921254993701e-01	2.909585596347748493e-01	0.000000000000000000e+00
6.437582220692763535e-01	2.407302812320155083e-01	0.000000000000000000e+00
6.437582220692763535e-01	2.407302812320155083e-01	0.000000000000000000e+00
6.437582220692763535e-01	2.407302812320155083e-01	0.000000000000000000e+00
6.437582220692763535e-01	2.407302812320155083e-01	0.000000000000000000e+00
6.479165787881953076e-01	2.311928734429900822e-01	0.000000000000000000e+00
6.479165787881953076e-01	2.311928734429900822e-01	0.000000000000000000e+00
6.479165787881953076e-01	2.311928734429900822e-01	0.000000000000000000e+00
6.437582220692763535e-01	2.407302812320155083e-01	0.000000000000000000e+00
8.378245984873956553e-01	9.001170406147142311e-02	0.000000000000000000e+00
8.378245984873956553e-01	9.001170406147142311e-02	0.000000000000000000e+00
8.377905852419175181e-01	1.256284650714690199e-01	0.000000000000000000e+00
8.377905852419175181e-01	1.256284650714690199e-01	0.000000000000000000e+00
8.377905852419175181e-01	1.256284650714690199e-01	0.000000000000000000e+00
8.377905852419175181e-01	1.256284650714690199e-01	0.000000000000000000e+00
8.377905852419175181e-01	1.233640364088171987e-01	0.000000000000000000e+00
8.377905852419175181e-01	1.233640364088171987e-01	0.000000000000000000e+00
8.377905852419175181e-01	1.233640364088171987e-01	0.000000000000000000e+00
8.377905852419175181e-01	1.233640364088171987e-01	0.000000000000000000e+00
8.378814339181451798e-01	-4.681859526350327233e-02	0.000000000000000000e+00
8.378814339181451798e-01	-4.154119506899005970e-02	0.000000000000000000e+00
8.378814339181451798e-01	-4.154119506899005970e-02	0.000000000000000000e+00
8.378814339181451798e-01	-4.154119506899005970e-02	0.000000000000000000e+00
8.378814339181451798e-01	-4.154119506899005970e-02	0.000000000000000000e+00
8.378814339181451798e-01	-4.154119506899005970e-02	0.000000000000000000e+00
8.378814339181451798e-01	-4.154119506899005970e-02	0.000000000000000000e+00
8.378814339181451798e-01	-4.154119506899005970e-02	0.000000000000000000e+00
8.378814339181451798e-01	-4.154119506899005970e-02	0.000000000000000000e+00
8.378814339181451798e-01	3.098277894892322113e-03	0.000000000000000000e+00
8.378814339181451798e-01	-9.080189730612897234e-03	0.000000000000000000e+00
8.380587208334769889e-01	-2.737229258211386698e-02	0.000000000000000000e+00
8.380587208334769889e-01	-2.737229258211386698e-02	0.000000000000000000e+00
8.381056267298939710e-01	-3.766013710820896587e-02	0.000000000000000000e+00
8.382594908023253133e-01	-8.558218756407244554e-02	0.000000000000000000e+00
8.382594908023253133e-01	-8.558218756407244554e-02	0.000000000000000000e+00
8.382594908023253133e-01	-8.558218756407244554e-02	0.000000000000000000e+00
8.382594908023253133e-01	-8.558218756407244554e-02	0.000000000000000000e+00
8.382594908023253133e-01	-8.558218756407244554e-02	0.000000000000000000e+00
8.382594908023253133e-01	-8.558218756407244554e-02	0.000000000000000000e+00
