0.000000000000000000e+00	1.960593720994433298e+00	0.000000000000000000e+00
1.089631013554108810e-02	1.154060988159709034e+00	0.000000000000000000e+00
1.664749270920334173e-02	1.105915820940675420e+00	0.000000000000000000e+00
3.883889307200957819e-02	1.091478020245207459e+00	0.000000000000000000e+00
5.811974912577708152e-02	8.818004496646251189e-01	0.000000000000000000e+00
5.811974912577708152e-02	8.792193351970686299e-01	0.000000000000000000e+00
5.811974912577708152e-02	8.792193351970686299e-01	0.000000000000000000e+00
9.384082296868856421e-02	8.754966229736252936e-01	0.000000000000000000e+00
9.384082296868856421e-02	8.754966229736252936e-01	0.000000000000000000e+00
9.384082296868856421e-02	8.754966229736252936e-01	0.000000000000000000e+00
9.384082296868856421e-02	8.754966229736252936e-01	0.000000000000000000e+00
9.384082296868856421e-02	8.754966229736252936e-01	0.000000000000000000e+00
9.384082296868856421e-02	8.833593990673496155e-01	0.000000000000000000e+00
1.934044762252399852e-01	8.421147573447743673e-01	0.000000000000000000e+00
1.934044762252399852e-01	8.303112637278112773e-01	0.000000000000000000e+00
2.150018814827609204e-01	6.679902736230304283e-01	0.000000000000000000e+00
2.150018814827609204e-01	6.679902736230304283e-01	0.000000000000000000e+00
2.150018814827609204e-01	6.679902736230304283e-01	0.000000000000000000e+00
2.336633409495831870e-01	5.647810782740488866e-01	0.000000000000000000e+00
2.336633409495831870e-01	5.647810782740488866e-01	0.000000000000000000e+00
2.397453670133477543e-01	5.202548782694157437e-01	0.000000000000000000e+00
2.397453670133477543e-01	4.897388876992775364e-01	0.000000000000000000e+00
2.501334426238062125e-01	4.508078495932233976e-01	0.000000000000000000e+00
2.501334426238062125e-01	4.347303461585178552e-01	0.000000000000000000e+00
2.501334426238062125e-01	4.347303461585178552e-01	0.000000000000000000e+00
2.501334426238062125e-01	4.347303461585178552e-01	0.000000000000000000e+00
2.550916382866857957e-01	4.366222700781148269e-01	0.000000000000000000e+00
2.550916382866857957e-01	4.366222700781148269e-01	0.000000000000000000e+00
2.550916382866857957e-01	4.366222700781148269e-01	0.000000000000000000e+00
2.550916382866857957e-01	4.366222700781148269e-01	0.000000000000000000e+00
2.550916382866857957e-01	4.366222700781148269e-01	0.000000000000000000e+00
2.550916382866857957e-01	4.366222700781148269e-01	0.000000000000000000e+00
2.550916382866857957e-01	4.366222700781148269e-01	0.000000000000000000e+00
4.158108545459406891e-01	3.540554932593761861e-01	0.000000000000000000e+00
4.158108545459406891e-01	3.540554932593761861e-01	0.000000000000000000e+00
4.218104383589155737e-01	2.963992416749317016e-01	0.000000000000000000e+00
4.218104383589155737e-01	2.963992416749317016e-01	0.000000000000000000e+00
4.229755476438008532e-01	2.507004182612799781e-01	0.000000000000000000e+00
4.229755476438008532e-01	2.507004182612799781e-01	0.000000000000000000e+00
4.260038652858241792e-01	2.355159446064523932e-01	0.000000000000000000e+00
4.352218052602505605e-01	1.839963594978425709e-01	0.000000000000000000e+00
4.352218052602505605e-01	1.839963594978425709e-01	0.000000000000000000e+00
4.352218052602505605e-01	1.725875977741406497e-01	0.000000000000000000e+00
4.377908205125036201e-01	1.484158447556156446e-01	0.000000000000000000e+00
4.403367573784192635e-01	1.134682839350108219e-01	0.000000000000000000e+00
4.403367573784192635e-01	1.089373469303684394e-01	0.000000000000000000e+00
4.406221125961755636e-01	1.059053377925581463e-01	0.000000000000000000e+00
4.403367573784192635e-01	1.089373469303684394e-01	0.000000000000000000e+00
4.403367573784192635e-01	1.089373469303684394e-01	0.000000000000000000e+00
4.403367573784192635e-01	1.089373469303684394e-01	0.000000000000000000e+00
4.403367573784192635e-01	1.089373469303684394e-01	0.000000000000000000e+00
4.403367573784192635e-01	1.089373469303684394e-01	0.000000000000000000e+00
4.401920333817183062e-01	1.242463889451093512e-01	0.000000000000000000e+00
4.401920333817183062e-01	1.242463889451093512e-01	0.000000000000000000e+00
6.413746734102176994e-01	-1.455624480871505200e-01	0.000000000000000000e+00
6.413746734102176994e-01	-1.455624480871505200e-01	0.000000000000000000e+00
6.413746734102176994e-01	-1.455624480871505200e-01	0.000000000000000000e+00
6.413746734102176994e-01	-1.455624480871505200e-01	0.000000000000000000e+00
6.413746734102176994e-01	-1.455624480871505200e-01	0.000000000000000000e+00
6.413746734102176994e-01	-1.455624480871505200e-01	0.000000000000000000e+00
6.413746734102176994e-01	-4.811959988682166373e-02	0.000000000000000000e+00
6.413746734102176994e-01	-4.811959988682166373e-02	0.000000000000000000e+00
6.413746734102176994e-01	-4.811959988682166373e-02	0.000000000000000000e+00
6.413746734102176994e-01	-7.612710702256056394e-02	0.000000000000000000e+00
6.413746734102176994e-01	-1.183327531657340087e-01	0.000000000000000000e+00
6.413746734102176994e-01	-1.183327531657340087e-01	0.000000000000000000e+00
6.413746734102176994e-01	-1.183327531657340087e-01	0.000000000000000000e+00
6.413746734102176994e-01	-1.327698597063570463e-01	0.000000000000000000e+00
6.413746734102176994e-01	-1.327698597063570463e-01	0.000000000000000000e+00
6.413746734102176994e-01	-1.479108466512285558e-01	0.000000000000000000e+00
6.413746734102176994e-01	-1.479108466512285558e-01	0.000000000000000000e+00
6.413746734102176994e-01	-1.479108466512285558e-01	0.000000000000000000e+00
6.413746734102176994e-01	-1.479108466512285558e-01	0.000000000000000000e+00
6.413746734102176994e-01	-1.479108466512285558e-01	0.000000000000000000e+00
8.367288167718688330e-01	-2.835570913671862092e-01	0.000000000000000000e+00
8.367288167718688330e-01	-2.835570913671862092e-01	0.000000000000000000e+00
8.367288167718688330e-01	-2.835570913671862092e-01	0.000000000000000000e+00
8.366918526219362384e-01	-2.200834230607936481e-01	0.000000000000000000e+00
8.366918526219362384e-01	-2.200834230607936481e-01	0.000000000000000000e+00
8.366918526219362384e-01	-2.200834230607936481e-01	0.000000000000000000e+00
8.367288167718688330e-01	-2.287646327856734108e-01	0.000000000000000000e+00
8.340440119802077223e-01	-2.405608182388216665e-01	0.000000000000000000e+00
8.368854884370935387e-01	-2.597706462752726320e-01	0.000000000000000000e+00
8.346310310689898371e-01	-2.924611315906216480e-01	0.000000000000000000e+00
8.346310310689898371e-01	-2.924611315906216480e-01	0.000000000000000000e+00
8.346310310689898371e-01	-2.924611315906216480e-01	0.000000000000000000e+00
8.346310310689898371e-01	-3.055128570695080925e-01	0.000000000000000000e+00
8.346310310689898371e-01	-3.055128570695080925e-01	0.000000000000000000e+00
8.370118777386788000e-01	-3.270217739635954968e-01	0.000000000000000000e+00
8.370118777386788000e-01	-3.270217739635954968e-01	0.000000000000000000e+00
8.408951402502203853e-01	-3.622440449134777807e-01	0.000000000000000000e+00
8.408951402502203853e-01	-3.622440449134777807e-01	0.000000000000000000e+00
8.408951402502203853e-01	-3.622440449134777807e-01	0.000000000000000000e+00
8.425011140258149567e-01	-3.755801314789191658e-01	0.000000000000000000e+00
8.445716325024074100e-01	-3.882920206564167143e-01	0.000000000000000000e+00
8.445716325024074100e-01	-3.882920206564167143e-01	0.000000000000000000e+00
8.513474815677012364e-01	-4.036857866359236935e-01	0.000000000000000000e+00
8.513474815677012364e-01	-4.036857866359236935e-01	0.000000000000000000e+00
8.513474815677012364e-01	-4.206578568851665478e-01	0.000000000000000000e+00
8.513474815677012364e-01	-4.206578568851665478e-01	0.000000000000000000e+00
