0.000000000000000000e+00	2.865969440072904550e+00	0.000000000000000000e+00
1.011823477577071181e-02	2.630897537801453190e+00	0.000000000000000000e+00
2.660080155180512274e-02	2.395124455508405248e+00	0.000000000000000000e+00
2.660080155180512274e-02	2.395124455508405248e+00	0.000000000000000000e+00
7.037832144044897653e-02	2.114665634874515643e+00	0.000000000000000000e+00
7.037832144044897653e-02	2.114665634874515643e+00	0.000000000000000000e+00
7.037832144044897653e-02	2.114665634874515643e+00	0.000000000000000000e+00
7.037832144044897653e-02	2.114665634874515643e+00	0.000000000000000000e+00
1.596099393195131999e-01	2.065357030323583754e+00	0.000000000000000000e+00
1.911830902839242174e-01	1.927790343850080523e+00	0.000000000000000000e+00
1.911830902839242174e-01	1.927790343850080523e+00	0.000000000000000000e+00
1.911830902839242174e-01	1.799324832579157318e+00	0.000000000000000000e+00
2.098670440595386821e-01	1.673581615845633364e+00	0.000000000000000000e+00
2.286864181673996244e-01	1.504622197060567768e+00	0.000000000000000000e+00
2.286864181673996244e-01	1.504622197060567768e+00	0.000000000000000000e+00
2.286864181673996244e-01	1.359737805543560274e+00	0.000000000000000000e+00
2.286864181673996244e-01	1.359737805543560274e+00	0.000000000000000000e+00
2.286864181673996244e-01	1.359737805543560274e+00	0.000000000000000000e+00
2.563935742153879427e-01	1.152882539640069703e+00	0.000000000000000000e+00
2.563935742153879427e-01	1.152882539640069703e+00	0.000000000000000000e+00
2.563935742153879427e-01	1.152882539640069703e+00	0.000000000000000000e+00
2.563935742153879427e-01	1.104720127505993688e+00	0.000000000000000000e+00
2.631451311702891482e-01	1.069305562133432641e+00	0.000000000000000000e+00
2.631451311702891482e-01	1.069305562133432641e+00	0.000000000000000000e+00
2.631451311702891482e-01	1.069305562133432641e+00	0.000000000000000000e+00
2.631451311702891482e-01	1.069305562133432641e+00	0.000000000000000000e+00
2.631451311702891482e-01	1.069305562133432641e+00	0.000000000000000000e+00
2.651006134077534271e-01	1.076587093000166195e+00	0.000000000000000000e+00
2.651006134077534271e-01	1.076587093000166195e+00	0.000000000000000000e+00
2.651006134077534271e-01	1.076587093000166195e+00	0.000000000000000000e+00
2.651006134077534271e-01	1.076587093000166195e+00	0.000000000000000000e+00
2.651006134077534271e-01	1.096880824698272194e+00	0.000000000000000000e+00
4.231265885320374398e-01	8.488650012101583986e-01	0.000000000000000000e+00
4.231265885320374398e-01	8.488650012101583986e-01	0.000000000000000000e+00
4.231265885320374398e-01	9.410142433634637316e-01	0.000000000000000000e+00
4.231265885320374398e-01	8.488650012101583986e-01	0.000000000000000000e+00
4.231265885320374398e-01	8.488650012101583986e-01	0.000000000000000000e+00
4.231265885320374398e-01	8.488650012101583986e-01	0.000000000000000000e+00
4.231265885320374398e-01	8.316748606563366675e-01	0.000000000000000000e+00
4.231265885320374398e-01	8.316748606563366675e-01	0.000000000000000000e+00
4.508073496531911917e-01	7.555702899934573225e-01	0.000000000000000000e+00
4.508073496531911917e-01	7.555702899934573225e-01	0.000000000000000000e+00
4.415804292794732744e-01	7.568166649683351066e-01	0.000000000000000000e+00
4.508073496531911917e-01	7.555702899934573225e-01	0.000000000000000000e+00
4.508073496531911917e-01	7.555702899934573225e-01	0.000000000000000000e+00
4.508073496531911917e-01	7.555702899934573225e-01	0.000000000000000000e+00
4.474914588469048327e-01	7.324563176944244303e-01	0.000000000000000000e+00
4.469918373146045676e-01	7.291998050903689688e-01	0.000000000000000000e+00
4.469918373146045676e-01	7.291998050903689688e-01	0.000000000000000000e+00
4.469918373146045676e-01	7.291998050903689688e-01	0.000000000000000000e+00
4.469918373146045676e-01	7.291998050903689688e-01	0.000000000000000000e+00
4.469918373146045676e-01	7.291998050903689688e-01	0.000000000000000000e+00
4.469918373146045676e-01	7.291998050903689688e-01	0.000000000000000000e+00
6.521650720856903005e-01	4.358107143833834241e-01	0.000000000000000000e+00
6.521650720856903005e-01	4.398597172408449385e-01	0.000000000000000000e+00
6.521650720856903005e-01	4.398597172408449385e-01	0.000000000000000000e+00
6.521650720856903005e-01	4.398597172408449385e-01	0.000000000000000000e+00
6.521650720856903005e-01	4.398597172408449385e-01	0.000000000000000000e+00
6.521650720856903005e-01	4.398597172408449385e-01	0.000000000000000000e+00
6.521650720856903005e-01	4.398597172408449385e-01	0.000000000000000000e+00
6.521650720856903005e-01	4.398597172408449385e-01	0.000000000000000000e+00
6.521650720856903005e-01	4.398597172408449385e-01	0.000000000000000000e+00
6.521650720856903005e-01	4.503807779904068775e-01	0.000000000000000000e+00
6.521650720856903005e-01	4.503807779904068775e-01	0.000000000000000000e+00
6.521650720856903005e-01	4.503807779904068775e-01	0.000000000000000000e+00
6.521650720856903005e-01	5.446107666737528552e-01	0.000000000000000000e+00
6.521650720856903005e-01	5.446107666737528552e-01	0.000000000000000000e+00
6.521650720856903005e-01	5.048605977967772773e-01	0.000000000000000000e+00
6.521650720856903005e-01	5.048605977967772773e-01	0.000000000000000000e+00
6.521650720856903005e-01	5.048605977967772773e-01	0.000000000000000000e+00
8.383724815142573616e-01	3.537553943257890632e-01	0.000000000000000000e+00
8.383724815142573616e-01	3.537553943257890632e-01	0.000000000000000000e+00
8.383724815142573616e-01	3.537553943257890632e-01	0.000000000000000000e+00
8.383724815142573616e-01	3.537553943257890632e-01	0.000000000000000000e+00
8.383724815142573616e-01	3.537553943257890632e-01	0.000000000000000000e+00
8.383724815142573616e-01	3.537553943257890632e-01	0.000000000000000000e+00
8.383724815142573616e-01	3.537553943257890632e-01	0.000000000000000000e+00
8.387094438793722961e-01	2.391731779838917049e-01	0.000000000000000000e+00
8.387094438793722961e-01	2.391731779838917049e-01	0.000000000000000000e+00
8.387094438793722961e-01	2.391731779838917049e-01	0.000000000000000000e+00
8.387094438793722961e-01	2.391731779838917049e-01	0.000000000000000000e+00
8.387094438793722961e-01	2.391731779838917049e-01	0.000000000000000000e+00
8.387094438793722961e-01	2.391731779838917049e-01	0.000000000000000000e+00
8.387094438793722961e-01	2.391731779838917049e-01	0.000000000000000000e+00
8.387094438793722961e-01	2.391731779838917049e-01	0.000000000000000000e+00
8.387094438793722961e-01	2.290986828391790020e-01	0.000000000000000000e+00
8.387094438793722961e-01	2.290986828391790020e-01	0.000000000000000000e+00
8.387094438793722961e-01	2.116525491899479139e-01	0.000000000000000000e+00
8.387094438793722961e-01	1.870541330467093144e-01	0.000000000000000000e+00
8.387094438793722961e-01	1.870541330467093144e-01	0.000000000000000000e+00
8.387094438793722961e-01	1.870541330467093144e-01	0.000000000000000000e+00
8.387094438793722961e-01	1.870541330467093144e-01	0.000000000000000000e+00
8.387094438793722961e-01	1.870541330467093144e-01	0.000000000000000000e+00
8.387094438793722961e-01	1.870541330467093144e-01	0.000000000000000000e+00
8.387094438793722961e-01	1.870541330467093144e-01	0.000000000000000000e+00
8.387094438793722961e-01	1.867984938869062528e-01	0.000000000000000000e+00
8.408100105697184912e-01	2.126677772227903163e-01	0.000000000000000000e+00
8.408100105697184912e-01	2.126677772227903163e-01	0.000000000000000000e+00
8.408100105697184912e-01	2.126677772227903163e-01	0.000000000000000000e+00
8.408100105697184912e-01	3.590671806495670526e-01	0.000000000000000000e+00
