0.000000000000000000e+00	2.440921658650633486e+00	0.000000000000000000e+00
1.549459327814814436e-02	1.219067806743060922e+00	0.000000000000000000e+00
3.488296459962928614e-02	1.129649044730711038e+00	0.000000000000000000e+00
4.828038291862698367e-02	1.048966640347887003e+00	0.000000000000000000e+00
6.359140189234589735e-02	9.997130461751786434e-01	0.000000000000000000e+00
6.728929115827191054e-02	9.924471457194391499e-01	0.000000000000000000e+00
8.112517314003783730e-02	9.715440048365771020e-01	0.000000000000000000e+00
1.105789356153704384e-01	9.580416524817517709e-01	0.000000000000000000e+00
1.105789356153704384e-01	9.580416524817517709e-01	0.000000000000000000e+00
1.105789356153704384e-01	9.580416524817517709e-01	0.000000000000000000e+00
1.105789356153704384e-01	9.580416524817517709e-01	0.000000000000000000e+00
1.681770818205547136e-01	9.273666864738170368e-01	0.000000000000000000e+00
1.868159986834949104e-01	8.321609163711247703e-01	0.000000000000000000e+00
2.007638370678468120e-01	7.840614831875312163e-01	0.000000000000000000e+00
2.127254247854570290e-01	7.150831258278652625e-01	0.000000000000000000e+00
2.164072220141654013e-01	6.780732052972411328e-01	0.000000000000000000e+00
2.181577200976436703e-01	6.094490535073010529e-01	0.000000000000000000e+00
2.294823159350616593e-01	5.649118417257957825e-01	0.000000000000000000e+00
2.294823159350616593e-01	5.502347628155742632e-01	0.000000000000000000e+00
2.430752668019752760e-01	4.949537965737396128e-01	0.000000000000000000e+00
2.430752668019752760e-01	4.443970514905880020e-01	0.000000000000000000e+00
2.594032987745708008e-01	4.175103726267502813e-01	0.000000000000000000e+00
2.594032987745708008e-01	4.175103726267502813e-01	0.000000000000000000e+00
2.594032987745708008e-01	4.175103726267502813e-01	0.000000000000000000e+00
2.594032987745708008e-01	4.129377789895802842e-01	0.000000000000000000e+00
2.594032987745708008e-01	4.129377789895802842e-01	0.000000000000000000e+00
2.594032987745708008e-01	4.129377789895802842e-01	0.000000000000000000e+00
2.594032987745708008e-01	4.129377789895802842e-01	0.000000000000000000e+00
2.594032987745708008e-01	4.129377789895802842e-01	0.000000000000000000e+00
2.594032987745708008e-01	4.129377789895802842e-01	0.000000000000000000e+00
2.594032987745708008e-01	4.129377789895802842e-01	0.000000000000000000e+00
4.192791103818022669e-01	3.634511241367414103e-01	0.000000000000000000e+00
4.217396851147874326e-01	3.113220723521157307e-01	0.000000000000000000e+00
4.217396851147874326e-01	3.113220723521157307e-01	0.000000000000000000e+00
4.264324785949405450e-01	2.496661497562573939e-01	0.000000000000000000e+00
4.264324785949405450e-01	2.496661497562573939e-01	0.000000000000000000e+00
4.262553828289832869e-01	1.524736518324736334e-01	0.000000000000000000e+00
4.262553828289832869e-01	1.524736518324736334e-01	0.000000000000000000e+00
4.262553828289832869e-01	1.524736518324736334e-01	0.000000000000000000e+00
4.290461820010382787e-01	1.181617452206186192e-01	0.000000000000000000e+00
4.310912704926258554e-01	9.314073736946094917e-02	0.000000000000000000e+00
4.329231164688679967e-01	8.334793297654941036e-02	0.000000000000000000e+00
4.390092356938503082e-01	5.383939184757900731e-02	0.000000000000000000e+00
4.396399635172323905e-01	4.211405005127347861e-02	0.000000000000000000e+00
4.458233906965833881e-01	1.164624520037591329e-02	0.000000000000000000e+00
4.458233906965833881e-01	-3.899528400316802038e-03	0.000000000000000000e+00
4.507551949068236974e-01	-1.081762999218957751e-02	0.000000000000000000e+00
4.520068178759344413e-01	-3.153671929923388545e-02	0.000000000000000000e+00
4.507551949068236974e-01	-2.069013642340414988e-02	0.000000000000000000e+00
4.507551949068236974e-01	-2.069013642340414988e-02	0.000000000000000000e+00
4.507551949068236974e-01	-1.234576604526412685e-02	0.000000000000000000e+00
4.507551949068236974e-01	-1.234576604526412685e-02	0.000000000000000000e+00
4.507551949068236974e-01	-1.234576604526412685e-02	0.000000000000000000e+00
4.507551949068236974e-01	-1.234576604526412685e-02	0.000000000000000000e+00
6.357591762871169783e-01	-1.298701710420602784e-01	0.000000000000000000e+00
6.357591762871169783e-01	-1.298701710420602784e-01	0.000000000000000000e+00
6.357591762871169783e-01	-1.298701710420602784e-01	0.000000000000000000e+00
6.357591762871169783e-01	-1.298701710420602784e-01	0.000000000000000000e+00
6.357591762871169783e-01	-1.298701710420602784e-01	0.000000000000000000e+00
6.357591762871169783e-01	-1.298701710420602784e-01	0.000000000000000000e+00
6.357591762871169783e-01	-1.298701710420602784e-01	0.000000000000000000e+00
6.361177078999737944e-01	-1.751103833690537126e-01	0.000000000000000000e+00
6.361177078999737944e-01	-2.051651486833513949e-01	0.000000000000000000e+00
6.361177078999737944e-01	-2.051651486833513949e-01	0.000000000000000000e+00
6.367820685580236617e-01	-2.024100182912471624e-01	0.000000000000000000e+00
6.361177078999737944e-01	-2.051651486833513949e-01	0.000000000000000000e+00
6.375593764094631410e-01	-2.102758030581597659e-01	0.000000000000000000e+00
6.379441524247944084e-01	-2.200022720762851991e-01	0.000000000000000000e+00
6.379441524247944084e-01	-2.200022720762851991e-01	0.000000000000000000e+00
6.379441524247944084e-01	-2.200022720762851991e-01	0.000000000000000000e+00
6.379441524247944084e-01	-2.200022720762851991e-01	0.000000000000000000e+00
6.379441524247944084e-01	-2.200022720762851991e-01	0.000000000000000000e+00
8.253943078604334405e-01	-2.506388019093825359e-01	0.000000000000000000e+00
8.253943078604334405e-01	-2.506388019093825359e-01	0.000000000000000000e+00
8.253943078604334405e-01	-2.506388019093825359e-01	0.000000000000000000e+00
8.253943078604334405e-01	-3.092857366680594744e-01	0.000000000000000000e+00
8.253943078604334405e-01	-3.092857366680594744e-01	0.000000000000000000e+00
8.253943078604334405e-01	-3.092857366680594744e-01	0.000000000000000000e+00
8.253943078604334405e-01	-3.092857366680594744e-01	0.000000000000000000e+00
8.278705930722314310e-01	-3.401977633683053726e-01	0.000000000000000000e+00
8.278705930722314310e-01	-3.401977633683053726e-01	0.000000000000000000e+00
8.279158138789117771e-01	-3.577781540077594746e-01	0.000000000000000000e+00
8.279158138789117771e-01	-3.577781540077594746e-01	0.000000000000000000e+00
8.414572422165039756e-01	-5.408044640265746716e-01	0.000000000000000000e+00
8.414572422165039756e-01	-5.408044640265746716e-01	0.000000000000000000e+00
8.311154626070209606e-01	-4.070253329059676517e-01	0.000000000000000000e+00
8.414572422165039756e-01	-5.408044640265746716e-01	0.000000000000000000e+00
8.351829650448507891e-01	-4.424845275909093933e-01	0.000000000000000000e+00
8.351829650448507891e-01	-4.424845275909093933e-01	0.000000000000000000e+00
8.414572422165039756e-01	-5.408044640265746716e-01	0.000000000000000000e+00
8.414572422165039756e-01	-5.408044640265746716e-01	0.000000000000000000e+00
8.357380471782306364e-01	-4.556573937016543674e-01	0.000000000000000000e+00
8.379224005565651945e-01	-4.882785795259855233e-01	0.000000000000000000e+00
8.379224005565651945e-01	-4.882785795259855233e-01	0.000000000000000000e+00
8.425004290392509310e-01	-4.925144333099684135e-01	0.000000000000000000e+00
8.425004290392509310e-01	-4.925144333099684135e-01	0.000000000000000000e+00
8.455866662303017645e-01	-5.062208441783332402e-01	0.000000000000000000e+00
8.455866662303017645e-01	-5.062208441783332402e-01	0.000000000000000000e+00
8.455866662303017645e-01	-5.062208441783332402e-01	0.000000000000000000e+00
8.455866662303017645e-01	-5.062208441783332402e-01	0.000000000000000000e+00
