0.000000000000000000e+00	1.820088971715645432e+00	0.000000000000000000e+00
4.573300866100095050e-03	1.478001977753478080e+00	0.000000000000000000e+00
1.957819442540702573e-02	1.299888002162323586e+00	0.000000000000000000e+00
4.517054299108710924e-02	1.236492508207726493e+00	0.000000000000000000e+00
5.767212989983975385e-02	1.140805742698215441e+00	0.000000000000000000e+00
7.318375994541818919e-02	1.119738943769348127e+00	0.000000000000000000e+00
7.822304737780075290e-02	1.072268150532817099e+00	0.000000000000000000e+00
9.357681919973383222e-02	1.067450165819100683e+00	0.000000000000000000e+00
9.357681919973383222e-02	1.067450165819100683e+00	0.000000000000000000e+00
9.357681919973383222e-02	1.067450165819100683e+00	0.000000000000000000e+00
9.357681919973383222e-02	1.067450165819100683e+00	0.000000000000000000e+00
7.822304737780075290e-02	1.072268150532817099e+00	0.000000000000000000e+00
7.822304737780075290e-02	1.101659298056130609e+00	0.000000000000000000e+00
2.035079265021463302e-01	1.012578918620505863e+00	0.000000000000000000e+00
2.035079265021463302e-01	9.408463037106417071e-01	0.000000000000000000e+00
2.243157587606017522e-01	8.963210253557583052e-01	0.000000000000000000e+00
2.272654131468465344e-01	8.160884013395319769e-01	0.000000000000000000e+00
2.369711866887146134e-01	7.003806410950451644e-01	0.000000000000000000e+00
2.369711866887146134e-01	7.003806410950451644e-01	0.000000000000000000e+00
2.408546409972366631e-01	6.775934001739106760e-01	0.000000000000000000e+00
2.447335198011220125e-01	6.336852679794617860e-01	0.000000000000000000e+00
2.486215496142807624e-01	5.605406622722282073e-01	0.000000000000000000e+00
2.486215496142807624e-01	5.605406622722282073e-01	0.000000000000000000e+00
2.486215496142807624e-01	5.605406622722282073e-01	0.000000000000000000e+00
2.486215496142807624e-01	5.605406622722282073e-01	0.000000000000000000e+00
2.486215496142807624e-01	5.605406622722282073e-01	0.000000000000000000e+00
2.497323320784109180e-01	5.630641955824062794e-01	0.000000000000000000e+00
2.497323320784109180e-01	5.630641955824062794e-01	0.000000000000000000e+00
2.497323320784109180e-01	5.630641955824062794e-01	0.000000000000000000e+00
2.497323320784109180e-01	5.630641955824062794e-01	0.000000000000000000e+00
2.497323320784109180e-01	5.630641955824062794e-01	0.000000000000000000e+00
2.497323320784109180e-01	5.630641955824062794e-01	0.000000000000000000e+00
4.224094210350253786e-01	5.043363873390778185e-01	0.000000000000000000e+00
4.224094210350253786e-01	5.043363873390778185e-01	0.000000000000000000e+00
4.233158895260970001e-01	4.704749010529853392e-01	0.000000000000000000e+00
4.269585297527653256e-01	4.030830672360902756e-01	0.000000000000000000e+00
4.269585297527653256e-01	4.030830672360902756e-01	0.000000000000000000e+00
4.269585297527653256e-01	4.030830672360902756e-01	0.000000000000000000e+00
4.466235995854729857e-01	3.661260164059285671e-01	0.000000000000000000e+00
4.502373592867930374e-01	3.625327410596311806e-01	0.000000000000000000e+00
4.502373592867930374e-01	3.345592751411208821e-01	0.000000000000000000e+00
4.506260692189784089e-01	2.880782650856585358e-01	0.000000000000000000e+00
4.510147791511637250e-01	2.377950577833800039e-01	0.000000000000000000e+00
4.510147791511637250e-01	2.377950577833800039e-01	0.000000000000000000e+00
4.510147791511637250e-01	2.377950577833800039e-01	0.000000000000000000e+00
4.510147791511637250e-01	2.377950577833800039e-01	0.000000000000000000e+00
4.510147791511637250e-01	2.377950577833800039e-01	0.000000000000000000e+00
4.510147791511637250e-01	2.377950577833800039e-01	0.000000000000000000e+00
4.510147791511637250e-01	2.377950577833800039e-01	0.000000000000000000e+00
4.510147791511637250e-01	2.539873465471855218e-01	0.000000000000000000e+00
4.449167132150341208e-01	2.806570260131197037e-01	0.000000000000000000e+00
6.238272468857862796e-01	1.704239132854140359e-01	0.000000000000000000e+00
6.238272468857862796e-01	1.704239132854140359e-01	0.000000000000000000e+00
6.238272468857862796e-01	1.704239132854140359e-01	0.000000000000000000e+00
6.238272468857862796e-01	1.704239132854140359e-01	0.000000000000000000e+00
6.238272468857862796e-01	1.704239132854140359e-01	0.000000000000000000e+00
6.282332978903861775e-01	1.381055749179914693e-01	0.000000000000000000e+00
6.296590266205253084e-01	1.182210611845172371e-01	0.000000000000000000e+00
6.297349567686384431e-01	1.107267305039680433e-01	0.000000000000000000e+00
6.325991687605950764e-01	4.037603457051553574e-02	0.000000000000000000e+00
6.356087829837431258e-01	7.811818122828742550e-02	0.000000000000000000e+00
6.356087829837431258e-01	1.402051312617515720e-02	0.000000000000000000e+00
6.356087829837431258e-01	1.402051312617515720e-02	0.000000000000000000e+00
6.356087829837431258e-01	1.402051312617515720e-02	0.000000000000000000e+00
6.356087829837431258e-01	1.402051312617515720e-02	0.000000000000000000e+00
6.374651184523981717e-01	-1.076305225867243455e-02	0.000000000000000000e+00
6.374651184523981717e-01	-1.076305225867243455e-02	0.000000000000000000e+00
6.374651184523981717e-01	-1.076305225867243455e-02	0.000000000000000000e+00
6.374651184523981717e-01	-1.076305225867243455e-02	0.000000000000000000e+00
6.374651184523981717e-01	-1.076305225867243455e-02	0.000000000000000000e+00
8.354785379049024518e-01	-1.664744229953420696e-01	0.000000000000000000e+00
8.354785379049024518e-01	-1.664744229953420696e-01	0.000000000000000000e+00
8.354785379049024518e-01	-1.664744229953420696e-01	0.000000000000000000e+00
8.354785379049024518e-01	-1.664744229953420696e-01	0.000000000000000000e+00
8.316163256474378151e-01	-1.368926347463038096e-01	0.000000000000000000e+00
8.316163256474378151e-01	-1.368926347463038096e-01	0.000000000000000000e+00
8.316163256474378151e-01	-1.368926347463038096e-01	0.000000000000000000e+00
8.316163256474378151e-01	-1.368926347463038096e-01	0.000000000000000000e+00
8.316163256474378151e-01	-1.368926347463038096e-01	0.000000000000000000e+00
8.316163256474378151e-01	-1.368926347463038096e-01	0.000000000000000000e+00
8.316163256474378151e-01	-1.368926347463038096e-01	0.000000000000000000e+00
8.323887680989306981e-01	-1.567044206789968419e-01	0.000000000000000000e+00
8.335880248081563026e-01	-1.986005803730416241e-01	0.000000000000000000e+00
8.335880248081563026e-01	-1.986005803730416241e-01	0.000000000000000000e+00
8.335880248081563026e-01	-1.986005803730416241e-01	0.000000000000000000e+00
8.335880248081563026e-01	-1.986005803730416241e-01	0.000000000000000000e+00
8.337219994320247407e-01	-2.031955562045609232e-01	0.000000000000000000e+00
8.416965876855355688e-01	-2.853756059836834447e-01	0.000000000000000000e+00
8.416965876855355688e-01	-2.853756059836834447e-01	0.000000000000000000e+00
8.416965876855355688e-01	-2.853756059836834447e-01	0.000000000000000000e+00
8.410890996052226010e-01	-2.500946764513842235e-01	0.000000000000000000e+00
8.416965876855355688e-01	-2.853756059836834447e-01	0.000000000000000000e+00
8.410890996052226010e-01	-2.779775398464283120e-01	0.000000000000000000e+00
8.410890996052226010e-01	-2.779775398464283120e-01	0.000000000000000000e+00
8.417595574955770710e-01	-2.934633680782885445e-01	0.000000000000000000e+00
8.446253184436651740e-01	-3.012222849020989579e-01	0.000000000000000000e+00
8.446253184436651740e-01	-3.090629960467178861e-01	0.000000000000000000e+00
8.474884343128167297e-01	-3.167563593018363211e-01	0.000000000000000000e+00
8.535529491003117641e-01	-3.300097725308188124e-01	0.000000000000000000e+00
8.535529491003117641e-01	-3.300097725308188124e-01	0.000000000000000000e+00
