0.000000000000000000e+00	3.354358492063195474e+00	0.000000000000000000e+00
1.534946660004624097e-02	3.275426996929656553e+00	0.000000000000000000e+00
4.978488302454292525e-02	2.933522356912151352e+00	0.000000000000000000e+00
4.978488302454292525e-02	2.933522356912151352e+00	0.000000000000000000e+00
1.055334136617447072e-01	2.767048351030942488e+00	0.000000000000000000e+00
1.227146121730303963e-01	2.735318453510209302e+00	0.000000000000000000e+00
1.614400128912580057e-01	2.725837411499129281e+00	0.000000000000000000e+00
1.937706433540935247e-01	2.497944044298765043e+00	0.000000000000000000e+00
1.937706433540935247e-01	2.497944044298765043e+00	0.000000000000000000e+00
2.279806479034026390e-01	2.046538257961356244e+00	0.000000000000000000e+00
2.279806479034026390e-01	2.046538257961356244e+00	0.000000000000000000e+00
2.279806479034026390e-01	1.913314580401108245e+00	0.000000000000000000e+00
2.325729238059123793e-01	1.906744291542723957e+00	0.000000000000000000e+00
2.371651997084220920e-01	1.906399526902604613e+00	0.000000000000000000e+00
2.371651997084220920e-01	1.906399526902604613e+00	0.000000000000000000e+00
2.371651997084220920e-01	1.906399526902604613e+00	0.000000000000000000e+00
2.371651997084220920e-01	1.906399526902604613e+00	0.000000000000000000e+00
2.371651997084220920e-01	1.906399526902604613e+00	0.000000000000000000e+00
2.371651997084220920e-01	1.906399526902604613e+00	0.000000000000000000e+00
2.371651997084220920e-01	1.906399526902604613e+00	0.000000000000000000e+00
2.371651997084220920e-01	1.906399526902604613e+00	0.000000000000000000e+00
4.480052430584787193e-01	1.473490232475217709e+00	0.000000000000000000e+00
4.321109592627473406e-01	1.636490225833830081e+00	0.000000000000000000e+00
4.321109592627473406e-01	1.635736516913310457e+00	0.000000000000000000e+00
4.552369383215351117e-01	1.549274418271128884e+00	0.000000000000000000e+00
4.552369383215351117e-01	1.522238352766688507e+00	0.000000000000000000e+00
4.552369383215351117e-01	1.521625605169182105e+00	0.000000000000000000e+00
4.552369383215351117e-01	1.521625605169182105e+00	0.000000000000000000e+00
4.552369383215351117e-01	1.521625605169182105e+00	0.000000000000000000e+00
4.552369383215351117e-01	1.522123336095017931e+00	0.000000000000000000e+00
4.552369383215351117e-01	1.522123336095017931e+00	0.000000000000000000e+00
4.552369383215351117e-01	1.522238352766688507e+00	0.000000000000000000e+00
6.221503857384397262e-01	1.496121385679611393e+00	0.000000000000000000e+00
6.221503857384397262e-01	1.496121385679611393e+00	0.000000000000000000e+00
6.221503857384397262e-01	1.496121385679611393e+00	0.000000000000000000e+00
6.221503857384397262e-01	1.496121385679611393e+00	0.000000000000000000e+00
6.341436785382409402e-01	1.266307535723309119e+00	0.000000000000000000e+00
6.341436785382409402e-01	1.266307535723309119e+00	0.000000000000000000e+00
6.341436785382409402e-01	1.266307535723309119e+00	0.000000000000000000e+00
6.341436785382409402e-01	1.261572852818533264e+00	0.000000000000000000e+00
6.341436785382409402e-01	1.261572852818533264e+00	0.000000000000000000e+00
6.344260241314607640e-01	9.106695189240592292e-01	0.000000000000000000e+00
6.344260241314607640e-01	9.106695189240592292e-01	0.000000000000000000e+00
6.344260241314607640e-01	9.106695189240592292e-01	0.000000000000000000e+00
6.343429989905688959e-01	9.561776810647326652e-01	0.000000000000000000e+00
6.344260241314607640e-01	9.106695189240592292e-01	0.000000000000000000e+00
6.344260241314607640e-01	9.106695189240592292e-01	0.000000000000000000e+00
6.352949659790396719e-01	8.630571398369286662e-01	0.000000000000000000e+00
6.352949659790396719e-01	8.630571398369286662e-01	0.000000000000000000e+00
6.352949659790396719e-01	8.630571398369286662e-01	0.000000000000000000e+00
6.352949659790396719e-01	8.630571398369286662e-01	0.000000000000000000e+00
6.352949659790396719e-01	8.630571398369286662e-01	0.000000000000000000e+00
6.374964291671455507e-01	7.487655368755878893e-01	0.000000000000000000e+00
6.374964291671455507e-01	7.487655368755878893e-01	0.000000000000000000e+00
6.425594109570467172e-01	7.257943544921738876e-01	0.000000000000000000e+00
6.408717503604129950e-01	7.241018501321796474e-01	0.000000000000000000e+00
6.408717503604129950e-01	7.241018501321796474e-01	0.000000000000000000e+00
6.408717503604129950e-01	7.241018501321796474e-01	0.000000000000000000e+00
6.408717503604129950e-01	7.241018501321796474e-01	0.000000000000000000e+00
6.408717503604129950e-01	7.241018501321796474e-01	0.000000000000000000e+00
6.408717503604129950e-01	7.241018501321796474e-01	0.000000000000000000e+00
6.425472774077436444e-01	6.875905452261460438e-01	0.000000000000000000e+00
6.425472774077436444e-01	6.875905452261460438e-01	0.000000000000000000e+00
6.425472774077436444e-01	6.875905452261460438e-01	0.000000000000000000e+00
6.425472774077436444e-01	6.875905452261460438e-01	0.000000000000000000e+00
6.425472774077436444e-01	6.875905452261460438e-01	0.000000000000000000e+00
6.425472774077436444e-01	6.875905452261460438e-01	0.000000000000000000e+00
6.425472774077436444e-01	6.875905452261460438e-01	0.000000000000000000e+00
6.425472774077436444e-01	6.875905452261460438e-01	0.000000000000000000e+00
6.419887683919667243e-01	7.038147222160218153e-01	0.000000000000000000e+00
6.442494880226850018e-01	7.051076491232735055e-01	0.000000000000000000e+00
8.348033937768624124e-01	4.151672124424823918e-01	0.000000000000000000e+00
8.348033937768624124e-01	4.151672124424823918e-01	0.000000000000000000e+00
8.348033937768624124e-01	4.151672124424823918e-01	0.000000000000000000e+00
8.348033937768624124e-01	4.151672124424823918e-01	0.000000000000000000e+00
8.348033937768624124e-01	4.151672124424823918e-01	0.000000000000000000e+00
8.348033937768624124e-01	4.151672124424823918e-01	0.000000000000000000e+00
8.348033937768624124e-01	1.687816705760580571e-01	0.000000000000000000e+00
8.348033937768624124e-01	2.403434329324100893e-01	0.000000000000000000e+00
8.348033937768624124e-01	2.403434329324100893e-01	0.000000000000000000e+00
8.348033937768624124e-01	2.403434329324100893e-01	0.000000000000000000e+00
8.348033937768624124e-01	2.403434329324100893e-01	0.000000000000000000e+00
8.348033937768624124e-01	2.403434329324100893e-01	0.000000000000000000e+00
8.348033937768624124e-01	2.403434329324100893e-01	0.000000000000000000e+00
8.348033937768624124e-01	2.403434329324100893e-01	0.000000000000000000e+00
8.348033937768624124e-01	2.403434329324100893e-01	0.000000000000000000e+00
8.348033937768624124e-01	2.638106796236853735e-01	0.000000000000000000e+00
8.348033937768624124e-01	2.638106796236853735e-01	0.000000000000000000e+00
8.348033937768624124e-01	2.638106796236853735e-01	0.000000000000000000e+00
8.348033937768624124e-01	2.638106796236853735e-01	0.000000000000000000e+00
8.348033937768624124e-01	2.638106796236853735e-01	0.000000000000000000e+00
8.348033937768624124e-01	2.638106796236853735e-01	0.000000000000000000e+00
8.348033937768624124e-01	2.638106796236853735e-01	0.000000000000000000e+00
8.348033937768624124e-01	2.638106796236853735e-01	0.000000000000000000e+00
8.338795709524461364e-01	2.918149054983088519e-01	0.000000000000000000e+00
8.338795709524461364e-01	2.918149054983088519e-01	0.000000000000000000e+00
8.385801503817070790e-01	3.679373729575488028e-01	0.000000000000000000e+00
8.385801503817070790e-01	3.679373729575488028e-01	0.000000000000000000e+00
8.376481657004907211e-01	3.850780370732611035e-01	0.000000000000000000e+00
8.376481657004907211e-01	3.850780370732611035e-01	0.000000000000000000e+00
