0.000000000000000000e+00	2.408048072384423754e+00	0.000000000000000000e+00
0.000000000000000000e+00	2.408048072384423754e+00	0.000000000000000000e+00
0.000000000000000000e+00	2.408048072384423754e+00	0.000000000000000000e+00
7.520805758190729495e-02	2.259137260787897006e+00	0.000000000000000000e+00
9.330625612212974096e-02	2.022028407367306269e+00	0.000000000000000000e+00
9.330625612212974096e-02	2.022028407367306269e+00	0.000000000000000000e+00
9.330625612212974096e-02	2.022028407367306269e+00	0.000000000000000000e+00
9.330625612212974096e-02	2.022028407367306269e+00	0.000000000000000000e+00
1.821727516333778440e-01	1.914580761619564919e+00	0.000000000000000000e+00
1.821727516333778440e-01	1.914580761619564919e+00	0.000000000000000000e+00
2.072232806560365403e-01	1.638234655966179787e+00	0.000000000000000000e+00
2.136742563469611611e-01	1.593080466419011465e+00	0.000000000000000000e+00
2.232976454912432851e-01	1.489455379281830139e+00	0.000000000000000000e+00
2.232976454912432851e-01	1.395842393434378215e+00	0.000000000000000000e+00
2.298333233097508976e-01	1.315618828249345951e+00	0.000000000000000000e+00
2.410900785164833415e-01	1.282863396154863889e+00	0.000000000000000000e+00
2.457616700229356410e-01	1.241763797880544695e+00	0.000000000000000000e+00
2.457616700229356410e-01	1.235459809703253864e+00	0.000000000000000000e+00
2.457616700229356410e-01	1.235459809703253864e+00	0.000000000000000000e+00
2.457616700229356410e-01	1.235459809703253864e+00	0.000000000000000000e+00
2.457616700229356410e-01	1.235459809703253864e+00	0.000000000000000000e+00
2.457616700229356410e-01	1.235459809703253864e+00	0.000000000000000000e+00
2.457616700229356410e-01	1.235459809703253864e+00	0.000000000000000000e+00
2.457616700229356410e-01	1.235459809703253864e+00	0.000000000000000000e+00
4.190000024730309303e-01	9.977082071070364488e-01	0.000000000000000000e+00
4.190000024730309303e-01	9.977082071070364488e-01	0.000000000000000000e+00
4.190000024730309303e-01	9.977082071070364488e-01	0.000000000000000000e+00
4.190000024730309303e-01	9.977082071070364488e-01	0.000000000000000000e+00
4.294472996912037099e-01	9.106715834752062699e-01	0.000000000000000000e+00
4.294472996912037099e-01	9.106715834752062699e-01	0.000000000000000000e+00
4.294472996912037099e-01	9.106715834752062699e-01	0.000000000000000000e+00
4.460762800010934503e-01	8.707678512456881181e-01	0.000000000000000000e+00
4.460762800010934503e-01	8.099019487483966051e-01	0.000000000000000000e+00
4.468394974523579033e-01	7.966579485535383309e-01	0.000000000000000000e+00
4.476512537381711065e-01	7.378210993672558171e-01	0.000000000000000000e+00
4.508410209537185853e-01	7.200983190861542926e-01	0.000000000000000000e+00
4.511648891525096849e-01	6.387834689968014956e-01	0.000000000000000000e+00
4.511648891525096849e-01	6.387834689968014956e-01	0.000000000000000000e+00
4.524572258082086296e-01	6.790428880472411111e-01	0.000000000000000000e+00
4.524572258082086296e-01	6.790428880472411111e-01	0.000000000000000000e+00
4.524572258082086296e-01	6.790428880472411111e-01	0.000000000000000000e+00
4.524572258082086296e-01	6.790428880472411111e-01	0.000000000000000000e+00
4.516491233809636352e-01	6.962798262681819672e-01	0.000000000000000000e+00
6.266491645634583163e-01	5.754686292804600534e-01	0.000000000000000000e+00
6.266491645634583163e-01	5.754686292804600534e-01	0.000000000000000000e+00
6.266491645634583163e-01	5.754686292804600534e-01	0.000000000000000000e+00
6.266491645634583163e-01	5.754686292804600534e-01	0.000000000000000000e+00
6.266491645634583163e-01	5.754686292804600534e-01	0.000000000000000000e+00
6.278804282160268535e-01	5.612624957473416609e-01	0.000000000000000000e+00
6.365428123660693549e-01	3.849902037276930478e-01	0.000000000000000000e+00
6.365428123660693549e-01	3.849902037276930478e-01	0.000000000000000000e+00
6.365428123660693549e-01	3.849902037276930478e-01	0.000000000000000000e+00
6.362287470308565229e-01	3.810839516213241907e-01	0.000000000000000000e+00
6.362287470308565229e-01	3.810839516213241907e-01	0.000000000000000000e+00
6.362287470308565229e-01	3.810839516213241907e-01	0.000000000000000000e+00
6.362287470308565229e-01	3.810839516213241907e-01	0.000000000000000000e+00
6.362287470308565229e-01	3.810839516213241907e-01	0.000000000000000000e+00
6.366869587464698554e-01	3.729755405674655688e-01	0.000000000000000000e+00
6.369752515072708565e-01	3.571469747182158816e-01	0.000000000000000000e+00
6.369878362194710819e-01	2.970342174559148507e-01	0.000000000000000000e+00
6.369878362194710819e-01	2.970342174559148507e-01	0.000000000000000000e+00
6.369878362194710819e-01	2.970342174559148507e-01	0.000000000000000000e+00
6.369973505313263340e-01	2.546240074577875712e-01	0.000000000000000000e+00
6.369973505313263340e-01	2.546240074577875712e-01	0.000000000000000000e+00
6.369973505313263340e-01	2.546240074577875712e-01	0.000000000000000000e+00
6.369973505313263340e-01	2.359491132528296897e-01	0.000000000000000000e+00
6.369973505313263340e-01	2.359491132528296897e-01	0.000000000000000000e+00
6.369973505313263340e-01	2.359491132528296897e-01	0.000000000000000000e+00
6.369973505313263340e-01	2.359491132528296897e-01	0.000000000000000000e+00
6.369973505313263340e-01	2.359491132528296897e-01	0.000000000000000000e+00
6.369973505313263340e-01	2.359491132528296897e-01	0.000000000000000000e+00
8.195457541536959045e-01	2.302664823201351074e-01	0.000000000000000000e+00
8.309920196046629570e-01	7.469429356759216265e-02	0.000000000000000000e+00
8.309920196046629570e-01	7.469429356759216265e-02	0.000000000000000000e+00
8.308139906497937766e-01	5.845415383199887432e-02	0.000000000000000000e+00
8.308139906497937766e-01	5.845415383199887432e-02	0.000000000000000000e+00
8.308139906497937766e-01	5.845415383199887432e-02	0.000000000000000000e+00
8.308139906497937766e-01	5.845415383199887432e-02	0.000000000000000000e+00
8.308139906497937766e-01	5.845415383199887432e-02	0.000000000000000000e+00
8.308139906497937766e-01	5.845415383199887432e-02	0.000000000000000000e+00
8.308139906497937766e-01	5.845415383199887432e-02	0.000000000000000000e+00
8.308139906497937766e-01	5.845415383199887432e-02	0.000000000000000000e+00
8.308139906497937766e-01	5.888239311760929545e-02	0.000000000000000000e+00
8.308139906497937766e-01	5.888239311760929545e-02	0.000000000000000000e+00
8.309796549811602207e-01	4.002539821022289140e-02	0.000000000000000000e+00
8.309796549811602207e-01	4.002539821022289140e-02	0.000000000000000000e+00
8.312837694004989730e-01	2.499477215274993960e-02	0.000000000000000000e+00
8.313078745098875233e-01	1.918111295960389998e-02	0.000000000000000000e+00
8.314599317195568995e-01	7.405355537019731385e-03	0.000000000000000000e+00
8.315681399716916555e-01	-1.105280627394022086e-03	0.000000000000000000e+00
8.321455337130629903e-01	-4.319713843895345295e-02	0.000000000000000000e+00
8.321455337130629903e-01	-4.319713843895345295e-02	0.000000000000000000e+00
8.321455337130629903e-01	-4.319713843895345295e-02	0.000000000000000000e+00
8.321455337130629903e-01	-4.319713843895345295e-02	0.000000000000000000e+00
8.322585387335609264e-01	-4.963655131136654464e-02	0.000000000000000000e+00
8.326566574777540808e-01	-6.560464737915594480e-02	0.000000000000000000e+00
8.326566574777540808e-01	-8.734764260915055256e-02	0.000000000000000000e+00
8.326566574777540808e-01	-8.734764260915055256e-02	0.000000000000000000e+00
8.326566574777540808e-01	-8.734764260915055256e-02	0.000000000000000000e+00
8.326566574777540808e-01	-9.299494620046723503e-02	0.000000000000000000e+00
