0.000000000000000000e+00	1.982016270200465335e+00	0.000000000000000000e+00
1.549459327814814436e-02	1.219067806743060922e+00	0.000000000000000000e+00
2.247988645631129184e-02	1.190944833102699940e+00	0.000000000000000000e+00
4.828038291862698367e-02	1.103085871892404590e+00	0.000000000000000000e+00
6.359140189234589735e-02	9.997130461751786434e-01	0.000000000000000000e+00
6.728929115827191054e-02	9.924471457194391499e-01	0.000000000000000000e+00
8.112517314003783730e-02	9.898755442639854962e-01	0.000000000000000000e+00
8.112517314003783730e-02	9.898755442639854962e-01	0.000000000000000000e+00
8.112517314003783730e-02	9.898755442639854962e-01	0.000000000000000000e+00
8.112517314003783730e-02	9.898755442639854962e-01	0.000000000000000000e+00
8.562849886516132880e-02	9.910088980847613360e-01	0.000000000000000000e+00
1.868159986834949104e-01	8.321609163711247703e-01	0.000000000000000000e+00
1.868159986834949104e-01	8.321609163711247703e-01	0.000000000000000000e+00
2.007638370678468120e-01	7.840614831875312163e-01	0.000000000000000000e+00
2.127254247854570290e-01	7.268688521036816841e-01	0.000000000000000000e+00
2.164072220141654013e-01	6.780732052972411328e-01	0.000000000000000000e+00
2.181577200976436703e-01	6.094490535073010529e-01	0.000000000000000000e+00
2.294823159350616593e-01	5.649118417257957825e-01	0.000000000000000000e+00
2.294823159350616593e-01	5.502347628155742632e-01	0.000000000000000000e+00
2.430752668019752760e-01	4.443970514905880020e-01	0.000000000000000000e+00
2.430752668019752760e-01	4.443970514905880020e-01	0.000000000000000000e+00
2.530513097906956221e-01	4.239345277932718425e-01	0.000000000000000000e+00
2.657552877584460349e-01	4.178542149986346210e-01	0.000000000000000000e+00
2.657552877584460349e-01	4.178542149986346210e-01	0.000000000000000000e+00
2.530513097906956221e-01	4.239345277932718425e-01	0.000000000000000000e+00
2.530513097906956221e-01	4.239345277932718425e-01	0.000000000000000000e+00
2.530513097906956221e-01	4.239345277932718425e-01	0.000000000000000000e+00
2.530513097906956221e-01	4.239345277932718425e-01	0.000000000000000000e+00
2.530513097906956221e-01	4.239345277932718425e-01	0.000000000000000000e+00
2.530513097906956221e-01	4.353154997752048394e-01	0.000000000000000000e+00
2.530513097906956221e-01	4.353154997752048394e-01	0.000000000000000000e+00
4.192791103818022669e-01	3.634511241367414103e-01	0.000000000000000000e+00
4.217396851147874326e-01	3.279158536751023978e-01	0.000000000000000000e+00
4.217396851147874326e-01	3.234753123908299943e-01	0.000000000000000000e+00
4.264324785949405450e-01	2.780643729884207938e-01	0.000000000000000000e+00
4.264324785949405450e-01	2.456506685265796852e-01	0.000000000000000000e+00
4.262553828289832869e-01	1.524736518324736334e-01	0.000000000000000000e+00
4.262553828289832869e-01	1.524736518324736334e-01	0.000000000000000000e+00
4.262553828289832869e-01	1.524736518324736334e-01	0.000000000000000000e+00
4.290461820010382787e-01	1.188562693325023317e-01	0.000000000000000000e+00
4.310912704926258554e-01	9.314073736946094917e-02	0.000000000000000000e+00
4.339456607146617850e-01	7.840434968469539578e-02	0.000000000000000000e+00
4.396399635172323905e-01	4.211405005127347861e-02	0.000000000000000000e+00
4.396399635172323905e-01	4.211405005127347861e-02	0.000000000000000000e+00
4.458233906965833881e-01	1.869589099372591726e-02	0.000000000000000000e+00
4.458233906965833881e-01	-3.899528400316802038e-03	0.000000000000000000e+00
4.520068178759344413e-01	-3.153671929923388545e-02	0.000000000000000000e+00
4.520068178759344413e-01	-3.153671929923388545e-02	0.000000000000000000e+00
4.458233906965833881e-01	1.869589099372591726e-02	0.000000000000000000e+00
4.556869991170640621e-01	1.877838858332454147e-02	0.000000000000000000e+00
4.535005907600149766e-01	2.040642790528716596e-02	0.000000000000000000e+00
4.564005966725730445e-01	3.040021740548596099e-02	0.000000000000000000e+00
4.564005966725730445e-01	1.505150596345601957e-02	0.000000000000000000e+00
4.564005966725730445e-01	1.505150596345601957e-02	0.000000000000000000e+00
6.361177078999737944e-01	-2.107586150498116651e-01	0.000000000000000000e+00
6.361177078999737944e-01	-4.472995082178209819e-02	0.000000000000000000e+00
6.361177078999737944e-01	-4.472995082178209819e-02	0.000000000000000000e+00
6.361177078999737944e-01	-2.107586150498116651e-01	0.000000000000000000e+00
6.361177078999737944e-01	-2.107586150498116651e-01	0.000000000000000000e+00
6.361177078999737944e-01	-2.107586150498116651e-01	0.000000000000000000e+00
6.361177078999737944e-01	-2.107586150498116651e-01	0.000000000000000000e+00
6.361177078999737944e-01	-1.967540099178301527e-01	0.000000000000000000e+00
6.361177078999737944e-01	-1.930024893110931505e-01	0.000000000000000000e+00
6.361177078999737944e-01	-1.930024893110931505e-01	0.000000000000000000e+00
6.361177078999737944e-01	-1.930024893110931505e-01	0.000000000000000000e+00
6.361177078999737944e-01	-1.967540099178301527e-01	0.000000000000000000e+00
6.379441524247944084e-01	-2.161539141409536957e-01	0.000000000000000000e+00
6.379441524247944084e-01	-2.161539141409536957e-01	0.000000000000000000e+00
6.379441524247944084e-01	-2.161539141409536957e-01	0.000000000000000000e+00
6.379441524247944084e-01	-2.161539141409536957e-01	0.000000000000000000e+00
6.420859623879968670e-01	-2.123347016541939636e-01	0.000000000000000000e+00
6.420859623879968670e-01	-2.123347016541939636e-01	0.000000000000000000e+00
8.322408327900860936e-01	-3.607021072387070482e-01	0.000000000000000000e+00
8.322408327900860936e-01	-3.607021072387070482e-01	0.000000000000000000e+00
8.322408327900860936e-01	-3.607021072387070482e-01	0.000000000000000000e+00
8.322408327900860936e-01	-3.607021072387070482e-01	0.000000000000000000e+00
8.322408327900860936e-01	-3.607021072387070482e-01	0.000000000000000000e+00
8.322408327900860936e-01	-3.271837947610377606e-01	0.000000000000000000e+00
8.311154626070209606e-01	-4.233232771688089091e-01	0.000000000000000000e+00
8.311154626070209606e-01	-4.070253329059676517e-01	0.000000000000000000e+00
8.311154626070209606e-01	-4.070253329059676517e-01	0.000000000000000000e+00
8.311154626070209606e-01	-4.070253329059676517e-01	0.000000000000000000e+00
8.311154626070209606e-01	-4.070253329059676517e-01	0.000000000000000000e+00
8.311154626070209606e-01	-4.070253329059676517e-01	0.000000000000000000e+00
8.311154626070209606e-01	-4.070253329059676517e-01	0.000000000000000000e+00
8.311154626070209606e-01	-4.070253329059676517e-01	0.000000000000000000e+00
8.311154626070209606e-01	-4.070253329059676517e-01	0.000000000000000000e+00
8.357380471782306364e-01	-4.312175531664854122e-01	0.000000000000000000e+00
8.357380471782306364e-01	-4.312175531664854122e-01	0.000000000000000000e+00
8.365825949886785962e-01	-4.421386620626528985e-01	0.000000000000000000e+00
8.394141918482000975e-01	-4.517594451807078748e-01	0.000000000000000000e+00
8.425004290392509310e-01	-4.925144333099684135e-01	0.000000000000000000e+00
8.425004290392509310e-01	-4.925144333099684135e-01	0.000000000000000000e+00
8.425004290392509310e-01	-4.925144333099684135e-01	0.000000000000000000e+00
8.425004290392509310e-01	-4.925144333099684135e-01	0.000000000000000000e+00
8.425004290392509310e-01	-4.925144333099684135e-01	0.000000000000000000e+00
8.455866662303017645e-01	-5.062208441783332402e-01	0.000000000000000000e+00
8.455866662303017645e-01	-5.062208441783332402e-01	0.000000000000000000e+00
8.455866662303017645e-01	-5.062208441783332402e-01	0.000000000000000000e+00
8.455866662303017645e-01	-5.062208441783332402e-01	0.000000000000000000e+00
