0.000000000000000000e+00	2.539230318634760675e+00	0.000000000000000000e+00
1.929125707148289515e-02	1.723518692055408419e+00	0.000000000000000000e+00
3.524016192955817250e-02	1.669098377900515739e+00	0.000000000000000000e+00
3.524016192955817250e-02	1.669098377900515739e+00	0.000000000000000000e+00
5.940969052805761264e-02	1.540966776054725429e+00	0.000000000000000000e+00
5.940969052805761264e-02	1.540966776054725429e+00	0.000000000000000000e+00
5.940969052805761264e-02	1.540966776054725429e+00	0.000000000000000000e+00
5.940969052805761264e-02	1.540966776054725429e+00	0.000000000000000000e+00
5.940969052805761264e-02	1.564968379001500542e+00	0.000000000000000000e+00
5.940969052805761264e-02	1.587599579191678822e+00	0.000000000000000000e+00
5.940969052805761264e-02	1.587599579191678822e+00	0.000000000000000000e+00
1.973684705566029485e-01	1.424245307877565425e+00	0.000000000000000000e+00
2.003256006973739844e-01	1.371106055615853858e+00	0.000000000000000000e+00
2.136742563469611611e-01	1.322910344778952973e+00	0.000000000000000000e+00
2.195885166285032608e-01	1.186630700279245554e+00	0.000000000000000000e+00
2.232976454912432851e-01	1.155323609196004853e+00	0.000000000000000000e+00
2.313761040353793097e-01	1.152251032350471771e+00	0.000000000000000000e+00
2.456145906957739045e-01	1.063885922893845981e+00	0.000000000000000000e+00
2.456145906957739045e-01	1.063885922893845981e+00	0.000000000000000000e+00
2.583344439592758501e-01	8.942614343442171210e-01	0.000000000000000000e+00
2.583344439592758501e-01	8.942614343442171210e-01	0.000000000000000000e+00
2.583344439592758501e-01	7.465860334834086842e-01	0.000000000000000000e+00
2.583344439592758501e-01	7.537265601328130282e-01	0.000000000000000000e+00
2.583344439592758501e-01	7.537265601328130282e-01	0.000000000000000000e+00
2.583344439592758501e-01	7.465860334834086842e-01	0.000000000000000000e+00
2.583344439592758501e-01	7.465860334834086842e-01	0.000000000000000000e+00
2.583344439592758501e-01	7.465860334834086842e-01	0.000000000000000000e+00
2.583344439592758501e-01	7.465860334834086842e-01	0.000000000000000000e+00
2.583344439592758501e-01	7.465860334834086842e-01	0.000000000000000000e+00
2.583344439592758501e-01	7.465860334834086842e-01	0.000000000000000000e+00
2.583344439592758501e-01	7.465860334834086842e-01	0.000000000000000000e+00
2.583344439592758501e-01	7.465860334834086842e-01	0.000000000000000000e+00
4.294472996912036544e-01	7.360205246293298753e-01	0.000000000000000000e+00
4.294472996912036544e-01	7.360205246293298753e-01	0.000000000000000000e+00
4.294472996912036544e-01	6.853588289784735554e-01	0.000000000000000000e+00
4.294472996912036544e-01	6.853588289784735554e-01	0.000000000000000000e+00
4.376562349377454142e-01	6.463766422950879553e-01	0.000000000000000000e+00
4.376562349377454142e-01	6.463766422950879553e-01	0.000000000000000000e+00
4.458651701842871740e-01	5.930901158361294723e-01	0.000000000000000000e+00
4.458651701842871740e-01	5.694864827678807195e-01	0.000000000000000000e+00
4.503081163783596574e-01	5.506165801738278631e-01	0.000000000000000000e+00
4.503081163783596574e-01	5.436852052536095270e-01	0.000000000000000000e+00
4.503081163783596574e-01	5.490975971413994960e-01	0.000000000000000000e+00
4.503081163783596574e-01	5.490975971413994960e-01	0.000000000000000000e+00
4.503081163783596574e-01	5.490975971413994960e-01	0.000000000000000000e+00
4.503081163783596574e-01	5.490975971413994960e-01	0.000000000000000000e+00
4.517007762299647400e-01	5.771264008117075184e-01	0.000000000000000000e+00
4.517007762299647400e-01	5.771264008117075184e-01	0.000000000000000000e+00
6.278804282160268535e-01	5.612624957473416609e-01	0.000000000000000000e+00
6.325691639363479890e-01	5.264388129765191771e-01	0.000000000000000000e+00
6.325691639363479890e-01	4.266397964505685425e-01	0.000000000000000000e+00
6.325691639363479890e-01	4.266397964505685425e-01	0.000000000000000000e+00
6.325691639363479890e-01	4.266397964505685425e-01	0.000000000000000000e+00
6.325691639363479890e-01	4.266397964505685425e-01	0.000000000000000000e+00
6.320703126051483434e-01	3.978732831687080140e-01	0.000000000000000000e+00
6.320703126051483434e-01	3.978732831687080140e-01	0.000000000000000000e+00
6.328196792463183229e-01	3.487840635062658956e-01	0.000000000000000000e+00
6.320703126051483434e-01	3.239507821153716494e-01	0.000000000000000000e+00
6.320703126051483434e-01	3.239507821153716494e-01	0.000000000000000000e+00
6.320703126051483434e-01	3.239507821153716494e-01	0.000000000000000000e+00
6.320703126051483434e-01	3.114983399401184405e-01	0.000000000000000000e+00
6.320703126051483434e-01	2.885868557015779379e-01	0.000000000000000000e+00
6.339937756696802929e-01	2.726220134939774664e-01	0.000000000000000000e+00
6.358738274590465256e-01	2.406577035081081950e-01	0.000000000000000000e+00
6.358738274590465256e-01	2.406577035081081950e-01	0.000000000000000000e+00
6.368816834277022387e-01	2.290349998173902002e-01	0.000000000000000000e+00
6.387743387911899440e-01	2.100402101371403318e-01	0.000000000000000000e+00
6.416748501233333624e-01	1.895923886430282146e-01	0.000000000000000000e+00
6.416748501233333624e-01	1.895923886430282146e-01	0.000000000000000000e+00
6.455353596335667854e-01	1.633895433881172310e-01	0.000000000000000000e+00
6.416748501233333624e-01	1.895923886430282146e-01	0.000000000000000000e+00
6.416748501233333624e-01	1.895923886430282146e-01	0.000000000000000000e+00
6.416748501233333624e-01	1.895923886430282146e-01	0.000000000000000000e+00
6.416748501233333624e-01	1.895923886430282146e-01	0.000000000000000000e+00
8.283725366338995366e-01	1.686114902220826051e-01	0.000000000000000000e+00
8.283725366338995366e-01	1.369507840626172923e-01	0.000000000000000000e+00
8.283725366338995366e-01	1.369507840626172923e-01	0.000000000000000000e+00
8.283725366338995366e-01	1.369507840626172923e-01	0.000000000000000000e+00
8.291998405993570298e-01	1.201451536548344551e-01	0.000000000000000000e+00
8.296589930796655077e-01	1.077961574333103911e-01	0.000000000000000000e+00
8.302364918647295866e-01	9.410333808419391044e-02	0.000000000000000000e+00
8.308139906497937766e-01	-3.520387985406019798e-02	0.000000000000000000e+00
8.308139906497937766e-01	-3.520387985406019798e-02	0.000000000000000000e+00
8.308139906497937766e-01	-3.520387985406019798e-02	0.000000000000000000e+00
8.308139906497937766e-01	-3.520387985406019798e-02	0.000000000000000000e+00
8.308139906497937766e-01	-3.520387985406019798e-02	0.000000000000000000e+00
8.308139906497937766e-01	-3.520387985406019798e-02	0.000000000000000000e+00
8.308139906497937766e-01	-3.520387985406019798e-02	0.000000000000000000e+00
8.308139906497937766e-01	-3.520387985406019798e-02	0.000000000000000000e+00
8.309896907730992544e-01	-3.170991356241082554e-02	0.000000000000000000e+00
8.309896907730992544e-01	-3.170991356241082554e-02	0.000000000000000000e+00
8.312837694004989730e-01	-4.650207912365807855e-02	0.000000000000000000e+00
8.312837694004989730e-01	-4.650207912365807855e-02	0.000000000000000000e+00
8.312837694004989730e-01	-4.650207912365807855e-02	0.000000000000000000e+00
8.319284977154773886e-01	-6.180269041109483913e-02	0.000000000000000000e+00
8.319284977154773886e-01	-6.578010036569732766e-02	0.000000000000000000e+00
8.319284977154773886e-01	-8.155158013543786777e-02	0.000000000000000000e+00
8.319284977154773886e-01	-8.155158013543786777e-02	0.000000000000000000e+00
8.324654514948660600e-01	-9.004902611751211539e-02	0.000000000000000000e+00
8.326566574777540808e-01	-9.299494620046723503e-02	0.000000000000000000e+00
