0.000000000000000000e+00	2.576408018339731321e+00	0.000000000000000000e+00
1.929125707148289515e-02	1.766137733718036840e+00	0.000000000000000000e+00
3.085158308871308735e-02	1.264023448897831914e+00	0.000000000000000000e+00
3.085158308871308735e-02	1.264023448897831914e+00	0.000000000000000000e+00
3.085158308871308735e-02	1.264023448897831914e+00	0.000000000000000000e+00
3.085158308871308735e-02	1.264023448897831914e+00	0.000000000000000000e+00
8.414918303031262981e-02	1.215790353607272278e+00	0.000000000000000000e+00
8.810307134208587854e-02	1.182270924201966000e+00	0.000000000000000000e+00
1.117936397812727967e-01	1.144570618731112432e+00	0.000000000000000000e+00
1.098166956253861792e-01	1.153536621351336500e+00	0.000000000000000000e+00
8.489226184299952793e-02	1.215275043464338678e+00	0.000000000000000000e+00
8.489226184299952793e-02	1.215275043464338678e+00	0.000000000000000000e+00
8.489226184299952793e-02	1.215275043464338678e+00	0.000000000000000000e+00
8.489226184299952793e-02	1.215275043464338678e+00	0.000000000000000000e+00
2.136742563469611611e-01	1.069301699673532724e+00	0.000000000000000000e+00
2.136742563469611611e-01	1.069301699673532724e+00	0.000000000000000000e+00
2.318347870739913552e-01	9.801892859128693569e-01	0.000000000000000000e+00
2.318347870739913552e-01	9.354900226975949584e-01	0.000000000000000000e+00
2.318347870739913552e-01	8.908898363545828536e-01	0.000000000000000000e+00
2.447335198011220125e-01	8.590931272573454347e-01	0.000000000000000000e+00
2.547694100004336271e-01	7.937431587609971029e-01	0.000000000000000000e+00
2.547694100004336271e-01	7.937431587609971029e-01	0.000000000000000000e+00
2.583344439592758501e-01	7.385676252967149358e-01	0.000000000000000000e+00
2.596906742659744749e-01	7.077436322997180396e-01	0.000000000000000000e+00
2.596906742659744749e-01	7.077436322997180396e-01	0.000000000000000000e+00
2.596906742659744749e-01	7.077436322997180396e-01	0.000000000000000000e+00
2.596906742659744749e-01	7.077436322997180396e-01	0.000000000000000000e+00
2.596906742659744749e-01	7.077436322997180396e-01	0.000000000000000000e+00
2.596906742659744749e-01	7.077436322997180396e-01	0.000000000000000000e+00
2.596906742659744749e-01	7.077436322997180396e-01	0.000000000000000000e+00
2.596906742659744749e-01	7.077436322997180396e-01	0.000000000000000000e+00
2.592375599687364307e-01	7.188016436250485031e-01	0.000000000000000000e+00
4.294472996912036544e-01	5.577805788146075194e-01	0.000000000000000000e+00
4.294472996912036544e-01	5.577805788146075194e-01	0.000000000000000000e+00
4.294472996912036544e-01	5.577805788146075194e-01	0.000000000000000000e+00
4.294472996912036544e-01	5.577805788146075194e-01	0.000000000000000000e+00
4.294472996912036544e-01	5.491150875548223009e-01	0.000000000000000000e+00
4.294472996912036544e-01	5.532202155771329677e-01	0.000000000000000000e+00
4.510147791511637250e-01	4.542571380073532894e-01	0.000000000000000000e+00
4.510147791511637250e-01	4.542571380073532894e-01	0.000000000000000000e+00
4.510147791511637250e-01	4.542571380073532894e-01	0.000000000000000000e+00
4.510147791511637250e-01	3.988859682667065809e-01	0.000000000000000000e+00
4.510147791511637250e-01	3.988859682667065809e-01	0.000000000000000000e+00
4.510147791511637250e-01	3.783595280588355481e-01	0.000000000000000000e+00
4.510147791511637250e-01	3.783595280588355481e-01	0.000000000000000000e+00
4.510147791511637250e-01	3.783595280588355481e-01	0.000000000000000000e+00
4.510147791511637250e-01	3.420929383038035509e-01	0.000000000000000000e+00
4.510147791511637250e-01	3.758334923620832990e-01	0.000000000000000000e+00
4.510147791511637250e-01	3.783595280588355481e-01	0.000000000000000000e+00
4.510147791511637250e-01	3.783595280588355481e-01	0.000000000000000000e+00
6.291615706313002931e-01	1.894595913030469314e-01	0.000000000000000000e+00
6.291615706313002931e-01	1.894595913030469314e-01	0.000000000000000000e+00
6.291615706313002931e-01	1.894595913030469314e-01	0.000000000000000000e+00
6.291615706313002931e-01	1.894595913030469314e-01	0.000000000000000000e+00
6.291615706313002931e-01	1.894595913030469314e-01	0.000000000000000000e+00
6.291615706313002931e-01	1.894595913030469314e-01	0.000000000000000000e+00
6.291615706313002931e-01	1.894595913030469314e-01	0.000000000000000000e+00
6.291615706313002931e-01	1.894595913030469314e-01	0.000000000000000000e+00
6.303573008490662710e-01	1.604123475466119608e-01	0.000000000000000000e+00
6.303573008490662710e-01	1.604123475466119608e-01	0.000000000000000000e+00
6.303573008490662710e-01	1.604123475466119608e-01	0.000000000000000000e+00
6.303573008490662710e-01	1.604123475466119608e-01	0.000000000000000000e+00
6.328380584610499016e-01	1.637666209695074204e-01	0.000000000000000000e+00
6.341230858552675542e-01	1.620531538749777345e-01	0.000000000000000000e+00
6.456872561460648141e-01	8.085867886487130285e-02	0.000000000000000000e+00
6.456872561460648141e-01	8.085867886487130285e-02	0.000000000000000000e+00
6.456872561460648141e-01	8.085867886487130285e-02	0.000000000000000000e+00
6.456872561460648141e-01	8.085867886487130285e-02	0.000000000000000000e+00
6.456872561460648141e-01	8.085867886487130285e-02	0.000000000000000000e+00
6.456872561460648141e-01	8.085867886487130285e-02	0.000000000000000000e+00
6.456872561460648141e-01	8.085867886487130285e-02	0.000000000000000000e+00
6.456872561460648141e-01	8.085867886487130285e-02	0.000000000000000000e+00
6.456872561460648141e-01	1.037658556696298001e-01	0.000000000000000000e+00
8.300108811726615299e-01	1.763000971508391773e-02	0.000000000000000000e+00
8.300108811726615299e-01	1.763000971508391773e-02	0.000000000000000000e+00
8.300108811726615299e-01	1.763000971508391773e-02	0.000000000000000000e+00
8.300108811726615299e-01	1.763000971508391773e-02	0.000000000000000000e+00
8.300108811726615299e-01	1.763000971508391773e-02	0.000000000000000000e+00
8.300108811726615299e-01	1.763000971508391773e-02	0.000000000000000000e+00
8.308139906497937766e-01	-6.025525942805422946e-02	0.000000000000000000e+00
8.308139906497937766e-01	-6.025525942805422946e-02	0.000000000000000000e+00
8.308139906497937766e-01	-6.025525942805422946e-02	0.000000000000000000e+00
8.308139906497937766e-01	-6.025525942805422946e-02	0.000000000000000000e+00
8.308139906497937766e-01	-6.025525942805422946e-02	0.000000000000000000e+00
8.308139906497937766e-01	-6.025525942805422946e-02	0.000000000000000000e+00
8.308139906497937766e-01	-6.025525942805422946e-02	0.000000000000000000e+00
8.308139906497937766e-01	-8.204062832495115365e-02	0.000000000000000000e+00
8.308139906497937766e-01	-8.204062832495115365e-02	0.000000000000000000e+00
8.460399296914670186e-01	-1.956281282488055995e-01	0.000000000000000000e+00
8.308139906497937766e-01	-8.204062832495115365e-02	0.000000000000000000e+00
8.324654514948660600e-01	-1.078318524713012261e-01	0.000000000000000000e+00
8.315808348440352216e-01	-1.293412377031273597e-01	0.000000000000000000e+00
8.324654514948660600e-01	-1.323264935376299856e-01	0.000000000000000000e+00
8.324654514948660600e-01	-1.323264935376299856e-01	0.000000000000000000e+00
8.324654514948660600e-01	-1.323264935376299856e-01	0.000000000000000000e+00
8.324654514948660600e-01	-1.323264935376299856e-01	0.000000000000000000e+00
8.324654514948660600e-01	-1.438756457342476869e-01	0.000000000000000000e+00
8.324654514948660600e-01	-1.438756457342476869e-01	0.000000000000000000e+00
8.324654514948660600e-01	-1.501871070196709734e-01	0.000000000000000000e+00
8.324654514948660600e-01	-1.537355895936136918e-01	0.000000000000000000e+00
