0.000000000000000000e+00	1.431271107105818619e+00	0.000000000000000000e+00
1.662995264898674275e-02	9.724833069269639418e-01	0.000000000000000000e+00
2.158494116470353885e-02	9.446699392286077579e-01	0.000000000000000000e+00
4.478438514256375541e-02	8.426487023221121975e-01	0.000000000000000000e+00
5.140159868005683697e-02	7.844548781516436087e-01	0.000000000000000000e+00
6.148876291960686524e-02	7.728975095496208869e-01	0.000000000000000000e+00
8.166309139870692180e-02	7.118634280117286384e-01	0.000000000000000000e+00
8.166309139870692180e-02	7.118634280117286384e-01	0.000000000000000000e+00
8.166309139870692180e-02	7.118634280117286384e-01	0.000000000000000000e+00
8.166309139870692180e-02	7.118634280117286384e-01	0.000000000000000000e+00
8.166309139870692180e-02	7.118634280117286384e-01	0.000000000000000000e+00
8.166309139870692180e-02	7.118634280117286384e-01	0.000000000000000000e+00
8.166309139870692180e-02	7.458807479249790484e-01	0.000000000000000000e+00
2.026489222358285880e-01	6.410967671259278911e-01	0.000000000000000000e+00
2.098436331338335015e-01	6.058883197062451265e-01	0.000000000000000000e+00
2.181577200976436703e-01	4.608636109929610813e-01	0.000000000000000000e+00
2.181577200976436703e-01	4.608636109929610813e-01	0.000000000000000000e+00
2.276908821756504220e-01	4.398882371183215900e-01	0.000000000000000000e+00
2.348724635371222669e-01	3.933384314637801138e-01	0.000000000000000000e+00
2.386265798356641543e-01	3.536866018300668935e-01	0.000000000000000000e+00
2.441189714460541282e-01	3.410525663136103613e-01	0.000000000000000000e+00
2.590261055945156654e-01	2.891649358056265773e-01	0.000000000000000000e+00
2.590261055945156654e-01	2.891649358056265773e-01	0.000000000000000000e+00
2.590261055945156654e-01	2.891649358056265773e-01	0.000000000000000000e+00
2.596469681924166162e-01	2.874323106851494058e-01	0.000000000000000000e+00
2.596469681924166162e-01	2.874323106851494058e-01	0.000000000000000000e+00
2.596469681924166162e-01	2.874323106851494058e-01	0.000000000000000000e+00
2.596469681924166162e-01	2.874323106851494058e-01	0.000000000000000000e+00
2.596469681924166162e-01	2.874323106851494058e-01	0.000000000000000000e+00
2.596469681924166162e-01	2.874323106851494058e-01	0.000000000000000000e+00
2.596469681924166162e-01	2.874323106851494058e-01	0.000000000000000000e+00
4.135850773884368059e-01	2.350163041368198147e-01	0.000000000000000000e+00
4.192743296038221046e-01	2.015329311645668864e-01	0.000000000000000000e+00
4.213977274500518844e-01	1.523651875659338684e-01	0.000000000000000000e+00
4.213977274500518844e-01	1.523651875659338684e-01	0.000000000000000000e+00
4.269586683602390464e-01	1.279795761297229384e-01	0.000000000000000000e+00
4.295116309728402859e-01	8.471643422965279002e-02	0.000000000000000000e+00
4.316895039121066424e-01	6.330799056778664557e-02	0.000000000000000000e+00
4.351650083519003065e-01	1.868932943841819516e-02	0.000000000000000000e+00
4.351650083519003065e-01	1.868932943841819516e-02	0.000000000000000000e+00
4.388774485461874875e-01	-8.649527972729465289e-03	0.000000000000000000e+00
4.424529021690379871e-01	-2.742643390436983949e-02	0.000000000000000000e+00
4.466197382574567110e-01	-4.760695632413467632e-02	0.000000000000000000e+00
4.518805678288136396e-01	-7.139207270192704513e-02	0.000000000000000000e+00
4.518805678288136396e-01	-7.139207270192704513e-02	0.000000000000000000e+00
4.518805678288136396e-01	-7.139207270192704513e-02	0.000000000000000000e+00
4.518805678288136396e-01	-7.139207270192704513e-02	0.000000000000000000e+00
4.518805678288136396e-01	-7.139207270192704513e-02	0.000000000000000000e+00
4.518805678288136396e-01	-7.139207270192704513e-02	0.000000000000000000e+00
4.518805678288136396e-01	-7.139207270192704513e-02	0.000000000000000000e+00
4.518805678288136396e-01	-7.139207270192704513e-02	0.000000000000000000e+00
4.545223401701676269e-01	-6.853080567461372619e-02	0.000000000000000000e+00
6.300610911581427942e-01	-1.121039387053853753e-01	0.000000000000000000e+00
6.300610911581427942e-01	-1.121039387053853753e-01	0.000000000000000000e+00
6.300610911581427942e-01	-1.597412212399589304e-01	0.000000000000000000e+00
6.300610911581427942e-01	-1.597412212399589304e-01	0.000000000000000000e+00
6.300610911581427942e-01	-1.767378004926881963e-01	0.000000000000000000e+00
6.309454841341305409e-01	-1.962322773441399215e-01	0.000000000000000000e+00
6.309454841341305409e-01	-2.179519402261127226e-01	0.000000000000000000e+00
6.327142700861060343e-01	-2.385794098942979335e-01	0.000000000000000000e+00
6.329485566068938640e-01	-2.560378388751364809e-01	0.000000000000000000e+00
6.331183854652595588e-01	-2.681398851916025894e-01	0.000000000000000000e+00
6.353592053089104352e-01	-2.885217261945698386e-01	0.000000000000000000e+00
6.353592053089104352e-01	-2.906898979386188797e-01	0.000000000000000000e+00
6.401376787481979358e-01	-3.556386997492319568e-01	0.000000000000000000e+00
6.407316170179767623e-01	-3.220339374965304757e-01	0.000000000000000000e+00
6.421332569307808269e-01	-3.354675995442557568e-01	0.000000000000000000e+00
6.521385581439425039e-01	-3.791858485222893704e-01	0.000000000000000000e+00
6.521385581439425039e-01	-3.791858485222893704e-01	0.000000000000000000e+00
6.521385581439425039e-01	-3.791858485222893704e-01	0.000000000000000000e+00
6.521881442131955975e-01	-3.808583378858703683e-01	0.000000000000000000e+00
6.521881442131955975e-01	-3.808583378858703683e-01	0.000000000000000000e+00
6.521881442131955975e-01	-3.808583378858703683e-01	0.000000000000000000e+00
6.521881442131955975e-01	-3.808583378858703683e-01	0.000000000000000000e+00
6.521881442131955975e-01	-3.808583378858703683e-01	0.000000000000000000e+00
8.249134517842287018e-01	-4.058141359518778191e-01	0.000000000000000000e+00
8.249134517842287018e-01	-4.058141359518778191e-01	0.000000000000000000e+00
8.249134517842287018e-01	-4.191883268138881236e-01	0.000000000000000000e+00
8.269620386175495774e-01	-4.309481947968557547e-01	0.000000000000000000e+00
8.272786420991102840e-01	-4.622979331877009046e-01	0.000000000000000000e+00
8.272786420991102840e-01	-4.622979331877009046e-01	0.000000000000000000e+00
8.296434423802865332e-01	-4.927065788809237290e-01	0.000000000000000000e+00
8.296434423802865332e-01	-4.927065788809237290e-01	0.000000000000000000e+00
8.296434423802865332e-01	-4.927065788809237290e-01	0.000000000000000000e+00
8.323020999111891971e-01	-5.135481841845064288e-01	0.000000000000000000e+00
8.350276246554640958e-01	-5.390455547861608965e-01	0.000000000000000000e+00
8.350276246554640958e-01	-5.390455547861608965e-01	0.000000000000000000e+00
8.350276246554640958e-01	-5.390455547861608965e-01	0.000000000000000000e+00
8.377360612540674101e-01	-5.660646181988595593e-01	0.000000000000000000e+00
8.377360612540674101e-01	-5.660646181988595593e-01	0.000000000000000000e+00
8.377360612540674101e-01	-5.756236531273445367e-01	0.000000000000000000e+00
8.417739386941418545e-01	-5.822260996721826398e-01	0.000000000000000000e+00
8.417739386941418545e-01	-5.898600209540693085e-01	0.000000000000000000e+00
8.427314789839609466e-01	-6.002669523782313554e-01	0.000000000000000000e+00
8.434731842924059197e-01	-6.077576791544009316e-01	0.000000000000000000e+00
8.456006401491510394e-01	-6.220584640760801198e-01	0.000000000000000000e+00
8.482019451604663196e-01	-6.323263528960940683e-01	0.000000000000000000e+00
8.495569355083103513e-01	-6.393702154633231771e-01	0.000000000000000000e+00
8.495569355083103513e-01	-6.435195591357946165e-01	0.000000000000000000e+00
8.495569355083103513e-01	-6.435195591357946165e-01	0.000000000000000000e+00
