0.000000000000000000e+00	1.787497856916653749e+00	0.000000000000000000e+00
1.549459327814814436e-02	1.303677446224251746e+00	0.000000000000000000e+00
1.957819442540702573e-02	1.299888002162323586e+00	0.000000000000000000e+00
4.517054299108710924e-02	1.150673058373517632e+00	0.000000000000000000e+00
5.767212989983975385e-02	1.136325852616917098e+00	0.000000000000000000e+00
7.318375994541818919e-02	1.119738943769348127e+00	0.000000000000000000e+00
7.733689806589204296e-02	1.040924323621521763e+00	0.000000000000000000e+00
9.527698881659382724e-02	1.039695099409886359e+00	0.000000000000000000e+00
9.537673478317314213e-02	1.023951941103370178e+00	0.000000000000000000e+00
9.537673478317314213e-02	1.023951941103370178e+00	0.000000000000000000e+00
9.537673478317314213e-02	1.023951941103370178e+00	0.000000000000000000e+00
9.537673478317314213e-02	1.023951941103370178e+00	0.000000000000000000e+00
9.537673478317314213e-02	1.023951941103370178e+00	0.000000000000000000e+00
2.007638370678468120e-01	9.508303452853464899e-01	0.000000000000000000e+00
2.127254247854570290e-01	7.986721566456899124e-01	0.000000000000000000e+00
2.127254247854570290e-01	7.986721566456899124e-01	0.000000000000000000e+00
2.127254247854570290e-01	7.850908092048344278e-01	0.000000000000000000e+00
2.231587367928160315e-01	7.169944243626633629e-01	0.000000000000000000e+00
2.334317328691503657e-01	5.803192744386236335e-01	0.000000000000000000e+00
2.334317328691503657e-01	5.803192744386236335e-01	0.000000000000000000e+00
2.334317328691503657e-01	5.803192744386236335e-01	0.000000000000000000e+00
2.486215496142807624e-01	5.507668230422009259e-01	0.000000000000000000e+00
2.576773105223930105e-01	5.201499999738731228e-01	0.000000000000000000e+00
2.576773105223930105e-01	5.174048936873660853e-01	0.000000000000000000e+00
2.576773105223930105e-01	5.174048936873660853e-01	0.000000000000000000e+00
2.576773105223930105e-01	5.174048936873660853e-01	0.000000000000000000e+00
2.576773105223930105e-01	5.174048936873660853e-01	0.000000000000000000e+00
2.576773105223930105e-01	5.174048936873660853e-01	0.000000000000000000e+00
2.576773105223930105e-01	5.174048936873660853e-01	0.000000000000000000e+00
2.576773105223930105e-01	5.174048936873660853e-01	0.000000000000000000e+00
2.576773105223930105e-01	5.174048936873660853e-01	0.000000000000000000e+00
2.576773105223930105e-01	5.174048936873660853e-01	0.000000000000000000e+00
4.196524185865768142e-01	4.855260536501697644e-01	0.000000000000000000e+00
4.196524185865768142e-01	4.855260536501697644e-01	0.000000000000000000e+00
4.233158895260970001e-01	4.704749010529853392e-01	0.000000000000000000e+00
4.269585297527653256e-01	3.780073523382671552e-01	0.000000000000000000e+00
4.269585297527653256e-01	3.780073523382671552e-01	0.000000000000000000e+00
4.269585297527653256e-01	3.780073523382671552e-01	0.000000000000000000e+00
4.379281118584740229e-01	3.033185599877465388e-01	0.000000000000000000e+00
4.379281118584740229e-01	3.033185599877465388e-01	0.000000000000000000e+00
4.379281118584740229e-01	2.986090879396863795e-01	0.000000000000000000e+00
4.537019089766006208e-01	2.303244077231168530e-01	0.000000000000000000e+00
4.537019089766006208e-01	2.303244077231168530e-01	0.000000000000000000e+00
4.492689712810851166e-01	2.046516800086494448e-01	0.000000000000000000e+00
4.537019089766006208e-01	1.266298107841285214e-01	0.000000000000000000e+00
4.537019089766006208e-01	1.266298107841285214e-01	0.000000000000000000e+00
4.537019089766006208e-01	1.266298107841285214e-01	0.000000000000000000e+00
4.537019089766006208e-01	1.266298107841285214e-01	0.000000000000000000e+00
4.537019089766006208e-01	1.143984596006920873e-01	0.000000000000000000e+00
4.537019089766006208e-01	1.131540307593945638e-01	0.000000000000000000e+00
4.537019089766006208e-01	1.131540307593945638e-01	0.000000000000000000e+00
4.537019089766006208e-01	1.131540307593945638e-01	0.000000000000000000e+00
4.537019089766006208e-01	1.131540307593945638e-01	0.000000000000000000e+00
4.537019089766006208e-01	1.131540307593945638e-01	0.000000000000000000e+00
4.537019089766006208e-01	1.131540307593945638e-01	0.000000000000000000e+00
4.537019089766006208e-01	1.131540307593945638e-01	0.000000000000000000e+00
4.537019089766006208e-01	1.131540307593945638e-01	0.000000000000000000e+00
4.537019089766006208e-01	1.263395402605429207e-01	0.000000000000000000e+00
6.238272468857862796e-01	7.834728098693481690e-02	0.000000000000000000e+00
6.282332978903861775e-01	4.287548537241482605e-02	0.000000000000000000e+00
6.282332978903861775e-01	4.287548537241482605e-02	0.000000000000000000e+00
6.282332978903861775e-01	4.287548537241482605e-02	0.000000000000000000e+00
6.282332978903861775e-01	-1.620478561188230283e-03	0.000000000000000000e+00
6.282332978903861775e-01	-1.620478561188230283e-03	0.000000000000000000e+00
6.282332978903861775e-01	-1.620478561188230283e-03	0.000000000000000000e+00
6.374651184523981717e-01	-3.106548102799332536e-02	0.000000000000000000e+00
6.374651184523981717e-01	-3.106548102799332536e-02	0.000000000000000000e+00
6.374651184523981717e-01	-3.106548102799332536e-02	0.000000000000000000e+00
6.426858095448186869e-01	-7.346974750268167598e-02	0.000000000000000000e+00
6.426858095448186869e-01	-7.346974750268167598e-02	0.000000000000000000e+00
6.462096609757725929e-01	-9.948090736567577475e-02	0.000000000000000000e+00
6.462096609757725929e-01	-9.948090736567577475e-02	0.000000000000000000e+00
8.309523190562810857e-01	-1.057091464589671043e-01	0.000000000000000000e+00
8.309523190562810857e-01	-1.057091464589671043e-01	0.000000000000000000e+00
8.309523190562810857e-01	-1.057091464589671043e-01	0.000000000000000000e+00
8.309523190562810857e-01	-1.057091464589671043e-01	0.000000000000000000e+00
8.309523190562810857e-01	-1.755148858248836430e-01	0.000000000000000000e+00
8.309523190562810857e-01	-1.755148858248836430e-01	0.000000000000000000e+00
8.309523190562810857e-01	-1.755148858248836430e-01	0.000000000000000000e+00
8.309523190562810857e-01	-1.755148858248836430e-01	0.000000000000000000e+00
8.309523190562810857e-01	-1.755148858248836430e-01	0.000000000000000000e+00
8.310964972453720456e-01	-1.894395403935901778e-01	0.000000000000000000e+00
8.310964972453720456e-01	-1.930828763120825409e-01	0.000000000000000000e+00
8.575672518645717224e-01	-3.490270113343585390e-01	0.000000000000000000e+00
8.575672518645717224e-01	-3.490270113343585390e-01	0.000000000000000000e+00
8.575672518645717224e-01	-3.490270113343585390e-01	0.000000000000000000e+00
8.335880248081563026e-01	-2.735995388945978712e-01	0.000000000000000000e+00
8.335880248081563026e-01	-2.735995388945978712e-01	0.000000000000000000e+00
8.335880248081563026e-01	-2.735995388945978712e-01	0.000000000000000000e+00
8.428330402622460360e-01	-3.683579346167652480e-01	0.000000000000000000e+00
8.428330402622460360e-01	-3.528535618509915928e-01	0.000000000000000000e+00
8.428330402622460360e-01	-3.528535618509915928e-01	0.000000000000000000e+00
8.410890996052226010e-01	-3.057719225424929688e-01	0.000000000000000000e+00
8.428330402622460360e-01	-3.528535618509915928e-01	0.000000000000000000e+00
8.428330402622460360e-01	-3.528535618509915928e-01	0.000000000000000000e+00
8.428330402622460360e-01	-3.528535618509915928e-01	0.000000000000000000e+00
8.428330402622460360e-01	-3.528535618509915928e-01	0.000000000000000000e+00
8.428330402622460360e-01	-3.528535618509915928e-01	0.000000000000000000e+00
8.507225567373821740e-01	-3.509979830442158111e-01	0.000000000000000000e+00
8.507225567373821740e-01	-3.509979830442158111e-01	0.000000000000000000e+00
