0.000000000000000000e+00	4.474777249569386051e+00	0.000000000000000000e+00
1.447524579291570648e-02	3.582470084294915313e+00	0.000000000000000000e+00
4.405199289496410792e-02	3.386195315112638493e+00	0.000000000000000000e+00
6.625123821723230555e-02	3.019085871727154036e+00	0.000000000000000000e+00
7.832781972077366983e-02	2.986883836232558487e+00	0.000000000000000000e+00
7.832781972077366983e-02	2.986883836232558487e+00	0.000000000000000000e+00
1.153669359179629872e-01	2.981030644097241833e+00	0.000000000000000000e+00
1.153669359179629872e-01	2.981030644097241833e+00	0.000000000000000000e+00
1.153669359179629872e-01	2.981030644097241833e+00	0.000000000000000000e+00
2.005579478801364501e-01	2.939154190478500350e+00	0.000000000000000000e+00
1.955638824139080412e-01	2.765761986711718023e+00	0.000000000000000000e+00
2.005579478801364501e-01	2.712695687197700156e+00	0.000000000000000000e+00
2.383565804384562559e-01	2.262609626981352040e+00	0.000000000000000000e+00
2.382720387748817614e-01	2.278026253008929025e+00	0.000000000000000000e+00
2.382720387748817614e-01	2.278026253008929025e+00	0.000000000000000000e+00
2.383565804384562559e-01	2.262609626981352040e+00	0.000000000000000000e+00
2.532051735368935352e-01	2.252261455119155542e+00	0.000000000000000000e+00
2.578671600601384339e-01	2.191487710050374016e+00	0.000000000000000000e+00
2.578671600601384339e-01	2.191487710050374016e+00	0.000000000000000000e+00
2.578671600601384339e-01	2.191487710050374016e+00	0.000000000000000000e+00
2.578671600601384339e-01	2.191487710050374016e+00	0.000000000000000000e+00
2.578671600601384339e-01	2.191487710050374016e+00	0.000000000000000000e+00
2.532051735368935352e-01	2.176444155682561998e+00	0.000000000000000000e+00
2.532051735368935352e-01	2.176444155682561998e+00	0.000000000000000000e+00
2.532051735368935352e-01	2.176444155682561998e+00	0.000000000000000000e+00
2.532051735368935352e-01	2.176444155682561998e+00	0.000000000000000000e+00
4.389329771162112648e-01	1.867742764120040144e+00	0.000000000000000000e+00
4.389329771162112648e-01	1.867742764120040144e+00	0.000000000000000000e+00
4.389329771162112648e-01	1.867742764120040144e+00	0.000000000000000000e+00
4.389329771162112648e-01	1.719865869477694709e+00	0.000000000000000000e+00
4.389329771162112648e-01	1.719865869477694709e+00	0.000000000000000000e+00
4.389329771162112648e-01	1.719865869477694709e+00	0.000000000000000000e+00
4.389329771162112648e-01	1.719865869477694709e+00	0.000000000000000000e+00
4.389329771162112648e-01	1.719865869477694709e+00	0.000000000000000000e+00
4.389329771162112648e-01	1.719865869477694709e+00	0.000000000000000000e+00
4.389329771162112648e-01	1.719865869477694709e+00	0.000000000000000000e+00
4.389329771162112648e-01	1.718836711587925503e+00	0.000000000000000000e+00
4.389329771162112648e-01	1.718836711587925503e+00	0.000000000000000000e+00
4.389329771162112648e-01	1.718836711587925503e+00	0.000000000000000000e+00
4.389329771162112648e-01	1.718836711587925503e+00	0.000000000000000000e+00
6.142740195642261147e-01	1.664067802910791372e+00	0.000000000000000000e+00
6.142740195642261147e-01	1.586483112058837408e+00	0.000000000000000000e+00
6.142740195642261147e-01	1.586483112058837408e+00	0.000000000000000000e+00
6.142740195642261147e-01	1.644612441269201142e+00	0.000000000000000000e+00
6.142740195642261147e-01	1.612743073718595044e+00	0.000000000000000000e+00
6.142740195642261147e-01	1.612743073718595044e+00	0.000000000000000000e+00
6.142740195642261147e-01	1.612743073718595044e+00	0.000000000000000000e+00
6.142740195642261147e-01	1.586483112058837408e+00	0.000000000000000000e+00
6.142740195642261147e-01	1.562335614512218473e+00	0.000000000000000000e+00
6.142740195642261147e-01	1.562335614512218473e+00	0.000000000000000000e+00
6.245145033500736353e-01	1.275893607087092763e+00	0.000000000000000000e+00
6.245145033500736353e-01	1.275893607087092763e+00	0.000000000000000000e+00
6.245145033500736353e-01	1.275893607087092763e+00	0.000000000000000000e+00
6.245145033500736353e-01	1.275893607087092763e+00	0.000000000000000000e+00
6.245145033500736353e-01	1.275893607087092763e+00	0.000000000000000000e+00
6.245145033500736353e-01	1.275893607087092763e+00	0.000000000000000000e+00
6.245145033500736353e-01	1.275893607087092763e+00	0.000000000000000000e+00
6.245145033500736353e-01	1.275893607087092763e+00	0.000000000000000000e+00
6.347549871359212670e-01	1.250398243951609478e+00	0.000000000000000000e+00
6.347549871359212670e-01	1.247706787705618936e+00	0.000000000000000000e+00
6.347549871359212670e-01	1.247706787705618936e+00	0.000000000000000000e+00
6.347549871359212670e-01	1.247706787705618936e+00	0.000000000000000000e+00
6.347549871359212670e-01	1.247706787705618936e+00	0.000000000000000000e+00
6.347549871359212670e-01	1.247706787705618936e+00	0.000000000000000000e+00
6.347549871359212670e-01	1.247706787705618936e+00	0.000000000000000000e+00
6.347549871359212670e-01	1.247706787705618936e+00	0.000000000000000000e+00
6.361809280515242637e-01	1.188137412860744258e+00	0.000000000000000000e+00
6.361809280515242637e-01	1.188137412860744258e+00	0.000000000000000000e+00
6.361809280515242637e-01	1.188137412860744258e+00	0.000000000000000000e+00
6.361809280515242637e-01	1.188137412860744258e+00	0.000000000000000000e+00
6.439933315978990658e-01	9.988019282343221228e-01	0.000000000000000000e+00
6.439933315978990658e-01	9.988019282343221228e-01	0.000000000000000000e+00
6.439933315978990658e-01	1.110491701216314020e+00	0.000000000000000000e+00
6.439933315978990658e-01	1.110491701216314020e+00	0.000000000000000000e+00
6.407604897877959838e-01	1.126054442629193408e+00	0.000000000000000000e+00
6.407604897877959838e-01	1.126054442629193408e+00	0.000000000000000000e+00
6.439933315978990658e-01	1.110491701216314020e+00	0.000000000000000000e+00
6.407604897877959838e-01	1.126054442629193408e+00	0.000000000000000000e+00
6.407604897877959838e-01	1.126054442629193408e+00	0.000000000000000000e+00
6.407604897877959838e-01	1.126054442629193408e+00	0.000000000000000000e+00
6.407604897877959838e-01	1.126054442629193408e+00	0.000000000000000000e+00
6.407604897877959838e-01	1.126054442629193408e+00	0.000000000000000000e+00
6.407604897877959838e-01	1.153928588081613027e+00	0.000000000000000000e+00
6.407604897877959838e-01	1.153928588081613027e+00	0.000000000000000000e+00
6.407604897877959838e-01	1.153928588081613027e+00	0.000000000000000000e+00
6.453876118233137227e-01	1.197957677394975162e+00	0.000000000000000000e+00
6.453876118233137227e-01	1.197957677394975162e+00	0.000000000000000000e+00
6.453876118233137227e-01	1.197957677394975162e+00	0.000000000000000000e+00
8.438513428122352833e-01	9.546169665280629379e-01	0.000000000000000000e+00
8.438513428122352833e-01	9.546169665280629379e-01	0.000000000000000000e+00
8.438513428122352833e-01	9.546169665280629379e-01	0.000000000000000000e+00
8.438513428122352833e-01	9.546169665280629379e-01	0.000000000000000000e+00
8.438513428122352833e-01	9.380324115629464776e-01	0.000000000000000000e+00
8.438513428122352833e-01	9.380324115629464776e-01	0.000000000000000000e+00
8.438513428122352833e-01	9.380324115629464776e-01	0.000000000000000000e+00
8.438513428122352833e-01	9.380324115629464776e-01	0.000000000000000000e+00
8.438513428122352833e-01	9.380324115629464776e-01	0.000000000000000000e+00
8.438513428122352833e-01	9.380324115629464776e-01	0.000000000000000000e+00
8.438513428122352833e-01	9.293768801011542680e-01	0.000000000000000000e+00
8.438513428122352833e-01	9.256015171501018601e-01	0.000000000000000000e+00
