8.139270543556620385e-02	4.705696964015559480e+00	0.000000000000000000e+00
8.139270543556620385e-02	4.705696964015559480e+00	0.000000000000000000e+00
8.139270543556620385e-02	4.705696964015559480e+00	0.000000000000000000e+00
8.139270543556620385e-02	4.516406664810807214e+00	0.000000000000000000e+00
8.139270543556620385e-02	4.516406664810807214e+00	0.000000000000000000e+00
8.139270543556620385e-02	4.516406664810807214e+00	0.000000000000000000e+00
1.497438844395920787e-01	4.288487260205378071e+00	0.000000000000000000e+00
1.718902540554093639e-01	4.239969481180120070e+00	0.000000000000000000e+00
1.316880357275658220e-01	4.073005518329548380e+00	0.000000000000000000e+00
1.316880357275658220e-01	4.073005518329548380e+00	0.000000000000000000e+00
2.521918827895028858e-01	3.831254159181536334e+00	0.000000000000000000e+00
2.521918827895028858e-01	3.735805880761423392e+00	0.000000000000000000e+00
2.610667875936075744e-01	3.124954056958818782e+00	0.000000000000000000e+00
2.610667875936075744e-01	3.124954056958818782e+00	0.000000000000000000e+00
2.610667875936075744e-01	3.124954056958818782e+00	0.000000000000000000e+00
2.610667875936075744e-01	3.124954056958818782e+00	0.000000000000000000e+00
2.610667875936075744e-01	3.124954056958818782e+00	0.000000000000000000e+00
2.696801121628282227e-01	2.976127111876212705e+00	0.000000000000000000e+00
2.696801121628282227e-01	2.976127111876212705e+00	0.000000000000000000e+00
2.696801121628282227e-01	2.976127111876212705e+00	0.000000000000000000e+00
2.696801121628282227e-01	2.976127111876212705e+00	0.000000000000000000e+00
4.389329771162112648e-01	2.665139967899760709e+00	0.000000000000000000e+00
4.389329771162112648e-01	2.665139967899760709e+00	0.000000000000000000e+00
4.389329771162112648e-01	2.665139967899760709e+00	0.000000000000000000e+00
4.389329771162112648e-01	2.665139967899760709e+00	0.000000000000000000e+00
4.389329771162112648e-01	3.014133093041820199e+00	0.000000000000000000e+00
4.389329771162112648e-01	3.005307414795528764e+00	0.000000000000000000e+00
4.389329771162112648e-01	3.005307414795528764e+00	0.000000000000000000e+00
4.389329771162112648e-01	3.005307414795528764e+00	0.000000000000000000e+00
4.389329771162112648e-01	3.014133093041820199e+00	0.000000000000000000e+00
4.389329771162112648e-01	3.014133093041820199e+00	0.000000000000000000e+00
4.389329771162112648e-01	3.014133093041820199e+00	0.000000000000000000e+00
4.389329771162112648e-01	3.029191937261173528e+00	0.000000000000000000e+00
6.300414478596676471e-01	2.582139650960133981e+00	0.000000000000000000e+00
6.300414478596676471e-01	2.582750595175971942e+00	0.000000000000000000e+00
6.300414478596676471e-01	2.582750595175971942e+00	0.000000000000000000e+00
6.300414478596676471e-01	2.582750595175971942e+00	0.000000000000000000e+00
6.300414478596676471e-01	2.582750595175971942e+00	0.000000000000000000e+00
6.300414478596676471e-01	2.582750595175971942e+00	0.000000000000000000e+00
6.300414478596676471e-01	2.582750595175971942e+00	0.000000000000000000e+00
6.300414478596676471e-01	2.582750595175971942e+00	0.000000000000000000e+00
6.300414478596676471e-01	2.582750595175971942e+00	0.000000000000000000e+00
6.300414478596676471e-01	2.523347522351534700e+00	0.000000000000000000e+00
6.300414478596676471e-01	2.523347522351534700e+00	0.000000000000000000e+00
6.300414478596676471e-01	2.523347522351534700e+00	0.000000000000000000e+00
6.300414478596676471e-01	2.523347522351534700e+00	0.000000000000000000e+00
6.487643292050634392e-01	2.293170566309204794e+00	0.000000000000000000e+00
6.633727124916617424e-01	2.009292085784272874e+00	0.000000000000000000e+00
6.633727124916617424e-01	2.009292085784272874e+00	0.000000000000000000e+00
6.633727124916617424e-01	2.009292085784272874e+00	0.000000000000000000e+00
6.633727124916617424e-01	2.009292085784272874e+00	0.000000000000000000e+00
6.633727124916617424e-01	1.876887062565148589e+00	0.000000000000000000e+00
6.633727124916617424e-01	1.876887062565148589e+00	0.000000000000000000e+00
6.633727124916617424e-01	1.876887062565148589e+00	0.000000000000000000e+00
6.633727124916617424e-01	1.876887062565148589e+00	0.000000000000000000e+00
6.633727124916617424e-01	1.876887062565148589e+00	0.000000000000000000e+00
6.633727124916617424e-01	1.876887062565148589e+00	0.000000000000000000e+00
6.546519798606726948e-01	2.127738504544475884e+00	0.000000000000000000e+00
6.546519798606726948e-01	2.127738504544475884e+00	0.000000000000000000e+00
6.546519798606726948e-01	2.127738504544475884e+00	0.000000000000000000e+00
6.546519798606726948e-01	2.127738504544475884e+00	0.000000000000000000e+00
6.546519798606726948e-01	2.103215596998890380e+00	0.000000000000000000e+00
6.546519798606726948e-01	2.103215596998890380e+00	0.000000000000000000e+00
6.546519798606726948e-01	2.103215596998890380e+00	0.000000000000000000e+00
6.546519798606726948e-01	2.103215596998890380e+00	0.000000000000000000e+00
6.546519798606726948e-01	2.080370454248023471e+00	0.000000000000000000e+00
6.546519798606726948e-01	2.080370454248023471e+00	0.000000000000000000e+00
6.546519798606726948e-01	2.084544680691850171e+00	0.000000000000000000e+00
6.546519798606726948e-01	2.084544680691850171e+00	0.000000000000000000e+00
6.546519798606726948e-01	2.084544680691850171e+00	0.000000000000000000e+00
6.518735495186758211e-01	2.100466249484596926e+00	0.000000000000000000e+00
6.518735495186758211e-01	2.100466249484596926e+00	0.000000000000000000e+00
6.518735495186758211e-01	2.100466249484596926e+00	0.000000000000000000e+00
6.518735495186758211e-01	2.100466249484596926e+00	0.000000000000000000e+00
8.286536065604914736e-01	1.828138146338463610e+00	0.000000000000000000e+00
8.286536065604914736e-01	1.828138146338463610e+00	0.000000000000000000e+00
8.286536065604914736e-01	1.828138146338463610e+00	0.000000000000000000e+00
8.286536065604914736e-01	1.828138146338463610e+00	0.000000000000000000e+00
8.286536065604914736e-01	1.828138146338463610e+00	0.000000000000000000e+00
8.286536065604914736e-01	1.828138146338463610e+00	0.000000000000000000e+00
8.286536065604914736e-01	1.828138146338463610e+00	0.000000000000000000e+00
8.286536065604914736e-01	1.828138146338463610e+00	0.000000000000000000e+00
8.286536065604914736e-01	1.903536569359136621e+00	0.000000000000000000e+00
8.286536065604914736e-01	1.903536569359136621e+00	0.000000000000000000e+00
8.286536065604914736e-01	1.837287079619817742e+00	0.000000000000000000e+00
8.286536065604914736e-01	1.837287079619817742e+00	0.000000000000000000e+00
8.352686639678141844e-01	1.797339066037312527e+00	0.000000000000000000e+00
8.418837213751370063e-01	1.857406072553002163e+00	0.000000000000000000e+00
8.418837213751370063e-01	1.767703437780411502e+00	0.000000000000000000e+00
8.442983807801605067e-01	1.746349762055227073e+00	0.000000000000000000e+00
8.442983807801605067e-01	1.746349762055227073e+00	0.000000000000000000e+00
8.442983807801605067e-01	1.746349762055227073e+00	0.000000000000000000e+00
8.442983807801605067e-01	1.746349762055227073e+00	0.000000000000000000e+00
8.442983807801605067e-01	1.746349762055227073e+00	0.000000000000000000e+00
8.442983807801605067e-01	1.746349762055227073e+00	0.000000000000000000e+00
8.442983807801605067e-01	1.746349762055227073e+00	0.000000000000000000e+00
8.460710434253393419e-01	1.867962173638019419e+00	0.000000000000000000e+00
8.460710434253393419e-01	1.867962173638019419e+00	0.000000000000000000e+00
8.470893701961583755e-01	1.899086023910386389e+00	0.000000000000000000e+00
8.470893701961583755e-01	1.899086023910386389e+00	0.000000000000000000e+00
