0.000000000000000000e+00	1.534321837268038724e+00	0.000000000000000000e+00
1.761483269717106434e-02	1.139163088935819967e+00	0.000000000000000000e+00
3.323808837909231206e-02	1.082323363427776242e+00	0.000000000000000000e+00
4.823544910430509203e-02	9.547368181537349008e-01	0.000000000000000000e+00
6.536640190325389288e-02	8.602392228433843879e-01	0.000000000000000000e+00
7.333729778139913558e-02	8.405687425843166860e-01	0.000000000000000000e+00
9.100716326837185455e-02	8.302669396396222812e-01	0.000000000000000000e+00
9.100716326837185455e-02	8.302669396396222812e-01	0.000000000000000000e+00
9.791339574664703616e-02	8.375758054297706146e-01	0.000000000000000000e+00
9.791339574664703616e-02	8.375758054297706146e-01	0.000000000000000000e+00
9.791339574664703616e-02	8.425082923579954031e-01	0.000000000000000000e+00
9.791339574664703616e-02	8.425082923579954031e-01	0.000000000000000000e+00
1.969268602799201240e-01	7.586493653597436992e-01	0.000000000000000000e+00
2.055183508576076123e-01	7.150992569854636161e-01	0.000000000000000000e+00
2.170994909468353384e-01	6.306559077471636243e-01	0.000000000000000000e+00
2.206897624332031793e-01	5.921310730152624657e-01	0.000000000000000000e+00
2.280996400305781158e-01	5.327531798536747631e-01	0.000000000000000000e+00
2.328170477764356372e-01	5.030516927187065335e-01	0.000000000000000000e+00
2.529503343695389539e-01	4.350357613890231123e-01	0.000000000000000000e+00
2.529503343695389539e-01	4.232731897828102552e-01	0.000000000000000000e+00
2.558914483514476701e-01	3.926277297780420561e-01	0.000000000000000000e+00
2.558914483514476701e-01	3.926277297780420561e-01	0.000000000000000000e+00
2.558914483514476701e-01	3.926277297780420561e-01	0.000000000000000000e+00
2.558914483514476701e-01	3.926277297780420561e-01	0.000000000000000000e+00
2.558914483514476701e-01	3.926277297780420561e-01	0.000000000000000000e+00
2.558914483514476701e-01	3.926277297780420561e-01	0.000000000000000000e+00
2.609634375933675976e-01	4.047683804758775983e-01	0.000000000000000000e+00
2.609634375933675976e-01	4.047683804758775983e-01	0.000000000000000000e+00
4.092072454367571277e-01	3.969078031315692590e-01	0.000000000000000000e+00
4.127748693236246158e-01	3.644021312119981593e-01	0.000000000000000000e+00
4.185022235173952998e-01	2.600662654577822197e-01	0.000000000000000000e+00
4.185022235173952998e-01	2.600662654577822197e-01	0.000000000000000000e+00
4.213659006142806418e-01	2.338061656811916134e-01	0.000000000000000000e+00
4.264231999490413760e-01	1.534433607767488605e-01	0.000000000000000000e+00
4.264231999490413760e-01	1.534433607767488605e-01	0.000000000000000000e+00
4.264231999490413760e-01	1.224396189920716610e-01	0.000000000000000000e+00
4.335660400326591390e-01	7.960278745255261468e-02	0.000000000000000000e+00
4.335660400326591390e-01	7.960278745255261468e-02	0.000000000000000000e+00
4.424824595137967220e-01	3.118432234238864911e-02	0.000000000000000000e+00
4.424824595137967220e-01	3.118432234238864911e-02	0.000000000000000000e+00
4.444094355510533334e-01	1.940976804146002464e-03	0.000000000000000000e+00
4.444094355510533334e-01	1.940976804146002464e-03	0.000000000000000000e+00
4.545987421166768350e-01	-9.157544537223845371e-03	0.000000000000000000e+00
4.545987421166768350e-01	-9.157544537223845371e-03	0.000000000000000000e+00
4.527686739340456290e-01	-9.373458534412579604e-03	0.000000000000000000e+00
4.527686739340456290e-01	-9.373458534412579604e-03	0.000000000000000000e+00
4.527686739340456290e-01	-9.373458534412579604e-03	0.000000000000000000e+00
4.527686739340456290e-01	-9.373458534412579604e-03	0.000000000000000000e+00
4.527686739340456290e-01	-9.373458534412579604e-03	0.000000000000000000e+00
4.527686739340456290e-01	-9.373458534412579604e-03	0.000000000000000000e+00
6.199064064864908685e-01	-4.396306614231643844e-02	0.000000000000000000e+00
6.202180414040125989e-01	-6.452574017249877725e-02	0.000000000000000000e+00
6.236279807932506580e-01	-1.063875163490559661e-01	0.000000000000000000e+00
6.236279807932506580e-01	-1.063875163490559661e-01	0.000000000000000000e+00
6.249804924556691121e-01	-1.185958980958397996e-01	0.000000000000000000e+00
6.258397606745316200e-01	-1.409655448459791738e-01	0.000000000000000000e+00
6.264904160790292220e-01	-1.632366009272201990e-01	0.000000000000000000e+00
6.267706966893042964e-01	-1.761842822539905484e-01	0.000000000000000000e+00
6.304788839680693924e-01	-2.037129484632324017e-01	0.000000000000000000e+00
6.322311873659793857e-01	-2.246450216699005797e-01	0.000000000000000000e+00
6.322311873659793857e-01	-2.318940617088041389e-01	0.000000000000000000e+00
6.330598007600962696e-01	-2.461034960603616373e-01	0.000000000000000000e+00
6.388614988482095303e-01	-2.925345837286877360e-01	0.000000000000000000e+00
6.388614988482095303e-01	-2.925345837286877360e-01	0.000000000000000000e+00
6.388614988482095303e-01	-2.925345837286877360e-01	0.000000000000000000e+00
6.404751458329653868e-01	-3.070760344003707343e-01	0.000000000000000000e+00
6.439276754832949923e-01	-3.208836782840966961e-01	0.000000000000000000e+00
6.439276754832949923e-01	-3.331109646971149307e-01	0.000000000000000000e+00
6.478546974971304273e-01	-3.523847526264958230e-01	0.000000000000000000e+00
6.517817195109657513e-01	-3.591344397354791496e-01	0.000000000000000000e+00
6.517817195109657513e-01	-3.599620160184896500e-01	0.000000000000000000e+00
6.517817195109657513e-01	-3.599620160184896500e-01	0.000000000000000000e+00
6.517817195109657513e-01	-3.599620160184896500e-01	0.000000000000000000e+00
6.517817195109657513e-01	-3.599620160184896500e-01	0.000000000000000000e+00
8.273870185247206299e-01	-4.115483311175197056e-01	0.000000000000000000e+00
8.273870185247206299e-01	-4.115483311175197056e-01	0.000000000000000000e+00
8.273870185247206299e-01	-4.115483311175197056e-01	0.000000000000000000e+00
8.273870185247206299e-01	-4.115483311175197056e-01	0.000000000000000000e+00
8.282338032191999266e-01	-4.175355284012799983e-01	0.000000000000000000e+00
8.294276594102552025e-01	-4.384573231381083125e-01	0.000000000000000000e+00
8.303879953395463254e-01	-4.421108803502517559e-01	0.000000000000000000e+00
8.303879953395463254e-01	-4.555082614091678361e-01	0.000000000000000000e+00
8.330041665895899783e-01	-5.029154493165136630e-01	0.000000000000000000e+00
8.321401581212792831e-01	-4.875362135269404873e-01	0.000000000000000000e+00
8.330041665895899783e-01	-5.029154493165136630e-01	0.000000000000000000e+00
8.330041665895899783e-01	-5.029154493165136630e-01	0.000000000000000000e+00
8.336960527411487742e-01	-5.144582954803519348e-01	0.000000000000000000e+00
8.357752774028395226e-01	-5.428036527640572872e-01	0.000000000000000000e+00
8.357752774028395226e-01	-5.428036527640572872e-01	0.000000000000000000e+00
8.363251382217135044e-01	-5.493642862336336474e-01	0.000000000000000000e+00
8.371124616540150942e-01	-5.610242275902518339e-01	0.000000000000000000e+00
8.387240109718011594e-01	-5.718186499108195431e-01	0.000000000000000000e+00
8.395360495182249139e-01	-5.815326472661852542e-01	0.000000000000000000e+00
8.411106963828279826e-01	-6.007765900059658382e-01	0.000000000000000000e+00
8.411106963828279826e-01	-6.007765900059658382e-01	0.000000000000000000e+00
8.440015659315529550e-01	-6.189053986995355361e-01	0.000000000000000000e+00
8.440015659315529550e-01	-6.189053986995355361e-01	0.000000000000000000e+00
8.458057411503023815e-01	-6.240098097712657443e-01	0.000000000000000000e+00
8.480639956758158071e-01	-6.366649159707929995e-01	0.000000000000000000e+00
8.487159859548046859e-01	-6.399112876046100240e-01	0.000000000000000000e+00
