0.000000000000000000e+00	4.144185561102647242e+00	0.000000000000000000e+00
1.447524579291570648e-02	3.878248409860189927e+00	0.000000000000000000e+00
4.405199289496410792e-02	3.517569394314663977e+00	0.000000000000000000e+00
4.405199289496410792e-02	3.517569394314663977e+00	0.000000000000000000e+00
9.410599257432551712e-02	3.356601303498793154e+00	0.000000000000000000e+00
1.129028928007454746e-01	3.239595584338301748e+00	0.000000000000000000e+00
1.033548195604543779e-01	3.167522995579031164e+00	0.000000000000000000e+00
1.033548195604543779e-01	3.167522995579031164e+00	0.000000000000000000e+00
1.033548195604543779e-01	3.167522995579031164e+00	0.000000000000000000e+00
1.955638824139080412e-01	2.797394708441205413e+00	0.000000000000000000e+00
1.955638824139080412e-01	2.797394708441205413e+00	0.000000000000000000e+00
2.005579478801364501e-01	2.735094939202443953e+00	0.000000000000000000e+00
2.005579478801364501e-01	2.735094939202443953e+00	0.000000000000000000e+00
2.239615162209670496e-01	2.676324937446885599e+00	0.000000000000000000e+00
2.328120147389401429e-01	2.539697836811114051e+00	0.000000000000000000e+00
2.437754293844023312e-01	2.339246205765416864e+00	0.000000000000000000e+00
2.437754293844023312e-01	2.339246205765416864e+00	0.000000000000000000e+00
2.437754293844023312e-01	2.339246205765416864e+00	0.000000000000000000e+00
2.437754293844023312e-01	2.339246205765416864e+00	0.000000000000000000e+00
2.437754293844023312e-01	2.339246205765416864e+00	0.000000000000000000e+00
2.437754293844023312e-01	2.339246205765416864e+00	0.000000000000000000e+00
2.437754293844023312e-01	2.369155117202996319e+00	0.000000000000000000e+00
2.437754293844023312e-01	2.369155117202996319e+00	0.000000000000000000e+00
2.437754293844023312e-01	2.369155117202996319e+00	0.000000000000000000e+00
2.437754293844023312e-01	2.369155117202996319e+00	0.000000000000000000e+00
2.437754293844023312e-01	2.369155117202996319e+00	0.000000000000000000e+00
2.437754293844023312e-01	2.369155117202996319e+00	0.000000000000000000e+00
4.389329771162112648e-01	2.162245886490102187e+00	0.000000000000000000e+00
4.389329771162112648e-01	2.162245886490102187e+00	0.000000000000000000e+00
4.389329771162112648e-01	2.162245886490102187e+00	0.000000000000000000e+00
4.389329771162112648e-01	2.162245886490102187e+00	0.000000000000000000e+00
4.389329771162112648e-01	2.162245886490102187e+00	0.000000000000000000e+00
4.389329771162112648e-01	2.162245886490102187e+00	0.000000000000000000e+00
4.389329771162112648e-01	2.162245886490102187e+00	0.000000000000000000e+00
4.389329771162112648e-01	2.174642659981415260e+00	0.000000000000000000e+00
4.389329771162112648e-01	2.174642659981415260e+00	0.000000000000000000e+00
4.389329771162112648e-01	2.174642659981415260e+00	0.000000000000000000e+00
6.210916812900495465e-01	2.061841328806575113e+00	0.000000000000000000e+00
6.091666663568517937e-01	1.942965036476690832e+00	0.000000000000000000e+00
6.091666663568517937e-01	1.942965036476690832e+00	0.000000000000000000e+00
6.091666663568517937e-01	1.942965036476690832e+00	0.000000000000000000e+00
6.091666663568517937e-01	1.942965036476690832e+00	0.000000000000000000e+00
6.091666663568517937e-01	1.942965036476690832e+00	0.000000000000000000e+00
6.091666663568517937e-01	1.942965036476690832e+00	0.000000000000000000e+00
6.131416713345844149e-01	1.914005567700433952e+00	0.000000000000000000e+00
6.131416713345844149e-01	1.884861224062132967e+00	0.000000000000000000e+00
6.131416713345844149e-01	1.867445915260224298e+00	0.000000000000000000e+00
6.369917012009798096e-01	1.603465981997092449e+00	0.000000000000000000e+00
6.369917012009798096e-01	1.603465981997092449e+00	0.000000000000000000e+00
6.277790244772383232e-01	1.779577755967713504e+00	0.000000000000000000e+00
6.369917012009798096e-01	1.603465981997092449e+00	0.000000000000000000e+00
6.369917012009798096e-01	1.603465981997092449e+00	0.000000000000000000e+00
6.390173843552120481e-01	1.608765620809096797e+00	0.000000000000000000e+00
6.390173843552120481e-01	1.608765620809096797e+00	0.000000000000000000e+00
6.369890325807551212e-01	1.611634944871150443e+00	0.000000000000000000e+00
6.357686521990834061e-01	1.528671265710525473e+00	0.000000000000000000e+00
6.357686521990834061e-01	1.528671265710525473e+00	0.000000000000000000e+00
6.357686521990834061e-01	1.528671265710525473e+00	0.000000000000000000e+00
6.357686521990834061e-01	1.528671265710525473e+00	0.000000000000000000e+00
6.357686521990834061e-01	1.528671265710525473e+00	0.000000000000000000e+00
6.357686521990834061e-01	1.528671265710525473e+00	0.000000000000000000e+00
6.357686521990834061e-01	1.528671265710525473e+00	0.000000000000000000e+00
6.357686521990834061e-01	1.528671265710525473e+00	0.000000000000000000e+00
6.375117109688392958e-01	1.375197376328626930e+00	0.000000000000000000e+00
6.375117109688392958e-01	1.375197376328626930e+00	0.000000000000000000e+00
6.375117109688392958e-01	1.375197376328626930e+00	0.000000000000000000e+00
6.375117109688392958e-01	1.375197376328626930e+00	0.000000000000000000e+00
6.375117109688392958e-01	1.378461866672703762e+00	0.000000000000000000e+00
6.375117109688392958e-01	1.378461866672703762e+00	0.000000000000000000e+00
6.383289459258887355e-01	1.380386436981152709e+00	0.000000000000000000e+00
6.505267127697103025e-01	1.164358637705075639e+00	0.000000000000000000e+00
6.505267127697103025e-01	1.164358637705075639e+00	0.000000000000000000e+00
6.505267127697103025e-01	1.164358637705075639e+00	0.000000000000000000e+00
6.505267127697103025e-01	1.164358637705075639e+00	0.000000000000000000e+00
6.505267127697103025e-01	1.164358637705075639e+00	0.000000000000000000e+00
6.505267127697103025e-01	1.164358637705075639e+00	0.000000000000000000e+00
6.505267127697103025e-01	1.164358637705075639e+00	0.000000000000000000e+00
6.505267127697103025e-01	1.237667447052170910e+00	0.000000000000000000e+00
6.505267127697103025e-01	1.237667447052170910e+00	0.000000000000000000e+00
6.505267127697103025e-01	1.237667447052170910e+00	0.000000000000000000e+00
6.505267127697103025e-01	1.237667447052170910e+00	0.000000000000000000e+00
6.505267127697103025e-01	1.237667447052170910e+00	0.000000000000000000e+00
6.505267127697103025e-01	1.236820027105855369e+00	0.000000000000000000e+00
6.505267127697103025e-01	1.236820027105855369e+00	0.000000000000000000e+00
8.438513428122352833e-01	1.340252341303610484e+00	0.000000000000000000e+00
8.438513428122352833e-01	1.340252341303610484e+00	0.000000000000000000e+00
8.438513428122352833e-01	1.340252341303610484e+00	0.000000000000000000e+00
8.438513428122352833e-01	1.340252341303610484e+00	0.000000000000000000e+00
8.438513428122352833e-01	1.340252341303610484e+00	0.000000000000000000e+00
8.438513428122352833e-01	1.340252341303610484e+00	0.000000000000000000e+00
8.438513428122352833e-01	1.340252341303610484e+00	0.000000000000000000e+00
8.438513428122352833e-01	1.340252341303610484e+00	0.000000000000000000e+00
8.436115012766557397e-01	1.341565318285125707e+00	0.000000000000000000e+00
8.436115012766557397e-01	1.341565318285125707e+00	0.000000000000000000e+00
8.436115012766557397e-01	1.342726899841584665e+00	0.000000000000000000e+00
8.436115012766557397e-01	1.342726899841584665e+00	0.000000000000000000e+00
8.436115012766557397e-01	1.342726899841584665e+00	0.000000000000000000e+00
8.436115012766557397e-01	1.342726899841584665e+00	0.000000000000000000e+00
8.436115012766557397e-01	1.342726899841584665e+00	0.000000000000000000e+00
8.436115012766557397e-01	1.342726899841584665e+00	0.000000000000000000e+00
