0.000000000000000000e+00	1.311450726804289424e+00	0.000000000000000000e+00
1.761483269717106434e-02	1.139163088935819967e+00	0.000000000000000000e+00
3.323808837909231206e-02	1.082323363427776242e+00	0.000000000000000000e+00
4.823544910430509203e-02	9.547368181537349008e-01	0.000000000000000000e+00
6.536640190325389288e-02	8.751176733565788624e-01	0.000000000000000000e+00
6.536640190325389288e-02	8.751176733565788624e-01	0.000000000000000000e+00
8.184923898456623881e-02	8.613557036767226505e-01	0.000000000000000000e+00
9.791339574664703616e-02	8.375758054297706146e-01	0.000000000000000000e+00
9.791339574664703616e-02	8.375758054297706146e-01	0.000000000000000000e+00
9.791339574664703616e-02	8.375758054297706146e-01	0.000000000000000000e+00
9.791339574664703616e-02	8.578780918934508781e-01	0.000000000000000000e+00
9.791339574664703616e-02	8.578780918934508781e-01	0.000000000000000000e+00
1.939372107683798863e-01	7.927901177681631051e-01	0.000000000000000000e+00
2.055183508576076123e-01	7.150992569854636161e-01	0.000000000000000000e+00
2.170994909468353384e-01	6.306559077471636243e-01	0.000000000000000000e+00
2.206897624332031793e-01	5.921310730152624657e-01	0.000000000000000000e+00
2.280996400305781158e-01	5.327531798536747631e-01	0.000000000000000000e+00
2.328170477764356372e-01	5.238887092660782230e-01	0.000000000000000000e+00
2.529503343695389539e-01	4.266633575629707464e-01	0.000000000000000000e+00
2.529503343695389539e-01	4.232731897828102552e-01	0.000000000000000000e+00
2.609634375933675976e-01	4.053753282612886921e-01	0.000000000000000000e+00
2.609634375933675976e-01	4.047683804758775983e-01	0.000000000000000000e+00
2.609634375933675976e-01	4.047683804758775983e-01	0.000000000000000000e+00
2.609634375933675976e-01	4.047683804758775983e-01	0.000000000000000000e+00
2.609634375933675976e-01	4.047683804758775983e-01	0.000000000000000000e+00
2.609634375933675976e-01	4.047683804758775983e-01	0.000000000000000000e+00
2.609634375933675976e-01	4.047683804758775983e-01	0.000000000000000000e+00
2.609634375933675976e-01	4.047683804758775983e-01	0.000000000000000000e+00
4.092072454367571277e-01	3.803129204063526170e-01	0.000000000000000000e+00
4.127748693236246158e-01	3.644021312119981593e-01	0.000000000000000000e+00
4.185022235173952998e-01	3.019932163226652366e-01	0.000000000000000000e+00
4.185022235173952998e-01	2.671246461775423908e-01	0.000000000000000000e+00
4.213659006142806418e-01	2.338061656811916134e-01	0.000000000000000000e+00
4.264231999490413760e-01	1.518342401200802605e-01	0.000000000000000000e+00
4.264231999490413760e-01	1.518342401200802605e-01	0.000000000000000000e+00
4.264231999490413760e-01	1.224396189920716610e-01	0.000000000000000000e+00
4.335660400326591390e-01	7.960278745255261468e-02	0.000000000000000000e+00
4.335660400326591390e-01	7.960278745255261468e-02	0.000000000000000000e+00
4.424824595137967220e-01	3.118432234238864911e-02	0.000000000000000000e+00
4.424824595137967220e-01	3.118432234238864911e-02	0.000000000000000000e+00
4.453131547730957429e-01	1.161224236407726144e-02	0.000000000000000000e+00
4.453131547730957429e-01	5.634697723514436873e-03	0.000000000000000000e+00
4.453131547730957429e-01	5.634697723514436873e-03	0.000000000000000000e+00
4.453131547730957429e-01	5.634697723514436873e-03	0.000000000000000000e+00
4.556099578890060453e-01	6.829926931943480772e-03	0.000000000000000000e+00
4.556099578890060453e-01	6.829926931943480772e-03	0.000000000000000000e+00
4.556099578890060453e-01	6.829926931943480772e-03	0.000000000000000000e+00
4.556099578890060453e-01	6.829926931943480772e-03	0.000000000000000000e+00
4.556099578890060453e-01	6.829926931943480772e-03	0.000000000000000000e+00
6.199064064864908685e-01	-4.396306614231643844e-02	0.000000000000000000e+00
6.199064064864908685e-01	-4.396306614231643844e-02	0.000000000000000000e+00
6.199064064864908685e-01	-5.547725128289867497e-02	0.000000000000000000e+00
6.236279807932506580e-01	-1.063875163490559661e-01	0.000000000000000000e+00
6.236279807932506580e-01	-1.063875163490559661e-01	0.000000000000000000e+00
6.249804924556691121e-01	-1.185958980958397996e-01	0.000000000000000000e+00
6.258397606745316200e-01	-1.409655448459791738e-01	0.000000000000000000e+00
6.267706966893042964e-01	-1.761842822539905484e-01	0.000000000000000000e+00
6.267706966893042964e-01	-1.761842822539905484e-01	0.000000000000000000e+00
6.304788839680693924e-01	-2.037129484632324017e-01	0.000000000000000000e+00
6.322311873659793857e-01	-2.246450216699005797e-01	0.000000000000000000e+00
6.322311873659793857e-01	-2.318940617088041389e-01	0.000000000000000000e+00
6.343553292449101155e-01	-2.505224631054871476e-01	0.000000000000000000e+00
6.404751458329653868e-01	-3.000885039237407570e-01	0.000000000000000000e+00
6.404751458329653868e-01	-3.000885039237407570e-01	0.000000000000000000e+00
6.388614988482095303e-01	-3.016699771470635616e-01	0.000000000000000000e+00
6.404751458329653868e-01	-3.070760344003707343e-01	0.000000000000000000e+00
6.439276754832949923e-01	-3.331109646971149307e-01	0.000000000000000000e+00
6.439276754832949923e-01	-3.331109646971149307e-01	0.000000000000000000e+00
6.465456901591852823e-01	-3.432264844391820779e-01	0.000000000000000000e+00
6.517817195109657513e-01	-3.591344397354791496e-01	0.000000000000000000e+00
6.517817195109657513e-01	-3.599620160184896500e-01	0.000000000000000000e+00
6.517817195109657513e-01	-3.599620160184896500e-01	0.000000000000000000e+00
6.517817195109657513e-01	-3.599620160184896500e-01	0.000000000000000000e+00
6.517817195109657513e-01	-3.599620160184896500e-01	0.000000000000000000e+00
8.278212455048492568e-01	-3.831158776401323296e-01	0.000000000000000000e+00
8.278212455048492568e-01	-3.831158776401323296e-01	0.000000000000000000e+00
8.278212455048492568e-01	-3.927732973481293799e-01	0.000000000000000000e+00
8.282338032191999266e-01	-4.175355284012799983e-01	0.000000000000000000e+00
8.282338032191999266e-01	-4.175355284012799983e-01	0.000000000000000000e+00
8.303879953395463254e-01	-4.359521737824044174e-01	0.000000000000000000e+00
8.303879953395463254e-01	-4.421108803502517559e-01	0.000000000000000000e+00
8.303879953395463254e-01	-4.555082614091678361e-01	0.000000000000000000e+00
8.330856281713643341e-01	-4.818879847620072820e-01	0.000000000000000000e+00
8.321401581212792831e-01	-4.875362135269404873e-01	0.000000000000000000e+00
8.330856281713643341e-01	-5.014566522301129314e-01	0.000000000000000000e+00
8.330856281713643341e-01	-5.106624435108826354e-01	0.000000000000000000e+00
8.336960527411487742e-01	-5.144582954803519348e-01	0.000000000000000000e+00
8.363251382217135044e-01	-5.493642862336336474e-01	0.000000000000000000e+00
8.363251382217135044e-01	-5.493642862336336474e-01	0.000000000000000000e+00
8.363251382217135044e-01	-5.493642862336336474e-01	0.000000000000000000e+00
8.378047497143568112e-01	-5.582538067251398006e-01	0.000000000000000000e+00
8.387240109718011594e-01	-5.715626689502135704e-01	0.000000000000000000e+00
8.395360495182249139e-01	-5.815326472661852542e-01	0.000000000000000000e+00
8.411106963828279826e-01	-6.007765900059658382e-01	0.000000000000000000e+00
8.411106963828279826e-01	-6.007765900059658382e-01	0.000000000000000000e+00
8.440015659315529550e-01	-6.189053986995355361e-01	0.000000000000000000e+00
8.440015659315529550e-01	-6.189053986995355361e-01	0.000000000000000000e+00
8.458057411503023815e-01	-6.280937898693661481e-01	0.000000000000000000e+00
8.480639956758158071e-01	-6.366649159707929995e-01	0.000000000000000000e+00
8.487159859548046859e-01	-6.399112876046100240e-01	0.000000000000000000e+00
