0.000000000000000000e+00	1.792608558298281363e+00	0.000000000000000000e+00
1.094425424676988973e-02	1.445507761383626244e+00	0.000000000000000000e+00
3.840466613034591858e-02	1.223005933330963302e+00	0.000000000000000000e+00
3.840466613034591858e-02	1.223005933330963302e+00	0.000000000000000000e+00
6.578453623134575268e-02	1.201623449223798490e+00	0.000000000000000000e+00
8.425369431052777414e-02	1.200023928528390016e+00	0.000000000000000000e+00
9.834503113007356245e-02	1.146693736333684654e+00	0.000000000000000000e+00
9.834503113007356245e-02	1.146693736333684654e+00	0.000000000000000000e+00
9.834503113007356245e-02	1.146693736333684654e+00	0.000000000000000000e+00
9.834503113007356245e-02	1.146693736333684654e+00	0.000000000000000000e+00
1.876045689161645047e-01	1.075969530660296103e+00	0.000000000000000000e+00
1.876045689161645047e-01	9.928350545553127349e-01	0.000000000000000000e+00
2.031528722194789194e-01	9.100776557939381783e-01	0.000000000000000000e+00
2.208947625938889603e-01	8.499813624325650574e-01	0.000000000000000000e+00
2.221680794384130742e-01	7.347164425239577357e-01	0.000000000000000000e+00
2.302192650864641199e-01	6.563232581062887760e-01	0.000000000000000000e+00
2.302192650864641199e-01	6.563232581062887760e-01	0.000000000000000000e+00
2.484122782236501126e-01	5.886250493324086674e-01	0.000000000000000000e+00
2.615416568581558909e-01	5.431383588687666020e-01	0.000000000000000000e+00
2.615416568581558909e-01	5.260218958031708247e-01	0.000000000000000000e+00
2.615416568581558909e-01	5.260218958031708247e-01	0.000000000000000000e+00
2.615416568581558909e-01	5.132050734293500671e-01	0.000000000000000000e+00
2.615416568581558909e-01	5.132050734293500671e-01	0.000000000000000000e+00
2.615416568581558909e-01	5.132050734293500671e-01	0.000000000000000000e+00
2.615416568581558909e-01	5.132050734293500671e-01	0.000000000000000000e+00
2.615416568581558909e-01	5.132050734293500671e-01	0.000000000000000000e+00
2.615416568581558909e-01	5.132050734293500671e-01	0.000000000000000000e+00
4.108296440545725070e-01	4.950872879422458794e-01	0.000000000000000000e+00
4.197675008551919884e-01	3.626828950912862060e-01	0.000000000000000000e+00
4.197675008551919884e-01	3.626828950912862060e-01	0.000000000000000000e+00
4.210577091557261009e-01	3.137414492519665088e-01	0.000000000000000000e+00
4.210577091557261009e-01	3.061804899622046494e-01	0.000000000000000000e+00
4.210577091557261009e-01	2.659526392454313881e-01	0.000000000000000000e+00
4.312233783286453792e-01	2.102975733575310480e-01	0.000000000000000000e+00
4.312233783286453792e-01	1.599375299585933108e-01	0.000000000000000000e+00
4.312233783286453792e-01	1.599375299585933108e-01	0.000000000000000000e+00
4.312233783286453792e-01	1.586793193463049978e-01	0.000000000000000000e+00
4.471207572786122242e-01	1.269131744510807736e-01	0.000000000000000000e+00
4.479807067110594399e-01	8.663528412241740251e-02	0.000000000000000000e+00
4.471207572786122242e-01	7.646998381556759095e-02	0.000000000000000000e+00
4.479807067110594399e-01	4.429572733189592743e-02	0.000000000000000000e+00
4.479807067110594399e-01	4.429572733189592743e-02	0.000000000000000000e+00
4.479807067110594399e-01	4.185028913508689191e-02	0.000000000000000000e+00
4.479807067110594399e-01	4.185028913508689191e-02	0.000000000000000000e+00
4.479807067110594399e-01	4.185028913508689191e-02	0.000000000000000000e+00
4.479807067110594399e-01	4.185028913508689191e-02	0.000000000000000000e+00
4.479807067110594399e-01	4.185028913508689191e-02	0.000000000000000000e+00
4.479807067110594399e-01	4.185028913508689191e-02	0.000000000000000000e+00
4.479807067110594399e-01	4.185028913508689191e-02	0.000000000000000000e+00
6.298515842240375306e-01	-1.319163542909200237e-01	0.000000000000000000e+00
6.298515842240375306e-01	-1.319163542909200237e-01	0.000000000000000000e+00
6.298515842240375306e-01	-1.319163542909200237e-01	0.000000000000000000e+00
6.298515842240375306e-01	-1.319163542909200237e-01	0.000000000000000000e+00
6.298515842240375306e-01	-1.319163542909200237e-01	0.000000000000000000e+00
6.298515842240375306e-01	-1.319163542909200237e-01	0.000000000000000000e+00
6.298515842240375306e-01	-1.319163542909200237e-01	0.000000000000000000e+00
6.310272704215558193e-01	-1.458522428947196248e-01	0.000000000000000000e+00
6.410688819232867042e-01	-2.006919052908413825e-01	0.000000000000000000e+00
6.410688819232867042e-01	-2.006919052908413825e-01	0.000000000000000000e+00
6.410688819232867042e-01	-2.006919052908413825e-01	0.000000000000000000e+00
6.410688819232867042e-01	-2.433066412581916804e-01	0.000000000000000000e+00
6.410688819232867042e-01	-2.411877075627931466e-01	0.000000000000000000e+00
6.410688819232867042e-01	-2.411877075627931466e-01	0.000000000000000000e+00
6.410688819232867042e-01	-2.433066412581916804e-01	0.000000000000000000e+00
6.410688819232867042e-01	-2.433066412581916804e-01	0.000000000000000000e+00
6.410688819232867042e-01	-2.433066412581916804e-01	0.000000000000000000e+00
6.410688819232867042e-01	-2.433066412581916804e-01	0.000000000000000000e+00
6.410688819232867042e-01	-2.411877075627931466e-01	0.000000000000000000e+00
8.295663178972976226e-01	-4.110297219626347642e-01	0.000000000000000000e+00
8.295663178972976226e-01	-3.926566051808901836e-01	0.000000000000000000e+00
8.295663178972976226e-01	-3.926566051808901836e-01	0.000000000000000000e+00
8.295663178972976226e-01	-3.926566051808901836e-01	0.000000000000000000e+00
8.295663178972976226e-01	-3.926566051808901836e-01	0.000000000000000000e+00
8.295663178972976226e-01	-3.926566051808901836e-01	0.000000000000000000e+00
8.295663178972976226e-01	-4.255240331762168982e-01	0.000000000000000000e+00
8.295663178972976226e-01	-4.255240331762168982e-01	0.000000000000000000e+00
8.295663178972976226e-01	-4.255240331762168982e-01	0.000000000000000000e+00
8.295663178972976226e-01	-4.255240331762168982e-01	0.000000000000000000e+00
8.295663178972976226e-01	-4.255240331762168982e-01	0.000000000000000000e+00
8.295663178972976226e-01	-4.255240331762168982e-01	0.000000000000000000e+00
8.295663178972976226e-01	-4.255240331762168982e-01	0.000000000000000000e+00
8.327397413533697001e-01	-4.412246291099169437e-01	0.000000000000000000e+00
8.327397413533697001e-01	-4.412246291099169437e-01	0.000000000000000000e+00
8.389246249111267373e-01	-5.240106115212032067e-01	0.000000000000000000e+00
8.389246249111267373e-01	-5.240106115212032067e-01	0.000000000000000000e+00
8.354652123823553822e-01	-4.868913561752663544e-01	0.000000000000000000e+00
8.389246249111267373e-01	-5.240106115212032067e-01	0.000000000000000000e+00
8.389246249111267373e-01	-5.240106115212032067e-01	0.000000000000000000e+00
8.389246249111267373e-01	-5.240106115212032067e-01	0.000000000000000000e+00
8.423840374398980924e-01	-5.276135456904125220e-01	0.000000000000000000e+00
8.423840374398980924e-01	-5.682302931798963730e-01	0.000000000000000000e+00
8.423840374398980924e-01	-5.682302931798963730e-01	0.000000000000000000e+00
8.423840374398980924e-01	-5.682302931798963730e-01	0.000000000000000000e+00
8.423840374398980924e-01	-5.682302931798963730e-01	0.000000000000000000e+00
8.453626867983643489e-01	-6.116953739469352946e-01	0.000000000000000000e+00
8.453626867983643489e-01	-6.116953739469352946e-01	0.000000000000000000e+00
8.453626867983643489e-01	-6.116953739469352946e-01	0.000000000000000000e+00
8.453626867983643489e-01	-6.116953739469352946e-01	0.000000000000000000e+00
8.453626867983643489e-01	-6.196175862856910799e-01	0.000000000000000000e+00
8.453626867983643489e-01	-6.220074919428234539e-01	0.000000000000000000e+00
