0.000000000000000000e+00	1.506353528958206400e+00	0.000000000000000000e+00
1.761483269717106434e-02	1.139163088935819967e+00	0.000000000000000000e+00
3.323808837909231206e-02	1.082323363427776242e+00	0.000000000000000000e+00
4.823544910430509203e-02	9.547368181537349008e-01	0.000000000000000000e+00
6.536640190325389288e-02	8.674094150474932485e-01	0.000000000000000000e+00
7.333729778139913558e-02	8.405687425843166860e-01	0.000000000000000000e+00
9.100716326837185455e-02	7.950042666324181884e-01	0.000000000000000000e+00
9.100716326837185455e-02	7.950042666324181884e-01	0.000000000000000000e+00
9.100716326837185455e-02	7.950042666324181884e-01	0.000000000000000000e+00
9.100716326837185455e-02	7.950042666324181884e-01	0.000000000000000000e+00
9.791339574664703616e-02	7.967258023774067555e-01	0.000000000000000000e+00
9.791339574664703616e-02	7.967258023774067555e-01	0.000000000000000000e+00
1.969268602799201240e-01	7.586493653597436992e-01	0.000000000000000000e+00
2.055183508576076123e-01	7.150992569854636161e-01	0.000000000000000000e+00
2.140362189864931930e-01	6.640435824187044256e-01	0.000000000000000000e+00
2.206897624332031793e-01	5.921310730152624657e-01	0.000000000000000000e+00
2.280996400305781158e-01	5.327531798536747631e-01	0.000000000000000000e+00
2.344834769569886235e-01	4.800843112993105066e-01	0.000000000000000000e+00
2.431527827556728416e-01	4.216837738450854300e-01	0.000000000000000000e+00
2.558914483514476701e-01	3.920045837721971571e-01	0.000000000000000000e+00
2.558914483514476701e-01	3.920045837721971571e-01	0.000000000000000000e+00
2.558914483514476701e-01	3.920045837721971571e-01	0.000000000000000000e+00
2.558914483514476701e-01	3.920045837721971571e-01	0.000000000000000000e+00
2.558914483514476701e-01	3.912137696849352086e-01	0.000000000000000000e+00
2.558914483514476701e-01	3.912137696849352086e-01	0.000000000000000000e+00
2.558914483514476701e-01	3.912137696849352086e-01	0.000000000000000000e+00
2.558914483514476701e-01	3.912137696849352086e-01	0.000000000000000000e+00
2.558914483514476701e-01	3.912137696849352086e-01	0.000000000000000000e+00
2.558914483514476701e-01	3.912137696849352086e-01	0.000000000000000000e+00
4.174054123984576314e-01	2.707306833186462480e-01	0.000000000000000000e+00
4.174054123984576314e-01	2.707306833186462480e-01	0.000000000000000000e+00
4.193856565063691644e-01	2.406112295715121807e-01	0.000000000000000000e+00
4.213659006142806418e-01	2.033898212014985662e-01	0.000000000000000000e+00
4.213659006142806418e-01	2.033898212014985662e-01	0.000000000000000000e+00
4.355055724620155999e-01	1.091009363295379203e-01	0.000000000000000000e+00
4.264231999490413760e-01	1.224396189920716610e-01	0.000000000000000000e+00
4.319341524202067184e-01	9.801277251374676536e-02	0.000000000000000000e+00
4.335660400326591390e-01	7.960278745255261468e-02	0.000000000000000000e+00
4.355055724620155999e-01	6.531153886089882676e-02	0.000000000000000000e+00
4.395306456402291451e-01	1.527857086885431662e-02	0.000000000000000000e+00
4.479924803614107054e-01	-1.155895857806144705e-02	0.000000000000000000e+00
4.479924803614107054e-01	-1.155895857806144705e-02	0.000000000000000000e+00
4.479924803614107054e-01	-1.155895857806144705e-02	0.000000000000000000e+00
4.479924803614107054e-01	-1.155895857806144705e-02	0.000000000000000000e+00
4.479924803614107054e-01	-1.155895857806144705e-02	0.000000000000000000e+00
4.479924803614107054e-01	-1.155895857806144705e-02	0.000000000000000000e+00
4.479924803614107054e-01	-1.155895857806144705e-02	0.000000000000000000e+00
4.479924803614107054e-01	-1.155895857806144705e-02	0.000000000000000000e+00
4.479924803614107054e-01	-1.091477546441531853e-02	0.000000000000000000e+00
4.527686739340456290e-01	-9.373458534412579604e-03	0.000000000000000000e+00
6.199064064864908685e-01	-4.396306614231643844e-02	0.000000000000000000e+00
6.202180414040125989e-01	-5.944975048069475743e-02	0.000000000000000000e+00
6.264904160790292220e-01	-1.284660432414048148e-01	0.000000000000000000e+00
6.245459732555109778e-01	-1.314100484211571107e-01	0.000000000000000000e+00
6.245459732555109778e-01	-1.314100484211571107e-01	0.000000000000000000e+00
6.304788839680693924e-01	-1.990197845211828798e-01	0.000000000000000000e+00
6.304788839680693924e-01	-1.990197845211828798e-01	0.000000000000000000e+00
6.304788839680693924e-01	-1.990197845211828798e-01	0.000000000000000000e+00
6.403603774329286180e-01	-3.117211816378110401e-01	0.000000000000000000e+00
6.322311873659793857e-01	-2.406184903897984895e-01	0.000000000000000000e+00
6.403603774329286180e-01	-3.117211816378110401e-01	0.000000000000000000e+00
6.383042703773831317e-01	-2.846279691115906618e-01	0.000000000000000000e+00
6.403603774329286180e-01	-3.117211816378110401e-01	0.000000000000000000e+00
6.403603774329286180e-01	-3.117211816378110401e-01	0.000000000000000000e+00
6.383042703773831317e-01	-3.134240395264584200e-01	0.000000000000000000e+00
6.383042703773831317e-01	-3.134240395264584200e-01	0.000000000000000000e+00
6.439276754832949923e-01	-3.264993103644228123e-01	0.000000000000000000e+00
6.439276754832949923e-01	-3.418712874166222604e-01	0.000000000000000000e+00
6.478546974971304273e-01	-3.606187097193197522e-01	0.000000000000000000e+00
6.478546974971304273e-01	-3.606187097193197522e-01	0.000000000000000000e+00
6.478546974971304273e-01	-3.606187097193197522e-01	0.000000000000000000e+00
6.478546974971304273e-01	-3.606187097193197522e-01	0.000000000000000000e+00
6.517817195109657513e-01	-3.599620160184896500e-01	0.000000000000000000e+00
8.276192420611191425e-01	-4.114181116514503134e-01	0.000000000000000000e+00
8.273870185247206299e-01	-3.952102447832701038e-01	0.000000000000000000e+00
8.295827530680368600e-01	-4.402589012273403490e-01	0.000000000000000000e+00
8.295827530680368600e-01	-4.402589012273403490e-01	0.000000000000000000e+00
8.295827530680368600e-01	-4.402589012273403490e-01	0.000000000000000000e+00
8.300458554497656127e-01	-4.719144065232799279e-01	0.000000000000000000e+00
8.295827530680368600e-01	-4.402589012273403490e-01	0.000000000000000000e+00
8.300458554497656127e-01	-4.719144065232799279e-01	0.000000000000000000e+00
8.326640847974234871e-01	-5.059482541335713623e-01	0.000000000000000000e+00
8.316960008053180253e-01	-4.964804935205984759e-01	0.000000000000000000e+00
8.326640847974234871e-01	-5.059482541335713623e-01	0.000000000000000000e+00
8.326640847974234871e-01	-5.059482541335713623e-01	0.000000000000000000e+00
8.326640847974234871e-01	-5.087100131964424898e-01	0.000000000000000000e+00
8.357752774028395226e-01	-5.383446840070942319e-01	0.000000000000000000e+00
8.357752774028395226e-01	-5.383446840070942319e-01	0.000000000000000000e+00
8.357752774028395226e-01	-5.428036527640572872e-01	0.000000000000000000e+00
8.387240109718011594e-01	-5.742464569916319039e-01	0.000000000000000000e+00
8.563645458645934294e-01	-6.566273728372421514e-01	0.000000000000000000e+00
8.563645458645934294e-01	-6.566273728372421514e-01	0.000000000000000000e+00
8.504843675669959691e-01	-6.676655303591615409e-01	0.000000000000000000e+00
8.504843675669959691e-01	-6.676655303591615409e-01	0.000000000000000000e+00
8.504843675669959691e-01	-6.676655303591615409e-01	0.000000000000000000e+00
8.492910248614825575e-01	-6.450737591326972664e-01	0.000000000000000000e+00
8.504843675669959691e-01	-6.676655303591615409e-01	0.000000000000000000e+00
8.504843675669959691e-01	-6.676655303591615409e-01	0.000000000000000000e+00
8.504843675669959691e-01	-6.676655303591615409e-01	0.000000000000000000e+00
8.504843675669959691e-01	-6.676655303591615409e-01	0.000000000000000000e+00
