0.000000000000000000e+00	1.406752462053254771e+00	0.000000000000000000e+00
1.094425424676988973e-02	1.189854414050854237e+00	0.000000000000000000e+00
3.323808837909231206e-02	1.094739492696611860e+00	0.000000000000000000e+00
5.328802670219318777e-02	1.039430947858677179e+00	0.000000000000000000e+00
6.536640190325389288e-02	9.465323977533268707e-01	0.000000000000000000e+00
8.262089514064160922e-02	9.191068772859685154e-01	0.000000000000000000e+00
8.262089514064160922e-02	9.191068772859685154e-01	0.000000000000000000e+00
8.184923898456623881e-02	9.168817704021501314e-01	0.000000000000000000e+00
8.184923898456623881e-02	9.168817704021501314e-01	0.000000000000000000e+00
8.184923898456623881e-02	9.168817704021501314e-01	0.000000000000000000e+00
8.184923898456623881e-02	9.168817704021501314e-01	0.000000000000000000e+00
8.184923898456623881e-02	9.168817704021501314e-01	0.000000000000000000e+00
2.096852516489849105e-01	8.879414419546091120e-01	0.000000000000000000e+00
2.096852516489849105e-01	7.783496122657799221e-01	0.000000000000000000e+00
2.221680794384130742e-01	6.170136033418461841e-01	0.000000000000000000e+00
2.221680794384130742e-01	6.170136033418461841e-01	0.000000000000000000e+00
2.328170477764356372e-01	5.296043792985831722e-01	0.000000000000000000e+00
2.328170477764356372e-01	5.296043792985831722e-01	0.000000000000000000e+00
2.521626931853767628e-01	4.395043009442555770e-01	0.000000000000000000e+00
2.521626931853767628e-01	4.333349599820054410e-01	0.000000000000000000e+00
2.609634375933675976e-01	4.276113089709964732e-01	0.000000000000000000e+00
2.609634375933675976e-01	4.276113089709964732e-01	0.000000000000000000e+00
2.609634375933675976e-01	4.276113089709964732e-01	0.000000000000000000e+00
2.609634375933675976e-01	4.276113089709964732e-01	0.000000000000000000e+00
2.609634375933675976e-01	4.276113089709964732e-01	0.000000000000000000e+00
2.609634375933675976e-01	4.276113089709964732e-01	0.000000000000000000e+00
2.609634375933675976e-01	4.276113089709964732e-01	0.000000000000000000e+00
2.609634375933675976e-01	4.279182970241151018e-01	0.000000000000000000e+00
4.118107924756180260e-01	3.764978520663795347e-01	0.000000000000000000e+00
4.151990466209027897e-01	2.899093229069133471e-01	0.000000000000000000e+00
4.151990466209027897e-01	2.899093229069133471e-01	0.000000000000000000e+00
4.185022235173952998e-01	2.833940000527080949e-01	0.000000000000000000e+00
4.210577091557261009e-01	2.515231892276271752e-01	0.000000000000000000e+00
4.264231999490413760e-01	2.179684568904767805e-01	0.000000000000000000e+00
4.304868461022322013e-01	1.622677377540085730e-01	0.000000000000000000e+00
4.312233783286453792e-01	1.599375299585933108e-01	0.000000000000000000e+00
4.340322653258036900e-01	1.274711192975129248e-01	0.000000000000000000e+00
4.387099496034735369e-01	8.787796226138555600e-02	0.000000000000000000e+00
4.418129902819295518e-01	7.691409328693145364e-02	0.000000000000000000e+00
4.469795195968250257e-01	5.418290580449287158e-02	0.000000000000000000e+00
4.476376934963040011e-01	3.134352004371140921e-02	0.000000000000000000e+00
4.575788635831710138e-01	2.388281519379627585e-02	0.000000000000000000e+00
4.536410521948410768e-01	2.385424004419695390e-02	0.000000000000000000e+00
4.536410521948410768e-01	2.385424004419695390e-02	0.000000000000000000e+00
4.536410521948410768e-01	2.385424004419695390e-02	0.000000000000000000e+00
4.536410521948410768e-01	2.385424004419695390e-02	0.000000000000000000e+00
4.536410521948410768e-01	2.385424004419695390e-02	0.000000000000000000e+00
4.536410521948410768e-01	2.385424004419695390e-02	0.000000000000000000e+00
4.536410521948410768e-01	2.385424004419695390e-02	0.000000000000000000e+00
6.216183337626504102e-01	-3.888965863604398887e-02	0.000000000000000000e+00
6.216183337626504102e-01	-3.888965863604398887e-02	0.000000000000000000e+00
6.218705366406962476e-01	-5.045883728529622358e-02	0.000000000000000000e+00
6.218705366406962476e-01	-6.827185805410596053e-02	0.000000000000000000e+00
6.249804924556691121e-01	-9.957150144606653763e-02	0.000000000000000000e+00
6.257848469661135837e-01	-1.214537525980312893e-01	0.000000000000000000e+00
6.266358775567179018e-01	-1.327310709891734164e-01	0.000000000000000000e+00
6.273398248735999605e-01	-1.490217640837890323e-01	0.000000000000000000e+00
6.290822307812083958e-01	-1.666819257396084664e-01	0.000000000000000000e+00
6.326686862904513653e-01	-2.008746353364137538e-01	0.000000000000000000e+00
6.326686862904513653e-01	-2.008746353364137538e-01	0.000000000000000000e+00
6.332014388640648805e-01	-2.229795625665628722e-01	0.000000000000000000e+00
6.347940944385735973e-01	-2.469524884130572528e-01	0.000000000000000000e+00
6.360736314556243443e-01	-2.665774369814997158e-01	0.000000000000000000e+00
6.360736314556243443e-01	-2.665774369814997158e-01	0.000000000000000000e+00
6.410688819232867042e-01	-2.796468446020203835e-01	0.000000000000000000e+00
6.465456901591852823e-01	-3.405080839666080328e-01	0.000000000000000000e+00
6.465456901591852823e-01	-3.405080839666080328e-01	0.000000000000000000e+00
6.465456901591852823e-01	-3.405080839666080328e-01	0.000000000000000000e+00
6.465456901591852823e-01	-3.405080839666080328e-01	0.000000000000000000e+00
6.465456901591852823e-01	-3.405080839666080328e-01	0.000000000000000000e+00
6.465456901591852823e-01	-3.315538594601967759e-01	0.000000000000000000e+00
6.465456901591852823e-01	-3.315538594601967759e-01	0.000000000000000000e+00
8.291930145914516714e-01	-3.337223522761778582e-01	0.000000000000000000e+00
8.291930145914516714e-01	-3.398682335582229319e-01	0.000000000000000000e+00
8.293328235802730486e-01	-3.878975996814016391e-01	0.000000000000000000e+00
8.293328235802730486e-01	-3.878975996814016391e-01	0.000000000000000000e+00
8.291930145914516714e-01	-3.813850935874842918e-01	0.000000000000000000e+00
8.294106550192812399e-01	-4.064271519644908626e-01	0.000000000000000000e+00
8.294106550192812399e-01	-4.064271519644908626e-01	0.000000000000000000e+00
8.295663178972976226e-01	-4.235726363750935142e-01	0.000000000000000000e+00
8.315829760876409793e-01	-4.443593501877516339e-01	0.000000000000000000e+00
8.315829760876409793e-01	-4.516309035100008473e-01	0.000000000000000000e+00
8.318346228504214235e-01	-4.567134645410246274e-01	0.000000000000000000e+00
8.332022593619040629e-01	-4.700076866493893557e-01	0.000000000000000000e+00
8.334290917288337264e-01	-5.071108967439715842e-01	0.000000000000000000e+00
8.334290917288337264e-01	-5.071108967439715842e-01	0.000000000000000000e+00
8.334290917288337264e-01	-5.071108967439715842e-01	0.000000000000000000e+00
8.368583836830714162e-01	-5.257061334504578021e-01	0.000000000000000000e+00
8.368583836830714162e-01	-5.257061334504578021e-01	0.000000000000000000e+00
8.369731256607548797e-01	-5.376845427600532856e-01	0.000000000000000000e+00
8.385494398692172613e-01	-5.537982506699010710e-01	0.000000000000000000e+00
8.395413775241828969e-01	-5.631539680271963055e-01	0.000000000000000000e+00
8.397148384668738919e-01	-5.775354365447166183e-01	0.000000000000000000e+00
8.397148384668738919e-01	-5.775354365447166183e-01	0.000000000000000000e+00
8.414972303349782523e-01	-5.899117155346089714e-01	0.000000000000000000e+00
8.432892095009397737e-01	-6.008746854686560779e-01	0.000000000000000000e+00
8.432892095009397737e-01	-6.095853079819824050e-01	0.000000000000000000e+00
8.439665454521266819e-01	-6.187647882158555657e-01	0.000000000000000000e+00
8.453626867983643489e-01	-6.272007565213221225e-01	0.000000000000000000e+00
8.475517350143071393e-01	-6.292331767784208330e-01	0.000000000000000000e+00
