0.000000000000000000e+00	1.991956332793146878e+00	0.000000000000000000e+00
1.094425424676988973e-02	1.688874390561772021e+00	0.000000000000000000e+00
3.155650525754728764e-02	1.482215195800216323e+00	0.000000000000000000e+00
3.840466613034591858e-02	1.318099811008798028e+00	0.000000000000000000e+00
3.840466613034591858e-02	1.318099811008798028e+00	0.000000000000000000e+00
8.900364600555445149e-02	1.266963891433380951e+00	0.000000000000000000e+00
1.035256559278015520e-01	1.185570011158876724e+00	0.000000000000000000e+00
1.035256559278015520e-01	1.185570011158876724e+00	0.000000000000000000e+00
1.035256559278015520e-01	1.185570011158876724e+00	0.000000000000000000e+00
1.035256559278015520e-01	1.185570011158876724e+00	0.000000000000000000e+00
1.035256559278015520e-01	1.185570011158876724e+00	0.000000000000000000e+00
1.035256559278015520e-01	1.185570011158876724e+00	0.000000000000000000e+00
2.067159846510783494e-01	1.014300745033980489e+00	0.000000000000000000e+00
2.067159846510783494e-01	9.754009060950153964e-01	0.000000000000000000e+00
2.281902901147488116e-01	8.684507125171541109e-01	0.000000000000000000e+00
2.281902901147488116e-01	8.684507125171541109e-01	0.000000000000000000e+00
2.308853258368805117e-01	6.766710644751952053e-01	0.000000000000000000e+00
2.308853258368805117e-01	6.766710644751952053e-01	0.000000000000000000e+00
2.421341950894161654e-01	6.490867506282359534e-01	0.000000000000000000e+00
2.421341950894161654e-01	6.353133834058632967e-01	0.000000000000000000e+00
2.641020218352842508e-01	6.150996106631358984e-01	0.000000000000000000e+00
2.641020218352842508e-01	5.977736175776351413e-01	0.000000000000000000e+00
2.641020218352842508e-01	5.977736175776351413e-01	0.000000000000000000e+00
2.641020218352842508e-01	5.977736175776351413e-01	0.000000000000000000e+00
2.641020218352842508e-01	5.990829755599691442e-01	0.000000000000000000e+00
2.692142348690951259e-01	6.128635365882094677e-01	0.000000000000000000e+00
2.692142348690951259e-01	6.128635365882094677e-01	0.000000000000000000e+00
2.692142348690951259e-01	6.128635365882094677e-01	0.000000000000000000e+00
2.692142348690951259e-01	6.128635365882094677e-01	0.000000000000000000e+00
4.143409772472849695e-01	5.085442811387498319e-01	0.000000000000000000e+00
4.143409772472849695e-01	5.085442811387498319e-01	0.000000000000000000e+00
4.143409772472849695e-01	5.085442811387498319e-01	0.000000000000000000e+00
4.277716285469673752e-01	3.969650457794872689e-01	0.000000000000000000e+00
4.277716285469673752e-01	3.969650457794872689e-01	0.000000000000000000e+00
4.277716285469673752e-01	3.969650457794872689e-01	0.000000000000000000e+00
4.277716285469673752e-01	3.186470472265305331e-01	0.000000000000000000e+00
4.277716285469673752e-01	3.186470472265305331e-01	0.000000000000000000e+00
4.302267820198411030e-01	2.986927503786693805e-01	0.000000000000000000e+00
4.302267820198411030e-01	2.600090325182071171e-01	0.000000000000000000e+00
4.311709088681702218e-01	2.286162732375953133e-01	0.000000000000000000e+00
4.345701891893730684e-01	1.556452124028816220e-01	0.000000000000000000e+00
4.345701891893730684e-01	1.556452124028816220e-01	0.000000000000000000e+00
4.345701891893730684e-01	1.556452124028816220e-01	0.000000000000000000e+00
4.413412521864735760e-01	1.150255103588352229e-01	0.000000000000000000e+00
4.413412521864735760e-01	1.150255103588352229e-01	0.000000000000000000e+00
4.423049999516385777e-01	1.138757607220937385e-01	0.000000000000000000e+00
4.481123151835741392e-01	9.302913472070310774e-02	0.000000000000000000e+00
4.529722625859407548e-01	9.282785282792087311e-02	0.000000000000000000e+00
4.529722625859407548e-01	9.282785282792087311e-02	0.000000000000000000e+00
4.529722625859407548e-01	9.282785282792087311e-02	0.000000000000000000e+00
4.529722625859407548e-01	9.282785282792087311e-02	0.000000000000000000e+00
4.492682820450345504e-01	9.764592495176546705e-02	0.000000000000000000e+00
4.492682820450345504e-01	9.764592495176546705e-02	0.000000000000000000e+00
4.492682820450345504e-01	9.764592495176546705e-02	0.000000000000000000e+00
4.492682820450345504e-01	9.764592495176546705e-02	0.000000000000000000e+00
6.333786428165923965e-01	3.316754208211189492e-02	0.000000000000000000e+00
6.333786428165923965e-01	3.316754208211189492e-02	0.000000000000000000e+00
6.333786428165923965e-01	3.316754208211189492e-02	0.000000000000000000e+00
6.333786428165923965e-01	-1.499579261917071207e-02	0.000000000000000000e+00
6.328955098757211850e-01	-1.819682789474820830e-02	0.000000000000000000e+00
6.328955098757211850e-01	-1.819682789474820830e-02	0.000000000000000000e+00
6.333786428165923965e-01	-4.152225904159549674e-02	0.000000000000000000e+00
6.339739849914485248e-01	-5.075416124340358104e-02	0.000000000000000000e+00
6.339739849914485248e-01	-6.241440277394415259e-02	0.000000000000000000e+00
6.357416303808629543e-01	-8.997683653367989642e-02	0.000000000000000000e+00
6.357416303808629543e-01	-8.997683653367989642e-02	0.000000000000000000e+00
6.410688819232867042e-01	-1.486960694418088813e-01	0.000000000000000000e+00
6.410688819232867042e-01	-1.486960694418088813e-01	0.000000000000000000e+00
6.410688819232867042e-01	-1.486960694418088813e-01	0.000000000000000000e+00
6.410688819232867042e-01	-1.486960694418088813e-01	0.000000000000000000e+00
6.410688819232867042e-01	-1.873973476314701736e-01	0.000000000000000000e+00
6.410688819232867042e-01	-1.873973476314701736e-01	0.000000000000000000e+00
6.410688819232867042e-01	-1.873973476314701736e-01	0.000000000000000000e+00
6.410688819232867042e-01	-1.873973476314701736e-01	0.000000000000000000e+00
6.410688819232867042e-01	-2.016394797477712997e-01	0.000000000000000000e+00
6.410688819232867042e-01	-2.016394797477712997e-01	0.000000000000000000e+00
6.410688819232867042e-01	-2.016394797477712997e-01	0.000000000000000000e+00
6.410688819232867042e-01	-2.016394797477712997e-01	0.000000000000000000e+00
6.410688819232867042e-01	-2.016394797477712997e-01	0.000000000000000000e+00
8.333945690360509140e-01	-3.726781341372641942e-01	0.000000000000000000e+00
8.333945690360509140e-01	-3.726781341372641942e-01	0.000000000000000000e+00
8.333945690360509140e-01	-3.726781341372641942e-01	0.000000000000000000e+00
8.333945690360509140e-01	-3.726781341372641942e-01	0.000000000000000000e+00
8.333945690360509140e-01	-3.726781341372641942e-01	0.000000000000000000e+00
8.333945690360509140e-01	-3.554228787511121146e-01	0.000000000000000000e+00
8.333945690360509140e-01	-3.554228787511121146e-01	0.000000000000000000e+00
8.333945690360509140e-01	-3.554228787511121146e-01	0.000000000000000000e+00
8.333945690360509140e-01	-3.554228787511121146e-01	0.000000000000000000e+00
8.333945690360509140e-01	-3.554228787511121146e-01	0.000000000000000000e+00
8.333945690360509140e-01	-3.672710567723876940e-01	0.000000000000000000e+00
8.333945690360509140e-01	-3.672710567723876940e-01	0.000000000000000000e+00
8.453626867983643489e-01	-3.866247578949007502e-01	0.000000000000000000e+00
8.453626867983643489e-01	-3.701601677245831001e-01	0.000000000000000000e+00
8.453626867983643489e-01	-3.701601677245831001e-01	0.000000000000000000e+00
8.453626867983643489e-01	-3.866247578949007502e-01	0.000000000000000000e+00
8.453626867983643489e-01	-3.866247578949007502e-01	0.000000000000000000e+00
8.457675361396582714e-01	-4.028660180227497944e-01	0.000000000000000000e+00
8.457675361396582714e-01	-4.028660180227497944e-01	0.000000000000000000e+00
8.457675361396582714e-01	-4.028660180227497944e-01	0.000000000000000000e+00
8.457675361396582714e-01	-4.028660180227497944e-01	0.000000000000000000e+00
