0.000000000000000000e+00	1.580471316084785416e+00	0.000000000000000000e+00
1.094425424676988973e-02	1.563987171862419201e+00	0.000000000000000000e+00
3.840466613034591858e-02	1.319852339102578709e+00	0.000000000000000000e+00
3.840466613034591858e-02	1.318099811008798028e+00	0.000000000000000000e+00
6.442256459815870473e-02	1.207015969045069248e+00	0.000000000000000000e+00
8.425369431052777414e-02	1.200023928528390016e+00	0.000000000000000000e+00
1.035256559278015520e-01	1.185570011158876724e+00	0.000000000000000000e+00
1.035256559278015520e-01	1.185570011158876724e+00	0.000000000000000000e+00
1.035256559278015520e-01	1.185570011158876724e+00	0.000000000000000000e+00
1.035256559278015520e-01	1.185570011158876724e+00	0.000000000000000000e+00
1.790137302771916405e-01	1.116778671496789110e+00	0.000000000000000000e+00
1.790137302771916405e-01	1.116778671496789110e+00	0.000000000000000000e+00
2.067159846510783494e-01	1.014300745033980489e+00	0.000000000000000000e+00
2.221680794384130742e-01	7.165408969279791762e-01	0.000000000000000000e+00
2.221680794384130742e-01	7.165408969279791762e-01	0.000000000000000000e+00
2.221680794384130742e-01	7.165408969279791762e-01	0.000000000000000000e+00
2.308853258368805117e-01	6.766710644751952053e-01	0.000000000000000000e+00
2.533901665278820436e-01	5.892444063120373388e-01	0.000000000000000000e+00
2.533901665278820436e-01	5.670773993067872443e-01	0.000000000000000000e+00
2.533901665278820436e-01	5.670773993067872443e-01	0.000000000000000000e+00
2.533901665278820436e-01	5.670773993067872443e-01	0.000000000000000000e+00
2.533901665278820436e-01	5.670773993067872443e-01	0.000000000000000000e+00
2.533901665278820436e-01	5.670773993067872443e-01	0.000000000000000000e+00
2.533901665278820436e-01	5.670773993067872443e-01	0.000000000000000000e+00
2.533901665278820436e-01	5.670773993067872443e-01	0.000000000000000000e+00
2.533901665278820436e-01	5.670773993067872443e-01	0.000000000000000000e+00
4.085344327493056205e-01	5.653610648543548889e-01	0.000000000000000000e+00
4.108296440545725070e-01	4.950872879422458794e-01	0.000000000000000000e+00
4.143409772472849695e-01	4.638636094097242646e-01	0.000000000000000000e+00
4.143409772472849695e-01	4.359795421269345161e-01	0.000000000000000000e+00
4.199404210498760004e-01	3.847191959071027956e-01	0.000000000000000000e+00
4.277716285469673752e-01	2.611794936891320695e-01	0.000000000000000000e+00
4.277716285469673752e-01	2.611794936891320695e-01	0.000000000000000000e+00
4.277716285469673752e-01	2.611794936891320695e-01	0.000000000000000000e+00
4.320476728179831194e-01	2.297275627025162914e-01	0.000000000000000000e+00
4.320476728179831194e-01	1.490336713512869227e-01	0.000000000000000000e+00
4.320476728179831194e-01	1.490336713512869227e-01	0.000000000000000000e+00
4.320476728179831194e-01	1.490336713512869227e-01	0.000000000000000000e+00
4.345701891893730684e-01	1.313724876835211108e-01	0.000000000000000000e+00
4.479952153317802721e-01	9.439096404916055838e-02	0.000000000000000000e+00
4.479952153317802721e-01	4.917536275154201636e-02	0.000000000000000000e+00
4.479952153317802721e-01	4.917536275154201636e-02	0.000000000000000000e+00
4.479952153317802721e-01	4.917536275154201636e-02	0.000000000000000000e+00
4.479952153317802721e-01	4.917536275154201636e-02	0.000000000000000000e+00
4.480401177556440628e-01	5.755357744709076878e-02	0.000000000000000000e+00
4.480401177556440628e-01	5.755357744709076878e-02	0.000000000000000000e+00
4.480401177556440628e-01	5.755357744709076878e-02	0.000000000000000000e+00
4.480401177556440628e-01	5.755357744709076878e-02	0.000000000000000000e+00
4.481123151835741392e-01	7.586038606202516466e-02	0.000000000000000000e+00
6.333786428165923965e-01	-9.216416384988639077e-02	0.000000000000000000e+00
6.257981405707777611e-01	2.316901434477805846e-02	0.000000000000000000e+00
6.333786428165923965e-01	-9.216416384988639077e-02	0.000000000000000000e+00
6.333786428165923965e-01	-9.216416384988639077e-02	0.000000000000000000e+00
6.333786428165923965e-01	-9.216416384988639077e-02	0.000000000000000000e+00
6.333786428165923965e-01	-9.216416384988639077e-02	0.000000000000000000e+00
6.333786428165923965e-01	-1.166039122402150602e-01	0.000000000000000000e+00
6.333786428165923965e-01	-1.166039122402150602e-01	0.000000000000000000e+00
6.333786428165923965e-01	-1.166039122402150602e-01	0.000000000000000000e+00
6.377755332783136000e-01	-1.388727446741459537e-01	0.000000000000000000e+00
6.410688819232867042e-01	-1.457392535969069258e-01	0.000000000000000000e+00
6.410688819232867042e-01	-1.457392535969069258e-01	0.000000000000000000e+00
6.410688819232867042e-01	-1.624047877041975563e-01	0.000000000000000000e+00
6.410688819232867042e-01	-1.624047877041975563e-01	0.000000000000000000e+00
6.410688819232867042e-01	-1.624047877041975563e-01	0.000000000000000000e+00
6.410688819232867042e-01	-1.624047877041975563e-01	0.000000000000000000e+00
6.410688819232867042e-01	-1.624047877041975563e-01	0.000000000000000000e+00
6.410688819232867042e-01	-1.624047877041975563e-01	0.000000000000000000e+00
6.410688819232867042e-01	-1.624047877041975563e-01	0.000000000000000000e+00
6.410688819232867042e-01	-1.624047877041975563e-01	0.000000000000000000e+00
6.410688819232867042e-01	-2.168201593522017245e-01	0.000000000000000000e+00
8.333945690360509140e-01	-2.896170473811475743e-01	0.000000000000000000e+00
8.333945690360509140e-01	-2.896685034292731942e-01	0.000000000000000000e+00
8.333945690360509140e-01	-2.896685034292731942e-01	0.000000000000000000e+00
8.333945690360509140e-01	-2.896685034292731942e-01	0.000000000000000000e+00
8.333945690360509140e-01	-3.696832283633419425e-01	0.000000000000000000e+00
8.333945690360509140e-01	-3.696832283633419425e-01	0.000000000000000000e+00
8.333945690360509140e-01	-3.696832283633419425e-01	0.000000000000000000e+00
8.333945690360509140e-01	-3.696832283633419425e-01	0.000000000000000000e+00
8.333945690360509140e-01	-3.696832283633419425e-01	0.000000000000000000e+00
8.330375346007268256e-01	-4.574653108756625008e-01	0.000000000000000000e+00
8.330375346007268256e-01	-4.574653108756625008e-01	0.000000000000000000e+00
8.289197041635323338e-01	-3.990682142543939825e-01	0.000000000000000000e+00
8.304113257877051568e-01	-4.279740326490433233e-01	0.000000000000000000e+00
8.304113257877051568e-01	-4.279740326490433233e-01	0.000000000000000000e+00
8.304113257877051568e-01	-4.279740326490433233e-01	0.000000000000000000e+00
8.330375346007268256e-01	-4.574653108756625008e-01	0.000000000000000000e+00
8.330375346007268256e-01	-4.574653108756625008e-01	0.000000000000000000e+00
8.333945690360509140e-01	-4.671768234075278636e-01	0.000000000000000000e+00
8.423840374398980924e-01	-5.250407045214282586e-01	0.000000000000000000e+00
8.423840374398980924e-01	-5.250407045214282586e-01	0.000000000000000000e+00
8.423840374398980924e-01	-5.250407045214282586e-01	0.000000000000000000e+00
8.423840374398980924e-01	-5.250407045214282586e-01	0.000000000000000000e+00
8.423840374398980924e-01	-5.250407045214282586e-01	0.000000000000000000e+00
8.423840374398980924e-01	-5.250407045214282586e-01	0.000000000000000000e+00
8.453626867983643489e-01	-5.440378621720506347e-01	0.000000000000000000e+00
8.453626867983643489e-01	-5.440378621720506347e-01	0.000000000000000000e+00
8.453626867983643489e-01	-5.500065671464964279e-01	0.000000000000000000e+00
8.453626867983643489e-01	-5.728136364700462391e-01	0.000000000000000000e+00
8.453626867983643489e-01	-5.728136364700462391e-01	0.000000000000000000e+00
8.453626867983643489e-01	-5.736191785417438238e-01	0.000000000000000000e+00
