0.000000000000000000e+00	1.547213891710041977e+00	0.000000000000000000e+00
1.094425424676988973e-02	1.445507761383626244e+00	0.000000000000000000e+00
3.840466613034591858e-02	1.308786193332695191e+00	0.000000000000000000e+00
5.176282796390077601e-02	1.258614610197893224e+00	0.000000000000000000e+00
6.578453623134575268e-02	1.201623449223798490e+00	0.000000000000000000e+00
8.425369431052777414e-02	1.200023928528390016e+00	0.000000000000000000e+00
9.834503113007356245e-02	1.146693736333684654e+00	0.000000000000000000e+00
9.834503113007356245e-02	1.146693736333684654e+00	0.000000000000000000e+00
9.834503113007356245e-02	1.146693736333684654e+00	0.000000000000000000e+00
9.834503113007356245e-02	1.146693736333684654e+00	0.000000000000000000e+00
1.876045689161645047e-01	1.075969530660296103e+00	0.000000000000000000e+00
1.876045689161645047e-01	9.928350545553127349e-01	0.000000000000000000e+00
1.876045689161645047e-01	9.928350545553127349e-01	0.000000000000000000e+00
2.208947625938889603e-01	8.499813624325650574e-01	0.000000000000000000e+00
2.221680794384130742e-01	7.347164425239577357e-01	0.000000000000000000e+00
2.302192650864641199e-01	6.563232581062887760e-01	0.000000000000000000e+00
2.302192650864641199e-01	6.563232581062887760e-01	0.000000000000000000e+00
2.484122782236501126e-01	5.886250493324086674e-01	0.000000000000000000e+00
2.533901665278820436e-01	5.581980561100218230e-01	0.000000000000000000e+00
2.533901665278820436e-01	5.581980561100218230e-01	0.000000000000000000e+00
2.533901665278820436e-01	5.581980561100218230e-01	0.000000000000000000e+00
2.533901665278820436e-01	5.581980561100218230e-01	0.000000000000000000e+00
2.533901665278820436e-01	5.581980561100218230e-01	0.000000000000000000e+00
2.533901665278820436e-01	5.581980561100218230e-01	0.000000000000000000e+00
2.533901665278820436e-01	5.581980561100218230e-01	0.000000000000000000e+00
2.533901665278820436e-01	5.582672932922450038e-01	0.000000000000000000e+00
4.108296440545725070e-01	5.281970778657162358e-01	0.000000000000000000e+00
4.108296440545725070e-01	4.950872879422458794e-01	0.000000000000000000e+00
4.184772925546578759e-01	4.520155387997633611e-01	0.000000000000000000e+00
4.184772925546578759e-01	4.039619809419642271e-01	0.000000000000000000e+00
4.210577091557261009e-01	3.061804899622046494e-01	0.000000000000000000e+00
4.210577091557261009e-01	3.061804899622046494e-01	0.000000000000000000e+00
4.210577091557261009e-01	2.659526392454313881e-01	0.000000000000000000e+00
4.312233783286453792e-01	1.586793193463049978e-01	0.000000000000000000e+00
4.312233783286453792e-01	1.586793193463049978e-01	0.000000000000000000e+00
4.312233783286453792e-01	1.586793193463049978e-01	0.000000000000000000e+00
4.312233783286453792e-01	1.586793193463049978e-01	0.000000000000000000e+00
4.471207572786122242e-01	1.164780050526813548e-01	0.000000000000000000e+00
4.471207572786122242e-01	9.790213808486991631e-02	0.000000000000000000e+00
4.471207572786122242e-01	7.646998381556759095e-02	0.000000000000000000e+00
4.479807067110594399e-01	4.679164857419581408e-02	0.000000000000000000e+00
4.479807067110594399e-01	4.429572733189592743e-02	0.000000000000000000e+00
4.479807067110594399e-01	4.429572733189592743e-02	0.000000000000000000e+00
4.479807067110594399e-01	4.429572733189592743e-02	0.000000000000000000e+00
4.479807067110594399e-01	4.429572733189592743e-02	0.000000000000000000e+00
4.479807067110594399e-01	4.429572733189592743e-02	0.000000000000000000e+00
4.479807067110594399e-01	4.429572733189592743e-02	0.000000000000000000e+00
4.479807067110594399e-01	4.429572733189592743e-02	0.000000000000000000e+00
4.479289308385362989e-01	4.551483774577277930e-02	0.000000000000000000e+00
6.310272704215558193e-01	-1.458522428947196248e-01	0.000000000000000000e+00
6.298515842240375306e-01	-1.188695976056146908e-01	0.000000000000000000e+00
6.298515842240375306e-01	-1.188695976056146908e-01	0.000000000000000000e+00
6.298515842240375306e-01	-1.188695976056146908e-01	0.000000000000000000e+00
6.298515842240375306e-01	-1.188695976056146908e-01	0.000000000000000000e+00
6.298515842240375306e-01	-1.188695976056146908e-01	0.000000000000000000e+00
6.298515842240375306e-01	-1.188695976056146908e-01	0.000000000000000000e+00
6.310272704215558193e-01	-1.458522428947196248e-01	0.000000000000000000e+00
6.333786428165923965e-01	-1.336423222760402540e-01	0.000000000000000000e+00
6.410688819232867042e-01	-1.870356032767646892e-01	0.000000000000000000e+00
6.410688819232867042e-01	-1.870356032767646892e-01	0.000000000000000000e+00
6.410688819232867042e-01	-2.144754581208358768e-01	0.000000000000000000e+00
6.410688819232867042e-01	-2.144754581208358768e-01	0.000000000000000000e+00
6.410688819232867042e-01	-2.275255943549384374e-01	0.000000000000000000e+00
6.410688819232867042e-01	-2.275255943549384374e-01	0.000000000000000000e+00
6.410688819232867042e-01	-2.275255943549384374e-01	0.000000000000000000e+00
6.410688819232867042e-01	-2.190622530270396884e-01	0.000000000000000000e+00
6.410688819232867042e-01	-2.190622530270396884e-01	0.000000000000000000e+00
6.410688819232867042e-01	-2.190622530270396884e-01	0.000000000000000000e+00
8.298020055240533654e-01	-3.726558924224973035e-01	0.000000000000000000e+00
8.295663178972976226e-01	-3.995936577703740333e-01	0.000000000000000000e+00
8.295663178972976226e-01	-3.995936577703740333e-01	0.000000000000000000e+00
8.295663178972976226e-01	-3.995936577703740333e-01	0.000000000000000000e+00
8.295663178972976226e-01	-3.624052663427937415e-01	0.000000000000000000e+00
8.295663178972976226e-01	-3.624052663427937415e-01	0.000000000000000000e+00
8.295663178972976226e-01	-3.624052663427937415e-01	0.000000000000000000e+00
8.295663178972976226e-01	-3.624052663427937415e-01	0.000000000000000000e+00
8.295663178972976226e-01	-3.624052663427937415e-01	0.000000000000000000e+00
8.295663178972976226e-01	-3.995687918469693622e-01	0.000000000000000000e+00
8.295663178972976226e-01	-3.995687918469693622e-01	0.000000000000000000e+00
8.295663178972976226e-01	-3.995687918469693622e-01	0.000000000000000000e+00
8.296655149756186898e-01	-4.085129915984398452e-01	0.000000000000000000e+00
8.327397413533697001e-01	-4.412246291099169437e-01	0.000000000000000000e+00
8.327397413533697001e-01	-4.412246291099169437e-01	0.000000000000000000e+00
8.327397413533697001e-01	-4.591573084703263197e-01	0.000000000000000000e+00
8.327397413533697001e-01	-4.591573084703263197e-01	0.000000000000000000e+00
8.354652123823553822e-01	-4.868913561752663544e-01	0.000000000000000000e+00
8.354652123823553822e-01	-4.868913561752663544e-01	0.000000000000000000e+00
8.354652123823553822e-01	-5.051467169438961236e-01	0.000000000000000000e+00
8.354652123823553822e-01	-5.051467169438961236e-01	0.000000000000000000e+00
8.376727196456968949e-01	-5.171029610042537916e-01	0.000000000000000000e+00
8.423840374398980924e-01	-5.570422887313233318e-01	0.000000000000000000e+00
8.423840374398980924e-01	-5.570422887313233318e-01	0.000000000000000000e+00
8.423840374398980924e-01	-5.570422887313233318e-01	0.000000000000000000e+00
8.453626867983643489e-01	-6.183959816522953679e-01	0.000000000000000000e+00
8.453626867983643489e-01	-6.183959816522953679e-01	0.000000000000000000e+00
8.453626867983643489e-01	-6.183959816522953679e-01	0.000000000000000000e+00
8.453626867983643489e-01	-6.183959816522953679e-01	0.000000000000000000e+00
8.453626867983643489e-01	-6.183959816522953679e-01	0.000000000000000000e+00
8.460596529688648726e-01	-6.052986599237656362e-01	0.000000000000000000e+00
8.460596529688648726e-01	-6.052986599237656362e-01	0.000000000000000000e+00
