0.000000000000000000e+00	1.446593606681410682e+00	0.000000000000000000e+00
1.094425424676988973e-02	1.445507761383626244e+00	0.000000000000000000e+00
3.323808837909231206e-02	1.163344964891087852e+00	0.000000000000000000e+00
5.328802670219318777e-02	1.095277797494008665e+00	0.000000000000000000e+00
5.674204393577084865e-02	1.074377418718907240e+00	0.000000000000000000e+00
5.674204393577084865e-02	1.074377418718907240e+00	0.000000000000000000e+00
5.674204393577084865e-02	1.074377418718907240e+00	0.000000000000000000e+00
5.674204393577084865e-02	1.074377418718907240e+00	0.000000000000000000e+00
5.674204393577084865e-02	1.074377418718907240e+00	0.000000000000000000e+00
5.674204393577084865e-02	1.095596887408792020e+00	0.000000000000000000e+00
1.860358643682641921e-01	1.060018112364487397e+00	0.000000000000000000e+00
1.876045689161645047e-01	9.928350545553127349e-01	0.000000000000000000e+00
2.031528722194789194e-01	9.100776557939381783e-01	0.000000000000000000e+00
2.221680794384130742e-01	7.356542343089965685e-01	0.000000000000000000e+00
2.221680794384130742e-01	7.347164425239577357e-01	0.000000000000000000e+00
2.302192650864641199e-01	6.563232581062887760e-01	0.000000000000000000e+00
2.302192650864641199e-01	6.335850455554338234e-01	0.000000000000000000e+00
2.484122782236501126e-01	5.886250493324086674e-01	0.000000000000000000e+00
2.615416568581558909e-01	5.306362210641170085e-01	0.000000000000000000e+00
2.615416568581558909e-01	4.972315549205250096e-01	0.000000000000000000e+00
2.615416568581558909e-01	4.972315549205250096e-01	0.000000000000000000e+00
2.615416568581558909e-01	4.972315549205250096e-01	0.000000000000000000e+00
2.615416568581558909e-01	4.972315549205250096e-01	0.000000000000000000e+00
2.615416568581558909e-01	4.972315549205250096e-01	0.000000000000000000e+00
2.615416568581558909e-01	4.972315549205250096e-01	0.000000000000000000e+00
2.615416568581558909e-01	4.972315549205250096e-01	0.000000000000000000e+00
2.615416568581558909e-01	5.011369238619017841e-01	0.000000000000000000e+00
4.108296440545725070e-01	4.801074527023173610e-01	0.000000000000000000e+00
4.197675008551919884e-01	3.626828950912862060e-01	0.000000000000000000e+00
4.197675008551919884e-01	3.626828950912862060e-01	0.000000000000000000e+00
4.210577091557261009e-01	3.200243785259528906e-01	0.000000000000000000e+00
4.210577091557261009e-01	3.061804899622046494e-01	0.000000000000000000e+00
4.210577091557261009e-01	2.659526392454313881e-01	0.000000000000000000e+00
4.312233783286453792e-01	1.715893032992132361e-01	0.000000000000000000e+00
4.312233783286453792e-01	1.715893032992132361e-01	0.000000000000000000e+00
4.312233783286453792e-01	1.599375299585933108e-01	0.000000000000000000e+00
4.469795195968250257e-01	4.413456879560532370e-02	0.000000000000000000e+00
4.469795195968250257e-01	4.413456879560532370e-02	0.000000000000000000e+00
4.469795195968250257e-01	4.413456879560532370e-02	0.000000000000000000e+00
4.469795195968250257e-01	4.413456879560532370e-02	0.000000000000000000e+00
4.479807067110594399e-01	4.185028913508689191e-02	0.000000000000000000e+00
4.479807067110594399e-01	4.185028913508689191e-02	0.000000000000000000e+00
4.479807067110594399e-01	4.185028913508689191e-02	0.000000000000000000e+00
4.479807067110594399e-01	4.185028913508689191e-02	0.000000000000000000e+00
4.479807067110594399e-01	4.185028913508689191e-02	0.000000000000000000e+00
4.479807067110594399e-01	4.185028913508689191e-02	0.000000000000000000e+00
4.479807067110594399e-01	4.185028913508689191e-02	0.000000000000000000e+00
4.479807067110594399e-01	4.185028913508689191e-02	0.000000000000000000e+00
6.279139723486807378e-01	-1.044255393904296308e-01	0.000000000000000000e+00
6.279139723486807378e-01	-1.044255393904296308e-01	0.000000000000000000e+00
6.275176422048566183e-01	-1.143767567895960929e-01	0.000000000000000000e+00
6.275176422048566183e-01	-1.143767567895960929e-01	0.000000000000000000e+00
6.266358775567179018e-01	-1.155534174024638178e-01	0.000000000000000000e+00
6.266358775567179018e-01	-1.155534174024638178e-01	0.000000000000000000e+00
6.266358775567179018e-01	-1.155534174024638178e-01	0.000000000000000000e+00
6.292637411252783863e-01	-1.233064318001575871e-01	0.000000000000000000e+00
6.310272704215558193e-01	-1.458522428947196248e-01	0.000000000000000000e+00
6.381472260120359952e-01	-2.200017728089582736e-01	0.000000000000000000e+00
6.381472260120359952e-01	-2.200017728089582736e-01	0.000000000000000000e+00
6.360736314556243443e-01	-2.236680345860725949e-01	0.000000000000000000e+00
6.360736314556243443e-01	-2.236680345860725949e-01	0.000000000000000000e+00
6.391211113157861945e-01	-2.360664180933469969e-01	0.000000000000000000e+00
6.410688819232867042e-01	-2.570848927411218954e-01	0.000000000000000000e+00
6.410688819232867042e-01	-2.723053940827759312e-01	0.000000000000000000e+00
6.410688819232867042e-01	-2.723053940827759312e-01	0.000000000000000000e+00
6.410688819232867042e-01	-2.723053940827759312e-01	0.000000000000000000e+00
6.410688819232867042e-01	-2.723053940827759312e-01	0.000000000000000000e+00
6.410688819232867042e-01	-2.723053940827759312e-01	0.000000000000000000e+00
6.410688819232867042e-01	-2.723053940827759312e-01	0.000000000000000000e+00
6.410688819232867042e-01	-2.723053940827759312e-01	0.000000000000000000e+00
8.295663178972976226e-01	-4.266566990502518864e-01	0.000000000000000000e+00
8.295663178972976226e-01	-4.266566990502518864e-01	0.000000000000000000e+00
8.295663178972976226e-01	-3.665425579218897778e-01	0.000000000000000000e+00
8.295663178972976226e-01	-3.665425579218897778e-01	0.000000000000000000e+00
8.295663178972976226e-01	-3.782678727857941015e-01	0.000000000000000000e+00
8.295663178972976226e-01	-3.782678727857941015e-01	0.000000000000000000e+00
8.295663178972976226e-01	-3.782678727857941015e-01	0.000000000000000000e+00
8.295663178972976226e-01	-4.337662050755380361e-01	0.000000000000000000e+00
8.295663178972976226e-01	-4.337662050755380361e-01	0.000000000000000000e+00
8.295663178972976226e-01	-4.337662050755380361e-01	0.000000000000000000e+00
8.295663178972976226e-01	-4.255240331762168982e-01	0.000000000000000000e+00
8.327397413533697001e-01	-4.412246291099169437e-01	0.000000000000000000e+00
8.360366389775288898e-01	-4.871696820047934917e-01	0.000000000000000000e+00
8.360366389775288898e-01	-4.871696820047934917e-01	0.000000000000000000e+00
8.360366389775288898e-01	-4.871696820047934917e-01	0.000000000000000000e+00
8.389246249111267373e-01	-5.039429704611664285e-01	0.000000000000000000e+00
8.389246249111267373e-01	-5.039429704611664285e-01	0.000000000000000000e+00
8.389246249111267373e-01	-5.179228762021116372e-01	0.000000000000000000e+00
8.389246249111267373e-01	-5.240106115212032067e-01	0.000000000000000000e+00
8.401152376334893868e-01	-5.350199655505079033e-01	0.000000000000000000e+00
8.422199941816129742e-01	-5.695577713288911825e-01	0.000000000000000000e+00
8.422199941816129742e-01	-5.695577713288911825e-01	0.000000000000000000e+00
8.422199941816129742e-01	-5.695577713288911825e-01	0.000000000000000000e+00
8.422512738829234236e-01	-5.721045545592122750e-01	0.000000000000000000e+00
8.432892095009397737e-01	-6.041904444677541619e-01	0.000000000000000000e+00
8.432892095009397737e-01	-6.041904444677541619e-01	0.000000000000000000e+00
8.432892095009397737e-01	-6.041904444677541619e-01	0.000000000000000000e+00
8.453626867983643489e-01	-6.123063724120862972e-01	0.000000000000000000e+00
8.453626867983643489e-01	-6.229152263949211399e-01	0.000000000000000000e+00
8.453626867983643489e-01	-6.229152263949211399e-01	0.000000000000000000e+00
