0.000000000000000000e+00	3.194169452665221343e+00	0.000000000000000000e+00
1.798109404074999668e-02	2.679219473288576570e+00	0.000000000000000000e+00
3.568136417232788821e-02	2.526194613986990856e+00	0.000000000000000000e+00
7.136272834465577641e-02	2.398080343764052547e+00	0.000000000000000000e+00
9.393273629874869524e-02	2.364981679654614144e+00	0.000000000000000000e+00
9.393273629874869524e-02	2.364981679654614144e+00	0.000000000000000000e+00
9.393273629874869524e-02	2.364981679654614144e+00	0.000000000000000000e+00
9.393273629874869524e-02	2.364981679654614144e+00	0.000000000000000000e+00
1.911342071318435365e-01	2.242131857233037984e+00	0.000000000000000000e+00
1.911342071318435365e-01	2.206294135878589913e+00	0.000000000000000000e+00
2.298850573853449264e-01	1.733337833140740747e+00	0.000000000000000000e+00
2.298850573853449264e-01	1.733337833140740747e+00	0.000000000000000000e+00
2.298850573853449264e-01	1.733337833140740747e+00	0.000000000000000000e+00
2.298850573853449264e-01	1.733337833140740747e+00	0.000000000000000000e+00
2.686359076388463163e-01	1.609584581322435648e+00	0.000000000000000000e+00
2.686359076388463163e-01	1.609584581322435648e+00	0.000000000000000000e+00
2.686359076388463163e-01	1.609584581322435648e+00	0.000000000000000000e+00
2.686359076388463163e-01	1.578239373005769997e+00	0.000000000000000000e+00
2.686359076388463163e-01	1.578239373005769997e+00	0.000000000000000000e+00
2.686359076388463163e-01	1.578239373005769997e+00	0.000000000000000000e+00
2.686359076388463163e-01	1.578239373005769997e+00	0.000000000000000000e+00
2.686359076388463163e-01	1.578239373005769997e+00	0.000000000000000000e+00
2.686359076388463163e-01	1.578239373005769997e+00	0.000000000000000000e+00
4.232722032992539685e-01	1.302076509262186654e+00	0.000000000000000000e+00
4.232722032992539685e-01	1.302076509262186654e+00	0.000000000000000000e+00
4.232722032992539685e-01	1.302076509262186654e+00	0.000000000000000000e+00
4.232722032992539685e-01	1.302076509262186654e+00	0.000000000000000000e+00
4.477610854514740835e-01	1.279609486775837190e+00	0.000000000000000000e+00
4.477610854514740835e-01	1.279609486775837190e+00	0.000000000000000000e+00
4.477610854514740835e-01	1.279609486775837190e+00	0.000000000000000000e+00
4.477610854514740835e-01	1.279609486775837190e+00	0.000000000000000000e+00
4.477610854514740835e-01	1.296054761292312341e+00	0.000000000000000000e+00
4.477610854514740835e-01	1.327188130155507961e+00	0.000000000000000000e+00
4.477610854514740835e-01	1.327188130155507961e+00	0.000000000000000000e+00
6.189294838131141896e-01	1.230555927775071501e+00	0.000000000000000000e+00
6.189294838131141896e-01	1.230555927775071501e+00	0.000000000000000000e+00
6.189294838131141896e-01	1.230555927775071501e+00	0.000000000000000000e+00
6.396547105754728513e-01	1.169122805385548247e+00	0.000000000000000000e+00
6.465188951724064603e-01	9.768588991252097342e-01	0.000000000000000000e+00
6.465188951724064603e-01	9.768588991252097342e-01	0.000000000000000000e+00
6.465188951724064603e-01	9.768588991252097342e-01	0.000000000000000000e+00
6.465188951724064603e-01	9.768588991252097342e-01	0.000000000000000000e+00
6.465188951724064603e-01	9.768588991252097342e-01	0.000000000000000000e+00
6.563038291532669044e-01	9.199573976925741192e-01	0.000000000000000000e+00
6.563038291532669044e-01	9.199573976925741192e-01	0.000000000000000000e+00
6.580447422899846632e-01	7.562849098188725305e-01	0.000000000000000000e+00
6.580447422899846632e-01	7.023926102511929281e-01	0.000000000000000000e+00
6.580447422899846632e-01	7.023926102511929281e-01	0.000000000000000000e+00
6.580447422899846632e-01	7.023926102511929281e-01	0.000000000000000000e+00
6.580447422899846632e-01	7.686022415418446441e-01	0.000000000000000000e+00
6.580447422899846632e-01	7.339876087216098410e-01	0.000000000000000000e+00
6.580447422899846632e-01	7.023926102511929281e-01	0.000000000000000000e+00
6.580447422899846632e-01	7.023926102511929281e-01	0.000000000000000000e+00
6.580447422899846632e-01	7.023926102511929281e-01	0.000000000000000000e+00
6.597856554267023110e-01	7.046680224412154026e-01	0.000000000000000000e+00
6.597856554267023110e-01	7.310290868445142864e-01	0.000000000000000000e+00
8.202901018528026000e-01	6.218131857057856982e-01	0.000000000000000000e+00
8.202901018528026000e-01	6.785196500609559367e-01	0.000000000000000000e+00
8.202901018528026000e-01	6.785196500609559367e-01	0.000000000000000000e+00
8.202901018528026000e-01	6.442769273606061553e-01	0.000000000000000000e+00
8.202901018528026000e-01	6.218131857057856982e-01	0.000000000000000000e+00
8.202901018528026000e-01	5.919320272359285262e-01	0.000000000000000000e+00
8.202901018528026000e-01	5.919320272359285262e-01	0.000000000000000000e+00
8.215382342228484402e-01	5.110044608586207238e-01	0.000000000000000000e+00
8.215382342228484402e-01	5.110044608586207238e-01	0.000000000000000000e+00
8.215382342228484402e-01	5.110044608586207238e-01	0.000000000000000000e+00
8.215382342228484402e-01	5.110044608586207238e-01	0.000000000000000000e+00
8.242650026612488023e-01	4.477302440286459739e-01	0.000000000000000000e+00
8.242650026612488023e-01	4.477302440286459739e-01	0.000000000000000000e+00
8.242650026612488023e-01	4.477302440286459739e-01	0.000000000000000000e+00
8.291266169636224426e-01	2.972118233644414631e-01	0.000000000000000000e+00
8.291266169636224426e-01	2.972118233644414631e-01	0.000000000000000000e+00
8.291266169636224426e-01	2.972118233644414631e-01	0.000000000000000000e+00
8.291266169636224426e-01	2.972118233644414631e-01	0.000000000000000000e+00
8.291266169636224426e-01	2.972118233644414631e-01	0.000000000000000000e+00
8.291266169636224426e-01	2.972118233644414631e-01	0.000000000000000000e+00
8.291266169636224426e-01	2.617421006485871060e-01	0.000000000000000000e+00
8.291266169636224426e-01	2.617421006485871060e-01	0.000000000000000000e+00
8.291266169636224426e-01	2.617421006485871060e-01	0.000000000000000000e+00
8.291266169636224426e-01	2.617421006485871060e-01	0.000000000000000000e+00
8.291266169636224426e-01	2.617421006485871060e-01	0.000000000000000000e+00
8.291266169636224426e-01	2.617421006485871060e-01	0.000000000000000000e+00
8.291266169636224426e-01	2.617421006485871060e-01	0.000000000000000000e+00
8.297736789953251701e-01	2.541619145043964578e-01	0.000000000000000000e+00
8.317676210857878338e-01	1.673866118944025705e-01	0.000000000000000000e+00
8.317676210857878338e-01	1.673866118944025705e-01	0.000000000000000000e+00
8.317676210857878338e-01	1.673866118944025705e-01	0.000000000000000000e+00
8.317676210857878338e-01	1.673866118944025705e-01	0.000000000000000000e+00
8.317676210857878338e-01	1.673866118944025705e-01	0.000000000000000000e+00
8.317676210857878338e-01	1.673866118944025705e-01	0.000000000000000000e+00
8.317676210857878338e-01	1.673866118944025705e-01	0.000000000000000000e+00
8.317676210857878338e-01	1.673866118944025705e-01	0.000000000000000000e+00
8.351715659299013828e-01	1.217082476699287430e-01	0.000000000000000000e+00
8.351715659299013828e-01	1.217082476699287430e-01	0.000000000000000000e+00
8.351715659299013828e-01	1.217082476699287430e-01	0.000000000000000000e+00
8.351715659299013828e-01	1.217082476699287430e-01	0.000000000000000000e+00
8.351715659299013828e-01	1.217082476699287430e-01	0.000000000000000000e+00
8.351715659299013828e-01	1.217082476699287430e-01	0.000000000000000000e+00
8.371114297381671010e-01	1.202141591133468607e-01	0.000000000000000000e+00
8.371114297381671010e-01	1.137097715425121197e-01	0.000000000000000000e+00
