0.000000000000000000e+00	2.193572873589243688e+00	0.000000000000000000e+00
2.270379772008963848e-02	1.807362975662052840e+00	0.000000000000000000e+00
3.099862859670808601e-02	1.671851733360910863e+00	0.000000000000000000e+00
6.392310536197226556e-02	1.535013869349556304e+00	0.000000000000000000e+00
7.021271133070910997e-02	1.522020796077448113e+00	0.000000000000000000e+00
8.948690558210728452e-02	1.486387456543268204e+00	0.000000000000000000e+00
8.948690558210728452e-02	1.466565820765727279e+00	0.000000000000000000e+00
8.948690558210728452e-02	1.466565820765727279e+00	0.000000000000000000e+00
8.948690558210728452e-02	1.466565820765727279e+00	0.000000000000000000e+00
8.948690558210728452e-02	1.466565820765727279e+00	0.000000000000000000e+00
2.075207884991626395e-01	1.236499723079905522e+00	0.000000000000000000e+00
2.075207884991626395e-01	1.231816066628885542e+00	0.000000000000000000e+00
2.225442939800173492e-01	1.125858065552491905e+00	0.000000000000000000e+00
2.225442939800173492e-01	1.125858065552491905e+00	0.000000000000000000e+00
2.378292615961085377e-01	1.014200974466436866e+00	0.000000000000000000e+00
2.406739828270897663e-01	8.700257877810205764e-01	0.000000000000000000e+00
2.447379561500204748e-01	8.480723071842821703e-01	0.000000000000000000e+00
2.494127277010667609e-01	8.086302129238301939e-01	0.000000000000000000e+00
2.494127277010667609e-01	7.828218085409942573e-01	0.000000000000000000e+00
2.494127277010667609e-01	7.828218085409942573e-01	0.000000000000000000e+00
2.494127277010667609e-01	7.828218085409942573e-01	0.000000000000000000e+00
2.494127277010667609e-01	7.828218085409942573e-01	0.000000000000000000e+00
2.494127277010667609e-01	7.828218085409942573e-01	0.000000000000000000e+00
2.494127277010667609e-01	7.828218085409942573e-01	0.000000000000000000e+00
2.494127277010667609e-01	7.828218085409942573e-01	0.000000000000000000e+00
2.494127277010667609e-01	7.828218085409942573e-01	0.000000000000000000e+00
4.192304930666542750e-01	6.635337902066803517e-01	0.000000000000000000e+00
4.192304930666542750e-01	6.635337902066803517e-01	0.000000000000000000e+00
4.192304930666542750e-01	6.410736006545131316e-01	0.000000000000000000e+00
4.271266902032465618e-01	5.207031312455659977e-01	0.000000000000000000e+00
4.271266902032465618e-01	5.207031312455659977e-01	0.000000000000000000e+00
4.271266902032465618e-01	5.011869460096839424e-01	0.000000000000000000e+00
4.304389377843870212e-01	4.563608082946158939e-01	0.000000000000000000e+00
4.367705464959100725e-01	3.818488601850568709e-01	0.000000000000000000e+00
4.367705464959100725e-01	3.848334702341252300e-01	0.000000000000000000e+00
4.367705464959100725e-01	3.364124726246003894e-01	0.000000000000000000e+00
4.367705464959100725e-01	3.243437872715331793e-01	0.000000000000000000e+00
4.367705464959100725e-01	3.243437872715331793e-01	0.000000000000000000e+00
4.367705464959100725e-01	3.243437872715331793e-01	0.000000000000000000e+00
4.367705464959100725e-01	3.175342283217836847e-01	0.000000000000000000e+00
4.367705464959100725e-01	3.175342283217836847e-01	0.000000000000000000e+00
4.367705464959100725e-01	3.175342283217836847e-01	0.000000000000000000e+00
4.367705464959100725e-01	3.175342283217836847e-01	0.000000000000000000e+00
4.367705464959100725e-01	3.175342283217836847e-01	0.000000000000000000e+00
4.367705464959100725e-01	3.175342283217836847e-01	0.000000000000000000e+00
4.367705464959100725e-01	3.175342283217836847e-01	0.000000000000000000e+00
6.344525396452583843e-01	2.102931792494524554e-01	0.000000000000000000e+00
6.344525396452583843e-01	2.102931792494524554e-01	0.000000000000000000e+00
6.344525396452583843e-01	2.102931792494524554e-01	0.000000000000000000e+00
6.344525396452583843e-01	2.102931792494524554e-01	0.000000000000000000e+00
6.344525396452583843e-01	1.747221394598759137e-01	0.000000000000000000e+00
6.344525396452583843e-01	1.747221394598759137e-01	0.000000000000000000e+00
6.401871417439108924e-01	1.413631494094927110e-01	0.000000000000000000e+00
6.495224265431014388e-01	6.992787368471924288e-03	0.000000000000000000e+00
6.476603786758310388e-01	7.344238952774941043e-02	0.000000000000000000e+00
6.476603786758310388e-01	7.344238952774941043e-02	0.000000000000000000e+00
6.495224265431014388e-01	6.992787368471924288e-03	0.000000000000000000e+00
6.495224265431014388e-01	6.992787368471924288e-03	0.000000000000000000e+00
6.495224265431014388e-01	6.992787368471924288e-03	0.000000000000000000e+00
6.497921502040385766e-01	-8.065080749738879132e-03	0.000000000000000000e+00
6.497921502040385766e-01	-1.522372493930015599e-02	0.000000000000000000e+00
6.520373842397861885e-01	-5.208156914969860191e-02	0.000000000000000000e+00
6.520373842397861885e-01	-5.208156914969860191e-02	0.000000000000000000e+00
6.566482281324252934e-01	-6.994677491338655018e-02	0.000000000000000000e+00
6.566482281324252934e-01	-6.994677491338655018e-02	0.000000000000000000e+00
6.566482281324252934e-01	-5.238412483416569898e-02	0.000000000000000000e+00
6.566482281324252934e-01	-5.238412483416569898e-02	0.000000000000000000e+00
6.566482281324252934e-01	-5.238412483416569898e-02	0.000000000000000000e+00
8.259479730676014819e-01	-1.282543274384191634e-01	0.000000000000000000e+00
8.258051913291709623e-01	-1.303759889224047341e-01	0.000000000000000000e+00
8.258051913291709623e-01	-1.303759889224047341e-01	0.000000000000000000e+00
8.258051913291709623e-01	-1.303759889224047341e-01	0.000000000000000000e+00
8.258051913291709623e-01	-1.303759889224047341e-01	0.000000000000000000e+00
8.261076196475997113e-01	-2.161307679079612631e-01	0.000000000000000000e+00
8.261076196475997113e-01	-2.161307679079612631e-01	0.000000000000000000e+00
8.261076196475997113e-01	-2.161307679079612631e-01	0.000000000000000000e+00
8.261076196475997113e-01	-2.161307679079612631e-01	0.000000000000000000e+00
8.261076196475997113e-01	-2.161307679079612631e-01	0.000000000000000000e+00
8.261076196475997113e-01	-2.161307679079612631e-01	0.000000000000000000e+00
8.277638587590041563e-01	-2.446475892972767852e-01	0.000000000000000000e+00
8.383132659541628895e-01	-3.286529196693166455e-01	0.000000000000000000e+00
8.280636929113120992e-01	-2.750802949351507376e-01	0.000000000000000000e+00
8.280636929113120992e-01	-2.750802949351507376e-01	0.000000000000000000e+00
8.280636929113120992e-01	-2.750802949351507376e-01	0.000000000000000000e+00
8.383132659541628895e-01	-3.274437182834257221e-01	0.000000000000000000e+00
8.333109128370097540e-01	-2.964780730432844957e-01	0.000000000000000000e+00
8.344471831674493689e-01	-3.073368943427481348e-01	0.000000000000000000e+00
8.383132659541628895e-01	-3.274437182834257221e-01	0.000000000000000000e+00
8.393376995032280075e-01	-3.335116726511193064e-01	0.000000000000000000e+00
8.497924772481200151e-01	-4.006255948211311368e-01	0.000000000000000000e+00
8.482855369213103680e-01	-3.919996681944689088e-01	0.000000000000000000e+00
8.457554859200070441e-01	-3.609481752287340695e-01	0.000000000000000000e+00
8.482855369213103680e-01	-3.919996681944689088e-01	0.000000000000000000e+00
8.482855369213103680e-01	-3.919996681944689088e-01	0.000000000000000000e+00
8.482855369213103680e-01	-3.919996681944689088e-01	0.000000000000000000e+00
8.488527289589788971e-01	-4.011392685957070325e-01	0.000000000000000000e+00
8.496929304235844027e-01	-4.088874850156261065e-01	0.000000000000000000e+00
8.496929304235844027e-01	-4.088874850156261065e-01	0.000000000000000000e+00
8.505526527115877533e-01	-4.118747260129153043e-01	0.000000000000000000e+00
8.505526527115877533e-01	-4.127018836339569341e-01	0.000000000000000000e+00
