0.000000000000000000e+00	2.823244720647215544e+00	0.000000000000000000e+00
2.625108216700104691e-02	2.253065485722635763e+00	0.000000000000000000e+00
5.109832153726005799e-02	1.993631478691709091e+00	0.000000000000000000e+00
6.248559550995348710e-02	1.772263906875635397e+00	0.000000000000000000e+00
8.948690558210728452e-02	1.600971364324244695e+00	0.000000000000000000e+00
8.948690558210728452e-02	1.567041132667672310e+00	0.000000000000000000e+00
8.948690558210728452e-02	1.567041132667672310e+00	0.000000000000000000e+00
8.948690558210728452e-02	1.567041132667672310e+00	0.000000000000000000e+00
8.948690558210728452e-02	1.567041132667672310e+00	0.000000000000000000e+00
8.948690558210728452e-02	1.567041132667672310e+00	0.000000000000000000e+00
2.075207884991626395e-01	1.421965214847861647e+00	0.000000000000000000e+00
2.159079500012211217e-01	1.356286490343344919e+00	0.000000000000000000e+00
2.248392633062797075e-01	1.248575575367338431e+00	0.000000000000000000e+00
2.351128277813358536e-01	1.237779676987597943e+00	0.000000000000000000e+00
2.475072649847459560e-01	1.120944792535543355e+00	0.000000000000000000e+00
2.475072649847459560e-01	1.061001730223622541e+00	0.000000000000000000e+00
2.752092928957426410e-01	9.353918994322970581e-01	0.000000000000000000e+00
2.752092928957426410e-01	9.353918994322970581e-01	0.000000000000000000e+00
2.752092928957426410e-01	9.353918994322970581e-01	0.000000000000000000e+00
2.752092928957426410e-01	9.353918994322970581e-01	0.000000000000000000e+00
2.752092928957426410e-01	9.353918994322970581e-01	0.000000000000000000e+00
2.752092928957426410e-01	9.934978574641415427e-01	0.000000000000000000e+00
2.752092928957426410e-01	9.934978574641415427e-01	0.000000000000000000e+00
2.752092928957426410e-01	9.934978574641415427e-01	0.000000000000000000e+00
4.192304930666542750e-01	9.228007296895905931e-01	0.000000000000000000e+00
4.192304930666542750e-01	8.685583437323989298e-01	0.000000000000000000e+00
4.192304930666542750e-01	8.141284512625955871e-01	0.000000000000000000e+00
4.313230988542663957e-01	7.895682583862689841e-01	0.000000000000000000e+00
4.490422728534174124e-01	6.994946513383145659e-01	0.000000000000000000e+00
4.490422728534174124e-01	6.809882100477481215e-01	0.000000000000000000e+00
4.490422728534174124e-01	6.785179405298179534e-01	0.000000000000000000e+00
4.490422728534174124e-01	6.785179405298179534e-01	0.000000000000000000e+00
4.490422728534174124e-01	6.809882100477481215e-01	0.000000000000000000e+00
4.490422728534174124e-01	6.809882100477481215e-01	0.000000000000000000e+00
4.490422728534174124e-01	6.809882100477481215e-01	0.000000000000000000e+00
4.490422728534174124e-01	6.809882100477481215e-01	0.000000000000000000e+00
4.490422728534174124e-01	6.809882100477481215e-01	0.000000000000000000e+00
4.490422728534174124e-01	6.953594468354630243e-01	0.000000000000000000e+00
6.356512522477602012e-01	5.333500232443846301e-01	0.000000000000000000e+00
6.355863932170351394e-01	5.437704065209573168e-01	0.000000000000000000e+00
6.349798813953501098e-01	5.588292086069026610e-01	0.000000000000000000e+00
6.363226231001701816e-01	4.605026010192640462e-01	0.000000000000000000e+00
6.363226231001701816e-01	4.605026010192640462e-01	0.000000000000000000e+00
6.363885130148416724e-01	3.141378337924072839e-01	0.000000000000000000e+00
6.363885130148416724e-01	3.141378337924072839e-01	0.000000000000000000e+00
6.363885130148416724e-01	3.141378337924072839e-01	0.000000000000000000e+00
6.363885130148416724e-01	3.141378337924072839e-01	0.000000000000000000e+00
6.363885130148416724e-01	3.141378337924072839e-01	0.000000000000000000e+00
6.399388082660086852e-01	3.060203608318941559e-01	0.000000000000000000e+00
6.448201915533889883e-01	2.748866330900898158e-01	0.000000000000000000e+00
6.448201915533889883e-01	2.404929788912583410e-01	0.000000000000000000e+00
6.448201915533889883e-01	2.404929788912583410e-01	0.000000000000000000e+00
6.511520251213224197e-01	2.169380473234193141e-01	0.000000000000000000e+00
6.562827996051336932e-01	5.373416682324209936e-02	0.000000000000000000e+00
6.562827996051336932e-01	5.373416682324209936e-02	0.000000000000000000e+00
6.562827996051336932e-01	5.373416682324209936e-02	0.000000000000000000e+00
6.562827996051336932e-01	5.373416682324209936e-02	0.000000000000000000e+00
6.574838586892558512e-01	3.646820703151064380e-02	0.000000000000000000e+00
6.574838586892558512e-01	3.646820703151064380e-02	0.000000000000000000e+00
6.574838586892558512e-01	3.646820703151064380e-02	0.000000000000000000e+00
6.574838586892558512e-01	3.646820703151064380e-02	0.000000000000000000e+00
6.574838586892558512e-01	3.646820703151064380e-02	0.000000000000000000e+00
6.574838586892558512e-01	3.229601284973581538e-02	0.000000000000000000e+00
6.574838586892558512e-01	3.229601284973581538e-02	0.000000000000000000e+00
6.574838586892558512e-01	3.229601284973581538e-02	0.000000000000000000e+00
6.574838586892558512e-01	3.229601284973581538e-02	0.000000000000000000e+00
6.574838586892558512e-01	3.229601284973581538e-02	0.000000000000000000e+00
8.251767243010208475e-01	7.407684645978149761e-03	0.000000000000000000e+00
8.251767243010208475e-01	7.407684645978149761e-03	0.000000000000000000e+00
8.251767243010208475e-01	-1.832418239557984802e-02	0.000000000000000000e+00
8.265724806436274275e-01	-2.637630717552928716e-02	0.000000000000000000e+00
8.279682369862338964e-01	-4.945413042314725921e-02	0.000000000000000000e+00
8.279682369862338964e-01	-7.225469589862336395e-02	0.000000000000000000e+00
8.279682369862338964e-01	-9.690357784848217804e-02	0.000000000000000000e+00
8.279682369862338964e-01	-9.690357784848217804e-02	0.000000000000000000e+00
8.311759424898689241e-01	-1.070661494244766893e-01	0.000000000000000000e+00
8.343836479935039518e-01	-2.270077890686491018e-01	0.000000000000000000e+00
8.343836479935039518e-01	-2.270077890686491018e-01	0.000000000000000000e+00
8.302328700734608047e-01	-2.157382462936336398e-01	0.000000000000000000e+00
8.302328700734608047e-01	-2.157382462936336398e-01	0.000000000000000000e+00
8.302328700734608047e-01	-2.157382462936336398e-01	0.000000000000000000e+00
8.302328700734608047e-01	-2.157382462936336398e-01	0.000000000000000000e+00
8.302328700734608047e-01	-2.157382462936336398e-01	0.000000000000000000e+00
8.302328700734608047e-01	-2.157382462936336398e-01	0.000000000000000000e+00
8.338626943574967143e-01	-2.489146209489221662e-01	0.000000000000000000e+00
8.338626943574967143e-01	-2.489146209489221662e-01	0.000000000000000000e+00
8.338626943574967143e-01	-2.489146209489221662e-01	0.000000000000000000e+00
8.401718574169161347e-01	-2.816688676371717492e-01	0.000000000000000000e+00
8.401718574169161347e-01	-2.816688676371717492e-01	0.000000000000000000e+00
8.401718574169161347e-01	-2.816688676371717492e-01	0.000000000000000000e+00
8.401718574169161347e-01	-2.905743672311520420e-01	0.000000000000000000e+00
8.412591698138929264e-01	-3.050776485781915848e-01	0.000000000000000000e+00
8.412591698138929264e-01	-3.050776485781915848e-01	0.000000000000000000e+00
8.416166996114681220e-01	-3.162554447456241702e-01	0.000000000000000000e+00
8.488733478037046032e-01	-3.436842351771862147e-01	0.000000000000000000e+00
8.488733478037046032e-01	-3.436842351771862147e-01	0.000000000000000000e+00
8.488733478037046032e-01	-3.436842351771862147e-01	0.000000000000000000e+00
8.488733478037046032e-01	-3.528211546682858968e-01	0.000000000000000000e+00
8.505526527115877533e-01	-3.649418056336966032e-01	0.000000000000000000e+00
8.505526527115877533e-01	-3.677434102618825640e-01	0.000000000000000000e+00
