0.000000000000000000e+00	2.036276107437004157e+00	0.000000000000000000e+00
1.123542732032994408e-02	1.239892308479148664e+00	0.000000000000000000e+00
3.364210511739573750e-02	1.139593599559504566e+00	0.000000000000000000e+00
4.322952670617573323e-02	1.099107045612436551e+00	0.000000000000000000e+00
6.469870942628327959e-02	1.020623516251304430e+00	0.000000000000000000e+00
7.225960978969583892e-02	1.017251580313085935e+00	0.000000000000000000e+00
9.329753951606856166e-02	9.980250215414943060e-01	0.000000000000000000e+00
9.329753951606856166e-02	9.980250215414943060e-01	0.000000000000000000e+00
9.329753951606856166e-02	1.009731804564088176e+00	0.000000000000000000e+00
1.134184815265898288e-01	9.963766783194919485e-01	0.000000000000000000e+00
1.753850602365238376e-01	9.935828437351291731e-01	0.000000000000000000e+00
1.903129029641988934e-01	9.171647027532270346e-01	0.000000000000000000e+00
2.039354529473440258e-01	7.877600604329015876e-01	0.000000000000000000e+00
2.039354529473440258e-01	7.877600604329015876e-01	0.000000000000000000e+00
2.169205454495564123e-01	6.859353054882079137e-01	0.000000000000000000e+00
2.220445162168325215e-01	6.518097671969836915e-01	0.000000000000000000e+00
2.315796777297065012e-01	5.730954857986941819e-01	0.000000000000000000e+00
2.408888003925136190e-01	5.209381952895473233e-01	0.000000000000000000e+00
2.448768708214901224e-01	4.410386733544853222e-01	0.000000000000000000e+00
2.448768708214901224e-01	4.410386733544853222e-01	0.000000000000000000e+00
2.580914313201827515e-01	3.980507118031337277e-01	0.000000000000000000e+00
2.580914313201827515e-01	3.902506832241534052e-01	0.000000000000000000e+00
2.580914313201827515e-01	3.902506832241534052e-01	0.000000000000000000e+00
2.580914313201827515e-01	3.902506832241534052e-01	0.000000000000000000e+00
2.580914313201827515e-01	3.902506832241534052e-01	0.000000000000000000e+00
2.580914313201827515e-01	3.902506832241534052e-01	0.000000000000000000e+00
2.580914313201827515e-01	3.902506832241534052e-01	0.000000000000000000e+00
2.580914313201827515e-01	3.903908902805836578e-01	0.000000000000000000e+00
2.580914313201827515e-01	3.903908902805836578e-01	0.000000000000000000e+00
2.580914313201827515e-01	3.911395368366366032e-01	0.000000000000000000e+00
4.278246923966195769e-01	1.954072563059849610e-01	0.000000000000000000e+00
4.222011988959414319e-01	2.696317064053830315e-01	0.000000000000000000e+00
4.222011988959414319e-01	2.696317064053830315e-01	0.000000000000000000e+00
4.257671653280445945e-01	2.295303437358998944e-01	0.000000000000000000e+00
4.278246923966195769e-01	1.954072563059849610e-01	0.000000000000000000e+00
4.322676841541215897e-01	1.002685650039124993e-01	0.000000000000000000e+00
4.322676841541215897e-01	1.002685650039124993e-01	0.000000000000000000e+00
4.322676841541215897e-01	1.002685650039124993e-01	0.000000000000000000e+00
4.322676841541215897e-01	6.971326815136026644e-02	0.000000000000000000e+00
4.357725204366525995e-01	4.392426571473013325e-02	0.000000000000000000e+00
4.477842135049414085e-01	-1.175800467319461536e-02	0.000000000000000000e+00
4.477842135049414085e-01	-1.175800467319461536e-02	0.000000000000000000e+00
4.477842135049414085e-01	-1.175800467319461536e-02	0.000000000000000000e+00
4.546513449618760916e-01	-3.473856653340966910e-02	0.000000000000000000e+00
4.546513449618760916e-01	-3.473856653340966910e-02	0.000000000000000000e+00
4.546513449618760916e-01	-3.775301660515042318e-02	0.000000000000000000e+00
4.546513449618760916e-01	-3.775301660515042318e-02	0.000000000000000000e+00
4.546513449618760916e-01	-3.775301660515042318e-02	0.000000000000000000e+00
4.546513449618760916e-01	-3.473856653340966910e-02	0.000000000000000000e+00
4.546513449618760916e-01	-3.473856653340966910e-02	0.000000000000000000e+00
4.546513449618760916e-01	-3.473856653340966910e-02	0.000000000000000000e+00
6.236981134884443945e-01	-6.801295404637693054e-02	0.000000000000000000e+00
6.236981134884443945e-01	-6.801295404637693054e-02	0.000000000000000000e+00
6.285651639207212593e-01	-1.120740929417883142e-01	0.000000000000000000e+00
6.285651639207212593e-01	-1.120740929417883142e-01	0.000000000000000000e+00
6.274914298970464266e-01	-1.298759002018708975e-01	0.000000000000000000e+00
6.293389165454913448e-01	-1.483163609661153626e-01	0.000000000000000000e+00
6.346735095091233791e-01	-1.812857207723100605e-01	0.000000000000000000e+00
6.346735095091233791e-01	-1.812857207723100605e-01	0.000000000000000000e+00
6.346735095091233791e-01	-1.935187907890724979e-01	0.000000000000000000e+00
6.389093999904789101e-01	-2.170365176289870690e-01	0.000000000000000000e+00
6.389093999904789101e-01	-2.355430771913465116e-01	0.000000000000000000e+00
6.372004136318527578e-01	-2.316701927595951616e-01	0.000000000000000000e+00
6.389093999904789101e-01	-2.355430771913465116e-01	0.000000000000000000e+00
6.459969782271895999e-01	-2.915148972946622896e-01	0.000000000000000000e+00
6.459969782271895999e-01	-2.915148972946622896e-01	0.000000000000000000e+00
6.459969782271895999e-01	-2.915148972946622896e-01	0.000000000000000000e+00
6.485606532614716091e-01	-3.207475401604232279e-01	0.000000000000000000e+00
6.485606532614716091e-01	-3.207475401604232279e-01	0.000000000000000000e+00
6.556787440090441343e-01	-3.326499593816547584e-01	0.000000000000000000e+00
6.556787440090441343e-01	-3.326499593816547584e-01	0.000000000000000000e+00
6.556787440090441343e-01	-3.326499593816547584e-01	0.000000000000000000e+00
6.524426237486199431e-01	-3.327151367780616931e-01	0.000000000000000000e+00
6.524426237486199431e-01	-3.327151367780616931e-01	0.000000000000000000e+00
6.524426237486199431e-01	-3.327151367780616931e-01	0.000000000000000000e+00
6.524426237486199431e-01	-3.327151367780616931e-01	0.000000000000000000e+00
8.282238387131934942e-01	-3.760936747241608313e-01	0.000000000000000000e+00
8.305596157765106069e-01	-4.125100195004335890e-01	0.000000000000000000e+00
8.305596157765106069e-01	-4.125100195004335890e-01	0.000000000000000000e+00
8.305596157765106069e-01	-4.125100195004335890e-01	0.000000000000000000e+00
8.353836126796927442e-01	-4.775161596272152753e-01	0.000000000000000000e+00
8.305596157765106069e-01	-4.430480109512240916e-01	0.000000000000000000e+00
8.353836126796927442e-01	-4.775161596272152753e-01	0.000000000000000000e+00
8.353836126796927442e-01	-4.775161596272152753e-01	0.000000000000000000e+00
8.353836126796927442e-01	-4.775161596272152753e-01	0.000000000000000000e+00
8.405773459477783316e-01	-5.371403970455500554e-01	0.000000000000000000e+00
8.405773459477783316e-01	-5.325484821596571106e-01	0.000000000000000000e+00
8.405773459477783316e-01	-5.325484821596571106e-01	0.000000000000000000e+00
8.349604045866441115e-01	-5.290594019432824924e-01	0.000000000000000000e+00
8.405773459477783316e-01	-5.623956830741856372e-01	0.000000000000000000e+00
8.405773459477783316e-01	-5.623956830741856372e-01	0.000000000000000000e+00
8.405773459477783316e-01	-5.623956830741856372e-01	0.000000000000000000e+00
8.405773459477783316e-01	-5.824498995232504361e-01	0.000000000000000000e+00
8.405773459477783316e-01	-5.824498995232504361e-01	0.000000000000000000e+00
8.405773459477783316e-01	-5.824498995232504361e-01	0.000000000000000000e+00
8.505691853549639525e-01	-6.190029060742695544e-01	0.000000000000000000e+00
8.505691853549639525e-01	-6.190029060742695544e-01	0.000000000000000000e+00
8.505691853549639525e-01	-6.190029060742695544e-01	0.000000000000000000e+00
8.505691853549639525e-01	-6.190029060742695544e-01	0.000000000000000000e+00
8.505691853549639525e-01	-6.190029060742695544e-01	0.000000000000000000e+00
