0.000000000000000000e+00	4.985783004010745145e+00	0.000000000000000000e+00
2.578045583910532068e-02	4.753697710073025107e+00	0.000000000000000000e+00
7.211298608634504614e-02	4.110839542113198242e+00	0.000000000000000000e+00
7.211298608634504614e-02	4.110839542113198242e+00	0.000000000000000000e+00
7.211298608634504614e-02	4.110839542113198242e+00	0.000000000000000000e+00
7.211298608634504614e-02	4.110839542113198242e+00	0.000000000000000000e+00
7.211298608634504614e-02	4.110839542113198242e+00	0.000000000000000000e+00
7.211298608634504614e-02	4.110839542113198242e+00	0.000000000000000000e+00
7.211298608634504614e-02	4.110839542113198242e+00	0.000000000000000000e+00
2.686359076388463163e-01	3.336252669153115580e+00	0.000000000000000000e+00
2.686359076388463163e-01	3.336252669153115580e+00	0.000000000000000000e+00
3.021186088928343727e-01	2.968517203753392675e+00	0.000000000000000000e+00
3.003117805404044161e-01	3.069157007435787232e+00	0.000000000000000000e+00
3.021186088928343727e-01	2.968517203753392675e+00	0.000000000000000000e+00
3.021186088928343727e-01	2.968517203753392675e+00	0.000000000000000000e+00
3.021186088928343727e-01	2.968517203753392675e+00	0.000000000000000000e+00
3.021186088928343727e-01	2.968517203753392675e+00	0.000000000000000000e+00
2.923625458020275847e-01	2.969190103148063642e+00	0.000000000000000000e+00
2.923625458020275847e-01	2.969190103148063642e+00	0.000000000000000000e+00
2.923625458020275847e-01	2.969190103148063642e+00	0.000000000000000000e+00
2.923625458020275847e-01	2.969190103148063642e+00	0.000000000000000000e+00
2.923625458020275847e-01	2.969190103148063642e+00	0.000000000000000000e+00
4.490512895013349381e-01	2.325399034288891720e+00	0.000000000000000000e+00
4.462693292883996854e-01	2.336980851110362245e+00	0.000000000000000000e+00
4.490512895013349381e-01	2.325399034288891720e+00	0.000000000000000000e+00
4.490512895013349381e-01	2.325399034288891720e+00	0.000000000000000000e+00
4.477610854514740835e-01	2.079870582710495075e+00	0.000000000000000000e+00
4.477610854514740835e-01	2.079870582710495075e+00	0.000000000000000000e+00
4.477610854514740835e-01	2.079870582710495075e+00	0.000000000000000000e+00
4.447775731253252873e-01	2.099851309052049420e+00	0.000000000000000000e+00
4.462693292883996854e-01	2.084781113287894616e+00	0.000000000000000000e+00
4.477610854514740835e-01	2.070679619817749284e+00	0.000000000000000000e+00
4.477610854514740835e-01	2.070679619817749284e+00	0.000000000000000000e+00
4.477610854514740835e-01	2.070679619817749284e+00	0.000000000000000000e+00
4.462693292883996854e-01	2.084781113287894616e+00	0.000000000000000000e+00
4.462693292883996854e-01	2.084781113287894616e+00	0.000000000000000000e+00
4.462693292883996854e-01	2.084781113287894616e+00	0.000000000000000000e+00
6.093203114463985326e-01	2.038089452544366242e+00	0.000000000000000000e+00
6.189294838131141896e-01	1.972750598978397996e+00	0.000000000000000000e+00
6.189294838131141896e-01	1.972750598978397996e+00	0.000000000000000000e+00
6.093203114463985326e-01	2.139048099619069276e+00	0.000000000000000000e+00
8.507626256062758019e-01	1.985870235014971508e+00	0.000000000000000000e+00
8.507626256062758019e-01	1.985870235014971508e+00	0.000000000000000000e+00
8.507626256062758019e-01	1.985870235014971508e+00	0.000000000000000000e+00
8.507626256062758019e-01	1.954638807096902964e+00	0.000000000000000000e+00
8.507626256062758019e-01	1.954638807096902964e+00	0.000000000000000000e+00
8.507626256062758019e-01	1.985870235014971508e+00	0.000000000000000000e+00
8.507626256062758019e-01	1.954638807096902964e+00	0.000000000000000000e+00
8.507626256062758019e-01	1.954638807096902964e+00	0.000000000000000000e+00
8.507626256062758019e-01	1.928559001176459953e+00	0.000000000000000000e+00
8.513916348893543207e-01	1.617939025741232939e+00	0.000000000000000000e+00
8.513916348893543207e-01	1.617939025741232939e+00	0.000000000000000000e+00
8.513916348893543207e-01	1.617939025741232939e+00	0.000000000000000000e+00
8.513916348893543207e-01	1.617939025741232939e+00	0.000000000000000000e+00
8.513916348893543207e-01	1.617939025741232939e+00	0.000000000000000000e+00
8.513916348893543207e-01	1.617939025741232939e+00	0.000000000000000000e+00
8.513916348893543207e-01	1.617939025741232939e+00	0.000000000000000000e+00
8.513916348893543207e-01	1.617939025741232939e+00	0.000000000000000000e+00
8.524231780884097276e-01	1.677106346776437329e+00	0.000000000000000000e+00
8.610915249546080563e-01	1.319073107036068837e+00	0.000000000000000000e+00
8.610915249546080563e-01	1.319073107036068837e+00	0.000000000000000000e+00
8.610915249546080563e-01	1.319073107036068837e+00	0.000000000000000000e+00
8.610915249546080563e-01	1.344217725318791024e+00	0.000000000000000000e+00
8.610915249546080563e-01	1.344217725318791024e+00	0.000000000000000000e+00
8.610915249546080563e-01	1.344217725318791024e+00	0.000000000000000000e+00
8.610915249546080563e-01	1.344217725318791024e+00	0.000000000000000000e+00
8.610915249546080563e-01	1.319073107036068837e+00	0.000000000000000000e+00
8.610915249546080563e-01	1.333565844418920232e+00	0.000000000000000000e+00
8.610915249546080563e-01	1.333565844418920232e+00	0.000000000000000000e+00
8.610915249546080563e-01	1.333565844418920232e+00	0.000000000000000000e+00
8.610915249546080563e-01	1.333565844418920232e+00	0.000000000000000000e+00
8.610915249546080563e-01	1.333565844418920232e+00	0.000000000000000000e+00
8.610915249546080563e-01	1.333565844418920232e+00	0.000000000000000000e+00
8.610915249546080563e-01	1.333565844418920232e+00	0.000000000000000000e+00
8.636479844696489661e-01	1.277399263337112068e+00	0.000000000000000000e+00
8.636479844696489661e-01	1.277399263337112068e+00	0.000000000000000000e+00
8.636479844696489661e-01	1.277399263337112068e+00	0.000000000000000000e+00
8.636479844696489661e-01	1.277399263337112068e+00	0.000000000000000000e+00
8.636479844696489661e-01	1.277399263337112068e+00	0.000000000000000000e+00
8.636479844696489661e-01	1.277399263337112068e+00	0.000000000000000000e+00
8.636479844696489661e-01	1.277399263337112068e+00	0.000000000000000000e+00
8.636479844696489661e-01	1.277399263337112068e+00	0.000000000000000000e+00
8.636479844696489661e-01	1.294265279081005637e+00	0.000000000000000000e+00
8.388793204984225094e-01	9.025120166247200260e-01	0.000000000000000000e+00
8.388793204984225094e-01	9.025120166247200260e-01	0.000000000000000000e+00
8.388793204984225094e-01	9.025120166247200260e-01	0.000000000000000000e+00
8.388793204984225094e-01	9.364394858674671696e-01	0.000000000000000000e+00
8.388793204984225094e-01	9.364394858674671696e-01	0.000000000000000000e+00
8.388793204984225094e-01	9.364394858674671696e-01	0.000000000000000000e+00
8.388793204984225094e-01	9.364394858674671696e-01	0.000000000000000000e+00
8.388793204984225094e-01	9.364394858674671696e-01	0.000000000000000000e+00
8.388793204984225094e-01	9.364394858674671696e-01	0.000000000000000000e+00
8.388793204984225094e-01	9.364394858674671696e-01	0.000000000000000000e+00
8.388793204984225094e-01	9.364394858674671696e-01	0.000000000000000000e+00
8.388793204984225094e-01	1.418650293852806499e+00	0.000000000000000000e+00
8.388793204984225094e-01	1.418650293852806499e+00	0.000000000000000000e+00
8.388793204984225094e-01	1.418650293852806499e+00	0.000000000000000000e+00
8.388793204984225094e-01	1.418650293852806499e+00	0.000000000000000000e+00
8.388793204984225094e-01	1.418650293852806499e+00	0.000000000000000000e+00
8.388793204984225094e-01	1.418650293852806499e+00	0.000000000000000000e+00
