0.000000000000000000e+00	1.395769008709924153e+00	0.000000000000000000e+00
0.000000000000000000e+00	1.205182010001767612e+00	0.000000000000000000e+00
3.364210511739573750e-02	1.139593599559504566e+00	0.000000000000000000e+00
4.904730434855614218e-02	1.075387424431058392e+00	0.000000000000000000e+00
5.559989254065283298e-02	8.519401809055970887e-01	0.000000000000000000e+00
5.559989254065283298e-02	8.519401809055970887e-01	0.000000000000000000e+00
5.559989254065283298e-02	8.519401809055970887e-01	0.000000000000000000e+00
9.929847306137867813e-02	8.200897781116085472e-01	0.000000000000000000e+00
9.929847306137867813e-02	8.200897781116085472e-01	0.000000000000000000e+00
9.929847306137867813e-02	8.200897781116085472e-01	0.000000000000000000e+00
9.929847306137867813e-02	8.200897781116085472e-01	0.000000000000000000e+00
9.929847306137867813e-02	8.200897781116085472e-01	0.000000000000000000e+00
2.007224237398701761e-01	7.890822211958194998e-01	0.000000000000000000e+00
2.039354529473440258e-01	7.686770064429513383e-01	0.000000000000000000e+00
2.193659217509194015e-01	6.176980893372144843e-01	0.000000000000000000e+00
2.201930578371797953e-01	6.163728580217021635e-01	0.000000000000000000e+00
2.286149031031613210e-01	4.100700277382469672e-01	0.000000000000000000e+00
2.286149031031613210e-01	4.100700277382469672e-01	0.000000000000000000e+00
2.315796777297065012e-01	3.657274547518403751e-01	0.000000000000000000e+00
2.355592951654111311e-01	3.539909340547047756e-01	0.000000000000000000e+00
2.481589385676763460e-01	2.972604139021333691e-01	0.000000000000000000e+00
2.523037537771687933e-01	2.912829888081390206e-01	0.000000000000000000e+00
2.564485689866612406e-01	2.854505936525222887e-01	0.000000000000000000e+00
2.564485689866612406e-01	2.854505936525222887e-01	0.000000000000000000e+00
2.564485689866612406e-01	2.854505936525222887e-01	0.000000000000000000e+00
2.564485689866612406e-01	2.854505936525222887e-01	0.000000000000000000e+00
2.564485689866612406e-01	2.854505936525222887e-01	0.000000000000000000e+00
2.564485689866612406e-01	2.878770935336126269e-01	0.000000000000000000e+00
2.564485689866612406e-01	2.878770935336126269e-01	0.000000000000000000e+00
2.564485689866612406e-01	2.878770935336126269e-01	0.000000000000000000e+00
2.564485689866612406e-01	2.885108438548009135e-01	0.000000000000000000e+00
4.202537678529486009e-01	2.143017984429922140e-01	0.000000000000000000e+00
4.202537678529486009e-01	2.143017984429922140e-01	0.000000000000000000e+00
4.251191234996753443e-01	1.635463726078964786e-01	0.000000000000000000e+00
4.278011779196438935e-01	1.301813495506534135e-01	0.000000000000000000e+00
4.304832323396124982e-01	7.052925401737200617e-02	0.000000000000000000e+00
4.304832323396124982e-01	7.052925401737200617e-02	0.000000000000000000e+00
4.304832323396124982e-01	7.052925401737200617e-02	0.000000000000000000e+00
4.360919062594001416e-01	2.580703505801257291e-02	0.000000000000000000e+00
4.360919062594001416e-01	2.194574116609603401e-02	0.000000000000000000e+00
4.424960176483402896e-01	-7.376046130332977735e-03	0.000000000000000000e+00
4.461877924632657311e-01	-3.065776813597014330e-02	0.000000000000000000e+00
4.477842135049414085e-01	-5.725115019390181192e-02	0.000000000000000000e+00
4.532472232856901706e-01	-6.915648266620952334e-02	0.000000000000000000e+00
4.552766673379716189e-01	-7.201573080820568296e-02	0.000000000000000000e+00
4.552766673379716189e-01	-7.201573080820568296e-02	0.000000000000000000e+00
4.552766673379716189e-01	-7.201573080820568296e-02	0.000000000000000000e+00
4.552766673379716189e-01	-7.201573080820568296e-02	0.000000000000000000e+00
4.552766673379716189e-01	-7.201573080820568296e-02	0.000000000000000000e+00
4.552766673379716189e-01	-7.201573080820568296e-02	0.000000000000000000e+00
4.552766673379716189e-01	-7.201573080820568296e-02	0.000000000000000000e+00
4.552766673379716189e-01	-7.201573080820568296e-02	0.000000000000000000e+00
6.263529325837330353e-01	-1.055988996757030313e-01	0.000000000000000000e+00
6.274914298970464266e-01	-1.126975662715235388e-01	0.000000000000000000e+00
6.284977750600957425e-01	-1.394512047882463524e-01	0.000000000000000000e+00
6.280515766813611345e-01	-1.686942731414033114e-01	0.000000000000000000e+00
6.288236966652938076e-01	-2.001136290529548223e-01	0.000000000000000000e+00
6.288236966652938076e-01	-2.001136290529548223e-01	0.000000000000000000e+00
6.288236966652938076e-01	-2.171310273213082898e-01	0.000000000000000000e+00
6.335059402673426376e-01	-2.285864293846087969e-01	0.000000000000000000e+00
6.397140126906900592e-01	-2.665336198892264141e-01	0.000000000000000000e+00
6.397140126906900592e-01	-2.665336198892264141e-01	0.000000000000000000e+00
6.397140126906900592e-01	-2.847428704875580863e-01	0.000000000000000000e+00
6.463869487362648991e-01	-3.136510315184804498e-01	0.000000000000000000e+00
6.463869487362648991e-01	-3.136510315184804498e-01	0.000000000000000000e+00
6.472458848463389369e-01	-3.239373742897135866e-01	0.000000000000000000e+00
6.481048209564129747e-01	-3.746537892701161665e-01	0.000000000000000000e+00
6.481048209564129747e-01	-3.746537892701161665e-01	0.000000000000000000e+00
6.481048209564129747e-01	-3.746537892701161665e-01	0.000000000000000000e+00
6.481048209564129747e-01	-3.746537892701161665e-01	0.000000000000000000e+00
6.488535169796580959e-01	-3.550943788069222395e-01	0.000000000000000000e+00
6.488535169796580959e-01	-3.550943788069222395e-01	0.000000000000000000e+00
6.485606532614716091e-01	-3.546601927212776340e-01	0.000000000000000000e+00
8.281669546751229127e-01	-4.210760682270339728e-01	0.000000000000000000e+00
8.281669546751229127e-01	-4.210760682270339728e-01	0.000000000000000000e+00
8.281669546751229127e-01	-4.210760682270339728e-01	0.000000000000000000e+00
8.281669546751229127e-01	-4.210760682270339728e-01	0.000000000000000000e+00
8.281669546751229127e-01	-4.434428319467205726e-01	0.000000000000000000e+00
8.281669546751229127e-01	-4.434428319467205726e-01	0.000000000000000000e+00
8.322568901871678637e-01	-4.916150322756729918e-01	0.000000000000000000e+00
8.345936962062815434e-01	-4.613375095122740910e-01	0.000000000000000000e+00
8.345936962062815434e-01	-4.833775927288534446e-01	0.000000000000000000e+00
8.360951489225523225e-01	-5.107749044306603148e-01	0.000000000000000000e+00
8.345936962062815434e-01	-4.991854166548684857e-01	0.000000000000000000e+00
8.360951489225523225e-01	-5.107749044306603148e-01	0.000000000000000000e+00
8.371753800053585159e-01	-5.352758983020409200e-01	0.000000000000000000e+00
8.371753800053585159e-01	-5.352758983020409200e-01	0.000000000000000000e+00
8.432629695590601049e-01	-5.821963432027049690e-01	0.000000000000000000e+00
8.432629695590601049e-01	-5.979591280148038868e-01	0.000000000000000000e+00
8.432629695590601049e-01	-5.979591280148038868e-01	0.000000000000000000e+00
8.432629695590601049e-01	-5.979591280148038868e-01	0.000000000000000000e+00
8.432629695590601049e-01	-5.979591280148038868e-01	0.000000000000000000e+00
8.432629695590601049e-01	-5.979591280148038868e-01	0.000000000000000000e+00
8.443978292017821907e-01	-6.206543320533836061e-01	0.000000000000000000e+00
8.443978292017821907e-01	-6.206543320533836061e-01	0.000000000000000000e+00
8.443978292017821907e-01	-6.254934356022572306e-01	0.000000000000000000e+00
8.458296912666003475e-01	-6.330981450362047624e-01	0.000000000000000000e+00
8.486200270588307726e-01	-6.437272634832041929e-01	0.000000000000000000e+00
8.499785007862430408e-01	-6.589910068496632745e-01	0.000000000000000000e+00
8.499785007862430408e-01	-6.589910068496632745e-01	0.000000000000000000e+00
