0.000000000000000000e+00	2.088222991524557592e+00	0.000000000000000000e+00
1.585224513242172034e-02	1.679032612862234375e+00	0.000000000000000000e+00
3.644996862879586186e-02	1.518555206204030394e+00	0.000000000000000000e+00
4.932582013850694835e-02	1.469137262494409901e+00	0.000000000000000000e+00
4.932582013850694835e-02	1.469137262494409901e+00	0.000000000000000000e+00
8.948690558210728452e-02	1.309273629182394760e+00	0.000000000000000000e+00
8.948690558210728452e-02	1.309273629182394760e+00	0.000000000000000000e+00
8.948690558210728452e-02	1.309273629182394760e+00	0.000000000000000000e+00
1.518019983779679005e-01	1.296374463171256153e+00	0.000000000000000000e+00
1.755465887207051656e-01	1.209866602070703179e+00	0.000000000000000000e+00
1.907402646863639306e-01	1.189949612849173555e+00	0.000000000000000000e+00
1.907402646863639306e-01	1.189949612849173555e+00	0.000000000000000000e+00
2.075207884991626395e-01	1.056356890480216304e+00	0.000000000000000000e+00
2.222673852081374357e-01	8.652801603681100628e-01	0.000000000000000000e+00
2.304176792424463271e-01	8.277810812116206396e-01	0.000000000000000000e+00
2.309565109249312465e-01	7.573297303658146351e-01	0.000000000000000000e+00
2.439903504889109898e-01	7.183068339224853993e-01	0.000000000000000000e+00
2.494127277010667609e-01	6.872339385212792306e-01	0.000000000000000000e+00
2.494127277010667609e-01	6.872339385212792306e-01	0.000000000000000000e+00
2.494127277010667609e-01	6.726633222473167306e-01	0.000000000000000000e+00
2.494127277010667609e-01	6.726633222473167306e-01	0.000000000000000000e+00
2.494127277010667609e-01	6.726633222473167306e-01	0.000000000000000000e+00
2.494127277010667609e-01	6.726633222473167306e-01	0.000000000000000000e+00
2.494127277010667609e-01	6.726633222473167306e-01	0.000000000000000000e+00
2.494127277010667609e-01	6.726633222473167306e-01	0.000000000000000000e+00
2.494127277010667609e-01	6.726633222473167306e-01	0.000000000000000000e+00
4.175226068027508286e-01	6.476056944047934305e-01	0.000000000000000000e+00
4.192304930666542750e-01	5.768305577463186395e-01	0.000000000000000000e+00
4.260579815018780692e-01	5.114025290532812074e-01	0.000000000000000000e+00
4.243604630514390963e-01	4.754319390215472341e-01	0.000000000000000000e+00
4.281691636071763285e-01	4.309236133393973822e-01	0.000000000000000000e+00
4.301643874499449516e-01	3.212611946140372932e-01	0.000000000000000000e+00
4.301643874499449516e-01	3.212611946140372932e-01	0.000000000000000000e+00
4.309772111470395739e-01	2.961496106103868597e-01	0.000000000000000000e+00
4.318911801506369885e-01	2.838378799574660105e-01	0.000000000000000000e+00
4.318911801506369885e-01	2.445354321060390079e-01	0.000000000000000000e+00
4.414621922159101541e-01	2.140936613042379588e-01	0.000000000000000000e+00
4.423450807299087462e-01	2.053127517917489320e-01	0.000000000000000000e+00
4.514402567582609382e-01	1.712252156218073140e-01	0.000000000000000000e+00
4.534274502162452536e-01	1.585573654066790850e-01	0.000000000000000000e+00
4.534274502162452536e-01	1.585573654066790850e-01	0.000000000000000000e+00
4.534274502162452536e-01	1.585573654066790850e-01	0.000000000000000000e+00
4.534274502162452536e-01	1.585573654066790850e-01	0.000000000000000000e+00
4.534274502162452536e-01	1.585573654066790850e-01	0.000000000000000000e+00
4.534274502162452536e-01	1.585573654066790850e-01	0.000000000000000000e+00
4.534274502162452536e-01	1.585573654066790850e-01	0.000000000000000000e+00
4.534274502162452536e-01	1.612930394175645377e-01	0.000000000000000000e+00
6.334560375737942062e-01	3.102647323722365971e-02	0.000000000000000000e+00
6.334560375737942062e-01	3.102647323722365971e-02	0.000000000000000000e+00
6.334560375737942062e-01	3.102647323722365971e-02	0.000000000000000000e+00
6.334560375737942062e-01	3.102647323722365971e-02	0.000000000000000000e+00
6.334560375737942062e-01	3.102647323722365971e-02	0.000000000000000000e+00
6.334560375737942062e-01	3.102647323722365971e-02	0.000000000000000000e+00
6.334560375737942062e-01	7.471027469877819689e-03	0.000000000000000000e+00
6.386789808769349763e-01	-4.813652175215651918e-02	0.000000000000000000e+00
6.386789808769349763e-01	-4.813652175215651918e-02	0.000000000000000000e+00
6.413296285593572676e-01	-6.751783816227337198e-02	0.000000000000000000e+00
6.413296285593572676e-01	-9.837276459126920169e-02	0.000000000000000000e+00
6.413296285593572676e-01	-9.837276459126920169e-02	0.000000000000000000e+00
6.419348752873440533e-01	-1.125758537420180894e-01	0.000000000000000000e+00
6.436608890218611378e-01	-1.302453666382247244e-01	0.000000000000000000e+00
6.446920810130589707e-01	-1.547963304684604469e-01	0.000000000000000000e+00
6.446920810130589707e-01	-1.586402287703691238e-01	0.000000000000000000e+00
6.455587933272630696e-01	-1.732627704259018242e-01	0.000000000000000000e+00
6.459921494843651191e-01	-1.942548255557960957e-01	0.000000000000000000e+00
6.459921494843651191e-01	-2.139708699015947790e-01	0.000000000000000000e+00
6.462712375463800507e-01	-2.265776219207502606e-01	0.000000000000000000e+00
6.464255056414671685e-01	-2.379763169112143195e-01	0.000000000000000000e+00
6.464255056414671685e-01	-2.379763169112143195e-01	0.000000000000000000e+00
6.464255056414671685e-01	-2.379763169112143195e-01	0.000000000000000000e+00
6.464255056414671685e-01	-2.391211570581373291e-01	0.000000000000000000e+00
6.464255056414671685e-01	-2.391211570581373291e-01	0.000000000000000000e+00
6.464255056414671685e-01	-2.391211570581373291e-01	0.000000000000000000e+00
8.354942579139872372e-01	-3.874663177160949101e-01	0.000000000000000000e+00
8.354942579139872372e-01	-3.874663177160949101e-01	0.000000000000000000e+00
8.354942579139872372e-01	-3.874663177160949101e-01	0.000000000000000000e+00
8.354942579139872372e-01	-3.874663177160949101e-01	0.000000000000000000e+00
8.354942579139872372e-01	-3.864432479957468636e-01	0.000000000000000000e+00
8.354942579139872372e-01	-3.864432479957468636e-01	0.000000000000000000e+00
8.354942579139872372e-01	-3.750335987154985173e-01	0.000000000000000000e+00
8.354942579139872372e-01	-3.750335987154985173e-01	0.000000000000000000e+00
8.354942579139872372e-01	-3.750335987154985173e-01	0.000000000000000000e+00
8.354942579139872372e-01	-3.750335987154985173e-01	0.000000000000000000e+00
8.354942579139872372e-01	-3.864432479957468636e-01	0.000000000000000000e+00
8.354942579139872372e-01	-4.101567665989254152e-01	0.000000000000000000e+00
8.343088414271531139e-01	-4.050160052088979112e-01	0.000000000000000000e+00
8.367418478500662227e-01	-4.337182956883552931e-01	0.000000000000000000e+00
8.367418478500662227e-01	-4.337182956883552931e-01	0.000000000000000000e+00
8.378898107364827208e-01	-4.657439884395171426e-01	0.000000000000000000e+00
8.378898107364827208e-01	-4.657439884395171426e-01	0.000000000000000000e+00
8.378898107364827208e-01	-4.657439884395171426e-01	0.000000000000000000e+00
8.420841127001625903e-01	-4.865993897850788286e-01	0.000000000000000000e+00
8.420841127001625903e-01	-4.865993897850788286e-01	0.000000000000000000e+00
8.420841127001625903e-01	-4.865993897850788286e-01	0.000000000000000000e+00
8.462602893724141540e-01	-4.981432061822986812e-01	0.000000000000000000e+00
8.498569189881411967e-01	-5.240393890743593186e-01	0.000000000000000000e+00
8.498569189881411967e-01	-5.240393890743593186e-01	0.000000000000000000e+00
8.498569189881411967e-01	-5.240393890743593186e-01	0.000000000000000000e+00
8.521165941781179143e-01	-5.351513295591885377e-01	0.000000000000000000e+00
8.521165941781179143e-01	-5.402867915766766949e-01	0.000000000000000000e+00
