0.000000000000000000e+00	5.007651953807551237e+00	0.000000000000000000e+00
2.578045583910532068e-02	4.753697710073025107e+00	0.000000000000000000e+00
7.211298608634506002e-02	4.459660310104895942e+00	0.000000000000000000e+00
7.211298608634504614e-02	4.251984153241788356e+00	0.000000000000000000e+00
7.211298608634504614e-02	4.251984153241788356e+00	0.000000000000000000e+00
7.211298608634504614e-02	4.251984153241788356e+00	0.000000000000000000e+00
1.703744468625956743e-01	4.198151977223398390e+00	0.000000000000000000e+00
1.703744468625956743e-01	4.198151977223398390e+00	0.000000000000000000e+00
2.686359076388463163e-01	3.915838925395543679e+00	0.000000000000000000e+00
2.686359076388463163e-01	3.635912680206596193e+00	0.000000000000000000e+00
2.686359076388463163e-01	3.635912680206596193e+00	0.000000000000000000e+00
2.686359076388463163e-01	3.635912680206596193e+00	0.000000000000000000e+00
2.686359076388463163e-01	3.635912680206596193e+00	0.000000000000000000e+00
2.302621443331927253e-01	3.537010946695378966e+00	0.000000000000000000e+00
3.927156445245666427e-01	3.495617341242744036e+00	0.000000000000000000e+00
4.026856007231868206e-01	2.881839924111949891e+00	0.000000000000000000e+00
2.844133110636506978e-01	3.104853554869454690e+00	0.000000000000000000e+00
2.844133110636506978e-01	3.044899953759482081e+00	0.000000000000000000e+00
2.844133110636506978e-01	3.044899953759482081e+00	0.000000000000000000e+00
2.844133110636506978e-01	2.970736606511506395e+00	0.000000000000000000e+00
2.844133110636506978e-01	2.970736606511506395e+00	0.000000000000000000e+00
2.844133110636506978e-01	2.970736606511506395e+00	0.000000000000000000e+00
2.844133110636506978e-01	2.970736606511506395e+00	0.000000000000000000e+00
2.844133110636506978e-01	2.970736606511506395e+00	0.000000000000000000e+00
2.844133110636506978e-01	2.970736606511506395e+00	0.000000000000000000e+00
2.844133110636506978e-01	2.970736606511506395e+00	0.000000000000000000e+00
4.477610854514740835e-01	2.070679619817749284e+00	0.000000000000000000e+00
4.477610854514740835e-01	2.070679619817749284e+00	0.000000000000000000e+00
4.477610854514740835e-01	2.070679619817749284e+00	0.000000000000000000e+00
4.477610854514740835e-01	2.070679619817749284e+00	0.000000000000000000e+00
4.477610854514740835e-01	2.070679619817749284e+00	0.000000000000000000e+00
4.477610854514740835e-01	2.070679619817749284e+00	0.000000000000000000e+00
4.477610854514740835e-01	2.070679619817749284e+00	0.000000000000000000e+00
4.477610854514740835e-01	2.070679619817749284e+00	0.000000000000000000e+00
6.093203114463985326e-01	2.038089452544366242e+00	0.000000000000000000e+00
6.093203114463985326e-01	2.038089452544366242e+00	0.000000000000000000e+00
6.093203114463985326e-01	2.038089452544366242e+00	0.000000000000000000e+00
6.093203114463985326e-01	2.038089452544366242e+00	0.000000000000000000e+00
6.093203114463985326e-01	2.231050444565818136e+00	0.000000000000000000e+00
6.093203114463985326e-01	2.231050444565818136e+00	0.000000000000000000e+00
6.093203114463985326e-01	2.237327945483284175e+00	0.000000000000000000e+00
6.093203114463985326e-01	2.237327945483284175e+00	0.000000000000000000e+00
8.524835286789753663e-01	1.608445589460195668e+00	0.000000000000000000e+00
8.524835286789753663e-01	1.608445589460195668e+00	0.000000000000000000e+00
8.524835286789753663e-01	1.608445589460195668e+00	0.000000000000000000e+00
8.524835286789753663e-01	1.608445589460195668e+00	0.000000000000000000e+00
8.522195577268332212e-01	1.856844918084091356e+00	0.000000000000000000e+00
8.519555867746909650e-01	1.738238764126778690e+00	0.000000000000000000e+00
8.519555867746909650e-01	1.738238764126778690e+00	0.000000000000000000e+00
8.519555867746909650e-01	1.738238764126778690e+00	0.000000000000000000e+00
8.513916348893543207e-01	1.761107861990822476e+00	0.000000000000000000e+00
8.513916348893543207e-01	1.761107861990822476e+00	0.000000000000000000e+00
8.513916348893543207e-01	1.761107861990822476e+00	0.000000000000000000e+00
8.513916348893543207e-01	1.761107861990822476e+00	0.000000000000000000e+00
8.513916348893543207e-01	1.761107861990822476e+00	0.000000000000000000e+00
8.519555867746909650e-01	1.678316939367732408e+00	0.000000000000000000e+00
8.519555867746909650e-01	1.678316939367732408e+00	0.000000000000000000e+00
8.513916348893543207e-01	1.761107861990822476e+00	0.000000000000000000e+00
8.493708354631537283e-01	1.933325248041865674e+00	0.000000000000000000e+00
8.524231780884097276e-01	1.746795690053959405e+00	0.000000000000000000e+00
8.524231780884097276e-01	1.746795690053959405e+00	0.000000000000000000e+00
8.524231780884097276e-01	1.746795690053959405e+00	0.000000000000000000e+00
8.524231780884097276e-01	1.746795690053959405e+00	0.000000000000000000e+00
8.524231780884097276e-01	1.746795690053959405e+00	0.000000000000000000e+00
8.524231780884097276e-01	1.746795690053959405e+00	0.000000000000000000e+00
8.524231780884097276e-01	1.746795690053959405e+00	0.000000000000000000e+00
8.546139369431532407e-01	1.603997471507784933e+00	0.000000000000000000e+00
8.636479844696489661e-01	1.470679700343427321e+00	0.000000000000000000e+00
8.636479844696489661e-01	1.470679700343427321e+00	0.000000000000000000e+00
8.636479844696489661e-01	1.470679700343427321e+00	0.000000000000000000e+00
8.636479844696489661e-01	1.470679700343427321e+00	0.000000000000000000e+00
8.636479844696489661e-01	1.470679700343427321e+00	0.000000000000000000e+00
8.636479844696489661e-01	1.470679700343427321e+00	0.000000000000000000e+00
8.636479844696489661e-01	1.470679700343427321e+00	0.000000000000000000e+00
8.636479844696489661e-01	1.470679700343427321e+00	0.000000000000000000e+00
8.636479844696489661e-01	1.470679700343427321e+00	0.000000000000000000e+00
8.636479844696489661e-01	1.470679700343427321e+00	0.000000000000000000e+00
8.606366352941503539e-01	1.772510432766952970e+00	0.000000000000000000e+00
8.606366352941503539e-01	1.772510432766952970e+00	0.000000000000000000e+00
8.606366352941503539e-01	1.772510432766952970e+00	0.000000000000000000e+00
6.555476526492050038e-01	1.886151848572607870e+00	0.000000000000000000e+00
6.555476526492050038e-01	1.886151848572607870e+00	0.000000000000000000e+00
6.555476526492050038e-01	1.886151848572607870e+00	0.000000000000000000e+00
6.555476526492050038e-01	1.886151848572607870e+00	0.000000000000000000e+00
6.555476526492050038e-01	1.886151848572607870e+00	0.000000000000000000e+00
6.555476526492050038e-01	1.886151848572607870e+00	0.000000000000000000e+00
6.555476526492050038e-01	1.886151848572607870e+00	0.000000000000000000e+00
6.555476526492050038e-01	1.886151848572607870e+00	0.000000000000000000e+00
6.555476526492050038e-01	1.886151848572607870e+00	0.000000000000000000e+00
6.555476526492050038e-01	1.886151848572607870e+00	0.000000000000000000e+00
6.555476526492050038e-01	1.886151848572607870e+00	0.000000000000000000e+00
8.232615999528979378e-01	1.869259747999143073e+00	0.000000000000000000e+00
8.232615999528979378e-01	1.869259747999143073e+00	0.000000000000000000e+00
8.232615999528979378e-01	1.869259747999143073e+00	0.000000000000000000e+00
8.232615999528979378e-01	1.869259747999143073e+00	0.000000000000000000e+00
8.232615999528979378e-01	1.869259747999143073e+00	0.000000000000000000e+00
8.232615999528979378e-01	1.869259747999143073e+00	0.000000000000000000e+00
8.232615999528979378e-01	1.869259747999143073e+00	0.000000000000000000e+00
8.232615999528979378e-01	1.869259747999143073e+00	0.000000000000000000e+00
8.232615999528979378e-01	1.875775779370580931e+00	0.000000000000000000e+00
