0.000000000000000000e+00	2.569530464009306847e+00	0.000000000000000000e+00
2.995274054509076966e-03	1.773836659666514048e+00	0.000000000000000000e+00
3.099862859670808601e-02	1.567433756991993832e+00	0.000000000000000000e+00
6.024276708940768527e-02	1.537518198521568236e+00	0.000000000000000000e+00
7.399586365112301167e-02	1.474764298791907402e+00	0.000000000000000000e+00
7.399586365112301167e-02	1.474764298791907402e+00	0.000000000000000000e+00
8.948690558210728452e-02	1.466565820765727279e+00	0.000000000000000000e+00
8.948690558210728452e-02	1.466565820765727279e+00	0.000000000000000000e+00
8.948690558210728452e-02	1.466565820765727279e+00	0.000000000000000000e+00
8.948690558210728452e-02	1.466565820765727279e+00	0.000000000000000000e+00
1.934231995534884119e-01	1.303905114036046697e+00	0.000000000000000000e+00
2.075207884991626395e-01	1.056356890480216304e+00	0.000000000000000000e+00
2.075207884991626395e-01	1.056356890480216304e+00	0.000000000000000000e+00
2.075207884991626395e-01	1.056356890480216304e+00	0.000000000000000000e+00
2.304176792424463271e-01	8.445701959234548362e-01	0.000000000000000000e+00
2.304176792424463271e-01	8.445701959234548362e-01	0.000000000000000000e+00
2.356921544332176710e-01	7.620138243317968740e-01	0.000000000000000000e+00
2.356921544332176710e-01	7.620138243317968740e-01	0.000000000000000000e+00
2.566285258384372603e-01	7.044060744476541291e-01	0.000000000000000000e+00
2.566285258384372603e-01	7.044060744476541291e-01	0.000000000000000000e+00
2.566285258384372603e-01	7.044060744476541291e-01	0.000000000000000000e+00
2.494127277010667609e-01	7.434392664959970087e-01	0.000000000000000000e+00
2.494127277010667609e-01	7.434392664959970087e-01	0.000000000000000000e+00
2.494127277010667609e-01	7.434392664959970087e-01	0.000000000000000000e+00
2.494127277010667609e-01	7.434392664959970087e-01	0.000000000000000000e+00
2.494127277010667609e-01	7.434392664959970087e-01	0.000000000000000000e+00
2.494127277010667609e-01	7.434392664959970087e-01	0.000000000000000000e+00
4.192304930666542750e-01	5.695805279438489466e-01	0.000000000000000000e+00
4.192304930666542750e-01	5.695805279438489466e-01	0.000000000000000000e+00
4.203641772624494566e-01	5.935671330023919445e-01	0.000000000000000000e+00
4.271266902032465618e-01	5.039470876956002598e-01	0.000000000000000000e+00
4.271266902032465618e-01	5.011869460096839424e-01	0.000000000000000000e+00
4.304389377843870212e-01	4.438127301339548914e-01	0.000000000000000000e+00
4.327063061759773843e-01	3.593294731705503620e-01	0.000000000000000000e+00
4.327063061759773843e-01	3.593294731705503620e-01	0.000000000000000000e+00
4.327063061759773843e-01	3.593294731705503620e-01	0.000000000000000000e+00
4.367705464959100725e-01	3.184600159675131659e-01	0.000000000000000000e+00
4.425984611014232573e-01	2.906671589913389919e-01	0.000000000000000000e+00
4.367705464959100725e-01	3.125100641830017567e-01	0.000000000000000000e+00
4.367705464959100725e-01	3.097836689319192760e-01	0.000000000000000000e+00
4.367705464959100725e-01	3.094925802022442940e-01	0.000000000000000000e+00
4.367705464959100725e-01	3.094037525882691320e-01	0.000000000000000000e+00
4.367705464959100725e-01	3.094037525882691320e-01	0.000000000000000000e+00
4.367705464959100725e-01	3.094037525882691320e-01	0.000000000000000000e+00
4.367705464959100725e-01	3.094037525882691320e-01	0.000000000000000000e+00
4.367705464959100725e-01	3.094037525882691320e-01	0.000000000000000000e+00
6.334560375737942062e-01	1.850174872056789821e-01	0.000000000000000000e+00
6.334560375737942062e-01	1.850174872056789821e-01	0.000000000000000000e+00
6.334560375737942062e-01	1.850174872056789821e-01	0.000000000000000000e+00
6.334560375737942062e-01	1.850174872056789821e-01	0.000000000000000000e+00
6.334560375737942062e-01	1.850174872056789821e-01	0.000000000000000000e+00
6.354678508645646984e-01	1.553040064535591291e-01	0.000000000000000000e+00
6.363531127577926050e-01	9.110402789945816482e-02	0.000000000000000000e+00
6.363531127577926050e-01	9.110402789945816482e-02	0.000000000000000000e+00
6.363531127577926050e-01	9.110402789945816482e-02	0.000000000000000000e+00
6.476603786758310388e-01	6.706923979567312732e-02	0.000000000000000000e+00
6.487863594943362733e-01	5.294969874134294180e-02	0.000000000000000000e+00
6.490465522766301065e-01	3.758149313412537107e-02	0.000000000000000000e+00
6.495224265431014388e-01	6.992787368471924288e-03	0.000000000000000000e+00
6.497921502040385766e-01	-8.065080749738879132e-03	0.000000000000000000e+00
6.497921502040385766e-01	-1.522372493930015599e-02	0.000000000000000000e+00
6.503657189189611110e-01	-4.366096709123813008e-02	0.000000000000000000e+00
6.505542458338864353e-01	-1.067025446810146300e-01	0.000000000000000000e+00
6.505542458338864353e-01	-1.067025446810146300e-01	0.000000000000000000e+00
6.505542458338864353e-01	-1.067025446810146300e-01	0.000000000000000000e+00
6.505542458338864353e-01	-1.067025446810146300e-01	0.000000000000000000e+00
6.507427727488117597e-01	-1.696832847767308083e-01	0.000000000000000000e+00
6.507427727488117597e-01	-1.696832847767308083e-01	0.000000000000000000e+00
6.507427727488117597e-01	-1.696832847767308083e-01	0.000000000000000000e+00
6.507427727488117597e-01	-1.696832847767308083e-01	0.000000000000000000e+00
6.560131902440635709e-01	-1.565938994617444568e-01	0.000000000000000000e+00
6.560131902440635709e-01	-1.565938994617444568e-01	0.000000000000000000e+00
6.560131902440635709e-01	-1.565938994617444568e-01	0.000000000000000000e+00
6.560131902440635709e-01	-1.565938994617444568e-01	0.000000000000000000e+00
6.560131902440635709e-01	-1.565938994617444568e-01	0.000000000000000000e+00
8.252935755954808883e-01	-2.043445305054744920e-01	0.000000000000000000e+00
8.252935755954808883e-01	-2.043445305054744920e-01	0.000000000000000000e+00
8.252935755954808883e-01	-2.043445305054744920e-01	0.000000000000000000e+00
8.252935755954808883e-01	-2.220668196048332654e-01	0.000000000000000000e+00
8.255957329426741875e-01	-2.339842339220049028e-01	0.000000000000000000e+00
8.260715416478526807e-01	-2.810701782900156265e-01	0.000000000000000000e+00
8.260715416478526807e-01	-2.810701782900156265e-01	0.000000000000000000e+00
8.264452089729084072e-01	-2.682181242548480338e-01	0.000000000000000000e+00
8.265808894306626575e-01	-2.760842765481268946e-01	0.000000000000000000e+00
8.333109128370097540e-01	-3.447925162874413973e-01	0.000000000000000000e+00
8.333109128370097540e-01	-3.447925162874413973e-01	0.000000000000000000e+00
8.333109128370097540e-01	-3.447925162874413973e-01	0.000000000000000000e+00
8.333109128370097540e-01	-3.447925162874413973e-01	0.000000000000000000e+00
8.333109128370097540e-01	-3.447925162874413973e-01	0.000000000000000000e+00
8.397916244572394273e-01	-3.439041636341351738e-01	0.000000000000000000e+00
8.427947522521819224e-01	-3.555859885357344763e-01	0.000000000000000000e+00
8.427947522521819224e-01	-3.665061373024223745e-01	0.000000000000000000e+00
8.427947522521819224e-01	-3.788837541888430693e-01	0.000000000000000000e+00
8.433932629069095244e-01	-3.889982450400193970e-01	0.000000000000000000e+00
8.433932629069095244e-01	-3.889982450400193970e-01	0.000000000000000000e+00
8.454121682181732211e-01	-4.103686308020343398e-01	0.000000000000000000e+00
8.454121682181732211e-01	-4.103686308020343398e-01	0.000000000000000000e+00
8.505526527115877533e-01	-4.321677659553336270e-01	0.000000000000000000e+00
8.505526527115877533e-01	-4.321677659553336270e-01	0.000000000000000000e+00
8.505526527115877533e-01	-4.321677659553336270e-01	0.000000000000000000e+00
