0.000000000000000000e+00	3.164451920314023781e+00	0.000000000000000000e+00
2.625108216700104691e-02	2.615350239187011372e+00	0.000000000000000000e+00
4.826198224685922938e-02	2.321964803487542195e+00	0.000000000000000000e+00
4.826198224685922938e-02	2.321964803487542195e+00	0.000000000000000000e+00
9.312850591909811737e-02	2.239686933541429337e+00	0.000000000000000000e+00
9.312850591909811737e-02	2.239686933541429337e+00	0.000000000000000000e+00
1.359264422983006981e-01	2.188786600105311564e+00	0.000000000000000000e+00
1.604401059814024033e-01	2.152127969942028152e+00	0.000000000000000000e+00
1.818546412506361620e-01	1.996177110696752965e+00	0.000000000000000000e+00
1.895257463725423808e-01	1.957417972220965696e+00	0.000000000000000000e+00
2.030544323222543690e-01	1.767670271571301077e+00	0.000000000000000000e+00
2.159079500012211217e-01	1.718589794476753640e+00	0.000000000000000000e+00
2.159079500012211217e-01	1.712063809362967870e+00	0.000000000000000000e+00
2.517040505033337761e-01	1.622967869432715426e+00	0.000000000000000000e+00
2.596368567784334003e-01	1.407485211303612926e+00	0.000000000000000000e+00
2.596368567784334003e-01	1.407485211303612926e+00	0.000000000000000000e+00
2.596368567784334003e-01	1.407485211303612926e+00	0.000000000000000000e+00
2.596368567784334003e-01	1.407485211303612926e+00	0.000000000000000000e+00
2.596368567784334003e-01	1.407485211303612926e+00	0.000000000000000000e+00
2.596368567784334003e-01	1.407485211303612926e+00	0.000000000000000000e+00
2.596368567784334003e-01	1.407485211303612926e+00	0.000000000000000000e+00
2.611914322949905887e-01	1.411606561916370461e+00	0.000000000000000000e+00
2.611914322949905887e-01	1.411606561916370461e+00	0.000000000000000000e+00
4.318350067780704071e-01	1.254705921114895206e+00	0.000000000000000000e+00
4.318350067780704071e-01	1.254705921114895206e+00	0.000000000000000000e+00
4.318350067780704071e-01	1.040995430111787190e+00	0.000000000000000000e+00
4.318350067780704071e-01	1.040995430111787190e+00	0.000000000000000000e+00
4.318350067780704071e-01	1.040995430111787190e+00	0.000000000000000000e+00
4.318350067780704071e-01	1.040995430111787190e+00	0.000000000000000000e+00
4.368660034702240291e-01	9.820610601372538051e-01	0.000000000000000000e+00
4.386509265249539657e-01	9.234433784171858228e-01	0.000000000000000000e+00
4.386509265249539657e-01	9.746428109024662945e-01	0.000000000000000000e+00
4.386509265249539657e-01	9.746428109024662945e-01	0.000000000000000000e+00
4.386509265249539657e-01	9.746428109024662945e-01	0.000000000000000000e+00
4.386509265249539657e-01	9.795982849087390143e-01	0.000000000000000000e+00
4.386509265249539657e-01	9.795982849087390143e-01	0.000000000000000000e+00
4.386509265249539657e-01	9.795982849087390143e-01	0.000000000000000000e+00
6.432815532160970351e-01	1.025372335586931083e+00	0.000000000000000000e+00
6.432815532160970351e-01	8.297124269982449896e-01	0.000000000000000000e+00
6.432815532160970351e-01	8.297124269982449896e-01	0.000000000000000000e+00
6.432815532160970351e-01	7.747458631013809383e-01	0.000000000000000000e+00
6.432815532160970351e-01	7.747458631013809383e-01	0.000000000000000000e+00
6.432815532160970351e-01	7.747458631013809383e-01	0.000000000000000000e+00
6.432815532160970351e-01	7.747458631013809383e-01	0.000000000000000000e+00
6.432815532160970351e-01	7.747458631013809383e-01	0.000000000000000000e+00
6.508339641779693485e-01	7.168801871907126699e-01	0.000000000000000000e+00
6.510367426332067664e-01	6.143507025919315856e-01	0.000000000000000000e+00
6.510367426332067664e-01	6.143507025919315856e-01	0.000000000000000000e+00
6.508339641779693485e-01	6.535777611543452936e-01	0.000000000000000000e+00
6.510367426332067664e-01	6.143507025919315856e-01	0.000000000000000000e+00
6.539507596628395536e-01	5.715485549899365081e-01	0.000000000000000000e+00
6.539507596628395536e-01	5.715485549899365081e-01	0.000000000000000000e+00
6.539507596628395536e-01	4.745400276365548398e-01	0.000000000000000000e+00
6.539507596628395536e-01	4.745400276365548398e-01	0.000000000000000000e+00
6.539507596628395536e-01	4.745400276365548398e-01	0.000000000000000000e+00
6.539507596628395536e-01	4.745400276365548398e-01	0.000000000000000000e+00
6.568647766924723408e-01	4.499261824136377430e-01	0.000000000000000000e+00
6.568647766924723408e-01	4.283626177637616661e-01	0.000000000000000000e+00
6.568647766924723408e-01	4.283626177637616661e-01	0.000000000000000000e+00
6.586915010143203908e-01	3.122715139487415303e-01	0.000000000000000000e+00
6.586915010143203908e-01	3.122715139487415303e-01	0.000000000000000000e+00
6.586915010143203908e-01	3.122715139487415303e-01	0.000000000000000000e+00
6.586915010143203908e-01	3.122715139487415303e-01	0.000000000000000000e+00
6.586915010143203908e-01	3.122715139487415303e-01	0.000000000000000000e+00
6.586915010143203908e-01	3.122715139487415303e-01	0.000000000000000000e+00
6.586915010143203908e-01	3.091351944482090275e-01	0.000000000000000000e+00
6.586915010143203908e-01	2.569728187097081729e-01	0.000000000000000000e+00
6.586915010143203908e-01	2.742218435992045400e-01	0.000000000000000000e+00
6.586915010143203908e-01	2.742218435992045400e-01	0.000000000000000000e+00
6.586915010143203908e-01	2.742218435992045400e-01	0.000000000000000000e+00
8.359701697435883982e-01	1.496186437831908411e-01	0.000000000000000000e+00
8.359701697435883982e-01	1.496186437831908411e-01	0.000000000000000000e+00
8.247208634811348249e-01	2.556710748167000391e-01	0.000000000000000000e+00
8.247208634811348249e-01	2.556710748167000391e-01	0.000000000000000000e+00
8.251767243010208475e-01	1.145403152079133013e-01	0.000000000000000000e+00
8.251767243010208475e-01	1.145403152079133013e-01	0.000000000000000000e+00
8.251767243010208475e-01	8.824728273978071913e-02	0.000000000000000000e+00
8.251767243010208475e-01	8.824728273978071913e-02	0.000000000000000000e+00
8.251767243010208475e-01	8.824728273978071913e-02	0.000000000000000000e+00
8.251767243010208475e-01	8.824728273978071913e-02	0.000000000000000000e+00
8.251767243010208475e-01	8.824728273978071913e-02	0.000000000000000000e+00
8.251767243010208475e-01	8.824728273978071913e-02	0.000000000000000000e+00
8.251767243010208475e-01	8.824728273978071913e-02	0.000000000000000000e+00
8.251767243010208475e-01	8.824728273978071913e-02	0.000000000000000000e+00
8.251767243010208475e-01	9.603614594442672070e-02	0.000000000000000000e+00
8.251767243010208475e-01	9.603614594442672070e-02	0.000000000000000000e+00
8.251767243010208475e-01	9.603614594442672070e-02	0.000000000000000000e+00
8.251767243010208475e-01	9.603614594442672070e-02	0.000000000000000000e+00
8.251767243010208475e-01	9.603614594442672070e-02	0.000000000000000000e+00
8.251767243010208475e-01	9.603614594442672070e-02	0.000000000000000000e+00
8.251767243010208475e-01	9.603614594442672070e-02	0.000000000000000000e+00
8.297751175081404806e-01	1.299450584577431511e-01	0.000000000000000000e+00
8.361414978340342419e-01	9.308260068650732466e-02	0.000000000000000000e+00
8.361414978340342419e-01	9.308260068650732466e-02	0.000000000000000000e+00
8.361414978340342419e-01	9.308260068650732466e-02	0.000000000000000000e+00
8.361414978340342419e-01	9.308260068650732466e-02	0.000000000000000000e+00
8.361414978340342419e-01	9.308260068650732466e-02	0.000000000000000000e+00
8.361414978340342419e-01	9.308260068650732466e-02	0.000000000000000000e+00
8.361414978340342419e-01	9.308260068650732466e-02	0.000000000000000000e+00
8.361414978340342419e-01	9.269701567808735776e-02	0.000000000000000000e+00
