0.000000000000000000e+00	2.279290515080238499e+00	0.000000000000000000e+00
2.270379772008963848e-02	1.807362975662052840e+00	0.000000000000000000e+00
3.099862859670808601e-02	1.671851733360910863e+00	0.000000000000000000e+00
5.428600823627317828e-02	1.562221681288676223e+00	0.000000000000000000e+00
7.775382182731482850e-02	1.502206316532242125e+00	0.000000000000000000e+00
8.948690558210728452e-02	1.486387456543268204e+00	0.000000000000000000e+00
8.948690558210728452e-02	1.466565820765727279e+00	0.000000000000000000e+00
8.948690558210728452e-02	1.466565820765727279e+00	0.000000000000000000e+00
8.948690558210728452e-02	1.466565820765727279e+00	0.000000000000000000e+00
8.948690558210728452e-02	1.466565820765727279e+00	0.000000000000000000e+00
1.934231995534884119e-01	1.303905114036046697e+00	0.000000000000000000e+00
2.075207884991626395e-01	1.202383077495817520e+00	0.000000000000000000e+00
2.187425381985515505e-01	1.118415979339293154e+00	0.000000000000000000e+00
2.256765221567497703e-01	1.057593566155181852e+00	0.000000000000000000e+00
2.304176792424463271e-01	8.893307103175744910e-01	0.000000000000000000e+00
2.320780014822401982e-01	8.761923241751520264e-01	0.000000000000000000e+00
2.437143191424025468e-01	8.028138477670305750e-01	0.000000000000000000e+00
2.494127277010667609e-01	7.793843976183515432e-01	0.000000000000000000e+00
2.494127277010667609e-01	7.793843976183515432e-01	0.000000000000000000e+00
2.494127277010667609e-01	7.793843976183515432e-01	0.000000000000000000e+00
2.494127277010667609e-01	7.793843976183515432e-01	0.000000000000000000e+00
2.494127277010667609e-01	7.793843976183515432e-01	0.000000000000000000e+00
2.494127277010667609e-01	7.793843976183515432e-01	0.000000000000000000e+00
2.494127277010667609e-01	7.793843976183515432e-01	0.000000000000000000e+00
2.494127277010667609e-01	7.823594992465335851e-01	0.000000000000000000e+00
2.494127277010667609e-01	7.828218085409942573e-01	0.000000000000000000e+00
4.192304930666542750e-01	6.635337902066803517e-01	0.000000000000000000e+00
4.192304930666542750e-01	6.635337902066803517e-01	0.000000000000000000e+00
4.192304930666542750e-01	6.410736006545131316e-01	0.000000000000000000e+00
4.271266902032465618e-01	5.037899557391036787e-01	0.000000000000000000e+00
4.271266902032465618e-01	5.037899557391036787e-01	0.000000000000000000e+00
4.271266902032465618e-01	5.011869460096839424e-01	0.000000000000000000e+00
4.304389377843870212e-01	4.511604810412371824e-01	0.000000000000000000e+00
4.327063061759773843e-01	3.803760396053597059e-01	0.000000000000000000e+00
4.327063061759773843e-01	3.803760396053597059e-01	0.000000000000000000e+00
4.367705464959100725e-01	3.125100641830017567e-01	0.000000000000000000e+00
4.367705464959100725e-01	3.125100641830017567e-01	0.000000000000000000e+00
4.367705464959100725e-01	3.125100641830017567e-01	0.000000000000000000e+00
4.367705464959100725e-01	3.125100641830017567e-01	0.000000000000000000e+00
4.367705464959100725e-01	3.125100641830017567e-01	0.000000000000000000e+00
4.367705464959100725e-01	3.125100641830017567e-01	0.000000000000000000e+00
4.367705464959100725e-01	3.125100641830017567e-01	0.000000000000000000e+00
4.367705464959100725e-01	3.125100641830017567e-01	0.000000000000000000e+00
4.367705464959100725e-01	3.125100641830017567e-01	0.000000000000000000e+00
4.367705464959100725e-01	3.134041723966168869e-01	0.000000000000000000e+00
4.367705464959100725e-01	3.134041723966168869e-01	0.000000000000000000e+00
6.344525396452583843e-01	2.561652406533230786e-01	0.000000000000000000e+00
6.344525396452583843e-01	2.172779636771972334e-01	0.000000000000000000e+00
6.344525396452583843e-01	2.172779636771972334e-01	0.000000000000000000e+00
6.344525396452583843e-01	2.102931792494524554e-01	0.000000000000000000e+00
6.344525396452583843e-01	1.747221394598759137e-01	0.000000000000000000e+00
6.363531127577926050e-01	1.640209009806096463e-01	0.000000000000000000e+00
6.378851473920171822e-01	1.175378560231495201e-01	0.000000000000000000e+00
6.378851473920171822e-01	1.175378560231495201e-01	0.000000000000000000e+00
6.439735106284965038e-01	9.815294155202529403e-02	0.000000000000000000e+00
6.476603786758310388e-01	6.706923979567312732e-02	0.000000000000000000e+00
6.487863594943362733e-01	5.294969874134294180e-02	0.000000000000000000e+00
6.495224265431014388e-01	2.621779712600570689e-02	0.000000000000000000e+00
6.495224265431014388e-01	6.992787368471924288e-03	0.000000000000000000e+00
6.497921502040385766e-01	-8.065080749738879132e-03	0.000000000000000000e+00
6.497921502040385766e-01	-1.522372493930015599e-02	0.000000000000000000e+00
6.509147672219124381e-01	-7.920479260532208021e-02	0.000000000000000000e+00
6.509147672219124381e-01	-7.920479260532208021e-02	0.000000000000000000e+00
6.509147672219124381e-01	-7.920479260532208021e-02	0.000000000000000000e+00
6.509147672219124381e-01	-7.920479260532208021e-02	0.000000000000000000e+00
6.566482281324252934e-01	-1.176337410917290410e-01	0.000000000000000000e+00
6.566482281324252934e-01	-1.176337410917290410e-01	0.000000000000000000e+00
6.566482281324252934e-01	-1.231157966703630563e-01	0.000000000000000000e+00
6.566482281324252934e-01	-1.231157966703630563e-01	0.000000000000000000e+00
6.566482281324252934e-01	-1.231157966703630563e-01	0.000000000000000000e+00
6.566482281324252934e-01	-1.231157966703630563e-01	0.000000000000000000e+00
6.566482281324252934e-01	-1.231157966703630563e-01	0.000000000000000000e+00
8.253438661742366067e-01	-1.949017357769011194e-01	0.000000000000000000e+00
8.253438661742366067e-01	-1.949017357769011194e-01	0.000000000000000000e+00
8.253438661742366067e-01	-1.949017357769011194e-01	0.000000000000000000e+00
8.253438661742366067e-01	-1.949017357769011194e-01	0.000000000000000000e+00
8.253438661742366067e-01	-1.949017357769011194e-01	0.000000000000000000e+00
8.261076196475997113e-01	-2.161307679079612631e-01	0.000000000000000000e+00
8.261076196475997113e-01	-2.161307679079612631e-01	0.000000000000000000e+00
8.277638587590041563e-01	-2.446475892972767852e-01	0.000000000000000000e+00
8.280636929113120992e-01	-2.598703703032199108e-01	0.000000000000000000e+00
8.280636929113120992e-01	-2.598703703032199108e-01	0.000000000000000000e+00
8.280636929113120992e-01	-2.750802949351507376e-01	0.000000000000000000e+00
8.280636929113120992e-01	-2.750802949351507376e-01	0.000000000000000000e+00
8.344471831674493689e-01	-3.003260691128797344e-01	0.000000000000000000e+00
8.333109128370097540e-01	-2.964780730432844957e-01	0.000000000000000000e+00
8.344471831674493689e-01	-3.073368943427481348e-01	0.000000000000000000e+00
8.383132659541628895e-01	-3.274437182834257221e-01	0.000000000000000000e+00
8.393376995032280075e-01	-3.311689216566862104e-01	0.000000000000000000e+00
8.397916244572394273e-01	-3.439041636341351738e-01	0.000000000000000000e+00
8.442655431662806631e-01	-3.611263099894181927e-01	0.000000000000000000e+00
8.442655431662806631e-01	-3.611263099894181927e-01	0.000000000000000000e+00
8.482855369213103680e-01	-3.963084020926825879e-01	0.000000000000000000e+00
8.482855369213103680e-01	-3.963084020926825879e-01	0.000000000000000000e+00
8.482855369213103680e-01	-3.963084020926825879e-01	0.000000000000000000e+00
8.482855369213103680e-01	-4.005014414459799887e-01	0.000000000000000000e+00
8.494266815625589606e-01	-4.076805887637972026e-01	0.000000000000000000e+00
8.501303783136959780e-01	-4.105506237161390404e-01	0.000000000000000000e+00
8.505526527115877533e-01	-4.118747260129153043e-01	0.000000000000000000e+00
8.505526527115877533e-01	-4.127018836339569341e-01	0.000000000000000000e+00
