0.000000000000000000e+00	2.035531774755424017e+00	0.000000000000000000e+00
1.090268006417555169e-02	1.690104580319937932e+00	0.000000000000000000e+00
3.099862859670808601e-02	1.567433756991993832e+00	0.000000000000000000e+00
6.024276708940768527e-02	1.496507545146863682e+00	0.000000000000000000e+00
7.399586365112301167e-02	1.474764298791907402e+00	0.000000000000000000e+00
8.948690558210728452e-02	1.352735481760830583e+00	0.000000000000000000e+00
8.948690558210728452e-02	1.352735481760830583e+00	0.000000000000000000e+00
8.948690558210728452e-02	1.352735481760830583e+00	0.000000000000000000e+00
1.518019983779679005e-01	1.296374463171256153e+00	0.000000000000000000e+00
1.692457615930833548e-01	1.279780471567255606e+00	0.000000000000000000e+00
1.907402646863639306e-01	1.189949612849173555e+00	0.000000000000000000e+00
1.907402646863639306e-01	1.189949612849173555e+00	0.000000000000000000e+00
2.075207884991626395e-01	1.056356890480216304e+00	0.000000000000000000e+00
2.222673852081374357e-01	8.652801603681100628e-01	0.000000000000000000e+00
2.304176792424463271e-01	8.474632395525422135e-01	0.000000000000000000e+00
2.309565109249312465e-01	7.573297303658146351e-01	0.000000000000000000e+00
2.439903504889109898e-01	7.183068339224853993e-01	0.000000000000000000e+00
2.494127277010667609e-01	6.883195574452555254e-01	0.000000000000000000e+00
2.494127277010667609e-01	6.872339385212792306e-01	0.000000000000000000e+00
2.494127277010667609e-01	6.872339385212792306e-01	0.000000000000000000e+00
2.494127277010667609e-01	6.872339385212792306e-01	0.000000000000000000e+00
2.494127277010667609e-01	6.872339385212792306e-01	0.000000000000000000e+00
2.494127277010667609e-01	6.872339385212792306e-01	0.000000000000000000e+00
2.494127277010667609e-01	6.872339385212792306e-01	0.000000000000000000e+00
2.494127277010667609e-01	6.872339385212792306e-01	0.000000000000000000e+00
2.494127277010667609e-01	6.872339385212792306e-01	0.000000000000000000e+00
4.175226068027508286e-01	6.476056944047934305e-01	0.000000000000000000e+00
4.192304930666542750e-01	5.768305577463186395e-01	0.000000000000000000e+00
4.260579815018780692e-01	5.114025290532812074e-01	0.000000000000000000e+00
4.281691636071763285e-01	4.318049927259071108e-01	0.000000000000000000e+00
4.281691636071763285e-01	4.318049927259071108e-01	0.000000000000000000e+00
4.318911801506369885e-01	2.445354321060390079e-01	0.000000000000000000e+00
4.318911801506369885e-01	2.445354321060390079e-01	0.000000000000000000e+00
4.318911801506369885e-01	2.445354321060390079e-01	0.000000000000000000e+00
4.318911801506369885e-01	2.445354321060390079e-01	0.000000000000000000e+00
4.318911801506369885e-01	2.445354321060390079e-01	0.000000000000000000e+00
4.414621922159101541e-01	2.140936613042379588e-01	0.000000000000000000e+00
4.414621922159101541e-01	2.140936613042379588e-01	0.000000000000000000e+00
4.514402567582609382e-01	1.676050742577836206e-01	0.000000000000000000e+00
4.534274502162452536e-01	1.613691165296693153e-01	0.000000000000000000e+00
4.534274502162452536e-01	1.612930394175645377e-01	0.000000000000000000e+00
4.534274502162452536e-01	1.612930394175645377e-01	0.000000000000000000e+00
4.534274502162452536e-01	1.612930394175645377e-01	0.000000000000000000e+00
4.534274502162452536e-01	1.612930394175645377e-01	0.000000000000000000e+00
4.534274502162452536e-01	1.612930394175645377e-01	0.000000000000000000e+00
4.534274502162452536e-01	1.612930394175645377e-01	0.000000000000000000e+00
4.534274502162452536e-01	1.612930394175645377e-01	0.000000000000000000e+00
6.334560375737942062e-01	1.049180330179420167e-01	0.000000000000000000e+00
6.334560375737942062e-01	1.049180330179420167e-01	0.000000000000000000e+00
6.334560375737942062e-01	1.049180330179420167e-01	0.000000000000000000e+00
6.334560375737942062e-01	-1.144316801992206062e-02	0.000000000000000000e+00
6.334560375737942062e-01	4.679636141591191068e-02	0.000000000000000000e+00
6.410601969244605902e-01	-1.667364633441841687e-02	0.000000000000000000e+00
6.410601969244605902e-01	-1.667364633441841687e-02	0.000000000000000000e+00
6.410601969244605902e-01	-1.667364633441841687e-02	0.000000000000000000e+00
6.415990601942538341e-01	-8.834466750795383350e-02	0.000000000000000000e+00
6.415990601942538341e-01	-8.834466750795383350e-02	0.000000000000000000e+00
6.415990601942538341e-01	-8.834466750795383350e-02	0.000000000000000000e+00
6.415990601942538341e-01	-8.834466750795383350e-02	0.000000000000000000e+00
6.428761389687598360e-01	-1.208353917479449702e-01	0.000000000000000000e+00
6.446920810130589707e-01	-1.547963304684604469e-01	0.000000000000000000e+00
6.446920810130589707e-01	-1.547963304684604469e-01	0.000000000000000000e+00
6.446920810130589707e-01	-1.586402287703691238e-01	0.000000000000000000e+00
6.455587933272630696e-01	-1.790117089103592241e-01	0.000000000000000000e+00
6.459921494843651191e-01	-1.913036178936021181e-01	0.000000000000000000e+00
6.459921494843651191e-01	-2.139708699015947790e-01	0.000000000000000000e+00
6.464255056414671685e-01	-2.198241423202320632e-01	0.000000000000000000e+00
6.464255056414671685e-01	-2.329766672904019509e-01	0.000000000000000000e+00
6.464255056414671685e-01	-2.329766672904019509e-01	0.000000000000000000e+00
6.464255056414671685e-01	-2.329766672904019509e-01	0.000000000000000000e+00
6.464255056414671685e-01	-2.391211570581373291e-01	0.000000000000000000e+00
6.464255056414671685e-01	-2.391211570581373291e-01	0.000000000000000000e+00
6.464255056414671685e-01	-2.391211570581373291e-01	0.000000000000000000e+00
8.447199115106389655e-01	-4.072568421544430772e-01	0.000000000000000000e+00
8.396802953911475242e-01	-3.819560267557320921e-01	0.000000000000000000e+00
8.396802953911475242e-01	-3.819560267557320921e-01	0.000000000000000000e+00
8.396802953911475242e-01	-3.819560267557320921e-01	0.000000000000000000e+00
8.378898107364827208e-01	-4.243313956766906481e-01	0.000000000000000000e+00
8.378898107364827208e-01	-4.243313956766906481e-01	0.000000000000000000e+00
8.378898107364827208e-01	-4.243313956766906481e-01	0.000000000000000000e+00
8.378898107364827208e-01	-4.243313956766906481e-01	0.000000000000000000e+00
8.354942579139872372e-01	-3.942453394294854752e-01	0.000000000000000000e+00
8.354942579139872372e-01	-3.942453394294854752e-01	0.000000000000000000e+00
8.354942579139872372e-01	-3.942453394294854752e-01	0.000000000000000000e+00
8.354942579139872372e-01	-3.942453394294854752e-01	0.000000000000000000e+00
8.343088414271531139e-01	-4.050160052088979112e-01	0.000000000000000000e+00
8.378898107364827208e-01	-4.194732730463636705e-01	0.000000000000000000e+00
8.378898107364827208e-01	-4.471998724458864372e-01	0.000000000000000000e+00
8.378898107364827208e-01	-4.471998724458864372e-01	0.000000000000000000e+00
8.378898107364827208e-01	-4.471998724458864372e-01	0.000000000000000000e+00
8.395653981931436860e-01	-4.635730258801497583e-01	0.000000000000000000e+00
8.450958089663009876e-01	-4.743947411902512679e-01	0.000000000000000000e+00
8.474247697785273203e-01	-4.907340316693907245e-01	0.000000000000000000e+00
8.474247697785273203e-01	-4.907340316693907245e-01	0.000000000000000000e+00
8.498569189881411967e-01	-5.240393890743593186e-01	0.000000000000000000e+00
8.498569189881411967e-01	-5.240393890743593186e-01	0.000000000000000000e+00
8.498569189881411967e-01	-5.240393890743593186e-01	0.000000000000000000e+00
8.498569189881411967e-01	-5.240393890743593186e-01	0.000000000000000000e+00
8.521165941781179143e-01	-5.402867915766766949e-01	0.000000000000000000e+00
8.521165941781179143e-01	-5.402867915766766949e-01	0.000000000000000000e+00
