0.000000000000000000e+00	2.177021121546412807e+00	0.000000000000000000e+00
1.104790757892107692e-02	1.908872313484567096e+00	0.000000000000000000e+00
3.099862859670808601e-02	1.798880464389722045e+00	0.000000000000000000e+00
6.248559550995348710e-02	1.688150515135008911e+00	0.000000000000000000e+00
6.248559550995348710e-02	1.688150515135008911e+00	0.000000000000000000e+00
8.948690558210728452e-02	1.551368146944802628e+00	0.000000000000000000e+00
8.948690558210728452e-02	1.551368146944802628e+00	0.000000000000000000e+00
8.948690558210728452e-02	1.551368146944802628e+00	0.000000000000000000e+00
8.948690558210728452e-02	1.551368146944802628e+00	0.000000000000000000e+00
8.948690558210728452e-02	1.551368146944802628e+00	0.000000000000000000e+00
2.075207884991626395e-01	1.396925096559072266e+00	0.000000000000000000e+00
2.159079500012211217e-01	1.356286490343344919e+00	0.000000000000000000e+00
2.248392633062797075e-01	1.233975168977434089e+00	0.000000000000000000e+00
2.378292615961085377e-01	1.130040347565478775e+00	0.000000000000000000e+00
2.475072649847459560e-01	9.037527607403808005e-01	0.000000000000000000e+00
2.475072649847459560e-01	9.037527607403808005e-01	0.000000000000000000e+00
2.475072649847459560e-01	8.645583131668138632e-01	0.000000000000000000e+00
2.559525919165716035e-01	8.581233706759078261e-01	0.000000000000000000e+00
2.559525919165716035e-01	8.546429247479079283e-01	0.000000000000000000e+00
2.559525919165716035e-01	8.532637783334457993e-01	0.000000000000000000e+00
2.559525919165716035e-01	8.532637783334457993e-01	0.000000000000000000e+00
2.559525919165716035e-01	8.532637783334457993e-01	0.000000000000000000e+00
2.559525919165716035e-01	8.532637783334457993e-01	0.000000000000000000e+00
2.559525919165716035e-01	8.532637783334457993e-01	0.000000000000000000e+00
2.559525919165716035e-01	8.532637783334457993e-01	0.000000000000000000e+00
4.192304930666542750e-01	7.471658029522033617e-01	0.000000000000000000e+00
4.192304930666542750e-01	7.471658029522033617e-01	0.000000000000000000e+00
4.192304930666542750e-01	6.476696751130537333e-01	0.000000000000000000e+00
4.192304930666542750e-01	6.476696751130537333e-01	0.000000000000000000e+00
4.271266902032465618e-01	5.157945988330829845e-01	0.000000000000000000e+00
4.271266902032465618e-01	5.157945988330829845e-01	0.000000000000000000e+00
4.271266902032465618e-01	5.157945988330829845e-01	0.000000000000000000e+00
4.367705464959100725e-01	4.838522302975556411e-01	0.000000000000000000e+00
4.367705464959100725e-01	4.288072529737271821e-01	0.000000000000000000e+00
4.367705464959100725e-01	4.288072529737271821e-01	0.000000000000000000e+00
4.367705464959100725e-01	4.288072529737271821e-01	0.000000000000000000e+00
4.494748063786444536e-01	4.804365136276665949e-01	0.000000000000000000e+00
4.367705464959100725e-01	5.532505988484583970e-01	0.000000000000000000e+00
4.367705464959100725e-01	5.532505988484583970e-01	0.000000000000000000e+00
4.367705464959100725e-01	5.532505988484583970e-01	0.000000000000000000e+00
6.358236868990307933e-01	4.618629063656090050e-01	0.000000000000000000e+00
6.349798813953501098e-01	4.639589511646917686e-01	0.000000000000000000e+00
6.447154511043452496e-01	1.946234659646541576e-01	0.000000000000000000e+00
6.352094819168914164e-01	3.330694053739995386e-01	0.000000000000000000e+00
6.352094819168914164e-01	3.330694053739995386e-01	0.000000000000000000e+00
6.352094819168914164e-01	3.330694053739995386e-01	0.000000000000000000e+00
6.447154511043452496e-01	1.946234659646541576e-01	0.000000000000000000e+00
6.447154511043452496e-01	1.946234659646541576e-01	0.000000000000000000e+00
6.447154511043452496e-01	1.946234659646541576e-01	0.000000000000000000e+00
6.408621523287632016e-01	1.609477221242495704e-01	0.000000000000000000e+00
6.428411719410761505e-01	1.610781260452221475e-01	0.000000000000000000e+00
6.428411719410761505e-01	1.610781260452221475e-01	0.000000000000000000e+00
6.428411719410761505e-01	1.610781260452221475e-01	0.000000000000000000e+00
6.476603786758310388e-01	1.281602061265474379e-01	0.000000000000000000e+00
6.505005657982729783e-01	8.594243720122327068e-02	0.000000000000000000e+00
6.505005657982729783e-01	8.594243720122327068e-02	0.000000000000000000e+00
6.505005657982729783e-01	7.050829309385678312e-02	0.000000000000000000e+00
6.505005657982729783e-01	7.050829309385678312e-02	0.000000000000000000e+00
6.532835857123276968e-01	6.697924232538451927e-02	0.000000000000000000e+00
6.532835857123276968e-01	1.024452367124539277e-02	0.000000000000000000e+00
6.559522712096081953e-01	-3.819440580334567629e-03	0.000000000000000000e+00
6.559522712096081953e-01	-2.890426757857788784e-02	0.000000000000000000e+00
6.559522712096081953e-01	-2.890426757857788784e-02	0.000000000000000000e+00
6.559522712096081953e-01	-3.382201462773994083e-02	0.000000000000000000e+00
6.559522712096081953e-01	-3.382201462773994083e-02	0.000000000000000000e+00
6.559522712096081953e-01	-3.382201462773994083e-02	0.000000000000000000e+00
6.559522712096081953e-01	-3.382201462773994083e-02	0.000000000000000000e+00
6.559522712096081953e-01	-3.252330058273084079e-02	0.000000000000000000e+00
8.302001413989678058e-01	-5.377425207131061174e-02	0.000000000000000000e+00
8.245534058242672826e-01	-6.021983219343882143e-02	0.000000000000000000e+00
8.262959515290100310e-01	-1.006438571364429990e-01	0.000000000000000000e+00
8.262959515290100310e-01	-1.006438571364429990e-01	0.000000000000000000e+00
8.302001413989678058e-01	-1.852718552366104665e-01	0.000000000000000000e+00
8.302001413989678058e-01	-1.852718552366104665e-01	0.000000000000000000e+00
8.302001413989678058e-01	-1.852718552366104665e-01	0.000000000000000000e+00
8.302001413989678058e-01	-1.852718552366104665e-01	0.000000000000000000e+00
8.302001413989678058e-01	-1.852718552366104665e-01	0.000000000000000000e+00
8.302001413989678058e-01	-1.852718552366104665e-01	0.000000000000000000e+00
8.302001413989678058e-01	-1.992230877065865047e-01	0.000000000000000000e+00
8.328170110555231931e-01	-2.718698749754013266e-01	0.000000000000000000e+00
8.328170110555231931e-01	-2.718698749754013266e-01	0.000000000000000000e+00
8.328170110555231931e-01	-2.718698749754013266e-01	0.000000000000000000e+00
8.329663880182915925e-01	-2.678495401133253462e-01	0.000000000000000000e+00
8.329663880182915925e-01	-2.678495401133253462e-01	0.000000000000000000e+00
8.329663880182915925e-01	-2.693052129736269729e-01	0.000000000000000000e+00
8.393376995032280075e-01	-3.241073018038654885e-01	0.000000000000000000e+00
8.393376995032280075e-01	-3.241073018038654885e-01	0.000000000000000000e+00
8.393376995032280075e-01	-3.241073018038654885e-01	0.000000000000000000e+00
8.393376995032280075e-01	-3.241073018038654885e-01	0.000000000000000000e+00
8.505526527115877533e-01	-3.773248424919961597e-01	0.000000000000000000e+00
8.505526527115877533e-01	-3.773248424919961597e-01	0.000000000000000000e+00
8.505526527115877533e-01	-3.773248424919961597e-01	0.000000000000000000e+00
8.505526527115877533e-01	-3.773248424919961597e-01	0.000000000000000000e+00
8.505526527115877533e-01	-3.773248424919961597e-01	0.000000000000000000e+00
8.505526527115877533e-01	-3.969231414589415863e-01	0.000000000000000000e+00
8.505526527115877533e-01	-3.969231414589415863e-01	0.000000000000000000e+00
8.505526527115877533e-01	-3.969231414589415863e-01	0.000000000000000000e+00
8.505526527115877533e-01	-4.087315070878626000e-01	0.000000000000000000e+00
8.505526527115877533e-01	-4.087315070878626000e-01	0.000000000000000000e+00
8.505526527115877533e-01	-4.087315070878626000e-01	0.000000000000000000e+00
