0.000000000000000000e+00	3.388545003726553428e+00	0.000000000000000000e+00
5.155477719671116427e-03	2.380504757775764091e+00	0.000000000000000000e+00
1.948505998582381743e-02	2.264530056966159055e+00	0.000000000000000000e+00
4.948228852981290810e-02	2.094349491614337921e+00	0.000000000000000000e+00
5.419619789820245143e-02	2.059420735168253636e+00	0.000000000000000000e+00
5.419619789820245143e-02	2.059420735168253636e+00	0.000000000000000000e+00
5.419619789820245143e-02	2.059420735168253636e+00	0.000000000000000000e+00
5.419619789820245143e-02	2.059420735168253636e+00	0.000000000000000000e+00
5.419619789820245143e-02	2.080271469416857588e+00	0.000000000000000000e+00
1.423745456521600394e-01	1.961854392725040475e+00	0.000000000000000000e+00
1.423745456521600394e-01	1.961854392725040475e+00	0.000000000000000000e+00
1.666130096878657429e-01	1.845433883890308158e+00	0.000000000000000000e+00
1.666130096878657429e-01	1.845433883890308158e+00	0.000000000000000000e+00
1.908514737235714187e-01	1.772487037349965489e+00	0.000000000000000000e+00
1.908514737235714187e-01	1.739721913205614312e+00	0.000000000000000000e+00
1.908514737235714187e-01	1.739721913205614312e+00	0.000000000000000000e+00
2.177561514056902403e-01	1.697467006792402922e+00	0.000000000000000000e+00
2.276524606116804850e-01	1.508643756835635008e+00	0.000000000000000000e+00
2.276524606116804850e-01	1.508643756835635008e+00	0.000000000000000000e+00
2.276524606116804850e-01	1.508643756835635008e+00	0.000000000000000000e+00
2.276524606116804850e-01	1.508643756835635008e+00	0.000000000000000000e+00
2.276524606116804850e-01	1.508643756835635008e+00	0.000000000000000000e+00
2.655925439260402587e-01	1.469217415767023693e+00	0.000000000000000000e+00
2.655925439260402587e-01	1.469217415767023693e+00	0.000000000000000000e+00
2.655925439260402587e-01	1.469217415767023693e+00	0.000000000000000000e+00
2.655925439260402587e-01	1.469217415767023693e+00	0.000000000000000000e+00
2.655925439260402587e-01	1.469217415767023693e+00	0.000000000000000000e+00
2.655925439260402587e-01	1.469217415767023693e+00	0.000000000000000000e+00
2.655925439260402587e-01	1.469217415767023693e+00	0.000000000000000000e+00
2.655925439260402587e-01	1.478615023193452949e+00	0.000000000000000000e+00
2.655925439260402587e-01	1.478615023193452949e+00	0.000000000000000000e+00
2.655925439260402587e-01	1.478615023193452949e+00	0.000000000000000000e+00
4.406645845033191899e-01	1.383368117358865446e+00	0.000000000000000000e+00
4.406645845033191899e-01	1.383368117358865446e+00	0.000000000000000000e+00
4.406645845033191899e-01	1.363262737384916656e+00	0.000000000000000000e+00
4.406645845033191899e-01	1.363262737384916656e+00	0.000000000000000000e+00
4.406645845033191899e-01	1.363262737384916656e+00	0.000000000000000000e+00
4.406645845033191899e-01	1.363262737384916656e+00	0.000000000000000000e+00
4.406645845033191899e-01	1.363262737384916656e+00	0.000000000000000000e+00
4.406645845033191899e-01	1.363262737384916656e+00	0.000000000000000000e+00
4.406645845033191899e-01	1.375871277349718813e+00	0.000000000000000000e+00
4.406645845033191899e-01	1.375871277349718813e+00	0.000000000000000000e+00
6.364691882051545235e-01	1.178586421856827826e+00	0.000000000000000000e+00
6.364691882051545235e-01	1.178586421856827826e+00	0.000000000000000000e+00
6.333041688233576050e-01	1.067986844845432826e+00	0.000000000000000000e+00
6.333041688233576050e-01	1.067986844845432826e+00	0.000000000000000000e+00
6.333041688233576050e-01	1.067986844845432826e+00	0.000000000000000000e+00
6.310753698553465130e-01	1.039509957383702332e+00	0.000000000000000000e+00
6.310753698553465130e-01	1.039509957383702332e+00	0.000000000000000000e+00
6.310753698553465130e-01	1.039509957383702332e+00	0.000000000000000000e+00
6.310753698553465130e-01	1.039509957383702332e+00	0.000000000000000000e+00
6.310753698553465130e-01	1.039509957383702332e+00	0.000000000000000000e+00
6.310753698553465130e-01	1.039509957383702332e+00	0.000000000000000000e+00
6.310753698553465130e-01	1.039509957383702332e+00	0.000000000000000000e+00
6.310753698553465130e-01	1.039509957383702332e+00	0.000000000000000000e+00
6.472568249047705446e-01	1.021674442809727523e+00	0.000000000000000000e+00
6.472568249047705446e-01	1.021674442809727523e+00	0.000000000000000000e+00
6.472568249047705446e-01	9.611779127167928705e-01	0.000000000000000000e+00
6.472568249047705446e-01	9.611779127167928705e-01	0.000000000000000000e+00
6.472568249047705446e-01	9.611779127167928705e-01	0.000000000000000000e+00
6.472568249047705446e-01	9.611779127167928705e-01	0.000000000000000000e+00
6.472568249047705446e-01	9.150509031262289428e-01	0.000000000000000000e+00
6.472568249047705446e-01	9.150509031262289428e-01	0.000000000000000000e+00
6.472568249047705446e-01	9.150509031262289428e-01	0.000000000000000000e+00
6.472568249047705446e-01	9.150509031262289428e-01	0.000000000000000000e+00
8.355568816987802849e-01	8.793455939021938006e-01	0.000000000000000000e+00
8.355568816987802849e-01	8.793455939021938006e-01	0.000000000000000000e+00
8.355563767162565991e-01	9.092117795258349844e-01	0.000000000000000000e+00
8.355563767162565991e-01	9.092117795258349844e-01	0.000000000000000000e+00
8.354322135777539904e-01	8.954444212188147345e-01	0.000000000000000000e+00
8.360753383835486385e-01	8.099529429072673814e-01	0.000000000000000000e+00
8.355563767162565991e-01	8.527328552303815590e-01	0.000000000000000000e+00
8.360753383835486385e-01	8.099529429072673814e-01	0.000000000000000000e+00
8.360753383835486385e-01	8.099529429072673814e-01	0.000000000000000000e+00
8.367184631893431757e-01	7.343508137405233560e-01	0.000000000000000000e+00
8.367184631893431757e-01	7.343508137405233560e-01	0.000000000000000000e+00
8.367184631893431757e-01	7.343508137405233560e-01	0.000000000000000000e+00
8.367184631893431757e-01	7.343508137405233560e-01	0.000000000000000000e+00
8.367184631893431757e-01	7.343508137405233560e-01	0.000000000000000000e+00
8.367184631893431757e-01	7.343508137405233560e-01	0.000000000000000000e+00
8.367184631893431757e-01	7.343508137405233560e-01	0.000000000000000000e+00
8.388614475411931837e-01	7.105684459440153589e-01	0.000000000000000000e+00
8.490234164311817322e-01	6.529025092475427838e-01	0.000000000000000000e+00
8.413931865909796137e-01	6.841320902726917286e-01	0.000000000000000000e+00
8.413931865909796137e-01	6.841320902726917286e-01	0.000000000000000000e+00
8.474525118510360944e-01	6.393922196138035474e-01	0.000000000000000000e+00
8.445814521760461879e-01	6.352027928307452109e-01	0.000000000000000000e+00
8.474525118510360944e-01	6.393922196138035474e-01	0.000000000000000000e+00
8.445814521760461879e-01	6.352027928307452109e-01	0.000000000000000000e+00
8.480747959688977877e-01	5.991917128323865915e-01	0.000000000000000000e+00
8.480747959688977877e-01	5.991917128323865915e-01	0.000000000000000000e+00
8.480747959688977877e-01	5.991917128323865915e-01	0.000000000000000000e+00
8.480747959688977877e-01	5.991917128323865915e-01	0.000000000000000000e+00
8.548920021865938912e-01	5.366985369749229795e-01	0.000000000000000000e+00
8.548920021865938912e-01	5.366985369749229795e-01	0.000000000000000000e+00
8.548920021865938912e-01	5.366985369749229795e-01	0.000000000000000000e+00
8.548920021865938912e-01	5.366985369749229795e-01	0.000000000000000000e+00
8.548920021865938912e-01	5.366985369749229795e-01	0.000000000000000000e+00
8.548920021865938912e-01	5.366985369749229795e-01	0.000000000000000000e+00
8.548920021865938912e-01	5.366985369749229795e-01	0.000000000000000000e+00
