0.000000000000000000e+00	1.431728558777905613e+00	0.000000000000000000e+00
1.559182192444616769e-02	9.559820810496492127e-01	0.000000000000000000e+00
2.156408255154123460e-02	9.284649286151535064e-01	0.000000000000000000e+00
4.228797316155972347e-02	8.961473150939428534e-01	0.000000000000000000e+00
5.423249441574985730e-02	8.175517700999198611e-01	0.000000000000000000e+00
7.400927339874219246e-02	7.739845510164006237e-01	0.000000000000000000e+00
8.282914886179890135e-02	7.697792499458024906e-01	0.000000000000000000e+00
8.282914886179890135e-02	7.697792499458024906e-01	0.000000000000000000e+00
8.282914886179890135e-02	7.697792499458024906e-01	0.000000000000000000e+00
8.282914886179890135e-02	7.697792499458024906e-01	0.000000000000000000e+00
8.723908659332725579e-02	7.716281225166308211e-01	0.000000000000000000e+00
8.764468715249305875e-02	7.724994775639921762e-01	0.000000000000000000e+00
1.858172073044574435e-01	7.692801686062993305e-01	0.000000000000000000e+00
2.010030537292331609e-01	6.624821108821593585e-01	0.000000000000000000e+00
2.126564388035277475e-01	6.071251931125647427e-01	0.000000000000000000e+00
2.217188950053175511e-01	5.023229100701019911e-01	0.000000000000000000e+00
2.312184293247029065e-01	4.604112212501058621e-01	0.000000000000000000e+00
2.312184293247029065e-01	4.604112212501058621e-01	0.000000000000000000e+00
2.412296660611353005e-01	4.196469603117924940e-01	0.000000000000000000e+00
2.535664536537365343e-01	4.161518028543000902e-01	0.000000000000000000e+00
2.653446022853088726e-01	3.765950136238496726e-01	0.000000000000000000e+00
2.597348474500371651e-01	4.110806879660515167e-01	0.000000000000000000e+00
2.597348474500371651e-01	4.110806879660515167e-01	0.000000000000000000e+00
2.541920769208619868e-01	4.186385143852205948e-01	0.000000000000000000e+00
2.541920769208619868e-01	4.186385143852205948e-01	0.000000000000000000e+00
2.541920769208619868e-01	4.201536568577112218e-01	0.000000000000000000e+00
2.541920769208619868e-01	4.201536568577112218e-01	0.000000000000000000e+00
2.541920769208619868e-01	4.245053716761557627e-01	0.000000000000000000e+00
4.234425009842880949e-01	3.092531924014069733e-01	0.000000000000000000e+00
4.220296005110444892e-01	2.882213670572552067e-01	0.000000000000000000e+00
4.220296005110444892e-01	2.882213670572552067e-01	0.000000000000000000e+00
4.239523719770473820e-01	2.291678977178137344e-01	0.000000000000000000e+00
4.282916626201163646e-01	2.170992678909171025e-01	0.000000000000000000e+00
4.323738801074190619e-01	1.621177507059006206e-01	0.000000000000000000e+00
4.323738801074190619e-01	1.621177507059006206e-01	0.000000000000000000e+00
4.373961816320174889e-01	1.138952966815898055e-01	0.000000000000000000e+00
4.407703341774236727e-01	8.297148231396578311e-02	0.000000000000000000e+00
4.416332905763740158e-01	7.401505433913446730e-02	0.000000000000000000e+00
4.529470458400408628e-01	4.583912543178499110e-02	0.000000000000000000e+00
4.591052592346160366e-01	3.164397510772617994e-02	0.000000000000000000e+00
4.591052592346160366e-01	3.164397510772617994e-02	0.000000000000000000e+00
4.591052592346160366e-01	3.164397510772617994e-02	0.000000000000000000e+00
4.591052592346160366e-01	3.164397510772617994e-02	0.000000000000000000e+00
4.591052592346160366e-01	3.164397510772617994e-02	0.000000000000000000e+00
4.591052592346160366e-01	3.164397510772617994e-02	0.000000000000000000e+00
4.591052592346160366e-01	3.164397510772617994e-02	0.000000000000000000e+00
4.591052592346160366e-01	3.164397510772617994e-02	0.000000000000000000e+00
6.272956360415129495e-01	-6.017148133459350456e-02	0.000000000000000000e+00
6.272956360415129495e-01	-6.017148133459350456e-02	0.000000000000000000e+00
6.272956360415129495e-01	-6.017148133459350456e-02	0.000000000000000000e+00
6.272956360415129495e-01	-6.017148133459350456e-02	0.000000000000000000e+00
6.272956360415129495e-01	-8.867279472177602706e-02	0.000000000000000000e+00
6.275969442017960143e-01	-1.174999809627689795e-01	0.000000000000000000e+00
6.292197194357680434e-01	-1.368589993237748770e-01	0.000000000000000000e+00
6.308424946697399616e-01	-1.510216475656743218e-01	0.000000000000000000e+00
6.367086815595187632e-01	-2.190574541545334541e-01	0.000000000000000000e+00
6.367086815595187632e-01	-2.190574541545334541e-01	0.000000000000000000e+00
6.367086815595187632e-01	-2.190574541545334541e-01	0.000000000000000000e+00
6.409811830391498599e-01	-2.380703188283710692e-01	0.000000000000000000e+00
6.409811830391498599e-01	-2.380703188283710692e-01	0.000000000000000000e+00
6.409811830391498599e-01	-2.586814261815253424e-01	0.000000000000000000e+00
6.434211725521623571e-01	-2.871683978743869714e-01	0.000000000000000000e+00
6.434211725521623571e-01	-2.871683978743869714e-01	0.000000000000000000e+00
6.456767546257462520e-01	-2.880932053258987158e-01	0.000000000000000000e+00
6.456767546257462520e-01	-2.880932053258987158e-01	0.000000000000000000e+00
6.456767546257462520e-01	-2.880932053258987158e-01	0.000000000000000000e+00
6.456767546257462520e-01	-2.880932053258987158e-01	0.000000000000000000e+00
6.456767546257462520e-01	-2.767871126121529413e-01	0.000000000000000000e+00
8.292363515520437822e-01	-4.029273168738969346e-01	0.000000000000000000e+00
8.292363515520437822e-01	-4.029273168738969346e-01	0.000000000000000000e+00
8.292363515520437822e-01	-4.029273168738969346e-01	0.000000000000000000e+00
8.292363515520437822e-01	-4.029273168738969346e-01	0.000000000000000000e+00
8.285781645538103923e-01	-3.626726945129379875e-01	0.000000000000000000e+00
8.292363515520437822e-01	-4.027663670325362100e-01	0.000000000000000000e+00
8.292363515520437822e-01	-4.027663670325362100e-01	0.000000000000000000e+00
8.292363515520437822e-01	-4.053872203566734056e-01	0.000000000000000000e+00
8.292363515520437822e-01	-4.287068622584865873e-01	0.000000000000000000e+00
8.300701209099640154e-01	-4.474776346130509563e-01	0.000000000000000000e+00
8.300701209099640154e-01	-4.474776346130509563e-01	0.000000000000000000e+00
8.322202642643510284e-01	-4.607941909217989629e-01	0.000000000000000000e+00
8.335308757668959956e-01	-4.793567084520163890e-01	0.000000000000000000e+00
8.372098595523621567e-01	-4.969899702885416937e-01	0.000000000000000000e+00
8.372098595523621567e-01	-4.969899702885416937e-01	0.000000000000000000e+00
8.372098595523621567e-01	-5.204896459405321529e-01	0.000000000000000000e+00
8.372098595523621567e-01	-5.204896459405321529e-01	0.000000000000000000e+00
8.403557881171277444e-01	-5.437631124019566276e-01	0.000000000000000000e+00
8.403557881171277444e-01	-5.437631124019566276e-01	0.000000000000000000e+00
8.435017166818932211e-01	-6.153992077674423911e-01	0.000000000000000000e+00
8.435017166818932211e-01	-6.153992077674423911e-01	0.000000000000000000e+00
8.441738045932023482e-01	-6.062892803344033243e-01	0.000000000000000000e+00
8.441738045932023482e-01	-6.062892803344033243e-01	0.000000000000000000e+00
8.441738045932023482e-01	-6.062892803344033243e-01	0.000000000000000000e+00
8.453319771469653965e-01	-6.098229401905870262e-01	0.000000000000000000e+00
8.453319771469653965e-01	-6.098229401905870262e-01	0.000000000000000000e+00
8.476526129441636082e-01	-5.798762498671008458e-01	0.000000000000000000e+00
8.476526129441636082e-01	-5.798762498671008458e-01	0.000000000000000000e+00
8.476526129441636082e-01	-5.798762498671008458e-01	0.000000000000000000e+00
8.476526129441636082e-01	-5.798762498671008458e-01	0.000000000000000000e+00
8.476526129441636082e-01	-5.767573700190427033e-01	0.000000000000000000e+00
8.476526129441636082e-01	-5.767573700190427033e-01	0.000000000000000000e+00
