0.000000000000000000e+00	3.821262194255630185e+00	0.000000000000000000e+00
1.037357198842363271e-02	3.438474138622696241e+00	0.000000000000000000e+00
4.309641699839093787e-02	3.252184357945421489e+00	0.000000000000000000e+00
6.544569001993461033e-02	3.123035541588995212e+00	0.000000000000000000e+00
6.544569001993461033e-02	3.050987757971759695e+00	0.000000000000000000e+00
9.907909843303094877e-02	3.028030565311404576e+00	0.000000000000000000e+00
9.907909843303094877e-02	3.028030565311404576e+00	0.000000000000000000e+00
9.907909843303094877e-02	3.028030565311404576e+00	0.000000000000000000e+00
9.907909843303094877e-02	3.028030565311404576e+00	0.000000000000000000e+00
1.840327096718885058e-01	2.939448769706633158e+00	0.000000000000000000e+00
2.081502207671426519e-01	2.807213414643386251e+00	0.000000000000000000e+00
2.081502207671426519e-01	2.762994598389326484e+00	0.000000000000000000e+00
2.161428257646706708e-01	2.321518343940265794e+00	0.000000000000000000e+00
2.161428257646706708e-01	2.321518343940265794e+00	0.000000000000000000e+00
2.161428257646706708e-01	2.321518343940265794e+00	0.000000000000000000e+00
2.161428257646706708e-01	2.321518343940265794e+00	0.000000000000000000e+00
2.294599357961548958e-01	2.224492961102075395e+00	0.000000000000000000e+00
2.294599357961548958e-01	2.062820355833603791e+00	0.000000000000000000e+00
2.294599357961548958e-01	2.062820355833603791e+00	0.000000000000000000e+00
2.332519916403316407e-01	2.037523584958885969e+00	0.000000000000000000e+00
2.370440474845083856e-01	1.999558720645326026e+00	0.000000000000000000e+00
2.370440474845083856e-01	1.999558720645326026e+00	0.000000000000000000e+00
2.370440474845083856e-01	1.999558720645326026e+00	0.000000000000000000e+00
2.370440474845083856e-01	1.999558720645326026e+00	0.000000000000000000e+00
2.370440474845083856e-01	1.999558720645326026e+00	0.000000000000000000e+00
2.370440474845083856e-01	1.999558720645326026e+00	0.000000000000000000e+00
2.370440474845083856e-01	1.965147874018987384e+00	0.000000000000000000e+00
2.370440474845083856e-01	1.965147874018987384e+00	0.000000000000000000e+00
2.370440474845083856e-01	1.965147874018987384e+00	0.000000000000000000e+00
2.370440474845083856e-01	1.965147874018987384e+00	0.000000000000000000e+00
2.370440474845083856e-01	1.965147874018987384e+00	0.000000000000000000e+00
2.370440474845083856e-01	1.965147874018987384e+00	0.000000000000000000e+00
4.326766691107182261e-01	1.917187350031117621e+00	0.000000000000000000e+00
4.326766691107182261e-01	1.917187350031117621e+00	0.000000000000000000e+00
4.326766691107182261e-01	1.900042156468289667e+00	0.000000000000000000e+00
4.406645845033191899e-01	1.723910538904267042e+00	0.000000000000000000e+00
4.406645845033191899e-01	1.723910538904267042e+00	0.000000000000000000e+00
4.406645845033191899e-01	1.723910538904267042e+00	0.000000000000000000e+00
4.406645845033191899e-01	1.723910538904267042e+00	0.000000000000000000e+00
4.406645845033191899e-01	1.723910538904267042e+00	0.000000000000000000e+00
4.406645845033191899e-01	1.707198137542470073e+00	0.000000000000000000e+00
4.406645845033191899e-01	1.699874798242362983e+00	0.000000000000000000e+00
4.406645845033191899e-01	1.699874798242362983e+00	0.000000000000000000e+00
4.406645845033191899e-01	1.699874798242362983e+00	0.000000000000000000e+00
4.406645845033191899e-01	1.699874798242362983e+00	0.000000000000000000e+00
4.406645845033191899e-01	1.699874798242362983e+00	0.000000000000000000e+00
4.406645845033191899e-01	1.732204443258717586e+00	0.000000000000000000e+00
4.406645845033191899e-01	1.754987997898854069e+00	0.000000000000000000e+00
6.351802343801047357e-01	1.712964803313504092e+00	0.000000000000000000e+00
6.404755355830704655e-01	1.558016408365146654e+00	0.000000000000000000e+00
6.404755355830704655e-01	1.558016408365146654e+00	0.000000000000000000e+00
6.404755355830704655e-01	1.558016408365146654e+00	0.000000000000000000e+00
6.404755355830704655e-01	1.558016408365146654e+00	0.000000000000000000e+00
6.404755355830704655e-01	1.558016408365146654e+00	0.000000000000000000e+00
6.404755355830704655e-01	1.558016408365146654e+00	0.000000000000000000e+00
6.450980523385448917e-01	1.539474900172703498e+00	0.000000000000000000e+00
6.450980523385448917e-01	1.539474900172703498e+00	0.000000000000000000e+00
6.466104005822450596e-01	1.526982716082374347e+00	0.000000000000000000e+00
6.527452655814196536e-01	1.441536480044674162e+00	0.000000000000000000e+00
6.527452655814196536e-01	1.428471043957769915e+00	0.000000000000000000e+00
6.527452655814196536e-01	1.428471043957769915e+00	0.000000000000000000e+00
6.527452655814196536e-01	1.428471043957769915e+00	0.000000000000000000e+00
6.527452655814196536e-01	1.428471043957769915e+00	0.000000000000000000e+00
6.527452655814196536e-01	1.428471043957769915e+00	0.000000000000000000e+00
6.527452655814196536e-01	1.381063380319138778e+00	0.000000000000000000e+00
6.527452655814196536e-01	1.365311934256354220e+00	0.000000000000000000e+00
6.527452655814196536e-01	1.365311934256354220e+00	0.000000000000000000e+00
8.355640366728362967e-01	1.086215254645548578e+00	0.000000000000000000e+00
8.355640366728362967e-01	1.086215254645548578e+00	0.000000000000000000e+00
8.355640366728362967e-01	1.086215254645548578e+00	0.000000000000000000e+00
8.355640366728362967e-01	1.086215254645548578e+00	0.000000000000000000e+00
8.355613094300740062e-01	1.359285925870304057e+00	0.000000000000000000e+00
8.355613094300740062e-01	1.359285925870304057e+00	0.000000000000000000e+00
8.355640366728362967e-01	1.352931854266736345e+00	0.000000000000000000e+00
8.355585821873117158e-01	1.196242087909098251e+00	0.000000000000000000e+00
8.355585821873117158e-01	1.196242087909098251e+00	0.000000000000000000e+00
8.355585821873117158e-01	1.196242087909098251e+00	0.000000000000000000e+00
8.355585821873117158e-01	1.196242087909098251e+00	0.000000000000000000e+00
8.355585821873117158e-01	1.145144492112719847e+00	0.000000000000000000e+00
8.355585821873117158e-01	1.145144492112719847e+00	0.000000000000000000e+00
8.355585821873117158e-01	1.145144492112719847e+00	0.000000000000000000e+00
8.355585821873117158e-01	1.145144492112719847e+00	0.000000000000000000e+00
8.355585821873117158e-01	1.145144492112719847e+00	0.000000000000000000e+00
8.355585821873117158e-01	1.147535899602083687e+00	0.000000000000000000e+00
8.355585821873117158e-01	1.143818793412420209e+00	0.000000000000000000e+00
8.355585821873117158e-01	1.143818793412420209e+00	0.000000000000000000e+00
8.355585821873117158e-01	1.143818793412420209e+00	0.000000000000000000e+00
8.355585821873117158e-01	1.143818793412420209e+00	0.000000000000000000e+00
8.355585821873117158e-01	1.143818793412420209e+00	0.000000000000000000e+00
8.355585821873117158e-01	1.143818793412420209e+00	0.000000000000000000e+00
8.355585821873117158e-01	1.130800022109049729e+00	0.000000000000000000e+00
8.355744894555288127e-01	1.104550486112815255e+00	0.000000000000000000e+00
8.355744894555288127e-01	1.104550486112815255e+00	0.000000000000000000e+00
8.355744894555288127e-01	1.104550486112815255e+00	0.000000000000000000e+00
8.355936605982398069e-01	1.101469134432532915e+00	0.000000000000000000e+00
8.355936605982398069e-01	1.092469010843334809e+00	0.000000000000000000e+00
8.356219184587063697e-01	1.069253872810466577e+00	0.000000000000000000e+00
8.356219184587063697e-01	1.069253872810466577e+00	0.000000000000000000e+00
8.356989072032828814e-01	1.061684261092007864e+00	0.000000000000000000e+00
8.356989072032828814e-01	1.061684261092007864e+00	0.000000000000000000e+00
