0.000000000000000000e+00	1.573411667114376744e+00	0.000000000000000000e+00
1.559182192444616769e-02	1.258937880189588965e+00	0.000000000000000000e+00
3.308616123519992486e-02	1.125028766496853017e+00	0.000000000000000000e+00
4.553885905727778072e-02	1.074104663925789405e+00	0.000000000000000000e+00
4.553885905727778072e-02	1.074104663925789405e+00	0.000000000000000000e+00
7.352735122459917727e-02	1.063441839763811680e+00	0.000000000000000000e+00
7.352735122459917727e-02	1.018720207013656065e+00	0.000000000000000000e+00
9.337230969620838317e-02	9.420260578380339478e-01	0.000000000000000000e+00
9.337230969620838317e-02	9.420260578380339478e-01	0.000000000000000000e+00
9.337230969620838317e-02	9.420260578380339478e-01	0.000000000000000000e+00
9.337230969620838317e-02	9.420260578380339478e-01	0.000000000000000000e+00
9.337230969620838317e-02	9.420260578380339478e-01	0.000000000000000000e+00
9.337230969620838317e-02	9.420260578380339478e-01	0.000000000000000000e+00
2.010030537292331609e-01	8.818777551615227805e-01	0.000000000000000000e+00
2.091571452087135630e-01	8.125430100944804890e-01	0.000000000000000000e+00
2.091571452087135630e-01	7.802592463502054931e-01	0.000000000000000000e+00
2.169083690075386261e-01	7.195060169498307401e-01	0.000000000000000000e+00
2.332307328867411489e-01	6.928828714129722233e-01	0.000000000000000000e+00
2.332307328867411489e-01	5.655107078566712353e-01	0.000000000000000000e+00
2.332307328867411489e-01	5.567429039601979879e-01	0.000000000000000000e+00
2.332307328867411489e-01	5.567429039601979879e-01	0.000000000000000000e+00
2.553801861450418764e-01	5.502709733537264336e-01	0.000000000000000000e+00
2.684028108682299241e-01	5.110245504582399123e-01	0.000000000000000000e+00
2.684028108682299241e-01	5.110245504582399123e-01	0.000000000000000000e+00
2.684028108682299241e-01	5.110245504582399123e-01	0.000000000000000000e+00
2.684028108682299241e-01	5.110245504582399123e-01	0.000000000000000000e+00
2.723424723441861817e-01	5.161558681846336594e-01	0.000000000000000000e+00
2.723424723441861817e-01	5.161558681846336594e-01	0.000000000000000000e+00
2.723424723441861817e-01	5.161558681846336594e-01	0.000000000000000000e+00
2.723424723441861817e-01	5.262767764943545590e-01	0.000000000000000000e+00
2.723424723441861817e-01	5.262767764943545590e-01	0.000000000000000000e+00
4.252503642163149022e-01	3.644341136897182865e-01	0.000000000000000000e+00
4.252503642163149022e-01	3.644341136897182865e-01	0.000000000000000000e+00
4.252503642163149022e-01	3.644341136897182865e-01	0.000000000000000000e+00
4.252503642163149022e-01	3.644341136897182865e-01	0.000000000000000000e+00
4.257622529606117090e-01	3.377399958346865017e-01	0.000000000000000000e+00
4.274344348518455683e-01	3.245323391330968699e-01	0.000000000000000000e+00
4.312801909148298307e-01	2.935447164973275513e-01	0.000000000000000000e+00
4.381463085936655455e-01	2.769015438232658721e-01	0.000000000000000000e+00
4.433787786812480869e-01	2.588985549182304391e-01	0.000000000000000000e+00
4.469471277710920232e-01	2.117083901861863404e-01	0.000000000000000000e+00
4.479584181801236631e-01	1.445606295928128782e-01	0.000000000000000000e+00
4.479584181801236631e-01	1.742018662010103580e-01	0.000000000000000000e+00
4.479584181801236631e-01	1.445606295928128782e-01	0.000000000000000000e+00
4.479584181801236631e-01	1.385617708322158803e-01	0.000000000000000000e+00
4.542694817179249722e-01	1.132047708963496851e-01	0.000000000000000000e+00
4.479584181801236631e-01	1.385617708322158803e-01	0.000000000000000000e+00
4.479584181801236631e-01	1.385617708322158803e-01	0.000000000000000000e+00
4.479584181801236631e-01	1.385617708322158803e-01	0.000000000000000000e+00
4.479584181801236631e-01	1.385617708322158803e-01	0.000000000000000000e+00
4.493225261637679990e-01	1.459994135262060178e-01	0.000000000000000000e+00
4.493225261637679990e-01	1.459994135262060178e-01	0.000000000000000000e+00
6.177150251912201240e-01	1.354046700109801660e-01	0.000000000000000000e+00
6.211352745683300647e-01	9.938278336180708661e-02	0.000000000000000000e+00
6.211352745683300647e-01	8.056544514425928449e-02	0.000000000000000000e+00
6.233592613534130189e-01	4.122167316644631541e-02	0.000000000000000000e+00
6.233592613534130189e-01	4.122167316644631541e-02	0.000000000000000000e+00
6.285801246522437769e-01	-2.035263288328999567e-02	0.000000000000000000e+00
6.285801246522437769e-01	-2.035263288328999567e-02	0.000000000000000000e+00
6.282705398150733034e-01	2.878770176510218339e-04	0.000000000000000000e+00
6.285801246522437769e-01	-2.035263288328999567e-02	0.000000000000000000e+00
6.285801246522437769e-01	-3.891849866414188314e-02	0.000000000000000000e+00
6.330361740004661897e-01	-6.892415463691543842e-02	0.000000000000000000e+00
6.377023835361961268e-01	-8.644688599967911835e-02	0.000000000000000000e+00
6.377023835361961268e-01	-8.644688599967911835e-02	0.000000000000000000e+00
6.391731204630356489e-01	-9.366474984737037379e-02	0.000000000000000000e+00
6.408899362333455585e-01	-1.092455203730892804e-01	0.000000000000000000e+00
6.434698248200712012e-01	-1.233690418408272121e-01	0.000000000000000000e+00
6.434698248200712012e-01	-1.233690418408272121e-01	0.000000000000000000e+00
6.434698248200712012e-01	-1.233690418408272121e-01	0.000000000000000000e+00
6.434698248200712012e-01	-1.233690418408272121e-01	0.000000000000000000e+00
6.434698248200712012e-01	-1.233690418408272121e-01	0.000000000000000000e+00
8.308486894536128986e-01	-1.246504081166195099e-01	0.000000000000000000e+00
8.318583896421817281e-01	-1.273778571497218293e-01	0.000000000000000000e+00
8.338777900193194981e-01	-1.770454135783377791e-01	0.000000000000000000e+00
8.338777900193194981e-01	-1.770454135783377791e-01	0.000000000000000000e+00
8.338777900193194981e-01	-1.770454135783377791e-01	0.000000000000000000e+00
8.338777900193194981e-01	-2.280784658478758054e-01	0.000000000000000000e+00
8.338777900193194981e-01	-2.280784658478758054e-01	0.000000000000000000e+00
8.338777900193194981e-01	-2.280784658478758054e-01	0.000000000000000000e+00
8.400374409756361516e-01	-2.599006317389643828e-01	0.000000000000000000e+00
8.400374409756361516e-01	-2.599006317389643828e-01	0.000000000000000000e+00
8.400374409756361516e-01	-2.599006317389643828e-01	0.000000000000000000e+00
8.400374409756361516e-01	-2.889737540614014666e-01	0.000000000000000000e+00
8.400374409756361516e-01	-2.889737540614014666e-01	0.000000000000000000e+00
8.427154345563871995e-01	-2.845682972460846782e-01	0.000000000000000000e+00
8.431585206326943638e-01	-3.180532016597486522e-01	0.000000000000000000e+00
8.431585206326943638e-01	-3.180532016597486522e-01	0.000000000000000000e+00
8.431585206326943638e-01	-3.180532016597486522e-01	0.000000000000000000e+00
8.445474429911080660e-01	-3.284190370884933485e-01	0.000000000000000000e+00
8.467793370856313562e-01	-3.644445738665778034e-01	0.000000000000000000e+00
8.467793370856313562e-01	-3.644445738665778034e-01	0.000000000000000000e+00
8.467793370856313562e-01	-3.644445738665778034e-01	0.000000000000000000e+00
8.467793370856313562e-01	-3.692838776259285694e-01	0.000000000000000000e+00
8.469950253885308866e-01	-3.867714165001683302e-01	0.000000000000000000e+00
8.469950253885308866e-01	-3.950465482477735213e-01	0.000000000000000000e+00
8.482188165872422969e-01	-4.076844519814785683e-01	0.000000000000000000e+00
8.482188165872422969e-01	-4.076844519814785683e-01	0.000000000000000000e+00
8.494426077859537072e-01	-4.231818172185479732e-01	0.000000000000000000e+00
8.482188165872422969e-01	-4.128212646289744492e-01	0.000000000000000000e+00
