0.000000000000000000e+00	1.105871759717599767e+00	0.000000000000000000e+00
1.559182192444616769e-02	9.553873499113461065e-01	0.000000000000000000e+00
3.180843889440861105e-02	8.828450237973665127e-01	0.000000000000000000e+00
4.174760012279716409e-02	8.346575871174982675e-01	0.000000000000000000e+00
6.099786651896739464e-02	7.998821481435859360e-01	0.000000000000000000e+00
6.502101403031500249e-02	7.462503665177954160e-01	0.000000000000000000e+00
8.686554469551241442e-02	7.340052991921822700e-01	0.000000000000000000e+00
8.686554469551241442e-02	7.282619403661828583e-01	0.000000000000000000e+00
8.686554469551241442e-02	7.223637866758031434e-01	0.000000000000000000e+00
8.686554469551241442e-02	7.223637866758031434e-01	0.000000000000000000e+00
8.686554469551241442e-02	7.223637866758031434e-01	0.000000000000000000e+00
8.686554469551241442e-02	7.223637866758031434e-01	0.000000000000000000e+00
8.686554469551241442e-02	7.223637866758031434e-01	0.000000000000000000e+00
2.010030537292331609e-01	6.440871985892439033e-01	0.000000000000000000e+00
2.126564388035277475e-01	5.349410712190405537e-01	0.000000000000000000e+00
2.126564388035277475e-01	5.178992046013551898e-01	0.000000000000000000e+00
2.262128109564867096e-01	4.970413986709574239e-01	0.000000000000000000e+00
2.310574434447373038e-01	4.381146347533671492e-01	0.000000000000000000e+00
2.381206244535035710e-01	3.738157473189105406e-01	0.000000000000000000e+00
2.381206244535035710e-01	3.466088864752635001e-01	0.000000000000000000e+00
2.511548750474388858e-01	3.234961743568836590e-01	0.000000000000000000e+00
2.556075857305739052e-01	3.147429915232145547e-01	0.000000000000000000e+00
2.556075857305739052e-01	3.147429915232145547e-01	0.000000000000000000e+00
2.556075857305739052e-01	3.147429915232145547e-01	0.000000000000000000e+00
2.556075857305739052e-01	3.147429915232145547e-01	0.000000000000000000e+00
2.556075857305739052e-01	3.147429915232145547e-01	0.000000000000000000e+00
2.556075857305739052e-01	3.147429915232145547e-01	0.000000000000000000e+00
2.556075857305739052e-01	3.147429915232145547e-01	0.000000000000000000e+00
2.556075857305739052e-01	3.147429915232145547e-01	0.000000000000000000e+00
2.569794656946480793e-01	3.159187452122795836e-01	0.000000000000000000e+00
4.198661552946615361e-01	2.902679218351504886e-01	0.000000000000000000e+00
4.232923485235730587e-01	2.176136597743004442e-01	0.000000000000000000e+00
4.298219192333678773e-01	2.009006595252797456e-01	0.000000000000000000e+00
4.298219192333678773e-01	1.442930144340705267e-01	0.000000000000000000e+00
4.298219192333678773e-01	1.415463653350397255e-01	0.000000000000000000e+00
4.323738801074190619e-01	8.143781609859923609e-02	0.000000000000000000e+00
4.351203406651715233e-01	6.301655826740366895e-02	0.000000000000000000e+00
4.410548346579622470e-01	4.755845148412964074e-02	0.000000000000000000e+00
4.424370090342029105e-01	1.802389707991698675e-02	0.000000000000000000e+00
4.424370090342029105e-01	-8.739434673871331050e-03	0.000000000000000000e+00
4.424370090342029105e-01	-2.803758798170332897e-02	0.000000000000000000e+00
4.529470458400408628e-01	-3.523377668190871836e-02	0.000000000000000000e+00
4.529470458400408628e-01	-4.028243013754639196e-02	0.000000000000000000e+00
4.529470458400408628e-01	-4.028243013754639196e-02	0.000000000000000000e+00
4.529470458400408628e-01	-4.028243013754639196e-02	0.000000000000000000e+00
4.529470458400408628e-01	-4.028243013754639196e-02	0.000000000000000000e+00
4.529470458400408628e-01	-4.028243013754639196e-02	0.000000000000000000e+00
4.529470458400408628e-01	-4.028243013754639196e-02	0.000000000000000000e+00
4.529470458400408628e-01	-4.028243013754639196e-02	0.000000000000000000e+00
6.199658675289204668e-01	-5.761337135800991688e-02	0.000000000000000000e+00
6.214047085158271866e-01	-7.603367215098394416e-02	0.000000000000000000e+00
6.236659087099334364e-01	-1.446347531456140534e-01	0.000000000000000000e+00
6.236659087099334364e-01	-1.446347531456140534e-01	0.000000000000000000e+00
6.236659087099334364e-01	-1.446347531456140534e-01	0.000000000000000000e+00
6.254710167033739054e-01	-1.660137512614370814e-01	0.000000000000000000e+00
6.287603788964771789e-01	-1.962147271179157937e-01	0.000000000000000000e+00
6.337268461842442413e-01	-2.363070552719875039e-01	0.000000000000000000e+00
6.337268461842442413e-01	-2.363070552719875039e-01	0.000000000000000000e+00
6.337268461842442413e-01	-2.363070552719875039e-01	0.000000000000000000e+00
6.365810593867298195e-01	-2.652112745934057103e-01	0.000000000000000000e+00
6.365810593867298195e-01	-2.722725561785165338e-01	0.000000000000000000e+00
6.440973597572958731e-01	-2.915980437103296574e-01	0.000000000000000000e+00
6.481336040754104300e-01	-3.537607516716322897e-01	0.000000000000000000e+00
6.481336040754104300e-01	-3.537607516716322897e-01	0.000000000000000000e+00
6.481336040754104300e-01	-3.537607516716322897e-01	0.000000000000000000e+00
6.481336040754104300e-01	-3.537607516716322897e-01	0.000000000000000000e+00
6.481336040754104300e-01	-3.675632352526769231e-01	0.000000000000000000e+00
6.481336040754104300e-01	-3.675632352526769231e-01	0.000000000000000000e+00
6.481336040754104300e-01	-3.675632352526769231e-01	0.000000000000000000e+00
6.481336040754104300e-01	-3.675632352526769231e-01	0.000000000000000000e+00
6.481336040754104300e-01	-3.539247054309360152e-01	0.000000000000000000e+00
8.257508550282692816e-01	-3.685960723775943415e-01	0.000000000000000000e+00
8.257508550282692816e-01	-3.982726031722695348e-01	0.000000000000000000e+00
8.257508550282692816e-01	-3.982726031722695348e-01	0.000000000000000000e+00
8.257508550282692816e-01	-4.088716224171777269e-01	0.000000000000000000e+00
8.283503240467610107e-01	-4.263585769697015304e-01	0.000000000000000000e+00
8.283503240467610107e-01	-4.502712120681719443e-01	0.000000000000000000e+00
8.283503240467610107e-01	-4.502712120681719443e-01	0.000000000000000000e+00
8.290800823605390946e-01	-4.622149166974491297e-01	0.000000000000000000e+00
8.303051372015349818e-01	-4.749090748576744181e-01	0.000000000000000000e+00
8.311558147039539435e-01	-4.892537652450174579e-01	0.000000000000000000e+00
8.316701486008203359e-01	-5.021981185554251770e-01	0.000000000000000000e+00
8.316701486008203359e-01	-5.202211525129177838e-01	0.000000000000000000e+00
8.320187851440179472e-01	-5.274264124233767337e-01	0.000000000000000000e+00
8.331725323651912873e-01	-5.439975878651287511e-01	0.000000000000000000e+00
8.344942817159595183e-01	-5.803988836117621730e-01	0.000000000000000000e+00
8.344138032133158189e-01	-5.837788765372756705e-01	0.000000000000000000e+00
8.344138032133158189e-01	-5.837788765372756705e-01	0.000000000000000000e+00
8.344138032133158189e-01	-5.837788765372756705e-01	0.000000000000000000e+00
8.344138032133158189e-01	-5.911382546025263363e-01	0.000000000000000000e+00
8.360903689513394799e-01	-6.066606818563592407e-01	0.000000000000000000e+00
8.360903689513394799e-01	-6.105015422431947503e-01	0.000000000000000000e+00
8.399226443591180091e-01	-6.379410564994805188e-01	0.000000000000000000e+00
8.399226443591180091e-01	-6.379410564994805188e-01	0.000000000000000000e+00
8.407732683367700188e-01	-6.394220913625694447e-01	0.000000000000000000e+00
8.416453877621641322e-01	-6.654273741364016281e-01	0.000000000000000000e+00
8.416453877621641322e-01	-6.654273741364016281e-01	0.000000000000000000e+00
8.484593917679790209e-01	-6.741416921051296418e-01	0.000000000000000000e+00
8.470615226186231084e-01	-6.752967091806898470e-01	0.000000000000000000e+00
8.514821292219204585e-01	-6.833006772215337588e-01	0.000000000000000000e+00
