0.000000000000000000e+00	3.805208318557691261e+00	0.000000000000000000e+00
1.037357198842363271e-02	3.385825798804735776e+00	0.000000000000000000e+00
4.309641699839093787e-02	3.186380869171707708e+00	0.000000000000000000e+00
6.544569001993461033e-02	3.008372060892704258e+00	0.000000000000000000e+00
6.955012080987386935e-02	2.986943781748061966e+00	0.000000000000000000e+00
1.031737826830689403e-01	2.569541844377036366e+00	0.000000000000000000e+00
1.031737826830689403e-01	2.569541844377036366e+00	0.000000000000000000e+00
1.031737826830689403e-01	2.569541844377036366e+00	0.000000000000000000e+00
1.031737826830689403e-01	2.569541844377036366e+00	0.000000000000000000e+00
1.585267736217023382e-01	2.489258933967994025e+00	0.000000000000000000e+00
1.713837187001898688e-01	2.257873973849235494e+00	0.000000000000000000e+00
1.713837187001898688e-01	2.257873973849235494e+00	0.000000000000000000e+00
1.713837187001898688e-01	2.237339082677945790e+00	0.000000000000000000e+00
2.012457199927976670e-01	2.073983856642237722e+00	0.000000000000000000e+00
2.012457199927976670e-01	2.055926881419659846e+00	0.000000000000000000e+00
2.012457199927976670e-01	2.055926881419659846e+00	0.000000000000000000e+00
2.012457199927976670e-01	2.073983856642237722e+00	0.000000000000000000e+00
2.401739151855105114e-01	2.033200186836590539e+00	0.000000000000000000e+00
2.401739151855105114e-01	2.033200186836590539e+00	0.000000000000000000e+00
2.370440474845083856e-01	2.023326365903980406e+00	0.000000000000000000e+00
2.370440474845083856e-01	1.912534917248873256e+00	0.000000000000000000e+00
2.370440474845083856e-01	1.912028706149304647e+00	0.000000000000000000e+00
2.370440474845083856e-01	1.912028706149304647e+00	0.000000000000000000e+00
2.370440474845083856e-01	1.853007949799299725e+00	0.000000000000000000e+00
2.370440474845083856e-01	1.853007949799299725e+00	0.000000000000000000e+00
2.370440474845083856e-01	1.853007949799299725e+00	0.000000000000000000e+00
2.370440474845083856e-01	1.853007949799299725e+00	0.000000000000000000e+00
2.370440474845083856e-01	1.853007949799299725e+00	0.000000000000000000e+00
2.370440474845083856e-01	1.853007949799299725e+00	0.000000000000000000e+00
2.370440474845083856e-01	1.853007949799299725e+00	0.000000000000000000e+00
2.370440474845083856e-01	1.853007949799299725e+00	0.000000000000000000e+00
2.370440474845083856e-01	1.853007949799299725e+00	0.000000000000000000e+00
4.406645845033191899e-01	1.769198903985449212e+00	0.000000000000000000e+00
4.406645845033191899e-01	1.769198903985449212e+00	0.000000000000000000e+00
4.406645845033191899e-01	1.697689530865164054e+00	0.000000000000000000e+00
4.406645845033191899e-01	1.678967092273991657e+00	0.000000000000000000e+00
4.406645845033191899e-01	1.678967092273991657e+00	0.000000000000000000e+00
4.406645845033191899e-01	1.678967092273991657e+00	0.000000000000000000e+00
4.406645845033191899e-01	1.678967092273991657e+00	0.000000000000000000e+00
4.406645845033191899e-01	1.678967092273991657e+00	0.000000000000000000e+00
4.406645845033191899e-01	1.678967092273991657e+00	0.000000000000000000e+00
4.406645845033191899e-01	1.678967092273991657e+00	0.000000000000000000e+00
4.406645845033191899e-01	1.678967092273991657e+00	0.000000000000000000e+00
4.406645845033191899e-01	1.699073339284955519e+00	0.000000000000000000e+00
4.406645845033191899e-01	1.699073339284955519e+00	0.000000000000000000e+00
4.406645845033191899e-01	1.699073339284955519e+00	0.000000000000000000e+00
4.406645845033191899e-01	1.699073339284955519e+00	0.000000000000000000e+00
6.404755355830704655e-01	1.533585321864831430e+00	0.000000000000000000e+00
6.404755355830704655e-01	1.533585321864831430e+00	0.000000000000000000e+00
6.404755355830704655e-01	1.533585321864831430e+00	0.000000000000000000e+00
6.404755355830704655e-01	1.466511705939830712e+00	0.000000000000000000e+00
6.404755355830704655e-01	1.466511705939830712e+00	0.000000000000000000e+00
6.404755355830704655e-01	1.466511705939830712e+00	0.000000000000000000e+00
6.404755355830704655e-01	1.466511705939830712e+00	0.000000000000000000e+00
6.404755355830704655e-01	1.466511705939830712e+00	0.000000000000000000e+00
6.527452655814196536e-01	1.321827094919395096e+00	0.000000000000000000e+00
6.527452655814196536e-01	1.321827094919395096e+00	0.000000000000000000e+00
6.527452655814196536e-01	1.321827094919395096e+00	0.000000000000000000e+00
6.527452655814196536e-01	1.321827094919395096e+00	0.000000000000000000e+00
6.527452655814196536e-01	1.321827094919395096e+00	0.000000000000000000e+00
6.527452655814196536e-01	1.321827094919395096e+00	0.000000000000000000e+00
6.527452655814196536e-01	1.321827094919395096e+00	0.000000000000000000e+00
6.527452655814196536e-01	1.321827094919395096e+00	0.000000000000000000e+00
6.527452655814196536e-01	1.344791654704742934e+00	0.000000000000000000e+00
6.527452655814196536e-01	1.344791654704742934e+00	0.000000000000000000e+00
6.527452655814196536e-01	1.360454961830148690e+00	0.000000000000000000e+00
6.527452655814196536e-01	1.360454961830148690e+00	0.000000000000000000e+00
8.355613094300740062e-01	1.271470932722066571e+00	0.000000000000000000e+00
8.355613094300740062e-01	1.271470932722066571e+00	0.000000000000000000e+00
8.355572185659305706e-01	8.064526083513851029e-01	0.000000000000000000e+00
8.355572185659305706e-01	8.064526083513851029e-01	0.000000000000000000e+00
8.355572185659305706e-01	8.064526083513851029e-01	0.000000000000000000e+00
8.355572185659305706e-01	8.064526083513851029e-01	0.000000000000000000e+00
8.355572185659305706e-01	8.064526083513851029e-01	0.000000000000000000e+00
8.355572185659305706e-01	8.064526083513851029e-01	0.000000000000000000e+00
8.355572185659305706e-01	8.064526083513851029e-01	0.000000000000000000e+00
8.355572185659305706e-01	8.064526083513851029e-01	0.000000000000000000e+00
8.355585821873117158e-01	8.720578196513395497e-01	0.000000000000000000e+00
8.355585821873117158e-01	8.720578196513395497e-01	0.000000000000000000e+00
8.355591134070360360e-01	9.074033080967379705e-01	0.000000000000000000e+00
8.355591134070360360e-01	9.074033080967379705e-01	0.000000000000000000e+00
8.355591134070360360e-01	9.074033080967379705e-01	0.000000000000000000e+00
8.355591134070360360e-01	9.074033080967379705e-01	0.000000000000000000e+00
8.355591134070360360e-01	8.464408909537608494e-01	0.000000000000000000e+00
8.355591134070360360e-01	8.464408909537608494e-01	0.000000000000000000e+00
8.355591134070360360e-01	8.464408909537608494e-01	0.000000000000000000e+00
8.355591134070360360e-01	8.464408909537608494e-01	0.000000000000000000e+00
8.355591134070360360e-01	8.464408909537608494e-01	0.000000000000000000e+00
8.355591134070360360e-01	8.464408909537608494e-01	0.000000000000000000e+00
8.355591134070360360e-01	8.464408909537608494e-01	0.000000000000000000e+00
8.355591134070360360e-01	8.464408909537608494e-01	0.000000000000000000e+00
8.355912336575703758e-01	9.287046212209385532e-01	0.000000000000000000e+00
8.355912336575703758e-01	9.480777890298742738e-01	0.000000000000000000e+00
8.355912336575703758e-01	9.480777890298742738e-01	0.000000000000000000e+00
8.355912336575703758e-01	9.287046212209385532e-01	0.000000000000000000e+00
8.355912336575703758e-01	9.287046212209385532e-01	0.000000000000000000e+00
8.355912336575703758e-01	9.012256975598254005e-01	0.000000000000000000e+00
8.355912336575703758e-01	9.012256975598254005e-01	0.000000000000000000e+00
8.355912336575703758e-01	9.480777890298742738e-01	0.000000000000000000e+00
8.355912336575703758e-01	9.480777890298742738e-01	0.000000000000000000e+00
