0.000000000000000000e+00	1.973434860096329402e+00	0.000000000000000000e+00
1.559182192444616769e-02	1.252191266499213196e+00	0.000000000000000000e+00
3.308616123519992486e-02	1.100855032889293428e+00	0.000000000000000000e+00
4.553885905727778072e-02	1.074104663925789405e+00	0.000000000000000000e+00
5.897179458899265425e-02	1.016374108653944397e+00	0.000000000000000000e+00
6.642361894202027106e-02	9.079574102448575434e-01	0.000000000000000000e+00
6.642361894202027106e-02	9.079574102448575434e-01	0.000000000000000000e+00
6.642361894202027106e-02	9.079574102448575434e-01	0.000000000000000000e+00
6.642361894202027106e-02	9.079574102448575434e-01	0.000000000000000000e+00
6.622257298387959623e-02	9.106043125078339129e-01	0.000000000000000000e+00
6.622257298387959623e-02	9.106043125078339129e-01	0.000000000000000000e+00
6.622257298387959623e-02	9.106043125078339129e-01	0.000000000000000000e+00
6.622257298387959623e-02	9.106043125078339129e-01	0.000000000000000000e+00
2.010030537292331609e-01	7.681324778046685342e-01	0.000000000000000000e+00
2.010030537292331609e-01	7.681324778046685342e-01	0.000000000000000000e+00
2.107666756393546670e-01	6.502161263597366903e-01	0.000000000000000000e+00
2.107666756393546670e-01	6.502161263597366903e-01	0.000000000000000000e+00
2.178006665124179175e-01	6.246922258316151000e-01	0.000000000000000000e+00
2.332307328867411489e-01	5.660662197169625820e-01	0.000000000000000000e+00
2.332307328867411489e-01	5.434695140597999297e-01	0.000000000000000000e+00
2.416268083880011575e-01	4.919505806489014033e-01	0.000000000000000000e+00
2.449904150524452318e-01	4.726734380390208989e-01	0.000000000000000000e+00
2.535271130852843613e-01	4.523145141246081580e-01	0.000000000000000000e+00
2.535715770650548428e-01	4.517035894353096936e-01	0.000000000000000000e+00
2.535664536537365343e-01	4.505867023526753945e-01	0.000000000000000000e+00
2.535664536537365343e-01	4.505867023526753945e-01	0.000000000000000000e+00
2.535664536537365343e-01	4.505867023526753945e-01	0.000000000000000000e+00
2.535664536537365343e-01	4.505867023526753945e-01	0.000000000000000000e+00
2.535664536537365343e-01	4.505867023526753945e-01	0.000000000000000000e+00
2.535664536537365343e-01	4.505867023526753945e-01	0.000000000000000000e+00
2.535664536537365343e-01	4.505867023526753945e-01	0.000000000000000000e+00
2.535664536537365343e-01	4.505867023526753945e-01	0.000000000000000000e+00
4.199345138647281317e-01	3.279030563864822612e-01	0.000000000000000000e+00
4.199345138647281317e-01	3.279030563864822612e-01	0.000000000000000000e+00
4.199345138647281317e-01	3.279030563864822612e-01	0.000000000000000000e+00
4.199345138647281317e-01	3.279030563864822612e-01	0.000000000000000000e+00
4.271692777743847924e-01	3.117539908653500502e-01	0.000000000000000000e+00
4.312801909148298307e-01	2.907972628515865243e-01	0.000000000000000000e+00
4.331614150761678994e-01	1.765473507876831605e-01	0.000000000000000000e+00
4.331614150761678994e-01	1.765473507876831605e-01	0.000000000000000000e+00
4.331614150761678994e-01	1.765473507876831605e-01	0.000000000000000000e+00
4.331614150761678994e-01	1.765473507876831605e-01	0.000000000000000000e+00
4.479584181801236631e-01	1.450015692607415085e-01	0.000000000000000000e+00
4.445086900611158742e-01	1.232692206247932992e-01	0.000000000000000000e+00
4.445086900611158742e-01	1.232692206247932992e-01	0.000000000000000000e+00
4.542694817179249722e-01	1.132047708963496851e-01	0.000000000000000000e+00
4.445086900611158742e-01	1.232692206247932992e-01	0.000000000000000000e+00
4.479584181801236631e-01	1.115758133840779875e-01	0.000000000000000000e+00
4.479584181801236631e-01	1.115758133840779875e-01	0.000000000000000000e+00
4.479584181801236631e-01	1.115758133840779875e-01	0.000000000000000000e+00
4.479584181801236631e-01	1.115758133840779875e-01	0.000000000000000000e+00
4.479584181801236631e-01	1.115758133840779875e-01	0.000000000000000000e+00
4.479584181801236631e-01	1.115758133840779875e-01	0.000000000000000000e+00
4.479584181801236631e-01	1.115758133840779875e-01	0.000000000000000000e+00
6.209804821497448835e-01	8.253347702295407706e-02	0.000000000000000000e+00
6.211352745683300647e-01	5.751851166437427915e-02	0.000000000000000000e+00
6.211352745683300647e-01	4.792780423378179000e-02	0.000000000000000000e+00
6.211352745683300647e-01	3.415659874190463130e-02	0.000000000000000000e+00
6.282705398150733034e-01	-1.509451500899639887e-03	0.000000000000000000e+00
6.282705398150733034e-01	-1.509451500899639887e-03	0.000000000000000000e+00
6.285801246522437769e-01	-2.035263288328999567e-02	0.000000000000000000e+00
6.285801246522437769e-01	-3.891849866414188314e-02	0.000000000000000000e+00
6.324561980225664737e-01	-5.524486987450772518e-02	0.000000000000000000e+00
6.350565632194680177e-01	-7.330973695845106886e-02	0.000000000000000000e+00
6.350565632194680177e-01	-9.563264099822979536e-02	0.000000000000000000e+00
6.355926571942803749e-01	-9.465530955306557248e-02	0.000000000000000000e+00
6.407985080352627261e-01	-1.769074780119755941e-01	0.000000000000000000e+00
6.407985080352627261e-01	-1.769074780119755941e-01	0.000000000000000000e+00
6.407985080352627261e-01	-1.769074780119755941e-01	0.000000000000000000e+00
6.407985080352627261e-01	-1.769074780119755941e-01	0.000000000000000000e+00
6.407985080352627261e-01	-1.769074780119755941e-01	0.000000000000000000e+00
6.407985080352627261e-01	-1.769074780119755941e-01	0.000000000000000000e+00
6.407985080352627261e-01	-1.769074780119755941e-01	0.000000000000000000e+00
6.407985080352627261e-01	-1.769074780119755941e-01	0.000000000000000000e+00
6.407985080352627261e-01	-1.760297312614985399e-01	0.000000000000000000e+00
8.311965648764733094e-01	-1.718102203789934335e-01	0.000000000000000000e+00
8.335824202761407120e-01	-1.797163657300040185e-01	0.000000000000000000e+00
8.338777900193194981e-01	-1.925856360865246530e-01	0.000000000000000000e+00
8.338777900193194981e-01	-2.424384027322653568e-01	0.000000000000000000e+00
8.338777900193194981e-01	-2.424384027322653568e-01	0.000000000000000000e+00
8.338777900193194981e-01	-2.424384027322653568e-01	0.000000000000000000e+00
8.338777900193194981e-01	-2.424384027322653568e-01	0.000000000000000000e+00
8.338777900193194981e-01	-2.713439585846730284e-01	0.000000000000000000e+00
8.338777900193194981e-01	-2.713439585846730284e-01	0.000000000000000000e+00
8.395443362153528488e-01	-3.576207278486130958e-01	0.000000000000000000e+00
8.395443362153528488e-01	-3.576207278486130958e-01	0.000000000000000000e+00
8.395443362153528488e-01	-3.576207278486130958e-01	0.000000000000000000e+00
8.395443362153528488e-01	-3.576207278486130958e-01	0.000000000000000000e+00
8.395443362153528488e-01	-3.576207278486130958e-01	0.000000000000000000e+00
8.395443362153528488e-01	-3.576207278486130958e-01	0.000000000000000000e+00
8.384306606127265304e-01	-3.716463811082335589e-01	0.000000000000000000e+00
8.384306606127265304e-01	-3.716463811082335589e-01	0.000000000000000000e+00
8.384306606127265304e-01	-3.716463811082335589e-01	0.000000000000000000e+00
8.413422204832403661e-01	-3.893216934747283919e-01	0.000000000000000000e+00
8.413422204832403661e-01	-3.893216934747283919e-01	0.000000000000000000e+00
8.413422204832403661e-01	-3.950873716669828228e-01	0.000000000000000000e+00
8.413860982986183235e-01	-4.078269833635288499e-01	0.000000000000000000e+00
8.471653402242680375e-01	-4.274288049580146076e-01	0.000000000000000000e+00
8.471653402242680375e-01	-4.274288049580146076e-01	0.000000000000000000e+00
8.480920055843467198e-01	-4.261299821493609863e-01	0.000000000000000000e+00
