0.000000000000000000e+00	1.376904114435410165e+00	0.000000000000000000e+00
1.559182192444616769e-02	1.126228768539506708e+00	0.000000000000000000e+00
3.308616123519992486e-02	1.111010983923930828e+00	0.000000000000000000e+00
4.228797316155972347e-02	8.961473150939428534e-01	0.000000000000000000e+00
4.228797316155972347e-02	8.961473150939428534e-01	0.000000000000000000e+00
7.108296560810004050e-02	8.306058692752291694e-01	0.000000000000000000e+00
8.282914886179890135e-02	7.874017031206933526e-01	0.000000000000000000e+00
8.282914886179890135e-02	7.874017031206933526e-01	0.000000000000000000e+00
8.282914886179890135e-02	7.874017031206933526e-01	0.000000000000000000e+00
8.282914886179890135e-02	7.874017031206933526e-01	0.000000000000000000e+00
8.282914886179890135e-02	7.874017031206933526e-01	0.000000000000000000e+00
7.108296560810004050e-02	7.962145400951430307e-01	0.000000000000000000e+00
1.858172073044574435e-01	7.804652941969912883e-01	0.000000000000000000e+00
1.858172073044574435e-01	7.804652941969912883e-01	0.000000000000000000e+00
2.010030537292331609e-01	6.991728320654154727e-01	0.000000000000000000e+00
2.107666756393546670e-01	6.506155431996989424e-01	0.000000000000000000e+00
2.107666756393546670e-01	6.162837233210534116e-01	0.000000000000000000e+00
2.332307328867411489e-01	4.760871840662230237e-01	0.000000000000000000e+00
2.332307328867411489e-01	4.760871840662230237e-01	0.000000000000000000e+00
2.332307328867411489e-01	4.711646158164580767e-01	0.000000000000000000e+00
2.570110975044688773e-01	4.430943835835604028e-01	0.000000000000000000e+00
2.535664536537365343e-01	4.426792048493743414e-01	0.000000000000000000e+00
2.535664536537365343e-01	4.426792048493743414e-01	0.000000000000000000e+00
2.535664536537365343e-01	4.418799311334374313e-01	0.000000000000000000e+00
2.535664536537365343e-01	4.418799311334374313e-01	0.000000000000000000e+00
2.535664536537365343e-01	4.418799311334374313e-01	0.000000000000000000e+00
2.535664536537365343e-01	4.329605235340535652e-01	0.000000000000000000e+00
2.535664536537365343e-01	4.329605235340535652e-01	0.000000000000000000e+00
2.535664536537365343e-01	4.329605235340535652e-01	0.000000000000000000e+00
2.535664536537365343e-01	4.329605235340535652e-01	0.000000000000000000e+00
4.199345138647281317e-01	3.042903213460463885e-01	0.000000000000000000e+00
4.199345138647281317e-01	3.042903213460463885e-01	0.000000000000000000e+00
4.199345138647281317e-01	3.042903213460463885e-01	0.000000000000000000e+00
4.199345138647281317e-01	3.041249013473424911e-01	0.000000000000000000e+00
4.204859899277715862e-01	2.793331074966068917e-01	0.000000000000000000e+00
4.266635586851016404e-01	2.459349337659955392e-01	0.000000000000000000e+00
4.266635586851016404e-01	1.995410355757158138e-01	0.000000000000000000e+00
4.546395990184649016e-01	7.884917765788182487e-02	0.000000000000000000e+00
4.512990085992942824e-01	7.768685464011647335e-02	0.000000000000000000e+00
4.479584181801236631e-01	7.384643080009770100e-02	0.000000000000000000e+00
4.479584181801236631e-01	7.384643080009770100e-02	0.000000000000000000e+00
4.479584181801236631e-01	7.384643080009770100e-02	0.000000000000000000e+00
4.479584181801236631e-01	7.384643080009770100e-02	0.000000000000000000e+00
4.479584181801236631e-01	7.305772642982151510e-02	0.000000000000000000e+00
4.479584181801236631e-01	7.305772642982151510e-02	0.000000000000000000e+00
4.479584181801236631e-01	7.305772642982151510e-02	0.000000000000000000e+00
4.479584181801236631e-01	7.305772642982151510e-02	0.000000000000000000e+00
4.479584181801236631e-01	7.475944010112997584e-02	0.000000000000000000e+00
4.551180682363174523e-01	7.527993122998653808e-02	0.000000000000000000e+00
6.209804821497448835e-01	7.037358787750172540e-02	0.000000000000000000e+00
6.281689279340445520e-01	-6.482442457384303414e-02	0.000000000000000000e+00
6.281689279340445520e-01	-6.482442457384303414e-02	0.000000000000000000e+00
6.281689279340445520e-01	-6.482442457384303414e-02	0.000000000000000000e+00
6.281689279340445520e-01	-6.482442457384303414e-02	0.000000000000000000e+00
6.281689279340445520e-01	-6.482442457384303414e-02	0.000000000000000000e+00
6.363275696764602030e-01	-1.846794714554417516e-01	0.000000000000000000e+00
6.363275696764602030e-01	-1.846794714554417516e-01	0.000000000000000000e+00
6.363275696764602030e-01	-1.846794714554417516e-01	0.000000000000000000e+00
6.363275696764602030e-01	-1.846794714554417516e-01	0.000000000000000000e+00
6.363275696764602030e-01	-1.846794714554417516e-01	0.000000000000000000e+00
6.363275696764602030e-01	-1.846794714554417516e-01	0.000000000000000000e+00
6.363275696764602030e-01	-1.846794714554417516e-01	0.000000000000000000e+00
6.367425251603874292e-01	-1.972634722292350984e-01	0.000000000000000000e+00
6.388478090625454575e-01	-2.171104067934506998e-01	0.000000000000000000e+00
6.415200606458087984e-01	-2.628238783596870132e-01	0.000000000000000000e+00
6.415200606458087984e-01	-2.628238783596870132e-01	0.000000000000000000e+00
6.407985080352627261e-01	-2.537066332398187352e-01	0.000000000000000000e+00
6.416499945380811365e-01	-2.646354752213447292e-01	0.000000000000000000e+00
6.416499945380811365e-01	-2.646354752213447292e-01	0.000000000000000000e+00
6.416499945380811365e-01	-2.646354752213447292e-01	0.000000000000000000e+00
6.416499945380811365e-01	-2.646354752213447292e-01	0.000000000000000000e+00
6.416499945380811365e-01	-2.646354752213447292e-01	0.000000000000000000e+00
6.417738575216214159e-01	-2.638336662146043565e-01	0.000000000000000000e+00
6.417738575216214159e-01	-2.638336662146043565e-01	0.000000000000000000e+00
8.606577421340310119e-01	-5.699494272370113634e-01	0.000000000000000000e+00
8.606577421340310119e-01	-5.699494272370113634e-01	0.000000000000000000e+00
8.292746437011485616e-01	-3.400381727955196776e-01	0.000000000000000000e+00
8.292746437011485616e-01	-3.400381727955196776e-01	0.000000000000000000e+00
8.325824882564824003e-01	-3.849370487843559729e-01	0.000000000000000000e+00
8.325824882564824003e-01	-3.849370487843559729e-01	0.000000000000000000e+00
8.325824882564824003e-01	-3.849370487843559729e-01	0.000000000000000000e+00
8.325824882564824003e-01	-3.849370487843559729e-01	0.000000000000000000e+00
8.397101077907572764e-01	-4.583561492067444454e-01	0.000000000000000000e+00
8.397101077907572764e-01	-4.583561492067444454e-01	0.000000000000000000e+00
8.397101077907572764e-01	-4.583561492067444454e-01	0.000000000000000000e+00
8.401073253248607653e-01	-4.912432913648406840e-01	0.000000000000000000e+00
8.401073253248607653e-01	-4.912432913648406840e-01	0.000000000000000000e+00
8.401073253248607653e-01	-4.912432913648406840e-01	0.000000000000000000e+00
8.401073253248607653e-01	-4.912432913648406840e-01	0.000000000000000000e+00
8.401073253248607653e-01	-4.912432913648406840e-01	0.000000000000000000e+00
8.401073253248607653e-01	-4.912432913648406840e-01	0.000000000000000000e+00
8.406916366580023947e-01	-5.061377655324424962e-01	0.000000000000000000e+00
8.406916366580023947e-01	-5.061377655324424962e-01	0.000000000000000000e+00
8.458825463130970057e-01	-5.360232578396848524e-01	0.000000000000000000e+00
8.458825463130970057e-01	-5.360232578396848524e-01	0.000000000000000000e+00
8.458825463130970057e-01	-5.360232578396848524e-01	0.000000000000000000e+00
8.458825463130970057e-01	-5.360232578396848524e-01	0.000000000000000000e+00
8.458825463130970057e-01	-5.360232578396848524e-01	0.000000000000000000e+00
8.458825463130970057e-01	-5.360232578396848524e-01	0.000000000000000000e+00
8.458825463130970057e-01	-5.360232578396848524e-01	0.000000000000000000e+00
