0.000000000000000000e+00	1.425392790592794334e+00	0.000000000000000000e+00
1.559182192444616769e-02	9.559820810496492127e-01	0.000000000000000000e+00
1.559182192444616769e-02	9.559820810496492127e-01	0.000000000000000000e+00
4.228797316155972347e-02	8.961473150939428534e-01	0.000000000000000000e+00
5.225495472855479911e-02	8.779282137514710094e-01	0.000000000000000000e+00
7.400927339874219246e-02	7.739845510164006237e-01	0.000000000000000000e+00
8.282914886179890135e-02	7.697792499458024906e-01	0.000000000000000000e+00
8.282914886179890135e-02	7.697792499458024906e-01	0.000000000000000000e+00
8.282914886179890135e-02	7.697792499458024906e-01	0.000000000000000000e+00
8.282914886179890135e-02	7.697792499458024906e-01	0.000000000000000000e+00
8.764468715249305875e-02	7.724994775639921762e-01	0.000000000000000000e+00
8.764468715249305875e-02	7.724994775639921762e-01	0.000000000000000000e+00
1.858172073044574435e-01	7.692801686062993305e-01	0.000000000000000000e+00
2.010030537292331609e-01	6.624821108821593585e-01	0.000000000000000000e+00
2.126564388035277475e-01	5.790694837025786024e-01	0.000000000000000000e+00
2.217188950053175511e-01	5.023229100701019911e-01	0.000000000000000000e+00
2.312184293247029065e-01	4.859408574833362637e-01	0.000000000000000000e+00
2.312184293247029065e-01	4.859408574833362637e-01	0.000000000000000000e+00
2.408316225474559369e-01	4.315312020058487685e-01	0.000000000000000000e+00
2.535664536537365343e-01	4.161518028543000902e-01	0.000000000000000000e+00
2.535664536537365343e-01	4.161518028543000902e-01	0.000000000000000000e+00
2.535664536537365343e-01	4.161518028543000902e-01	0.000000000000000000e+00
2.535664536537365343e-01	4.161518028543000902e-01	0.000000000000000000e+00
2.541920769208619868e-01	4.186385143852205948e-01	0.000000000000000000e+00
2.541920769208619868e-01	4.186385143852205948e-01	0.000000000000000000e+00
2.544276146164196062e-01	4.310453699462516441e-01	0.000000000000000000e+00
2.544276146164196062e-01	4.310453699462516441e-01	0.000000000000000000e+00
2.544276146164196062e-01	4.310453699462516441e-01	0.000000000000000000e+00
4.234425009842880949e-01	2.917262648819595738e-01	0.000000000000000000e+00
4.234425009842880949e-01	2.917262648819595738e-01	0.000000000000000000e+00
4.234425009842880949e-01	2.917262648819595738e-01	0.000000000000000000e+00
4.282916626201163646e-01	2.170992678909171025e-01	0.000000000000000000e+00
4.282916626201163646e-01	2.170992678909171025e-01	0.000000000000000000e+00
4.373961816320174889e-01	1.138952966815898055e-01	0.000000000000000000e+00
4.373961816320174889e-01	1.138952966815898055e-01	0.000000000000000000e+00
4.373961816320174889e-01	1.138952966815898055e-01	0.000000000000000000e+00
4.407703341774236727e-01	8.757291347579745922e-02	0.000000000000000000e+00
4.416332905763740158e-01	8.621797661964590576e-02	0.000000000000000000e+00
4.529470458400408628e-01	5.715528079423865676e-02	0.000000000000000000e+00
4.589322853933521240e-01	4.283382736868355384e-02	0.000000000000000000e+00
4.589322853933521240e-01	4.283382736868355384e-02	0.000000000000000000e+00
4.589322853933521240e-01	4.283382736868355384e-02	0.000000000000000000e+00
4.589322853933521240e-01	4.283382736868355384e-02	0.000000000000000000e+00
4.586093847077227226e-01	4.890061558717122281e-02	0.000000000000000000e+00
4.586093847077227226e-01	4.890061558717122281e-02	0.000000000000000000e+00
4.586093847077227226e-01	4.890061558717122281e-02	0.000000000000000000e+00
4.586093847077227226e-01	4.890061558717122281e-02	0.000000000000000000e+00
6.275969442017960143e-01	-1.025358298661810247e-01	0.000000000000000000e+00
6.275969442017960143e-01	-1.025358298661810247e-01	0.000000000000000000e+00
6.275969442017960143e-01	-1.025358298661810247e-01	0.000000000000000000e+00
6.275969442017960143e-01	-1.025358298661810247e-01	0.000000000000000000e+00
6.275969442017960143e-01	-1.025358298661810247e-01	0.000000000000000000e+00
6.275969442017960143e-01	-1.113339292834780170e-01	0.000000000000000000e+00
6.308424946697399616e-01	-1.510216475656743218e-01	0.000000000000000000e+00
6.308424946697399616e-01	-1.510216475656743218e-01	0.000000000000000000e+00
6.409811830391498599e-01	-2.706935489873411593e-01	0.000000000000000000e+00
6.409811830391498599e-01	-2.706935489873411593e-01	0.000000000000000000e+00
6.409811830391498599e-01	-2.706935489873411593e-01	0.000000000000000000e+00
6.409811830391498599e-01	-2.706935489873411593e-01	0.000000000000000000e+00
6.409811830391498599e-01	-2.706935489873411593e-01	0.000000000000000000e+00
6.409811830391498599e-01	-2.586814261815253424e-01	0.000000000000000000e+00
6.434211725521623571e-01	-2.719203688223572613e-01	0.000000000000000000e+00
6.456767546257462520e-01	-2.812964881586054178e-01	0.000000000000000000e+00
6.456767546257462520e-01	-2.812964881586054178e-01	0.000000000000000000e+00
6.456767546257462520e-01	-2.812964881586054178e-01	0.000000000000000000e+00
6.456767546257462520e-01	-2.812964881586054178e-01	0.000000000000000000e+00
6.456767546257462520e-01	-2.812964881586054178e-01	0.000000000000000000e+00
8.292363515520437822e-01	-4.213043647459231988e-01	0.000000000000000000e+00
8.292363515520437822e-01	-4.213043647459231988e-01	0.000000000000000000e+00
8.292363515520437822e-01	-4.213043647459231988e-01	0.000000000000000000e+00
8.292363515520437822e-01	-4.213043647459231988e-01	0.000000000000000000e+00
8.292363515520437822e-01	-3.964884180782746737e-01	0.000000000000000000e+00
8.292363515520437822e-01	-3.964884180782746737e-01	0.000000000000000000e+00
8.292363515520437822e-01	-3.964884180782746737e-01	0.000000000000000000e+00
8.292363515520437822e-01	-3.964884180782746737e-01	0.000000000000000000e+00
8.292363515520437822e-01	-4.229691481417102716e-01	0.000000000000000000e+00
8.292363515520437822e-01	-4.229691481417102716e-01	0.000000000000000000e+00
8.300701209099640154e-01	-4.474776346130509563e-01	0.000000000000000000e+00
8.300701209099640154e-01	-4.474776346130509563e-01	0.000000000000000000e+00
8.335308757668959956e-01	-4.793567084520163890e-01	0.000000000000000000e+00
8.335308757668959956e-01	-4.793567084520163890e-01	0.000000000000000000e+00
8.372098595523621567e-01	-4.941742007341046738e-01	0.000000000000000000e+00
8.372098595523621567e-01	-5.204896459405321529e-01	0.000000000000000000e+00
8.372098595523621567e-01	-5.204896459405321529e-01	0.000000000000000000e+00
8.372098595523621567e-01	-5.204896459405321529e-01	0.000000000000000000e+00
8.416935106867901029e-01	-5.468263192967485198e-01	0.000000000000000000e+00
8.416935106867901029e-01	-5.468263192967485198e-01	0.000000000000000000e+00
8.435017166818932211e-01	-5.590602713506527266e-01	0.000000000000000000e+00
8.476526129441636082e-01	-5.666438388061507681e-01	0.000000000000000000e+00
8.476526129441636082e-01	-5.805130447130988358e-01	0.000000000000000000e+00
8.476526129441636082e-01	-5.805130447130988358e-01	0.000000000000000000e+00
8.476526129441636082e-01	-5.735979566718375500e-01	0.000000000000000000e+00
8.476526129441636082e-01	-5.735979566718375500e-01	0.000000000000000000e+00
8.476526129441636082e-01	-5.735979566718375500e-01	0.000000000000000000e+00
8.476526129441636082e-01	-5.665140145409849337e-01	0.000000000000000000e+00
8.476526129441636082e-01	-5.665140145409849337e-01	0.000000000000000000e+00
8.476526129441636082e-01	-5.665140145409849337e-01	0.000000000000000000e+00
8.476526129441636082e-01	-5.665140145409849337e-01	0.000000000000000000e+00
8.458825463130970057e-01	-5.542730121388022013e-01	0.000000000000000000e+00
8.458825463130970057e-01	-5.542730121388022013e-01	0.000000000000000000e+00
