0.000000000000000000e+00	1.113841149929899244e+00	0.000000000000000000e+00
1.559182192444616769e-02	9.553873499113461065e-01	0.000000000000000000e+00
3.180843889440861105e-02	8.828450237973665127e-01	0.000000000000000000e+00
3.897003598292440862e-02	8.639407641690479700e-01	0.000000000000000000e+00
6.099786651896739464e-02	7.998821481435859360e-01	0.000000000000000000e+00
7.400927339874219246e-02	7.690435193646093515e-01	0.000000000000000000e+00
8.686554469551241442e-02	7.340052991921822700e-01	0.000000000000000000e+00
8.686554469551241442e-02	7.340052991921822700e-01	0.000000000000000000e+00
8.686554469551241442e-02	7.340052991921822700e-01	0.000000000000000000e+00
8.686554469551241442e-02	7.340052991921822700e-01	0.000000000000000000e+00
8.686554469551241442e-02	7.340052991921822700e-01	0.000000000000000000e+00
8.686554469551241442e-02	7.340052991921822700e-01	0.000000000000000000e+00
1.947055949530976937e-01	7.292664318088912800e-01	0.000000000000000000e+00
2.010030537292331609e-01	6.440871985892439033e-01	0.000000000000000000e+00
2.126564388035277475e-01	5.783309695598475297e-01	0.000000000000000000e+00
2.217188950053175511e-01	5.631296216026772106e-01	0.000000000000000000e+00
2.262128109564867096e-01	4.970413986709574239e-01	0.000000000000000000e+00
2.310574434447373038e-01	4.381146347533671492e-01	0.000000000000000000e+00
2.381206244535035710e-01	4.063706919567882658e-01	0.000000000000000000e+00
2.491477029932522569e-01	3.384891318937977567e-01	0.000000000000000000e+00
2.511548750474388858e-01	3.234961743568836590e-01	0.000000000000000000e+00
2.540854206163802864e-01	3.190422065957987385e-01	0.000000000000000000e+00
2.540854206163802864e-01	3.190422065957987385e-01	0.000000000000000000e+00
2.540854206163802864e-01	3.190422065957987385e-01	0.000000000000000000e+00
2.540854206163802864e-01	3.190422065957987385e-01	0.000000000000000000e+00
2.540854206163802864e-01	3.190422065957987385e-01	0.000000000000000000e+00
2.511548750474388858e-01	3.234961743568836590e-01	0.000000000000000000e+00
2.511548750474388858e-01	3.234961743568836590e-01	0.000000000000000000e+00
2.511548750474388858e-01	3.234961743568836590e-01	0.000000000000000000e+00
2.511548750474388858e-01	3.234961743568836590e-01	0.000000000000000000e+00
4.198661552946615361e-01	2.902679218351504886e-01	0.000000000000000000e+00
4.232923485235730587e-01	2.176136597743004442e-01	0.000000000000000000e+00
4.232923485235730587e-01	2.176136597743004442e-01	0.000000000000000000e+00
4.298219192333678773e-01	1.573136246525632664e-01	0.000000000000000000e+00
4.298219192333678773e-01	1.415463653350397255e-01	0.000000000000000000e+00
4.323738801074190619e-01	1.036904204411355918e-01	0.000000000000000000e+00
4.364429755495127239e-01	9.369302792198296037e-02	0.000000000000000000e+00
4.423500119882854409e-01	5.021645141339003277e-02	0.000000000000000000e+00
4.424317406047950652e-01	2.876995721698861683e-02	0.000000000000000000e+00
4.453141207151373737e-01	7.251108452266789590e-04	0.000000000000000000e+00
4.480356292501125326e-01	-1.491743344905361798e-02	0.000000000000000000e+00
4.529470458400408628e-01	-2.262493951986150470e-02	0.000000000000000000e+00
4.529470458400408628e-01	-2.262493951986150470e-02	0.000000000000000000e+00
4.529470458400408628e-01	-2.262493951986150470e-02	0.000000000000000000e+00
4.529470458400408628e-01	-2.262493951986150470e-02	0.000000000000000000e+00
4.529470458400408628e-01	-2.262493951986150470e-02	0.000000000000000000e+00
4.529470458400408628e-01	-2.262493951986150470e-02	0.000000000000000000e+00
4.529470458400408628e-01	-2.262493951986150470e-02	0.000000000000000000e+00
4.529470458400408628e-01	-2.262493951986150470e-02	0.000000000000000000e+00
6.199658675289204668e-01	-4.482768159545347936e-02	0.000000000000000000e+00
6.214047085158271866e-01	-8.732544308279238665e-02	0.000000000000000000e+00
6.214047085158271866e-01	-9.042673409218918157e-02	0.000000000000000000e+00
6.254710167033739054e-01	-1.660137512614370814e-01	0.000000000000000000e+00
6.254710167033739054e-01	-1.660137512614370814e-01	0.000000000000000000e+00
6.254710167033739054e-01	-1.660137512614370814e-01	0.000000000000000000e+00
6.287603788964771789e-01	-2.027773361855438328e-01	0.000000000000000000e+00
6.287603788964771789e-01	-2.027773361855438328e-01	0.000000000000000000e+00
6.337988284718198972e-01	-2.176376888562474576e-01	0.000000000000000000e+00
6.364340647190638300e-01	-2.317837892704407154e-01	0.000000000000000000e+00
6.364340647190638300e-01	-2.712751379143749642e-01	0.000000000000000000e+00
6.409811830391498599e-01	-2.587088654535423804e-01	0.000000000000000000e+00
6.440973597572958731e-01	-2.915980437103296574e-01	0.000000000000000000e+00
6.440973597572958731e-01	-2.915980437103296574e-01	0.000000000000000000e+00
6.446805798655461661e-01	-3.076517724161511591e-01	0.000000000000000000e+00
6.481336040754104300e-01	-3.500117257117076885e-01	0.000000000000000000e+00
6.481336040754104300e-01	-3.500117257117076885e-01	0.000000000000000000e+00
6.481336040754104300e-01	-3.512406400636545190e-01	0.000000000000000000e+00
6.481336040754104300e-01	-3.512406400636545190e-01	0.000000000000000000e+00
6.481336040754104300e-01	-3.512406400636545190e-01	0.000000000000000000e+00
6.481336040754104300e-01	-3.512406400636545190e-01	0.000000000000000000e+00
6.481336040754104300e-01	-3.512406400636545190e-01	0.000000000000000000e+00
8.257508550282692816e-01	-4.038292673065658200e-01	0.000000000000000000e+00
8.257508550282692816e-01	-4.038292673065658200e-01	0.000000000000000000e+00
8.257508550282692816e-01	-4.038292673065658200e-01	0.000000000000000000e+00
8.257508550282692816e-01	-4.038292673065658200e-01	0.000000000000000000e+00
8.283503240467610107e-01	-4.561020831374636986e-01	0.000000000000000000e+00
8.283503240467610107e-01	-4.561020831374636986e-01	0.000000000000000000e+00
8.283503240467610107e-01	-4.561020831374636986e-01	0.000000000000000000e+00
8.283503240467610107e-01	-4.561020831374636986e-01	0.000000000000000000e+00
8.311558147039539435e-01	-4.741450464310620894e-01	0.000000000000000000e+00
8.311558147039539435e-01	-4.892537652450174579e-01	0.000000000000000000e+00
8.337828745089927995e-01	-5.536250661099011428e-01	0.000000000000000000e+00
8.334817844336337433e-01	-5.199529032095199232e-01	0.000000000000000000e+00
8.330157750437927611e-01	-5.259675366930076645e-01	0.000000000000000000e+00
8.331725323651912873e-01	-5.409797489492288447e-01	0.000000000000000000e+00
8.331725323651912873e-01	-5.409797489492288447e-01	0.000000000000000000e+00
8.337828745089927995e-01	-5.536250661099011428e-01	0.000000000000000000e+00
8.344138032133158189e-01	-5.911382546025263363e-01	0.000000000000000000e+00
8.344138032133158189e-01	-5.911382546025263363e-01	0.000000000000000000e+00
8.344138032133158189e-01	-5.911382546025263363e-01	0.000000000000000000e+00
8.470615226186231084e-01	-6.770326252130558498e-01	0.000000000000000000e+00
8.360903689513394799e-01	-6.105015422431947503e-01	0.000000000000000000e+00
8.470615226186231084e-01	-6.770326252130558498e-01	0.000000000000000000e+00
8.470615226186231084e-01	-6.770326252130558498e-01	0.000000000000000000e+00
8.407732683367700188e-01	-6.394220913625694447e-01	0.000000000000000000e+00
8.470615226186231084e-01	-6.770326252130558498e-01	0.000000000000000000e+00
8.470615226186231084e-01	-6.752967091806898470e-01	0.000000000000000000e+00
8.484593917679790209e-01	-6.704313504966469273e-01	0.000000000000000000e+00
8.470615226186231084e-01	-6.752967091806898470e-01	0.000000000000000000e+00
8.484593917679790209e-01	-6.774990216565425216e-01	0.000000000000000000e+00
