0.000000000000000000e+00	3.093657562840779196e+00	0.000000000000000000e+00
1.804768436998422515e-02	2.310449992588896162e+00	0.000000000000000000e+00
3.644226307416128380e-02	2.246785223429875078e+00	0.000000000000000000e+00
5.206574286569766452e-02	2.217277489079151120e+00	0.000000000000000000e+00
6.804567066864562752e-02	1.890643537354148807e+00	0.000000000000000000e+00
8.087935547231789313e-02	1.710784214327490504e+00	0.000000000000000000e+00
8.087935547231789313e-02	1.710784214327490504e+00	0.000000000000000000e+00
8.087935547231789313e-02	1.710784214327490504e+00	0.000000000000000000e+00
8.087935547231789313e-02	1.710784214327490504e+00	0.000000000000000000e+00
8.087935547231789313e-02	1.710784214327490504e+00	0.000000000000000000e+00
1.518684375641953521e-01	1.625481673582325426e+00	0.000000000000000000e+00
1.518684375641953521e-01	1.625481673582325426e+00	0.000000000000000000e+00
1.777526241336845336e-01	1.607480591258652947e+00	0.000000000000000000e+00
1.777526241336845336e-01	1.582172090527562469e+00	0.000000000000000000e+00
1.777526241336845336e-01	1.582172090527562469e+00	0.000000000000000000e+00
2.143651787201186765e-01	1.389478132808375843e+00	0.000000000000000000e+00
1.993703420579468755e-01	1.436741126524324619e+00	0.000000000000000000e+00
2.303976734861630793e-01	1.231466684894413355e+00	0.000000000000000000e+00
2.303976734861630793e-01	1.231466684894413355e+00	0.000000000000000000e+00
2.303976734861630793e-01	1.231466684894413355e+00	0.000000000000000000e+00
2.303976734861630793e-01	1.231341157691070887e+00	0.000000000000000000e+00
2.303976734861630793e-01	1.231341157691070887e+00	0.000000000000000000e+00
2.408518703426913987e-01	1.196011067118923465e+00	0.000000000000000000e+00
2.303976734861630793e-01	1.196643116458344647e+00	0.000000000000000000e+00
2.303976734861630793e-01	1.196643116458344647e+00	0.000000000000000000e+00
2.303976734861630793e-01	1.196643116458344647e+00	0.000000000000000000e+00
2.303976734861630793e-01	1.196643116458344647e+00	0.000000000000000000e+00
2.303976734861630793e-01	1.196643116458344647e+00	0.000000000000000000e+00
2.303976734861630793e-01	1.196643116458344647e+00	0.000000000000000000e+00
2.303976734861630793e-01	1.196643116458344647e+00	0.000000000000000000e+00
2.303976734861630793e-01	1.196643116458344647e+00	0.000000000000000000e+00
2.303976734861630793e-01	1.201382591690448587e+00	0.000000000000000000e+00
4.363271223214248984e-01	9.326446176713770742e-01	0.000000000000000000e+00
4.363271223214248984e-01	9.326446176713770742e-01	0.000000000000000000e+00
4.363271223214248984e-01	9.326446176713770742e-01	0.000000000000000000e+00
4.363271223214248984e-01	9.326446176713770742e-01	0.000000000000000000e+00
4.363271223214248984e-01	9.326446176713770742e-01	0.000000000000000000e+00
4.363271223214248984e-01	9.326446176713770742e-01	0.000000000000000000e+00
4.363271223214248984e-01	9.326446176713770742e-01	0.000000000000000000e+00
4.363271223214248984e-01	9.326446176713770742e-01	0.000000000000000000e+00
4.586223378660395644e-01	8.655665233138475356e-01	0.000000000000000000e+00
4.586223378660395644e-01	8.655665233138475356e-01	0.000000000000000000e+00
4.586223378660395644e-01	8.655665233138475356e-01	0.000000000000000000e+00
4.604201229173449095e-01	8.582276036960921894e-01	0.000000000000000000e+00
4.622179079686503100e-01	8.494259534181984872e-01	0.000000000000000000e+00
4.622179079686503100e-01	8.494259534181984872e-01	0.000000000000000000e+00
4.622179079686503100e-01	8.494259534181984872e-01	0.000000000000000000e+00
4.622179079686503100e-01	8.357161650690552168e-01	0.000000000000000000e+00
4.622179079686503100e-01	8.357161650690552168e-01	0.000000000000000000e+00
4.622179079686503100e-01	7.972808839629453859e-01	0.000000000000000000e+00
4.622179079686503100e-01	7.972808839629453859e-01	0.000000000000000000e+00
4.622179079686503100e-01	7.972808839629453859e-01	0.000000000000000000e+00
4.622179079686503100e-01	7.972808839629453859e-01	0.000000000000000000e+00
4.622179079686503100e-01	7.972808839629453859e-01	0.000000000000000000e+00
6.381174914629613726e-01	5.366948925835494100e-01	0.000000000000000000e+00
6.381174914629613726e-01	5.366948925835494100e-01	0.000000000000000000e+00
6.381174914629613726e-01	5.366948925835494100e-01	0.000000000000000000e+00
6.331658875051272561e-01	5.880661311469436159e-01	0.000000000000000000e+00
6.331658875051272561e-01	5.880661311469436159e-01	0.000000000000000000e+00
6.331658875051272561e-01	5.880661311469436159e-01	0.000000000000000000e+00
6.331658875051272561e-01	5.880661311469436159e-01	0.000000000000000000e+00
6.331658875051272561e-01	5.880661311469436159e-01	0.000000000000000000e+00
6.331658875051272561e-01	5.880661311469436159e-01	0.000000000000000000e+00
6.331658875051272561e-01	5.880661311469436159e-01	0.000000000000000000e+00
6.331658875051272561e-01	5.880661311469436159e-01	0.000000000000000000e+00
6.361547216261924653e-01	5.915701416935053025e-01	0.000000000000000000e+00
6.361547216261924653e-01	5.915701416935053025e-01	0.000000000000000000e+00
6.361547216261924653e-01	5.915701416935053025e-01	0.000000000000000000e+00
6.361547216261924653e-01	5.915701416935053025e-01	0.000000000000000000e+00
6.361547216261924653e-01	5.915701416935053025e-01	0.000000000000000000e+00
6.461496699550786094e-01	5.708535456590781987e-01	0.000000000000000000e+00
6.461496699550786094e-01	5.708535456590781987e-01	0.000000000000000000e+00
6.461496699550786094e-01	5.708535456590781987e-01	0.000000000000000000e+00
8.353218545463979572e-01	4.708881169753168505e-01	0.000000000000000000e+00
8.353218545463979572e-01	4.708881169753168505e-01	0.000000000000000000e+00
8.353218545463979572e-01	4.708881169753168505e-01	0.000000000000000000e+00
8.353218545463979572e-01	4.708881169753168505e-01	0.000000000000000000e+00
8.353218545463979572e-01	4.708881169753168505e-01	0.000000000000000000e+00
8.353218545463979572e-01	3.903715608593745778e-01	0.000000000000000000e+00
8.353218545463979572e-01	3.903715608593745778e-01	0.000000000000000000e+00
8.353218545463979572e-01	3.903715608593745778e-01	0.000000000000000000e+00
8.353218545463979572e-01	3.903715608593745778e-01	0.000000000000000000e+00
8.353218545463979572e-01	3.903715608593745778e-01	0.000000000000000000e+00
8.353218545463979572e-01	3.903715608593745778e-01	0.000000000000000000e+00
8.353218545463979572e-01	3.903715608593745778e-01	0.000000000000000000e+00
8.353218545463979572e-01	3.903715608593745778e-01	0.000000000000000000e+00
8.522592397298246469e-01	4.685436223363124153e-01	0.000000000000000000e+00
8.552169340272218756e-01	5.327694070377594349e-01	0.000000000000000000e+00
8.552169340272218756e-01	5.327694070377594349e-01	0.000000000000000000e+00
8.552169340272218756e-01	5.327694070377594349e-01	0.000000000000000000e+00
8.553822196804949929e-01	5.196121133723544672e-01	0.000000000000000000e+00
8.553822196804949929e-01	5.196121133723544672e-01	0.000000000000000000e+00
8.553822196804949929e-01	5.196121133723544672e-01	0.000000000000000000e+00
8.553822196804949929e-01	5.196121133723544672e-01	0.000000000000000000e+00
8.553822196804949929e-01	5.196121133723544672e-01	0.000000000000000000e+00
8.553822196804949929e-01	5.196121133723544672e-01	0.000000000000000000e+00
8.553822196804949929e-01	5.196121133723544672e-01	0.000000000000000000e+00
8.553822196804949929e-01	5.196121133723544672e-01	0.000000000000000000e+00
8.553822196804949929e-01	5.196121133723544672e-01	0.000000000000000000e+00
8.553822196804949929e-01	5.196121133723544672e-01	0.000000000000000000e+00
