0.000000000000000000e+00	2.377454584919083125e+00	0.000000000000000000e+00
0.000000000000000000e+00	2.115346975675576502e+00	0.000000000000000000e+00
3.525508178992204505e-02	1.757370235520143487e+00	0.000000000000000000e+00
3.644226307416128380e-02	1.715646351115080348e+00	0.000000000000000000e+00
5.866080927323959193e-02	1.594168118276835688e+00	0.000000000000000000e+00
5.866080927323959193e-02	1.594168118276835688e+00	0.000000000000000000e+00
8.087935547231789313e-02	1.572926522489367152e+00	0.000000000000000000e+00
9.511704501756038099e-02	1.552926939579641008e+00	0.000000000000000000e+00
8.087935547231789313e-02	1.567438092481701961e+00	0.000000000000000000e+00
8.087935547231789313e-02	1.567438092481701961e+00	0.000000000000000000e+00
8.087935547231789313e-02	1.567438092481701961e+00	0.000000000000000000e+00
8.087935547231789313e-02	1.567438092481701961e+00	0.000000000000000000e+00
1.777526241336845336e-01	1.536578453673245637e+00	0.000000000000000000e+00
1.945377359906526049e-01	1.509743782272742862e+00	0.000000000000000000e+00
2.063489313370964751e-01	1.403982301209886874e+00	0.000000000000000000e+00
2.108313209484248274e-01	1.400200051451178096e+00	0.000000000000000000e+00
2.166337190609915753e-01	1.320412075433479604e+00	0.000000000000000000e+00
2.272597258057593161e-01	1.273182568205277754e+00	0.000000000000000000e+00
2.272597258057593161e-01	1.273182568205277754e+00	0.000000000000000000e+00
2.408518703426913987e-01	1.200805549446003706e+00	0.000000000000000000e+00
2.335332204109606680e-01	1.195489797480835170e+00	0.000000000000000000e+00
2.408518703426913987e-01	1.126012335424449562e+00	0.000000000000000000e+00
2.408518703426913987e-01	1.116510140129670647e+00	0.000000000000000000e+00
2.408518703426913987e-01	1.114647866404675280e+00	0.000000000000000000e+00
2.408518703426913987e-01	1.114647866404675280e+00	0.000000000000000000e+00
2.408518703426913987e-01	1.114647866404675280e+00	0.000000000000000000e+00
2.408518703426913987e-01	1.113615834963093354e+00	0.000000000000000000e+00
2.408518703426913987e-01	1.113615834963093354e+00	0.000000000000000000e+00
2.408518703426913987e-01	1.113615834963093354e+00	0.000000000000000000e+00
2.408518703426913987e-01	1.113615834963093354e+00	0.000000000000000000e+00
2.408518703426913987e-01	1.113615834963093354e+00	0.000000000000000000e+00
2.408518703426913987e-01	1.113615834963093354e+00	0.000000000000000000e+00
2.408518703426913987e-01	1.113615834963093354e+00	0.000000000000000000e+00
4.363271223214248984e-01	9.047280990374635401e-01	0.000000000000000000e+00
4.363271223214248984e-01	9.047280990374635401e-01	0.000000000000000000e+00
4.363271223214248984e-01	9.047280990374635401e-01	0.000000000000000000e+00
4.363271223214248984e-01	9.047280990374635401e-01	0.000000000000000000e+00
4.363271223214248984e-01	9.047280990374635401e-01	0.000000000000000000e+00
4.363271223214248984e-01	9.047280990374635401e-01	0.000000000000000000e+00
4.363271223214248984e-01	8.665638611570651850e-01	0.000000000000000000e+00
4.417510862488027712e-01	7.140513760399500587e-01	0.000000000000000000e+00
4.417510862488027712e-01	7.140513760399500587e-01	0.000000000000000000e+00
4.417510862488027712e-01	7.140513760399500587e-01	0.000000000000000000e+00
4.417510862488027712e-01	7.140513760399500587e-01	0.000000000000000000e+00
4.417510862488027712e-01	7.140513760399500587e-01	0.000000000000000000e+00
4.417510862488027712e-01	7.140513760399500587e-01	0.000000000000000000e+00
4.417510862488027712e-01	7.140513760399500587e-01	0.000000000000000000e+00
4.417510862488027712e-01	7.114017191343632307e-01	0.000000000000000000e+00
4.417510862488027712e-01	7.114017191343632307e-01	0.000000000000000000e+00
4.417510862488027712e-01	7.114017191343632307e-01	0.000000000000000000e+00
4.417510862488027712e-01	7.114017191343632307e-01	0.000000000000000000e+00
4.417510862488027712e-01	7.114017191343632307e-01	0.000000000000000000e+00
4.417510862488027712e-01	7.114017191343632307e-01	0.000000000000000000e+00
4.417510862488027712e-01	7.114017191343632307e-01	0.000000000000000000e+00
4.417510862488027712e-01	7.114017191343632307e-01	0.000000000000000000e+00
4.417510862488027712e-01	7.170316394138093186e-01	0.000000000000000000e+00
6.319279865156687270e-01	6.227906222773651468e-01	0.000000000000000000e+00
6.319279865156687270e-01	5.956190946123902652e-01	0.000000000000000000e+00
6.319279865156687270e-01	5.956190946123902652e-01	0.000000000000000000e+00
6.319279865156687270e-01	5.956190946123902652e-01	0.000000000000000000e+00
6.319279865156687270e-01	5.956190946123902652e-01	0.000000000000000000e+00
6.319279865156687270e-01	5.956190946123902652e-01	0.000000000000000000e+00
6.327922832399941466e-01	5.329499550383312023e-01	0.000000000000000000e+00
6.327922832399941466e-01	5.329499550383312023e-01	0.000000000000000000e+00
6.324186789748609261e-01	5.443988964711572454e-01	0.000000000000000000e+00
6.324186789748609261e-01	5.443988964711572454e-01	0.000000000000000000e+00
6.331658875051272561e-01	4.931129311183394814e-01	0.000000000000000000e+00
6.331658875051272561e-01	4.931129311183394814e-01	0.000000000000000000e+00
6.331658875051272561e-01	4.931129311183394814e-01	0.000000000000000000e+00
6.351870096717823211e-01	4.603000140262055173e-01	0.000000000000000000e+00
6.351870096717823211e-01	4.603000140262055173e-01	0.000000000000000000e+00
6.351870096717823211e-01	4.603000140262055173e-01	0.000000000000000000e+00
6.461496699550786094e-01	4.103300107791246765e-01	0.000000000000000000e+00
6.461496699550786094e-01	4.103300107791246765e-01	0.000000000000000000e+00
6.461496699550786094e-01	4.173056132286581676e-01	0.000000000000000000e+00
6.572894079800496447e-01	3.208976499078602385e-01	0.000000000000000000e+00
6.572894079800496447e-01	3.208976499078602385e-01	0.000000000000000000e+00
8.328557093215405160e-01	3.697284202146292054e-01	0.000000000000000000e+00
8.328557093215405160e-01	3.697284202146292054e-01	0.000000000000000000e+00
8.328557093215405160e-01	3.697284202146292054e-01	0.000000000000000000e+00
8.328557093215405160e-01	3.697284202146292054e-01	0.000000000000000000e+00
8.328557093215405160e-01	3.697284202146292054e-01	0.000000000000000000e+00
8.340887819339692921e-01	3.602656764651325783e-01	0.000000000000000000e+00
8.340887819339692921e-01	3.602656764651325783e-01	0.000000000000000000e+00
8.340887819339692921e-01	3.602656764651325783e-01	0.000000000000000000e+00
8.340887819339692921e-01	3.307788367023523080e-01	0.000000000000000000e+00
8.340887819339692921e-01	3.307788367023523080e-01	0.000000000000000000e+00
8.353218545463979572e-01	2.728938454566949834e-01	0.000000000000000000e+00
8.353218545463979572e-01	2.728938454566949834e-01	0.000000000000000000e+00
8.353218545463979572e-01	2.728938454566949834e-01	0.000000000000000000e+00
8.353218545463979572e-01	2.728938454566949834e-01	0.000000000000000000e+00
8.552169340272218756e-01	2.305936428786276582e-01	0.000000000000000000e+00
8.552169340272218756e-01	2.305936428786276582e-01	0.000000000000000000e+00
8.552169340272218756e-01	2.305936428786276582e-01	0.000000000000000000e+00
8.552169340272218756e-01	2.305936428786276582e-01	0.000000000000000000e+00
8.552169340272218756e-01	2.305936428786276582e-01	0.000000000000000000e+00
8.550799424227926160e-01	3.058788900727335003e-01	0.000000000000000000e+00
8.550799424227926160e-01	3.058788900727335003e-01	0.000000000000000000e+00
8.550799424227926160e-01	3.058788900727335003e-01	0.000000000000000000e+00
8.550799424227926160e-01	3.058788900727335003e-01	0.000000000000000000e+00
