0.000000000000000000e+00	1.878146352834909827e+00	0.000000000000000000e+00
7.567860526705161295e-03	1.662928411890125302e+00	0.000000000000000000e+00
2.592106169409441954e-02	1.559401922647781324e+00	0.000000000000000000e+00
4.147662361222657218e-02	1.481951692221200156e+00	0.000000000000000000e+00
5.703218553035872135e-02	1.441592273128128765e+00	0.000000000000000000e+00
5.703218553035872135e-02	1.441592273128128765e+00	0.000000000000000000e+00
7.744221087940557358e-02	1.371733875322320495e+00	0.000000000000000000e+00
7.744221087940557358e-02	1.371733875322320495e+00	0.000000000000000000e+00
1.125488942359137989e-01	1.361048050800803155e+00	0.000000000000000000e+00
1.125488942359137989e-01	1.361048050800803155e+00	0.000000000000000000e+00
1.435672406973419468e-01	1.312547860685264300e+00	0.000000000000000000e+00
1.435672406973419468e-01	1.312547860685264300e+00	0.000000000000000000e+00
1.435672406973419468e-01	1.312547860685264300e+00	0.000000000000000000e+00
1.891118136369721869e-01	1.217368279616269922e+00	0.000000000000000000e+00
1.891118136369721869e-01	1.217368279616269922e+00	0.000000000000000000e+00
2.036380401151742792e-01	1.188901142395607291e+00	0.000000000000000000e+00
2.149527512244027994e-01	1.009119087590416575e+00	0.000000000000000000e+00
2.149527512244027994e-01	1.009119087590416575e+00	0.000000000000000000e+00
2.149527512244027994e-01	1.009119087590416575e+00	0.000000000000000000e+00
2.290124532029885196e-01	8.919554434907329687e-01	0.000000000000000000e+00
2.287427947018415009e-01	8.761252072191092477e-01	0.000000000000000000e+00
2.287427947018415009e-01	8.761252072191092477e-01	0.000000000000000000e+00
2.442168628511270645e-01	8.045408287171831319e-01	0.000000000000000000e+00
2.442168628511270645e-01	8.045408287171831319e-01	0.000000000000000000e+00
2.442168628511270645e-01	8.045408287171831319e-01	0.000000000000000000e+00
2.442168628511270645e-01	8.045408287171831319e-01	0.000000000000000000e+00
2.572649066659173922e-01	8.019412837535258021e-01	0.000000000000000000e+00
2.572649066659173922e-01	8.019412837535258021e-01	0.000000000000000000e+00
2.572649066659173922e-01	8.019412837535258021e-01	0.000000000000000000e+00
2.572649066659173922e-01	8.019412837535258021e-01	0.000000000000000000e+00
2.572649066659173922e-01	8.019412837535258021e-01	0.000000000000000000e+00
2.572649066659173922e-01	8.019412837535258021e-01	0.000000000000000000e+00
2.572649066659173922e-01	8.019412837535258021e-01	0.000000000000000000e+00
2.572649066659173922e-01	8.019412837535258021e-01	0.000000000000000000e+00
2.572649066659173922e-01	8.159394806200910288e-01	0.000000000000000000e+00
4.433386420161771202e-01	6.200314846806572744e-01	0.000000000000000000e+00
4.333205667887544132e-01	6.471344990885997683e-01	0.000000000000000000e+00
4.333205667887544132e-01	6.471344990885997683e-01	0.000000000000000000e+00
4.333205667887544132e-01	6.471344990885997683e-01	0.000000000000000000e+00
4.333205667887544132e-01	6.471344990885997683e-01	0.000000000000000000e+00
4.333205667887544132e-01	6.471344990885997683e-01	0.000000000000000000e+00
4.422151104131780697e-01	5.746500171542229252e-01	0.000000000000000000e+00
4.403056509257817219e-01	5.882666525775155364e-01	0.000000000000000000e+00
4.397905919065582259e-01	5.076201991230522292e-01	0.000000000000000000e+00
4.400245185793987268e-01	4.394577022917726672e-01	0.000000000000000000e+00
4.400245185793987268e-01	4.394577022917726672e-01	0.000000000000000000e+00
4.400245185793987268e-01	4.394577022917726672e-01	0.000000000000000000e+00
4.400245185793987268e-01	4.394577022917726672e-01	0.000000000000000000e+00
4.400245185793987268e-01	4.394577022917726672e-01	0.000000000000000000e+00
4.400245185793987268e-01	4.394577022917726672e-01	0.000000000000000000e+00
4.400245185793987268e-01	4.394577022917726672e-01	0.000000000000000000e+00
4.407518101011980161e-01	4.372020587283451110e-01	0.000000000000000000e+00
4.567201072230988035e-01	3.500832027366305721e-01	0.000000000000000000e+00
4.567201072230988035e-01	3.500832027366305721e-01	0.000000000000000000e+00
4.567201072230988035e-01	3.500832027366305721e-01	0.000000000000000000e+00
4.567201072230988035e-01	3.500832027366305721e-01	0.000000000000000000e+00
4.567201072230988035e-01	3.500832027366305721e-01	0.000000000000000000e+00
4.567201072230988035e-01	3.500832027366305721e-01	0.000000000000000000e+00
4.567201072230988035e-01	3.500832027366305721e-01	0.000000000000000000e+00
4.567201072230988035e-01	3.500832027366305721e-01	0.000000000000000000e+00
4.567201072230988035e-01	3.921107237167003046e-01	0.000000000000000000e+00
4.567201072230988035e-01	3.921107237167003046e-01	0.000000000000000000e+00
6.461496699550786094e-01	2.780050205252079798e-01	0.000000000000000000e+00
6.461496699550786094e-01	2.780050205252079798e-01	0.000000000000000000e+00
6.461496699550786094e-01	2.780050205252079798e-01	0.000000000000000000e+00
6.461496699550786094e-01	2.780050205252079798e-01	0.000000000000000000e+00
6.461496699550786094e-01	2.780050205252079798e-01	0.000000000000000000e+00
6.461496699550786094e-01	1.341997797120579594e-01	0.000000000000000000e+00
6.461496699550786094e-01	1.341997797120579594e-01	0.000000000000000000e+00
6.461496699550786094e-01	1.341997797120579594e-01	0.000000000000000000e+00
6.461496699550786094e-01	1.341997797120579594e-01	0.000000000000000000e+00
6.461496699550786094e-01	1.341997797120579594e-01	0.000000000000000000e+00
6.461496699550786094e-01	1.341997797120579594e-01	0.000000000000000000e+00
6.461496699550786094e-01	1.341997797120579594e-01	0.000000000000000000e+00
6.461496699550786094e-01	1.341997797120579594e-01	0.000000000000000000e+00
6.461496699550786094e-01	1.285237143867257459e-01	0.000000000000000000e+00
6.461496699550786094e-01	1.285237143867257459e-01	0.000000000000000000e+00
6.461496699550786094e-01	1.285237143867257459e-01	0.000000000000000000e+00
6.461496699550786094e-01	1.285237143867257459e-01	0.000000000000000000e+00
6.461496699550786094e-01	1.285237143867257459e-01	0.000000000000000000e+00
6.461496699550786094e-01	1.873944567401935324e-01	0.000000000000000000e+00
6.461496699550786094e-01	1.873944567401935324e-01	0.000000000000000000e+00
6.461496699550786094e-01	1.873944567401935324e-01	0.000000000000000000e+00
8.339984976853846987e-01	9.898308769968264254e-02	0.000000000000000000e+00
8.339984976853846987e-01	9.898308769968264254e-02	0.000000000000000000e+00
8.339984976853846987e-01	9.898308769968264254e-02	0.000000000000000000e+00
8.339984976853846987e-01	9.898308769968264254e-02	0.000000000000000000e+00
8.339984976853846987e-01	9.696637585745356003e-02	0.000000000000000000e+00
8.339984976853846987e-01	9.696637585745356003e-02	0.000000000000000000e+00
8.454794422359522832e-01	1.547092934441194256e-03	0.000000000000000000e+00
8.454794422359522832e-01	-1.893103529558908676e-02	0.000000000000000000e+00
8.454794422359522832e-01	-1.893103529558908676e-02	0.000000000000000000e+00
8.454794422359522832e-01	-1.893103529558908676e-02	0.000000000000000000e+00
8.454794422359522832e-01	-1.893103529558908676e-02	0.000000000000000000e+00
8.454794422359522832e-01	-1.893103529558908676e-02	0.000000000000000000e+00
8.454794422359522832e-01	-1.893103529558908676e-02	0.000000000000000000e+00
8.454794422359522832e-01	-1.893103529558908676e-02	0.000000000000000000e+00
8.454794422359522832e-01	-1.893103529558908676e-02	0.000000000000000000e+00
8.454794422359522832e-01	7.366353030341706021e-02	0.000000000000000000e+00
8.454794422359522832e-01	7.366353030341706021e-02	0.000000000000000000e+00
