0.000000000000000000e+00	1.646625156227197850e+00	0.000000000000000000e+00
1.540228568786739145e-02	1.474184080260658725e+00	0.000000000000000000e+00
2.871077795696248824e-02	1.279258475950141749e+00	0.000000000000000000e+00
2.871077795696248824e-02	1.279258475950141749e+00	0.000000000000000000e+00
6.393702955987856651e-02	1.049032879783165839e+00	0.000000000000000000e+00
7.128785585431929306e-02	1.030140720373306173e+00	0.000000000000000000e+00
8.344159286547912779e-02	9.742044066774242506e-01	0.000000000000000000e+00
8.344159286547912779e-02	9.742044066774242506e-01	0.000000000000000000e+00
8.344159286547912779e-02	9.742044066774242506e-01	0.000000000000000000e+00
8.344159286547912779e-02	9.742044066774242506e-01	0.000000000000000000e+00
8.344159286547912779e-02	9.950985191198883362e-01	0.000000000000000000e+00
8.344159286547912779e-02	9.950985191198883362e-01	0.000000000000000000e+00
8.344159286547912779e-02	9.950985191198883362e-01	0.000000000000000000e+00
2.096298758903486492e-01	9.124985233115366912e-01	0.000000000000000000e+00
2.042809893923372699e-01	8.809022013236134097e-01	0.000000000000000000e+00
2.232721632815957702e-01	8.420905543769361401e-01	0.000000000000000000e+00
2.232721632815957702e-01	6.960743485092995009e-01	0.000000000000000000e+00
2.232721632815957702e-01	6.960743485092995009e-01	0.000000000000000000e+00
2.419907217539037647e-01	5.548419655479361889e-01	0.000000000000000000e+00
2.419907217539037647e-01	5.548419655479361889e-01	0.000000000000000000e+00
2.419907217539037647e-01	5.548419655479361889e-01	0.000000000000000000e+00
2.504018363180913753e-01	5.329163065768180996e-01	0.000000000000000000e+00
2.504018363180913753e-01	5.329163065768180996e-01	0.000000000000000000e+00
2.504018363180913753e-01	5.329163065768180996e-01	0.000000000000000000e+00
2.504018363180913753e-01	5.329163065768180996e-01	0.000000000000000000e+00
2.504018363180913753e-01	5.329163065768180996e-01	0.000000000000000000e+00
2.504018363180913753e-01	5.329163065768180996e-01	0.000000000000000000e+00
2.504018363180913753e-01	5.431063167809456749e-01	0.000000000000000000e+00
2.504018363180913753e-01	5.431063167809456749e-01	0.000000000000000000e+00
2.504018363180913753e-01	5.431063167809456749e-01	0.000000000000000000e+00
2.504018363180913753e-01	5.431063167809456749e-01	0.000000000000000000e+00
4.294183144928610529e-01	3.239112294726659291e-01	0.000000000000000000e+00
4.291944327533052106e-01	3.917247384038508029e-01	0.000000000000000000e+00
4.291944327533052106e-01	3.917247384038508029e-01	0.000000000000000000e+00
4.291944327533052106e-01	3.917247384038508029e-01	0.000000000000000000e+00
4.291944327533052106e-01	3.633668299506054300e-01	0.000000000000000000e+00
4.294183144928610529e-01	3.239112294726659291e-01	0.000000000000000000e+00
4.394131483028441143e-01	2.739082513844270927e-01	0.000000000000000000e+00
4.394131483028441143e-01	2.739082513844270927e-01	0.000000000000000000e+00
4.394131483028441143e-01	2.739082513844270927e-01	0.000000000000000000e+00
4.421090592006051700e-01	2.118595033290945895e-01	0.000000000000000000e+00
4.421090592006051700e-01	2.118595033290945895e-01	0.000000000000000000e+00
4.421090592006051700e-01	1.960087500363228430e-01	0.000000000000000000e+00
4.426375686182437708e-01	1.802543849337178983e-01	0.000000000000000000e+00
4.443332011019313077e-01	1.542776995464761325e-01	0.000000000000000000e+00
4.567201072230988035e-01	1.453173686220945726e-01	0.000000000000000000e+00
4.567201072230988035e-01	1.102513122547616881e-01	0.000000000000000000e+00
4.567201072230988035e-01	1.101752475566563222e-01	0.000000000000000000e+00
4.567201072230988035e-01	1.101752475566563222e-01	0.000000000000000000e+00
4.567201072230988035e-01	1.101752475566563222e-01	0.000000000000000000e+00
4.567201072230988035e-01	1.101752475566563222e-01	0.000000000000000000e+00
4.567201072230988035e-01	1.101752475566563222e-01	0.000000000000000000e+00
4.567201072230988035e-01	1.101752475566563222e-01	0.000000000000000000e+00
4.567201072230988035e-01	1.101752475566563222e-01	0.000000000000000000e+00
4.567201072230988035e-01	1.101752475566563222e-01	0.000000000000000000e+00
4.567201072230988035e-01	1.113535590229253608e-01	0.000000000000000000e+00
6.461496699550786094e-01	-6.194624897807578939e-02	0.000000000000000000e+00
6.461496699550786094e-01	9.410749636035272564e-03	0.000000000000000000e+00
6.461496699550786094e-01	9.410749636035272564e-03	0.000000000000000000e+00
6.461496699550786094e-01	9.410749636035272564e-03	0.000000000000000000e+00
6.461496699550786094e-01	9.410749636035272564e-03	0.000000000000000000e+00
6.461496699550786094e-01	-8.953191405942025061e-02	0.000000000000000000e+00
6.461496699550786094e-01	-8.953191405942025061e-02	0.000000000000000000e+00
6.461496699550786094e-01	-8.953191405942025061e-02	0.000000000000000000e+00
6.461496699550786094e-01	-8.953191405942025061e-02	0.000000000000000000e+00
6.461496699550786094e-01	-8.953191405942025061e-02	0.000000000000000000e+00
6.461496699550786094e-01	-8.953191405942025061e-02	0.000000000000000000e+00
6.461496699550786094e-01	-8.953191405942025061e-02	0.000000000000000000e+00
6.461496699550786094e-01	-8.953191405942025061e-02	0.000000000000000000e+00
6.461496699550786094e-01	-8.953191405942025061e-02	0.000000000000000000e+00
6.461496699550786094e-01	-8.634491043885336725e-02	0.000000000000000000e+00
6.461496699550786094e-01	-8.634491043885336725e-02	0.000000000000000000e+00
6.461496699550786094e-01	-8.703918256868457826e-02	0.000000000000000000e+00
8.261091102817922360e-01	-1.555740532071076820e-01	0.000000000000000000e+00
8.261091102817922360e-01	-1.555740532071076820e-01	0.000000000000000000e+00
8.261091102817922360e-01	-1.555740532071076820e-01	0.000000000000000000e+00
8.261091102817922360e-01	-1.555740532071076820e-01	0.000000000000000000e+00
8.261091102817922360e-01	-1.792788923441803461e-01	0.000000000000000000e+00
8.261091102817922360e-01	-1.792788923441803461e-01	0.000000000000000000e+00
8.261091102817922360e-01	-2.016315688362089464e-01	0.000000000000000000e+00
8.261091102817922360e-01	-2.016315688362089464e-01	0.000000000000000000e+00
8.298947096023985281e-01	-2.561620610629260497e-01	0.000000000000000000e+00
8.298947096023985281e-01	-2.561620610629260497e-01	0.000000000000000000e+00
8.298947096023985281e-01	-2.561620610629260497e-01	0.000000000000000000e+00
8.298947096023985281e-01	-2.561620610629260497e-01	0.000000000000000000e+00
8.388073002734409700e-01	-2.904596224513851799e-01	0.000000000000000000e+00
8.388073002734409700e-01	-2.904596224513851799e-01	0.000000000000000000e+00
8.388073002734409700e-01	-2.904596224513851799e-01	0.000000000000000000e+00
8.388073002734409700e-01	-2.905795426392355774e-01	0.000000000000000000e+00
8.443616970927033671e-01	-3.799214731737600714e-01	0.000000000000000000e+00
8.388073002734409700e-01	-3.197200898597837848e-01	0.000000000000000000e+00
8.443616970927033671e-01	-3.346026271105351224e-01	0.000000000000000000e+00
8.443616970927033671e-01	-3.346026271105351224e-01	0.000000000000000000e+00
8.443616970927033671e-01	-3.799214731737600714e-01	0.000000000000000000e+00
8.443616970927033671e-01	-3.799214731737600714e-01	0.000000000000000000e+00
8.443616970927033671e-01	-3.799214731737600714e-01	0.000000000000000000e+00
8.443616970927033671e-01	-3.806268273551157155e-01	0.000000000000000000e+00
8.443616970927033671e-01	-3.806268273551157155e-01	0.000000000000000000e+00
8.471388955023345657e-01	-3.925874806358983782e-01	0.000000000000000000e+00
8.471388955023345657e-01	-3.954195983089860422e-01	0.000000000000000000e+00
