0.000000000000000000e+00	3.340271531561454843e+00	0.000000000000000000e+00
1.097706652171076200e-02	3.137445959987164912e+00	0.000000000000000000e+00
3.715049817589408110e-02	2.863942362466131542e+00	0.000000000000000000e+00
7.175845195241915830e-02	2.626974720445447886e+00	0.000000000000000000e+00
7.175845195241915830e-02	2.626974720445447886e+00	0.000000000000000000e+00
7.175845195241915830e-02	2.626974720445447886e+00	0.000000000000000000e+00
1.275103314773541330e-01	2.561249638214649238e+00	0.000000000000000000e+00
1.406846255113614608e-01	2.423102956550298170e+00	0.000000000000000000e+00
1.406846255113614608e-01	2.423102956550298170e+00	0.000000000000000000e+00
1.794643118394407266e-01	2.113207000312058881e+00	0.000000000000000000e+00
1.794643118394407266e-01	2.113207000312058881e+00	0.000000000000000000e+00
1.794643118394407266e-01	2.014067721602109007e+00	0.000000000000000000e+00
1.924386723258993959e-01	1.926992131749262649e+00	0.000000000000000000e+00
1.924386723258993959e-01	1.736487038495282409e+00	0.000000000000000000e+00
1.924386723258993959e-01	1.736487038495282409e+00	0.000000000000000000e+00
1.956351432736685159e-01	1.540130816078449261e+00	0.000000000000000000e+00
1.956351432736685159e-01	1.540130816078449261e+00	0.000000000000000000e+00
1.956351432736685159e-01	1.540130816078449261e+00	0.000000000000000000e+00
2.191563657473046545e-01	1.523183516469463594e+00	0.000000000000000000e+00
2.258372705024788152e-01	1.500119178979397283e+00	0.000000000000000000e+00
2.258372705024788152e-01	1.458115635430977441e+00	0.000000000000000000e+00
2.341202513462422585e-01	1.412921981577020869e+00	0.000000000000000000e+00
2.341202513462422585e-01	1.407722770881795205e+00	0.000000000000000000e+00
2.421526191254898819e-01	1.340628601133902587e+00	0.000000000000000000e+00
2.421526191254898819e-01	1.340628601133902587e+00	0.000000000000000000e+00
2.584679677485009486e-01	1.309009169935603456e+00	0.000000000000000000e+00
2.584679677485009486e-01	1.309009169935603456e+00	0.000000000000000000e+00
2.584679677485009486e-01	1.309009169935603456e+00	0.000000000000000000e+00
2.584679677485009486e-01	1.309009169935603456e+00	0.000000000000000000e+00
2.584679677485009486e-01	1.309009169935603456e+00	0.000000000000000000e+00
2.584679677485009486e-01	1.309009169935603456e+00	0.000000000000000000e+00
2.584679677485009486e-01	1.309009169935603456e+00	0.000000000000000000e+00
2.584679677485009486e-01	1.326979449649174692e+00	0.000000000000000000e+00
2.584679677485009486e-01	1.326979449649174692e+00	0.000000000000000000e+00
2.584679677485009486e-01	1.326979449649174692e+00	0.000000000000000000e+00
2.584679677485009486e-01	1.326979449649174692e+00	0.000000000000000000e+00
4.622179079686503100e-01	1.262292971077206394e+00	0.000000000000000000e+00
4.622179079686503100e-01	1.262292971077206394e+00	0.000000000000000000e+00
4.622179079686503100e-01	1.262292971077206394e+00	0.000000000000000000e+00
4.622179079686503100e-01	1.262292971077206394e+00	0.000000000000000000e+00
4.622179079686503100e-01	1.262292971077206394e+00	0.000000000000000000e+00
4.622179079686503100e-01	1.262292971077206394e+00	0.000000000000000000e+00
4.622179079686503100e-01	1.262292971077206394e+00	0.000000000000000000e+00
6.366803257504825009e-01	1.247698534041037810e+00	0.000000000000000000e+00
6.366803257504825009e-01	1.247698534041037810e+00	0.000000000000000000e+00
6.366803257504825009e-01	1.247698534041037810e+00	0.000000000000000000e+00
6.366803257504825009e-01	1.247698534041037810e+00	0.000000000000000000e+00
6.366803257504825009e-01	1.247698534041037810e+00	0.000000000000000000e+00
6.405067612233558139e-01	1.177049713690529131e+00	0.000000000000000000e+00
6.405067612233558139e-01	1.177049713690529131e+00	0.000000000000000000e+00
6.405067612233558139e-01	1.177049713690529131e+00	0.000000000000000000e+00
6.405067612233558139e-01	1.109738238901462948e+00	0.000000000000000000e+00
6.405067612233558139e-01	9.334949395709570830e-01	0.000000000000000000e+00
6.405067612233558139e-01	9.334949395709570830e-01	0.000000000000000000e+00
6.405067612233558139e-01	9.334949395709570830e-01	0.000000000000000000e+00
6.405067612233558139e-01	9.334949395709570830e-01	0.000000000000000000e+00
6.405067612233558139e-01	9.334949395709570830e-01	0.000000000000000000e+00
6.405067612233558139e-01	9.334949395709570830e-01	0.000000000000000000e+00
6.405067612233558139e-01	9.334949395709570830e-01	0.000000000000000000e+00
6.405067612233558139e-01	9.334949395709570830e-01	0.000000000000000000e+00
6.405067612233558139e-01	9.143306373124431286e-01	0.000000000000000000e+00
6.405067612233558139e-01	9.143306373124431286e-01	0.000000000000000000e+00
6.405067612233558139e-01	9.143306373124431286e-01	0.000000000000000000e+00
6.405067612233558139e-01	9.489840198731870347e-01	0.000000000000000000e+00
6.405067612233558139e-01	9.489840198731870347e-01	0.000000000000000000e+00
6.405067612233558139e-01	9.489840198731870347e-01	0.000000000000000000e+00
6.405067612233558139e-01	9.489840198731870347e-01	0.000000000000000000e+00
8.316965735415798866e-01	8.894377063597672661e-01	0.000000000000000000e+00
8.316965735415798866e-01	8.894377063597672661e-01	0.000000000000000000e+00
8.316965735415798866e-01	8.894377063597672661e-01	0.000000000000000000e+00
8.316965735415798866e-01	8.894377063597672661e-01	0.000000000000000000e+00
8.316965735415798866e-01	8.869840287605177398e-01	0.000000000000000000e+00
8.356962355707264756e-01	8.619582179965610269e-01	0.000000000000000000e+00
8.356962355707264756e-01	8.619582179965610269e-01	0.000000000000000000e+00
8.356962355707264756e-01	8.101751292288974504e-01	0.000000000000000000e+00
8.356962355707264756e-01	8.101751292288974504e-01	0.000000000000000000e+00
8.444360190384341269e-01	6.560459243691557640e-01	0.000000000000000000e+00
8.444360190384341269e-01	6.560459243691557640e-01	0.000000000000000000e+00
8.444360190384341269e-01	6.560459243691557640e-01	0.000000000000000000e+00
8.444360190384341269e-01	6.560459243691557640e-01	0.000000000000000000e+00
8.444360190384341269e-01	6.560459243691557640e-01	0.000000000000000000e+00
8.423740057137427684e-01	6.638399071281284591e-01	0.000000000000000000e+00
8.423740057137427684e-01	6.638399071281284591e-01	0.000000000000000000e+00
8.415433500742982575e-01	7.053926596850953468e-01	0.000000000000000000e+00
8.423740057137427684e-01	6.638399071281284591e-01	0.000000000000000000e+00
8.423740057137427684e-01	6.638399071281284591e-01	0.000000000000000000e+00
8.423740057137427684e-01	6.638399071281284591e-01	0.000000000000000000e+00
8.423740057137427684e-01	6.638399071281284591e-01	0.000000000000000000e+00
8.443812731688518092e-01	6.444953155884819429e-01	0.000000000000000000e+00
8.443812731688518092e-01	6.331752319382468741e-01	0.000000000000000000e+00
8.443812731688518092e-01	6.331752319382468741e-01	0.000000000000000000e+00
8.453595754447608135e-01	6.145591280680607893e-01	0.000000000000000000e+00
8.446670172670397436e-01	5.864231570978828412e-01	0.000000000000000000e+00
8.446670172670397436e-01	5.864231570978828412e-01	0.000000000000000000e+00
8.446670172670397436e-01	5.864231570978828412e-01	0.000000000000000000e+00
8.483150148024127812e-01	5.495227395055096720e-01	0.000000000000000000e+00
8.446670172670397436e-01	5.864231570978828412e-01	0.000000000000000000e+00
8.446670172670397436e-01	5.864231570978828412e-01	0.000000000000000000e+00
8.446670172670397436e-01	5.864231570978828412e-01	0.000000000000000000e+00
8.446670172670397436e-01	5.864231570978828412e-01	0.000000000000000000e+00
