0.000000000000000000e+00	1.041230088137670595e+00	0.000000000000000000e+00
1.492648200058632746e-02	9.182527656294070528e-01	0.000000000000000000e+00
2.622858163045960200e-02	8.592564384211653916e-01	0.000000000000000000e+00
4.259541142769992378e-02	7.922097313118956485e-01	0.000000000000000000e+00
5.630818558606021096e-02	7.467921579971994461e-01	0.000000000000000000e+00
6.863068513839473694e-02	7.130643069512134780e-01	0.000000000000000000e+00
8.164115365656850198e-02	7.040236575940418406e-01	0.000000000000000000e+00
8.164115365656850198e-02	7.040236575940418406e-01	0.000000000000000000e+00
8.164115365656850198e-02	7.040236575940418406e-01	0.000000000000000000e+00
8.164115365656850198e-02	7.040236575940418406e-01	0.000000000000000000e+00
8.164115365656850198e-02	7.040236575940418406e-01	0.000000000000000000e+00
8.164115365656850198e-02	7.040236575940418406e-01	0.000000000000000000e+00
7.127026194182221885e-02	7.104149770686942755e-01	0.000000000000000000e+00
1.958432689204410160e-01	6.309792737530678375e-01	0.000000000000000000e+00
2.065720024739537697e-01	5.729762245994208802e-01	0.000000000000000000e+00
2.115744934002851685e-01	5.256046964293190626e-01	0.000000000000000000e+00
2.218692124025732904e-01	4.826172187962184945e-01	0.000000000000000000e+00
2.326257982573798067e-01	4.239827429559094862e-01	0.000000000000000000e+00
2.346097297751536248e-01	3.679698081978964308e-01	0.000000000000000000e+00
2.417802659743498450e-01	3.295287475219057516e-01	0.000000000000000000e+00
2.417802659743498450e-01	3.295287475219057516e-01	0.000000000000000000e+00
2.573090021481204137e-01	3.090310269952893929e-01	0.000000000000000000e+00
2.630314948081638460e-01	3.039370036810396525e-01	0.000000000000000000e+00
2.630314948081638460e-01	3.039370036810396525e-01	0.000000000000000000e+00
2.630314948081638460e-01	3.039370036810396525e-01	0.000000000000000000e+00
2.630314948081638460e-01	3.039370036810396525e-01	0.000000000000000000e+00
2.533606044161019755e-01	3.072236530452670533e-01	0.000000000000000000e+00
2.533606044161019755e-01	3.072236530452670533e-01	0.000000000000000000e+00
2.533606044161019755e-01	2.997930332248922580e-01	0.000000000000000000e+00
2.533606044161019755e-01	2.997930332248922580e-01	0.000000000000000000e+00
4.136101591686084378e-01	2.553267862414008715e-01	0.000000000000000000e+00
4.150124167323906987e-01	2.232564706323554027e-01	0.000000000000000000e+00
4.181778166252020368e-01	2.185382413500598364e-01	0.000000000000000000e+00
4.225780451451152109e-01	1.670251654540405584e-01	0.000000000000000000e+00
4.225780451451152109e-01	1.531508043845311029e-01	0.000000000000000000e+00
4.290699396697508772e-01	1.197594114607214572e-01	0.000000000000000000e+00
4.331788913344680747e-01	5.882774915788096387e-02	0.000000000000000000e+00
4.331788913344680747e-01	5.882774915788096387e-02	0.000000000000000000e+00
4.365985500646857309e-01	3.353745681068782264e-02	0.000000000000000000e+00
4.365985500646857309e-01	1.129310911060080885e-02	0.000000000000000000e+00
4.404049448726768956e-01	-2.869674763377814269e-02	0.000000000000000000e+00
4.420492226216182208e-01	-4.609251972445864431e-02	0.000000000000000000e+00
4.457388140819826261e-01	-5.495345125784888846e-02	0.000000000000000000e+00
4.503925735709508049e-01	-7.980738304230693136e-02	0.000000000000000000e+00
4.532936736623761065e-01	-8.359057673615066797e-02	0.000000000000000000e+00
4.532936736623761065e-01	-8.359057673615066797e-02	0.000000000000000000e+00
4.532936736623761065e-01	-8.359057673615066797e-02	0.000000000000000000e+00
4.532936736623761065e-01	-8.359057673615066797e-02	0.000000000000000000e+00
4.538341535711524211e-01	-8.348901221425270025e-02	0.000000000000000000e+00
4.538341535711524211e-01	-8.348901221425270025e-02	0.000000000000000000e+00
4.538341535711524211e-01	-8.348901221425270025e-02	0.000000000000000000e+00
6.248595873820101954e-01	-1.530622129556753752e-01	0.000000000000000000e+00
6.248595873820101954e-01	-1.530622129556753752e-01	0.000000000000000000e+00
6.248595873820101954e-01	-1.530622129556753752e-01	0.000000000000000000e+00
6.248595873820101954e-01	-1.530622129556753752e-01	0.000000000000000000e+00
6.271115212157505336e-01	-1.686475123988858127e-01	0.000000000000000000e+00
6.271115212157505336e-01	-2.082407425874589768e-01	0.000000000000000000e+00
6.279820368159743094e-01	-2.257215537825557061e-01	0.000000000000000000e+00
6.296400378319578772e-01	-2.162411146134765871e-01	0.000000000000000000e+00
6.328104782997300282e-01	-2.425149610958141910e-01	0.000000000000000000e+00
6.333586828072250707e-01	-2.573404879169370330e-01	0.000000000000000000e+00
6.369639752770144270e-01	-2.672734268700315274e-01	0.000000000000000000e+00
6.381298729929081315e-01	-3.238648379868391269e-01	0.000000000000000000e+00
6.381298729929081315e-01	-3.238648379868391269e-01	0.000000000000000000e+00
6.381298729929081315e-01	-3.238648379868391269e-01	0.000000000000000000e+00
6.388005224767138168e-01	-3.278638342697847707e-01	0.000000000000000000e+00
6.410877251996053294e-01	-3.494084597505244805e-01	0.000000000000000000e+00
6.432869179395461767e-01	-3.627409123042539818e-01	0.000000000000000000e+00
6.432869179395461767e-01	-3.627409123042539818e-01	0.000000000000000000e+00
6.410877251996053294e-01	-3.535673326186413168e-01	0.000000000000000000e+00
6.427190375449614024e-01	-3.512918141789878601e-01	0.000000000000000000e+00
6.427190375449614024e-01	-3.512918141789878601e-01	0.000000000000000000e+00
8.256827905185739613e-01	-4.077075877259631054e-01	0.000000000000000000e+00
8.256827905185739613e-01	-4.077075877259631054e-01	0.000000000000000000e+00
8.256827905185739613e-01	-4.077075877259631054e-01	0.000000000000000000e+00
8.256827905185739613e-01	-4.077075877259631054e-01	0.000000000000000000e+00
8.261443997382590387e-01	-4.172194443192745461e-01	0.000000000000000000e+00
8.261443997382590387e-01	-4.256894711264983533e-01	0.000000000000000000e+00
8.270676181776293046e-01	-4.450320087335381536e-01	0.000000000000000000e+00
8.294756815107937609e-01	-4.641940513748739061e-01	0.000000000000000000e+00
8.294756815107937609e-01	-4.714877551398471422e-01	0.000000000000000000e+00
8.300020444410919351e-01	-4.775459963404783958e-01	0.000000000000000000e+00
8.316157644459024612e-01	-4.924741512313315916e-01	0.000000000000000000e+00
8.332111538144147955e-01	-5.027167927981375239e-01	0.000000000000000000e+00
8.348456388603150424e-01	-5.297576887009791680e-01	0.000000000000000000e+00
8.348456388603150424e-01	-5.297576887009791680e-01	0.000000000000000000e+00
8.358564412928801701e-01	-5.475101061896727739e-01	0.000000000000000000e+00
8.358564412928801701e-01	-5.475101061896727739e-01	0.000000000000000000e+00
8.381680702801758143e-01	-5.896685139898130146e-01	0.000000000000000000e+00
8.381680702801758143e-01	-5.896685139898130146e-01	0.000000000000000000e+00
8.381680702801758143e-01	-5.896685139898130146e-01	0.000000000000000000e+00
8.381680702801758143e-01	-5.896685139898130146e-01	0.000000000000000000e+00
8.384255006832841417e-01	-5.980497613103578081e-01	0.000000000000000000e+00
8.391538654658512453e-01	-6.098145298209967091e-01	0.000000000000000000e+00
8.399600215258655744e-01	-6.228417574212392616e-01	0.000000000000000000e+00
8.405148242202321596e-01	-6.289270484215687684e-01	0.000000000000000000e+00
8.412400992214709161e-01	-6.381447974771372600e-01	0.000000000000000000e+00
8.412400992214709161e-01	-6.381447974771372600e-01	0.000000000000000000e+00
8.412400992214709161e-01	-6.381447974771372600e-01	0.000000000000000000e+00
8.412400992214709161e-01	-6.381447974771372600e-01	0.000000000000000000e+00
