0.000000000000000000e+00	2.050859129353189481e+00	0.000000000000000000e+00
1.540228568786739145e-02	1.409222085778234490e+00	0.000000000000000000e+00
2.871077795696248824e-02	1.279258475950141749e+00	0.000000000000000000e+00
5.274843611602005738e-02	1.266105141813253399e+00	0.000000000000000000e+00
5.520941582565932343e-02	9.086748336766747869e-01	0.000000000000000000e+00
6.932550434556922214e-02	8.538964705994814830e-01	0.000000000000000000e+00
8.344159286547912779e-02	8.422078934488961277e-01	0.000000000000000000e+00
8.344159286547912779e-02	8.422078934488961277e-01	0.000000000000000000e+00
8.344159286547912779e-02	8.422078934488961277e-01	0.000000000000000000e+00
8.344159286547912779e-02	8.422078934488961277e-01	0.000000000000000000e+00
8.344159286547912779e-02	8.422078934488961277e-01	0.000000000000000000e+00
8.344159286547912779e-02	8.422078934488961277e-01	0.000000000000000000e+00
8.344159286547912779e-02	8.422078934488961277e-01	0.000000000000000000e+00
8.344159286547912779e-02	8.422078934488961277e-01	0.000000000000000000e+00
8.344159286547912779e-02	8.422078934488961277e-01	0.000000000000000000e+00
2.137765763369665062e-01	6.412686936543625649e-01	0.000000000000000000e+00
2.137765763369665062e-01	6.412686936543625649e-01	0.000000000000000000e+00
2.232721632815957702e-01	5.652724416622262327e-01	0.000000000000000000e+00
2.232721632815957702e-01	5.426119458294234033e-01	0.000000000000000000e+00
2.307122102963390098e-01	5.106342110895888409e-01	0.000000000000000000e+00
2.341365262512251355e-01	4.671359113677571728e-01	0.000000000000000000e+00
2.438204163545880099e-01	4.175166277312726826e-01	0.000000000000000000e+00
2.438204163545880099e-01	4.168389812880172740e-01	0.000000000000000000e+00
2.530994596831458998e-01	3.718967152874083082e-01	0.000000000000000000e+00
2.530994596831458998e-01	3.718967152874083082e-01	0.000000000000000000e+00
2.530994596831458998e-01	3.718967152874083082e-01	0.000000000000000000e+00
2.530994596831458998e-01	3.718967152874083082e-01	0.000000000000000000e+00
2.530994596831458998e-01	4.166396187817619778e-01	0.000000000000000000e+00
2.530994596831458998e-01	4.166396187817619778e-01	0.000000000000000000e+00
2.530994596831458998e-01	4.166396187817619778e-01	0.000000000000000000e+00
2.530994596831458998e-01	4.166396187817619778e-01	0.000000000000000000e+00
2.530994596831458998e-01	4.183752766062885375e-01	0.000000000000000000e+00
4.201408966259712052e-01	3.817521916149219097e-01	0.000000000000000000e+00
4.201408966259712052e-01	3.817521916149219097e-01	0.000000000000000000e+00
4.201408966259712052e-01	3.420601023338010194e-01	0.000000000000000000e+00
4.221392480306532802e-01	3.207572482355579568e-01	0.000000000000000000e+00
4.221820565107589074e-01	3.078896774447242857e-01	0.000000000000000000e+00
4.328822543731579708e-01	2.348328335606515160e-01	0.000000000000000000e+00
4.328822543731579708e-01	2.348328335606515160e-01	0.000000000000000000e+00
4.366344970640581025e-01	2.039141829660255090e-01	0.000000000000000000e+00
4.370296209983579594e-01	1.952689287452495925e-01	0.000000000000000000e+00
4.395368385593850791e-01	1.393463197094990114e-01	0.000000000000000000e+00
4.395368385593850791e-01	1.393463197094990114e-01	0.000000000000000000e+00
4.395368385593850791e-01	1.284431681054480912e-01	0.000000000000000000e+00
4.438256060875215847e-01	1.199703928761261806e-01	0.000000000000000000e+00
4.531678778571803790e-01	9.510721500203808687e-02	0.000000000000000000e+00
4.567201072230988035e-01	5.370956723765978741e-02	0.000000000000000000e+00
4.567201072230988035e-01	5.370956723765978741e-02	0.000000000000000000e+00
4.567201072230988035e-01	1.938583102886567294e-02	0.000000000000000000e+00
4.567201072230988035e-01	1.938583102886567294e-02	0.000000000000000000e+00
4.567201072230988035e-01	1.926957543670636264e-02	0.000000000000000000e+00
4.567201072230988035e-01	1.926957543670636264e-02	0.000000000000000000e+00
4.567201072230988035e-01	1.498490229158347918e-02	0.000000000000000000e+00
4.567201072230988035e-01	1.498490229158347918e-02	0.000000000000000000e+00
4.567201072230988035e-01	1.498490229158347918e-02	0.000000000000000000e+00
4.567201072230988035e-01	1.498490229158347918e-02	0.000000000000000000e+00
4.567201072230988035e-01	1.498490229158347918e-02	0.000000000000000000e+00
4.567201072230988035e-01	1.498490229158347918e-02	0.000000000000000000e+00
6.322248529196541345e-01	-1.073244665462463714e-02	0.000000000000000000e+00
6.346821735729644143e-01	-6.360142647974977026e-02	0.000000000000000000e+00
6.346821735729644143e-01	-6.360142647974977026e-02	0.000000000000000000e+00
6.346821735729644143e-01	-6.360142647974977026e-02	0.000000000000000000e+00
6.363203873418379342e-01	-6.827007734663023686e-02	0.000000000000000000e+00
6.395968148795848629e-01	-1.253707807905190819e-01	0.000000000000000000e+00
6.395968148795848629e-01	-1.253707807905190819e-01	0.000000000000000000e+00
6.395968148795848629e-01	-1.253707807905190819e-01	0.000000000000000000e+00
6.395968148795848629e-01	-1.253707807905190819e-01	0.000000000000000000e+00
6.395968148795848629e-01	-1.253707807905190819e-01	0.000000000000000000e+00
6.395968148795848629e-01	-1.253707807905190819e-01	0.000000000000000000e+00
6.395968148795848629e-01	-1.234925461037972294e-01	0.000000000000000000e+00
6.395968148795848629e-01	-1.234925461037972294e-01	0.000000000000000000e+00
6.395968148795848629e-01	-1.234925461037972294e-01	0.000000000000000000e+00
8.261091102817922360e-01	-1.638737896076200573e-01	0.000000000000000000e+00
8.261091102817922360e-01	-1.638737896076200573e-01	0.000000000000000000e+00
8.261091102817922360e-01	-1.819615590605312139e-01	0.000000000000000000e+00
8.261091102817922360e-01	-1.819615590605312139e-01	0.000000000000000000e+00
8.261091102817922360e-01	-2.208682756954429838e-01	0.000000000000000000e+00
8.241497272697855259e-01	-2.304001735366233983e-01	0.000000000000000000e+00
8.241497272697855259e-01	-2.304001735366233983e-01	0.000000000000000000e+00
8.273075242104745985e-01	-2.857137378486507839e-01	0.000000000000000000e+00
8.273075242104745985e-01	-2.857137378486507839e-01	0.000000000000000000e+00
8.273075242104745985e-01	-2.857137378486507839e-01	0.000000000000000000e+00
8.273075242104745985e-01	-2.857137378486507839e-01	0.000000000000000000e+00
8.273075242104745985e-01	-2.930377887789414881e-01	0.000000000000000000e+00
8.329420335910233675e-01	-3.129780482613999104e-01	0.000000000000000000e+00
8.329420335910233675e-01	-3.129780482613999104e-01	0.000000000000000000e+00
8.329420335910233675e-01	-3.209211153975150554e-01	0.000000000000000000e+00
8.357054145848052951e-01	-3.431478965257892533e-01	0.000000000000000000e+00
8.357054145848052951e-01	-3.431478965257892533e-01	0.000000000000000000e+00
8.361489614634886047e-01	-3.650446165453742897e-01	0.000000000000000000e+00
8.361489614634886047e-01	-3.650446165453742897e-01	0.000000000000000000e+00
8.373331394162518704e-01	-3.835162303909993575e-01	0.000000000000000000e+00
8.373331394162518704e-01	-3.835162303909993575e-01	0.000000000000000000e+00
8.380976607852614890e-01	-3.964528873617900184e-01	0.000000000000000000e+00
8.387084251926992806e-01	-4.007635834972524957e-01	0.000000000000000000e+00
8.402324830078656825e-01	-4.212671384364497507e-01	0.000000000000000000e+00
8.402324830078656825e-01	-4.212671384364497507e-01	0.000000000000000000e+00
8.445021274530739586e-01	-4.453014110956842186e-01	0.000000000000000000e+00
8.445021274530739586e-01	-4.453014110956842186e-01	0.000000000000000000e+00
8.445021274530739586e-01	-4.453014110956842186e-01	0.000000000000000000e+00
