0.000000000000000000e+00	3.971327582371133147e+00	0.000000000000000000e+00
2.570395051388043445e-02	2.371586433690732854e+00	0.000000000000000000e+00
2.570395051388043445e-02	2.225016284243648723e+00	0.000000000000000000e+00
7.134472158510854478e-02	2.198529634314948744e+00	0.000000000000000000e+00
7.134472158510854478e-02	2.198529634314948744e+00	0.000000000000000000e+00
7.134472158510854478e-02	2.198529634314948744e+00	0.000000000000000000e+00
1.292974739455811095e-01	2.007013900177273769e+00	0.000000000000000000e+00
1.292974739455811095e-01	2.007013900177273769e+00	0.000000000000000000e+00
1.778268257804909991e-01	1.948806015912635470e+00	0.000000000000000000e+00
1.906862006778012320e-01	1.760118980563663227e+00	0.000000000000000000e+00
1.910913334135420083e-01	1.661268828852040524e+00	0.000000000000000000e+00
2.053793607841877256e-01	1.627006226289650970e+00	0.000000000000000000e+00
2.340466151511792492e-01	1.319850435422087243e+00	0.000000000000000000e+00
2.340466151511792492e-01	1.319850435422087243e+00	0.000000000000000000e+00
2.340466151511792492e-01	1.319850435422087243e+00	0.000000000000000000e+00
2.426475090653506250e-01	1.162235021726486517e+00	0.000000000000000000e+00
2.406834664601514573e-01	1.017527766557377866e+00	0.000000000000000000e+00
2.406834664601514573e-01	1.017527766557377866e+00	0.000000000000000000e+00
2.406834664601514573e-01	1.017527766557377866e+00	0.000000000000000000e+00
2.593934755430106764e-01	9.492951681664352215e-01	0.000000000000000000e+00
2.593934755430106764e-01	8.807359112304077309e-01	0.000000000000000000e+00
2.593934755430106764e-01	8.807359112304077309e-01	0.000000000000000000e+00
2.593934755430106764e-01	8.807359112304077309e-01	0.000000000000000000e+00
2.593934755430106764e-01	8.807359112304077309e-01	0.000000000000000000e+00
2.593934755430106764e-01	8.230912163568739892e-01	0.000000000000000000e+00
2.593934755430106764e-01	8.230912163568739892e-01	0.000000000000000000e+00
2.593934755430106764e-01	8.230912163568739892e-01	0.000000000000000000e+00
2.593934755430106764e-01	8.230912163568739892e-01	0.000000000000000000e+00
2.593934755430106764e-01	8.230912163568739892e-01	0.000000000000000000e+00
2.593934755430106764e-01	8.230912163568739892e-01	0.000000000000000000e+00
2.593934755430106764e-01	8.230912163568739892e-01	0.000000000000000000e+00
4.208774243238657120e-01	7.622350890018754210e-01	0.000000000000000000e+00
4.208774243238657120e-01	7.622350890018754210e-01	0.000000000000000000e+00
4.208774243238657120e-01	7.622350890018754210e-01	0.000000000000000000e+00
4.395665094723101851e-01	6.003439825071912317e-01	0.000000000000000000e+00
4.395665094723101851e-01	6.003439825071912317e-01	0.000000000000000000e+00
4.395665094723101851e-01	6.003439825071912317e-01	0.000000000000000000e+00
4.395665094723101851e-01	6.003439825071912317e-01	0.000000000000000000e+00
4.396856090211237467e-01	5.903833389549499877e-01	0.000000000000000000e+00
4.396856090211237467e-01	5.836096921639857271e-01	0.000000000000000000e+00
4.396856090211237467e-01	5.836096921639857271e-01	0.000000000000000000e+00
4.396856090211237467e-01	5.836096921639857271e-01	0.000000000000000000e+00
4.396856090211237467e-01	5.836096921639857271e-01	0.000000000000000000e+00
4.396856090211237467e-01	5.836096921639857271e-01	0.000000000000000000e+00
4.396856090211237467e-01	5.840178811026276451e-01	0.000000000000000000e+00
4.396856090211237467e-01	5.840178811026276451e-01	0.000000000000000000e+00
4.396856090211237467e-01	5.840178811026276451e-01	0.000000000000000000e+00
6.306628302935509689e-01	3.909339239857114734e-01	0.000000000000000000e+00
6.306628302935509689e-01	3.909339239857114734e-01	0.000000000000000000e+00
6.276683074613804703e-01	5.090866254547530279e-01	0.000000000000000000e+00
6.306628302935509689e-01	3.909339239857114734e-01	0.000000000000000000e+00
6.306628302935509689e-01	3.909339239857114734e-01	0.000000000000000000e+00
6.306628302935509689e-01	3.909339239857114734e-01	0.000000000000000000e+00
6.306628302935509689e-01	3.909339239857114734e-01	0.000000000000000000e+00
6.306628302935509689e-01	3.909339239857114734e-01	0.000000000000000000e+00
6.306628302935509689e-01	3.762722789455686945e-01	0.000000000000000000e+00
6.321716438891986645e-01	3.652238787375661211e-01	0.000000000000000000e+00
6.337603107302669514e-01	3.431481687073640319e-01	0.000000000000000000e+00
6.357449132207495524e-01	3.302108185538879526e-01	0.000000000000000000e+00
6.357449132207495524e-01	3.241449628375923653e-01	0.000000000000000000e+00
6.521897643129962452e-01	2.066498262473062397e-01	0.000000000000000000e+00
6.521897643129962452e-01	2.066498262473062397e-01	0.000000000000000000e+00
6.508883928951589848e-01	2.654089355468171596e-01	0.000000000000000000e+00
6.521897643129962452e-01	2.435942517043180877e-01	0.000000000000000000e+00
6.521897643129962452e-01	2.382597401495519795e-01	0.000000000000000000e+00
6.521897643129962452e-01	2.066498262473062397e-01	0.000000000000000000e+00
6.521897643129962452e-01	2.066498262473062397e-01	0.000000000000000000e+00
6.521897643129962452e-01	2.382597401495519795e-01	0.000000000000000000e+00
6.521897643129962452e-01	2.382597401495519795e-01	0.000000000000000000e+00
6.521897643129962452e-01	2.382597401495519795e-01	0.000000000000000000e+00
8.332294222526949179e-01	1.017234327994612775e-01	0.000000000000000000e+00
8.332294222526949179e-01	1.182361933414129984e-01	0.000000000000000000e+00
8.332294222526949179e-01	1.543170869853721372e-01	0.000000000000000000e+00
8.332294222526949179e-01	1.543170869853721372e-01	0.000000000000000000e+00
8.332294222526949179e-01	1.543170869853721372e-01	0.000000000000000000e+00
8.332294222526949179e-01	1.355412939195517752e-01	0.000000000000000000e+00
8.332294222526949179e-01	5.679030668694103751e-02	0.000000000000000000e+00
8.332294222526949179e-01	5.679030668694103751e-02	0.000000000000000000e+00
8.332294222526949179e-01	5.679030668694103751e-02	0.000000000000000000e+00
8.332294222526949179e-01	5.679030668694103751e-02	0.000000000000000000e+00
8.332294222526949179e-01	5.679030668694103751e-02	0.000000000000000000e+00
8.332294222526949179e-01	5.679030668694103751e-02	0.000000000000000000e+00
8.332294222526949179e-01	5.679030668694103751e-02	0.000000000000000000e+00
8.332294222526949179e-01	3.072858148830224026e-02	0.000000000000000000e+00
8.332294222526949179e-01	3.072858148830224026e-02	0.000000000000000000e+00
8.389546072885546435e-01	-9.567268425321254210e-02	0.000000000000000000e+00
8.372584347707650032e-01	-3.784429752139797931e-02	0.000000000000000000e+00
8.372584347707650032e-01	-3.784429752139797931e-02	0.000000000000000000e+00
8.372584347707650032e-01	-3.784429752139797931e-02	0.000000000000000000e+00
8.372584347707650032e-01	-3.784429752139797931e-02	0.000000000000000000e+00
8.372584347707650032e-01	-3.784429752139797931e-02	0.000000000000000000e+00
8.372584347707650032e-01	-4.484056009145041127e-02	0.000000000000000000e+00
8.473961668480135545e-01	-7.634426296351973229e-02	0.000000000000000000e+00
8.473961668480135545e-01	-7.634426296351973229e-02	0.000000000000000000e+00
8.473961668480135545e-01	-7.634426296351973229e-02	0.000000000000000000e+00
8.473961668480135545e-01	-8.555407875304811560e-02	0.000000000000000000e+00
8.486788569943284344e-01	-8.933935071421227059e-02	0.000000000000000000e+00
8.504686542776085378e-01	-9.996052656162297823e-02	0.000000000000000000e+00
8.504686542776085378e-01	-9.996052656162297823e-02	0.000000000000000000e+00
8.500302600443169210e-01	-9.162312923165191747e-02	0.000000000000000000e+00
