0.000000000000000000e+00	1.880629302957753657e+00	0.000000000000000000e+00
7.683631290530516106e-03	1.563733686014498137e+00	0.000000000000000000e+00
2.968848438413590821e-02	1.447662649452513994e+00	0.000000000000000000e+00
4.921409705218104252e-02	1.265624838374114658e+00	0.000000000000000000e+00
6.272117362219598036e-02	1.143458809932610398e+00	0.000000000000000000e+00
7.124026478869542600e-02	1.031825480996852340e+00	0.000000000000000000e+00
7.124026478869542600e-02	1.031825480996852340e+00	0.000000000000000000e+00
7.124026478869542600e-02	1.031825480996852340e+00	0.000000000000000000e+00
1.108504347574406079e-01	9.727030280063216905e-01	0.000000000000000000e+00
1.108504347574406079e-01	9.727030280063216905e-01	0.000000000000000000e+00
1.108504347574406079e-01	9.727030280063216905e-01	0.000000000000000000e+00
1.108504347574406079e-01	9.727030280063216905e-01	0.000000000000000000e+00
1.108504347574406079e-01	9.727030280063216905e-01	0.000000000000000000e+00
2.002374580464675313e-01	7.999631175267601924e-01	0.000000000000000000e+00
2.002374580464675313e-01	7.999631175267601924e-01	0.000000000000000000e+00
2.002374580464675313e-01	7.999631175267601924e-01	0.000000000000000000e+00
2.148731268543657147e-01	6.802815704672608987e-01	0.000000000000000000e+00
2.148731268543657147e-01	6.802815704672608987e-01	0.000000000000000000e+00
2.253869659397402525e-01	6.048834370410191008e-01	0.000000000000000000e+00
2.253869659397402525e-01	5.864666811390991663e-01	0.000000000000000000e+00
2.289510177594044904e-01	5.556693336986289200e-01	0.000000000000000000e+00
2.363396451253882424e-01	5.120115137675406158e-01	0.000000000000000000e+00
2.468564957400083137e-01	4.066446711972727668e-01	0.000000000000000000e+00
2.468564957400083137e-01	4.066446711972727668e-01	0.000000000000000000e+00
2.468564957400083137e-01	4.066446711972727668e-01	0.000000000000000000e+00
2.468564957400083137e-01	4.066446711972727668e-01	0.000000000000000000e+00
2.468564957400083137e-01	4.066446711972727668e-01	0.000000000000000000e+00
2.468564957400083137e-01	4.066446711972727668e-01	0.000000000000000000e+00
2.468564957400083137e-01	4.066259406486893990e-01	0.000000000000000000e+00
2.468564957400083137e-01	4.066259406486893990e-01	0.000000000000000000e+00
2.468564957400083137e-01	4.066259406486893990e-01	0.000000000000000000e+00
2.468564957400083137e-01	4.066259406486893990e-01	0.000000000000000000e+00
2.468564957400083137e-01	4.066259406486893990e-01	0.000000000000000000e+00
2.468564957400083137e-01	4.066259406486893990e-01	0.000000000000000000e+00
2.468564957400083137e-01	4.066259406486893990e-01	0.000000000000000000e+00
4.169675967514924197e-01	2.797304999786359714e-01	0.000000000000000000e+00
4.169675967514924197e-01	2.797304999786359714e-01	0.000000000000000000e+00
4.169675967514924197e-01	2.797304999786359714e-01	0.000000000000000000e+00
4.169675967514924197e-01	2.797304999786359714e-01	0.000000000000000000e+00
4.169675967514924197e-01	2.771252257725809742e-01	0.000000000000000000e+00
4.224306741429580958e-01	1.966048249329969133e-01	0.000000000000000000e+00
4.224306741429580958e-01	1.966048249329969133e-01	0.000000000000000000e+00
4.224306741429580958e-01	1.966048249329969133e-01	0.000000000000000000e+00
4.290435372137539893e-01	1.305232047175177434e-01	0.000000000000000000e+00
4.290435372137539893e-01	1.404367681494792519e-01	0.000000000000000000e+00
4.290435372137539893e-01	1.404367681494792519e-01	0.000000000000000000e+00
4.374724198723466406e-01	9.612309250048978182e-02	0.000000000000000000e+00
4.374724198723466406e-01	9.612309250048978182e-02	0.000000000000000000e+00
4.374724198723466406e-01	9.612309250048978182e-02	0.000000000000000000e+00
4.498348888270501389e-01	6.624891547391346946e-02	0.000000000000000000e+00
4.498348888270501389e-01	6.624891547391346946e-02	0.000000000000000000e+00
4.498348888270501389e-01	3.901751301746697598e-02	0.000000000000000000e+00
4.498348888270501389e-01	3.901751301746697598e-02	0.000000000000000000e+00
4.498348888270501389e-01	3.901751301746697598e-02	0.000000000000000000e+00
4.498348888270501389e-01	3.901751301746697598e-02	0.000000000000000000e+00
4.498348888270501389e-01	3.901751301746697598e-02	0.000000000000000000e+00
4.498348888270501389e-01	3.901751301746697598e-02	0.000000000000000000e+00
4.573645204365351380e-01	7.138735399282472582e-02	0.000000000000000000e+00
4.573645204365351380e-01	7.138735399282472582e-02	0.000000000000000000e+00
6.352731124366094440e-01	-8.326019606832439635e-02	0.000000000000000000e+00
6.352731124366094440e-01	-8.326019606832439635e-02	0.000000000000000000e+00
6.352731124366094440e-01	-8.326019606832439635e-02	0.000000000000000000e+00
6.352731124366094440e-01	-4.402231959333153394e-02	0.000000000000000000e+00
6.352731124366094440e-01	-4.402231959333153394e-02	0.000000000000000000e+00
6.352731124366094440e-01	-4.402231959333153394e-02	0.000000000000000000e+00
6.352731124366094440e-01	-4.402231959333153394e-02	0.000000000000000000e+00
6.352731124366094440e-01	-8.326019606832439635e-02	0.000000000000000000e+00
6.373186545175726359e-01	-8.004322768437037439e-02	0.000000000000000000e+00
6.373186545175726359e-01	-8.004322768437037439e-02	0.000000000000000000e+00
6.393641965985359388e-01	-9.517460580269025694e-02	0.000000000000000000e+00
6.393641965985359388e-01	-9.517460580269025694e-02	0.000000000000000000e+00
6.393641965985359388e-01	-9.517460580269025694e-02	0.000000000000000000e+00
6.393641965985359388e-01	-9.517460580269025694e-02	0.000000000000000000e+00
6.400853290070764867e-01	-1.027085616706980564e-01	0.000000000000000000e+00
6.400853290070764867e-01	-1.027085616706980564e-01	0.000000000000000000e+00
6.393641965985359388e-01	-9.517460580269025694e-02	0.000000000000000000e+00
8.648151511842636641e-01	-3.679256321575570254e-01	0.000000000000000000e+00
8.648151511842636641e-01	-3.679256321575570254e-01	0.000000000000000000e+00
8.623789055378576762e-01	-1.825196371790557548e-01	0.000000000000000000e+00
8.623789055378576762e-01	-1.825196371790557548e-01	0.000000000000000000e+00
8.623789055378576762e-01	-1.825196371790557548e-01	0.000000000000000000e+00
8.325565535685627294e-01	-2.818179313735707514e-01	0.000000000000000000e+00
8.325565535685627294e-01	-2.818179313735707514e-01	0.000000000000000000e+00
8.325565535685627294e-01	-2.818179313735707514e-01	0.000000000000000000e+00
8.325565535685627294e-01	-2.818179313735707514e-01	0.000000000000000000e+00
8.325565535685627294e-01	-2.818179313735707514e-01	0.000000000000000000e+00
8.325565535685627294e-01	-2.818179313735707514e-01	0.000000000000000000e+00
8.325565535685627294e-01	-2.818179313735707514e-01	0.000000000000000000e+00
8.325565535685627294e-01	-2.818179313735707514e-01	0.000000000000000000e+00
8.487221646316317480e-01	-3.028618188877038042e-01	0.000000000000000000e+00
8.487221646316317480e-01	-3.028618188877038042e-01	0.000000000000000000e+00
8.351370747914611536e-01	-2.777688657085788382e-01	0.000000000000000000e+00
8.419166111887668169e-01	-3.215766372617860358e-01	0.000000000000000000e+00
8.419166111887668169e-01	-3.215766372617860358e-01	0.000000000000000000e+00
8.419166111887668169e-01	-3.215766372617860358e-01	0.000000000000000000e+00
8.419166111887668169e-01	-3.215766372617860358e-01	0.000000000000000000e+00
8.419166111887668169e-01	-3.215766372617860358e-01	0.000000000000000000e+00
8.419166111887668169e-01	-3.215766372617860358e-01	0.000000000000000000e+00
8.396567657229982995e-01	-3.254821687992251467e-01	0.000000000000000000e+00
8.396567657229982995e-01	-3.254821687992251467e-01	0.000000000000000000e+00
