0.000000000000000000e+00	1.247306193508831873e+00	0.000000000000000000e+00
7.838973818400575555e-03	1.019869777779619291e+00	0.000000000000000000e+00
3.037902445738839552e-02	8.756446955041422564e-01	0.000000000000000000e+00
4.387798208467062061e-02	8.330658441975877793e-01	0.000000000000000000e+00
4.700089898213715561e-02	8.196948763777144320e-01	0.000000000000000000e+00
7.372026706797596418e-02	7.391164321105546664e-01	0.000000000000000000e+00
8.633596912519300726e-02	7.311753471194318843e-01	0.000000000000000000e+00
8.633596912519300726e-02	7.311753471194318843e-01	0.000000000000000000e+00
8.633596912519300726e-02	7.311753471194318843e-01	0.000000000000000000e+00
8.633596912519300726e-02	7.311753471194318843e-01	0.000000000000000000e+00
8.633596912519300726e-02	7.311753471194318843e-01	0.000000000000000000e+00
8.633596912519300726e-02	7.311753471194318843e-01	0.000000000000000000e+00
8.633596912519300726e-02	7.311753471194318843e-01	0.000000000000000000e+00
2.045071206187457635e-01	6.009041294599691829e-01	0.000000000000000000e+00
2.105971274059995069e-01	5.691363223107821501e-01	0.000000000000000000e+00
2.105971274059995069e-01	5.368282653556788464e-01	0.000000000000000000e+00
2.272664811643508587e-01	4.742234019848736715e-01	0.000000000000000000e+00
2.275694782560285512e-01	4.418065989799806470e-01	0.000000000000000000e+00
2.331177545885277369e-01	3.998516391490377631e-01	0.000000000000000000e+00
2.414788662504702699e-01	3.679967455357467387e-01	0.000000000000000000e+00
2.554154947027580391e-01	3.409403986886135884e-01	0.000000000000000000e+00
2.554154947027580391e-01	3.173283800943198507e-01	0.000000000000000000e+00
2.554154947027580391e-01	3.173283800943198507e-01	0.000000000000000000e+00
2.554154947027580391e-01	3.168096991281005304e-01	0.000000000000000000e+00
2.554154947027580391e-01	3.168096991281005304e-01	0.000000000000000000e+00
2.554154947027580391e-01	3.168096991281005304e-01	0.000000000000000000e+00
2.554154947027580391e-01	3.168096991281005304e-01	0.000000000000000000e+00
2.554154947027580391e-01	3.168096991281005304e-01	0.000000000000000000e+00
2.554154947027580391e-01	3.168096991281005304e-01	0.000000000000000000e+00
2.554154947027580391e-01	3.168096991281005304e-01	0.000000000000000000e+00
4.136751099423013889e-01	2.873754494084735933e-01	0.000000000000000000e+00
4.205618108457001014e-01	2.457065874335617739e-01	0.000000000000000000e+00
4.205618108457001014e-01	2.034120585008427351e-01	0.000000000000000000e+00
4.220994667568530589e-01	1.676424543536303158e-01	0.000000000000000000e+00
4.260561563477706093e-01	1.382040731420734470e-01	0.000000000000000000e+00
4.291781786298306534e-01	1.053909095717092681e-01	0.000000000000000000e+00
4.322631054318249455e-01	6.913594571827359758e-02	0.000000000000000000e+00
4.333851393410235731e-01	5.908449868874465077e-02	0.000000000000000000e+00
4.375890393234724285e-01	-5.147075297132320355e-04	0.000000000000000000e+00
4.375890393234724285e-01	-5.147075297132320355e-04	0.000000000000000000e+00
4.481952669830306379e-01	-5.612824331231586195e-02	0.000000000000000000e+00
4.481952669830306379e-01	-5.612824331231586195e-02	0.000000000000000000e+00
4.481952669830306379e-01	-5.612824331231586195e-02	0.000000000000000000e+00
4.481952669830306379e-01	-6.584935509523864861e-02	0.000000000000000000e+00
4.481952669830306379e-01	-6.584935509523864861e-02	0.000000000000000000e+00
4.481952669830306379e-01	-6.584935509523864861e-02	0.000000000000000000e+00
4.497287403177562815e-01	-6.803805224367563687e-02	0.000000000000000000e+00
4.497287403177562815e-01	-6.803805224367563687e-02	0.000000000000000000e+00
4.497287403177562815e-01	-6.803805224367563687e-02	0.000000000000000000e+00
4.497287403177562815e-01	-6.803805224367563687e-02	0.000000000000000000e+00
4.497287403177562815e-01	-6.803805224367563687e-02	0.000000000000000000e+00
6.217587787214123862e-01	-8.930130430085406190e-02	0.000000000000000000e+00
6.220359962437620460e-01	-1.054918393851722869e-01	0.000000000000000000e+00
6.245450261884617493e-01	-1.478957579920998355e-01	0.000000000000000000e+00
6.245450261884617493e-01	-1.478957579920998355e-01	0.000000000000000000e+00
6.274087654099502753e-01	-1.839252441061358379e-01	0.000000000000000000e+00
6.274087654099502753e-01	-1.839252441061358379e-01	0.000000000000000000e+00
6.274965810391138765e-01	-2.100476897289389466e-01	0.000000000000000000e+00
6.310657305542662909e-01	-2.450584311584931563e-01	0.000000000000000000e+00
6.310657305542662909e-01	-2.450584311584931563e-01	0.000000000000000000e+00
6.322366526958922428e-01	-2.643949824411512273e-01	0.000000000000000000e+00
6.360143404619031937e-01	-2.709068276831163025e-01	0.000000000000000000e+00
6.379454953762799807e-01	-2.929314844081317704e-01	0.000000000000000000e+00
6.383937115949658292e-01	-3.024963393324172634e-01	0.000000000000000000e+00
6.407730827280283536e-01	-3.270941317641406498e-01	0.000000000000000000e+00
6.421868764039024846e-01	-3.340897904463291934e-01	0.000000000000000000e+00
6.475465062502195890e-01	-3.673321106869041341e-01	0.000000000000000000e+00
6.475465062502195890e-01	-3.673321106869041341e-01	0.000000000000000000e+00
6.475465062502195890e-01	-3.673321106869041341e-01	0.000000000000000000e+00
6.560630142277984467e-01	-3.720297888459836999e-01	0.000000000000000000e+00
6.560630142277984467e-01	-3.720297888459836999e-01	0.000000000000000000e+00
6.560630142277984467e-01	-3.720297888459836999e-01	0.000000000000000000e+00
6.548122469145514213e-01	-3.673602510919152797e-01	0.000000000000000000e+00
8.284326306838871723e-01	-4.374681662169238039e-01	0.000000000000000000e+00
8.284326306838871723e-01	-4.374681662169238039e-01	0.000000000000000000e+00
8.284326306838871723e-01	-4.374681662169238039e-01	0.000000000000000000e+00
8.284326306838871723e-01	-4.374681662169238039e-01	0.000000000000000000e+00
8.284326306838871723e-01	-4.374681662169238039e-01	0.000000000000000000e+00
8.311555304081446049e-01	-4.828390197621691970e-01	0.000000000000000000e+00
8.311555304081446049e-01	-4.828390197621691970e-01	0.000000000000000000e+00
8.311555304081446049e-01	-4.828390197621691970e-01	0.000000000000000000e+00
8.311555304081446049e-01	-4.828390197621691970e-01	0.000000000000000000e+00
8.317717333706494687e-01	-4.995760124245511857e-01	0.000000000000000000e+00
8.317717333706494687e-01	-5.160160650807241733e-01	0.000000000000000000e+00
8.317894035179668188e-01	-5.152986669509724837e-01	0.000000000000000000e+00
8.331614290770886777e-01	-5.290100095784245893e-01	0.000000000000000000e+00
8.341688071133879223e-01	-5.373217612866372228e-01	0.000000000000000000e+00
8.358726767117480305e-01	-5.500776885366148727e-01	0.000000000000000000e+00
8.365012439053425286e-01	-5.644826713691915021e-01	0.000000000000000000e+00
8.378874327843465197e-01	-5.864991060724425997e-01	0.000000000000000000e+00
8.378874327843465197e-01	-5.864991060724425997e-01	0.000000000000000000e+00
8.413387942623321569e-01	-6.102983211499206639e-01	0.000000000000000000e+00
8.413387942623321569e-01	-6.102983211499206639e-01	0.000000000000000000e+00
8.413387942623321569e-01	-6.102983211499206639e-01	0.000000000000000000e+00
8.450294301473435521e-01	-6.273060395705154502e-01	0.000000000000000000e+00
8.467736103025939043e-01	-6.427731967595977647e-01	0.000000000000000000e+00
8.467736103025939043e-01	-6.427731967595977647e-01	0.000000000000000000e+00
8.492481913497785806e-01	-6.492891761742859424e-01	0.000000000000000000e+00
8.492481913497785806e-01	-6.492891761742859424e-01	0.000000000000000000e+00
8.492481913497785806e-01	-6.492891761742859424e-01	0.000000000000000000e+00
