0.000000000000000000e+00	1.122934342330005109e+00	0.000000000000000000e+00
7.838973818400575555e-03	1.012493693341242951e+00	0.000000000000000000e+00
3.037902445738839552e-02	8.756446955041422564e-01	0.000000000000000000e+00
4.387798208467062061e-02	8.330658441975877793e-01	0.000000000000000000e+00
4.700089898213715561e-02	8.196948763777144320e-01	0.000000000000000000e+00
7.372026706797596418e-02	7.391164321105546664e-01	0.000000000000000000e+00
8.633596912519300726e-02	7.311753471194318843e-01	0.000000000000000000e+00
8.633596912519300726e-02	7.311753471194318843e-01	0.000000000000000000e+00
8.633596912519300726e-02	7.166127313592388637e-01	0.000000000000000000e+00
8.633596912519300726e-02	7.166127313592388637e-01	0.000000000000000000e+00
8.633596912519300726e-02	7.166127313592388637e-01	0.000000000000000000e+00
8.633596912519300726e-02	7.166127313592388637e-01	0.000000000000000000e+00
8.633596912519300726e-02	7.166127313592388637e-01	0.000000000000000000e+00
2.045071206187457635e-01	6.096914119402977450e-01	0.000000000000000000e+00
2.045071206187457635e-01	6.018893402059682929e-01	0.000000000000000000e+00
2.105971274059995069e-01	5.368282653556788464e-01	0.000000000000000000e+00
2.272664811643508587e-01	4.799722635532664983e-01	0.000000000000000000e+00
2.275694782560285512e-01	4.418065989799806470e-01	0.000000000000000000e+00
2.331177545885277369e-01	3.998516391490377631e-01	0.000000000000000000e+00
2.414788662504702699e-01	3.679967455357467387e-01	0.000000000000000000e+00
2.554154947027580391e-01	3.364803541462314529e-01	0.000000000000000000e+00
2.554154947027580391e-01	3.173283800943198507e-01	0.000000000000000000e+00
2.554154947027580391e-01	3.173283800943198507e-01	0.000000000000000000e+00
2.554154947027580391e-01	3.168096991281005304e-01	0.000000000000000000e+00
2.554154947027580391e-01	3.168096991281005304e-01	0.000000000000000000e+00
2.554154947027580391e-01	3.168096991281005304e-01	0.000000000000000000e+00
2.554154947027580391e-01	3.168096991281005304e-01	0.000000000000000000e+00
2.554154947027580391e-01	3.168096991281005304e-01	0.000000000000000000e+00
2.554154947027580391e-01	3.168096991281005304e-01	0.000000000000000000e+00
2.554154947027580391e-01	3.168096991281005304e-01	0.000000000000000000e+00
4.136751099423013889e-01	2.844457117948831493e-01	0.000000000000000000e+00
4.200302947787437069e-01	1.939176326113573046e-01	0.000000000000000000e+00
4.200302947787437069e-01	1.939176326113573046e-01	0.000000000000000000e+00
4.220994667568530589e-01	1.676424543536303158e-01	0.000000000000000000e+00
4.260561563477706093e-01	1.308019550198165348e-01	0.000000000000000000e+00
4.291781786298306534e-01	1.053909095717092681e-01	0.000000000000000000e+00
4.322631054318249455e-01	6.913594571827359758e-02	0.000000000000000000e+00
4.333851393410235731e-01	4.191514052342069918e-02	0.000000000000000000e+00
4.375890393234724285e-01	2.506517426706219090e-02	0.000000000000000000e+00
4.375890393234724285e-01	-1.098436313736331389e-02	0.000000000000000000e+00
4.375890393234724285e-01	-1.098436313736331389e-02	0.000000000000000000e+00
4.472590221873782856e-01	-5.769277361132166965e-02	0.000000000000000000e+00
4.472590221873782856e-01	-5.769277361132166965e-02	0.000000000000000000e+00
4.487659048698697806e-01	-6.698651235515984403e-02	0.000000000000000000e+00
4.487659048698697806e-01	-6.698651235515984403e-02	0.000000000000000000e+00
4.487659048698697806e-01	-6.698651235515984403e-02	0.000000000000000000e+00
4.497287403177562815e-01	-6.803805224367563687e-02	0.000000000000000000e+00
4.497287403177562815e-01	-6.869677700186972713e-02	0.000000000000000000e+00
4.497287403177562815e-01	-6.869677700186972713e-02	0.000000000000000000e+00
4.497287403177562815e-01	-6.869677700186972713e-02	0.000000000000000000e+00
4.497287403177562815e-01	-6.869677700186972713e-02	0.000000000000000000e+00
6.217587787214123862e-01	-8.930130430085406190e-02	0.000000000000000000e+00
6.220359962437620460e-01	-1.054918393851722869e-01	0.000000000000000000e+00
6.229817138838618096e-01	-1.250103196063500621e-01	0.000000000000000000e+00
6.245450261884617493e-01	-1.478957579920998355e-01	0.000000000000000000e+00
6.274087654099502753e-01	-1.839252441061358379e-01	0.000000000000000000e+00
6.274087654099502753e-01	-1.839252441061358379e-01	0.000000000000000000e+00
6.274965810391138765e-01	-2.100476897289389466e-01	0.000000000000000000e+00
6.310657305542662909e-01	-2.197098401849059968e-01	0.000000000000000000e+00
6.310657305542662909e-01	-2.387258265606231888e-01	0.000000000000000000e+00
6.322366526958922428e-01	-2.643949824411512273e-01	0.000000000000000000e+00
6.346672485026807475e-01	-2.725479736225692173e-01	0.000000000000000000e+00
6.371962478625825543e-01	-3.210025758241971117e-01	0.000000000000000000e+00
6.376268948096296407e-01	-3.137993689516188067e-01	0.000000000000000000e+00
6.376268948096296407e-01	-3.137993689516188067e-01	0.000000000000000000e+00
6.421868764039024846e-01	-3.354980192516838211e-01	0.000000000000000000e+00
6.436417006803987206e-01	-3.505295571658615938e-01	0.000000000000000000e+00
6.475465062502195890e-01	-3.708002986222014852e-01	0.000000000000000000e+00
6.475465062502195890e-01	-3.708002986222014852e-01	0.000000000000000000e+00
6.553561173898614367e-01	-3.809519026644450634e-01	0.000000000000000000e+00
6.553561173898614367e-01	-3.809519026644450634e-01	0.000000000000000000e+00
6.553561173898614367e-01	-3.809519026644450634e-01	0.000000000000000000e+00
6.560630142277984467e-01	-3.700221837742922459e-01	0.000000000000000000e+00
6.560630142277984467e-01	-3.700221837742922459e-01	0.000000000000000000e+00
8.284326306838871723e-01	-4.390987656740448775e-01	0.000000000000000000e+00
8.284326306838871723e-01	-4.390987656740448775e-01	0.000000000000000000e+00
8.284326306838871723e-01	-4.390987656740448775e-01	0.000000000000000000e+00
8.284326306838871723e-01	-4.390987656740448775e-01	0.000000000000000000e+00
8.293019274213896397e-01	-4.540210287091125951e-01	0.000000000000000000e+00
8.293019274213896397e-01	-4.540210287091125951e-01	0.000000000000000000e+00
8.311555304081446049e-01	-4.828390197621691970e-01	0.000000000000000000e+00
8.311555304081446049e-01	-4.828390197621691970e-01	0.000000000000000000e+00
8.317717333706494687e-01	-4.995760124245511857e-01	0.000000000000000000e+00
8.317717333706494687e-01	-5.160160650807241733e-01	0.000000000000000000e+00
8.317894035179668188e-01	-5.152986669509724837e-01	0.000000000000000000e+00
8.331614290770886777e-01	-5.290100095784245893e-01	0.000000000000000000e+00
8.341688071133879223e-01	-5.373217612866372228e-01	0.000000000000000000e+00
8.358726767117480305e-01	-5.500776885366148727e-01	0.000000000000000000e+00
8.365012439053425286e-01	-5.644826713691915021e-01	0.000000000000000000e+00
8.378874327843465197e-01	-5.816493888652441990e-01	0.000000000000000000e+00
8.378874327843465197e-01	-5.816493888652441990e-01	0.000000000000000000e+00
8.413387942623321569e-01	-6.090124671126438960e-01	0.000000000000000000e+00
8.413387942623321569e-01	-6.090124671126438960e-01	0.000000000000000000e+00
8.413387942623321569e-01	-6.170029431643694329e-01	0.000000000000000000e+00
8.413387942623321569e-01	-6.338878478247290671e-01	0.000000000000000000e+00
8.413387942623321569e-01	-6.338878478247290671e-01	0.000000000000000000e+00
8.459354516521399026e-01	-6.485597320088635209e-01	0.000000000000000000e+00
8.459354516521399026e-01	-6.485597320088635209e-01	0.000000000000000000e+00
8.492481913497785806e-01	-6.612631438193057321e-01	0.000000000000000000e+00
8.492481913497785806e-01	-6.612631438193057321e-01	0.000000000000000000e+00
