0.000000000000000000e+00	5.178320706968750464e+00	0.000000000000000000e+00
2.319036809936214638e-02	4.793217863593925543e+00	0.000000000000000000e+00
3.872146271190291672e-02	4.671325898272137955e+00	0.000000000000000000e+00
9.031815435259307745e-02	4.403755734344579231e+00	0.000000000000000000e+00
9.031815435259307745e-02	4.403755734344579231e+00	0.000000000000000000e+00
9.031815435259307745e-02	4.403755734344579231e+00	0.000000000000000000e+00
1.554416586697819902e-01	4.129569822383760247e+00	0.000000000000000000e+00
1.554416586697819902e-01	4.129569822383760247e+00	0.000000000000000000e+00
2.215284384404376250e-01	3.223676080943810529e+00	0.000000000000000000e+00
2.215284384404376250e-01	3.223676080943810529e+00	0.000000000000000000e+00
2.215284384404376250e-01	3.246356846614733893e+00	0.000000000000000000e+00
2.215284384404376250e-01	3.246356846614733893e+00	0.000000000000000000e+00
2.215284384404376250e-01	3.223676080943810529e+00	0.000000000000000000e+00
2.215284384404376250e-01	3.223676080943810529e+00	0.000000000000000000e+00
2.215284384404376250e-01	3.223676080943810529e+00	0.000000000000000000e+00
2.215284384404376250e-01	3.223676080943810529e+00	0.000000000000000000e+00
2.215284384404376250e-01	3.232699567844963262e+00	0.000000000000000000e+00
2.215284384404376250e-01	3.232699567844963262e+00	0.000000000000000000e+00
2.215284384404376250e-01	3.232699567844963262e+00	0.000000000000000000e+00
2.215284384404376250e-01	3.232699567844963262e+00	0.000000000000000000e+00
2.215284384404376250e-01	3.232699567844963262e+00	0.000000000000000000e+00
2.215284384404376250e-01	3.232699567844963262e+00	0.000000000000000000e+00
2.215284384404376250e-01	3.232699567844963262e+00	0.000000000000000000e+00
2.215284384404376250e-01	3.232699567844963262e+00	0.000000000000000000e+00
4.883072182833697594e-01	3.064112923418654155e+00	0.000000000000000000e+00
4.883072182833697594e-01	3.064112923418654155e+00	0.000000000000000000e+00
4.883072182833697594e-01	3.064112923418654155e+00	0.000000000000000000e+00
4.883072182833697594e-01	3.064112923418654155e+00	0.000000000000000000e+00
4.883072182833697594e-01	3.064112923418654155e+00	0.000000000000000000e+00
4.883072182833697594e-01	3.064112923418654155e+00	0.000000000000000000e+00
6.211678688150854555e-01	2.475645977512848983e+00	0.000000000000000000e+00
6.211678688150854555e-01	2.475645977512848983e+00	0.000000000000000000e+00
6.211678688150854555e-01	2.475645977512848983e+00	0.000000000000000000e+00
6.211678688150854555e-01	2.475645977512848983e+00	0.000000000000000000e+00
6.211678688150854555e-01	2.475645977512848983e+00	0.000000000000000000e+00
6.211678688150854555e-01	2.475645977512848983e+00	0.000000000000000000e+00
6.211678688150854555e-01	2.475645977512848983e+00	0.000000000000000000e+00
6.211678688150854555e-01	2.475645977512848983e+00	0.000000000000000000e+00
6.211678688150854555e-01	2.519634619680394039e+00	0.000000000000000000e+00
6.211678688150854555e-01	2.519634619680394039e+00	0.000000000000000000e+00
6.211678688150854555e-01	2.301475688492022886e+00	0.000000000000000000e+00
6.211678688150854555e-01	2.301475688492022886e+00	0.000000000000000000e+00
6.211678688150854555e-01	2.301475688492022886e+00	0.000000000000000000e+00
6.211678688150854555e-01	2.301475688492022886e+00	0.000000000000000000e+00
6.211678688150854555e-01	2.301475688492022886e+00	0.000000000000000000e+00
6.211678688150854555e-01	2.301475688492022886e+00	0.000000000000000000e+00
6.211678688150854555e-01	2.212957057908922831e+00	0.000000000000000000e+00
6.211678688150854555e-01	2.212957057908922831e+00	0.000000000000000000e+00
6.211678688150854555e-01	2.212957057908922831e+00	0.000000000000000000e+00
6.541089550190088975e-01	1.858712893579062886e+00	0.000000000000000000e+00
6.541089550190088975e-01	1.858712893579062886e+00	0.000000000000000000e+00
6.845466440023404431e-01	2.004038817098224623e+00	0.000000000000000000e+00
6.564122692181710850e-01	1.879176070924625686e+00	0.000000000000000000e+00
6.564122692181710850e-01	1.879176070924625686e+00	0.000000000000000000e+00
6.564122692181710850e-01	1.879176070924625686e+00	0.000000000000000000e+00
6.564122692181710850e-01	1.879176070924625686e+00	0.000000000000000000e+00
6.564122692181710850e-01	1.879176070924625686e+00	0.000000000000000000e+00
6.564122692181710850e-01	1.879176070924625686e+00	0.000000000000000000e+00
6.564122692181710850e-01	1.879176070924625686e+00	0.000000000000000000e+00
6.564122692181710850e-01	1.879176070924625686e+00	0.000000000000000000e+00
6.564122692181710850e-01	2.161597295945573372e+00	0.000000000000000000e+00
6.564122692181710850e-01	2.161597295945573372e+00	0.000000000000000000e+00
8.427990558619413708e-01	1.596308986048590395e+00	0.000000000000000000e+00
8.427990558619413708e-01	1.596308986048590395e+00	0.000000000000000000e+00
8.427990558619413708e-01	1.589856413774364263e+00	0.000000000000000000e+00
8.427990558619413708e-01	1.589856413774364263e+00	0.000000000000000000e+00
8.427990558619413708e-01	1.589856413774364263e+00	0.000000000000000000e+00
8.427990558619413708e-01	1.589856413774364263e+00	0.000000000000000000e+00
8.427990558619413708e-01	1.589856413774364263e+00	0.000000000000000000e+00
8.427990558619413708e-01	1.608281676758263501e+00	0.000000000000000000e+00
8.427990558619413708e-01	1.608281676758263501e+00	0.000000000000000000e+00
8.427990558619413708e-01	1.608281676758263501e+00	0.000000000000000000e+00
8.427990558619413708e-01	1.608281676758263501e+00	0.000000000000000000e+00
8.427990558619413708e-01	1.608281676758263501e+00	0.000000000000000000e+00
8.427990558619413708e-01	1.608281676758263501e+00	0.000000000000000000e+00
8.427990558619413708e-01	1.608281676758263501e+00	0.000000000000000000e+00
8.427990558619413708e-01	1.608281676758263501e+00	0.000000000000000000e+00
8.337882160539830112e-01	1.762239432492915814e+00	0.000000000000000000e+00
8.337882160539830112e-01	1.762239432492915814e+00	0.000000000000000000e+00
8.337882160539830112e-01	1.762239432492915814e+00	0.000000000000000000e+00
8.360265817660956778e-01	1.746396744898171205e+00	0.000000000000000000e+00
8.360265817660956778e-01	1.746396744898171205e+00	0.000000000000000000e+00
8.360265817660956778e-01	1.746396744898171205e+00	0.000000000000000000e+00
8.360265817660956778e-01	1.746396744898171205e+00	0.000000000000000000e+00
8.360265817660956778e-01	1.746396744898171205e+00	0.000000000000000000e+00
8.360265817660956778e-01	1.746396744898171205e+00	0.000000000000000000e+00
8.360265817660956778e-01	1.742132818839690289e+00	0.000000000000000000e+00
8.360265817660956778e-01	1.742132818839690289e+00	0.000000000000000000e+00
8.360265817660956778e-01	1.742132818839690289e+00	0.000000000000000000e+00
8.360265817660956778e-01	1.742132818839690289e+00	0.000000000000000000e+00
8.360265817660956778e-01	1.742132818839690289e+00	0.000000000000000000e+00
8.360265817660956778e-01	1.742132818839690289e+00	0.000000000000000000e+00
8.360265817660956778e-01	1.742132818839690289e+00	0.000000000000000000e+00
8.360265817660956778e-01	1.742132818839690289e+00	0.000000000000000000e+00
8.360265817660956778e-01	1.778457679147893433e+00	0.000000000000000000e+00
8.360265817660956778e-01	1.778457679147893433e+00	0.000000000000000000e+00
8.360265817660956778e-01	1.840259110599810066e+00	0.000000000000000000e+00
8.360265817660956778e-01	1.840259110599810066e+00	0.000000000000000000e+00
8.360265817660956778e-01	1.840259110599810066e+00	0.000000000000000000e+00
8.360265817660956778e-01	1.840259110599810066e+00	0.000000000000000000e+00
