0.000000000000000000e+00	1.822970575944047322e+00	0.000000000000000000e+00
7.838973818400575555e-03	1.168310931440308176e+00	0.000000000000000000e+00
3.034195667382162676e-02	9.959408739830334367e-01	0.000000000000000000e+00
3.711361818393314749e-02	9.467765935465703997e-01	0.000000000000000000e+00
5.854928873106514386e-02	8.717636736418924448e-01	0.000000000000000000e+00
7.372026706797596418e-02	8.131185904254200070e-01	0.000000000000000000e+00
7.372026706797596418e-02	8.131185904254200070e-01	0.000000000000000000e+00
7.372026706797596418e-02	8.131185904254200070e-01	0.000000000000000000e+00
8.757343742972695244e-02	8.295969263922641224e-01	0.000000000000000000e+00
8.757343742972695244e-02	8.295969263922641224e-01	0.000000000000000000e+00
7.372026706797596418e-02	8.431492582858317597e-01	0.000000000000000000e+00
6.613477789952054708e-02	8.516001543790516770e-01	0.000000000000000000e+00
1.891715451508360346e-01	7.728605833509568646e-01	0.000000000000000000e+00
1.891715451508360346e-01	7.720146500032504244e-01	0.000000000000000000e+00
2.045071206187457635e-01	6.346051236850860366e-01	0.000000000000000000e+00
2.045071206187457635e-01	6.346051236850860366e-01	0.000000000000000000e+00
2.148731268543657147e-01	5.547595884123640575e-01	0.000000000000000000e+00
2.237265540559666699e-01	4.897889294929458348e-01	0.000000000000000000e+00
2.237265540559666699e-01	4.897889294929458348e-01	0.000000000000000000e+00
2.348838761072517545e-01	4.384026617611791465e-01	0.000000000000000000e+00
2.451225369381664632e-01	3.975594580113697707e-01	0.000000000000000000e+00
2.537616927095349140e-01	3.786503228724334424e-01	0.000000000000000000e+00
2.547903542346814376e-01	3.611261328083157363e-01	0.000000000000000000e+00
2.547903542346814376e-01	3.609361261387167286e-01	0.000000000000000000e+00
2.547903542346814376e-01	3.609361261387167286e-01	0.000000000000000000e+00
2.547903542346814376e-01	3.609361261387167286e-01	0.000000000000000000e+00
2.547903542346814376e-01	3.609296405139630348e-01	0.000000000000000000e+00
2.547903542346814376e-01	3.609296405139630348e-01	0.000000000000000000e+00
2.547903542346814376e-01	3.609296405139630348e-01	0.000000000000000000e+00
2.547903542346814376e-01	3.609296405139630348e-01	0.000000000000000000e+00
2.547903542346814376e-01	3.609296405139630348e-01	0.000000000000000000e+00
4.146795055092332150e-01	3.041355349610537773e-01	0.000000000000000000e+00
4.146795055092332150e-01	3.041355349610537773e-01	0.000000000000000000e+00
4.190673103661249344e-01	2.727231135297591424e-01	0.000000000000000000e+00
4.190673103661249344e-01	2.452750258690346574e-01	0.000000000000000000e+00
4.214623925529002446e-01	2.115705996391060717e-01	0.000000000000000000e+00
4.266141783469340476e-01	1.569669825228267035e-01	0.000000000000000000e+00
4.351644408038083944e-01	1.637928120487647521e-01	0.000000000000000000e+00
4.351644408038083944e-01	1.066447860706347950e-01	0.000000000000000000e+00
4.351644408038083944e-01	1.066447860706347950e-01	0.000000000000000000e+00
4.395980552820664133e-01	6.428361310980391929e-02	0.000000000000000000e+00
4.395980552820664133e-01	6.428361310980391929e-02	0.000000000000000000e+00
4.455683370989108050e-01	3.359095164429008046e-02	0.000000000000000000e+00
4.459856664068382326e-01	2.888558887509429934e-02	0.000000000000000000e+00
4.493436964349028506e-01	1.833536426680508610e-04	0.000000000000000000e+00
4.557881257912749229e-01	2.814915790874403457e-05	0.000000000000000000e+00
4.557881257912749229e-01	2.814915790874403457e-05	0.000000000000000000e+00
4.557881257912749229e-01	2.814915790874403457e-05	0.000000000000000000e+00
4.557881257912749229e-01	2.814915790874403457e-05	0.000000000000000000e+00
4.557881257912749229e-01	2.814915790874403457e-05	0.000000000000000000e+00
4.493436964349028506e-01	1.833536426680508610e-04	0.000000000000000000e+00
4.557881257912749229e-01	7.858716051911315273e-04	0.000000000000000000e+00
4.493436964349028506e-01	2.041570007617540643e-03	0.000000000000000000e+00
6.296872750930698759e-01	-1.050624829535252852e-01	0.000000000000000000e+00
6.296872750930698759e-01	-1.050624829535252852e-01	0.000000000000000000e+00
6.296872750930698759e-01	-1.050624829535252852e-01	0.000000000000000000e+00
6.296872750930698759e-01	-1.050624829535252852e-01	0.000000000000000000e+00
6.296872750930698759e-01	-1.050624829535252852e-01	0.000000000000000000e+00
6.296872750930698759e-01	-1.050624829535252852e-01	0.000000000000000000e+00
6.366925180190363687e-01	-1.304250596666607365e-01	0.000000000000000000e+00
6.366925180190363687e-01	-1.480092434675212842e-01	0.000000000000000000e+00
6.391548562809752365e-01	-2.291888686916420947e-01	0.000000000000000000e+00
6.391548562809752365e-01	-2.291888686916420947e-01	0.000000000000000000e+00
6.391548562809752365e-01	-2.291888686916420947e-01	0.000000000000000000e+00
6.391548562809752365e-01	-2.291888686916420947e-01	0.000000000000000000e+00
6.391548562809752365e-01	-2.291888686916420947e-01	0.000000000000000000e+00
6.398491513047322998e-01	-2.353491902636947741e-01	0.000000000000000000e+00
6.398491513047322998e-01	-2.497909170432476289e-01	0.000000000000000000e+00
6.426082483857024075e-01	-2.827948327305469522e-01	0.000000000000000000e+00
6.426082483857024075e-01	-2.827948327305469522e-01	0.000000000000000000e+00
6.434937189865375107e-01	-2.928936524253242801e-01	0.000000000000000000e+00
6.442521142995086825e-01	-2.995106915366829714e-01	0.000000000000000000e+00
6.517240227338334524e-01	-3.149920968138373301e-01	0.000000000000000000e+00
6.517240227338334524e-01	-3.149920968138373301e-01	0.000000000000000000e+00
6.517240227338334524e-01	-3.149920968138373301e-01	0.000000000000000000e+00
6.517240227338334524e-01	-3.149920968138373301e-01	0.000000000000000000e+00
6.542375304191400121e-01	-3.200026422798141201e-01	0.000000000000000000e+00
6.542375304191400121e-01	-3.200026422798141201e-01	0.000000000000000000e+00
8.368518665691823122e-01	-4.432846222687989446e-01	0.000000000000000000e+00
8.368518665691823122e-01	-4.432846222687989446e-01	0.000000000000000000e+00
8.368518665691823122e-01	-4.432846222687989446e-01	0.000000000000000000e+00
8.368518665691823122e-01	-4.432846222687989446e-01	0.000000000000000000e+00
8.368518665691823122e-01	-4.414858213532376618e-01	0.000000000000000000e+00
8.368518665691823122e-01	-4.414858213532376618e-01	0.000000000000000000e+00
8.368518665691823122e-01	-4.414858213532376618e-01	0.000000000000000000e+00
8.368518665691823122e-01	-4.414858213532376618e-01	0.000000000000000000e+00
8.368518665691823122e-01	-4.314566938503059945e-01	0.000000000000000000e+00
8.424255216675530233e-01	-4.488170322497874176e-01	0.000000000000000000e+00
8.479991767659237345e-01	-5.163004657771542716e-01	0.000000000000000000e+00
8.479991767659237345e-01	-5.163004657771542716e-01	0.000000000000000000e+00
8.479991767659237345e-01	-5.163004657771542716e-01	0.000000000000000000e+00
8.479991767659237345e-01	-5.163004657771542716e-01	0.000000000000000000e+00
8.479991767659237345e-01	-5.508591770043348435e-01	0.000000000000000000e+00
8.479991767659237345e-01	-5.508591770043348435e-01	0.000000000000000000e+00
8.479991767659237345e-01	-5.508591770043348435e-01	0.000000000000000000e+00
8.479991767659237345e-01	-5.508591770043348435e-01	0.000000000000000000e+00
8.479991767659237345e-01	-5.508591770043348435e-01	0.000000000000000000e+00
8.479991767659237345e-01	-5.508591770043348435e-01	0.000000000000000000e+00
8.479991767659237345e-01	-5.508591770043348435e-01	0.000000000000000000e+00
8.479991767659237345e-01	-5.508591770043348435e-01	0.000000000000000000e+00
