0.000000000000000000e+00	2.239778058105390990e+00	0.000000000000000000e+00
8.916508108139511307e-03	1.812403721961189262e+00	0.000000000000000000e+00
2.968848438413590821e-02	1.622541962246358827e+00	0.000000000000000000e+00
4.976614164317619271e-02	1.548728607923478773e+00	0.000000000000000000e+00
7.317476101907054165e-02	1.274117734014542425e+00	0.000000000000000000e+00
7.317476101907054165e-02	1.274117734014542425e+00	0.000000000000000000e+00
7.317476101907054165e-02	1.274117734014542425e+00	0.000000000000000000e+00
1.108504347574406079e-01	1.036044647270991881e+00	0.000000000000000000e+00
1.108504347574406079e-01	1.036044647270991881e+00	0.000000000000000000e+00
1.108504347574406079e-01	1.036044647270991881e+00	0.000000000000000000e+00
1.108504347574406079e-01	1.036044647270991881e+00	0.000000000000000000e+00
1.108504347574406079e-01	1.036044647270991881e+00	0.000000000000000000e+00
9.829187684465058583e-02	1.055367126328498495e+00	0.000000000000000000e+00
9.829187684465058583e-02	1.055367126328498495e+00	0.000000000000000000e+00
2.148731268543657147e-01	8.975549887360099177e-01	0.000000000000000000e+00
2.148731268543657147e-01	8.975549887360099177e-01	0.000000000000000000e+00
2.293814826762113346e-01	7.507176467906671036e-01	0.000000000000000000e+00
2.293814826762113346e-01	7.507176467906671036e-01	0.000000000000000000e+00
2.293814826762113346e-01	7.210891373837458040e-01	0.000000000000000000e+00
2.352584224518115830e-01	6.525190110036637181e-01	0.000000000000000000e+00
2.374169758686159870e-01	6.348136158568166154e-01	0.000000000000000000e+00
2.490223641038784019e-01	6.062734685149644420e-01	0.000000000000000000e+00
2.490223641038784019e-01	5.839934199051896035e-01	0.000000000000000000e+00
2.548250582215095816e-01	5.764696365831208924e-01	0.000000000000000000e+00
2.548250582215095816e-01	5.764696365831208924e-01	0.000000000000000000e+00
2.548250582215095816e-01	5.764696365831208924e-01	0.000000000000000000e+00
2.565285736282115203e-01	5.224535891298595081e-01	0.000000000000000000e+00
2.565285736282115203e-01	5.224535891298595081e-01	0.000000000000000000e+00
2.565285736282115203e-01	5.041186506991920391e-01	0.000000000000000000e+00
2.565285736282115203e-01	4.794684883490907823e-01	0.000000000000000000e+00
2.565285736282115203e-01	4.794684883490907823e-01	0.000000000000000000e+00
2.565285736282115203e-01	4.794684883490907823e-01	0.000000000000000000e+00
2.468564957400083137e-01	4.345615719955513989e-01	0.000000000000000000e+00
2.468564957400083137e-01	4.345615719955513989e-01	0.000000000000000000e+00
2.468564957400083137e-01	4.345615719955513989e-01	0.000000000000000000e+00
2.468564957400083137e-01	4.345615719955513989e-01	0.000000000000000000e+00
4.096403829135710217e-01	3.855853855290629073e-01	0.000000000000000000e+00
4.096403829135710217e-01	3.855853855290629073e-01	0.000000000000000000e+00
4.169675967514924197e-01	3.499806014294515877e-01	0.000000000000000000e+00
4.169675967514924197e-01	3.499806014294515877e-01	0.000000000000000000e+00
4.256876663170449104e-01	2.764732874614432290e-01	0.000000000000000000e+00
4.256876663170449104e-01	2.764732874614432290e-01	0.000000000000000000e+00
4.256876663170449104e-01	2.764732874614432290e-01	0.000000000000000000e+00
4.268713830314473379e-01	2.565586776103416233e-01	0.000000000000000000e+00
4.275780381611666847e-01	2.409874240408670376e-01	0.000000000000000000e+00
4.275780381611666847e-01	2.409874240408670376e-01	0.000000000000000000e+00
4.280550997458497098e-01	2.392201522553326076e-01	0.000000000000000000e+00
4.280550997458497098e-01	2.392201522553326076e-01	0.000000000000000000e+00
4.280550997458497098e-01	2.392201522553326076e-01	0.000000000000000000e+00
4.280550997458497098e-01	2.378574874375874726e-01	0.000000000000000000e+00
4.280550997458497098e-01	2.378574874375874726e-01	0.000000000000000000e+00
4.280550997458497098e-01	2.378574874375874726e-01	0.000000000000000000e+00
4.280550997458497098e-01	2.378574874375874726e-01	0.000000000000000000e+00
4.280550997458497098e-01	2.378574874375874726e-01	0.000000000000000000e+00
6.270764631005880663e-01	1.248339029262520022e-01	0.000000000000000000e+00
6.244753800986392323e-01	1.938855929400755129e-01	0.000000000000000000e+00
6.270764631005880663e-01	1.666351568689143359e-01	0.000000000000000000e+00
6.270764631005880663e-01	1.248339029262520022e-01	0.000000000000000000e+00
6.270764631005880663e-01	1.248339029262520022e-01	0.000000000000000000e+00
6.270764631005880663e-01	1.248339029262520022e-01	0.000000000000000000e+00
6.366155115375518037e-01	1.140111035611622442e-01	0.000000000000000000e+00
6.368919043865731711e-01	9.258846812464471832e-02	0.000000000000000000e+00
6.368919043865731711e-01	5.511865618785637133e-02	0.000000000000000000e+00
6.368919043865731711e-01	5.511865618785637133e-02	0.000000000000000000e+00
6.415648087327179283e-01	5.043008715163253136e-02	0.000000000000000000e+00
6.466371963810099155e-01	3.253399380237600308e-02	0.000000000000000000e+00
6.475590951050185229e-01	-8.024252518203552065e-03	0.000000000000000000e+00
6.475590951050185229e-01	-8.024252518203552065e-03	0.000000000000000000e+00
6.475590951050185229e-01	-8.024252518203552065e-03	0.000000000000000000e+00
6.475590951050185229e-01	-3.814425654267880605e-02	0.000000000000000000e+00
6.475590951050185229e-01	-3.814425654267880605e-02	0.000000000000000000e+00
6.475590951050185229e-01	-3.814425654267880605e-02	0.000000000000000000e+00
6.475590951050185229e-01	-3.814425654267880605e-02	0.000000000000000000e+00
6.475590951050185229e-01	-3.814425654267880605e-02	0.000000000000000000e+00
6.475590951050185229e-01	-3.814425654267880605e-02	0.000000000000000000e+00
6.475590951050185229e-01	-3.814425654267880605e-02	0.000000000000000000e+00
8.276897455076112076e-01	-1.051944924868530307e-01	0.000000000000000000e+00
8.283958596554922282e-01	-1.273122257641204347e-01	0.000000000000000000e+00
8.283958596554922282e-01	-1.189705919168123766e-01	0.000000000000000000e+00
8.283958596554922282e-01	-1.189705919168123766e-01	0.000000000000000000e+00
8.283958596554922282e-01	-1.189705919168123766e-01	0.000000000000000000e+00
8.283958596554922282e-01	-1.189705919168123766e-01	0.000000000000000000e+00
8.310170254761852782e-01	-1.623416716027829831e-01	0.000000000000000000e+00
8.310170254761852782e-01	-1.623416716027829831e-01	0.000000000000000000e+00
8.310170254761852782e-01	-1.623416716027829831e-01	0.000000000000000000e+00
8.310170254761852782e-01	-1.623416716027829831e-01	0.000000000000000000e+00
8.331198183223673670e-01	-1.761412145749932101e-01	0.000000000000000000e+00
8.346761668243064536e-01	-2.126523171430781678e-01	0.000000000000000000e+00
8.346761668243064536e-01	-2.126523171430781678e-01	0.000000000000000000e+00
8.357842870759226717e-01	-2.093412655910829867e-01	0.000000000000000000e+00
8.373365301854904796e-01	-2.207056261515119577e-01	0.000000000000000000e+00
8.407845074666217000e-01	-2.327274936685899132e-01	0.000000000000000000e+00
8.443138059808519280e-01	-2.864383693033688560e-01	0.000000000000000000e+00
8.443138059808519280e-01	-2.864383693033688560e-01	0.000000000000000000e+00
8.443138059808519280e-01	-2.864383693033688560e-01	0.000000000000000000e+00
8.443138059808519280e-01	-2.864383693033688560e-01	0.000000000000000000e+00
8.443138059808519280e-01	-2.864383693033688560e-01	0.000000000000000000e+00
8.443138059808519280e-01	-2.864383693033688560e-01	0.000000000000000000e+00
8.503447499425051959e-01	-2.930000691742593588e-01	0.000000000000000000e+00
8.520587970312308856e-01	-2.990738938778763067e-01	0.000000000000000000e+00
