0.000000000000000000e+00	2.888525012802741543e+00	0.000000000000000000e+00
2.570395051388043445e-02	2.183879232543230131e+00	0.000000000000000000e+00
4.421083020186523938e-02	1.860923479875128406e+00	0.000000000000000000e+00
4.421083020186523938e-02	1.860923479875128406e+00	0.000000000000000000e+00
7.897985364599213742e-02	1.696804797273212762e+00	0.000000000000000000e+00
8.901551248341328659e-02	1.620283905882821784e+00	0.000000000000000000e+00
8.901551248341328659e-02	1.620283905882821784e+00	0.000000000000000000e+00
8.901551248341328659e-02	1.620283905882821784e+00	0.000000000000000000e+00
8.901551248341328659e-02	1.620283905882821784e+00	0.000000000000000000e+00
8.901551248341328659e-02	1.620283905882821784e+00	0.000000000000000000e+00
1.910913334135420083e-01	1.403616690719736937e+00	0.000000000000000000e+00
1.910913334135420083e-01	1.365173226726542843e+00	0.000000000000000000e+00
2.170417515192306357e-01	1.299519402949307789e+00	0.000000000000000000e+00
2.255441833352049286e-01	1.141362834302190876e+00	0.000000000000000000e+00
2.255441833352049286e-01	1.141362834302190876e+00	0.000000000000000000e+00
2.309034433030057731e-01	1.031688145769117604e+00	0.000000000000000000e+00
2.328285510691859572e-01	8.392903452080379134e-01	0.000000000000000000e+00
2.328285510691859572e-01	8.392903452080379134e-01	0.000000000000000000e+00
2.328285510691859572e-01	8.392903452080379134e-01	0.000000000000000000e+00
2.435194655078161130e-01	7.571678977192157767e-01	0.000000000000000000e+00
2.435194655078161130e-01	7.571678977192157767e-01	0.000000000000000000e+00
2.541611164748021068e-01	7.194084059777108298e-01	0.000000000000000000e+00
2.606277523391408169e-01	6.782834449949221023e-01	0.000000000000000000e+00
2.606277523391408169e-01	6.753474145750260060e-01	0.000000000000000000e+00
2.606277523391408169e-01	6.753474145750260060e-01	0.000000000000000000e+00
2.606277523391408169e-01	6.753474145750260060e-01	0.000000000000000000e+00
2.606277523391408169e-01	6.753474145750260060e-01	0.000000000000000000e+00
2.606277523391408169e-01	6.753474145750260060e-01	0.000000000000000000e+00
2.606277523391408169e-01	6.753474145750260060e-01	0.000000000000000000e+00
2.606277523391408169e-01	6.753474145750260060e-01	0.000000000000000000e+00
2.606277523391408169e-01	6.753474145750260060e-01	0.000000000000000000e+00
4.200788117516962572e-01	5.044367521650362507e-01	0.000000000000000000e+00
4.200788117516962572e-01	5.044367521650362507e-01	0.000000000000000000e+00
4.200788117516962572e-01	5.044367521650362507e-01	0.000000000000000000e+00
4.200788117516962572e-01	5.044367521650362507e-01	0.000000000000000000e+00
4.200788117516962572e-01	5.044367521650362507e-01	0.000000000000000000e+00
4.200788117516962572e-01	5.044367521650362507e-01	0.000000000000000000e+00
4.398446641248900946e-01	4.020950690135406402e-01	0.000000000000000000e+00
4.398446641248900946e-01	4.020950690135406402e-01	0.000000000000000000e+00
4.398446641248900946e-01	4.020950690135406402e-01	0.000000000000000000e+00
4.398446641248900946e-01	3.881371828345239750e-01	0.000000000000000000e+00
4.398446641248900946e-01	3.881371828345239750e-01	0.000000000000000000e+00
4.662352364169068952e-01	3.979292329343189771e-01	0.000000000000000000e+00
4.662352364169068952e-01	3.846734809706992553e-01	0.000000000000000000e+00
4.662352364169068952e-01	3.846734809706992553e-01	0.000000000000000000e+00
4.662352364169068952e-01	3.846734809706992553e-01	0.000000000000000000e+00
4.662352364169068952e-01	3.979292329343189771e-01	0.000000000000000000e+00
4.507722319850816506e-01	4.440194510814137185e-01	0.000000000000000000e+00
6.232536634494647565e-01	1.337148328712210177e-01	0.000000000000000000e+00
6.232089252874807306e-01	1.927542396450606932e-01	0.000000000000000000e+00
6.232089252874807306e-01	1.927542396450606932e-01	0.000000000000000000e+00
6.232089252874807306e-01	1.927542396450606932e-01	0.000000000000000000e+00
6.232089252874807306e-01	2.153181287977811442e-01	0.000000000000000000e+00
6.232089252874807306e-01	2.153181287977811442e-01	0.000000000000000000e+00
6.232089252874807306e-01	2.402027758386156286e-01	0.000000000000000000e+00
6.232089252874807306e-01	2.402027758386156286e-01	0.000000000000000000e+00
6.232089252874807306e-01	2.402027758386156286e-01	0.000000000000000000e+00
6.232089252874807306e-01	2.153181287977811442e-01	0.000000000000000000e+00
6.314421716067371015e-01	1.526447992301427081e-01	0.000000000000000000e+00
6.314421716067371015e-01	1.526447992301427081e-01	0.000000000000000000e+00
6.314421716067371015e-01	1.526447992301427081e-01	0.000000000000000000e+00
6.314421716067371015e-01	1.526447992301427081e-01	0.000000000000000000e+00
6.349754399793204884e-01	1.295909970740268535e-01	0.000000000000000000e+00
6.349754399793204884e-01	1.295909970740268535e-01	0.000000000000000000e+00
6.349754399793204884e-01	8.935085073857988724e-02	0.000000000000000000e+00
6.349754399793204884e-01	8.935085073857988724e-02	0.000000000000000000e+00
6.349754399793204884e-01	8.935085073857988724e-02	0.000000000000000000e+00
6.482123425270600592e-01	4.269819146831742990e-02	0.000000000000000000e+00
6.482123425270600592e-01	4.269819146831742990e-02	0.000000000000000000e+00
6.482123425270600592e-01	4.269819146831742990e-02	0.000000000000000000e+00
6.482123425270600592e-01	4.269819146831742990e-02	0.000000000000000000e+00
6.482123425270600592e-01	4.269819146831742990e-02	0.000000000000000000e+00
8.331188384168226602e-01	5.447764346315452089e-02	0.000000000000000000e+00
8.331188384168226602e-01	5.447764346315452089e-02	0.000000000000000000e+00
8.305933970994007209e-01	3.862596133445654611e-02	0.000000000000000000e+00
8.319022351695412043e-01	-4.180096771535812827e-02	0.000000000000000000e+00
8.319022351695412043e-01	-4.681064620465556769e-02	0.000000000000000000e+00
8.319022351695412043e-01	-3.684321569761343784e-02	0.000000000000000000e+00
8.319022351695412043e-01	-3.684321569761343784e-02	0.000000000000000000e+00
8.319022351695412043e-01	-3.684321569761343784e-02	0.000000000000000000e+00
8.319022351695412043e-01	-3.684321569761343784e-02	0.000000000000000000e+00
8.319022351695412043e-01	-4.681064620465556769e-02	0.000000000000000000e+00
8.332294222526949179e-01	-1.138757344747126088e-01	0.000000000000000000e+00
8.332294222526949179e-01	-1.138757344747126088e-01	0.000000000000000000e+00
8.322519180575455033e-01	-1.177682609452454232e-01	0.000000000000000000e+00
8.322519180575455033e-01	-1.177682609452454232e-01	0.000000000000000000e+00
8.322519180575455033e-01	-1.177682609452454232e-01	0.000000000000000000e+00
8.322519180575455033e-01	-1.177682609452454232e-01	0.000000000000000000e+00
8.343680399932817959e-01	-1.340009290732502023e-01	0.000000000000000000e+00
8.370929179791036789e-01	-1.761103243766984627e-01	0.000000000000000000e+00
8.370929179791036789e-01	-1.761103243766984627e-01	0.000000000000000000e+00
8.370929179791036789e-01	-1.761103243766984627e-01	0.000000000000000000e+00
8.370929179791036789e-01	-1.761103243766984627e-01	0.000000000000000000e+00
8.370929179791036789e-01	-1.901366794230028856e-01	0.000000000000000000e+00
8.470194352807144389e-01	-2.075260922920725837e-01	0.000000000000000000e+00
8.470194352807144389e-01	-2.075260922920725837e-01	0.000000000000000000e+00
8.470194352807144389e-01	-2.075260922920725837e-01	0.000000000000000000e+00
8.533088942670331578e-01	-2.176867156602498299e-01	0.000000000000000000e+00
8.533088942670331578e-01	-2.176867156602498299e-01	0.000000000000000000e+00
8.533088942670331578e-01	-2.176867156602498299e-01	0.000000000000000000e+00
