0.000000000000000000e+00	3.664233453115972594e+00	0.000000000000000000e+00
1.714744578767322253e-02	3.218826484076537486e+00	0.000000000000000000e+00
4.813659241016926549e-02	3.087953225523489831e+00	0.000000000000000000e+00
6.805818666748815471e-02	2.776622144208583443e+00	0.000000000000000000e+00
6.805818666748815471e-02	2.764030804687394038e+00	0.000000000000000000e+00
6.805818666748815471e-02	2.764030804687394038e+00	0.000000000000000000e+00
6.805818666748815471e-02	2.764030804687394038e+00	0.000000000000000000e+00
6.805818666748815471e-02	2.764030804687394038e+00	0.000000000000000000e+00
6.805818666748815471e-02	2.764030804687394038e+00	0.000000000000000000e+00
2.109193176627596200e-01	2.573329707553878798e+00	0.000000000000000000e+00
2.120692750150111605e-01	2.491786881909737073e+00	0.000000000000000000e+00
2.266761279687173336e-01	2.212667703288502263e+00	0.000000000000000000e+00
2.266761279687173336e-01	2.212667703288502263e+00	0.000000000000000000e+00
2.266761279687173336e-01	2.145179288490015157e+00	0.000000000000000000e+00
2.266761279687173336e-01	2.088422240169161004e+00	0.000000000000000000e+00
2.266761279687173336e-01	2.088422240169161004e+00	0.000000000000000000e+00
2.312859226254066758e-01	2.107228209820075193e+00	0.000000000000000000e+00
2.312859226254066758e-01	2.107228209820075193e+00	0.000000000000000000e+00
2.266761279687173336e-01	2.126804208762429038e+00	0.000000000000000000e+00
2.266761279687173336e-01	2.173907159583159387e+00	0.000000000000000000e+00
2.266761279687173336e-01	2.173907159583159387e+00	0.000000000000000000e+00
2.266761279687173336e-01	2.173907159583159387e+00	0.000000000000000000e+00
4.299234447887456678e-01	1.793531087447259864e+00	0.000000000000000000e+00
4.299234447887456678e-01	1.824427537112839115e+00	0.000000000000000000e+00
4.299234447887456678e-01	1.824427537112839115e+00	0.000000000000000000e+00
4.299234447887456678e-01	1.824427537112839115e+00	0.000000000000000000e+00
4.299234447887456678e-01	1.793531087447259864e+00	0.000000000000000000e+00
4.299234447887456678e-01	1.793531087447259864e+00	0.000000000000000000e+00
4.424166669934178620e-01	1.556004642025777818e+00	0.000000000000000000e+00
4.424166669934178620e-01	1.556004642025777818e+00	0.000000000000000000e+00
4.424166669934178620e-01	1.556004642025777818e+00	0.000000000000000000e+00
4.424166669934178620e-01	1.539397711044343087e+00	0.000000000000000000e+00
4.424166669934178620e-01	1.543798337538772936e+00	0.000000000000000000e+00
4.424166669934178620e-01	1.539397711044343087e+00	0.000000000000000000e+00
4.424166669934178620e-01	1.539397711044343087e+00	0.000000000000000000e+00
4.424166669934178620e-01	1.539397711044343087e+00	0.000000000000000000e+00
4.424166669934178620e-01	1.539397711044343087e+00	0.000000000000000000e+00
4.424166669934178620e-01	1.543798337538772936e+00	0.000000000000000000e+00
4.424166669934178620e-01	1.543798337538772936e+00	0.000000000000000000e+00
4.424166669934178620e-01	1.543798337538772936e+00	0.000000000000000000e+00
4.424166669934178620e-01	1.584334425390055090e+00	0.000000000000000000e+00
6.488029458240225367e-01	1.222123512483620944e+00	0.000000000000000000e+00
6.488029458240225367e-01	1.222123512483620944e+00	0.000000000000000000e+00
6.488029458240225367e-01	1.222123512483620944e+00	0.000000000000000000e+00
6.488029458240225367e-01	1.222123512483620944e+00	0.000000000000000000e+00
6.488029458240225367e-01	1.222123512483620944e+00	0.000000000000000000e+00
6.488029458240225367e-01	1.222123512483620944e+00	0.000000000000000000e+00
6.488029458240225367e-01	1.222123512483620944e+00	0.000000000000000000e+00
6.488029458240225367e-01	1.222123512483620944e+00	0.000000000000000000e+00
6.488029458240225367e-01	1.236040843479514928e+00	0.000000000000000000e+00
6.488029458240225367e-01	1.236040843479514928e+00	0.000000000000000000e+00
6.488029458240225367e-01	1.214147147696852835e+00	0.000000000000000000e+00
6.488029458240225367e-01	1.214147147696852835e+00	0.000000000000000000e+00
6.488029458240225367e-01	1.214147147696852835e+00	0.000000000000000000e+00
6.488029458240225367e-01	1.209535310157219046e+00	0.000000000000000000e+00
6.488029458240225367e-01	1.209695948890664674e+00	0.000000000000000000e+00
6.488029458240225367e-01	1.209695948890664674e+00	0.000000000000000000e+00
8.350678405476299471e-01	1.048467385147796138e+00	0.000000000000000000e+00
8.350678405476299471e-01	1.048467385147796138e+00	0.000000000000000000e+00
8.350678405476299471e-01	1.048467385147796138e+00	0.000000000000000000e+00
8.350678405476299471e-01	1.048467385147796138e+00	0.000000000000000000e+00
8.350678405476299471e-01	1.048467385147796138e+00	0.000000000000000000e+00
8.350678405476299471e-01	1.048467385147796138e+00	0.000000000000000000e+00
8.350678405476299471e-01	1.089071127793596050e+00	0.000000000000000000e+00
8.350678405476299471e-01	1.089071127793596050e+00	0.000000000000000000e+00
8.350678405476299471e-01	1.089071127793596050e+00	0.000000000000000000e+00
8.354179696448420511e-01	9.499818206320919112e-01	0.000000000000000000e+00
8.354179696448420511e-01	9.499818206320919112e-01	0.000000000000000000e+00
8.354179696448420511e-01	9.499818206320919112e-01	0.000000000000000000e+00
8.354179696448420511e-01	9.499818206320919112e-01	0.000000000000000000e+00
8.354179696448420511e-01	9.499818206320919112e-01	0.000000000000000000e+00
8.356213314524972846e-01	8.999464115404062214e-01	0.000000000000000000e+00
8.356213314524972846e-01	8.999464115404062214e-01	0.000000000000000000e+00
8.356213314524972846e-01	8.999464115404062214e-01	0.000000000000000000e+00
8.358057360390448443e-01	6.837456709315680170e-01	0.000000000000000000e+00
8.358057360390448443e-01	6.837456709315680170e-01	0.000000000000000000e+00
8.358057360390448443e-01	6.837456709315680170e-01	0.000000000000000000e+00
8.358057360390448443e-01	6.837456709315680170e-01	0.000000000000000000e+00
8.358057360390448443e-01	6.837456709315680170e-01	0.000000000000000000e+00
8.357582902773337263e-01	5.777838909663710609e-01	0.000000000000000000e+00
8.357582902773337263e-01	5.777838909663710609e-01	0.000000000000000000e+00
8.357582902773337263e-01	5.777838909663710609e-01	0.000000000000000000e+00
8.357582902773337263e-01	5.777838909663710609e-01	0.000000000000000000e+00
8.357582902773337263e-01	5.777838909663710609e-01	0.000000000000000000e+00
8.357582902773337263e-01	5.777838909663710609e-01	0.000000000000000000e+00
8.357582902773337263e-01	5.777838909663710609e-01	0.000000000000000000e+00
8.357582902773337263e-01	5.777838909663710609e-01	0.000000000000000000e+00
8.357208979801674653e-01	7.263385203052536987e-01	0.000000000000000000e+00
8.357208979801674653e-01	7.263385203052536987e-01	0.000000000000000000e+00
8.357208979801674653e-01	7.263385203052536987e-01	0.000000000000000000e+00
8.357208979801674653e-01	7.263385203052536987e-01	0.000000000000000000e+00
8.357208979801674653e-01	7.263385203052536987e-01	0.000000000000000000e+00
8.357367586404393922e-01	6.529967229711277632e-01	0.000000000000000000e+00
8.357367586404393922e-01	6.529967229711277632e-01	0.000000000000000000e+00
8.357367586404393922e-01	6.529967229711277632e-01	0.000000000000000000e+00
8.357367586404393922e-01	6.529967229711277632e-01	0.000000000000000000e+00
8.357367586404393922e-01	6.529967229711277632e-01	0.000000000000000000e+00
8.357367586404393922e-01	6.529967229711277632e-01	0.000000000000000000e+00
8.357367586404393922e-01	6.529967229711277632e-01	0.000000000000000000e+00
8.357971638626423561e-01	6.541210984847048993e-01	0.000000000000000000e+00
