0.000000000000000000e+00	3.094027912172568673e+00	0.000000000000000000e+00
2.570395051388043445e-02	2.371586433690732854e+00	0.000000000000000000e+00
2.570395051388043445e-02	2.225016284243648723e+00	0.000000000000000000e+00
7.134472158510854478e-02	2.198529634314948744e+00	0.000000000000000000e+00
7.134472158510854478e-02	2.198529634314948744e+00	0.000000000000000000e+00
7.134472158510854478e-02	2.198529634314948744e+00	0.000000000000000000e+00
1.292974739455811095e-01	2.007013900177273769e+00	0.000000000000000000e+00
1.563491849116723786e-01	1.958256789675070886e+00	0.000000000000000000e+00
1.880724245479494516e-01	1.849970785322366806e+00	0.000000000000000000e+00
1.910913334135420083e-01	1.604670894673760895e+00	0.000000000000000000e+00
1.910913334135420083e-01	1.561143956762042651e+00	0.000000000000000000e+00
1.910913334135420083e-01	1.561143956762042651e+00	0.000000000000000000e+00
2.340466151511792492e-01	1.317658404113987158e+00	0.000000000000000000e+00
2.340466151511792492e-01	1.317658404113987158e+00	0.000000000000000000e+00
2.406834664601514573e-01	1.210580797416132448e+00	0.000000000000000000e+00
2.426475090653506250e-01	8.865055877383803962e-01	0.000000000000000000e+00
2.406834664601514573e-01	1.017527766557377866e+00	0.000000000000000000e+00
2.426475090653506250e-01	8.865055877383803962e-01	0.000000000000000000e+00
2.426475090653506250e-01	8.865055877383803962e-01	0.000000000000000000e+00
2.500384710015810530e-01	8.071683976595085408e-01	0.000000000000000000e+00
2.500384710015810530e-01	7.915878051560306661e-01	0.000000000000000000e+00
2.593934755430106764e-01	8.016787222795060952e-01	0.000000000000000000e+00
2.593934755430106764e-01	8.016787222795060952e-01	0.000000000000000000e+00
2.593934755430106764e-01	8.016787222795060952e-01	0.000000000000000000e+00
2.593934755430106764e-01	8.016787222795060952e-01	0.000000000000000000e+00
2.593934755430106764e-01	8.016787222795060952e-01	0.000000000000000000e+00
2.593934755430106764e-01	8.071314486231800922e-01	0.000000000000000000e+00
2.593934755430106764e-01	8.071314486231800922e-01	0.000000000000000000e+00
2.593934755430106764e-01	8.071314486231800922e-01	0.000000000000000000e+00
4.186997746139174970e-01	7.776183667409429789e-01	0.000000000000000000e+00
4.244593654242128089e-01	7.001309178859357329e-01	0.000000000000000000e+00
4.244593654242128089e-01	7.001309178859357329e-01	0.000000000000000000e+00
4.244593654242128089e-01	6.755868144777013029e-01	0.000000000000000000e+00
4.244593654242128089e-01	6.469685271326640619e-01	0.000000000000000000e+00
4.381035974183367099e-01	6.111094892759882935e-01	0.000000000000000000e+00
4.398446641248900946e-01	5.748532522803017075e-01	0.000000000000000000e+00
4.449141702674952459e-01	5.720578879381045256e-01	0.000000000000000000e+00
4.449141702674952459e-01	5.720578879381045256e-01	0.000000000000000000e+00
4.449141702674952459e-01	5.720578879381045256e-01	0.000000000000000000e+00
4.449141702674952459e-01	5.720578879381045256e-01	0.000000000000000000e+00
4.488195447458862009e-01	5.402153506944109562e-01	0.000000000000000000e+00
4.488195447458862009e-01	5.402153506944109562e-01	0.000000000000000000e+00
4.488195447458862009e-01	5.402153506944109562e-01	0.000000000000000000e+00
4.488195447458862009e-01	5.402153506944109562e-01	0.000000000000000000e+00
4.488195447458862009e-01	5.402153506944109562e-01	0.000000000000000000e+00
6.263849464477635465e-01	4.954010165397128018e-01	0.000000000000000000e+00
6.263849464477635465e-01	4.954010165397128018e-01	0.000000000000000000e+00
6.263849464477635465e-01	4.353972695589279907e-01	0.000000000000000000e+00
6.263849464477635465e-01	4.353972695589279907e-01	0.000000000000000000e+00
6.263849464477635465e-01	3.777552292864891914e-01	0.000000000000000000e+00
6.263849464477635465e-01	3.777552292864891914e-01	0.000000000000000000e+00
6.295162294460624475e-01	3.321014047036633388e-01	0.000000000000000000e+00
6.295162294460624475e-01	3.445701672712413455e-01	0.000000000000000000e+00
6.310818709452119535e-01	3.029365434225853027e-01	0.000000000000000000e+00
6.295162294460624475e-01	3.090023176581364606e-01	0.000000000000000000e+00
6.310818709452119535e-01	2.922455637743546775e-01	0.000000000000000000e+00
6.514353575151723419e-01	2.468954607634166742e-01	0.000000000000000000e+00
6.514353575151723419e-01	2.468954607634166742e-01	0.000000000000000000e+00
6.514353575151723419e-01	2.444572615206195565e-01	0.000000000000000000e+00
6.514353575151723419e-01	2.124736694109299329e-01	0.000000000000000000e+00
6.518125609140843491e-01	1.775819879182907457e-01	0.000000000000000000e+00
6.518125609140843491e-01	1.775819879182907457e-01	0.000000000000000000e+00
6.521897643129962452e-01	1.679020888763492758e-01	0.000000000000000000e+00
6.521897643129962452e-01	1.679020888763492758e-01	0.000000000000000000e+00
6.521897643129962452e-01	1.679020888763492758e-01	0.000000000000000000e+00
6.521897643129962452e-01	1.679020888763492758e-01	0.000000000000000000e+00
6.521897643129962452e-01	1.679020888763492758e-01	0.000000000000000000e+00
8.332294222526949179e-01	1.836932652220667553e-02	0.000000000000000000e+00
8.332294222526949179e-01	1.836932652220667553e-02	0.000000000000000000e+00
8.332294222526949179e-01	1.836932652220667553e-02	0.000000000000000000e+00
8.332294222526949179e-01	1.836932652220667553e-02	0.000000000000000000e+00
8.332294222526949179e-01	1.836932652220667553e-02	0.000000000000000000e+00
8.332294222526949179e-01	-1.479803552195426211e-02	0.000000000000000000e+00
8.332294222526949179e-01	-1.479803552195426211e-02	0.000000000000000000e+00
8.332294222526949179e-01	-1.479803552195426211e-02	0.000000000000000000e+00
8.332294222526949179e-01	4.003817305972244556e-02	0.000000000000000000e+00
8.332294222526949179e-01	-4.401117351493341601e-02	0.000000000000000000e+00
8.332294222526949179e-01	-4.401117351493341601e-02	0.000000000000000000e+00
8.332294222526949179e-01	-3.594237460334592099e-02	0.000000000000000000e+00
8.332294222526949179e-01	-3.594237460334592099e-02	0.000000000000000000e+00
8.332294222526949179e-01	-3.594237460334592099e-02	0.000000000000000000e+00
8.332294222526949179e-01	-3.594237460334592099e-02	0.000000000000000000e+00
8.332294222526949179e-01	-4.401117351493341601e-02	0.000000000000000000e+00
8.332294222526949179e-01	-4.921117573947627472e-02	0.000000000000000000e+00
8.388807502350752454e-01	-9.638064669332636891e-02	0.000000000000000000e+00
8.388807502350752454e-01	-9.638064669332636891e-02	0.000000000000000000e+00
8.388807502350752454e-01	-9.638064669332636891e-02	0.000000000000000000e+00
8.388807502350752454e-01	-1.290688939426954951e-01	0.000000000000000000e+00
8.388807502350752454e-01	-1.290688939426954951e-01	0.000000000000000000e+00
8.388807502350752454e-01	-1.290688939426954951e-01	0.000000000000000000e+00
8.436901315790612532e-01	-1.716646622333489469e-01	0.000000000000000000e+00
8.436901315790612532e-01	-1.716646622333489469e-01	0.000000000000000000e+00
8.436901315790612532e-01	-1.716646622333489469e-01	0.000000000000000000e+00
8.436901315790612532e-01	-1.716646622333489469e-01	0.000000000000000000e+00
8.436901315790612532e-01	-1.716646622333489469e-01	0.000000000000000000e+00
8.484995129230472610e-01	-1.943214335131598081e-01	0.000000000000000000e+00
8.484995129230472610e-01	-1.943214335131598081e-01	0.000000000000000000e+00
8.533088942670331578e-01	-2.158124481880038803e-01	0.000000000000000000e+00
8.533088942670331578e-01	-2.158124481880038803e-01	0.000000000000000000e+00
8.533088942670331578e-01	-2.158124481880038803e-01	0.000000000000000000e+00
