0.000000000000000000e+00	1.104255103490608958e+00	0.000000000000000000e+00
1.605240920556819453e-02	9.767749488068278030e-01	0.000000000000000000e+00
2.796085819277360079e-02	8.956934610491167348e-01	0.000000000000000000e+00
4.498421723460435673e-02	8.025295659935953729e-01	0.000000000000000000e+00
5.255421234378088169e-02	7.978165088417968898e-01	0.000000000000000000e+00
6.663388009369956844e-02	7.433748632309219451e-01	0.000000000000000000e+00
8.071354784361825518e-02	7.264765580375218690e-01	0.000000000000000000e+00
8.071354784361825518e-02	7.264765580375218690e-01	0.000000000000000000e+00
8.071354784361825518e-02	7.264765580375218690e-01	0.000000000000000000e+00
8.071354784361825518e-02	7.264765580375218690e-01	0.000000000000000000e+00
8.071354784361825518e-02	7.264765580375218690e-01	0.000000000000000000e+00
8.071354784361825518e-02	7.264765580375218690e-01	0.000000000000000000e+00
1.830023451862450856e-01	7.243378846204882038e-01	0.000000000000000000e+00
2.067534742422946215e-01	6.405177950830690525e-01	0.000000000000000000e+00
2.109442106901347758e-01	5.896718644600271730e-01	0.000000000000000000e+00
2.132837009386831240e-01	5.451663111478993740e-01	0.000000000000000000e+00
2.205684771887230777e-01	4.781826416251571676e-01	0.000000000000000000e+00
2.238326623814635430e-01	4.348539418406012214e-01	0.000000000000000000e+00
2.338511381398916400e-01	3.607505275905517061e-01	0.000000000000000000e+00
2.367811422306209668e-01	3.545665539987937764e-01	0.000000000000000000e+00
2.416437248308483388e-01	3.124779140021140544e-01	0.000000000000000000e+00
2.533632812882111174e-01	2.819066354938210561e-01	0.000000000000000000e+00
2.602202551453465240e-01	2.791675194772571533e-01	0.000000000000000000e+00
2.602202551453465240e-01	2.791675194772571533e-01	0.000000000000000000e+00
2.602202551453465240e-01	2.789967158983806539e-01	0.000000000000000000e+00
2.602202551453465240e-01	2.789967158983806539e-01	0.000000000000000000e+00
2.602202551453465240e-01	2.789967158983806539e-01	0.000000000000000000e+00
2.602202551453465240e-01	2.789967158983806539e-01	0.000000000000000000e+00
2.602202551453465240e-01	2.789967158983806539e-01	0.000000000000000000e+00
2.602202551453465240e-01	2.789967158983806539e-01	0.000000000000000000e+00
2.602202551453465240e-01	2.789967158983806539e-01	0.000000000000000000e+00
4.204697803850836468e-01	2.484017702367686820e-01	0.000000000000000000e+00
4.230781957027751061e-01	1.902681164687974325e-01	0.000000000000000000e+00
4.230781957027751061e-01	1.902681164687974325e-01	0.000000000000000000e+00
4.236344294568757940e-01	1.496661427675846923e-01	0.000000000000000000e+00
4.246477767040031104e-01	1.119075558714343471e-01	0.000000000000000000e+00
4.303715569836969457e-01	4.248045388469416650e-02	0.000000000000000000e+00
4.303715569836969457e-01	4.248045388469416650e-02	0.000000000000000000e+00
4.330821411171366098e-01	2.950908811322369013e-02	0.000000000000000000e+00
4.415071688037836006e-01	-4.113183830036868521e-02	0.000000000000000000e+00
4.404413709589310999e-01	-3.297901745664340994e-02	0.000000000000000000e+00
4.404413709589310999e-01	-3.297901745664340994e-02	0.000000000000000000e+00
4.471861771393521034e-01	-6.613477328648356690e-02	0.000000000000000000e+00
4.525159423638390188e-01	-7.704265296921337935e-02	0.000000000000000000e+00
4.525159423638390188e-01	-7.704265296921337935e-02	0.000000000000000000e+00
4.525159423638390188e-01	-7.704265296921337935e-02	0.000000000000000000e+00
4.525159423638390188e-01	-7.704265296921337935e-02	0.000000000000000000e+00
4.545316689204199623e-01	-6.776732794250169001e-02	0.000000000000000000e+00
4.545316689204199623e-01	-6.776732794250169001e-02	0.000000000000000000e+00
4.545316689204199623e-01	-6.776732794250169001e-02	0.000000000000000000e+00
4.545316689204199623e-01	-6.776732794250169001e-02	0.000000000000000000e+00
4.545316689204199623e-01	-6.776732794250169001e-02	0.000000000000000000e+00
6.329306197236297393e-01	-2.037525979909387552e-01	0.000000000000000000e+00
6.329306197236297393e-01	-2.037525979909387552e-01	0.000000000000000000e+00
6.329306197236297393e-01	-2.037525979909387552e-01	0.000000000000000000e+00
6.329306197236297393e-01	-1.784555043513601780e-01	0.000000000000000000e+00
6.329306197236297393e-01	-1.784555043513601780e-01	0.000000000000000000e+00
6.329306197236297393e-01	-2.037525979909387552e-01	0.000000000000000000e+00
6.329306197236297393e-01	-2.118230000957518622e-01	0.000000000000000000e+00
6.329306197236297393e-01	-2.475101960084653552e-01	0.000000000000000000e+00
6.329306197236297393e-01	-2.475101960084653552e-01	0.000000000000000000e+00
6.380366825734166136e-01	-2.892716505442615160e-01	0.000000000000000000e+00
6.380366825734166136e-01	-2.892716505442615160e-01	0.000000000000000000e+00
6.392055258539723894e-01	-3.069559162174999023e-01	0.000000000000000000e+00
6.392055258539723894e-01	-3.069559162174999023e-01	0.000000000000000000e+00
6.434766767472231974e-01	-3.318610344088261388e-01	0.000000000000000000e+00
6.444569645488795739e-01	-3.467986101447131930e-01	0.000000000000000000e+00
6.464146936451703462e-01	-3.552749214510959597e-01	0.000000000000000000e+00
6.497974240365997911e-01	-3.912551878829542140e-01	0.000000000000000000e+00
6.497974240365997911e-01	-3.912551878829542140e-01	0.000000000000000000e+00
6.497974240365997911e-01	-3.912551878829542140e-01	0.000000000000000000e+00
6.497974240365997911e-01	-3.912551878829542140e-01	0.000000000000000000e+00
6.497974240365997911e-01	-3.912551878829542140e-01	0.000000000000000000e+00
6.497974240365997911e-01	-3.912551878829542140e-01	0.000000000000000000e+00
6.497974240365997911e-01	-3.912551878829542140e-01	0.000000000000000000e+00
8.283789823784362127e-01	-4.832482394238779011e-01	0.000000000000000000e+00
8.283789823784362127e-01	-4.832482394238779011e-01	0.000000000000000000e+00
8.283789823784362127e-01	-4.832482394238779011e-01	0.000000000000000000e+00
8.283789823784362127e-01	-4.832482394238779011e-01	0.000000000000000000e+00
8.283789823784362127e-01	-4.832482394238779011e-01	0.000000000000000000e+00
8.283789823784362127e-01	-4.832482394238779011e-01	0.000000000000000000e+00
8.283789823784362127e-01	-4.832482394238779011e-01	0.000000000000000000e+00
8.327598499276495092e-01	-4.902786153892260135e-01	0.000000000000000000e+00
8.337276874753425382e-01	-5.002912951324588464e-01	0.000000000000000000e+00
8.337276874753425382e-01	-5.121919612037495462e-01	0.000000000000000000e+00
8.342608442953323156e-01	-5.243395786054937391e-01	0.000000000000000000e+00
8.359791133028620091e-01	-5.342237263124719471e-01	0.000000000000000000e+00
8.359791133028620091e-01	-5.465371849963660544e-01	0.000000000000000000e+00
8.373176911411804868e-01	-5.615742075532422772e-01	0.000000000000000000e+00
8.373176911411804868e-01	-5.668445712099677847e-01	0.000000000000000000e+00
8.377686784222783123e-01	-5.741984002757559713e-01	0.000000000000000000e+00
8.402820119735561200e-01	-5.821584297381304784e-01	0.000000000000000000e+00
8.405471733477067886e-01	-5.945199327181661664e-01	0.000000000000000000e+00
8.412590625609617234e-01	-6.016123272008749856e-01	0.000000000000000000e+00
8.419709517742165472e-01	-6.086015875712491585e-01	0.000000000000000000e+00
8.419709517742165472e-01	-6.086015875712491585e-01	0.000000000000000000e+00
8.419709517742165472e-01	-6.086015875712491585e-01	0.000000000000000000e+00
8.419709517742165472e-01	-6.086015875712491585e-01	0.000000000000000000e+00
8.419709517742165472e-01	-6.086015875712491585e-01	0.000000000000000000e+00
8.419709517742165472e-01	-6.070008364180032867e-01	0.000000000000000000e+00
