0.000000000000000000e+00	1.225826876231925766e+00	0.000000000000000000e+00
0.000000000000000000e+00	1.154750031656134324e+00	0.000000000000000000e+00
2.671251381949189124e-02	9.122723858347753234e-01	0.000000000000000000e+00
4.251360598878015096e-02	8.512419574236874675e-01	0.000000000000000000e+00
5.625149800073697692e-02	8.041986849290785333e-01	0.000000000000000000e+00
7.207071125718697568e-02	7.937942953626118125e-01	0.000000000000000000e+00
8.071354784361825518e-02	7.718846468611996192e-01	0.000000000000000000e+00
8.071354784361825518e-02	7.718846468611996192e-01	0.000000000000000000e+00
8.071354784361825518e-02	7.718846468611996192e-01	0.000000000000000000e+00
8.071354784361825518e-02	7.718846468611996192e-01	0.000000000000000000e+00
8.071354784361825518e-02	7.718846468611996192e-01	0.000000000000000000e+00
8.071354784361825518e-02	7.718846468611996192e-01	0.000000000000000000e+00
8.071354784361825518e-02	7.718846468611996192e-01	0.000000000000000000e+00
1.908891869326228008e-01	7.514264292950302293e-01	0.000000000000000000e+00
2.132837009386831240e-01	6.066257702264348239e-01	0.000000000000000000e+00
2.132837009386831240e-01	6.066257702264348239e-01	0.000000000000000000e+00
2.205684771887230777e-01	5.588905676374312792e-01	0.000000000000000000e+00
2.297455728522888874e-01	4.803301303750968643e-01	0.000000000000000000e+00
2.297455728522888874e-01	4.660992951218565494e-01	0.000000000000000000e+00
2.297455728522888874e-01	4.217571192128808377e-01	0.000000000000000000e+00
2.416437248308483388e-01	3.232746179489605631e-01	0.000000000000000000e+00
2.416437248308483388e-01	3.232746179489605631e-01	0.000000000000000000e+00
2.474957297491526820e-01	3.020109275920851988e-01	0.000000000000000000e+00
2.602202551453465240e-01	2.907050950084900665e-01	0.000000000000000000e+00
2.602202551453465240e-01	2.866255302780488234e-01	0.000000000000000000e+00
2.602202551453465240e-01	2.866255302780488234e-01	0.000000000000000000e+00
2.602202551453465240e-01	2.866255302780488234e-01	0.000000000000000000e+00
2.602202551453465240e-01	2.866255302780488234e-01	0.000000000000000000e+00
2.602202551453465240e-01	2.866255302780488234e-01	0.000000000000000000e+00
2.602202551453465240e-01	2.866255302780488234e-01	0.000000000000000000e+00
2.602202551453465240e-01	2.866255302780488234e-01	0.000000000000000000e+00
2.602202551453465240e-01	2.866265230654092555e-01	0.000000000000000000e+00
2.602202551453465240e-01	2.866265230654092555e-01	0.000000000000000000e+00
4.338916771161437924e-01	1.427893726638163607e-01	0.000000000000000000e+00
4.338916771161437924e-01	1.427893726638163607e-01	0.000000000000000000e+00
4.338916771161437924e-01	1.427893726638163607e-01	0.000000000000000000e+00
4.338916771161437924e-01	1.427893726638163607e-01	0.000000000000000000e+00
4.338916771161437924e-01	1.275621099126844904e-01	0.000000000000000000e+00
4.432790982859562412e-01	3.718251399554210052e-02	0.000000000000000000e+00
4.432790982859562412e-01	3.718251399554210052e-02	0.000000000000000000e+00
4.432790982859562412e-01	3.718251399554210052e-02	0.000000000000000000e+00
4.432790982859562412e-01	3.718251399554210052e-02	0.000000000000000000e+00
4.432790982859562412e-01	3.508824370163305534e-02	0.000000000000000000e+00
4.497908109693175005e-01	7.743152388454992673e-03	0.000000000000000000e+00
4.533199329860547744e-01	4.567828566660233833e-03	0.000000000000000000e+00
4.533199329860547744e-01	2.080258325174590573e-03	0.000000000000000000e+00
4.533199329860547744e-01	2.080258325174590573e-03	0.000000000000000000e+00
4.533199329860547744e-01	2.080258325174590573e-03	0.000000000000000000e+00
4.533199329860547744e-01	2.080258325174590573e-03	0.000000000000000000e+00
4.533199329860547744e-01	2.080258325174590573e-03	0.000000000000000000e+00
4.497908109693175005e-01	7.743152388454992673e-03	0.000000000000000000e+00
6.345713671300776682e-01	-2.189601841247167668e-01	0.000000000000000000e+00
6.345713671300776682e-01	-2.189601841247167668e-01	0.000000000000000000e+00
6.345713671300776682e-01	-2.189601841247167668e-01	0.000000000000000000e+00
6.345713671300776682e-01	-2.189601841247167668e-01	0.000000000000000000e+00
6.345713671300776682e-01	-2.189601841247167668e-01	0.000000000000000000e+00
6.345713671300776682e-01	-2.189601841247167668e-01	0.000000000000000000e+00
6.345713671300776682e-01	-1.519747812046532143e-01	0.000000000000000000e+00
6.345713671300776682e-01	-1.519747812046532143e-01	0.000000000000000000e+00
6.345713671300776682e-01	-1.690145750347635534e-01	0.000000000000000000e+00
6.345755532805027466e-01	-2.161140015708981899e-01	0.000000000000000000e+00
6.345755532805027466e-01	-2.161140015708981899e-01	0.000000000000000000e+00
6.344157641318899366e-01	-2.219226695012539996e-01	0.000000000000000000e+00
6.344157641318899366e-01	-2.219226695012539996e-01	0.000000000000000000e+00
6.344157641318899366e-01	-2.219226695012539996e-01	0.000000000000000000e+00
6.345674808776980980e-01	-2.368302734666706266e-01	0.000000000000000000e+00
6.357145804294791480e-01	-2.514195336334850150e-01	0.000000000000000000e+00
6.360341587267046570e-01	-2.547504295318457901e-01	0.000000000000000000e+00
6.360341587267046570e-01	-2.547504295318457901e-01	0.000000000000000000e+00
6.360341587267046570e-01	-2.547504295318457901e-01	0.000000000000000000e+00
6.360341587267046570e-01	-2.547504295318457901e-01	0.000000000000000000e+00
8.301383722063619963e-01	-3.313373881107494201e-01	0.000000000000000000e+00
8.301383722063619963e-01	-3.206319152001023687e-01	0.000000000000000000e+00
8.301383722063619963e-01	-3.206319152001023687e-01	0.000000000000000000e+00
8.301383722063619963e-01	-3.206319152001023687e-01	0.000000000000000000e+00
8.301383722063619963e-01	-3.313373881107494201e-01	0.000000000000000000e+00
8.301383722063619963e-01	-3.313373881107494201e-01	0.000000000000000000e+00
8.570258930659843122e-01	-5.860323937268984151e-01	0.000000000000000000e+00
8.301383722063619963e-01	-4.261617909006443217e-01	0.000000000000000000e+00
8.301383722063619963e-01	-4.061597382015768032e-01	0.000000000000000000e+00
8.301383722063619963e-01	-4.061597382015768032e-01	0.000000000000000000e+00
8.301383722063619963e-01	-4.061597382015768032e-01	0.000000000000000000e+00
8.301383722063619963e-01	-4.261617909006443217e-01	0.000000000000000000e+00
8.301383722063619963e-01	-4.261617909006443217e-01	0.000000000000000000e+00
8.502806731230123649e-01	-5.875499846478929866e-01	0.000000000000000000e+00
8.502806731230123649e-01	-5.875499846478929866e-01	0.000000000000000000e+00
8.502806731230123649e-01	-5.875499846478929866e-01	0.000000000000000000e+00
8.502806731230123649e-01	-5.875499846478929866e-01	0.000000000000000000e+00
8.368369126932012625e-01	-4.945400793126970562e-01	0.000000000000000000e+00
8.368369126932012625e-01	-4.945400793126970562e-01	0.000000000000000000e+00
8.393781183242228217e-01	-5.254957708921591530e-01	0.000000000000000000e+00
8.393781183242228217e-01	-5.254957708921591530e-01	0.000000000000000000e+00
8.393781183242228217e-01	-5.268522484377451409e-01	0.000000000000000000e+00
8.393781183242228217e-01	-5.268522484377451409e-01	0.000000000000000000e+00
8.393781183242228217e-01	-5.268522484377451409e-01	0.000000000000000000e+00
8.393781183242228217e-01	-5.312588647678343490e-01	0.000000000000000000e+00
8.393781183242228217e-01	-5.312588647678343490e-01	0.000000000000000000e+00
8.393781183242228217e-01	-5.312588647678343490e-01	0.000000000000000000e+00
8.393781183242228217e-01	-5.312588647678343490e-01	0.000000000000000000e+00
8.393781183242228217e-01	-5.312588647678343490e-01	0.000000000000000000e+00
