0.000000000000000000e+00	2.873131207880751603e+00	0.000000000000000000e+00
1.545903794937989080e-02	2.266845675627887413e+00	0.000000000000000000e+00
2.919967074448571662e-02	2.128822321419716612e+00	0.000000000000000000e+00
5.874461590170863834e-02	2.090893904587109997e+00	0.000000000000000000e+00
7.359999080791200521e-02	1.994912246378632181e+00	0.000000000000000000e+00
8.454752855378415421e-02	1.895901199340235488e+00	0.000000000000000000e+00
9.815366931779849480e-02	1.742332705348393240e+00	0.000000000000000000e+00
8.913971906368034492e-02	1.558961834552223813e+00	0.000000000000000000e+00
8.913971906368034492e-02	1.558961834552223813e+00	0.000000000000000000e+00
8.913971906368034492e-02	1.558961834552223813e+00	0.000000000000000000e+00
8.913971906368034492e-02	1.558961834552223813e+00	0.000000000000000000e+00
8.913971906368034492e-02	1.558961834552223813e+00	0.000000000000000000e+00
8.913971906368034492e-02	1.558961834552223813e+00	0.000000000000000000e+00
8.913971906368034492e-02	1.558961834552223813e+00	0.000000000000000000e+00
2.180101565318333101e-01	1.296902666842163043e+00	0.000000000000000000e+00
2.180101565318333101e-01	1.296902666842163043e+00	0.000000000000000000e+00
2.180101565318333101e-01	1.296902666842163043e+00	0.000000000000000000e+00
2.180101565318333101e-01	1.296902666842163043e+00	0.000000000000000000e+00
2.295933013475752738e-01	1.135985411641677656e+00	0.000000000000000000e+00
2.295933013475752738e-01	1.135985411641677656e+00	0.000000000000000000e+00
2.295933013475752738e-01	1.135985411641677656e+00	0.000000000000000000e+00
2.295933013475752738e-01	1.135985411641677656e+00	0.000000000000000000e+00
2.504579431632684150e-01	1.083589442283802606e+00	0.000000000000000000e+00
2.578954608673822979e-01	8.989688607255669206e-01	0.000000000000000000e+00
2.578954608673822979e-01	8.989688607255669206e-01	0.000000000000000000e+00
2.578954608673822979e-01	8.989688607255669206e-01	0.000000000000000000e+00
2.578954608673822979e-01	8.989688607255669206e-01	0.000000000000000000e+00
2.578954608673822979e-01	8.976851605571236625e-01	0.000000000000000000e+00
2.578954608673822979e-01	8.935006877781590529e-01	0.000000000000000000e+00
2.578954608673822979e-01	8.935006877781590529e-01	0.000000000000000000e+00
2.578954608673822979e-01	8.935006877781590529e-01	0.000000000000000000e+00
2.578954608673822979e-01	8.935006877781590529e-01	0.000000000000000000e+00
2.578954608673822979e-01	8.935006877781590529e-01	0.000000000000000000e+00
2.578954608673822979e-01	8.935006877781590529e-01	0.000000000000000000e+00
2.578954608673822979e-01	8.984906552582974104e-01	0.000000000000000000e+00
2.578954608673822979e-01	8.984906552582974104e-01	0.000000000000000000e+00
2.578954608673822979e-01	8.984906552582974104e-01	0.000000000000000000e+00
2.578954608673822979e-01	9.006832049409480012e-01	0.000000000000000000e+00
2.578954608673822979e-01	9.006832049409480012e-01	0.000000000000000000e+00
4.432899722915309426e-01	7.507415384800288916e-01	0.000000000000000000e+00
4.432899722915309426e-01	7.507415384800288916e-01	0.000000000000000000e+00
4.432899722915309426e-01	7.507415384800288916e-01	0.000000000000000000e+00
4.432899722915309426e-01	7.507415384800288916e-01	0.000000000000000000e+00
4.432899722915309426e-01	7.507415384800288916e-01	0.000000000000000000e+00
4.432899722915309426e-01	7.485379156223220809e-01	0.000000000000000000e+00
4.432899722915309426e-01	7.410279944320034007e-01	0.000000000000000000e+00
4.432899722915309426e-01	7.410279944320034007e-01	0.000000000000000000e+00
4.432899722915309426e-01	7.410279944320034007e-01	0.000000000000000000e+00
4.432899722915309426e-01	7.410279944320034007e-01	0.000000000000000000e+00
4.432899722915309426e-01	7.410279944320034007e-01	0.000000000000000000e+00
4.432899722915309426e-01	7.410279944320034007e-01	0.000000000000000000e+00
4.432899722915309426e-01	7.410279944320034007e-01	0.000000000000000000e+00
6.278555797472511468e-01	6.795198342673033354e-01	0.000000000000000000e+00
6.278555797472511468e-01	6.795198342673033354e-01	0.000000000000000000e+00
6.278555797472511468e-01	6.795198342673033354e-01	0.000000000000000000e+00
6.255065401332616792e-01	6.988693534303845878e-01	0.000000000000000000e+00
6.278555797472511468e-01	6.795198342673033354e-01	0.000000000000000000e+00
6.331656964356591200e-01	6.236772413889184463e-01	0.000000000000000000e+00
6.331656964356591200e-01	6.236772413889184463e-01	0.000000000000000000e+00
6.331656964356591200e-01	6.236772413889184463e-01	0.000000000000000000e+00
6.331656964356591200e-01	5.789746464041436447e-01	0.000000000000000000e+00
6.331656964356591200e-01	5.789746464041436447e-01	0.000000000000000000e+00
6.331656964356591200e-01	5.789746464041436447e-01	0.000000000000000000e+00
6.331656964356591200e-01	5.789746464041436447e-01	0.000000000000000000e+00
6.457515000413371897e-01	5.545055631236892602e-01	0.000000000000000000e+00
6.457515000413371897e-01	5.464309408020269210e-01	0.000000000000000000e+00
6.457515000413371897e-01	5.464309408020269210e-01	0.000000000000000000e+00
6.457515000413371897e-01	5.464309408020269210e-01	0.000000000000000000e+00
6.457515000413371897e-01	5.464309408020269210e-01	0.000000000000000000e+00
6.457515000413371897e-01	5.464309408020269210e-01	0.000000000000000000e+00
6.457515000413371897e-01	5.464309408020269210e-01	0.000000000000000000e+00
8.253756796459574829e-01	4.535204905667630793e-01	0.000000000000000000e+00
8.253756796459574829e-01	4.535204905667630793e-01	0.000000000000000000e+00
8.253756796459574829e-01	4.535204905667630793e-01	0.000000000000000000e+00
8.231104334760011021e-01	4.528455584498083941e-01	0.000000000000000000e+00
8.231104334760011021e-01	4.528455584498083941e-01	0.000000000000000000e+00
8.231104334760011021e-01	4.528455584498083941e-01	0.000000000000000000e+00
8.268436761541723135e-01	4.238461570623731078e-01	0.000000000000000000e+00
8.268436761541723135e-01	4.238461570623731078e-01	0.000000000000000000e+00
8.222450526853591901e-01	3.901185379432799971e-01	0.000000000000000000e+00
8.222450526853591901e-01	3.901185379432799971e-01	0.000000000000000000e+00
8.222450526853591901e-01	3.901185379432799971e-01	0.000000000000000000e+00
8.361285878834607832e-01	3.754558141888081901e-01	0.000000000000000000e+00
8.387102775560661971e-01	3.016021128870896573e-01	0.000000000000000000e+00
8.387102775560661971e-01	3.016021128870896573e-01	0.000000000000000000e+00
8.387102775560661971e-01	3.016021128870896573e-01	0.000000000000000000e+00
8.387102775560661971e-01	3.016021128870896573e-01	0.000000000000000000e+00
8.387102775560661971e-01	3.016021128870896573e-01	0.000000000000000000e+00
8.387102775560661971e-01	3.016021128870896573e-01	0.000000000000000000e+00
8.387102775560661971e-01	3.016021128870896573e-01	0.000000000000000000e+00
8.417948811775791684e-01	2.842759427786912263e-01	0.000000000000000000e+00
8.417948811775791684e-01	2.842759427786912263e-01	0.000000000000000000e+00
8.433579717967918388e-01	2.730738377704258757e-01	0.000000000000000000e+00
8.436245183982709062e-01	2.635939680701268051e-01	0.000000000000000000e+00
8.448946020656529221e-01	2.606541040680819266e-01	0.000000000000000000e+00
8.448946020656529221e-01	2.606541040680819266e-01	0.000000000000000000e+00
8.448946020656529221e-01	2.606541040680819266e-01	0.000000000000000000e+00
8.448946020656529221e-01	2.606541040680819266e-01	0.000000000000000000e+00
8.448946020656529221e-01	2.668385872120065394e-01	0.000000000000000000e+00
8.448946020656529221e-01	2.675293143673019847e-01	0.000000000000000000e+00
