0.000000000000000000e+00	1.520226840670563240e+00	0.000000000000000000e+00
1.220530473717812425e-02	1.234083418504341001e+00	0.000000000000000000e+00
1.886585236474154492e-02	1.226030234174527278e+00	0.000000000000000000e+00
4.251360598878015096e-02	1.172322256083721870e+00	0.000000000000000000e+00
5.678812982921811747e-02	9.513795057408996891e-01	0.000000000000000000e+00
5.891571604762838033e-02	9.429072341171976790e-01	0.000000000000000000e+00
8.527603327926433496e-02	9.236735781378015986e-01	0.000000000000000000e+00
8.527603327926433496e-02	9.236735781378015986e-01	0.000000000000000000e+00
8.633982638846945945e-02	8.978608829235864564e-01	0.000000000000000000e+00
8.633982638846945945e-02	8.978608829235864564e-01	0.000000000000000000e+00
8.633982638846945945e-02	8.978608829235864564e-01	0.000000000000000000e+00
8.633982638846945945e-02	8.978608829235864564e-01	0.000000000000000000e+00
8.633982638846945945e-02	8.978608829235864564e-01	0.000000000000000000e+00
8.633982638846945945e-02	8.978608829235864564e-01	0.000000000000000000e+00
8.633982638846945945e-02	8.978608829235864564e-01	0.000000000000000000e+00
8.633982638846945945e-02	8.978608829235864564e-01	0.000000000000000000e+00
2.296375999974261950e-01	6.475462553536683874e-01	0.000000000000000000e+00
2.296375999974261950e-01	6.475462553536683874e-01	0.000000000000000000e+00
2.296375999974261950e-01	6.475462553536683874e-01	0.000000000000000000e+00
2.296375999974261950e-01	5.528053047309661183e-01	0.000000000000000000e+00
2.296375999974261950e-01	5.279099442212455973e-01	0.000000000000000000e+00
2.392914645091400172e-01	4.779816298262036245e-01	0.000000000000000000e+00
2.392914645091400172e-01	4.779816298262036245e-01	0.000000000000000000e+00
2.489453290208538394e-01	3.853422588342810262e-01	0.000000000000000000e+00
2.489453290208538394e-01	3.853422588342810262e-01	0.000000000000000000e+00
2.489453290208538394e-01	3.716677555082226747e-01	0.000000000000000000e+00
2.489453290208538394e-01	3.715644902337095767e-01	0.000000000000000000e+00
2.489453290208538394e-01	3.715644902337095767e-01	0.000000000000000000e+00
2.489453290208538394e-01	3.715644902337095767e-01	0.000000000000000000e+00
2.489453290208538394e-01	3.715644902337095767e-01	0.000000000000000000e+00
2.489453290208538394e-01	3.715644902337095767e-01	0.000000000000000000e+00
2.489453290208538394e-01	3.715644902337095767e-01	0.000000000000000000e+00
2.489453290208538394e-01	3.715644902337095767e-01	0.000000000000000000e+00
2.489453290208538394e-01	3.715644902337095767e-01	0.000000000000000000e+00
2.573711993893481598e-01	3.741089009146207900e-01	0.000000000000000000e+00
2.573711993893481598e-01	3.741089009146207900e-01	0.000000000000000000e+00
2.573711993893481598e-01	3.741089009146207900e-01	0.000000000000000000e+00
2.573711993893481598e-01	3.741089009146207900e-01	0.000000000000000000e+00
2.545625759331833771e-01	3.651399617149012622e-01	0.000000000000000000e+00
4.420597488175875833e-01	2.960967290479201153e-01	0.000000000000000000e+00
4.420597488175875833e-01	1.391237451448406048e-01	0.000000000000000000e+00
4.420597488175875833e-01	1.391237451448406048e-01	0.000000000000000000e+00
4.420597488175875833e-01	1.391237451448406048e-01	0.000000000000000000e+00
4.420597488175875833e-01	1.391237451448406048e-01	0.000000000000000000e+00
4.420597488175875833e-01	1.391237451448406048e-01	0.000000000000000000e+00
4.420597488175875833e-01	1.391237451448406048e-01	0.000000000000000000e+00
4.420597488175875833e-01	1.021099960277618568e-01	0.000000000000000000e+00
4.420597488175875833e-01	1.021099960277618568e-01	0.000000000000000000e+00
4.420597488175875833e-01	8.374054327227882510e-02	0.000000000000000000e+00
4.420597488175875833e-01	8.368867376157157478e-02	0.000000000000000000e+00
4.420597488175875833e-01	8.368867376157157478e-02	0.000000000000000000e+00
4.420597488175875833e-01	8.368867376157157478e-02	0.000000000000000000e+00
4.420597488175875833e-01	8.368867376157157478e-02	0.000000000000000000e+00
4.420597488175875833e-01	8.368867376157157478e-02	0.000000000000000000e+00
4.420597488175875833e-01	8.368867376157157478e-02	0.000000000000000000e+00
4.420597488175875833e-01	8.368867376157157478e-02	0.000000000000000000e+00
4.420597488175875833e-01	8.368867376157157478e-02	0.000000000000000000e+00
4.420597488175875833e-01	8.368867376157157478e-02	0.000000000000000000e+00
6.347771182849242244e-01	-1.057619068609316933e-02	0.000000000000000000e+00
6.347771182849242244e-01	-1.497142317380211196e-01	0.000000000000000000e+00
6.347771182849242244e-01	-1.497142317380211196e-01	0.000000000000000000e+00
6.347771182849242244e-01	-1.294484408237408235e-01	0.000000000000000000e+00
6.347771182849242244e-01	-1.294484408237408235e-01	0.000000000000000000e+00
6.347771182849242244e-01	-1.294484408237408235e-01	0.000000000000000000e+00
6.347771182849242244e-01	-1.294484408237408235e-01	0.000000000000000000e+00
6.347771182849242244e-01	-1.294484408237408235e-01	0.000000000000000000e+00
6.347771182849242244e-01	-1.294484408237408235e-01	0.000000000000000000e+00
6.347771182849242244e-01	-1.294484408237408235e-01	0.000000000000000000e+00
6.347771182849242244e-01	-1.294484408237408235e-01	0.000000000000000000e+00
6.347771182849242244e-01	-1.294484408237408235e-01	0.000000000000000000e+00
6.347771182849242244e-01	-1.615179178441377983e-01	0.000000000000000000e+00
6.347771182849242244e-01	-1.615179178441377983e-01	0.000000000000000000e+00
6.347771182849242244e-01	-1.495553174433117694e-01	0.000000000000000000e+00
6.347771182849242244e-01	-1.687584858720401759e-01	0.000000000000000000e+00
6.347771182849242244e-01	-1.721700105022497262e-01	0.000000000000000000e+00
6.363607757322646830e-01	-1.828001924774350362e-01	0.000000000000000000e+00
6.363607757322646830e-01	-1.928168143724101335e-01	0.000000000000000000e+00
6.363607757322646830e-01	-1.928168143724101335e-01	0.000000000000000000e+00
6.363607757322646830e-01	-1.928168143724101335e-01	0.000000000000000000e+00
6.363607757322646830e-01	-1.941272694219468853e-01	0.000000000000000000e+00
6.363607757322646830e-01	-1.941272694219468853e-01	0.000000000000000000e+00
6.363607757322646830e-01	-1.941272694219468853e-01	0.000000000000000000e+00
6.363607757322646830e-01	-1.941272694219468853e-01	0.000000000000000000e+00
6.363607757322646830e-01	-1.941272694219468853e-01	0.000000000000000000e+00
6.363607757322646830e-01	-1.941272694219468853e-01	0.000000000000000000e+00
6.363607757322646830e-01	-1.941272694219468853e-01	0.000000000000000000e+00
6.363607757322646830e-01	-1.941272694219468853e-01	0.000000000000000000e+00
6.339619107537857179e-01	-1.074313336497658838e-01	0.000000000000000000e+00
8.411125392784168930e-01	-2.727596608239103992e-01	0.000000000000000000e+00
8.411125392784168930e-01	-2.727596608239103992e-01	0.000000000000000000e+00
8.411125392784168930e-01	-2.999278484035300396e-01	0.000000000000000000e+00
8.411125392784168930e-01	-3.042868013235753843e-01	0.000000000000000000e+00
8.411125392784168930e-01	-3.042868013235753843e-01	0.000000000000000000e+00
8.411125392784168930e-01	-3.042868013235753843e-01	0.000000000000000000e+00
8.411125392784168930e-01	-3.042868013235753843e-01	0.000000000000000000e+00
8.411125392784168930e-01	-3.042868013235753843e-01	0.000000000000000000e+00
8.411125392784168930e-01	-3.042868013235753843e-01	0.000000000000000000e+00
8.411125392784168930e-01	-3.042868013235753843e-01	0.000000000000000000e+00
8.411125392784168930e-01	-3.006845076034107556e-01	0.000000000000000000e+00
8.411125392784168930e-01	-3.006845076034107556e-01	0.000000000000000000e+00
