0.000000000000000000e+00	1.198514819458433189e+00	0.000000000000000000e+00
0.000000000000000000e+00	1.176803039162954256e+00	0.000000000000000000e+00
2.671251381949189124e-02	9.508670086292634327e-01	0.000000000000000000e+00
4.251360598878015096e-02	8.512419574236874675e-01	0.000000000000000000e+00
4.251360598878015096e-02	8.512419574236874675e-01	0.000000000000000000e+00
7.281300175897412186e-02	7.893743208671433198e-01	0.000000000000000000e+00
8.071354784361825518e-02	7.766442431563541637e-01	0.000000000000000000e+00
8.071354784361825518e-02	7.766442431563541637e-01	0.000000000000000000e+00
8.071354784361825518e-02	7.766442431563541637e-01	0.000000000000000000e+00
8.071354784361825518e-02	7.766442431563541637e-01	0.000000000000000000e+00
7.281300175897412186e-02	7.796288347374020766e-01	0.000000000000000000e+00
8.796269964407110731e-02	7.809947856251587828e-01	0.000000000000000000e+00
1.874601529954324219e-01	7.871319842551943724e-01	0.000000000000000000e+00
1.908891869326228008e-01	7.525693717395828264e-01	0.000000000000000000e+00
2.132837009386831240e-01	5.993274209402598141e-01	0.000000000000000000e+00
2.132837009386831240e-01	5.993274209402598141e-01	0.000000000000000000e+00
2.205684771887230777e-01	5.744258231902298339e-01	0.000000000000000000e+00
2.274229382658114473e-01	5.455534185005455061e-01	0.000000000000000000e+00
2.297455728522888874e-01	4.546792482855943618e-01	0.000000000000000000e+00
2.297455728522888874e-01	4.217571192128808377e-01	0.000000000000000000e+00
2.416437248308483388e-01	3.635039354729414640e-01	0.000000000000000000e+00
2.416437248308483388e-01	3.209583787166211954e-01	0.000000000000000000e+00
2.474957297491526820e-01	3.014661955077838629e-01	0.000000000000000000e+00
2.505273051043385713e-01	2.971138484170710026e-01	0.000000000000000000e+00
2.622313149409472577e-01	2.886473647222956851e-01	0.000000000000000000e+00
2.622313149409472577e-01	2.886473647222956851e-01	0.000000000000000000e+00
2.622313149409472577e-01	2.886473647222956851e-01	0.000000000000000000e+00
2.622313149409472577e-01	2.886473647222956851e-01	0.000000000000000000e+00
2.622313149409472577e-01	2.886473647222956851e-01	0.000000000000000000e+00
2.622313149409472577e-01	2.886473647222956851e-01	0.000000000000000000e+00
2.622313149409472577e-01	2.886473647222956851e-01	0.000000000000000000e+00
2.622313149409472577e-01	2.886473647222956851e-01	0.000000000000000000e+00
2.622313149409472577e-01	2.886473647222956851e-01	0.000000000000000000e+00
2.622313149409472577e-01	2.886473647222956851e-01	0.000000000000000000e+00
4.344244419275946623e-01	1.373599125595593717e-01	0.000000000000000000e+00
4.344244419275946623e-01	1.373599125595593717e-01	0.000000000000000000e+00
4.344244419275946623e-01	1.373599125595593717e-01	0.000000000000000000e+00
4.344244419275946623e-01	1.373599125595593717e-01	0.000000000000000000e+00
4.344244419275946623e-01	1.311823735415585945e-01	0.000000000000000000e+00
4.357330481444074977e-01	1.055166288050860823e-01	0.000000000000000000e+00
4.397683624246618850e-01	6.485964966682612742e-02	0.000000000000000000e+00
4.397683624246618850e-01	6.485964966682612742e-02	0.000000000000000000e+00
4.432790982859562412e-01	3.508824370163305534e-02	0.000000000000000000e+00
4.462616889525802821e-01	1.923092038515322386e-02	0.000000000000000000e+00
4.499729880860219300e-01	6.880280860996427703e-03	0.000000000000000000e+00
4.499729880860219300e-01	6.880280860996427703e-03	0.000000000000000000e+00
4.467898341472505974e-01	1.350021839788504742e-02	0.000000000000000000e+00
4.467898341472505974e-01	1.350021839788504742e-02	0.000000000000000000e+00
4.467898341472505974e-01	1.422847134162618515e-02	0.000000000000000000e+00
4.467898341472505974e-01	1.422847134162618515e-02	0.000000000000000000e+00
4.467898341472505974e-01	1.422847134162618515e-02	0.000000000000000000e+00
6.347771182849242244e-01	2.245459978104559148e-02	0.000000000000000000e+00
6.347771182849242244e-01	-1.494995331110884063e-01	0.000000000000000000e+00
6.347771182849242244e-01	-1.494995331110884063e-01	0.000000000000000000e+00
6.347771182849242244e-01	-1.494995331110884063e-01	0.000000000000000000e+00
6.347771182849242244e-01	-1.494995331110884063e-01	0.000000000000000000e+00
6.347771182849242244e-01	-1.494995331110884063e-01	0.000000000000000000e+00
6.347771182849242244e-01	-1.494995331110884063e-01	0.000000000000000000e+00
6.347771182849242244e-01	-1.494995331110884063e-01	0.000000000000000000e+00
6.347771182849242244e-01	-1.494995331110884063e-01	0.000000000000000000e+00
6.347771182849242244e-01	-1.754207577090658443e-01	0.000000000000000000e+00
6.347771182849242244e-01	-1.754207577090658443e-01	0.000000000000000000e+00
6.349088102422173474e-01	-1.894621620527087158e-01	0.000000000000000000e+00
6.350405021995103594e-01	-2.123004917266146929e-01	0.000000000000000000e+00
6.353528326187820596e-01	-2.261231789876415044e-01	0.000000000000000000e+00
6.354132211728528157e-01	-2.428272816038521409e-01	0.000000000000000000e+00
6.356272855709453884e-01	-2.431784798272935977e-01	0.000000000000000000e+00
6.356272855709453884e-01	-2.431784798272935977e-01	0.000000000000000000e+00
6.356272855709453884e-01	-2.431784798272935977e-01	0.000000000000000000e+00
6.354132211728528157e-01	-2.428272816038521409e-01	0.000000000000000000e+00
6.355282209428079199e-01	-2.421794725751704180e-01	0.000000000000000000e+00
6.355282209428079199e-01	-2.421794725751704180e-01	0.000000000000000000e+00
8.301383722063619963e-01	-3.469072622333371214e-01	0.000000000000000000e+00
8.301383722063619963e-01	-3.469072622333371214e-01	0.000000000000000000e+00
8.301383722063619963e-01	-3.241482406690280316e-01	0.000000000000000000e+00
8.301383722063619963e-01	-3.241482406690280316e-01	0.000000000000000000e+00
8.301383722063619963e-01	-3.241482406690280316e-01	0.000000000000000000e+00
8.301383722063619963e-01	-3.984742053705147002e-01	0.000000000000000000e+00
8.301383722063619963e-01	-4.152206630322022307e-01	0.000000000000000000e+00
8.301383722063619963e-01	-4.152206630322022307e-01	0.000000000000000000e+00
8.301383722063619963e-01	-4.152206630322022307e-01	0.000000000000000000e+00
8.301383722063619963e-01	-4.152206630322022307e-01	0.000000000000000000e+00
8.301383722063619963e-01	-4.152206630322022307e-01	0.000000000000000000e+00
8.301383722063619963e-01	-4.152206630322022307e-01	0.000000000000000000e+00
8.301383722063619963e-01	-4.152206630322022307e-01	0.000000000000000000e+00
8.319339161478113143e-01	-4.247301108055069885e-01	0.000000000000000000e+00
8.376382643452069399e-01	-4.803593724402314691e-01	0.000000000000000000e+00
8.376382643452069399e-01	-4.803593724402314691e-01	0.000000000000000000e+00
8.376382643452069399e-01	-4.803593724402314691e-01	0.000000000000000000e+00
8.376382643452069399e-01	-4.803593724402314691e-01	0.000000000000000000e+00
8.376382643452069399e-01	-4.803593724402314691e-01	0.000000000000000000e+00
8.422282102557998584e-01	-4.958863376686519220e-01	0.000000000000000000e+00
8.422282102557998584e-01	-5.028084303836823921e-01	0.000000000000000000e+00
8.422282102557998584e-01	-5.028084303836823921e-01	0.000000000000000000e+00
8.422282102557998584e-01	-5.028084303836823921e-01	0.000000000000000000e+00
8.422282102557998584e-01	-5.028084303836823921e-01	0.000000000000000000e+00
8.637174827332499971e-01	-4.993474603113660648e-01	0.000000000000000000e+00
8.637174827332499971e-01	-4.993474603113660648e-01	0.000000000000000000e+00
8.637174827332499971e-01	-4.993474603113660648e-01	0.000000000000000000e+00
8.637174827332499971e-01	-4.993474603113660648e-01	0.000000000000000000e+00
