0.000000000000000000e+00	3.395162714109007496e+00	0.000000000000000000e+00
2.566326673309992507e-02	2.704328343594872397e+00	0.000000000000000000e+00
3.969060967624585268e-02	2.594386381074972547e+00	0.000000000000000000e+00
4.766060892051736386e-02	2.348195770191104703e+00	0.000000000000000000e+00
5.980419584672472255e-02	2.116526646184943239e+00	0.000000000000000000e+00
8.085518059786961365e-02	1.980665678877871594e+00	0.000000000000000000e+00
1.035140349964159406e-01	1.846390007671641964e+00	0.000000000000000000e+00
1.035140349964159406e-01	1.846390007671641964e+00	0.000000000000000000e+00
1.035140349964159406e-01	1.846390007671641964e+00	0.000000000000000000e+00
1.035140349964159406e-01	1.846390007671641964e+00	0.000000000000000000e+00
1.035140349964159406e-01	1.846390007671641964e+00	0.000000000000000000e+00
1.035140349964159406e-01	1.846390007671641964e+00	0.000000000000000000e+00
1.754716769913611529e-01	1.832163495531190289e+00	0.000000000000000000e+00
2.180101565318333101e-01	1.706183068006818182e+00	0.000000000000000000e+00
2.180101565318333101e-01	1.622507097093582651e+00	0.000000000000000000e+00
2.180101565318333101e-01	1.574040578749458907e+00	0.000000000000000000e+00
2.180101565318333101e-01	1.535877606875929446e+00	0.000000000000000000e+00
2.180101565318333101e-01	1.535877606875929446e+00	0.000000000000000000e+00
2.180101565318333101e-01	1.535877606875929446e+00	0.000000000000000000e+00
2.180101565318333101e-01	1.535877606875929446e+00	0.000000000000000000e+00
2.180101565318333101e-01	1.535877606875929446e+00	0.000000000000000000e+00
2.180101565318333101e-01	1.535877606875929446e+00	0.000000000000000000e+00
2.180101565318333101e-01	1.508039299774613484e+00	0.000000000000000000e+00
2.180101565318333101e-01	1.508039299774613484e+00	0.000000000000000000e+00
2.180101565318333101e-01	1.508039299774613484e+00	0.000000000000000000e+00
2.180101565318333101e-01	1.508039299774613484e+00	0.000000000000000000e+00
2.180101565318333101e-01	1.508039299774613484e+00	0.000000000000000000e+00
4.195322658619176082e-01	1.163836148643356383e+00	0.000000000000000000e+00
4.195322658619176082e-01	1.163836148643356383e+00	0.000000000000000000e+00
4.195322658619176082e-01	1.163836148643356383e+00	0.000000000000000000e+00
4.195322658619176082e-01	1.163836148643356383e+00	0.000000000000000000e+00
4.195322658619176082e-01	1.163836148643356383e+00	0.000000000000000000e+00
4.424294177786715632e-01	1.149437947365386847e+00	0.000000000000000000e+00
4.424294177786715632e-01	1.149437947365386847e+00	0.000000000000000000e+00
4.424294177786715632e-01	1.149437947365386847e+00	0.000000000000000000e+00
4.424294177786715632e-01	1.149437947365386847e+00	0.000000000000000000e+00
4.424294177786715632e-01	1.017476563494190023e+00	0.000000000000000000e+00
4.424294177786715632e-01	1.017476563494190023e+00	0.000000000000000000e+00
4.424294177786715632e-01	1.017476563494190023e+00	0.000000000000000000e+00
4.424294177786715632e-01	1.017476563494190023e+00	0.000000000000000000e+00
4.533269871812826701e-01	9.997679090127149504e-01	0.000000000000000000e+00
4.533269871812826701e-01	9.997679090127149504e-01	0.000000000000000000e+00
4.533269871812826701e-01	9.997679090127149504e-01	0.000000000000000000e+00
4.533269871812826701e-01	9.768454270139513840e-01	0.000000000000000000e+00
4.533269871812826701e-01	9.768454270139513840e-01	0.000000000000000000e+00
4.533269871812826701e-01	9.768454270139513840e-01	0.000000000000000000e+00
4.533269871812826701e-01	9.768454270139513840e-01	0.000000000000000000e+00
4.533269871812826701e-01	9.768454270139513840e-01	0.000000000000000000e+00
4.533269871812826701e-01	9.768454270139513840e-01	0.000000000000000000e+00
4.535487743953323658e-01	9.524198171357389775e-01	0.000000000000000000e+00
4.535487743953323658e-01	9.524198171357389775e-01	0.000000000000000000e+00
4.535487743953323658e-01	9.524198171357389775e-01	0.000000000000000000e+00
4.535487743953323658e-01	9.524198171357389775e-01	0.000000000000000000e+00
4.535487743953323658e-01	9.524198171357389775e-01	0.000000000000000000e+00
4.535487743953323658e-01	9.524198171357389775e-01	0.000000000000000000e+00
6.422664399276690750e-01	9.430237857351646547e-01	0.000000000000000000e+00
6.422664399276690750e-01	9.430237857351646547e-01	0.000000000000000000e+00
6.437099898621334582e-01	7.816337889259984406e-01	0.000000000000000000e+00
6.437099898621334582e-01	7.816337889259984406e-01	0.000000000000000000e+00
6.437099898621334582e-01	7.816337889259984406e-01	0.000000000000000000e+00
6.437099898621334582e-01	7.816337889259984406e-01	0.000000000000000000e+00
6.437099898621334582e-01	7.816337889259984406e-01	0.000000000000000000e+00
6.451535397965977303e-01	7.326090397391126219e-01	0.000000000000000000e+00
6.451535397965977303e-01	7.326090397391126219e-01	0.000000000000000000e+00
6.451535397965977303e-01	7.326090397391126219e-01	0.000000000000000000e+00
6.451535397965977303e-01	7.326090397391126219e-01	0.000000000000000000e+00
6.451535397965977303e-01	7.326090397391126219e-01	0.000000000000000000e+00
6.451535397965977303e-01	7.326090397391126219e-01	0.000000000000000000e+00
8.312082182328862645e-01	5.263052323824698453e-01	0.000000000000000000e+00
8.312082182328862645e-01	5.263052323824698453e-01	0.000000000000000000e+00
8.312082182328862645e-01	5.263052323824698453e-01	0.000000000000000000e+00
8.312082182328862645e-01	5.263052323824698453e-01	0.000000000000000000e+00
8.312082182328862645e-01	6.379050025309520588e-01	0.000000000000000000e+00
8.312082182328862645e-01	6.379050025309520588e-01	0.000000000000000000e+00
8.312082182328862645e-01	5.263052323824698453e-01	0.000000000000000000e+00
8.312082182328862645e-01	5.916500112446277937e-01	0.000000000000000000e+00
8.312082182328862645e-01	5.916500112446277937e-01	0.000000000000000000e+00
8.346301657274748376e-01	4.993894582176964247e-01	0.000000000000000000e+00
8.322782853211090348e-01	5.525522597213282650e-01	0.000000000000000000e+00
8.322782853211090348e-01	5.525522597213282650e-01	0.000000000000000000e+00
8.346301657274748376e-01	4.993894582176964247e-01	0.000000000000000000e+00
8.346301657274748376e-01	4.993894582176964247e-01	0.000000000000000000e+00
8.322782853211090348e-01	5.525522597213282650e-01	0.000000000000000000e+00
8.469360688114395685e-01	5.457365385409920222e-01	0.000000000000000000e+00
8.469360688114395685e-01	5.457365385409920222e-01	0.000000000000000000e+00
8.469360688114395685e-01	5.457365385409920222e-01	0.000000000000000000e+00
8.469360688114395685e-01	5.457365385409920222e-01	0.000000000000000000e+00
8.469360688114395685e-01	5.457365385409920222e-01	0.000000000000000000e+00
8.469360688114395685e-01	5.371982004883570916e-01	0.000000000000000000e+00
8.469360688114395685e-01	5.371982004883570916e-01	0.000000000000000000e+00
8.469360688114395685e-01	5.227311784146830842e-01	0.000000000000000000e+00
8.469360688114395685e-01	5.227311784146830842e-01	0.000000000000000000e+00
8.469360688114395685e-01	5.227311784146830842e-01	0.000000000000000000e+00
8.469360688114395685e-01	5.227311784146830842e-01	0.000000000000000000e+00
8.469360688114395685e-01	5.227311784146830842e-01	0.000000000000000000e+00
8.469360688114395685e-01	5.227311784146830842e-01	0.000000000000000000e+00
8.469360688114395685e-01	5.227311784146830842e-01	0.000000000000000000e+00
8.469360688114395685e-01	5.227311784146830842e-01	0.000000000000000000e+00
8.469360688114395685e-01	5.267868344590093121e-01	0.000000000000000000e+00
8.469360688114395685e-01	5.267868344590093121e-01	0.000000000000000000e+00
