0.000000000000000000e+00	1.990630547638714054e+00	0.000000000000000000e+00
1.220530473717812425e-02	1.333227592538010597e+00	0.000000000000000000e+00
1.220530473717812425e-02	1.333227592538010597e+00	0.000000000000000000e+00
1.220530473717812425e-02	1.333227592538010597e+00	0.000000000000000000e+00
5.516164544023105520e-02	1.173777236094403875e+00	0.000000000000000000e+00
6.526311353206799837e-02	1.093290877834798502e+00	0.000000000000000000e+00
7.388311437750445798e-02	1.000545101077519261e+00	0.000000000000000000e+00
7.388311437750445798e-02	1.000545101077519261e+00	0.000000000000000000e+00
8.633982638846945945e-02	9.526247925808783990e-01	0.000000000000000000e+00
8.633982638846945945e-02	9.526247925808783990e-01	0.000000000000000000e+00
8.633982638846945945e-02	9.461788473242155328e-01	0.000000000000000000e+00
8.633982638846945945e-02	9.461788473242155328e-01	0.000000000000000000e+00
8.633982638846945945e-02	9.461788473242155328e-01	0.000000000000000000e+00
8.633982638846945945e-02	9.461788473242155328e-01	0.000000000000000000e+00
8.633982638846945945e-02	9.461788473242155328e-01	0.000000000000000000e+00
1.901292146303854291e-01	9.255242049925767045e-01	0.000000000000000000e+00
1.901292146303854291e-01	9.063218647917162807e-01	0.000000000000000000e+00
2.051213496812156478e-01	8.185821577306867658e-01	0.000000000000000000e+00
2.082661439666348702e-01	7.386131374597044719e-01	0.000000000000000000e+00
2.082661439666348702e-01	7.386131374597044719e-01	0.000000000000000000e+00
2.082661439666348702e-01	7.347096645431879791e-01	0.000000000000000000e+00
2.296375999974261950e-01	5.678180836949522359e-01	0.000000000000000000e+00
2.296375999974261950e-01	5.678180836949522359e-01	0.000000000000000000e+00
2.296375999974261950e-01	5.678180836949522359e-01	0.000000000000000000e+00
2.296375999974261950e-01	5.678180836949522359e-01	0.000000000000000000e+00
2.314519600322397508e-01	5.411414407095118673e-01	0.000000000000000000e+00
2.362723732969256307e-01	5.372923331119182633e-01	0.000000000000000000e+00
2.371029069095249020e-01	5.122470009846579186e-01	0.000000000000000000e+00
2.412930293341844779e-01	4.888797174696778436e-01	0.000000000000000000e+00
2.545625759331833771e-01	4.339321407040131473e-01	0.000000000000000000e+00
2.545625759331833771e-01	4.339321407040131473e-01	0.000000000000000000e+00
2.545625759331833771e-01	4.339321407040131473e-01	0.000000000000000000e+00
2.545625759331833771e-01	4.339321407040131473e-01	0.000000000000000000e+00
2.545625759331833771e-01	4.339321407040131473e-01	0.000000000000000000e+00
2.545625759331833771e-01	4.339321407040131473e-01	0.000000000000000000e+00
2.545625759331833771e-01	4.339321407040131473e-01	0.000000000000000000e+00
2.545625759331833771e-01	3.924584825658313791e-01	0.000000000000000000e+00
2.545625759331833771e-01	3.924584825658313791e-01	0.000000000000000000e+00
2.545625759331833771e-01	3.924584825658313791e-01	0.000000000000000000e+00
2.545625759331833771e-01	3.924584825658313791e-01	0.000000000000000000e+00
2.545625759331833771e-01	3.924584825658313791e-01	0.000000000000000000e+00
2.545625759331833771e-01	3.924584825658313791e-01	0.000000000000000000e+00
2.545625759331833771e-01	3.924584825658313791e-01	0.000000000000000000e+00
2.545625759331833771e-01	3.924584825658313791e-01	0.000000000000000000e+00
4.280059946810776395e-01	1.766496584460902353e-01	0.000000000000000000e+00
4.280059946810776395e-01	1.766496584460902353e-01	0.000000000000000000e+00
4.250793426430929389e-01	2.512195959863823824e-01	0.000000000000000000e+00
4.250793426430929389e-01	2.512195959863823824e-01	0.000000000000000000e+00
4.250793426430929389e-01	2.512195959863823824e-01	0.000000000000000000e+00
4.250793426430929389e-01	2.512195959863823824e-01	0.000000000000000000e+00
4.250793426430929389e-01	2.512195959863823824e-01	0.000000000000000000e+00
4.250793426430929389e-01	2.512195959863823824e-01	0.000000000000000000e+00
4.250793426430929389e-01	2.512195959863823824e-01	0.000000000000000000e+00
4.325564035954526654e-01	2.040273587955438450e-01	0.000000000000000000e+00
4.325564035954526654e-01	2.040273587955438450e-01	0.000000000000000000e+00
4.371068125098276913e-01	1.709609957278978021e-01	0.000000000000000000e+00
4.371068125098276913e-01	1.709609957278978021e-01	0.000000000000000000e+00
4.371068125098276913e-01	1.709609957278978021e-01	0.000000000000000000e+00
4.371068125098276913e-01	1.709609957278978021e-01	0.000000000000000000e+00
4.371068125098276913e-01	1.700949103626004932e-01	0.000000000000000000e+00
4.371068125098276913e-01	1.700949103626004932e-01	0.000000000000000000e+00
4.371068125098276913e-01	1.700949103626004932e-01	0.000000000000000000e+00
4.371068125098276913e-01	1.709609957278978021e-01	0.000000000000000000e+00
4.403249991698017229e-01	1.832014909694339166e-01	0.000000000000000000e+00
4.403249991698017229e-01	1.832014909694339166e-01	0.000000000000000000e+00
4.403249991698017229e-01	1.832014909694339166e-01	0.000000000000000000e+00
4.403249991698017229e-01	1.832014909694339166e-01	0.000000000000000000e+00
6.379444331796052525e-01	1.243483822671408306e-01	0.000000000000000000e+00
6.379444331796052525e-01	1.243483822671408306e-01	0.000000000000000000e+00
6.379444331796052525e-01	1.243483822671408306e-01	0.000000000000000000e+00
6.379444331796052525e-01	1.243483822671408306e-01	0.000000000000000000e+00
6.379444331796052525e-01	9.730565287030697175e-02	0.000000000000000000e+00
6.379444331796052525e-01	9.730565287030697175e-02	0.000000000000000000e+00
6.379444331796052525e-01	9.343693499966328198e-02	0.000000000000000000e+00
6.431256021491192909e-01	7.501904336467349332e-02	0.000000000000000000e+00
6.431256021491192909e-01	7.501904336467349332e-02	0.000000000000000000e+00
6.483067711186333293e-01	3.408652737441968811e-02	0.000000000000000000e+00
6.483067711186333293e-01	3.408652737441968811e-02	0.000000000000000000e+00
6.483067711186333293e-01	1.650055038235567761e-02	0.000000000000000000e+00
6.483067711186333293e-01	1.650055038235567761e-02	0.000000000000000000e+00
6.483067711186333293e-01	1.650055038235567761e-02	0.000000000000000000e+00
6.483067711186333293e-01	1.650055038235567761e-02	0.000000000000000000e+00
6.483067711186333293e-01	1.650055038235567761e-02	0.000000000000000000e+00
6.483067711186333293e-01	1.650055038235567761e-02	0.000000000000000000e+00
6.483067711186333293e-01	1.650055038235567761e-02	0.000000000000000000e+00
8.413676453394728361e-01	-1.226409011205197575e-01	0.000000000000000000e+00
8.413676453394728361e-01	-7.290879426595307800e-02	0.000000000000000000e+00
8.413676453394728361e-01	-7.290879426595307800e-02	0.000000000000000000e+00
8.413676453394728361e-01	-8.019894211975592269e-02	0.000000000000000000e+00
8.413676453394728361e-01	-8.019894211975592269e-02	0.000000000000000000e+00
8.413676453394728361e-01	-8.019894211975592269e-02	0.000000000000000000e+00
8.413676453394728361e-01	-8.019894211975592269e-02	0.000000000000000000e+00
8.413676453394728361e-01	-8.019894211975592269e-02	0.000000000000000000e+00
8.413676453394728361e-01	-8.019894211975592269e-02	0.000000000000000000e+00
8.418884612138635148e-01	-8.970906495922210955e-02	0.000000000000000000e+00
8.418884612138635148e-01	-1.305631892067269650e-01	0.000000000000000000e+00
8.418884612138635148e-01	-8.970906495922210955e-02	0.000000000000000000e+00
8.418884612138635148e-01	-8.970906495922210955e-02	0.000000000000000000e+00
8.418884612138635148e-01	-8.970906495922210955e-02	0.000000000000000000e+00
8.416743124760995842e-01	-7.992221978639149627e-02	0.000000000000000000e+00
