0.000000000000000000e+00	3.173697229067860004e+00	0.000000000000000000e+00
0.000000000000000000e+00	2.808180531652541667e+00	0.000000000000000000e+00
2.919967074448571662e-02	2.128822321419716612e+00	0.000000000000000000e+00
2.919967074448571662e-02	2.128822321419716612e+00	0.000000000000000000e+00
5.874461590170863834e-02	2.013400542496408985e+00	0.000000000000000000e+00
7.806915597331766377e-02	1.946618454701089407e+00	0.000000000000000000e+00
9.463154590998421045e-02	1.795263324214180001e+00	0.000000000000000000e+00
9.463154590998421045e-02	1.780822486937356119e+00	0.000000000000000000e+00
8.543496809606201947e-02	1.773386579439441890e+00	0.000000000000000000e+00
8.543496809606201947e-02	1.773386579439441890e+00	0.000000000000000000e+00
8.543496809606201947e-02	1.773386579439441890e+00	0.000000000000000000e+00
8.543496809606201947e-02	1.773386579439441890e+00	0.000000000000000000e+00
8.543496809606201947e-02	1.773386579439441890e+00	0.000000000000000000e+00
2.180101565318333101e-01	1.436898821736495524e+00	0.000000000000000000e+00
2.180101565318333101e-01	1.436898821736495524e+00	0.000000000000000000e+00
2.180101565318333101e-01	1.436898821736495524e+00	0.000000000000000000e+00
2.180101565318333101e-01	1.436092810382944229e+00	0.000000000000000000e+00
2.180101565318333101e-01	1.436092810382944229e+00	0.000000000000000000e+00
2.180101565318333101e-01	1.436092810382944229e+00	0.000000000000000000e+00
2.730030794533853111e-01	1.262528588190999113e+00	0.000000000000000000e+00
2.730030794533853111e-01	1.262528588190999113e+00	0.000000000000000000e+00
2.730030794533853111e-01	1.262528588190999113e+00	0.000000000000000000e+00
2.730030794533853111e-01	1.262528588190999113e+00	0.000000000000000000e+00
2.730030794533853111e-01	1.262528588190999113e+00	0.000000000000000000e+00
2.730030794533853111e-01	1.266027289400294187e+00	0.000000000000000000e+00
2.730030794533853111e-01	1.318191320019612700e+00	0.000000000000000000e+00
2.730030794533853111e-01	1.318191320019612700e+00	0.000000000000000000e+00
2.730030794533853111e-01	1.318191320019612700e+00	0.000000000000000000e+00
4.195322658619176082e-01	1.064883795486704754e+00	0.000000000000000000e+00
4.195322658619176082e-01	1.064883795486704754e+00	0.000000000000000000e+00
4.195322658619176082e-01	1.076565424097522206e+00	0.000000000000000000e+00
4.195322658619176082e-01	1.076565424097522206e+00	0.000000000000000000e+00
4.195322658619176082e-01	1.076565424097522206e+00	0.000000000000000000e+00
4.195322658619176082e-01	1.060989335292624514e+00	0.000000000000000000e+00
4.464110771234479635e-01	1.074133240783477605e+00	0.000000000000000000e+00
4.464110771234479635e-01	1.074133240783477605e+00	0.000000000000000000e+00
4.464110771234479635e-01	9.610268297416971750e-01	0.000000000000000000e+00
4.464110771234479635e-01	9.610268297416971750e-01	0.000000000000000000e+00
4.464110771234479635e-01	9.610268297416971750e-01	0.000000000000000000e+00
4.464110771234479635e-01	9.610268297416971750e-01	0.000000000000000000e+00
4.464110771234479635e-01	9.461366255999087427e-01	0.000000000000000000e+00
4.464110771234479635e-01	9.461366255999087427e-01	0.000000000000000000e+00
4.535487743953323658e-01	8.456150190885115547e-01	0.000000000000000000e+00
4.535487743953323658e-01	7.879019040130940121e-01	0.000000000000000000e+00
4.535487743953323658e-01	7.879019040130940121e-01	0.000000000000000000e+00
4.535487743953323658e-01	7.879019040130940121e-01	0.000000000000000000e+00
4.535487743953323658e-01	7.879019040130940121e-01	0.000000000000000000e+00
4.535487743953323658e-01	7.879019040130940121e-01	0.000000000000000000e+00
4.535487743953323658e-01	7.879019040130940121e-01	0.000000000000000000e+00
4.535487743953323658e-01	7.879019040130940121e-01	0.000000000000000000e+00
4.535487743953323658e-01	7.879019040130940121e-01	0.000000000000000000e+00
4.535487743953323658e-01	7.941003086141793510e-01	0.000000000000000000e+00
4.535487743953323658e-01	7.941003086141793510e-01	0.000000000000000000e+00
6.631902841848198449e-01	6.999520151799221157e-01	0.000000000000000000e+00
6.631902841848198449e-01	6.999520151799221157e-01	0.000000000000000000e+00
6.331656964356591200e-01	7.005310461666389710e-01	0.000000000000000000e+00
6.331656964356591200e-01	7.005310461666389710e-01	0.000000000000000000e+00
6.431738923520460283e-01	6.009022582334360152e-01	0.000000000000000000e+00
6.431738923520460283e-01	6.009022582334360152e-01	0.000000000000000000e+00
6.431738923520460283e-01	6.009022582334360152e-01	0.000000000000000000e+00
6.431738923520460283e-01	6.009022582334360152e-01	0.000000000000000000e+00
6.431738923520460283e-01	6.009022582334360152e-01	0.000000000000000000e+00
6.431738923520460283e-01	5.870982398402183611e-01	0.000000000000000000e+00
6.431738923520460283e-01	5.870982398402183611e-01	0.000000000000000000e+00
6.431738923520460283e-01	5.870982398402183611e-01	0.000000000000000000e+00
6.431738923520460283e-01	5.870982398402183611e-01	0.000000000000000000e+00
6.431738923520460283e-01	5.870982398402183611e-01	0.000000000000000000e+00
6.457515000413371897e-01	6.972863019754573788e-01	0.000000000000000000e+00
6.457515000413371897e-01	6.972863019754573788e-01	0.000000000000000000e+00
6.457515000413371897e-01	6.972863019754573788e-01	0.000000000000000000e+00
8.268749277932588848e-01	4.358134518929771550e-01	0.000000000000000000e+00
8.268728977513930545e-01	4.498110480781167819e-01	0.000000000000000000e+00
8.268728977513930545e-01	4.498110480781167819e-01	0.000000000000000000e+00
8.268728977513930545e-01	4.498110480781167819e-01	0.000000000000000000e+00
8.268728977513930545e-01	4.498110480781167819e-01	0.000000000000000000e+00
8.268728977513930545e-01	4.498110480781167819e-01	0.000000000000000000e+00
8.268728977513930545e-01	4.498110480781167819e-01	0.000000000000000000e+00
8.268728977513930545e-01	4.498110480781167819e-01	0.000000000000000000e+00
8.539044392018499963e-01	2.106739213787459375e-01	0.000000000000000000e+00
8.539044392018499963e-01	2.106739213787459375e-01	0.000000000000000000e+00
8.539044392018499963e-01	2.106739213787459375e-01	0.000000000000000000e+00
8.448946020656529221e-01	2.147429350785592106e-01	0.000000000000000000e+00
8.448946020656529221e-01	2.147429350785592106e-01	0.000000000000000000e+00
8.448946020656529221e-01	2.951290976472399352e-01	0.000000000000000000e+00
8.448946020656529221e-01	2.951290976472399352e-01	0.000000000000000000e+00
8.448946020656529221e-01	2.951290976472399352e-01	0.000000000000000000e+00
8.448946020656529221e-01	2.951290976472399352e-01	0.000000000000000000e+00
8.448946020656529221e-01	2.951290976472399352e-01	0.000000000000000000e+00
8.448946020656529221e-01	2.951290976472399352e-01	0.000000000000000000e+00
8.448946020656529221e-01	2.951290976472399352e-01	0.000000000000000000e+00
8.448946020656529221e-01	2.951290976472399352e-01	0.000000000000000000e+00
8.418781734128498728e-01	3.827417111932177041e-01	0.000000000000000000e+00
8.418781734128498728e-01	3.827417111932177041e-01	0.000000000000000000e+00
8.418781734128498728e-01	3.827417111932177041e-01	0.000000000000000000e+00
8.418781734128498728e-01	4.088390477174206894e-01	0.000000000000000000e+00
8.418781734128498728e-01	4.088390477174206894e-01	0.000000000000000000e+00
8.418781734128498728e-01	4.088390477174206894e-01	0.000000000000000000e+00
8.418781734128498728e-01	4.088390477174206894e-01	0.000000000000000000e+00
8.418781734128498728e-01	4.088390477174206894e-01	0.000000000000000000e+00
8.418781734128498728e-01	4.088390477174206894e-01	0.000000000000000000e+00
