0.000000000000000000e+00	5.416266070514510034e+00	0.000000000000000000e+00
3.511895629762148974e-02	4.302243625731510868e+00	0.000000000000000000e+00
3.969060967624585268e-02	4.169543111363700483e+00	0.000000000000000000e+00
3.969060967624585268e-02	4.169543111363700483e+00	0.000000000000000000e+00
3.969060967624585268e-02	4.169543111363700483e+00	0.000000000000000000e+00
1.193457847406183547e-01	4.069377339861590670e+00	0.000000000000000000e+00
1.193457847406183547e-01	4.069377339861590670e+00	0.000000000000000000e+00
1.805564504184437868e-01	4.041173476956206656e+00	0.000000000000000000e+00
2.073050634059398767e-01	3.801060689396284609e+00	0.000000000000000000e+00
2.167734100776679274e-01	3.759302226447911011e+00	0.000000000000000000e+00
2.166852045659617976e-01	3.190478448831916669e+00	0.000000000000000000e+00
2.166852045659617976e-01	3.190478448831916669e+00	0.000000000000000000e+00
2.166852045659617976e-01	3.190478448831916669e+00	0.000000000000000000e+00
2.508907902877201557e-01	2.466277649519287518e+00	0.000000000000000000e+00
2.508907902877201557e-01	2.466277649519287518e+00	0.000000000000000000e+00
2.207523092021092814e-01	2.480508835538068002e+00	0.000000000000000000e+00
2.207523092021092814e-01	2.480508835538068002e+00	0.000000000000000000e+00
2.207523092021092814e-01	2.480508835538068002e+00	0.000000000000000000e+00
2.207523092021092814e-01	2.432553689709964218e+00	0.000000000000000000e+00
2.207523092021092814e-01	2.432553689709964218e+00	0.000000000000000000e+00
2.207523092021092814e-01	2.432553689709964218e+00	0.000000000000000000e+00
2.207523092021092814e-01	2.432553689709964218e+00	0.000000000000000000e+00
2.207523092021092814e-01	2.432553689709964218e+00	0.000000000000000000e+00
2.207523092021092814e-01	2.432553689709964218e+00	0.000000000000000000e+00
2.207523092021092814e-01	2.432553689709964218e+00	0.000000000000000000e+00
2.815239935568061846e-01	2.360482496387274587e+00	0.000000000000000000e+00
2.815239935568061846e-01	2.352377772477133089e+00	0.000000000000000000e+00
2.815239935568061846e-01	2.352377772477133089e+00	0.000000000000000000e+00
2.815239935568061846e-01	2.327909290639512907e+00	0.000000000000000000e+00
2.815239935568061846e-01	2.327909290639512907e+00	0.000000000000000000e+00
2.815239935568061846e-01	2.327909290639512907e+00	0.000000000000000000e+00
2.815239935568061846e-01	2.327909290639512907e+00	0.000000000000000000e+00
2.815239935568061846e-01	2.327909290639512907e+00	0.000000000000000000e+00
2.815239935568061846e-01	2.327909290639512907e+00	0.000000000000000000e+00
2.815239935568061846e-01	2.327909290639512907e+00	0.000000000000000000e+00
4.144125665838815920e-01	2.305362653942076623e+00	0.000000000000000000e+00
4.189318872476358036e-01	2.153925629494413574e+00	0.000000000000000000e+00
4.189318872476358036e-01	2.153925629494413574e+00	0.000000000000000000e+00
4.189318872476358036e-01	2.153925629494413574e+00	0.000000000000000000e+00
4.189318872476358036e-01	2.153925629494413574e+00	0.000000000000000000e+00
4.144125665838815920e-01	2.445284781791027484e+00	0.000000000000000000e+00
4.144125665838815920e-01	2.445284781791027484e+00	0.000000000000000000e+00
4.144125665838815920e-01	2.468551923454877173e+00	0.000000000000000000e+00
6.615629948588032105e-01	2.170977568182165918e+00	0.000000000000000000e+00
6.615629948588032105e-01	2.170977568182165918e+00	0.000000000000000000e+00
6.615629948588032105e-01	2.170977568182165918e+00	0.000000000000000000e+00
6.615629948588032105e-01	2.170977568182165918e+00	0.000000000000000000e+00
6.615629948588032105e-01	1.527767456560997106e+00	0.000000000000000000e+00
6.615629948588032105e-01	1.527767456560997106e+00	0.000000000000000000e+00
6.615629948588032105e-01	1.527767456560997106e+00	0.000000000000000000e+00
6.615629948588032105e-01	1.527767456560997106e+00	0.000000000000000000e+00
6.615629948588032105e-01	1.527767456560997106e+00	0.000000000000000000e+00
6.615629948588032105e-01	1.527767456560997106e+00	0.000000000000000000e+00
6.615629948588032105e-01	1.527767456560997106e+00	0.000000000000000000e+00
6.615629948588032105e-01	1.527767456560997106e+00	0.000000000000000000e+00
8.154734712727199630e-01	1.933748408465480351e+00	0.000000000000000000e+00
8.154734712727199630e-01	1.933748408465480351e+00	0.000000000000000000e+00
8.496686377158649828e-01	1.314211602190935135e+00	0.000000000000000000e+00
8.496686377158649828e-01	1.314211602190935135e+00	0.000000000000000000e+00
8.346199205088135065e-01	1.845325553517049633e+00	0.000000000000000000e+00
8.346199205088135065e-01	1.845325553517049633e+00	0.000000000000000000e+00
8.496686377158649828e-01	1.314211602190935135e+00	0.000000000000000000e+00
8.496686377158649828e-01	1.314211602190935135e+00	0.000000000000000000e+00
8.346199205088135065e-01	1.845325553517049633e+00	0.000000000000000000e+00
8.346199205088135065e-01	1.845325553517049633e+00	0.000000000000000000e+00
8.346199205088135065e-01	1.845325553517049633e+00	0.000000000000000000e+00
8.346199205088135065e-01	1.845325553517049633e+00	0.000000000000000000e+00
8.224280672123558400e-01	2.011079677310454450e+00	0.000000000000000000e+00
8.224280672123558400e-01	2.011079677310454450e+00	0.000000000000000000e+00
8.224280672123558400e-01	1.668959808953463408e+00	0.000000000000000000e+00
8.224280672123558400e-01	1.628301078487418119e+00	0.000000000000000000e+00
8.224280672123558400e-01	1.628301078487418119e+00	0.000000000000000000e+00
8.224280672123558400e-01	1.628301078487418119e+00	0.000000000000000000e+00
8.224280672123558400e-01	1.628301078487418119e+00	0.000000000000000000e+00
8.224280672123558400e-01	1.628301078487418119e+00	0.000000000000000000e+00
8.224280672123558400e-01	1.628301078487418119e+00	0.000000000000000000e+00
8.224280672123558400e-01	1.628301078487418119e+00	0.000000000000000000e+00
8.649193366313756570e-01	1.513423681578797364e+00	0.000000000000000000e+00
8.649193366313756570e-01	1.513423681578797364e+00	0.000000000000000000e+00
8.507555801583690513e-01	1.468996856194666245e+00	0.000000000000000000e+00
8.507555801583690513e-01	1.468996856194666245e+00	0.000000000000000000e+00
8.507555801583690513e-01	1.468996856194666245e+00	0.000000000000000000e+00
8.507555801583690513e-01	1.468996856194666245e+00	0.000000000000000000e+00
8.507555801583690513e-01	1.468996856194666245e+00	0.000000000000000000e+00
8.507555801583690513e-01	1.440433829805058297e+00	0.000000000000000000e+00
8.507555801583690513e-01	1.440433829805058297e+00	0.000000000000000000e+00
8.507555801583690513e-01	1.440433829805058297e+00	0.000000000000000000e+00
8.507555801583690513e-01	1.440433829805058297e+00	0.000000000000000000e+00
8.507555801583690513e-01	1.440433829805058297e+00	0.000000000000000000e+00
8.507555801583690513e-01	1.440433829805058297e+00	0.000000000000000000e+00
8.507555801583690513e-01	1.440433829805058297e+00	0.000000000000000000e+00
8.501449382031049939e-01	1.524263592253401134e+00	0.000000000000000000e+00
8.501449382031049939e-01	1.524263592253401134e+00	0.000000000000000000e+00
8.501449382031049939e-01	1.524263592253401134e+00	0.000000000000000000e+00
8.501449382031049939e-01	1.524263592253401134e+00	0.000000000000000000e+00
8.501449382031049939e-01	1.524263592253401134e+00	0.000000000000000000e+00
8.501449382031049939e-01	1.524263592253401134e+00	0.000000000000000000e+00
8.501449382031049939e-01	1.524263592253401134e+00	0.000000000000000000e+00
8.498396172254729652e-01	1.586112024216860927e+00	0.000000000000000000e+00
8.498396172254729652e-01	1.586112024216860927e+00	0.000000000000000000e+00
