0.000000000000000000e+00	1.512472346274453816e+00	0.000000000000000000e+00
1.220530473717812425e-02	1.234083418504341001e+00	0.000000000000000000e+00
1.220530473717812425e-02	1.234083418504341001e+00	0.000000000000000000e+00
4.251360598878015096e-02	1.172322256083721870e+00	0.000000000000000000e+00
5.197000417765980373e-02	1.056871839307438110e+00	0.000000000000000000e+00
5.197000417765980373e-02	1.056871839307438110e+00	0.000000000000000000e+00
7.388311437750445798e-02	1.002640469456329786e+00	0.000000000000000000e+00
8.633982638846945945e-02	9.490570211725990468e-01	0.000000000000000000e+00
8.633982638846945945e-02	9.470558400082854655e-01	0.000000000000000000e+00
8.633982638846945945e-02	9.470558400082854655e-01	0.000000000000000000e+00
8.633982638846945945e-02	9.461788473242155328e-01	0.000000000000000000e+00
8.633982638846945945e-02	9.461788473242155328e-01	0.000000000000000000e+00
8.633982638846945945e-02	9.461788473242155328e-01	0.000000000000000000e+00
8.633982638846945945e-02	9.461788473242155328e-01	0.000000000000000000e+00
8.633982638846945945e-02	9.461788473242155328e-01	0.000000000000000000e+00
1.901292146303854291e-01	9.140945748043376451e-01	0.000000000000000000e+00
1.901292146303854291e-01	9.063218647917162807e-01	0.000000000000000000e+00
2.051213496812156478e-01	7.962716910154130634e-01	0.000000000000000000e+00
2.082661439666348702e-01	7.572376480623659312e-01	0.000000000000000000e+00
2.082661439666348702e-01	7.211022277087719701e-01	0.000000000000000000e+00
2.082661439666348702e-01	7.211022277087719701e-01	0.000000000000000000e+00
2.296375999974261950e-01	5.928808295842693532e-01	0.000000000000000000e+00
2.296375999974261950e-01	5.928808295842693532e-01	0.000000000000000000e+00
2.296375999974261950e-01	5.928808295842693532e-01	0.000000000000000000e+00
2.314519600322397508e-01	5.465045149540843639e-01	0.000000000000000000e+00
2.314519600322397508e-01	5.411414407095118673e-01	0.000000000000000000e+00
2.357058175499877062e-01	5.046368150423253818e-01	0.000000000000000000e+00
2.391511139203819081e-01	4.524949758944556422e-01	0.000000000000000000e+00
2.391511139203819081e-01	4.524949758944556422e-01	0.000000000000000000e+00
2.391511139203819081e-01	4.524949758944556422e-01	0.000000000000000000e+00
2.468502678085240376e-01	4.069402383575323467e-01	0.000000000000000000e+00
2.489453290208538394e-01	3.950667883707610906e-01	0.000000000000000000e+00
2.489453290208538394e-01	3.893542127857976820e-01	0.000000000000000000e+00
2.489453290208538394e-01	3.893542127857976820e-01	0.000000000000000000e+00
2.545625759331833771e-01	3.929501330962153482e-01	0.000000000000000000e+00
2.545625759331833771e-01	3.814733482435340162e-01	0.000000000000000000e+00
2.545625759331833771e-01	3.814733482435340162e-01	0.000000000000000000e+00
2.545625759331833771e-01	3.814733482435340162e-01	0.000000000000000000e+00
2.545625759331833771e-01	3.781807997489275430e-01	0.000000000000000000e+00
2.545625759331833771e-01	3.781807997489275430e-01	0.000000000000000000e+00
2.545625759331833771e-01	3.773864191055012474e-01	0.000000000000000000e+00
2.545625759331833771e-01	3.773864191055012474e-01	0.000000000000000000e+00
2.545625759331833771e-01	3.773864191055012474e-01	0.000000000000000000e+00
2.545625759331833771e-01	3.773864191055012474e-01	0.000000000000000000e+00
2.545625759331833771e-01	3.773864191055012474e-01	0.000000000000000000e+00
4.213408121669131035e-01	3.542548769145307808e-01	0.000000000000000000e+00
4.193991023979635746e-01	3.312516698862575937e-01	0.000000000000000000e+00
4.205960268188283502e-01	3.175278414143107297e-01	0.000000000000000000e+00
4.213408121669131035e-01	3.099692731575749427e-01	0.000000000000000000e+00
4.213408121669131035e-01	2.900300018014217995e-01	0.000000000000000000e+00
4.250793426430929389e-01	2.607026032803208548e-01	0.000000000000000000e+00
4.250793426430929389e-01	2.512195959863823824e-01	0.000000000000000000e+00
4.313757343141764733e-01	2.168529608724368007e-01	0.000000000000000000e+00
4.313757343141764733e-01	2.168529608724368007e-01	0.000000000000000000e+00
4.313757343141764733e-01	2.168529608724368007e-01	0.000000000000000000e+00
4.343733070144495945e-01	1.949439396487106235e-01	0.000000000000000000e+00
4.356975251377434022e-01	1.913789619112580276e-01	0.000000000000000000e+00
4.356975251377434022e-01	1.797008693508413690e-01	0.000000000000000000e+00
4.371068125098276913e-01	1.672529555642350285e-01	0.000000000000000000e+00
4.420597488175875833e-01	1.410068936497886616e-01	0.000000000000000000e+00
4.420597488175875833e-01	1.410068936497886616e-01	0.000000000000000000e+00
4.531206484596301265e-01	1.214238363655861103e-01	0.000000000000000000e+00
4.531206484596301265e-01	1.214238363655861103e-01	0.000000000000000000e+00
4.570815269499269862e-01	1.164109217313012978e-01	0.000000000000000000e+00
4.570815269499269862e-01	1.159970412013482804e-01	0.000000000000000000e+00
4.570815269499269862e-01	1.159970412013482804e-01	0.000000000000000000e+00
4.570815269499269862e-01	1.159970412013482804e-01	0.000000000000000000e+00
4.570815269499269862e-01	1.159970412013482804e-01	0.000000000000000000e+00
4.570815269499269862e-01	1.159970412013482804e-01	0.000000000000000000e+00
4.570815269499269862e-01	1.159970412013482804e-01	0.000000000000000000e+00
4.570815269499269862e-01	1.191472310998509115e-01	0.000000000000000000e+00
6.379444331796052525e-01	5.730305289662689094e-02	0.000000000000000000e+00
6.379444331796052525e-01	5.730305289662689094e-02	0.000000000000000000e+00
6.379444331796052525e-01	5.730305289662689094e-02	0.000000000000000000e+00
6.379444331796052525e-01	5.730305289662689094e-02	0.000000000000000000e+00
6.379444331796052525e-01	5.730305289662689094e-02	0.000000000000000000e+00
6.431256021491192909e-01	5.132508041556588935e-02	0.000000000000000000e+00
6.438421863669535616e-01	2.733096210193489833e-02	0.000000000000000000e+00
6.438421863669535616e-01	2.733096210193489833e-02	0.000000000000000000e+00
6.439289472188908237e-01	1.496605404978947973e-03	0.000000000000000000e+00
6.439289472188908237e-01	1.496605404978947973e-03	0.000000000000000000e+00
6.439289472188908237e-01	1.496605404978947973e-03	0.000000000000000000e+00
6.483067711186333293e-01	-7.890683463993024283e-02	0.000000000000000000e+00
6.483067711186333293e-01	-7.890683463993024283e-02	0.000000000000000000e+00
6.483067711186333293e-01	-7.890683463993024283e-02	0.000000000000000000e+00
6.483067711186333293e-01	-7.890683463993024283e-02	0.000000000000000000e+00
6.483067711186333293e-01	-7.890683463993024283e-02	0.000000000000000000e+00
8.409614368548482544e-01	-9.916373232501103641e-02	0.000000000000000000e+00
8.409614368548482544e-01	-9.465245071543668121e-02	0.000000000000000000e+00
8.409614368548482544e-01	-9.465245071543668121e-02	0.000000000000000000e+00
8.409614368548482544e-01	-9.465245071543668121e-02	0.000000000000000000e+00
8.409614368548482544e-01	-9.465245071543668121e-02	0.000000000000000000e+00
8.408671340077569223e-01	-8.779966024249270806e-02	0.000000000000000000e+00
8.408671340077569223e-01	-8.779966024249270806e-02	0.000000000000000000e+00
8.411143200840964784e-01	-1.147797680896516515e-01	0.000000000000000000e+00
8.411143200840964784e-01	-1.147797680896516515e-01	0.000000000000000000e+00
8.411143200840964784e-01	-1.415330077401251441e-01	0.000000000000000000e+00
8.411143200840964784e-01	-1.415330077401251441e-01	0.000000000000000000e+00
8.411143200840964784e-01	-1.415330077401251441e-01	0.000000000000000000e+00
8.411143200840964784e-01	-1.415330077401251441e-01	0.000000000000000000e+00
