0.000000000000000000e+00	1.666600512954432123e+00	0.000000000000000000e+00
0.000000000000000000e+00	1.190733370131811464e+00	0.000000000000000000e+00
2.671251381949189124e-02	9.867727530441573469e-01	0.000000000000000000e+00
4.251360598878015096e-02	8.933128008637342132e-01	0.000000000000000000e+00
4.251360598878015096e-02	8.933128008637342132e-01	0.000000000000000000e+00
7.281300175897412186e-02	7.969267559969304138e-01	0.000000000000000000e+00
7.281300175897412186e-02	7.879876502033152930e-01	0.000000000000000000e+00
7.281300175897412186e-02	7.879876502033152930e-01	0.000000000000000000e+00
7.281300175897412186e-02	7.879876502033152930e-01	0.000000000000000000e+00
7.281300175897412186e-02	7.969267559969304138e-01	0.000000000000000000e+00
8.633982638846945945e-02	8.072022078652777433e-01	0.000000000000000000e+00
8.633982638846945945e-02	8.072022078652777433e-01	0.000000000000000000e+00
8.633982638846945945e-02	8.423771459259274952e-01	0.000000000000000000e+00
2.033600829885146011e-01	7.610234753448923417e-01	0.000000000000000000e+00
2.132837009386831240e-01	6.178019613448384462e-01	0.000000000000000000e+00
2.132837009386831240e-01	6.178019613448384462e-01	0.000000000000000000e+00
2.199969609378019941e-01	6.042637930863197226e-01	0.000000000000000000e+00
2.274229382658114473e-01	5.455534185005455061e-01	0.000000000000000000e+00
2.297455728522888874e-01	4.546792482855943618e-01	0.000000000000000000e+00
2.297455728522888874e-01	4.217571192128808377e-01	0.000000000000000000e+00
2.416437248308483388e-01	4.001088519172862901e-01	0.000000000000000000e+00
2.416437248308483388e-01	3.209583787166211954e-01	0.000000000000000000e+00
2.416437248308483388e-01	3.209583787166211954e-01	0.000000000000000000e+00
2.505273051043385713e-01	2.971138484170710026e-01	0.000000000000000000e+00
2.622313149409472577e-01	2.886473647222956851e-01	0.000000000000000000e+00
2.622313149409472577e-01	2.886473647222956851e-01	0.000000000000000000e+00
2.622313149409472577e-01	2.886473647222956851e-01	0.000000000000000000e+00
2.622313149409472577e-01	2.886473647222956851e-01	0.000000000000000000e+00
2.622313149409472577e-01	2.886473647222956851e-01	0.000000000000000000e+00
2.622313149409472577e-01	2.886473647222956851e-01	0.000000000000000000e+00
2.622313149409472577e-01	2.886473647222956851e-01	0.000000000000000000e+00
2.622313149409472577e-01	2.886473647222956851e-01	0.000000000000000000e+00
2.622313149409472577e-01	2.923069097183702558e-01	0.000000000000000000e+00
2.622313149409472577e-01	2.923069097183702558e-01	0.000000000000000000e+00
4.409567208997758336e-01	9.157402927480078059e-02	0.000000000000000000e+00
4.409567208997758336e-01	9.157402927480078059e-02	0.000000000000000000e+00
4.409567208997758336e-01	9.157402927480078059e-02	0.000000000000000000e+00
4.409567208997758336e-01	9.157402927480078059e-02	0.000000000000000000e+00
4.397683624246618850e-01	6.485964966682612742e-02	0.000000000000000000e+00
4.397683624246618850e-01	6.485964966682612742e-02	0.000000000000000000e+00
4.397683624246618850e-01	6.485964966682612742e-02	0.000000000000000000e+00
4.397683624246618850e-01	6.485964966682612742e-02	0.000000000000000000e+00
4.418850974498925721e-01	4.992902351508451270e-02	0.000000000000000000e+00
4.467898341472505974e-01	1.350021839788504742e-02	0.000000000000000000e+00
4.467898341472505974e-01	1.350021839788504742e-02	0.000000000000000000e+00
4.467898341472505974e-01	1.350021839788504742e-02	0.000000000000000000e+00
4.467898341472505974e-01	1.350021839788504742e-02	0.000000000000000000e+00
4.467898341472505974e-01	1.350021839788504742e-02	0.000000000000000000e+00
4.449330810470171205e-01	5.877588181578816823e-02	0.000000000000000000e+00
4.449330810470171205e-01	5.877588181578816823e-02	0.000000000000000000e+00
4.449330810470171205e-01	5.901467813021506886e-02	0.000000000000000000e+00
6.347771182849242244e-01	-1.896868577266233313e-01	0.000000000000000000e+00
6.347771182849242244e-01	-1.661664604510197651e-01	0.000000000000000000e+00
6.347771182849242244e-01	-1.661664604510197651e-01	0.000000000000000000e+00
6.347771182849242244e-01	-1.661664604510197651e-01	0.000000000000000000e+00
6.347771182849242244e-01	-1.661664604510197651e-01	0.000000000000000000e+00
6.347771182849242244e-01	-1.661664604510197651e-01	0.000000000000000000e+00
6.347771182849242244e-01	-1.661664604510197651e-01	0.000000000000000000e+00
6.347771182849242244e-01	-1.661664604510197651e-01	0.000000000000000000e+00
6.347771182849242244e-01	-1.661664604510197651e-01	0.000000000000000000e+00
6.347771182849242244e-01	-1.734185164879454844e-01	0.000000000000000000e+00
6.347771182849242244e-01	-1.734185164879454844e-01	0.000000000000000000e+00
6.349088102422173474e-01	-1.852774146993487470e-01	0.000000000000000000e+00
6.350405021995103594e-01	-1.982194195048460339e-01	0.000000000000000000e+00
6.354132211728528157e-01	-2.412988106423376578e-01	0.000000000000000000e+00
6.354132211728528157e-01	-2.412988106423376578e-01	0.000000000000000000e+00
6.354132211728528157e-01	-2.412988106423376578e-01	0.000000000000000000e+00
6.354132211728528157e-01	-2.412988106423376578e-01	0.000000000000000000e+00
6.354132211728528157e-01	-2.412988106423376578e-01	0.000000000000000000e+00
6.354132211728528157e-01	-2.412988106423376578e-01	0.000000000000000000e+00
6.356074980506699612e-01	-2.319680692860960625e-01	0.000000000000000000e+00
6.356074980506699612e-01	-2.319680692860960625e-01	0.000000000000000000e+00
8.322980651058907720e-01	-2.906660759871395050e-01	0.000000000000000000e+00
8.322980651058907720e-01	-2.906660759871395050e-01	0.000000000000000000e+00
8.322980651058907720e-01	-2.906660759871395050e-01	0.000000000000000000e+00
8.322980651058907720e-01	-2.906660759871395050e-01	0.000000000000000000e+00
8.310525928105967353e-01	-3.278656711699715065e-01	0.000000000000000000e+00
8.310525928105967353e-01	-3.278656711699715065e-01	0.000000000000000000e+00
8.310525928105967353e-01	-3.278656711699715065e-01	0.000000000000000000e+00
8.322980651058907720e-01	-3.548563018072470876e-01	0.000000000000000000e+00
8.329948767108815710e-01	-3.623511118506640982e-01	0.000000000000000000e+00
8.366592714759445437e-01	-4.178327278470993500e-01	0.000000000000000000e+00
8.347842329897389169e-01	-3.947676431601294667e-01	0.000000000000000000e+00
8.366592714759445437e-01	-4.178327278470993500e-01	0.000000000000000000e+00
8.366592714759445437e-01	-4.178327278470993500e-01	0.000000000000000000e+00
8.366592714759445437e-01	-4.257830844525761771e-01	0.000000000000000000e+00
8.366592714759445437e-01	-4.257830844525761771e-01	0.000000000000000000e+00
8.376382643452069399e-01	-4.799875469030656649e-01	0.000000000000000000e+00
8.376382643452069399e-01	-4.799875469030656649e-01	0.000000000000000000e+00
8.376382643452069399e-01	-4.799875469030656649e-01	0.000000000000000000e+00
8.376382643452069399e-01	-4.799875469030656649e-01	0.000000000000000000e+00
8.376382643452069399e-01	-4.799875469030656649e-01	0.000000000000000000e+00
8.637174827332499971e-01	-4.823906313675062618e-01	0.000000000000000000e+00
8.637174827332499971e-01	-4.993474603113660648e-01	0.000000000000000000e+00
8.637174827332499971e-01	-4.993474603113660648e-01	0.000000000000000000e+00
8.637174827332499971e-01	-4.993474603113660648e-01	0.000000000000000000e+00
8.637174827332499971e-01	-4.993474603113660648e-01	0.000000000000000000e+00
8.637174827332499971e-01	-4.993474603113660648e-01	0.000000000000000000e+00
8.637174827332499971e-01	-4.993474603113660648e-01	0.000000000000000000e+00
8.637174827332499971e-01	-4.993474603113660648e-01	0.000000000000000000e+00
