0.000000000000000000e+00	1.119607847870855544e+00	0.000000000000000000e+00
8.263050122832852479e-03	9.908788096336718088e-01	0.000000000000000000e+00
2.796085819277360079e-02	9.025117654024367164e-01	0.000000000000000000e+00
4.277845512030573061e-02	8.278663085378306086e-01	0.000000000000000000e+00
5.255421234378088169e-02	7.978165088417968898e-01	0.000000000000000000e+00
6.757998198771347775e-02	7.559160974456757831e-01	0.000000000000000000e+00
8.071354784361825518e-02	7.311444079674171981e-01	0.000000000000000000e+00
8.071354784361825518e-02	7.311444079674171981e-01	0.000000000000000000e+00
8.071354784361825518e-02	7.311444079674171981e-01	0.000000000000000000e+00
8.071354784361825518e-02	7.311444079674171981e-01	0.000000000000000000e+00
8.071354784361825518e-02	7.360799092695312629e-01	0.000000000000000000e+00
8.071354784361825518e-02	7.360799092695312629e-01	0.000000000000000000e+00
7.697897475339142426e-02	7.401996111117801203e-01	0.000000000000000000e+00
7.697897475339142426e-02	7.401996111117801203e-01	0.000000000000000000e+00
2.109442106901347758e-01	6.174079480393763752e-01	0.000000000000000000e+00
2.132837009386831240e-01	5.511369381584388938e-01	0.000000000000000000e+00
2.205684771887230777e-01	5.105769214197178885e-01	0.000000000000000000e+00
2.238326623814635430e-01	4.348539418406012214e-01	0.000000000000000000e+00
2.271721543009395661e-01	4.077826637988883896e-01	0.000000000000000000e+00
2.338511381398916400e-01	3.693420653932603104e-01	0.000000000000000000e+00
2.416437248308483388e-01	3.148360429636252178e-01	0.000000000000000000e+00
2.485503014199146321e-01	3.147956488711268208e-01	0.000000000000000000e+00
2.577017019531671060e-01	2.911824823704608489e-01	0.000000000000000000e+00
2.602202551453465240e-01	2.807265226980162898e-01	0.000000000000000000e+00
2.602202551453465240e-01	2.807265226980162898e-01	0.000000000000000000e+00
2.602202551453465240e-01	2.807265226980162898e-01	0.000000000000000000e+00
2.602202551453465240e-01	2.807265226980162898e-01	0.000000000000000000e+00
2.602202551453465240e-01	2.807265226980162898e-01	0.000000000000000000e+00
2.602202551453465240e-01	2.807265226980162898e-01	0.000000000000000000e+00
2.602202551453465240e-01	2.807265226980162898e-01	0.000000000000000000e+00
2.602202551453465240e-01	2.807265226980162898e-01	0.000000000000000000e+00
2.602202551453465240e-01	2.813858750061684622e-01	0.000000000000000000e+00
4.236344294568757940e-01	1.191220384667838611e-01	0.000000000000000000e+00
4.236344294568757940e-01	1.191220384667838611e-01	0.000000000000000000e+00
4.236344294568757940e-01	1.191220384667838611e-01	0.000000000000000000e+00
4.236344294568757940e-01	1.191220384667838611e-01	0.000000000000000000e+00
4.236344294568757940e-01	1.191220384667838611e-01	0.000000000000000000e+00
4.264296679832638715e-01	1.028887157311799000e-01	0.000000000000000000e+00
4.293511365506966215e-01	7.719813098764248538e-02	0.000000000000000000e+00
4.330821411171366098e-01	3.891126886688618669e-02	0.000000000000000000e+00
4.402521928085794123e-01	1.405740907463744020e-02	0.000000000000000000e+00
4.402521928085794123e-01	1.405740907463744020e-02	0.000000000000000000e+00
4.511701525734168605e-01	4.574492941692773337e-04	0.000000000000000000e+00
4.545316689204199623e-01	-1.090014520113117419e-02	0.000000000000000000e+00
4.545316689204199623e-01	-2.827957645649138707e-02	0.000000000000000000e+00
4.545316689204199623e-01	-2.827957645649138707e-02	0.000000000000000000e+00
4.545316689204199623e-01	-4.727975316296035430e-02	0.000000000000000000e+00
4.545316689204199623e-01	-4.727975316296035430e-02	0.000000000000000000e+00
4.545316689204199623e-01	-4.727975316296035430e-02	0.000000000000000000e+00
4.545316689204199623e-01	-4.727975316296035430e-02	0.000000000000000000e+00
4.545316689204199623e-01	-4.727975316296035430e-02	0.000000000000000000e+00
4.545316689204199623e-01	-4.727975316296035430e-02	0.000000000000000000e+00
4.545316689204199623e-01	-4.727975316296035430e-02	0.000000000000000000e+00
6.334762777271492062e-01	-1.964995552129965295e-01	0.000000000000000000e+00
6.334762777271492062e-01	-1.964995552129965295e-01	0.000000000000000000e+00
6.329306197236297393e-01	-1.065301059750437956e-01	0.000000000000000000e+00
6.334762777271492062e-01	-1.313425022680819454e-01	0.000000000000000000e+00
6.335068078430924343e-01	-1.601288321956893523e-01	0.000000000000000000e+00
6.335221297159647769e-01	-2.306258554523190063e-01	0.000000000000000000e+00
6.335221297159647769e-01	-2.306258554523190063e-01	0.000000000000000000e+00
6.335221297159647769e-01	-2.306258554523190063e-01	0.000000000000000000e+00
6.335221297159647769e-01	-2.306258554523190063e-01	0.000000000000000000e+00
6.335221297159647769e-01	-2.306258554523190063e-01	0.000000000000000000e+00
6.358452787133880291e-01	-2.666979906438786685e-01	0.000000000000000000e+00
6.358452787133880291e-01	-2.666979906438786685e-01	0.000000000000000000e+00
6.406892747143335676e-01	-2.999890251116110740e-01	0.000000000000000000e+00
6.406892747143335676e-01	-2.999890251116110740e-01	0.000000000000000000e+00
6.406892747143335676e-01	-2.999890251116110740e-01	0.000000000000000000e+00
6.494376211667829413e-01	-3.184133039316047742e-01	0.000000000000000000e+00
6.497974240365997911e-01	-3.451702987639233555e-01	0.000000000000000000e+00
6.497974240365997911e-01	-3.451702987639233555e-01	0.000000000000000000e+00
6.497974240365997911e-01	-3.537155954320355122e-01	0.000000000000000000e+00
6.536632307368237527e-01	-3.527077236729761478e-01	0.000000000000000000e+00
6.536632307368237527e-01	-3.527077236729761478e-01	0.000000000000000000e+00
6.536632307368237527e-01	-3.527077236729761478e-01	0.000000000000000000e+00
6.536632307368237527e-01	-3.527077236729761478e-01	0.000000000000000000e+00
8.288984860286170431e-01	-4.306289936092249082e-01	0.000000000000000000e+00
8.288984860286170431e-01	-4.311035208071441471e-01	0.000000000000000000e+00
8.288984860286170431e-01	-4.311035208071441471e-01	0.000000000000000000e+00
8.288984860286170431e-01	-4.311035208071441471e-01	0.000000000000000000e+00
8.288984860286170431e-01	-4.311035208071441471e-01	0.000000000000000000e+00
8.288984860286170431e-01	-4.311035208071441471e-01	0.000000000000000000e+00
8.324424458292200013e-01	-4.799512669166497436e-01	0.000000000000000000e+00
8.324424458292200013e-01	-4.799512669166497436e-01	0.000000000000000000e+00
8.324424458292200013e-01	-4.799512669166497436e-01	0.000000000000000000e+00
8.324424458292200013e-01	-4.799512669166497436e-01	0.000000000000000000e+00
8.360132614621442748e-01	-4.829977828982662258e-01	0.000000000000000000e+00
8.376874065712275330e-01	-5.102468334931749006e-01	0.000000000000000000e+00
8.376874065712275330e-01	-5.102468334931749006e-01	0.000000000000000000e+00
8.382170207697243747e-01	-5.283828037716384873e-01	0.000000000000000000e+00
8.373176911411804868e-01	-5.386942701417904988e-01	0.000000000000000000e+00
8.373176911411804868e-01	-5.386942701417904988e-01	0.000000000000000000e+00
8.405083730136211351e-01	-5.494682880306872574e-01	0.000000000000000000e+00
8.413484395025186968e-01	-5.569363041985693208e-01	0.000000000000000000e+00
8.428253452622470610e-01	-5.833249259247959007e-01	0.000000000000000000e+00
8.428253452622470610e-01	-5.833249259247959007e-01	0.000000000000000000e+00
8.428253452622470610e-01	-5.833249259247959007e-01	0.000000000000000000e+00
8.436540257938990317e-01	-5.873764800011544995e-01	0.000000000000000000e+00
8.436540257938990317e-01	-5.873764800011544995e-01	0.000000000000000000e+00
8.436540257938990317e-01	-5.873764800011544995e-01	0.000000000000000000e+00
