0.000000000000000000e+00	3.605835990895517984e+00	0.000000000000000000e+00
4.201949704855332049e-03	1.985342607441989538e+00	0.000000000000000000e+00
4.201949704855332049e-03	1.985342607441989538e+00	0.000000000000000000e+00
4.415091922070427805e-02	1.609548981735717144e+00	0.000000000000000000e+00
4.415091922070427805e-02	1.609548981735717144e+00	0.000000000000000000e+00
4.415091922070427805e-02	1.609548981735717144e+00	0.000000000000000000e+00
8.913971906368034492e-02	1.499402892884983185e+00	0.000000000000000000e+00
8.913971906368034492e-02	1.495327022591975252e+00	0.000000000000000000e+00
6.885475119730938287e-02	1.489818195656172239e+00	0.000000000000000000e+00
6.885475119730938287e-02	1.444444324228144616e+00	0.000000000000000000e+00
6.885475119730938287e-02	1.444444324228144616e+00	0.000000000000000000e+00
6.885475119730938287e-02	1.444444324228144616e+00	0.000000000000000000e+00
6.885475119730938287e-02	1.444444324228144616e+00	0.000000000000000000e+00
1.416295873302186037e-01	1.362880158400951558e+00	0.000000000000000000e+00
1.416295873302186037e-01	1.362880158400951558e+00	0.000000000000000000e+00
2.130335010979050314e-01	1.214733715217347187e+00	0.000000000000000000e+00
1.977039748142029874e-01	1.181949640678371161e+00	0.000000000000000000e+00
2.138833280707533868e-01	1.019974641905556645e+00	0.000000000000000000e+00
2.138833280707533868e-01	1.019974641905556645e+00	0.000000000000000000e+00
2.138833280707533868e-01	1.019974641905556645e+00	0.000000000000000000e+00
2.138833280707533868e-01	9.919871965113781220e-01	0.000000000000000000e+00
2.202961235530536688e-01	9.845977221111885669e-01	0.000000000000000000e+00
2.351714396756769687e-01	8.445467464800630042e-01	0.000000000000000000e+00
2.351714396756769687e-01	8.445467464800630042e-01	0.000000000000000000e+00
2.351714396756769687e-01	8.445467464800630042e-01	0.000000000000000000e+00
2.401949444947675816e-01	8.007876348332423344e-01	0.000000000000000000e+00
2.401949444947675816e-01	8.007876348332423344e-01	0.000000000000000000e+00
2.512223477888305134e-01	7.821434597717112913e-01	0.000000000000000000e+00
2.548819949193504852e-01	7.087014495124392965e-01	0.000000000000000000e+00
2.548819949193504852e-01	5.680331359386431300e-01	0.000000000000000000e+00
2.548819949193504852e-01	5.680331359386431300e-01	0.000000000000000000e+00
2.548819949193504852e-01	5.680331359386431300e-01	0.000000000000000000e+00
2.548819949193504852e-01	5.680331359386431300e-01	0.000000000000000000e+00
2.548819949193504852e-01	5.680331359386431300e-01	0.000000000000000000e+00
2.548819949193504852e-01	5.680331359386431300e-01	0.000000000000000000e+00
2.548819949193504852e-01	5.680331359386431300e-01	0.000000000000000000e+00
2.548819949193504852e-01	5.680331359386431300e-01	0.000000000000000000e+00
2.578954608673822979e-01	5.570425386947017721e-01	0.000000000000000000e+00
2.594021938413981765e-01	5.528072856555490411e-01	0.000000000000000000e+00
2.594021938413981765e-01	5.528072856555490411e-01	0.000000000000000000e+00
2.578954608673822979e-01	5.570425386947017721e-01	0.000000000000000000e+00
2.578954608673822979e-01	5.570425386947017721e-01	0.000000000000000000e+00
2.594021938413981765e-01	5.638888089716236340e-01	0.000000000000000000e+00
2.578954608673822979e-01	5.759938536512949625e-01	0.000000000000000000e+00
2.578954608673822979e-01	6.180268807524303964e-01	0.000000000000000000e+00
2.578954608673822979e-01	6.180268807524303964e-01	0.000000000000000000e+00
2.549213388209947695e-01	6.336784982143820466e-01	0.000000000000000000e+00
4.432899722915309426e-01	4.825730797285401885e-01	0.000000000000000000e+00
4.432899722915309426e-01	4.825730797285401885e-01	0.000000000000000000e+00
4.432899722915309426e-01	4.825730797285401885e-01	0.000000000000000000e+00
4.432899722915309426e-01	4.825730797285401885e-01	0.000000000000000000e+00
4.432899722915309426e-01	4.825730797285401885e-01	0.000000000000000000e+00
4.432899722915309426e-01	4.401049084369383912e-01	0.000000000000000000e+00
4.432899722915309426e-01	4.401049084369383912e-01	0.000000000000000000e+00
4.433231230934842060e-01	5.294176198778479669e-01	0.000000000000000000e+00
4.433231230934842060e-01	5.294176198778479669e-01	0.000000000000000000e+00
4.433231230934842060e-01	5.294176198778479669e-01	0.000000000000000000e+00
4.433231230934842060e-01	5.679088181626854581e-01	0.000000000000000000e+00
6.261381278873230372e-01	4.901716152314480879e-01	0.000000000000000000e+00
6.261381278873230372e-01	4.901716152314480879e-01	0.000000000000000000e+00
6.261381278873230372e-01	4.901716152314480879e-01	0.000000000000000000e+00
6.261381278873230372e-01	4.901716152314480879e-01	0.000000000000000000e+00
6.261381278873230372e-01	4.901716152314480879e-01	0.000000000000000000e+00
6.401583131721025888e-01	4.760493338689297804e-01	0.000000000000000000e+00
6.401583131721025888e-01	4.577011978449382901e-01	0.000000000000000000e+00
6.401583131721025888e-01	4.577011978449382901e-01	0.000000000000000000e+00
6.457515000413371897e-01	4.351421550844569164e-01	0.000000000000000000e+00
6.457515000413371897e-01	4.130696922589770503e-01	0.000000000000000000e+00
6.457515000413371897e-01	4.130696922589770503e-01	0.000000000000000000e+00
6.457515000413371897e-01	4.130696922589770503e-01	0.000000000000000000e+00
6.457515000413371897e-01	4.130696922589770503e-01	0.000000000000000000e+00
6.457515000413371897e-01	4.130696922589770503e-01	0.000000000000000000e+00
6.457515000413371897e-01	4.130696922589770503e-01	0.000000000000000000e+00
6.457515000413371897e-01	4.130696922589770503e-01	0.000000000000000000e+00
8.285209200914488425e-01	3.574518048088723421e-01	0.000000000000000000e+00
8.285209200914488425e-01	3.574518048088723421e-01	0.000000000000000000e+00
8.285209200914488425e-01	3.574518048088723421e-01	0.000000000000000000e+00
8.285209200914488425e-01	3.574518048088723421e-01	0.000000000000000000e+00
8.299746173374298319e-01	3.326695981939323810e-01	0.000000000000000000e+00
8.299746173374298319e-01	3.326695981939323810e-01	0.000000000000000000e+00
8.328820118293918107e-01	2.748210825240379740e-01	0.000000000000000000e+00
8.328820118293918107e-01	2.748210825240379740e-01	0.000000000000000000e+00
8.328820118293918107e-01	2.748210825240379740e-01	0.000000000000000000e+00
8.328820118293918107e-01	2.748210825240379740e-01	0.000000000000000000e+00
8.386106764747550679e-01	1.722451674327837023e-01	0.000000000000000000e+00
8.386106764747550679e-01	1.722451674327837023e-01	0.000000000000000000e+00
8.386106764747550679e-01	1.722451674327837023e-01	0.000000000000000000e+00
8.386106764747550679e-01	1.722451674327837023e-01	0.000000000000000000e+00
8.386106764747550679e-01	1.722451674327837023e-01	0.000000000000000000e+00
8.386106764747550679e-01	1.722451674327837023e-01	0.000000000000000000e+00
8.386106764747550679e-01	1.722451674327837023e-01	0.000000000000000000e+00
8.394337571981612678e-01	1.945491884666289417e-01	0.000000000000000000e+00
8.407319348317884300e-01	1.733472500366219082e-01	0.000000000000000000e+00
8.407319348317884300e-01	1.733472500366219082e-01	0.000000000000000000e+00
8.425136941474888896e-01	1.313534322227327411e-01	0.000000000000000000e+00
8.425136941474888896e-01	1.313534322227327411e-01	0.000000000000000000e+00
8.462425858889544017e-01	1.475043952584321194e-01	0.000000000000000000e+00
8.470359997983205602e-01	1.404024514892159570e-01	0.000000000000000000e+00
8.544263560940477120e-01	1.301373882796394710e-01	0.000000000000000000e+00
8.544263560940477120e-01	1.301373882796394710e-01	0.000000000000000000e+00
