0.000000000000000000e+00	1.791112213012819643e+00	0.000000000000000000e+00
4.704008629149634274e-03	1.646775210346405061e+00	0.000000000000000000e+00
2.952180324305659145e-02	1.518948917089926187e+00	0.000000000000000000e+00
3.123203003743725906e-02	1.425419049396635218e+00	0.000000000000000000e+00
3.123203003743725906e-02	1.425419049396635218e+00	0.000000000000000000e+00
3.123203003743725906e-02	1.425419049396635218e+00	0.000000000000000000e+00
7.388311437750445798e-02	1.259763913654509793e+00	0.000000000000000000e+00
8.633982638846945945e-02	1.113969599171882097e+00	0.000000000000000000e+00
8.633982638846945945e-02	1.113969599171882097e+00	0.000000000000000000e+00
8.633982638846945945e-02	1.113969599171882097e+00	0.000000000000000000e+00
8.633982638846945945e-02	1.113969599171882097e+00	0.000000000000000000e+00
8.633982638846945945e-02	1.113969599171882097e+00	0.000000000000000000e+00
8.633982638846945945e-02	1.113969599171882097e+00	0.000000000000000000e+00
8.633982638846945945e-02	1.113969599171882097e+00	0.000000000000000000e+00
8.633982638846945945e-02	1.113969599171882097e+00	0.000000000000000000e+00
1.934239224574677563e-01	1.100105688757990974e+00	0.000000000000000000e+00
1.934239224574677563e-01	1.035071280869352073e+00	0.000000000000000000e+00
1.934239224574677563e-01	1.016364889015073603e+00	0.000000000000000000e+00
2.049169089856874848e-01	8.683765424388768528e-01	0.000000000000000000e+00
2.049169089856874848e-01	8.683765424388768528e-01	0.000000000000000000e+00
2.049169089856874848e-01	8.683765424388768528e-01	0.000000000000000000e+00
2.094734409534410036e-01	8.349643625121825341e-01	0.000000000000000000e+00
2.196349387437478984e-01	7.454930804522693633e-01	0.000000000000000000e+00
2.192254041066760972e-01	7.541920050291985866e-01	0.000000000000000000e+00
2.202896506653625464e-01	7.078998987269913279e-01	0.000000000000000000e+00
2.202896506653625464e-01	7.078998987269913279e-01	0.000000000000000000e+00
2.239572610757308846e-01	6.743340451207984199e-01	0.000000000000000000e+00
2.260857541931037828e-01	5.531243715014622087e-01	0.000000000000000000e+00
2.260857541931037828e-01	5.703905188526752212e-01	0.000000000000000000e+00
2.260857541931037828e-01	5.703905188526752212e-01	0.000000000000000000e+00
2.260857541931037828e-01	5.531243715014622087e-01	0.000000000000000000e+00
2.260857541931037828e-01	5.531243715014622087e-01	0.000000000000000000e+00
2.260857541931037828e-01	5.531243715014622087e-01	0.000000000000000000e+00
2.474786163055173460e-01	5.262597201208122355e-01	0.000000000000000000e+00
2.474786163055173460e-01	5.131061616416817683e-01	0.000000000000000000e+00
2.546673243904398198e-01	4.999036515131763392e-01	0.000000000000000000e+00
2.546673243904398198e-01	4.962979413911478566e-01	0.000000000000000000e+00
2.546673243904398198e-01	4.962979413911478566e-01	0.000000000000000000e+00
2.546673243904398198e-01	4.962979413911478566e-01	0.000000000000000000e+00
2.546673243904398198e-01	4.962979413911478566e-01	0.000000000000000000e+00
2.546195452879438381e-01	4.938147424583230194e-01	0.000000000000000000e+00
2.546195452879438381e-01	4.938147424583230194e-01	0.000000000000000000e+00
2.546195452879438381e-01	4.938147424583230194e-01	0.000000000000000000e+00
2.546195452879438381e-01	4.938147424583230194e-01	0.000000000000000000e+00
2.546195452879438381e-01	4.938147424583230194e-01	0.000000000000000000e+00
2.546195452879438381e-01	4.938147424583230194e-01	0.000000000000000000e+00
2.546195452879438381e-01	4.938147424583230194e-01	0.000000000000000000e+00
2.546195452879438381e-01	4.938147424583230194e-01	0.000000000000000000e+00
4.122917618501140691e-01	4.800119961376443922e-01	0.000000000000000000e+00
4.122917618501140691e-01	4.800119961376443922e-01	0.000000000000000000e+00
4.406511592007671396e-01	4.033814324888566061e-01	0.000000000000000000e+00
4.406511592007671396e-01	4.033814324888566061e-01	0.000000000000000000e+00
4.403249991698017229e-01	3.949617398107706512e-01	0.000000000000000000e+00
4.403249991698017229e-01	3.949617398107706512e-01	0.000000000000000000e+00
4.403249991698017229e-01	3.949617398107706512e-01	0.000000000000000000e+00
4.403249991698017229e-01	3.949617398107706512e-01	0.000000000000000000e+00
4.403249991698017229e-01	3.695249367040696065e-01	0.000000000000000000e+00
4.403249991698017229e-01	3.695249367040696065e-01	0.000000000000000000e+00
4.403249991698017229e-01	3.443534335741820218e-01	0.000000000000000000e+00
4.403249991698017229e-01	3.443534335741820218e-01	0.000000000000000000e+00
4.403249991698017229e-01	3.443534335741820218e-01	0.000000000000000000e+00
4.403249991698017229e-01	3.443534335741820218e-01	0.000000000000000000e+00
4.403249991698017229e-01	3.443534335741820218e-01	0.000000000000000000e+00
4.403249991698017229e-01	3.607922301236864970e-01	0.000000000000000000e+00
4.403249991698017229e-01	3.607922301236864970e-01	0.000000000000000000e+00
6.401583131721025888e-01	3.545747182376453033e-01	0.000000000000000000e+00
6.401583131721025888e-01	3.545747182376453033e-01	0.000000000000000000e+00
6.538482373953015125e-01	3.320960946125920965e-01	0.000000000000000000e+00
6.538482373953015125e-01	3.320960946125920965e-01	0.000000000000000000e+00
6.539055929814967527e-01	3.300861441822975917e-01	0.000000000000000000e+00
6.539055929814967527e-01	3.300861441822975917e-01	0.000000000000000000e+00
6.522908612345601487e-01	3.243291346456584900e-01	0.000000000000000000e+00
6.522908612345601487e-01	3.243291346456584900e-01	0.000000000000000000e+00
6.522908612345601487e-01	3.243291346456584900e-01	0.000000000000000000e+00
6.522908612345601487e-01	3.243291346456584900e-01	0.000000000000000000e+00
8.315488623859143003e-01	2.182244515687446207e-01	0.000000000000000000e+00
8.315488623859143003e-01	2.182244515687446207e-01	0.000000000000000000e+00
8.315488623859143003e-01	2.182244515687446207e-01	0.000000000000000000e+00
8.315488623859143003e-01	2.182244515687446207e-01	0.000000000000000000e+00
8.315488623859143003e-01	2.182244515687446207e-01	0.000000000000000000e+00
8.315488623859143003e-01	2.182244515687446207e-01	0.000000000000000000e+00
8.315488623859143003e-01	2.182244515687446207e-01	0.000000000000000000e+00
8.315488623859143003e-01	2.061497206045158903e-01	0.000000000000000000e+00
8.434552017969574322e-01	4.114667082102971968e-02	0.000000000000000000e+00
8.434552017969574322e-01	4.114667082102971968e-02	0.000000000000000000e+00
8.350867445363783226e-01	1.757827268297346979e-01	0.000000000000000000e+00
8.408242794761550121e-01	1.279875241769245775e-01	0.000000000000000000e+00
8.408242794761550121e-01	1.279875241769245775e-01	0.000000000000000000e+00
8.408242794761550121e-01	1.279875241769245775e-01	0.000000000000000000e+00
8.447397839543915321e-01	9.890828111907640219e-02	0.000000000000000000e+00
8.447397839543915321e-01	9.890828111907640219e-02	0.000000000000000000e+00
8.446190650586733462e-01	9.659858331306750423e-02	0.000000000000000000e+00
8.446190650586733462e-01	9.659858331306750423e-02	0.000000000000000000e+00
8.446190650586733462e-01	7.360625786910865442e-02	0.000000000000000000e+00
8.446190650586733462e-01	7.360625786910865442e-02	0.000000000000000000e+00
8.446190650586733462e-01	7.360625786910865442e-02	0.000000000000000000e+00
8.447397839543915321e-01	6.706722426920985747e-02	0.000000000000000000e+00
8.453446162181581514e-01	5.481139061746117397e-02	0.000000000000000000e+00
8.453446162181581514e-01	5.481139061746117397e-02	0.000000000000000000e+00
8.461908862733612535e-01	4.702372430718999158e-02	0.000000000000000000e+00
