0.000000000000000000e+00	1.406277637266387437e+00	0.000000000000000000e+00
1.220530473717812425e-02	1.234083418504341001e+00	0.000000000000000000e+00
1.220530473717812425e-02	1.234083418504341001e+00	0.000000000000000000e+00
4.251360598878015096e-02	1.172322256083721870e+00	0.000000000000000000e+00
5.197000417765980373e-02	1.056871839307438110e+00	0.000000000000000000e+00
5.197000417765980373e-02	1.056871839307438110e+00	0.000000000000000000e+00
6.915491528306463853e-02	9.807392062934165988e-01	0.000000000000000000e+00
7.868634891373267604e-02	9.475623951617105911e-01	0.000000000000000000e+00
8.633982638846945945e-02	9.459934696479128657e-01	0.000000000000000000e+00
8.633982638846945945e-02	9.459934696479128657e-01	0.000000000000000000e+00
8.633982638846945945e-02	9.459934696479128657e-01	0.000000000000000000e+00
8.633982638846945945e-02	9.459934696479128657e-01	0.000000000000000000e+00
8.633982638846945945e-02	9.459934696479128657e-01	0.000000000000000000e+00
8.633982638846945945e-02	9.459934696479128657e-01	0.000000000000000000e+00
8.633982638846945945e-02	9.461788473242155328e-01	0.000000000000000000e+00
1.901292146303854291e-01	9.140945748043376451e-01	0.000000000000000000e+00
1.865807057970280958e-01	8.607542504029765951e-01	0.000000000000000000e+00
2.296375999974261950e-01	6.576096815166505571e-01	0.000000000000000000e+00
2.296375999974261950e-01	6.576096815166505571e-01	0.000000000000000000e+00
2.296375999974261950e-01	6.576096815166505571e-01	0.000000000000000000e+00
2.296375999974261950e-01	6.576096815166505571e-01	0.000000000000000000e+00
2.296375999974261950e-01	5.902381768342460644e-01	0.000000000000000000e+00
2.296375999974261950e-01	5.902381768342460644e-01	0.000000000000000000e+00
2.323864797321673892e-01	5.363154312455077344e-01	0.000000000000000000e+00
2.323864797321673892e-01	5.363154312455077344e-01	0.000000000000000000e+00
2.323864797321673892e-01	5.363154312455077344e-01	0.000000000000000000e+00
2.357058175499877062e-01	4.799319239990664232e-01	0.000000000000000000e+00
2.357058175499877062e-01	4.799319239990664232e-01	0.000000000000000000e+00
2.391511139203819081e-01	4.524949758944556422e-01	0.000000000000000000e+00
2.489453290208538394e-01	3.911319163125581699e-01	0.000000000000000000e+00
2.489453290208538394e-01	3.911319163125581699e-01	0.000000000000000000e+00
2.489453290208538394e-01	3.911319163125581699e-01	0.000000000000000000e+00
2.489453290208538394e-01	3.893542127857976820e-01	0.000000000000000000e+00
2.545625759331833771e-01	3.868614010082837562e-01	0.000000000000000000e+00
2.545625759331833771e-01	3.868614010082837562e-01	0.000000000000000000e+00
2.545625759331833771e-01	3.814733482435340162e-01	0.000000000000000000e+00
2.545625759331833771e-01	3.814733482435340162e-01	0.000000000000000000e+00
2.545625759331833771e-01	3.814733482435340162e-01	0.000000000000000000e+00
2.545625759331833771e-01	3.781807997489275430e-01	0.000000000000000000e+00
2.545625759331833771e-01	3.781807997489275430e-01	0.000000000000000000e+00
2.545625759331833771e-01	3.773864191055012474e-01	0.000000000000000000e+00
2.545625759331833771e-01	3.773864191055012474e-01	0.000000000000000000e+00
2.545625759331833771e-01	3.773864191055012474e-01	0.000000000000000000e+00
2.545625759331833771e-01	3.773864191055012474e-01	0.000000000000000000e+00
2.545625759331833771e-01	3.773864191055012474e-01	0.000000000000000000e+00
4.205960268188283502e-01	3.206721813552465550e-01	0.000000000000000000e+00
4.193991023979635746e-01	3.312516698862575937e-01	0.000000000000000000e+00
4.205960268188283502e-01	3.206721813552465550e-01	0.000000000000000000e+00
4.224385152052966275e-01	3.058824796216156328e-01	0.000000000000000000e+00
4.361639620934969486e-01	1.288907779569105072e-01	0.000000000000000000e+00
4.361639620934969486e-01	1.620182132514232098e-01	0.000000000000000000e+00
4.361639620934969486e-01	1.288907779569105072e-01	0.000000000000000000e+00
4.361639620934969486e-01	1.288907779569105072e-01	0.000000000000000000e+00
4.361639620934969486e-01	1.288907779569105072e-01	0.000000000000000000e+00
4.361639620934969486e-01	1.288907779569105072e-01	0.000000000000000000e+00
4.361639620934969486e-01	1.288907779569105072e-01	0.000000000000000000e+00
4.361639620934969486e-01	1.288907779569105072e-01	0.000000000000000000e+00
4.420597488175875833e-01	1.408807022891644667e-01	0.000000000000000000e+00
4.420597488175875833e-01	1.408807022891644667e-01	0.000000000000000000e+00
4.420597488175875833e-01	1.408807022891644667e-01	0.000000000000000000e+00
4.420597488175875833e-01	1.408807022891644667e-01	0.000000000000000000e+00
4.507468971605648744e-01	1.192600066347454940e-01	0.000000000000000000e+00
4.507468971605648744e-01	1.192600066347454940e-01	0.000000000000000000e+00
4.570815269499269862e-01	1.159614331122035824e-01	0.000000000000000000e+00
4.570815269499269862e-01	1.159614331122035824e-01	0.000000000000000000e+00
4.570815269499269862e-01	1.159614331122035824e-01	0.000000000000000000e+00
4.570815269499269862e-01	1.159614331122035824e-01	0.000000000000000000e+00
4.570815269499269862e-01	1.159614331122035824e-01	0.000000000000000000e+00
4.570815269499269862e-01	1.159614331122035824e-01	0.000000000000000000e+00
6.379444331796052525e-01	-1.831951717986258776e-01	0.000000000000000000e+00
6.379444331796052525e-01	-1.831951717986258776e-01	0.000000000000000000e+00
6.379444331796052525e-01	-1.831951717986258776e-01	0.000000000000000000e+00
6.349521761599624670e-01	-1.468957122207132371e-01	0.000000000000000000e+00
6.379444331796052525e-01	-1.831951717986258776e-01	0.000000000000000000e+00
6.379444331796052525e-01	-1.831951717986258776e-01	0.000000000000000000e+00
6.379444331796052525e-01	-1.831951717986258776e-01	0.000000000000000000e+00
6.379444331796052525e-01	-1.831951717986258776e-01	0.000000000000000000e+00
6.349521761599624670e-01	-1.468957122207132371e-01	0.000000000000000000e+00
6.349521761599624670e-01	-1.468957122207132371e-01	0.000000000000000000e+00
6.349521761599624670e-01	-1.468957122207132371e-01	0.000000000000000000e+00
6.439289472188908237e-01	1.496605404978947973e-03	0.000000000000000000e+00
6.439289472188908237e-01	1.496605404978947973e-03	0.000000000000000000e+00
6.483067711186333293e-01	-6.357468438289796964e-02	0.000000000000000000e+00
6.483067711186333293e-01	-2.343623173956704137e-02	0.000000000000000000e+00
6.483067711186333293e-01	-6.357468438289796964e-02	0.000000000000000000e+00
6.483067711186333293e-01	-7.232647136395747856e-02	0.000000000000000000e+00
6.483067711186333293e-01	-7.232647136395747856e-02	0.000000000000000000e+00
6.483067711186333293e-01	-7.232647136395747856e-02	0.000000000000000000e+00
6.483067711186333293e-01	-7.232647136395747856e-02	0.000000000000000000e+00
8.409614368548482544e-01	-9.347553067977809604e-02	0.000000000000000000e+00
8.409614368548482544e-01	-9.347553067977809604e-02	0.000000000000000000e+00
8.409614368548482544e-01	-9.347553067977809604e-02	0.000000000000000000e+00
8.408671340077569223e-01	-8.779966024249270806e-02	0.000000000000000000e+00
8.409614368548482544e-01	-9.347553067977809604e-02	0.000000000000000000e+00
8.410030865355441199e-01	-1.037851354652143537e-01	0.000000000000000000e+00
8.410447362162399854e-01	-1.460553704897104288e-01	0.000000000000000000e+00
8.410447362162399854e-01	-1.460553704897104288e-01	0.000000000000000000e+00
8.410447362162399854e-01	-1.460553704897104288e-01	0.000000000000000000e+00
8.410447362162399854e-01	-1.460553704897104288e-01	0.000000000000000000e+00
8.410447362162399854e-01	-1.476287852778749576e-01	0.000000000000000000e+00
