0.000000000000000000e+00	3.816125915608605812e+00	0.000000000000000000e+00
3.061063574829660933e-02	3.262590989473673098e+00	0.000000000000000000e+00
5.281070675823355820e-02	2.854030421054810418e+00	0.000000000000000000e+00
5.281070675823355820e-02	2.854030421054810418e+00	0.000000000000000000e+00
1.028189199520003205e-01	2.787700222576319664e+00	0.000000000000000000e+00
1.028189199520003205e-01	2.787700222576319664e+00	0.000000000000000000e+00
1.363716212363532132e-01	2.784705165767174861e+00	0.000000000000000000e+00
1.656438868990014468e-01	2.734741620144811147e+00	0.000000000000000000e+00
1.780354758035350704e-01	2.418673470233708045e+00	0.000000000000000000e+00
1.780354758035350704e-01	2.418673470233708045e+00	0.000000000000000000e+00
2.126526296920129844e-01	2.277105990779173972e+00	0.000000000000000000e+00
2.441374283551409619e-01	2.053375420518836592e+00	0.000000000000000000e+00
2.441374283551409619e-01	2.053375420518836592e+00	0.000000000000000000e+00
2.577692454411462109e-01	1.962489784958186823e+00	0.000000000000000000e+00
2.577692454411462109e-01	1.962489784958186823e+00	0.000000000000000000e+00
2.660227507750647091e-01	1.689301887183835227e+00	0.000000000000000000e+00
2.660227507750647091e-01	1.689301887183835227e+00	0.000000000000000000e+00
2.660227507750647091e-01	1.689301887183835227e+00	0.000000000000000000e+00
2.660227507750647091e-01	1.620703415456169694e+00	0.000000000000000000e+00
2.660227507750647091e-01	1.620703415456169694e+00	0.000000000000000000e+00
2.660227507750647091e-01	1.620703415456169694e+00	0.000000000000000000e+00
2.660227507750647091e-01	1.620703415456169694e+00	0.000000000000000000e+00
2.660227507750647091e-01	1.620703415456169694e+00	0.000000000000000000e+00
4.174660916743182515e-01	1.504961246665491581e+00	0.000000000000000000e+00
4.174660916743182515e-01	1.504961246665491581e+00	0.000000000000000000e+00
4.218569589470103076e-01	1.154508835110699794e+00	0.000000000000000000e+00
4.218569589470103076e-01	1.154508835110699794e+00	0.000000000000000000e+00
4.218569589470103076e-01	1.154508835110699794e+00	0.000000000000000000e+00
4.218569589470103076e-01	1.154508835110699794e+00	0.000000000000000000e+00
4.218569589470103076e-01	1.154508835110699794e+00	0.000000000000000000e+00
4.218569589470103076e-01	1.154508835110699794e+00	0.000000000000000000e+00
4.218569589470103076e-01	1.154508835110699794e+00	0.000000000000000000e+00
4.297237943923900572e-01	1.180273492974972083e+00	0.000000000000000000e+00
4.534366958088105748e-01	1.013207154212015348e+00	0.000000000000000000e+00
4.479838460823485913e-01	9.986669264576715221e-01	0.000000000000000000e+00
4.479838460823485913e-01	9.684589908764170696e-01	0.000000000000000000e+00
4.479838460823485913e-01	9.684589908764170696e-01	0.000000000000000000e+00
4.479838460823485913e-01	9.684589908764170696e-01	0.000000000000000000e+00
4.479838460823485913e-01	9.684589908764170696e-01	0.000000000000000000e+00
4.479838460823485913e-01	9.684589908764170696e-01	0.000000000000000000e+00
4.526783008137709730e-01	8.563950910811017891e-01	0.000000000000000000e+00
4.526783008137709730e-01	8.563950910811017891e-01	0.000000000000000000e+00
4.526783008137709730e-01	8.304312055740803444e-01	0.000000000000000000e+00
4.526783008137709730e-01	8.304312055740803444e-01	0.000000000000000000e+00
4.526783008137709730e-01	8.304312055740803444e-01	0.000000000000000000e+00
4.526783008137709730e-01	8.304312055740803444e-01	0.000000000000000000e+00
4.526783008137709730e-01	7.632633705966992421e-01	0.000000000000000000e+00
4.526783008137709730e-01	7.632633705966992421e-01	0.000000000000000000e+00
4.526783008137709730e-01	7.632633705966992421e-01	0.000000000000000000e+00
4.526783008137709730e-01	7.490377578475717613e-01	0.000000000000000000e+00
4.526783008137709730e-01	7.394834431471007941e-01	0.000000000000000000e+00
4.526783008137709730e-01	7.394834431471007941e-01	0.000000000000000000e+00
4.526783008137709730e-01	7.394834431471007941e-01	0.000000000000000000e+00
4.526783008137709730e-01	7.394834431471007941e-01	0.000000000000000000e+00
4.526783008137709730e-01	7.394834431471007941e-01	0.000000000000000000e+00
4.526783008137709730e-01	7.394834431471007941e-01	0.000000000000000000e+00
4.526783008137709730e-01	7.394834431471007941e-01	0.000000000000000000e+00
4.526783008137709730e-01	7.742211132114730221e-01	0.000000000000000000e+00
6.348464890066175537e-01	6.792629979118980366e-01	0.000000000000000000e+00
6.348464890066175537e-01	6.792629979118980366e-01	0.000000000000000000e+00
6.348464890066175537e-01	6.792629979118980366e-01	0.000000000000000000e+00
6.348464890066175537e-01	6.792629979118980366e-01	0.000000000000000000e+00
6.348464890066175537e-01	6.792629979118980366e-01	0.000000000000000000e+00
6.466037542057411214e-01	6.529345871181170269e-01	0.000000000000000000e+00
6.466037542057411214e-01	6.301677659987175995e-01	0.000000000000000000e+00
6.466037542057411214e-01	6.301677659987175995e-01	0.000000000000000000e+00
6.466037542057411214e-01	6.301677659987175995e-01	0.000000000000000000e+00
6.466037542057411214e-01	6.301677659987175995e-01	0.000000000000000000e+00
6.466037542057411214e-01	6.301677659987175995e-01	0.000000000000000000e+00
6.466037542057411214e-01	6.301677659987175995e-01	0.000000000000000000e+00
6.466037542057411214e-01	6.301677659987175995e-01	0.000000000000000000e+00
6.466037542057411214e-01	6.301677659987175995e-01	0.000000000000000000e+00
8.484188989637544420e-01	3.169135954247199738e-01	0.000000000000000000e+00
8.484188989637544420e-01	3.169135954247199738e-01	0.000000000000000000e+00
8.482831976168138111e-01	3.990793598791376184e-01	0.000000000000000000e+00
8.482831976168138111e-01	3.990793598791376184e-01	0.000000000000000000e+00
8.482831976168138111e-01	3.990793598791376184e-01	0.000000000000000000e+00
8.482831976168138111e-01	3.990793598791376184e-01	0.000000000000000000e+00
8.482831976168138111e-01	3.990793598791376184e-01	0.000000000000000000e+00
8.480498938030350820e-01	4.181192559370914830e-01	0.000000000000000000e+00
8.480498938030350820e-01	4.181192559370914830e-01	0.000000000000000000e+00
8.480498938030350820e-01	4.181192559370914830e-01	0.000000000000000000e+00
8.480498938030350820e-01	4.181192559370914830e-01	0.000000000000000000e+00
8.480379606676862192e-01	2.613540881213861078e-01	0.000000000000000000e+00
8.480379606676862192e-01	2.613540881213861078e-01	0.000000000000000000e+00
8.480379606676862192e-01	2.613540881213861078e-01	0.000000000000000000e+00
8.480379606676862192e-01	2.613540881213861078e-01	0.000000000000000000e+00
8.480379606676862192e-01	2.613540881213861078e-01	0.000000000000000000e+00
8.480379606676862192e-01	2.613540881213861078e-01	0.000000000000000000e+00
8.480379606676862192e-01	2.613540881213861078e-01	0.000000000000000000e+00
8.480379606676862192e-01	2.613540881213861078e-01	0.000000000000000000e+00
8.491689880912006716e-01	2.368615938603930160e-01	0.000000000000000000e+00
8.491689880912006716e-01	2.368615938603930160e-01	0.000000000000000000e+00
8.491689880912006716e-01	2.368615938603930160e-01	0.000000000000000000e+00
8.491689880912006716e-01	2.368615938603930160e-01	0.000000000000000000e+00
8.491689880912006716e-01	2.368615938603930160e-01	0.000000000000000000e+00
8.561350996935546132e-01	3.425499055953249994e-01	0.000000000000000000e+00
8.561350996935546132e-01	3.425499055953249994e-01	0.000000000000000000e+00
8.561350996935546132e-01	3.425499055953249994e-01	0.000000000000000000e+00
8.561350996935546132e-01	3.425499055953249994e-01	0.000000000000000000e+00
