0.000000000000000000e+00	3.902858608785221506e+00	0.000000000000000000e+00
2.502160094740202984e-02	3.399693829918594812e+00	0.000000000000000000e+00
5.720410626274987503e-02	3.177495523093027074e+00	0.000000000000000000e+00
8.157487070018226705e-02	2.999640434106084275e+00	0.000000000000000000e+00
8.157487070018226705e-02	2.999640434106084275e+00	0.000000000000000000e+00
8.157487070018226705e-02	2.999640434106084275e+00	0.000000000000000000e+00
1.656438868990014468e-01	2.800434550664439470e+00	0.000000000000000000e+00
1.656438868990014468e-01	2.734741620144811147e+00	0.000000000000000000e+00
2.012108322181405118e-01	2.654291961616098483e+00	0.000000000000000000e+00
2.155819502136574750e-01	2.424420283197630255e+00	0.000000000000000000e+00
2.155819502136574750e-01	2.417648195122238164e+00	0.000000000000000000e+00
2.531326823047659325e-01	2.412612174979547941e+00	0.000000000000000000e+00
2.582610072586212779e-01	2.412139225165004675e+00	0.000000000000000000e+00
2.155819502136574750e-01	2.374697893953825911e+00	0.000000000000000000e+00
3.044897087404197511e-01	2.356986290734476519e+00	0.000000000000000000e+00
2.155819502136574750e-01	2.374697893953825911e+00	0.000000000000000000e+00
2.155819502136574750e-01	2.374697893953825911e+00	0.000000000000000000e+00
4.003105465672137653e-01	1.857195161505222458e+00	0.000000000000000000e+00
4.003105465672137653e-01	1.857195161505222458e+00	0.000000000000000000e+00
4.003105465672137653e-01	1.857195161505222458e+00	0.000000000000000000e+00
4.003105465672137653e-01	1.857195161505222458e+00	0.000000000000000000e+00
4.003105465672137653e-01	1.817784561173544144e+00	0.000000000000000000e+00
4.003105465672137653e-01	1.814981162530312497e+00	0.000000000000000000e+00
4.239617243763065257e-01	1.558291478243329253e+00	0.000000000000000000e+00
4.239617243763065257e-01	1.558291478243329253e+00	0.000000000000000000e+00
4.239617243763065257e-01	1.558291478243329253e+00	0.000000000000000000e+00
4.239617243763065257e-01	1.558291478243329253e+00	0.000000000000000000e+00
4.390349623083665831e-01	1.489973050682001920e+00	0.000000000000000000e+00
4.390349623083665831e-01	1.489973050682001920e+00	0.000000000000000000e+00
4.438146589560064137e-01	1.284291709382075375e+00	0.000000000000000000e+00
4.438146589560064137e-01	1.284291709382075375e+00	0.000000000000000000e+00
4.438146589560064137e-01	1.284291709382075375e+00	0.000000000000000000e+00
4.438146589560064137e-01	1.284291709382075375e+00	0.000000000000000000e+00
4.468464661900722334e-01	1.253397510966286932e+00	0.000000000000000000e+00
4.536872064308394847e-01	1.227466226816050998e+00	0.000000000000000000e+00
4.602279642530398007e-01	1.215740604193322971e+00	0.000000000000000000e+00
4.602279642530398007e-01	1.215740604193322971e+00	0.000000000000000000e+00
4.602279642530398007e-01	1.215740604193322971e+00	0.000000000000000000e+00
4.602279642530398007e-01	1.215740604193322971e+00	0.000000000000000000e+00
4.602279642530398007e-01	1.215740604193322971e+00	0.000000000000000000e+00
4.536872064308394847e-01	1.227466226816050998e+00	0.000000000000000000e+00
4.502903116443988107e-01	1.144288674800076233e+00	0.000000000000000000e+00
4.502903116443988107e-01	1.143951801502185450e+00	0.000000000000000000e+00
4.502903116443988107e-01	1.143951801502185450e+00	0.000000000000000000e+00
4.502903116443988107e-01	1.143951801502185450e+00	0.000000000000000000e+00
6.456126569090208100e-01	7.581941431574149570e-01	0.000000000000000000e+00
6.466037542057411214e-01	8.199439400011748758e-01	0.000000000000000000e+00
6.466037542057411214e-01	1.074945340489116941e+00	0.000000000000000000e+00
6.466037542057411214e-01	8.199439400011748758e-01	0.000000000000000000e+00
6.466037542057411214e-01	7.406894011221558660e-01	0.000000000000000000e+00
6.466037542057411214e-01	7.304369802259758071e-01	0.000000000000000000e+00
6.466037542057411214e-01	7.304369802259758071e-01	0.000000000000000000e+00
6.466037542057411214e-01	7.419773937730497204e-01	0.000000000000000000e+00
6.466037542057411214e-01	7.419773937730497204e-01	0.000000000000000000e+00
6.466037542057411214e-01	7.419773937730497204e-01	0.000000000000000000e+00
6.466037542057411214e-01	7.419773937730497204e-01	0.000000000000000000e+00
6.466037542057411214e-01	7.419773937730497204e-01	0.000000000000000000e+00
6.466037542057411214e-01	7.419773937730497204e-01	0.000000000000000000e+00
6.466037542057411214e-01	7.419773937730497204e-01	0.000000000000000000e+00
6.466037542057411214e-01	7.419773937730497204e-01	0.000000000000000000e+00
6.466037542057411214e-01	7.323141619268619396e-01	0.000000000000000000e+00
6.466037542057411214e-01	7.323141619268619396e-01	0.000000000000000000e+00
6.466037542057411214e-01	6.689978170528445567e-01	0.000000000000000000e+00
6.466037542057411214e-01	6.689978170528445567e-01	0.000000000000000000e+00
6.466037542057411214e-01	6.446765728488008662e-01	0.000000000000000000e+00
6.466037542057411214e-01	6.446765728488008662e-01	0.000000000000000000e+00
6.466037542057411214e-01	6.446765728488008662e-01	0.000000000000000000e+00
6.466037542057411214e-01	6.446765728488008662e-01	0.000000000000000000e+00
6.466037542057411214e-01	6.446765728488008662e-01	0.000000000000000000e+00
6.466037542057411214e-01	6.446765728488008662e-01	0.000000000000000000e+00
6.466037542057411214e-01	6.446765728488008662e-01	0.000000000000000000e+00
6.466037542057411214e-01	6.446765728488008662e-01	0.000000000000000000e+00
6.466037542057411214e-01	6.536430253617536712e-01	0.000000000000000000e+00
6.466037542057411214e-01	6.536430253617536712e-01	0.000000000000000000e+00
6.466037542057411214e-01	6.536430253617536712e-01	0.000000000000000000e+00
6.466037542057411214e-01	6.536430253617536712e-01	0.000000000000000000e+00
6.466037542057411214e-01	6.536430253617536712e-01	0.000000000000000000e+00
6.466037542057411214e-01	6.536430253617536712e-01	0.000000000000000000e+00
6.466037542057411214e-01	6.536430253617536712e-01	0.000000000000000000e+00
6.466037542057411214e-01	6.563715935194202045e-01	0.000000000000000000e+00
6.466037542057411214e-01	6.563715935194202045e-01	0.000000000000000000e+00
6.466037542057411214e-01	6.563715935194202045e-01	0.000000000000000000e+00
6.452909963310039521e-01	7.102295352810344964e-01	0.000000000000000000e+00
6.452909963310039521e-01	7.102295352810344964e-01	0.000000000000000000e+00
6.452909963310039521e-01	7.102295352810344964e-01	0.000000000000000000e+00
6.452909963310039521e-01	7.102295352810344964e-01	0.000000000000000000e+00
6.452909963310039521e-01	7.102295352810344964e-01	0.000000000000000000e+00
8.521433252777955714e-01	9.856144676050814235e-01	0.000000000000000000e+00
8.521433252777955714e-01	9.357306411632427823e-01	0.000000000000000000e+00
8.521433252777955714e-01	9.357306411632427823e-01	0.000000000000000000e+00
8.521433252777955714e-01	9.322815969972374495e-01	0.000000000000000000e+00
8.521433252777955714e-01	9.267214200714243288e-01	0.000000000000000000e+00
8.521433252777955714e-01	8.944942947431693270e-01	0.000000000000000000e+00
8.521433252777955714e-01	8.944942947431693270e-01	0.000000000000000000e+00
8.521433252777955714e-01	8.944942947431693270e-01	0.000000000000000000e+00
8.521433252777955714e-01	8.944942947431693270e-01	0.000000000000000000e+00
8.521433252777955714e-01	8.944942947431693270e-01	0.000000000000000000e+00
8.521433252777955714e-01	8.944942947431693270e-01	0.000000000000000000e+00
8.521433252777955714e-01	8.944942947431693270e-01	0.000000000000000000e+00
8.521433252777955714e-01	8.944942947431693270e-01	0.000000000000000000e+00
