0.000000000000000000e+00	1.929935198455086542e+00	0.000000000000000000e+00
2.023874050267101057e-02	1.535200339228596667e+00	0.000000000000000000e+00
2.704872149485188296e-02	1.427800772524647988e+00	0.000000000000000000e+00
4.173721830655179044e-02	1.350495390973557974e+00	0.000000000000000000e+00
5.325335831682082022e-02	1.279282696956971499e+00	0.000000000000000000e+00
7.777473821580900559e-02	1.103048990361161996e+00	0.000000000000000000e+00
7.777473821580900559e-02	1.103048990361161996e+00	0.000000000000000000e+00
7.777473821580900559e-02	1.103048990361161996e+00	0.000000000000000000e+00
7.777473821580900559e-02	1.103048990361161996e+00	0.000000000000000000e+00
7.777473821580900559e-02	1.103048990361161996e+00	0.000000000000000000e+00
7.777473821580900559e-02	1.103048990361161996e+00	0.000000000000000000e+00
1.006252506588365125e-01	1.154314505607081598e+00	0.000000000000000000e+00
1.988497869774667193e-01	1.089918690627195152e+00	0.000000000000000000e+00
2.011459434481423503e-01	1.001351315092914529e+00	0.000000000000000000e+00
2.011459434481423503e-01	1.001351315092914529e+00	0.000000000000000000e+00
2.205174080724267016e-01	8.259283038271629795e-01	0.000000000000000000e+00
2.205174080724267016e-01	8.156433258760124039e-01	0.000000000000000000e+00
2.331389060927878398e-01	7.084840241761994895e-01	0.000000000000000000e+00
2.331389060927878398e-01	7.084840241761994895e-01	0.000000000000000000e+00
2.412983128339205030e-01	6.831750090679853393e-01	0.000000000000000000e+00
2.468696777329427994e-01	6.775497036021134178e-01	0.000000000000000000e+00
2.468696777329427994e-01	6.775497036021134178e-01	0.000000000000000000e+00
2.468696777329427994e-01	6.715189164437823655e-01	0.000000000000000000e+00
2.468696777329427994e-01	6.715189164437823655e-01	0.000000000000000000e+00
2.468696777329427994e-01	6.715189164437823655e-01	0.000000000000000000e+00
2.468696777329427994e-01	6.715189164437823655e-01	0.000000000000000000e+00
2.468696777329427994e-01	6.715189164437823655e-01	0.000000000000000000e+00
2.468696777329427994e-01	6.715189164437823655e-01	0.000000000000000000e+00
2.468696777329427994e-01	6.715189164437823655e-01	0.000000000000000000e+00
2.468696777329427994e-01	6.715189164437823655e-01	0.000000000000000000e+00
4.310325971822157043e-01	5.383618806480829910e-01	0.000000000000000000e+00
4.310325971822157043e-01	5.383618806480829910e-01	0.000000000000000000e+00
4.310325971822157043e-01	5.383618806480829910e-01	0.000000000000000000e+00
4.310325971822157043e-01	5.191255182565888138e-01	0.000000000000000000e+00
4.310325971822157043e-01	3.961099902851359933e-01	0.000000000000000000e+00
4.310325971822157043e-01	3.961099902851359933e-01	0.000000000000000000e+00
4.310325971822157043e-01	3.961099902851359933e-01	0.000000000000000000e+00
4.368908186365025870e-01	3.896638911891205370e-01	0.000000000000000000e+00
4.466945322582291933e-01	3.239880704767797437e-01	0.000000000000000000e+00
4.466945322582291933e-01	3.239880704767797437e-01	0.000000000000000000e+00
4.466945322582291933e-01	3.239880704767797437e-01	0.000000000000000000e+00
4.516922876289664046e-01	3.073695784856803614e-01	0.000000000000000000e+00
4.516922876289664046e-01	3.073695784856803614e-01	0.000000000000000000e+00
4.516922876289664046e-01	3.073695784856803614e-01	0.000000000000000000e+00
4.516922876289664046e-01	3.073695784856803614e-01	0.000000000000000000e+00
4.516922876289664046e-01	3.073695784856803614e-01	0.000000000000000000e+00
4.516922876289664046e-01	3.073695784856803614e-01	0.000000000000000000e+00
4.516922876289664046e-01	3.098492888548135538e-01	0.000000000000000000e+00
4.516922876289664046e-01	3.098492888548135538e-01	0.000000000000000000e+00
6.258728262554144051e-01	2.547252582013549427e-01	0.000000000000000000e+00
6.258728262554144051e-01	2.547252582013549427e-01	0.000000000000000000e+00
6.258728262554144051e-01	2.547252582013549427e-01	0.000000000000000000e+00
6.464080336087002499e-01	2.439545601241866757e-01	0.000000000000000000e+00
6.464080336087002499e-01	2.189442389801458388e-01	0.000000000000000000e+00
6.464080336087002499e-01	7.603331529227662366e-02	0.000000000000000000e+00
6.464080336087002499e-01	8.109256118735132246e-02	0.000000000000000000e+00
6.464080336087002499e-01	8.109256118735132246e-02	0.000000000000000000e+00
6.464080336087002499e-01	8.109256118735132246e-02	0.000000000000000000e+00
6.464080336087002499e-01	8.109256118735132246e-02	0.000000000000000000e+00
6.464080336087002499e-01	8.109256118735132246e-02	0.000000000000000000e+00
6.464080336087002499e-01	8.109256118735132246e-02	0.000000000000000000e+00
6.464080336087002499e-01	4.558125253644389890e-02	0.000000000000000000e+00
6.464080336087002499e-01	4.558125253644389890e-02	0.000000000000000000e+00
6.464080336087002499e-01	9.537640428944358989e-04	0.000000000000000000e+00
6.464080336087002499e-01	9.537640428944358989e-04	0.000000000000000000e+00
6.464080336087002499e-01	9.537640428944358989e-04	0.000000000000000000e+00
6.464080336087002499e-01	9.537640428944358989e-04	0.000000000000000000e+00
6.464080336087002499e-01	9.537640428944358989e-04	0.000000000000000000e+00
6.464080336087002499e-01	9.537640428944358989e-04	0.000000000000000000e+00
6.464080336087002499e-01	9.537640428944358989e-04	0.000000000000000000e+00
6.464080336087002499e-01	1.017627732336289816e-03	0.000000000000000000e+00
8.307256866626747671e-01	-8.648364357199497809e-02	0.000000000000000000e+00
8.307256866626747671e-01	-8.648364357199497809e-02	0.000000000000000000e+00
8.307256866626747671e-01	-8.648364357199497809e-02	0.000000000000000000e+00
8.307256866626747671e-01	-8.648364357199497809e-02	0.000000000000000000e+00
8.307256866626747671e-01	-8.648364357199497809e-02	0.000000000000000000e+00
8.307256866626747671e-01	-8.648364357199497809e-02	0.000000000000000000e+00
8.307256866626747671e-01	-1.310864270589051361e-01	0.000000000000000000e+00
8.307256866626747671e-01	-1.310864270589051361e-01	0.000000000000000000e+00
8.307256866626747671e-01	-1.310864270589051361e-01	0.000000000000000000e+00
8.417078295717920211e-01	-2.080412484504965132e-01	0.000000000000000000e+00
8.417078295717920211e-01	-2.080412484504965132e-01	0.000000000000000000e+00
8.417078295717920211e-01	-2.080412484504965132e-01	0.000000000000000000e+00
8.417078295717920211e-01	-2.080412484504965132e-01	0.000000000000000000e+00
8.417078295717920211e-01	-2.080412484504965132e-01	0.000000000000000000e+00
8.417078295717920211e-01	-2.080412484504965132e-01	0.000000000000000000e+00
8.417078295717920211e-01	-2.096830694693592179e-01	0.000000000000000000e+00
8.455566624076155113e-01	-2.369326390783170200e-01	0.000000000000000000e+00
8.455566624076155113e-01	-2.369326390783170200e-01	0.000000000000000000e+00
8.458189578554493604e-01	-2.788902978695962931e-01	0.000000000000000000e+00
8.458189578554493604e-01	-2.788902978695962931e-01	0.000000000000000000e+00
8.458189578554493604e-01	-2.788902978695962931e-01	0.000000000000000000e+00
8.458189578554493604e-01	-2.850942944835229698e-01	0.000000000000000000e+00
8.458189578554493604e-01	-2.850942944835229698e-01	0.000000000000000000e+00
8.458189578554493604e-01	-3.056091380510456146e-01	0.000000000000000000e+00
8.458189578554493604e-01	-3.056091380510456146e-01	0.000000000000000000e+00
8.458189578554493604e-01	-3.224679960050416683e-01	0.000000000000000000e+00
8.458189578554493604e-01	-3.224679960050416683e-01	0.000000000000000000e+00
8.458189578554493604e-01	-3.224679960050416683e-01	0.000000000000000000e+00
8.458189578554493604e-01	-3.224679960050416683e-01	0.000000000000000000e+00
