0.000000000000000000e+00	1.403026212895755798e+00	0.000000000000000000e+00
0.000000000000000000e+00	1.403026212895755798e+00	0.000000000000000000e+00
2.726017597959640507e-02	1.154835838701226303e+00	0.000000000000000000e+00
4.600416358178850695e-02	1.105519189260868673e+00	0.000000000000000000e+00
5.863746904083186329e-02	9.770663233990622976e-01	0.000000000000000000e+00
5.863746904083186329e-02	9.770663233990622976e-01	0.000000000000000000e+00
5.863746904083186329e-02	9.770663233990622976e-01	0.000000000000000000e+00
5.863746904083186329e-02	9.770663233990622976e-01	0.000000000000000000e+00
5.863746904083186329e-02	9.455324545587950880e-01	0.000000000000000000e+00
5.863746904083186329e-02	9.447483882932271593e-01	0.000000000000000000e+00
5.863746904083186329e-02	9.447483882932271593e-01	0.000000000000000000e+00
5.863746904083186329e-02	9.447483882932271593e-01	0.000000000000000000e+00
1.858628936717361402e-01	9.433469181019441541e-01	0.000000000000000000e+00
2.065752998098494553e-01	7.327064887152736627e-01	0.000000000000000000e+00
2.065752998098494553e-01	7.327064887152736627e-01	0.000000000000000000e+00
2.065752998098494553e-01	7.141638608616857065e-01	0.000000000000000000e+00
2.176323622032069471e-01	6.185152963471293175e-01	0.000000000000000000e+00
2.176323622032069471e-01	6.185152963471293175e-01	0.000000000000000000e+00
2.264608883268157680e-01	6.053800695509422569e-01	0.000000000000000000e+00
2.374104095579876172e-01	5.542774027598725839e-01	0.000000000000000000e+00
2.392200529430217049e-01	5.082076392097255590e-01	0.000000000000000000e+00
2.448954543499628211e-01	4.922799470004702305e-01	0.000000000000000000e+00
2.542385956593107288e-01	4.486150293776683395e-01	0.000000000000000000e+00
2.542385956593107288e-01	4.486150293776683395e-01	0.000000000000000000e+00
2.542385956593107288e-01	4.486150293776683395e-01	0.000000000000000000e+00
2.542385956593107288e-01	4.486150293776683395e-01	0.000000000000000000e+00
2.542385956593107288e-01	4.486150293776683395e-01	0.000000000000000000e+00
2.542385956593107288e-01	4.486150293776683395e-01	0.000000000000000000e+00
2.542385956593107288e-01	4.486150293776683395e-01	0.000000000000000000e+00
2.542385956593107288e-01	4.486150293776683395e-01	0.000000000000000000e+00
2.542385956593107288e-01	4.486150293776683395e-01	0.000000000000000000e+00
2.542385956593107288e-01	4.486150293776683395e-01	0.000000000000000000e+00
2.542385956593107288e-01	4.504264580938272533e-01	0.000000000000000000e+00
4.245533741439053710e-01	2.563510778478046426e-01	0.000000000000000000e+00
4.245533741439053710e-01	2.563510778478046426e-01	0.000000000000000000e+00
4.229828161880209159e-01	2.923457935627096216e-01	0.000000000000000000e+00
4.229828161880209159e-01	2.923457935627096216e-01	0.000000000000000000e+00
4.245533741439053710e-01	2.563510778478046426e-01	0.000000000000000000e+00
4.245533741439053710e-01	2.563510778478046426e-01	0.000000000000000000e+00
4.310003365657031349e-01	2.121325746571853244e-01	0.000000000000000000e+00
4.310003365657031349e-01	2.121325746571853244e-01	0.000000000000000000e+00
4.333782320725192427e-01	1.173101509828751998e-01	0.000000000000000000e+00
4.333782320725192427e-01	1.173101509828751998e-01	0.000000000000000000e+00
4.358767410316163327e-01	1.007794087211876105e-01	0.000000000000000000e+00
4.358767410316163327e-01	1.007794087211876105e-01	0.000000000000000000e+00
4.358767410316163327e-01	1.007794087211876105e-01	0.000000000000000000e+00
4.442331257573277070e-01	7.186151856835278073e-02	0.000000000000000000e+00
4.442331257573277070e-01	7.186151856835278073e-02	0.000000000000000000e+00
4.505897438747247241e-01	5.621940528984214341e-02	0.000000000000000000e+00
4.505897438747247241e-01	5.621940528984214341e-02	0.000000000000000000e+00
4.505897438747247241e-01	5.621940528984214341e-02	0.000000000000000000e+00
4.505897438747247241e-01	6.521435906027636675e-02	0.000000000000000000e+00
4.505897438747247241e-01	5.091627706486829413e-02	0.000000000000000000e+00
4.505897438747247241e-01	5.091627706486829413e-02	0.000000000000000000e+00
4.505897438747247241e-01	5.091627706486829413e-02	0.000000000000000000e+00
4.505897438747247241e-01	5.091627706486829413e-02	0.000000000000000000e+00
4.505897438747247241e-01	5.091627706486829413e-02	0.000000000000000000e+00
6.274244456045875440e-01	-3.656188099748833992e-02	0.000000000000000000e+00
6.274244456045875440e-01	-3.656188099748833992e-02	0.000000000000000000e+00
6.274244456045875440e-01	-3.656188099748833992e-02	0.000000000000000000e+00
6.274244456045875440e-01	-3.656188099748833992e-02	0.000000000000000000e+00
6.274244456045875440e-01	-3.656188099748833992e-02	0.000000000000000000e+00
6.286905267170230793e-01	-5.134065221713107058e-02	0.000000000000000000e+00
6.419785279646921250e-01	-1.059234169539064185e-01	0.000000000000000000e+00
6.419785279646921250e-01	-1.059234169539064185e-01	0.000000000000000000e+00
6.419785279646921250e-01	-1.059234169539064185e-01	0.000000000000000000e+00
6.419785279646921250e-01	-1.059234169539064185e-01	0.000000000000000000e+00
6.432624419364332269e-01	-1.187750009104311250e-01	0.000000000000000000e+00
6.432624419364332269e-01	-1.597158403457835663e-01	0.000000000000000000e+00
6.432624419364332269e-01	-1.597158403457835663e-01	0.000000000000000000e+00
6.505483995461383007e-01	-1.768214777501742330e-01	0.000000000000000000e+00
6.505483995461383007e-01	-1.768214777501742330e-01	0.000000000000000000e+00
6.505483995461383007e-01	-1.768214777501742330e-01	0.000000000000000000e+00
6.505483995461383007e-01	-1.768214777501742330e-01	0.000000000000000000e+00
6.505483995461383007e-01	-1.768214777501742330e-01	0.000000000000000000e+00
8.282281693973458925e-01	-1.702201743049888416e-01	0.000000000000000000e+00
8.282281693973458925e-01	-1.999634313130440322e-01	0.000000000000000000e+00
8.282281693973458925e-01	-1.999634313130440322e-01	0.000000000000000000e+00
8.288049014235647771e-01	-2.097154456823739077e-01	0.000000000000000000e+00
8.317424135924628148e-01	-2.287896491367538143e-01	0.000000000000000000e+00
8.317424135924628148e-01	-2.287896491367538143e-01	0.000000000000000000e+00
8.359298476314105386e-01	-3.513190613147122998e-01	0.000000000000000000e+00
8.359298476314105386e-01	-3.513190613147122998e-01	0.000000000000000000e+00
8.359298476314105386e-01	-3.321374380398210424e-01	0.000000000000000000e+00
8.359298476314105386e-01	-3.321374380398210424e-01	0.000000000000000000e+00
8.359298476314105386e-01	-3.321374380398210424e-01	0.000000000000000000e+00
8.359298476314105386e-01	-3.321374380398210424e-01	0.000000000000000000e+00
8.359298476314105386e-01	-3.321374380398210424e-01	0.000000000000000000e+00
8.359298476314105386e-01	-3.321374380398210424e-01	0.000000000000000000e+00
8.359298476314105386e-01	-3.321374380398210424e-01	0.000000000000000000e+00
8.414987438003969089e-01	-3.884596829345269842e-01	0.000000000000000000e+00
8.414987438003969089e-01	-3.884596829345269842e-01	0.000000000000000000e+00
8.414987438003969089e-01	-3.884596829345269842e-01	0.000000000000000000e+00
8.468319374588376691e-01	-4.526472614940469374e-01	0.000000000000000000e+00
8.468319374588376691e-01	-4.526472614940469374e-01	0.000000000000000000e+00
8.468319374588376691e-01	-4.526472614940469374e-01	0.000000000000000000e+00
8.468319374588376691e-01	-4.526472614940469374e-01	0.000000000000000000e+00
8.468319374588376691e-01	-4.526472614940469374e-01	0.000000000000000000e+00
8.470791119469768260e-01	-3.951820826779495199e-01	0.000000000000000000e+00
8.470791119469768260e-01	-3.951820826779495199e-01	0.000000000000000000e+00
