0.000000000000000000e+00	2.243983318736891164e+00	0.000000000000000000e+00
1.778394419258811504e-02	2.137675058909070280e+00	0.000000000000000000e+00
4.173721830655179044e-02	1.637165283380725977e+00	0.000000000000000000e+00
4.173721830655179044e-02	1.621192390061801936e+00	0.000000000000000000e+00
4.173721830655179044e-02	1.621192390061801936e+00	0.000000000000000000e+00
8.396858617791930213e-02	1.403972459409435158e+00	0.000000000000000000e+00
1.006252506588365125e-01	1.326443665117293946e+00	0.000000000000000000e+00
1.006252506588365125e-01	1.326443665117293946e+00	0.000000000000000000e+00
1.006252506588365125e-01	1.262300975251429369e+00	0.000000000000000000e+00
1.006252506588365125e-01	1.262300975251429369e+00	0.000000000000000000e+00
1.006252506588365125e-01	1.262300975251429369e+00	0.000000000000000000e+00
1.006252506588365125e-01	1.262300975251429369e+00	0.000000000000000000e+00
1.990403905445239097e-01	1.188734928995018869e+00	0.000000000000000000e+00
2.050679828748292466e-01	1.078219066149401995e+00	0.000000000000000000e+00
2.065454878600643251e-01	1.041456018064263134e+00	0.000000000000000000e+00
2.081973723754662331e-01	9.984327724234820511e-01	0.000000000000000000e+00
2.135672139499134592e-01	9.043245363658236613e-01	0.000000000000000000e+00
2.186718630786802786e-01	8.719912020739987168e-01	0.000000000000000000e+00
2.226043500744471215e-01	7.973559889851444815e-01	0.000000000000000000e+00
2.331389060927878398e-01	7.454288405674882600e-01	0.000000000000000000e+00
2.331389060927878398e-01	7.334434394152453685e-01	0.000000000000000000e+00
2.443535424995685323e-01	7.139559736672073109e-01	0.000000000000000000e+00
2.468696777329427994e-01	7.113098246455276108e-01	0.000000000000000000e+00
2.468696777329427994e-01	7.113098246455276108e-01	0.000000000000000000e+00
2.468696777329427994e-01	7.113098246455276108e-01	0.000000000000000000e+00
2.468696777329427994e-01	7.113098246455276108e-01	0.000000000000000000e+00
2.468696777329427994e-01	7.113098246455276108e-01	0.000000000000000000e+00
2.468696777329427994e-01	7.113098246455276108e-01	0.000000000000000000e+00
2.468696777329427994e-01	7.113098246455276108e-01	0.000000000000000000e+00
2.468696777329427994e-01	7.113098246455276108e-01	0.000000000000000000e+00
2.468696777329427994e-01	7.113098246455276108e-01	0.000000000000000000e+00
2.468696777329427994e-01	7.113098246455276108e-01	0.000000000000000000e+00
4.214493416515946445e-01	7.016562710104529144e-01	0.000000000000000000e+00
4.325950158757856934e-01	5.433106318707870974e-01	0.000000000000000000e+00
4.325950158757856379e-01	5.661119389150041092e-01	0.000000000000000000e+00
4.325950158757856934e-01	5.433106318707870974e-01	0.000000000000000000e+00
4.325950158757856934e-01	5.433106318707870974e-01	0.000000000000000000e+00
4.377959621888025676e-01	4.892325545805669140e-01	0.000000000000000000e+00
4.377959621888025676e-01	4.892325545805669140e-01	0.000000000000000000e+00
4.429969085018194974e-01	4.581098561566771532e-01	0.000000000000000000e+00
4.429969085018194974e-01	4.540951963557002258e-01	0.000000000000000000e+00
4.500081419194363330e-01	4.268888957934081074e-01	0.000000000000000000e+00
4.500081419194363330e-01	4.240300115791722502e-01	0.000000000000000000e+00
4.500081419194363330e-01	4.240300115791722502e-01	0.000000000000000000e+00
4.500081419194363330e-01	4.240300115791722502e-01	0.000000000000000000e+00
4.500081419194363330e-01	4.240300115791722502e-01	0.000000000000000000e+00
4.500081419194363330e-01	4.240300115791722502e-01	0.000000000000000000e+00
4.500081419194363330e-01	4.253329007728641198e-01	0.000000000000000000e+00
4.500081419194363330e-01	4.328726966213574667e-01	0.000000000000000000e+00
4.500081419194363330e-01	4.328726966213574667e-01	0.000000000000000000e+00
6.258728262554144051e-01	2.507716188002355739e-01	0.000000000000000000e+00
6.258728262554144051e-01	2.507716188002355739e-01	0.000000000000000000e+00
6.258728262554144051e-01	2.507716188002355739e-01	0.000000000000000000e+00
6.258728262554144051e-01	2.507716188002355739e-01	0.000000000000000000e+00
6.268615638291985537e-01	2.953738364367154423e-01	0.000000000000000000e+00
6.268615638291985537e-01	2.953738364367154423e-01	0.000000000000000000e+00
6.336818735692751892e-01	2.525127308382525415e-01	0.000000000000000000e+00
6.308727129522939681e-01	2.625643089538684527e-01	0.000000000000000000e+00
6.331200412513626752e-01	2.337191335294465655e-01	0.000000000000000000e+00
6.336818735692751892e-01	2.209780687528609677e-01	0.000000000000000000e+00
6.372133574315133053e-01	1.441819995800366350e-01	0.000000000000000000e+00
6.372133574315133053e-01	1.441819995800366350e-01	0.000000000000000000e+00
6.372133574315133053e-01	1.441819995800366350e-01	0.000000000000000000e+00
6.372133574315133053e-01	1.441819995800366350e-01	0.000000000000000000e+00
6.372133574315133053e-01	1.441819995800366350e-01	0.000000000000000000e+00
6.472216884816118787e-01	1.255692464872086578e-01	0.000000000000000000e+00
6.472216884816118787e-01	9.285295242540030081e-02	0.000000000000000000e+00
6.472216884816118787e-01	9.285295242540030081e-02	0.000000000000000000e+00
6.472216884816118787e-01	9.285295242540030081e-02	0.000000000000000000e+00
6.472216884816118787e-01	7.083167331353264207e-02	0.000000000000000000e+00
6.472216884816118787e-01	5.838457373085009783e-02	0.000000000000000000e+00
6.472216884816118787e-01	5.838457373085009783e-02	0.000000000000000000e+00
6.482520761382604135e-01	7.726301917520651819e-02	0.000000000000000000e+00
6.482520761382604135e-01	7.726301917520651819e-02	0.000000000000000000e+00
6.482520761382604135e-01	7.726301917520651819e-02	0.000000000000000000e+00
8.457078868008127692e-01	-1.261013536586207476e-02	0.000000000000000000e+00
8.457078868008127692e-01	-1.261013536586207476e-02	0.000000000000000000e+00
8.457078868008127692e-01	-1.261013536586207476e-02	0.000000000000000000e+00
8.457078868008127692e-01	-1.261013536586207476e-02	0.000000000000000000e+00
8.457078868008127692e-01	-1.261013536586207476e-02	0.000000000000000000e+00
8.457078868008127692e-01	-1.261013536586207476e-02	0.000000000000000000e+00
8.457078868008127692e-01	-1.261013536586207476e-02	0.000000000000000000e+00
8.457187142743360919e-01	-9.890112587570464020e-02	0.000000000000000000e+00
8.457187142743360919e-01	-9.890112587570464020e-02	0.000000000000000000e+00
8.457187142743360919e-01	-9.890112587570464020e-02	0.000000000000000000e+00
8.457187142743360919e-01	-9.890112587570464020e-02	0.000000000000000000e+00
8.457187142743360919e-01	-9.890112587570464020e-02	0.000000000000000000e+00
8.457187142743360919e-01	-9.890112587570464020e-02	0.000000000000000000e+00
8.457187142743360919e-01	-9.890112587570464020e-02	0.000000000000000000e+00
8.457425052402682830e-01	-1.087629898194861916e-01	0.000000000000000000e+00
8.458344021422877779e-01	-1.727897516615857776e-01	0.000000000000000000e+00
8.458344021422877779e-01	-1.727897516615857776e-01	0.000000000000000000e+00
8.457884536912780860e-01	-1.471859353546917937e-01	0.000000000000000000e+00
8.457884536912780860e-01	-1.471859353546917937e-01	0.000000000000000000e+00
8.458344021422877779e-01	-1.727897516615857776e-01	0.000000000000000000e+00
8.458344021422877779e-01	-1.727897516615857776e-01	0.000000000000000000e+00
8.458344021422877779e-01	-1.723414121745998062e-01	0.000000000000000000e+00
8.459262990443072727e-01	-1.893729019392782209e-01	0.000000000000000000e+00
8.459262990443072727e-01	-1.893729019392782209e-01	0.000000000000000000e+00
8.459262990443072727e-01	-1.893729019392782209e-01	0.000000000000000000e+00
