0.000000000000000000e+00	2.688699970067647271e+00	0.000000000000000000e+00
1.320267668955838955e-02	2.409322353217319357e+00	0.000000000000000000e+00
2.708146561899030247e-02	2.157079475565315541e+00	0.000000000000000000e+00
4.362472127682723994e-02	2.056922847461644555e+00	0.000000000000000000e+00
7.782352739834556832e-02	1.801844513424355476e+00	0.000000000000000000e+00
8.347443661310358087e-02	1.789263521364772735e+00	0.000000000000000000e+00
8.347443661310358087e-02	1.789263521364772735e+00	0.000000000000000000e+00
8.347443661310358087e-02	1.789263521364772735e+00	0.000000000000000000e+00
8.347443661310358087e-02	1.789263521364772735e+00	0.000000000000000000e+00
8.347443661310358087e-02	1.789263521364772735e+00	0.000000000000000000e+00
1.906207681476009275e-01	1.715403574331773262e+00	0.000000000000000000e+00
2.004542072075950199e-01	1.418380561155301089e+00	0.000000000000000000e+00
2.004542072075950199e-01	1.418380561155301089e+00	0.000000000000000000e+00
2.004542072075950199e-01	1.363942004072133729e+00	0.000000000000000000e+00
2.004542072075950199e-01	1.340930804123179998e+00	0.000000000000000000e+00
2.004542072075950199e-01	1.340930804123179998e+00	0.000000000000000000e+00
2.430182499108832495e-01	1.255638081038293441e+00	0.000000000000000000e+00
2.430182499108832495e-01	1.255638081038293441e+00	0.000000000000000000e+00
2.574259010889286547e-01	1.228408932898162886e+00	0.000000000000000000e+00
2.574259010889286547e-01	1.228408932898162886e+00	0.000000000000000000e+00
2.574259010889286547e-01	1.228408932898162886e+00	0.000000000000000000e+00
2.574259010889286547e-01	1.228408932898162886e+00	0.000000000000000000e+00
2.574259010889286547e-01	1.228408932898162886e+00	0.000000000000000000e+00
2.574259010889286547e-01	1.228408932898162886e+00	0.000000000000000000e+00
2.718335522669740323e-01	1.243327154104040044e+00	0.000000000000000000e+00
2.718335522669740323e-01	1.244686889722013801e+00	0.000000000000000000e+00
4.097825199372354676e-01	1.219843360710817004e+00	0.000000000000000000e+00
4.146416566406929127e-01	1.171172027160014562e+00	0.000000000000000000e+00
4.125913469562227376e-01	1.077036548779791936e+00	0.000000000000000000e+00
4.125913469562227376e-01	1.077036548779791936e+00	0.000000000000000000e+00
4.182316716893418329e-01	1.033733392345467239e+00	0.000000000000000000e+00
4.199330618926149228e-01	9.573941463625182946e-01	0.000000000000000000e+00
4.199330618926149228e-01	9.334594014196337941e-01	0.000000000000000000e+00
4.267025587681341214e-01	8.302040624016995274e-01	0.000000000000000000e+00
4.267025587681341214e-01	8.302040624016995274e-01	0.000000000000000000e+00
4.267025587681341214e-01	8.302040624016995274e-01	0.000000000000000000e+00
4.311398397767032820e-01	7.780805199271849659e-01	0.000000000000000000e+00
4.311398397767032820e-01	7.780805199271849659e-01	0.000000000000000000e+00
4.311398397767032820e-01	7.595243997635647837e-01	0.000000000000000000e+00
4.336306112891181730e-01	7.314756827237367531e-01	0.000000000000000000e+00
4.347484612434213691e-01	6.735841710356000878e-01	0.000000000000000000e+00
4.347484612434213691e-01	6.735841710356000878e-01	0.000000000000000000e+00
4.395580195176407301e-01	6.523058133127674907e-01	0.000000000000000000e+00
4.421439406317290155e-01	6.512666376998700324e-01	0.000000000000000000e+00
4.460987950164264637e-01	6.271720977920872686e-01	0.000000000000000000e+00
4.497648926353839949e-01	6.093694675670785488e-01	0.000000000000000000e+00
4.523600434865152620e-01	5.733693192150489670e-01	0.000000000000000000e+00
4.523600434865152620e-01	5.723514017749790073e-01	0.000000000000000000e+00
4.523600434865152620e-01	5.723514017749790073e-01	0.000000000000000000e+00
4.523600434865152620e-01	5.723514017749790073e-01	0.000000000000000000e+00
4.523600434865152620e-01	5.723514017749790073e-01	0.000000000000000000e+00
4.523600434865152620e-01	5.723514017749790073e-01	0.000000000000000000e+00
4.523600434865152620e-01	5.723514017749790073e-01	0.000000000000000000e+00
4.523600434865152620e-01	5.723514017749790073e-01	0.000000000000000000e+00
6.256314243034027944e-01	3.477527248082674105e-01	0.000000000000000000e+00
6.256314243034027944e-01	3.477527248082674105e-01	0.000000000000000000e+00
6.256314243034027944e-01	3.477527248082674105e-01	0.000000000000000000e+00
6.256314243034027944e-01	3.477527248082674105e-01	0.000000000000000000e+00
6.256314243034027944e-01	3.477527248082674105e-01	0.000000000000000000e+00
6.241597202880038164e-01	4.814302955319022526e-01	0.000000000000000000e+00
6.256314243034027944e-01	3.477527248082674105e-01	0.000000000000000000e+00
6.256314243034027944e-01	3.477527248082674105e-01	0.000000000000000000e+00
6.266852737000065954e-01	3.463771086497118845e-01	0.000000000000000000e+00
6.268615638291985537e-01	4.003858316387709504e-01	0.000000000000000000e+00
6.268615638291985537e-01	4.003858316387709504e-01	0.000000000000000000e+00
6.268615638291985537e-01	4.003909965363667833e-01	0.000000000000000000e+00
6.322652509115880282e-01	3.139502269542996382e-01	0.000000000000000000e+00
6.322652509115880282e-01	3.929980400272325980e-01	0.000000000000000000e+00
6.322652509115880282e-01	3.929980400272325980e-01	0.000000000000000000e+00
6.296515524349892701e-01	4.111992996619244778e-01	0.000000000000000000e+00
8.459230287791660308e-01	3.835844131578102778e-01	0.000000000000000000e+00
8.459230287791660308e-01	3.835844131578102778e-01	0.000000000000000000e+00
8.459173592215094573e-01	3.239204570018757168e-01	0.000000000000000000e+00
8.459173592215094573e-01	3.239204570018757168e-01	0.000000000000000000e+00
8.459116896638528837e-01	2.485755085178220081e-01	0.000000000000000000e+00
8.459116896638528837e-01	2.485755085178220081e-01	0.000000000000000000e+00
8.459116896638528837e-01	2.485755085178220081e-01	0.000000000000000000e+00
8.459116896638528837e-01	2.485755085178220081e-01	0.000000000000000000e+00
8.459116896638528837e-01	2.485755085178220081e-01	0.000000000000000000e+00
8.459116896638528837e-01	2.160927988878227901e-01	0.000000000000000000e+00
8.459116896638528837e-01	2.160927988878227901e-01	0.000000000000000000e+00
8.459116896638528837e-01	2.160927988878227901e-01	0.000000000000000000e+00
8.459116896638528837e-01	2.160927988878227901e-01	0.000000000000000000e+00
8.459116896638528837e-01	2.160927988878227901e-01	0.000000000000000000e+00
8.459116896638528837e-01	2.160927988878227901e-01	0.000000000000000000e+00
8.459172850236147401e-01	2.065812125097811480e-01	0.000000000000000000e+00
8.459172850236147401e-01	1.876412980206715597e-01	0.000000000000000000e+00
8.459172850236147401e-01	1.876412980206715597e-01	0.000000000000000000e+00
8.460182118974011178e-01	1.231072794880234134e-01	0.000000000000000000e+00
8.460182118974011178e-01	1.231072794880234134e-01	0.000000000000000000e+00
8.460182118974011178e-01	1.231072794880234134e-01	0.000000000000000000e+00
8.460182118974011178e-01	1.231072794880234134e-01	0.000000000000000000e+00
8.460182118974011178e-01	1.231072794880234134e-01	0.000000000000000000e+00
8.460182118974011178e-01	1.231072794880234134e-01	0.000000000000000000e+00
8.460412534394167183e-01	1.029491644567976372e-01	0.000000000000000000e+00
8.460412534394167183e-01	1.029491644567976372e-01	0.000000000000000000e+00
8.460412534394167183e-01	8.520799956043377532e-02	0.000000000000000000e+00
8.460412534394167183e-01	8.520799956043377532e-02	0.000000000000000000e+00
8.460609573127712002e-01	8.063918466641532834e-02	0.000000000000000000e+00
8.460412534394167183e-01	1.029491644567976372e-01	0.000000000000000000e+00
