0.000000000000000000e+00	2.688699970067647271e+00	0.000000000000000000e+00
1.320267668955838955e-02	2.409322353217319357e+00	0.000000000000000000e+00
2.708146561899030247e-02	2.157079475565315541e+00	0.000000000000000000e+00
6.221963781249360836e-02	2.014298864342593642e+00	0.000000000000000000e+00
7.683134716343535675e-02	1.934022124463399273e+00	0.000000000000000000e+00
8.347443661310358087e-02	1.801779210700200418e+00	0.000000000000000000e+00
8.347443661310358087e-02	1.801779210700200418e+00	0.000000000000000000e+00
8.347443661310358087e-02	1.801779210700200418e+00	0.000000000000000000e+00
8.347443661310358087e-02	1.801779210700200418e+00	0.000000000000000000e+00
8.877422132263322607e-02	1.813926210194597655e+00	0.000000000000000000e+00
1.906207681476009275e-01	1.761550310261799757e+00	0.000000000000000000e+00
2.004542072075950199e-01	1.632690975955281676e+00	0.000000000000000000e+00
2.004542072075950199e-01	1.630883421927669330e+00	0.000000000000000000e+00
2.239735427665473788e-01	1.437160694905347702e+00	0.000000000000000000e+00
2.239735427665473788e-01	1.437160694905347702e+00	0.000000000000000000e+00
2.430182499108832495e-01	1.414359274387759990e+00	0.000000000000000000e+00
2.430182499108832495e-01	1.414359274387759990e+00	0.000000000000000000e+00
2.718335522669740323e-01	1.325114116262924302e+00	0.000000000000000000e+00
2.718335522669740323e-01	1.320441005086363084e+00	0.000000000000000000e+00
2.718335522669740323e-01	1.320441005086363084e+00	0.000000000000000000e+00
2.718335522669740323e-01	1.320441005086363084e+00	0.000000000000000000e+00
2.718335522669740323e-01	1.320441005086363084e+00	0.000000000000000000e+00
2.718335522669740323e-01	1.320441005086363084e+00	0.000000000000000000e+00
2.718335522669740323e-01	1.320441005086363084e+00	0.000000000000000000e+00
2.718335522669740323e-01	1.323767562157003752e+00	0.000000000000000000e+00
4.097825199372354676e-01	1.219843360710817004e+00	0.000000000000000000e+00
4.097825199372354676e-01	1.219843360710817004e+00	0.000000000000000000e+00
4.146416566406929127e-01	1.171172027160014562e+00	0.000000000000000000e+00
4.190544114056198866e-01	1.082085067052604987e+00	0.000000000000000000e+00
4.182316716893418329e-01	1.033733392345467239e+00	0.000000000000000000e+00
4.182316716893418329e-01	1.033733392345467239e+00	0.000000000000000000e+00
4.218569589470103076e-01	9.446958485823316876e-01	0.000000000000000000e+00
4.199330618926149228e-01	9.334594014196337941e-01	0.000000000000000000e+00
4.267025587681341214e-01	8.766450069518542110e-01	0.000000000000000000e+00
4.267025587681341214e-01	8.766450069518542110e-01	0.000000000000000000e+00
4.280873984409574451e-01	8.583040780189029606e-01	0.000000000000000000e+00
4.311398397767032820e-01	7.595243997635647837e-01	0.000000000000000000e+00
4.311398397767032820e-01	7.595243997635647837e-01	0.000000000000000000e+00
4.311398397767032820e-01	7.595243997635647837e-01	0.000000000000000000e+00
4.336306112891181730e-01	7.314756827237367531e-01	0.000000000000000000e+00
4.347484612434213691e-01	7.014037227538618691e-01	0.000000000000000000e+00
4.369671017477059216e-01	6.834081031800079975e-01	0.000000000000000000e+00
4.395580195176407301e-01	6.523058133127674907e-01	0.000000000000000000e+00
4.421439406317290155e-01	6.512666376998700324e-01	0.000000000000000000e+00
4.460987950164264637e-01	6.271720977920872686e-01	0.000000000000000000e+00
4.497648926353839949e-01	6.093694675670785488e-01	0.000000000000000000e+00
4.523600434865152620e-01	5.723514017749790073e-01	0.000000000000000000e+00
4.523600434865152620e-01	5.723514017749790073e-01	0.000000000000000000e+00
4.523600434865152620e-01	5.723514017749790073e-01	0.000000000000000000e+00
4.523600434865152620e-01	5.723514017749790073e-01	0.000000000000000000e+00
4.523600434865152620e-01	5.723514017749790073e-01	0.000000000000000000e+00
4.523600434865152620e-01	5.723514017749790073e-01	0.000000000000000000e+00
4.523600434865152620e-01	5.723514017749790073e-01	0.000000000000000000e+00
4.523600434865152620e-01	5.723514017749790073e-01	0.000000000000000000e+00
6.268615638291985537e-01	4.024950004720049823e-01	0.000000000000000000e+00
6.268615638291985537e-01	3.889350296623237946e-01	0.000000000000000000e+00
6.268615638291985537e-01	3.889350296623237946e-01	0.000000000000000000e+00
6.268615638291985537e-01	3.889350296623237946e-01	0.000000000000000000e+00
6.268615638291985537e-01	3.889350296623237946e-01	0.000000000000000000e+00
6.268615638291985537e-01	3.889350296623237946e-01	0.000000000000000000e+00
6.268615638291985537e-01	3.889350296623237946e-01	0.000000000000000000e+00
6.268615638291985537e-01	3.889350296623237946e-01	0.000000000000000000e+00
6.268615638291985537e-01	3.889350296623237946e-01	0.000000000000000000e+00
6.268615638291985537e-01	3.889350296623237946e-01	0.000000000000000000e+00
6.268615638291985537e-01	3.889350296623237946e-01	0.000000000000000000e+00
6.322652509115880282e-01	3.139502269542996382e-01	0.000000000000000000e+00
6.322652509115880282e-01	3.139502269542996382e-01	0.000000000000000000e+00
6.322652509115880282e-01	3.929980400272325980e-01	0.000000000000000000e+00
6.322652509115880282e-01	3.929980400272325980e-01	0.000000000000000000e+00
8.459230287791660308e-01	2.823088473560663170e-01	0.000000000000000000e+00
8.459230287791660308e-01	2.823088473560663170e-01	0.000000000000000000e+00
8.459230287791660308e-01	2.823088473560663170e-01	0.000000000000000000e+00
8.459230287791660308e-01	2.823088473560663170e-01	0.000000000000000000e+00
8.459230287791660308e-01	2.823088473560663170e-01	0.000000000000000000e+00
8.459230287791660308e-01	2.823088473560663170e-01	0.000000000000000000e+00
8.459230287791660308e-01	2.734684758756742995e-01	0.000000000000000000e+00
8.459116896638528837e-01	2.488332809089574549e-01	0.000000000000000000e+00
8.459116896638528837e-01	2.488332809089574549e-01	0.000000000000000000e+00
8.459116896638528837e-01	2.488332809089574549e-01	0.000000000000000000e+00
8.459116896638528837e-01	2.488332809089574549e-01	0.000000000000000000e+00
8.459116896638528837e-01	2.488332809089574549e-01	0.000000000000000000e+00
8.459116896638528837e-01	2.488332809089574549e-01	0.000000000000000000e+00
8.459230287791660308e-01	1.806042548652827540e-01	0.000000000000000000e+00
8.459230287791660308e-01	1.806042548652827540e-01	0.000000000000000000e+00
8.459230287791660308e-01	1.806042548652827540e-01	0.000000000000000000e+00
8.459832465320482608e-01	2.018751698596226996e-01	0.000000000000000000e+00
8.459951703553854063e-01	1.808007746278129380e-01	0.000000000000000000e+00
8.459951703553854063e-01	1.808007746278129380e-01	0.000000000000000000e+00
8.460182118974011178e-01	1.231072794880234134e-01	0.000000000000000000e+00
8.460182118974011178e-01	1.231072794880234134e-01	0.000000000000000000e+00
8.460182118974011178e-01	1.231072794880234134e-01	0.000000000000000000e+00
8.460182118974011178e-01	1.231072794880234134e-01	0.000000000000000000e+00
8.460182118974011178e-01	1.231072794880234134e-01	0.000000000000000000e+00
8.460182118974011178e-01	1.231072794880234134e-01	0.000000000000000000e+00
8.460412534394167183e-01	8.520799956043377532e-02	0.000000000000000000e+00
8.460412534394167183e-01	8.520799956043377532e-02	0.000000000000000000e+00
8.460412534394167183e-01	8.520799956043377532e-02	0.000000000000000000e+00
8.460412534394167183e-01	8.520799956043377532e-02	0.000000000000000000e+00
8.460412534394167183e-01	1.604232424055302419e-01	0.000000000000000000e+00
8.460412534394167183e-01	1.604232424055302419e-01	0.000000000000000000e+00
