0.000000000000000000e+00	1.171012084824740063e+00	0.000000000000000000e+00
1.734764335390551540e-02	1.074437896455745056e+00	0.000000000000000000e+00
3.031848031013584938e-02	9.289860249589401153e-01	0.000000000000000000e+00
4.375971151468017323e-02	8.933209256401553056e-01	0.000000000000000000e+00
5.863746904083186329e-02	8.180297990764000549e-01	0.000000000000000000e+00
5.863746904083186329e-02	8.180297990764000549e-01	0.000000000000000000e+00
8.458190467265938595e-02	7.746521254569593840e-01	0.000000000000000000e+00
8.458190467265938595e-02	7.746521254569593840e-01	0.000000000000000000e+00
8.458190467265938595e-02	7.746521254569593840e-01	0.000000000000000000e+00
8.458190467265938595e-02	7.746521254569593840e-01	0.000000000000000000e+00
8.458190467265938595e-02	7.746521254569593840e-01	0.000000000000000000e+00
8.458190467265938595e-02	7.746521254569593840e-01	0.000000000000000000e+00
8.323738211807409082e-02	7.770160326434960574e-01	0.000000000000000000e+00
1.936822575123345047e-01	7.183885960022905470e-01	0.000000000000000000e+00
2.098477398247041159e-01	5.930324950580806442e-01	0.000000000000000000e+00
2.159298849344416793e-01	5.219584437176361114e-01	0.000000000000000000e+00
2.198295009535081723e-01	4.689698836249319158e-01	0.000000000000000000e+00
2.223313744774713108e-01	4.440741937611776824e-01	0.000000000000000000e+00
2.285573163981404754e-01	4.214560490205394028e-01	0.000000000000000000e+00
2.353618156426479646e-01	3.494334213932802080e-01	0.000000000000000000e+00
2.353618156426479646e-01	3.443209966218189755e-01	0.000000000000000000e+00
2.501653689462413066e-01	3.017805935148270002e-01	0.000000000000000000e+00
2.561665742278398383e-01	2.884419668249985080e-01	0.000000000000000000e+00
2.561665742278398383e-01	2.882119627218194813e-01	0.000000000000000000e+00
2.561665742278398383e-01	2.882119627218194813e-01	0.000000000000000000e+00
2.561665742278398383e-01	2.882119627218194813e-01	0.000000000000000000e+00
2.561665742278398383e-01	2.882119627218194813e-01	0.000000000000000000e+00
2.561665742278398383e-01	2.882119627218194813e-01	0.000000000000000000e+00
2.561665742278398383e-01	2.882119627218194813e-01	0.000000000000000000e+00
2.561665742278398383e-01	2.882119627218194813e-01	0.000000000000000000e+00
2.561665742278398383e-01	2.882119627218194813e-01	0.000000000000000000e+00
2.558972618700413593e-01	2.917805234454750041e-01	0.000000000000000000e+00
4.228036262478023222e-01	1.973958261804230896e-01	0.000000000000000000e+00
4.228036262478023222e-01	1.973958261804230896e-01	0.000000000000000000e+00
4.228036262478023222e-01	1.875502906272998038e-01	0.000000000000000000e+00
4.309059109881652194e-01	1.393176426715737048e-01	0.000000000000000000e+00
4.309059109881652194e-01	1.250018644625998376e-01	0.000000000000000000e+00
4.354602019356961229e-01	5.829372933790736427e-02	0.000000000000000000e+00
4.354602019356961229e-01	5.829372933790736427e-02	0.000000000000000000e+00
4.412107688016975171e-01	-2.549278673744100748e-03	0.000000000000000000e+00
4.412107688016975171e-01	-2.549278673744100748e-03	0.000000000000000000e+00
4.412107688016975171e-01	-2.549278673744100748e-03	0.000000000000000000e+00
4.444422773687216055e-01	-3.166695106469166049e-02	0.000000000000000000e+00
4.475266631159564024e-01	-4.890556931078575420e-02	0.000000000000000000e+00
4.538425574302152876e-01	-6.074353843896057592e-02	0.000000000000000000e+00
4.538425574302152876e-01	-6.243399770630804479e-02	0.000000000000000000e+00
4.538425574302152876e-01	-6.243399770630804479e-02	0.000000000000000000e+00
4.538425574302152876e-01	-6.243399770630804479e-02	0.000000000000000000e+00
4.538425574302152876e-01	-6.243399770630804479e-02	0.000000000000000000e+00
4.538425574302152876e-01	-6.243399770630804479e-02	0.000000000000000000e+00
4.538425574302152876e-01	-6.243399770630804479e-02	0.000000000000000000e+00
4.538425574302152876e-01	-6.243399770630804479e-02	0.000000000000000000e+00
6.198080440238008526e-01	-6.297841742808321652e-02	0.000000000000000000e+00
6.250390659006122007e-01	-1.248088710664454759e-01	0.000000000000000000e+00
6.266411648929758327e-01	-1.114929495564030287e-01	0.000000000000000000e+00
6.266411648929758327e-01	-1.614809243360433855e-01	0.000000000000000000e+00
6.266411648929758327e-01	-1.614809243360433855e-01	0.000000000000000000e+00
6.266411648929758327e-01	-1.881411915884531050e-01	0.000000000000000000e+00
6.266411648929758327e-01	-1.881411915884531050e-01	0.000000000000000000e+00
6.394084793771701580e-01	-3.019439204124016451e-01	0.000000000000000000e+00
6.394084793771701580e-01	-3.019439204124016451e-01	0.000000000000000000e+00
6.394084793771701580e-01	-3.019439204124016451e-01	0.000000000000000000e+00
6.374131671612567329e-01	-2.853061356849740937e-01	0.000000000000000000e+00
6.374131671612567329e-01	-2.853061356849740937e-01	0.000000000000000000e+00
6.374131671612567329e-01	-2.853061356849740937e-01	0.000000000000000000e+00
6.396752360673443327e-01	-2.998267045465828895e-01	0.000000000000000000e+00
6.404766017566395631e-01	-3.087498801091004275e-01	0.000000000000000000e+00
6.410492242377872074e-01	-3.247625297718709225e-01	0.000000000000000000e+00
6.435508766837590988e-01	-3.429608778180805451e-01	0.000000000000000000e+00
6.438755542547085486e-01	-3.440452080481471997e-01	0.000000000000000000e+00
6.484495425957872428e-01	-3.492930569379115724e-01	0.000000000000000000e+00
6.484495425957872428e-01	-3.492930569379115724e-01	0.000000000000000000e+00
6.484495425957872428e-01	-3.492930569379115724e-01	0.000000000000000000e+00
6.484495425957872428e-01	-3.492930569379115724e-01	0.000000000000000000e+00
6.484495425957872428e-01	-3.492930569379115724e-01	0.000000000000000000e+00
8.267112609899425202e-01	-3.860532142649037435e-01	0.000000000000000000e+00
8.267112609899425202e-01	-3.860532142649037435e-01	0.000000000000000000e+00
8.267112609899425202e-01	-4.000102850485035555e-01	0.000000000000000000e+00
8.301501609073274057e-01	-4.084483568979524470e-01	0.000000000000000000e+00
8.301501609073274057e-01	-4.624069080247302233e-01	0.000000000000000000e+00
8.301501609073274057e-01	-4.624069080247302233e-01	0.000000000000000000e+00
8.301501609073274057e-01	-4.624069080247302233e-01	0.000000000000000000e+00
8.301501609073274057e-01	-4.624069080247302233e-01	0.000000000000000000e+00
8.344904205724041901e-01	-4.738777284102852483e-01	0.000000000000000000e+00
8.388306802374808635e-01	-5.041843452526109104e-01	0.000000000000000000e+00
8.388306802374808635e-01	-5.041843452526109104e-01	0.000000000000000000e+00
8.388306802374808635e-01	-5.041843452526109104e-01	0.000000000000000000e+00
8.388306802374808635e-01	-5.306992174418814212e-01	0.000000000000000000e+00
8.388306802374808635e-01	-5.306992174418814212e-01	0.000000000000000000e+00
8.392800921106254863e-01	-5.538860466072906830e-01	0.000000000000000000e+00
8.392800921106254863e-01	-5.538860466072906830e-01	0.000000000000000000e+00
8.392800921106254863e-01	-5.538860466072906830e-01	0.000000000000000000e+00
8.451239408102056982e-01	-5.827130274553835587e-01	0.000000000000000000e+00
8.451239408102056982e-01	-5.827130274553835587e-01	0.000000000000000000e+00
8.451239408102056982e-01	-5.827130274553835587e-01	0.000000000000000000e+00
8.451239408102056982e-01	-6.015099284953867587e-01	0.000000000000000000e+00
8.451239408102056982e-01	-6.015099284953867587e-01	0.000000000000000000e+00
8.474732471767885134e-01	-6.129526717990946283e-01	0.000000000000000000e+00
8.485077912615321960e-01	-6.256064102827215700e-01	0.000000000000000000e+00
8.482931583014029497e-01	-6.139462630378107466e-01	0.000000000000000000e+00
