0.000000000000000000e+00	3.350763520107190363e+00	0.000000000000000000e+00
2.640535337911677910e-02	2.369480304778313950e+00	0.000000000000000000e+00
2.640535337911677910e-02	2.329984914884317693e+00	0.000000000000000000e+00
5.281070675823355820e-02	2.212604528077890542e+00	0.000000000000000000e+00
7.154836802412375962e-02	2.148604590161163230e+00	0.000000000000000000e+00
7.154836802412375962e-02	2.148604590161163230e+00	0.000000000000000000e+00
7.154836802412375962e-02	2.148604590161163230e+00	0.000000000000000000e+00
7.154836802412375962e-02	2.148604590161163230e+00	0.000000000000000000e+00
7.154836802412375962e-02	2.148604590161163230e+00	0.000000000000000000e+00
2.004542072075950199e-01	1.641196562943625592e+00	0.000000000000000000e+00
2.004542072075950199e-01	1.641196562943625592e+00	0.000000000000000000e+00
2.004542072075950199e-01	1.641196562943625592e+00	0.000000000000000000e+00
2.004542072075950199e-01	1.641196562943625592e+00	0.000000000000000000e+00
2.004542072075950199e-01	1.641196562943625592e+00	0.000000000000000000e+00
2.429880797888188393e-01	1.537728638477211307e+00	0.000000000000000000e+00
2.581107282399551228e-01	1.452865269679197269e+00	0.000000000000000000e+00
2.581107282399551228e-01	1.452865269679197269e+00	0.000000000000000000e+00
2.581107282399551228e-01	1.452865269679197269e+00	0.000000000000000000e+00
2.581107282399551228e-01	1.452865269679197269e+00	0.000000000000000000e+00
2.581107282399551228e-01	1.452865269679197269e+00	0.000000000000000000e+00
2.581107282399551228e-01	1.452865269679197269e+00	0.000000000000000000e+00
2.855563762939928862e-01	1.468463480757601802e+00	0.000000000000000000e+00
2.855563762939928862e-01	1.468463480757601802e+00	0.000000000000000000e+00
4.073922832711781572e-01	1.307705900109602082e+00	0.000000000000000000e+00
4.073922832711781572e-01	1.307705900109602082e+00	0.000000000000000000e+00
4.097825199372354676e-01	1.264299785893801431e+00	0.000000000000000000e+00
4.117010068171981230e-01	1.227497175293615239e+00	0.000000000000000000e+00
4.218569589470103076e-01	1.020904543500777528e+00	0.000000000000000000e+00
4.218569589470103076e-01	1.020904543500777528e+00	0.000000000000000000e+00
4.218569589470103076e-01	1.020904543500777528e+00	0.000000000000000000e+00
4.218569589470103076e-01	1.020904543500777528e+00	0.000000000000000000e+00
4.304744060390502391e-01	8.825608178800928849e-01	0.000000000000000000e+00
4.304744060390502391e-01	8.825608178800928849e-01	0.000000000000000000e+00
4.304744060390502391e-01	8.825608178800928849e-01	0.000000000000000000e+00
4.304744060390502391e-01	8.825608178800928849e-01	0.000000000000000000e+00
4.362596579385776274e-01	8.666890399936434397e-01	0.000000000000000000e+00
4.391305612888147802e-01	8.004947605154417722e-01	0.000000000000000000e+00
4.391305612888147802e-01	8.004947605154417722e-01	0.000000000000000000e+00
4.430524141690901918e-01	6.837603792156564664e-01	0.000000000000000000e+00
4.430524141690901918e-01	6.837603792156564664e-01	0.000000000000000000e+00
4.430524141690901918e-01	6.837603792156564664e-01	0.000000000000000000e+00
4.430524141690901918e-01	6.837603792156564664e-01	0.000000000000000000e+00
4.439500561514884147e-01	6.690267590616389981e-01	0.000000000000000000e+00
4.487695510141620492e-01	6.618999500895416110e-01	0.000000000000000000e+00
4.526783008137709730e-01	6.372222861352562218e-01	0.000000000000000000e+00
4.526783008137709730e-01	6.372222861352562218e-01	0.000000000000000000e+00
4.526783008137709730e-01	6.372222861352562218e-01	0.000000000000000000e+00
4.526783008137709730e-01	6.372222861352562218e-01	0.000000000000000000e+00
4.526783008137709730e-01	6.372222861352562218e-01	0.000000000000000000e+00
4.526783008137709730e-01	6.372222861352562218e-01	0.000000000000000000e+00
4.526783008137709730e-01	6.372222861352562218e-01	0.000000000000000000e+00
4.526783008137709730e-01	6.372222861352562218e-01	0.000000000000000000e+00
6.348464890066175537e-01	5.834605588223171768e-01	0.000000000000000000e+00
6.348464890066175537e-01	5.834605588223171768e-01	0.000000000000000000e+00
6.348464890066175537e-01	5.834605588223171768e-01	0.000000000000000000e+00
6.348464890066175537e-01	5.039134623927893353e-01	0.000000000000000000e+00
6.348464890066175537e-01	5.039134623927893353e-01	0.000000000000000000e+00
6.348464890066175537e-01	5.039134623927893353e-01	0.000000000000000000e+00
6.348464890066175537e-01	5.039134623927893353e-01	0.000000000000000000e+00
6.348464890066175537e-01	4.958576835249428605e-01	0.000000000000000000e+00
6.348464890066175537e-01	4.958576835249428605e-01	0.000000000000000000e+00
6.348464890066175537e-01	4.958576835249428605e-01	0.000000000000000000e+00
6.348464890066175537e-01	4.958576835249428605e-01	0.000000000000000000e+00
6.348464890066175537e-01	4.958576835249428605e-01	0.000000000000000000e+00
6.348464890066175537e-01	4.958576835249428605e-01	0.000000000000000000e+00
6.348464890066175537e-01	5.087800626270027049e-01	0.000000000000000000e+00
8.461749269953080521e-01	4.722333187184123426e-01	0.000000000000000000e+00
8.460899428209651685e-01	3.593474896045509293e-01	0.000000000000000000e+00
8.460899428209651685e-01	3.593474896045509293e-01	0.000000000000000000e+00
8.460899428209651685e-01	3.593474896045509293e-01	0.000000000000000000e+00
8.460899428209651685e-01	3.593474896045509293e-01	0.000000000000000000e+00
8.460899428209651685e-01	3.593474896045509293e-01	0.000000000000000000e+00
8.460899428209651685e-01	3.593474896045509293e-01	0.000000000000000000e+00
8.460899428209651685e-01	3.593474896045509293e-01	0.000000000000000000e+00
8.460412534394167183e-01	2.010300307141709153e-01	0.000000000000000000e+00
8.460412534394167183e-01	2.010300307141709153e-01	0.000000000000000000e+00
8.460412534394167183e-01	2.010300307141709153e-01	0.000000000000000000e+00
8.460412534394167183e-01	2.010300307141709153e-01	0.000000000000000000e+00
8.460412534394167183e-01	2.010300307141709153e-01	0.000000000000000000e+00
8.460412534394167183e-01	2.010300307141709153e-01	0.000000000000000000e+00
8.460412534394167183e-01	2.010300307141709153e-01	0.000000000000000000e+00
8.460412534394167183e-01	2.010300307141709153e-01	0.000000000000000000e+00
8.460412534394167183e-01	1.798151875554062362e-01	0.000000000000000000e+00
8.460412534394167183e-01	1.798151875554062362e-01	0.000000000000000000e+00
8.460412534394167183e-01	1.798151875554062362e-01	0.000000000000000000e+00
8.460412534394167183e-01	1.798151875554062362e-01	0.000000000000000000e+00
8.460412534394167183e-01	2.001786323689639657e-01	0.000000000000000000e+00
8.460412534394167183e-01	1.918326738889458427e-01	0.000000000000000000e+00
8.460412534394167183e-01	1.809589261333589272e-01	0.000000000000000000e+00
8.460412534394167183e-01	1.809589261333589272e-01	0.000000000000000000e+00
8.460412534394167183e-01	1.809589261333589272e-01	0.000000000000000000e+00
8.460412534394167183e-01	1.809589261333589272e-01	0.000000000000000000e+00
8.460412534394167183e-01	1.809589261333589272e-01	0.000000000000000000e+00
8.460412534394167183e-01	1.809589261333589272e-01	0.000000000000000000e+00
8.460412534394167183e-01	1.809589261333589272e-01	0.000000000000000000e+00
8.460412534394167183e-01	1.809589261333589272e-01	0.000000000000000000e+00
8.460412534394167183e-01	1.874099881159105307e-01	0.000000000000000000e+00
8.460412534394167183e-01	1.874099881159105307e-01	0.000000000000000000e+00
8.460412534394167183e-01	1.878431263426574294e-01	0.000000000000000000e+00
8.460412534394167183e-01	1.878431263426574294e-01	0.000000000000000000e+00
