0.000000000000000000e+00	5.717838203094836480e+00	0.000000000000000000e+00
3.675326853697169494e-02	4.903875947900795396e+00	0.000000000000000000e+00
6.196923294050515896e-02	4.462611353203229214e+00	0.000000000000000000e+00
6.196923294050515896e-02	4.462611353203229214e+00	0.000000000000000000e+00
1.049719204406216466e-01	4.392978449763643489e+00	0.000000000000000000e+00
1.429920763125391570e-01	4.052744576065347104e+00	0.000000000000000000e+00
1.429920763125391570e-01	4.052744576065347104e+00	0.000000000000000000e+00
1.429920763125391570e-01	4.052744576065347104e+00	0.000000000000000000e+00
1.252384868962676812e-01	3.931507147758112719e+00	0.000000000000000000e+00
1.046831850684476067e-01	3.865261730604128587e+00	0.000000000000000000e+00
2.303008273845287834e-01	3.519583832234476350e+00	0.000000000000000000e+00
2.303008273845287834e-01	3.519583832234476350e+00	0.000000000000000000e+00
2.303008273845287834e-01	3.519583832234476350e+00	0.000000000000000000e+00
2.303008273845287834e-01	3.519583832234476350e+00	0.000000000000000000e+00
2.303008273845287834e-01	3.519583832234476350e+00	0.000000000000000000e+00
2.303008273845287834e-01	3.519583832234476350e+00	0.000000000000000000e+00
2.303008273845287834e-01	3.519583832234476350e+00	0.000000000000000000e+00
2.303008273845287834e-01	3.519583832234476350e+00	0.000000000000000000e+00
4.316607143501890453e-01	3.235824446646809793e+00	0.000000000000000000e+00
4.316607143501890453e-01	3.235824446646809793e+00	0.000000000000000000e+00
4.316607143501890453e-01	3.235824446646809793e+00	0.000000000000000000e+00
4.316607143501890453e-01	3.235824446646809793e+00	0.000000000000000000e+00
4.318907770235329568e-01	2.822560397682773115e+00	0.000000000000000000e+00
4.318907770235329568e-01	2.822560397682773115e+00	0.000000000000000000e+00
4.318907770235329568e-01	2.822560397682773115e+00	0.000000000000000000e+00
4.318907770235329568e-01	2.822560397682773115e+00	0.000000000000000000e+00
4.318907770235329568e-01	2.719057604484287793e+00	0.000000000000000000e+00
4.318907770235329568e-01	2.719057604484287793e+00	0.000000000000000000e+00
4.318907770235329568e-01	2.719057604484287793e+00	0.000000000000000000e+00
4.318907770235329568e-01	2.719057604484287793e+00	0.000000000000000000e+00
4.318907770235329568e-01	2.719057604484287793e+00	0.000000000000000000e+00
4.318907770235329568e-01	2.719057604484287793e+00	0.000000000000000000e+00
4.318907770235329568e-01	2.719057604484287793e+00	0.000000000000000000e+00
4.318907770235329568e-01	2.719057604484287793e+00	0.000000000000000000e+00
6.102768422431018580e-01	2.652292521672614534e+00	0.000000000000000000e+00
2.726229715967080081e-01	2.452008713605094758e+00	0.000000000000000000e+00
2.726229715967080081e-01	2.452008713605094758e+00	0.000000000000000000e+00
2.726229715967080081e-01	2.452008713605094758e+00	0.000000000000000000e+00
2.726229715967080081e-01	2.452008713605094758e+00	0.000000000000000000e+00
2.726229715967080081e-01	2.452008713605094758e+00	0.000000000000000000e+00
2.726229715967080081e-01	2.452008713605094758e+00	0.000000000000000000e+00
2.726229715967080081e-01	2.452008713605094758e+00	0.000000000000000000e+00
6.038733709486213685e-01	2.244829307910284122e+00	0.000000000000000000e+00
6.038733709486213685e-01	2.244829307910284122e+00	0.000000000000000000e+00
6.038733709486213685e-01	2.244829307910284122e+00	0.000000000000000000e+00
6.038733709486213685e-01	2.244829307910284122e+00	0.000000000000000000e+00
4.504523660079700065e-01	2.026594858995937276e+00	0.000000000000000000e+00
4.504523660079700065e-01	2.034040121474062879e+00	0.000000000000000000e+00
4.504523660079700065e-01	2.034040121474062879e+00	0.000000000000000000e+00
4.504523660079700065e-01	2.034040121474062879e+00	0.000000000000000000e+00
4.504523660079700065e-01	2.034040121474062879e+00	0.000000000000000000e+00
4.504523660079700065e-01	2.034040121474062879e+00	0.000000000000000000e+00
4.504523660079700065e-01	2.026594858995937276e+00	0.000000000000000000e+00
4.504523660079700065e-01	2.026594858995937276e+00	0.000000000000000000e+00
4.504523660079700065e-01	2.026594858995937276e+00	0.000000000000000000e+00
4.504523660079700065e-01	2.026594858995937276e+00	0.000000000000000000e+00
4.504523660079700065e-01	2.026594858995937276e+00	0.000000000000000000e+00
4.504523660079700065e-01	2.026594858995937276e+00	0.000000000000000000e+00
4.504523660079700065e-01	2.053499618923071868e+00	0.000000000000000000e+00
4.504523660079700065e-01	2.053499618923071868e+00	0.000000000000000000e+00
4.559567983457752383e-01	2.060887207872454496e+00	0.000000000000000000e+00
4.559567983457752383e-01	2.060887207872454496e+00	0.000000000000000000e+00
4.559567983457752383e-01	2.060887207872454496e+00	0.000000000000000000e+00
8.531895057819232076e-01	1.913936641689799822e+00	0.000000000000000000e+00
8.531895057819232076e-01	1.913936641689799822e+00	0.000000000000000000e+00
8.531895057819232076e-01	1.913936641689799822e+00	0.000000000000000000e+00
8.531895057819232076e-01	1.913936641689799822e+00	0.000000000000000000e+00
8.531895057819232076e-01	1.913936641689799822e+00	0.000000000000000000e+00
8.531895057819232076e-01	1.913936641689799822e+00	0.000000000000000000e+00
8.531895057819232076e-01	1.913936641689799822e+00	0.000000000000000000e+00
8.531895057819232076e-01	1.913936641689799822e+00	0.000000000000000000e+00
8.531895057819232076e-01	1.913936641689799822e+00	0.000000000000000000e+00
8.531895057819232076e-01	1.813786385927976808e+00	0.000000000000000000e+00
8.531895057819232076e-01	1.813786385927976808e+00	0.000000000000000000e+00
8.531895057819232076e-01	1.813786385927976808e+00	0.000000000000000000e+00
8.629607722225739463e-01	1.908967910814861391e+00	0.000000000000000000e+00
8.629607722225739463e-01	1.908967910814861391e+00	0.000000000000000000e+00
8.629607722225739463e-01	1.908967910814861391e+00	0.000000000000000000e+00
8.629607722225739463e-01	1.908967910814861391e+00	0.000000000000000000e+00
8.633937654618880631e-01	2.410928647674894343e+00	0.000000000000000000e+00
8.248851806291229716e-01	2.479461481384583443e+00	0.000000000000000000e+00
8.248851806291229716e-01	2.436522075899047568e+00	0.000000000000000000e+00
8.248851806291229716e-01	2.436522075899047568e+00	0.000000000000000000e+00
8.248851806291229716e-01	2.407955318190670102e+00	0.000000000000000000e+00
8.248851806291229716e-01	2.407955318190670102e+00	0.000000000000000000e+00
8.248851806291229716e-01	2.407955318190670102e+00	0.000000000000000000e+00
8.248851806291229716e-01	2.350585094011888199e+00	0.000000000000000000e+00
8.248851806291229716e-01	2.350585094011888199e+00	0.000000000000000000e+00
8.248851806291229716e-01	2.155405481502192355e+00	0.000000000000000000e+00
8.248851806291229716e-01	2.155405481502192355e+00	0.000000000000000000e+00
8.248851806291229716e-01	2.155405481502192355e+00	0.000000000000000000e+00
8.248851806291229716e-01	2.155405481502192355e+00	0.000000000000000000e+00
8.248851806291229716e-01	2.155405481502192355e+00	0.000000000000000000e+00
8.248851806291229716e-01	2.155405481502192355e+00	0.000000000000000000e+00
8.248851806291229716e-01	2.155405481502192355e+00	0.000000000000000000e+00
8.248851806291229716e-01	2.155405481502192355e+00	0.000000000000000000e+00
1.000000000000000000e+00	2.597353837904068818e+00	0.000000000000000000e+00
1.000000000000000000e+00	2.597353837904068818e+00	0.000000000000000000e+00
1.000000000000000000e+00	2.597353837904068818e+00	0.000000000000000000e+00
1.000000000000000000e+00	2.597353837904068818e+00	0.000000000000000000e+00
