0.000000000000000000e+00	1.576616895597508172e+00	0.000000000000000000e+00
0.000000000000000000e+00	1.542576807165442876e+00	0.000000000000000000e+00
2.716025519241517874e-02	1.255858956916248159e+00	0.000000000000000000e+00
4.600416358178850695e-02	1.105519189260868673e+00	0.000000000000000000e+00
4.310464094313375127e-02	1.066612065999536396e+00	0.000000000000000000e+00
7.197569293849949423e-02	1.015054208383205259e+00	0.000000000000000000e+00
7.777473821580900559e-02	1.009775800831059556e+00	0.000000000000000000e+00
8.588335608656837150e-02	9.971022400140918673e-01	0.000000000000000000e+00
8.588335608656837150e-02	9.971022400140918673e-01	0.000000000000000000e+00
8.588335608656837150e-02	9.971022400140918673e-01	0.000000000000000000e+00
8.588335608656837150e-02	9.971022400140918673e-01	0.000000000000000000e+00
8.588335608656837150e-02	9.971022400140918673e-01	0.000000000000000000e+00
8.588335608656837150e-02	9.971022400140918673e-01	0.000000000000000000e+00
2.065752998098494553e-01	8.525944689721429715e-01	0.000000000000000000e+00
2.065752998098494553e-01	8.525944689721429715e-01	0.000000000000000000e+00
2.101262513775628005e-01	8.107586969351894268e-01	0.000000000000000000e+00
2.205174080724267016e-01	7.429885222167209591e-01	0.000000000000000000e+00
2.205174080724267016e-01	7.429885222167209591e-01	0.000000000000000000e+00
2.357079165488367434e-01	6.724263834819700358e-01	0.000000000000000000e+00
2.392200529430217049e-01	5.474658757058524783e-01	0.000000000000000000e+00
2.392200529430217049e-01	5.213521230340401047e-01	0.000000000000000000e+00
2.392200529430217049e-01	5.213521230340401047e-01	0.000000000000000000e+00
2.542385956593107288e-01	4.785285647684812127e-01	0.000000000000000000e+00
2.542385956593107288e-01	4.556426377660732219e-01	0.000000000000000000e+00
2.542385956593107288e-01	4.556426377660732219e-01	0.000000000000000000e+00
2.542385956593107288e-01	4.556426377660732219e-01	0.000000000000000000e+00
2.542385956593107288e-01	4.556426377660732219e-01	0.000000000000000000e+00
2.542385956593107288e-01	4.556426377660732219e-01	0.000000000000000000e+00
2.542385956593107288e-01	4.556426377660732219e-01	0.000000000000000000e+00
2.542385956593107288e-01	4.556426377660732219e-01	0.000000000000000000e+00
2.542385956593107288e-01	4.556426377660732219e-01	0.000000000000000000e+00
2.419460202403665994e-01	4.863257641507475193e-01	0.000000000000000000e+00
4.261239320997898816e-01	2.609083239067335747e-01	0.000000000000000000e+00
4.261239320997898816e-01	2.609083239067335747e-01	0.000000000000000000e+00
4.261239320997898816e-01	2.609083239067335747e-01	0.000000000000000000e+00
4.261239320997898816e-01	2.609083239067335747e-01	0.000000000000000000e+00
4.261239320997898816e-01	2.609083239067335747e-01	0.000000000000000000e+00
4.261239320997898816e-01	2.609083239067335747e-01	0.000000000000000000e+00
4.261239320997898816e-01	2.345627662248166989e-01	0.000000000000000000e+00
4.261239320997898816e-01	2.345627662248166989e-01	0.000000000000000000e+00
4.358767410316163327e-01	1.613381451468088590e-01	0.000000000000000000e+00
4.358767410316163327e-01	1.613381451468088590e-01	0.000000000000000000e+00
4.358767410316163327e-01	1.613381451468088590e-01	0.000000000000000000e+00
4.358767410316163327e-01	1.613381451468088590e-01	0.000000000000000000e+00
4.374742869381364474e-01	1.534885219721138228e-01	0.000000000000000000e+00
4.442331257573277070e-01	1.266869964947176519e-01	0.000000000000000000e+00
4.449874645200906365e-01	1.181796927784056900e-01	0.000000000000000000e+00
4.449874645200906365e-01	1.008342797697011906e-01	0.000000000000000000e+00
4.449874645200906365e-01	1.061175204845271197e-01	0.000000000000000000e+00
4.449874645200906365e-01	1.061175204845271197e-01	0.000000000000000000e+00
4.449874645200906365e-01	1.061175204845271197e-01	0.000000000000000000e+00
4.449874645200906365e-01	1.061175204845271197e-01	0.000000000000000000e+00
4.449874645200906365e-01	1.061175204845271197e-01	0.000000000000000000e+00
4.449874645200906365e-01	1.061175204845271197e-01	0.000000000000000000e+00
4.449874645200906365e-01	1.061175204845271197e-01	0.000000000000000000e+00
6.286905267170230793e-01	-9.125708850048036558e-02	0.000000000000000000e+00
6.263968803054980050e-01	8.081237063014314048e-02	0.000000000000000000e+00
6.286905267170230793e-01	-6.109639982981268647e-02	0.000000000000000000e+00
6.286905267170230793e-01	-6.109639982981268647e-02	0.000000000000000000e+00
6.286905267170230793e-01	-4.762307104575323052e-02	0.000000000000000000e+00
6.286905267170230793e-01	-4.762307104575323052e-02	0.000000000000000000e+00
6.286905267170230793e-01	-4.762307104575323052e-02	0.000000000000000000e+00
6.286905267170230793e-01	-4.762307104575323052e-02	0.000000000000000000e+00
6.286905267170230793e-01	-4.762307104575323052e-02	0.000000000000000000e+00
6.286905267170230793e-01	-6.109639982981268647e-02	0.000000000000000000e+00
6.432624419364332269e-01	-6.147846588197979772e-02	0.000000000000000000e+00
6.432624419364332269e-01	-7.320633345560331739e-02	0.000000000000000000e+00
6.432624419364332269e-01	-7.320633345560331739e-02	0.000000000000000000e+00
6.432624419364332269e-01	-7.320633345560331739e-02	0.000000000000000000e+00
6.432624419364332269e-01	-7.320633345560331739e-02	0.000000000000000000e+00
6.432624419364332269e-01	-7.320633345560331739e-02	0.000000000000000000e+00
6.432624419364332269e-01	-7.320633345560331739e-02	0.000000000000000000e+00
8.307256866626747671e-01	-1.345526454260168869e-01	0.000000000000000000e+00
8.307256866626747671e-01	-1.345526454260168869e-01	0.000000000000000000e+00
8.307256866626747671e-01	-1.345526454260168869e-01	0.000000000000000000e+00
8.307256866626747671e-01	-1.365170078914617890e-01	0.000000000000000000e+00
8.317424135924628148e-01	-2.149901526228600035e-01	0.000000000000000000e+00
8.317424135924628148e-01	-2.149901526228600035e-01	0.000000000000000000e+00
8.317424135924628148e-01	-2.149901526228600035e-01	0.000000000000000000e+00
8.317424135924628148e-01	-2.149901526228600035e-01	0.000000000000000000e+00
8.317424135924628148e-01	-2.149901526228600035e-01	0.000000000000000000e+00
8.323992458120025306e-01	-2.319092111545704993e-01	0.000000000000000000e+00
8.323992458120025306e-01	-2.319092111545704993e-01	0.000000000000000000e+00
8.486331941223147490e-01	-2.473488249465035371e-01	0.000000000000000000e+00
8.469906584732711519e-01	-3.633657450321155502e-01	0.000000000000000000e+00
8.469906584732711519e-01	-3.633657450321155502e-01	0.000000000000000000e+00
8.469906584732711519e-01	-3.633657450321155502e-01	0.000000000000000000e+00
8.469906584732711519e-01	-3.633657450321155502e-01	0.000000000000000000e+00
8.384241663332300254e-01	-3.314478097934011602e-01	0.000000000000000000e+00
8.453481228242274437e-01	-3.197402764314276613e-01	0.000000000000000000e+00
8.453481228242274437e-01	-3.197402764314276613e-01	0.000000000000000000e+00
8.465596492311798782e-01	-3.348808992498983894e-01	0.000000000000000000e+00
8.436286056790716081e-01	-3.664696348763296085e-01	0.000000000000000000e+00
8.436286056790716081e-01	-3.664696348763296085e-01	0.000000000000000000e+00
8.436286056790716081e-01	-3.664696348763296085e-01	0.000000000000000000e+00
8.436286056790716081e-01	-3.664696348763296085e-01	0.000000000000000000e+00
8.453481228242274437e-01	-3.765001579035320289e-01	0.000000000000000000e+00
8.470791119469768260e-01	-3.791121742031116626e-01	0.000000000000000000e+00
8.470791119469768260e-01	-3.791121742031116626e-01	0.000000000000000000e+00
8.470791119469768260e-01	-3.791121742031116626e-01	0.000000000000000000e+00
