0.000000000000000000e+00	3.253364139118648524e+00	0.000000000000000000e+00
2.640535337911677910e-02	2.369480304778313950e+00	0.000000000000000000e+00
2.640535337911677910e-02	2.329984914884317693e+00	0.000000000000000000e+00
5.281070675823355820e-02	2.270476653935733502e+00	0.000000000000000000e+00
5.281070675823355820e-02	2.270476653935733502e+00	0.000000000000000000e+00
5.281070675823355820e-02	2.270476653935733502e+00	0.000000000000000000e+00
5.281070675823355820e-02	2.270476653935733502e+00	0.000000000000000000e+00
5.281070675823355820e-02	2.270476653935733502e+00	0.000000000000000000e+00
1.932240912924925169e-01	2.255406378487657904e+00	0.000000000000000000e+00
2.126526296920129844e-01	2.228392716732630952e+00	0.000000000000000000e+00
2.241699651851359332e-01	2.044233053209024931e+00	0.000000000000000000e+00
2.241699651851359332e-01	1.919909560010335747e+00	0.000000000000000000e+00
2.429880797888188393e-01	1.537728638477211307e+00	0.000000000000000000e+00
2.429880797888188393e-01	1.537728638477211307e+00	0.000000000000000000e+00
2.429880797888188393e-01	1.537728638477211307e+00	0.000000000000000000e+00
2.429880797888188393e-01	1.537728638477211307e+00	0.000000000000000000e+00
2.727166540123265315e-01	1.480470318502400850e+00	0.000000000000000000e+00
2.855563762939928862e-01	1.468463480757601802e+00	0.000000000000000000e+00
2.855563762939928862e-01	1.468463480757601802e+00	0.000000000000000000e+00
2.855563762939928862e-01	1.468463480757601802e+00	0.000000000000000000e+00
2.855563762939928862e-01	1.468463480757601802e+00	0.000000000000000000e+00
2.855563762939928862e-01	1.468463480757601802e+00	0.000000000000000000e+00
2.855563762939928862e-01	1.468463480757601802e+00	0.000000000000000000e+00
4.073922832711781572e-01	1.383973479717242938e+00	0.000000000000000000e+00
4.097825199372354676e-01	1.264299785893801431e+00	0.000000000000000000e+00
4.097825199372354676e-01	1.264299785893801431e+00	0.000000000000000000e+00
4.218569589470103076e-01	1.128771250528158410e+00	0.000000000000000000e+00
4.218569589470103076e-01	1.128771250528158410e+00	0.000000000000000000e+00
4.218569589470103076e-01	1.128771250528158410e+00	0.000000000000000000e+00
4.304744060390502391e-01	8.737196916667915314e-01	0.000000000000000000e+00
4.304744060390502391e-01	8.737196916667915314e-01	0.000000000000000000e+00
4.304744060390502391e-01	8.737196916667915314e-01	0.000000000000000000e+00
4.304744060390502391e-01	8.737196916667915314e-01	0.000000000000000000e+00
4.304744060390502391e-01	8.737196916667915314e-01	0.000000000000000000e+00
4.304744060390502391e-01	8.737196916667915314e-01	0.000000000000000000e+00
4.362596579385776274e-01	8.666890399936434397e-01	0.000000000000000000e+00
4.391305612888147802e-01	8.004947605154417722e-01	0.000000000000000000e+00
4.391305612888147802e-01	8.004947605154417722e-01	0.000000000000000000e+00
4.435851122551739967e-01	7.541756263400895000e-01	0.000000000000000000e+00
4.435851122551739967e-01	7.541756263400895000e-01	0.000000000000000000e+00
4.446780780323412174e-01	6.882011622463334310e-01	0.000000000000000000e+00
4.446780780323412174e-01	6.882011622463334310e-01	0.000000000000000000e+00
4.466781337276986563e-01	6.750178683561285364e-01	0.000000000000000000e+00
4.487695510141620492e-01	6.618999500895416110e-01	0.000000000000000000e+00
4.526783008137709730e-01	6.372222861352562218e-01	0.000000000000000000e+00
4.526783008137709730e-01	6.372222861352562218e-01	0.000000000000000000e+00
4.526783008137709730e-01	6.372222861352562218e-01	0.000000000000000000e+00
4.526783008137709730e-01	6.372222861352562218e-01	0.000000000000000000e+00
4.526783008137709730e-01	6.372222861352562218e-01	0.000000000000000000e+00
4.526783008137709730e-01	6.372222861352562218e-01	0.000000000000000000e+00
4.526783008137709730e-01	6.372222861352562218e-01	0.000000000000000000e+00
4.526783008137709730e-01	6.372222861352562218e-01	0.000000000000000000e+00
6.348464890066175537e-01	4.487933737036143844e-01	0.000000000000000000e+00
6.348464890066175537e-01	4.487933737036143844e-01	0.000000000000000000e+00
6.348464890066175537e-01	4.487933737036143844e-01	0.000000000000000000e+00
6.348464890066175537e-01	5.062494820663611117e-01	0.000000000000000000e+00
6.348464890066175537e-01	5.062494820663611117e-01	0.000000000000000000e+00
6.348464890066175537e-01	5.062494820663611117e-01	0.000000000000000000e+00
6.348464890066175537e-01	5.062494820663611117e-01	0.000000000000000000e+00
6.348464890066175537e-01	5.062494820663611117e-01	0.000000000000000000e+00
6.348464890066175537e-01	5.062494820663611117e-01	0.000000000000000000e+00
6.348464890066175537e-01	5.062494820663611117e-01	0.000000000000000000e+00
6.348464890066175537e-01	5.062494820663611117e-01	0.000000000000000000e+00
6.348464890066175537e-01	5.082613395255706212e-01	0.000000000000000000e+00
6.348464890066175537e-01	5.082613395255706212e-01	0.000000000000000000e+00
6.348464890066175537e-01	5.087800626270027049e-01	0.000000000000000000e+00
8.462828516127252065e-01	3.973214842637409205e-01	0.000000000000000000e+00
8.462828516127252065e-01	3.973214842637409205e-01	0.000000000000000000e+00
8.462828516127252065e-01	3.973214842637409205e-01	0.000000000000000000e+00
8.461749269953080521e-01	3.653910063202084335e-01	0.000000000000000000e+00
8.461749269953080521e-01	3.653910063202084335e-01	0.000000000000000000e+00
8.461749269953080521e-01	3.653910063202084335e-01	0.000000000000000000e+00
8.461749269953080521e-01	3.653910063202084335e-01	0.000000000000000000e+00
8.461749269953080521e-01	3.653910063202084335e-01	0.000000000000000000e+00
8.461863468314256842e-01	3.417194842771316687e-01	0.000000000000000000e+00
8.461863468314256842e-01	3.417194842771316687e-01	0.000000000000000000e+00
8.462552036705783820e-01	3.013486965544392993e-01	0.000000000000000000e+00
8.462552036705783820e-01	3.013486965544392993e-01	0.000000000000000000e+00
8.462552036705783820e-01	2.897417641186782467e-01	0.000000000000000000e+00
8.461025859892845613e-01	1.795997911765406241e-01	0.000000000000000000e+00
8.461025859892845613e-01	1.795997911765406241e-01	0.000000000000000000e+00
8.461025859892845613e-01	1.795997911765406241e-01	0.000000000000000000e+00
8.461025859892845613e-01	1.795997911765406241e-01	0.000000000000000000e+00
8.461025859892845613e-01	1.795997911765406241e-01	0.000000000000000000e+00
8.460412534394167183e-01	1.990175960264916055e-01	0.000000000000000000e+00
8.460412534394167183e-01	1.990175960264916055e-01	0.000000000000000000e+00
8.460412534394167183e-01	1.979042482841227302e-01	0.000000000000000000e+00
8.460412534394167183e-01	1.968149134347162710e-01	0.000000000000000000e+00
8.460412534394167183e-01	1.938123312769172157e-01	0.000000000000000000e+00
8.460412534394167183e-01	1.938123312769172157e-01	0.000000000000000000e+00
8.460412534394167183e-01	1.883986200032847780e-01	0.000000000000000000e+00
8.460412534394167183e-01	1.883986200032847780e-01	0.000000000000000000e+00
8.460412534394167183e-01	1.878431263426574294e-01	0.000000000000000000e+00
8.460412534394167183e-01	1.878431263426574294e-01	0.000000000000000000e+00
8.460412534394167183e-01	1.878431263426574294e-01	0.000000000000000000e+00
8.460412534394167183e-01	1.878431263426574294e-01	0.000000000000000000e+00
8.460412534394167183e-01	1.878431263426574294e-01	0.000000000000000000e+00
8.460412534394167183e-01	1.878431263426574294e-01	0.000000000000000000e+00
8.460412534394167183e-01	1.878431263426574294e-01	0.000000000000000000e+00
8.460412534394167183e-01	1.878431263426574294e-01	0.000000000000000000e+00
