1.037415388569995489e-02	5.441269921335836202e+00	0.000000000000000000e+00
1.037415388569995489e-02	5.374743884501776314e+00	0.000000000000000000e+00
6.394019221774616124e-02	4.613179026938541760e+00	0.000000000000000000e+00
6.394019221774616124e-02	4.613179026938541760e+00	0.000000000000000000e+00
1.049719204406216466e-01	4.415421417720160058e+00	0.000000000000000000e+00
1.049719204406216466e-01	4.415421417720160058e+00	0.000000000000000000e+00
1.049719204406216466e-01	4.415421417720160058e+00	0.000000000000000000e+00
1.049719204406216466e-01	4.415421417720160058e+00	0.000000000000000000e+00
1.049719204406216466e-01	4.415421417720160058e+00	0.000000000000000000e+00
1.049719204406216466e-01	4.415421417720160058e+00	0.000000000000000000e+00
1.049719204406216466e-01	4.415421417720160058e+00	0.000000000000000000e+00
1.049719204406216466e-01	4.415421417720160058e+00	0.000000000000000000e+00
7.343933158898108271e-02	4.435868926856723071e+00	0.000000000000000000e+00
7.343933158898108271e-02	4.435868926856723071e+00	0.000000000000000000e+00
7.343933158898108271e-02	4.774885454810529950e+00	0.000000000000000000e+00
4.325853297359409377e-01	3.880317100772343153e+00	0.000000000000000000e+00
4.325853297359409377e-01	3.880317100772343153e+00	0.000000000000000000e+00
4.325853297359409377e-01	3.880317100772343153e+00	0.000000000000000000e+00
4.311962243111249204e-01	3.671960502792205094e+00	0.000000000000000000e+00
4.311962243111249204e-01	3.671960502792205094e+00	0.000000000000000000e+00
4.311962243111249204e-01	3.671960502792205094e+00	0.000000000000000000e+00
4.311962243111249204e-01	3.671960502792205094e+00	0.000000000000000000e+00
4.311962243111249204e-01	3.671960502792205094e+00	0.000000000000000000e+00
6.102768422431018580e-01	2.908082175226508248e+00	0.000000000000000000e+00
6.102768422431018580e-01	2.908082175226508248e+00	0.000000000000000000e+00
6.102768422431018580e-01	2.908082175226508248e+00	0.000000000000000000e+00
6.102768422431018580e-01	2.908082175226508248e+00	0.000000000000000000e+00
6.102768422431018580e-01	2.908082175226508248e+00	0.000000000000000000e+00
6.102768422431018580e-01	2.908082175226508248e+00	0.000000000000000000e+00
6.102768422431018580e-01	2.908082175226508248e+00	0.000000000000000000e+00
6.102768422431018580e-01	2.908082175226508248e+00	0.000000000000000000e+00
6.207760751421422807e-01	2.339717946608875554e+00	0.000000000000000000e+00
6.207760751421422807e-01	2.339717946608875554e+00	0.000000000000000000e+00
6.207760751421422807e-01	2.339717946608875554e+00	0.000000000000000000e+00
6.207760751421422807e-01	2.339717946608875554e+00	0.000000000000000000e+00
6.207760751421422807e-01	2.339717946608875554e+00	0.000000000000000000e+00
6.207760751421422807e-01	2.339717946608875554e+00	0.000000000000000000e+00
2.690525538605409994e-01	2.742836685023677834e+00	0.000000000000000000e+00
2.690525538605409994e-01	2.742836685023677834e+00	0.000000000000000000e+00
2.690525538605409994e-01	2.742836685023677834e+00	0.000000000000000000e+00
2.714328323513189867e-01	2.630790658656595671e+00	0.000000000000000000e+00
2.714328323513189867e-01	2.630790658656595671e+00	0.000000000000000000e+00
2.714328323513189867e-01	2.630790658656595671e+00	0.000000000000000000e+00
2.714328323513189867e-01	2.630790658656595671e+00	0.000000000000000000e+00
2.714328323513189867e-01	2.630790658656595671e+00	0.000000000000000000e+00
2.714328323513189867e-01	2.630790658656595671e+00	0.000000000000000000e+00
2.714328323513189867e-01	2.630790658656595671e+00	0.000000000000000000e+00
6.341563043590123794e-01	1.620551768129543602e+00	0.000000000000000000e+00
6.341563043590123794e-01	1.620551768129543602e+00	0.000000000000000000e+00
6.341563043590123794e-01	1.620551768129543602e+00	0.000000000000000000e+00
4.504523660079700065e-01	2.026594858995937276e+00	0.000000000000000000e+00
4.504523660079700065e-01	2.026594858995937276e+00	0.000000000000000000e+00
4.504523660079700065e-01	2.026594858995937276e+00	0.000000000000000000e+00
4.504523660079700065e-01	2.026594858995937276e+00	0.000000000000000000e+00
4.504523660079700065e-01	2.026594858995937276e+00	0.000000000000000000e+00
4.504523660079700065e-01	2.026594858995937276e+00	0.000000000000000000e+00
4.504523660079700065e-01	2.026594858995937276e+00	0.000000000000000000e+00
4.504523660079700065e-01	2.026594858995937276e+00	0.000000000000000000e+00
4.504523660079700065e-01	2.168796485924277206e+00	0.000000000000000000e+00
4.504523660079700065e-01	2.168796485924277206e+00	0.000000000000000000e+00
8.531895057819232076e-01	2.014290337957774124e+00	0.000000000000000000e+00
8.531895057819232076e-01	2.014290337957774124e+00	0.000000000000000000e+00
8.531895057819232076e-01	2.014290337957774124e+00	0.000000000000000000e+00
8.531895057819232076e-01	2.014290337957774124e+00	0.000000000000000000e+00
8.531895057819232076e-01	2.014290337957774124e+00	0.000000000000000000e+00
8.531895057819232076e-01	2.014290337957774124e+00	0.000000000000000000e+00
8.531895057819232076e-01	2.014290337957774124e+00	0.000000000000000000e+00
8.531895057819232076e-01	1.822434041194088028e+00	0.000000000000000000e+00
8.531895057819232076e-01	1.822434041194088028e+00	0.000000000000000000e+00
8.531895057819232076e-01	1.822434041194088028e+00	0.000000000000000000e+00
8.531895057819232076e-01	1.822434041194088028e+00	0.000000000000000000e+00
8.531895057819232076e-01	1.822434041194088028e+00	0.000000000000000000e+00
8.629607722225739463e-01	1.855020744637071228e+00	0.000000000000000000e+00
8.629607722225739463e-01	1.855020744637071228e+00	0.000000000000000000e+00
8.629607722225739463e-01	1.855020744637071228e+00	0.000000000000000000e+00
8.635228122058808964e-01	2.518754027416248764e+00	0.000000000000000000e+00
1.000000000000000000e+00	2.644057239375626533e+00	0.000000000000000000e+00
1.000000000000000000e+00	2.644057239375626533e+00	0.000000000000000000e+00
1.000000000000000000e+00	2.644057239375626533e+00	0.000000000000000000e+00
1.000000000000000000e+00	2.644057239375626533e+00	0.000000000000000000e+00
1.000000000000000000e+00	2.644057239375626533e+00	0.000000000000000000e+00
8.248851806291229716e-01	2.436522075899047568e+00	0.000000000000000000e+00
8.248851806291229716e-01	2.436522075899047568e+00	0.000000000000000000e+00
8.248851806291229716e-01	2.407955318190670102e+00	0.000000000000000000e+00
8.248851806291229716e-01	2.407955318190670102e+00	0.000000000000000000e+00
8.248851806291229716e-01	2.407955318190670102e+00	0.000000000000000000e+00
8.248851806291229716e-01	2.407955318190670102e+00	0.000000000000000000e+00
8.248851806291229716e-01	2.407955318190670102e+00	0.000000000000000000e+00
8.248851806291229716e-01	2.407955318190670102e+00	0.000000000000000000e+00
8.248851806291229716e-01	2.407955318190670102e+00	0.000000000000000000e+00
8.248851806291229716e-01	2.407955318190670102e+00	0.000000000000000000e+00
8.248851806291229716e-01	2.407955318190670102e+00	0.000000000000000000e+00
2.643864941902083210e-01	3.575666324130489571e+00	0.000000000000000000e+00
2.643864941902083210e-01	3.575666324130489571e+00	0.000000000000000000e+00
2.643864941902083210e-01	3.575666324130489571e+00	0.000000000000000000e+00
2.643864941902083210e-01	3.575666324130489571e+00	0.000000000000000000e+00
2.643864941902083210e-01	3.575666324130489571e+00	0.000000000000000000e+00
2.643864941902083210e-01	3.575666324130489571e+00	0.000000000000000000e+00
2.643864941902083210e-01	3.640177816864089255e+00	0.000000000000000000e+00
2.643864941902083210e-01	3.640177816864089255e+00	0.000000000000000000e+00
