0.000000000000000000e+00	1.311230790958269665e+00	0.000000000000000000e+00
0.000000000000000000e+00	1.272131754679253879e+00	0.000000000000000000e+00
2.726017597959640507e-02	1.072909520693439811e+00	0.000000000000000000e+00
4.797251142672943891e-02	1.013270969927715370e+00	0.000000000000000000e+00
5.863746904083186329e-02	9.181696070184959257e-01	0.000000000000000000e+00
6.142409510497338909e-02	8.812455165533802370e-01	0.000000000000000000e+00
6.142409510497338909e-02	8.812455165533802370e-01	0.000000000000000000e+00
9.117961015727676921e-02	8.289275709043402163e-01	0.000000000000000000e+00
9.117961015727676921e-02	8.279618073519668942e-01	0.000000000000000000e+00
9.117961015727676921e-02	8.274671900945151926e-01	0.000000000000000000e+00
9.117961015727676921e-02	8.274671900945151926e-01	0.000000000000000000e+00
9.117961015727676921e-02	8.274671900945151926e-01	0.000000000000000000e+00
9.117961015727676921e-02	8.274671900945151926e-01	0.000000000000000000e+00
9.117961015727676921e-02	8.274671900945151926e-01	0.000000000000000000e+00
2.065258808692187475e-01	6.934268064874690163e-01	0.000000000000000000e+00
2.101347621684531430e-01	6.614821367323541201e-01	0.000000000000000000e+00
2.176323622032069471e-01	5.771931943280759203e-01	0.000000000000000000e+00
2.176323622032069471e-01	5.771931943280759203e-01	0.000000000000000000e+00
2.359416682569148993e-01	4.914946686106501095e-01	0.000000000000000000e+00
2.359416682569148993e-01	4.671022707469258961e-01	0.000000000000000000e+00
2.453652942417166027e-01	4.077123718433912081e-01	0.000000000000000000e+00
2.405802567820818638e-01	3.814882404622833012e-01	0.000000000000000000e+00
2.485197989749994840e-01	3.645977840699342609e-01	0.000000000000000000e+00
2.547889202265182784e-01	3.479650405868885410e-01	0.000000000000000000e+00
2.547889202265182784e-01	3.479650405868885410e-01	0.000000000000000000e+00
2.547889202265182784e-01	3.479650405868885410e-01	0.000000000000000000e+00
2.547889202265182784e-01	3.479650405868885410e-01	0.000000000000000000e+00
2.547889202265182784e-01	3.479650405868885410e-01	0.000000000000000000e+00
2.547889202265182784e-01	3.479650405868885410e-01	0.000000000000000000e+00
2.547889202265182784e-01	3.479650405868885410e-01	0.000000000000000000e+00
2.547889202265182784e-01	3.479650405868885410e-01	0.000000000000000000e+00
2.547889202265182784e-01	3.893082371651059859e-01	0.000000000000000000e+00
4.134141208663816847e-01	3.394313801924278562e-01	0.000000000000000000e+00
4.175439615418283790e-01	3.131245612919568155e-01	0.000000000000000000e+00
4.175439615418283790e-01	2.792520261602692289e-01	0.000000000000000000e+00
4.228169215371988532e-01	2.411170231445053658e-01	0.000000000000000000e+00
4.271594932784153476e-01	2.086823638198239683e-01	0.000000000000000000e+00
4.280871614839487638e-01	2.009677748346114512e-01	0.000000000000000000e+00
4.333782320725192427e-01	1.734311991815415399e-01	0.000000000000000000e+00
4.333990627143398111e-01	1.307704792633774538e-01	0.000000000000000000e+00
4.359163656793100250e-01	1.127199536540094138e-01	0.000000000000000000e+00
4.372292526071948626e-01	9.915257560677707971e-02	0.000000000000000000e+00
4.415802253202834593e-01	7.215938778566513556e-02	0.000000000000000000e+00
4.479639700189550489e-01	4.594580494755146072e-02	0.000000000000000000e+00
4.479639700189550489e-01	4.260732471809204613e-02	0.000000000000000000e+00
4.505897438747247241e-01	1.902690005937823781e-02	0.000000000000000000e+00
4.595873045837555182e-01	-1.212820563836683983e-02	0.000000000000000000e+00
4.595873045837555182e-01	-1.212820563836683983e-02	0.000000000000000000e+00
4.595873045837555182e-01	-1.212820563836683983e-02	0.000000000000000000e+00
4.595873045837555182e-01	-1.212820563836683983e-02	0.000000000000000000e+00
4.595873045837555182e-01	-1.212820563836683983e-02	0.000000000000000000e+00
4.595873045837555182e-01	-1.212820563836683983e-02	0.000000000000000000e+00
4.595873045837555182e-01	-1.212820563836683983e-02	0.000000000000000000e+00
4.595873045837555182e-01	-1.212820563836683983e-02	0.000000000000000000e+00
4.595873045837555182e-01	-7.060824289454594241e-03	0.000000000000000000e+00
6.266411648929758327e-01	-7.799201230320436384e-02	0.000000000000000000e+00
6.266411648929758327e-01	-7.799201230320436384e-02	0.000000000000000000e+00
6.266411648929758327e-01	-7.799201230320436384e-02	0.000000000000000000e+00
6.266411648929758327e-01	-7.799201230320436384e-02	0.000000000000000000e+00
6.266411648929758327e-01	-1.199501720114840714e-01	0.000000000000000000e+00
6.266411648929758327e-01	-1.199501720114840714e-01	0.000000000000000000e+00
6.294464190659729841e-01	-1.288601397453195962e-01	0.000000000000000000e+00
6.309248757323089318e-01	-1.524190713268971098e-01	0.000000000000000000e+00
6.311784733001121195e-01	-1.608257873879057609e-01	0.000000000000000000e+00
6.396346769273613120e-01	-1.902906934858571153e-01	0.000000000000000000e+00
6.396346769273613120e-01	-1.902906934858571153e-01	0.000000000000000000e+00
6.396346769273613120e-01	-2.065944463721679503e-01	0.000000000000000000e+00
6.396346769273613120e-01	-2.065944463721679503e-01	0.000000000000000000e+00
6.477876091255614366e-01	-2.306723299096984370e-01	0.000000000000000000e+00
6.485980756902169908e-01	-2.398694919548759741e-01	0.000000000000000000e+00
6.486974491694548206e-01	-2.410593043720433704e-01	0.000000000000000000e+00
6.486974491694548206e-01	-2.410593043720433704e-01	0.000000000000000000e+00
6.485980756902169908e-01	-2.372050046744177965e-01	0.000000000000000000e+00
6.485980756902169908e-01	-2.372050046744177965e-01	0.000000000000000000e+00
6.485980756902169908e-01	-2.372050046744177965e-01	0.000000000000000000e+00
8.273687734876277178e-01	-2.970576546328231871e-01	0.000000000000000000e+00
8.273687734876277178e-01	-2.970576546328231871e-01	0.000000000000000000e+00
8.273687734876277178e-01	-2.970576546328231871e-01	0.000000000000000000e+00
8.273687734876277178e-01	-2.970576546328231871e-01	0.000000000000000000e+00
8.315309741655568798e-01	-3.517378310937899211e-01	0.000000000000000000e+00
8.315309741655568798e-01	-3.517378310937899211e-01	0.000000000000000000e+00
8.315309741655568798e-01	-3.517378310937899211e-01	0.000000000000000000e+00
8.321532749015108088e-01	-3.458179675093826511e-01	0.000000000000000000e+00
8.321532749015108088e-01	-3.702645553750478213e-01	0.000000000000000000e+00
8.321532749015108088e-01	-3.702645553750478213e-01	0.000000000000000000e+00
8.346730266411666044e-01	-3.806893884709817710e-01	0.000000000000000000e+00
8.362147011181472189e-01	-3.905475026549796169e-01	0.000000000000000000e+00
8.367463981951317464e-01	-4.061265681268906858e-01	0.000000000000000000e+00
8.372160715694687561e-01	-4.275494396880571424e-01	0.000000000000000000e+00
8.372160715694687561e-01	-4.275494396880571424e-01	0.000000000000000000e+00
8.395868116862094110e-01	-4.429143016557038348e-01	0.000000000000000000e+00
8.395868116862094110e-01	-4.429143016557038348e-01	0.000000000000000000e+00
8.409571315923860535e-01	-4.526944063019158193e-01	0.000000000000000000e+00
8.437188691411212638e-01	-4.702293290044733953e-01	0.000000000000000000e+00
8.468319374588376691e-01	-4.959184893639461689e-01	0.000000000000000000e+00
8.468319374588376691e-01	-4.959184893639461689e-01	0.000000000000000000e+00
8.468319374588376691e-01	-4.959184893639461689e-01	0.000000000000000000e+00
8.472595526102459917e-01	-4.984983204940677814e-01	0.000000000000000000e+00
8.468319374588376691e-01	-4.963457646987593508e-01	0.000000000000000000e+00
8.468319374588376691e-01	-4.963457646987593508e-01	0.000000000000000000e+00
