0.000000000000000000e+00	1.536786305827825716e+00	0.000000000000000000e+00
1.734764335390551540e-02	1.074437896455745056e+00	0.000000000000000000e+00
3.031848031013584938e-02	9.289860249589401153e-01	0.000000000000000000e+00
4.375971151468017323e-02	9.026892488447866292e-01	0.000000000000000000e+00
5.863746904083186329e-02	8.180297990764000549e-01	0.000000000000000000e+00
5.863746904083186329e-02	8.180297990764000549e-01	0.000000000000000000e+00
8.458190467265938595e-02	7.937732932664580687e-01	0.000000000000000000e+00
8.458190467265938595e-02	7.937732932664580687e-01	0.000000000000000000e+00
8.458190467265938595e-02	7.937732932664580687e-01	0.000000000000000000e+00
8.458190467265938595e-02	7.937732932664580687e-01	0.000000000000000000e+00
8.458190467265938595e-02	8.064656204019234886e-01	0.000000000000000000e+00
8.458190467265938595e-02	8.064656204019234886e-01	0.000000000000000000e+00
1.936822575123345047e-01	7.219036142020733848e-01	0.000000000000000000e+00
1.936822575123345047e-01	7.183885960022905470e-01	0.000000000000000000e+00
2.098477398247041159e-01	5.844371048523029355e-01	0.000000000000000000e+00
2.159298849344416793e-01	5.666633234809734798e-01	0.000000000000000000e+00
2.198295009535081723e-01	4.689698836249319158e-01	0.000000000000000000e+00
2.223313744774713108e-01	4.440741937611776824e-01	0.000000000000000000e+00
2.353618156426479646e-01	3.857900129007344470e-01	0.000000000000000000e+00
2.353618156426479646e-01	3.494334213932802080e-01	0.000000000000000000e+00
2.353618156426479646e-01	3.443209966218189755e-01	0.000000000000000000e+00
2.501653689462413066e-01	3.017805935148270002e-01	0.000000000000000000e+00
2.561665742278398383e-01	2.889925129729780662e-01	0.000000000000000000e+00
2.561665742278398383e-01	2.882119627218194813e-01	0.000000000000000000e+00
2.561665742278398383e-01	2.882119627218194813e-01	0.000000000000000000e+00
2.561665742278398383e-01	2.882119627218194813e-01	0.000000000000000000e+00
2.561665742278398383e-01	2.882119627218194813e-01	0.000000000000000000e+00
2.561665742278398383e-01	2.882119627218194813e-01	0.000000000000000000e+00
2.561665742278398383e-01	2.882119627218194813e-01	0.000000000000000000e+00
2.561665742278398383e-01	2.882119627218194813e-01	0.000000000000000000e+00
2.561665742278398383e-01	2.882119627218194813e-01	0.000000000000000000e+00
2.558972618700413593e-01	2.917805234454750041e-01	0.000000000000000000e+00
4.228036262478023222e-01	2.700943081088970077e-01	0.000000000000000000e+00
4.228036262478023222e-01	1.875502906272998038e-01	0.000000000000000000e+00
4.228036262478023222e-01	1.875502906272998038e-01	0.000000000000000000e+00
4.309059109881652194e-01	1.311429479990983693e-01	0.000000000000000000e+00
4.309059109881652194e-01	1.250018644625998376e-01	0.000000000000000000e+00
4.354602019356961229e-01	7.281962704621300353e-02	0.000000000000000000e+00
4.354602019356961229e-01	7.281962704621300353e-02	0.000000000000000000e+00
4.412107688016975171e-01	5.143931892478439266e-02	0.000000000000000000e+00
4.412107688016975171e-01	-8.259164384984503740e-03	0.000000000000000000e+00
4.412107688016975171e-01	-8.259164384984503740e-03	0.000000000000000000e+00
4.475266631159564024e-01	-4.890556931078575420e-02	0.000000000000000000e+00
4.475266631159564024e-01	-4.890556931078575420e-02	0.000000000000000000e+00
4.538425574302152876e-01	-6.194967688792414606e-02	0.000000000000000000e+00
4.538425574302152876e-01	-6.194967688792414606e-02	0.000000000000000000e+00
4.538425574302152876e-01	-6.194967688792414606e-02	0.000000000000000000e+00
4.538425574302152876e-01	-6.194967688792414606e-02	0.000000000000000000e+00
4.538425574302152876e-01	-6.194967688792414606e-02	0.000000000000000000e+00
4.538425574302152876e-01	-6.171805301129858895e-02	0.000000000000000000e+00
4.538425574302152876e-01	-6.171805301129858895e-02	0.000000000000000000e+00
4.538425574302152876e-01	-6.123109124943231646e-02	0.000000000000000000e+00
6.198080440238008526e-01	-6.297841742808321652e-02	0.000000000000000000e+00
6.266411648929758327e-01	-1.881411915884531050e-01	0.000000000000000000e+00
6.266411648929758327e-01	-1.881411915884531050e-01	0.000000000000000000e+00
6.266411648929758327e-01	-1.614809243360433855e-01	0.000000000000000000e+00
6.266411648929758327e-01	-1.614809243360433855e-01	0.000000000000000000e+00
6.266411648929758327e-01	-1.881411915884531050e-01	0.000000000000000000e+00
6.266411648929758327e-01	-1.881411915884531050e-01	0.000000000000000000e+00
6.396752360673443327e-01	-2.425446701313529740e-01	0.000000000000000000e+00
6.396752360673443327e-01	-2.425446701313529740e-01	0.000000000000000000e+00
6.396752360673443327e-01	-2.425446701313529740e-01	0.000000000000000000e+00
6.396752360673443327e-01	-2.887290607575363488e-01	0.000000000000000000e+00
6.396752360673443327e-01	-2.887290607575363488e-01	0.000000000000000000e+00
6.396752360673443327e-01	-2.887290607575363488e-01	0.000000000000000000e+00
6.396752360673443327e-01	-2.998267045465828895e-01	0.000000000000000000e+00
6.404766017566395631e-01	-3.087498801091004275e-01	0.000000000000000000e+00
6.410492242377872074e-01	-3.229038159378574413e-01	0.000000000000000000e+00
6.438755542547085486e-01	-3.440452080481471997e-01	0.000000000000000000e+00
6.438755542547085486e-01	-3.440452080481471997e-01	0.000000000000000000e+00
6.438755542547085486e-01	-3.440452080481471997e-01	0.000000000000000000e+00
6.438755542547085486e-01	-3.440452080481471997e-01	0.000000000000000000e+00
6.436042585127027538e-01	-3.470728959018540283e-01	0.000000000000000000e+00
6.436042585127027538e-01	-3.470728959018540283e-01	0.000000000000000000e+00
6.436042585127027538e-01	-3.470728959018540283e-01	0.000000000000000000e+00
8.267112609899425202e-01	-4.000102850485035555e-01	0.000000000000000000e+00
8.267112609899425202e-01	-4.000102850485035555e-01	0.000000000000000000e+00
8.267112609899425202e-01	-4.000102850485035555e-01	0.000000000000000000e+00
8.301501609073274057e-01	-4.478419280166365812e-01	0.000000000000000000e+00
8.301501609073274057e-01	-4.478419280166365812e-01	0.000000000000000000e+00
8.301501609073274057e-01	-4.478419280166365812e-01	0.000000000000000000e+00
8.301501609073274057e-01	-4.478419280166365812e-01	0.000000000000000000e+00
8.388306802374808635e-01	-5.408067476079899683e-01	0.000000000000000000e+00
8.388306802374808635e-01	-5.408067476079899683e-01	0.000000000000000000e+00
8.388306802374808635e-01	-5.162330236995177346e-01	0.000000000000000000e+00
8.388306802374808635e-01	-5.162330236995177346e-01	0.000000000000000000e+00
8.388306802374808635e-01	-5.162330236995177346e-01	0.000000000000000000e+00
8.388306802374808635e-01	-5.162330236995177346e-01	0.000000000000000000e+00
8.388306802374808635e-01	-5.408067476079899683e-01	0.000000000000000000e+00
8.457420759972027469e-01	-5.594130550537701474e-01	0.000000000000000000e+00
8.457420759972027469e-01	-5.594130550537701474e-01	0.000000000000000000e+00
8.457420759972027469e-01	-5.594130550537701474e-01	0.000000000000000000e+00
8.457420759972027469e-01	-5.679426921300574360e-01	0.000000000000000000e+00
8.457420759972027469e-01	-5.735821769346097776e-01	0.000000000000000000e+00
8.457420759972027469e-01	-5.892081004877024464e-01	0.000000000000000000e+00
8.474732471767885134e-01	-5.935434151694201077e-01	0.000000000000000000e+00
8.474732471767885134e-01	-6.088054573954465587e-01	0.000000000000000000e+00
8.474732471767885134e-01	-6.088054573954465587e-01	0.000000000000000000e+00
8.485077912615321960e-01	-6.256064102827215700e-01	0.000000000000000000e+00
8.474732471767885134e-01	-6.088054573954465587e-01	0.000000000000000000e+00
