0.000000000000000000e+00	1.257445448603210503e+00	0.000000000000000000e+00
2.485784310384991577e-02	1.017423105613080248e+00	0.000000000000000000e+00
5.223702804100194275e-02	9.132344787590783719e-01	0.000000000000000000e+00
7.516697895297239085e-02	7.804735422313148208e-01	0.000000000000000000e+00
9.907187106896143958e-02	7.792277281376753795e-01	0.000000000000000000e+00
9.907187106896143958e-02	7.760618543888481158e-01	0.000000000000000000e+00
1.889565016519292873e-01	7.216049098922834304e-01	0.000000000000000000e+00
2.093871009467553612e-01	5.816419702773927281e-01	0.000000000000000000e+00
2.093871009467553612e-01	5.732031919502591499e-01	0.000000000000000000e+00
2.456010714181570131e-01	3.681501955987996344e-01	0.000000000000000000e+00
2.492217664145327527e-01	3.418987495845182134e-01	0.000000000000000000e+00
2.528424614109084922e-01	3.044601492050492686e-01	0.000000000000000000e+00
2.528424614109084922e-01	3.028077807954526190e-01	0.000000000000000000e+00
2.528424614109084922e-01	3.028077807954526190e-01	0.000000000000000000e+00
2.528424614109084922e-01	3.028077807954526190e-01	0.000000000000000000e+00
2.528424614109084922e-01	3.028077807954526190e-01	0.000000000000000000e+00
4.212083739335085175e-01	1.791139097148206072e-01	0.000000000000000000e+00
4.212083739335085175e-01	1.766802792126272448e-01	0.000000000000000000e+00
4.275664479052979638e-01	1.003491974558166772e-01	0.000000000000000000e+00
4.318051638864909281e-01	6.031140064947917989e-02	0.000000000000000000e+00
4.399472940889515016e-01	1.545229629399265912e-02	0.000000000000000000e+00
4.476584830648716595e-01	-2.578039392355883225e-02	0.000000000000000000e+00
4.557049738007171724e-01	-5.454815324838223345e-02	0.000000000000000000e+00
4.557049738007171724e-01	-5.454815324838223345e-02	0.000000000000000000e+00
4.557049738007171724e-01	-5.548508555615554866e-02	0.000000000000000000e+00
4.557049738007171724e-01	-5.548508555615554866e-02	0.000000000000000000e+00
6.327990555840754539e-01	-2.334375627086171523e-01	0.000000000000000000e+00
6.327990555840754539e-01	-2.431920627402734403e-01	0.000000000000000000e+00
6.327990555840754539e-01	-2.431920627402734403e-01	0.000000000000000000e+00
6.327990555840754539e-01	-2.431920627402734403e-01	0.000000000000000000e+00
6.327990555840754539e-01	-2.431920627402734403e-01	0.000000000000000000e+00
6.327990555840754539e-01	-2.795728065869729773e-01	0.000000000000000000e+00
6.327990555840754539e-01	-2.847015417728349096e-01	0.000000000000000000e+00
6.361550847678428822e-01	-3.069971042579621168e-01	0.000000000000000000e+00
6.361550847678428822e-01	-3.069971042579621168e-01	0.000000000000000000e+00
6.361550847678428822e-01	-3.035493145114334101e-01	0.000000000000000000e+00
8.316354067227008651e-01	-4.937387238480370755e-01	0.000000000000000000e+00
8.316354067227008651e-01	-4.937387238480370755e-01	0.000000000000000000e+00
8.309474517146613337e-01	-4.543140911432912987e-01	0.000000000000000000e+00
8.309474517146613337e-01	-4.543140911432912987e-01	0.000000000000000000e+00
8.303741558746283724e-01	-4.641095351564248350e-01	0.000000000000000000e+00
8.303741558746283724e-01	-4.641095351564248350e-01	0.000000000000000000e+00
8.320940433947272563e-01	-4.798394114688721568e-01	0.000000000000000000e+00
8.334699534108065411e-01	-5.060500820405693378e-01	0.000000000000000000e+00
8.350751817628989659e-01	-5.243340478362122914e-01	0.000000000000000000e+00
8.408081401632292451e-01	-5.496682876918742577e-01	0.000000000000000000e+00
8.430712030129567935e-01	-5.737285402343835772e-01	0.000000000000000000e+00
8.469394942147767669e-01	-5.938705382935884902e-01	0.000000000000000000e+00
8.480710256396405411e-01	-6.070987651393059403e-01	0.000000000000000000e+00
8.525050825538924570e-01	-6.171312662498864565e-01	0.000000000000000000e+00
