0.000000000000000000e+00	1.059755381739355906e+00	0.000000000000000000e+00
3.166659289688168039e-02	8.329258192894084534e-01	0.000000000000000000e+00
5.983773685993435537e-02	7.293777225826231225e-01	0.000000000000000000e+00
8.632216582257876136e-02	7.010340453682996076e-01	0.000000000000000000e+00
8.632216582257876136e-02	7.010340453682996076e-01	0.000000000000000000e+00
7.744793695120952282e-02	6.936486957451944990e-01	0.000000000000000000e+00
1.916386432040168841e-01	6.341349007857605136e-01	0.000000000000000000e+00
2.093871009467553612e-01	5.275445116282552194e-01	0.000000000000000000e+00
2.244534171374062415e-01	4.116158538414047552e-01	0.000000000000000000e+00
2.313447726406960281e-01	3.297206880328863998e-01	0.000000000000000000e+00
2.501590741714012633e-01	2.520409587716855859e-01	0.000000000000000000e+00
2.587276265160662891e-01	2.425532302011589592e-01	0.000000000000000000e+00
2.587276265160662891e-01	2.425532302011589592e-01	0.000000000000000000e+00
2.587276265160662891e-01	2.425532302011589592e-01	0.000000000000000000e+00
2.587276265160662891e-01	2.425532302011589592e-01	0.000000000000000000e+00
4.142106052178768372e-01	2.080993580694151801e-01	0.000000000000000000e+00
4.198503939190036949e-01	1.494092838246160460e-01	0.000000000000000000e+00
4.254901826201305526e-01	8.486352670977047319e-02	0.000000000000000000e+00
4.311299713212574103e-01	1.770677503518797158e-02	0.000000000000000000e+00
4.355370189116953838e-01	-3.577804793563318930e-02	0.000000000000000000e+00
4.415881230592400009e-01	-7.961933773404708536e-02	0.000000000000000000e+00
4.517493685995510599e-01	-1.179087767838744583e-01	0.000000000000000000e+00
4.517493685995510599e-01	-1.179087767838744583e-01	0.000000000000000000e+00
4.517493685995510599e-01	-1.179087767838744583e-01	0.000000000000000000e+00
4.517493685995510599e-01	-1.179087767838744583e-01	0.000000000000000000e+00
6.215759215544054417e-01	-1.733717414667906020e-01	0.000000000000000000e+00
6.251115164914808897e-01	-2.108430280221133546e-01	0.000000000000000000e+00
6.251115164914808897e-01	-2.108430280221133546e-01	0.000000000000000000e+00
6.286471114285564488e-01	-2.520126388533901474e-01	0.000000000000000000e+00
6.308788995127689869e-01	-2.824155419316067284e-01	0.000000000000000000e+00
6.389751243644631318e-01	-3.629390667185034558e-01	0.000000000000000000e+00
6.371657956443080861e-01	-3.502078401176630940e-01	0.000000000000000000e+00
6.438450290804040854e-01	-4.082285901478485135e-01	0.000000000000000000e+00
6.438450290804040854e-01	-4.082285901478485135e-01	0.000000000000000000e+00
6.518425013922855005e-01	-4.288363462960362860e-01	0.000000000000000000e+00
6.518425013922855005e-01	-4.354857620943490826e-01	0.000000000000000000e+00
6.518425013922855005e-01	-4.354857620943490826e-01	0.000000000000000000e+00
8.261263998809247333e-01	-4.675957056572152548e-01	0.000000000000000000e+00
8.261263998809247333e-01	-4.771646461372173742e-01	0.000000000000000000e+00
8.289359149027373252e-01	-5.211601708399155042e-01	0.000000000000000000e+00
8.305488786776169530e-01	-5.369090732462148408e-01	0.000000000000000000e+00
8.324352800636769523e-01	-5.741591181929897036e-01	0.000000000000000000e+00
8.329729346553035318e-01	-5.813113656005385321e-01	0.000000000000000000e+00
8.351327736525437917e-01	-6.129709033230748005e-01	0.000000000000000000e+00
8.387415933907265142e-01	-6.313729688950957541e-01	0.000000000000000000e+00
8.387415933907265142e-01	-6.529648191333955465e-01	0.000000000000000000e+00
8.417897470613651123e-01	-6.758172406905178509e-01	0.000000000000000000e+00
8.423504131289092367e-01	-6.847517242563517792e-01	0.000000000000000000e+00
8.462298814369947353e-01	-7.074427698729119918e-01	0.000000000000000000e+00
8.523261887782718205e-01	-7.203148958426651705e-01	0.000000000000000000e+00
