0.000000000000000000e+00	1.076194232871010348e+00	0.000000000000000000e+00
3.310927003126502843e-02	8.426888332518678304e-01	0.000000000000000000e+00
5.983773685993435537e-02	7.471487218731958091e-01	0.000000000000000000e+00
7.964004911541142095e-02	7.177953892710594586e-01	0.000000000000000000e+00
7.964004911541142095e-02	7.177953892710594586e-01	0.000000000000000000e+00
7.964004911541142095e-02	7.177953892710594586e-01	0.000000000000000000e+00
1.916386432040168841e-01	6.932899934393256247e-01	0.000000000000000000e+00
2.093871009467553612e-01	5.305435139796619293e-01	0.000000000000000000e+00
2.244534171374062415e-01	4.501697574171853455e-01	0.000000000000000000e+00
2.313447726406960281e-01	3.344182690814384573e-01	0.000000000000000000e+00
2.450361995783811586e-01	2.668277149938339532e-01	0.000000000000000000e+00
2.587276265160662891e-01	2.448113648566050959e-01	0.000000000000000000e+00
2.587276265160662891e-01	2.448113648566050959e-01	0.000000000000000000e+00
2.587276265160662891e-01	2.448113648566050959e-01	0.000000000000000000e+00
2.587276265160662891e-01	2.448113648566050959e-01	0.000000000000000000e+00
2.587276265160662891e-01	2.448113648566050959e-01	0.000000000000000000e+00
4.198503939190036949e-01	1.109909001754248031e-01	0.000000000000000000e+00
4.212083739335085175e-01	9.635133256468710050e-02	0.000000000000000000e+00
4.269589954228608097e-01	4.599742203432147930e-02	0.000000000000000000e+00
4.327740278783640537e-01	-1.294775932617628009e-02	0.000000000000000000e+00
4.401837445466659782e-01	-6.281222066910402413e-02	0.000000000000000000e+00
4.478752988988258799e-01	-1.027628819389396209e-01	0.000000000000000000e+00
4.507299009941060364e-01	-1.134703154607983877e-01	0.000000000000000000e+00
4.507299009941060364e-01	-1.134703154607983877e-01	0.000000000000000000e+00
4.507299009941060364e-01	-1.134703154607983877e-01	0.000000000000000000e+00
4.507299009941060364e-01	-1.134703154607983877e-01	0.000000000000000000e+00
6.223401413919874559e-01	-1.602055333443395679e-01	0.000000000000000000e+00
6.236994315325807836e-01	-2.016617622655889341e-01	0.000000000000000000e+00
6.296986614357901191e-01	-2.654218766622374326e-01	0.000000000000000000e+00
6.296986614357901191e-01	-2.654218766622374326e-01	0.000000000000000000e+00
6.337019716388878621e-01	-3.016584792393457448e-01	0.000000000000000000e+00
6.382730865842587420e-01	-3.486065357567267875e-01	0.000000000000000000e+00
6.394158653206014620e-01	-3.625017515690974745e-01	0.000000000000000000e+00
6.425602991584931090e-01	-3.857233793399253985e-01	0.000000000000000000e+00
6.438450290804040854e-01	-4.033493629339336972e-01	0.000000000000000000e+00
6.428442015296297329e-01	-4.000486531457834172e-01	0.000000000000000000e+00
6.428442015296297329e-01	-4.000486531457834172e-01	0.000000000000000000e+00
8.261263998809247333e-01	-4.429897293164624106e-01	0.000000000000000000e+00
8.261263998809247333e-01	-4.719889456032693720e-01	0.000000000000000000e+00
8.298107561929721765e-01	-5.153579037088180659e-01	0.000000000000000000e+00
8.298107561929721765e-01	-5.153579037088180659e-01	0.000000000000000000e+00
8.315604387734419900e-01	-5.500472756298485644e-01	0.000000000000000000e+00
8.333101213539118035e-01	-5.751727668324935205e-01	0.000000000000000000e+00
8.359553154301946343e-01	-6.076101029634907169e-01	0.000000000000000000e+00
8.359553154301946343e-01	-6.076101029634907169e-01	0.000000000000000000e+00
8.367520484739561226e-01	-6.206756957331630575e-01	0.000000000000000000e+00
8.387303801093772826e-01	-6.449857818094479889e-01	0.000000000000000000e+00
8.416978775625090226e-01	-6.691855889605233809e-01	0.000000000000000000e+00
8.451518812907696798e-01	-6.873716620988775672e-01	0.000000000000000000e+00
8.500815571118700564e-01	-6.947475928885494811e-01	0.000000000000000000e+00
