0.000000000000000000e+00	3.988907233670786034e+00	0.000000000000000000e+00
4.764032608666618485e-02	3.273380298760366625e+00	0.000000000000000000e+00
7.622652321375228412e-02	3.101755107692593771e+00	0.000000000000000000e+00
1.067686862534720088e-01	3.028282448675836847e+00	0.000000000000000000e+00
1.639410805076441935e-01	2.777151948117412061e+00	0.000000000000000000e+00
1.989499538321253813e-01	2.438037963309285239e+00	0.000000000000000000e+00
2.333567921095938136e-01	2.212913540772561749e+00	0.000000000000000000e+00
2.473143254948713121e-01	2.152545224165264504e+00	0.000000000000000000e+00
2.648187621571119199e-01	2.059322007440632873e+00	0.000000000000000000e+00
2.648187621571119199e-01	2.059322007440632873e+00	0.000000000000000000e+00
4.141538043004351355e-01	1.850592721006362407e+00	0.000000000000000000e+00
4.141538043004351355e-01	1.850592721006362407e+00	0.000000000000000000e+00
4.141538043004351355e-01	1.850592721006362407e+00	0.000000000000000000e+00
4.280648432701579242e-01	1.685473659335905650e+00	0.000000000000000000e+00
4.280648432701579242e-01	1.685473659335905650e+00	0.000000000000000000e+00
4.419758822398806575e-01	1.522376121594982257e+00	0.000000000000000000e+00
4.419758822398806575e-01	1.483250736164433370e+00	0.000000000000000000e+00
4.419758822398806575e-01	1.458259189951792711e+00	0.000000000000000000e+00
4.419758822398806575e-01	1.458259189951792711e+00	0.000000000000000000e+00
4.419758822398806575e-01	1.458259189951792711e+00	0.000000000000000000e+00
4.419758822398806575e-01	1.458259189951792711e+00	0.000000000000000000e+00
4.419758822398806575e-01	1.470105050649718637e+00	0.000000000000000000e+00
6.393564995830932629e-01	1.206314104255450603e+00	0.000000000000000000e+00
6.393564995830932629e-01	1.206314104255450603e+00	0.000000000000000000e+00
6.393564995830932629e-01	1.216975774480816508e+00	0.000000000000000000e+00
6.393564995830932629e-01	1.218236903524855919e+00	0.000000000000000000e+00
6.393564995830932629e-01	1.218236903524855919e+00	0.000000000000000000e+00
6.393564995830932629e-01	1.216975774480816508e+00	0.000000000000000000e+00
6.393564995830932629e-01	1.218236903524855919e+00	0.000000000000000000e+00
8.349461351591895841e-01	9.850404793099946099e-01	0.000000000000000000e+00
8.349461351591895841e-01	9.920682639349323040e-01	0.000000000000000000e+00
8.349461351591895841e-01	9.920682639349323040e-01	0.000000000000000000e+00
8.349461351591895841e-01	9.920682639349323040e-01	0.000000000000000000e+00
8.349461351591895841e-01	9.920682639349323040e-01	0.000000000000000000e+00
8.349461351591895841e-01	9.940017483280422228e-01	0.000000000000000000e+00
8.467738772516325563e-01	8.417076691804000754e-01	0.000000000000000000e+00
8.467738772516325563e-01	8.417076691804000754e-01	0.000000000000000000e+00
8.467738772516325563e-01	8.417076691804000754e-01	0.000000000000000000e+00
8.507164579491135470e-01	8.500755419260256351e-01	0.000000000000000000e+00
8.507164579491135470e-01	9.006911862880645492e-01	0.000000000000000000e+00
8.507164579491135470e-01	1.129529796930634156e+00	0.000000000000000000e+00
8.507164579491135470e-01	1.129529796930634156e+00	0.000000000000000000e+00
8.507164579491135470e-01	1.129529796930634156e+00	0.000000000000000000e+00
8.507164579491135470e-01	1.129529796930634156e+00	0.000000000000000000e+00
8.449196390625127728e-01	1.240980438434332811e+00	0.000000000000000000e+00
8.449196390625127728e-01	1.240980438434332811e+00	0.000000000000000000e+00
8.449196390625127728e-01	1.240980438434332811e+00	0.000000000000000000e+00
8.428353395912377977e-01	1.382937514733726170e+00	0.000000000000000000e+00
8.428353395912377977e-01	1.383968060176175907e+00	0.000000000000000000e+00
8.428353395912377977e-01	1.391176530634993247e+00	0.000000000000000000e+00
