0.000000000000000000e+00	1.226146996437113446e+00	0.000000000000000000e+00
3.021398389509941107e-02	9.095236912066574364e-01	0.000000000000000000e+00
5.685720726269916092e-02	7.877641875113581271e-01	0.000000000000000000e+00
7.964004911541142095e-02	7.391926881776327285e-01	0.000000000000000000e+00
7.964004911541142095e-02	7.391926881776327285e-01	0.000000000000000000e+00
7.964004911541142095e-02	7.391926881776327285e-01	0.000000000000000000e+00
1.889565016519292873e-01	7.072396928833178942e-01	0.000000000000000000e+00
2.093871009467553612e-01	5.828067617883867513e-01	0.000000000000000000e+00
2.244534171374062415e-01	4.377518503592671140e-01	0.000000000000000000e+00
2.299529741492692958e-01	3.477763133184846311e-01	0.000000000000000000e+00
2.457320988240945248e-01	2.904322248738573919e-01	0.000000000000000000e+00
2.560116664870566994e-01	2.529101398443031057e-01	0.000000000000000000e+00
2.560116664870566994e-01	2.529101398443031057e-01	0.000000000000000000e+00
2.560116664870566994e-01	2.529101398443031057e-01	0.000000000000000000e+00
2.560116664870566994e-01	2.529101398443031057e-01	0.000000000000000000e+00
2.587276265160662891e-01	2.529190105763476359e-01	0.000000000000000000e+00
4.198503939190036949e-01	1.498225217070363602e-01	0.000000000000000000e+00
4.212083739335085175e-01	1.054552426355127165e-01	0.000000000000000000e+00
4.313516368977082793e-01	4.107223861926433822e-02	0.000000000000000000e+00
4.351121130645660973e-01	1.739316465485516317e-03	0.000000000000000000e+00
4.401837445466659782e-01	-4.718164378475116216e-02	0.000000000000000000e+00
4.508472406067161042e-01	-8.959272655783925843e-02	0.000000000000000000e+00
4.564391051846663494e-01	-9.545188101716942097e-02	0.000000000000000000e+00
4.564391051846663494e-01	-9.545188101716942097e-02	0.000000000000000000e+00
4.564391051846663494e-01	-9.545188101716942097e-02	0.000000000000000000e+00
4.564391051846663494e-01	-9.545188101716942097e-02	0.000000000000000000e+00
6.246056249596430021e-01	-1.845799655949719453e-01	0.000000000000000000e+00
6.246056249596430021e-01	-1.845799655949719453e-01	0.000000000000000000e+00
6.267162526884968443e-01	-2.159815183183898812e-01	0.000000000000000000e+00
6.307539753002170402e-01	-2.558306684814911081e-01	0.000000000000000000e+00
6.333234351440391041e-01	-2.958308592307096196e-01	0.000000000000000000e+00
6.384623548316832320e-01	-3.343680821706268014e-01	0.000000000000000000e+00
6.384623548316832320e-01	-3.533142989485876240e-01	0.000000000000000000e+00
6.384623548316832320e-01	-3.533142989485876240e-01	0.000000000000000000e+00
6.384623548316832320e-01	-3.533142989485876240e-01	0.000000000000000000e+00
8.265554681151582317e-01	-4.561468831918230604e-01	0.000000000000000000e+00
8.265554681151582317e-01	-4.561468831918230604e-01	0.000000000000000000e+00
8.291219467529389320e-01	-4.946965999223746357e-01	0.000000000000000000e+00
8.291219467529389320e-01	-4.946965999223746357e-01	0.000000000000000000e+00
8.282717410520918921e-01	-4.910775912072342653e-01	0.000000000000000000e+00
8.291219467529389320e-01	-5.002783000855878237e-01	0.000000000000000000e+00
8.316884253907197433e-01	-5.332431165171035437e-01	0.000000000000000000e+00
8.359553154301946343e-01	-5.841779309520007679e-01	0.000000000000000000e+00
8.359553154301946343e-01	-5.841779309520007679e-01	0.000000000000000000e+00
8.389897865143942646e-01	-6.027240014655605993e-01	0.000000000000000000e+00
8.451518812907696798e-01	-6.510302747871006268e-01	0.000000000000000000e+00
8.402222054696694142e-01	-6.403376341444194653e-01	0.000000000000000000e+00
8.451518812907696798e-01	-6.510302747871006268e-01	0.000000000000000000e+00
8.500815571118700564e-01	-6.826960969542913427e-01	0.000000000000000000e+00
8.500815571118700564e-01	-6.866018465074921195e-01	0.000000000000000000e+00
