0.000000000000000000e+00	1.045509712855948070e+00	0.000000000000000000e+00
3.310927003126502843e-02	8.620385446347437197e-01	0.000000000000000000e+00
5.983773685993435537e-02	7.464542721337712461e-01	0.000000000000000000e+00
8.632216582257876136e-02	7.126482551568531498e-01	0.000000000000000000e+00
8.632216582257876136e-02	7.126482551568531498e-01	0.000000000000000000e+00
8.632216582257876136e-02	7.126482551568531498e-01	0.000000000000000000e+00
1.916386432040168841e-01	6.873758173059447696e-01	0.000000000000000000e+00
2.093871009467553612e-01	5.302030863535340810e-01	0.000000000000000000e+00
2.244534171374062415e-01	4.290004031967933895e-01	0.000000000000000000e+00
2.313447726406960281e-01	3.344182690814384573e-01	0.000000000000000000e+00
2.450361995783811586e-01	2.654195109183509760e-01	0.000000000000000000e+00
2.587276265160662891e-01	2.448113648566050959e-01	0.000000000000000000e+00
2.587276265160662891e-01	2.448113648566050959e-01	0.000000000000000000e+00
2.587276265160662891e-01	2.448113648566050959e-01	0.000000000000000000e+00
2.587276265160662891e-01	2.448113648566050959e-01	0.000000000000000000e+00
4.198503939190036949e-01	1.098522647359793936e-01	0.000000000000000000e+00
4.198503939190036949e-01	1.098522647359793936e-01	0.000000000000000000e+00
4.269589954228608097e-01	3.737872629077716724e-02	0.000000000000000000e+00
4.327740278783640537e-01	2.829458770807409887e-02	0.000000000000000000e+00
4.380031037473552935e-01	-4.142429341748656013e-02	0.000000000000000000e+00
4.432321796163465888e-01	-7.738151576023738487e-02	0.000000000000000000e+00
4.517493685995510599e-01	-1.158188703111616841e-01	0.000000000000000000e+00
4.517493685995510599e-01	-1.158188703111616841e-01	0.000000000000000000e+00
4.517493685995510599e-01	-1.158188703111616841e-01	0.000000000000000000e+00
4.517493685995510599e-01	-1.158188703111616841e-01	0.000000000000000000e+00
4.517493685995510599e-01	-1.158188703111616841e-01	0.000000000000000000e+00
6.223401413919874559e-01	-1.652731169870763073e-01	0.000000000000000000e+00
6.236994315325807836e-01	-2.016617622655889341e-01	0.000000000000000000e+00
6.315576484265911228e-01	-2.962084331951049254e-01	0.000000000000000000e+00
6.315576484265911228e-01	-2.962084331951049254e-01	0.000000000000000000e+00
6.394868409133855902e-01	-3.224277079576637339e-01	0.000000000000000000e+00
6.382730865842587420e-01	-3.456653375460870259e-01	0.000000000000000000e+00
6.425602991584931090e-01	-3.733304574046332203e-01	0.000000000000000000e+00
6.438450290804040854e-01	-4.003648143207923504e-01	0.000000000000000000e+00
6.438450290804040854e-01	-4.033493629339336972e-01	0.000000000000000000e+00
6.438450290804040854e-01	-4.003648143207923504e-01	0.000000000000000000e+00
8.261263998809247333e-01	-4.581361992455028620e-01	0.000000000000000000e+00
8.261263998809247333e-01	-4.581361992455028620e-01	0.000000000000000000e+00
8.270012411711595846e-01	-4.778014875929080807e-01	0.000000000000000000e+00
8.289359149027373252e-01	-4.998599787993446286e-01	0.000000000000000000e+00
8.315604387734419900e-01	-5.345480367237746000e-01	0.000000000000000000e+00
8.333101213539118035e-01	-5.706568643396179308e-01	0.000000000000000000e+00
8.333101213539118035e-01	-5.802372230775589834e-01	0.000000000000000000e+00
8.432252544191440879e-01	-6.746301234171344641e-01	0.000000000000000000e+00
8.432252544191440879e-01	-6.746301234171344641e-01	0.000000000000000000e+00
8.441000957093789392e-01	-6.574724680905381646e-01	0.000000000000000000e+00
8.441000957093789392e-01	-6.655245989586069388e-01	0.000000000000000000e+00
8.469471651302977744e-01	-7.011500281019138470e-01	0.000000000000000000e+00
8.469471651302977744e-01	-7.011500281019138470e-01	0.000000000000000000e+00
8.497942345512166096e-01	-7.048187409991905072e-01	0.000000000000000000e+00
