0.000000000000000000e+00	1.025928284229194354e+00	0.000000000000000000e+00
3.208827164698374590e-02	7.975394200041584503e-01	0.000000000000000000e+00
5.994315654745987348e-02	7.015305354982190877e-01	0.000000000000000000e+00
8.373590658431115386e-02	6.725079868618079049e-01	0.000000000000000000e+00
8.373590658431115386e-02	6.725079868618079049e-01	0.000000000000000000e+00
8.373590658431115386e-02	6.725079868618079049e-01	0.000000000000000000e+00
1.916386432040168841e-01	6.284803657437555424e-01	0.000000000000000000e+00
2.093871009467553612e-01	5.004037344601298676e-01	0.000000000000000000e+00
2.244534171374062415e-01	3.840255737579813533e-01	0.000000000000000000e+00
2.356290488130285410e-01	3.025637231496383084e-01	0.000000000000000000e+00
2.544433503437337762e-01	2.451221529049897319e-01	0.000000000000000000e+00
2.587276265160662891e-01	2.422841833144018242e-01	0.000000000000000000e+00
2.587276265160662891e-01	2.422841833144018242e-01	0.000000000000000000e+00
2.587276265160662891e-01	2.422841833144018242e-01	0.000000000000000000e+00
2.587276265160662891e-01	2.422841833144018242e-01	0.000000000000000000e+00
4.142106052178768372e-01	1.775698867783434554e-01	0.000000000000000000e+00
4.198503939190036949e-01	1.096552414340216941e-01	0.000000000000000000e+00
4.262835332597120219e-01	5.000159489255771861e-02	0.000000000000000000e+00
4.319233219608388796e-01	-1.079073555351812812e-02	0.000000000000000000e+00
4.394573712704815671e-01	-7.311242977096023277e-02	0.000000000000000000e+00
4.485001541179179929e-01	-1.145626041765752945e-01	0.000000000000000000e+00
4.537759123105330472e-01	-1.223183427053913530e-01	0.000000000000000000e+00
4.537759123105330472e-01	-1.223183427053913530e-01	0.000000000000000000e+00
4.537759123105330472e-01	-1.223183427053913530e-01	0.000000000000000000e+00
4.537759123105330472e-01	-1.223183427053913530e-01	0.000000000000000000e+00
6.238497676447098961e-01	-1.706528036700804829e-01	0.000000000000000000e+00
6.238497676447098961e-01	-1.990638902602110683e-01	0.000000000000000000e+00
6.282014872667374128e-01	-2.522659424164014341e-01	0.000000000000000000e+00
6.298732838259558653e-01	-2.878048633097678999e-01	0.000000000000000000e+00
6.325176304393933524e-01	-3.163302085338633440e-01	0.000000000000000000e+00
6.360198266438574777e-01	-3.589340642380258739e-01	0.000000000000000000e+00
6.396501187610064143e-01	-3.886107566500273669e-01	0.000000000000000000e+00
6.415053630878626567e-01	-4.087412136485122360e-01	0.000000000000000000e+00
6.520181025622828752e-01	-4.508762362011714542e-01	0.000000000000000000e+00
6.520181025622828752e-01	-4.534187291455085700e-01	0.000000000000000000e+00
6.520181025622828752e-01	-4.539016666195283545e-01	0.000000000000000000e+00
8.266473655231291184e-01	-4.925755809678075692e-01	0.000000000000000000e+00
8.250360411735071509e-01	-4.879159718982770122e-01	0.000000000000000000e+00
8.298700142223731646e-01	-5.606912676521753625e-01	0.000000000000000000e+00
8.298700142223731646e-01	-5.606912676521753625e-01	0.000000000000000000e+00
8.339795481006808675e-01	-5.900793648102974354e-01	0.000000000000000000e+00
8.339795481006808675e-01	-5.967170534670367399e-01	0.000000000000000000e+00
8.363153116208614790e-01	-6.177147104354746565e-01	0.000000000000000000e+00
8.363153116208614790e-01	-6.412221059777526433e-01	0.000000000000000000e+00
8.463260907314322790e-01	-7.245221604497507073e-01	0.000000000000000000e+00
8.463260907314322790e-01	-7.245221604497507073e-01	0.000000000000000000e+00
8.417748710257098033e-01	-7.016887807011218392e-01	0.000000000000000000e+00
8.490558704338564411e-01	-7.212083320213334980e-01	0.000000000000000000e+00
8.523261887782718205e-01	-7.428481704497917892e-01	0.000000000000000000e+00
8.523261887782718205e-01	-7.540899413098394177e-01	0.000000000000000000e+00
