0.000000000000000000e+00	1.042434778179550214e+00	0.000000000000000000e+00
3.166659289688168039e-02	8.329258192894084534e-01	0.000000000000000000e+00
5.983773685993435537e-02	7.105253147174059869e-01	0.000000000000000000e+00
8.716552332278289239e-02	6.873485088241580998e-01	0.000000000000000000e+00
7.744793695120952282e-02	6.896342587912224209e-01	0.000000000000000000e+00
7.744793695120952282e-02	6.896342587912224209e-01	0.000000000000000000e+00
1.916386432040168841e-01	6.404077510841800214e-01	0.000000000000000000e+00
2.093871009467553612e-01	5.052746312782129268e-01	0.000000000000000000e+00
2.244534171374062415e-01	4.116158538414047552e-01	0.000000000000000000e+00
2.356290488130285410e-01	3.077483502598900578e-01	0.000000000000000000e+00
2.501590741714012633e-01	2.498202882339278508e-01	0.000000000000000000e+00
2.587276265160662891e-01	2.425532302011589592e-01	0.000000000000000000e+00
2.587276265160662891e-01	2.425532302011589592e-01	0.000000000000000000e+00
2.587276265160662891e-01	2.425532302011589592e-01	0.000000000000000000e+00
2.587276265160662891e-01	2.425532302011589592e-01	0.000000000000000000e+00
4.142106052178768372e-01	2.026992585617904685e-01	0.000000000000000000e+00
4.198503939190036949e-01	1.379287870646865588e-01	0.000000000000000000e+00
4.283100769706940092e-01	5.514548344920152528e-02	0.000000000000000000e+00
4.311299713212574103e-01	1.397797416925365514e-02	0.000000000000000000e+00
4.355370189116953838e-01	-3.577804793563318930e-02	0.000000000000000000e+00
4.436431937556232219e-01	-8.435487808647186558e-02	0.000000000000000000e+00
4.517493685995510599e-01	-1.179087767838744583e-01	0.000000000000000000e+00
4.517493685995510599e-01	-1.182687249188815182e-01	0.000000000000000000e+00
4.517493685995510599e-01	-1.182687249188815182e-01	0.000000000000000000e+00
4.517493685995510599e-01	-1.182687249188815182e-01	0.000000000000000000e+00
6.215759215544054417e-01	-1.524592570125089530e-01	0.000000000000000000e+00
6.233437190229431657e-01	-1.764269659025658743e-01	0.000000000000000000e+00
6.286471114285564488e-01	-2.367147285090816788e-01	0.000000000000000000e+00
6.286471114285564488e-01	-2.520126388533901474e-01	0.000000000000000000e+00
6.326466969813067109e-01	-2.956598882548779339e-01	0.000000000000000000e+00
6.350816493392772433e-01	-3.242870398565286805e-01	0.000000000000000000e+00
6.389751243644631318e-01	-3.639574671412900142e-01	0.000000000000000000e+00
6.438450290804040854e-01	-3.932067712120894121e-01	0.000000000000000000e+00
6.486256571353299361e-01	-4.144822913754983573e-01	0.000000000000000000e+00
6.504377438813792045e-01	-4.381676399427940072e-01	0.000000000000000000e+00
6.504377438813792045e-01	-4.396551186210218565e-01	0.000000000000000000e+00
6.504377438813792045e-01	-4.396551186210218565e-01	0.000000000000000000e+00
8.261263998809247333e-01	-4.586068776097917965e-01	0.000000000000000000e+00
8.287308366943521021e-01	-4.905556646888980521e-01	0.000000000000000000e+00
8.287308366943521021e-01	-5.192201717743044620e-01	0.000000000000000000e+00
8.307493465706352609e-01	-5.503082487654603616e-01	0.000000000000000000e+00
8.318292660692553353e-01	-5.696734618380520088e-01	0.000000000000000000e+00
8.340209796102096007e-01	-5.940451974766215448e-01	0.000000000000000000e+00
8.351327736525437917e-01	-6.133757246399595964e-01	0.000000000000000000e+00
8.387415933907265142e-01	-6.483159477603975818e-01	0.000000000000000000e+00
8.387415933907265142e-01	-6.529648191333955465e-01	0.000000000000000000e+00
8.417897470613651123e-01	-6.748706906716035459e-01	0.000000000000000000e+00
8.455338910844991673e-01	-7.077384865254421342e-01	0.000000000000000000e+00
8.508021119429525214e-01	-7.217623048766410587e-01	0.000000000000000000e+00
8.523261887782718205e-01	-7.255279154391597318e-01	0.000000000000000000e+00
