0.000000000000000000e+00	1.193898194836688464e+00	0.000000000000000000e+00
2.485784310384991577e-02	1.010262246010402487e+00	0.000000000000000000e+00
5.685720726269916092e-02	8.277869779462114774e-01	0.000000000000000000e+00
8.885657142154840260e-02	7.758121123160295340e-01	0.000000000000000000e+00
8.885657142154840260e-02	7.758121123160295340e-01	0.000000000000000000e+00
9.907187106896143958e-02	7.760618543888481158e-01	0.000000000000000000e+00
1.889565016519292873e-01	7.299696572032425834e-01	0.000000000000000000e+00
2.093871009467553612e-01	6.011121151934550877e-01	0.000000000000000000e+00
2.274940861824562011e-01	4.615980410539559098e-01	0.000000000000000000e+00
2.383579262984944769e-01	3.747438554162513258e-01	0.000000000000000000e+00
2.492217664145327527e-01	3.193064447686919105e-01	0.000000000000000000e+00
2.492217664145327527e-01	2.960104863927532914e-01	0.000000000000000000e+00
2.492217664145327527e-01	2.893981336165264984e-01	0.000000000000000000e+00
2.492217664145327527e-01	2.893981336165264984e-01	0.000000000000000000e+00
2.492217664145327527e-01	2.893981336165264984e-01	0.000000000000000000e+00
2.492217664145327527e-01	2.893981336165264984e-01	0.000000000000000000e+00
4.212083739335085175e-01	2.049037114662989600e-01	0.000000000000000000e+00
4.275664479052979638e-01	1.018445343896091648e-01	0.000000000000000000e+00
4.275664479052979638e-01	9.659073025303703541e-02	0.000000000000000000e+00
4.376602852183923420e-01	2.587348577069819786e-02	0.000000000000000000e+00
4.376602852183923420e-01	8.809056446179493530e-03	0.000000000000000000e+00
4.557049738007171724e-01	-5.330169605140913647e-02	0.000000000000000000e+00
4.557049738007171724e-01	-6.525572499092131828e-02	0.000000000000000000e+00
4.557049738007171724e-01	-6.525572499092131828e-02	0.000000000000000000e+00
4.557049738007171724e-01	-8.230365210266012144e-02	0.000000000000000000e+00
4.557049738007171724e-01	-8.272371022436846022e-02	0.000000000000000000e+00
6.311210409921916842e-01	-2.838452961332089131e-01	0.000000000000000000e+00
6.311210409921916842e-01	-2.838452961332089131e-01	0.000000000000000000e+00
6.311210409921916842e-01	-2.838452961332089131e-01	0.000000000000000000e+00
6.281845154563950873e-01	-2.363245664005785285e-01	0.000000000000000000e+00
6.311210409921916842e-01	-2.653169103201729606e-01	0.000000000000000000e+00
6.369940920637848780e-01	-3.279510146321221176e-01	0.000000000000000000e+00
6.369940920637848780e-01	-3.279510146321221176e-01	0.000000000000000000e+00
6.369940920637848780e-01	-3.374355797918661137e-01	0.000000000000000000e+00
6.369940920637848780e-01	-3.374355797918661137e-01	0.000000000000000000e+00
6.361550847678428822e-01	-3.325339483913370975e-01	0.000000000000000000e+00
8.292562289865639258e-01	-4.553932047020274321e-01	0.000000000000000000e+00
8.292562289865639258e-01	-4.553932047020274321e-01	0.000000000000000000e+00
8.285467753845230376e-01	-4.553525522238202616e-01	0.000000000000000000e+00
8.285467753845230376e-01	-4.553525522238202616e-01	0.000000000000000000e+00
8.285467753845230376e-01	-4.644556062037608624e-01	0.000000000000000000e+00
8.302236657166196521e-01	-4.903196214364871630e-01	0.000000000000000000e+00
8.319005560487162665e-01	-5.119446422514768447e-01	0.000000000000000000e+00
8.380312384380693702e-01	-5.931020058588175603e-01	0.000000000000000000e+00
8.385088823938988689e-01	-5.564116713382625257e-01	0.000000000000000000e+00
8.408081401632292451e-01	-5.899838684979127335e-01	0.000000000000000000e+00
8.408081401632292451e-01	-6.006838942018521976e-01	0.000000000000000000e+00
8.454066557018898864e-01	-6.505862910087878426e-01	0.000000000000000000e+00
8.454066557018898864e-01	-6.505862910087878426e-01	0.000000000000000000e+00
8.454066557018898864e-01	-6.505862910087878426e-01	0.000000000000000000e+00
