0.000000000000000000e+00	1.230440849126025693e+00	0.000000000000000000e+00
3.199936415884924168e-02	9.669157155230758693e-01	0.000000000000000000e+00
5.685720726269916092e-02	8.277869779462114774e-01	0.000000000000000000e+00
8.528581089404874138e-02	7.680006783851140995e-01	0.000000000000000000e+00
8.528581089404874138e-02	7.680006783851140995e-01	0.000000000000000000e+00
7.980307880369798268e-02	7.682142877491930921e-01	0.000000000000000000e+00
1.889565016519292873e-01	7.188612285872822971e-01	0.000000000000000000e+00
2.093871009467553612e-01	5.909887961458165639e-01	0.000000000000000000e+00
2.190891340332310200e-01	4.867842294557692129e-01	0.000000000000000000e+00
2.383579262984944769e-01	3.630624280545029503e-01	0.000000000000000000e+00
2.492217664145327527e-01	3.103633152610089652e-01	0.000000000000000000e+00
2.492217664145327527e-01	2.838269184427323899e-01	0.000000000000000000e+00
2.492217664145327527e-01	2.809690011823824940e-01	0.000000000000000000e+00
2.492217664145327527e-01	2.809690011823824940e-01	0.000000000000000000e+00
2.492217664145327527e-01	2.809690011823824940e-01	0.000000000000000000e+00
2.492217664145327527e-01	2.809690011823824940e-01	0.000000000000000000e+00
4.212083739335085175e-01	2.020907061015748962e-01	0.000000000000000000e+00
4.275664479052979638e-01	1.253778546549318695e-01	0.000000000000000000e+00
4.326133665618451252e-01	6.134036992991750981e-02	0.000000000000000000e+00
4.376602852183923420e-01	4.125325885749127797e-04	0.000000000000000000e+00
4.376602852183923420e-01	4.125325885749127797e-04	0.000000000000000000e+00
4.557049738007171724e-01	-7.623437391311010947e-02	0.000000000000000000e+00
4.564391051846663494e-01	-9.141440834500710877e-02	0.000000000000000000e+00
4.564391051846663494e-01	-9.141440834500710877e-02	0.000000000000000000e+00
4.564391051846663494e-01	-9.141440834500710877e-02	0.000000000000000000e+00
4.564391051846663494e-01	-9.141440834500710877e-02	0.000000000000000000e+00
6.281845154563950873e-01	-2.281297862686759714e-01	0.000000000000000000e+00
6.281845154563950873e-01	-2.281297862686759714e-01	0.000000000000000000e+00
6.281845154563950873e-01	-2.281297862686759714e-01	0.000000000000000000e+00
6.281845154563950873e-01	-2.195487070147060238e-01	0.000000000000000000e+00
6.311210409921916842e-01	-2.577589031214950199e-01	0.000000000000000000e+00
6.333234351440391041e-01	-3.005436363124154298e-01	0.000000000000000000e+00
6.369940920637848780e-01	-3.322074985775315681e-01	0.000000000000000000e+00
6.384623548316832320e-01	-3.455128250812142254e-01	0.000000000000000000e+00
6.384623548316832320e-01	-3.455128250812142254e-01	0.000000000000000000e+00
6.361550847678428822e-01	-3.326265571562749268e-01	0.000000000000000000e+00
8.277083302184746749e-01	-4.694541721403079348e-01	0.000000000000000000e+00
8.277083302184746749e-01	-4.694541721403079348e-01	0.000000000000000000e+00
8.277083302184746749e-01	-4.694541721403079348e-01	0.000000000000000000e+00
8.277083302184746749e-01	-4.746129569639200851e-01	0.000000000000000000e+00
8.277083302184746749e-01	-4.746129569639200851e-01	0.000000000000000000e+00
8.323197786317404478e-01	-5.265977857789839733e-01	0.000000000000000000e+00
8.323197786317404478e-01	-5.265977857789839733e-01	0.000000000000000000e+00
8.395639090354076739e-01	-5.887957764457572019e-01	0.000000000000000000e+00
8.380312384380693702e-01	-5.822287335029397992e-01	0.000000000000000000e+00
8.380312384380693702e-01	-5.822287335029397992e-01	0.000000000000000000e+00
8.408081401632292451e-01	-6.276392263235333058e-01	0.000000000000000000e+00
8.408081401632292451e-01	-6.276392263235333058e-01	0.000000000000000000e+00
8.467951065644698794e-01	-6.545978422107048278e-01	0.000000000000000000e+00
8.484001389025102036e-01	-6.564598367589057348e-01	0.000000000000000000e+00
