0.000000000000000000e+00	1.220600147758685416e+00	0.000000000000000000e+00
3.021398389509941107e-02	9.095236912066574364e-01	0.000000000000000000e+00
5.685720726269916092e-02	7.877641875113581271e-01	0.000000000000000000e+00
7.964004911541142095e-02	7.497610964321794746e-01	0.000000000000000000e+00
7.964004911541142095e-02	7.497610964321794746e-01	0.000000000000000000e+00
7.964004911541142095e-02	7.497610964321794746e-01	0.000000000000000000e+00
1.889565016519292873e-01	7.178722779117614472e-01	0.000000000000000000e+00
2.093871009467553612e-01	5.828067617883867513e-01	0.000000000000000000e+00
2.244534171374062415e-01	4.698848932354163788e-01	0.000000000000000000e+00
2.299529741492692958e-01	3.477763133184846311e-01	0.000000000000000000e+00
2.505797464290375753e-01	2.832788708591147953e-01	0.000000000000000000e+00
2.560116664870566994e-01	2.529101398443031057e-01	0.000000000000000000e+00
2.560116664870566994e-01	2.529101398443031057e-01	0.000000000000000000e+00
2.614435865450758234e-01	2.570649151203849292e-01	0.000000000000000000e+00
2.614435865450758234e-01	2.570649151203849292e-01	0.000000000000000000e+00
2.614435865450758234e-01	2.582947826314002659e-01	0.000000000000000000e+00
4.212083739335085175e-01	1.054552426355127165e-01	0.000000000000000000e+00
4.212083739335085175e-01	1.054552426355127165e-01	0.000000000000000000e+00
4.313516368977082793e-01	5.849982835755122151e-02	0.000000000000000000e+00
4.351121130645660973e-01	1.739316465485516317e-03	0.000000000000000000e+00
4.401837445466659782e-01	-4.718164378475116216e-02	0.000000000000000000e+00
4.564391051846663494e-01	-8.655053453195299396e-02	0.000000000000000000e+00
4.564391051846663494e-01	-9.248233088584477402e-02	0.000000000000000000e+00
4.564391051846663494e-01	-9.248233088584477402e-02	0.000000000000000000e+00
4.564391051846663494e-01	-9.248233088584477402e-02	0.000000000000000000e+00
4.564391051846663494e-01	-9.248233088584477402e-02	0.000000000000000000e+00
6.246056249596430021e-01	-1.584314761551953998e-01	0.000000000000000000e+00
6.246056249596430021e-01	-1.875904233595519777e-01	0.000000000000000000e+00
6.267162526884968443e-01	-2.159815183183898812e-01	0.000000000000000000e+00
6.333234351440391041e-01	-2.983550486823117187e-01	0.000000000000000000e+00
6.333234351440391041e-01	-2.983550486823117187e-01	0.000000000000000000e+00
6.384623548316832320e-01	-3.364635055075984038e-01	0.000000000000000000e+00
6.384623548316832320e-01	-3.498543647916624311e-01	0.000000000000000000e+00
6.384623548316832320e-01	-3.498543647916624311e-01	0.000000000000000000e+00
6.384623548316832320e-01	-3.490747469216294863e-01	0.000000000000000000e+00
8.265554681151582317e-01	-4.112906708311892534e-01	0.000000000000000000e+00
8.265554681151582317e-01	-4.112906708311892534e-01	0.000000000000000000e+00
8.265554681151582317e-01	-4.164472254659120631e-01	0.000000000000000000e+00
8.291219467529389320e-01	-4.638245370053470373e-01	0.000000000000000000e+00
8.291219467529389320e-01	-4.696822638533840188e-01	0.000000000000000000e+00
8.316884253907197433e-01	-5.286750000585525022e-01	0.000000000000000000e+00
8.316884253907197433e-01	-5.286750000585525022e-01	0.000000000000000000e+00
8.367115382875559559e-01	-5.526877434059827010e-01	0.000000000000000000e+00
8.402222054696694142e-01	-6.367324768099036358e-01	0.000000000000000000e+00
8.402222054696694142e-01	-6.367324768099036358e-01	0.000000000000000000e+00
8.402222054696694142e-01	-6.101735699691340775e-01	0.000000000000000000e+00
8.402222054696694142e-01	-6.281706736780926503e-01	0.000000000000000000e+00
8.426870433802196025e-01	-6.490244483939954234e-01	0.000000000000000000e+00
8.453572844499823713e-01	-6.683811882990969844e-01	0.000000000000000000e+00
8.500815571118700564e-01	-6.819703355006767609e-01	0.000000000000000000e+00
