0.000000000000000000e+00	3.844377085750208867e+00	0.000000000000000000e+00
2.998622752492982602e-02	3.044840230706724604e+00	0.000000000000000000e+00
9.442641966202125481e-02	2.797709293851396328e+00	0.000000000000000000e+00
1.465603459469658754e-01	2.479296506104728071e+00	0.000000000000000000e+00
1.562418518765563979e-01	2.441920297829886621e+00	0.000000000000000000e+00
1.967627631634233376e-01	2.210847564863385184e+00	0.000000000000000000e+00
2.384063729240311902e-01	1.643340739272601381e+00	0.000000000000000000e+00
2.384063729240311902e-01	1.643340739272601381e+00	0.000000000000000000e+00
2.384063729240311902e-01	1.643340739272601381e+00	0.000000000000000000e+00
2.648187621571119199e-01	1.487181112012776474e+00	0.000000000000000000e+00
2.648187621571119199e-01	1.474674449397824549e+00	0.000000000000000000e+00
2.648187621571119199e-01	1.474674449397824549e+00	0.000000000000000000e+00
2.648187621571119199e-01	1.466444253263297082e+00	0.000000000000000000e+00
2.648187621571119199e-01	1.465241529093691764e+00	0.000000000000000000e+00
2.648187621571119199e-01	1.356007428295810557e+00	0.000000000000000000e+00
2.648187621571119199e-01	1.356007428295810557e+00	0.000000000000000000e+00
4.419758822398806575e-01	1.202319919694148753e+00	0.000000000000000000e+00
4.419758822398806575e-01	1.202319919694148753e+00	0.000000000000000000e+00
4.419758822398806575e-01	1.202319919694148753e+00	0.000000000000000000e+00
4.419758822398806575e-01	1.251073973854734511e+00	0.000000000000000000e+00
4.419758822398806575e-01	1.251073973854734511e+00	0.000000000000000000e+00
6.393564995830932629e-01	1.008442153759542048e+00	0.000000000000000000e+00
6.393564995830932629e-01	1.012866422338325245e+00	0.000000000000000000e+00
6.393564995830932629e-01	1.012866422338325245e+00	0.000000000000000000e+00
6.393564995830932629e-01	1.012866422338325245e+00	0.000000000000000000e+00
6.393564995830932629e-01	8.730504436628869769e-01	0.000000000000000000e+00
6.393564995830932629e-01	8.730504436628869769e-01	0.000000000000000000e+00
6.393564995830932629e-01	8.730504436628869769e-01	0.000000000000000000e+00
6.393564995830932629e-01	8.730504436628869769e-01	0.000000000000000000e+00
6.393564995830932629e-01	8.774424175971976547e-01	0.000000000000000000e+00
6.393564995830932629e-01	8.564710659475470722e-01	0.000000000000000000e+00
6.393413184560614582e-01	8.347694228349654688e-01	0.000000000000000000e+00
8.340764569301380993e-01	4.885557176843610683e-01	0.000000000000000000e+00
8.340764569301380993e-01	4.885557176843610683e-01	0.000000000000000000e+00
8.340764569301380993e-01	4.885557176843610683e-01	0.000000000000000000e+00
8.340764569301380993e-01	4.979096807333535102e-01	0.000000000000000000e+00
8.340764569301380993e-01	4.979096807333535102e-01	0.000000000000000000e+00
8.340764569301380993e-01	5.400217287348293427e-01	0.000000000000000000e+00
8.340764569301380993e-01	5.400217287348293427e-01	0.000000000000000000e+00
8.340764569301380993e-01	5.400217287348293427e-01	0.000000000000000000e+00
8.340764569301380993e-01	5.231141034926501954e-01	0.000000000000000000e+00
8.340764569301380993e-01	5.231141034926501954e-01	0.000000000000000000e+00
8.431286166891842626e-01	4.710206676929434844e-01	0.000000000000000000e+00
8.431286166891842626e-01	4.710206676929434844e-01	0.000000000000000000e+00
8.521807764482304259e-01	3.627411636709861886e-01	0.000000000000000000e+00
8.521807764482304259e-01	3.627411636709861886e-01	0.000000000000000000e+00
8.521807764482304259e-01	3.627411636709861886e-01	0.000000000000000000e+00
8.521807764482304259e-01	3.784675949821231788e-01	0.000000000000000000e+00
8.521807764482304259e-01	3.784675949821231788e-01	0.000000000000000000e+00
8.521807764482304259e-01	4.389665152666661907e-01	0.000000000000000000e+00
