0.000000000000000000e+00	3.746258431803914934e+00	0.000000000000000000e+00
2.998622752492982602e-02	3.044840230706724604e+00	0.000000000000000000e+00
7.320020948434421970e-02	2.832070410141377170e+00	0.000000000000000000e+00
1.137894315212023277e-01	2.692740481587092116e+00	0.000000000000000000e+00
1.562418518765563979e-01	2.441920297829886621e+00	0.000000000000000000e+00
1.967627631634233376e-01	2.210847564863385184e+00	0.000000000000000000e+00
2.043783734271868990e-01	2.137205993928408265e+00	0.000000000000000000e+00
2.691931434945160073e-01	1.943619551433323878e+00	0.000000000000000000e+00
2.648187621571119199e-01	1.575938624471184379e+00	0.000000000000000000e+00
2.648187621571119199e-01	1.477514808656063439e+00	0.000000000000000000e+00
2.648187621571119199e-01	1.477514808656063439e+00	0.000000000000000000e+00
2.648187621571119199e-01	1.477514808656063439e+00	0.000000000000000000e+00
2.648187621571119199e-01	1.466444253263297082e+00	0.000000000000000000e+00
2.648187621571119199e-01	1.466124739741399008e+00	0.000000000000000000e+00
2.648187621571119199e-01	1.466124739741399008e+00	0.000000000000000000e+00
2.648187621571119199e-01	1.466124739741399008e+00	0.000000000000000000e+00
2.648187621571119199e-01	1.466124739741399008e+00	0.000000000000000000e+00
4.419758822398806575e-01	1.305874551286003049e+00	0.000000000000000000e+00
4.419758822398806575e-01	1.305874551286003049e+00	0.000000000000000000e+00
4.419758822398806575e-01	1.305874551286003049e+00	0.000000000000000000e+00
4.419758822398806575e-01	1.305874551286003049e+00	0.000000000000000000e+00
6.393564995830932629e-01	9.505404086014901388e-01	0.000000000000000000e+00
6.393564995830932629e-01	9.505404086014901388e-01	0.000000000000000000e+00
6.393564995830932629e-01	9.505404086014901388e-01	0.000000000000000000e+00
6.393564995830932629e-01	9.505404086014901388e-01	0.000000000000000000e+00
6.393564995830932629e-01	9.197104831985106754e-01	0.000000000000000000e+00
6.393564995830932629e-01	8.799525899106473981e-01	0.000000000000000000e+00
6.393564995830932629e-01	9.171747318509178015e-01	0.000000000000000000e+00
6.393564995830932629e-01	8.799525899106473981e-01	0.000000000000000000e+00
6.393564995830932629e-01	8.774424175971976547e-01	0.000000000000000000e+00
6.393564995830932629e-01	8.564710659475470722e-01	0.000000000000000000e+00
6.393413184560614582e-01	8.347694228349654688e-01	0.000000000000000000e+00
8.340764569301380993e-01	5.481007362380080350e-01	0.000000000000000000e+00
8.340764569301380993e-01	5.445747583022242377e-01	0.000000000000000000e+00
8.340764569301380993e-01	5.240279937128208276e-01	0.000000000000000000e+00
8.340764569301380993e-01	5.240279937128208276e-01	0.000000000000000000e+00
8.340764569301380993e-01	5.240279937128208276e-01	0.000000000000000000e+00
8.340764569301380993e-01	5.240279937128208276e-01	0.000000000000000000e+00
8.340764569301380993e-01	5.103384062514144670e-01	0.000000000000000000e+00
8.340764569301380993e-01	5.142845261124064926e-01	0.000000000000000000e+00
8.340764569301380993e-01	5.065291366912491045e-01	0.000000000000000000e+00
8.340764569301380993e-01	5.065291366912491045e-01	0.000000000000000000e+00
8.522077111040382569e-01	3.615567876838117201e-01	0.000000000000000000e+00
8.522077111040382569e-01	3.615567876838117201e-01	0.000000000000000000e+00
8.522077111040382569e-01	3.615567876838117201e-01	0.000000000000000000e+00
8.522077111040382569e-01	4.017596634481904183e-01	0.000000000000000000e+00
8.522077111040382569e-01	4.017596634481904183e-01	0.000000000000000000e+00
8.522436239784486611e-01	4.147836165870990022e-01	0.000000000000000000e+00
8.522436239784486611e-01	4.147836165870990022e-01	0.000000000000000000e+00
8.462357854615589758e-01	6.711888116502243706e-01	0.000000000000000000e+00
