0.000000000000000000e+00	3.031838893093780740e+00	0.000000000000000000e+00
4.930549132308872234e-02	2.358657174865674833e+00	0.000000000000000000e+00
7.395823698463308005e-02	2.285493585588044496e+00	0.000000000000000000e+00
9.861098264617744469e-02	1.872277827609302170e+00	0.000000000000000000e+00
9.861098264617744469e-02	1.872277827609302170e+00	0.000000000000000000e+00
9.861098264617744469e-02	1.872277827609302170e+00	0.000000000000000000e+00
2.091326609286399685e-01	1.715706265464880920e+00	0.000000000000000000e+00
2.181018632545553282e-01	1.561040528566951080e+00	0.000000000000000000e+00
2.270710655804706601e-01	1.435016757440385593e+00	0.000000000000000000e+00
2.450094702323013518e-01	1.346379341692307996e+00	0.000000000000000000e+00
2.549141161947066081e-01	1.245829815551727338e+00	0.000000000000000000e+00
2.549141161947066081e-01	1.245829815551727338e+00	0.000000000000000000e+00
2.549141161947066081e-01	1.245829815551727338e+00	0.000000000000000000e+00
2.714218594653821093e-01	1.283428961030207649e+00	0.000000000000000000e+00
2.714218594653821093e-01	1.283428961030207649e+00	0.000000000000000000e+00
4.267035158452229804e-01	1.078036936388691691e+00	0.000000000000000000e+00
4.333066131534931698e-01	1.051670131491908355e+00	0.000000000000000000e+00
4.376412476966868859e-01	9.134888898515389766e-01	0.000000000000000000e+00
4.376412476966868859e-01	9.134888898515389766e-01	0.000000000000000000e+00
4.376412476966868859e-01	9.134888898515389766e-01	0.000000000000000000e+00
4.398085649682837994e-01	8.861984102584713474e-01	0.000000000000000000e+00
4.398085649682837994e-01	8.861984102584713474e-01	0.000000000000000000e+00
4.398085649682837994e-01	8.861984102584713474e-01	0.000000000000000000e+00
4.419758822398806575e-01	9.580807607202607157e-01	0.000000000000000000e+00
6.393564995830932629e-01	6.254465850632199286e-01	0.000000000000000000e+00
6.393564995830932629e-01	7.251118591840500782e-01	0.000000000000000000e+00
6.393564995830932629e-01	6.459897503640463778e-01	0.000000000000000000e+00
6.393564995830932629e-01	6.459897503640463778e-01	0.000000000000000000e+00
6.393564995830932629e-01	6.459897503640463778e-01	0.000000000000000000e+00
6.393564995830932629e-01	6.459897503640463778e-01	0.000000000000000000e+00
6.393564995830932629e-01	6.272929161134250808e-01	0.000000000000000000e+00
6.393564995830932629e-01	5.994747611144478627e-01	0.000000000000000000e+00
6.393564995830932629e-01	5.994747611144478627e-01	0.000000000000000000e+00
6.393564995830932629e-01	5.994747611144478627e-01	0.000000000000000000e+00
6.393564995830932629e-01	5.994747611144478627e-01	0.000000000000000000e+00
8.278530970957937996e-01	5.593828749102155440e-01	0.000000000000000000e+00
8.340764569301380993e-01	4.448474174012855276e-01	0.000000000000000000e+00
8.340764569301380993e-01	4.448474174012855276e-01	0.000000000000000000e+00
8.337935769376678685e-01	4.326473439541265731e-01	0.000000000000000000e+00
8.337935769376678685e-01	4.326473439541265731e-01	0.000000000000000000e+00
8.419970967193035616e-01	2.060319053256609301e-01	0.000000000000000000e+00
8.419970967193035616e-01	2.060319053256609301e-01	0.000000000000000000e+00
8.419970967193035616e-01	2.060319053256609301e-01	0.000000000000000000e+00
8.419970967193035616e-01	2.060319053256609301e-01	0.000000000000000000e+00
8.419970967193035616e-01	2.940575662200762830e-01	0.000000000000000000e+00
8.419970967193035616e-01	2.940575662200762830e-01	0.000000000000000000e+00
8.419970967193035616e-01	2.940575662200762830e-01	0.000000000000000000e+00
8.448258966440054252e-01	2.420048370561777573e-01	0.000000000000000000e+00
8.476546965687072888e-01	2.454586505774519201e-01	0.000000000000000000e+00
8.476546965687072888e-01	2.498179130838907580e-01	0.000000000000000000e+00
