0.000000000000000000e+00	3.282621417108730455e+00	0.000000000000000000e+00
3.129860748620796884e-02	2.637180747295747363e+00	0.000000000000000000e+00
9.861098264617744469e-02	1.880394278210156589e+00	0.000000000000000000e+00
9.861098264617744469e-02	1.880394278210156589e+00	0.000000000000000000e+00
9.861098264617744469e-02	1.880394278210156589e+00	0.000000000000000000e+00
9.861098264617744469e-02	1.892935017230958250e+00	0.000000000000000000e+00
2.091326609286399685e-01	1.771602585070224389e+00	0.000000000000000000e+00
2.296737911905086527e-01	1.666770439308959073e+00	0.000000000000000000e+00
2.516125675405715412e-01	1.288959607381916728e+00	0.000000000000000000e+00
2.516125675405715412e-01	1.288959607381916728e+00	0.000000000000000000e+00
2.516125675405715412e-01	1.307715150975219620e+00	0.000000000000000000e+00
2.648187621571119199e-01	1.296816685031090488e+00	0.000000000000000000e+00
2.648187621571119199e-01	1.296816685031090488e+00	0.000000000000000000e+00
2.648187621571119199e-01	1.298214592155272795e+00	0.000000000000000000e+00
2.648187621571119199e-01	1.298214592155272795e+00	0.000000000000000000e+00
4.419758822398806575e-01	1.057763205517303629e+00	0.000000000000000000e+00
4.419758822398806575e-01	1.057763205517303629e+00	0.000000000000000000e+00
4.419758822398806575e-01	1.057763205517303629e+00	0.000000000000000000e+00
4.419758822398806575e-01	9.930880966066022442e-01	0.000000000000000000e+00
4.419758822398806575e-01	9.837182007745650658e-01	0.000000000000000000e+00
4.419758822398806575e-01	9.720269296650319024e-01	0.000000000000000000e+00
4.419758822398806575e-01	9.910721524078797140e-01	0.000000000000000000e+00
4.419758822398806575e-01	9.910721524078797140e-01	0.000000000000000000e+00
6.393564995830932629e-01	6.558247682741170648e-01	0.000000000000000000e+00
6.393564995830932629e-01	6.874752429352387617e-01	0.000000000000000000e+00
6.393564995830932629e-01	6.874752429352387617e-01	0.000000000000000000e+00
6.393564995830932629e-01	6.874752429352387617e-01	0.000000000000000000e+00
6.393564995830932629e-01	6.874752429352387617e-01	0.000000000000000000e+00
6.393564995830932629e-01	6.836542226189690208e-01	0.000000000000000000e+00
6.393564995830932629e-01	6.916616206154361235e-01	0.000000000000000000e+00
6.393564995830932629e-01	6.122260580907380456e-01	0.000000000000000000e+00
6.393564995830932629e-01	6.122260580907380456e-01	0.000000000000000000e+00
6.393564995830932629e-01	6.122260580907380456e-01	0.000000000000000000e+00
6.393564995830932629e-01	6.122260580907380456e-01	0.000000000000000000e+00
8.278530970957937996e-01	5.981864164535837247e-01	0.000000000000000000e+00
8.278530970957937996e-01	5.981864164535837247e-01	0.000000000000000000e+00
8.295503770506149621e-01	5.267056782979907537e-01	0.000000000000000000e+00
8.295503770506149621e-01	5.267056782979907537e-01	0.000000000000000000e+00
8.295503770506149621e-01	5.267056782979907537e-01	0.000000000000000000e+00
8.340764569301380993e-01	4.455928212596174109e-01	0.000000000000000000e+00
8.340764569301380993e-01	4.455928212596174109e-01	0.000000000000000000e+00
8.340764569301380993e-01	4.455928212596174109e-01	0.000000000000000000e+00
8.431286166891842626e-01	4.112248432189324898e-01	0.000000000000000000e+00
8.431286166891842626e-01	3.766745466464613834e-01	0.000000000000000000e+00
8.419970967193035616e-01	3.397449333613193345e-01	0.000000000000000000e+00
8.400169367720122793e-01	3.347985523831202292e-01	0.000000000000000000e+00
8.400169367720122793e-01	3.347985523831202292e-01	0.000000000000000000e+00
8.448258966440054252e-01	3.097468111584280037e-01	0.000000000000000000e+00
8.448258966440054252e-01	3.038376568665077659e-01	0.000000000000000000e+00
8.476546965687072888e-01	2.899294866583086994e-01	0.000000000000000000e+00
