2.192834657334180593e-02	4.621029695697676409e+00	0.000000000000000000e+00
5.536600195056728957e-02	4.371625360846389974e+00	0.000000000000000000e+00
7.765777220205094533e-02	4.280754826879742403e+00	0.000000000000000000e+00
1.222413127050182569e-01	4.248862367654442806e+00	0.000000000000000000e+00
1.891166234594692241e-01	3.604174073692711477e+00	0.000000000000000000e+00
1.891166234594692241e-01	3.510091786800443536e+00	0.000000000000000000e+00
2.114083937109528799e-01	3.175076941885341952e+00	0.000000000000000000e+00
2.248159527274666281e-01	3.032807282040554053e+00	0.000000000000000000e+00
2.248159527274666281e-01	3.020960627813428001e+00	0.000000000000000000e+00
2.529144474590357961e-01	2.854576839600106997e+00	0.000000000000000000e+00
2.529144474590357961e-01	2.854576839600106997e+00	0.000000000000000000e+00
2.529144474590357961e-01	2.854576839600106997e+00	0.000000000000000000e+00
2.529144474590357961e-01	2.854576839600106997e+00	0.000000000000000000e+00
4.419758822398806575e-01	2.487926715671306521e+00	0.000000000000000000e+00
4.419758822398806575e-01	2.487926715671306521e+00	0.000000000000000000e+00
4.419758822398806575e-01	2.487926715671306521e+00	0.000000000000000000e+00
4.419758822398806575e-01	2.487926715671306521e+00	0.000000000000000000e+00
4.508569407982576660e-01	2.442766290371408022e+00	0.000000000000000000e+00
4.508569407982576660e-01	2.771822003419291303e+00	0.000000000000000000e+00
4.508569407982576660e-01	2.771822003419291303e+00	0.000000000000000000e+00
4.508569407982576660e-01	2.771822003419291303e+00	0.000000000000000000e+00
2.972414621817811020e-01	2.612487634250806323e+00	0.000000000000000000e+00
2.972414621817811020e-01	2.466526224001416967e+00	0.000000000000000000e+00
2.972414621817811020e-01	2.466526224001416967e+00	0.000000000000000000e+00
2.972414621817811020e-01	2.466526224001416967e+00	0.000000000000000000e+00
2.972414621817811020e-01	2.466526224001416967e+00	0.000000000000000000e+00
8.386297493460839192e-01	2.317113557151338377e+00	0.000000000000000000e+00
8.386297493460839192e-01	2.211772350401120857e+00	0.000000000000000000e+00
8.386297493460839192e-01	2.211772350401120857e+00	0.000000000000000000e+00
8.386297493460839192e-01	1.921632444028587905e+00	0.000000000000000000e+00
8.386297493460839192e-01	1.921632444028587905e+00	0.000000000000000000e+00
8.386297493460839192e-01	1.921632444028587905e+00	0.000000000000000000e+00
8.386297493460839192e-01	1.921632444028587905e+00	0.000000000000000000e+00
8.386297493460839192e-01	2.115556827444883936e+00	0.000000000000000000e+00
8.381743791398215127e-01	2.099761867686601668e+00	0.000000000000000000e+00
8.374913238304279028e-01	1.947119111425462901e+00	0.000000000000000000e+00
8.374913238304279028e-01	1.947119111425462901e+00	0.000000000000000000e+00
8.374913238304279028e-01	1.947119111425462901e+00	0.000000000000000000e+00
8.374913238304279028e-01	1.947119111425462901e+00	0.000000000000000000e+00
8.399389386890883102e-01	1.868226496532737757e+00	0.000000000000000000e+00
8.422727109961829495e-01	1.899265260362110963e+00	0.000000000000000000e+00
8.413619705836581364e-01	1.892151873306105125e+00	0.000000000000000000e+00
8.413619705836581364e-01	1.892151873306105125e+00	0.000000000000000000e+00
8.422727109961829495e-01	1.812888838418568405e+00	0.000000000000000000e+00
8.413619705836581364e-01	1.892151873306105125e+00	0.000000000000000000e+00
8.422727109961829495e-01	2.084088652884102721e+00	0.000000000000000000e+00
8.422727109961829495e-01	2.084088652884102721e+00	0.000000000000000000e+00
8.422727109961829495e-01	2.084088652884102721e+00	0.000000000000000000e+00
8.422727109961829495e-01	2.084088652884102721e+00	0.000000000000000000e+00
8.440941918212324646e-01	2.409596844026795193e+00	0.000000000000000000e+00
