0.000000000000000000e+00	2.168633046955797283e+00	0.000000000000000000e+00
2.073228376785481511e-02	1.741362076821042937e+00	0.000000000000000000e+00
6.625643308052879543e-02	1.552236149730900960e+00	0.000000000000000000e+00
9.938464962079318621e-02	1.458271293802880342e+00	0.000000000000000000e+00
1.067509695806484749e-01	1.483929311311162236e+00	0.000000000000000000e+00
1.861392016628945212e-01	1.489474096537181769e+00	0.000000000000000000e+00
2.063993124913965360e-01	1.335936823311570931e+00	0.000000000000000000e+00
2.266594233198985231e-01	1.217538235444964423e+00	0.000000000000000000e+00
2.367894787341495166e-01	1.028254890945798028e+00	0.000000000000000000e+00
2.466462335189202604e-01	9.042860007828379398e-01	0.000000000000000000e+00
2.565029883036910041e-01	8.062177450335669127e-01	0.000000000000000000e+00
2.565029883036910041e-01	8.062177450335669127e-01	0.000000000000000000e+00
2.565029883036910041e-01	7.506131366490725876e-01	0.000000000000000000e+00
2.565029883036910041e-01	7.506131366490725876e-01	0.000000000000000000e+00
2.565029883036910041e-01	7.506131366490725876e-01	0.000000000000000000e+00
2.565029883036910041e-01	7.506131366490725876e-01	0.000000000000000000e+00
4.251574953119328093e-01	6.667914246779751419e-01	0.000000000000000000e+00
4.251574953119328093e-01	6.252559588986512651e-01	0.000000000000000000e+00
4.402468224765184734e-01	4.317421421944133142e-01	0.000000000000000000e+00
4.402468224765184734e-01	4.317421421944133142e-01	0.000000000000000000e+00
4.402468224765184734e-01	4.317421421944133142e-01	0.000000000000000000e+00
4.402468224765184734e-01	4.317421421944133142e-01	0.000000000000000000e+00
4.553361496411040821e-01	3.861165365094679225e-01	0.000000000000000000e+00
4.553361496411040821e-01	3.861165365094679225e-01	0.000000000000000000e+00
4.553361496411040821e-01	3.767098973086116520e-01	0.000000000000000000e+00
4.553361496411040821e-01	3.669877587146326281e-01	0.000000000000000000e+00
4.553361496411040821e-01	3.669877587146326281e-01	0.000000000000000000e+00
4.553361496411040821e-01	3.669877587146326281e-01	0.000000000000000000e+00
6.393564995830932629e-01	2.259499134405361376e-01	0.000000000000000000e+00
6.393564995830932629e-01	1.658207849274123680e-01	0.000000000000000000e+00
6.393564995830932629e-01	1.658207849274123680e-01	0.000000000000000000e+00
6.393564995830932629e-01	1.658207849274123680e-01	0.000000000000000000e+00
6.393564995830932629e-01	1.658207849274123680e-01	0.000000000000000000e+00
6.393564995830932629e-01	1.652313618656663929e-01	0.000000000000000000e+00
6.393564995830932629e-01	1.652313618656663929e-01	0.000000000000000000e+00
8.292504486856138168e-01	4.709976585142085920e-02	0.000000000000000000e+00
8.292504486856138168e-01	4.709976585142085920e-02	0.000000000000000000e+00
8.292504486856138168e-01	4.709976585142085920e-02	0.000000000000000000e+00
8.292504486856138168e-01	4.709976585142085920e-02	0.000000000000000000e+00
8.322789826182745987e-01	5.818564780951489268e-02	0.000000000000000000e+00
8.335769257322720449e-01	2.631508370789577972e-02	0.000000000000000000e+00
8.348748688462694911e-01	3.610217539377641059e-04	0.000000000000000000e+00
8.361728119602669373e-01	-3.726334735804870402e-02	0.000000000000000000e+00
8.361728119602669373e-01	-9.244550359023186170e-02	0.000000000000000000e+00
8.361728119602669373e-01	-9.244550359023186170e-02	0.000000000000000000e+00
8.361728119602669373e-01	-9.244550359023186170e-02	0.000000000000000000e+00
8.361728119602669373e-01	-9.244550359023186170e-02	0.000000000000000000e+00
8.392647408068287795e-01	-1.233417915401930770e-01	0.000000000000000000e+00
8.411198981147658404e-01	-1.426309754786266315e-01	0.000000000000000000e+00
8.411198981147658404e-01	-1.426309754786266315e-01	0.000000000000000000e+00
