0.000000000000000000e+00	2.163326908402305460e+00	0.000000000000000000e+00
3.729639203798701397e-02	1.559340563436445226e+00	0.000000000000000000e+00
6.625643308052879543e-02	1.552236149730900960e+00	0.000000000000000000e+00
9.938464962079318621e-02	1.458271293802880342e+00	0.000000000000000000e+00
7.913738137073333956e-02	1.483438235184303400e+00	0.000000000000000000e+00
1.861392016628945212e-01	1.459660649407882316e+00	0.000000000000000000e+00
2.063993124913965360e-01	1.307068556445156515e+00	0.000000000000000000e+00
2.217310459275131374e-01	1.181388542548770682e+00	0.000000000000000000e+00
2.367894787341495166e-01	1.028254890945798028e+00	0.000000000000000000e+00
2.466462335189202604e-01	9.039693411787199651e-01	0.000000000000000000e+00
2.565029883036910041e-01	7.390032809950782822e-01	0.000000000000000000e+00
2.565029883036910041e-01	7.390032809950782822e-01	0.000000000000000000e+00
2.565029883036910041e-01	7.390032809950782822e-01	0.000000000000000000e+00
2.565029883036910041e-01	7.415818624947615456e-01	0.000000000000000000e+00
2.565029883036910041e-01	7.415818624947615456e-01	0.000000000000000000e+00
2.565029883036910041e-01	7.415818624947615456e-01	0.000000000000000000e+00
4.251574953119328093e-01	5.254248026589980469e-01	0.000000000000000000e+00
4.251574953119328093e-01	5.254248026589980469e-01	0.000000000000000000e+00
4.251574953119328093e-01	5.311200748016597917e-01	0.000000000000000000e+00
4.327021588942256414e-01	5.239856693020339407e-01	0.000000000000000000e+00
4.364744906853720297e-01	4.296408102070349289e-01	0.000000000000000000e+00
4.402468224765184734e-01	4.140130604288165816e-01	0.000000000000000000e+00
4.477914860588112500e-01	3.780387617664270894e-01	0.000000000000000000e+00
4.553361496411040821e-01	3.604975113383062091e-01	0.000000000000000000e+00
4.553361496411040821e-01	3.568665907740178334e-01	0.000000000000000000e+00
4.553361496411040821e-01	3.568665907740178334e-01	0.000000000000000000e+00
4.553361496411040821e-01	3.568665907740178334e-01	0.000000000000000000e+00
4.553361496411040821e-01	3.568665907740178334e-01	0.000000000000000000e+00
6.393564995830932629e-01	1.214225003392386398e-01	0.000000000000000000e+00
6.393564995830932629e-01	1.214225003392386398e-01	0.000000000000000000e+00
6.393564995830932629e-01	1.214225003392386398e-01	0.000000000000000000e+00
6.393564995830932629e-01	1.608084633542426478e-01	0.000000000000000000e+00
6.393564995830932629e-01	1.608084633542426478e-01	0.000000000000000000e+00
6.393564995830932629e-01	1.608084633542426478e-01	0.000000000000000000e+00
6.393564995830932629e-01	1.608084633542426478e-01	0.000000000000000000e+00
8.292504486856138168e-01	7.588562255972666759e-02	0.000000000000000000e+00
8.292504486856138168e-01	7.588562255972666759e-02	0.000000000000000000e+00
8.292504486856138168e-01	7.588562255972666759e-02	0.000000000000000000e+00
8.292504486856138168e-01	7.588562255972666759e-02	0.000000000000000000e+00
8.335769257322720449e-01	-4.304041186730855201e-02	0.000000000000000000e+00
8.335769257322720449e-01	-4.304041186730855201e-02	0.000000000000000000e+00
8.335769257322720449e-01	-4.304041186730855201e-02	0.000000000000000000e+00
8.335769257322720449e-01	-4.304041186730855201e-02	0.000000000000000000e+00
8.335769257322720449e-01	-7.389868152054074324e-02	0.000000000000000000e+00
8.361728119602669373e-01	-1.133928739532187729e-01	0.000000000000000000e+00
8.361728119602669373e-01	-8.897549703098689422e-02	0.000000000000000000e+00
8.379667976928313333e-01	-1.586539688140570781e-01	0.000000000000000000e+00
8.392647408068287795e-01	-1.289213994202762781e-01	0.000000000000000000e+00
8.392647408068287795e-01	-1.474036263228496180e-01	0.000000000000000000e+00
8.392647408068287795e-01	-1.474036263228496180e-01	0.000000000000000000e+00
