0.000000000000000000e+00	1.920811601567530058e+00	0.000000000000000000e+00
3.729639203798701397e-02	1.525500880166254181e+00	0.000000000000000000e+00
6.625643308052879543e-02	1.437302234755897690e+00	0.000000000000000000e+00
9.294417547569092108e-02	1.398576405895724850e+00	0.000000000000000000e+00
1.072136526351696872e-01	1.179631173167878133e+00	0.000000000000000000e+00
1.072136526351696872e-01	1.179631173167878133e+00	0.000000000000000000e+00
1.205575238327507570e-01	1.201712729333817675e+00	0.000000000000000000e+00
2.291236120160911882e-01	1.084004151380301151e+00	0.000000000000000000e+00
2.291236120160911882e-01	9.829054108042547533e-01	0.000000000000000000e+00
2.367894787341494611e-01	8.227690056443576205e-01	0.000000000000000000e+00
2.466462335189202326e-01	7.333592301784576106e-01	0.000000000000000000e+00
2.565029883036910041e-01	7.002867844909841377e-01	0.000000000000000000e+00
2.565029883036910041e-01	6.943491582675774820e-01	0.000000000000000000e+00
2.565029883036910041e-01	6.943491582675774820e-01	0.000000000000000000e+00
2.565029883036910041e-01	6.943491582675774820e-01	0.000000000000000000e+00
2.565029883036910041e-01	6.943491582675774820e-01	0.000000000000000000e+00
4.242144123641461984e-01	4.901648120934237185e-01	0.000000000000000000e+00
4.242144123641461984e-01	5.587342202478842168e-01	0.000000000000000000e+00
4.249217245749861149e-01	4.691275922739285842e-01	0.000000000000000000e+00
4.256290367858260870e-01	4.592875500404521305e-01	0.000000000000000000e+00
4.310517637355990583e-01	3.860661205481577540e-01	0.000000000000000000e+00
4.364744906853720297e-01	3.701791732860069128e-01	0.000000000000000000e+00
4.364744906853720297e-01	3.341504600496507660e-01	0.000000000000000000e+00
4.572223155366773040e-01	2.770304964810173520e-01	0.000000000000000000e+00
4.572223155366773040e-01	2.591933769039175828e-01	0.000000000000000000e+00
4.572223155366773040e-01	2.472116216680966816e-01	0.000000000000000000e+00
4.572223155366773040e-01	2.472116216680966816e-01	0.000000000000000000e+00
4.572223155366773040e-01	2.472116216680966816e-01	0.000000000000000000e+00
4.572223155366773040e-01	2.472116216680966816e-01	0.000000000000000000e+00
6.393564995830932629e-01	1.535504424961284808e-01	0.000000000000000000e+00
6.393564995830932629e-01	1.535504424961284808e-01	0.000000000000000000e+00
6.393564995830932629e-01	1.326163553830585762e-01	0.000000000000000000e+00
6.393564995830932629e-01	1.326163553830585762e-01	0.000000000000000000e+00
6.393564995830932629e-01	1.326163553830585762e-01	0.000000000000000000e+00
6.393564995830932629e-01	1.326163553830585762e-01	0.000000000000000000e+00
8.274252161815549567e-01	3.245459765791871773e-04	0.000000000000000000e+00
8.274252161815549567e-01	3.245459765791871773e-04	0.000000000000000000e+00
8.274252161815549567e-01	3.245459765791871773e-04	0.000000000000000000e+00
8.274252161815549567e-01	4.726822049512399704e-03	0.000000000000000000e+00
8.274252161815549567e-01	4.726822049512399704e-03	0.000000000000000000e+00
8.274252161815549567e-01	-3.167892402722726625e-02	0.000000000000000000e+00
8.281519291229857416e-01	-4.720546095976719397e-02	0.000000000000000000e+00
8.288786420644166375e-01	-1.048184045927735980e-01	0.000000000000000000e+00
8.288786420644166375e-01	-1.048184045927735980e-01	0.000000000000000000e+00
8.306988044781864478e-01	-1.211719473607774239e-01	0.000000000000000000e+00
8.317922539505254731e-01	-1.432049295188731752e-01	0.000000000000000000e+00
8.332524399537726278e-01	-1.977701547436308549e-01	0.000000000000000000e+00
8.332524399537726278e-01	-1.977701547436308549e-01	0.000000000000000000e+00
8.332524399537726278e-01	-1.977701547436308549e-01	0.000000000000000000e+00
8.332524399537726278e-01	-1.894049067592555868e-01	0.000000000000000000e+00
