0.000000000000000000e+00	1.731907251001752801e+00	0.000000000000000000e+00
3.729639203798701397e-02	1.340693627387204767e+00	0.000000000000000000e+00
6.025784382447924026e-02	1.156182085678685967e+00	0.000000000000000000e+00
9.038676573671886039e-02	1.117466715376649100e+00	0.000000000000000000e+00
6.025784382447924026e-02	1.150649225888993543e+00	0.000000000000000000e+00
6.025784382447924026e-02	1.150649225888993543e+00	0.000000000000000000e+00
6.025784382447924026e-02	1.150649225888993543e+00	0.000000000000000000e+00
2.241952346237058025e-01	9.303599890410123585e-01	0.000000000000000000e+00
2.241952346237058025e-01	9.303599890410123585e-01	0.000000000000000000e+00
2.266594233198985231e-01	7.976276694906241360e-01	0.000000000000000000e+00
2.403491114636984172e-01	7.353602561177489116e-01	0.000000000000000000e+00
2.565029883036910041e-01	6.902638204781368358e-01	0.000000000000000000e+00
2.565029883036910041e-01	6.902638204781368358e-01	0.000000000000000000e+00
2.565029883036910041e-01	6.902638204781368358e-01	0.000000000000000000e+00
2.565029883036910041e-01	6.902638204781368358e-01	0.000000000000000000e+00
2.561493321982710181e-01	6.889997723320855361e-01	0.000000000000000000e+00
4.207957366784197406e-01	5.224594725361624281e-01	0.000000000000000000e+00
4.207957366784197406e-01	5.224594725361624281e-01	0.000000000000000000e+00
4.207957366784197406e-01	4.802663377761062780e-01	0.000000000000000000e+00
4.256290367858260870e-01	4.592875500404521305e-01	0.000000000000000000e+00
4.310517637355990583e-01	3.670940191174139056e-01	0.000000000000000000e+00
4.310517637355990583e-01	3.622016389160869210e-01	0.000000000000000000e+00
4.364744906853720297e-01	2.888179094264624602e-01	0.000000000000000000e+00
4.364744906853720297e-01	2.749337433924453622e-01	0.000000000000000000e+00
4.572223155366773595e-01	2.256490033727328870e-01	0.000000000000000000e+00
4.572223155366773040e-01	2.172531648243619939e-01	0.000000000000000000e+00
4.572223155366773040e-01	2.172531648243619939e-01	0.000000000000000000e+00
4.572223155366773040e-01	2.172531648243619939e-01	0.000000000000000000e+00
4.572223155366773040e-01	2.172531648243619939e-01	0.000000000000000000e+00
6.393564995830932629e-01	5.540235129028271005e-02	0.000000000000000000e+00
6.393564995830932629e-01	1.260219216987975566e-01	0.000000000000000000e+00
6.393564995830932629e-01	1.260219216987975566e-01	0.000000000000000000e+00
6.393564995830932629e-01	1.260219216987975566e-01	0.000000000000000000e+00
6.393564995830932629e-01	1.148182234859939643e-01	0.000000000000000000e+00
6.393564995830932629e-01	1.148182234859939643e-01	0.000000000000000000e+00
8.274252161815549567e-01	7.753393099650620138e-03	0.000000000000000000e+00
8.274252161815549567e-01	-9.984281594703747417e-03	0.000000000000000000e+00
8.274252161815549567e-01	-9.984281594703747417e-03	0.000000000000000000e+00
8.274252161815549567e-01	-5.579332859206495576e-02	0.000000000000000000e+00
8.274252161815549567e-01	-5.579332859206495576e-02	0.000000000000000000e+00
8.274252161815549567e-01	-5.579332859206495576e-02	0.000000000000000000e+00
8.294253668005862057e-01	-9.266716939115335339e-02	0.000000000000000000e+00
8.288786420644166375e-01	-9.914608694309336168e-02	0.000000000000000000e+00
8.294253668005862057e-01	-1.097967017936228029e-01	0.000000000000000000e+00
8.294253668005862057e-01	-1.528773843015806266e-01	0.000000000000000000e+00
8.342092082420692334e-01	-2.190355305812397013e-01	0.000000000000000000e+00
8.342092082420692334e-01	-2.190355305812397013e-01	0.000000000000000000e+00
8.342092082420692334e-01	-2.190355305812397013e-01	0.000000000000000000e+00
8.366011289628108027e-01	-2.499535449573519197e-01	0.000000000000000000e+00
8.342092082420692334e-01	-2.190355305812397013e-01	0.000000000000000000e+00
