0.000000000000000000e+00	4.668431175731671878e+00	0.000000000000000000e+00
1.420267070944070120e-02	4.359597010932883876e+00	0.000000000000000000e+00
8.107798146389166849e-02	3.988487784518855328e+00	0.000000000000000000e+00
8.107798146389166849e-02	3.988487784518855328e+00	0.000000000000000000e+00
1.857647337053408010e-01	3.582049788214043851e+00	0.000000000000000000e+00
1.891166234594692241e-01	3.510091786800443536e+00	0.000000000000000000e+00
2.069662880934679261e-01	3.043393450892811991e+00	0.000000000000000000e+00
2.136700676017248002e-01	2.914337494296873388e+00	0.000000000000000000e+00
2.248159527274666281e-01	2.704375165272611792e+00	0.000000000000000000e+00
2.248159527274666281e-01	2.695757658019352743e+00	0.000000000000000000e+00
2.248159527274666281e-01	2.704375165272611792e+00	0.000000000000000000e+00
2.248159527274666281e-01	2.704375165272611792e+00	0.000000000000000000e+00
2.669636948248204078e-01	2.748316523309316306e+00	0.000000000000000000e+00
2.669636948248204078e-01	2.780644539495330303e+00	0.000000000000000000e+00
4.419758822398806575e-01	2.476103533811876645e+00	0.000000000000000000e+00
4.419758822398806575e-01	2.531214541798544104e+00	0.000000000000000000e+00
4.419758822398806575e-01	2.531214541798544104e+00	0.000000000000000000e+00
4.464164115190691895e-01	2.459348878920442072e+00	0.000000000000000000e+00
4.464164115190691895e-01	2.444435292751499844e+00	0.000000000000000000e+00
4.464164115190691895e-01	2.444435292751499844e+00	0.000000000000000000e+00
4.464164115190691895e-01	2.444435292751499844e+00	0.000000000000000000e+00
2.972414621817811020e-01	2.431008590927065338e+00	0.000000000000000000e+00
2.972414621817811020e-01	2.423154766216572664e+00	0.000000000000000000e+00
2.972414621817811020e-01	2.423154766216572664e+00	0.000000000000000000e+00
2.972414621817811020e-01	2.423154766216572664e+00	0.000000000000000000e+00
2.972414621817811020e-01	2.423154766216572664e+00	0.000000000000000000e+00
8.386297493460839192e-01	1.660347623674471418e+00	0.000000000000000000e+00
8.382882216913871698e-01	1.989315683321525974e+00	0.000000000000000000e+00
8.382882216913871698e-01	1.989315683321525974e+00	0.000000000000000000e+00
8.382882216913871698e-01	1.989315683321525974e+00	0.000000000000000000e+00
8.371497961757310424e-01	1.865408852402782980e+00	0.000000000000000000e+00
8.371497961757310424e-01	1.865408852402782980e+00	0.000000000000000000e+00
8.371497961757310424e-01	1.865408852402782980e+00	0.000000000000000000e+00
8.371497961757310424e-01	1.865408852402782980e+00	0.000000000000000000e+00
8.371497961757310424e-01	1.820212871310798564e+00	0.000000000000000000e+00
8.367371169263058128e-01	1.924159992657866303e+00	0.000000000000000000e+00
8.367371169263058128e-01	1.924159992657866303e+00	0.000000000000000000e+00
8.367371169263058128e-01	1.924159992657866303e+00	0.000000000000000000e+00
8.363244376768805832e-01	1.914187035866864228e+00	0.000000000000000000e+00
8.363244376768805832e-01	1.948091653559957726e+00	0.000000000000000000e+00
8.363244376768805832e-01	1.914187035866864228e+00	0.000000000000000000e+00
8.413619705836581364e-01	1.862277134752104324e+00	0.000000000000000000e+00
8.413619705836581364e-01	1.862277134752104324e+00	0.000000000000000000e+00
8.422727109961829495e-01	1.837432634375880447e+00	0.000000000000000000e+00
8.422727109961829495e-01	1.837432634375880447e+00	0.000000000000000000e+00
8.413619705836581364e-01	1.833969662321800254e+00	0.000000000000000000e+00
8.413619705836581364e-01	1.833969662321800254e+00	0.000000000000000000e+00
8.413619705836581364e-01	1.833969662321800254e+00	0.000000000000000000e+00
8.413619705836581364e-01	1.833969662321800254e+00	0.000000000000000000e+00
8.413619705836581364e-01	2.010157470751911646e+00	0.000000000000000000e+00
