0.000000000000000000e+00	4.690654491608761134e+00	0.000000000000000000e+00
1.420267070944070120e-02	4.359597010932883876e+00	0.000000000000000000e+00
8.107798146389166849e-02	3.943332692128484140e+00	0.000000000000000000e+00
8.107798146389166849e-02	3.943332692128484140e+00	0.000000000000000000e+00
1.857647337053408010e-01	3.576219820453861775e+00	0.000000000000000000e+00
2.069662880934679261e-01	2.951398914146990737e+00	0.000000000000000000e+00
2.069662880934679261e-01	2.951398914146990737e+00	0.000000000000000000e+00
2.069662880934679261e-01	2.891806008582983534e+00	0.000000000000000000e+00
2.248159527274666281e-01	2.691776188098525147e+00	0.000000000000000000e+00
2.248159527274666281e-01	2.691776188098525147e+00	0.000000000000000000e+00
2.669636948248204078e-01	2.627423746088366485e+00	0.000000000000000000e+00
2.669636948248204078e-01	2.627423746088366485e+00	0.000000000000000000e+00
2.669636948248204078e-01	2.627423746088366485e+00	0.000000000000000000e+00
2.669636948248204078e-01	2.780644539495330303e+00	0.000000000000000000e+00
4.419758822398806575e-01	2.591076075774768395e+00	0.000000000000000000e+00
4.419758822398806575e-01	2.591076075774768395e+00	0.000000000000000000e+00
4.419758822398806575e-01	2.498490406350803550e+00	0.000000000000000000e+00
4.464164115190691895e-01	2.447391624542610611e+00	0.000000000000000000e+00
4.464164115190691895e-01	2.444435292751499844e+00	0.000000000000000000e+00
4.464164115190691895e-01	2.444435292751499844e+00	0.000000000000000000e+00
4.464164115190691895e-01	2.444435292751499844e+00	0.000000000000000000e+00
2.972414621817811020e-01	2.431008590927065338e+00	0.000000000000000000e+00
2.972414621817811020e-01	2.402807182193809510e+00	0.000000000000000000e+00
2.972414621817811020e-01	2.402807182193809510e+00	0.000000000000000000e+00
2.972414621817811020e-01	2.402807182193809510e+00	0.000000000000000000e+00
2.972414621817811020e-01	2.402807182193809510e+00	0.000000000000000000e+00
8.382882216913871698e-01	2.148590623071215511e+00	0.000000000000000000e+00
8.382882216913871698e-01	2.148590623071215511e+00	0.000000000000000000e+00
8.382882216913871698e-01	2.148590623071215511e+00	0.000000000000000000e+00
8.371497961757310424e-01	2.003393903748421412e+00	0.000000000000000000e+00
8.371497961757310424e-01	2.003393903748421412e+00	0.000000000000000000e+00
8.371497961757310424e-01	2.003393903748421412e+00	0.000000000000000000e+00
8.371497961757310424e-01	2.003393903748421412e+00	0.000000000000000000e+00
8.371497961757310424e-01	1.865386359006870665e+00	0.000000000000000000e+00
8.367371169263058128e-01	1.862899019152352675e+00	0.000000000000000000e+00
8.367371169263058128e-01	1.862899019152352675e+00	0.000000000000000000e+00
8.367371169263058128e-01	1.862899019152352675e+00	0.000000000000000000e+00
8.367371169263058128e-01	1.862899019152352675e+00	0.000000000000000000e+00
8.367371169263058128e-01	1.898521652886164590e+00	0.000000000000000000e+00
8.363244376768805832e-01	1.894489557198951957e+00	0.000000000000000000e+00
8.413619705836581364e-01	1.744128137430568382e+00	0.000000000000000000e+00
8.413619705836581364e-01	1.749345644410954304e+00	0.000000000000000000e+00
8.413619705836581364e-01	1.749345644410954304e+00	0.000000000000000000e+00
8.413619705836581364e-01	1.749345644410954304e+00	0.000000000000000000e+00
8.418173407899205429e-01	1.678962435904883810e+00	0.000000000000000000e+00
8.418173407899205429e-01	1.678962435904883810e+00	0.000000000000000000e+00
8.418173407899205429e-01	1.678962435904883810e+00	0.000000000000000000e+00
8.418173407899205429e-01	1.678962435904883810e+00	0.000000000000000000e+00
8.418173407899205429e-01	1.673822060884715857e+00	0.000000000000000000e+00
8.418173407899205429e-01	1.673822060884715857e+00	0.000000000000000000e+00
