0.000000000000000000e+00	1.528837392253940664e+00	0.000000000000000000e+00
2.846159538307861669e-02	1.317633008263191075e+00	0.000000000000000000e+00
5.942418055989873854e-02	1.112385966220635236e+00	0.000000000000000000e+00
7.532230478059905032e-02	1.072863492486277437e+00	0.000000000000000000e+00
9.875265947935926714e-02	1.042274927092849968e+00	0.000000000000000000e+00
9.875265947935926714e-02	1.042274927092849968e+00	0.000000000000000000e+00
9.875265947935926714e-02	1.044300166401853858e+00	0.000000000000000000e+00
2.132841154747438517e-01	7.913973796184264886e-01	0.000000000000000000e+00
2.132841154747438517e-01	7.913973796184264886e-01	0.000000000000000000e+00
2.209097430919254035e-01	7.103013407293595760e-01	0.000000000000000000e+00
2.358315255838216440e-01	5.992570455412585817e-01	0.000000000000000000e+00
2.450036278477447371e-01	5.580314314402203824e-01	0.000000000000000000e+00
2.565029883036910041e-01	4.895078935931454489e-01	0.000000000000000000e+00
2.638240420892560834e-01	4.644497048045416743e-01	0.000000000000000000e+00
2.638240420892560834e-01	4.644497048045416743e-01	0.000000000000000000e+00
2.638240420892560834e-01	4.644497048045416743e-01	0.000000000000000000e+00
2.638240420892560834e-01	4.644497048045416743e-01	0.000000000000000000e+00
2.638240420892560834e-01	4.930214275541282554e-01	0.000000000000000000e+00
4.187028237181248391e-01	4.043515738145733174e-01	0.000000000000000000e+00
4.187028237181248391e-01	3.782515075740082167e-01	0.000000000000000000e+00
4.249325524933338372e-01	3.138592889865965407e-01	0.000000000000000000e+00
4.297935969210502360e-01	2.866040242907583746e-01	0.000000000000000000e+00
4.387639851150044734e-01	2.484170406155688238e-01	0.000000000000000000e+00
4.403079519308599754e-01	1.102243782613425288e-01	0.000000000000000000e+00
4.403079519308599754e-01	1.102243782613425288e-01	0.000000000000000000e+00
4.403079519308599754e-01	1.102243782613425288e-01	0.000000000000000000e+00
4.486530630674758768e-01	1.008757867507252826e-01	0.000000000000000000e+00
4.486530630674758768e-01	8.111515413837946942e-02	0.000000000000000000e+00
4.486530630674758768e-01	8.111515413837946942e-02	0.000000000000000000e+00
4.486530630674758768e-01	8.098792925756259642e-02	0.000000000000000000e+00
4.486530630674758768e-01	8.098792925756259642e-02	0.000000000000000000e+00
6.216846893230298932e-01	4.924121396206514872e-02	0.000000000000000000e+00
6.216846893230298932e-01	4.924121396206514872e-02	0.000000000000000000e+00
6.252190513750425227e-01	-4.132886090939160394e-03	0.000000000000000000e+00
6.269862324010488930e-01	-2.646751104779925673e-02	0.000000000000000000e+00
6.322877754790678928e-01	-4.214666306199352924e-02	0.000000000000000000e+00
6.322877754790678928e-01	-8.045378030561385618e-02	0.000000000000000000e+00
6.322877754790678928e-01	-8.045378030561385618e-02	0.000000000000000000e+00
6.388130511968326264e-01	-1.032964595242526762e-01	0.000000000000000000e+00
6.388130511968326264e-01	-1.140149008655979707e-01	0.000000000000000000e+00
6.388130511968326264e-01	-1.140149008655979707e-01	0.000000000000000000e+00
8.236932072212881373e-01	-1.528447398213373942e-01	0.000000000000000000e+00
8.236932072212881373e-01	-1.528447398213373942e-01	0.000000000000000000e+00
8.245695406396865712e-01	-1.786114501789763942e-01	0.000000000000000000e+00
8.289512077316787408e-01	-2.295470548911357489e-01	0.000000000000000000e+00
8.289512077316787408e-01	-2.295470548911357489e-01	0.000000000000000000e+00
8.289512077316787408e-01	-2.364524001402736053e-01	0.000000000000000000e+00
8.297214226501929968e-01	-2.606722372309021041e-01	0.000000000000000000e+00
8.320320674057356536e-01	-2.842777551214091813e-01	0.000000000000000000e+00
8.320320674057356536e-01	-2.842777551214091813e-01	0.000000000000000000e+00
