0.000000000000000000e+00	1.431586758005218396e+00	0.000000000000000000e+00
3.033368009128032533e-02	1.093651125451145401e+00	0.000000000000000000e+00
5.942418055989873854e-02	1.009992781755802094e+00	0.000000000000000000e+00
8.885657142154840260e-02	8.908426106168509939e-01	0.000000000000000000e+00
8.885657142154840260e-02	8.709719022467371508e-01	0.000000000000000000e+00
8.885657142154840260e-02	8.709719022467371508e-01	0.000000000000000000e+00
8.885657142154840260e-02	8.709719022467371508e-01	0.000000000000000000e+00
2.130282421629609013e-01	6.366536721384071784e-01	0.000000000000000000e+00
2.130282421629609013e-01	6.350063028038170909e-01	0.000000000000000000e+00
2.361674408880073128e-01	5.098160679828837027e-01	0.000000000000000000e+00
2.395024449925875487e-01	4.767170014010417844e-01	0.000000000000000000e+00
2.528424614109084922e-01	3.341636238802584979e-01	0.000000000000000000e+00
2.528424614109084922e-01	3.335616264844337153e-01	0.000000000000000000e+00
2.528424614109084922e-01	3.335616264844337153e-01	0.000000000000000000e+00
2.528424614109084922e-01	3.335616264844337153e-01	0.000000000000000000e+00
2.528424614109084922e-01	3.459211547050622393e-01	0.000000000000000000e+00
2.528424614109084922e-01	3.520904823382636772e-01	0.000000000000000000e+00
4.161102611027421849e-01	2.883948370340076450e-01	0.000000000000000000e+00
4.255625046958138036e-01	1.666409343978828284e-01	0.000000000000000000e+00
4.255625046958138036e-01	1.666409343978828284e-01	0.000000000000000000e+00
4.276059985342925418e-01	1.605474767155562754e-01	0.000000000000000000e+00
4.296494923727712800e-01	1.135576604334849055e-01	0.000000000000000000e+00
4.377514154525469769e-01	6.261543849712346115e-03	0.000000000000000000e+00
4.377514154525469769e-01	6.261543849712346115e-03	0.000000000000000000e+00
4.433130917134792126e-01	-1.015231404240697806e-02	0.000000000000000000e+00
4.557049738007171724e-01	-2.368040957265621360e-02	0.000000000000000000e+00
4.557049738007171724e-01	-2.368040957265621360e-02	0.000000000000000000e+00
4.557049738007171724e-01	-2.368040957265621360e-02	0.000000000000000000e+00
4.557049738007171724e-01	-2.368040957265621360e-02	0.000000000000000000e+00
4.557049738007171724e-01	-2.368040957265621360e-02	0.000000000000000000e+00
6.349972094699393166e-01	-1.261626866081985154e-01	0.000000000000000000e+00
6.349972094699393166e-01	-2.806813904468585807e-01	0.000000000000000000e+00
6.349972094699393166e-01	-2.806813904468585807e-01	0.000000000000000000e+00
6.349972094699393166e-01	-2.806813904468585807e-01	0.000000000000000000e+00
6.349972094699393166e-01	-2.806813904468585807e-01	0.000000000000000000e+00
6.349972094699393166e-01	-2.806813904468585807e-01	0.000000000000000000e+00
6.349972094699393166e-01	-2.806813904468585807e-01	0.000000000000000000e+00
6.349972094699393166e-01	-2.691118467058875585e-01	0.000000000000000000e+00
6.349972094699393166e-01	-2.691118467058875585e-01	0.000000000000000000e+00
6.361550847678428822e-01	-2.690233328960568437e-01	0.000000000000000000e+00
8.316354067227008651e-01	-4.809375265725009396e-01	0.000000000000000000e+00
8.316354067227008651e-01	-4.809375265725009396e-01	0.000000000000000000e+00
8.316354067227008651e-01	-4.809375265725009396e-01	0.000000000000000000e+00
8.309735567642497767e-01	-3.987764569162900452e-01	0.000000000000000000e+00
8.309735567642497767e-01	-3.987764569162900452e-01	0.000000000000000000e+00
8.309735567642497767e-01	-3.987764569162900452e-01	0.000000000000000000e+00
8.339518815772796190e-01	-4.174697833112664958e-01	0.000000000000000000e+00
8.339518815772796190e-01	-4.174697833112664958e-01	0.000000000000000000e+00
8.339518815772796190e-01	-4.174697833112664958e-01	0.000000000000000000e+00
8.342828065565051077e-01	-4.244742399235874597e-01	0.000000000000000000e+00
