0.000000000000000000e+00	1.226784865889992693e+00	0.000000000000000000e+00
6.426534542701103914e-03	1.048428922359242232e+00	0.000000000000000000e+00
6.426534542701103914e-03	1.048428922359242232e+00	0.000000000000000000e+00
6.426534542701103914e-03	1.048428922359242232e+00	0.000000000000000000e+00
3.449087752400062379e-02	9.272112606429243620e-01	0.000000000000000000e+00
3.449087752400062379e-02	9.272112606429243620e-01	0.000000000000000000e+00
4.241247524248674405e-02	9.199276663356912298e-01	0.000000000000000000e+00
4.966929994570709606e-02	8.686813704333459230e-01	0.000000000000000000e+00
4.966929994570709606e-02	8.686813704333459230e-01	0.000000000000000000e+00
6.883464296550306782e-02	8.362737220310821895e-01	0.000000000000000000e+00
6.883464296550306782e-02	8.362737220310821895e-01	0.000000000000000000e+00
8.720151119613876733e-02	8.049986693783682812e-01	0.000000000000000000e+00
8.720151119613876733e-02	7.960291690096831241e-01	0.000000000000000000e+00
8.720151119613876733e-02	7.960291690096831241e-01	0.000000000000000000e+00
8.720151119613876733e-02	7.960291690096831241e-01	0.000000000000000000e+00
8.720151119613876733e-02	7.960291690096831241e-01	0.000000000000000000e+00
8.720151119613876733e-02	7.960291690096831241e-01	0.000000000000000000e+00
8.720151119613876733e-02	7.960291690096831241e-01	0.000000000000000000e+00
8.720151119613876733e-02	7.960291690096831241e-01	0.000000000000000000e+00
8.720151119613876733e-02	7.960291690096831241e-01	0.000000000000000000e+00
8.720151119613876733e-02	7.960291690096831241e-01	0.000000000000000000e+00
8.720151119613876733e-02	7.960291690096831241e-01	0.000000000000000000e+00
8.720151119613876733e-02	7.960291690096831241e-01	0.000000000000000000e+00
1.865816245472058099e-01	7.776425256549208687e-01	0.000000000000000000e+00
1.974338915550980511e-01	7.507719151716332195e-01	0.000000000000000000e+00
1.940508377355042446e-01	7.496367690047904819e-01	0.000000000000000000e+00
2.034871885476084719e-01	7.336252526337884161e-01	0.000000000000000000e+00
2.089455792223234298e-01	6.462682074977966762e-01	0.000000000000000000e+00
2.089455792223234298e-01	6.462682074977966762e-01	0.000000000000000000e+00
2.104021074315843842e-01	6.294358983537248209e-01	0.000000000000000000e+00
2.211458918793502981e-01	5.584795093399893551e-01	0.000000000000000000e+00
2.250247024454378741e-01	5.043320871253181847e-01	0.000000000000000000e+00
2.250247024454378741e-01	4.817021225304122245e-01	0.000000000000000000e+00
2.250247024454378741e-01	4.817021225304122245e-01	0.000000000000000000e+00
2.357684868932038158e-01	4.466999871648288933e-01	0.000000000000000000e+00
2.357684868932038158e-01	4.466999871648288933e-01	0.000000000000000000e+00
2.357684868932038158e-01	4.466999871648288933e-01	0.000000000000000000e+00
2.518841635648527144e-01	3.798900300617094050e-01	0.000000000000000000e+00
2.518841635648527144e-01	3.798900300617094050e-01	0.000000000000000000e+00
2.518841635648527144e-01	3.798900300617094050e-01	0.000000000000000000e+00
2.518841635648527144e-01	3.798900300617094050e-01	0.000000000000000000e+00
2.518841635648527144e-01	3.798900300617094050e-01	0.000000000000000000e+00
2.518841635648527144e-01	3.798900300617094050e-01	0.000000000000000000e+00
2.518841635648527144e-01	3.798900300617094050e-01	0.000000000000000000e+00
2.518841635648527144e-01	3.798900300617094050e-01	0.000000000000000000e+00
2.518841635648527144e-01	3.798900300617094050e-01	0.000000000000000000e+00
2.518841635648527144e-01	3.798900300617094050e-01	0.000000000000000000e+00
2.518841635648527144e-01	3.798900300617094050e-01	0.000000000000000000e+00
2.518841635648527144e-01	3.798900300617094050e-01	0.000000000000000000e+00
2.518841635648527144e-01	3.798900300617094050e-01	0.000000000000000000e+00
2.518841635648527144e-01	3.798900300617094050e-01	0.000000000000000000e+00
2.518841635648527144e-01	3.798900300617094050e-01	0.000000000000000000e+00
2.518841635648527144e-01	3.798900300617094050e-01	0.000000000000000000e+00
2.518841635648527144e-01	3.798900300617094050e-01	0.000000000000000000e+00
2.518841635648527144e-01	3.798900300617094050e-01	0.000000000000000000e+00
2.518841635648527144e-01	3.798900300617094050e-01	0.000000000000000000e+00
2.518841635648527144e-01	3.798900300617094050e-01	0.000000000000000000e+00
4.148160575504842851e-01	3.399459689281131847e-01	0.000000000000000000e+00
4.148160575504842851e-01	3.399459689281131847e-01	0.000000000000000000e+00
4.194754341940819531e-01	2.731442989943742017e-01	0.000000000000000000e+00
4.194754341940819531e-01	2.731442989943742017e-01	0.000000000000000000e+00
4.194754341940819531e-01	2.731442989943742017e-01	0.000000000000000000e+00
4.233278664999892138e-01	1.993135119139476663e-01	0.000000000000000000e+00
4.233278664999892138e-01	1.993135119139476663e-01	0.000000000000000000e+00
4.233278664999892138e-01	1.993135119139476663e-01	0.000000000000000000e+00
4.233278664999892138e-01	1.993135119139476663e-01	0.000000000000000000e+00
4.233278664999892138e-01	1.993135119139476663e-01	0.000000000000000000e+00
4.394727172293751427e-01	7.511828841463821793e-02	0.000000000000000000e+00
4.302626592841316544e-01	1.625135519563345732e-01	0.000000000000000000e+00
4.394727172293751427e-01	7.511828841463821793e-02	0.000000000000000000e+00
4.394727172293751427e-01	7.511828841463821793e-02	0.000000000000000000e+00
4.394727172293751427e-01	7.511828841463821793e-02	0.000000000000000000e+00
4.394727172293751427e-01	7.511828841463821793e-02	0.000000000000000000e+00
4.394727172293751427e-01	7.511828841463821793e-02	0.000000000000000000e+00
4.394727172293751427e-01	7.339964502139838254e-02	0.000000000000000000e+00
4.469766072689122516e-01	4.558553686709913844e-02	0.000000000000000000e+00
4.469766072689122516e-01	4.558553686709913844e-02	0.000000000000000000e+00
4.562511739575177971e-01	-5.834551753619417191e-03	0.000000000000000000e+00
4.562511739575177971e-01	-5.834551753619417191e-03	0.000000000000000000e+00
4.562511739575177971e-01	-5.834551753619417191e-03	0.000000000000000000e+00
4.562511739575177971e-01	-5.834551753619417191e-03	0.000000000000000000e+00
4.562511739575177971e-01	-1.560583629757004119e-02	0.000000000000000000e+00
4.562511739575177971e-01	-2.602618902532135431e-02	0.000000000000000000e+00
4.562511739575177971e-01	-2.782738520338689722e-02	0.000000000000000000e+00
4.562511739575177971e-01	-2.782738520338689722e-02	0.000000000000000000e+00
4.562511739575177971e-01	-2.782738520338689722e-02	0.000000000000000000e+00
4.562511739575177971e-01	-2.782738520338689722e-02	0.000000000000000000e+00
4.562511739575177971e-01	-2.782738520338689722e-02	0.000000000000000000e+00
4.562511739575177971e-01	-2.782738520338689722e-02	0.000000000000000000e+00
4.562511739575177971e-01	-2.782738520338689722e-02	0.000000000000000000e+00
4.562511739575177971e-01	-2.782738520338689722e-02	0.000000000000000000e+00
4.562511739575177971e-01	-2.782738520338689722e-02	0.000000000000000000e+00
4.562511739575177971e-01	-2.782738520338689722e-02	0.000000000000000000e+00
4.562511739575177971e-01	-2.782738520338689722e-02	0.000000000000000000e+00
4.562511739575177971e-01	-2.782738520338689722e-02	0.000000000000000000e+00
4.562511739575177971e-01	-2.782738520338689722e-02	0.000000000000000000e+00
4.562511739575177971e-01	-2.782738520338689722e-02	0.000000000000000000e+00
4.562511739575177971e-01	-2.782738520338689722e-02	0.000000000000000000e+00
6.263709618151628300e-01	-1.588940870252984194e-01	0.000000000000000000e+00
6.263709618151628300e-01	-1.588940870252984194e-01	0.000000000000000000e+00
6.263709618151628300e-01	-1.588940870252984194e-01	0.000000000000000000e+00
6.263709618151628300e-01	-1.588940870252984194e-01	0.000000000000000000e+00
6.263709618151628300e-01	-1.588940870252984194e-01	0.000000000000000000e+00
6.263709618151628300e-01	-1.588940870252984194e-01	0.000000000000000000e+00
6.263709618151628300e-01	-1.588940870252984194e-01	0.000000000000000000e+00
6.263709618151628300e-01	-1.588940870252984194e-01	0.000000000000000000e+00
6.263709618151628300e-01	-1.588940870252984194e-01	0.000000000000000000e+00
6.263709618151628300e-01	-1.588940870252984194e-01	0.000000000000000000e+00
6.263709618151628300e-01	-1.588940870252984194e-01	0.000000000000000000e+00
6.263709618151628300e-01	-1.823728606008733488e-01	0.000000000000000000e+00
6.263709618151628300e-01	-1.823728606008733488e-01	0.000000000000000000e+00
6.263709618151628300e-01	-1.823728606008733488e-01	0.000000000000000000e+00
6.263709618151628300e-01	-1.823728606008733488e-01	0.000000000000000000e+00
6.297985494246370886e-01	-2.152584756930750742e-01	0.000000000000000000e+00
6.297985494246370886e-01	-2.152584756930750742e-01	0.000000000000000000e+00
6.297985494246370886e-01	-2.152584756930750742e-01	0.000000000000000000e+00
6.402145145292873485e-01	-3.396376013350955181e-01	0.000000000000000000e+00
6.402145145292873485e-01	-3.396376013350955181e-01	0.000000000000000000e+00
6.373312721474766462e-01	-2.788094806900310862e-01	0.000000000000000000e+00
6.373312721474766462e-01	-2.788094806900310862e-01	0.000000000000000000e+00
6.402145145292873485e-01	-3.396376013350955181e-01	0.000000000000000000e+00
6.373312721474766462e-01	-2.788094806900310862e-01	0.000000000000000000e+00
6.373312721474766462e-01	-2.788094806900310862e-01	0.000000000000000000e+00
6.402145145292873485e-01	-3.396376013350955181e-01	0.000000000000000000e+00
6.373312721474766462e-01	-3.221709104766679044e-01	0.000000000000000000e+00
6.373312721474766462e-01	-3.221709104766679044e-01	0.000000000000000000e+00
6.373312721474766462e-01	-3.221709104766679044e-01	0.000000000000000000e+00
6.373312721474766462e-01	-3.221709104766679044e-01	0.000000000000000000e+00
6.402145145292873485e-01	-3.396376013350955181e-01	0.000000000000000000e+00
6.402145145292873485e-01	-3.396376013350955181e-01	0.000000000000000000e+00
6.401563736508354419e-01	-3.395611126200149266e-01	0.000000000000000000e+00
6.402145145292873485e-01	-3.673062917621196521e-01	0.000000000000000000e+00
6.402145145292873485e-01	-3.673062917621196521e-01	0.000000000000000000e+00
6.402145145292873485e-01	-3.673062917621196521e-01	0.000000000000000000e+00
6.402145145292873485e-01	-3.673062917621196521e-01	0.000000000000000000e+00
6.522273001742030507e-01	-4.233204314532189039e-01	0.000000000000000000e+00
6.498866945074106560e-01	-4.169779756073236920e-01	0.000000000000000000e+00
6.498866945074106560e-01	-4.169779756073236920e-01	0.000000000000000000e+00
6.445169539277415538e-01	-3.940995433153833827e-01	0.000000000000000000e+00
6.522273001742030507e-01	-4.233204314532189039e-01	0.000000000000000000e+00
6.522273001742030507e-01	-4.233204314532189039e-01	0.000000000000000000e+00
6.498866945074106560e-01	-4.169779756073236920e-01	0.000000000000000000e+00
6.498866945074106560e-01	-4.169779756073236920e-01	0.000000000000000000e+00
6.522273001742030507e-01	-4.233204314532189039e-01	0.000000000000000000e+00
6.522273001742030507e-01	-4.233204314532189039e-01	0.000000000000000000e+00
6.522273001742030507e-01	-4.233204314532189039e-01	0.000000000000000000e+00
6.522273001742030507e-01	-4.233204314532189039e-01	0.000000000000000000e+00
6.522273001742030507e-01	-4.233204314532189039e-01	0.000000000000000000e+00
6.522273001742030507e-01	-4.233204314532189039e-01	0.000000000000000000e+00
6.522273001742030507e-01	-4.233204314532189039e-01	0.000000000000000000e+00
6.522273001742030507e-01	-4.233204314532189039e-01	0.000000000000000000e+00
6.522273001742030507e-01	-4.233204314532189039e-01	0.000000000000000000e+00
6.522273001742030507e-01	-4.233204314532189039e-01	0.000000000000000000e+00
8.341756447334293112e-01	-5.263191111407298228e-01	0.000000000000000000e+00
8.311482726595599280e-01	-4.669207190432417276e-01	0.000000000000000000e+00
8.311482726595599280e-01	-4.669207190432417276e-01	0.000000000000000000e+00
8.311482726595599280e-01	-4.669207190432417276e-01	0.000000000000000000e+00
8.311482726595599280e-01	-4.669207190432417276e-01	0.000000000000000000e+00
8.311482726595599280e-01	-4.669207190432417276e-01	0.000000000000000000e+00
8.341756447334293112e-01	-5.263191111407298228e-01	0.000000000000000000e+00
8.341756447334293112e-01	-5.263191111407298228e-01	0.000000000000000000e+00
8.311482726595599280e-01	-4.869541013417584829e-01	0.000000000000000000e+00
8.341756447334293112e-01	-5.263191111407298228e-01	0.000000000000000000e+00
8.341756447334293112e-01	-5.263191111407298228e-01	0.000000000000000000e+00
8.323971403798783308e-01	-5.035337635988377247e-01	0.000000000000000000e+00
8.341756447334293112e-01	-5.263191111407298228e-01	0.000000000000000000e+00
8.341756447334293112e-01	-5.263191111407298228e-01	0.000000000000000000e+00
8.341756447334293112e-01	-5.263191111407298228e-01	0.000000000000000000e+00
8.341756447334293112e-01	-5.263191111407298228e-01	0.000000000000000000e+00
8.341756447334293112e-01	-5.398608679958417644e-01	0.000000000000000000e+00
8.323971403798783308e-01	-5.394836675194523146e-01	0.000000000000000000e+00
8.381160499891763260e-01	-6.019791361685573605e-01	0.000000000000000000e+00
8.381160499891763260e-01	-6.019791361685573605e-01	0.000000000000000000e+00
8.341756447334293112e-01	-5.731674083330373648e-01	0.000000000000000000e+00
8.341756447334293112e-01	-5.731674083330373648e-01	0.000000000000000000e+00
8.341756447334293112e-01	-5.731674083330373648e-01	0.000000000000000000e+00
8.341756447334293112e-01	-5.731674083330373648e-01	0.000000000000000000e+00
8.381160499891763260e-01	-6.019791361685573605e-01	0.000000000000000000e+00
8.381160499891763260e-01	-6.019791361685573605e-01	0.000000000000000000e+00
8.381160499891763260e-01	-6.019791361685573605e-01	0.000000000000000000e+00
8.367873108340222466e-01	-6.003379699553481608e-01	0.000000000000000000e+00
8.367873108340222466e-01	-6.003379699553481608e-01	0.000000000000000000e+00
8.367873108340222466e-01	-6.003379699553481608e-01	0.000000000000000000e+00
8.426349434676384531e-01	-6.391457022085749173e-01	0.000000000000000000e+00
8.426349434676384531e-01	-6.391457022085749173e-01	0.000000000000000000e+00
8.426349434676384531e-01	-6.391457022085749173e-01	0.000000000000000000e+00
8.426349434676384531e-01	-6.391457022085749173e-01	0.000000000000000000e+00
8.426349434676384531e-01	-6.391457022085749173e-01	0.000000000000000000e+00
8.426349434676384531e-01	-6.391457022085749173e-01	0.000000000000000000e+00
8.426349434676384531e-01	-6.391457022085749173e-01	0.000000000000000000e+00
8.426349434676384531e-01	-6.391457022085749173e-01	0.000000000000000000e+00
8.426349434676384531e-01	-6.490787502084300886e-01	0.000000000000000000e+00
8.426349434676384531e-01	-6.490787502084300886e-01	0.000000000000000000e+00
8.449567464748606316e-01	-6.634722632437727308e-01	0.000000000000000000e+00
8.449567464748606316e-01	-6.634722632437727308e-01	0.000000000000000000e+00
8.449567464748606316e-01	-6.634722632437727308e-01	0.000000000000000000e+00
8.478805627916687904e-01	-6.785590203653009134e-01	0.000000000000000000e+00
8.478805627916687904e-01	-6.785590203653009134e-01	0.000000000000000000e+00
8.478805627916687904e-01	-6.785590203653009134e-01	0.000000000000000000e+00
8.478805627916687904e-01	-6.785590203653009134e-01	0.000000000000000000e+00
