0.000000000000000000e+00	1.269520598075638773e+00	0.000000000000000000e+00
6.426534542701103914e-03	9.811642000003655273e-01	0.000000000000000000e+00
6.426534542701103914e-03	9.811642000003655273e-01	0.000000000000000000e+00
1.750166381207790556e-02	9.140222223312786110e-01	0.000000000000000000e+00
1.750166381207790556e-02	9.140222223312786110e-01	0.000000000000000000e+00
4.123393792357386151e-02	8.162985374024559482e-01	0.000000000000000000e+00
4.393378648335978520e-02	7.922977422566785943e-01	0.000000000000000000e+00
5.249251704270309349e-02	7.603391719424544837e-01	0.000000000000000000e+00
6.105124760204640871e-02	7.291397896451221605e-01	0.000000000000000000e+00
6.105124760204640871e-02	7.291397896451221605e-01	0.000000000000000000e+00
6.105124760204640871e-02	7.291397896451221605e-01	0.000000000000000000e+00
8.321218083059866988e-02	7.012064890666706019e-01	0.000000000000000000e+00
8.321218083059866988e-02	7.012064890666706019e-01	0.000000000000000000e+00
8.321218083059866988e-02	7.012064890666706019e-01	0.000000000000000000e+00
8.321218083059866988e-02	7.012064890666706019e-01	0.000000000000000000e+00
8.321218083059866988e-02	7.012064890666706019e-01	0.000000000000000000e+00
8.321218083059866988e-02	7.012064890666706019e-01	0.000000000000000000e+00
8.321218083059866988e-02	7.012064890666706019e-01	0.000000000000000000e+00
8.321218083059866988e-02	7.012064890666706019e-01	0.000000000000000000e+00
8.321218083059866988e-02	7.012064890666706019e-01	0.000000000000000000e+00
8.321218083059866988e-02	7.012064890666706019e-01	0.000000000000000000e+00
8.321218083059866988e-02	7.012064890666706019e-01	0.000000000000000000e+00
8.321218083059866988e-02	7.012064890666706019e-01	0.000000000000000000e+00
1.850663373917220134e-01	6.895720629005099855e-01	0.000000000000000000e+00
1.933806817622916452e-01	6.302996196392313122e-01	0.000000000000000000e+00
1.946086095606773536e-01	6.286569998315063579e-01	0.000000000000000000e+00
1.982081275391000819e-01	5.984541671907933624e-01	0.000000000000000000e+00
2.041334168170437779e-01	5.571382530224976426e-01	0.000000000000000000e+00
2.042388418691770402e-01	5.499220668914114318e-01	0.000000000000000000e+00
2.140792787130976205e-01	5.161930682538311554e-01	0.000000000000000000e+00
2.185977553693362052e-01	4.486647567623195942e-01	0.000000000000000000e+00
2.185977553693362052e-01	4.486647567623195942e-01	0.000000000000000000e+00
2.185977553693362052e-01	4.333989147002687004e-01	0.000000000000000000e+00
2.263074298416196117e-01	3.875406444118697502e-01	0.000000000000000000e+00
2.278526747925254392e-01	3.837253478948703389e-01	0.000000000000000000e+00
2.304699294527625120e-01	3.567732404095240173e-01	0.000000000000000000e+00
2.324565450089206564e-01	3.467795894602547224e-01	0.000000000000000000e+00
2.391217025872610924e-01	3.104942059244405472e-01	0.000000000000000000e+00
2.439482611802948619e-01	3.069979118172895816e-01	0.000000000000000000e+00
2.452381179151406076e-01	2.833502523546564955e-01	0.000000000000000000e+00
2.500619720674257529e-01	2.763487160092584771e-01	0.000000000000000000e+00
2.580712401655330668e-01	2.656048987774245473e-01	0.000000000000000000e+00
2.580712401655330668e-01	2.606863379943892278e-01	0.000000000000000000e+00
2.580712401655330668e-01	2.606863379943892278e-01	0.000000000000000000e+00
2.580712401655330668e-01	2.606863379943892278e-01	0.000000000000000000e+00
2.580712401655330668e-01	2.606863379943892278e-01	0.000000000000000000e+00
2.580712401655330668e-01	2.606863379943892278e-01	0.000000000000000000e+00
2.580712401655330668e-01	2.606863379943892278e-01	0.000000000000000000e+00
2.580712401655330668e-01	2.606863379943892278e-01	0.000000000000000000e+00
2.580712401655330668e-01	2.606863379943892278e-01	0.000000000000000000e+00
2.580712401655330668e-01	2.606863379943892278e-01	0.000000000000000000e+00
2.580712401655330668e-01	2.606863379943892278e-01	0.000000000000000000e+00
2.580712401655330668e-01	2.606863379943892278e-01	0.000000000000000000e+00
2.580712401655330668e-01	2.606863379943892278e-01	0.000000000000000000e+00
2.580712401655330668e-01	2.606863379943892278e-01	0.000000000000000000e+00
2.580712401655330668e-01	2.606863379943892278e-01	0.000000000000000000e+00
2.580712401655330668e-01	2.606863379943892278e-01	0.000000000000000000e+00
2.580712401655330668e-01	2.606863379943892278e-01	0.000000000000000000e+00
2.580712401655330668e-01	2.606863379943892278e-01	0.000000000000000000e+00
4.181440265342029061e-01	1.636705271489926339e-01	0.000000000000000000e+00
4.181440265342029061e-01	1.636705271489926339e-01	0.000000000000000000e+00
4.181440265342029061e-01	1.636705271489926339e-01	0.000000000000000000e+00
4.181440265342029061e-01	1.636705271489926339e-01	0.000000000000000000e+00
4.181440265342029061e-01	1.636705271489926339e-01	0.000000000000000000e+00
4.190492940686119105e-01	1.522076996865544540e-01	0.000000000000000000e+00
4.190492940686119105e-01	1.419070453885391825e-01	0.000000000000000000e+00
4.249326241557102035e-01	9.399026670576000886e-02	0.000000000000000000e+00
4.249326241557102035e-01	9.399026670576000886e-02	0.000000000000000000e+00
4.249326241557102035e-01	7.437066540957605609e-02	0.000000000000000000e+00
4.249326241557102035e-01	7.437066540957605609e-02	0.000000000000000000e+00
4.281151512747020660e-01	5.995199913775611095e-02	0.000000000000000000e+00
4.287486912054608856e-01	4.263186454777721790e-02	0.000000000000000000e+00
4.315539797248523213e-01	3.030869927151609577e-02	0.000000000000000000e+00
4.343178865232824037e-01	9.515407969311969263e-03	0.000000000000000000e+00
4.343178865232824037e-01	-5.490647224954395798e-03	0.000000000000000000e+00
4.343178865232824037e-01	-5.490647224954395798e-03	0.000000000000000000e+00
4.394356503210029574e-01	-2.693163659904687299e-02	0.000000000000000000e+00
4.394356503210029574e-01	-2.693163659904687299e-02	0.000000000000000000e+00
4.428408533008167947e-01	-6.652630998052892763e-02	0.000000000000000000e+00
4.428408533008167947e-01	-6.652630998052892763e-02	0.000000000000000000e+00
4.428408533008167947e-01	-6.652630998052892763e-02	0.000000000000000000e+00
4.508645511308288500e-01	-7.541740966451151995e-02	0.000000000000000000e+00
4.527573904500740709e-01	-8.476029159882068897e-02	0.000000000000000000e+00
4.527573904500740709e-01	-8.881170151474604424e-02	0.000000000000000000e+00
4.527573904500740709e-01	-8.881170151474604424e-02	0.000000000000000000e+00
4.527573904500740709e-01	-8.881170151474604424e-02	0.000000000000000000e+00
4.527573904500740709e-01	-8.881170151474604424e-02	0.000000000000000000e+00
4.527573904500740709e-01	-8.881170151474604424e-02	0.000000000000000000e+00
4.527573904500740709e-01	-8.881170151474604424e-02	0.000000000000000000e+00
4.527573904500740709e-01	-8.881170151474604424e-02	0.000000000000000000e+00
4.527573904500740709e-01	-8.881170151474604424e-02	0.000000000000000000e+00
4.527573904500740709e-01	-8.881170151474604424e-02	0.000000000000000000e+00
4.527573904500740709e-01	-8.881170151474604424e-02	0.000000000000000000e+00
4.527573904500740709e-01	-8.881170151474604424e-02	0.000000000000000000e+00
4.527573904500740709e-01	-8.881170151474604424e-02	0.000000000000000000e+00
4.527573904500740709e-01	-8.881170151474604424e-02	0.000000000000000000e+00
4.527573904500740709e-01	-8.881170151474604424e-02	0.000000000000000000e+00
4.527573904500740709e-01	-8.881170151474604424e-02	0.000000000000000000e+00
4.527573904500740709e-01	-8.881170151474604424e-02	0.000000000000000000e+00
6.225225295964460503e-01	-1.396771458151707945e-01	0.000000000000000000e+00
6.225225295964460503e-01	-1.396771458151707945e-01	0.000000000000000000e+00
6.225225295964460503e-01	-1.396771458151707945e-01	0.000000000000000000e+00
6.225225295964460503e-01	-1.396771458151707945e-01	0.000000000000000000e+00
6.225225295964460503e-01	-1.630268190013629548e-01	0.000000000000000000e+00
6.225225295964460503e-01	-1.630268190013629548e-01	0.000000000000000000e+00
6.241940000531197574e-01	-1.690381055283427247e-01	0.000000000000000000e+00
6.253797416383994889e-01	-1.820259093265680916e-01	0.000000000000000000e+00
6.253869617967448002e-01	-1.936534977257566570e-01	0.000000000000000000e+00
6.268652036057896781e-01	-2.230996360526222300e-01	0.000000000000000000e+00
6.268652036057896781e-01	-2.230996360526222300e-01	0.000000000000000000e+00
6.268652036057896781e-01	-2.230996360526222300e-01	0.000000000000000000e+00
6.273075226607125465e-01	-2.338612146344703768e-01	0.000000000000000000e+00
6.286057830582640893e-01	-2.527709795614075938e-01	0.000000000000000000e+00
6.286057830582640893e-01	-2.527709795614075938e-01	0.000000000000000000e+00
6.299830926195693070e-01	-2.658489392544673424e-01	0.000000000000000000e+00
6.310868997647108847e-01	-2.817286919136581247e-01	0.000000000000000000e+00
6.310868997647108847e-01	-2.817286919136581247e-01	0.000000000000000000e+00
6.310868997647108847e-01	-2.858236743080854181e-01	0.000000000000000000e+00
6.329951601071660550e-01	-2.973139136881165490e-01	0.000000000000000000e+00
6.339222491869060949e-01	-3.061761090267254848e-01	0.000000000000000000e+00
6.367900432049666826e-01	-3.144445171932265248e-01	0.000000000000000000e+00
6.367900432049666826e-01	-3.372202421459284949e-01	0.000000000000000000e+00
6.367900432049666826e-01	-3.372202421459284949e-01	0.000000000000000000e+00
6.367900432049666826e-01	-3.372202421459284949e-01	0.000000000000000000e+00
6.375435936244084889e-01	-3.503704265042892341e-01	0.000000000000000000e+00
6.375435936244084889e-01	-3.503704265042892341e-01	0.000000000000000000e+00
6.375435936244084889e-01	-3.653426848588241516e-01	0.000000000000000000e+00
6.382297731234088944e-01	-3.672772308210338621e-01	0.000000000000000000e+00
6.419515061016052293e-01	-3.813944986600788511e-01	0.000000000000000000e+00
6.419515061016052293e-01	-3.813944986600788511e-01	0.000000000000000000e+00
6.419515061016052293e-01	-3.923688199143236521e-01	0.000000000000000000e+00
6.428478278886439190e-01	-3.940685234680110227e-01	0.000000000000000000e+00
6.453577508079402225e-01	-4.168668234544948281e-01	0.000000000000000000e+00
6.453577508079402225e-01	-4.168668234544948281e-01	0.000000000000000000e+00
6.453577508079402225e-01	-4.168668234544948281e-01	0.000000000000000000e+00
6.453577508079402225e-01	-4.274101216899225952e-01	0.000000000000000000e+00
6.453577508079402225e-01	-4.274101216899225952e-01	0.000000000000000000e+00
6.498309987736938798e-01	-4.345994193980225462e-01	0.000000000000000000e+00
6.534839911324664685e-01	-4.368361354861801660e-01	0.000000000000000000e+00
6.534839911324664685e-01	-4.368361354861801660e-01	0.000000000000000000e+00
6.534839911324664685e-01	-4.368361354861801660e-01	0.000000000000000000e+00
6.534839911324664685e-01	-4.368361354861801660e-01	0.000000000000000000e+00
6.534839911324664685e-01	-4.368361354861801660e-01	0.000000000000000000e+00
6.534839911324664685e-01	-4.368361354861801660e-01	0.000000000000000000e+00
6.534839911324664685e-01	-4.368361354861801660e-01	0.000000000000000000e+00
6.534839911324664685e-01	-4.368361354861801660e-01	0.000000000000000000e+00
6.534839911324664685e-01	-4.368361354861801660e-01	0.000000000000000000e+00
6.534839911324664685e-01	-4.368361354861801660e-01	0.000000000000000000e+00
8.242997370098870125e-01	-4.459828690047655808e-01	0.000000000000000000e+00
8.249735954005548155e-01	-4.548422273527873982e-01	0.000000000000000000e+00
8.259919303964101678e-01	-4.719280918211181119e-01	0.000000000000000000e+00
8.259919303964101678e-01	-4.719280918211181119e-01	0.000000000000000000e+00
8.259919303964101678e-01	-4.837656370334253442e-01	0.000000000000000000e+00
8.259919303964101678e-01	-4.837656370334253442e-01	0.000000000000000000e+00
8.267084161619991933e-01	-4.908443113012473935e-01	0.000000000000000000e+00
8.267084161619991933e-01	-4.934339107970599492e-01	0.000000000000000000e+00
8.277690997628177616e-01	-5.143492716091760952e-01	0.000000000000000000e+00
8.277690997628177616e-01	-5.143492716091760952e-01	0.000000000000000000e+00
8.277690997628177616e-01	-5.143492716091760952e-01	0.000000000000000000e+00
8.277690997628177616e-01	-5.203497991191344818e-01	0.000000000000000000e+00
8.295796171528381224e-01	-5.439671043636920000e-01	0.000000000000000000e+00
8.295796171528381224e-01	-5.439671043636920000e-01	0.000000000000000000e+00
8.295796171528381224e-01	-5.439671043636920000e-01	0.000000000000000000e+00
8.302051316005095716e-01	-5.489653238287457437e-01	0.000000000000000000e+00
8.355383535306236675e-01	-6.210327553620114127e-01	0.000000000000000000e+00
8.312950081935281954e-01	-5.639355675520412170e-01	0.000000000000000000e+00
8.355383535306236675e-01	-6.210327553620114127e-01	0.000000000000000000e+00
8.313851424235909615e-01	-5.748423517320963017e-01	0.000000000000000000e+00
8.355383535306236675e-01	-6.210327553620114127e-01	0.000000000000000000e+00
8.329382875670163777e-01	-5.957702166288667556e-01	0.000000000000000000e+00
8.339197749332893927e-01	-5.937075480314526477e-01	0.000000000000000000e+00
8.355383535306236675e-01	-6.210327553620114127e-01	0.000000000000000000e+00
8.355383535306236675e-01	-6.210327553620114127e-01	0.000000000000000000e+00
8.355383535306236675e-01	-6.210327553620114127e-01	0.000000000000000000e+00
8.355383535306236675e-01	-6.210327553620114127e-01	0.000000000000000000e+00
8.355383535306236675e-01	-6.210327553620114127e-01	0.000000000000000000e+00
8.355383535306236675e-01	-6.248401784532984227e-01	0.000000000000000000e+00
8.389679751081418058e-01	-6.680900061684431623e-01	0.000000000000000000e+00
8.389679751081418058e-01	-6.680900061684431623e-01	0.000000000000000000e+00
8.389679751081418058e-01	-6.680900061684431623e-01	0.000000000000000000e+00
8.389679751081418058e-01	-6.680900061684431623e-01	0.000000000000000000e+00
8.389679751081418058e-01	-6.680900061684431623e-01	0.000000000000000000e+00
8.389679751081418058e-01	-6.680900061684431623e-01	0.000000000000000000e+00
8.384561851424567891e-01	-6.590672427389852039e-01	0.000000000000000000e+00
8.389679751081418058e-01	-6.680900061684431623e-01	0.000000000000000000e+00
8.389679751081418058e-01	-6.680900061684431623e-01	0.000000000000000000e+00
8.432942861009122826e-01	-7.090298955219731525e-01	0.000000000000000000e+00
8.432942861009122826e-01	-7.090298955219731525e-01	0.000000000000000000e+00
8.432942861009122826e-01	-7.090298955219731525e-01	0.000000000000000000e+00
8.432942861009122826e-01	-7.090298955219731525e-01	0.000000000000000000e+00
8.432942861009122826e-01	-7.090298955219731525e-01	0.000000000000000000e+00
8.432942861009122826e-01	-7.090298955219731525e-01	0.000000000000000000e+00
8.432942861009122826e-01	-7.090298955219731525e-01	0.000000000000000000e+00
8.432942861009122826e-01	-7.090298955219731525e-01	0.000000000000000000e+00
8.488206952087925528e-01	-7.318331047533708222e-01	0.000000000000000000e+00
8.477550931006189172e-01	-7.160560764263728117e-01	0.000000000000000000e+00
8.477550931006189172e-01	-7.160560764263728117e-01	0.000000000000000000e+00
8.477550931006189172e-01	-7.222760876125535745e-01	0.000000000000000000e+00
8.516007848688552651e-01	-7.274589718425832352e-01	0.000000000000000000e+00
8.525708293703883056e-01	-7.276210823815866258e-01	0.000000000000000000e+00
