0.000000000000000000e+00	1.039512178071396065e+00	0.000000000000000000e+00
6.426534542701103914e-03	1.030316318862645852e+00	0.000000000000000000e+00
1.750166381207790556e-02	9.300075349019787385e-01	0.000000000000000000e+00
1.750166381207790556e-02	9.140222223312786110e-01	0.000000000000000000e+00
1.750166381207790556e-02	9.140222223312786110e-01	0.000000000000000000e+00
4.123393792357386151e-02	8.760741792484495472e-01	0.000000000000000000e+00
4.393378648335978520e-02	7.922977422566785943e-01	0.000000000000000000e+00
4.393378648335978520e-02	7.922977422566785943e-01	0.000000000000000000e+00
6.105124760204640871e-02	7.291397896451221605e-01	0.000000000000000000e+00
6.105124760204640871e-02	7.291397896451221605e-01	0.000000000000000000e+00
6.105124760204640871e-02	7.291397896451221605e-01	0.000000000000000000e+00
8.321218083059866988e-02	7.077839693734275794e-01	0.000000000000000000e+00
8.321218083059866988e-02	7.077839693734275794e-01	0.000000000000000000e+00
8.321218083059866988e-02	7.077839693734275794e-01	0.000000000000000000e+00
8.321218083059866988e-02	7.077839693734275794e-01	0.000000000000000000e+00
8.321218083059866988e-02	7.077839693734275794e-01	0.000000000000000000e+00
8.321218083059866988e-02	7.077839693734275794e-01	0.000000000000000000e+00
8.321218083059866988e-02	7.077839693734275794e-01	0.000000000000000000e+00
8.321218083059866988e-02	7.077839693734275794e-01	0.000000000000000000e+00
8.321218083059866988e-02	7.077839693734275794e-01	0.000000000000000000e+00
8.321218083059866988e-02	7.077839693734275794e-01	0.000000000000000000e+00
8.321218083059866988e-02	7.077839693734275794e-01	0.000000000000000000e+00
8.321218083059866988e-02	7.077839693734275794e-01	0.000000000000000000e+00
1.850663373917220134e-01	6.895720629005099855e-01	0.000000000000000000e+00
1.933806817622916452e-01	6.356219773724912647e-01	0.000000000000000000e+00
1.946086095606773536e-01	6.286569998315063579e-01	0.000000000000000000e+00
1.946086095606773536e-01	6.286569998315063579e-01	0.000000000000000000e+00
2.041334168170437779e-01	5.571382530224976426e-01	0.000000000000000000e+00
2.042388418691770402e-01	5.521018567514263120e-01	0.000000000000000000e+00
2.140792787130976205e-01	5.161930682538311554e-01	0.000000000000000000e+00
2.185977553693362052e-01	4.415302301546651931e-01	0.000000000000000000e+00
2.185977553693362052e-01	4.415302301546651931e-01	0.000000000000000000e+00
2.185977553693362052e-01	4.333989147002687004e-01	0.000000000000000000e+00
2.263074298416196117e-01	3.844753273823975914e-01	0.000000000000000000e+00
2.278526747925254392e-01	3.837253478948703389e-01	0.000000000000000000e+00
2.304699294527625120e-01	3.567732404095240173e-01	0.000000000000000000e+00
2.391217025872610924e-01	3.317881273029805178e-01	0.000000000000000000e+00
2.391217025872610924e-01	3.104942059244405472e-01	0.000000000000000000e+00
2.439482611802948619e-01	3.074520613457473184e-01	0.000000000000000000e+00
2.477181707945700362e-01	2.923401305478802725e-01	0.000000000000000000e+00
2.500619720674257529e-01	2.763487160092584771e-01	0.000000000000000000e+00
2.580712401655330668e-01	2.619857734333631005e-01	0.000000000000000000e+00
2.580712401655330668e-01	2.612771732950465164e-01	0.000000000000000000e+00
2.580712401655330668e-01	2.611066783479336073e-01	0.000000000000000000e+00
2.580712401655330668e-01	2.611066783479336073e-01	0.000000000000000000e+00
2.580712401655330668e-01	2.611066783479336073e-01	0.000000000000000000e+00
2.580712401655330668e-01	2.611066783479336073e-01	0.000000000000000000e+00
2.580712401655330668e-01	2.611066783479336073e-01	0.000000000000000000e+00
2.580712401655330668e-01	2.611066783479336073e-01	0.000000000000000000e+00
2.580712401655330668e-01	2.611066783479336073e-01	0.000000000000000000e+00
2.580712401655330668e-01	2.611066783479336073e-01	0.000000000000000000e+00
2.580712401655330668e-01	2.611066783479336073e-01	0.000000000000000000e+00
2.580712401655330668e-01	2.611066783479336073e-01	0.000000000000000000e+00
2.580712401655330668e-01	2.611066783479336073e-01	0.000000000000000000e+00
2.580712401655330668e-01	2.611066783479336073e-01	0.000000000000000000e+00
2.580712401655330668e-01	2.611066783479336073e-01	0.000000000000000000e+00
2.580712401655330668e-01	2.611066783479336073e-01	0.000000000000000000e+00
2.580712401655330668e-01	2.611066783479336073e-01	0.000000000000000000e+00
2.580712401655330668e-01	2.611066783479336073e-01	0.000000000000000000e+00
2.580712401655330668e-01	2.611066783479336073e-01	0.000000000000000000e+00
4.181440265342029061e-01	1.891540613842188356e-01	0.000000000000000000e+00
4.181440265342029061e-01	1.891540613842188356e-01	0.000000000000000000e+00
4.181440265342029061e-01	1.891540613842188356e-01	0.000000000000000000e+00
4.181440265342029061e-01	1.639569366644562654e-01	0.000000000000000000e+00
4.190492940686119105e-01	1.522076996865544540e-01	0.000000000000000000e+00
4.190492940686119105e-01	1.419070453885391825e-01	0.000000000000000000e+00
4.249326241557102035e-01	8.689040976118013460e-02	0.000000000000000000e+00
4.249326241557102035e-01	8.689040976118013460e-02	0.000000000000000000e+00
4.249326241557102035e-01	8.689040976118013460e-02	0.000000000000000000e+00
4.281151512747020660e-01	6.543868580630664289e-02	0.000000000000000000e+00
4.281151512747020660e-01	5.995199913775611095e-02	0.000000000000000000e+00
4.287486912054608856e-01	4.263186454777721790e-02	0.000000000000000000e+00
4.315539797248523213e-01	3.030869927151609577e-02	0.000000000000000000e+00
4.352631914339400443e-01	1.287144181625741145e-02	0.000000000000000000e+00
4.354095718040462692e-01	7.023751416933019312e-03	0.000000000000000000e+00
4.357114568950052336e-01	-4.302879350787889093e-03	0.000000000000000000e+00
4.394356503210029574e-01	-2.693163659904687299e-02	0.000000000000000000e+00
4.394356503210029574e-01	-2.693163659904687299e-02	0.000000000000000000e+00
4.436079479571077289e-01	-3.989281314716990046e-02	0.000000000000000000e+00
4.444675360681130116e-01	-6.139992813844080688e-02	0.000000000000000000e+00
4.444675360681130116e-01	-6.139992813844080688e-02	0.000000000000000000e+00
4.508645511308288500e-01	-7.541740966451151995e-02	0.000000000000000000e+00
4.527573904500740709e-01	-8.381868158775104827e-02	0.000000000000000000e+00
4.527573904500740709e-01	-8.881170151474604424e-02	0.000000000000000000e+00
4.527573904500740709e-01	-8.881170151474604424e-02	0.000000000000000000e+00
4.527573904500740709e-01	-8.881170151474604424e-02	0.000000000000000000e+00
4.527573904500740709e-01	-8.881170151474604424e-02	0.000000000000000000e+00
4.527573904500740709e-01	-8.881170151474604424e-02	0.000000000000000000e+00
4.527573904500740709e-01	-8.881170151474604424e-02	0.000000000000000000e+00
4.527573904500740709e-01	-8.881170151474604424e-02	0.000000000000000000e+00
4.527573904500740709e-01	-8.881170151474604424e-02	0.000000000000000000e+00
4.527573904500740709e-01	-8.881170151474604424e-02	0.000000000000000000e+00
4.527573904500740709e-01	-8.881170151474604424e-02	0.000000000000000000e+00
4.527573904500740709e-01	-8.881170151474604424e-02	0.000000000000000000e+00
4.527573904500740709e-01	-8.881170151474604424e-02	0.000000000000000000e+00
4.527573904500740709e-01	-8.881170151474604424e-02	0.000000000000000000e+00
4.527573904500740709e-01	-8.881170151474604424e-02	0.000000000000000000e+00
4.527573904500740709e-01	-8.881170151474604424e-02	0.000000000000000000e+00
4.527573904500740709e-01	-8.881170151474604424e-02	0.000000000000000000e+00
6.225225295964460503e-01	-1.359339678910990168e-01	0.000000000000000000e+00
6.225225295964460503e-01	-1.359339678910990168e-01	0.000000000000000000e+00
6.225225295964460503e-01	-1.359339678910990168e-01	0.000000000000000000e+00
6.225225295964460503e-01	-1.359339678910990168e-01	0.000000000000000000e+00
6.225225295964460503e-01	-1.489092167141164158e-01	0.000000000000000000e+00
6.247227537933834896e-01	-1.706994382734900173e-01	0.000000000000000000e+00
6.241940000531197574e-01	-1.690381055283427247e-01	0.000000000000000000e+00
6.253797416383994889e-01	-1.820259093265680916e-01	0.000000000000000000e+00
6.253869617967448002e-01	-1.936534977257566570e-01	0.000000000000000000e+00
6.268652036057896781e-01	-2.093704843809743865e-01	0.000000000000000000e+00
6.268652036057896781e-01	-2.164375785398098273e-01	0.000000000000000000e+00
6.277442300113335039e-01	-2.230297905173491690e-01	0.000000000000000000e+00
6.277442300113335039e-01	-2.315824000199968313e-01	0.000000000000000000e+00
6.286057830582640893e-01	-2.527709795614075938e-01	0.000000000000000000e+00
6.286057830582640893e-01	-2.527709795614075938e-01	0.000000000000000000e+00
6.299830926195693070e-01	-2.658489392544673424e-01	0.000000000000000000e+00
6.310868997647108847e-01	-2.858236743080854181e-01	0.000000000000000000e+00
6.310868997647108847e-01	-2.858236743080854181e-01	0.000000000000000000e+00
6.310868997647108847e-01	-2.858236743080854181e-01	0.000000000000000000e+00
6.329951601071660550e-01	-2.973139136881165490e-01	0.000000000000000000e+00
6.339222491869060949e-01	-3.061761090267254848e-01	0.000000000000000000e+00
6.367900432049666826e-01	-3.372202421459284949e-01	0.000000000000000000e+00
6.367900432049666826e-01	-3.372202421459284949e-01	0.000000000000000000e+00
6.367900432049666826e-01	-3.372202421459284949e-01	0.000000000000000000e+00
6.367900432049666826e-01	-3.372202421459284949e-01	0.000000000000000000e+00
6.377989965999435462e-01	-3.518257872202357750e-01	0.000000000000000000e+00
6.377989965999435462e-01	-3.518257872202357750e-01	0.000000000000000000e+00
6.382297731234088944e-01	-3.672772308210338621e-01	0.000000000000000000e+00
6.382297731234088944e-01	-3.672772308210338621e-01	0.000000000000000000e+00
6.419515061016052293e-01	-3.923688199143236521e-01	0.000000000000000000e+00
6.419515061016052293e-01	-3.923688199143236521e-01	0.000000000000000000e+00
6.419515061016052293e-01	-3.923688199143236521e-01	0.000000000000000000e+00
6.430567555804294066e-01	-3.929951282659613354e-01	0.000000000000000000e+00
6.461780064149214020e-01	-4.219354784578958628e-01	0.000000000000000000e+00
6.461780064149214020e-01	-4.219354784578958628e-01	0.000000000000000000e+00
6.461780064149214020e-01	-4.219354784578958628e-01	0.000000000000000000e+00
6.461780064149214020e-01	-4.219354784578958628e-01	0.000000000000000000e+00
6.483629113504071340e-01	-4.289046892397228583e-01	0.000000000000000000e+00
6.498309987736938798e-01	-4.345994193980225462e-01	0.000000000000000000e+00
6.534839911324664685e-01	-4.368361354861801660e-01	0.000000000000000000e+00
6.534839911324664685e-01	-4.368361354861801660e-01	0.000000000000000000e+00
6.534839911324664685e-01	-4.368361354861801660e-01	0.000000000000000000e+00
6.534839911324664685e-01	-4.368361354861801660e-01	0.000000000000000000e+00
6.534839911324664685e-01	-4.368361354861801660e-01	0.000000000000000000e+00
6.534839911324664685e-01	-4.368361354861801660e-01	0.000000000000000000e+00
6.534839911324664685e-01	-4.368361354861801660e-01	0.000000000000000000e+00
6.534839911324664685e-01	-4.368361354861801660e-01	0.000000000000000000e+00
6.534839911324664685e-01	-4.368361354861801660e-01	0.000000000000000000e+00
6.534839911324664685e-01	-4.368361354861801660e-01	0.000000000000000000e+00
8.242997370098870125e-01	-4.459828690047655808e-01	0.000000000000000000e+00
8.249735954005548155e-01	-4.548422273527873982e-01	0.000000000000000000e+00
8.259919303964101678e-01	-4.786932204796013890e-01	0.000000000000000000e+00
8.259919303964101678e-01	-4.786932204796013890e-01	0.000000000000000000e+00
8.259919303964101678e-01	-4.786932204796013890e-01	0.000000000000000000e+00
8.261746245521420784e-01	-4.807849794515723918e-01	0.000000000000000000e+00
8.267084161619991933e-01	-4.934339107970599492e-01	0.000000000000000000e+00
8.267084161619991933e-01	-4.934339107970599492e-01	0.000000000000000000e+00
8.277690997628177616e-01	-5.042804548666162123e-01	0.000000000000000000e+00
8.277690997628177616e-01	-5.175978753338354998e-01	0.000000000000000000e+00
8.277690997628177616e-01	-5.175978753338354998e-01	0.000000000000000000e+00
8.277690997628177616e-01	-5.203497991191344818e-01	0.000000000000000000e+00
8.295796171528381224e-01	-5.423655511970969512e-01	0.000000000000000000e+00
8.295796171528381224e-01	-5.423655511970969512e-01	0.000000000000000000e+00
8.295796171528381224e-01	-5.423655511970969512e-01	0.000000000000000000e+00
8.302051316005095716e-01	-5.489653238287457437e-01	0.000000000000000000e+00
8.302051316005095716e-01	-5.515352174319081424e-01	0.000000000000000000e+00
8.312950081935281954e-01	-5.639355675520412170e-01	0.000000000000000000e+00
8.312950081935281954e-01	-5.639355675520412170e-01	0.000000000000000000e+00
8.313851424235909615e-01	-5.760781408758185451e-01	0.000000000000000000e+00
8.313851424235909615e-01	-5.760781408758185451e-01	0.000000000000000000e+00
8.329382875670163777e-01	-5.957702166288667556e-01	0.000000000000000000e+00
8.339197749332893927e-01	-5.914624278693672021e-01	0.000000000000000000e+00
8.339197749332893927e-01	-5.914624278693672021e-01	0.000000000000000000e+00
8.339197749332893927e-01	-5.983229405076048169e-01	0.000000000000000000e+00
8.341172935261559340e-01	-6.111957182700823443e-01	0.000000000000000000e+00
8.341172935261559340e-01	-6.111957182700823443e-01	0.000000000000000000e+00
8.355383535306236675e-01	-6.182419459472245915e-01	0.000000000000000000e+00
8.355383535306236675e-01	-6.224408675850875428e-01	0.000000000000000000e+00
8.355769822945514624e-01	-6.267621878811397984e-01	0.000000000000000000e+00
8.367912600414779689e-01	-6.357953004023736421e-01	0.000000000000000000e+00
8.367912600414779689e-01	-6.357953004023736421e-01	0.000000000000000000e+00
8.371269454889139761e-01	-6.403765692964261680e-01	0.000000000000000000e+00
8.371269454889139761e-01	-6.455145083087544533e-01	0.000000000000000000e+00
8.377847339188737585e-01	-6.496114481451759071e-01	0.000000000000000000e+00
8.386543502919789894e-01	-6.571913193867851000e-01	0.000000000000000000e+00
8.391282270108072483e-01	-6.611497324554095334e-01	0.000000000000000000e+00
8.391282270108072483e-01	-6.663472563454605480e-01	0.000000000000000000e+00
8.397272299245701621e-01	-6.742120924197062548e-01	0.000000000000000000e+00
8.397272299245701621e-01	-6.742120924197062548e-01	0.000000000000000000e+00
8.407521857632884732e-01	-6.785393527369912858e-01	0.000000000000000000e+00
8.417872969626603030e-01	-6.847306803431841837e-01	0.000000000000000000e+00
8.417872969626603030e-01	-6.905225440988856933e-01	0.000000000000000000e+00
8.432942861009122826e-01	-6.963626374287638088e-01	0.000000000000000000e+00
8.432942861009122826e-01	-7.000072904572089971e-01	0.000000000000000000e+00
8.443701992807172152e-01	-7.068890173705473234e-01	0.000000000000000000e+00
8.443701992807172152e-01	-7.068890173705473234e-01	0.000000000000000000e+00
8.477550931006189172e-01	-7.181837216452719996e-01	0.000000000000000000e+00
8.477550931006189172e-01	-7.181837216452719996e-01	0.000000000000000000e+00
8.477550931006189172e-01	-7.222760876125535745e-01	0.000000000000000000e+00
8.516007848688552651e-01	-7.274589718425832352e-01	0.000000000000000000e+00
8.525708293703883056e-01	-7.276210823815866258e-01	0.000000000000000000e+00
