0.000000000000000000e+00	3.777243903822708138e+00	0.000000000000000000e+00
0.000000000000000000e+00	3.189911910393042671e+00	0.000000000000000000e+00
0.000000000000000000e+00	3.189911910393042671e+00	0.000000000000000000e+00
2.922441706845470277e-02	2.688932700437304479e+00	0.000000000000000000e+00
2.922441706845470277e-02	2.688932700437304479e+00	0.000000000000000000e+00
2.922441706845470277e-02	2.688932700437304479e+00	0.000000000000000000e+00
6.141536113355493959e-02	2.621232111295665579e+00	0.000000000000000000e+00
6.503089221361123273e-02	2.517493557064478082e+00	0.000000000000000000e+00
6.503089221361123273e-02	2.517493557064478082e+00	0.000000000000000000e+00
9.180470607392633708e-02	1.993406968053875739e+00	0.000000000000000000e+00
9.180470607392633708e-02	1.993406968053875739e+00	0.000000000000000000e+00
9.180470607392633708e-02	1.993406968053875739e+00	0.000000000000000000e+00
9.180470607392633708e-02	1.993406968053875739e+00	0.000000000000000000e+00
9.180470607392633708e-02	1.993406968053875739e+00	0.000000000000000000e+00
9.180470607392633708e-02	1.993406968053875739e+00	0.000000000000000000e+00
9.180470607392633708e-02	1.993406968053875739e+00	0.000000000000000000e+00
9.180470607392633708e-02	1.993406968053875739e+00	0.000000000000000000e+00
9.180470607392633708e-02	1.993406968053875739e+00	0.000000000000000000e+00
9.180470607392633708e-02	1.993406968053875739e+00	0.000000000000000000e+00
9.180470607392633708e-02	1.993406968053875739e+00	0.000000000000000000e+00
9.180470607392633708e-02	1.993406968053875739e+00	0.000000000000000000e+00
9.180470607392633708e-02	1.993406968053875739e+00	0.000000000000000000e+00
9.180470607392633708e-02	1.993406968053875739e+00	0.000000000000000000e+00
1.964917675289314380e-01	1.893530405770239122e+00	0.000000000000000000e+00
1.964917675289314380e-01	1.893530405770239122e+00	0.000000000000000000e+00
1.964917675289314380e-01	1.893530405770239122e+00	0.000000000000000000e+00
1.964917675289314380e-01	1.848868927972296961e+00	0.000000000000000000e+00
2.169652840848695918e-01	1.720538219386394729e+00	0.000000000000000000e+00
2.169652840848695918e-01	1.720538219386394729e+00	0.000000000000000000e+00
2.169652840848695918e-01	1.667812295154576852e+00	0.000000000000000000e+00
2.169652840848695918e-01	1.667812295154576852e+00	0.000000000000000000e+00
2.169652840848695918e-01	1.667812295154576852e+00	0.000000000000000000e+00
2.169652840848695918e-01	1.667812295154576852e+00	0.000000000000000000e+00
2.169652840848695918e-01	1.667812295154576852e+00	0.000000000000000000e+00
2.543026673866178311e-01	1.534563403183066388e+00	0.000000000000000000e+00
2.543026673866178311e-01	1.534563403183066388e+00	0.000000000000000000e+00
2.543026673866178311e-01	1.534563403183066388e+00	0.000000000000000000e+00
2.548891558084695474e-01	1.322721714002457860e+00	0.000000000000000000e+00
2.543026673866178311e-01	1.456071028508285181e+00	0.000000000000000000e+00
2.543026673866178311e-01	1.456071028508285181e+00	0.000000000000000000e+00
2.548891558084695474e-01	1.322721714002457860e+00	0.000000000000000000e+00
2.518051454325131999e-01	1.224928568743680612e+00	0.000000000000000000e+00
2.518051454325131999e-01	1.224928568743680612e+00	0.000000000000000000e+00
2.518051454325131999e-01	1.224928568743680612e+00	0.000000000000000000e+00
2.518051454325131999e-01	1.224928568743680612e+00	0.000000000000000000e+00
2.518051454325131999e-01	1.224928568743680612e+00	0.000000000000000000e+00
2.518051454325131999e-01	1.224928568743680612e+00	0.000000000000000000e+00
2.518051454325131999e-01	1.224928568743680612e+00	0.000000000000000000e+00
2.518051454325131999e-01	1.221515019464838758e+00	0.000000000000000000e+00
2.518051454325131999e-01	1.221515019464838758e+00	0.000000000000000000e+00
2.518051454325131999e-01	1.221358920292551442e+00	0.000000000000000000e+00
2.518051454325131999e-01	1.221358920292551442e+00	0.000000000000000000e+00
2.518051454325131999e-01	1.221358920292551442e+00	0.000000000000000000e+00
2.518051454325131999e-01	1.221358920292551442e+00	0.000000000000000000e+00
2.518051454325131999e-01	1.221358920292551442e+00	0.000000000000000000e+00
2.518051454325131999e-01	1.221358920292551442e+00	0.000000000000000000e+00
2.518051454325131999e-01	1.221358920292551442e+00	0.000000000000000000e+00
2.518051454325131999e-01	1.221358920292551442e+00	0.000000000000000000e+00
2.518051454325131999e-01	1.221358920292551442e+00	0.000000000000000000e+00
2.518051454325131999e-01	1.221358920292551442e+00	0.000000000000000000e+00
2.518051454325131999e-01	1.221358920292551442e+00	0.000000000000000000e+00
2.518051454325131999e-01	1.221358920292551442e+00	0.000000000000000000e+00
2.518051454325131999e-01	1.221358920292551442e+00	0.000000000000000000e+00
2.518051454325131999e-01	1.221358920292551442e+00	0.000000000000000000e+00
2.518051454325131999e-01	1.221358920292551442e+00	0.000000000000000000e+00
2.518051454325131999e-01	1.221358920292551442e+00	0.000000000000000000e+00
2.518051454325131999e-01	1.221358920292551442e+00	0.000000000000000000e+00
2.518051454325131999e-01	1.221358920292551442e+00	0.000000000000000000e+00
2.518051454325131999e-01	1.221358920292551442e+00	0.000000000000000000e+00
2.518051454325131999e-01	1.221358920292551442e+00	0.000000000000000000e+00
2.518051454325131999e-01	1.221358920292551442e+00	0.000000000000000000e+00
2.518051454325131999e-01	1.221358920292551442e+00	0.000000000000000000e+00
2.518051454325131999e-01	1.221358920292551442e+00	0.000000000000000000e+00
2.518051454325131999e-01	1.221358920292551442e+00	0.000000000000000000e+00
2.518051454325131999e-01	1.221358920292551442e+00	0.000000000000000000e+00
2.518051454325131999e-01	1.221358920292551442e+00	0.000000000000000000e+00
2.518051454325131999e-01	1.221358920292551442e+00	0.000000000000000000e+00
2.518051454325131999e-01	1.221358920292551442e+00	0.000000000000000000e+00
2.518051454325131999e-01	1.221358920292551442e+00	0.000000000000000000e+00
2.518051454325131999e-01	1.221358920292551442e+00	0.000000000000000000e+00
2.518051454325131999e-01	1.221452492276695834e+00	0.000000000000000000e+00
2.518051454325131999e-01	1.221452492276695834e+00	0.000000000000000000e+00
2.518051454325131999e-01	1.221452492276695834e+00	0.000000000000000000e+00
2.518051454325131999e-01	1.221452492276695834e+00	0.000000000000000000e+00
2.518051454325131999e-01	1.221452492276695834e+00	0.000000000000000000e+00
2.518051454325131999e-01	1.221452492276695834e+00	0.000000000000000000e+00
2.518051454325131999e-01	1.221452492276695834e+00	0.000000000000000000e+00
6.139965895046561872e-01	1.097972321813871277e+00	0.000000000000000000e+00
6.139965895046561872e-01	1.097972321813871277e+00	0.000000000000000000e+00
6.139965895046561872e-01	1.097972321813871277e+00	0.000000000000000000e+00
6.139965895046561872e-01	1.097972321813871277e+00	0.000000000000000000e+00
6.139965895046561872e-01	1.097972321813871277e+00	0.000000000000000000e+00
6.139965895046561872e-01	1.097972321813871277e+00	0.000000000000000000e+00
6.139965895046561872e-01	1.097972321813871277e+00	0.000000000000000000e+00
6.139965895046561872e-01	1.097972321813871277e+00	0.000000000000000000e+00
6.139965895046561872e-01	1.097972321813871277e+00	0.000000000000000000e+00
6.317957534233291650e-01	1.018774434713652921e+00	0.000000000000000000e+00
6.317957534233291650e-01	1.018774434713652921e+00	0.000000000000000000e+00
6.317957534233291650e-01	1.018774434713652921e+00	0.000000000000000000e+00
6.317957534233291650e-01	1.018774434713652921e+00	0.000000000000000000e+00
6.317957534233291650e-01	1.018774434713652921e+00	0.000000000000000000e+00
6.317957534233291650e-01	1.018774434713652921e+00	0.000000000000000000e+00
6.317957534233291650e-01	9.786953211539926034e-01	0.000000000000000000e+00
6.317957534233291650e-01	9.786953211539926034e-01	0.000000000000000000e+00
6.317957534233291650e-01	9.786953211539926034e-01	0.000000000000000000e+00
6.317957534233291650e-01	9.786953211539926034e-01	0.000000000000000000e+00
6.317957534233291650e-01	9.786953211539926034e-01	0.000000000000000000e+00
6.317957534233291650e-01	9.215952912272706854e-01	0.000000000000000000e+00
6.317957534233291650e-01	9.215952912272706854e-01	0.000000000000000000e+00
6.317957534233291650e-01	9.215952912272706854e-01	0.000000000000000000e+00
6.317957534233291650e-01	9.215952912272706854e-01	0.000000000000000000e+00
6.317957534233291650e-01	9.215952912272706854e-01	0.000000000000000000e+00
6.317957534233291650e-01	8.665827554624982998e-01	0.000000000000000000e+00
6.317957534233291650e-01	8.665827554624982998e-01	0.000000000000000000e+00
6.317957534233291650e-01	8.665827554624982998e-01	0.000000000000000000e+00
6.317957534233291650e-01	8.665827554624982998e-01	0.000000000000000000e+00
6.317957534233291650e-01	8.665827554624982998e-01	0.000000000000000000e+00
6.317957534233291650e-01	8.665827554624982998e-01	0.000000000000000000e+00
6.317957534233291650e-01	8.626147353641903104e-01	0.000000000000000000e+00
6.317957534233291650e-01	8.626147353641903104e-01	0.000000000000000000e+00
6.317957534233291650e-01	8.626147353641903104e-01	0.000000000000000000e+00
6.317957534233291650e-01	8.626147353641903104e-01	0.000000000000000000e+00
6.317957534233291650e-01	8.626147353641903104e-01	0.000000000000000000e+00
6.317957534233291650e-01	8.626147353641903104e-01	0.000000000000000000e+00
6.317957534233291650e-01	8.626147353641903104e-01	0.000000000000000000e+00
6.317957534233291650e-01	8.626147353641903104e-01	0.000000000000000000e+00
6.317957534233291650e-01	8.626147353641903104e-01	0.000000000000000000e+00
6.317957534233291650e-01	8.626147353641903104e-01	0.000000000000000000e+00
6.317957534233291650e-01	8.626147353641903104e-01	0.000000000000000000e+00
6.317957534233291650e-01	8.626147353641903104e-01	0.000000000000000000e+00
8.309604743603286048e-01	7.518736090959734497e-01	0.000000000000000000e+00
8.309604743603286048e-01	7.518736090959734497e-01	0.000000000000000000e+00
8.309604743603286048e-01	7.518736090959734497e-01	0.000000000000000000e+00
8.309604743603286048e-01	7.518736090959734497e-01	0.000000000000000000e+00
8.309604743603286048e-01	7.518736090959734497e-01	0.000000000000000000e+00
8.309604743603286048e-01	7.518736090959734497e-01	0.000000000000000000e+00
8.309604743603286048e-01	7.518736090959734497e-01	0.000000000000000000e+00
8.309604743603286048e-01	7.920601235800998063e-01	0.000000000000000000e+00
8.309604743603286048e-01	7.920601235800998063e-01	0.000000000000000000e+00
8.251914795140626868e-01	7.584229924328500516e-01	0.000000000000000000e+00
8.251914795140626868e-01	7.584229924328500516e-01	0.000000000000000000e+00
8.251914795140626868e-01	7.584229924328500516e-01	0.000000000000000000e+00
8.251914795140626868e-01	7.584229924328500516e-01	0.000000000000000000e+00
8.309604743603286048e-01	6.216948547003505743e-01	0.000000000000000000e+00
8.309604743603286048e-01	6.216948547003505743e-01	0.000000000000000000e+00
8.309604743603286048e-01	6.216948547003505743e-01	0.000000000000000000e+00
8.309604743603286048e-01	6.216948547003505743e-01	0.000000000000000000e+00
8.309604743603286048e-01	6.216948547003505743e-01	0.000000000000000000e+00
8.309604743603286048e-01	6.216948547003505743e-01	0.000000000000000000e+00
8.309604743603286048e-01	6.216948547003505743e-01	0.000000000000000000e+00
8.309604743603286048e-01	6.216948547003505743e-01	0.000000000000000000e+00
8.309604743603286048e-01	6.216948547003505743e-01	0.000000000000000000e+00
8.309604743603286048e-01	6.216948547003505743e-01	0.000000000000000000e+00
8.309604743603286048e-01	6.216948547003505743e-01	0.000000000000000000e+00
8.309604743603286048e-01	6.216948547003505743e-01	0.000000000000000000e+00
8.309604743603286048e-01	6.216948547003505743e-01	0.000000000000000000e+00
8.309604743603286048e-01	6.216948547003505743e-01	0.000000000000000000e+00
8.309604743603286048e-01	6.216948547003505743e-01	0.000000000000000000e+00
8.309604743603286048e-01	6.216948547003505743e-01	0.000000000000000000e+00
8.309604743603286048e-01	6.216948547003505743e-01	0.000000000000000000e+00
8.371197806544320441e-01	5.922681586002411791e-01	0.000000000000000000e+00
8.371197806544320441e-01	5.922681586002411791e-01	0.000000000000000000e+00
8.309604743603286048e-01	5.868347726549362209e-01	0.000000000000000000e+00
8.309604743603286048e-01	5.868347726549362209e-01	0.000000000000000000e+00
8.309604743603286048e-01	5.868347726549362209e-01	0.000000000000000000e+00
8.309604743603286048e-01	5.868347726549362209e-01	0.000000000000000000e+00
8.424984640528605517e-01	4.166125681290727134e-01	0.000000000000000000e+00
8.424984640528605517e-01	4.166125681290727134e-01	0.000000000000000000e+00
8.424984640528605517e-01	4.166125681290727134e-01	0.000000000000000000e+00
8.424984640528605517e-01	4.757446414173172600e-01	0.000000000000000000e+00
8.371197806544320441e-01	5.400252388437158935e-01	0.000000000000000000e+00
8.371197806544320441e-01	5.400252388437158935e-01	0.000000000000000000e+00
8.371197806544320441e-01	5.400252388437158935e-01	0.000000000000000000e+00
8.371197806544320441e-01	5.400252388437158935e-01	0.000000000000000000e+00
8.398091223536463534e-01	4.738605044763314345e-01	0.000000000000000000e+00
8.398091223536463534e-01	4.738605044763314345e-01	0.000000000000000000e+00
8.398091223536463534e-01	4.738605044763314345e-01	0.000000000000000000e+00
8.398091223536463534e-01	4.738605044763314345e-01	0.000000000000000000e+00
8.398091223536463534e-01	4.738605044763314345e-01	0.000000000000000000e+00
8.398091223536463534e-01	4.738605044763314345e-01	0.000000000000000000e+00
8.398091223536463534e-01	4.738605044763314345e-01	0.000000000000000000e+00
8.398091223536463534e-01	4.738605044763314345e-01	0.000000000000000000e+00
8.398091223536463534e-01	4.738605044763314345e-01	0.000000000000000000e+00
8.398091223536463534e-01	4.738605044763314345e-01	0.000000000000000000e+00
8.398091223536463534e-01	4.738605044763314345e-01	0.000000000000000000e+00
8.398091223536463534e-01	4.738605044763314345e-01	0.000000000000000000e+00
8.398091223536463534e-01	4.738605044763314345e-01	0.000000000000000000e+00
8.424984640528605517e-01	4.548738977545284667e-01	0.000000000000000000e+00
8.424984640528605517e-01	4.548738977545284667e-01	0.000000000000000000e+00
8.424984640528605517e-01	4.548738977545284667e-01	0.000000000000000000e+00
8.424984640528605517e-01	4.548738977545284667e-01	0.000000000000000000e+00
8.424984640528605517e-01	4.548738977545284667e-01	0.000000000000000000e+00
8.424984640528605517e-01	4.316358199850817146e-01	0.000000000000000000e+00
8.424984640528605517e-01	4.316358199850817146e-01	0.000000000000000000e+00
8.424984640528605517e-01	4.316358199850817146e-01	0.000000000000000000e+00
8.424984640528605517e-01	4.316358199850817146e-01	0.000000000000000000e+00
8.482674588991264697e-01	4.257353867661188840e-01	0.000000000000000000e+00
8.482674588991264697e-01	4.257353867661188840e-01	0.000000000000000000e+00
8.482674588991264697e-01	4.257353867661188840e-01	0.000000000000000000e+00
8.482674588991264697e-01	4.257353867661188840e-01	0.000000000000000000e+00
