2.436183897070993420e-01	5.290192848627603084e+00	0.000000000000000000e+00
6.779006305361803264e-01	4.574737037482969337e-01	0.000000000000000000e+00
7.727087500842981793e-01	4.544812320981074794e-01	0.000000000000000000e+00
9.551379267661308514e-01	4.526675628280609764e-01	0.000000000000000000e+00
7.050219405234230408e-01	4.565591895900111830e-01	0.000000000000000000e+00
3.622284985913217237e-01	4.957605262605493945e-01	0.000000000000000000e+00
3.576310967017146125e-01	4.968852186575294372e-01	0.000000000000000000e+00
3.168903017978279002e-01	5.332818470759216334e-01	0.000000000000000000e+00
3.152370674297789721e-01	5.706747192895352816e-01	0.000000000000000000e+00
5.125339220998876844e-01	4.609663751795363695e-01	0.000000000000000000e+00
3.626611773813800954e-01	4.945165327151046508e-01	0.000000000000000000e+00
3.150113883537725146e-01	5.869050899940645438e-01	0.000000000000000000e+00
2.907439999512649864e-01	7.380059770753670811e-01	0.000000000000000000e+00
2.977462154688577112e-01	6.766048495075230873e-01	0.000000000000000000e+00
5.235488880279421942e-01	4.586504288844106547e-01	0.000000000000000000e+00
2.858374638106588317e-01	9.517960826476302705e-01	0.000000000000000000e+00
3.697066860976025993e-01	4.868893962930989638e-01	0.000000000000000000e+00
2.830991545248512931e-01	1.248736666932042327e+00	0.000000000000000000e+00
3.542789795969571442e-01	5.040239416908032233e-01	0.000000000000000000e+00
3.631757714618835120e-01	4.940693178323583568e-01	0.000000000000000000e+00
3.712015494990864584e-01	4.838253503397365041e-01	0.000000000000000000e+00
5.149316620219239748e-01	4.604691930606552019e-01	0.000000000000000000e+00
3.152370674297789721e-01	5.706747192895352816e-01	0.000000000000000000e+00
5.267452784057427007e-01	4.584915791504071136e-01	0.000000000000000000e+00
2.836755740596722530e-01	1.137027872633916026e+00	0.000000000000000000e+00
4.668803176422545720e-01	4.621105911559896806e-01	0.000000000000000000e+00
4.894648660648837635e-01	4.620257344061173277e-01	0.000000000000000000e+00
2.867305421427516210e-01	8.291691526581717042e-01	0.000000000000000000e+00
3.177537394451271369e-01	5.165876862725427010e-01	0.000000000000000000e+00
2.987988016138736214e-01	6.447037623732334577e-01	0.000000000000000000e+00
3.077088554338408555e-01	5.870333636984140790e-01	0.000000000000000000e+00
2.909712692207936380e-01	6.806009396374798071e-01	0.000000000000000000e+00
3.729763007936100494e-01	4.643184934375342299e-01	0.000000000000000000e+00
3.206724950409743369e-01	5.161111686573577328e-01	0.000000000000000000e+00
3.150113883537725146e-01	5.869050899940645438e-01	0.000000000000000000e+00
2.928934823948326494e-01	7.082824360398651820e-01	0.000000000000000000e+00
3.016744971956583643e-01	6.250684282958425264e-01	0.000000000000000000e+00
2.919791732506952231e-01	7.720478755303582519e-01	0.000000000000000000e+00
2.919887334429364656e-01	7.646956338323672719e-01	0.000000000000000000e+00
3.032691099113936639e-01	6.112911438174194467e-01	0.000000000000000000e+00
3.552513206388906442e-01	4.617598003401436335e-01	0.000000000000000000e+00
2.843212816848190716e-01	8.816420290975905960e-01	0.000000000000000000e+00
2.866554795064693573e-01	8.523170109049891252e-01	0.000000000000000000e+00
3.437473595400414306e-01	4.732988547282361291e-01	0.000000000000000000e+00
3.338299406919444934e-01	4.838462811817202947e-01	0.000000000000000000e+00
6.878308967531289175e-01	4.152186843456610044e-01	0.000000000000000000e+00
1.136874377899888405e-01	1.486210489475836116e+00	0.000000000000000000e+00
2.882128579984462036e-01	7.782563192326981127e-01	0.000000000000000000e+00
3.364647764519124173e-01	4.765528147214920240e-01	0.000000000000000000e+00
2.936779842622845860e-01	6.859484975258551831e-01	0.000000000000000000e+00
3.335204932551355528e-01	4.864387917153319418e-01	0.000000000000000000e+00
3.331861064109029602e-01	5.090323856515300838e-01	0.000000000000000000e+00
2.050417729378030129e-01	1.013575056001337016e+00	0.000000000000000000e+00
2.594045185331171899e-01	9.787448526368038859e-01	0.000000000000000000e+00
3.498807997503185496e-01	4.640461933246029513e-01	0.000000000000000000e+00
3.327560561136906903e-01	5.107364774475273705e-01	0.000000000000000000e+00
3.432302818784752629e-01	4.733767228327071530e-01	0.000000000000000000e+00
7.690449665757180808e-01	3.521011464239686695e-01	0.000000000000000000e+00
2.955123878664137060e-01	6.259591625487030964e-01	0.000000000000000000e+00
1.546241828089322812e-01	1.032675102078548290e+00	0.000000000000000000e+00
1.069751179268138230e+00	3.314980904972694153e-01	0.000000000000000000e+00
1.139662759391891211e-01	1.104435543247020091e+00	0.000000000000000000e+00
2.890940528171343504e-01	7.764666289397589294e-01	0.000000000000000000e+00
8.353276124328485874e-01	3.414867642789859992e-01	0.000000000000000000e+00
1.686124815778064778e-01	1.020318954803586697e+00	0.000000000000000000e+00
2.872233673015414102e-01	8.066169498174172725e-01	0.000000000000000000e+00
7.535032035896775948e-01	3.585179733962639004e-01	0.000000000000000000e+00
1.413012461967518563e-01	1.215391975606203712e+00	0.000000000000000000e+00
1.105737423830794181e-01	1.498399018753813872e+00	0.000000000000000000e+00
1.432288527110545107e-01	1.202484543044800791e+00	0.000000000000000000e+00
1.320317269341678978e-01	1.239338466928454396e+00	0.000000000000000000e+00
1.446854406524054337e-01	1.188060385038225419e+00	0.000000000000000000e+00
1.716414059205700060e-01	1.067874545293104660e+00	0.000000000000000000e+00
1.223443348042570766e-01	1.320662431883411037e+00	0.000000000000000000e+00
2.908007005354712460e-01	6.075475705006597726e-01	0.000000000000000000e+00
4.139611553369221819e-01	4.976443281964931797e-01	0.000000000000000000e+00
2.740642364460738611e-01	6.082830217870625056e-01	0.000000000000000000e+00
2.866240486663019782e-01	6.081149701934087659e-01	0.000000000000000000e+00
3.785463443731052480e-01	5.048692754219306078e-01	0.000000000000000000e+00
2.046868512395967343e-01	9.971740500183788880e-01	0.000000000000000000e+00
1.444264886953818272e-01	1.192531332501144403e+00	0.000000000000000000e+00
2.105922749882444822e-01	9.601235243004108133e-01	0.000000000000000000e+00
1.254445022935564702e-01	1.293260439817276675e+00	0.000000000000000000e+00
8.662084987566752436e-02	2.375048860630267100e+00	0.000000000000000000e+00
2.583614959047803028e-01	7.072536434577673115e-01	0.000000000000000000e+00
2.189611821839809458e-01	8.318615787003305062e-01	0.000000000000000000e+00
2.954645012394893078e-01	5.985099782520189038e-01	0.000000000000000000e+00
2.493856122802308728e-01	7.187924284291026256e-01	0.000000000000000000e+00
3.059679651742492901e-01	5.770853774910206235e-01	0.000000000000000000e+00
1.500166996436179678e-01	1.164177183302899543e+00	0.000000000000000000e+00
3.631799848201939240e-01	5.177906335099332624e-01	0.000000000000000000e+00
4.784598044249376292e-01	4.973369878455363158e-01	0.000000000000000000e+00
1.559442339934257460e-01	1.156682597763604603e+00	0.000000000000000000e+00
3.971467096119476459e-01	5.001027941971604163e-01	0.000000000000000000e+00
1.922127846400492057e-01	1.034869184821363586e+00	0.000000000000000000e+00
3.965168194078856900e-01	5.023987336477009347e-01	0.000000000000000000e+00
3.563244200905174575e-01	5.181993502131615470e-01	0.000000000000000000e+00
2.990838616471637734e-01	5.874377260078563756e-01	0.000000000000000000e+00
2.603166684815296783e-01	6.661908789957389221e-01	0.000000000000000000e+00
8.621773086346885551e-01	4.968144971886240824e-01	0.000000000000000000e+00
2.312578513980937667e-01	7.985838261857025611e-01	0.000000000000000000e+00
2.566142233134208195e-01	7.144276544743409785e-01	0.000000000000000000e+00
1.127940257401661428e-01	1.320862611183666102e+00	0.000000000000000000e+00
2.373097143610307380e-01	1.043768342357473955e+00	0.000000000000000000e+00
1.129804394002295043e+00	3.031799872646017691e-01	0.000000000000000000e+00
8.272611907342287685e-01	3.422483179574760670e-01	0.000000000000000000e+00
7.975384805988231518e-01	3.456393223251017499e-01	0.000000000000000000e+00
3.066168868909576739e-01	5.824417015977713108e-01	0.000000000000000000e+00
3.607574210432902828e-01	5.352326645111342707e-01	0.000000000000000000e+00
3.238196461240735458e-01	5.516700460674818229e-01	0.000000000000000000e+00
2.481622271620430031e-01	6.682845125684924170e-01	0.000000000000000000e+00
2.543012516592182970e-01	6.424544101874195556e-01	0.000000000000000000e+00
2.958791041778187636e-01	5.968504775893570535e-01	0.000000000000000000e+00
2.680979707266544221e-01	6.225013735399268500e-01	0.000000000000000000e+00
3.112784551214947681e-01	5.788066512189858903e-01	0.000000000000000000e+00
4.263027990325529148e-01	5.299718143060365705e-01	0.000000000000000000e+00
3.388327002706936764e-01	5.381132293870451999e-01	0.000000000000000000e+00
5.929322222344046711e-01	3.523188591855804797e-01	0.000000000000000000e+00
2.721609083848361976e-01	6.122007948441818836e-01	0.000000000000000000e+00
2.446342498552378231e-01	6.824403651156010220e-01	0.000000000000000000e+00
4.229611753149412068e-01	5.336898032547486848e-01	0.000000000000000000e+00
4.249787233269420872e-01	5.334371560553383684e-01	0.000000000000000000e+00
2.538347080183679383e-01	6.514593150048971770e-01	0.000000000000000000e+00
2.807101504156923610e-01	5.993839423724066640e-01	0.000000000000000000e+00
2.446611310937515382e-01	6.724340511600012116e-01	0.000000000000000000e+00
5.580090728246902554e-01	4.042046318032391783e-01	0.000000000000000000e+00
3.102161395014950418e-02	1.259203356044543254e+00	0.000000000000000000e+00
4.486683928826426526e-01	4.415725929566134411e-01	0.000000000000000000e+00
1.815901788579502574e-01	9.075066419718578192e-01	0.000000000000000000e+00
1.057678659426622703e-01	9.790883609577051283e-01	0.000000000000000000e+00
8.024221982713225509e-02	1.112023179660331929e+00	0.000000000000000000e+00
4.288551049550007321e-01	4.441069213503364144e-01	0.000000000000000000e+00
4.198404136755038984e-01	4.628682434581630756e-01	0.000000000000000000e+00
4.058106900293595998e-01	4.645766155221500160e-01	0.000000000000000000e+00
1.147767771308627754e-01	9.446077758653850243e-01	0.000000000000000000e+00
5.042120705150056059e-01	4.222835971925389953e-01	0.000000000000000000e+00
7.378351450944621581e-02	1.156606804749421125e+00	0.000000000000000000e+00
3.922992918441718935e-01	5.098236354393400616e-01	0.000000000000000000e+00
1.147588719418226877e-01	9.728574608024458392e-01	0.000000000000000000e+00
1.204597288223031720e-01	9.444774820669196158e-01	0.000000000000000000e+00
3.949031988468547083e-01	4.691557808208851044e-01	0.000000000000000000e+00
9.688511771509450421e-02	9.861117827312153583e-01	0.000000000000000000e+00
3.504612914421119663e-01	9.002266247146321065e-01	0.000000000000000000e+00
3.925211107137173694e-01	4.997501484658005144e-01	0.000000000000000000e+00
4.976726856095730067e-01	4.258709726057488543e-01	0.000000000000000000e+00
1.004898548450606777e-01	9.851094393056525345e-01	0.000000000000000000e+00
4.604281778514423551e-01	4.332532488289612682e-01	0.000000000000000000e+00
1.268948889707593453e-01	9.312825243918142482e-01	0.000000000000000000e+00
3.942011939011256794e-01	4.719788268296602474e-01	0.000000000000000000e+00
5.846698659853137858e-01	6.485317182537265746e-01	0.000000000000000000e+00
5.744928498138267559e-01	6.586118096577683323e-01	0.000000000000000000e+00
1.312664756994746051e+00	3.420423356516554270e-01	0.000000000000000000e+00
4.735516787605658640e-01	6.697219379237498993e-01	0.000000000000000000e+00
4.555591560958156122e-02	1.110730647021968442e+00	0.000000000000000000e+00
8.452615554005370180e-02	1.063875383135819197e+00	0.000000000000000000e+00
1.430689995624699895e+00	3.103710149868628698e-01	0.000000000000000000e+00
3.007253981776227825e-01	8.839507852019846679e-01	0.000000000000000000e+00
8.476027038862217478e-02	1.062398390198570519e+00	0.000000000000000000e+00
3.571440534369899056e-01	8.558034989286738003e-01	0.000000000000000000e+00
7.772027230797602659e-02	1.064944708925478212e+00	0.000000000000000000e+00
1.011855549416842637e+00	3.738528252294401333e-01	0.000000000000000000e+00
3.901297993590335106e-02	1.147588699221810504e+00	0.000000000000000000e+00
8.480767522260400371e-02	1.051331791986752862e+00	0.000000000000000000e+00
1.780858433257752060e-01	8.880278458591014390e-01	0.000000000000000000e+00
1.862521496871024640e-01	8.875247492997376808e-01	0.000000000000000000e+00
1.348567274549564987e-01	8.913995450043341595e-01	0.000000000000000000e+00
2.214501784645173804e-02	1.207174034051461176e+00	0.000000000000000000e+00
7.199592974365465192e-01	3.883192860774414834e-01	0.000000000000000000e+00
9.017239367364769664e-02	9.911204265926971679e-01	0.000000000000000000e+00
2.637595591333756206e-01	8.850687872682174717e-01	0.000000000000000000e+00
9.949115048051285770e-01	3.844100992995569399e-01	0.000000000000000000e+00
3.042233070625634528e-01	8.816614745911395268e-01	0.000000000000000000e+00
1.241433792685207177e-01	9.102614188003965712e-01	0.000000000000000000e+00
3.895615197271738023e-02	1.168018852270097163e+00	0.000000000000000000e+00
1.019682286961060891e+00	3.729279947486424107e-01	0.000000000000000000e+00
7.694468710013269153e-02	1.178723057062119883e+00	0.000000000000000000e+00
2.418842692690844898e-01	6.707266544614209902e-01	0.000000000000000000e+00
3.806541395529770000e-01	5.961268209617279767e-01	0.000000000000000000e+00
2.770622358865249546e-01	6.121966923953688910e-01	0.000000000000000000e+00
1.717078002507548551e-01	9.271109439009183051e-01	0.000000000000000000e+00
4.904853863914156453e-01	4.001993303225642173e-01	0.000000000000000000e+00
1.505561211032787339e-01	9.962939269909034667e-01	0.000000000000000000e+00
4.511553972250938183e-02	1.191740225242570617e+00	0.000000000000000000e+00
2.279474711495611261e-01	7.409275901863616731e-01	0.000000000000000000e+00
1.716484289737736646e-01	9.300366159895170348e-01	0.000000000000000000e+00
2.770754683544697783e-01	6.115067032942568259e-01	0.000000000000000000e+00
4.908962136908385232e-01	3.397538016025716812e-01	0.000000000000000000e+00
4.955772933234562916e-01	3.034287680500745710e-01	0.000000000000000000e+00
1.771250474706404787e-01	9.259806114855003711e-01	0.000000000000000000e+00
2.839077295549102820e-01	6.045438162406729932e-01	0.000000000000000000e+00
4.970223901930306831e-01	2.907554535525767592e-01	0.000000000000000000e+00
5.300453850682508294e-01	2.873386568867475344e-01	0.000000000000000000e+00
2.489681547864138200e-01	6.442311922268969537e-01	0.000000000000000000e+00
1.711241761282717433e-01	9.629757965850499479e-01	0.000000000000000000e+00
1.906528109761886358e-01	7.506769178712103807e-01	0.000000000000000000e+00
4.970223901930306831e-01	2.907554535525767592e-01	0.000000000000000000e+00
4.881052496554021403e-01	4.370468465828037941e-01	0.000000000000000000e+00
4.980335385320754371e-01	2.873962653898992081e-01	0.000000000000000000e+00
1.849392650131010674e-01	8.902513332695701775e-01	0.000000000000000000e+00
4.963389836114245335e-01	2.948964660721906661e-01	0.000000000000000000e+00
2.298430988344859205e-01	6.885196021475160633e-01	0.000000000000000000e+00
3.625345252442294108e-02	2.585546014379447755e+00	0.000000000000000000e+00
4.974293035560481968e-01	2.894595894930014346e-01	0.000000000000000000e+00
1.008198514566991666e-01	1.038227119644632435e+00	0.000000000000000000e+00
2.583121168211179319e-01	6.276441310679643504e-01	0.000000000000000000e+00
3.976310517315176374e-01	5.452476558349969027e-01	0.000000000000000000e+00
4.090224682517208943e-01	4.460771168979958401e-01	0.000000000000000000e+00
4.087166687911867324e-01	4.603799970901514826e-01	0.000000000000000000e+00
2.099200008050418065e-01	8.051694483732513286e-01	0.000000000000000000e+00
6.749065386835664260e-01	4.012014437397296573e-01	0.000000000000000000e+00
6.099430466352234737e-01	4.020600092116357049e-01	0.000000000000000000e+00
3.989112684130151076e-01	5.033920810625341913e-01	0.000000000000000000e+00
5.144312714356532590e-01	4.034708960243482689e-01	0.000000000000000000e+00
4.115188329799224776e-01	4.349942842146255484e-01	0.000000000000000000e+00
1.463151190463838625e-01	1.004022679412389651e+00	0.000000000000000000e+00
4.821842124563795462e-01	4.063039984113478997e-01	0.000000000000000000e+00
3.879179129100261969e-01	7.196191248655900985e-01	0.000000000000000000e+00
2.768216785121825618e-02	1.087922464265573153e+00	0.000000000000000000e+00
4.011349152872023538e-01	4.964691557965501545e-01	0.000000000000000000e+00
1.656099536935308758e-01	8.705056064377132419e-01	0.000000000000000000e+00
4.350222411264308836e-02	1.081724437497432190e+00	0.000000000000000000e+00
2.316674986482630816e-01	7.531714582952634407e-01	0.000000000000000000e+00
2.946815292637561812e-01	7.489722457959229196e-01	0.000000000000000000e+00
1.581232529638759154e-01	9.561723399289266956e-01	0.000000000000000000e+00
1.728281889320499587e-01	8.598481619799743791e-01	0.000000000000000000e+00
1.646259496294076585e-01	9.132621247988268465e-01	0.000000000000000000e+00
4.488592998363190589e-01	4.119246942679934409e-01	0.000000000000000000e+00
4.212008850601465237e-01	4.249931482084269851e-01	0.000000000000000000e+00
4.061930436082113460e-01	4.700615553841070438e-01	0.000000000000000000e+00
1.013021311950791509e-01	1.022583833584198798e+00	0.000000000000000000e+00
9.838353180714486113e-02	1.025588899836440415e+00	0.000000000000000000e+00
4.479666978085724005e-01	4.202492337427110036e-01	0.000000000000000000e+00
4.179434049905704773e-01	4.348347923008563654e-01	0.000000000000000000e+00
5.094939616472951571e-02	1.078600803598822155e+00	0.000000000000000000e+00
2.206763950478625724e-01	7.882221718299020630e-01	0.000000000000000000e+00
5.348310862299279073e-02	1.032934133901659113e+00	0.000000000000000000e+00
5.843786195780816678e-02	1.031372910940069110e+00	0.000000000000000000e+00
2.264189450283020377e-01	7.847810047936323308e-01	0.000000000000000000e+00
4.091918893958778058e-01	4.364787314264728102e-01	0.000000000000000000e+00
6.451861959638624522e-02	1.027379569924252278e+00	0.000000000000000000e+00
1.757852474475921911e-01	8.430339863919374954e-01	0.000000000000000000e+00
3.957999662760072757e-01	5.601016684603481455e-01	0.000000000000000000e+00
5.618759085137037257e-01	2.958160831638613764e-01	0.000000000000000000e+00
5.618759085137037257e-01	2.958160831638613764e-01	0.000000000000000000e+00
5.703743240167008510e-01	2.520635066635141808e-01	0.000000000000000000e+00
5.596890835432642985e-01	4.319231153224979414e-01	0.000000000000000000e+00
5.662853497368826039e-01	2.598661779702866603e-01	0.000000000000000000e+00
5.631157729884150864e-01	2.613007798213989319e-01	0.000000000000000000e+00
5.600750897594301003e-01	3.055330258802007037e-01	0.000000000000000000e+00
5.611961746341940227e-01	3.052913098304883555e-01	0.000000000000000000e+00
5.288816220907966992e-01	4.523812284810400097e-01	0.000000000000000000e+00
2.800146460137182824e-01	1.277626457133756777e+00	0.000000000000000000e+00
2.749229670254059732e-01	1.332192662960344220e+00	0.000000000000000000e+00
3.972905132494971014e-01	4.592361899383686774e-01	0.000000000000000000e+00
4.973997450757851602e-01	4.526530995714814209e-01	0.000000000000000000e+00
3.906505693621252218e-01	4.596452950401037074e-01	0.000000000000000000e+00
4.085918531218118988e-01	4.544206913090612088e-01	0.000000000000000000e+00
2.847512573519812018e-01	1.144153905789517145e+00	0.000000000000000000e+00
3.227333016111600950e-01	4.678059785278648741e-01	0.000000000000000000e+00
3.311746984653374803e-01	4.644628210217294773e-01	0.000000000000000000e+00
5.393357450368501116e-01	4.499680945427603218e-01	0.000000000000000000e+00
3.215855986044430792e-01	4.680433923470576629e-01	0.000000000000000000e+00
3.146924385532930968e-01	6.435912340708473955e-01	0.000000000000000000e+00
3.040219560105899554e-01	9.753227215094376623e-01	0.000000000000000000e+00
1.824069962902181929e+00	8.156753556144958894e-01	0.000000000000000000e+00
2.060467603028866002e+00	7.546522092492674583e-01	0.000000000000000000e+00
6.097290777528013850e-02	2.728234152180349259e+00	0.000000000000000000e+00
3.163018920221392083e-01	1.293305980818282963e+00	0.000000000000000000e+00
1.129098285403068225e+00	8.341306878039580486e-01	0.000000000000000000e+00
4.098723103153546488e-01	1.275779614900687475e+00	0.000000000000000000e+00
2.285580773970474211e-01	1.334539082136071864e+00	0.000000000000000000e+00
1.026455537951082991e-01	2.293796231802182728e+00	0.000000000000000000e+00
2.584958194871715520e+00	5.434533841881925564e-01	0.000000000000000000e+00
4.231868476821891156e-01	1.002738829867742876e+00	0.000000000000000000e+00
4.105255034306025397e-02	6.465106935255221288e+00	0.000000000000000000e+00
1.485485387179616423e-01	1.375317585884856975e+00	0.000000000000000000e+00
9.168861611735050487e-02	2.515581156884977521e+00	0.000000000000000000e+00
4.646255455894105491e-01	9.814986556626322800e-01	0.000000000000000000e+00
5.959364843111980559e-01	9.129969319905020253e-01	0.000000000000000000e+00
1.834714123669968888e+00	6.465329624051536772e-01	0.000000000000000000e+00
4.010663689424139866e-01	1.554084168570415869e+00	0.000000000000000000e+00
6.104254659541408223e-01	9.421843369307187910e-01	0.000000000000000000e+00
6.624417094666981143e-01	8.664996566790057475e-01	0.000000000000000000e+00
1.181430459978349390e+00	7.308479859303704806e-01	0.000000000000000000e+00
2.236220170670628338e-01	2.038903174862087830e+00	0.000000000000000000e+00
2.185368524621102426e-01	2.157685561944866937e+00	0.000000000000000000e+00
3.781446398397559361e-01	1.634586279486173854e+00	0.000000000000000000e+00
2.505475034124271527e-01	1.847840119705022710e+00	0.000000000000000000e+00
3.050890726637224271e-01	1.725235174716666320e+00	0.000000000000000000e+00
9.200716329647290470e-01	8.168238536221462676e-01	0.000000000000000000e+00
4.019581510195546215e-01	1.417194742809268382e+00	0.000000000000000000e+00
5.583617209405760118e-01	1.407748214687216226e+00	0.000000000000000000e+00
9.119266429500277882e-02	2.321952210220960211e+00	0.000000000000000000e+00
4.465221202006141255e+00	8.352681391158534030e-01	0.000000000000000000e+00
7.622329204708084838e+00	7.809021365042403406e-01	0.000000000000000000e+00
8.614785759792651376e+00	7.388389611401068313e-01	0.000000000000000000e+00
1.211084517822327555e+01	6.730996533699097339e-01	0.000000000000000000e+00
8.294436836229303334e-02	6.138070699841755129e+00	0.000000000000000000e+00
3.648629452407932683e-01	1.532198135602775180e+00	0.000000000000000000e+00
2.565695797835326752e-01	1.810332805749843565e+00	0.000000000000000000e+00
4.852601623795595565e+00	7.935937993609285535e-01	0.000000000000000000e+00
3.430921047652121025e+00	9.838803311387817052e-01	0.000000000000000000e+00
2.886048386077699757e-01	1.537530148211738501e+00	0.000000000000000000e+00
9.799136634334489060e-02	5.918629066850452425e+00	0.000000000000000000e+00
8.500759431244698794e-01	1.003015501692795519e+00	0.000000000000000000e+00
1.191026381146307045e-01	2.713538112048018203e+00	0.000000000000000000e+00
5.680221648599997897e-01	1.444740895949713444e+00	0.000000000000000000e+00
5.150299206070840102e-02	7.009044113347457028e+00	0.000000000000000000e+00
2.459775039578523115e-01	2.537133692054924339e+00	0.000000000000000000e+00
6.980876954346193486e-01	1.352244255351874536e+00	0.000000000000000000e+00
3.099440402930420113e-01	1.345211537732721840e+00	0.000000000000000000e+00
4.757541543003717122e-01	1.031391361878221780e+00	0.000000000000000000e+00
1.828351180075507842e-01	2.449711476611752925e+00	0.000000000000000000e+00
2.636206190780247538e-01	1.428476455333920869e+00	0.000000000000000000e+00
7.331099397955631591e-02	2.889233981326940537e+00	0.000000000000000000e+00
2.216280437473863718e-01	1.928639420981233643e+00	0.000000000000000000e+00
8.784172191746604241e-01	8.992767699558420480e-01	0.000000000000000000e+00
2.347472311122829058e-01	1.533627846279648876e+00	0.000000000000000000e+00
2.510719228919847668e-01	1.506372406956445253e+00	0.000000000000000000e+00
1.334652416093253580e+00	7.926409243550058825e-01	0.000000000000000000e+00
1.698723319972709755e-01	2.884536013801708432e+00	0.000000000000000000e+00
3.194041741231157250e-01	1.155821355118140881e+00	0.000000000000000000e+00
6.394143729780947805e-01	9.153710838381773351e-01	0.000000000000000000e+00
1.519193373325124219e-01	1.831256544162878308e+00	0.000000000000000000e+00
5.821795312829045055e-02	2.496105222142858793e+00	0.000000000000000000e+00
2.026357260841081254e-01	1.459292309644744989e+00	0.000000000000000000e+00
4.342086147236439153e-01	9.348827651242422876e-01	0.000000000000000000e+00
4.939091831783724573e-01	7.224084951770523011e-01	0.000000000000000000e+00
4.765785319904059514e-01	7.860173363665116097e-01	0.000000000000000000e+00
2.432832827421923805e-01	9.745294626691337614e-01	0.000000000000000000e+00
7.621649002013267671e-01	7.089518621379472529e-01	0.000000000000000000e+00
8.226246507254399987e-01	6.980610286034688583e-01	0.000000000000000000e+00
1.152936901987527030e+01	5.740088378647385525e-01	0.000000000000000000e+00
1.141097789135657337e+01	5.766836168598278300e-01	0.000000000000000000e+00
5.623399830952714673e+00	6.505377677744863529e-01	0.000000000000000000e+00
1.498502858962653406e+01	5.217414208333379655e-01	0.000000000000000000e+00
6.048609216661434695e-01	9.359968995356098276e-01	0.000000000000000000e+00
1.770314798027361292e+01	5.170480771572202316e-01	0.000000000000000000e+00
7.508616493019687477e-01	8.036786332430096991e-01	0.000000000000000000e+00
9.221762337724802805e+00	5.855256934818913184e-01	0.000000000000000000e+00
1.856600815109700486e-01	1.691026491482832128e+00	0.000000000000000000e+00
1.306404010393663884e-01	2.138103050445631315e+00	0.000000000000000000e+00
9.221130349271985382e-01	6.993776290272115670e-01	0.000000000000000000e+00
2.647363928939967526e-01	1.280266178212704276e+00	0.000000000000000000e+00
2.405153640255614789e-01	1.299556906868444717e+00	0.000000000000000000e+00
4.917767522401166325e+00	7.559553436509570679e-01	0.000000000000000000e+00
4.094047509828760423e-01	1.087650098125473974e+00	0.000000000000000000e+00
3.312450764297936168e-01	1.272723819120614719e+00	0.000000000000000000e+00
7.441804838321133819e-02	2.396650184342857592e+00	0.000000000000000000e+00
1.394302035761341985e-01	1.434864268621577787e+00	0.000000000000000000e+00
4.347469959129226513e-01	8.217745675519895210e-01	0.000000000000000000e+00
5.053251044300337974e-02	5.412666924165113080e+00	0.000000000000000000e+00
6.695926396570021311e+00	5.436093119895450965e-01	0.000000000000000000e+00
1.245051928090925308e+01	5.257291144161142515e-01	0.000000000000000000e+00
5.803421256731878808e-01	1.210191340009761696e+00	0.000000000000000000e+00
5.485553119837945246e+00	5.713394461149357006e-01	0.000000000000000000e+00
6.601048251376291365e-01	8.435726660474877070e-01	0.000000000000000000e+00
1.125396428785841035e-01	2.499052816678883016e+00	0.000000000000000000e+00
1.338505724170217792e-01	1.426591445747263931e+00	0.000000000000000000e+00
3.008805121349713008e-01	1.351730642075515521e+00	0.000000000000000000e+00
3.032410803832036983e+00	6.944193718498635759e-01	0.000000000000000000e+00
1.916049013298303516e-01	1.419911967332391889e+00	0.000000000000000000e+00
2.973651181278270245e-02	3.919155852618782188e+00	0.000000000000000000e+00
6.021508752194925096e-01	1.079574435462747228e+00	0.000000000000000000e+00
1.449337626460552420e+00	7.233145401787997031e-01	0.000000000000000000e+00
1.275624982444957922e+00	7.772099880855527498e-01	0.000000000000000000e+00
3.053112305675376725e-01	1.413131343409164353e+00	0.000000000000000000e+00
1.633651251493498213e+00	5.625175583515048539e-01	0.000000000000000000e+00
9.795780665744504567e-01	1.377190634447912121e+00	0.000000000000000000e+00
1.383835555849872723e+00	8.936533720511194989e-01	0.000000000000000000e+00
3.664125507615322075e+00	3.575325505495828837e-01	0.000000000000000000e+00
2.982274957196016096e-01	1.680376829093843449e+00	0.000000000000000000e+00
2.516760896140343373e+00	3.860609994871326833e-01	0.000000000000000000e+00
1.182803941948413207e-01	6.589073596724389859e+00	0.000000000000000000e+00
1.673172077582600004e+00	4.283358626867319052e-01	0.000000000000000000e+00
1.246266975511922115e-01	4.513506772905963693e+00	0.000000000000000000e+00
2.751126504975688114e+00	3.607617490307419850e-01	0.000000000000000000e+00
1.164355719553892499e+00	1.074474026211868605e+00	0.000000000000000000e+00
1.317281733567993440e-01	2.062069253212924114e+00	0.000000000000000000e+00
2.740060074701583526e-01	1.919283185770676470e+00	0.000000000000000000e+00
6.177624658894252663e-02	7.070099650306223893e+00	0.000000000000000000e+00
1.558320753846902385e+00	8.107950384788965570e-01	0.000000000000000000e+00
2.201855771764933689e-01	1.555698074035517298e+00	0.000000000000000000e+00
7.736489826523286484e-02	1.690154166172576078e+00	0.000000000000000000e+00
1.315135542177788430e+01	4.422673741463084007e-01	0.000000000000000000e+00
4.970328061869049713e-02	3.898714421846607436e+00	0.000000000000000000e+00
4.646462861088307972e-01	1.221693882686221588e+00	0.000000000000000000e+00
5.052020682086764136e-01	1.184546987907828530e+00	0.000000000000000000e+00
2.971261216736070132e+00	5.168850971460419164e-01	0.000000000000000000e+00
2.465252135334475181e+00	5.783779039940127875e-01	0.000000000000000000e+00
2.890368054017221078e-01	1.238807828665637434e+00	0.000000000000000000e+00
1.538470976727343009e+00	7.047537904783754970e-01	0.000000000000000000e+00
1.718151125870485574e+00	6.742093216569221559e-01	0.000000000000000000e+00
6.039023859019385654e+00	4.480424650686857246e-01	0.000000000000000000e+00
4.611268307850003439e-02	5.822693261787606822e+00	0.000000000000000000e+00
6.922201454896875772e-01	1.071909368054043243e+00	0.000000000000000000e+00
8.179011333113380688e-01	9.712100497458641124e-01	0.000000000000000000e+00
1.220833879965592256e-01	1.014691609660313354e+00	0.000000000000000000e+00
1.763408633850678808e-01	8.774658177347708365e-01	0.000000000000000000e+00
3.188617705023222282e-02	1.218295568009268859e+00	0.000000000000000000e+00
5.135650672203071476e-01	5.066154499988657633e-01	0.000000000000000000e+00
2.174156250650886857e-01	7.798804608082101630e-01	0.000000000000000000e+00
2.339797755522128042e-01	7.398944682483226121e-01	0.000000000000000000e+00
1.750815961915668795e-01	8.791482783315980321e-01	0.000000000000000000e+00
1.227089713732884280e-01	9.716512640995880190e-01	0.000000000000000000e+00
2.197879554696884064e-01	7.550168071704398409e-01	0.000000000000000000e+00
9.932956050965610628e-02	1.015885834442815661e+00	0.000000000000000000e+00
2.485051583453079804e-01	7.246254749621351410e-01	0.000000000000000000e+00
2.421563497012691746e-01	7.307852942115488082e-01	0.000000000000000000e+00
5.308013643150322203e-01	4.539813265218649030e-01	0.000000000000000000e+00
1.832788402056687305e-01	8.732587533497566668e-01	0.000000000000000000e+00
1.608331571319244757e-01	9.351707773839561533e-01	0.000000000000000000e+00
4.638667683520014684e-01	5.513355320880759525e-01	0.000000000000000000e+00
3.733515774835965417e-01	6.789470989413236568e-01	0.000000000000000000e+00
1.611276551813501934e-01	8.825911494668391422e-01	0.000000000000000000e+00
1.407032179029102104e-01	9.391597146011707586e-01	0.000000000000000000e+00
6.996578943858001998e-02	1.038577329039112707e+00	0.000000000000000000e+00
2.763223152157183171e-01	6.886146660804463027e-01	0.000000000000000000e+00
1.260456612947434607e+00	4.453378898880985814e-01	0.000000000000000000e+00
1.288476871512678028e-02	1.231151358129202400e+00	0.000000000000000000e+00
3.999578395307417100e-01	6.731352946953094163e-01	0.000000000000000000e+00
3.465391331177725132e-02	1.171797055386318620e+00	0.000000000000000000e+00
6.019939580604781459e-02	1.138482848140293102e+00	0.000000000000000000e+00
4.105243729128781882e-01	6.708274661100211977e-01	0.000000000000000000e+00
1.869396932858136129e-01	8.583791808075681429e-01	0.000000000000000000e+00
2.064593703378776457e-01	7.879304150006400942e-01	0.000000000000000000e+00
5.121751405602384954e-01	3.937455021638405217e-01	0.000000000000000000e+00
6.595592251206190415e-01	3.864035570142087539e-01	0.000000000000000000e+00
1.088376038113407773e+00	3.634061010048619256e-01	0.000000000000000000e+00
4.132696089026409725e-01	4.320860068631681705e-01	0.000000000000000000e+00
1.009255607910655300e-01	9.792381533047156417e-01	0.000000000000000000e+00
4.693828679689968780e-02	1.492853292540337939e+00	0.000000000000000000e+00
4.411599725737431199e-01	3.987827194521463281e-01	0.000000000000000000e+00
1.234763529182490854e-01	9.287473687772911379e-01	0.000000000000000000e+00
4.219572192871205440e-01	4.262501378291532750e-01	0.000000000000000000e+00
9.381153503697339247e-01	3.780462731149086264e-01	0.000000000000000000e+00
1.663435329994807088e-01	9.018443641495490493e-01	0.000000000000000000e+00
2.248438022939536207e-02	4.446080803454595554e+00	0.000000000000000000e+00
4.198975424971561621e-01	4.313239781881193502e-01	0.000000000000000000e+00
4.114070750741456450e-01	5.177266577991449514e-01	0.000000000000000000e+00
1.145764525030292108e-01	9.334492157371095944e-01	0.000000000000000000e+00
4.010156968532658239e-01	7.981798603003431580e-01	0.000000000000000000e+00
1.244348002793697061e-01	9.050732066211650828e-01	0.000000000000000000e+00
4.127689472507147239e-01	4.399890197212202314e-01	0.000000000000000000e+00
4.124246510172444036e-01	4.457694313269189856e-01	0.000000000000000000e+00
1.988797935065288180e-01	8.883608487268045417e-01	0.000000000000000000e+00
2.855141152957398759e-02	4.401322818230301692e+00	0.000000000000000000e+00
1.716169872901190385e-01	9.001966436930868287e-01	0.000000000000000000e+00
4.235827920392684631e-01	4.130281213189120892e-01	0.000000000000000000e+00
4.828735486180275177e-02	1.262849868817927490e+00	0.000000000000000000e+00
1.325428630687745524e-01	9.673098729038452914e-01	0.000000000000000000e+00
1.498749904173625191e-01	9.653085953077109593e-01	0.000000000000000000e+00
3.017881201583461070e-02	1.027737419740176295e+00	0.000000000000000000e+00
2.542941582961635860e-01	7.823657577717052503e-01	0.000000000000000000e+00
9.241508922507980436e-03	1.184612010920918834e+00	0.000000000000000000e+00
5.070498887849315961e-02	9.938109100080755320e-01	0.000000000000000000e+00
4.007189299825687084e-02	1.022625835745577083e+00	0.000000000000000000e+00
1.527385267017209933e-02	1.161293851980226055e+00	0.000000000000000000e+00
2.873277906623982192e-01	7.239458968572598518e-01	0.000000000000000000e+00
8.972238089217655643e-01	4.248843322393118238e-01	0.000000000000000000e+00
5.285913120603268345e-01	5.144848601890663620e-01	0.000000000000000000e+00
1.623506540194261105e-02	1.127625645903761908e+00	0.000000000000000000e+00
1.021965621271167413e+00	4.205474217868240272e-01	0.000000000000000000e+00
3.119723751338314144e-01	7.061679647169918361e-01	0.000000000000000000e+00
2.353969670984576990e-01	8.236856163769832317e-01	0.000000000000000000e+00
4.402908876651331349e-01	5.617590128683115358e-01	0.000000000000000000e+00
1.625685743364833624e-01	8.620678926548785981e-01	0.000000000000000000e+00
4.277027850054224145e-01	6.421401117535410208e-01	0.000000000000000000e+00
8.189528162216004326e-01	4.266376439406837084e-01	0.000000000000000000e+00
1.119531618701345987e-01	9.688636063951531208e-01	0.000000000000000000e+00
1.106673264077254748e-01	9.818192054761832877e-01	0.000000000000000000e+00
6.479801411800101274e-01	4.646978814392372370e-01	0.000000000000000000e+00
2.180460064928081143e-01	8.577981127119537197e-01	0.000000000000000000e+00
3.332589271444146295e-01	7.035746847278367966e-01	0.000000000000000000e+00
7.394146875672691355e-01	4.315932395113179498e-01	0.000000000000000000e+00
1.335049603571526022e+00	4.050107331981517289e-01	0.000000000000000000e+00
1.542319563164739615e-01	9.251077042267408235e-01	0.000000000000000000e+00
1.725383177155397352e-01	7.619156924445408263e-01	0.000000000000000000e+00
1.944955208953525472e-01	7.038877644441391412e-01	0.000000000000000000e+00
2.176484757920981394e+00	5.878014372955776556e-01	0.000000000000000000e+00
1.941054786329861503e+00	5.908179359647532936e-01	0.000000000000000000e+00
1.680470190514557205e-01	7.755998805574219057e-01	0.000000000000000000e+00
1.401782965992091345e-01	8.219794990039630544e-01	0.000000000000000000e+00
3.427653805619888111e-02	1.037335923228681400e+00	0.000000000000000000e+00
5.370901032921095997e-01	6.175422240657727491e-01	0.000000000000000000e+00
5.921258416517213852e-02	9.785383545749420930e-01	0.000000000000000000e+00
1.426412561418795577e-01	8.164863934364241516e-01	0.000000000000000000e+00
4.012837688967397787e-01	6.491084795384826078e-01	0.000000000000000000e+00
8.445807431364124596e-02	9.533689617583158693e-01	0.000000000000000000e+00
4.292490702164010186e-01	6.278001282987691889e-01	0.000000000000000000e+00
1.256426706049664221e-01	8.392879779382405037e-01	0.000000000000000000e+00
1.747957831996766742e-01	7.411700638695083443e-01	0.000000000000000000e+00
4.849964871669698585e-02	1.000086651738891552e+00	0.000000000000000000e+00
3.975994373758865441e-01	6.552073794926297490e-01	0.000000000000000000e+00
3.718800010852270632e-01	6.617487660125204174e-01	0.000000000000000000e+00
8.683361336320120916e-02	9.244112752814958034e-01	0.000000000000000000e+00
2.458970048352026108e-02	1.053652924486564668e+00	0.000000000000000000e+00
1.161185744288634192e+00	6.009223168163757567e-01	0.000000000000000000e+00
1.904377543417179741e-01	7.151981236057595170e-01	0.000000000000000000e+00
7.933411355847296287e-01	6.084819805779148050e-01	0.000000000000000000e+00
2.183006099251894594e-01	7.034008072180460980e-01	0.000000000000000000e+00
1.449638524935475958e-01	7.879108120390487802e-01	0.000000000000000000e+00
1.807910430891976339e-02	1.090712846846328521e+00	0.000000000000000000e+00
2.944762914908100271e+00	5.752417404460143935e-01	0.000000000000000000e+00
1.794469935621725576e-01	7.381010714585237720e-01	0.000000000000000000e+00
2.330301962859399334e-01	6.656874702685481315e-01	0.000000000000000000e+00
3.126240922742476447e-02	1.045921506660842715e+00	0.000000000000000000e+00
2.104495123439247273e+00	3.647644759035325451e-02	0.000000000000000000e+00
1.619069507964774113e+00	7.727510765709209861e-02	0.000000000000000000e+00
6.976008734403894573e-01	3.981638795607716497e-01	0.000000000000000000e+00
4.036974079995069298e-01	5.630168411128899653e-01	0.000000000000000000e+00
1.486407321087669153e+00	9.339957454389082037e-02	0.000000000000000000e+00
1.566123192299098132e-01	9.655025081409800425e-01	0.000000000000000000e+00
6.929244215534127727e-02	1.045504084581405646e+00	0.000000000000000000e+00
4.009738284271641140e-01	7.316080926371828497e-01	0.000000000000000000e+00
4.704346036270196652e-01	4.257751060324314607e-01	0.000000000000000000e+00
4.257155167226837622e-01	4.787899234467364318e-01	0.000000000000000000e+00
3.268255695355411494e-01	9.043840464999723938e-01	0.000000000000000000e+00
9.064753549950506362e-02	9.852822716981241014e-01	0.000000000000000000e+00
5.031341974729073435e-02	1.116023677549488946e+00	0.000000000000000000e+00
1.483826270152071469e+00	9.401259865093866686e-02	0.000000000000000000e+00
4.565128980838452089e-01	4.473957061079182895e-01	0.000000000000000000e+00
1.205461334189109168e+00	3.906351827244415320e-01	0.000000000000000000e+00
1.676139336162213167e-01	9.311116289502214816e-01	0.000000000000000000e+00
3.000567994215656009e-01	9.142964468874597017e-01	0.000000000000000000e+00
6.206783077377111407e-02	1.052241863418916568e+00	0.000000000000000000e+00
1.385238564759658564e+00	1.219464739794035302e-01	0.000000000000000000e+00
4.238202465508480454e-01	4.810848545302551238e-01	0.000000000000000000e+00
5.181588980691116397e-01	4.053585519476975429e-01	0.000000000000000000e+00
7.709784475653347346e-01	3.920763053219910588e-01	0.000000000000000000e+00
1.637357024746878553e-01	9.544420005796928619e-01	0.000000000000000000e+00
2.825990496647642902e-01	8.298755168452980335e-01	0.000000000000000000e+00
3.288763851142664674e+00	3.115498713877479786e-01	0.000000000000000000e+00
9.297190150788758878e-01	3.369384125308905187e-01	0.000000000000000000e+00
9.141992885973854177e-01	3.370044005967186562e-01	0.000000000000000000e+00
1.855600836720299740e-01	9.024385025661453286e-01	0.000000000000000000e+00
9.372152185262307145e-02	1.450640621251130691e+00	0.000000000000000000e+00
2.787881240725765264e-01	8.971045424140315916e-01	0.000000000000000000e+00
1.537942041029532747e-01	1.242393627078913543e+00	0.000000000000000000e+00
1.125151748679994179e-01	1.431459797972740144e+00	0.000000000000000000e+00
8.383456666362952558e-02	1.885374906055359512e+00	0.000000000000000000e+00
5.820122764732396092e-01	6.596224635656459112e-01	0.000000000000000000e+00
1.334525535950537689e+00	3.298466200591506636e-01	0.000000000000000000e+00
1.856697506653133711e+00	3.250432755436586385e-01	0.000000000000000000e+00
2.860708875136919738e-01	7.801432673462633804e-01	0.000000000000000000e+00
7.761561760771483742e-01	3.627020864463662564e-01	0.000000000000000000e+00
1.285444322350056956e-01	1.415152508642042450e+00	0.000000000000000000e+00
9.079149616918372190e-02	1.643011037406255648e+00	0.000000000000000000e+00
4.131316366649708804e-01	6.694272778310994543e-01	0.000000000000000000e+00
2.805602990628186522e-01	8.481810669412463977e-01	0.000000000000000000e+00
3.686950842632482073e-01	6.723586376454756541e-01	0.000000000000000000e+00
3.182093574379514789e-01	6.922310967065447018e-01	0.000000000000000000e+00
3.073837513547739153e-01	7.668465866068648884e-01	0.000000000000000000e+00
1.221065302757872728e-01	1.062175130285205160e+00	0.000000000000000000e+00
2.613300044082058141e-02	1.756158542141408541e+00	0.000000000000000000e+00
3.215590287988050189e-02	1.528296451521848009e+00	0.000000000000000000e+00
5.242063982743273565e-01	3.961859792432281813e-01	0.000000000000000000e+00
3.568648931593317725e-02	1.261686492126749437e+00	0.000000000000000000e+00
5.577439683159274297e-01	3.681592816154842240e-01	0.000000000000000000e+00
5.676352143764413771e-01	3.417334733789793022e-01	0.000000000000000000e+00
1.493995186498640049e-01	1.042069871524433866e+00	0.000000000000000000e+00
4.360878984650577717e-02	1.082510765658572627e+00	0.000000000000000000e+00
3.455346602119051952e-02	1.305125742582589510e+00	0.000000000000000000e+00
2.514038805938587640e-01	6.886475885339975456e-01	0.000000000000000000e+00
5.706317022729131549e-01	2.967467085331926824e-01	0.000000000000000000e+00
4.064443117961941132e-02	1.144337112893411001e+00	0.000000000000000000e+00
2.491490904364856429e-01	6.970668928506255080e-01	0.000000000000000000e+00
3.037896562514398879e-01	6.509472108207716712e-01	0.000000000000000000e+00
6.232649383000282706e-01	2.914872291665630000e-01	0.000000000000000000e+00
4.280172924688580016e-01	6.359367436909415527e-01	0.000000000000000000e+00
1.737943472829130143e-01	9.665279693893216173e-01	0.000000000000000000e+00
1.775923995762351826e-01	8.745132178358052677e-01	0.000000000000000000e+00
5.249050347949961726e-01	3.932264126059125120e-01	0.000000000000000000e+00
2.265444482495899414e-01	7.681128560851689935e-01	0.000000000000000000e+00
2.415876150718006821e-01	7.516877703503475061e-01	0.000000000000000000e+00
5.363477904286388931e-01	3.709154608548289045e-01	0.000000000000000000e+00
5.213718023373022925e-01	4.319048753536492424e-01	0.000000000000000000e+00
2.936320018571301760e-01	6.665092646429175982e-01	0.000000000000000000e+00
7.351883166297558392e-02	1.073861398258576960e+00	0.000000000000000000e+00
5.031230550758168940e-01	4.841868053556227514e-01	0.000000000000000000e+00
1.728206032959900940e+00	3.599152140464853544e-01	0.000000000000000000e+00
4.618982281985646865e-01	4.500242203127517993e-01	0.000000000000000000e+00
4.291778475277464033e-01	4.605372267530379871e-01	0.000000000000000000e+00
5.136082552380092370e-01	4.226609808444296013e-01	0.000000000000000000e+00
1.029080009103737481e-01	9.975300693611124370e-01	0.000000000000000000e+00
7.288135839669759308e-01	3.959253972197347982e-01	0.000000000000000000e+00
4.179823893593644368e-01	4.781223131779605562e-01	0.000000000000000000e+00
9.226408800730004911e-01	3.668162592259749388e-01	0.000000000000000000e+00
5.592971721600020762e-01	3.992415445471665381e-01	0.000000000000000000e+00
2.294718857095248699e-02	1.257815409173091536e+00	0.000000000000000000e+00
4.355606645381890352e-02	1.079694335418027284e+00	0.000000000000000000e+00
1.165838986343636363e-01	8.729337577539716397e-01	0.000000000000000000e+00
3.709948529543768969e-02	1.157218483143108934e+00	0.000000000000000000e+00
4.862297034593396350e-01	4.312643708659655295e-01	0.000000000000000000e+00
3.336804172328999840e-02	1.231846474773644395e+00	0.000000000000000000e+00
8.328334993609924908e-01	3.826962123685868078e-01	0.000000000000000000e+00
3.215743526031097921e-01	7.553608312823308912e-01	0.000000000000000000e+00
5.803894303223509910e-02	1.008560222661343708e+00	0.000000000000000000e+00
2.409988090690568796e-01	7.818403922544555629e-01	0.000000000000000000e+00
4.078015455897390229e-01	7.431399339495685652e-01	0.000000000000000000e+00
7.660899641785825498e-01	3.854155415181271804e-01	0.000000000000000000e+00
1.796401703344298328e-01	7.839682119172899366e-01	0.000000000000000000e+00
2.873716713781167553e-01	7.815947223038074432e-01	0.000000000000000000e+00
1.459905098950379010e+00	5.662129253433140219e-01	0.000000000000000000e+00
3.856984510273762240e-02	1.089185740370584687e+00	0.000000000000000000e+00
6.342909860682677259e-01	5.875369653384608926e-01	0.000000000000000000e+00
5.654961530994888630e-01	6.810737441820182703e-01	0.000000000000000000e+00
2.755915143497345565e-01	8.371608820701212927e-01	0.000000000000000000e+00
3.408920112992600560e-01	6.965606752817570246e-01	0.000000000000000000e+00
1.074951284979885763e-01	9.032981939684517902e-01	0.000000000000000000e+00
1.763915005582901083e-02	1.236904046452197869e+00	0.000000000000000000e+00
2.997615857212809209e-01	7.164674234723298341e-01	0.000000000000000000e+00
4.124272989394927036e-01	6.917220739763613180e-01	0.000000000000000000e+00
4.845008913024874131e-01	6.885803877372984605e-01	0.000000000000000000e+00
1.837298197760759699e-01	8.929520518612306113e-01	0.000000000000000000e+00
1.041599562427821396e-01	1.002738238838434270e+00	0.000000000000000000e+00
1.206491244838958921e-01	8.989732626874510357e-01	0.000000000000000000e+00
1.445791573163187141e-02	2.019523362289918023e+00	0.000000000000000000e+00
2.963782033247043812e-01	7.354580836982511638e-01	0.000000000000000000e+00
2.788299948287952246e-01	7.686226494842260948e-01	0.000000000000000000e+00
1.048596878723389164e-01	9.987817885719907363e-01	0.000000000000000000e+00
9.612508194324060895e-01	5.747531525842453082e-01	0.000000000000000000e+00
6.545837006255611490e-02	1.083383846111928950e+00	0.000000000000000000e+00
1.496095209004755754e-02	1.435334947604299582e+00	0.000000000000000000e+00
1.011984719990320913e-01	1.075417718142329448e+00	0.000000000000000000e+00
1.018265177763220536e-01	1.060546548983980486e+00	0.000000000000000000e+00
8.050391082590487857e-01	4.068194297646675617e-01	0.000000000000000000e+00
9.799628170422479412e-03	1.874026929132576402e+00	0.000000000000000000e+00
1.123642228948444677e+00	3.914609339446209479e-01	0.000000000000000000e+00
3.121683559527237417e-01	8.588627692572488037e-01	0.000000000000000000e+00
3.156401784776866754e-02	1.070303334861660183e+00	0.000000000000000000e+00
6.400958783648887929e-01	4.201651719502131899e-01	0.000000000000000000e+00
4.853429898845820767e-02	1.018717869916344165e+00	0.000000000000000000e+00
3.206391625250030186e-01	8.236858993723291666e-01	0.000000000000000000e+00
6.966762311248870798e-01	4.141203910244030673e-01	0.000000000000000000e+00
3.973280712897803157e-02	1.062643563532628788e+00	0.000000000000000000e+00
1.560559939406404473e+00	3.898091149063093175e-01	0.000000000000000000e+00
1.483657683002397865e-01	9.152976282347939918e-01	0.000000000000000000e+00
1.261936832017407362e-01	9.760902579530121859e-01	0.000000000000000000e+00
1.433117354597721049e-01	9.453078187730310500e-01	0.000000000000000000e+00
1.787007541791500453e-01	9.060898501680453299e-01	0.000000000000000000e+00
7.535968687275508282e-01	4.112936860416591678e-01	0.000000000000000000e+00
8.154413183942509080e-02	1.003518496742052513e+00	0.000000000000000000e+00
5.654954457132109757e-01	4.581875535585781534e-01	0.000000000000000000e+00
1.197521912084590356e-01	9.872013276796953729e-01	0.000000000000000000e+00
1.825842936492714008e+00	3.831894785178065477e-01	0.000000000000000000e+00
3.142281063168756994e-01	8.312963595739911726e-01	0.000000000000000000e+00
6.230277610781023157e-01	4.558600021696724292e-01	0.000000000000000000e+00
8.595540358571209794e-01	4.058877649470997162e-01	0.000000000000000000e+00
1.789474454054883756e-01	8.613630956288740315e-01	0.000000000000000000e+00
1.557701365553078476e+00	3.906779634270673984e-01	0.000000000000000000e+00
4.911339621787950804e+00	3.811817533039428274e-01	0.000000000000000000e+00
1.340090692307348286e-01	9.703222173691399277e-01	0.000000000000000000e+00
6.067181977189969322e-01	4.346624082470511019e-01	0.000000000000000000e+00
3.302909034179069558e-01	5.153135724384629857e-01	0.000000000000000000e+00
5.393009667929045126e-01	4.358722802865088175e-01	0.000000000000000000e+00
4.455203838443392295e-01	4.373614285923139167e-01	0.000000000000000000e+00
3.406687845438604034e-01	5.085111613759493165e-01	0.000000000000000000e+00
4.699632941362405503e-01	4.365265365902079586e-01	0.000000000000000000e+00
4.139841812544821642e-01	4.384016151329328537e-01	0.000000000000000000e+00
4.112060719450894575e-01	4.388864936648430581e-01	0.000000000000000000e+00
3.570921073045387750e-01	4.592398537282552096e-01	0.000000000000000000e+00
3.463227918417894347e-01	4.858700498383817790e-01	0.000000000000000000e+00
3.741577232137848208e-01	4.449922611519657734e-01	0.000000000000000000e+00
3.806150381296588003e-01	4.447251493548974310e-01	0.000000000000000000e+00
4.398592770386694495e-01	4.374830859345044676e-01	0.000000000000000000e+00
4.002865343999151837e-01	4.397091611370467223e-01	0.000000000000000000e+00
3.644339931402023613e-01	4.463327624493656498e-01	0.000000000000000000e+00
3.450708741986940886e-01	4.938934264561294363e-01	0.000000000000000000e+00
4.449407851079076326e-01	4.373998640903309920e-01	0.000000000000000000e+00
3.876119077198735829e-01	4.441979953261659397e-01	0.000000000000000000e+00
3.267677419287784990e-01	8.026550081371465195e-01	0.000000000000000000e+00
3.414893729239220077e-01	4.948778284155637142e-01	0.000000000000000000e+00
3.463155513264226104e-01	5.627681778638500276e-01	0.000000000000000000e+00
3.600117655178662335e-01	5.207545735640130014e-01	0.000000000000000000e+00
3.410459130463371902e-01	7.456506029283169745e-01	0.000000000000000000e+00
3.626996194682018948e-01	4.792275151405826494e-01	0.000000000000000000e+00
3.669179136048719148e-01	4.572252801884175155e-01	0.000000000000000000e+00
3.323847544373321750e-01	7.731280682815110383e-01	0.000000000000000000e+00
4.837076708567367156e-01	4.511980902869228149e-01	0.000000000000000000e+00
3.421691698038116791e-01	6.219597153866619488e-01	0.000000000000000000e+00
2.439298222042297404e+00	3.490083273747758841e-01	0.000000000000000000e+00
1.941961218763294250e-01	1.001835708253458357e+00	0.000000000000000000e+00
1.161096496372701736e+00	4.115054298857929727e-01	0.000000000000000000e+00
2.110534460072198137e-01	9.954634092342713458e-01	0.000000000000000000e+00
1.220414232578197256e+00	3.978425916920597660e-01	0.000000000000000000e+00
3.157123175339183740e-01	5.160147206872300885e-01	0.000000000000000000e+00
1.520759511521405427e+00	3.564869193193200836e-01	0.000000000000000000e+00
1.215514641104798788e+00	4.093476371713625217e-01	0.000000000000000000e+00
1.225503934097972758e+00	3.889745939674858488e-01	0.000000000000000000e+00
1.234347752369823636e+00	3.601788401732838873e-01	0.000000000000000000e+00
3.030486991936783836e-01	5.254866029856832821e-01	0.000000000000000000e+00
1.155612896190001126e-01	1.040475339691496748e+00	0.000000000000000000e+00
4.983201979626099010e-01	5.066302036469523262e-01	0.000000000000000000e+00
4.841715839409616723e-02	1.049890010609677127e+00	0.000000000000000000e+00
2.994483828618789145e-01	5.761235504407911101e-01	0.000000000000000000e+00
3.029980281357549932e-01	5.610373481456137901e-01	0.000000000000000000e+00
3.056383281570684840e-01	5.200901096866058504e-01	0.000000000000000000e+00
1.172911084274113891e-01	1.021574274854401887e+00	0.000000000000000000e+00
1.044924082316800007e+00	4.336806855940940619e-01	0.000000000000000000e+00
8.077045603094876181e-02	1.041016222901790966e+00	0.000000000000000000e+00
2.646551800070719856e-02	1.152372072526350433e+00	0.000000000000000000e+00
8.950102220179062540e-02	9.549600669031501621e-01	0.000000000000000000e+00
1.341466108535994406e-01	8.514954698927374999e-01	0.000000000000000000e+00
1.196447214867736308e-01	8.714773863134864795e-01	0.000000000000000000e+00
1.248480177401751212e-01	8.614868090357115094e-01	0.000000000000000000e+00
1.102756179684485083e-01	8.906585006470093546e-01	0.000000000000000000e+00
7.392175041738030528e-02	9.651264687419244259e-01	0.000000000000000000e+00
1.310510490653978566e-01	8.572518657789489627e-01	0.000000000000000000e+00
1.138854913492780285e-01	8.879789322587475775e-01	0.000000000000000000e+00
4.626978206015706641e-01	5.366947424676170586e-01	0.000000000000000000e+00
3.817028490316833056e-02	1.053137253432184339e+00	0.000000000000000000e+00
1.009053155174318150e-01	9.152478802275926251e-01	0.000000000000000000e+00
1.409309519761193508e-01	8.363226016455618250e-01	0.000000000000000000e+00
8.095750200367695104e-01	4.004809384891548363e-01	0.000000000000000000e+00
1.806469445145972852e-01	8.110407620126593997e-01	0.000000000000000000e+00
2.022234715115165948e-01	8.064994363414438316e-01	0.000000000000000000e+00
1.682220025869286539e-01	8.125653017568164049e-01	0.000000000000000000e+00
9.320816622885426117e-01	2.917102293062417973e-01	0.000000000000000000e+00
4.873698705303561307e-01	4.796179625372944955e-01	0.000000000000000000e+00
8.309099678354684437e-01	3.859246640720843669e-01	0.000000000000000000e+00
9.596378840179031755e-01	2.820760084588829208e-01	0.000000000000000000e+00
9.585223664527149356e-01	2.835761281721728144e-01	0.000000000000000000e+00
2.688825685325174630e-02	1.104047846155874923e+00	0.000000000000000000e+00
1.172135026322866508e-01	8.851324317938714659e-01	0.000000000000000000e+00
2.074023201893178958e-01	7.678040041192514265e-01	0.000000000000000000e+00
1.441402942070816873e-01	8.347651517943491806e-01	0.000000000000000000e+00
5.001156815405044531e-01	4.129787492741621713e-01	0.000000000000000000e+00
9.550355441250590882e-01	2.892405416624044823e-01	0.000000000000000000e+00
1.471291768441398695e-01	8.164319417198607765e-01	0.000000000000000000e+00
2.657203954803139673e-02	1.145676839094341259e+00	0.000000000000000000e+00
4.059351588417337009e-02	1.031128529924456805e+00	0.000000000000000000e+00
1.050653310184076039e+00	2.784211809926800396e-01	0.000000000000000000e+00
5.046199984868816185e-02	9.933565509736416166e-01	0.000000000000000000e+00
8.447141729500551310e-01	2.987944944705557826e-01	0.000000000000000000e+00
4.690181163647920148e-01	5.012655357789718158e-01	0.000000000000000000e+00
4.744564451248112907e-02	1.005248297739933960e+00	0.000000000000000000e+00
7.956261429797923945e-01	4.006682488800002995e-01	0.000000000000000000e+00
8.123929172638161278e-01	3.909667203002363811e-01	0.000000000000000000e+00
7.050726955859190626e-02	9.704965163511144466e-01	0.000000000000000000e+00
1.653332623379714372e-01	8.132328039273531983e-01	0.000000000000000000e+00
1.345138275884768808e-01	8.506014102996598547e-01	0.000000000000000000e+00
8.447141729500551310e-01	2.987944944705557826e-01	0.000000000000000000e+00
4.659011294938442682e-01	5.146193366244883327e-01	0.000000000000000000e+00
1.555387604130316903e-01	8.161785109237863489e-01	0.000000000000000000e+00
9.790271851798957314e-01	2.788123914935954351e-01	0.000000000000000000e+00
4.075343134132369816e-02	1.008314274007814149e+00	0.000000000000000000e+00
1.446266120087836560e-01	8.318541155798215847e-01	0.000000000000000000e+00
3.325261227520318053e-01	1.100633669726280672e+01	0.000000000000000000e+00
7.009850924075490264e-01	3.807960800758954378e-01	0.000000000000000000e+00
5.217700124636983627e-01	3.935817524377466792e-01	0.000000000000000000e+00
2.754572892202582501e-01	1.223916959669089266e+01	0.000000000000000000e+00
4.315800201906004885e-01	3.958797708788205916e-01	0.000000000000000000e+00
3.462807338939805080e-01	8.230617262851138705e+00	0.000000000000000000e+00
2.856179207122074848e-01	1.197291264027586344e+01	0.000000000000000000e+00
3.933528357074564386e-01	4.319988247128067060e-01	0.000000000000000000e+00
4.129437376064444831e-01	4.013556252230274235e-01	0.000000000000000000e+00
3.639741601152514106e-01	1.343331463807659887e+00	0.000000000000000000e+00
4.005027145423611934e-01	4.092950144124573031e-01	0.000000000000000000e+00
3.985317755344018886e-01	4.101905526590364226e-01	0.000000000000000000e+00
3.630039168688627416e-01	1.362362005773109175e+00	0.000000000000000000e+00
3.645203754704508525e-01	8.915371471960136240e-01	0.000000000000000000e+00
3.592974943551143219e-01	1.516643664029343919e+00	0.000000000000000000e+00
3.840810198042980406e-01	6.017957179912388765e-01	0.000000000000000000e+00
3.932809728486410528e-01	4.782953671747343094e-01	0.000000000000000000e+00
4.065295584736530743e-01	4.064943346995220641e-01	0.000000000000000000e+00
3.845354341606942450e-01	6.016831748568767235e-01	0.000000000000000000e+00
4.217457729280065237e-01	3.978341983529851689e-01	0.000000000000000000e+00
3.867839792466794546e-01	5.886088397239870318e-01	0.000000000000000000e+00
3.573353797119245279e-01	2.090058972573539897e+00	0.000000000000000000e+00
4.067699604491253895e-01	4.059928380106216372e-01	0.000000000000000000e+00
3.832823234451248062e-01	7.978242164255937574e-01	0.000000000000000000e+00
6.663238019738582096e-01	3.683079483387263209e-01	0.000000000000000000e+00
7.205588582296111877e-01	2.207238000090862851e-01	0.000000000000000000e+00
7.993475160499061705e-01	2.081580264073246700e-01	0.000000000000000000e+00
6.643880171197563689e-01	3.860328173422378772e-01	0.000000000000000000e+00
7.013967215998380134e-01	2.321151009350160555e-01	0.000000000000000000e+00
8.155364719314582844e-01	2.010189576147258794e-01	0.000000000000000000e+00
7.095148636746793080e-01	2.272137324116964008e-01	0.000000000000000000e+00
7.288609777388382893e-01	2.097311562146886299e-01	0.000000000000000000e+00
6.671715447729602566e-01	2.973515003808999690e-01	0.000000000000000000e+00
1.336147929484396535e+00	5.667876160976649536e-02	0.000000000000000000e+00
1.420352498159928922e+00	3.644932732097495853e-02	0.000000000000000000e+00
6.726852066838876487e-01	2.377955849006011535e-01	0.000000000000000000e+00
6.690685800844350384e-01	2.521489121997560479e-01	0.000000000000000000e+00
2.083044468319157350e-01	8.534433977668332005e-01	0.000000000000000000e+00
1.103154376836266160e-01	9.948475300091380591e-01	0.000000000000000000e+00
2.550570963256601487e-01	7.418440676673430101e-01	0.000000000000000000e+00
6.971063774151535775e-01	3.356047952205241103e-01	0.000000000000000000e+00
3.712216190798119098e-02	1.470363231792259695e+00	0.000000000000000000e+00
3.838529294596608465e-02	1.369821571256364834e+00	0.000000000000000000e+00
5.633228570170752958e-01	4.169184008646221740e-01	0.000000000000000000e+00
2.566383149255343499e-01	7.341290048189235140e-01	0.000000000000000000e+00
5.749692039709406455e-01	3.426326375548462422e-01	0.000000000000000000e+00
5.671911177446348901e-02	1.193176835339949893e+00	0.000000000000000000e+00
6.511553438934177818e-01	3.359288092612983112e-01	0.000000000000000000e+00
6.198643810221993178e-01	3.410197766231728433e-01	0.000000000000000000e+00
4.003974940541715072e-02	1.258769711956784443e+00	0.000000000000000000e+00
3.001361764858652414e-02	1.653463691572161887e+00	0.000000000000000000e+00
6.198643810221993178e-01	3.410197766231728433e-01	0.000000000000000000e+00
4.310772285626082029e-02	1.194210705776237225e+00	0.000000000000000000e+00
2.896074874142748334e-01	7.307496303579892327e-01	0.000000000000000000e+00
6.399736919324623408e-01	3.378665652747057102e-01	0.000000000000000000e+00
3.009293295971717241e-01	7.250205721812278403e-01	0.000000000000000000e+00
2.110889851116248828e-01	7.427200846658724709e-01	0.000000000000000000e+00
1.359754345761942096e-01	9.547462419715193604e-01	0.000000000000000000e+00
1.778873146714730347e-01	8.755523360481800577e-01	0.000000000000000000e+00
5.629659919384554234e-01	4.449822289430851452e-01	0.000000000000000000e+00
1.811578141971323941e-01	7.707146820617312155e-01	0.000000000000000000e+00
9.996068434498202315e-02	1.005731274903849171e+00	0.000000000000000000e+00
3.727476133202826669e-01	6.632765893975733906e-01	0.000000000000000000e+00
1.350160845932225351e-01	9.045126379440431297e-01	0.000000000000000000e+00
1.095823874189428976e-01	9.939735414131027902e-01	0.000000000000000000e+00
1.372559394068972038e-01	8.976419459034234993e-01	0.000000000000000000e+00
1.118654866361584593e-01	9.309729735847908083e-01	0.000000000000000000e+00
3.901103592243677087e-01	4.971695369022076094e-01	0.000000000000000000e+00
1.762728586165955846e-01	8.120201270717900544e-01	0.000000000000000000e+00
1.542765696351486582e-01	8.475176724126310956e-01	0.000000000000000000e+00
1.658004279012184612e-01	8.237430972038956023e-01	0.000000000000000000e+00
2.002275272093838321e-01	7.516908628519586300e-01	0.000000000000000000e+00
1.769295801671005031e-01	7.754174661324111373e-01	0.000000000000000000e+00
1.769295801671005031e-01	7.754174661324111373e-01	0.000000000000000000e+00
1.308415881037418016e-01	9.177278659504645164e-01	0.000000000000000000e+00
4.488760932677989812e-01	4.475536906540371063e-01	0.000000000000000000e+00
1.985344841603983446e-01	7.534468878165561101e-01	0.000000000000000000e+00
3.762483133094433607e-01	5.334383157132700504e-01	0.000000000000000000e+00
3.337428670709349232e-01	7.392746256181160769e-01	0.000000000000000000e+00
3.898837516860337304e-01	5.047607711889076088e-01	0.000000000000000000e+00
1.418252037401185883e-01	8.504889758032542213e-01	0.000000000000000000e+00
3.807772948561484738e-01	5.186386854002582592e-01	0.000000000000000000e+00
3.779876905380279983e-01	5.214250890394024340e-01	0.000000000000000000e+00
2.200485101425129486e-01	7.470698317735898764e-01	0.000000000000000000e+00
3.730331099557798180e-01	6.501554294365667896e-01	0.000000000000000000e+00
3.754514326386167999e-01	6.351139876168037102e-01	0.000000000000000000e+00
4.588981885981269770e-01	4.440056594084734187e-01	0.000000000000000000e+00
3.625091869615973406e-02	1.135349211557516558e+00	0.000000000000000000e+00
3.717628698779592011e-01	7.367748271632800217e-01	0.000000000000000000e+00
4.702888954965556145e-01	4.439703430396899630e-01	0.000000000000000000e+00
1.889142405232253630e-01	7.583853932084944072e-01	0.000000000000000000e+00
5.015397704394732037e-02	1.028314694470545465e+00	0.000000000000000000e+00
1.836826582617663572e-01	7.586853477925421529e-01	0.000000000000000000e+00
9.306438768232668662e-03	1.149720171214097197e+00	0.000000000000000000e+00
1.990113358578642633e-01	7.517497385522418085e-01	0.000000000000000000e+00
3.934649108677717999e-01	4.537800322147514942e-01	0.000000000000000000e+00
4.473092075801237688e-01	3.391611659278709334e-01	0.000000000000000000e+00
4.438626240107281795e-01	3.623124578049261024e-01	0.000000000000000000e+00
4.541719817700113349e-01	3.367789014522065139e-01	0.000000000000000000e+00
5.873531427883860179e-01	2.749893328988909924e-01	0.000000000000000000e+00
4.562760395578167594e-01	3.315267410367953027e-01	0.000000000000000000e+00
4.134395395398018924e-01	5.029781457275470657e-01	0.000000000000000000e+00
7.349057709871216482e-02	1.401163786635455599e+00	0.000000000000000000e+00
1.037470033579469264e-01	1.219193095319283771e+00	0.000000000000000000e+00
3.431134379194185069e-01	5.253183761685682462e-01	0.000000000000000000e+00
2.831631644619311827e-01	7.523950465750195438e-01	0.000000000000000000e+00
6.820098192209837762e-02	1.421826460437770834e+00	0.000000000000000000e+00
3.778194401397941826e-01	5.095385020024445488e-01	0.000000000000000000e+00
3.580838753838752053e-01	5.197580329268208787e-01	0.000000000000000000e+00
2.808280718011613164e-01	7.781357942210443968e-01	0.000000000000000000e+00
3.611968243619363972e-01	5.138328065516641896e-01	0.000000000000000000e+00
1.126739887158809822e-01	1.043572277338332910e+00	0.000000000000000000e+00
7.876384870947755745e-02	1.322679913523522988e+00	0.000000000000000000e+00
2.768361509966200673e-01	7.826807616835781412e-01	0.000000000000000000e+00
9.155478536247207977e-02	1.259634283989327974e+00	0.000000000000000000e+00
1.354796183753572969e-01	9.498679988758302883e-01	0.000000000000000000e+00
2.016021383807420075e-01	8.745221690863866915e-01	0.000000000000000000e+00
3.320956441853095131e-01	5.303369670961131099e-01	0.000000000000000000e+00
3.613507669248864351e-01	5.101905158934919582e-01	0.000000000000000000e+00
1.212304220246313985e-01	9.534236393967158163e-01	0.000000000000000000e+00
7.449686178926959168e-02	1.372645411452211972e+00	0.000000000000000000e+00
6.451137810089532798e-02	1.502663703676855533e+00	0.000000000000000000e+00
3.788444679569475948e-01	5.088801969913909762e-01	0.000000000000000000e+00
6.549552749386731987e-02	1.460153822312575178e+00	0.000000000000000000e+00
2.945415997461286461e-01	6.346358988857037087e-01	0.000000000000000000e+00
1.521329326220441369e-01	9.348599273596819303e-01	0.000000000000000000e+00
2.993474685178081351e-01	5.306005880557566057e-01	0.000000000000000000e+00
1.360753242339285962e-01	9.418724028518098423e-01	0.000000000000000000e+00
5.441578558453280534e-02	1.851120344299360898e+00	0.000000000000000000e+00
2.673674002672324690e+00	5.128053794817825084e-01	0.000000000000000000e+00
6.670061407831683331e-01	1.053501117012916710e+00	0.000000000000000000e+00
6.013557955324202453e+00	3.439728975862171301e-01	0.000000000000000000e+00
2.351834892844502090e-01	1.596854192118653870e+00	0.000000000000000000e+00
5.720522835679291873e+00	3.467903403872669155e-01	0.000000000000000000e+00
4.473129348098577041e-02	3.285686573718791248e+00	0.000000000000000000e+00
9.264067918777015853e-01	7.042567657374324552e-01	0.000000000000000000e+00
8.968253954328095912e-01	8.836832247500797655e-01	0.000000000000000000e+00
3.408125773202777542e-01	1.076247882623085239e+00	0.000000000000000000e+00
4.689532744729950409e+00	3.518906455623354579e-01	0.000000000000000000e+00
7.405490936889380649e-01	9.684855974024323411e-01	0.000000000000000000e+00
7.011707143559370303e-01	1.039992881261427193e+00	0.000000000000000000e+00
2.476892077990005880e+00	5.235352211378617726e-01	0.000000000000000000e+00
1.554639341308648115e+00	5.911253920194841083e-01	0.000000000000000000e+00
7.917291420609442465e-01	9.236804578052800752e-01	0.000000000000000000e+00
8.336495804368231344e-01	9.149264000525405560e-01	0.000000000000000000e+00
1.075447595275578899e-01	2.060871318556870779e+00	0.000000000000000000e+00
1.808281289924797419e-01	1.008453302805859764e+00	0.000000000000000000e+00
1.515293797887810046e-01	1.856148206405321188e+00	0.000000000000000000e+00
1.027232366838373295e-01	3.861829600767221038e+00	0.000000000000000000e+00
4.070930502294148323e-01	8.219794098183916820e-01	0.000000000000000000e+00
1.845087076278094207e+00	8.014453401194090443e-01	0.000000000000000000e+00
1.849854880529376189e+00	6.089095626847075282e-01	0.000000000000000000e+00
3.841179304237471448e-01	9.450754551658568925e-01	0.000000000000000000e+00
4.998141550341342665e+00	5.166328790109939728e-01	0.000000000000000000e+00
1.619506720773862818e-01	1.508584521911296772e+00	0.000000000000000000e+00
3.510243376747012589e-01	9.740428898446547024e-01	0.000000000000000000e+00
2.654071395081524898e+00	5.764456514231287576e-01	0.000000000000000000e+00
4.369124290646623221e-01	8.118389333583374556e-01	0.000000000000000000e+00
2.035948836478417956e+00	5.775631714162711150e-01	0.000000000000000000e+00
3.711316769394131132e+00	5.639865042612923762e-01	0.000000000000000000e+00
1.084656811248226305e+01	7.897370289660277098e-01	0.000000000000000000e+00
7.300894988110349537e+00	8.075026744388311695e-01	0.000000000000000000e+00
9.529060957401271070e-02	5.341989480798959633e+00	0.000000000000000000e+00
4.652735714953106227e-01	1.324506591154060553e+00	0.000000000000000000e+00
1.812040003454400416e-01	1.810064544244687657e+00	0.000000000000000000e+00
1.006077466966875666e-01	2.509184094821040656e+00	0.000000000000000000e+00
1.611250204027706578e+00	8.430484213206740352e-01	0.000000000000000000e+00
7.588084657226630281e-01	9.896073152055536726e-01	0.000000000000000000e+00
2.055720014808940233e-01	1.747772682657988019e+00	0.000000000000000000e+00
1.552820192847934044e-01	1.844526148986143088e+00	0.000000000000000000e+00
5.002504744727190866e-01	1.128901543297857524e+00	0.000000000000000000e+00
2.111366226865707685e-01	1.672185022921647946e+00	0.000000000000000000e+00
7.355624733104491053e-01	1.109195514137958805e+00	0.000000000000000000e+00
9.736789560716354597e-01	9.202189325545717669e-01	0.000000000000000000e+00
1.175547882591943205e+00	8.854486617297057105e-01	0.000000000000000000e+00
2.143934160670332989e-01	1.554012045040709111e+00	0.000000000000000000e+00
8.800099961381978309e-02	9.716899022957360188e+00	0.000000000000000000e+00
2.389917629013166012e-01	1.501705040253728862e+00	0.000000000000000000e+00
1.783526690306929341e+00	6.978186409896971476e-01	0.000000000000000000e+00
6.060410725664536757e-01	7.901420460501047405e-01	0.000000000000000000e+00
3.326193897392764609e-01	9.629963808119169633e-01	0.000000000000000000e+00
1.085016961135720326e+00	7.461652785253108933e-01	0.000000000000000000e+00
2.214687998585761763e-01	1.834055070724025294e+00	0.000000000000000000e+00
1.783562341300736875e+00	6.489450820441667878e-01	0.000000000000000000e+00
1.904231696498172921e+00	6.364860277003832056e-01	0.000000000000000000e+00
2.086199991895512640e-01	2.758590790240882828e+00	0.000000000000000000e+00
2.678230281335407525e-01	1.331803441608940819e+00	0.000000000000000000e+00
3.751339109163148500e+00	4.945399444272749467e-01	0.000000000000000000e+00
7.248215286508441491e-01	7.562996289550535378e-01	0.000000000000000000e+00
4.706895120997930171e+00	4.692995457515828917e-01	0.000000000000000000e+00
5.736936801838096178e-01	8.799358574448044035e-01	0.000000000000000000e+00
3.033343930974077285e-01	1.176843641773504645e+00	0.000000000000000000e+00
4.012879135128657460e+00	4.816922247076609875e-01	0.000000000000000000e+00
1.852449848886826844e+00	6.463197947389528464e-01	0.000000000000000000e+00
2.018953453161933975e+00	6.030609678834509824e-01	0.000000000000000000e+00
1.474099946679672812e-01	2.798283565300731190e+00	0.000000000000000000e+00
1.390289716757989180e-01	5.808821509797947868e+00	0.000000000000000000e+00
2.959108950022855566e+00	5.089187698967843065e-01	0.000000000000000000e+00
8.272438704375526530e-01	7.559685050075639623e-01	0.000000000000000000e+00
1.029021366144749594e+00	5.813381885085062706e-01	0.000000000000000000e+00
9.200836657845197497e-02	3.126242914214460544e+00	0.000000000000000000e+00
3.072157697444736213e-01	1.495542626436927813e+00	0.000000000000000000e+00
9.129931713627164047e-01	6.517608953513365222e-01	0.000000000000000000e+00
1.498816058150584107e-01	1.585715387140889332e+00	0.000000000000000000e+00
1.097345184183087935e-01	2.145862845543806241e+00	0.000000000000000000e+00
3.119654109673152820e-01	1.454080726574444649e+00	0.000000000000000000e+00
1.635129422417269218e+00	4.925516276508541402e-01	0.000000000000000000e+00
1.026589147946217029e+00	6.214031569269716782e-01	0.000000000000000000e+00
1.281596015735103622e-01	1.663633855104726722e+00	0.000000000000000000e+00
2.873596998169134498e+00	4.389609353808750503e-01	0.000000000000000000e+00
1.189090876907261674e+00	5.095379050386960040e-01	0.000000000000000000e+00
1.123955240934835231e+01	4.337406610328610745e-01	0.000000000000000000e+00
4.907702679752560249e-01	7.915643344563380035e-01	0.000000000000000000e+00
5.213132843491304902e-01	6.632982951235180114e-01	0.000000000000000000e+00
2.598098647979534714e+00	5.596436008108767179e-01	0.000000000000000000e+00
2.215273764719962291e+00	5.681300682283230152e-01	0.000000000000000000e+00
1.273518831594944167e+00	5.806482341170057238e-01	0.000000000000000000e+00
7.396984269186391847e-01	8.716052083096270664e-01	0.000000000000000000e+00
1.856210790504449204e-01	3.110268182288780547e+00	0.000000000000000000e+00
4.101044436631265389e-01	1.233142633565473156e+00	0.000000000000000000e+00
5.052502563172397210e+00	5.032703299546575915e-01	0.000000000000000000e+00
8.871395545521126857e-01	8.436970966008842110e-01	0.000000000000000000e+00
4.305232979620807754e-01	9.167910908203886766e-01	0.000000000000000000e+00
1.068993326649167741e-01	3.122719628772059330e+00	0.000000000000000000e+00
3.345048870700545462e-01	1.358656979143665566e+00	0.000000000000000000e+00
2.042732487525796004e-01	1.571576390477938512e+00	0.000000000000000000e+00
1.649008669756277357e+00	7.400937166041974269e-01	0.000000000000000000e+00
3.039323648396449862e+00	6.705943479702213272e-01	0.000000000000000000e+00
3.591100607963958247e+00	6.066180835913083103e-01	0.000000000000000000e+00
1.088719995183693445e+00	7.857555779442582100e-01	0.000000000000000000e+00
4.060568954284397153e-02	1.967695989137448365e+00	0.000000000000000000e+00
7.113032924736981122e-02	1.672972167727567516e+00	0.000000000000000000e+00
1.707937356512660709e-01	1.231083707395827842e+00	0.000000000000000000e+00
2.804966876626515671e-01	1.039583001315603550e+00	0.000000000000000000e+00
1.117564941175896304e-01	1.471860460177965679e+00	0.000000000000000000e+00
5.706579893407478371e-02	1.800322133867550356e+00	0.000000000000000000e+00
1.651721358604984757e-01	1.383896782524675739e+00	0.000000000000000000e+00
6.494031366238242620e-02	2.784959641848830714e+00	0.000000000000000000e+00
1.413653490872024965e-01	1.424612879500130935e+00	0.000000000000000000e+00
4.813889409010103926e-02	5.694892769462912341e+00	0.000000000000000000e+00
7.652446750274516374e-01	7.544521885402855066e-01	0.000000000000000000e+00
1.372981262685278647e+00	6.376340321535145517e-01	0.000000000000000000e+00
3.480059853958141769e-01	1.106918474063560698e+00	0.000000000000000000e+00
2.234389224945212415e-01	1.114763901565972049e+00	0.000000000000000000e+00
3.625904695447005888e-01	1.047614762517857345e+00	0.000000000000000000e+00
6.975414247383908417e-02	2.017729297566307700e+00	0.000000000000000000e+00
1.516688184421114971e-01	1.148945417942331959e+00	0.000000000000000000e+00
8.160497847062607724e-01	7.269442753880777097e-01	0.000000000000000000e+00
3.304001798476384089e+00	5.766036999281817232e-01	0.000000000000000000e+00
6.442458927612233488e+00	5.600664997156303837e-01	0.000000000000000000e+00
1.831477282676943208e+00	6.497476562280152246e-01	0.000000000000000000e+00
1.022795411015829359e+01	4.864283375608888238e-01	0.000000000000000000e+00
6.654938775466867629e-01	1.181468663017310794e+00	0.000000000000000000e+00
6.249340195924000252e-01	1.433355121459998216e+00	0.000000000000000000e+00
3.192414410073697528e+00	5.944480812739860731e-01	0.000000000000000000e+00
2.240350926108916063e-01	1.818876961988261654e+00	0.000000000000000000e+00
1.205689617646463319e+00	1.092596578557329945e+00	0.000000000000000000e+00
6.188551493101008827e-01	1.465606641176846914e+00	0.000000000000000000e+00
1.489231154687618019e+00	9.614934298630218867e-01	0.000000000000000000e+00
7.926184705656194041e+00	4.925970927740030980e-01	0.000000000000000000e+00
1.025985948832709660e+00	9.872027316785189077e-01	0.000000000000000000e+00
2.566975727094300552e-01	1.298964312765945817e+00	0.000000000000000000e+00
9.673688865436869122e-01	1.058258565431422937e+00	0.000000000000000000e+00
3.906229575729955883e-01	1.076570447977878375e+00	0.000000000000000000e+00
1.316453314572973765e+00	7.029900788526328714e-01	0.000000000000000000e+00
1.970533739878799206e-01	1.489339246395358751e+00	0.000000000000000000e+00
6.947537223218856750e-02	4.211273726902291514e+00	0.000000000000000000e+00
7.420714208700202041e-02	1.614402962653976425e+00	0.000000000000000000e+00
3.638429815753072560e+00	6.566772415909598593e-01	0.000000000000000000e+00
2.959694694357019040e-01	1.133377675812216934e+00	0.000000000000000000e+00
1.119564232473327703e+00	8.727702967079146168e-01	0.000000000000000000e+00
5.411920296524924900e+00	5.163847751214554194e-01	0.000000000000000000e+00
4.106416030770904668e-01	5.845900496468313667e-01	0.000000000000000000e+00
1.744188042110068546e-02	1.209430369276697226e+00	0.000000000000000000e+00
3.441604433735883095e-01	6.365413037473184321e-01	0.000000000000000000e+00
2.844024117165331322e-01	6.505910745475811385e-01	0.000000000000000000e+00
1.884666850060533888e-02	1.120208620147058465e+00	0.000000000000000000e+00
2.235114048069659076e-01	6.809653152576335966e-01	0.000000000000000000e+00
3.038601995447062776e-01	6.476620864448698889e-01	0.000000000000000000e+00
5.782568801003300230e-02	9.802273657119431327e-01	0.000000000000000000e+00
3.547437232170617960e-02	1.102446425073771108e+00	0.000000000000000000e+00
9.001289739595234873e-03	1.325169812930109492e+00	0.000000000000000000e+00
3.949331123199892324e-01	6.225377501020263882e-01	0.000000000000000000e+00
1.102445590461738692e-02	1.264072337555169456e+00	0.000000000000000000e+00
2.185230597471550518e-01	8.372478572224903992e-01	0.000000000000000000e+00
3.343184967589543088e-01	6.457754960217578777e-01	0.000000000000000000e+00
3.045594947629505778e-01	7.813120848791688111e-01	0.000000000000000000e+00
4.593510113358079128e-01	5.173342920211502216e-01	0.000000000000000000e+00
6.569777973870359611e-02	1.113779485410113290e+00	0.000000000000000000e+00
1.931846819415362071e-01	9.223294496071713366e-01	0.000000000000000000e+00
3.235956186467057183e-01	6.008410880107567520e-01	0.000000000000000000e+00
7.998231053514044397e-01	3.417225009818321002e-01	0.000000000000000000e+00
3.410705205285866626e-01	5.487258378105788204e-01	0.000000000000000000e+00
1.290185718569258233e+00	1.790331688596670245e-01	0.000000000000000000e+00
1.179358832076360608e+00	2.692939745509603244e-01	0.000000000000000000e+00
3.240255545048661978e-01	5.670811599521745627e-01	0.000000000000000000e+00
6.674063988909352263e-01	4.992854389087423850e-01	0.000000000000000000e+00
1.052750118252131495e-01	1.026508133208106299e+00	0.000000000000000000e+00
1.205077182545636560e+00	1.958639136179578799e-01	0.000000000000000000e+00
3.635261693795737159e-01	5.306209755403831219e-01	0.000000000000000000e+00
1.336066156806242078e-01	9.346263916769950164e-01	0.000000000000000000e+00
8.411319403018303609e-01	2.804170144654706820e-01	0.000000000000000000e+00
2.916942528831896198e-01	7.831415944751749514e-01	0.000000000000000000e+00
1.641994018352386786e-01	9.235854851195409720e-01	0.000000000000000000e+00
1.306310729479862043e-01	9.574540867062499849e-01	0.000000000000000000e+00
1.069575080436888925e-01	9.722137629391917057e-01	0.000000000000000000e+00
8.855962909652355386e-02	1.072798469506612395e+00	0.000000000000000000e+00
1.596303346079556429e-01	9.578876276355947628e-01	0.000000000000000000e+00
1.558247577122509331e-01	1.011723559995826305e+00	0.000000000000000000e+00
4.729617243057779863e-01	5.721856338921269547e-01	0.000000000000000000e+00
4.130184879415960131e-01	6.203384124110964404e-01	0.000000000000000000e+00
2.381515471398575057e-02	1.299216355280612190e+00	0.000000000000000000e+00
1.569929257309651549e-01	9.905558747450622370e-01	0.000000000000000000e+00
4.141663385862595081e-01	5.934113906040764386e-01	0.000000000000000000e+00
5.083255913408594173e-01	5.638653477706349060e-01	0.000000000000000000e+00
9.838194568684990871e-02	1.036861191270671112e+00	0.000000000000000000e+00
1.515834915384848269e-01	1.011749126426113143e+00	0.000000000000000000e+00
2.104506271014681684e-01	7.530236056985328830e-01	0.000000000000000000e+00
3.336409039795824039e-01	6.227791478280184645e-01	0.000000000000000000e+00
1.615623554028125519e-01	8.451063077017777481e-01	0.000000000000000000e+00
1.790426630379299000e-01	8.232824284047995933e-01	0.000000000000000000e+00
3.711109521699095248e-01	6.217178240840585124e-01	0.000000000000000000e+00
7.651106292066044146e-02	1.045413922019864605e+00	0.000000000000000000e+00
2.906225002930294399e-01	6.462081937690922206e-01	0.000000000000000000e+00
6.867907799714194628e-01	5.422069388657765332e-01	0.000000000000000000e+00
2.284744711989998220e-02	1.875096313962830719e+00	0.000000000000000000e+00
2.645273449553623979e-01	6.575567615124374710e-01	0.000000000000000000e+00
5.367881498315998229e-02	1.271991463832498281e+00	0.000000000000000000e+00
6.176518745291174062e-01	5.450504772647298823e-01	0.000000000000000000e+00
1.833721045542232586e-01	7.588256009647025291e-01	0.000000000000000000e+00
1.203362857377588413e-01	1.021191382991275098e+00	0.000000000000000000e+00
1.911468320871176074e-01	8.250373924640012069e-01	0.000000000000000000e+00
1.096950247739021167e+00	5.319929868873097822e-01	0.000000000000000000e+00
2.918856595181563707e-01	7.081050215418404070e-01	0.000000000000000000e+00
2.351340399522268421e-01	7.693453990221738037e-01	0.000000000000000000e+00
8.435422902370302844e-02	9.976888965881611782e-01	0.000000000000000000e+00
3.794786005454183625e-02	1.165806910775652128e+00	0.000000000000000000e+00
4.065677173354360907e-02	1.072149990060867975e+00	0.000000000000000000e+00
3.092511945242488736e-01	6.157167291753774530e-01	0.000000000000000000e+00
1.643048925176824812e-02	1.988669129930544788e+00	0.000000000000000000e+00
7.295482425933454140e-02	1.048329739339821209e+00	0.000000000000000000e+00
2.681842848034977078e-01	7.216879769993568283e-01	0.000000000000000000e+00
2.789174712267508127e-01	7.143816740687175537e-01	0.000000000000000000e+00
2.595284702925922116e-02	1.167236460318208158e+00	0.000000000000000000e+00
4.107470960116064163e-01	5.354610221553371963e-01	0.000000000000000000e+00
3.681435283568624400e-02	1.166725584030586127e+00	0.000000000000000000e+00
2.254902783822834017e-02	1.529585281595234436e+00	0.000000000000000000e+00
2.390798042439387927e-01	7.402844547299163303e-01	0.000000000000000000e+00
2.173090484743258888e-01	7.701454402284151346e-01	0.000000000000000000e+00
7.757928397111225893e-02	1.033572462903413980e+00	0.000000000000000000e+00
2.704169063653785177e-01	7.186491905512953915e-01	0.000000000000000000e+00
1.977233053291281850e-01	7.952501237486636620e-01	0.000000000000000000e+00
3.922376752927372312e-01	5.858167202226280956e-01	0.000000000000000000e+00
1.527537346524666106e-01	8.324800894481577673e-01	0.000000000000000000e+00
3.298520495712486955e-01	7.152768243209794985e-01	0.000000000000000000e+00
8.574774045205136794e-03	1.104936357060752439e+00	0.000000000000000000e+00
4.951464237644001565e-02	1.033267133185203912e+00	0.000000000000000000e+00
4.002962893482059359e-01	5.258982977285941995e-01	0.000000000000000000e+00
4.767249571988563944e-02	1.060480103775941485e+00	0.000000000000000000e+00
1.801135509471218921e-02	1.084614082109881972e+00	0.000000000000000000e+00
9.965683657055380840e-01	4.114087843393017807e-01	0.000000000000000000e+00
4.599604259893088076e-01	4.403289337142507476e-01	0.000000000000000000e+00
9.598206091851159139e-01	4.179569171601767996e-01	0.000000000000000000e+00
3.940486654407720363e-02	1.068877811466448779e+00	0.000000000000000000e+00
5.951843358043559795e-02	9.540797836135173071e-01	0.000000000000000000e+00
4.836564171800231127e-02	1.047091682823205749e+00	0.000000000000000000e+00
3.511620031201533737e-02	1.078652578177032861e+00	0.000000000000000000e+00
5.485770810521561902e-01	4.231999342392084862e-01	0.000000000000000000e+00
1.604509755900762891e-01	9.317748757698605111e-01	0.000000000000000000e+00
1.864787044222252221e-01	8.090980242007115297e-01	0.000000000000000000e+00
3.366204080435245549e-01	5.297828238423499814e-01	0.000000000000000000e+00
1.080218329158428719e-01	9.318161779773052045e-01	0.000000000000000000e+00
9.737874036361253427e-02	9.452999388312146589e-01	0.000000000000000000e+00
4.935238953216745661e-01	4.270427187070606756e-01	0.000000000000000000e+00
1.755117118700925405e-01	8.342962811409343482e-01	0.000000000000000000e+00
1.684524848094002547e-01	9.255120128589914286e-01	0.000000000000000000e+00
4.168448904883003681e-01	4.661654510826563902e-01	0.000000000000000000e+00
8.922451346832634134e-02	9.457784733882160788e-01	0.000000000000000000e+00
1.643888137803482113e-02	2.812074652286617571e+00	0.000000000000000000e+00
8.103423055938120401e-01	3.816858636472794664e-01	0.000000000000000000e+00
2.623434481626513506e-02	1.039891443732603227e+00	0.000000000000000000e+00
5.040725196281263809e-01	5.379098080673806459e-01	0.000000000000000000e+00
2.253764659185042082e-02	1.048320551081346697e+00	0.000000000000000000e+00
2.070127102563530941e-01	8.241371324397317455e-01	0.000000000000000000e+00
3.209490223587937452e-01	6.759362762129392799e-01	0.000000000000000000e+00
5.492477569673368532e-01	3.848618066868656484e-01	0.000000000000000000e+00
2.205343457392153483e-01	7.655515418545730810e-01	0.000000000000000000e+00
5.742818054297264135e-02	1.018588472537286238e+00	0.000000000000000000e+00
1.902094666099507156e-02	1.073809681620715661e+00	0.000000000000000000e+00
3.095952355141911583e-01	6.946036276148608302e-01	0.000000000000000000e+00
1.779195147663170939e-01	9.391380034729328585e-01	0.000000000000000000e+00
2.447943378718646368e-01	7.072498746883593146e-01	0.000000000000000000e+00
2.029376496174711830e-01	8.462392748538722920e-01	0.000000000000000000e+00
5.267954714103113556e-01	3.959382928360749010e-01	0.000000000000000000e+00
3.579413557778579058e-01	6.734540797333617990e-01	0.000000000000000000e+00
1.885108178207633295e-02	1.151267015005943639e+00	0.000000000000000000e+00
1.971829072703248920e-01	8.701034441157244892e-01	0.000000000000000000e+00
3.805486698422171354e-01	6.671522615783930243e-01	0.000000000000000000e+00
5.138572248961665867e-01	4.349409475224577104e-01	0.000000000000000000e+00
6.038272343266468806e-02	9.985472952329795815e-01	0.000000000000000000e+00
2.422581431653727524e-01	9.077302835690701510e-01	0.000000000000000000e+00
2.558743009311071903e-01	6.702593947130534024e-01	0.000000000000000000e+00
5.886153767063253411e-02	1.009220406418790184e+00	0.000000000000000000e+00
3.732286272126956322e-02	1.026042805724272533e+00	0.000000000000000000e+00
2.142220572236685217e-01	9.304788987447071280e-01	0.000000000000000000e+00
1.005074956045374779e-01	9.515645625721124157e-01	0.000000000000000000e+00
1.690219004507580725e-01	9.332375443634342016e-01	0.000000000000000000e+00
7.204241475715156273e-02	9.579233846327330770e-01	0.000000000000000000e+00
4.455345030511716486e-01	4.568025379918516649e-01	0.000000000000000000e+00
1.364149179981028609e-02	1.078180713616274655e+00	0.000000000000000000e+00
5.158218316800050607e-01	4.519581465718666702e-01	0.000000000000000000e+00
2.492472994846075818e-01	8.399116913535720208e-01	0.000000000000000000e+00
1.098918248237594486e-02	1.464237030677168150e+00	0.000000000000000000e+00
2.689787527063070560e-01	6.603679644748616795e-01	0.000000000000000000e+00
3.911508063128951718e-01	5.181120672739165656e-01	0.000000000000000000e+00
3.797784312219126129e-02	1.017770298715755084e+00	0.000000000000000000e+00
7.043288847060746871e-02	9.948829393988698477e-01	0.000000000000000000e+00
3.411445559910178393e-02	1.043670465074396869e+00	0.000000000000000000e+00
2.153266677605391796e-02	1.048639459852252376e+00	0.000000000000000000e+00
2.542225202276385820e-01	6.965897449433586797e-01	0.000000000000000000e+00
2.695574796364063608e-01	5.666429318414474281e-01	0.000000000000000000e+00
4.078631785785564179e-01	5.086813128654918970e-01	0.000000000000000000e+00
2.564929221560651729e-01	6.139939004619863194e-01	0.000000000000000000e+00
3.473857994176947628e-01	6.017234518000980081e-01	0.000000000000000000e+00
1.674495803240078073e-01	8.510164933545807386e-01	0.000000000000000000e+00
3.337951370810851581e-01	6.078438919604403079e-01	0.000000000000000000e+00
1.662649251248440041e-01	8.934831647865048021e-01	0.000000000000000000e+00
1.824579928230795345e-01	8.239294990825792864e-01	0.000000000000000000e+00
1.882008329588527595e-01	8.021522848173950893e-01	0.000000000000000000e+00
1.614245565613504213e-02	1.178123127219151689e+00	0.000000000000000000e+00
2.523350191443148871e-01	6.261038603715731732e-01	0.000000000000000000e+00
4.899259014060412115e-02	1.032844268023098033e+00	0.000000000000000000e+00
1.704869247792215048e-01	8.312813036045930692e-01	0.000000000000000000e+00
3.243354823980176826e-02	1.059156805631408460e+00	0.000000000000000000e+00
2.291952137669134859e-01	7.743909994989511825e-01	0.000000000000000000e+00
2.194666250714943645e-01	7.863305982255304194e-01	0.000000000000000000e+00
1.048767086379032432e-01	9.096948049332681530e-01	0.000000000000000000e+00
2.072175618101675804e-02	1.139546823368012607e+00	0.000000000000000000e+00
5.922483539248894063e-02	9.879828682507235671e-01	0.000000000000000000e+00
7.608906705834510287e-02	9.776095725454748697e-01	0.000000000000000000e+00
1.333357206058348732e-01	8.990171708815948293e-01	0.000000000000000000e+00
3.385352806510821128e-02	1.050754389512486453e+00	0.000000000000000000e+00
2.563798112471888380e-01	6.215169688873969367e-01	0.000000000000000000e+00
3.023304717717113510e-01	6.116792051373449723e-01	0.000000000000000000e+00
2.406533400647073995e-01	6.422997711054911907e-01	0.000000000000000000e+00
1.021766484037681222e+00	1.802973627601721085e-01	0.000000000000000000e+00
1.084992936850307288e+00	7.686948455748567055e-02	0.000000000000000000e+00
1.372592472477652370e+00	4.102547710704064488e-02	0.000000000000000000e+00
1.594122695163905923e-01	1.060307442321260396e+00	0.000000000000000000e+00
2.640501363613145247e-01	6.888032948262450272e-01	0.000000000000000000e+00
6.276384988955741040e-02	1.159137950486959889e+00	0.000000000000000000e+00
1.025471765031109372e+00	8.610607869607210529e-02	0.000000000000000000e+00
1.154027781433003108e+00	5.016452794318377456e-02	0.000000000000000000e+00
1.662503009521174857e-01	9.874613626495082341e-01	0.000000000000000000e+00
1.678705534417061079e-02	1.684908573550382815e+00	0.000000000000000000e+00
6.772527943896775038e-02	1.138783608521327873e+00	0.000000000000000000e+00
1.019112771581561327e+00	4.953220071247961820e-01	0.000000000000000000e+00
4.758343811996347816e-01	6.286281439617944500e-01	0.000000000000000000e+00
5.422141055103021912e-02	1.224068889484288158e+00	0.000000000000000000e+00
8.367699878882224607e-02	1.106368274629572879e+00	0.000000000000000000e+00
4.160769128703150493e-02	1.664499680155837602e+00	0.000000000000000000e+00
1.305002170393288752e-01	1.102741245758299238e+00	0.000000000000000000e+00
2.578934154076461538e-01	7.382228155415742066e-01	0.000000000000000000e+00
3.471809871364981426e-01	6.804137960985742195e-01	0.000000000000000000e+00
3.805608253872891922e-01	6.383250162703371089e-01	0.000000000000000000e+00
2.113177193103174256e-01	8.924999182166231115e-01	0.000000000000000000e+00
3.486708813830907139e-01	6.459000949199636965e-01	0.000000000000000000e+00
3.978283189308762235e-01	6.083296381335178138e-01	0.000000000000000000e+00
6.219412732013900325e-01	5.765434575556913632e-01	0.000000000000000000e+00
2.480646151391512066e-02	1.583221611327441991e+00	0.000000000000000000e+00
3.210304619633062018e-01	6.419433324571154342e-01	0.000000000000000000e+00
3.029937217662769799e-01	6.614842253192062538e-01	0.000000000000000000e+00
2.004744795829665194e-01	7.289284151776560527e-01	0.000000000000000000e+00
4.309685469639416150e-02	1.560325927293823245e+00	0.000000000000000000e+00
3.708169050598618122e-01	6.367317533049035028e-01	0.000000000000000000e+00
1.281950217579874429e-01	9.128724997873760572e-01	0.000000000000000000e+00
1.628847110007198423e-02	1.587831727580053975e+00	0.000000000000000000e+00
2.277204218150999659e-01	6.722049936704505013e-01	0.000000000000000000e+00
1.939379119173317012e-01	8.090444035476381801e-01	0.000000000000000000e+00
8.796515881008544480e-02	1.014922131101494651e+00	0.000000000000000000e+00
2.332078338647501359e-01	6.653514902908566064e-01	0.000000000000000000e+00
1.270901191856888268e-01	9.343835016530490645e-01	0.000000000000000000e+00
1.819130077013827729e-01	8.408891390251443942e-01	0.000000000000000000e+00
1.526083883626117854e-01	8.486509365413285044e-01	0.000000000000000000e+00
3.187189129244583086e-01	6.509146534655160243e-01	0.000000000000000000e+00
8.611921757590239312e-02	1.081237016739105661e+00	0.000000000000000000e+00
1.375283711209045745e-01	8.704847292391363345e-01	0.000000000000000000e+00
8.626007894059806169e-02	1.072391387070350532e+00	0.000000000000000000e+00
9.321784633600779801e-02	9.604295471313392119e-01	0.000000000000000000e+00
8.384903978256734447e-02	1.109946499582765922e+00	0.000000000000000000e+00
4.408335715023221218e-02	1.120525817225588749e+00	0.000000000000000000e+00
